Iteration #: 0
	139403.00000	   0.49986	[mu,kappa]: [(103.21533,316.93098),3.48540]
	139481.00000	   0.50014	[mu,kappa]: [(103.02736,317.02235),3.48233]
			msglen: 0.00000 bits.
Iteration #: 1
	139403.00199	   0.49986	[mu,kappa]: [(103.21975,316.91952),3.49266]
	139480.99801	   0.50014	[mu,kappa]: [(103.02278,317.03388),3.47512]
			msglen: 6195258.03147 bits.
Iteration #: 2
	139403.01636	   0.49986	[mu,kappa]: [(103.24356,316.84797),3.50717]
	139480.98364	   0.50014	[mu,kappa]: [(102.99850,317.10585),3.46090]
			msglen: 6195244.38354 bits.
Iteration #: 3
	139403.13677	   0.49986	[mu,kappa]: [(103.30999,316.66984),3.54073]
	139480.86323	   0.50014	[mu,kappa]: [(102.93009,317.28667),3.42893]
			msglen: 6195169.91366 bits.
Iteration #: 4
	139404.49915	   0.49987	[mu,kappa]: [(103.47244,316.25589),3.62140]
	139479.50085	   0.50013	[mu,kappa]: [(102.75800,317.71616),3.35695]
			msglen: 6194764.50954 bits.
Iteration #: 5
	139421.26151	   0.49993	[mu,kappa]: [(103.84505,315.31914),3.82382]
	139462.73849	   0.50007	[mu,kappa]: [(102.33545,318.73910),3.20179]
			msglen: 6192602.39485 bits.
Iteration #: 6
	139621.61474	   0.50064	[mu,kappa]: [(104.62613,313.33424),4.37270]
	139262.38526	   0.49936	[mu,kappa]: [(101.29789,321.17959),2.90420]
			msglen: 6182146.10863 bits.
Iteration #: 7
	141539.49440	   0.50752	[mu,kappa]: [(105.91801,309.95443),5.98994]
	137344.50560	   0.49248	[mu,kappa]: [(98.86975,326.61652),2.47359]
			msglen: 6146079.91099 bits.
Iteration #: 8
	150826.99036	   0.54082	[mu,kappa]: [(107.14485,306.74998),9.79069]
	128057.00964	   0.45918	[mu,kappa]: [(94.31999,335.95469),2.09390]
			msglen: 6089980.99172 bits.
Iteration #: 9
	164868.68725	   0.59117	[mu,kappa]: [(107.58755,305.51527),13.52542]
	114015.31275	   0.40883	[mu,kappa]: [(89.15015,346.28631),1.89323]
			msglen: 6064183.61963 bits.
Iteration #: 10
	172799.81454	   0.61961	[mu,kappa]: [(107.58462,305.24290),15.04976]
	106084.18546	   0.38039	[mu,kappa]: [(86.28981,352.63456),1.83200]
			msglen: 6059913.49697 bits.
Iteration #: 11
	176346.91186	   0.63233	[mu,kappa]: [(107.52701,305.20437),15.32107]
	102537.08814	   0.36767	[mu,kappa]: [(85.13307,355.50385),1.81710]
			msglen: 6059363.13419 bits.
Iteration #: 12
	178347.18076	   0.63950	[mu,kappa]: [(107.50381,305.21457),15.22236]
	100536.81924	   0.36050	[mu,kappa]: [(84.48942,356.99848),1.81425]
			msglen: 6059180.30658 bits.
Iteration #: 13
	179809.30413	   0.64475	[mu,kappa]: [(107.51223,305.23378),15.04942]
	99074.69587	   0.35525	[mu,kappa]: [(83.95624,358.01799),1.81550]
			msglen: 6059053.52648 bits.
Iteration #: 14
	181024.15129	   0.64910	[mu,kappa]: [(107.53792,305.25370),14.87607]
	97859.84871	   0.35090	[mu,kappa]: [(83.45426,358.83953),1.81855]
			msglen: 6058952.77237 bits.
Iteration #: 15
	182082.02200	   0.65289	[mu,kappa]: [(107.57065,305.27265),14.71784]
	96801.97800	   0.34711	[mu,kappa]: [(82.97891,359.54922),1.82246]
			msglen: 6058871.24208 bits.
Iteration #: 16
	183018.25057	   0.65625	[mu,kappa]: [(107.60477,305.29034),14.57654]
	95865.74943	   0.34375	[mu,kappa]: [(82.53577,0.17835),1.82675]
			msglen: 6058805.19295 bits.
Iteration #: 17
	183851.54958	   0.65924	[mu,kappa]: [(107.63754,305.30676),14.45104]
	95032.45042	   0.34076	[mu,kappa]: [(82.12839,0.74138),1.83117]
			msglen: 6058751.80271 bits.
Iteration #: 18
	184594.63431	   0.66190	[mu,kappa]: [(107.66776,305.32193),14.33973]
	94289.36569	   0.33810	[mu,kappa]: [(81.75751,1.24690),1.83555]
			msglen: 6058708.76905 bits.
Iteration #: 19
	185257.51912	   0.66428	[mu,kappa]: [(107.69507,305.33588),14.24103]
	93626.48088	   0.33572	[mu,kappa]: [(81.42206,1.70106),1.83980]
			msglen: 6058674.18236 bits.
Iteration #: 20
	185848.70110	   0.66640	[mu,kappa]: [(107.71946,305.34867),14.15352]
	93035.29890	   0.33360	[mu,kappa]: [(81.12000,2.10889),1.84386]
			msglen: 6058646.45892 bits.
Iteration #: 21
	186375.65200	   0.66829	[mu,kappa]: [(107.74111,305.36034),14.07595]
	92508.34800	   0.33171	[mu,kappa]: [(80.84887,2.47474),1.84768]
			msglen: 6058624.29107 bits.
			N: 278884
		21.72453 bpr
Null model msglen: 6576939.41546 bits.	(23.58306 bpr)
