Iteration #: 0
	13916.00000	   0.04990	[mu,kappa]: [(102.67243,317.51743),3.43832]
	13937.00000	   0.04997	[mu,kappa]: [(102.80297,317.30555),3.42249]
	13953.00000	   0.05003	[mu,kappa]: [(103.27763,317.17420),3.41732]
	14140.00000	   0.05070	[mu,kappa]: [(102.96342,316.73727),3.49540]
	13874.00000	   0.04975	[mu,kappa]: [(103.53429,316.47551),3.53617]
	13852.00000	   0.04967	[mu,kappa]: [(102.87556,316.56391),3.52824]
	14097.00000	   0.05055	[mu,kappa]: [(103.19257,317.38048),3.46463]
	13915.00000	   0.04990	[mu,kappa]: [(103.41741,316.75237),3.52951]
	13903.00000	   0.04985	[mu,kappa]: [(103.17411,316.97500),3.47440]
	14060.00000	   0.05042	[mu,kappa]: [(102.83918,316.89029),3.48990]
	14288.00000	   0.05123	[mu,kappa]: [(103.14911,317.14957),3.49942]
	13919.00000	   0.04991	[mu,kappa]: [(103.00304,316.79144),3.47330]
	13825.00000	   0.04957	[mu,kappa]: [(102.89447,317.28031),3.45812]
	13908.00000	   0.04987	[mu,kappa]: [(103.10602,316.89899),3.48945]
	13949.00000	   0.05002	[mu,kappa]: [(102.61407,316.81014),3.52464]
	14029.00000	   0.05030	[mu,kappa]: [(103.43454,317.12622),3.46564]
	13753.00000	   0.04931	[mu,kappa]: [(103.25848,317.36906),3.45605]
	14093.00000	   0.05053	[mu,kappa]: [(103.81741,316.70852),3.49156]
	13887.00000	   0.04979	[mu,kappa]: [(103.15136,316.60759),3.50578]
	13586.00000	   0.04872	[mu,kappa]: [(103.23829,317.03537),3.51728]
			msglen: 16.00000 bits.
Iteration #: 1
	13918.28875	   0.04991	[mu,kappa]: [(102.50539,317.83481),3.34947]
	13939.75787	   0.04998	[mu,kappa]: [(102.61356,317.80526),3.34061]
	13954.59581	   0.05004	[mu,kappa]: [(103.07422,317.69768),3.35237]
	14138.98657	   0.05070	[mu,kappa]: [(103.02865,316.71719),3.52134]
	13876.86589	   0.04976	[mu,kappa]: [(103.69005,316.13366),3.63418]
	13852.75528	   0.04967	[mu,kappa]: [(103.04508,316.33097),3.59478]
	14096.34749	   0.05055	[mu,kappa]: [(103.09730,317.42793),3.41958]
	13916.12504	   0.04990	[mu,kappa]: [(103.53853,316.39233),3.59560]
	13901.87206	   0.04985	[mu,kappa]: [(103.14981,317.04533),3.46882]
	14058.80818	   0.05041	[mu,kappa]: [(102.87953,316.88840),3.49578]
	14286.66716	   0.05123	[mu,kappa]: [(103.17072,316.95774),3.50032]
	13917.68964	   0.04990	[mu,kappa]: [(103.00398,316.94192),3.47706]
	13824.88938	   0.04957	[mu,kappa]: [(102.80412,317.44747),3.40845]
	13906.91370	   0.04987	[mu,kappa]: [(103.13158,316.86749),3.50092]
	13948.50174	   0.05002	[mu,kappa]: [(102.76195,316.56442),3.56098]
	14027.94431	   0.05030	[mu,kappa]: [(103.35953,317.20366),3.44713]
	13752.73797	   0.04931	[mu,kappa]: [(103.13921,317.48915),3.40654]
	14092.20990	   0.05053	[mu,kappa]: [(103.82873,316.63686),3.53752]
	13886.67661	   0.04979	[mu,kappa]: [(103.24603,316.51641),3.55595]
	13585.36665	   0.04871	[mu,kappa]: [(103.31170,316.71376),3.54485]
			msglen: 6195594.40500 bits.
Iteration #: 2
	13931.30282	   0.04995	[mu,kappa]: [(102.03526,318.96149),3.17108]
	13953.93472	   0.05003	[mu,kappa]: [(102.11844,319.01463),3.16057]
	13963.10221	   0.05007	[mu,kappa]: [(102.62706,318.74807),3.19822]
	14133.37918	   0.05068	[mu,kappa]: [(103.16079,316.46819),3.57566]
	13892.92223	   0.04982	[mu,kappa]: [(104.07461,315.13524),3.86236]
	13857.03347	   0.04969	[mu,kappa]: [(103.38295,315.62094),3.74938]
	14093.23050	   0.05053	[mu,kappa]: [(102.88175,317.87775),3.33559]
	13921.82383	   0.04992	[mu,kappa]: [(103.83537,315.60447),3.75901]
	13895.00837	   0.04982	[mu,kappa]: [(103.10911,317.13795),3.45495]
	14051.84077	   0.05039	[mu,kappa]: [(102.93768,316.82173),3.51031]
	14279.75654	   0.05120	[mu,kappa]: [(103.21849,316.79920),3.52047]
	13910.69961	   0.04988	[mu,kappa]: [(103.00254,317.00733),3.47464]
	13823.79646	   0.04957	[mu,kappa]: [(102.56201,318.03412),3.30769]
	13900.32587	   0.04984	[mu,kappa]: [(103.19239,316.73399),3.52786]
	13946.10527	   0.05001	[mu,kappa]: [(103.01959,316.07205),3.65644]
	14021.71193	   0.05028	[mu,kappa]: [(103.23572,317.42443),3.40817]
	13751.25763	   0.04931	[mu,kappa]: [(102.87819,318.04310),3.30891]
	14089.36007	   0.05052	[mu,kappa]: [(103.95670,316.19519),3.63325]
	13885.28410	   0.04979	[mu,kappa]: [(103.46603,316.02515),3.66372]
	13582.12442	   0.04870	[mu,kappa]: [(103.48284,316.24278),3.62767]
			msglen: 6194693.80881 bits.
Iteration #: 3
	13997.55806	   0.05019	[mu,kappa]: [(100.74902,321.95800),2.81664]
	14026.25219	   0.05029	[mu,kappa]: [(100.78246,322.12805),2.79920]
	14005.04993	   0.05022	[mu,kappa]: [(101.51644,321.33583),2.88185]
	14104.53824	   0.05057	[mu,kappa]: [(103.45538,315.80186),3.71657]
	13982.64433	   0.05014	[mu,kappa]: [(104.87067,313.03817),4.46445]
	13883.38673	   0.04978	[mu,kappa]: [(104.06155,314.03708),4.15034]
	14073.84651	   0.05046	[mu,kappa]: [(102.39182,319.01698),3.16622]
	13955.70159	   0.05004	[mu,kappa]: [(104.48098,313.92720),4.18587]
	13857.29752	   0.04969	[mu,kappa]: [(103.04878,317.27665),3.43475]
	14014.61377	   0.05025	[mu,kappa]: [(103.05948,316.59257),3.55733]
	14243.00148	   0.05107	[mu,kappa]: [(103.35171,316.46139),3.58530]
	13872.70643	   0.04974	[mu,kappa]: [(103.01209,317.02080),3.47824]
	13814.83935	   0.04954	[mu,kappa]: [(101.95905,319.47969),3.10200]
	13865.30583	   0.04972	[mu,kappa]: [(103.35104,316.35825),3.60388]
	13936.06910	   0.04997	[mu,kappa]: [(103.52844,314.96544),3.90650]
	13986.89861	   0.05015	[mu,kappa]: [(103.01209,317.90383),3.33217]
	13740.37077	   0.04927	[mu,kappa]: [(102.27942,319.43156),3.11003]
	14077.10959	   0.05048	[mu,kappa]: [(104.32872,315.11714),3.87502]
	13880.24055	   0.04977	[mu,kappa]: [(103.95342,314.84041),3.93820]
	13566.56939	   0.04865	[mu,kappa]: [(103.88117,315.23280),3.84680]
			msglen: 6190010.35268 bits.
Iteration #: 4
	14282.99915	   0.05121	[mu,kappa]: [(96.99140,330.16428),2.24968]
	14341.75800	   0.05143	[mu,kappa]: [(96.86187,330.68749),2.22396]
	14169.65295	   0.05081	[mu,kappa]: [(98.47965,328.12452),2.35984]
	13976.10188	   0.05011	[mu,kappa]: [(104.12960,314.18779),4.12668]
	14472.20640	   0.05189	[mu,kappa]: [(106.13533,309.58380),6.24574]
	14053.67090	   0.05039	[mu,kappa]: [(105.25732,311.07580),5.30398]
	13947.27463	   0.05001	[mu,kappa]: [(101.31229,321.53202),2.87797]
	14164.71136	   0.05079	[mu,kappa]: [(105.63549,310.86648),5.41811]
	13661.64542	   0.04899	[mu,kappa]: [(103.04750,317.28351),3.45091]
	13831.49519	   0.04960	[mu,kappa]: [(103.40729,315.81574),3.73123]
	14064.84532	   0.05043	[mu,kappa]: [(103.74809,315.49320),3.80353]
	13679.19315	   0.04905	[mu,kappa]: [(103.14491,316.73656),3.54820]
	13736.15031	   0.04925	[mu,kappa]: [(100.51110,322.82777),2.74915]
	13697.09639	   0.04911	[mu,kappa]: [(103.79236,315.29295),3.84836]
	13914.03986	   0.04989	[mu,kappa]: [(104.51597,312.64607),4.61741]
	13797.28848	   0.04947	[mu,kappa]: [(102.66159,318.70899),3.22678]
	13652.99501	   0.04896	[mu,kappa]: [(100.89645,322.62841),2.76877]
	14043.49397	   0.05036	[mu,kappa]: [(105.16371,312.82776),4.55746]
	13884.72724	   0.04979	[mu,kappa]: [(104.92686,312.39166),4.71539]
	13512.65437	   0.04845	[mu,kappa]: [(104.73285,313.07272),4.47008]
			msglen: 6169848.55032 bits.
Iteration #: 5
	15024.36573	   0.05387	[mu,kappa]: [(87.07184,350.13191),1.77518]
	15192.29769	   0.05448	[mu,kappa]: [(86.48251,351.59469),1.75906]
	14472.40717	   0.05189	[mu,kappa]: [(90.70772,344.10655),1.86079]
	13599.99651	   0.04877	[mu,kappa]: [(105.39378,311.10448),5.32738]
	16604.99460	   0.05954	[mu,kappa]: [(107.22327,306.29751),11.03016]
	14964.20831	   0.05366	[mu,kappa]: [(106.64307,307.46408),8.57311]
	13274.19844	   0.04760	[mu,kappa]: [(99.37569,325.88132),2.55720]
	15230.34227	   0.05461	[mu,kappa]: [(106.93297,307.26746),8.89073]
	12878.79614	   0.04618	[mu,kappa]: [(103.46125,316.34969),3.67627]
	13162.38720	   0.04720	[mu,kappa]: [(104.32417,313.68629),4.32028]
	13432.63960	   0.04817	[mu,kappa]: [(104.73479,313.11670),4.50195]
	12927.76439	   0.04636	[mu,kappa]: [(103.76389,315.32493),3.89234]
	13213.70243	   0.04738	[mu,kappa]: [(97.54295,329.28429),2.34825]
	13111.18750	   0.04701	[mu,kappa]: [(104.83034,312.79290),4.61262]
	14022.94890	   0.05028	[mu,kappa]: [(105.96473,309.09841),6.66029]
	12980.26871	   0.04654	[mu,kappa]: [(102.44911,319.24390),3.20585]
	13104.58380	   0.04699	[mu,kappa]: [(98.14555,328.69004),2.38090]
	14104.23709	   0.05057	[mu,kappa]: [(106.47714,309.27221),6.51529]
	14107.86186	   0.05059	[mu,kappa]: [(106.32459,308.78873),6.94351]
	13474.81167	   0.04832	[mu,kappa]: [(106.09279,309.59081),6.26329]
			msglen: 6119440.57186 bits.
Iteration #: 6
	15806.58062	   0.05668	[mu,kappa]: [(75.17263,14.53292),1.90180]
	16175.40353	   0.05800	[mu,kappa]: [(74.50038,16.48832),1.92690]
	14445.75953	   0.05180	[mu,kappa]: [(79.87394,5.43448),1.81501]
	13093.31102	   0.04695	[mu,kappa]: [(106.85416,308.01568),7.62016]
	21204.05427	   0.07603	[mu,kappa]: [(107.29724,305.01838),17.81872]
	17283.62446	   0.06197	[mu,kappa]: [(107.24964,305.54912),13.79536]
	11581.22623	   0.04153	[mu,kappa]: [(97.11873,330.79410),2.33916]
	17854.34962	   0.06402	[mu,kappa]: [(107.42999,305.44726),14.32110]
	11243.04111	   0.04031	[mu,kappa]: [(104.65329,314.18079),4.19277]
	11885.65017	   0.04262	[mu,kappa]: [(105.83188,310.69903),5.48880]
	12268.59873	   0.04399	[mu,kappa]: [(106.26365,310.03489),5.87390]
	11399.77493	   0.04088	[mu,kappa]: [(105.11281,312.76534),4.61466]
	11762.72591	   0.04218	[mu,kappa]: [(93.38595,337.61006),2.08882]
	12057.66743	   0.04324	[mu,kappa]: [(106.36402,309.67990),6.10733]
	14653.26992	   0.05254	[mu,kappa]: [(107.10025,306.47652),10.31721]
	11170.56593	   0.04005	[mu,kappa]: [(102.96507,318.64224),3.33464]
	11615.41214	   0.04165	[mu,kappa]: [(94.41587,336.36847),2.12483]
	14630.82597	   0.05246	[mu,kappa]: [(107.59130,306.57837),10.02945]
	14990.51677	   0.05375	[mu,kappa]: [(107.35045,306.27416),10.85519]
	13761.64170	   0.04935	[mu,kappa]: [(107.30791,306.80397),9.53687]
			msglen: 6071172.79491 bits.
Iteration #: 7
	16266.83863	   0.05833	[mu,kappa]: [(69.49233,25.90914),2.29702]
	16805.43811	   0.06026	[mu,kappa]: [(69.01813,27.64214),2.35709]
	14225.31974	   0.05101	[mu,kappa]: [(73.60387,17.26819),2.04442]
	12803.64253	   0.04591	[mu,kappa]: [(108.01341,306.59879),9.37086]
	25061.52827	   0.08986	[mu,kappa]: [(106.67355,304.83774),23.44805]
	19233.01757	   0.06896	[mu,kappa]: [(106.99960,305.11171),17.85094]
	10077.62750	   0.03614	[mu,kappa]: [(96.11760,333.96188),2.21570]
	20036.62840	   0.07184	[mu,kappa]: [(107.12120,305.04921),18.54500]
	9905.22628	   0.03552	[mu,kappa]: [(106.72030,312.28848),4.59474]
	10906.43601	   0.03911	[mu,kappa]: [(107.66926,308.77301),6.41989]
	11402.11899	   0.04089	[mu,kappa]: [(108.03021,308.18595),6.96073]
	10172.28946	   0.03648	[mu,kappa]: [(107.14409,310.77999),5.18642]
	10434.92622	   0.03742	[mu,kappa]: [(90.39317,343.48098),1.98002]
	11287.23854	   0.04047	[mu,kappa]: [(108.04919,307.88474),7.28642]
	15276.46710	   0.05478	[mu,kappa]: [(107.46693,305.61162),13.05561]
	9641.01733	   0.03457	[mu,kappa]: [(104.71646,317.56125),3.42528]
	10261.46327	   0.03680	[mu,kappa]: [(91.91514,341.75498),2.00847]
	15169.98993	   0.05440	[mu,kappa]: [(108.08605,305.65674),12.61417]
	15806.42785	   0.05668	[mu,kappa]: [(107.61675,305.48912),13.76759]
	14110.35827	   0.05060	[mu,kappa]: [(107.90347,305.79839),11.96756]
			msglen: 6054450.00648 bits.
Iteration #: 8
	16447.56801	   0.05898	[mu,kappa]: [(66.47486,28.93696),2.57587]
	17074.99308	   0.06123	[mu,kappa]: [(66.09594,30.57896),2.65905]
	14059.27720	   0.05041	[mu,kappa]: [(70.47680,20.69378),2.21341]
	12629.93446	   0.04529	[mu,kappa]: [(109.05995,306.11880),9.84834]
	27093.43379	   0.09715	[mu,kappa]: [(105.69229,304.99441),27.74300]
	20002.15318	   0.07172	[mu,kappa]: [(106.28229,305.15266),20.31395]
	9451.28180	   0.03389	[mu,kappa]: [(96.81531,334.78718),2.16244]
	20924.58357	   0.07503	[mu,kappa]: [(106.37886,305.10358),21.18004]
	9445.86908	   0.03387	[mu,kappa]: [(109.59609,311.38447),4.70860]
	10564.30135	   0.03788	[mu,kappa]: [(109.86890,307.99498),6.65891]
	11096.13152	   0.03979	[mu,kappa]: [(110.10993,307.47132),7.23468]
	9754.19452	   0.03498	[mu,kappa]: [(109.82354,309.89206),5.34382]
	9848.68618	   0.03532	[mu,kappa]: [(89.46038,345.27619),1.94493]
	11006.28964	   0.03947	[mu,kappa]: [(109.97572,307.20331),7.58150]
	15384.38185	   0.05516	[mu,kappa]: [(107.39542,305.41852),14.18201]
	9083.63018	   0.03257	[mu,kappa]: [(107.59632,316.85456),3.44245]
	9670.51576	   0.03468	[mu,kappa]: [(91.47757,343.41730),1.96629]
	15239.30059	   0.05464	[mu,kappa]: [(108.27725,305.42263),13.57072]
	15987.40195	   0.05733	[mu,kappa]: [(107.46733,305.33389),15.02703]
	14120.07231	   0.05063	[mu,kappa]: [(108.17702,305.52517),12.82736]
			msglen: 6049550.38287 bits.
Iteration #: 9
	16488.59085	   0.05912	[mu,kappa]: [(63.98899,29.42096),2.76314]
	17164.12064	   0.06155	[mu,kappa]: [(63.69927,31.11842),2.86391]
	13916.48054	   0.04990	[mu,kappa]: [(68.05658,21.10583),2.31782]
	12490.57074	   0.04479	[mu,kappa]: [(110.21507,305.90419),9.73814]
	28398.78020	   0.10183	[mu,kappa]: [(104.58746,305.23330),31.76396]
	20223.73857	   0.07252	[mu,kappa]: [(105.30810,305.31138),22.16811]
	9230.75203	   0.03310	[mu,kappa]: [(97.84246,334.63867),2.15143]
	21216.90984	   0.07608	[mu,kappa]: [(105.40557,305.26749),23.23004]
	9415.96700	   0.03376	[mu,kappa]: [(113.03420,311.20131),4.74222]
	10533.30381	   0.03777	[mu,kappa]: [(112.52194,307.77115),6.62379]
	11066.64965	   0.03968	[mu,kappa]: [(112.65920,307.25666),7.17966]
	9733.83760	   0.03490	[mu,kappa]: [(113.04544,309.69084),5.36317]
	9608.99992	   0.03446	[mu,kappa]: [(88.97218,345.07482),1.94398]
	10963.73630	   0.03931	[mu,kappa]: [(112.32161,306.98253),7.50916]
	15207.44875	   0.05453	[mu,kappa]: [(107.07171,305.36443),14.54093]
	8987.04720	   0.03223	[mu,kappa]: [(110.94654,316.71133),3.46297]
	9434.63526	   0.03383	[mu,kappa]: [(91.54787,343.31039),1.95934]
	15044.69536	   0.05395	[mu,kappa]: [(108.34756,305.32394),13.74915]
	15827.38772	   0.05675	[mu,kappa]: [(107.08095,305.30563),15.50825]
	13930.34802	   0.04995	[mu,kappa]: [(108.32022,305.40412),12.93374]
			msglen: 6045835.99729 bits.
Iteration #: 10
	16498.39257	   0.05916	[mu,kappa]: [(61.79943,29.17591),2.91111]
	17206.16186	   0.06170	[mu,kappa]: [(61.64916,31.02935),3.02536]
	13797.19826	   0.04947	[mu,kappa]: [(65.78981,20.53081),2.40062]
	12357.25651	   0.04431	[mu,kappa]: [(111.49452,305.72846),9.52081]
	29611.10701	   0.10618	[mu,kappa]: [(103.54661,305.49105),35.84544]
	20301.08031	   0.07279	[mu,kappa]: [(104.23490,305.50504),23.84922]
	9099.08197	   0.03263	[mu,kappa]: [(98.09622,334.30172),2.15688]
	21351.51285	   0.07656	[mu,kappa]: [(104.36291,305.46186),25.13070]
	9495.11805	   0.03405	[mu,kappa]: [(116.77525,311.40510),4.83269]
	10601.22173	   0.03801	[mu,kappa]: [(115.55468,307.79903),6.63199]
	11138.67211	   0.03994	[mu,kappa]: [(115.64889,307.26401),7.16631]
	9824.05192	   0.03523	[mu,kappa]: [(116.62430,309.83878),5.44368]
	9463.28408	   0.03393	[mu,kappa]: [(87.68006,344.19602),1.96574]
	11008.64759	   0.03947	[mu,kappa]: [(115.07158,306.95320),7.46143]
	14922.68882	   0.05351	[mu,kappa]: [(106.53944,305.29257),14.61933]
	8980.63039	   0.03220	[mu,kappa]: [(114.28136,316.95190),3.50840]
	9288.51905	   0.03331	[mu,kappa]: [(90.90650,342.69177),1.97095]
	14742.83199	   0.05286	[mu,kappa]: [(108.33963,305.19160),13.66464]
	15539.11861	   0.05572	[mu,kappa]: [(106.51715,305.25978),15.70060]
	13657.42430	   0.04897	[mu,kappa]: [(108.36297,305.25471),12.79414]
			msglen: 6042071.24959 bits.
Iteration #: 11
	16518.87020	   0.05923	[mu,kappa]: [(60.07701,28.70645),3.02813]
	17248.32440	   0.06185	[mu,kappa]: [(60.13851,30.82035),3.15118]
	13722.04341	   0.04920	[mu,kappa]: [(63.74711,19.52041),2.47345]
	12213.30677	   0.04379	[mu,kappa]: [(112.80280,305.52264),9.39612]
	30826.80061	   0.11053	[mu,kappa]: [(102.67560,305.74693),39.77774]
	20369.10533	   0.07304	[mu,kappa]: [(103.17671,305.72521),25.33342]
	8967.39758	   0.03216	[mu,kappa]: [(97.04237,333.92564),2.16696]
	21466.00802	   0.07697	[mu,kappa]: [(103.36940,305.67597),26.84965]
	9560.19284	   0.03428	[mu,kappa]: [(120.65762,311.81192),5.02799]
	10681.78796	   0.03830	[mu,kappa]: [(118.82824,307.94257),6.81912]
	11243.70569	   0.04032	[mu,kappa]: [(118.95577,307.38348),7.36350]
	9913.85872	   0.03555	[mu,kappa]: [(120.40185,310.15902),5.66570]
	9356.27648	   0.03355	[mu,kappa]: [(85.08057,342.91228),2.01300]
	11078.97739	   0.03973	[mu,kappa]: [(118.10953,307.01340),7.61337]
	14624.83118	   0.05244	[mu,kappa]: [(105.77716,305.16597),14.56234]
	8924.48907	   0.03200	[mu,kappa]: [(117.40242,317.45087),3.56511]
	9167.08935	   0.03287	[mu,kappa]: [(89.04588,341.86103),1.99755]
	14411.24940	   0.05167	[mu,kappa]: [(108.22918,304.97955),13.50782]
	15228.19887	   0.05460	[mu,kappa]: [(105.78348,305.16325),15.73940]
	13361.48675	   0.04791	[mu,kappa]: [(108.25484,305.02728),12.59873]
			msglen: 6038316.55884 bits.
Iteration #: 12
	16548.50381	   0.05934	[mu,kappa]: [(58.99300,28.28662),3.10719]
	17290.83460	   0.06200	[mu,kappa]: [(59.35724,30.79148),3.23448]
	13696.12176	   0.04911	[mu,kappa]: [(62.09472,18.29798),2.53335]
	12037.70016	   0.04316	[mu,kappa]: [(114.00535,305.25993),9.45315]
	31957.24384	   0.11459	[mu,kappa]: [(102.00973,305.98240),43.26061]
	20464.43846	   0.07338	[mu,kappa]: [(102.19207,305.97146),26.47704]
	8831.14902	   0.03167	[mu,kappa]: [(94.48439,333.43910),2.18583]
	21588.59126	   0.07741	[mu,kappa]: [(102.48796,305.90459),28.23783]
	9567.27513	   0.03431	[mu,kappa]: [(124.62988,312.37374),5.35921]
	10742.50529	   0.03852	[mu,kappa]: [(122.21700,308.13458),7.27410]
	11362.07989	   0.04074	[mu,kappa]: [(122.43671,307.56305),7.89048]
	9965.87409	   0.03574	[mu,kappa]: [(124.28708,310.58495),6.08761]
	9302.34507	   0.03336	[mu,kappa]: [(81.13708,341.08636),2.10333]
	11150.98528	   0.03998	[mu,kappa]: [(121.29873,307.11343),8.07836]
	14387.38949	   0.05159	[mu,kappa]: [(104.72012,304.98280),14.40629]
	8766.96137	   0.03144	[mu,kappa]: [(120.33946,318.24499),3.61158]
	9074.17591	   0.03254	[mu,kappa]: [(85.88785,340.75426),2.04771]
	14098.98090	   0.05055	[mu,kappa]: [(107.94964,304.67984),13.36339]
	14968.46167	   0.05367	[mu,kappa]: [(104.84962,305.01321),15.65080]
	13082.38301	   0.04691	[mu,kappa]: [(107.89810,304.71336),12.42873]
			msglen: 6034365.44036 bits.
Iteration #: 13
	16560.63585	   0.05938	[mu,kappa]: [(58.67354,28.23353),3.14554]
	17315.74736	   0.06209	[mu,kappa]: [(59.46415,31.28205),3.27476]
	13692.28799	   0.04910	[mu,kappa]: [(60.96035,17.11809),2.57585]
	11798.05362	   0.04230	[mu,kappa]: [(114.98642,304.91747),9.74904]
	32926.96378	   0.11806	[mu,kappa]: [(101.54894,306.17870),46.14586]
	20599.06916	   0.07386	[mu,kappa]: [(101.29663,306.24043),27.20217]
	8698.36995	   0.03119	[mu,kappa]: [(90.50854,332.71200),2.23110]
	21723.64832	   0.07789	[mu,kappa]: [(101.74036,306.13827),29.22005]
	9501.77847	   0.03407	[mu,kappa]: [(128.68640,313.13862),5.87231]
	10777.42091	   0.03865	[mu,kappa]: [(125.58936,308.33998),8.11443]
	11504.96457	   0.04125	[mu,kappa]: [(125.90883,307.77127),8.90463]
	9973.86621	   0.03576	[mu,kappa]: [(128.19686,311.11560),6.79547]
	9324.21129	   0.03343	[mu,kappa]: [(76.16327,338.48566),2.27103]
	11223.46808	   0.04024	[mu,kappa]: [(124.47959,307.21966),8.99617]
	14272.77022	   0.05118	[mu,kappa]: [(103.28791,304.75450),14.17515]
	8485.79540	   0.03043	[mu,kappa]: [(123.34033,319.56506),3.62628]
	9016.31805	   0.03233	[mu,kappa]: [(81.65892,339.21869),2.13987]
	13831.20817	   0.04959	[mu,kappa]: [(107.42669,304.29849),13.29101]
	14815.66070	   0.05312	[mu,kappa]: [(103.66756,304.81657),15.45371]
	12841.76193	   0.04605	[mu,kappa]: [(107.19021,304.31934),12.33524]
			msglen: 6029639.76049 bits.
Iteration #: 14
	16515.71561	   0.05922	[mu,kappa]: [(59.22887,28.92941),3.15232]
	17305.83387	   0.06205	[mu,kappa]: [(60.62256,32.66044),3.28612]
	13646.13821	   0.04893	[mu,kappa]: [(60.41163,16.35802),2.60079]
	11461.50955	   0.04110	[mu,kappa]: [(115.68321,304.46617),10.35315]
	33738.10073	   0.12097	[mu,kappa]: [(101.28634,306.31865),48.48314]
	20776.55172	   0.07450	[mu,kappa]: [(100.49532,306.52853),27.56265]
	8554.63088	   0.03068	[mu,kappa]: [(85.48337,331.63140),2.32975]
	21873.44445	   0.07843	[mu,kappa]: [(101.13810,306.36594),29.85740]
	9366.99426	   0.03359	[mu,kappa]: [(132.75937,314.21671),6.62766]
	10801.49053	   0.03873	[mu,kappa]: [(128.71464,308.52383),9.50748]
	11710.09239	   0.04199	[mu,kappa]: [(129.06080,307.96730),10.61794]
	9950.98882	   0.03568	[mu,kappa]: [(131.94001,311.76627),7.90923]
	9433.02061	   0.03382	[mu,kappa]: [(70.71523,334.97541),2.57558]
	11317.25227	   0.04058	[mu,kappa]: [(127.39272,307.29142),10.56029]
	14324.88120	   0.05136	[mu,kappa]: [(101.44803,304.50389),13.91685]
	8083.31011	   0.02899	[mu,kappa]: [(126.92929,321.97255),3.59410]
	8972.64112	   0.03217	[mu,kappa]: [(76.78010,337.14239),2.30107]
	13608.48394	   0.04880	[mu,kappa]: [(106.63841,303.84748),13.35256]
	14799.82058	   0.05307	[mu,kappa]: [(102.22130,304.58773),15.19642]
	12643.09914	   0.04533	[mu,kappa]: [(106.09477,303.85880),12.36812]
			msglen: 6023516.58110 bits.
Iteration #: 15
	16372.71478	   0.05871	[mu,kappa]: [(60.72964,30.68502),3.15194]
	17257.72102	   0.06188	[mu,kappa]: [(62.95909,35.14315),3.30037]
	13463.23352	   0.04828	[mu,kappa]: [(60.42189,16.44375),2.61642]
	11031.12642	   0.03955	[mu,kappa]: [(116.09716,303.87525),11.37673]
	34454.24086	   0.12354	[mu,kappa]: [(101.22014,306.38711),50.43983]
	20980.47747	   0.07523	[mu,kappa]: [(99.81392,306.83338),27.72879]
	8352.77635	   0.02995	[mu,kappa]: [(79.91531,330.11808),2.51812]
	22030.81545	   0.07900	[mu,kappa]: [(100.70871,306.57581),30.32328]
	9187.55930	   0.03294	[mu,kappa]: [(136.64556,315.74575),7.64926]
	10840.65344	   0.03887	[mu,kappa]: [(131.22329,308.61894),11.57364]
	12012.49537	   0.04307	[mu,kappa]: [(131.45877,308.07467),13.14147]
	9919.29720	   0.03557	[mu,kappa]: [(135.17421,312.51530),9.49638]
	9649.16731	   0.03460	[mu,kappa]: [(65.40432,330.68505),3.13254]
	11464.21948	   0.04111	[mu,kappa]: [(129.65127,307.25988),12.91089]
	14548.51799	   0.05217	[mu,kappa]: [(99.31281,304.27317),13.70269]
	7621.71147	   0.02733	[mu,kappa]: [(131.93454,326.71405),3.53163]
	8892.63111	   0.03189	[mu,kappa]: [(71.66296,334.49287),2.57423]
	13416.71176	   0.04811	[mu,kappa]: [(105.69022,303.34476),13.61720]
	14909.56946	   0.05346	[mu,kappa]: [(100.60305,304.35376),14.95713]
	12478.36023	   0.04474	[mu,kappa]: [(104.73244,303.35541),12.58089]
			msglen: 6015864.90840 bits.
Iteration #: 16
	16088.74847	   0.05769	[mu,kappa]: [(63.03296,33.47768),3.18898]
	17168.08020	   0.06156	[mu,kappa]: [(66.31932,38.50796),3.37007]
	13037.03061	   0.04675	[mu,kappa]: [(60.76837,17.62885),2.64636]
	10598.82248	   0.03800	[mu,kappa]: [(116.29979,303.13187),12.96884]
	35142.88794	   0.12601	[mu,kappa]: [(101.34604,306.37401),52.15928]
	21164.87675	   0.07589	[mu,kappa]: [(99.29518,307.15312),27.89539]
	8040.57829	   0.02883	[mu,kappa]: [(74.22932,328.08547),2.85646]
	22170.60705	   0.07950	[mu,kappa]: [(100.48927,306.75584),30.80184]
	9008.93402	   0.03230	[mu,kappa]: [(140.09496,317.84438),8.84985]
	10897.73333	   0.03908	[mu,kappa]: [(132.80525,308.53951),14.14154]
	12373.19631	   0.04437	[mu,kappa]: [(132.82284,308.01002),16.18004]
	9882.27055	   0.03544	[mu,kappa]: [(137.61543,313.29577),11.38988]
	10084.93951	   0.03616	[mu,kappa]: [(60.79711,326.18428),4.18704]
	11667.99216	   0.04184	[mu,kappa]: [(130.94687,307.04908),15.87326]
	14883.12242	   0.05337	[mu,kappa]: [(97.16700,304.12187),13.57548]
	7269.64854	   0.02607	[mu,kappa]: [(138.87025,336.19948),3.55767]
	8735.14923	   0.03132	[mu,kappa]: [(66.59870,331.31423),3.04249]
	13248.87140	   0.04751	[mu,kappa]: [(104.83471,302.81382),14.12338]
	15081.26349	   0.05408	[mu,kappa]: [(99.03675,304.15319),14.79332]
	12339.24724	   0.04425	[mu,kappa]: [(103.40751,302.84273),12.99092]
			msglen: 6006984.62570 bits.
Iteration #: 17
	15602.42840	   0.05595	[mu,kappa]: [(65.51301,36.86819),3.33148]
	16979.66327	   0.06088	[mu,kappa]: [(69.90612,42.06124),3.56600]
	12273.36511	   0.04401	[mu,kappa]: [(60.95726,19.94739),2.73427]
	10336.57056	   0.03706	[mu,kappa]: [(116.41737,302.28022),15.23998]
	35819.51760	   0.12844	[mu,kappa]: [(101.63117,306.28271),53.66088]
	21280.19550	   0.07630	[mu,kappa]: [(98.93859,307.49094),28.18178]
	7601.01516	   0.02726	[mu,kappa]: [(68.91423,325.60894),3.43827]
	22262.15269	   0.07982	[mu,kappa]: [(100.47286,306.90145),31.37365]
	8875.41347	   0.03183	[mu,kappa]: [(142.96856,320.49800),10.12447]
	10938.36547	   0.03922	[mu,kappa]: [(133.48692,308.25285),16.75053]
	12686.28056	   0.04549	[mu,kappa]: [(133.27240,307.75508),19.15808]
	9813.30616	   0.03519	[mu,kappa]: [(139.30163,314.04195),13.23951]
	10992.34954	   0.03942	[mu,kappa]: [(57.43842,322.60465),6.12376]
	11894.04711	   0.04265	[mu,kappa]: [(131.32207,306.64753),18.97429]
	15211.13845	   0.05454	[mu,kappa]: [(95.32221,304.08045),13.53371]
	7252.48228	   0.02601	[mu,kappa]: [(145.83656,352.75142),3.95064]
	8510.65427	   0.03052	[mu,kappa]: [(62.01126,327.95650),3.84265]
	13114.71240	   0.04703	[mu,kappa]: [(104.33544,302.26790),14.82750]
	15221.42255	   0.05458	[mu,kappa]: [(97.75838,304.00431),14.70985]
	12218.91946	   0.04381	[mu,kappa]: [(102.44953,302.33760),13.53912]
			msglen: 5997113.29746 bits.
Iteration #: 18
	14907.05377	   0.05345	[mu,kappa]: [(67.15103,40.23564),3.64795]
	16614.69255	   0.05958	[mu,kappa]: [(72.46644,45.04184),3.94240]
	11197.80267	   0.04015	[mu,kappa]: [(60.40299,23.39183),2.93330]
	10374.65813	   0.03720	[mu,kappa]: [(116.54097,301.43425),18.11285]
	36456.94209	   0.13072	[mu,kappa]: [(102.00124,306.13596),54.89360]
	21329.74176	   0.07648	[mu,kappa]: [(98.65200,307.86792),28.64568]
	7053.41099	   0.02529	[mu,kappa]: [(64.67679,323.19197),4.32708]
	22300.46409	   0.07996	[mu,kappa]: [(100.56809,307.02972),32.01638]
	8795.32963	   0.03154	[mu,kappa]: [(145.19238,323.36201),11.55259]
	10939.99192	   0.03923	[mu,kappa]: [(133.56669,307.81282),19.04189]
	12899.67154	   0.04625	[mu,kappa]: [(133.15736,307.37327),21.70712]
	9694.71645	   0.03476	[mu,kappa]: [(140.47265,314.69378),14.87527]
	12443.93864	   0.04462	[mu,kappa]: [(55.51309,320.97188),8.87483]
	12120.83533	   0.04346	[mu,kappa]: [(131.09547,306.13482),21.82719]
	15424.99947	   0.05531	[mu,kappa]: [(93.96125,304.09983),13.60270]
	7680.78103	   0.02754	[mu,kappa]: [(149.16525,12.36486),4.99395]
	8243.24094	   0.02956	[mu,kappa]: [(58.48581,325.22952),5.06969]
	13027.28385	   0.04671	[mu,kappa]: [(104.25312,301.69775),15.61274]
	15266.63498	   0.05474	[mu,kappa]: [(96.86804,303.87207),14.71052]
	12111.81017	   0.04343	[mu,kappa]: [(101.96923,301.81483),14.12556]
			msglen: 5987576.70594 bits.
Iteration #: 19
	14166.91047	   0.05080	[mu,kappa]: [(67.32273,42.94360),4.14780]
	16114.30914	   0.05778	[mu,kappa]: [(73.38861,47.00612),4.47671]
	10080.78802	   0.03615	[mu,kappa]: [(58.77385,27.47330),3.28691]
	10698.60097	   0.03836	[mu,kappa]: [(116.67786,300.72380),21.28591]
	36995.14491	   0.13265	[mu,kappa]: [(102.37279,305.96802),55.83496]
	21387.25958	   0.07669	[mu,kappa]: [(98.27924,308.33546),29.31244]
	6476.73297	   0.02322	[mu,kappa]: [(61.81854,321.37809),5.45685]
	22302.31801	   0.07997	[mu,kappa]: [(100.63465,307.18494),32.64961]
	8761.13720	   0.03142	[mu,kappa]: [(146.73112,325.84320),13.32525]
	10913.40532	   0.03913	[mu,kappa]: [(133.38154,307.33176),20.85751]
	13028.55484	   0.04672	[mu,kappa]: [(132.81398,306.97519),23.69580]
	9557.90254	   0.03427	[mu,kappa]: [(141.35120,315.21516),16.35938]
	13847.99154	   0.04966	[mu,kappa]: [(54.54727,320.96266),11.35090]
	12339.63327	   0.04425	[mu,kappa]: [(130.61178,305.63633),24.21967]
	15536.74778	   0.05571	[mu,kappa]: [(93.03716,304.11373),13.78272]
	8445.38656	   0.03028	[mu,kappa]: [(149.06764,26.66336),6.62470]
	7957.63925	   0.02853	[mu,kappa]: [(56.12883,323.73729),6.57850]
	12992.38574	   0.04659	[mu,kappa]: [(104.40976,301.11124),16.30107]
	15248.42122	   0.05468	[mu,kappa]: [(96.26109,303.71885),14.76357]
	12032.73068	   0.04315	[mu,kappa]: [(101.79249,301.25778),14.61514]
			msglen: 5980295.36659 bits.
Iteration #: 20
	13562.53047	   0.04863	[mu,kappa]: [(66.50654,44.71234),4.73971]
	15607.47269	   0.05596	[mu,kappa]: [(73.37551,48.02868),5.06430]
	9214.17450	   0.03304	[mu,kappa]: [(56.35230,31.22525),3.79538]
	11192.19058	   0.04013	[mu,kappa]: [(116.80594,300.22006),24.50029]
	37357.10320	   0.13395	[mu,kappa]: [(102.70863,305.79688),56.57954]
	21528.80076	   0.07720	[mu,kappa]: [(97.70425,308.94041),30.23668]
	5984.55598	   0.02146	[mu,kappa]: [(60.03050,320.26827),6.65879]
	22258.73192	   0.07981	[mu,kappa]: [(100.58419,307.40074),33.22764]
	8821.77810	   0.03163	[mu,kappa]: [(147.69772,327.63098),15.50716]
	10877.21928	   0.03900	[mu,kappa]: [(133.16405,306.91528),22.11756]
	13097.32356	   0.04696	[mu,kappa]: [(132.45375,306.65649),25.07838]
	9476.62436	   0.03398	[mu,kappa]: [(142.09561,315.65857),17.73198]
	14616.84106	   0.05241	[mu,kappa]: [(53.95269,321.56705),12.82844]
	12530.91825	   0.04493	[mu,kappa]: [(130.09059,305.24949),26.04658]
	15637.56207	   0.05607	[mu,kappa]: [(92.32889,304.12869),13.98157]
	9221.65446	   0.03307	[mu,kappa]: [(147.78945,34.58270),8.20152]
	7703.71571	   0.02762	[mu,kappa]: [(54.49963,323.33047),8.02203]
	12980.91065	   0.04655	[mu,kappa]: [(104.61524,300.54208),16.75412]
	15231.29191	   0.05461	[mu,kappa]: [(95.74158,303.55844),14.77727]
	11982.60048	   0.04297	[mu,kappa]: [(101.69131,300.69100),14.89027]
			msglen: 5975538.05864 bits.
Iteration #: 21
	13117.16699	   0.04703	[mu,kappa]: [(65.57777,45.74442),5.27258]
	15180.22909	   0.05443	[mu,kappa]: [(73.49505,48.48540),5.57919]
	8672.63577	   0.03110	[mu,kappa]: [(53.69554,34.10450),4.39718]
	11764.37123	   0.04218	[mu,kappa]: [(116.89678,299.92061),27.72839]
	37553.54853	   0.13465	[mu,kappa]: [(103.02388,305.61214),57.33464]
	21801.22180	   0.07817	[mu,kappa]: [(96.91325,309.67987),31.58838]
	5608.52529	   0.02011	[mu,kappa]: [(58.89748,319.67713),7.78202]
	22150.14650	   0.07942	[mu,kappa]: [(100.42291,307.66494),33.81156]
	9045.35049	   0.03243	[mu,kappa]: [(148.33057,328.98162),17.88058]
	10829.43399	   0.03883	[mu,kappa]: [(132.98780,306.58510),22.84111]
	13110.74297	   0.04701	[mu,kappa]: [(132.13484,306.43452),25.91797]
	9484.03947	   0.03401	[mu,kappa]: [(142.78018,316.11078),18.89256]
	14826.41112	   0.05316	[mu,kappa]: [(53.40941,322.27831),13.49459]
	12673.21628	   0.04544	[mu,kappa]: [(129.59539,304.99109),27.36219]
	15744.34384	   0.05645	[mu,kappa]: [(91.69643,304.16444),14.12142]
	9724.99418	   0.03487	[mu,kappa]: [(146.25994,38.97120),9.13430]
	7495.78306	   0.02688	[mu,kappa]: [(53.14666,323.54816),9.18133]
	12953.09785	   0.04645	[mu,kappa]: [(104.81468,299.99543),16.98891]
	15214.41043	   0.05455	[mu,kappa]: [(95.22776,303.39670),14.70749]
	11934.33113	   0.04279	[mu,kappa]: [(101.58607,300.11991),14.96146]
			msglen: 5972328.42378 bits.
Iteration #: 22
	12756.75940	   0.04574	[mu,kappa]: [(64.87515,46.34699),5.66851]
	14838.78120	   0.05321	[mu,kappa]: [(74.16120,48.66928),5.98243]
	8391.58584	   0.03009	[mu,kappa]: [(51.00306,36.09704),5.03233]
	12384.51002	   0.04441	[mu,kappa]: [(116.93635,299.79856),31.03877]
	37661.33087	   0.13504	[mu,kappa]: [(103.34432,305.39667),58.29683]
	22245.98900	   0.07977	[mu,kappa]: [(95.94453,310.52100),33.62043]
	5317.06009	   0.01907	[mu,kappa]: [(58.15730,319.39853),8.76809]
	21961.97268	   0.07875	[mu,kappa]: [(100.19828,307.94402),34.49444]
	9396.30722	   0.03369	[mu,kappa]: [(148.79285,330.17890),20.09457]
	10771.34777	   0.03862	[mu,kappa]: [(132.84134,306.29639),23.17299]
	13085.19687	   0.04692	[mu,kappa]: [(131.84482,306.27467),26.39292]
	9539.60239	   0.03421	[mu,kappa]: [(143.38281,316.53715),19.75231]
	14745.89533	   0.05287	[mu,kappa]: [(52.80811,322.96280),13.73899]
	12776.50514	   0.04581	[mu,kappa]: [(129.12739,304.83712),28.34581]
	15809.47254	   0.05669	[mu,kappa]: [(91.10962,304.20695),14.18128]
	9966.86777	   0.03574	[mu,kappa]: [(144.68504,41.71798),9.47316]
	7324.26658	   0.02626	[mu,kappa]: [(51.85083,324.08955),10.06408]
	12890.08861	   0.04622	[mu,kappa]: [(105.02352,299.45676),17.09397]
	15157.12621	   0.05435	[mu,kappa]: [(94.73253,303.20838),14.56420]
	11863.33446	   0.04254	[mu,kappa]: [(101.48988,299.52785),14.90977]
			msglen: 5969657.47037 bits.
Iteration #: 23
	12418.52984	   0.04453	[mu,kappa]: [(64.36914,46.74320),5.95517]
	14565.11436	   0.05223	[mu,kappa]: [(75.29930,48.72231),6.32984]
	8291.83540	   0.02973	[mu,kappa]: [(48.29940,37.41435),5.68915]
	13034.52502	   0.04674	[mu,kappa]: [(116.92378,299.82772),34.44358]
	37757.01285	   0.13538	[mu,kappa]: [(103.68028,305.14318),59.60455]
	22914.86934	   0.08217	[mu,kappa]: [(94.84800,311.42312),36.62841]
	5075.48348	   0.01820	[mu,kappa]: [(57.69646,319.26986),9.64086]
	21675.49200	   0.07772	[mu,kappa]: [(99.95977,308.20621),35.34885]
	9777.10380	   0.03506	[mu,kappa]: [(149.13681,331.26865),21.91698]
	10721.78770	   0.03845	[mu,kappa]: [(132.72327,306.02343),23.26248]
	13053.86422	   0.04681	[mu,kappa]: [(131.58517,306.16435),26.66136]
	9599.86844	   0.03442	[mu,kappa]: [(143.86327,316.84337),20.32137]
	14539.48513	   0.05213	[mu,kappa]: [(52.15552,323.59221),13.82709]
	12867.12062	   0.04614	[mu,kappa]: [(128.69982,304.78435),29.14032]
	15782.23832	   0.05659	[mu,kappa]: [(90.56426,304.21776),14.16171]
	10069.87999	   0.03611	[mu,kappa]: [(143.19624,43.61727),9.50069]
	7178.11653	   0.02574	[mu,kappa]: [(50.57476,324.81014),10.76700]
	12784.93065	   0.04584	[mu,kappa]: [(105.25578,298.91673),17.14126]
	15021.78312	   0.05386	[mu,kappa]: [(94.27888,302.95448),14.36609]
	11754.95923	   0.04215	[mu,kappa]: [(101.42154,298.90008),14.80844]
			msglen: 5966989.44665 bits.
Iteration #: 24
	12073.32656	   0.04329	[mu,kappa]: [(63.98967,47.06973),6.18671]
	14349.09847	   0.05145	[mu,kappa]: [(76.72582,48.69956),6.69065]
	8320.48089	   0.02984	[mu,kappa]: [(45.67610,38.29252),6.37343]
	13684.14317	   0.04907	[mu,kappa]: [(116.86370,299.97786),37.87284]
	37909.93753	   0.13593	[mu,kappa]: [(104.02367,304.85708),61.34240]
	23859.39761	   0.08555	[mu,kappa]: [(93.68959,312.33602),40.89502]
	4866.97860	   0.01745	[mu,kappa]: [(57.46441,319.18179),10.45663]
	21269.45821	   0.07627	[mu,kappa]: [(99.75813,308.42222),36.43082]
	10114.71613	   0.03627	[mu,kappa]: [(149.38144,332.22941),23.27490]
	10696.23273	   0.03835	[mu,kappa]: [(132.64886,305.77067),23.19514]
	13038.42539	   0.04675	[mu,kappa]: [(131.37136,306.11488),26.80281]
	9649.53459	   0.03460	[mu,kappa]: [(144.21137,316.98007),20.65926]
	14283.99018	   0.05122	[mu,kappa]: [(51.49945,324.15797),13.89329]
	12956.95533	   0.04646	[mu,kappa]: [(128.33091,304.84260),29.80644]
	15626.47748	   0.05603	[mu,kappa]: [(90.05570,304.14771),14.06271]
	10112.14411	   0.03626	[mu,kappa]: [(141.90315,45.00351),9.41165]
	7052.24519	   0.02529	[mu,kappa]: [(49.35212,325.63313),11.37801]
	12634.47761	   0.04530	[mu,kappa]: [(105.51218,298.37703),17.17730]
	14784.66475	   0.05301	[mu,kappa]: [(93.88003,302.59435),14.12784]
	11601.31547	   0.04160	[mu,kappa]: [(101.38762,298.23283),14.71060]
			msglen: 5964136.03857 bits.
Iteration #: 25
	11713.75795	   0.04200	[mu,kappa]: [(63.69331,47.40541),6.40034]
	14187.73205	   0.05087	[mu,kappa]: [(78.25759,48.61298),7.10613]
	8440.28395	   0.03027	[mu,kappa]: [(43.28795,38.91580),7.07164]
	14294.78575	   0.05126	[mu,kappa]: [(116.76813,300.21446),41.18655]
	38185.35429	   0.13692	[mu,kappa]: [(104.34923,304.55703),63.51561]
	25086.55574	   0.08995	[mu,kappa]: [(92.55624,313.19852),46.51788]
	4689.68492	   0.01682	[mu,kappa]: [(57.42624,319.07843),11.26821]
	20734.77618	   0.07435	[mu,kappa]: [(99.64704,308.56470),37.79628]
	10378.78604	   0.03722	[mu,kappa]: [(149.54694,333.06290),24.20210]
	10698.43777	   0.03836	[mu,kappa]: [(132.62947,305.54592),23.01562]
	13043.53239	   0.04677	[mu,kappa]: [(131.21295,306.13495),26.85281]
	9689.01973	   0.03474	[mu,kappa]: [(144.44136,316.95104),20.83467]
	14020.30526	   0.05027	[mu,kappa]: [(50.89114,324.65711),13.98908]
	13044.37953	   0.04677	[mu,kappa]: [(128.02854,305.01230),30.36932]
	15325.36955	   0.05495	[mu,kappa]: [(89.57846,303.95003),13.88499]
	10124.53165	   0.03630	[mu,kappa]: [(140.86279,46.05223),9.29845]
	6947.84438	   0.02491	[mu,kappa]: [(48.22889,326.51309),11.94811]
	12439.23222	   0.04460	[mu,kappa]: [(105.78657,297.85192),17.23196]
	14439.32483	   0.05178	[mu,kappa]: [(93.54189,302.09781),13.86610]
	11400.30581	   0.04088	[mu,kappa]: [(101.38698,297.53840),14.65534]
			msglen: 5961162.13634 bits.
Iteration #: 26
	11347.74065	   0.04069	[mu,kappa]: [(63.44519,47.79613),6.61295]
	14077.37523	   0.05048	[mu,kappa]: [(79.72653,48.45709),7.58417]
	8614.45030	   0.03089	[mu,kappa]: [(41.28423,39.40877),7.74156]
	14829.63546	   0.05317	[mu,kappa]: [(116.65681,300.50342),44.19815]
	38626.24501	   0.13850	[mu,kappa]: [(104.61827,304.27325),65.98244]
	26496.36800	   0.09501	[mu,kappa]: [(91.53786,313.95231),53.13304]
	4549.84943	   0.01632	[mu,kappa]: [(57.55584,318.94272),12.11223]
	20103.99014	   0.07209	[mu,kappa]: [(99.66797,308.61713),39.52061]
	10567.96315	   0.03789	[mu,kappa]: [(149.65549,333.79403),24.78400]
	10725.53416	   0.03846	[mu,kappa]: [(132.66423,305.34630),22.75677]
	13066.40664	   0.04685	[mu,kappa]: [(131.10745,306.21902),26.83702]
	9721.62669	   0.03486	[mu,kappa]: [(144.57639,316.78723),20.90906]
	13776.41024	   0.04940	[mu,kappa]: [(50.37304,325.08834),14.11784]
	13126.95497	   0.04707	[mu,kappa]: [(127.78879,305.27865),30.85450]
	14895.21035	   0.05341	[mu,kappa]: [(89.12515,303.59812),13.64308]
	10117.48484	   0.03628	[mu,kappa]: [(140.07973,46.88275),9.19826]
	6869.34040	   0.02463	[mu,kappa]: [(47.24219,327.42124),12.49146]
	12206.90272	   0.04377	[mu,kappa]: [(106.06770,297.36731),17.31912]
	14005.45505	   0.05022	[mu,kappa]: [(93.26101,301.46186),13.60757]
	11159.05656	   0.04001	[mu,kappa]: [(101.41060,296.84746),14.66840]
			msglen: 5958361.74416 bits.
Iteration #: 27
	10993.82548	   0.03942	[mu,kappa]: [(63.20887,48.26910),6.82600]
	14007.53043	   0.05023	[mu,kappa]: [(81.00556,48.22462),8.10495]
	8804.26730	   0.03157	[mu,kappa]: [(39.74998,39.84474),8.32800]
	15267.21276	   0.05474	[mu,kappa]: [(116.55217,300.81418),46.73800]
	39219.48872	   0.14063	[mu,kappa]: [(104.79392,304.03703),68.41760]
	27867.63097	   0.09992	[mu,kappa]: [(90.69353,314.56500),59.83338]
	4456.00027	   0.01598	[mu,kappa]: [(57.83797,318.77823),13.00687]
	19472.58351	   0.06982	[mu,kappa]: [(99.82298,308.58885),41.69840]
	10694.36670	   0.03835	[mu,kappa]: [(149.72662,334.45487),25.11610]
	10774.11433	   0.03863	[mu,kappa]: [(132.74149,305.15818),22.44781]
	13104.79250	   0.04699	[mu,kappa]: [(131.04255,306.34899),26.77928]
	9749.27741	   0.03496	[mu,kappa]: [(144.63911,316.52556),20.92951]
	13571.76373	   0.04866	[mu,kappa]: [(49.97027,325.44991),14.25659]
	13208.72534	   0.04736	[mu,kappa]: [(127.59900,305.61501),31.29390]
	14391.76883	   0.05160	[mu,kappa]: [(88.68746,303.10429),13.37492]
	10097.58345	   0.03621	[mu,kappa]: [(139.51735,47.58404),9.12199]
	6820.76500	   0.02446	[mu,kappa]: [(46.40576,328.34054),12.99580]
	11955.15689	   0.04287	[mu,kappa]: [(106.34058,296.95305),17.43546]
	13530.62085	   0.04852	[mu,kappa]: [(93.02360,300.72356),13.38933]
	10896.52553	   0.03907	[mu,kappa]: [(101.44181,296.20286),14.75955]
			msglen: 5956074.82436 bits.
Iteration #: 28
	10672.68958	   0.03827	[mu,kappa]: [(62.95469,48.83855),7.03096]
	13960.74700	   0.05006	[mu,kappa]: [(82.03541,47.91440),8.63666]
	8977.27982	   0.03219	[mu,kappa]: [(38.68431,40.25506),8.79095]
	15611.76008	   0.05598	[mu,kappa]: [(116.47143,301.12101),48.73359]
	39884.98258	   0.14301	[mu,kappa]: [(104.86271,303.86468),70.42785]
	28964.81889	   0.10386	[mu,kappa]: [(90.03180,315.03991),65.60815]
	4413.50096	   0.01583	[mu,kappa]: [(58.26069,318.59522),13.95579]
	18966.73521	   0.06801	[mu,kappa]: [(100.06175,308.51837),44.38109]
	10774.10289	   0.03863	[mu,kappa]: [(149.77508,335.07395),25.28210]
	10841.74511	   0.03888	[mu,kappa]: [(132.84462,304.96329),22.11143]
	13157.73745	   0.04718	[mu,kappa]: [(131.00172,306.50109),26.69662]
	9772.65261	   0.03504	[mu,kappa]: [(144.64901,316.19931),20.92873]
	13413.70442	   0.04810	[mu,kappa]: [(49.68160,325.73999),14.37576]
	13297.99010	   0.04768	[mu,kappa]: [(127.44173,305.98925),31.71623]
	13885.69597	   0.04979	[mu,kappa]: [(88.26204,302.51989),13.13101]
	10072.14957	   0.03612	[mu,kappa]: [(139.11404,48.21812),9.06744]
	6802.66611	   0.02439	[mu,kappa]: [(45.70067,329.26609),13.44199]
	11706.65437	   0.04198	[mu,kappa]: [(106.59332,296.62892),17.56681]
	13069.43755	   0.04686	[mu,kappa]: [(92.81318,299.94963),13.24597]
	10636.94972	   0.03814	[mu,kappa]: [(101.46410,295.64198),14.92249]
			msglen: 5954421.36262 bits.
Iteration #: 29
	10398.23224	   0.03729	[mu,kappa]: [(62.67143,49.50888),7.21567]
	13918.17729	   0.04991	[mu,kappa]: [(82.82103,47.53248),9.15602]
	9114.82076	   0.03268	[mu,kappa]: [(38.02126,40.64247),9.12239]
	15888.49068	   0.05697	[mu,kappa]: [(116.42125,301.40419),50.23417]
	40517.50580	   0.14528	[mu,kappa]: [(104.84075,303.75170),71.76465]
	29680.70713	   0.10642	[mu,kappa]: [(89.52379,315.40342),69.93795]
	4421.53900	   0.01586	[mu,kappa]: [(58.80205,318.40497),14.95698]
	18670.74337	   0.06695	[mu,kappa]: [(100.30750,308.45280),47.48747]
	10822.88430	   0.03881	[mu,kappa]: [(149.81096,335.67184),25.34691]
	10925.22530	   0.03918	[mu,kappa]: [(132.95867,304.74609),21.76289]
	13222.37537	   0.04741	[mu,kappa]: [(130.97070,306.65385),26.59634]
	9792.05536	   0.03511	[mu,kappa]: [(144.62249,315.83650),20.92994]
	13296.24948	   0.04768	[mu,kappa]: [(49.48076,325.95864),14.45682]
	13400.10351	   0.04805	[mu,kappa]: [(127.30036,306.37143),32.13725]
	13423.58482	   0.04813	[mu,kappa]: [(87.85440,301.90698),12.94881]
	10047.86431	   0.03603	[mu,kappa]: [(138.80311,48.82280),9.02674]
	6811.65692	   0.02443	[mu,kappa]: [(45.08370,330.20521),13.82389]
	11478.74389	   0.04116	[mu,kappa]: [(106.82419,296.39472),17.70042]
	12655.23862	   0.04538	[mu,kappa]: [(92.62113,299.20176),13.19378]
	10397.80186	   0.03728	[mu,kappa]: [(101.47099,295.17843),15.14061]
			msglen: 5953276.31223 bits.
Iteration #: 30
	10174.56014	   0.03648	[mu,kappa]: [(62.36695,50.27920),7.37022]
	13864.71794	   0.04972	[mu,kappa]: [(83.40179,47.08788),9.65987]
	9211.80269	   0.03303	[mu,kappa]: [(37.66973,40.99757),9.34113]
	16127.67107	   0.05783	[mu,kappa]: [(116.39811,301.65129),51.36121]
	41044.67247	   0.14717	[mu,kappa]: [(104.75954,303.68172),72.41368]
	30052.43907	   0.10776	[mu,kappa]: [(89.12991,315.68615),72.89598]
	4474.97008	   0.01605	[mu,kappa]: [(59.42798,318.22076),16.00980]
	18593.40371	   0.06667	[mu,kappa]: [(100.49967,308.42274),50.80602]
	10854.06201	   0.03892	[mu,kappa]: [(149.84032,336.26050),25.35564]
	11019.60631	   0.03951	[mu,kappa]: [(133.07405,304.49969),21.41348]
	13292.78694	   0.04766	[mu,kappa]: [(130.94121,306.79393),26.47976]
	9807.91130	   0.03517	[mu,kappa]: [(144.57271,315.46108),20.95142]
	13206.18335	   0.04735	[mu,kappa]: [(49.33243,326.10800),14.49799]
	13513.79492	   0.04846	[mu,kappa]: [(127.16350,306.74016),32.55864]
	13016.21410	   0.04667	[mu,kappa]: [(87.47438,301.30871),12.83958]
	10029.38905	   0.03596	[mu,kappa]: [(138.52895,49.41800),8.99143]
	6842.81984	   0.02454	[mu,kappa]: [(44.51091,331.17290),14.15411]
	11278.40765	   0.04044	[mu,kappa]: [(107.04004,296.23479),17.83241]
	12293.74674	   0.04408	[mu,kappa]: [(92.44786,298.51097),13.22839]
	10184.84063	   0.03652	[mu,kappa]: [(101.46634,294.80144),15.39541]
			msglen: 5952447.68883 bits.
Iteration #: 31
	9998.90698	   0.03585	[mu,kappa]: [(62.06004,51.14845),7.49005]
	13789.78865	   0.04945	[mu,kappa]: [(83.82263,46.58724),10.16417]
	9271.54799	   0.03325	[mu,kappa]: [(37.54391,41.31137),9.47716]
	16352.16634	   0.05863	[mu,kappa]: [(116.39283,301.85733),52.24125]
	41446.99910	   0.14861	[mu,kappa]: [(104.64938,303.63793),72.51794]
	30176.18838	   0.10820	[mu,kappa]: [(88.81621,315.91277),74.83917]
	4568.19116	   0.01638	[mu,kappa]: [(60.10083,318.05902),17.11360]
	18693.92152	   0.06703	[mu,kappa]: [(100.61298,308.43623),54.10096]
	10877.63649	   0.03900	[mu,kappa]: [(149.86621,336.84476),25.33488]
	11119.21288	   0.03987	[mu,kappa]: [(133.18618,304.22685),21.07385]
	13362.13474	   0.04791	[mu,kappa]: [(130.91062,306.91690),26.34754]
	9820.95392	   0.03522	[mu,kappa]: [(144.50936,315.09288),21.00793]
	13130.63362	   0.04708	[mu,kappa]: [(49.20896,326.19013),14.50785]
	13633.30684	   0.04889	[mu,kappa]: [(127.02588,307.08430),32.97334]
	12654.17886	   0.04537	[mu,kappa]: [(87.12835,300.74262),12.79557]
	10019.88483	   0.03593	[mu,kappa]: [(138.25292,50.01290),8.95502]
	6891.99958	   0.02471	[mu,kappa]: [(43.95558,332.18510),14.45581]
	11104.60807	   0.03982	[mu,kappa]: [(107.24936,296.13016),17.96576]
	11976.00863	   0.04294	[mu,kappa]: [(92.29576,297.87965),13.33432]
	9995.73142	   0.03584	[mu,kappa]: [(101.45719,294.48970),15.67155]
			msglen: 5951792.33857 bits.
Iteration #: 32
	9866.00494	   0.03538	[mu,kappa]: [(61.77291,52.11834),7.57614]
	13685.30907	   0.04907	[mu,kappa]: [(84.12021,46.03150),10.69861]
	9300.94259	   0.03335	[mu,kappa]: [(37.57565,41.57951),9.55931]
	16574.18134	   0.05943	[mu,kappa]: [(116.39550,302.02293),52.96885]
	41740.39149	   0.14967	[mu,kappa]: [(104.53198,303.60816),72.26312]
	30139.18057	   0.10807	[mu,kappa]: [(88.55828,316.10048),76.13175]
	4696.91917	   0.01684	[mu,kappa]: [(60.78640,317.93786),18.26060]
	18920.44370	   0.06784	[mu,kappa]: [(100.64893,308.48765),57.20679]
	10900.06285	   0.03908	[mu,kappa]: [(149.89002,337.42476),25.29612]
	11219.14919	   0.04023	[mu,kappa]: [(133.29346,303.93645),20.75435]
	13425.15464	   0.04814	[mu,kappa]: [(130.87963,307.02410),26.20206]
	9832.23773	   0.03526	[mu,kappa]: [(144.43913,314.74650),21.11034]
	13060.37895	   0.04683	[mu,kappa]: [(49.09533,326.20481),14.49715]
	13752.25676	   0.04931	[mu,kappa]: [(126.88656,307.40041),33.37144]
	12324.25900	   0.04419	[mu,kappa]: [(86.81652,300.20927),12.80265]
	10022.19579	   0.03594	[mu,kappa]: [(137.95038,50.61063),8.91342]
	6956.32679	   0.02494	[mu,kappa]: [(43.41032,333.25446),14.75290]
	10952.69352	   0.03927	[mu,kappa]: [(107.45791,296.06600),18.10487]
	11690.72005	   0.04192	[mu,kappa]: [(92.16443,297.29586),13.49498]
	9825.19186	   0.03523	[mu,kappa]: [(101.44855,294.22308),15.95775]
			msglen: 5951224.97999 bits.
			N: 278884
		21.33943 bpr
Null model msglen: 6576939.41546 bits.	(23.58306 bpr)
