Iteration #: 0
	   6.00000	   0.06132	[mu,kappa]: [(62.70254,68.87113),12.06318]
	  14.00000	   0.13679	[mu,kappa]: [(59.06232,77.05393),5.64550]
	  16.00000	   0.15566	[mu,kappa]: [(68.38859,70.70419),3.79957]
	   8.00000	   0.08019	[mu,kappa]: [(65.80931,71.95068),6.77311]
	   5.00000	   0.05189	[mu,kappa]: [(59.00518,70.73604),17.97112]
	  10.00000	   0.09906	[mu,kappa]: [(65.21780,72.44439),25.17185]
	  13.00000	   0.12736	[mu,kappa]: [(62.95238,69.04286),19.83936]
	   7.00000	   0.07075	[mu,kappa]: [(73.83257,73.42650),7.14075]
	   8.00000	   0.08019	[mu,kappa]: [(64.50057,75.33834),5.10975]
	  14.00000	   0.13679	[mu,kappa]: [(68.72582,67.38867),4.02222]
			msglen: 2170.78422 bits.
Iteration #: 1
	   6.82117	   0.06907	[mu,kappa]: [(61.74580,70.36583),13.56502]
	  11.63292	   0.11446	[mu,kappa]: [(57.77088,72.18662),6.16780]
	  13.09395	   0.12824	[mu,kappa]: [(75.20052,71.63440),2.65299]
	   7.19452	   0.07259	[mu,kappa]: [(64.57155,71.81082),7.03443]
	   6.79740	   0.06884	[mu,kappa]: [(58.75488,71.33493),20.03946]
	  14.17221	   0.13842	[mu,kappa]: [(63.94420,72.12037),32.42681]
	  16.91402	   0.16428	[mu,kappa]: [(62.03935,70.62455),26.61000]
	   6.33002	   0.06443	[mu,kappa]: [(72.73638,73.31174),6.56662]
	   6.68155	   0.06775	[mu,kappa]: [(64.27346,72.50713),4.14957]
	  11.36224	   0.11191	[mu,kappa]: [(73.59907,71.06883),2.82217]
			msglen: 2214.56701 bits.
Iteration #: 2
	   7.41925	   0.07471	[mu,kappa]: [(61.60050,70.46763),13.17902]
	  10.04691	   0.09950	[mu,kappa]: [(56.11949,70.44192),6.36309]
	  10.15236	   0.10049	[mu,kappa]: [(85.79428,72.37687),1.84831]
	   6.51938	   0.06622	[mu,kappa]: [(64.25496,71.43055),6.55972]
	   8.18990	   0.08198	[mu,kappa]: [(58.43337,71.28607),20.19478]
	  18.13419	   0.17579	[mu,kappa]: [(63.42233,72.00749),37.35312]
	  20.68868	   0.19989	[mu,kappa]: [(61.59819,71.26822),30.96552]
	   5.67527	   0.05826	[mu,kappa]: [(73.06964,73.28875),5.73100]
	   5.39841	   0.05565	[mu,kappa]: [(63.18525,71.77602),2.76885]
	   8.77566	   0.08751	[mu,kappa]: [(81.42913,72.32044),1.87586]
			msglen: 2203.79582 bits.
Iteration #: 3
	   7.85608	   0.07883	[mu,kappa]: [(62.30742,70.20897),11.41005]
	   9.25861	   0.09206	[mu,kappa]: [(54.58795,69.41077),5.89924]
	   7.72156	   0.07756	[mu,kappa]: [(97.31743,73.25006),1.36943]
	   6.17187	   0.06294	[mu,kappa]: [(65.10994,71.37507),5.48601]
	   9.12131	   0.09077	[mu,kappa]: [(58.15855,70.84669),18.37262]
	  21.08214	   0.20361	[mu,kappa]: [(63.32730,71.95524),39.34119]
	  23.41597	   0.22562	[mu,kappa]: [(61.37414,71.59458),32.55084]
	   5.37168	   0.05539	[mu,kappa]: [(75.05230,73.67741),4.75178]
	   4.36739	   0.04592	[mu,kappa]: [(61.99899,71.84634),1.05458]
	   6.63337	   0.06730	[mu,kappa]: [(91.05360,73.08998),1.15978]
			msglen: 2194.85764 bits.
Iteration #: 4
	   8.36624	   0.08364	[mu,kappa]: [(64.02125,70.21370),9.56374]
	   8.94992	   0.08915	[mu,kappa]: [(52.74361,68.91635),5.20429]
	   5.82168	   0.05964	[mu,kappa]: [(106.22444,73.93988),0.99778]
	   6.05702	   0.06186	[mu,kappa]: [(66.88807,71.93483),4.42637]
	   9.86790	   0.09781	[mu,kappa]: [(58.01653,70.14108),15.82863]
	  23.30196	   0.22455	[mu,kappa]: [(63.40579,71.90933),39.54708]
	  25.43554	   0.24467	[mu,kappa]: [(61.17707,71.78006),32.53595]
	   5.34711	   0.05516	[mu,kappa]: [(78.39614,74.46558),3.91271]
	   3.06378	   0.03362	[mu,kappa]: [(69.90309,71.94486),0.39202]
	   4.78886	   0.04989	[mu,kappa]: [(99.90159,73.33131),0.68010]
			msglen: 2187.26222 bits.
Iteration #: 5
	   8.87438	   0.08844	[mu,kappa]: [(66.71891,70.81146),8.28881]
	   8.70071	   0.08680	[mu,kappa]: [(49.91678,68.72675),4.54399]
	   4.45320	   0.04673	[mu,kappa]: [(114.95565,73.67351),0.67560]
	   5.89055	   0.06029	[mu,kappa]: [(69.45765,72.82581),3.43273]
	  10.44974	   0.10330	[mu,kappa]: [(58.06789,69.37285),13.50548]
	  24.95839	   0.24017	[mu,kappa]: [(63.52828,71.85399),39.12686]
	  26.90082	   0.25850	[mu,kappa]: [(60.90540,71.88454),32.04812]
	   5.36013	   0.05528	[mu,kappa]: [(83.40055,75.31831),3.06600]
	   2.03117	   0.02388	[mu,kappa]: [(91.54021,71.53076),0.04047]
	   3.38090	   0.03661	[mu,kappa]: [(108.67364,72.70786),0.42208]
			msglen: 2148.54420 bits.
Iteration #: 6
	   9.42720	   0.09365	[mu,kappa]: [(70.32827,71.86369),7.71425]
	   8.31200	   0.08313	[mu,kappa]: [(46.37411,68.46076),4.09605]
	   3.34303	   0.03625	[mu,kappa]: [(121.90716,72.36730),0.46879]
	   5.51871	   0.05678	[mu,kappa]: [(73.60016,73.66298),2.37158]
	  10.92967	   0.10783	[mu,kappa]: [(58.33482,68.74172),11.67341]
	  26.34901	   0.25329	[mu,kappa]: [(63.67493,71.78256),38.49293]
	  28.13034	   0.27010	[mu,kappa]: [(60.53290,71.92860),31.49698]
	   5.26685	   0.05440	[mu,kappa]: [(91.19834,75.91364),2.10661]
	   1.33838	   0.01734	[mu,kappa]: [(108.82447,70.05328),0.14044]
	   2.38481	   0.02722	[mu,kappa]: [(116.08330,71.55100),0.29235]
			msglen: 2174.45271 bits.
Iteration #: 7
	  10.23384	   0.10126	[mu,kappa]: [(74.70015,73.14664),7.83577]
	   7.83061	   0.07859	[mu,kappa]: [(42.47288,67.93446),3.88332]
	   2.36519	   0.02703	[mu,kappa]: [(122.19070,71.25948),0.31471]
	   4.84437	   0.05042	[mu,kappa]: [(80.91753,74.20392),1.16592]
	  11.35883	   0.11188	[mu,kappa]: [(58.77159,68.35715),10.26857]
	  27.58177	   0.26492	[mu,kappa]: [(63.86354,71.69399),37.70620]
	  29.25681	   0.28072	[mu,kappa]: [(60.05107,71.92442),30.94285]
	   4.88194	   0.05077	[mu,kappa]: [(102.58035,75.74998),1.18165]
	   0.99117	   0.01407	[mu,kappa]: [(112.49035,70.20233),0.11996]
	   1.65547	   0.02033	[mu,kappa]: [(116.97203,70.73852),0.20389]
			msglen: 2167.02078 bits.
Iteration #: 8
	  11.62977	   0.11443	[mu,kappa]: [(79.64270,74.53310),8.65015]
	   7.39257	   0.07446	[mu,kappa]: [(38.40814,67.05924),3.87907]
	   1.63002	   0.02009	[mu,kappa]: [(117.71776,71.65069),1.96472]
	   3.74678	   0.04006	[mu,kappa]: [(96.15515,73.91105),0.54884]
	  11.72580	   0.11534	[mu,kappa]: [(59.21610,68.16518),9.19276]
	  28.61359	   0.27466	[mu,kappa]: [(64.09020,71.58260),36.89829]
	  30.26573	   0.29024	[mu,kappa]: [(59.42969,71.87098),30.48329]
	   4.04287	   0.04286	[mu,kappa]: [(114.93784,74.65844),0.69663]
	   0.78166	   0.01209	[mu,kappa]: [(111.34051,71.03943),1.70265]
	   1.17120	   0.01577	[mu,kappa]: [(113.95437,71.31998),1.80602]
			msglen: 2167.53666 bits.
Iteration #: 9
	  12.68320	   0.12437	[mu,kappa]: [(83.09146,75.54948),10.17062]
	   7.22036	   0.07283	[mu,kappa]: [(31.64642,65.23832),4.39559]
	   1.82510	   0.02193	[mu,kappa]: [(128.35402,75.19255),3.96536]
	   2.45092	   0.02784	[mu,kappa]: [(107.13248,71.65466),0.29345]
	  11.61435	   0.11429	[mu,kappa]: [(58.48625,67.73554),8.52672]
	  29.12374	   0.27947	[mu,kappa]: [(64.23298,71.43495),36.78347]
	  30.91538	   0.29637	[mu,kappa]: [(58.57738,71.77365),30.59763]
	   2.78717	   0.03101	[mu,kappa]: [(119.50488,72.11875),0.38062]
	   1.01472	   0.01429	[mu,kappa]: [(122.43733,74.66531),3.33386]
	   1.36504	   0.01759	[mu,kappa]: [(124.89057,74.89786),3.57323]
			msglen: 2167.58582 bits.
Iteration #: 10
	  13.49292	   0.13201	[mu,kappa]: [(84.90967,76.26340),12.68975]
	   7.13788	   0.07206	[mu,kappa]: [(26.03509,62.86140),5.66066]
	   2.30410	   0.02645	[mu,kappa]: [(138.44809,76.63555),6.77002]
	   1.37309	   0.01767	[mu,kappa]: [(108.57229,68.11309),0.15617]
	  11.04807	   0.10894	[mu,kappa]: [(57.23428,66.92746),8.30698]
	  29.53413	   0.28334	[mu,kappa]: [(64.44644,71.26756),37.34786]
	  31.46246	   0.30153	[mu,kappa]: [(57.72751,71.69672),31.14475]
	   1.57593	   0.01958	[mu,kappa]: [(115.13496,68.27318),0.18776]
	   1.34380	   0.01739	[mu,kappa]: [(132.42626,76.26439),5.49448]
	   1.72763	   0.02102	[mu,kappa]: [(134.94805,76.44162),5.96652]
			msglen: 2165.40966 bits.
Iteration #: 11
	  14.59710	   0.14243	[mu,kappa]: [(85.83891,76.84817),15.93746]
	   7.15232	   0.07219	[mu,kappa]: [(22.32616,60.91097),7.29826]
	   2.53740	   0.02865	[mu,kappa]: [(146.72933,75.70048),9.96771]
	   0.67618	   0.01110	[mu,kappa]: [(98.75013,65.22595),0.08843]
	  10.19101	   0.10086	[mu,kappa]: [(56.20077,65.84891),8.39397]
	  29.88098	   0.28661	[mu,kappa]: [(64.75794,71.08944),38.47889]
	  31.86297	   0.30531	[mu,kappa]: [(56.95972,71.68486),31.99820]
	   0.75679	   0.01186	[mu,kappa]: [(101.02665,65.27178),0.09486]
	   1.47717	   0.01865	[mu,kappa]: [(139.67662,76.08635),7.55617]
	   1.86809	   0.02234	[mu,kappa]: [(142.74037,75.94889),8.40031]
			msglen: 2131.58840 bits.
Iteration #: 12
	  15.89721	   0.15469	[mu,kappa]: [(86.60017,77.23861),18.38594]
	   7.14836	   0.07215	[mu,kappa]: [(19.81513,59.85505),8.81541]
	   2.52848	   0.02857	[mu,kappa]: [(152.53971,73.69845),13.70384]
	   0.35217	   0.00804	[mu,kappa]: [(88.97754,65.05579),0.07209]
	   9.26312	   0.09210	[mu,kappa]: [(55.40619,64.49436),8.64659]
	  30.05944	   0.28830	[mu,kappa]: [(65.07418,70.89083),40.25804]
	  32.15468	   0.30806	[mu,kappa]: [(56.21874,71.74232),33.12658]
	   0.37720	   0.00828	[mu,kappa]: [(89.31653,65.07406),0.07323]
	   1.42129	   0.01813	[mu,kappa]: [(144.42585,75.17450),9.96502]
	   1.79805	   0.02168	[mu,kappa]: [(148.12571,74.58427),11.31512]
			msglen: 2101.20728 bits.
Iteration #: 13
	  16.82462	   0.16344	[mu,kappa]: [(87.15405,77.39356),19.46582]
	   7.03228	   0.07106	[mu,kappa]: [(17.96744,59.44129),10.00340]
	   2.44577	   0.02779	[mu,kappa]: [(156.12145,71.69396),16.07131]
	   0.23270	   0.00691	[mu,kappa]: [(85.73797,65.43453),1.76885]
	   8.48487	   0.08476	[mu,kappa]: [(54.70644,62.93028),8.98678]
	  30.18440	   0.28948	[mu,kappa]: [(65.41665,70.69308),42.68068]
	  32.43298	   0.31069	[mu,kappa]: [(55.51679,71.87725),34.34951]
	   0.23966	   0.00698	[mu,kappa]: [(85.76534,65.43919),1.76963]
	   1.39076	   0.01784	[mu,kappa]: [(145.73401,75.35308),12.62088]
	   1.73195	   0.02106	[mu,kappa]: [(150.43443,74.30419),13.69313]
			msglen: 2163.13770 bits.
Iteration #: 14
	  17.21165	   0.16709	[mu,kappa]: [(87.43519,77.43036),19.79694]
	   6.83739	   0.06922	[mu,kappa]: [(16.37152,59.27344),10.97693]
	   2.35162	   0.02690	[mu,kappa]: [(159.61197,67.23440),17.59060]
	   0.34244	   0.00795	[mu,kappa]: [(82.95394,69.34630),3.61189]
	   7.92051	   0.07944	[mu,kappa]: [(54.02799,61.37484),9.36322]
	  30.27730	   0.29035	[mu,kappa]: [(65.82587,70.52596),45.69670]
	  32.61682	   0.31242	[mu,kappa]: [(54.87068,72.09542),35.62273]
	   0.34574	   0.00798	[mu,kappa]: [(82.97671,69.34979),3.61260]
	   1.41996	   0.01811	[mu,kappa]: [(144.43079,77.40827),15.17903]
	   1.67657	   0.02053	[mu,kappa]: [(151.17561,75.25776),14.93394]
			msglen: 2168.61521 bits.
Iteration #: 15
	  17.27747	   0.16771	[mu,kappa]: [(87.54307,77.46269),19.90821]
	   6.61397	   0.06711	[mu,kappa]: [(14.97528,59.10468),11.90298]
	   2.30770	   0.02649	[mu,kappa]: [(163.40463,57.67057),20.93630]
	   0.52111	   0.00963	[mu,kappa]: [(80.93104,70.68191),6.14926]
	   7.59773	   0.07639	[mu,kappa]: [(53.36614,59.85431),9.81078]
	  30.33024	   0.29085	[mu,kappa]: [(66.28494,70.37890),49.28153]
	  32.71923	   0.31339	[mu,kappa]: [(54.27367,72.36992),37.03949]
	   0.52317	   0.00965	[mu,kappa]: [(80.95290,70.68685),6.15004]
	   1.51143	   0.01898	[mu,kappa]: [(141.11309,80.35021),20.03218]
	   1.59795	   0.01979	[mu,kappa]: [(150.68237,77.36473),16.35663]
			msglen: 2172.91094 bits.
Iteration #: 16
	  17.12577	   0.16628	[mu,kappa]: [(87.56302,77.54263),19.99160]
	   6.39478	   0.06505	[mu,kappa]: [(13.73931,58.93523),12.86748]
	   2.30990	   0.02651	[mu,kappa]: [(166.25543,42.33270),31.17962]
	   0.75289	   0.01182	[mu,kappa]: [(79.63239,71.13086),9.16238]
	   7.50580	   0.07553	[mu,kappa]: [(52.72289,58.37327),10.43477]
	  30.26986	   0.29028	[mu,kappa]: [(66.74750,70.23890),53.48851]
	  32.73470	   0.31353	[mu,kappa]: [(53.73665,72.69759),38.77677]
	   0.75440	   0.01183	[mu,kappa]: [(79.65480,71.13785),9.16361]
	   1.70329	   0.02079	[mu,kappa]: [(137.53644,82.41375),30.00426]
	   1.44862	   0.01838	[mu,kappa]: [(149.08644,80.75047),19.50581]
			msglen: 2176.86803 bits.
Iteration #: 17
	  16.87173	   0.16388	[mu,kappa]: [(87.59052,77.68310),20.05157]
	   6.18991	   0.06311	[mu,kappa]: [(12.64351,58.82608),13.89777]
	   2.35439	   0.02693	[mu,kappa]: [(166.95698,31.31913),47.84317]
	   1.02210	   0.01436	[mu,kappa]: [(79.02466,71.41314),12.30069]
	   7.65472	   0.07693	[mu,kappa]: [(52.12907,56.93981),11.36805]
	  30.05862	   0.28829	[mu,kappa]: [(67.17800,70.09916),58.31095]
	  32.65413	   0.31277	[mu,kappa]: [(53.28874,73.09334),41.02379]
	   1.02334	   0.01437	[mu,kappa]: [(79.04842,71.42230),12.30362]
	   1.87221	   0.02238	[mu,kappa]: [(135.40044,82.76815),39.42941]
	   1.29886	   0.01697	[mu,kappa]: [(147.94822,84.73153),26.63932]
			msglen: 2180.55068 bits.
Iteration #: 18
	  16.59524	   0.16128	[mu,kappa]: [(87.69393,77.85961),20.01389]
	   6.01043	   0.06142	[mu,kappa]: [(11.66647,58.85799),15.01111]
	   2.29608	   0.02638	[mu,kappa]: [(166.84115,25.72733),56.84406]
	   1.31526	   0.01713	[mu,kappa]: [(79.11779,71.65413),15.43152]
	   8.06176	   0.08077	[mu,kappa]: [(51.59907,55.60873),12.73850]
	  29.69977	   0.28490	[mu,kappa]: [(67.55787,69.95920),63.65148]
	  32.44639	   0.31081	[mu,kappa]: [(52.95954,73.58250),44.03718]
	   1.31640	   0.01714	[mu,kappa]: [(79.14335,71.66515),15.43783]
	   1.88179	   0.02247	[mu,kappa]: [(133.71066,81.66444),43.81357]
	   1.37688	   0.01771	[mu,kappa]: [(149.29404,88.44479),40.77658]
			msglen: 2182.90510 bits.
Iteration #: 19
	  16.24294	   0.15795	[mu,kappa]: [(87.74577,78.07682),20.07322]
	   5.86462	   0.06004	[mu,kappa]: [(10.81807,59.12456),16.20245]
	   2.14726	   0.02497	[mu,kappa]: [(166.54967,19.59605),68.78159]
	   1.61913	   0.01999	[mu,kappa]: [(79.60551,71.86692),18.76994]
	   8.72872	   0.08706	[mu,kappa]: [(51.11962,54.45909),14.62904]
	  29.23502	   0.28052	[mu,kappa]: [(67.88145,69.82209),69.34495]
	  32.07538	   0.30731	[mu,kappa]: [(52.76410,74.18747),48.21656]
	   1.62036	   0.02000	[mu,kappa]: [(79.63218,71.87896),18.78089]
	   1.84502	   0.02212	[mu,kappa]: [(131.31199,79.57302),51.29455]
	   1.62155	   0.02001	[mu,kappa]: [(151.21385,91.32800),67.11427]
			msglen: 2184.76941 bits.
Iteration #: 20
	  15.79115	   0.15369	[mu,kappa]: [(87.65317,78.35701),20.38797]
	   5.75814	   0.05904	[mu,kappa]: [(10.13315,59.70370),17.40269]
	   2.03104	   0.02388	[mu,kappa]: [(166.18419,14.60833),87.61605]
	   1.93492	   0.02297	[mu,kappa]: [(80.29859,71.96850),22.34857]
	   9.60864	   0.09536	[mu,kappa]: [(50.67943,53.55059),16.99124]
	  28.71470	   0.27561	[mu,kappa]: [(68.14655,69.68730),75.20630]
	  31.52337	   0.30211	[mu,kappa]: [(52.69456,74.90510),54.14832]
	   1.93641	   0.02299	[mu,kappa]: [(80.32484,71.98038),22.36276]
	   1.84415	   0.02211	[mu,kappa]: [(128.94547,77.51645),70.01315]
	   1.85747	   0.02224	[mu,kappa]: [(151.90739,92.73108),90.77508]
			msglen: 2186.47614 bits.
Iteration #: 21
	  15.31533	   0.14920	[mu,kappa]: [(87.53169,78.69747),20.76326]
	   5.69412	   0.05844	[mu,kappa]: [(9.65180,60.60229),18.46374]
	   2.00184	   0.02360	[mu,kappa]: [(166.05678,13.22676),96.30238]
	   2.26621	   0.02610	[mu,kappa]: [(81.06396,71.84601),25.72645]
	  10.56589	   0.10440	[mu,kappa]: [(50.28554,52.91252),19.57337]
	  28.21249	   0.27087	[mu,kappa]: [(68.35094,69.55540),81.07815]
	  30.84192	   0.29568	[mu,kappa]: [(52.71613,75.67316),62.38018]
	   2.26804	   0.02611	[mu,kappa]: [(81.08832,71.85681),25.73834]
	   1.85598	   0.02223	[mu,kappa]: [(127.57317,76.16860),92.28114]
	   1.97818	   0.02338	[mu,kappa]: [(151.74957,93.22299),97.99509]
			msglen: 2187.14625 bits.
Iteration #: 22
	  14.85175	   0.14483	[mu,kappa]: [(87.46154,79.10891),21.01829]
	   5.67065	   0.05821	[mu,kappa]: [(9.39123,61.70783),19.20112]
	   1.99999	   0.02358	[mu,kappa]: [(166.04338,13.10344),97.33379]
	   2.60357	   0.02928	[mu,kappa]: [(81.75241,71.48166),28.49857]
	  11.39329	   0.11220	[mu,kappa]: [(49.95893,52.54424),21.90676]
	  27.82345	   0.26720	[mu,kappa]: [(68.49196,69.43929),86.76154]
	  30.16129	   0.28926	[mu,kappa]: [(52.76676,76.35140),72.43541]
	   2.60565	   0.02930	[mu,kappa]: [(81.77426,71.49125),28.50289]
	   1.88830	   0.02253	[mu,kappa]: [(127.20063,75.73416),99.99109]
	   2.00206	   0.02360	[mu,kappa]: [(151.66710,93.30815),98.80539]
			msglen: 2187.01049 bits.
			N: 101
		21.65357 bpr
Null model msglen: 2381.88953 bits.	(23.58306 bpr)
