Iteration #: 0
	   2.00000	   0.02304	[mu,kappa]: [(72.15244,69.00028),278.00000]
	   6.00000	   0.05991	[mu,kappa]: [(63.28199,68.33559),6.65045]
	   7.00000	   0.06912	[mu,kappa]: [(52.01540,71.89724),6.35754]
	   5.00000	   0.05069	[mu,kappa]: [(62.65971,79.68539),8.34718]
	   6.00000	   0.05991	[mu,kappa]: [(62.48158,68.84429),10.89196]
	   4.00000	   0.04147	[mu,kappa]: [(90.88535,68.00598),3.03051]
	   5.00000	   0.05069	[mu,kappa]: [(58.59442,72.30630),13.57863]
	   7.00000	   0.06912	[mu,kappa]: [(60.80314,76.54555),27.69746]
	  11.00000	   0.10599	[mu,kappa]: [(72.59460,70.80871),5.11546]
	   3.00000	   0.03226	[mu,kappa]: [(54.61551,67.13443),15.49097]
	   6.00000	   0.05991	[mu,kappa]: [(80.05262,67.59382),3.74638]
	   9.00000	   0.08756	[mu,kappa]: [(63.37946,73.75691),6.48116]
	   8.00000	   0.07834	[mu,kappa]: [(58.45714,68.81043),23.76791]
	   9.00000	   0.08756	[mu,kappa]: [(82.88665,73.49493),2.71054]
	  13.00000	   0.12442	[mu,kappa]: [(59.07777,72.05240),8.85715]
			msglen: 2236.26832 bits.
Iteration #: 1
	   5.24002	   0.05290	[mu,kappa]: [(71.51028,68.69874),189.66494]
	   5.27725	   0.05325	[mu,kappa]: [(62.15131,70.50362),5.79759]
	   6.23412	   0.06207	[mu,kappa]: [(49.06056,70.01221),5.22390]
	   4.61841	   0.04717	[mu,kappa]: [(63.30801,73.81525),6.87206]
	   6.25766	   0.06228	[mu,kappa]: [(62.63964,70.29116),11.44790]
	   3.50991	   0.03696	[mu,kappa]: [(108.23797,72.77258),3.06212]
	   5.70494	   0.05719	[mu,kappa]: [(59.47508,71.45302),13.76048]
	   9.84571	   0.09535	[mu,kappa]: [(60.32056,74.25102),35.34684]
	   8.56772	   0.08357	[mu,kappa]: [(71.67377,72.59804),5.06289]
	   3.69576	   0.03867	[mu,kappa]: [(55.89415,69.22564),23.60876]
	   4.62340	   0.04722	[mu,kappa]: [(83.81180,72.71139),1.37076]
	   7.66635	   0.07527	[mu,kappa]: [(62.70951,72.05670),6.73826]
	  10.64515	   0.10272	[mu,kappa]: [(58.95173,70.71575),28.63487]
	   7.03694	   0.06946	[mu,kappa]: [(96.55781,73.08745),1.38559]
	  12.07666	   0.11591	[mu,kappa]: [(59.48042,71.04659),10.91948]
			msglen: 2252.50730 bits.
Iteration #: 2
	   8.81783	   0.08588	[mu,kappa]: [(71.16830,68.33405),171.69802]
	   4.53039	   0.04636	[mu,kappa]: [(62.11594,71.23247),3.87462]
	   5.40732	   0.05445	[mu,kappa]: [(43.90265,68.91986),3.75212]
	   4.17342	   0.04307	[mu,kappa]: [(64.58989,72.39023),9.43718]
	   6.24456	   0.06216	[mu,kappa]: [(63.75850,70.82920),10.10168]
	   3.24351	   0.03450	[mu,kappa]: [(120.31913,76.01977),4.42362]
	   5.92486	   0.05922	[mu,kappa]: [(60.33559,71.03374),11.84854]
	  12.53397	   0.12013	[mu,kappa]: [(59.65074,73.93023),41.78082]
	   6.94785	   0.06864	[mu,kappa]: [(72.88391,73.45961),4.80427]
	   4.51581	   0.04623	[mu,kappa]: [(56.12086,70.60015),16.93354]
	   3.14685	   0.03361	[mu,kappa]: [(94.99534,72.70482),2.06095]
	   6.63480	   0.06576	[mu,kappa]: [(63.61078,71.71116),6.04844]
	  12.69601	   0.12162	[mu,kappa]: [(58.78203,71.83780),31.95530]
	   4.81735	   0.04901	[mu,kappa]: [(110.74137,72.84991),0.70696]
	  11.36546	   0.10936	[mu,kappa]: [(60.57115,70.70718),11.75722]
			msglen: 2241.87655 bits.
Iteration #: 3
	  11.58660	   0.11140	[mu,kappa]: [(71.01942,68.10846),162.26011]
	   3.69987	   0.03871	[mu,kappa]: [(60.00625,71.58383),5.07569]
	   4.73190	   0.04822	[mu,kappa]: [(35.46264,67.88961),2.58727]
	   4.10952	   0.04248	[mu,kappa]: [(66.42138,71.97490),12.11124]
	   5.98542	   0.05977	[mu,kappa]: [(65.19785,71.07187),8.06992]
	   3.68266	   0.03855	[mu,kappa]: [(131.04309,77.55293),6.36456]
	   5.78905	   0.05796	[mu,kappa]: [(61.14467,70.51097),9.11188]
	  14.80586	   0.14107	[mu,kappa]: [(58.62881,74.19734),48.56150]
	   5.74850	   0.05759	[mu,kappa]: [(74.47305,73.90673),4.02286]
	   4.78528	   0.04871	[mu,kappa]: [(55.95456,70.08924),11.79380]
	   2.51260	   0.02777	[mu,kappa]: [(105.36888,74.09021),2.90975]
	   5.72267	   0.05735	[mu,kappa]: [(64.21168,71.64722),4.77501]
	  14.09356	   0.13450	[mu,kappa]: [(58.03109,72.57667),34.55287]
	   3.05833	   0.03280	[mu,kappa]: [(120.79059,69.21237),1.87526]
	  10.68819	   0.10312	[mu,kappa]: [(61.38093,70.38567),11.37193]
			msglen: 2236.14898 bits.
Iteration #: 4
	  13.66346	   0.13054	[mu,kappa]: [(71.00857,67.97839),155.28776]
	   3.33599	   0.03535	[mu,kappa]: [(57.84246,70.64717),6.50149]
	   4.05595	   0.04199	[mu,kappa]: [(27.04713,66.94158),5.26102]
	   4.28275	   0.04408	[mu,kappa]: [(68.48972,71.96676),0.02417]
	   5.61149	   0.05633	[mu,kappa]: [(66.65860,71.32405),6.23781]
	   3.91930	   0.04073	[mu,kappa]: [(139.50866,77.36327),8.18568]
	   5.49176	   0.05522	[mu,kappa]: [(61.91333,70.06613),6.60716]
	  16.93058	   0.16065	[mu,kappa]: [(57.59010,74.67361),56.60397]
	   4.61547	   0.04715	[mu,kappa]: [(74.01585,73.93497),2.64511]
	   4.76105	   0.04849	[mu,kappa]: [(55.65620,68.67396),7.59842]
	   2.07874	   0.02377	[mu,kappa]: [(109.22998,75.29946),4.03469]
	   4.83901	   0.04921	[mu,kappa]: [(62.82213,71.57120),3.21487]
	  15.02851	   0.14312	[mu,kappa]: [(57.11472,73.03598),36.65388]
	   2.31278	   0.02592	[mu,kappa]: [(128.93885,70.61181),3.13687]
	  10.07318	   0.09745	[mu,kappa]: [(62.23273,69.98556),10.32447]
			msglen: 2191.45823 bits.
Iteration #: 5
	  16.11976	   0.15318	[mu,kappa]: [(71.15485,67.87983),147.35739]
	   3.33762	   0.03537	[mu,kappa]: [(60.49418,69.72543),8.63397]
	   4.02398	   0.04170	[mu,kappa]: [(22.84120,62.86308),9.20858]
	   1.59494	   0.01931	[mu,kappa]: [(84.93876,67.81565),1.56334]
	   5.52545	   0.05553	[mu,kappa]: [(70.18653,72.05297),5.53160]
	   3.59140	   0.03771	[mu,kappa]: [(145.04159,77.00604),10.34604]
	   5.34366	   0.05386	[mu,kappa]: [(65.04272,70.43890),5.29729]
	  19.50573	   0.18438	[mu,kappa]: [(56.84047,75.18230),65.28412]
	   3.43437	   0.03626	[mu,kappa]: [(74.57017,73.65684),4.86875]
	   4.68045	   0.04775	[mu,kappa]: [(57.58849,68.09625),5.08440]
	   1.91442	   0.02225	[mu,kappa]: [(104.11285,77.23368),6.59035]
	   3.82921	   0.03990	[mu,kappa]: [(64.41102,71.82681),5.41307]
	  16.01642	   0.15223	[mu,kappa]: [(56.47778,73.18107),37.32407]
	   1.81884	   0.02137	[mu,kappa]: [(128.28043,73.71546),4.67439]
	  10.26376	   0.09921	[mu,kappa]: [(65.13918,69.94027),9.60630]
			msglen: 2222.38940 bits.
Iteration #: 6
	  17.31512	   0.16419	[mu,kappa]: [(71.22005,67.82278),142.02462]
	   3.38666	   0.03582	[mu,kappa]: [(62.37618,68.66667),10.82685]
	   4.96179	   0.05034	[mu,kappa]: [(16.76345,59.61698),8.27008]
	   1.10867	   0.01483	[mu,kappa]: [(85.14236,70.99248),2.82376]
	   4.96414	   0.05036	[mu,kappa]: [(72.35132,72.41187),4.76272]
	   3.86653	   0.04024	[mu,kappa]: [(153.28357,74.11714),13.86805]
	   4.67557	   0.04770	[mu,kappa]: [(66.85480,70.71480),4.07666]
	  20.81041	   0.19641	[mu,kappa]: [(56.23775,75.61041),74.16461]
	   3.13477	   0.03350	[mu,kappa]: [(76.14921,73.73202),8.21332]
	   4.03996	   0.04184	[mu,kappa]: [(58.32977,68.28628),7.28485]
	   2.04491	   0.02346	[mu,kappa]: [(99.06714,78.42271),11.25241]
	   3.47839	   0.03667	[mu,kappa]: [(66.52316,71.05246),7.98968]
	  15.66023	   0.14894	[mu,kappa]: [(55.79520,72.92742),36.41434]
	   1.63905	   0.01971	[mu,kappa]: [(131.67516,74.49026),5.64983]
	   9.91382	   0.09598	[mu,kappa]: [(67.59518,70.00134),9.12161]
			msglen: 2222.85777 bits.
Iteration #: 7
	  18.04639	   0.17093	[mu,kappa]: [(71.18740,67.82266),138.97415]
	   3.54810	   0.03731	[mu,kappa]: [(63.15800,67.71231),12.63048]
	   5.55728	   0.05583	[mu,kappa]: [(14.39103,58.37193),10.10177]
	   0.99376	   0.01377	[mu,kappa]: [(82.82000,73.32640),5.18398]
	   4.19139	   0.04324	[mu,kappa]: [(73.31982,72.43074),7.83256]
	   3.97731	   0.04127	[mu,kappa]: [(157.78102,71.73014),17.45599]
	   3.73315	   0.03902	[mu,kappa]: [(67.48230,70.75027),6.74105]
	  21.73843	   0.20496	[mu,kappa]: [(55.79950,75.97087),82.42938]
	   3.38616	   0.03582	[mu,kappa]: [(78.55565,74.37337),12.29178]
	   3.85088	   0.04010	[mu,kappa]: [(58.91001,66.92859),9.75380]
	   2.69889	   0.02948	[mu,kappa]: [(95.83719,79.22140),18.40009]
	   3.49936	   0.03686	[mu,kappa]: [(68.41514,70.53458),10.57202]
	  14.92392	   0.14216	[mu,kappa]: [(55.05858,72.30722),33.67628]
	   1.40704	   0.01758	[mu,kappa]: [(131.14049,76.46606),7.34587]
	   9.44796	   0.09169	[mu,kappa]: [(69.40439,70.24984),8.72325]
			msglen: 2226.73838 bits.
Iteration #: 8
	  18.14075	   0.17180	[mu,kappa]: [(71.02159,67.87601),138.81974]
	   3.58463	   0.03765	[mu,kappa]: [(62.56749,66.54217),14.15500]
	   6.13745	   0.06117	[mu,kappa]: [(13.17201,58.24342),12.68643]
	   1.11382	   0.01487	[mu,kappa]: [(83.07183,74.35539),8.36836]
	   3.90208	   0.04057	[mu,kappa]: [(74.62673,72.46370),10.69892]
	   4.03493	   0.04180	[mu,kappa]: [(159.91375,69.69749),19.14523]
	   3.36405	   0.03561	[mu,kappa]: [(67.97948,69.96685),9.32782]
	  22.38053	   0.21088	[mu,kappa]: [(55.45777,76.25712),89.92026]
	   3.68474	   0.03857	[mu,kappa]: [(80.88237,75.35063),16.30500]
	   3.77970	   0.03944	[mu,kappa]: [(57.94671,64.99893),12.32140]
	   3.60073	   0.03779	[mu,kappa]: [(94.25148,80.25429),23.39628]
	   3.46798	   0.03657	[mu,kappa]: [(69.29131,70.15488),12.55506]
	  13.95210	   0.13320	[mu,kappa]: [(54.13472,71.23856),29.86468]
	   1.47050	   0.01816	[mu,kappa]: [(129.79024,78.68176),11.93837]
	   8.38601	   0.08190	[mu,kappa]: [(70.12753,70.25481),8.08004]
			msglen: 2230.53338 bits.
Iteration #: 9
	  18.26610	   0.17296	[mu,kappa]: [(70.80297,67.95608),139.85861]
	   3.58022	   0.03761	[mu,kappa]: [(61.31283,65.24706),15.81524]
	   6.23711	   0.06209	[mu,kappa]: [(12.41926,58.75758),14.51449]
	   1.32110	   0.01678	[mu,kappa]: [(83.87646,75.20221),12.22968]
	   3.71897	   0.03888	[mu,kappa]: [(75.83145,72.68856),13.52249]
	   3.86909	   0.04027	[mu,kappa]: [(161.90836,66.31896),21.13729]
	   3.15438	   0.03368	[mu,kappa]: [(67.98720,69.23182),11.72743]
	  23.25725	   0.21896	[mu,kappa]: [(55.20248,76.47957),96.10060]
	   4.00277	   0.04150	[mu,kappa]: [(82.68673,76.18686),20.67410]
	   3.81740	   0.03979	[mu,kappa]: [(56.32046,62.92629),15.28365]
	   4.38858	   0.04506	[mu,kappa]: [(92.73988,81.49798),14.19779]
	   3.37654	   0.03573	[mu,kappa]: [(69.73002,69.85897),14.37842]
	  13.15679	   0.12587	[mu,kappa]: [(53.09854,69.66865),25.82687]
	   1.80330	   0.02123	[mu,kappa]: [(129.50359,79.67141),22.24264]
	   7.05039	   0.06959	[mu,kappa]: [(70.21485,70.00116),7.28863]
			msglen: 2232.60278 bits.
Iteration #: 10
	  18.44072	   0.17457	[mu,kappa]: [(70.58532,68.04634),140.92267]
	   3.56232	   0.03744	[mu,kappa]: [(59.94783,64.25654),17.44245]
	   6.05307	   0.06040	[mu,kappa]: [(11.45782,59.18143),15.70216]
	   1.64451	   0.01977	[mu,kappa]: [(84.87881,76.28824),17.62541]
	   3.69677	   0.03868	[mu,kappa]: [(77.52595,73.37410),16.73934]
	   3.59474	   0.03774	[mu,kappa]: [(164.02172,61.36936),25.35643]
	   3.03636	   0.03259	[mu,kappa]: [(68.21076,69.06800),13.83077]
	  24.22728	   0.22790	[mu,kappa]: [(54.99914,76.64335),100.58060]
	   4.55512	   0.04659	[mu,kappa]: [(84.26472,77.11160),13.36282]
	   3.93391	   0.04087	[mu,kappa]: [(54.64268,61.21767),18.35515]
	   4.69745	   0.04790	[mu,kappa]: [(91.72902,81.25478),11.87885]
	   3.29955	   0.03502	[mu,kappa]: [(70.47264,70.03768),16.11129]
	  12.46523	   0.11950	[mu,kappa]: [(52.00586,67.75346),22.27573]
	   2.07841	   0.02376	[mu,kappa]: [(130.73212,80.25969),35.53683]
	   5.71457	   0.05728	[mu,kappa]: [(70.25537,70.13751),6.31794]
			msglen: 2233.77404 bits.
Iteration #: 11
	  18.83483	   0.17820	[mu,kappa]: [(70.42586,68.14217),141.00198]
	   3.54123	   0.03725	[mu,kappa]: [(58.70078,63.65194),19.00119]
	   5.75151	   0.05762	[mu,kappa]: [(10.31197,59.43374),16.70531]
	   2.16920	   0.02460	[mu,kappa]: [(85.82451,77.26927),23.44664]
	   3.91291	   0.04067	[mu,kappa]: [(79.49297,74.22165),20.65163]
	   3.35584	   0.03554	[mu,kappa]: [(165.36233,55.68183),30.34597]
	   2.98811	   0.03215	[mu,kappa]: [(68.88792,69.39467),15.79937]
	  25.14440	   0.23635	[mu,kappa]: [(54.83893,76.75114),103.19905]
	   4.74550	   0.04835	[mu,kappa]: [(85.29327,77.58398),10.89168]
	   4.08209	   0.04223	[mu,kappa]: [(53.19334,59.92070),21.28387]
	   4.68116	   0.04775	[mu,kappa]: [(90.58488,80.44225),10.71822]
	   3.29099	   0.03494	[mu,kappa]: [(71.70837,70.61711),18.07932]
	  11.82498	   0.11359	[mu,kappa]: [(50.97868,65.83194),19.57253]
	   2.21920	   0.02506	[mu,kappa]: [(132.60647,81.49653),43.48633]
	   4.45805	   0.04570	[mu,kappa]: [(70.41187,70.59463),4.92193]
			msglen: 2234.47397 bits.
Iteration #: 12
	  19.23900	   0.18193	[mu,kappa]: [(70.26999,68.20665),140.39997]
	   3.53230	   0.03716	[mu,kappa]: [(57.44755,63.17123),20.53005]
	   5.43801	   0.05473	[mu,kappa]: [(9.18605,59.49468),17.72457]
	   2.85008	   0.03088	[mu,kappa]: [(86.57568,78.26785),27.17814]
	   4.32501	   0.04447	[mu,kappa]: [(81.29255,74.92290),12.44081]
	   3.13131	   0.03347	[mu,kappa]: [(166.25227,48.87867),37.04055]
	   2.97945	   0.03207	[mu,kappa]: [(69.83553,69.87240),17.68153]
	  26.00057	   0.24424	[mu,kappa]: [(54.70311,76.81431),104.44503]
	   4.61302	   0.04712	[mu,kappa]: [(85.96776,77.57927),9.16364]
	   4.26787	   0.04394	[mu,kappa]: [(51.97010,58.76430),12.18541]
	   4.51585	   0.04623	[mu,kappa]: [(89.91634,79.54416),9.39588]
	   3.34044	   0.03540	[mu,kappa]: [(73.21492,71.25614),20.26908]
	  11.23350	   0.10814	[mu,kappa]: [(50.03003,64.19088),17.80960]
	   2.29965	   0.02580	[mu,kappa]: [(134.41115,83.33574),46.39461]
	   3.23392	   0.03441	[mu,kappa]: [(70.61937,71.07205),8.35206]
			msglen: 2233.05035 bits.
			N: 101
		22.10941 bpr
Null model msglen: 2381.88953 bits.	(23.58306 bpr)
