Iteration #: 0
	  13.00000	   0.12796	[mu,kappa]: [(61.93157,64.49803),15.06621]
	   7.00000	   0.07109	[mu,kappa]: [(63.41451,71.36715),11.02028]
	  13.00000	   0.12796	[mu,kappa]: [(77.40625,73.30314),4.30043]
	  12.00000	   0.11848	[mu,kappa]: [(62.14581,69.80531),5.17021]
	  10.00000	   0.09953	[mu,kappa]: [(66.66123,75.40481),4.31288]
	   9.00000	   0.09005	[mu,kappa]: [(49.14150,75.37796),12.14242]
	  13.00000	   0.12796	[mu,kappa]: [(71.91858,70.97875),6.75402]
	  11.00000	   0.10900	[mu,kappa]: [(63.84350,68.88564),7.01405]
	  13.00000	   0.12796	[mu,kappa]: [(65.48139,76.74249),8.19392]
			msglen: 2149.86105 bits.
Iteration #: 1
	  16.35508	   0.15976	[mu,kappa]: [(61.66434,69.08232),23.24639]
	   8.31616	   0.08357	[mu,kappa]: [(62.89882,71.55663),15.46170]
	  11.90103	   0.11755	[mu,kappa]: [(88.47421,72.88076),2.63226]
	  10.47987	   0.10407	[mu,kappa]: [(60.39235,71.12804),5.01287]
	   8.66292	   0.08685	[mu,kappa]: [(68.90315,72.50561),2.91406]
	  10.18649	   0.10129	[mu,kappa]: [(51.67427,72.13659),14.73968]
	  11.83656	   0.11693	[mu,kappa]: [(70.03734,72.32354),8.05239]
	  10.43593	   0.10366	[mu,kappa]: [(62.37366,70.96054),8.96668]
	  12.82596	   0.12631	[mu,kappa]: [(64.56952,73.15299),11.88519]
			msglen: 2209.24726 bits.
Iteration #: 2
	  20.98877	   0.20368	[mu,kappa]: [(61.83648,70.67291),31.03817]
	   9.66659	   0.09637	[mu,kappa]: [(63.08368,71.47895),18.64656]
	   9.86363	   0.09823	[mu,kappa]: [(105.54548,73.52947),1.84531]
	   8.68217	   0.08703	[mu,kappa]: [(56.59642,71.01747),4.63582]
	   6.68502	   0.06810	[mu,kappa]: [(68.56083,72.43962),1.59221]
	  11.02360	   0.10923	[mu,kappa]: [(53.13175,71.06964),17.13552]
	  10.81040	   0.10721	[mu,kappa]: [(69.69832,72.56044),9.75682]
	   9.95641	   0.09911	[mu,kappa]: [(62.35863,71.04699),10.43323]
	  13.32342	   0.13103	[mu,kappa]: [(64.83108,72.13834),15.36903]
			msglen: 2197.24284 bits.
Iteration #: 3
	  24.63677	   0.23826	[mu,kappa]: [(61.87363,71.43910),36.80007]
	  10.46105	   0.10390	[mu,kappa]: [(63.46324,71.33629),18.92876]
	   8.05881	   0.08113	[mu,kappa]: [(119.21693,74.45821),1.76945]
	   7.61138	   0.07689	[mu,kappa]: [(50.58907,70.25275),3.75690]
	   4.97169	   0.05186	[mu,kappa]: [(67.97722,72.50402),0.67832]
	  11.49623	   0.11371	[mu,kappa]: [(53.28303,70.34795),17.84856]
	  10.47588	   0.10404	[mu,kappa]: [(71.56572,72.88644),10.15741]
	   9.54910	   0.09525	[mu,kappa]: [(63.12997,70.85817),10.15766]
	  13.73909	   0.13497	[mu,kappa]: [(65.67039,71.75684),16.34053]
			msglen: 2190.13801 bits.
Iteration #: 4
	  27.53113	   0.26570	[mu,kappa]: [(61.70114,71.92008),41.65015]
	  10.80799	   0.10718	[mu,kappa]: [(63.81534,71.10949),17.69745]
	   6.96860	   0.07079	[mu,kappa]: [(128.34308,75.04917),2.08930]
	   7.04472	   0.07151	[mu,kappa]: [(41.01416,69.04493),3.17907]
	   3.30725	   0.03609	[mu,kappa]: [(75.52357,71.71313),0.33916]
	  11.89347	   0.11747	[mu,kappa]: [(52.60015,69.59956),17.59365]
	  10.44592	   0.10375	[mu,kappa]: [(74.41248,73.51174),9.99734]
	   9.12269	   0.09121	[mu,kappa]: [(63.97969,70.73595),9.06728]
	  13.87823	   0.13629	[mu,kappa]: [(66.66187,71.56177),15.89177]
			msglen: 2184.37072 bits.
Iteration #: 5
	  30.18032	   0.29081	[mu,kappa]: [(61.44872,72.26761),46.13453]
	  10.85051	   0.10759	[mu,kappa]: [(64.15492,70.77526),16.15261]
	   6.47760	   0.06614	[mu,kappa]: [(135.67778,75.21108),2.83192]
	   6.54460	   0.06677	[mu,kappa]: [(30.72208,67.17025),3.32615]
	   2.01144	   0.02381	[mu,kappa]: [(87.96225,70.77635),0.20016]
	  12.25412	   0.12089	[mu,kappa]: [(51.55499,68.75660),17.16989]
	  10.41817	   0.10349	[mu,kappa]: [(77.44564,74.24988),10.07283]
	   8.50319	   0.08534	[mu,kappa]: [(64.66563,70.67480),7.95228]
	  13.76005	   0.13517	[mu,kappa]: [(67.72061,71.41989),15.18462]
			msglen: 2179.03912 bits.
Iteration #: 6
	  32.69659	   0.31466	[mu,kappa]: [(61.21485,72.53527),49.86984]
	  10.69089	   0.10607	[mu,kappa]: [(64.55788,70.37251),14.75322]
	   6.30557	   0.06451	[mu,kappa]: [(141.33464,75.18371),3.99242]
	   6.10388	   0.06260	[mu,kappa]: [(23.05784,64.69946),4.34881]
	   1.13037	   0.01545	[mu,kappa]: [(92.80923,69.85783),0.01999]
	  12.55704	   0.12376	[mu,kappa]: [(50.49488,67.85912),16.88387]
	  10.36984	   0.10303	[mu,kappa]: [(80.15438,74.96628),10.65681]
	   7.65303	   0.07728	[mu,kappa]: [(65.17369,70.63361),7.00663]
	  13.49279	   0.13263	[mu,kappa]: [(68.86824,71.31600),14.65967]
			msglen: 2142.90234 bits.
Iteration #: 7
	  34.97886	   0.33629	[mu,kappa]: [(61.02201,72.73574),52.45891]
	  10.40414	   0.10336	[mu,kappa]: [(65.07202,69.96607),13.64881]
	   6.13928	   0.06293	[mu,kappa]: [(145.58715,74.86428),5.21036]
	   5.87341	   0.06041	[mu,kappa]: [(18.31657,62.17038),6.18573]
	   0.58219	   0.01026	[mu,kappa]: [(91.12860,68.75789),0.08140]
	  12.76126	   0.12570	[mu,kappa]: [(49.72161,66.97693),16.90396]
	  10.43835	   0.10368	[mu,kappa]: [(82.31259,75.62374),11.76610]
	   6.62440	   0.06753	[mu,kappa]: [(65.72646,70.60556),6.19623]
	  13.19812	   0.12984	[mu,kappa]: [(70.11323,71.26380),14.42658]
			msglen: 2139.80021 bits.
Iteration #: 8
	  36.93719	   0.35485	[mu,kappa]: [(60.84461,72.87802),53.89164]
	  10.02466	   0.09976	[mu,kappa]: [(65.57705,69.56512),12.83604]
	   5.87991	   0.06047	[mu,kappa]: [(148.82172,74.27774),6.27632]
	   5.78799	   0.05960	[mu,kappa]: [(15.36172,60.56636),8.39149]
	   0.34368	   0.00800	[mu,kappa]: [(92.24655,68.98633),1.63563]
	  12.92586	   0.12726	[mu,kappa]: [(49.31932,66.13888),17.26396]
	  10.68427	   0.10601	[mu,kappa]: [(83.91035,76.16398),13.14694]
	   5.50424	   0.05691	[mu,kappa]: [(66.40564,70.54372),5.31190]
	  12.91220	   0.12713	[mu,kappa]: [(71.31139,71.22650),14.44638]
			msglen: 2168.85093 bits.
Iteration #: 9
	  38.56132	   0.37025	[mu,kappa]: [(60.67122,72.97792),54.44221]
	   9.56695	   0.09542	[mu,kappa]: [(65.89918,69.15545),12.22730]
	   5.62143	   0.05802	[mu,kappa]: [(151.19409,73.65392),7.15351]
	   5.69534	   0.05872	[mu,kappa]: [(13.24646,60.06634),10.50782]
	   0.40525	   0.00858	[mu,kappa]: [(93.44740,72.76260),3.25687]
	  13.17347	   0.12961	[mu,kappa]: [(49.14907,65.36097),17.79731]
	  11.01387	   0.10914	[mu,kappa]: [(84.98588,76.55104),14.50235]
	   4.34982	   0.04597	[mu,kappa]: [(67.07431,70.46097),3.95786]
	  12.61254	   0.12429	[mu,kappa]: [(72.30556,71.16201),14.64943]
			msglen: 2169.03580 bits.
Iteration #: 10
	  39.93279	   0.38325	[mu,kappa]: [(60.51913,73.04590),54.41343]
	   9.08437	   0.09085	[mu,kappa]: [(66.01119,68.75086),11.70831]
	   5.42105	   0.05612	[mu,kappa]: [(152.74559,73.21145),7.76478]
	   5.52820	   0.05714	[mu,kappa]: [(11.61704,59.95867),12.41913]
	   0.55039	   0.00996	[mu,kappa]: [(93.51506,74.77825),5.54585]
	  13.58759	   0.13353	[mu,kappa]: [(49.05429,64.64941),18.27795]
	  11.40851	   0.11288	[mu,kappa]: [(85.65768,76.81692),15.67909]
	   3.13172	   0.03442	[mu,kappa]: [(68.02968,70.55038),6.71181]
	  12.35538	   0.12185	[mu,kappa]: [(73.10782,71.07445),14.98134]
			msglen: 2170.23361 bits.
Iteration #: 11
	  40.63095	   0.38987	[mu,kappa]: [(60.38033,73.10198),54.29083]
	   8.43433	   0.08469	[mu,kappa]: [(65.86212,68.42464),11.10072]
	   5.43256	   0.05623	[mu,kappa]: [(153.34514,73.16968),8.25449]
	   5.45161	   0.05641	[mu,kappa]: [(10.06322,59.62283),14.62158]
	   0.77007	   0.01204	[mu,kappa]: [(94.00657,76.06617),8.70902]
	  13.96438	   0.13710	[mu,kappa]: [(48.86965,64.08181),18.54189]
	  11.62555	   0.11493	[mu,kappa]: [(86.15071,77.04498),16.35916]
	   2.76932	   0.03099	[mu,kappa]: [(68.32698,70.13137),10.01037]
	  11.92122	   0.11774	[mu,kappa]: [(73.72356,71.01876),15.29467]
			msglen: 2171.95660 bits.
Iteration #: 12
	  41.17299	   0.39500	[mu,kappa]: [(60.27468,73.14375),54.14875]
	   7.74230	   0.07813	[mu,kappa]: [(65.54775,68.15120),10.42577]
	   5.42629	   0.05617	[mu,kappa]: [(153.60892,73.20706),8.48919]
	   5.27543	   0.05474	[mu,kappa]: [(8.81078,59.09938),16.77534]
	   1.05865	   0.01477	[mu,kappa]: [(94.32472,76.92705),12.47077]
	  14.34906	   0.14075	[mu,kappa]: [(48.69738,63.64409),18.70264]
	  11.71617	   0.11579	[mu,kappa]: [(86.39756,77.20149),16.77141]
	   2.75912	   0.03089	[mu,kappa]: [(68.29738,69.63763),13.50770]
	  11.50000	   0.11374	[mu,kappa]: [(74.20064,70.96695),15.65907]
			msglen: 2173.50077 bits.
Iteration #: 13
	  41.58435	   0.39890	[mu,kappa]: [(60.19633,73.17574),54.00029]
	   7.02657	   0.07134	[mu,kappa]: [(65.11587,67.93083),9.62724]
	   5.42605	   0.05617	[mu,kappa]: [(153.70978,73.26333),8.60413]
	   5.07516	   0.05285	[mu,kappa]: [(7.72497,58.23924),18.80369]
	   1.40065	   0.01802	[mu,kappa]: [(94.16082,77.56639),16.00647]
	  14.73243	   0.14438	[mu,kappa]: [(48.51808,63.32230),18.78133]
	  11.70221	   0.11566	[mu,kappa]: [(86.46240,77.28904),16.99865]
	   2.92323	   0.03245	[mu,kappa]: [(68.30242,69.17652),17.09682]
	  11.12935	   0.11023	[mu,kappa]: [(74.58715,70.91728),16.05344]
			msglen: 2174.65858 bits.
Iteration #: 14
	  41.88285	   0.40173	[mu,kappa]: [(60.13328,73.20285),53.86308]
	   6.28706	   0.06433	[mu,kappa]: [(64.61233,67.76271),8.65852]
	   5.43775	   0.05628	[mu,kappa]: [(153.69277,73.29945),8.65765]
	   4.88153	   0.05101	[mu,kappa]: [(6.77106,57.02906),20.76197]
	   1.76432	   0.02146	[mu,kappa]: [(93.53238,78.12341),18.80270]
	  15.11086	   0.14797	[mu,kappa]: [(48.33216,63.08771),18.82087]
	  11.61321	   0.11482	[mu,kappa]: [(86.41834,77.31177),17.08183]
	   3.19943	   0.03507	[mu,kappa]: [(68.52005,68.80554),7.13821]
	  10.82298	   0.10733	[mu,kappa]: [(74.91683,70.86823),16.44845]
			msglen: 2173.34894 bits.
Iteration #: 15
	  42.83397	   0.41075	[mu,kappa]: [(60.20245,73.16581),53.73742]
	   5.53419	   0.05720	[mu,kappa]: [(64.29954,67.69057),7.66904]
	   5.41390	   0.05606	[mu,kappa]: [(153.82862,73.28636),8.69266]
	   4.65801	   0.04889	[mu,kappa]: [(5.80998,55.12980),22.83610]
	   2.10393	   0.02468	[mu,kappa]: [(92.29883,78.48753),21.02578]
	  15.36452	   0.15037	[mu,kappa]: [(48.39113,63.05604),18.86893]
	  11.47574	   0.11351	[mu,kappa]: [(86.00341,77.02461),17.21920]
	   2.83433	   0.03161	[mu,kappa]: [(68.19722,69.12121),10.91386]
	  10.78141	   0.10693	[mu,kappa]: [(75.12981,70.68619),17.36865]
			msglen: 2173.71583 bits.
Iteration #: 16
	  43.08089	   0.41309	[mu,kappa]: [(60.19341,73.15555),53.47031]
	   4.74179	   0.04969	[mu,kappa]: [(63.89319,67.72255),6.16426]
	   5.47835	   0.05667	[mu,kappa]: [(153.49551,73.30018),8.67991]
	   4.53348	   0.04771	[mu,kappa]: [(5.13705,53.23890),25.00766]
	   2.48277	   0.02827	[mu,kappa]: [(91.36530,79.10536),22.79320]
	  15.77654	   0.15428	[mu,kappa]: [(48.17337,62.92488),18.87346]
	  11.34223	   0.11225	[mu,kappa]: [(85.90998,76.92194),17.00538]
	   2.86285	   0.03188	[mu,kappa]: [(67.86329,68.83334),14.57734]
	  10.70110	   0.10617	[mu,kappa]: [(75.38335,70.58994),17.92161]
			msglen: 2173.97882 bits.
Iteration #: 17
	  43.25227	   0.41471	[mu,kappa]: [(60.16954,73.15669),53.27028]
	   3.84202	   0.04116	[mu,kappa]: [(63.82882,67.94936),4.14575]
	   5.49862	   0.05686	[mu,kappa]: [(153.34341,73.26450),8.62897]
	   4.39788	   0.04643	[mu,kappa]: [(4.54206,51.03148),27.07651]
	   2.87267	   0.03197	[mu,kappa]: [(90.48126,79.79557),24.51210]
	  16.23484	   0.15862	[mu,kappa]: [(47.96457,62.78600),18.91693]
	  11.16426	   0.11056	[mu,kappa]: [(85.85546,76.79487),16.75752]
	   3.06433	   0.03379	[mu,kappa]: [(67.75682,68.42866),18.26568]
	  10.67311	   0.10591	[mu,kappa]: [(75.62019,70.48944),18.44107]
			msglen: 2173.64508 bits.
Iteration #: 18
	  43.38198	   0.41594	[mu,kappa]: [(60.12538,73.17282),53.10065]
	   2.74770	   0.03078	[mu,kappa]: [(65.06522,68.64912),7.40166]
	   5.47120	   0.05660	[mu,kappa]: [(153.34831,73.19003),8.56534]
	   4.27054	   0.04522	[mu,kappa]: [(4.05216,48.56354),29.06387]
	   3.28251	   0.03585	[mu,kappa]: [(89.72129,80.56184),9.52477]
	  16.79888	   0.16397	[mu,kappa]: [(47.76187,62.61224),18.96955]
	  10.95785	   0.10861	[mu,kappa]: [(85.82351,76.61869),16.49967]
	   3.37916	   0.03677	[mu,kappa]: [(67.92207,68.07710),8.32942]
	  10.71018	   0.10626	[mu,kappa]: [(75.84800,70.36619),18.95176]
			msglen: 2170.49021 bits.
Iteration #: 19
	  43.53077	   0.41735	[mu,kappa]: [(60.19801,73.16342),53.13678]
	   2.52898	   0.02871	[mu,kappa]: [(65.14018,68.58168),11.17506]
	   5.33822	   0.05534	[mu,kappa]: [(154.08089,73.08241),8.55939]
	   4.22130	   0.04475	[mu,kappa]: [(3.57884,45.18763),31.99469]
	   3.16480	   0.03474	[mu,kappa]: [(89.98658,78.70156),14.11351]
	  16.89218	   0.16485	[mu,kappa]: [(47.70850,62.73676),18.92024]
	  11.13793	   0.11031	[mu,kappa]: [(85.74676,76.76869),17.00209]
	   3.12676	   0.03438	[mu,kappa]: [(67.67483,68.72885),12.08081]
	  11.05905	   0.10956	[mu,kappa]: [(76.27926,70.54716),19.84835]
			msglen: 2172.22058 bits.
Iteration #: 20
	  43.05772	   0.41287	[mu,kappa]: [(60.12985,73.18411),53.30952]
	   2.59226	   0.02931	[mu,kappa]: [(64.60769,67.96961),14.55569]
	   5.44294	   0.05633	[mu,kappa]: [(153.66188,73.27400),8.66285]
	   4.17810	   0.04434	[mu,kappa]: [(3.27265,42.17506),34.59977]
	   3.35334	   0.03652	[mu,kappa]: [(90.20510,78.72906),6.63364]
	  17.22915	   0.16805	[mu,kappa]: [(47.38210,62.68165),18.92576]
	  10.96464	   0.10867	[mu,kappa]: [(85.93840,77.00413),16.68093]
	   3.14005	   0.03450	[mu,kappa]: [(67.27074,68.50487),15.44571]
	  11.04179	   0.10940	[mu,kappa]: [(76.52988,70.61320),20.26866]
			msglen: 2172.14558 bits.
Iteration #: 21
	  42.52556	   0.40783	[mu,kappa]: [(60.10503,73.23146),53.51772]
	   2.79875	   0.03127	[mu,kappa]: [(64.52618,67.61181),17.58339]
	   5.27360	   0.05473	[mu,kappa]: [(154.24027,72.86433),8.48419]
	   4.11218	   0.04372	[mu,kappa]: [(2.97540,38.52482),37.18101]
	   2.95644	   0.03276	[mu,kappa]: [(90.84289,77.47449),10.41551]
	  17.33978	   0.16910	[mu,kappa]: [(47.16964,62.72453),18.88306]
	  11.30143	   0.11186	[mu,kappa]: [(86.31297,77.48151),17.04530]
	   3.32506	   0.03626	[mu,kappa]: [(67.46906,68.39594),6.78261]
	  11.36720	   0.11249	[mu,kappa]: [(77.09266,70.86439),20.68286]
			msglen: 2171.65540 bits.
Iteration #: 22
	  42.68152	   0.40930	[mu,kappa]: [(60.09729,73.23261),53.90128]
	   3.08253	   0.03396	[mu,kappa]: [(64.46022,67.23427),20.89797]
	   5.30674	   0.05504	[mu,kappa]: [(154.32190,73.11169),8.66692]
	   4.03493	   0.04299	[mu,kappa]: [(2.70041,34.20621),39.82511]
	   2.91104	   0.03233	[mu,kappa]: [(90.88940,77.43363),14.31910]
	  17.44627	   0.17011	[mu,kappa]: [(47.18848,62.77855),18.99973]
	  11.09866	   0.10994	[mu,kappa]: [(86.23535,77.53051),17.01409]
	   2.85739	   0.03182	[mu,kappa]: [(67.10478,68.83128),10.40299]
	  11.58092	   0.11451	[mu,kappa]: [(77.20093,70.78959),21.56253]
			msglen: 2173.22468 bits.
Iteration #: 23
	  42.18421	   0.40459	[mu,kappa]: [(60.01727,73.28677),54.19086]
	   3.36871	   0.03667	[mu,kappa]: [(64.47603,67.03342),8.96285]
	   5.41454	   0.05606	[mu,kappa]: [(153.83845,73.27058),8.71570]
	   4.01546	   0.04280	[mu,kappa]: [(2.56830,31.25323),42.07985]
	   3.09172	   0.03404	[mu,kappa]: [(90.89451,77.97770),17.81498]
	  17.66415	   0.17217	[mu,kappa]: [(46.98846,62.72641),18.99360]
	  10.82242	   0.10732	[mu,kappa]: [(86.43107,77.72627),16.60785]
	   2.80395	   0.03132	[mu,kappa]: [(66.55568,68.48674),13.79257]
	  11.63485	   0.11502	[mu,kappa]: [(77.31081,70.73588),22.13057]
			msglen: 2172.72351 bits.
Iteration #: 24
	  42.38491	   0.40649	[mu,kappa]: [(60.01933,73.28903),54.69765]
	   3.12060	   0.03432	[mu,kappa]: [(63.83116,67.17506),12.84271]
	   5.46056	   0.05650	[mu,kappa]: [(153.59559,73.29084),8.69518]
	   3.97076	   0.04238	[mu,kappa]: [(2.42412,27.92192),44.04940]
	   3.30808	   0.03610	[mu,kappa]: [(90.35260,78.50786),7.48005]
	  17.60381	   0.17160	[mu,kappa]: [(47.09731,62.83129),19.08460]
	  10.38599	   0.10318	[mu,kappa]: [(86.41858,77.69785),16.10013]
	   2.93377	   0.03255	[mu,kappa]: [(66.24971,68.03442),17.53418]
	  11.83152	   0.11689	[mu,kappa]: [(77.19502,70.52906),23.18819]
			msglen: 2172.26651 bits.
Iteration #: 25
	  41.78177	   0.40078	[mu,kappa]: [(59.97764,73.35208),54.87959]
	   3.19691	   0.03504	[mu,kappa]: [(63.49968,66.99666),5.33244]
	   5.29013	   0.05488	[mu,kappa]: [(154.23082,72.92894),8.52044]
	   3.96726	   0.04234	[mu,kappa]: [(2.38435,26.43678),45.29813]
	   3.01903	   0.03336	[mu,kappa]: [(90.88978,77.68670),11.48525]
	  17.60473	   0.17161	[mu,kappa]: [(46.94562,62.85352),18.99281]
	  10.60130	   0.10523	[mu,kappa]: [(86.82590,78.13025),16.46710]
	   3.17411	   0.03483	[mu,kappa]: [(66.43291,67.89164),6.93185]
	  12.36477	   0.12194	[mu,kappa]: [(77.56492,70.63155),23.84360]
			msglen: 2169.59364 bits.
Iteration #: 26
	  42.66053	   0.40910	[mu,kappa]: [(59.99127,73.31665),55.21541]
	   2.52225	   0.02865	[mu,kappa]: [(63.92966,67.88760),9.22694]
	   5.27619	   0.05475	[mu,kappa]: [(154.48159,73.09626),8.69222]
	   3.89462	   0.04166	[mu,kappa]: [(2.26316,23.72978),46.03280]
	   2.99021	   0.03308	[mu,kappa]: [(90.53054,77.63631),15.46275]
	  17.66121	   0.17214	[mu,kappa]: [(47.29682,62.85289),19.24511]
	  10.26180	   0.10201	[mu,kappa]: [(86.56346,78.03622),16.35980]
	   2.76194	   0.03092	[mu,kappa]: [(66.01788,68.28072),10.84597]
	  12.97125	   0.12769	[mu,kappa]: [(77.33426,70.33906),25.43619]
			msglen: 2171.00026 bits.
Iteration #: 27
	  42.14987	   0.40426	[mu,kappa]: [(59.89133,73.37384),55.42758]
	   2.45927	   0.02805	[mu,kappa]: [(63.26242,67.48907),12.80161]
	   5.41754	   0.05609	[mu,kappa]: [(153.82876,73.27075),8.72649]
	   3.94343	   0.04212	[mu,kappa]: [(2.31148,24.21293),46.69047]
	   3.21608	   0.03522	[mu,kappa]: [(90.57300,78.37902),6.45102]
	  17.84116	   0.17385	[mu,kappa]: [(47.13099,62.74622),19.17252]
	   9.98847	   0.09942	[mu,kappa]: [(86.94514,78.33739),15.81043]
	   2.74501	   0.03076	[mu,kappa]: [(65.36120,67.96509),14.24621]
	  13.23918	   0.13023	[mu,kappa]: [(77.23448,70.14875),26.51661]
			msglen: 2170.78422 bits.
			N: 101
		21.49291 bpr
Null model msglen: 2381.88953 bits.	(23.58306 bpr)
