Iteration #: 0
	 427.00000	   0.08275	[mu,kappa]: [(19.55467,90.10314),16.53899]
	 450.00000	   0.08720	[mu,kappa]: [(20.18562,90.73455),14.36765]
	 422.00000	   0.08178	[mu,kappa]: [(19.26843,90.84199),15.48419]
	 412.00000	   0.07985	[mu,kappa]: [(18.88076,90.47086),12.62362]
	 409.00000	   0.07927	[mu,kappa]: [(17.86489,89.20485),11.73536]
	 442.00000	   0.08566	[mu,kappa]: [(20.12014,90.08347),9.77199]
	 454.00000	   0.08798	[mu,kappa]: [(19.50714,89.50938),11.43953]
	 407.00000	   0.07888	[mu,kappa]: [(19.57825,89.56445),15.10715]
	 431.00000	   0.08353	[mu,kappa]: [(19.12730,90.13537),12.53179]
	 443.00000	   0.08585	[mu,kappa]: [(20.15293,90.38385),16.01214]
	 423.00000	   0.08198	[mu,kappa]: [(18.82423,90.18973),15.63747]
	 440.00000	   0.08527	[mu,kappa]: [(18.35047,89.96826),14.28450]
			msglen: 97733.38917 bits.
Iteration #: 1
	 459.19410	   0.08898	[mu,kappa]: [(19.95236,91.02079),38.03606]
	 448.04359	   0.08683	[mu,kappa]: [(20.00854,90.50204),30.31102]
	 437.38130	   0.08476	[mu,kappa]: [(19.52027,90.96461),33.88302]
	 386.82546	   0.07498	[mu,kappa]: [(18.22892,90.18528),20.42221]
	 377.24799	   0.07312	[mu,kappa]: [(16.57481,89.55989),13.97766]
	 471.68866	   0.09140	[mu,kappa]: [(23.23868,84.96128),2.40460]
	 414.72325	   0.08038	[mu,kappa]: [(18.38943,89.17858),12.15676]
	 416.19556	   0.08066	[mu,kappa]: [(19.71781,90.72190),32.62055]
	 403.28728	   0.07816	[mu,kappa]: [(18.43804,90.07434),19.99311]
	 468.14527	   0.09072	[mu,kappa]: [(20.31709,90.80049),36.83228]
	 440.40604	   0.08535	[mu,kappa]: [(19.21283,91.05801),33.84204]
	 436.86149	   0.08466	[mu,kappa]: [(18.44095,90.84749),27.96732]
			msglen: 100485.38420 bits.
Iteration #: 2
	 533.97362	   0.10346	[mu,kappa]: [(21.00062,91.74035),50.00000]
	 473.76889	   0.09181	[mu,kappa]: [(21.11899,91.09220),50.00000]
	 481.92325	   0.09338	[mu,kappa]: [(20.59784,91.67787),50.00000]
	 350.63440	   0.06797	[mu,kappa]: [(18.59579,90.35318),29.02325]
	 315.97762	   0.06126	[mu,kappa]: [(14.18980,88.24059),16.50549]
	 389.36705	   0.07547	[mu,kappa]: [(12.00185,38.95066),1.17504]
	 334.78134	   0.06490	[mu,kappa]: [(15.87647,86.76431),14.35363]
	 452.30987	   0.08765	[mu,kappa]: [(20.81188,91.45469),50.00000]
	 363.38387	   0.07044	[mu,kappa]: [(18.79920,90.15821),28.34189]
	 539.10768	   0.10445	[mu,kappa]: [(21.38017,91.46412),50.00000]
	 483.43054	   0.09368	[mu,kappa]: [(20.28212,91.83672),50.00000]
	 441.34186	   0.08553	[mu,kappa]: [(19.40064,91.61896),44.93162]
			msglen: 99449.10277 bits.
Iteration #: 3
	 554.53088	   0.10744	[mu,kappa]: [(21.79273,91.42097),50.00000]
	 492.85802	   0.09550	[mu,kappa]: [(21.99834,91.22400),50.00000]
	 498.29019	   0.09655	[mu,kappa]: [(21.29421,91.67523),50.00000]
	 321.61675	   0.06235	[mu,kappa]: [(18.75998,90.62504),32.25691]
	 307.68434	   0.05966	[mu,kappa]: [(9.04025,86.43051),15.57488]
	 362.03306	   0.07018	[mu,kappa]: [(12.14178,8.12150),0.99631]
	 320.97303	   0.06223	[mu,kappa]: [(11.77877,84.26298),12.87519]
	 468.80191	   0.09084	[mu,kappa]: [(21.58152,91.49199),50.00000]
	 332.60816	   0.06448	[mu,kappa]: [(19.09107,90.32063),31.22655]
	 562.68575	   0.10902	[mu,kappa]: [(22.29268,91.12344),50.00000]
	 498.31579	   0.09656	[mu,kappa]: [(20.88561,91.91657),50.00000]
	 439.60213	   0.08519	[mu,kappa]: [(19.82827,92.19233),50.00000]
			msglen: 99247.44271 bits.
Iteration #: 4
	 569.63445	   0.11036	[mu,kappa]: [(22.41566,90.99648),50.00000]
	 507.46346	   0.09833	[mu,kappa]: [(22.70144,90.81903),50.00000]
	 509.76190	   0.09877	[mu,kappa]: [(21.74926,91.38802),50.00000]
	 298.00483	   0.05778	[mu,kappa]: [(18.77507,91.33123),37.69203]
	 322.23202	   0.06247	[mu,kappa]: [(1.91904,80.08919),17.78502]
	 313.54120	   0.06079	[mu,kappa]: [(24.03070,41.08977),0.71450]
	 314.50528	   0.06098	[mu,kappa]: [(6.13578,80.53103),12.70665]
	 480.72542	   0.09315	[mu,kappa]: [(22.13626,91.15447),50.00000]
	 306.81808	   0.05949	[mu,kappa]: [(19.33680,90.84728),35.86111]
	 581.27212	   0.11262	[mu,kappa]: [(23.09379,90.60187),50.00000]
	 508.52343	   0.09853	[mu,kappa]: [(21.20410,91.72034),50.00000]
	 447.51781	   0.08672	[mu,kappa]: [(19.84073,92.53391),50.00000]
			msglen: 98978.76919 bits.
Iteration #: 5
	 581.04436	   0.11257	[mu,kappa]: [(23.03705,90.59056),50.00000]
	 519.27985	   0.10062	[mu,kappa]: [(23.43675,90.35531),50.00000]
	 517.31950	   0.10024	[mu,kappa]: [(22.12006,91.14078),50.00000]
	 282.31639	   0.05475	[mu,kappa]: [(18.57358,92.37569),47.93964]
	 358.31464	   0.06946	[mu,kappa]: [(4.30335,271.60406),25.79967]
	 262.46013	   0.05090	[mu,kappa]: [(68.18846,63.42030),0.59959]
	 296.40722	   0.05747	[mu,kappa]: [(0.68300,18.36317),14.57478]
	 489.20605	   0.09479	[mu,kappa]: [(22.65108,90.81895),50.00000]
	 287.48880	   0.05575	[mu,kappa]: [(19.47567,91.58775),43.99248]
	 597.74124	   0.11580	[mu,kappa]: [(23.98771,90.04004),50.00000]
	 514.84768	   0.09976	[mu,kappa]: [(21.38198,91.60014),50.00000]
	 453.57415	   0.08790	[mu,kappa]: [(19.59039,92.77636),50.00000]
			msglen: 98646.26486 bits.
Iteration #: 6
	 586.87190	   0.11370	[mu,kappa]: [(23.64572,90.20843),50.00000]
	 526.85505	   0.10208	[mu,kappa]: [(24.21843,89.87516),50.00000]
	 519.36738	   0.10063	[mu,kappa]: [(22.36268,90.98379),50.00000]
	 284.55104	   0.05518	[mu,kappa]: [(17.89785,93.83782),50.00000]
	 395.52388	   0.07666	[mu,kappa]: [(7.20678,271.28505),35.43933]
	 227.68489	   0.04417	[mu,kappa]: [(101.06546,69.30755),0.81053]
	 259.98859	   0.05042	[mu,kappa]: [(4.85310,273.46310),18.56972]
	 492.59753	   0.09545	[mu,kappa]: [(23.10055,90.53262),50.00000]
	 280.41208	   0.05438	[mu,kappa]: [(19.11899,92.69206),50.00000]
	 611.19743	   0.11841	[mu,kappa]: [(25.02019,89.42119),50.00000]
	 516.23371	   0.10003	[mu,kappa]: [(21.36119,91.62088),50.00000]
	 458.71651	   0.08889	[mu,kappa]: [(19.04677,93.22431),50.00000]
			msglen: 98437.37087 bits.
Iteration #: 7
	 588.63659	   0.11404	[mu,kappa]: [(24.10526,89.94284),50.00000]
	 531.29164	   0.10294	[mu,kappa]: [(24.92860,89.47021),50.00000]
	 518.83696	   0.10053	[mu,kappa]: [(22.32705,91.01974),50.00000]
	 297.55956	   0.05770	[mu,kappa]: [(16.85702,95.01384),50.00000]
	 394.90639	   0.07654	[mu,kappa]: [(8.20511,272.11471),41.60129]
	 208.00693	   0.04036	[mu,kappa]: [(115.28472,70.06897),0.95810]
	 228.81021	   0.04439	[mu,kappa]: [(9.11066,272.20500),21.74791]
	 492.68217	   0.09547	[mu,kappa]: [(23.33843,90.39716),50.00000]
	 287.60806	   0.05577	[mu,kappa]: [(18.27182,93.79892),50.00000]
	 623.32183	   0.12076	[mu,kappa]: [(26.11086,88.81636),50.00000]
	 517.37502	   0.10025	[mu,kappa]: [(21.00308,91.88108),50.00000]
	 470.96465	   0.09126	[mu,kappa]: [(18.15207,93.96883),50.00000]
			msglen: 98316.58453 bits.
Iteration #: 8
	 585.64013	   0.11346	[mu,kappa]: [(24.46162,89.76655),50.00000]
	 532.24199	   0.10312	[mu,kappa]: [(25.62655,89.10981),50.00000]
	 515.76349	   0.09993	[mu,kappa]: [(22.07220,91.21045),50.00000]
	 317.98412	   0.06165	[mu,kappa]: [(15.70687,96.13378),50.00000]
	 369.83185	   0.07169	[mu,kappa]: [(8.38438,272.87403),47.35717]
	 195.30541	   0.03790	[mu,kappa]: [(123.77878,70.10233),1.06080]
	 208.16305	   0.04039	[mu,kappa]: [(13.70566,273.56183),23.32668]
	 489.01352	   0.09476	[mu,kappa]: [(23.41023,90.38430),50.00000]
	 299.72193	   0.05811	[mu,kappa]: [(17.22579,94.74414),50.00000]
	 635.75070	   0.12316	[mu,kappa]: [(27.36416,88.17730),50.00000]
	 519.07278	   0.10058	[mu,kappa]: [(20.40111,92.31897),50.00000]
	 491.51102	   0.09524	[mu,kappa]: [(17.08922,94.87374),50.00000]
			msglen: 98180.90431 bits.
Iteration #: 9
	 577.27747	   0.11184	[mu,kappa]: [(24.73780,89.66709),50.00000]
	 529.31040	   0.10256	[mu,kappa]: [(26.32378,88.78745),50.00000]
	 509.93836	   0.09881	[mu,kappa]: [(21.69745,91.49837),50.00000]
	 341.60278	   0.06622	[mu,kappa]: [(14.69976,97.11271),50.00000]
	 339.09223	   0.06574	[mu,kappa]: [(8.00836,273.60848),50.00000]
	 183.80572	   0.03568	[mu,kappa]: [(130.33352,70.57615),1.19558]
	 195.79890	   0.03800	[mu,kappa]: [(18.93025,274.62486),26.61294]
	 481.25699	   0.09326	[mu,kappa]: [(23.36664,90.46627),50.00000]
	 314.26108	   0.06093	[mu,kappa]: [(16.24418,95.60852),50.00000]
	 650.88776	   0.12609	[mu,kappa]: [(28.82742,87.48174),50.00000]
	 520.63299	   0.10088	[mu,kappa]: [(19.71946,92.83100),50.00000]
	 516.13532	   0.10001	[mu,kappa]: [(16.10162,95.74091),50.00000]
			msglen: 98034.45963 bits.
Iteration #: 10
	 564.96698	   0.10946	[mu,kappa]: [(24.86763,89.67661),50.00000]
	 522.41963	   0.10122	[mu,kappa]: [(26.89663,88.56138),50.00000]
	 503.43829	   0.09755	[mu,kappa]: [(21.28186,91.83059),50.00000]
	 362.97958	   0.07036	[mu,kappa]: [(13.98862,97.76605),50.00000]
	 314.82804	   0.06104	[mu,kappa]: [(7.42641,274.25119),50.00000]
	 172.44053	   0.03348	[mu,kappa]: [(136.43257,70.97113),1.35703]
	 188.60597	   0.03661	[mu,kappa]: [(23.17329,275.12009),34.56406]
	 471.36998	   0.09134	[mu,kappa]: [(23.20743,90.63978),50.00000]
	 328.03358	   0.06360	[mu,kappa]: [(15.50828,96.24627),50.00000]
	 669.03189	   0.12960	[mu,kappa]: [(30.38475,86.77900),50.00000]
	 522.56245	   0.10125	[mu,kappa]: [(19.10768,93.30759),50.00000]
	 539.32308	   0.10450	[mu,kappa]: [(15.36589,96.38049),50.00000]
			msglen: 97914.76441 bits.
Iteration #: 11
	 552.12528	   0.10697	[mu,kappa]: [(24.80602,89.80391),50.00000]
	 512.23235	   0.09925	[mu,kappa]: [(27.20755,88.48659),50.00000]
	 499.20265	   0.09673	[mu,kappa]: [(20.90659,92.13941),50.00000]
	 378.48873	   0.07336	[mu,kappa]: [(13.59621,98.05065),50.00000]
	 300.70292	   0.05830	[mu,kappa]: [(6.93857,274.77024),50.00000]
	 163.24861	   0.03170	[mu,kappa]: [(142.51975,70.32475),1.48008]
	 183.13299	   0.03555	[mu,kappa]: [(25.52404,275.20031),45.86456]
	 462.81424	   0.08969	[mu,kappa]: [(22.95854,90.87315),50.00000]
	 338.71822	   0.06566	[mu,kappa]: [(15.07622,96.58731),50.00000]
	 686.57260	   0.13300	[mu,kappa]: [(31.87138,86.13120),50.00000]
	 525.66296	   0.10185	[mu,kappa]: [(18.66732,93.66029),50.00000]
	 557.09845	   0.10794	[mu,kappa]: [(14.93662,96.71776),50.00000]
			msglen: 97838.07472 bits.
Iteration #: 12
	 542.37955	   0.10509	[mu,kappa]: [(24.59362,90.00715),50.00000]
	 500.79056	   0.09704	[mu,kappa]: [(27.21730,88.56792),50.00000]
	 498.71110	   0.09663	[mu,kappa]: [(20.62956,92.37120),50.00000]
	 387.76880	   0.07516	[mu,kappa]: [(13.46069,98.07683),50.00000]
	 295.48850	   0.05730	[mu,kappa]: [(6.72794,275.20157),50.00000]
	 157.05394	   0.03050	[mu,kappa]: [(148.09918,68.54179),1.54416]
	 177.08478	   0.03438	[mu,kappa]: [(26.52635,275.07341),50.00000]
	 458.14421	   0.08878	[mu,kappa]: [(22.68595,91.10777),50.00000]
	 345.86104	   0.06705	[mu,kappa]: [(14.90529,96.68882),50.00000]
	 697.88437	   0.13519	[mu,kappa]: [(33.16834,85.58118),50.00000]
	 530.10574	   0.10271	[mu,kappa]: [(18.42143,93.86243),50.00000]
	 568.72743	   0.11019	[mu,kappa]: [(14.76890,96.81328),50.00000]
			msglen: 97799.96441 bits.
Iteration #: 13
	 537.46842	   0.10414	[mu,kappa]: [(24.32344,90.22110),50.00000]
	 490.87142	   0.09512	[mu,kappa]: [(27.00305,88.75424),50.00000]
	 501.44472	   0.09716	[mu,kappa]: [(20.46503,92.50898),50.00000]
	 392.43346	   0.07606	[mu,kappa]: [(13.48778,97.97541),50.00000]
	 295.26197	   0.05725	[mu,kappa]: [(6.80697,275.46405),50.00000]
	 151.88810	   0.02950	[mu,kappa]: [(152.09649,67.22787),1.62754]
	 172.57917	   0.03350	[mu,kappa]: [(27.00301,274.99709),50.00000]
	 457.65820	   0.08869	[mu,kappa]: [(22.45294,91.29485),50.00000]
	 350.22086	   0.06789	[mu,kappa]: [(14.90724,96.64793),50.00000]
	 699.25125	   0.13545	[mu,kappa]: [(34.22948,85.14101),50.00000]
	 535.35851	   0.10373	[mu,kappa]: [(18.33296,93.93742),50.00000]
	 575.56392	   0.11151	[mu,kappa]: [(14.77348,96.76715),50.00000]
			msglen: 97778.56708 bits.
Iteration #: 14
	 537.04685	   0.10405	[mu,kappa]: [(24.07265,90.39982),50.00000]
	 484.36341	   0.09386	[mu,kappa]: [(26.68714,88.97536),50.00000]
	 506.11926	   0.09807	[mu,kappa]: [(20.39448,92.56685),50.00000]
	 394.49399	   0.07646	[mu,kappa]: [(13.58770,97.83339),50.00000]
	 296.53832	   0.05750	[mu,kappa]: [(6.99961,275.60826),50.00000]
	 147.67693	   0.02868	[mu,kappa]: [(154.69775,66.59273),1.72300]
	 169.33300	   0.03288	[mu,kappa]: [(27.34155,274.99517),50.00000]
	 460.25149	   0.08919	[mu,kappa]: [(22.28826,91.41789),50.00000]
	 352.87679	   0.06840	[mu,kappa]: [(14.99465,96.54275),50.00000]
	 690.99189	   0.13385	[mu,kappa]: [(35.07307,84.79559),50.00000]
	 540.81322	   0.10478	[mu,kappa]: [(18.34545,93.92774),50.00000]
	 579.49485	   0.11227	[mu,kappa]: [(14.86244,96.65850),50.00000]
			msglen: 97763.96921 bits.
Iteration #: 15
	 539.72823	   0.10457	[mu,kappa]: [(23.87728,90.52883),50.00000]
	 481.48011	   0.09330	[mu,kappa]: [(26.36421,89.18161),50.00000]
	 511.51577	   0.09911	[mu,kappa]: [(20.39180,92.56955),50.00000]
	 395.20208	   0.07660	[mu,kappa]: [(13.70261,97.69629),50.00000]
	 298.77973	   0.05793	[mu,kappa]: [(7.20194,275.69261),50.00000]
	 144.70888	   0.02811	[mu,kappa]: [(156.37002,66.22951),1.80203]
	 166.20692	   0.03227	[mu,kappa]: [(27.63873,275.00573),50.00000]
	 464.53875	   0.09002	[mu,kappa]: [(22.19261,91.48427),50.00000]
	 354.48739	   0.06872	[mu,kappa]: [(15.11039,96.42108),50.00000]
	 675.77411	   0.13091	[mu,kappa]: [(35.74650,84.52110),50.00000]
	 545.90282	   0.10577	[mu,kappa]: [(18.41470,93.87132),50.00000]
	 581.67521	   0.11269	[mu,kappa]: [(14.97849,96.53511),50.00000]
			msglen: 97753.65829 bits.
Iteration #: 16
	 544.19594	   0.10544	[mu,kappa]: [(23.74259,90.61231),50.00000]
	 481.49176	   0.09330	[mu,kappa]: [(26.08157,89.35190),50.00000]
	 516.90127	   0.10016	[mu,kappa]: [(20.43425,92.53855),50.00000]
	 395.21875	   0.07660	[mu,kappa]: [(13.80458,97.58480),50.00000]
	 301.88075	   0.05853	[mu,kappa]: [(7.38155,275.73448),50.00000]
	 142.68707	   0.02772	[mu,kappa]: [(157.41145,66.05602),1.86221]
	 163.08558	   0.03167	[mu,kappa]: [(27.91730,275.01589),50.00000]
	 469.53011	   0.09099	[mu,kappa]: [(22.15364,91.50877),50.00000]
	 355.42231	   0.06890	[mu,kappa]: [(15.22538,96.30767),50.00000]
	 656.49214	   0.12718	[mu,kappa]: [(36.29795,84.29612),50.00000]
	 550.34608	   0.10663	[mu,kappa]: [(18.51286,93.79351),50.00000]
	 582.74825	   0.11290	[mu,kappa]: [(15.09261,96.42146),50.00000]
			msglen: 97746.04183 bits.
Iteration #: 17
	 549.55489	   0.10648	[mu,kappa]: [(23.66019,90.66017),50.00000]
	 483.50248	   0.09369	[mu,kappa]: [(25.85334,89.48334),50.00000]
	 521.96028	   0.10113	[mu,kappa]: [(20.50477,92.48850),50.00000]
	 394.93243	   0.07655	[mu,kappa]: [(13.88237,97.50532),50.00000]
	 305.52450	   0.05924	[mu,kappa]: [(7.53112,275.74602),50.00000]
	 141.27916	   0.02744	[mu,kappa]: [(158.07137,65.99654),1.90770]
	 160.03930	   0.03108	[mu,kappa]: [(28.18112,275.02410),50.00000]
	 474.67877	   0.09198	[mu,kappa]: [(22.15647,91.50482),50.00000]
	 355.93658	   0.06900	[mu,kappa]: [(15.32638,96.21257),50.00000]
	 635.32800	   0.12308	[mu,kappa]: [(36.76646,84.10431),50.00000]
	 554.11506	   0.10736	[mu,kappa]: [(18.62336,93.70850),50.00000]
	 583.14854	   0.11298	[mu,kappa]: [(15.19174,96.32734),50.00000]
			msglen: 97740.10656 bits.
Iteration #: 18
	 555.27940	   0.10758	[mu,kappa]: [(23.61871,90.68196),50.00000]
	 486.78763	   0.09433	[mu,kappa]: [(25.67768,89.58074),50.00000]
	 526.60072	   0.10203	[mu,kappa]: [(20.59189,92.42832),50.00000]
	 394.57063	   0.07648	[mu,kappa]: [(13.93302,97.45728),50.00000]
	 309.34606	   0.05998	[mu,kappa]: [(7.65337,275.73858),50.00000]
	 140.24679	   0.02724	[mu,kappa]: [(158.51226,65.99719),1.94319]
	 157.16007	   0.03052	[mu,kappa]: [(28.42881,275.03102),50.00000]
	 479.72420	   0.09296	[mu,kappa]: [(22.18858,91.48224),50.00000]
	 356.20340	   0.06905	[mu,kappa]: [(15.40846,96.13817),50.00000]
	 613.62734	   0.11888	[mu,kappa]: [(37.17977,83.93449),50.00000]
	 557.28757	   0.10797	[mu,kappa]: [(18.73696,93.62338),50.00000]
	 583.16617	   0.11298	[mu,kappa]: [(15.27111,96.25488),50.00000]
			msglen: 97735.24763 bits.
Iteration #: 19
	 561.08839	   0.10871	[mu,kappa]: [(23.60805,90.68508),50.00000]
	 490.84980	   0.09511	[mu,kappa]: [(25.54727,89.65055),50.00000]
	 530.83004	   0.10285	[mu,kappa]: [(20.68840,92.36312),50.00000]
	 394.26200	   0.07642	[mu,kappa]: [(13.95738,97.43745),50.00000]
	 313.04273	   0.06069	[mu,kappa]: [(7.75424,275.72166),50.00000]
	 139.44491	   0.02709	[mu,kappa]: [(158.82741,66.02677),1.97208]
	 154.51260	   0.03001	[mu,kappa]: [(28.65812,275.03732),50.00000]
	 484.56236	   0.09390	[mu,kappa]: [(22.24081,91.44762),50.00000]
	 356.33503	   0.06907	[mu,kappa]: [(15.47075,96.08352),50.00000]
	 592.11989	   0.11472	[mu,kappa]: [(37.55609,83.77950),50.00000]
	 559.96568	   0.10849	[mu,kappa]: [(18.84893,93.54131),50.00000]
	 582.98655	   0.11295	[mu,kappa]: [(15.33003,96.20295),50.00000]
			msglen: 97731.10615 bits.
Iteration #: 20
	 566.84135	   0.10982	[mu,kappa]: [(23.62039,90.67483),50.00000]
	 495.37028	   0.09599	[mu,kappa]: [(25.45405,89.69864),50.00000]
	 534.69084	   0.10360	[mu,kappa]: [(20.78995,92.29577),50.00000]
	 394.07586	   0.07638	[mu,kappa]: [(13.95781,97.44201),50.00000]
	 316.40685	   0.06134	[mu,kappa]: [(7.83991,275.70227),50.00000]
	 138.79107	   0.02696	[mu,kappa]: [(159.06805,66.06829),1.99649]
	 152.12618	   0.02954	[mu,kappa]: [(28.86751,275.04340),50.00000]
	 489.16495	   0.09479	[mu,kappa]: [(22.30684,91.40516),50.00000]
	 356.40149	   0.06909	[mu,kappa]: [(15.51423,96.04655),50.00000]
	 571.16492	   0.11066	[mu,kappa]: [(37.90701,83.63485),50.00000]
	 562.24241	   0.10893	[mu,kappa]: [(18.95705,93.46345),50.00000]
	 582.72379	   0.11290	[mu,kappa]: [(15.36958,96.16932),50.00000]
			msglen: 97727.46155 bits.
Iteration #: 21
	 572.47191	   0.11091	[mu,kappa]: [(23.64991,90.65489),50.00000]
	 500.14882	   0.09691	[mu,kappa]: [(25.39086,89.72970),50.00000]
	 538.23198	   0.10428	[mu,kappa]: [(20.89393,92.22782),50.00000]
	 394.04684	   0.07637	[mu,kappa]: [(13.93712,97.46739),50.00000]
	 319.31805	   0.06191	[mu,kappa]: [(7.91559,275.68508),50.00000]
	 138.23905	   0.02686	[mu,kappa]: [(159.26230,66.11254),2.01766]
	 150.00181	   0.02913	[mu,kappa]: [(29.05653,275.04936),50.00000]
	 493.53603	   0.09563	[mu,kappa]: [(22.38236,91.35760),50.00000]
	 356.44515	   0.06910	[mu,kappa]: [(15.54057,96.02500),50.00000]
	 550.92187	   0.10674	[mu,kappa]: [(38.23988,83.49776),50.00000]
	 564.19253	   0.10931	[mu,kappa]: [(19.06045,93.39002),50.00000]
	 582.44596	   0.11284	[mu,kappa]: [(15.39154,96.15163),50.00000]
			msglen: 97724.17195 bits.
			N: 5160
		18.93879 bpr
Null model msglen: 121688.61385 bits.	(23.58306 bpr)
