Iteration #: 0
	 359.00000	   0.06956	[mu,kappa]: [(19.53047,89.40923),15.40776]
	 297.00000	   0.05757	[mu,kappa]: [(20.36742,90.25981),10.29264]
	 309.00000	   0.05989	[mu,kappa]: [(20.20227,89.78570),11.31175]
	 288.00000	   0.05582	[mu,kappa]: [(19.29593,90.21271),13.05781]
	 348.00000	   0.06743	[mu,kappa]: [(20.83936,90.43846),14.51133]
	 322.00000	   0.06240	[mu,kappa]: [(19.01941,89.63630),9.66727]
	 312.00000	   0.06047	[mu,kappa]: [(18.87091,90.95813),11.94368]
	 333.00000	   0.06453	[mu,kappa]: [(18.85648,90.00421),15.07044]
	 318.00000	   0.06163	[mu,kappa]: [(18.72884,90.89733),17.23379]
	 286.00000	   0.05544	[mu,kappa]: [(19.01611,90.20104),11.82126]
	 312.00000	   0.06047	[mu,kappa]: [(16.94107,89.07626),13.91141]
	 323.00000	   0.06260	[mu,kappa]: [(19.11228,88.44356),13.31818]
	 319.00000	   0.06182	[mu,kappa]: [(19.51351,90.75064),16.79117]
	 373.00000	   0.07227	[mu,kappa]: [(20.76309,90.48595),14.79004]
	 324.00000	   0.06279	[mu,kappa]: [(17.98406,90.44405),14.97267]
	 337.00000	   0.06531	[mu,kappa]: [(19.39139,90.62933),15.52269]
			msglen: 97629.67689 bits.
Iteration #: 1
	 370.92210	   0.07187	[mu,kappa]: [(19.76035,90.77834),33.77884]
	 282.46490	   0.05475	[mu,kappa]: [(20.65564,87.48521),4.56330]
	 280.84790	   0.05444	[mu,kappa]: [(19.24315,89.08984),11.49609]
	 273.89945	   0.05310	[mu,kappa]: [(18.84621,90.28493),23.33703]
	 348.10691	   0.06745	[mu,kappa]: [(20.58586,90.35555),31.54950]
	 347.08342	   0.06726	[mu,kappa]: [(20.72844,83.84703),2.31720]
	 287.29435	   0.05569	[mu,kappa]: [(17.88650,89.84375),16.27789]
	 339.88873	   0.06586	[mu,kappa]: [(19.12276,90.91835),31.74919]
	 349.38234	   0.06770	[mu,kappa]: [(19.41808,91.40235),39.49099]
	 262.63056	   0.05092	[mu,kappa]: [(17.99794,89.67866),15.38573]
	 305.61432	   0.05923	[mu,kappa]: [(17.00619,90.97323),24.76495]
	 309.74154	   0.06003	[mu,kappa]: [(18.80709,90.28924),24.37623]
	 346.09843	   0.06707	[mu,kappa]: [(19.95317,91.11440),38.96890]
	 377.00299	   0.07305	[mu,kappa]: [(20.57963,90.43333),32.68912]
	 329.25119	   0.06381	[mu,kappa]: [(18.34949,91.13589),30.31683]
	 349.77090	   0.06778	[mu,kappa]: [(19.64442,90.92237),34.18869]
			msglen: 100591.05750 bits.
Iteration #: 2
	 410.11097	   0.07945	[mu,kappa]: [(20.83998,91.52483),50.00000]
	 196.96672	   0.03821	[mu,kappa]: [(9.08989,71.00404),5.08426]
	 221.87636	   0.04303	[mu,kappa]: [(16.72932,86.40318),14.02070]
	 260.63108	   0.05053	[mu,kappa]: [(19.60641,90.71573),35.56871]
	 377.31996	   0.07311	[mu,kappa]: [(21.70032,90.91103),50.00000]
	 302.75830	   0.05868	[mu,kappa]: [(14.70283,31.26382),0.83448]
	 245.61912	   0.04762	[mu,kappa]: [(17.14139,89.21638),21.18826]
	 364.03376	   0.07054	[mu,kappa]: [(20.17283,91.68808),50.00000]
	 411.27612	   0.07968	[mu,kappa]: [(20.44637,92.12812),50.00000]
	 221.58671	   0.04297	[mu,kappa]: [(16.98309,88.80891),19.69740]
	 294.25141	   0.05703	[mu,kappa]: [(17.52145,91.82931),36.58553]
	 299.15008	   0.05798	[mu,kappa]: [(19.63374,90.90076),37.68627]
	 407.62133	   0.07897	[mu,kappa]: [(20.98815,91.79541),50.00000]
	 414.70297	   0.08034	[mu,kappa]: [(21.68568,91.01205),50.00000]
	 343.83396	   0.06663	[mu,kappa]: [(19.32489,91.95296),49.53154]
	 388.26115	   0.07522	[mu,kappa]: [(20.71517,91.62885),50.00000]
			msglen: 99485.96291 bits.
Iteration #: 3
	 423.22021	   0.08199	[mu,kappa]: [(21.62306,91.45840),50.00000]
	 218.41854	   0.04236	[mu,kappa]: [(4.27301,310.08631),7.22762]
	 211.92053	   0.04110	[mu,kappa]: [(13.39867,84.12400),12.71772]
	 247.12082	   0.04791	[mu,kappa]: [(20.20434,90.99650),42.33054]
	 394.14820	   0.07636	[mu,kappa]: [(22.76764,90.78826),50.00000]
	 268.67692	   0.05209	[mu,kappa]: [(31.22621,36.37672),0.48609]
	 225.59038	   0.04375	[mu,kappa]: [(15.54996,88.90804),20.58552]
	 373.16235	   0.07230	[mu,kappa]: [(20.76393,91.93541),50.00000]
	 422.56970	   0.08186	[mu,kappa]: [(21.07306,91.83338),50.00000]
	 204.50001	   0.03967	[mu,kappa]: [(15.05589,88.22751),18.75193]
	 280.05066	   0.05429	[mu,kappa]: [(17.07343,92.80960),43.71096]
	 286.51403	   0.05554	[mu,kappa]: [(20.21687,91.25173),45.93509]
	 421.34325	   0.08163	[mu,kappa]: [(21.78632,91.41139),50.00000]
	 433.03090	   0.08389	[mu,kappa]: [(22.73976,90.81611),50.00000]
	 349.61105	   0.06775	[mu,kappa]: [(19.66786,92.54952),50.00000]
	 400.12245	   0.07752	[mu,kappa]: [(21.45605,91.56031),50.00000]
			msglen: 99218.60175 bits.
Iteration #: 4
	 430.37354	   0.08337	[mu,kappa]: [(22.27013,91.05227),50.00000]
	 263.44733	   0.05107	[mu,kappa]: [(12.29089,278.56690),13.20322]
	 201.67913	   0.03912	[mu,kappa]: [(10.24436,82.64534),12.18438]
	 239.88257	   0.04651	[mu,kappa]: [(20.59100,91.44312),50.00000]
	 407.11948	   0.07887	[mu,kappa]: [(23.84516,90.15282),50.00000]
	 223.37844	   0.04332	[mu,kappa]: [(98.40334,65.24128),0.56437]
	 206.31667	   0.04002	[mu,kappa]: [(13.70619,89.50691),20.82458]
	 377.01253	   0.07305	[mu,kappa]: [(21.10785,91.74482),50.00000]
	 427.66541	   0.08285	[mu,kappa]: [(21.51770,91.50688),50.00000]
	 188.09226	   0.03649	[mu,kappa]: [(12.87800,88.57703),18.62490]
	 277.23054	   0.05374	[mu,kappa]: [(16.23459,94.37103),50.00000]
	 283.03530	   0.05486	[mu,kappa]: [(20.51553,91.75881),50.00000]
	 429.19365	   0.08315	[mu,kappa]: [(22.48828,90.93143),50.00000]
	 447.01230	   0.08659	[mu,kappa]: [(23.80524,90.17658),50.00000]
	 352.30875	   0.06827	[mu,kappa]: [(19.64654,92.66195),50.00000]
	 406.25208	   0.07871	[mu,kappa]: [(22.04211,91.18709),50.00000]
			msglen: 98866.60381 bits.
Iteration #: 5
	 433.91326	   0.08406	[mu,kappa]: [(22.86538,90.67683),50.00000]
	 319.80003	   0.06198	[mu,kappa]: [(16.23117,275.05971),26.73807]
	 171.62592	   0.03331	[mu,kappa]: [(9.52068,83.67245),12.89371]
	 240.18483	   0.04657	[mu,kappa]: [(20.63661,91.95959),50.00000]
	 419.95537	   0.08136	[mu,kappa]: [(25.09377,89.41818),50.00000]
	 192.34205	   0.03731	[mu,kappa]: [(122.45053,71.93287),1.07523]
	 181.74575	   0.03526	[mu,kappa]: [(12.28054,91.37340),24.05870]
	 377.55554	   0.07315	[mu,kappa]: [(21.27427,91.64275),50.00000]
	 428.87385	   0.08308	[mu,kappa]: [(21.82912,91.29997),50.00000]
	 164.39507	   0.03191	[mu,kappa]: [(11.40301,90.34739),21.14223]
	 289.58231	   0.05613	[mu,kappa]: [(15.13226,96.07507),50.00000]
	 283.36467	   0.05493	[mu,kappa]: [(20.51241,92.07871),50.00000]
	 433.67498	   0.08401	[mu,kappa]: [(23.16847,90.50053),50.00000]
	 460.69361	   0.08924	[mu,kappa]: [(25.03613,89.44974),50.00000]
	 353.48395	   0.06850	[mu,kappa]: [(19.33912,92.91452),50.00000]
	 408.80884	   0.07920	[mu,kappa]: [(22.54948,90.86381),50.00000]
			msglen: 98572.92190 bits.
Iteration #: 6
	 434.84660	   0.08424	[mu,kappa]: [(23.26996,90.44802),50.00000]
	 353.92708	   0.06858	[mu,kappa]: [(17.08523,275.25390),37.45107]
	 131.47512	   0.02554	[mu,kappa]: [(11.07042,86.47798),14.55684]
	 240.74537	   0.04668	[mu,kappa]: [(20.31845,92.28523),50.00000]
	 433.80213	   0.08404	[mu,kappa]: [(26.44482,88.67931),50.00000]
	 182.33406	   0.03538	[mu,kappa]: [(129.78320,71.56731),1.24265]
	 160.63493	   0.03118	[mu,kappa]: [(10.89741,95.12487),34.72374]
	 377.26989	   0.07310	[mu,kappa]: [(21.13597,91.76104),50.00000]
	 428.28264	   0.08297	[mu,kappa]: [(21.86768,91.29752),50.00000]
	 140.71975	   0.02733	[mu,kappa]: [(10.22906,94.20576),29.84031]
	 314.24553	   0.06090	[mu,kappa]: [(13.82297,97.62806),50.00000]
	 284.13480	   0.05508	[mu,kappa]: [(20.15624,92.39997),50.00000]
	 435.56879	   0.08438	[mu,kappa]: [(23.68886,90.20339),50.00000]
	 475.25413	   0.09206	[mu,kappa]: [(26.35997,88.72425),50.00000]
	 357.74656	   0.06932	[mu,kappa]: [(18.68157,93.44426),50.00000]
	 409.01264	   0.07924	[mu,kappa]: [(22.83756,90.70482),50.00000]
			msglen: 98371.62484 bits.
Iteration #: 7
	 429.62662	   0.08323	[mu,kappa]: [(23.55446,90.32521),50.00000]
	 359.85455	   0.06973	[mu,kappa]: [(17.50249,275.55349),43.83216]
	  98.54633	   0.01917	[mu,kappa]: [(12.74948,88.15690),16.69345]
	 239.58701	   0.04646	[mu,kappa]: [(19.82923,92.67438),50.00000]
	 447.86917	   0.08676	[mu,kappa]: [(28.00181,87.89770),50.00000]
	 179.92602	   0.03491	[mu,kappa]: [(133.39890,70.09566),1.22715]
	 160.84439	   0.03122	[mu,kappa]: [(9.45748,99.80324),50.00000]
	 373.21173	   0.07231	[mu,kappa]: [(20.82635,92.00926),50.00000]
	 422.51228	   0.08185	[mu,kappa]: [(21.74074,91.42391),50.00000]
	 133.75549	   0.02598	[mu,kappa]: [(8.77410,99.33823),50.00000]
	 344.90762	   0.06684	[mu,kappa]: [(12.59957,98.98273),50.00000]
	 283.05007	   0.05487	[mu,kappa]: [(19.63352,92.81001),50.00000]
	 431.33828	   0.08356	[mu,kappa]: [(24.11313,90.00125),50.00000]
	 489.60709	   0.09483	[mu,kappa]: [(27.87643,87.96184),50.00000]
	 361.81684	   0.07011	[mu,kappa]: [(17.89679,94.07263),50.00000]
	 403.54651	   0.07818	[mu,kappa]: [(22.98613,90.66140),50.00000]
			msglen: 98179.06865 bits.
Iteration #: 8
	 419.56794	   0.08128	[mu,kappa]: [(23.69306,90.33707),50.00000]
	 354.18215	   0.06863	[mu,kappa]: [(17.96272,275.73706),47.82829]
	  71.70852	   0.01397	[mu,kappa]: [(13.69320,89.55841),20.14394]
	 236.84249	   0.04593	[mu,kappa]: [(19.39225,93.04300),50.00000]
	 461.63084	   0.08942	[mu,kappa]: [(29.58358,87.17123),50.00000]
	 176.56610	   0.03426	[mu,kappa]: [(137.28261,68.65938),1.21781]
	 179.03017	   0.03474	[mu,kappa]: [(8.67620,102.95413),50.00000]
	 366.41606	   0.07100	[mu,kappa]: [(20.50492,92.29814),50.00000]
	 413.15915	   0.08004	[mu,kappa]: [(21.54731,91.63156),50.00000]
	 150.09360	   0.02914	[mu,kappa]: [(8.01431,103.57325),50.00000]
	 368.52805	   0.07141	[mu,kappa]: [(11.76816,99.71483),50.00000]
	 280.11082	   0.05430	[mu,kappa]: [(19.17633,93.19224),50.00000]
	 421.95745	   0.08174	[mu,kappa]: [(24.37915,89.94163),50.00000]
	 503.05443	   0.09744	[mu,kappa]: [(29.40270,87.26127),50.00000]
	 363.27643	   0.07039	[mu,kappa]: [(17.29096,94.56815),50.00000]
	 393.87578	   0.07631	[mu,kappa]: [(23.00805,90.74025),50.00000]
			msglen: 98083.42597 bits.
Iteration #: 9
	 411.15890	   0.07966	[mu,kappa]: [(23.57400,90.49979),50.00000]
	 339.69349	   0.06583	[mu,kappa]: [(18.57649,275.79016),50.00000]
	  52.68792	   0.01029	[mu,kappa]: [(13.62543,91.84799),27.86845]
	 236.91725	   0.04594	[mu,kappa]: [(19.01033,93.36916),50.00000]
	 472.02683	   0.09143	[mu,kappa]: [(30.93785,86.57198),50.00000]
	 171.40065	   0.03326	[mu,kappa]: [(142.05843,67.18463),1.24388]
	 192.97916	   0.03744	[mu,kappa]: [(8.19759,103.71901),50.00000]
	 363.87455	   0.07051	[mu,kappa]: [(20.15826,92.60022),50.00000]
	 408.00409	   0.07904	[mu,kappa]: [(21.25039,91.90158),50.00000]
	 162.67706	   0.03157	[mu,kappa]: [(7.53491,104.61049),50.00000]
	 387.83285	   0.07514	[mu,kappa]: [(11.30781,100.00546),50.00000]
	 280.48074	   0.05437	[mu,kappa]: [(18.78921,93.52190),50.00000]
	 413.11041	   0.08003	[mu,kappa]: [(24.34583,90.05476),50.00000]
	 512.40552	   0.09925	[mu,kappa]: [(30.68144,86.69712),50.00000]
	 368.05285	   0.07131	[mu,kappa]: [(16.87392,94.91743),50.00000]
	 386.69773	   0.07492	[mu,kappa]: [(22.81881,90.94441),50.00000]
			msglen: 98016.07341 bits.
Iteration #: 10
	 406.08416	   0.07867	[mu,kappa]: [(23.33432,90.72030),50.00000]
	 326.52014	   0.06328	[mu,kappa]: [(19.17292,275.78628),50.00000]
	  42.79846	   0.00838	[mu,kappa]: [(13.11091,94.64016),43.76465]
	 238.63445	   0.04627	[mu,kappa]: [(18.77894,93.57253),50.00000]
	 476.75271	   0.09235	[mu,kappa]: [(32.03197,86.10455),50.00000]
	 165.57571	   0.03214	[mu,kappa]: [(146.82456,65.75288),1.30194]
	 201.37365	   0.03906	[mu,kappa]: [(7.87419,103.81331),50.00000]
	 364.61494	   0.07065	[mu,kappa]: [(19.90700,92.82118),50.00000]
	 406.92175	   0.07884	[mu,kappa]: [(20.98718,92.13289),50.00000]
	 170.41405	   0.03307	[mu,kappa]: [(7.18143,104.78712),50.00000]
	 399.26170	   0.07735	[mu,kappa]: [(11.09947,100.01731),50.00000]
	 282.65066	   0.05479	[mu,kappa]: [(18.56206,93.72126),50.00000]
	 406.84772	   0.07882	[mu,kappa]: [(24.13751,90.25746),50.00000]
	 515.30591	   0.09981	[mu,kappa]: [(31.67533,86.27611),50.00000]
	 373.11541	   0.07229	[mu,kappa]: [(16.68223,95.07627),50.00000]
	 383.12859	   0.07423	[mu,kappa]: [(22.56155,91.17461),50.00000]
			msglen: 97972.79668 bits.
Iteration #: 11
	 404.69951	   0.07841	[mu,kappa]: [(23.08298,90.92446),50.00000]
	 317.38990	   0.06151	[mu,kappa]: [(19.63684,275.77420),50.00000]
	  41.34858	   0.00810	[mu,kappa]: [(13.07882,96.87901),50.00000]
	 241.02355	   0.04673	[mu,kappa]: [(18.70124,93.64755),50.00000]
	 475.06152	   0.09202	[mu,kappa]: [(32.87578,85.75263),50.00000]
	 160.21403	   0.03110	[mu,kappa]: [(150.66470,64.64532),1.38026]
	 205.36420	   0.03983	[mu,kappa]: [(7.59033,103.82389),50.00000]
	 367.32697	   0.07117	[mu,kappa]: [(19.78268,92.93485),50.00000]
	 408.84059	   0.07921	[mu,kappa]: [(20.81692,92.28104),50.00000]
	 174.43806	   0.03385	[mu,kappa]: [(6.83970,104.87775),50.00000]
	 403.46454	   0.07817	[mu,kappa]: [(11.03331,99.90568),50.00000]
	 285.46063	   0.05533	[mu,kappa]: [(18.49279,93.78870),50.00000]
	 404.09569	   0.07829	[mu,kappa]: [(23.87246,90.47096),50.00000]
	 511.18710	   0.09901	[mu,kappa]: [(32.38868,85.98448),50.00000]
	 377.08306	   0.07306	[mu,kappa]: [(16.67306,95.07883),50.00000]
	 383.00206	   0.07421	[mu,kappa]: [(22.33175,91.36427),50.00000]
			msglen: 97952.07247 bits.
Iteration #: 12
	 406.54465	   0.07876	[mu,kappa]: [(22.86452,91.08574),50.00000]
	 310.62548	   0.06020	[mu,kappa]: [(19.98999,275.75950),50.00000]
	  41.86837	   0.00820	[mu,kappa]: [(13.22315,97.59235),50.00000]
	 243.92731	   0.04730	[mu,kappa]: [(18.72866,93.63799),50.00000]
	 468.27606	   0.09071	[mu,kappa]: [(33.53783,85.47672),50.00000]
	 156.28088	   0.03034	[mu,kappa]: [(153.29738,63.80542),1.45014]
	 206.87507	   0.04013	[mu,kappa]: [(7.30327,103.95648),50.00000]
	 371.48276	   0.07198	[mu,kappa]: [(19.75410,92.96920),50.00000]
	 413.00919	   0.08001	[mu,kappa]: [(20.72916,92.35760),50.00000]
	 176.45488	   0.03424	[mu,kappa]: [(6.47217,105.13964),50.00000]
	 403.36293	   0.07815	[mu,kappa]: [(11.04634,99.77964),50.00000]
	 288.77646	   0.05597	[mu,kappa]: [(18.53002,93.77086),50.00000]
	 404.71255	   0.07841	[mu,kappa]: [(23.61471,90.65624),50.00000]
	 501.61386	   0.09716	[mu,kappa]: [(32.88061,85.78683),50.00000]
	 380.49521	   0.07372	[mu,kappa]: [(16.77763,94.99439),50.00000]
	 385.69434	   0.07473	[mu,kappa]: [(22.15495,91.49947),50.00000]
			msglen: 97940.70555 bits.
Iteration #: 13
	 410.46654	   0.07952	[mu,kappa]: [(22.69153,91.20425),50.00000]
	 305.42598	   0.05920	[mu,kappa]: [(20.26242,275.74493),50.00000]
	  42.22401	   0.00827	[mu,kappa]: [(13.39507,97.58841),50.00000]
	 247.08083	   0.04791	[mu,kappa]: [(18.81737,93.58238),50.00000]
	 458.36892	   0.08879	[mu,kappa]: [(34.10080,85.23929),50.00000]
	 153.63174	   0.02982	[mu,kappa]: [(154.97478,63.23651),1.50347]
	 207.17550	   0.04018	[mu,kappa]: [(6.98988,104.25317),50.00000]
	 376.39080	   0.07293	[mu,kappa]: [(19.78623,92.95574),50.00000]
	 418.41896	   0.08106	[mu,kappa]: [(20.70036,92.38590),50.00000]
	 177.60496	   0.03446	[mu,kappa]: [(6.05876,105.63419),50.00000]
	 400.87273	   0.07767	[mu,kappa]: [(11.10064,99.67460),50.00000]
	 292.33136	   0.05666	[mu,kappa]: [(18.62856,93.70743),50.00000]
	 407.65169	   0.07898	[mu,kappa]: [(23.39249,90.80383),50.00000]
	 488.67289	   0.09465	[mu,kappa]: [(33.22099,85.65116),50.00000]
	 383.58434	   0.07432	[mu,kappa]: [(16.94350,94.87002),50.00000]
	 390.09874	   0.07558	[mu,kappa]: [(22.03016,91.58880),50.00000]
			msglen: 97931.77628 bits.
Iteration #: 14
	 415.50327	   0.08050	[mu,kappa]: [(22.56070,91.28868),50.00000]
	 301.07975	   0.05836	[mu,kappa]: [(20.48442,275.73052),50.00000]
	  42.48274	   0.00832	[mu,kappa]: [(13.59087,97.45007),50.00000]
	 250.28783	   0.04853	[mu,kappa]: [(18.93810,93.50390),50.00000]
	 446.84045	   0.08656	[mu,kappa]: [(34.62649,85.01484),50.00000]
	 151.83817	   0.02948	[mu,kappa]: [(156.06548,62.85494),1.54249]
	 206.95871	   0.04014	[mu,kappa]: [(6.64277,104.70270),50.00000]
	 381.56194	   0.07393	[mu,kappa]: [(19.85338,92.91576),50.00000]
	 424.34655	   0.08221	[mu,kappa]: [(20.70974,92.38444),50.00000]
	 178.52677	   0.03464	[mu,kappa]: [(5.59424,106.36734),50.00000]
	 397.05529	   0.07693	[mu,kappa]: [(11.17751,99.59029),50.00000]
	 295.92279	   0.05736	[mu,kappa]: [(18.75865,93.62186),50.00000]
	 411.93959	   0.07981	[mu,kappa]: [(23.21115,90.91755),50.00000]
	 473.86049	   0.09179	[mu,kappa]: [(33.45546,85.55890),50.00000]
	 386.44076	   0.07487	[mu,kappa]: [(17.13836,94.72964),50.00000]
	 395.35492	   0.07660	[mu,kappa]: [(21.94710,91.64486),50.00000]
			msglen: 97923.52438 bits.
Iteration #: 15
	 421.08000	   0.08158	[mu,kappa]: [(22.46300,91.34857),50.00000]
	 297.00278	   0.05757	[mu,kappa]: [(20.68417,275.71482),50.00000]
	  42.69953	   0.00836	[mu,kappa]: [(13.80113,97.29019),50.00000]
	 253.48340	   0.04915	[mu,kappa]: [(19.07211,93.41669),50.00000]
	 434.62508	   0.08420	[mu,kappa]: [(35.15677,84.78691),50.00000]
	 150.53998	   0.02923	[mu,kappa]: [(156.83582,62.57803),1.57206]
	 206.57626	   0.04007	[mu,kappa]: [(6.26767,105.28655),50.00000]
	 386.78087	   0.07494	[mu,kappa]: [(19.93790,92.86307),50.00000]
	 430.43350	   0.08338	[mu,kappa]: [(20.74132,92.36631),50.00000]
	 179.54595	   0.03484	[mu,kappa]: [(5.08655,107.34579),50.00000]
	 392.56973	   0.07606	[mu,kappa]: [(11.27080,99.51961),50.00000]
	 299.49176	   0.05805	[mu,kappa]: [(18.90137,93.52827),50.00000]
	 416.94980	   0.08078	[mu,kappa]: [(23.06570,91.00479),50.00000]
	 458.04674	   0.08873	[mu,kappa]: [(33.60592,85.50208),50.00000]
	 389.19489	   0.07541	[mu,kappa]: [(17.34287,94.58660),50.00000]
	 400.97972	   0.07769	[mu,kappa]: [(21.89382,91.67872),50.00000]
			msglen: 97915.22556 bits.
Iteration #: 16
	 426.86405	   0.08269	[mu,kappa]: [(22.39033,91.39103),50.00000]
	 292.84080	   0.05676	[mu,kappa]: [(20.88154,275.69680),50.00000]
	  42.90944	   0.00840	[mu,kappa]: [(14.01804,97.13037),50.00000]
	 256.63973	   0.04976	[mu,kappa]: [(19.20826,93.32845),50.00000]
	 422.30499	   0.08181	[mu,kappa]: [(35.72055,84.54478),50.00000]
	 149.49778	   0.02902	[mu,kappa]: [(157.44491,62.35310),1.59654]
	 206.18495	   0.03999	[mu,kappa]: [(5.87439,105.98976),50.00000]
	 391.94132	   0.07594	[mu,kappa]: [(20.02896,92.80557),50.00000]
	 436.49329	   0.08456	[mu,kappa]: [(20.78473,92.33942),50.00000]
	 180.80922	   0.03508	[mu,kappa]: [(4.54771,108.59698),50.00000]
	 387.81910	   0.07514	[mu,kappa]: [(11.37840,99.45497),50.00000]
	 303.01507	   0.05873	[mu,kappa]: [(19.04557,93.43431),50.00000]
	 422.30229	   0.08181	[mu,kappa]: [(22.94965,91.07191),50.00000]
	 441.74337	   0.08557	[mu,kappa]: [(33.67808,85.47969),50.00000]
	 391.93053	   0.07593	[mu,kappa]: [(17.54554,94.44774),50.00000]
	 406.70408	   0.07879	[mu,kappa]: [(21.86115,91.69793),50.00000]
			msglen: 97906.54477 bits.
Iteration #: 17
	 432.65897	   0.08382	[mu,kappa]: [(22.33698,91.42058),50.00000]
	 288.41722	   0.05591	[mu,kappa]: [(21.08826,275.67591),50.00000]
	  43.13343	   0.00844	[mu,kappa]: [(14.23518,96.97532),50.00000]
	 259.73363	   0.05035	[mu,kappa]: [(19.34037,93.24303),50.00000]
	 410.24600	   0.07948	[mu,kappa]: [(36.33711,84.28188),50.00000]
	 148.56195	   0.02884	[mu,kappa]: [(157.98553,62.14831),1.61905]
	 205.83915	   0.03993	[mu,kappa]: [(5.47323,106.80331),50.00000]
	 396.97634	   0.07691	[mu,kappa]: [(20.12050,92.74736),50.00000]
	 442.41623	   0.08570	[mu,kappa]: [(20.83391,92.30811),50.00000]
	 182.36556	   0.03538	[mu,kappa]: [(3.99030,110.18355),50.00000]
	 383.06098	   0.07422	[mu,kappa]: [(11.49863,99.39104),50.00000]
	 306.47014	   0.05940	[mu,kappa]: [(19.18498,93.34381),50.00000]
	 427.76673	   0.08287	[mu,kappa]: [(22.85776,91.12328),50.00000]
	 425.30502	   0.08239	[mu,kappa]: [(33.66745,85.49512),50.00000]
	 394.67724	   0.07647	[mu,kappa]: [(17.73962,94.31653),50.00000]
	 412.37140	   0.07989	[mu,kappa]: [(21.84314,91.70704),50.00000]
			msglen: 97897.27802 bits.
Iteration #: 18
	 438.33898	   0.08491	[mu,kappa]: [(22.29950,91.43975),50.00000]
	 283.67495	   0.05499	[mu,kappa]: [(21.30995,275.65203),50.00000]
	  43.38287	   0.00849	[mu,kappa]: [(14.44691,96.82729),50.00000]
	 262.73595	   0.05094	[mu,kappa]: [(19.46527,93.16215),50.00000]
	 398.65191	   0.07724	[mu,kappa]: [(37.01590,83.99597),50.00000]
	 147.63971	   0.02866	[mu,kappa]: [(158.51312,61.94284),1.64174]
	 205.54332	   0.03987	[mu,kappa]: [(5.07375,107.72357),50.00000]
	 401.82858	   0.07785	[mu,kappa]: [(20.20945,92.69031),50.00000]
	 448.12293	   0.08681	[mu,kappa]: [(20.88573,92.27445),50.00000]
	 184.21145	   0.03574	[mu,kappa]: [(3.42627,112.22523),50.00000]
	 378.47114	   0.07333	[mu,kappa]: [(11.62884,99.32535),50.00000]
	 309.82462	   0.06005	[mu,kappa]: [(19.31641,93.25844),50.00000]
	 433.19567	   0.08392	[mu,kappa]: [(22.78663,91.16148),50.00000]
	 409.07795	   0.07925	[mu,kappa]: [(33.56522,85.55364),50.00000]
	 397.42020	   0.07700	[mu,kappa]: [(17.92114,94.19470),50.00000]
	 417.87977	   0.08096	[mu,kappa]: [(21.83645,91.70844),50.00000]
			msglen: 97887.30508 bits.
Iteration #: 19
	 443.81118	   0.08597	[mu,kappa]: [(22.27619,91.44967),50.00000]
	 278.63191	   0.05401	[mu,kappa]: [(21.54813,275.62537),50.00000]
	  43.66247	   0.00855	[mu,kappa]: [(14.64796,96.68862),50.00000]
	 265.60913	   0.05149	[mu,kappa]: [(19.58162,93.08632),50.00000]
	 387.55870	   0.07509	[mu,kappa]: [(37.75318,83.69018),50.00000]
	 146.67768	   0.02848	[mu,kappa]: [(159.05812,61.72387),1.66600]
	 205.28173	   0.03982	[mu,kappa]: [(4.68442,108.75065),50.00000]
	 406.43802	   0.07874	[mu,kappa]: [(20.29460,92.63498),50.00000]
	 453.54194	   0.08786	[mu,kappa]: [(20.93894,92.23916),50.00000]
	 186.31633	   0.03615	[mu,kappa]: [(2.86684,114.94144),50.00000]
	 374.17724	   0.07250	[mu,kappa]: [(11.76514,99.25802),50.00000]
	 313.03473	   0.06067	[mu,kappa]: [(19.43848,93.17873),50.00000]
	 438.48341	   0.08494	[mu,kappa]: [(22.73439,91.18777),50.00000]
	 393.51297	   0.07624	[mu,kappa]: [(33.36563,85.65917),50.00000]
	 400.11222	   0.07752	[mu,kappa]: [(18.08783,94.08302),50.00000]
	 423.15032	   0.08198	[mu,kappa]: [(21.83951,91.70312),50.00000]
			msglen: 97876.67894 bits.
Iteration #: 20
	 448.99475	   0.08698	[mu,kappa]: [(22.26643,91.45063),50.00000]
	 273.34988	   0.05299	[mu,kappa]: [(21.80174,275.59638),50.00000]
	  43.97255	   0.00861	[mu,kappa]: [(14.83344,96.56200),50.00000]
	 268.30842	   0.05201	[mu,kappa]: [(19.68904,93.01548),50.00000]
	 376.81874	   0.07301	[mu,kappa]: [(38.52831,83.37407),50.00000]
	 145.66068	   0.02828	[mu,kappa]: [(159.62564,61.49038),1.69243]
	 205.03541	   0.03977	[mu,kappa]: [(4.31259,109.88573),50.00000]
	 410.73849	   0.07957	[mu,kappa]: [(20.37574,92.58130),50.00000]
	 458.60023	   0.08884	[mu,kappa]: [(20.99330,92.20222),50.00000]
	 188.63762	   0.03660	[mu,kappa]: [(2.32302,118.74351),50.00000]
	 370.27711	   0.07174	[mu,kappa]: [(11.90249,99.19116),50.00000]
	 316.04755	   0.06125	[mu,kappa]: [(19.55074,93.10464),50.00000]
	 443.54192	   0.08592	[mu,kappa]: [(22.70029,91.20255),50.00000]
	 379.21999	   0.07348	[mu,kappa]: [(33.07476,85.80992),50.00000]
	 402.68574	   0.07802	[mu,kappa]: [(18.23837,93.98190),50.00000]
	 428.11093	   0.08294	[mu,kappa]: [(21.85188,91.69129),50.00000]
			msglen: 97865.76749 bits.
Iteration #: 21
	 453.81164	   0.08791	[mu,kappa]: [(22.26996,91.44270),50.00000]
	 267.91255	   0.05194	[mu,kappa]: [(22.06809,275.56571),50.00000]
	  44.31129	   0.00867	[mu,kappa]: [(14.99884,96.45038),50.00000]
	 270.78666	   0.05249	[mu,kappa]: [(19.78741,92.94953),50.00000]
	 366.15641	   0.07095	[mu,kappa]: [(39.30508,83.06253),50.00000]
	 144.61602	   0.02808	[mu,kappa]: [(160.19197,61.25896),1.72065]
	 204.79059	   0.03972	[mu,kappa]: [(3.96461,111.12746),50.00000]
	 414.66106	   0.08033	[mu,kappa]: [(20.45291,92.52912),50.00000]
	 463.22286	   0.08973	[mu,kappa]: [(21.04884,92.16352),50.00000]
	 191.12894	   0.03708	[mu,kappa]: [(1.80717,124.45146),50.00000]
	 366.85118	   0.07108	[mu,kappa]: [(12.03532,99.12816),50.00000]
	 318.80722	   0.06179	[mu,kappa]: [(19.65302,93.03609),50.00000]
	 448.28846	   0.08684	[mu,kappa]: [(22.68393,91.20593),50.00000]
	 366.89766	   0.07109	[mu,kappa]: [(32.71674,85.99479),50.00000]
	 405.06723	   0.07848	[mu,kappa]: [(18.37176,93.89168),50.00000]
	 432.69023	   0.08382	[mu,kappa]: [(21.87342,91.67292),50.00000]
			msglen: 97855.26119 bits.
Iteration #: 22
	 458.18723	   0.08876	[mu,kappa]: [(22.28607,91.42632),50.00000]
	 262.41038	   0.05087	[mu,kappa]: [(22.34351,275.53403),50.00000]
	  44.67704	   0.00874	[mu,kappa]: [(15.14032,96.35663),50.00000]
	 273.00271	   0.05292	[mu,kappa]: [(19.87630,92.88876),50.00000]
	 355.33873	   0.06885	[mu,kappa]: [(40.04203,82.77146),50.00000]
	 143.60391	   0.02788	[mu,kappa]: [(160.71279,61.06153),1.74933]
	 204.53942	   0.03967	[mu,kappa]: [(3.64593,112.46720),50.00000]
	 418.14430	   0.08101	[mu,kappa]: [(20.52575,92.47868),50.00000]
	 467.34129	   0.09053	[mu,kappa]: [(21.10519,92.12333),50.00000]
	 193.74248	   0.03759	[mu,kappa]: [(1.33747,133.83738),50.00000]
	 363.97143	   0.07052	[mu,kappa]: [(12.15817,99.07281),50.00000]
	 321.26532	   0.06226	[mu,kappa]: [(19.74486,92.97338),50.00000]
	 452.64344	   0.08768	[mu,kappa]: [(22.68443,91.19846),50.00000]
	 357.11679	   0.06920	[mu,kappa]: [(32.33064,86.19409),50.00000]
	 407.19478	   0.07889	[mu,kappa]: [(18.48702,93.81301),50.00000]
	 436.82074	   0.08462	[mu,kappa]: [(21.90354,91.64841),50.00000]
			msglen: 97845.90595 bits.
			N: 5160
		18.96238 bpr
Null model msglen: 121688.61385 bits.	(23.58306 bpr)
