Iteration #: 0
	1698.00000	   0.32907	[mu,kappa]: [(19.85221,90.42733),14.52115]
	1703.00000	   0.33004	[mu,kappa]: [(19.04202,89.64597),13.56753]
	1759.00000	   0.34089	[mu,kappa]: [(19.00528,90.24601),12.55838]
			msglen: 0.00000 bits.
Iteration #: 1
	1722.72365	   0.33386	[mu,kappa]: [(19.80689,90.57711),27.12247]
	1684.74388	   0.32650	[mu,kappa]: [(18.90807,90.29855),17.89480]
	1752.53246	   0.33964	[mu,kappa]: [(19.15154,89.39868),7.79431]
			msglen: 102397.10866 bits.
Iteration #: 2
	2141.17319	   0.41493	[mu,kappa]: [(20.66810,91.66126),50.00000]
	1671.36677	   0.32391	[mu,kappa]: [(19.50593,90.94925),36.42200]
	1347.46004	   0.26116	[mu,kappa]: [(16.30933,84.65655),4.51026]
			msglen: 99858.83218 bits.
Iteration #: 3
	2454.36698	   0.47561	[mu,kappa]: [(21.29578,91.77609),50.00000]
	1730.73300	   0.33541	[mu,kappa]: [(19.94326,91.60838),49.79591]
	 974.90002	   0.18898	[mu,kappa]: [(11.01534,71.65570),3.17338]
			msglen: 99330.28217 bits.
Iteration #: 4
	2549.17882	   0.49398	[mu,kappa]: [(21.74290,91.22375),50.00000]
	1790.04993	   0.34690	[mu,kappa]: [(19.84135,92.17931),50.00000]
	 820.77125	   0.15911	[mu,kappa]: [(7.18986,53.32703),2.73137]
			msglen: 99248.34547 bits.
Iteration #: 5
	2591.77580	   0.50223	[mu,kappa]: [(22.19028,90.85798),50.00000]
	1821.84832	   0.35307	[mu,kappa]: [(19.32323,92.50858),50.00000]
	 746.37589	   0.14470	[mu,kappa]: [(5.53966,33.26266),2.52855]
			msglen: 99202.33914 bits.
Iteration #: 6
	2609.01353	   0.50557	[mu,kappa]: [(22.80290,90.50007),50.00000]
	1844.60471	   0.35747	[mu,kappa]: [(18.45600,93.04169),50.00000]
	 706.38176	   0.13695	[mu,kappa]: [(5.09442,17.67657),2.41408]
			msglen: 99131.67649 bits.
Iteration #: 7
	2613.54092	   0.50645	[mu,kappa]: [(23.64895,90.07907),50.00000]
	1871.70608	   0.36273	[mu,kappa]: [(17.24072,93.86081),50.00000]
	 674.75300	   0.13082	[mu,kappa]: [(5.07908,5.44647),2.31867]
			msglen: 99009.73116 bits.
Iteration #: 8
	2612.10497	   0.50617	[mu,kappa]: [(24.66342,89.62423),50.00000]
	1911.36258	   0.37041	[mu,kappa]: [(15.80031,94.92110),50.00000]
	 636.53245	   0.12342	[mu,kappa]: [(5.38056,352.37915),2.19711]
			msglen: 98852.01244 bits.
Iteration #: 9
	2611.43139	   0.50604	[mu,kappa]: [(25.61896,89.22801),50.00000]
	1960.28543	   0.37989	[mu,kappa]: [(14.44171,95.98517),50.00000]
	 588.28317	   0.11407	[mu,kappa]: [(6.18914,338.30142),2.03397]
			msglen: 98720.37233 bits.
Iteration #: 10
	2616.91295	   0.50710	[mu,kappa]: [(26.29702,88.96013),50.00000]
	2003.73044	   0.38830	[mu,kappa]: [(13.42853,96.78101),50.00000]
	 539.35661	   0.10459	[mu,kappa]: [(7.51036,326.75737),1.85689]
			msglen: 98649.10032 bits.
Iteration #: 11
	2629.09315	   0.50946	[mu,kappa]: [(26.67398,88.81510),50.00000]
	2030.44781	   0.39348	[mu,kappa]: [(12.77847,97.26208),50.00000]
	 500.45904	   0.09706	[mu,kappa]: [(8.97637,319.44540),1.70647]
			msglen: 98620.05679 bits.
Iteration #: 12
	2645.98105	   0.51273	[mu,kappa]: [(26.84594,88.75123),50.00000]
	2039.73191	   0.39528	[mu,kappa]: [(12.37435,97.54012),50.00000]
	 474.28704	   0.09199	[mu,kappa]: [(10.20319,315.46757),1.59926]
			msglen: 98609.25126 bits.
Iteration #: 13
	2665.76843	   0.51657	[mu,kappa]: [(26.90381,88.73275),50.00000]
	2036.09264	   0.39457	[mu,kappa]: [(12.10837,97.71821),50.00000]
	 458.13893	   0.08886	[mu,kappa]: [(11.05215,313.50414),1.52979]
			msglen: 98604.80990 bits.
Iteration #: 14
	2687.30880	   0.52074	[mu,kappa]: [(26.90219,88.73827),50.00000]
	2024.23473	   0.39228	[mu,kappa]: [(11.91510,97.85169),50.00000]
	 448.45647	   0.08698	[mu,kappa]: [(11.57249,312.64950),1.48617]
			msglen: 98602.39344 bits.
Iteration #: 15
	2709.91641	   0.52512	[mu,kappa]: [(26.86977,88.75638),50.00000]
	2007.51303	   0.38904	[mu,kappa]: [(11.75932,97.96576),50.00000]
	 442.57055	   0.08584	[mu,kappa]: [(11.86738,312.39056),1.45830]
			msglen: 98600.58709 bits.
Iteration #: 16
	2733.18492	   0.52963	[mu,kappa]: [(26.82129,88.78115),50.00000]
	1988.00309	   0.38526	[mu,kappa]: [(11.62249,98.07176),50.00000]
	 438.81199	   0.08511	[mu,kappa]: [(12.02474,312.45326),1.43943]
			msglen: 98598.95040 bits.
Iteration #: 17
	2756.87724	   0.53422	[mu,kappa]: [(26.76432,88.80945),50.00000]
	1966.90815	   0.38117	[mu,kappa]: [(11.49474,98.17507),50.00000]
	 436.21461	   0.08461	[mu,kappa]: [(12.10315,312.69339),1.42554]
			msglen: 98597.34809 bits.
Iteration #: 18
	2780.85796	   0.53887	[mu,kappa]: [(26.70284,88.83966),50.00000]
	1944.90345	   0.37691	[mu,kappa]: [(11.37080,98.27840),50.00000]
	 434.23859	   0.08423	[mu,kappa]: [(12.13769,313.03512),1.41433]
			msglen: 98595.73780 bits.
Iteration #: 19
	2805.05178	   0.54355	[mu,kappa]: [(26.63893,88.87091),50.00000]
	1922.36111	   0.37254	[mu,kappa]: [(11.24775,98.38323),50.00000]
	 432.58712	   0.08391	[mu,kappa]: [(12.14830,313.43861),1.40450]
			msglen: 98594.10525 bits.
Iteration #: 20
	2829.41826	   0.54827	[mu,kappa]: [(26.57369,88.90274),50.00000]
	1899.48377	   0.36811	[mu,kappa]: [(11.12400,98.49046),50.00000]
	 431.09797	   0.08362	[mu,kappa]: [(12.14606,313.88306),1.39534]
			msglen: 98592.44457 bits.
Iteration #: 21
	2853.93704	   0.55302	[mu,kappa]: [(26.50770,88.93492),50.00000]
	1876.38048	   0.36363	[mu,kappa]: [(10.99860,98.60066),50.00000]
	 429.68248	   0.08334	[mu,kappa]: [(12.13703,314.35784),1.38647]
			msglen: 98590.75246 bits.
			N: 5160
		19.10673 bpr
Null model msglen: 121688.61385 bits.	(23.58306 bpr)
