Iteration #: 0
	1242.00000	   0.06210	[mu,kappa]: [(42.50649,69.87335),1.87403]
	1286.00000	   0.06430	[mu,kappa]: [(40.59701,66.98092),2.01707]
	1143.00000	   0.05715	[mu,kappa]: [(40.50105,70.27330),2.13649]
	1237.00000	   0.06185	[mu,kappa]: [(42.22408,69.07671),2.06156]
	1271.00000	   0.06355	[mu,kappa]: [(42.40193,69.33024),2.06513]
	1275.00000	   0.06375	[mu,kappa]: [(40.06639,69.39868),2.28324]
	1276.00000	   0.06380	[mu,kappa]: [(42.19265,71.20086),2.00629]
	1228.00000	   0.06140	[mu,kappa]: [(39.87463,67.79602),1.99832]
	1280.00000	   0.06400	[mu,kappa]: [(41.33943,67.26826),1.83654]
	1227.00000	   0.06135	[mu,kappa]: [(41.03383,68.78504),2.02800]
	1226.00000	   0.06130	[mu,kappa]: [(40.87794,66.96028),2.00084]
	1324.00000	   0.06620	[mu,kappa]: [(40.25174,67.56795),2.05031]
	1223.00000	   0.06115	[mu,kappa]: [(40.61376,69.92381),2.12329]
	1264.00000	   0.06320	[mu,kappa]: [(39.50219,66.26632),1.99160]
	1251.00000	   0.06255	[mu,kappa]: [(41.83616,67.11121),1.77764]
	1247.00000	   0.06235	[mu,kappa]: [(41.24499,65.61597),1.80133]
			msglen: 0.00000 bits.
Iteration #: 1
	1240.60300	   0.06203	[mu,kappa]: [(42.72426,65.53447),1.69444]
	1282.47786	   0.06412	[mu,kappa]: [(40.68872,68.28184),2.03428]
	1144.51617	   0.05723	[mu,kappa]: [(40.11570,72.21757),2.45439]
	1234.43060	   0.06172	[mu,kappa]: [(41.14780,70.22358),2.18184]
	1268.40602	   0.06342	[mu,kappa]: [(41.20502,70.40247),2.19520]
	1288.10072	   0.06440	[mu,kappa]: [(39.51407,74.28092),2.90966]
	1272.15876	   0.06361	[mu,kappa]: [(41.45279,69.84311),2.07310]
	1224.59763	   0.06123	[mu,kappa]: [(40.49015,68.16970),2.00913]
	1282.12011	   0.06411	[mu,kappa]: [(42.65554,62.84395),1.57185]
	1224.05984	   0.06120	[mu,kappa]: [(40.82246,69.35055),2.09792]
	1222.64623	   0.06113	[mu,kappa]: [(40.91697,67.85373),1.98649]
	1320.95530	   0.06605	[mu,kappa]: [(40.35595,69.34939),2.14295]
	1223.69340	   0.06119	[mu,kappa]: [(40.20491,71.84063),2.40480]
	1260.19653	   0.06301	[mu,kappa]: [(40.35851,67.27504),1.96314]
	1258.18047	   0.06291	[mu,kappa]: [(43.79220,60.36905),1.42578]
	1252.85737	   0.06264	[mu,kappa]: [(43.17485,60.46095),1.46242]
			msglen: 151702.20899 bits.
Iteration #: 2
	1228.50465	   0.06143	[mu,kappa]: [(45.51203,56.24378),1.26416]
	1253.41710	   0.06267	[mu,kappa]: [(40.42925,69.60322),2.17299]
	1159.58583	   0.05798	[mu,kappa]: [(39.25788,77.20050),3.71835]
	1215.30184	   0.06077	[mu,kappa]: [(40.06826,73.18827),2.65484]
	1249.95494	   0.06250	[mu,kappa]: [(40.05463,73.46357),2.70181]
	1403.34585	   0.07016	[mu,kappa]: [(38.94806,80.66835),6.10413]
	1245.00996	   0.06225	[mu,kappa]: [(40.58031,71.07161),2.30957]
	1196.25373	   0.05981	[mu,kappa]: [(40.47553,68.96674),2.10284]
	1292.91268	   0.06464	[mu,kappa]: [(49.85225,46.61098),0.98545]
	1199.22937	   0.05996	[mu,kappa]: [(40.21386,71.37500),2.37923]
	1193.96332	   0.05970	[mu,kappa]: [(40.79162,68.27032),2.02934]
	1297.15485	   0.06486	[mu,kappa]: [(39.86727,72.21263),2.52154]
	1231.87549	   0.06159	[mu,kappa]: [(39.33166,76.60434),3.50554]
	1230.43793	   0.06152	[mu,kappa]: [(40.68917,67.39085),1.96171]
	1309.88723	   0.06549	[mu,kappa]: [(61.73967,31.58735),0.71940]
	1293.16522	   0.06466	[mu,kappa]: [(57.77249,35.23911),0.77481]
			msglen: 147265.25925 bits.
Iteration #: 3
	1099.14611	   0.05496	[mu,kappa]: [(66.49647,22.61818),0.69397]
	1077.28234	   0.05387	[mu,kappa]: [(39.04809,73.12645),2.95595]
	1307.28706	   0.06536	[mu,kappa]: [(38.94316,82.85805),11.61858]
	1120.90694	   0.05605	[mu,kappa]: [(38.78891,78.68725),4.99763]
	1162.42618	   0.05812	[mu,kappa]: [(38.79594,79.02819),5.23827]
	2280.69457	   0.11401	[mu,kappa]: [(39.36343,84.99851),23.86915]
	1087.93073	   0.05440	[mu,kappa]: [(39.00122,75.29800),3.46552]
	1021.02922	   0.05106	[mu,kappa]: [(39.16812,71.83881),2.71841]
	1275.66799	   0.06378	[mu,kappa]: [(112.86444,345.79261),0.74181]
	1058.17327	   0.05291	[mu,kappa]: [(38.83389,76.09251),3.73970]
	1012.79748	   0.05064	[mu,kappa]: [(39.45275,70.29520),2.48047]
	1169.84280	   0.05849	[mu,kappa]: [(38.69657,77.53235),4.35417]
	1334.14194	   0.06671	[mu,kappa]: [(38.88245,82.38496),10.19074]
	1039.28075	   0.05197	[mu,kappa]: [(39.60557,68.55623),2.27334]
	1516.79329	   0.07583	[mu,kappa]: [(133.59429,321.47370),1.38696]
	1436.59932	   0.07183	[mu,kappa]: [(130.90246,325.43456),1.21075]
			msglen: 130726.53046 bits.
Iteration #: 4
	 736.39239	   0.03683	[mu,kappa]: [(110.54847,332.38288),1.03619]
	 691.07889	   0.03457	[mu,kappa]: [(36.97296,73.89549),4.95385]
	1737.56573	   0.08687	[mu,kappa]: [(39.50336,85.37129),27.04267]
	 925.61782	   0.04629	[mu,kappa]: [(38.53282,81.25151),10.56148]
	 984.50583	   0.04923	[mu,kappa]: [(38.63725,81.64927),11.18987]
	4566.32524	   0.22825	[mu,kappa]: [(39.84069,86.29185),52.00726]
	 746.94801	   0.03736	[mu,kappa]: [(37.56641,76.92288),6.39414]
	 634.95721	   0.03176	[mu,kappa]: [(36.70590,71.89705),4.30395]
	1098.73392	   0.05494	[mu,kappa]: [(132.69107,312.67272),2.17811]
	 753.12490	   0.03767	[mu,kappa]: [(37.73931,78.03027),7.15998]
	 611.43589	   0.03058	[mu,kappa]: [(36.52227,69.30728),3.68066]
	 898.41234	   0.04493	[mu,kappa]: [(38.13506,79.88830),8.84641]
	1643.75938	   0.08218	[mu,kappa]: [(39.41965,85.04308),23.64318]
	 613.12555	   0.03067	[mu,kappa]: [(36.31850,66.24056),3.16510]
	1784.69471	   0.08922	[mu,kappa]: [(139.55252,305.33980),3.91534]
	1573.32217	   0.07866	[mu,kappa]: [(138.41268,306.41625),3.47220]
			msglen: 118172.23220 bits.
Iteration #: 5
	 596.92165	   0.02986	[mu,kappa]: [(99.89762,321.73103),1.42345]
	 570.85201	   0.02856	[mu,kappa]: [(35.82531,69.38255),5.04904]
	1825.26190	   0.09125	[mu,kappa]: [(39.81610,86.20115),35.98295]
	 794.92139	   0.03976	[mu,kappa]: [(38.89958,82.38715),12.10521]
	 852.67999	   0.04264	[mu,kappa]: [(39.02145,82.91190),13.01659]
	5699.31165	   0.28488	[mu,kappa]: [(40.11924,86.54624),70.74216]
	 617.16448	   0.03087	[mu,kappa]: [(37.25731,75.19262),6.59004]
	 525.52572	   0.02629	[mu,kappa]: [(34.98550,65.51101),4.42751]
	 981.07146	   0.04906	[mu,kappa]: [(130.86246,307.84305),2.90733]
	 624.45922	   0.03124	[mu,kappa]: [(37.67560,77.24079),7.49837]
	 506.95943	   0.02536	[mu,kappa]: [(34.12621,60.62686),3.86660]
	 755.61104	   0.03779	[mu,kappa]: [(38.37941,80.39551),9.69246]
	1669.19958	   0.08345	[mu,kappa]: [(39.74597,86.04707),31.14633]
	 508.80717	   0.02546	[mu,kappa]: [(33.24541,55.06772),3.41916]
	1878.63903	   0.09392	[mu,kappa]: [(141.89114,303.65414),5.69740]
	1592.61427	   0.07962	[mu,kappa]: [(140.16459,304.10043),4.97405]
			msglen: 116277.60421 bits.
Iteration #: 6
	 580.27644	   0.02903	[mu,kappa]: [(83.33570,315.71879),1.72773]
	 566.16249	   0.02832	[mu,kappa]: [(35.71312,65.68301),4.60007]
	1804.36592	   0.09021	[mu,kappa]: [(39.88308,86.46208),38.94123]
	 742.87378	   0.03715	[mu,kappa]: [(39.39355,83.44680),12.06470]
	 797.80758	   0.03990	[mu,kappa]: [(39.45560,84.03541),13.10638]
	6032.66174	   0.30154	[mu,kappa]: [(40.25509,86.54968),80.51022]
	 592.50354	   0.02964	[mu,kappa]: [(37.89492,73.85320),6.01676]
	 531.02199	   0.02657	[mu,kappa]: [(34.24025,60.23197),4.09012]
	 900.70928	   0.04504	[mu,kappa]: [(127.51876,305.09428),3.15880]
	 592.45167	   0.02964	[mu,kappa]: [(38.39380,76.71541),6.93474]
	 522.30877	   0.02613	[mu,kappa]: [(32.62176,53.37557),3.66427]
	 707.08255	   0.03536	[mu,kappa]: [(39.03187,80.99535),9.32366]
	1632.62051	   0.08162	[mu,kappa]: [(39.81762,86.44554),33.37837]
	 533.42238	   0.02669	[mu,kappa]: [(30.98739,45.50590),3.35118]
	1900.10504	   0.09499	[mu,kappa]: [(144.91766,303.84033),6.98948]
	1563.62632	   0.07818	[mu,kappa]: [(142.45971,303.64420),5.97517]
			msglen: 115751.37903 bits.
Iteration #: 7
	 596.33634	   0.02983	[mu,kappa]: [(73.30615,309.32489),2.28815]
	 572.54134	   0.02864	[mu,kappa]: [(36.73048,64.22308),4.36385]
	1785.37570	   0.08926	[mu,kappa]: [(39.77678,86.53389),39.39480]
	 728.09991	   0.03642	[mu,kappa]: [(39.85970,84.28740),12.00947]
	 782.52247	   0.03914	[mu,kappa]: [(39.80329,84.90555),13.10619]
	6129.08887	   0.30636	[mu,kappa]: [(40.32854,86.50992),85.81746]
	 590.32686	   0.02953	[mu,kappa]: [(39.52181,73.34933),5.68090]
	 541.16968	   0.02707	[mu,kappa]: [(34.46750,57.96185),3.92433]
	 844.15332	   0.04222	[mu,kappa]: [(122.78667,302.28354),3.44759]
	 586.13368	   0.02932	[mu,kappa]: [(39.86355,76.59149),6.58936]
	 537.01039	   0.02686	[mu,kappa]: [(31.81888,49.71370),3.58350]
	 693.33291	   0.03468	[mu,kappa]: [(39.94099,81.54506),9.08956]
	1613.35108	   0.08066	[mu,kappa]: [(39.69842,86.61438),33.54313]
	 553.94024	   0.02771	[mu,kappa]: [(29.17740,39.58662),3.36485]
	1915.31288	   0.09575	[mu,kappa]: [(147.70930,304.87492),8.06768]
	1531.30434	   0.07656	[mu,kappa]: [(144.39639,303.87229),6.75065]
			msglen: 115439.06743 bits.
Iteration #: 8
	 629.56985	   0.03149	[mu,kappa]: [(69.04204,304.19610),3.12004]
	 575.26745	   0.02878	[mu,kappa]: [(38.64792,64.26428),4.26955]
	1777.72403	   0.08888	[mu,kappa]: [(39.54217,86.56967),38.96613]
	 726.38314	   0.03633	[mu,kappa]: [(40.15489,84.85228),12.07995]
	 781.65186	   0.03909	[mu,kappa]: [(39.95813,85.49988),13.20979]
	6151.47722	   0.30748	[mu,kappa]: [(40.38799,86.47777),89.09969]
	 593.18925	   0.02967	[mu,kappa]: [(41.86128,73.23774),5.51085]
	 542.91663	   0.02716	[mu,kappa]: [(35.45171,57.78919),3.87676]
	 816.42434	   0.04083	[mu,kappa]: [(117.55247,299.55950),3.96134]
	 586.88937	   0.02936	[mu,kappa]: [(41.79319,76.52361),6.40522]
	 538.99495	   0.02696	[mu,kappa]: [(31.50519,48.55975),3.60127]
	 690.47673	   0.03454	[mu,kappa]: [(40.85418,81.86470),9.00664]
	1610.05899	   0.08050	[mu,kappa]: [(39.43086,86.71998),33.05467]
	 558.72677	   0.02795	[mu,kappa]: [(27.62585,36.05552),3.47497]
	1925.08591	   0.09624	[mu,kappa]: [(150.15857,306.34406),8.98408]
	1495.16350	   0.07475	[mu,kappa]: [(145.89674,304.37140),7.31575]
			msglen: 115168.33745 bits.
Iteration #: 9
	 664.03890	   0.03321	[mu,kappa]: [(67.32817,301.04792),4.13719]
	 575.64771	   0.02880	[mu,kappa]: [(41.06568,64.91608),4.24980]
	1778.64569	   0.08892	[mu,kappa]: [(39.19945,86.62412),38.29628]
	 728.02429	   0.03641	[mu,kappa]: [(40.20209,85.22784),12.24833]
	 784.87545	   0.03925	[mu,kappa]: [(39.87282,85.90964),13.40738]
	6148.15407	   0.30731	[mu,kappa]: [(40.45850,86.45285),91.44795]
	 598.24251	   0.02993	[mu,kappa]: [(44.57272,73.17011),5.41617]
	 539.18296	   0.02697	[mu,kappa]: [(36.77998,58.57951),3.90184]
	 814.01985	   0.04071	[mu,kappa]: [(113.24718,297.23357),4.87210]
	 589.85134	   0.02951	[mu,kappa]: [(43.87800,76.34241),6.28944]
	 532.87253	   0.02666	[mu,kappa]: [(31.26884,48.64852),3.70426]
	 689.73906	   0.03450	[mu,kappa]: [(41.57448,81.98509),9.00393]
	1616.53122	   0.08082	[mu,kappa]: [(39.03657,86.82863),32.43870]
	 554.39478	   0.02773	[mu,kappa]: [(25.97716,33.63612),3.71204]
	1931.09934	   0.09654	[mu,kappa]: [(152.24604,307.98180),9.81078]
	1454.68030	   0.07273	[mu,kappa]: [(147.05613,304.91167),7.74857]
			msglen: 114915.23359 bits.
Iteration #: 10
	 681.40465	   0.03408	[mu,kappa]: [(66.10401,299.59100),5.08194]
	 575.22752	   0.02877	[mu,kappa]: [(43.64302,65.62396),4.26133]
	1785.18753	   0.08925	[mu,kappa]: [(38.76959,86.71600),37.64614]
	 729.47221	   0.03648	[mu,kappa]: [(40.04160,85.51521),12.48905]
	 788.41658	   0.03943	[mu,kappa]: [(39.60127,86.22879),13.67478]
	6134.30497	   0.30662	[mu,kappa]: [(40.55634,86.42654),93.34670]
	 604.31002	   0.03023	[mu,kappa]: [(47.46837,73.01013),5.35607]
	 533.10613	   0.02667	[mu,kappa]: [(38.01428,59.51095),3.96309]
	 836.86278	   0.04185	[mu,kappa]: [(110.54254,295.47897),6.31865]
	 592.70304	   0.02965	[mu,kappa]: [(45.97667,76.03442),6.20232]
	 524.37604	   0.02623	[mu,kappa]: [(30.61849,48.81828),3.88056]
	 687.47565	   0.03439	[mu,kappa]: [(42.05793,82.00733),9.05117]
	1628.66668	   0.08143	[mu,kappa]: [(38.54467,86.96622),31.89020]
	 550.97972	   0.02756	[mu,kappa]: [(23.89136,30.71193),4.11914]
	1934.74472	   0.09672	[mu,kappa]: [(153.91624,309.57919),10.55485]
	1412.76175	   0.07063	[mu,kappa]: [(147.93171,305.38285),8.10259]
			msglen: 114685.55802 bits.
Iteration #: 11
	 672.99224	   0.03366	[mu,kappa]: [(64.35518,299.20868),5.77742]
	 573.23441	   0.02868	[mu,kappa]: [(46.32861,66.25940),4.28784]
	1795.64979	   0.08977	[mu,kappa]: [(38.27475,86.84911),37.14474]
	 729.76115	   0.03650	[mu,kappa]: [(39.80436,85.78516),12.79018]
	 791.14110	   0.03957	[mu,kappa]: [(39.27098,86.51896),13.99508]
	6116.15874	   0.30571	[mu,kappa]: [(40.68999,86.39210),95.01016]
	 610.35335	   0.03053	[mu,kappa]: [(50.58522,72.79373),5.33497]
	 524.56894	   0.02624	[mu,kappa]: [(38.99543,60.30948),4.03442]
	 885.51833	   0.04428	[mu,kappa]: [(109.15374,294.34022),8.23729]
	 594.05904	   0.02972	[mu,kappa]: [(48.14632,75.68296),6.14932]
	 515.73715	   0.02580	[mu,kappa]: [(29.32284,48.40360),4.11640]
	 682.46743	   0.03413	[mu,kappa]: [(42.40656,82.03604),9.15305]
	1644.18507	   0.08220	[mu,kappa]: [(37.99125,87.13931),31.49395]
	 556.46307	   0.02784	[mu,kappa]: [(21.41971,25.74122),4.74713]
	1935.58112	   0.09677	[mu,kappa]: [(155.16592,310.98158),11.19805]
	1372.12908	   0.06860	[mu,kappa]: [(148.61139,305.76929),8.40652]
			msglen: 114471.77843 bits.
Iteration #: 12
	 648.38667	   0.03243	[mu,kappa]: [(61.94512,299.37844),6.31833]
	 567.76226	   0.02840	[mu,kappa]: [(49.23395,66.90031),4.34768]
	1809.63215	   0.09047	[mu,kappa]: [(37.72514,87.02150),36.87598]
	 729.06983	   0.03646	[mu,kappa]: [(39.61924,86.07467),13.14906]
	 793.03225	   0.03966	[mu,kappa]: [(39.00010,86.81129),14.35813]
	6096.76349	   0.30474	[mu,kappa]: [(40.85935,86.34629),96.52191]
	 615.77882	   0.03080	[mu,kappa]: [(53.97156,72.59024),5.39129]
	 511.06337	   0.02557	[mu,kappa]: [(39.84968,61.10372),4.11647]
	 948.29331	   0.04742	[mu,kappa]: [(108.45954,293.72907),10.18233]
	 593.28781	   0.02968	[mu,kappa]: [(50.46277,75.37893),6.16721]
	 505.25869	   0.02528	[mu,kappa]: [(27.54121,47.39305),4.41329]
	 674.88658	   0.03376	[mu,kappa]: [(42.74959,82.14945),9.33796]
	1662.17151	   0.08310	[mu,kappa]: [(37.40121,87.34560),31.29514]
	 574.01784	   0.02871	[mu,kappa]: [(19.11040,18.22286),5.65690]
	1934.31218	   0.09670	[mu,kappa]: [(156.02534,312.07598),11.71832]
	1336.28324	   0.06681	[mu,kappa]: [(149.16551,306.07315),8.67133]
			msglen: 114276.21546 bits.
Iteration #: 13
	 621.23568	   0.03107	[mu,kappa]: [(59.40990,299.76557),6.83474]
	 557.98223	   0.02791	[mu,kappa]: [(52.31965,67.56127),4.46900]
	1827.56434	   0.09137	[mu,kappa]: [(37.11538,87.23164),36.91869]
	 728.15327	   0.03642	[mu,kappa]: [(39.55309,86.39926),13.55602]
	 794.63879	   0.03974	[mu,kappa]: [(38.84837,87.12098),14.74692]
	6076.45216	   0.30373	[mu,kappa]: [(41.05937,86.28862),97.91892]
	 620.36713	   0.03103	[mu,kappa]: [(57.44385,72.39456),5.56035]
	 491.09584	   0.02457	[mu,kappa]: [(40.72490,62.05488),4.22364]
	1006.85845	   0.05035	[mu,kappa]: [(108.02946,293.46197),11.61262]
	 590.23704	   0.02953	[mu,kappa]: [(52.82930,75.15580),6.29119]
	 490.91118	   0.02456	[mu,kappa]: [(25.61654,46.11208),4.77855]
	 665.78886	   0.03330	[mu,kappa]: [(43.14375,82.38965),9.63435]
	1682.49897	   0.08412	[mu,kappa]: [(36.78096,87.58190),31.32468]
	 603.52748	   0.03019	[mu,kappa]: [(17.58484,9.22928),6.87554]
	1932.75857	   0.09662	[mu,kappa]: [(156.54402,312.81274),12.08561]
	1309.93002	   0.06550	[mu,kappa]: [(149.57372,306.25315),8.87886]
			msglen: 114102.48495 bits.
Iteration #: 14
	 596.79562	   0.02985	[mu,kappa]: [(57.29776,300.18774),7.35536]
	 545.00941	   0.02726	[mu,kappa]: [(55.34791,68.15640),4.66001]
	1850.14769	   0.09250	[mu,kappa]: [(36.43412,87.47885),37.37710]
	 728.00469	   0.03641	[mu,kappa]: [(39.61920,86.76022),13.98161]
	 796.73171	   0.03985	[mu,kappa]: [(38.82798,87.45415),15.12725]
	6053.59998	   0.30258	[mu,kappa]: [(41.28547,86.21966),99.24343]
	 624.05857	   0.03122	[mu,kappa]: [(60.65538,72.14601),5.84014]
	 466.04923	   0.02332	[mu,kappa]: [(41.66403,63.19586),4.36260]
	1052.67944	   0.05264	[mu,kappa]: [(107.67601,293.37294),12.36286]
	 585.20205	   0.02927	[mu,kappa]: [(55.01036,74.99507),6.52582]
	 472.55082	   0.02364	[mu,kappa]: [(23.86900,44.96040),5.19789]
	 656.88866	   0.03286	[mu,kappa]: [(43.57823,82.76172),10.04858]
	1705.11092	   0.08525	[mu,kappa]: [(36.12797,87.84545),31.61382]
	 641.24314	   0.03207	[mu,kappa]: [(17.03760,0.88016),8.31473]
	1931.81448	   0.09658	[mu,kappa]: [(156.81617,313.25821),12.30322]
	1294.11360	   0.06470	[mu,kappa]: [(149.82135,306.30035),9.01342]
			msglen: 113947.49763 bits.
Iteration #: 15
	 574.55715	   0.02874	[mu,kappa]: [(55.76737,300.56088),7.85830]
	 531.19756	   0.02657	[mu,kappa]: [(58.04967,68.58060),4.89946]
	1877.93013	   0.09388	[mu,kappa]: [(35.67512,87.75900),38.40812]
	 729.54729	   0.03649	[mu,kappa]: [(39.80333,87.14099),14.37512]
	 800.00211	   0.04001	[mu,kappa]: [(38.92768,87.80244),15.44699]
	6025.77592	   0.30119	[mu,kappa]: [(41.53641,86.13992),100.56439]
	 626.90662	   0.03136	[mu,kappa]: [(63.33499,71.78869),6.18623]
	 439.52017	   0.02199	[mu,kappa]: [(42.61039,64.44490),4.52584]
	1087.25839	   0.05437	[mu,kappa]: [(107.34475,293.36275),12.60573]
	 578.97624	   0.02896	[mu,kappa]: [(56.79035,74.85880),6.84042]
	 451.89912	   0.02261	[mu,kappa]: [(22.47560,44.25287),5.62857]
	 650.21580	   0.03252	[mu,kappa]: [(44.01812,83.23020),10.55602]
	1729.31962	   0.08646	[mu,kappa]: [(35.44195,88.12893),32.20025]
	 679.61120	   0.03399	[mu,kappa]: [(17.21570,354.62313),9.76691]
	1931.42679	   0.09656	[mu,kappa]: [(156.94560,313.53004),12.41361]
	1285.85590	   0.06429	[mu,kappa]: [(149.95168,306.26206),9.08698]
			msglen: 113808.66787 bits.
Iteration #: 16
	 553.87759	   0.02771	[mu,kappa]: [(54.69860,300.84888),8.32239]
	 518.60413	   0.02594	[mu,kappa]: [(60.27371,68.77925),5.14807]
	1911.04730	   0.09554	[mu,kappa]: [(34.84671,88.06197),40.25690]
	 733.29386	   0.03668	[mu,kappa]: [(40.08759,87.51305),14.68044]
	 804.76509	   0.04025	[mu,kappa]: [(39.13397,88.14627),15.65080]
	5991.01315	   0.29946	[mu,kappa]: [(41.81458,86.04980),101.97961]
	 628.90186	   0.03146	[mu,kappa]: [(65.40909,71.30855),6.53618]
	 415.16160	   0.02077	[mu,kappa]: [(43.45439,65.68098),4.69686]
	1114.15315	   0.05571	[mu,kappa]: [(107.03717,293.38366),12.57311]
	 572.46526	   0.02864	[mu,kappa]: [(58.07599,74.72277),7.18924]
	 431.58106	   0.02160	[mu,kappa]: [(21.44470,44.10004),6.02069]
	 647.40765	   0.03238	[mu,kappa]: [(44.44144,83.73366),11.11189]
	1753.13792	   0.08765	[mu,kappa]: [(34.73351,88.41812),33.12927]
	 711.61314	   0.03559	[mu,kappa]: [(17.76586,350.49407),11.02370]
	1931.29102	   0.09655	[mu,kappa]: [(157.00469,313.71439),12.46306]
	1281.68623	   0.06408	[mu,kappa]: [(150.01973,306.18804),9.12397]
			msglen: 113679.81072 bits.
Iteration #: 17
	 534.92927	   0.02676	[mu,kappa]: [(53.91410,301.04092),8.73628]
	 508.05080	   0.02542	[mu,kappa]: [(62.01239,68.76574),5.36885]
	1949.60119	   0.09747	[mu,kappa]: [(33.97635,88.37335),43.31332]
	 739.24485	   0.03697	[mu,kappa]: [(40.45922,87.85509),14.86081]
	 810.93282	   0.04056	[mu,kappa]: [(39.43825,88.47167),15.70374]
	5948.75778	   0.29734	[mu,kappa]: [(42.12355,85.95012),103.60971]
	 629.82637	   0.03150	[mu,kappa]: [(66.95441,70.73071),6.83867]
	 394.99944	   0.01977	[mu,kappa]: [(44.09928,66.82276),4.85930]
	1135.85611	   0.05680	[mu,kappa]: [(106.76516,293.41587),12.42431]
	 566.20794	   0.02832	[mu,kappa]: [(58.88774,74.58802),7.53523]
	 413.86957	   0.02071	[mu,kappa]: [(20.68669,44.43270),6.34364]
	 649.13689	   0.03247	[mu,kappa]: [(44.84808,84.21343),11.67321]
	1773.09100	   0.08864	[mu,kappa]: [(34.02584,88.69639),34.44959]
	 735.02097	   0.03676	[mu,kappa]: [(18.44203,347.90695),11.98676]
	1931.14508	   0.09654	[mu,kappa]: [(157.03190,313.85382),12.48268]
	1279.32991	   0.06397	[mu,kappa]: [(150.06149,306.10462),9.14425]
			msglen: 113548.73068 bits.
Iteration #: 18
	 517.90021	   0.02591	[mu,kappa]: [(53.28992,301.14164),9.09784]
	 499.32340	   0.02498	[mu,kappa]: [(63.34159,68.58819),5.53950]
	1994.75199	   0.09972	[mu,kappa]: [(33.11111,88.67599),48.18888]
	 747.15302	   0.03737	[mu,kappa]: [(40.89755,88.16567),14.90892]
	 818.35788	   0.04093	[mu,kappa]: [(39.82342,88.78350),15.60156]
	5899.56228	   0.29489	[mu,kappa]: [(42.46429,85.84237),105.59763]
	 629.33571	   0.03148	[mu,kappa]: [(68.10466,70.08938),7.06569]
	 379.38334	   0.01899	[mu,kappa]: [(44.49334,67.84768),5.00386]
	1153.88372	   0.05770	[mu,kappa]: [(106.53328,293.45252),12.24269]
	 560.25583	   0.02803	[mu,kappa]: [(59.29997,74.46370),7.85792]
	 400.07960	   0.02002	[mu,kappa]: [(20.09591,45.12722),6.59477]
	 655.12619	   0.03277	[mu,kappa]: [(45.23931,84.63018),12.21083]
	1784.63975	   0.08922	[mu,kappa]: [(33.34888,88.95098),36.18640]
	 751.77520	   0.03760	[mu,kappa]: [(19.10464,346.34217),12.66447]
	1930.84786	   0.09653	[mu,kappa]: [(157.04503,313.96627),12.48931]
	1277.62404	   0.06388	[mu,kappa]: [(150.09473,306.02052),9.15958]
			msglen: 113401.02728 bits.
Iteration #: 19
	 502.78792	   0.02515	[mu,kappa]: [(52.76379,301.16506),9.41312]
	 491.77427	   0.02460	[mu,kappa]: [(64.35991,68.29369),5.65314]
	2049.53327	   0.10246	[mu,kappa]: [(32.31862,88.94818),55.79406]
	 756.78203	   0.03785	[mu,kappa]: [(41.35845,88.46028),14.83789]
	 827.12591	   0.04136	[mu,kappa]: [(40.24702,89.10381),15.36332]
	5844.29607	   0.29212	[mu,kappa]: [(42.83223,85.72908),108.11782]
	 627.15404	   0.03137	[mu,kappa]: [(68.99417,69.40729),7.21067]
	 367.77845	   0.01841	[mu,kappa]: [(44.61938,68.76479),5.12960]
	1169.18470	   0.05846	[mu,kappa]: [(106.33887,293.49148),12.06480]
	 554.33400	   0.02773	[mu,kappa]: [(59.39601,74.34882),8.14902]
	 390.76519	   0.01956	[mu,kappa]: [(19.59074,46.09765),6.79225]
	 664.47620	   0.03324	[mu,kappa]: [(45.59880,84.96307),12.70630]
	1782.58955	   0.08912	[mu,kappa]: [(32.73188,89.17541),38.27332]
	 764.99648	   0.03826	[mu,kappa]: [(19.67661,345.48686),13.10904]
	1930.36201	   0.09650	[mu,kappa]: [(157.05181,314.05995),12.49106]
	1276.05991	   0.06380	[mu,kappa]: [(150.12682,305.93657),9.17588]
			msglen: 113224.60587 bits.
Iteration #: 20
	 489.53185	   0.02449	[mu,kappa]: [(52.30906,301.13091),9.69359]
	 484.78230	   0.02425	[mu,kappa]: [(65.15950,67.91994),5.71498]
	2118.16238	   0.10589	[mu,kappa]: [(31.68114,89.16354),67.34466]
	 767.97747	   0.03841	[mu,kappa]: [(41.77521,88.75753),14.66930]
	 837.57599	   0.04189	[mu,kappa]: [(40.63933,89.45806),15.02072]
	5783.96323	   0.28911	[mu,kappa]: [(43.21429,85.61486),111.36766]
	 623.30090	   0.03118	[mu,kappa]: [(69.73707,68.69889),7.28335]
	 359.41368	   0.01799	[mu,kappa]: [(44.48111,69.58884),5.24249]
	1182.37315	   0.05912	[mu,kappa]: [(106.17661,293.53160),11.90385]
	 548.14461	   0.02742	[mu,kappa]: [(59.25178,74.23151),8.40777]
	 386.05637	   0.01932	[mu,kappa]: [(19.12479,47.31452),6.96487]
	 676.02985	   0.03381	[mu,kappa]: [(45.89547,85.20148),13.14588]
	1761.51446	   0.08807	[mu,kappa]: [(32.19500,89.36915),40.44691]
	 777.02150	   0.03886	[mu,kappa]: [(20.11969,345.16459),13.37224]
	1929.70355	   0.09647	[mu,kappa]: [(157.05548,314.13976),12.49149]
	1274.44871	   0.06372	[mu,kappa]: [(150.16025,305.85101),9.19582]
			msglen: 113014.43568 bits.
Iteration #: 21
	 478.08940	   0.02392	[mu,kappa]: [(51.91322,301.06186),9.95235]
	 478.01397	   0.02392	[mu,kappa]: [(65.81822,67.50487),5.73920]
	2203.10628	   0.11014	[mu,kappa]: [(31.26806,89.30130),84.17190]
	 780.73425	   0.03905	[mu,kappa]: [(42.08093,89.06145),14.43176]
	 850.21788	   0.04252	[mu,kappa]: [(40.92477,89.85461),14.61579]
	5720.06534	   0.28591	[mu,kappa]: [(43.58714,85.50732),115.49258]
	 618.26790	   0.03093	[mu,kappa]: [(70.41958,67.98533),7.30528]
	 353.56496	   0.01770	[mu,kappa]: [(44.10892,70.33015),5.35386]
	1193.87207	   0.05969	[mu,kappa]: [(106.04115,293.57161),11.76277]
	 541.72968	   0.02710	[mu,kappa]: [(58.93511,74.10155),8.64176]
	 385.68641	   0.01930	[mu,kappa]: [(18.69161,48.77150),7.14268]
	 688.83542	   0.03445	[mu,kappa]: [(46.10434,85.33652),13.52359]
	1717.41909	   0.08586	[mu,kappa]: [(31.73598,89.53823),42.17278]
	 788.74642	   0.03945	[mu,kappa]: [(20.42908,345.24970),13.49359]
	1928.90691	   0.09643	[mu,kappa]: [(157.05746,314.20964),12.49187]
	1272.74403	   0.06364	[mu,kappa]: [(150.19544,305.76200),9.22028]
			msglen: 112776.20735 bits.
Iteration #: 22
	 468.42801	   0.02344	[mu,kappa]: [(51.56631,300.97964),10.20026]
	 471.44710	   0.02359	[mu,kappa]: [(66.39942,67.09403),5.74487]
	2300.97503	   0.11503	[mu,kappa]: [(31.09517,89.36231),107.27757]
	 795.21543	   0.03977	[mu,kappa]: [(42.24338,89.34975),14.16787]
	 865.52428	   0.04328	[mu,kappa]: [(41.06070,90.26856),14.20386]
	5655.03620	   0.28266	[mu,kappa]: [(43.92084,85.41600),120.44808]
	 612.91308	   0.03066	[mu,kappa]: [(71.09656,67.30265),7.30337]
	 349.56051	   0.01750	[mu,kappa]: [(43.57469,70.99403),5.47768]
	1203.99998	   0.06020	[mu,kappa]: [(105.92787,293.61017),11.64034]
	 535.61547	   0.02680	[mu,kappa]: [(58.50860,73.96378),8.86939]
	 388.72025	   0.01945	[mu,kappa]: [(18.32257,50.42346),7.34614]
	 702.57623	   0.03514	[mu,kappa]: [(46.22946,85.35829),13.85356]
	1651.38568	   0.08256	[mu,kappa]: [(31.31715,89.69742),42.77996]
	 799.62674	   0.03999	[mu,kappa]: [(20.63491,345.60447),13.50601]
	1928.01344	   0.09639	[mu,kappa]: [(157.05842,314.27337),12.49230]
	1270.96257	   0.06355	[mu,kappa]: [(150.23208,305.66883),9.24901]
			msglen: 112525.24570 bits.
Iteration #: 23
	 460.46589	   0.02304	[mu,kappa]: [(51.25566,300.90019),10.44202]
	 465.15432	   0.02327	[mu,kappa]: [(66.95261,66.73304),5.74903]
	2400.69134	   0.12001	[mu,kappa]: [(31.11012,89.36940),136.58735]
	 811.42908	   0.04058	[mu,kappa]: [(42.28613,89.58146),13.93270]
	 883.41859	   0.04418	[mu,kappa]: [(41.06550,90.64763),13.84688]
	5592.40272	   0.27953	[mu,kappa]: [(44.18915,85.34892),125.92744]
	 607.99807	   0.03041	[mu,kappa]: [(71.79439,66.69190),7.30062]
	 346.67421	   0.01735	[mu,kappa]: [(42.98653,71.58550),5.62477]
	1213.01113	   0.06065	[mu,kappa]: [(105.83296,293.64618),11.53401]
	 530.49013	   0.02654	[mu,kappa]: [(58.02901,73.84075),9.11665]
	 393.39691	   0.01969	[mu,kappa]: [(18.06452,52.14419),7.57568]
	 717.52330	   0.03589	[mu,kappa]: [(46.30895,85.26259),14.17574]
	1572.89246	   0.07864	[mu,kappa]: [(30.87145,89.86834),41.91076]
	 808.23505	   0.04042	[mu,kappa]: [(20.79577,346.05425),13.44396]
	1927.06796	   0.09634	[mu,kappa]: [(157.05875,314.33455),12.49226]
	1269.14886	   0.06346	[mu,kappa]: [(150.26979,305.57225),9.28102]
			msglen: 112284.99076 bits.
Iteration #: 24
	 453.98701	   0.02272	[mu,kappa]: [(50.96646,300.82934),10.67395]
	 459.12436	   0.02297	[mu,kappa]: [(67.50822,66.45120),5.76070]
	2486.02734	   0.12428	[mu,kappa]: [(31.22143,89.35212),169.78993]
	 828.99160	   0.04146	[mu,kappa]: [(42.27284,89.72178),13.77603]
	 903.07982	   0.04516	[mu,kappa]: [(41.00587,90.94130),13.59298]
	5536.20472	   0.27672	[mu,kappa]: [(44.37855,85.30950),131.45974]
	 603.81515	   0.03020	[mu,kappa]: [(72.51734,66.17846),7.30887]
	 344.20212	   0.01723	[mu,kappa]: [(42.44972,72.11705),5.79765]
	1221.10721	   0.06106	[mu,kappa]: [(105.75314,293.67909),11.44111]
	 526.78274	   0.02635	[mu,kappa]: [(57.53894,73.76152),9.40738]
	 397.61695	   0.01990	[mu,kappa]: [(17.94606,53.76399),7.81122]
	 734.18351	   0.03672	[mu,kappa]: [(46.39406,85.06018),14.54363]
	1498.05179	   0.07490	[mu,kappa]: [(30.34216,90.06809),39.92780]
	 813.36457	   0.04068	[mu,kappa]: [(20.97500,346.41990),13.34417]
	1926.10982	   0.09629	[mu,kappa]: [(157.05859,314.39590),12.49114]
	1267.35130	   0.06337	[mu,kappa]: [(150.30819,305.47382),9.31510]
			msglen: 112086.47330 bits.
Iteration #: 25
	 448.61294	   0.02245	[mu,kappa]: [(50.68707,300.76258),10.88638]
	 453.31090	   0.02268	[mu,kappa]: [(68.07063,66.25316),5.77981]
	2542.34010	   0.12709	[mu,kappa]: [(31.34651,89.33314),202.08343]
	 847.59564	   0.04239	[mu,kappa]: [(42.26355,89.76369),13.72359]
	 923.72356	   0.04619	[mu,kappa]: [(40.94941,91.13003),13.46029]
	5488.97882	   0.27436	[mu,kappa]: [(44.49017,85.29594),136.59012]
	 600.25898	   0.03003	[mu,kappa]: [(73.25375,65.76084),7.32848]
	 341.77228	   0.01711	[mu,kappa]: [(42.02112,72.61300),5.99102]
	1228.43965	   0.06142	[mu,kappa]: [(105.68546,293.70899),11.35942]
	 524.62533	   0.02625	[mu,kappa]: [(57.05657,73.74657),9.75474]
	 399.96277	   0.02002	[mu,kappa]: [(17.96151,55.16497),8.02616]
	 753.21749	   0.03767	[mu,kappa]: [(46.51749,84.77745),15.00267]
	1441.35855	   0.07206	[mu,kappa]: [(29.73114,90.29453),37.68227]
	 815.03551	   0.04076	[mu,kappa]: [(21.21034,346.58756),13.23866]
	1925.16313	   0.09624	[mu,kappa]: [(157.05787,314.45870),12.48866]
	1265.60434	   0.06328	[mu,kappa]: [(150.34693,305.37487),9.35026]
			msglen: 111951.03446 bits.
Iteration #: 26
	 443.90132	   0.02221	[mu,kappa]: [(50.41408,300.68992),11.06997]
	 447.70341	   0.02240	[mu,kappa]: [(68.62611,66.12402),5.80091]
	2565.50375	   0.12825	[mu,kappa]: [(31.44294,89.32191),228.91314]
	 867.24116	   0.04337	[mu,kappa]: [(42.28546,89.72983),13.77083]
	 945.10050	   0.04726	[mu,kappa]: [(40.92934,91.23219),13.43571]
	5449.44223	   0.27239	[mu,kappa]: [(44.53717,85.30257),141.04495]
	 597.09822	   0.02987	[mu,kappa]: [(73.98701,65.41666),7.35434]
	 339.42844	   0.01699	[mu,kappa]: [(41.70029,73.10227),6.19534]
	1235.11348	   0.06176	[mu,kappa]: [(105.62730,293.73654),11.28725]
	 523.96216	   0.02621	[mu,kappa]: [(56.58071,73.79947),10.15925]
	 400.21334	   0.02003	[mu,kappa]: [(18.07881,56.32446),8.20234]
	 775.21387	   0.03877	[mu,kappa]: [(46.68295,84.44635),15.57519]
	1407.45368	   0.07037	[mu,kappa]: [(29.09728,90.52564),35.84955]
	 814.46422	   0.04073	[mu,kappa]: [(21.50231,346.54324),13.14833]
	1924.23633	   0.09620	[mu,kappa]: [(157.05643,314.52287),12.48499]
	1263.92389	   0.06320	[mu,kappa]: [(150.38566,305.27583),9.38598]
			msglen: 111871.23942 bits.
Iteration #: 27
	 439.49312	   0.02199	[mu,kappa]: [(50.15210,300.60252),11.22086]
	 442.29504	   0.02213	[mu,kappa]: [(69.16041,66.04089),5.81847]
	2563.63678	   0.12816	[mu,kappa]: [(31.50390,89.31796),248.83008]
	 887.68351	   0.04439	[mu,kappa]: [(42.33899,89.65637),13.89043]
	 966.93002	   0.04835	[mu,kappa]: [(40.94794,91.28754),13.48531]
	5413.45349	   0.27059	[mu,kappa]: [(44.53902,85.32232),144.81190]
	 594.14612	   0.02972	[mu,kappa]: [(74.70540,65.11716),7.38275]
	 337.34262	   0.01689	[mu,kappa]: [(41.45742,73.60380),6.39927]
	1241.19472	   0.06206	[mu,kappa]: [(105.57653,293.76258),11.22334]
	 524.54631	   0.02624	[mu,kappa]: [(56.10840,73.90818),10.61309]
	 398.89240	   0.01996	[mu,kappa]: [(18.25597,57.27285),8.33326]
	 800.17231	   0.04002	[mu,kappa]: [(46.88113,84.09169),16.26171]
	1391.39836	   0.06957	[mu,kappa]: [(28.50447,90.73604),34.63981]
	 813.17295	   0.04067	[mu,kappa]: [(21.82763,346.34268),13.08252]
	1923.32885	   0.09615	[mu,kappa]: [(157.05413,314.58766),12.48052]
	1262.31340	   0.06312	[mu,kappa]: [(150.42410,305.17637),9.42210]
			msglen: 111824.53182 bits.
Iteration #: 28
	 435.18358	   0.02178	[mu,kappa]: [(49.90943,300.49645),11.34130]
	 437.07272	   0.02187	[mu,kappa]: [(69.66428,65.98373),5.82968]
	2548.68635	   0.12741	[mu,kappa]: [(31.53741,89.31825),262.90150]
	 908.28826	   0.04542	[mu,kappa]: [(42.41350,89.57583),14.04842]
	 988.64780	   0.04944	[mu,kappa]: [(40.99327,91.33597),13.57118]
	5377.36960	   0.26879	[mu,kappa]: [(44.51407,85.34933),148.05944]
	 591.31573	   0.02958	[mu,kappa]: [(75.40081,64.83938),7.41418]
	 335.61522	   0.01680	[mu,kappa]: [(41.25999,74.12122),6.59206]
	1246.72361	   0.06234	[mu,kappa]: [(105.53181,293.78775),11.16671]
	 526.01806	   0.02632	[mu,kappa]: [(55.64188,74.05324),11.10561]
	 396.67920	   0.01985	[mu,kappa]: [(18.45603,58.04811),8.42034]
	 827.55316	   0.04139	[mu,kappa]: [(47.10286,83.72664),17.05470]
	1385.33901	   0.06926	[mu,kappa]: [(27.98520,90.91103),33.97381]
	 812.29552	   0.04062	[mu,kappa]: [(22.15772,346.06398),13.04157]
	1922.43918	   0.09611	[mu,kappa]: [(157.05094,314.65240),12.47561]
	1260.77300	   0.06304	[mu,kappa]: [(150.46206,305.07584),9.45856]
			msglen: 111793.60423 bits.
Iteration #: 29
	 430.90798	   0.02156	[mu,kappa]: [(49.69375,300.37269),11.43739]
	 432.04832	   0.02162	[mu,kappa]: [(70.13162,65.94082),5.83440]
	2529.36762	   0.12644	[mu,kappa]: [(31.55325,89.32051),272.83044]
	 928.39189	   0.04643	[mu,kappa]: [(42.49590,89.51009),14.21707]
	1009.70751	   0.05049	[mu,kappa]: [(41.05006,91.40654),13.66388]
	5339.46542	   0.26689	[mu,kappa]: [(44.47534,85.37991),150.99264]
	 588.62081	   0.02944	[mu,kappa]: [(76.06480,64.57084),7.45191]
	 334.27605	   0.01673	[mu,kappa]: [(41.08355,74.64813),6.76578]
	1251.73070	   0.06259	[mu,kappa]: [(105.49247,293.81232),11.11656]
	 528.04286	   0.02642	[mu,kappa]: [(55.18553,74.21616),11.62674]
	 394.14288	   0.01972	[mu,kappa]: [(18.65512,58.68125),8.46939]
	 856.75096	   0.04285	[mu,kappa]: [(47.34117,83.35631),17.95102]
	1383.26087	   0.06916	[mu,kappa]: [(27.54318,91.04745),33.70202]
	 812.40918	   0.04063	[mu,kappa]: [(22.46959,345.77651),13.01989]
	1921.57079	   0.09607	[mu,kappa]: [(157.04695,314.71699),12.47042]
	1259.30616	   0.06297	[mu,kappa]: [(150.49945,304.97390),9.49519]
			msglen: 111769.76089 bits.
Iteration #: 30
	 426.69138	   0.02135	[mu,kappa]: [(49.50965,300.23539),11.51640]
	 427.26783	   0.02138	[mu,kappa]: [(70.55906,65.90825),5.83378]
	2510.22545	   0.12549	[mu,kappa]: [(31.55895,89.32346),278.00000]
	 947.51347	   0.04738	[mu,kappa]: [(42.57459,89.47128),14.37877]
	1029.75809	   0.05149	[mu,kappa]: [(41.10490,91.51646),13.74585]
	5299.31125	   0.26488	[mu,kappa]: [(44.43043,85.41218),153.77297]
	 586.14455	   0.02932	[mu,kappa]: [(76.68883,64.30796),7.49985]
	 333.31431	   0.01668	[mu,kappa]: [(40.91331,75.17396),6.91603]
	1256.24779	   0.06281	[mu,kappa]: [(105.45829,293.83630),11.07221]
	 530.36001	   0.02653	[mu,kappa]: [(54.74284,74.38351),12.16795]
	 391.66804	   0.01960	[mu,kappa]: [(18.84269,59.19314),8.48817]
	 887.37632	   0.04438	[mu,kappa]: [(47.59071,82.98289),18.95665]
	1381.81011	   0.06909	[mu,kappa]: [(27.16896,91.14804),33.69947]
	 813.65872	   0.04069	[mu,kappa]: [(22.74932,345.52753),13.00951]
	1920.73223	   0.09602	[mu,kappa]: [(157.04227,314.78188),12.46486]
	1257.92045	   0.06290	[mu,kappa]: [(150.53630,304.87071),9.53160]
			msglen: 111749.68784 bits.
Iteration #: 31
	 422.59569	   0.02115	[mu,kappa]: [(49.35815,300.08992),11.58504]
	 422.77940	   0.02116	[mu,kappa]: [(70.94783,65.88645),5.82941]
	2496.40274	   0.12480	[mu,kappa]: [(31.56026,89.32605),278.00000]
	 965.09139	   0.04826	[mu,kappa]: [(42.64453,89.46475),14.52276]
	1048.31917	   0.05242	[mu,kappa]: [(41.15175,91.67411),13.80721]
	5255.76285	   0.26271	[mu,kappa]: [(44.38439,85.44506),156.50801]
	 583.98689	   0.02921	[mu,kappa]: [(77.26665,64.05200),7.56136]
	 332.63184	   0.01665	[mu,kappa]: [(40.74483,75.68514),7.04065]
	1260.31193	   0.06302	[mu,kappa]: [(105.42918,293.85948),11.03302]
	 532.71045	   0.02665	[mu,kappa]: [(54.31799,74.54660),12.72245]
	 389.38261	   0.01949	[mu,kappa]: [(19.01638,59.58514),8.48358]
	 919.12236	   0.04596	[mu,kappa]: [(47.85061,82.60813),20.08708]
	1378.41661	   0.06892	[mu,kappa]: [(26.85108,91.21651),33.86625]
	 815.92849	   0.04081	[mu,kappa]: [(22.99168,345.33974),13.00339]
	1919.93337	   0.09598	[mu,kappa]: [(157.03703,314.84768),12.45878]
	1256.62421	   0.06283	[mu,kappa]: [(150.57266,304.76681),9.56734]
			msglen: 111731.82710 bits.
Iteration #: 32
	 418.67788	   0.02095	[mu,kappa]: [(49.23746,299.94136),11.64842]
	 418.62128	   0.02095	[mu,kappa]: [(71.30057,65.87728),5.82251]
	2492.09049	   0.12458	[mu,kappa]: [(31.56134,89.32748),278.00000]
	 980.63289	   0.04904	[mu,kappa]: [(42.70392,89.49281),14.64267]
	1064.96197	   0.05325	[mu,kappa]: [(41.18840,91.88321),13.84322]
	5207.82400	   0.26031	[mu,kappa]: [(44.34069,85.47794),159.27835]
	 582.22207	   0.02912	[mu,kappa]: [(77.79340,63.80551),7.63841]
	 332.11236	   0.01662	[mu,kappa]: [(40.57750,76.16743),7.13950]
	1263.96511	   0.06320	[mu,kappa]: [(105.40497,293.88162),10.99840]
	 534.84818	   0.02676	[mu,kappa]: [(53.91321,74.70027),13.28411]
	 387.31641	   0.01938	[mu,kappa]: [(19.17788,59.84913),8.46220]
	 951.85186	   0.04760	[mu,kappa]: [(48.12133,82.23506),21.36604]
	1371.21198	   0.06856	[mu,kappa]: [(26.57738,91.25712),34.11994]
	 819.05805	   0.04096	[mu,kappa]: [(23.19579,345.22137),12.99616]
	1919.18219	   0.09595	[mu,kappa]: [(157.03126,314.91492),12.45201]
	1255.42328	   0.06277	[mu,kappa]: [(150.60861,304.66290),9.60198]
			msglen: 111713.99598 bits.
Iteration #: 33
	 414.97674	   0.02077	[mu,kappa]: [(49.14425,299.79394),11.71009]
	 414.85857	   0.02076	[mu,kappa]: [(71.61637,65.88364),5.81348]
	2491.83812	   0.12457	[mu,kappa]: [(31.56295,89.32829),278.00000]
	 994.46881	   0.04973	[mu,kappa]: [(42.74292,89.55714),14.73939]
	1080.17724	   0.05401	[mu,kappa]: [(41.20560,92.14421),13.85832]
	5157.80881	   0.25781	[mu,kappa]: [(44.29884,85.51136),162.14334]
	 580.91898	   0.02906	[mu,kappa]: [(78.26408,63.57112),7.73114]
	 331.80452	   0.01661	[mu,kappa]: [(40.40585,76.61100),7.21659]
	1267.25232	   0.06336	[mu,kappa]: [(105.38533,293.90253),10.96779]
	 536.69359	   0.02685	[mu,kappa]: [(53.52226,74.84357),13.84531]
	 385.66539	   0.01930	[mu,kappa]: [(19.33443,59.99529),8.43353]
	 986.06470	   0.04931	[mu,kappa]: [(48.39543,81.87029),22.82150]
	1361.73818	   0.06808	[mu,kappa]: [(26.33547,91.27434),34.43404]
	 822.93063	   0.04116	[mu,kappa]: [(23.36144,345.17675),12.98250]
	1918.48369	   0.09591	[mu,kappa]: [(157.02499,314.98382),12.44448]
	1254.31971	   0.06272	[mu,kappa]: [(150.64421,304.55966),9.63517]
			msglen: 111695.60412 bits.
Iteration #: 34
	 411.52502	   0.02059	[mu,kappa]: [(49.07442,299.65129),11.77262]
	 411.54765	   0.02059	[mu,kappa]: [(71.89957,65.90874),5.80291]
	2493.74855	   0.12466	[mu,kappa]: [(31.56522,89.32877),278.00000]
	1006.73165	   0.05034	[mu,kappa]: [(42.75800,89.65658),14.81606]
	1094.17107	   0.05471	[mu,kappa]: [(41.20128,92.45238),13.85943]
	5106.06920	   0.25523	[mu,kappa]: [(44.25770,85.54604),165.12400]
	 580.16385	   0.02902	[mu,kappa]: [(78.67819,63.35149),7.83942]
	 331.66661	   0.01660	[mu,kappa]: [(40.23260,77.00397),7.27651]
	1270.21850	   0.06351	[mu,kappa]: [(105.36979,293.92207),10.94066]
	 538.13445	   0.02692	[mu,kappa]: [(53.14201,74.97716),14.39765]
	 384.39814	   0.01924	[mu,kappa]: [(19.49572,60.02138),8.40394]
	1022.20591	   0.05111	[mu,kappa]: [(48.66867,81.52160),24.48514]
	1350.97635	   0.06755	[mu,kappa]: [(26.11996,91.26817),34.80268]
	 827.29103	   0.04137	[mu,kappa]: [(23.49327,345.19619),12.95959]
	1917.83999	   0.09588	[mu,kappa]: [(157.01819,315.05441),12.43617]
	1253.31203	   0.06267	[mu,kappa]: [(150.67955,304.45768),9.66672]
			msglen: 111676.22600 bits.
Iteration #: 35
	 408.33557	   0.02043	[mu,kappa]: [(49.02306,299.51571),11.83701]
	 408.72377	   0.02045	[mu,kappa]: [(72.15456,65.95551),5.79112]
	2496.97038	   0.12482	[mu,kappa]: [(31.56813,89.32906),278.00000]
	1017.50557	   0.05088	[mu,kappa]: [(42.74872,89.78919),14.87567]
	1107.05717	   0.05536	[mu,kappa]: [(41.17687,92.80081),13.85326]
	5052.52034	   0.25255	[mu,kappa]: [(44.21625,85.58263),168.23806]
	 580.00569	   0.02901	[mu,kappa]: [(79.03598,63.14841),7.96244]
	 331.64589	   0.01660	[mu,kappa]: [(40.06176,77.33483),7.32355]
	1272.90551	   0.06364	[mu,kappa]: [(105.35780,293.94017),10.91653]
	 539.04953	   0.02697	[mu,kappa]: [(52.76988,75.10189),14.93070]
	 383.45482	   0.01919	[mu,kappa]: [(19.66903,59.92308),8.37766]
	1060.68340	   0.05304	[mu,kappa]: [(48.93797,81.19742),26.38978]
	1339.53060	   0.06697	[mu,kappa]: [(25.92804,91.23727),35.22399]
	 831.96575	   0.04161	[mu,kappa]: [(23.59582,345.26592),12.92664]
	1917.25020	   0.09585	[mu,kappa]: [(157.01082,315.12646),12.42716]
	1252.39579	   0.06262	[mu,kappa]: [(150.71466,304.35739),9.69652]
			msglen: 111655.53510 bits.
Iteration #: 36
	 405.40040	   0.02029	[mu,kappa]: [(48.98561,299.38860),11.90320]
	 406.40598	   0.02034	[mu,kappa]: [(72.38484,66.02642),5.77820]
	2501.06714	   0.12503	[mu,kappa]: [(31.57167,89.32916),278.00000]
	1026.87933	   0.05135	[mu,kappa]: [(42.71617,89.95230),14.92080]
	1118.92106	   0.05595	[mu,kappa]: [(41.13541,93.18092),13.84582]
	4996.97776	   0.24977	[mu,kappa]: [(44.17359,85.62169),171.50552]
	 580.45720	   0.02904	[mu,kappa]: [(79.33791,62.96269),8.09876]
	 331.70094	   0.01660	[mu,kappa]: [(39.89704,77.59312),7.36153]
	1275.35270	   0.06377	[mu,kappa]: [(105.34876,293.95681),10.89499]
	 539.32512	   0.02698	[mu,kappa]: [(52.40312,75.21768),15.43157]
	 382.79120	   0.01916	[mu,kappa]: [(19.85926,59.69979),8.35751]
	1101.83140	   0.05509	[mu,kappa]: [(49.20029,80.90583),28.56691]
	1327.77953	   0.06639	[mu,kappa]: [(25.75800,91.18028),35.69573]
	 836.83379	   0.04185	[mu,kappa]: [(23.67267,345.37232),12.88384]
	1916.71172	   0.09582	[mu,kappa]: [(157.00286,315.19964),12.41754]
	1251.56472	   0.06258	[mu,kappa]: [(150.74960,304.25912),9.72457]
			msglen: 111633.31039 bits.
Iteration #: 37
	 402.69970	   0.02015	[mu,kappa]: [(48.95834,299.27084),11.97060]
	 404.60262	   0.02025	[mu,kappa]: [(72.59319,66.12369),5.76404]
	2505.79725	   0.12526	[mu,kappa]: [(31.57586,89.32901),278.00000]
	1034.97060	   0.05175	[mu,kappa]: [(42.66241,90.14224),14.95370]
	1129.84677	   0.05649	[mu,kappa]: [(41.08073,93.58272),13.84225]
	4939.27708	   0.24689	[mu,kappa]: [(44.12900,85.66368),174.94765]
	 581.50244	   0.02909	[mu,kappa]: [(79.58472,62.79448),8.24642]
	 331.80857	   0.01661	[mu,kappa]: [(39.74153,77.77032),7.39372]
	1277.59473	   0.06388	[mu,kappa]: [(105.34206,293.97206),10.87564]
	 538.87405	   0.02696	[mu,kappa]: [(52.03877,75.32297),15.88533]
	 382.38544	   0.01914	[mu,kappa]: [(20.06949,59.35733),8.34520]
	1145.85296	   0.05729	[mu,kappa]: [(49.45220,80.65367),31.04331]
	1315.95759	   0.06580	[mu,kappa]: [(25.60871,91.09649),36.21381]
	 841.79778	   0.04210	[mu,kappa]: [(23.72655,345.50271),12.83189]
	1916.22076	   0.09580	[mu,kappa]: [(156.99428,315.27358),12.40743]
	1250.81164	   0.06254	[mu,kappa]: [(150.78437,304.16306),9.75094]
			msglen: 111609.46569 bits.
Iteration #: 38
	 400.20835	   0.02003	[mu,kappa]: [(48.93844,299.16301),12.03835]
	 403.31410	   0.02018	[mu,kappa]: [(72.78192,66.24948),5.74851]
	2511.00966	   0.12553	[mu,kappa]: [(31.58078,89.32848),278.00000]
	1041.93783	   0.05210	[mu,kappa]: [(42.59021,90.35414),14.97655]
	1139.93063	   0.05700	[mu,kappa]: [(41.01698,93.99522),13.84673]
	4879.35285	   0.24390	[mu,kappa]: [(44.08189,85.70890),178.58388]
	 583.10231	   0.02917	[mu,kappa]: [(79.77768,62.64361),8.40300]
	 331.96541	   0.01662	[mu,kappa]: [(39.59777,77.86084),7.42292]
	1279.66054	   0.06398	[mu,kappa]: [(105.33715,293.98599),10.85816]
	 537.65834	   0.02690	[mu,kappa]: [(51.67372,75.41463),16.27631]
	 382.23441	   0.01913	[mu,kappa]: [(20.30132,58.90878),8.34160]
	1192.75200	   0.05964	[mu,kappa]: [(49.68989,80.44577),33.83665]
	1304.20190	   0.06521	[mu,kappa]: [(25.47925,90.98631),36.77170]
	 846.76987	   0.04235	[mu,kappa]: [(23.75963,345.64528),12.77179]
	1915.77273	   0.09578	[mu,kappa]: [(156.98505,315.34786),12.39693]
	1250.12907	   0.06251	[mu,kappa]: [(150.81900,304.06933),9.77574]
			msglen: 111584.08643 bits.
Iteration #: 39
	 397.89933	   0.01991	[mu,kappa]: [(48.92394,299.06557),12.10556]
	 402.53363	   0.02014	[mu,kappa]: [(72.95317,66.40580),5.73145]
	2516.58232	   0.12580	[mu,kappa]: [(31.58653,89.32742),278.00000]
	1047.98358	   0.05240	[mu,kappa]: [(42.50302,90.58190),14.99158]
	1149.28911	   0.05747	[mu,kappa]: [(40.94834,94.40702),13.86238]
	4817.30439	   0.24079	[mu,kappa]: [(44.03190,85.75742),182.42758]
	 585.19816	   0.02927	[mu,kappa]: [(79.91868,62.50973),8.56577]
	 332.18629	   0.01663	[mu,kappa]: [(39.46782,77.86290),7.45145]
	1281.57347	   0.06408	[mu,kappa]: [(105.33357,293.99868),10.84227]
	 535.71305	   0.02680	[mu,kappa]: [(51.30500,75.48804),16.59040]
	 382.34615	   0.01913	[mu,kappa]: [(20.55504,58.37409),8.34692]
	1242.26786	   0.06211	[mu,kappa]: [(49.90943,80.28453),36.95044]
	1292.58388	   0.06463	[mu,kappa]: [(25.36876,90.85161),37.36062]
	 851.66683	   0.04259	[mu,kappa]: [(23.77378,345.78891),12.70482]
	1915.36243	   0.09575	[mu,kappa]: [(156.97518,315.42209),12.38618]
	1249.50953	   0.06248	[mu,kappa]: [(150.85347,303.97795),9.79913]
			msglen: 111557.45992 bits.
Iteration #: 40
	 395.74532	   0.01980	[mu,kappa]: [(48.91363,298.97885),12.17136]
	 402.24639	   0.02013	[mu,kappa]: [(73.10914,66.59427),5.71284]
	2522.38421	   0.12609	[mu,kappa]: [(31.59319,89.32567),278.00000]
	1053.34918	   0.05267	[mu,kappa]: [(42.40484,90.81833),15.00111]
	1158.06183	   0.05790	[mu,kappa]: [(40.87873,94.80705),13.89122]
	4753.44363	   0.23760	[mu,kappa]: [(43.97892,85.80902),186.48137]
	 587.71490	   0.02940	[mu,kappa]: [(80.01048,62.39233),8.73178]
	 332.50009	   0.01664	[mu,kappa]: [(39.35341,77.77916),7.48125]
	1283.35203	   0.06417	[mu,kappa]: [(105.33097,294.01022),10.82774]
	 533.16468	   0.02667	[mu,kappa]: [(50.93016,75.53767),16.81777]
	 382.73116	   0.01915	[mu,kappa]: [(20.82970,57.77861),8.36081]
	1293.83220	   0.06469	[mu,kappa]: [(50.10716,80.16959),40.36930]
	1281.13365	   0.06406	[mu,kappa]: [(25.27617,90.69584),37.97006]
	 856.41070	   0.04283	[mu,kappa]: [(23.77074,345.92308),12.63251]
	1914.98430	   0.09574	[mu,kappa]: [(156.96467,315.49590),12.37527]
	1248.94573	   0.06245	[mu,kappa]: [(150.88775,303.88887),9.82126]
			msglen: 111530.08363 bits.
Iteration #: 41
	 393.71945	   0.01970	[mu,kappa]: [(48.90690,298.90306),12.23494]
	 402.42815	   0.02014	[mu,kappa]: [(73.25220,66.81558),5.69278]
	2528.25775	   0.12639	[mu,kappa]: [(31.60080,89.32310),278.00000]
	1058.30073	   0.05292	[mu,kappa]: [(42.30008,91.05557),15.00756]
	1166.40863	   0.05832	[mu,kappa]: [(40.81170,95.18536),13.93415]
	4688.31208	   0.23435	[mu,kappa]: [(43.92322,85.86313),190.73267]
	 590.56449	   0.02954	[mu,kappa]: [(80.05672,62.29069),8.89801]
	 332.94345	   0.01667	[mu,kappa]: [(39.25588,77.61683),7.51393]
	1285.01074	   0.06425	[mu,kappa]: [(105.32907,294.02068),10.81439]
	 530.23512	   0.02653	[mu,kappa]: [(50.54777,75.55772),16.95556]
	 383.39422	   0.01919	[mu,kappa]: [(21.12305,57.15077),8.38253]
	1346.57088	   0.06733	[mu,kappa]: [(50.28009,80.09803),44.05555]
	1269.85871	   0.06349	[mu,kappa]: [(25.20013,90.52397),38.58878]
	 860.93236	   0.04305	[mu,kappa]: [(23.75228,346.03808),12.55659]
	1914.63260	   0.09572	[mu,kappa]: [(156.95352,315.56897),12.36431]
	1248.43064	   0.06242	[mu,kappa]: [(150.92181,303.80199),9.84231]
			msglen: 111502.63757 bits.
Iteration #: 42
	 391.79577	   0.01961	[mu,kappa]: [(48.90368,298.83823),12.29562]
	 403.04369	   0.02017	[mu,kappa]: [(73.38493,67.06910),5.67158]
	2534.02081	   0.12668	[mu,kappa]: [(31.60930,89.31969),278.00000]
	1063.10781	   0.05316	[mu,kappa]: [(42.19329,91.28570),15.01328]
	1174.50014	   0.05873	[mu,kappa]: [(40.75019,95.53378),13.99109]
	4622.65634	   0.23107	[mu,kappa]: [(43.86545,85.91885),195.15072]
	 593.65003	   0.02970	[mu,kappa]: [(80.06207,62.20377),9.06152]
	 333.55310	   0.01670	[mu,kappa]: [(39.17609,77.38735),7.55077]
	1286.56096	   0.06433	[mu,kappa]: [(105.32771,294.03013),10.80207]
	 527.22355	   0.02638	[mu,kappa]: [(50.15791,75.54321),17.00937]
	 384.32810	   0.01923	[mu,kappa]: [(21.43158,56.51932),8.41097]
	1399.36713	   0.06997	[mu,kappa]: [(50.42628,80.06482),47.94851]
	1258.75663	   0.06294	[mu,kappa]: [(25.13892,90.34211),39.20602]
	 865.17669	   0.04327	[mu,kappa]: [(23.72035,346.12537),12.47891]
	1914.30163	   0.09570	[mu,kappa]: [(156.94178,315.64101),12.35342]
	1247.95762	   0.06240	[mu,kappa]: [(150.95561,303.71719),9.86246]
			msglen: 111475.91441 bits.
Iteration #: 43
	 389.94964	   0.01951	[mu,kappa]: [(48.90426,298.78415),12.35281]
	 404.04597	   0.02022	[mu,kappa]: [(73.51008,67.35245),5.64970]
	2539.48502	   0.12695	[mu,kappa]: [(31.61855,89.31550),278.00000]
	1068.01783	   0.05340	[mu,kappa]: [(42.08882,91.50139),15.02046]
	1182.50233	   0.05913	[mu,kappa]: [(40.69645,95.84636),14.06109]
	4557.36199	   0.22780	[mu,kappa]: [(43.80658,85.97500),199.68624]
	 596.87066	   0.02986	[mu,kappa]: [(80.03204,62.13018),9.21962]
	 334.35819	   0.01674	[mu,kappa]: [(39.11430,77.10543),7.59270]
	1288.01164	   0.06440	[mu,kappa]: [(105.32678,294.03864),10.79066]
	 524.46612	   0.02624	[mu,kappa]: [(49.76241,75.49094),16.99298]
	 385.51031	   0.01929	[mu,kappa]: [(21.75064,55.91057),8.44474]
	1450.98544	   0.07255	[mu,kappa]: [(50.54504,80.06354),51.96716]
	1247.82100	   0.06239	[mu,kappa]: [(25.09047,90.15700),39.81252]
	 869.10742	   0.04346	[mu,kappa]: [(23.67709,346.17813),12.40135]
	1913.98595	   0.09569	[mu,kappa]: [(156.92946,315.71181),12.34268]
	1247.52048	   0.06238	[mu,kappa]: [(150.98911,303.63431),9.88185]
			msglen: 111450.71383 bits.
Iteration #: 44
	 388.15830	   0.01943	[mu,kappa]: [(48.90921,298.74038),12.40607]
	 405.37643	   0.02029	[mu,kappa]: [(73.63039,67.66137),5.62776]
	2544.48224	   0.12720	[mu,kappa]: [(31.62830,89.31069),278.00000]
	1073.23100	   0.05367	[mu,kappa]: [(41.99047,91.69661),15.03085]
	1190.55788	   0.05953	[mu,kappa]: [(40.65186,96.11962),14.14252]
	4493.35810	   0.22460	[mu,kappa]: [(43.74784,86.03028),204.27449]
	 600.12688	   0.03002	[mu,kappa]: [(79.97285,62.06820),9.37005]
	 335.37411	   0.01679	[mu,kappa]: [(39.06995,76.78765),7.64022]
	1289.36995	   0.06447	[mu,kappa]: [(105.32626,294.04629),10.78007]
	 522.28228	   0.02613	[mu,kappa]: [(49.36473,75.40031),16.92599]
	 386.90322	   0.01936	[mu,kappa]: [(22.07475,55.34611),8.48234]
	1500.23257	   0.07501	[mu,kappa]: [(50.63695,80.08725),56.01658]
	1237.04257	   0.06185	[mu,kappa]: [(25.05244,89.97537),40.40135]
	 872.71034	   0.04364	[mu,kappa]: [(23.62483,346.19168),12.32569]
	1913.68055	   0.09567	[mu,kappa]: [(156.91663,315.78119),12.33217]
	1247.11357	   0.06236	[mu,kappa]: [(151.02228,303.55319),9.90064]
			msglen: 111427.72349 bits.
Iteration #: 45
	 386.40139	   0.01934	[mu,kappa]: [(48.91926,298.70614),12.45514]
	 406.96688	   0.02037	[mu,kappa]: [(73.74840,67.98982),5.60642]
	2548.88965	   0.12742	[mu,kappa]: [(31.63828,89.30548),278.00000]
	1078.88092	   0.05395	[mu,kappa]: [(41.90110,91.86707),15.04566]
	1198.76871	   0.05994	[mu,kappa]: [(40.61697,96.35251),14.23324]
	4431.51492	   0.22151	[mu,kappa]: [(43.69054,86.08339),208.84150]
	 603.32598	   0.03018	[mu,kappa]: [(79.89110,62.01578),9.51106]
	 336.59888	   0.01685	[mu,kappa]: [(39.04163,76.45092),7.69338]
	1290.64173	   0.06453	[mu,kappa]: [(105.32618,294.05317),10.77023]
	 520.92395	   0.02606	[mu,kappa]: [(48.96954,75.27369),16.83032]
	 388.45719	   0.01944	[mu,kappa]: [(22.39802,54.84138),8.52217]
	1546.11557	   0.07730	[mu,kappa]: [(50.70373,80.12921),59.99733]
	1226.40773	   0.06132	[mu,kappa]: [(25.02234,89.80331),40.96817]
	 875.99367	   0.04381	[mu,kappa]: [(23.56606,346.16392),12.25349]
	1913.38101	   0.09566	[mu,kappa]: [(156.90334,315.84904),12.32197]
	1246.73182	   0.06234	[mu,kappa]: [(151.05510,303.47366),9.91892]
			msglen: 111407.41939 bits.
Iteration #: 46
	 384.66161	   0.01925	[mu,kappa]: [(48.93516,298.68039),12.49992]
	 408.74314	   0.02045	[mu,kappa]: [(73.86628,68.33053),5.58636]
	2552.64517	   0.12761	[mu,kappa]: [(31.64820,89.30012),278.00000]
	1085.02548	   0.05425	[mu,kappa]: [(41.82249,92.01044),15.06543]
	1207.18441	   0.06036	[mu,kappa]: [(40.59148,96.54614),14.33075]
	4372.55864	   0.21857	[mu,kappa]: [(43.63590,86.13324),213.31224]
	 606.38710	   0.03033	[mu,kappa]: [(79.79341,61.97075),9.64147]
	 338.01265	   0.01692	[mu,kappa]: [(39.02715,76.11099),7.75178]
	1291.83202	   0.06459	[mu,kappa]: [(105.32660,294.05935),10.76108]
	 520.54264	   0.02604	[mu,kappa]: [(48.58188,75.11608),16.72663]
	 390.11543	   0.01952	[mu,kappa]: [(22.71461,54.40530),8.56271]
	1587.95481	   0.07939	[mu,kappa]: [(50.74802,80.18346),63.81608]
	1215.89727	   0.06080	[mu,kappa]: [(24.99767,89.64586),41.51128]
	 878.98525	   0.04396	[mu,kappa]: [(23.50330,346.09533),12.18599]
	1913.08359	   0.09564	[mu,kappa]: [(156.88967,315.91530),12.31213]
	1246.37078	   0.06232	[mu,kappa]: [(151.08757,303.39555),9.93680]
			msglen: 111390.01574 bits.
Iteration #: 47
	 382.92526	   0.01916	[mu,kappa]: [(48.95760,298.66181),12.54050]
	 410.62999	   0.02055	[mu,kappa]: [(73.98566,68.67564),5.56816]
	2555.74978	   0.12776	[mu,kappa]: [(31.65785,89.29480),278.00000]
	1091.64970	   0.05459	[mu,kappa]: [(41.75534,92.12632),15.09009]
	1215.80001	   0.06079	[mu,kappa]: [(40.57440,96.70333),14.43241]
	4317.02031	   0.21579	[mu,kappa]: [(43.58492,86.17903),217.61879]
	 609.24539	   0.03048	[mu,kappa]: [(79.68602,61.93095),9.76073]
	 339.58045	   0.01700	[mu,kappa]: [(39.02372,75.78123),7.81459]
	1292.94538	   0.06465	[mu,kappa]: [(105.32761,294.06491),10.75259]
	 521.18184	   0.02607	[mu,kappa]: [(48.20645,74.93444),16.63175]
	 391.81964	   0.01961	[mu,kappa]: [(23.01922,54.04077),8.60259]
	1625.42657	   0.08126	[mu,kappa]: [(50.77300,80.24508),67.39510]
	1205.48663	   0.06028	[mu,kappa]: [(24.97609,89.50674),42.03122]
	 881.72723	   0.04409	[mu,kappa]: [(23.43899,345.98888),12.12407]
	1912.78524	   0.09563	[mu,kappa]: [(156.87569,315.97996),12.30269]
	1246.02657	   0.06230	[mu,kappa]: [(151.11971,303.31871),9.95432]
			msglen: 111375.47573 bits.
Iteration #: 48
	 381.18260	   0.01908	[mu,kappa]: [(48.98710,298.64888),12.57712]
	 412.55659	   0.02064	[mu,kappa]: [(74.10760,69.01751),5.55230]
	2558.25795	   0.12789	[mu,kappa]: [(31.66705,89.28970),278.00000]
	1098.67950	   0.05494	[mu,kappa]: [(41.69940,92.21592),15.11900]
	1224.56345	   0.06123	[mu,kappa]: [(40.56432,96.82814),14.53558]
	4265.22305	   0.21320	[mu,kappa]: [(43.53827,86.22030),221.70649]
	 611.85458	   0.03061	[mu,kappa]: [(79.57449,61.89442),9.86881]
	 341.25708	   0.01708	[mu,kappa]: [(39.02829,75.47203),7.88069]
	1293.98624	   0.06470	[mu,kappa]: [(105.32932,294.06994),10.74471]
	 522.79189	   0.02615	[mu,kappa]: [(47.84703,74.73657),16.55753]
	 393.51513	   0.01969	[mu,kappa]: [(23.30742,53.74576),8.64062]
	1658.53518	   0.08292	[mu,kappa]: [(50.78206,80.31029),70.67846]
	1195.14784	   0.05976	[mu,kappa]: [(24.95546,89.38822),42.53029]
	 884.26941	   0.04422	[mu,kappa]: [(23.37539,345.84952),12.06822]
	1912.48360	   0.09561	[mu,kappa]: [(156.86147,316.04304),12.29368]
	1245.69591	   0.06228	[mu,kappa]: [(151.15153,303.24302),9.97154]
			msglen: 111363.57003 bits.
Iteration #: 49
	 379.42789	   0.01899	[mu,kappa]: [(49.02397,298.63997),12.61018]
	 414.46134	   0.02074	[mu,kappa]: [(74.23258,69.34939),5.53910]
	2560.26076	   0.12799	[mu,kappa]: [(31.67574,89.28491),278.00000]
	1106.00197	   0.05530	[mu,kappa]: [(41.65377,92.28163),15.15115]
	1233.38991	   0.06167	[mu,kappa]: [(40.55960,96.92522),14.63782]
	4217.30039	   0.21081	[mu,kappa]: [(43.49629,86.25692),225.53715]
	 614.18757	   0.03072	[mu,kappa]: [(79.46338,61.85951),9.96613]
	 342.99305	   0.01717	[mu,kappa]: [(39.03788,75.19056),7.94877]
	1294.95912	   0.06475	[mu,kappa]: [(105.33181,294.07452),10.73743]
	 525.25786	   0.02628	[mu,kappa]: [(47.50614,74.53013),16.51094]
	 395.15478	   0.01977	[mu,kappa]: [(23.57590,53.51476),8.67588]
	1687.53680	   0.08437	[mu,kappa]: [(50.77851,80.37633),73.63388]
	1184.85263	   0.05924	[mu,kappa]: [(24.93403,89.29128),43.01199]
	 886.66294	   0.04434	[mu,kappa]: [(23.31443,345.68355),12.01856]
	1912.17695	   0.09560	[mu,kappa]: [(156.84709,316.10461),12.28511]
	1245.37606	   0.06227	[mu,kappa]: [(151.18308,303.16835),9.98849]
			msglen: 111353.95578 bits.
Iteration #: 50
	 377.65907	   0.01890	[mu,kappa]: [(49.06825,298.63345),12.64016]
	 416.29523	   0.02083	[mu,kappa]: [(74.36050,69.66591),5.52874]
	2561.86704	   0.12807	[mu,kappa]: [(31.68388,89.28047),278.00000]
	1113.48684	   0.05568	[mu,kappa]: [(41.61718,92.32652),15.18536]
	1242.17887	   0.06211	[mu,kappa]: [(40.55863,96.99937),14.73701]
	4173.23269	   0.20860	[mu,kappa]: [(43.45903,86.28900),229.08920]
	 616.23502	   0.03082	[mu,kappa]: [(79.35616,61.82500),10.05346]
	 344.74014	   0.01726	[mu,kappa]: [(39.04985,74.94102),8.01747]
	1295.86881	   0.06479	[mu,kappa]: [(105.33517,294.07874),10.73072]
	 528.43011	   0.02644	[mu,kappa]: [(47.18507,74.32192),16.49494]
	 396.70148	   0.01985	[mu,kappa]: [(23.82247,53.34020),8.70770]
	1712.84513	   0.08563	[mu,kappa]: [(50.76533,80.44133),76.25096]
	1174.57547	   0.05873	[mu,kappa]: [(24.91041,89.21578),43.48052]
	 888.95521	   0.04445	[mu,kappa]: [(23.25763,345.49794),11.97492]
	1911.86412	   0.09558	[mu,kappa]: [(156.83261,316.16476),12.27697]
	1245.06477	   0.06225	[mu,kappa]: [(151.21441,303.09463),10.00516]
			msglen: 111346.24986 bits.
Iteration #: 51
	 375.87725	   0.01881	[mu,kappa]: [(49.11974,298.62775),12.66763]
	 418.02324	   0.02092	[mu,kappa]: [(74.49087,69.96323),5.52129]
	2563.18710	   0.12813	[mu,kappa]: [(31.69150,89.27640),278.00000]
	1121.00494	   0.05605	[mu,kappa]: [(41.58822,92.35395),15.22041]
	1250.82955	   0.06254	[mu,kappa]: [(40.55997,97.05515),14.83142]
	4132.88884	   0.20659	[mu,kappa]: [(43.42628,86.31687),232.35570]
	 618.00234	   0.03091	[mu,kappa]: [(79.25523,61.79005),10.13175]
	 346.45564	   0.01734	[mu,kappa]: [(39.06205,74.72515),8.08554]
	1296.72047	   0.06484	[mu,kappa]: [(105.33947,294.08267),10.72458]
	 532.15010	   0.02662	[mu,kappa]: [(46.88407,74.11739),16.50961]
	 398.12896	   0.01992	[mu,kappa]: [(24.04607,53.21362),8.73566]
	1734.94432	   0.08674	[mu,kappa]: [(50.74513,80.50407),78.53687]
	1164.29593	   0.05822	[mu,kappa]: [(24.88359,89.16071),43.94030]
	 891.18662	   0.04457	[mu,kappa]: [(23.20611,345.29964),11.93688]
	1911.54444	   0.09556	[mu,kappa]: [(156.81809,316.22358),12.26926]
	1244.76025	   0.06224	[mu,kappa]: [(151.24555,303.02177),10.02156]
			msglen: 111340.08184 bits.
Iteration #: 52
	 374.08586	   0.01872	[mu,kappa]: [(49.17802,298.62149),12.69316]
	 419.62391	   0.02100	[mu,kappa]: [(74.62289,70.23905),5.51670]
	2564.32120	   0.12819	[mu,kappa]: [(31.69864,89.27268),278.00000]
	1128.44106	   0.05642	[mu,kappa]: [(41.56554,92.36717),15.25519]
	1259.25234	   0.06296	[mu,kappa]: [(40.56245,97.09662),14.91982]
	4096.06487	   0.20475	[mu,kappa]: [(43.39772,86.34095),235.34108]
	 619.50594	   0.03099	[mu,kappa]: [(79.16199,61.75415),10.20202]
	 348.10484	   0.01742	[mu,kappa]: [(39.07288,74.54278),8.15188]
	1297.51962	   0.06488	[mu,kappa]: [(105.34474,294.08639),10.71896]
	 536.26835	   0.02683	[mu,kappa]: [(46.60259,73.92056),16.55323]
	 399.42128	   0.01999	[mu,kappa]: [(24.24654,53.12657),8.75955]
	1754.32304	   0.08771	[mu,kappa]: [(50.72001,80.56387),80.51121]
	1153.99979	   0.05770	[mu,kappa]: [(24.85293,89.12451),44.39567]
	 893.38919	   0.04468	[mu,kappa]: [(23.16053,345.09514),11.90386]
	1911.21760	   0.09555	[mu,kappa]: [(156.80357,316.28120),12.26195]
	1244.46112	   0.06222	[mu,kappa]: [(151.27655,302.94972),10.03770]
			msglen: 111335.12399 bits.
Iteration #: 53
	 372.28983	   0.01863	[mu,kappa]: [(49.24245,298.61352),12.71730]
	 421.08766	   0.02107	[mu,kappa]: [(74.75566,70.49241),5.51483]
	2565.35316	   0.12824	[mu,kappa]: [(31.70536,89.26927),278.00000]
	1135.70108	   0.05679	[mu,kappa]: [(41.54793,92.36922),15.28881]
	1267.37543	   0.06337	[mu,kappa]: [(40.56516,97.12727),15.00139]
	4062.51514	   0.20307	[mu,kappa]: [(43.37290,86.36168),238.05779]
	 620.76937	   0.03105	[mu,kappa]: [(79.07701,61.71711),10.26531]
	 349.66189	   0.01750	[mu,kappa]: [(39.08125,74.39241),8.21560]
	1298.27205	   0.06491	[mu,kappa]: [(105.35097,294.08995),10.71385]
	 540.65462	   0.02705	[mu,kappa]: [(46.33956,73.73408),16.62313]
	 400.57148	   0.02005	[mu,kappa]: [(24.42447,53.07119),8.77934]
	1771.43291	   0.08856	[mu,kappa]: [(50.69168,80.62036),82.20109]
	1143.67905	   0.05719	[mu,kappa]: [(24.81810,89.10524),44.85066]
	 895.58644	   0.04479	[mu,kappa]: [(23.12118,344.89002),11.87522]
	1910.88357	   0.09553	[mu,kappa]: [(156.78909,316.33772),12.25503]
	1244.16632	   0.06221	[mu,kappa]: [(151.30746,302.87845),10.05356]
			msglen: 111331.10284 bits.
Iteration #: 54
	 370.49484	   0.01854	[mu,kappa]: [(49.31230,298.60297),12.74058]
	 422.41441	   0.02114	[mu,kappa]: [(74.88820,70.72342),5.51550]
	2566.34822	   0.12829	[mu,kappa]: [(31.71169,89.26613),278.00000]
	1142.71430	   0.05714	[mu,kappa]: [(41.53437,92.36270),15.32058]
	1275.14726	   0.06376	[mu,kappa]: [(40.56746,97.14993),15.07574]
	4031.97566	   0.20154	[mu,kappa]: [(43.35140,86.37954),240.52322]
	 621.82002	   0.03110	[mu,kappa]: [(79.00027,61.67890),10.32258]
	 351.10948	   0.01757	[mu,kappa]: [(39.08653,74.27173),8.27605]
	1298.98372	   0.06495	[mu,kappa]: [(105.35815,294.09341),10.70921]
	 545.20196	   0.02727	[mu,kappa]: [(46.09359,73.55948),16.71625]
	 401.57966	   0.02010	[mu,kappa]: [(24.58095,53.04054),8.79516]
	1786.66743	   0.08932	[mu,kappa]: [(50.66145,80.67345),83.63716]
	1133.33119	   0.05667	[mu,kappa]: [(24.77901,89.10083),45.30884]
	 897.79424	   0.04490	[mu,kappa]: [(23.08802,344.68888),11.85028]
	1910.54252	   0.09551	[mu,kappa]: [(156.77467,316.39323),12.24845]
	1243.87510	   0.06219	[mu,kappa]: [(151.33831,302.80793),10.06915]
			msglen: 111327.79916 bits.
Iteration #: 55
	 368.70673	   0.01845	[mu,kappa]: [(49.38674,298.58923),12.76345]
	 423.61097	   0.02120	[mu,kappa]: [(75.01965,70.93295),5.51848]
	2567.35380	   0.12834	[mu,kappa]: [(31.71770,89.26324),278.00000]
	1149.43244	   0.05747	[mu,kappa]: [(41.52400,92.34985),15.35003]
	1282.53583	   0.06413	[mu,kappa]: [(40.56891,97.16688),15.14281]
	4004.18012	   0.20015	[mu,kappa]: [(43.33276,86.39493),242.75729]
	 622.68644	   0.03115	[mu,kappa]: [(78.93130,61.63964),10.37468]
	 352.43774	   0.01764	[mu,kappa]: [(39.08842,74.17799),8.33278]
	1299.66061	   0.06498	[mu,kappa]: [(105.36622,294.09682),10.70499]
	 549.82667	   0.02751	[mu,kappa]: [(45.86318,73.39736),16.82956]
	 402.45112	   0.02014	[mu,kappa]: [(24.71742,53.02868),8.80725]
	1800.35580	   0.09001	[mu,kappa]: [(50.63031,80.72318),84.85067]
	1122.95801	   0.05615	[mu,kappa]: [(24.73576,89.10922),45.77331]
	 900.02208	   0.04501	[mu,kappa]: [(23.06077,344.49521),11.82838]
	1910.19474	   0.09550	[mu,kappa]: [(156.76032,316.44785),12.24221]
	1243.58691	   0.06218	[mu,kappa]: [(151.36914,302.73813),10.08446]
			msglen: 111325.04187 bits.
Iteration #: 56
	 366.93100	   0.01836	[mu,kappa]: [(49.46491,298.57195),12.78632]
	 424.68875	   0.02125	[mu,kappa]: [(75.14924,71.12238),5.52355]
	2568.40187	   0.12839	[mu,kappa]: [(31.72341,89.26057),278.00000]
	1155.82678	   0.05779	[mu,kappa]: [(41.51615,92.33248),15.37689]
	1289.52633	   0.06448	[mu,kappa]: [(40.56923,97.17988),15.20284]
	3978.87043	   0.19889	[mu,kappa]: [(43.31659,86.40825),244.78075]
	 623.39654	   0.03118	[mu,kappa]: [(78.86938,61.59950),10.42237]
	 353.64281	   0.01770	[mu,kappa]: [(39.08688,74.10829),8.38554]
	1300.30856	   0.06501	[mu,kappa]: [(105.37511,294.10021),10.70117]
	 554.46603	   0.02774	[mu,kappa]: [(45.64681,73.24768),16.96020]
	 403.19460	   0.02018	[mu,kappa]: [(24.83552,53.03067),8.81591]
	1812.76551	   0.09063	[mu,kappa]: [(50.59898,80.76971),85.87155]
	1112.56441	   0.05563	[mu,kappa]: [(24.68859,89.12844),46.24661]
	 902.27441	   0.04512	[mu,kappa]: [(23.03896,344.31152),11.80893]
	1909.84057	   0.09548	[mu,kappa]: [(156.74606,316.50164),12.23626]
	1243.30141	   0.06217	[mu,kappa]: [(151.39998,302.66903),10.09951]
			msglen: 111322.69983 bits.
Iteration #: 57
	 365.17265	   0.01828	[mu,kappa]: [(49.54598,298.55104),12.80950]
	 425.66174	   0.02130	[mu,kappa]: [(75.27635,71.29338),5.53045]
	2569.51204	   0.12845	[mu,kappa]: [(31.72887,89.25810),278.00000]
	1161.88447	   0.05810	[mu,kappa]: [(41.51029,92.31205),15.40107]
	1296.11789	   0.06480	[mu,kappa]: [(40.56827,97.19028),15.25622]
	3955.80302	   0.19774	[mu,kappa]: [(43.30251,86.41981),246.61399]
	 623.97644	   0.03121	[mu,kappa]: [(78.81363,61.55870),10.46628]
	 354.72541	   0.01775	[mu,kappa]: [(39.08203,74.05977),8.43422]
	1300.93312	   0.06505	[mu,kappa]: [(105.38473,294.10362),10.69768]
	 559.07493	   0.02797	[mu,kappa]: [(45.44302,73.10996),17.10563]
	 403.82079	   0.02021	[mu,kappa]: [(24.93693,53.04252),8.82150]
	1824.10954	   0.09119	[mu,kappa]: [(50.56801,80.81322),86.72738]
	1102.15724	   0.05511	[mu,kappa]: [(24.63781,89.15669),46.73084]
	 904.55195	   0.04523	[mu,kappa]: [(23.02203,344.13944),11.79142]
	1909.48038	   0.09546	[mu,kappa]: [(156.73188,316.55467),12.23059]
	1243.01839	   0.06215	[mu,kappa]: [(151.43084,302.60060),10.11428]
			msglen: 111320.67372 bits.
Iteration #: 58
	 363.43597	   0.01819	[mu,kappa]: [(49.62915,298.52656),12.83324]
	 426.54501	   0.02134	[mu,kappa]: [(75.40049,71.44774),5.53896]
	2570.69460	   0.12851	[mu,kappa]: [(31.73408,89.25581),278.00000]
	1167.60487	   0.05838	[mu,kappa]: [(41.50599,92.28972),15.42259]
	1302.32014	   0.06511	[mu,kappa]: [(40.56593,97.19907),15.30351]
	3934.75234	   0.19668	[mu,kappa]: [(43.29020,86.42990),248.27639]
	 624.44978	   0.03123	[mu,kappa]: [(78.76314,61.51748),10.50694]
	 355.68948	   0.01780	[mu,kappa]: [(39.07412,74.02971),8.47884]
	1301.53947	   0.06508	[mu,kappa]: [(105.39499,294.10705),10.69449]
	 563.62245	   0.02819	[mu,kappa]: [(45.25045,72.98345),17.26362]
	 404.34124	   0.02023	[mu,kappa]: [(25.02332,53.06104),8.82440]
	1834.55515	   0.09172	[mu,kappa]: [(50.53776,80.85393),87.44282]
	1091.74444	   0.05459	[mu,kappa]: [(24.58381,89.19235),47.22764]
	 906.85275	   0.04535	[mu,kappa]: [(23.00937,343.97987),11.77539]
	1909.11457	   0.09544	[mu,kappa]: [(156.71777,316.60701),12.22516]
	1242.73774	   0.06214	[mu,kappa]: [(151.46175,302.53284),10.12880]
			msglen: 111318.88887 bits.
Iteration #: 59
	 361.72459	   0.01810	[mu,kappa]: [(49.71369,298.49874),12.85772]
	 427.35362	   0.02138	[mu,kappa]: [(75.52133,71.58724),5.54886]
	2571.95319	   0.12857	[mu,kappa]: [(31.73908,89.25368),278.00000]
	1172.99617	   0.05865	[mu,kappa]: [(41.50292,92.26639),15.44154]
	1308.15022	   0.06541	[mu,kappa]: [(40.56221,97.20700),15.34531]
	3915.51229	   0.19572	[mu,kappa]: [(43.27941,86.43875),249.78588]
	 624.83750	   0.03125	[mu,kappa]: [(78.71701,61.47604),10.54477]
	 356.54115	   0.01784	[mu,kappa]: [(39.06344,74.01564),8.51952]
	1302.13230	   0.06511	[mu,kappa]: [(105.40578,294.11053),10.69154]
	 568.08857	   0.02842	[mu,kappa]: [(45.06789,72.86725),17.43227]
	 404.76755	   0.02026	[mu,kappa]: [(25.09631,53.08374),8.82499]
	1844.23251	   0.09220	[mu,kappa]: [(50.50850,80.89207),88.03952]
	1081.33432	   0.05407	[mu,kappa]: [(24.52696,89.23401),47.73824]
	 909.17309	   0.04547	[mu,kappa]: [(23.00035,343.83316),11.76047]
	1908.74349	   0.09542	[mu,kappa]: [(156.70374,316.65871),12.21996]
	1242.45946	   0.06212	[mu,kappa]: [(151.49271,302.46571),10.14308]
			msglen: 111317.28936 bits.
Iteration #: 60
	 360.04149	   0.01802	[mu,kappa]: [(49.79891,298.46789),12.88306]
	 428.10189	   0.02142	[mu,kappa]: [(75.63862,71.71358),5.55994]
	2573.28705	   0.12864	[mu,kappa]: [(31.74387,89.25171),278.00000]
	1178.07255	   0.05891	[mu,kappa]: [(41.50082,92.24275),15.45809]
	1313.63004	   0.06568	[mu,kappa]: [(40.55709,97.21458),15.38229]
	3897.89642	   0.19484	[mu,kappa]: [(43.26989,86.44656),251.15885]
	 625.15782	   0.03127	[mu,kappa]: [(78.67439,61.43458),10.58014]
	 357.28777	   0.01788	[mu,kappa]: [(39.05032,74.01532),8.55642]
	1302.71579	   0.06513	[mu,kappa]: [(105.41701,294.11405),10.68880]
	 572.46139	   0.02864	[mu,kappa]: [(44.89423,72.76039),17.60997]
	 405.11086	   0.02027	[mu,kappa]: [(25.15739,53.10870),8.82367]
	1853.24254	   0.09265	[mu,kappa]: [(50.48041,80.92785),88.53620]
	1070.93516	   0.05355	[mu,kappa]: [(24.46765,89.28048),48.26358]
	 911.50815	   0.04558	[mu,kappa]: [(22.99438,343.69920),11.74638]
	1908.36750	   0.09541	[mu,kappa]: [(156.68976,316.70979),12.21497]
	1242.18357	   0.06211	[mu,kappa]: [(151.52374,302.39920),10.15713]
			msglen: 111315.83343 bits.
Iteration #: 61
	 358.38910	   0.01794	[mu,kappa]: [(49.88425,298.43441),12.90934]
	 428.80294	   0.02146	[mu,kappa]: [(75.75221,71.82833),5.57203]
	2574.69276	   0.12871	[mu,kappa]: [(31.74848,89.24988),278.00000]
	1182.85196	   0.05914	[mu,kappa]: [(41.49946,92.21934),15.47244]
	1318.78428	   0.06594	[mu,kappa]: [(40.55062,97.22218),15.41507]
	3881.73737	   0.19403	[mu,kappa]: [(43.26146,86.45347),252.41004]
	 625.42633	   0.03128	[mu,kappa]: [(78.63452,61.39328),10.61333]
	 357.93734	   0.01791	[mu,kappa]: [(39.03509,74.02680),8.58976]
	1303.29356	   0.06516	[mu,kappa]: [(105.42857,294.11762),10.68621]
	 576.73488	   0.02885	[mu,kappa]: [(44.72852,72.66193),17.79532]
	 405.38149	   0.02029	[mu,kappa]: [(25.20792,53.13446),8.82077]
	1861.66348	   0.09307	[mu,kappa]: [(50.45360,80.96148),88.94890]
	1060.55489	   0.05303	[mu,kappa]: [(24.40625,89.33071),48.80428]
	 913.85250	   0.04570	[mu,kappa]: [(22.99092,343.57762),11.73287]
	1907.98694	   0.09539	[mu,kappa]: [(156.67584,316.76030),12.21016]
	1241.91018	   0.06210	[mu,kappa]: [(151.55483,302.33329),10.17098]
			msglen: 111314.48990 bits.
Iteration #: 62
	 356.76936	   0.01786	[mu,kappa]: [(49.96918,298.39871),12.93657]
	 429.46851	   0.02149	[mu,kappa]: [(75.86204,71.93292),5.58497]
	2576.16543	   0.12878	[mu,kappa]: [(31.75291,89.24819),278.00000]
	1187.35438	   0.05937	[mu,kappa]: [(41.49869,92.19655),15.48480]
	1323.63869	   0.06618	[mu,kappa]: [(40.54282,97.23005),15.44429]
	3866.88571	   0.19329	[mu,kappa]: [(43.25395,86.45963),253.55268]
	 625.65627	   0.03130	[mu,kappa]: [(78.59675,61.35228),10.64457]
	 358.49800	   0.01794	[mu,kappa]: [(39.01807,74.04835),8.61976]
	1303.86867	   0.06519	[mu,kappa]: [(105.44039,294.12122),10.68374]
	 580.90703	   0.02906	[mu,kappa]: [(44.56992,72.57097),17.98717]
	 405.58879	   0.02030	[mu,kappa]: [(25.24916,53.15994),8.81665]
	1869.55616	   0.09347	[mu,kappa]: [(50.42815,80.99314),89.29128]
	1050.20097	   0.05251	[mu,kappa]: [(24.34311,89.38384),49.36074]
	 916.20049	   0.04582	[mu,kappa]: [(22.98945,343.46783),11.71977]
	1907.60212	   0.09537	[mu,kappa]: [(156.66196,316.81027),12.20553]
	1241.63941	   0.06208	[mu,kappa]: [(151.58599,302.26795),10.18464]
			msglen: 111313.23547 bits.
Iteration #: 63
	 355.18384	   0.01778	[mu,kappa]: [(50.05325,298.36121),12.96475]
	 430.10881	   0.02152	[mu,kappa]: [(75.96807,72.02860),5.59862]
	2577.69964	   0.12886	[mu,kappa]: [(31.75717,89.24663),278.00000]
	1191.60055	   0.05958	[mu,kappa]: [(41.49837,92.17468),15.49537]
	1328.21899	   0.06641	[mu,kappa]: [(40.53374,97.23834),15.47050]
	3853.20867	   0.19261	[mu,kappa]: [(43.24723,86.46514),254.59851]
	 625.85874	   0.03131	[mu,kappa]: [(78.56050,61.31172),10.67404]
	 358.97768	   0.01797	[mu,kappa]: [(38.99956,74.07848),8.64669]
	1304.44369	   0.06522	[mu,kappa]: [(105.45237,294.12486),10.68135]
	 584.97851	   0.02926	[mu,kappa]: [(44.41769,72.48666),18.18451]
	 405.74109	   0.02030	[mu,kappa]: [(25.28220,53.18436),8.81160]
	1876.96830	   0.09384	[mu,kappa]: [(50.40409,81.02300),89.57490]
	1039.88032	   0.05200	[mu,kappa]: [(24.27855,89.43916),49.93317]
	 918.54645	   0.04593	[mu,kappa]: [(22.98954,343.36910),11.70694]
	1907.21334	   0.09535	[mu,kappa]: [(156.64811,316.85972),12.20104]
	1241.37138	   0.06207	[mu,kappa]: [(151.61721,302.20315),10.19812]
			msglen: 111312.05271 bits.
Iteration #: 64
	 353.63377	   0.01770	[mu,kappa]: [(50.13609,298.32234),12.99383]
	 430.73263	   0.02155	[mu,kappa]: [(76.07031,72.11650),5.61284]
	2579.28994	   0.12894	[mu,kappa]: [(31.76127,89.24520),278.00000]
	1195.61105	   0.05978	[mu,kappa]: [(41.49840,92.15392),15.50436]
	1332.55007	   0.06663	[mu,kappa]: [(40.52342,97.24713),15.49424]
	3840.58858	   0.19198	[mu,kappa]: [(43.24118,86.47009),255.55795]
	 626.04299	   0.03131	[mu,kappa]: [(78.52528,61.27169),10.70191]
	 359.38398	   0.01799	[mu,kappa]: [(38.97984,74.11591),8.67077]
	1305.02065	   0.06525	[mu,kappa]: [(105.46445,294.12853),10.67903]
	 588.95160	   0.02946	[mu,kappa]: [(44.27122,72.40825),18.38650]
	 405.84566	   0.02031	[mu,kappa]: [(25.30805,53.20716),8.80592]
	1883.93771	   0.09418	[mu,kappa]: [(50.38144,81.05122),89.80950]
	1029.59935	   0.05148	[mu,kappa]: [(24.21285,89.49606),50.52160]
	 920.88490	   0.04605	[mu,kappa]: [(22.99083,343.28067),11.69428]
	1906.82088	   0.09533	[mu,kappa]: [(156.63427,316.90866),12.19670]
	1241.10625	   0.06206	[mu,kappa]: [(151.64849,302.13888),10.21146]
			msglen: 111310.92858 bits.
Iteration #: 65
	 352.12014	   0.01762	[mu,kappa]: [(50.21740,298.28248),13.02376]
	 431.34734	   0.02158	[mu,kappa]: [(76.16880,72.19757),5.62752]
	2580.93122	   0.12902	[mu,kappa]: [(31.76521,89.24388),278.00000]
	1199.40576	   0.05997	[mu,kappa]: [(41.49868,92.13443),15.51195]
	1336.65538	   0.06683	[mu,kappa]: [(40.51189,97.25646),15.51598]
	3828.92147	   0.19139	[mu,kappa]: [(43.23573,86.47455),256.44020]
	 626.21662	   0.03132	[mu,kappa]: [(78.49070,61.23229),10.72828]
	 359.72394	   0.01800	[mu,kappa]: [(38.95915,74.15955),8.69227]
	1305.60117	   0.06528	[mu,kappa]: [(105.47656,294.13220),10.67673]
	 592.82949	   0.02965	[mu,kappa]: [(44.12996,72.33506),18.59239]
	 405.90884	   0.02031	[mu,kappa]: [(25.32755,53.22798),8.79983]
	1890.49486	   0.09451	[mu,kappa]: [(50.36019,81.07793),90.00331]
	1019.36394	   0.05097	[mu,kappa]: [(24.14627,89.55404),51.12594]
	 923.21066	   0.04617	[mu,kappa]: [(22.99298,343.20174),11.68173]
	1906.42499	   0.09531	[mu,kappa]: [(156.62046,316.95713),12.19248]
	1240.84418	   0.06204	[mu,kappa]: [(151.67983,302.07512),10.22466]
			msglen: 111309.85328 bits.
Iteration #: 66
	 350.64373	   0.01755	[mu,kappa]: [(50.29691,298.24200),13.05445]
	 431.95906	   0.02161	[mu,kappa]: [(76.26359,72.27265),5.64258]
	2582.61888	   0.12910	[mu,kappa]: [(31.76901,89.24266),278.00000]
	1203.00341	   0.06015	[mu,kappa]: [(41.49916,92.11629),15.51831]
	1340.55674	   0.06703	[mu,kappa]: [(40.49920,97.26635),15.53612]
	3818.11562	   0.19085	[mu,kappa]: [(43.23078,86.47859),257.25337]
	 626.38587	   0.03133	[mu,kappa]: [(78.45643,61.19359),10.75326]
	 360.00408	   0.01802	[mu,kappa]: [(38.93774,74.20846),8.71140]
	1306.18643	   0.06531	[mu,kappa]: [(105.48864,294.13588),10.67444]
	 596.61570	   0.02984	[mu,kappa]: [(43.99345,72.26650),18.80153]
	 405.93606	   0.02031	[mu,kappa]: [(25.34149,53.24657),8.79357]
	1896.66472	   0.09482	[mu,kappa]: [(50.34034,81.10325),90.16321]
	1009.17960	   0.05046	[mu,kappa]: [(24.07903,89.61271),51.74599]
	 925.51888	   0.04628	[mu,kappa]: [(22.99573,343.13152),11.66923]
	1906.02591	   0.09529	[mu,kappa]: [(156.60665,317.00513),12.18838]
	1240.58531	   0.06203	[mu,kappa]: [(151.71121,302.01184),10.23774]
			msglen: 111308.81944 bits.
Iteration #: 67
	 349.20514	   0.01748	[mu,kappa]: [(50.37441,298.20122),13.08580]
	 432.57280	   0.02164	[mu,kappa]: [(76.35472,72.34245),5.65793]
	2584.34889	   0.12919	[mu,kappa]: [(31.77266,89.24156),278.00000]
	1206.42142	   0.06032	[mu,kappa]: [(41.49977,92.09957),15.52359]
	1344.27409	   0.06721	[mu,kappa]: [(40.48539,97.27676),15.55503]
	3808.09014	   0.19035	[mu,kappa]: [(43.22628,86.48225),258.00462]
	 626.55579	   0.03134	[mu,kappa]: [(78.42222,61.15564),10.77693]
	 360.23031	   0.01803	[mu,kappa]: [(38.91580,74.26183),8.72839]
	1306.77729	   0.06534	[mu,kappa]: [(105.50066,294.13956),10.67215]
	 600.31375	   0.03003	[mu,kappa]: [(43.86129,72.20207),19.01335]
	 405.93197	   0.02031	[mu,kappa]: [(25.35051,53.26283),8.78732]
	1902.46819	   0.09511	[mu,kappa]: [(50.32186,81.12729),90.29500]
	 999.05143	   0.04996	[mu,kappa]: [(24.01134,89.67172),52.38147]
	 927.80513	   0.04640	[mu,kappa]: [(22.99887,343.06925),11.65677]
	1905.62388	   0.09527	[mu,kappa]: [(156.59284,317.05270),12.18438]
	1240.32979	   0.06202	[mu,kappa]: [(151.74264,301.94902),10.25073]
			msglen: 111307.82151 bits.
