Iteration #: 0
	1183.00000	   0.05915	[mu,kappa]: [(54.66871,39.80496),2.21227]
	1167.00000	   0.05835	[mu,kappa]: [(53.90555,42.89508),2.17935]
	1223.00000	   0.06115	[mu,kappa]: [(54.90969,42.88514),2.06894]
	1107.00000	   0.05535	[mu,kappa]: [(55.25187,39.56037),2.18083]
	1182.00000	   0.05910	[mu,kappa]: [(55.26653,40.06135),2.08136]
	1183.00000	   0.05915	[mu,kappa]: [(55.80309,40.77560),2.02228]
	1200.00000	   0.06000	[mu,kappa]: [(56.07262,39.60676),2.19181]
	1167.00000	   0.05835	[mu,kappa]: [(56.43662,41.92560),2.03219]
	1188.00000	   0.05940	[mu,kappa]: [(56.44901,39.55871),2.02609]
	1096.00000	   0.05480	[mu,kappa]: [(55.23365,39.98408),2.24614]
	1254.00000	   0.06270	[mu,kappa]: [(57.70975,40.68164),1.99034]
	1133.00000	   0.05665	[mu,kappa]: [(56.06272,41.01679),2.07600]
	1154.00000	   0.05770	[mu,kappa]: [(56.43479,43.50891),1.99798]
	1169.00000	   0.05845	[mu,kappa]: [(57.16799,43.28484),2.00920]
	1222.00000	   0.06110	[mu,kappa]: [(56.64980,42.45280),2.02375]
	1204.00000	   0.06020	[mu,kappa]: [(57.24784,40.91455),1.99172]
	1168.00000	   0.05840	[mu,kappa]: [(57.07080,42.95321),1.98536]
			msglen: 0.00000 bits.
Iteration #: 1
	1186.42198	   0.05932	[mu,kappa]: [(53.15352,37.20249),2.51649]
	1166.62017	   0.05833	[mu,kappa]: [(53.61842,39.68738),2.34316]
	1221.05182	   0.06105	[mu,kappa]: [(55.77475,42.22441),2.05602]
	1108.59849	   0.05543	[mu,kappa]: [(53.73453,37.73799),2.42099]
	1180.56515	   0.05903	[mu,kappa]: [(55.23314,40.05251),2.16188]
	1181.45183	   0.05907	[mu,kappa]: [(56.69336,42.02026),1.98835]
	1201.39074	   0.06007	[mu,kappa]: [(53.94595,37.74308),2.41312]
	1165.88915	   0.05829	[mu,kappa]: [(57.10204,42.81227),1.95303]
	1186.08305	   0.05930	[mu,kappa]: [(56.72150,41.26332),2.00988]
	1100.21226	   0.05501	[mu,kappa]: [(53.01441,36.83715),2.57327]
	1253.44749	   0.06267	[mu,kappa]: [(58.47163,43.33174),1.85776]
	1131.55790	   0.05658	[mu,kappa]: [(55.88755,41.03369),2.08912]
	1154.17730	   0.05771	[mu,kappa]: [(58.22914,44.88357),1.83816]
	1169.11192	   0.05846	[mu,kappa]: [(58.38216,44.67787),1.84132]
	1221.18196	   0.06106	[mu,kappa]: [(57.52545,43.48423),1.91274]
	1203.46576	   0.06017	[mu,kappa]: [(58.20854,43.31454),1.87008]
	1168.77302	   0.05844	[mu,kappa]: [(58.78387,44.98881),1.80740]
			msglen: 151310.73836 bits.
Iteration #: 2
	1214.41560	   0.06072	[mu,kappa]: [(50.10431,31.33165),3.69387]
	1169.09231	   0.05845	[mu,kappa]: [(51.35516,34.89503),2.95615]
	1206.66947	   0.06033	[mu,kappa]: [(55.99640,42.26776),2.04263]
	1121.44312	   0.05607	[mu,kappa]: [(50.77042,32.78904),3.29827]
	1169.39092	   0.05847	[mu,kappa]: [(53.78057,38.42024),2.38193]
	1168.54223	   0.05843	[mu,kappa]: [(57.81840,44.01588),1.87547]
	1213.95195	   0.06070	[mu,kappa]: [(50.87745,32.91721),3.26222]
	1154.94159	   0.05775	[mu,kappa]: [(59.11682,45.69777),1.77131]
	1172.37422	   0.05862	[mu,kappa]: [(57.20071,42.92129),1.94011]
	1134.84572	   0.05674	[mu,kappa]: [(49.82724,30.54565),3.94108]
	1249.55027	   0.06248	[mu,kappa]: [(63.10188,49.44438),1.54658]
	1118.47939	   0.05593	[mu,kappa]: [(55.27003,40.70814),2.14946]
	1153.99162	   0.05770	[mu,kappa]: [(64.21956,51.33042),1.48930]
	1168.60031	   0.05843	[mu,kappa]: [(64.15564,51.11504),1.49422]
	1212.64319	   0.06063	[mu,kappa]: [(60.69774,47.52932),1.66685]
	1198.43748	   0.05992	[mu,kappa]: [(62.46716,48.93292),1.57528]
	1172.63060	   0.05863	[mu,kappa]: [(65.96718,52.71448),1.42494]
			msglen: 148986.39686 bits.
Iteration #: 3
	1447.86885	   0.07239	[mu,kappa]: [(48.23616,22.99847),12.56330]
	1200.70501	   0.06003	[mu,kappa]: [(48.29681,27.25494),6.11188]
	1103.19808	   0.05516	[mu,kappa]: [(54.44734,43.25484),2.13288]
	1233.59935	   0.06168	[mu,kappa]: [(48.19179,24.75700),8.72940]
	1095.77055	   0.05479	[mu,kappa]: [(50.15725,34.39483),3.25735]
	1070.95677	   0.05355	[mu,kappa]: [(59.20532,49.48566),1.70314]
	1325.63706	   0.06628	[mu,kappa]: [(48.20176,24.95128),8.43179]
	1067.60479	   0.05338	[mu,kappa]: [(64.01215,54.78724),1.46562]
	1071.64464	   0.05358	[mu,kappa]: [(57.03183,46.57959),1.86692]
	1422.33100	   0.07111	[mu,kappa]: [(48.30919,22.20725),15.44369]
	1202.62315	   0.06013	[mu,kappa]: [(82.64603,69.54920),1.10041]
	1026.58479	   0.05133	[mu,kappa]: [(52.56840,39.76115),2.45469]
	1130.73030	   0.05654	[mu,kappa]: [(89.92589,74.85716),1.05506]
	1143.11832	   0.05716	[mu,kappa]: [(89.29412,74.36418),1.05761]
	1137.73860	   0.05689	[mu,kappa]: [(71.02719,61.14408),1.26549]
	1145.24367	   0.05726	[mu,kappa]: [(79.45107,67.36066),1.13237]
	1174.64508	   0.05873	[mu,kappa]: [(98.73074,80.52480),1.03884]
			msglen: 134008.90713 bits.
Iteration #: 4
	2626.25170	   0.13128	[mu,kappa]: [(48.75728,18.88208),79.94122]
	1171.42904	   0.05857	[mu,kappa]: [(49.30927,20.75512),29.10107]
	 655.05271	   0.03276	[mu,kappa]: [(51.18522,57.01163),2.19356]
	1631.67275	   0.08157	[mu,kappa]: [(49.18073,19.35736),57.01991]
	 705.22985	   0.03527	[mu,kappa]: [(47.43292,32.25303),5.51728]
	 662.71050	   0.03315	[mu,kappa]: [(64.72615,77.30589),1.47742]
	1701.41924	   0.08506	[mu,kappa]: [(49.21612,19.43146),54.42159]
	 701.44781	   0.03508	[mu,kappa]: [(82.27971,91.83705),1.27491]
	 647.05681	   0.03236	[mu,kappa]: [(57.48785,68.42265),1.71297]
	3077.77291	   0.15385	[mu,kappa]: [(48.53530,18.72090),91.44687]
	 977.10594	   0.04886	[mu,kappa]: [(122.37687,117.49984),1.70047]
	 611.52579	   0.03059	[mu,kappa]: [(48.16929,46.45784),2.91498]
	 992.53280	   0.04963	[mu,kappa]: [(129.04468,122.60193),1.99766]
	 996.53219	   0.04983	[mu,kappa]: [(128.55838,122.20083),1.96991]
	 814.45972	   0.04073	[mu,kappa]: [(103.28185,105.19432),1.33242]
	 899.83944	   0.04500	[mu,kappa]: [(118.48164,114.81226),1.58424]
	1127.96079	   0.05640	[mu,kappa]: [(134.68499,127.22176),2.40010]
			msglen: 103088.17380 bits.
Iteration #: 5
	3379.32637	   0.16892	[mu,kappa]: [(47.96049,18.22909),132.48760]
	1018.91304	   0.05095	[mu,kappa]: [(51.06931,20.48851),43.26312]
	 378.22207	   0.01893	[mu,kappa]: [(56.12681,86.30566),2.52218]
	1819.38644	   0.09096	[mu,kappa]: [(48.50962,18.64542),94.66840]
	 353.92570	   0.01771	[mu,kappa]: [(59.50752,32.62114),7.67299]
	 435.42835	   0.02179	[mu,kappa]: [(70.02546,107.50133),2.18131]
	1861.20710	   0.09305	[mu,kappa]: [(48.60959,18.72508),89.88375]
	 496.80837	   0.02485	[mu,kappa]: [(85.93879,116.44669),2.04858]
	 404.27626	   0.02023	[mu,kappa]: [(62.93139,100.22257),2.30222]
	4192.68831	   0.20957	[mu,kappa]: [(47.79822,18.12489),148.35621]
	 853.29466	   0.04267	[mu,kappa]: [(129.07865,131.17919),2.91409]
	 322.13786	   0.01613	[mu,kappa]: [(53.77183,66.01056),2.94283]
	 946.78248	   0.04734	[mu,kappa]: [(137.50195,134.84081),3.76712]
	 942.91107	   0.04715	[mu,kappa]: [(136.88677,134.54100),3.67729]
	 626.17091	   0.03132	[mu,kappa]: [(106.60339,123.66196),2.15519]
	 758.10786	   0.03791	[mu,kappa]: [(124.23292,129.38734),2.64008]
	1210.41315	   0.06052	[mu,kappa]: [(144.25805,138.61281),5.43573]
			msglen: 96392.12785 bits.
Iteration #: 6
	3452.72974	   0.17259	[mu,kappa]: [(47.61613,18.02289),149.39925]
	1030.11162	   0.05151	[mu,kappa]: [(53.88239,21.62129),39.18852]
	 408.35456	   0.02043	[mu,kappa]: [(57.07647,102.73713),3.39696]
	1773.73035	   0.08867	[mu,kappa]: [(48.20663,18.46149),106.89179]
	 465.97049	   0.02331	[mu,kappa]: [(69.25574,28.73381),17.50402]
	 488.94086	   0.02446	[mu,kappa]: [(62.39034,115.40064),3.70536]
	1802.19388	   0.09010	[mu,kappa]: [(48.34180,18.56147),100.90906]
	 509.69416	   0.02550	[mu,kappa]: [(69.21684,119.08712),3.24373]
	 457.95545	   0.02291	[mu,kappa]: [(59.93864,111.98362),3.70741]
	4347.78772	   0.21732	[mu,kappa]: [(47.47470,17.93503),165.71815]
	 678.26972	   0.03392	[mu,kappa]: [(130.61164,132.74416),3.26918]
	 312.17114	   0.01563	[mu,kappa]: [(55.85925,78.28508),3.06695]
	 838.15460	   0.04191	[mu,kappa]: [(146.44199,140.14325),6.86106]
	 822.14166	   0.04111	[mu,kappa]: [(145.51674,139.53272),6.31063]
	 549.34518	   0.02748	[mu,kappa]: [(87.09403,123.13687),2.55882]
	 601.03097	   0.03006	[mu,kappa]: [(119.70703,129.65270),2.71895]
	1461.41788	   0.07306	[mu,kappa]: [(153.41905,146.20079),31.96590]
			msglen: 87662.77067 bits.
Iteration #: 7
	3471.40608	   0.17352	[mu,kappa]: [(47.44959,17.92666),155.04395]
	1044.91841	   0.05225	[mu,kappa]: [(55.82347,22.54213),37.21368]
	 416.70470	   0.02085	[mu,kappa]: [(59.62206,115.13562),5.32756]
	1745.47533	   0.08726	[mu,kappa]: [(48.00784,18.35506),113.76537]
	 693.87354	   0.03470	[mu,kappa]: [(71.71918,27.86306),25.64891]
	 557.84863	   0.02791	[mu,kappa]: [(62.54625,119.16847),7.41796]
	1765.32880	   0.08825	[mu,kappa]: [(48.14306,18.46103),107.70462]
	 538.55959	   0.02694	[mu,kappa]: [(62.49803,120.58197),6.32548]
	 514.74682	   0.02575	[mu,kappa]: [(61.92725,118.25399),7.02522]
	4391.41611	   0.21950	[mu,kappa]: [(47.32048,17.85096),170.57021]
	 245.76238	   0.01231	[mu,kappa]: [(112.21980,128.95363),2.68521]
	 254.98761	   0.01277	[mu,kappa]: [(54.46299,95.87057),3.29540]
	 378.80351	   0.01896	[mu,kappa]: [(153.62726,146.43154),39.64927]
	 344.21526	   0.01723	[mu,kappa]: [(152.84955,145.57349),25.86734]
	 443.39449	   0.02219	[mu,kappa]: [(63.96027,122.43807),4.40887]
	 273.58008	   0.01370	[mu,kappa]: [(85.85215,125.27109),2.71851]
	2918.97867	   0.14591	[mu,kappa]: [(154.88158,147.92051),255.84248]
			msglen: 76159.91870 bits.
Iteration #: 8
	3491.10223	   0.17451	[mu,kappa]: [(47.38492,17.88952),155.50894]
	1021.60800	   0.05108	[mu,kappa]: [(56.46173,23.21511),36.05591]
	 374.11175	   0.01872	[mu,kappa]: [(62.31809,119.47023),7.62162]
	1743.33924	   0.08715	[mu,kappa]: [(47.90513,18.31023),116.95290]
	 816.31825	   0.04082	[mu,kappa]: [(72.27187,28.12051),27.28648]
	 605.74261	   0.03030	[mu,kappa]: [(66.90303,118.15276),22.22869]
	1759.22502	   0.08795	[mu,kappa]: [(48.03073,18.41863),111.23333]
	 530.87573	   0.02656	[mu,kappa]: [(65.54970,119.32041),13.27849]
	 537.62524	   0.02689	[mu,kappa]: [(66.47484,118.08706),18.81009]
	4418.31422	   0.22085	[mu,kappa]: [(47.26201,17.82167),170.02645]
	  96.50849	   0.00485	[mu,kappa]: [(56.24615,136.48795),2.36272]
	 204.71063	   0.01026	[mu,kappa]: [(41.79270,120.42093),2.63216]
	 219.04834	   0.01097	[mu,kappa]: [(154.47036,147.66677),123.15947]
	 144.53059	   0.00725	[mu,kappa]: [(154.41580,147.66854),115.03008]
	 391.48145	   0.01959	[mu,kappa]: [(57.62457,126.50188),4.83924]
	 186.95441	   0.00937	[mu,kappa]: [(48.59849,139.21009),2.87766]
	3458.50380	   0.17288	[mu,kappa]: [(154.90860,147.92943),278.00000]
			msglen: 73001.49033 bits.
Iteration #: 9
	3504.10169	   0.17516	[mu,kappa]: [(47.37908,17.87590),154.64807]
	 992.75917	   0.04964	[mu,kappa]: [(56.68409,23.80934),34.89188]
	 249.44133	   0.01249	[mu,kappa]: [(66.75510,117.12799),18.56507]
	1746.55821	   0.08732	[mu,kappa]: [(47.87648,18.29150),118.79444]
	 864.03729	   0.04321	[mu,kappa]: [(72.21850,28.54872),26.56759]
	 817.26885	   0.04087	[mu,kappa]: [(68.31820,117.78427),48.14631]
	1760.50612	   0.08801	[mu,kappa]: [(47.99442,18.40134),113.46352]
	 520.37430	   0.02603	[mu,kappa]: [(68.13547,117.91922),37.77651]
	 659.02225	   0.03296	[mu,kappa]: [(68.24415,117.69944),44.47273]
	4431.79532	   0.22152	[mu,kappa]: [(47.25758,17.81393),168.21478]
	  76.08724	   0.00383	[mu,kappa]: [(32.71224,192.89007),3.01700]
	 164.74921	   0.00826	[mu,kappa]: [(27.17111,189.06124),2.77851]
	 213.67234	   0.01070	[mu,kappa]: [(154.46565,147.79422),142.05680]
	 139.68660	   0.00701	[mu,kappa]: [(154.42447,147.82756),135.63931]
	 220.92632	   0.01107	[mu,kappa]: [(54.33381,127.56991),4.25183]
	 161.79708	   0.00811	[mu,kappa]: [(34.01951,198.56427),3.55521]
	3477.21670	   0.17381	[mu,kappa]: [(154.90475,147.91163),270.92903]
			msglen: 71085.80229 bits.
Iteration #: 10
	3514.54026	   0.17568	[mu,kappa]: [(47.38907,17.86880),153.59598]
	 969.32196	   0.04847	[mu,kappa]: [(56.85025,24.31310),33.60785]
	 232.48976	   0.01164	[mu,kappa]: [(67.62165,116.99678),25.75099]
	1750.74417	   0.08753	[mu,kappa]: [(47.87217,18.27788),120.15529]
	 891.64217	   0.04459	[mu,kappa]: [(71.99579,28.79713),25.41525]
	 889.76337	   0.04449	[mu,kappa]: [(68.41130,117.89151),51.46087]
	1763.46527	   0.08816	[mu,kappa]: [(47.98446,18.38792),115.18201]
	 555.31253	   0.02778	[mu,kappa]: [(68.32438,117.98099),41.94232]
	 713.38329	   0.03568	[mu,kappa]: [(68.36749,117.80867),48.01792]
	4441.38921	   0.22200	[mu,kappa]: [(47.26721,17.81214),166.31413]
	  62.44612	   0.00315	[mu,kappa]: [(39.40763,222.41143),7.32328]
	 124.97566	   0.00627	[mu,kappa]: [(36.73077,220.95523),5.56844]
	 211.30441	   0.01059	[mu,kappa]: [(154.45570,147.88306),153.61136]
	 137.74084	   0.00691	[mu,kappa]: [(154.42032,147.93272),147.86183]
	 107.65236	   0.00541	[mu,kappa]: [(55.35240,119.71215),4.44450]
	 151.32036	   0.00759	[mu,kappa]: [(41.57911,224.79067),11.68249]
	3482.50824	   0.17408	[mu,kappa]: [(154.90438,147.90159),266.40717]
			msglen: 70473.46612 bits.
Iteration #: 11
	3523.77743	   0.17614	[mu,kappa]: [(47.39935,17.86486),152.56963]
	 948.53772	   0.04743	[mu,kappa]: [(57.01808,24.66267),32.36704]
	 238.35602	   0.01194	[mu,kappa]: [(67.63792,116.93754),26.84206]
	1755.00341	   0.08774	[mu,kappa]: [(47.87104,18.26545),121.21217]
	 906.89149	   0.04535	[mu,kappa]: [(71.71345,28.75063),24.56129]
	 906.94154	   0.04535	[mu,kappa]: [(68.33756,117.98991),49.68944]
	1766.83051	   0.08833	[mu,kappa]: [(47.97863,18.37464),116.55007]
	 569.83573	   0.02850	[mu,kappa]: [(68.27038,118.06421),40.77039]
	 728.87031	   0.03645	[mu,kappa]: [(68.30025,117.90308),46.40329]
	4449.74451	   0.22242	[mu,kappa]: [(47.27678,17.81323),164.54508]
	  48.82255	   0.00247	[mu,kappa]: [(44.49230,228.31528),70.77739]
	  75.29161	   0.00379	[mu,kappa]: [(43.31126,227.04475),25.75694]
	 209.80365	   0.01051	[mu,kappa]: [(154.44547,147.95316),162.08037]
	 136.60066	   0.00685	[mu,kappa]: [(154.41356,148.01430),156.55007]
	  63.53207	   0.00320	[mu,kappa]: [(60.50327,110.95062),6.77707]
	 185.64297	   0.00930	[mu,kappa]: [(44.90399,228.90527),195.40974]
	3485.51783	   0.17423	[mu,kappa]: [(154.90472,147.89448),263.73064]
			msglen: 69510.39591 bits.
Iteration #: 12
	3530.70342	   0.17649	[mu,kappa]: [(47.40942,17.86565),151.76063]
	 926.77349	   0.04634	[mu,kappa]: [(57.22768,24.95251),31.48502]
	 239.93713	   0.01202	[mu,kappa]: [(67.62126,116.95474),27.54966]
	1758.01510	   0.08789	[mu,kappa]: [(47.87265,18.25862),122.25016]
	 915.40023	   0.04578	[mu,kappa]: [(71.45174,28.64056),24.14432]
	 910.56126	   0.04553	[mu,kappa]: [(68.29806,118.05028),48.64900]
	1769.06913	   0.08844	[mu,kappa]: [(47.97648,18.36679),117.86686]
	 574.27913	   0.02873	[mu,kappa]: [(68.24621,118.11654),40.08171]
	 732.78577	   0.03665	[mu,kappa]: [(68.26689,117.96209),45.44677]
	4455.82708	   0.22272	[mu,kappa]: [(47.28581,17.81833),163.07280]
	  40.94198	   0.00207	[mu,kappa]: [(44.93973,228.72251),152.87169]
	  30.92044	   0.00157	[mu,kappa]: [(44.89186,228.48257),120.35226]
	 208.79582	   0.01046	[mu,kappa]: [(154.43547,148.00902),168.64015]
	 135.88237	   0.00682	[mu,kappa]: [(154.40589,148.07927),163.10208]
	  47.67026	   0.00241	[mu,kappa]: [(62.66723,109.79177),10.00684]
	 235.12263	   0.01178	[mu,kappa]: [(44.93068,229.07524),263.95563]
	3487.31476	   0.17432	[mu,kappa]: [(154.90533,147.88854),261.97529]
			msglen: 69395.47659 bits.
Iteration #: 13
	3537.06517	   0.17680	[mu,kappa]: [(47.41728,17.86761),151.04314]
	 905.60004	   0.04529	[mu,kappa]: [(57.45807,25.21917),30.79408]
	 240.15712	   0.01203	[mu,kappa]: [(67.61996,116.95281),28.11326]
	1760.81840	   0.08803	[mu,kappa]: [(47.87391,18.25392),123.18618]
	 921.79819	   0.04610	[mu,kappa]: [(71.24078,28.54381),23.87747]
	 911.41958	   0.04558	[mu,kappa]: [(68.28433,118.07576),48.08766]
	1771.22405	   0.08855	[mu,kappa]: [(47.97463,18.36111),119.05498]
	 575.89551	   0.02881	[mu,kappa]: [(68.24918,118.13079),39.73435]
	 734.01585	   0.03671	[mu,kappa]: [(68.26031,117.98577),44.92746]
	4461.59574	   0.22301	[mu,kappa]: [(47.29248,17.82406),161.75823]
	  41.06752	   0.00208	[mu,kappa]: [(45.01691,228.62260),155.27266]
	  30.43821	   0.00155	[mu,kappa]: [(44.99686,228.31723),129.92268]
	 208.11055	   0.01043	[mu,kappa]: [(154.42586,148.05542),173.88589]
	 135.42583	   0.00679	[mu,kappa]: [(154.39798,148.13359),168.21125]
	  41.41217	   0.00209	[mu,kappa]: [(63.52778,110.32475),12.65108]
	 235.49282	   0.01179	[mu,kappa]: [(44.90402,229.11366),257.74774]
	3488.46325	   0.17437	[mu,kappa]: [(154.90605,147.88362),260.72697]
			msglen: 69386.38220 bits.
Iteration #: 14
	3543.06918	   0.17710	[mu,kappa]: [(47.42372,17.86982),150.38273]
	 885.48984	   0.04428	[mu,kappa]: [(57.69960,25.45891),30.23721]
	 240.21401	   0.01203	[mu,kappa]: [(67.60730,116.93075),28.50184]
	1763.56970	   0.08817	[mu,kappa]: [(47.87528,18.25027),124.00736]
	 926.31015	   0.04632	[mu,kappa]: [(71.06819,28.44999),23.69303]
	 911.73442	   0.04559	[mu,kappa]: [(68.27567,118.08701),47.73707]
	1773.44110	   0.08866	[mu,kappa]: [(47.97342,18.35653),120.10372]
	 576.73126	   0.02885	[mu,kappa]: [(68.25509,118.12756),39.51113]
	 734.60903	   0.03674	[mu,kappa]: [(68.25848,117.99438),44.59134]
	4467.19375	   0.22329	[mu,kappa]: [(47.29760,17.82960),160.55934]
	  41.11165	   0.00208	[mu,kappa]: [(45.07580,228.53926),157.35801]
	  30.16206	   0.00153	[mu,kappa]: [(45.06007,228.20397),136.18646]
	 207.64362	   0.01040	[mu,kappa]: [(154.41671,148.09498),178.18174]
	 135.14117	   0.00678	[mu,kappa]: [(154.39011,148.18042),172.29284]
	  38.63775	   0.00196	[mu,kappa]: [(63.92772,110.80591),14.49811]
	 235.72613	   0.01181	[mu,kappa]: [(44.88594,229.14206),254.00837]
	3489.21518	   0.17441	[mu,kappa]: [(154.90679,147.87941),259.79159]
			msglen: 69381.14114 bits.
Iteration #: 15
	3548.68793	   0.17738	[mu,kappa]: [(47.42915,17.87228),149.77332]
	 866.85999	   0.04335	[mu,kappa]: [(57.94485,25.67843),29.77518]
	 240.20997	   0.01203	[mu,kappa]: [(67.58753,116.90215),28.78116]
	1766.23893	   0.08830	[mu,kappa]: [(47.87683,18.24771),124.72454]
	 929.51979	   0.04648	[mu,kappa]: [(70.92399,28.36089),23.55923]
	 911.89501	   0.04560	[mu,kappa]: [(68.26958,118.09493),47.51568]
	1775.67070	   0.08877	[mu,kappa]: [(47.97278,18.35314),121.02560]
	 577.21007	   0.02887	[mu,kappa]: [(68.26198,118.11938),39.36217]
	 734.95155	   0.03676	[mu,kappa]: [(68.25896,117.99923),44.36645]
	4472.54014	   0.22356	[mu,kappa]: [(47.30160,17.83497),159.46395]
	  41.13002	   0.00208	[mu,kappa]: [(45.12176,228.47042),159.07950]
	  29.99141	   0.00152	[mu,kappa]: [(45.10116,228.12116),140.46219]
	 207.32943	   0.01039	[mu,kappa]: [(154.40803,148.12936),181.76590]
	 134.97434	   0.00677	[mu,kappa]: [(154.38244,148.22170),175.61484]
	  37.21595	   0.00188	[mu,kappa]: [(64.13887,111.13945),15.72016]
	 235.87853	   0.01181	[mu,kappa]: [(44.87299,229.16420),251.64680]
	3489.69622	   0.17444	[mu,kappa]: [(154.90753,147.87574),259.06617]
			msglen: 69377.49675 bits.
Iteration #: 16
	3553.88568	   0.17764	[mu,kappa]: [(47.43385,17.87483),149.21484]
	 849.88156	   0.04250	[mu,kappa]: [(58.18842,25.88316),29.38083]
	 240.17481	   0.01203	[mu,kappa]: [(67.56421,116.87197),28.99303]
	1768.77623	   0.08843	[mu,kappa]: [(47.87857,18.24602),125.35406]
	 931.80501	   0.04660	[mu,kappa]: [(70.80018,28.27762),23.45674]
	 912.00927	   0.04561	[mu,kappa]: [(68.26503,118.10227),47.37602]
	1777.84304	   0.08888	[mu,kappa]: [(47.97266,18.35071),121.83890]
	 577.49815	   0.02889	[mu,kappa]: [(68.26946,118.10983),39.25979]
	 735.17497	   0.03677	[mu,kappa]: [(68.26087,118.00326),44.21154]
	4477.56302	   0.22381	[mu,kappa]: [(47.30479,17.84006),158.46635]
	  41.14354	   0.00208	[mu,kappa]: [(45.15833,228.41325),160.44918]
	  29.88375	   0.00152	[mu,kappa]: [(45.12886,228.05780),143.43536]
	 207.12620	   0.01038	[mu,kappa]: [(154.39983,148.15968),184.80011]
	 134.89179	   0.00677	[mu,kappa]: [(154.37502,148.25872),178.35761]
	  36.38828	   0.00184	[mu,kappa]: [(64.26430,111.38193),16.53383]
	 235.97270	   0.01182	[mu,kappa]: [(44.86335,229.18196),250.09461]
	3489.98201	   0.17445	[mu,kappa]: [(154.90826,147.87246),258.48936]
			msglen: 69374.69345 bits.
Iteration #: 17
	3558.64729	   0.17788	[mu,kappa]: [(47.43799,17.87733),148.70660]
	 834.56430	   0.04174	[mu,kappa]: [(58.42692,26.07612),29.03726]
	 240.12878	   0.01203	[mu,kappa]: [(67.53912,116.84175),29.15884]
	1771.14790	   0.08854	[mu,kappa]: [(47.88050,18.24495),125.91105]
	 933.41027	   0.04668	[mu,kappa]: [(70.69107,28.19963),23.37416]
	 912.10480	   0.04561	[mu,kappa]: [(68.26138,118.10960),47.28765]
	1779.90813	   0.08898	[mu,kappa]: [(47.97298,18.34899),122.56087]
	 577.67541	   0.02890	[mu,kappa]: [(68.27731,118.09985),39.18533]
	 735.33130	   0.03678	[mu,kappa]: [(68.26364,118.00709),44.09993]
	4482.22006	   0.22404	[mu,kappa]: [(47.30737,17.84478),157.56058]
	  41.15900	   0.00208	[mu,kappa]: [(45.18791,228.36545),161.52335]
	  29.81571	   0.00152	[mu,kappa]: [(45.14774,228.00779),145.52998]
	 207.00621	   0.01037	[mu,kappa]: [(154.39207,148.18676),187.39849]
	 134.87162	   0.00677	[mu,kappa]: [(154.36791,148.29238),180.64755]
	  35.86180	   0.00182	[mu,kappa]: [(64.34581,111.57150),17.08448]
	 236.02529	   0.01182	[mu,kappa]: [(44.85600,229.19652),249.05076]
	3490.12217	   0.17446	[mu,kappa]: [(154.90897,147.86950),258.02192]
			msglen: 69372.42930 bits.
Iteration #: 18
	3562.97854	   0.17810	[mu,kappa]: [(47.44168,17.87972),148.24630]
	 820.83246	   0.04105	[mu,kappa]: [(58.65829,26.25901),28.73406]
	 240.08191	   0.01202	[mu,kappa]: [(67.51320,116.81204),29.29142]
	1773.33885	   0.08865	[mu,kappa]: [(47.88258,18.24432),126.40785]
	 934.50763	   0.04673	[mu,kappa]: [(70.59282,28.12592),23.30485]
	 912.19079	   0.04562	[mu,kappa]: [(68.25820,118.11697),47.23245]
	1781.83841	   0.08908	[mu,kappa]: [(47.97366,18.34780),123.20597]
	 577.78409	   0.02890	[mu,kappa]: [(68.28542,118.08973),39.12791]
	 735.44579	   0.03678	[mu,kappa]: [(68.26693,118.01083),44.01585]
	4486.49653	   0.22425	[mu,kappa]: [(47.30944,17.84910),156.73950]
	  41.17832	   0.00208	[mu,kappa]: [(45.21219,228.32527),162.36114]
	  29.77354	   0.00151	[mu,kappa]: [(45.16051,227.96743),147.02009]
	 206.95037	   0.01037	[mu,kappa]: [(154.38474,148.21117),189.64443]
	 134.89894	   0.00677	[mu,kappa]: [(154.36109,148.32331),182.57646]
	  35.50501	   0.00180	[mu,kappa]: [(64.40263,111.72902),17.46243]
	 236.04813	   0.01182	[mu,kappa]: [(44.85029,229.20863),248.34011]
	3490.15069	   0.17446	[mu,kappa]: [(154.90966,147.86680),257.63746]
			msglen: 69370.55432 bits.
Iteration #: 19
	3566.89949	   0.17829	[mu,kappa]: [(47.44498,17.88196),147.83054]
	 808.56873	   0.04044	[mu,kappa]: [(58.88128,26.43287),28.46461]
	 240.03835	   0.01202	[mu,kappa]: [(67.48697,116.78306),29.39927]
	1775.34733	   0.08875	[mu,kappa]: [(47.88476,18.24402),126.85425]
	 935.22329	   0.04677	[mu,kappa]: [(70.50288,28.05562),23.24480]
	 912.27142	   0.04562	[mu,kappa]: [(68.25525,118.12435),47.19961]
	1783.62268	   0.08917	[mu,kappa]: [(47.97463,18.34700),123.78593]
	 577.84811	   0.02891	[mu,kappa]: [(68.29372,118.07959),39.08130]
	 735.53248	   0.03679	[mu,kappa]: [(68.27054,118.01446),43.94994]
	4490.39720	   0.22445	[mu,kappa]: [(47.31110,17.85302),155.99544]
	  41.20173	   0.00208	[mu,kappa]: [(45.23235,228.29133),163.01390]
	  29.74873	   0.00151	[mu,kappa]: [(45.16886,227.93430),148.08853]
	 206.94502	   0.01037	[mu,kappa]: [(154.37779,148.23337),191.60064]
	 134.96322	   0.00677	[mu,kappa]: [(154.35458,148.35201),184.21293]
	  35.25094	   0.00179	[mu,kappa]: [(64.44459,111.86613),17.72465]
	 236.04954	   0.01182	[mu,kappa]: [(44.84581,229.21882),247.85408]
	3490.09176	   0.17446	[mu,kappa]: [(154.91033,147.86431),257.31754]
			msglen: 69368.97929 bits.
Iteration #: 20
	3570.43820	   0.17847	[mu,kappa]: [(47.44794,17.88403),147.45549]
	 797.63925	   0.03989	[mu,kappa]: [(59.09516,26.59840),28.22437]
	 239.99955	   0.01202	[mu,kappa]: [(67.46075,116.75492),29.48829]
	1777.17976	   0.08885	[mu,kappa]: [(47.88703,18.24394),127.25800]
	 935.65136	   0.04679	[mu,kappa]: [(70.41955,27.98809),23.19152]
	 912.34901	   0.04562	[mu,kappa]: [(68.25237,118.13171),47.18236]
	1785.26018	   0.08925	[mu,kappa]: [(47.97582,18.34648),124.31028]
	 577.88185	   0.02891	[mu,kappa]: [(68.30220,118.06946),39.04179]
	 735.59986	   0.03679	[mu,kappa]: [(68.27436,118.01796),43.89646]
	4493.93884	   0.22463	[mu,kappa]: [(47.31239,17.85657),155.32076]
	  41.22881	   0.00209	[mu,kappa]: [(45.24928,228.26256),163.52350]
	  29.73576	   0.00151	[mu,kappa]: [(45.17395,227.90672),148.86006]
	 206.98016	   0.01037	[mu,kappa]: [(154.37121,148.25369),193.31542]
	 135.05678	   0.00677	[mu,kappa]: [(154.34836,148.37883),185.60949]
	  35.06215	   0.00178	[mu,kappa]: [(64.47720,111.98961),17.90806]
	 236.03543	   0.01182	[mu,kappa]: [(44.84227,229.22746),247.52227]
	3489.96306	   0.17445	[mu,kappa]: [(154.91097,147.86200),257.04882]
			msglen: 69367.64401 bits.
Iteration #: 21
	3573.62629	   0.17863	[mu,kappa]: [(47.45061,17.88595),147.11721]
	 787.90784	   0.03940	[mu,kappa]: [(59.29952,26.75613),28.00996]
	 239.96577	   0.01202	[mu,kappa]: [(67.43471,116.72764),29.56266]
	1778.84710	   0.08893	[mu,kappa]: [(47.88933,18.24403),127.62531]
	 935.86267	   0.04680	[mu,kappa]: [(70.34168,27.92290),23.14338]
	 912.42502	   0.04563	[mu,kappa]: [(68.24946,118.13904),47.17635]
	1786.75635	   0.08932	[mu,kappa]: [(47.97717,18.34617),124.78677]
	 577.89444	   0.02891	[mu,kappa]: [(68.31085,118.05938),39.00710]
	 735.65338	   0.03679	[mu,kappa]: [(68.27832,118.02133),43.85171]
	4497.14483	   0.22479	[mu,kappa]: [(47.31337,17.85977),154.70824]
	  41.25901	   0.00209	[mu,kappa]: [(45.26362,228.23813),163.92307]
	  29.73099	   0.00151	[mu,kappa]: [(45.17658,227.88351),149.42114]
	 207.04826	   0.01037	[mu,kappa]: [(154.36496,148.27241),194.82674]
	 135.17389	   0.00678	[mu,kappa]: [(154.34242,148.40405),186.80718]
	  34.91630	   0.00177	[mu,kappa]: [(64.50369,112.10354),18.03715]
	 236.00999	   0.01182	[mu,kappa]: [(44.83947,229.23484),247.29756]
	3489.77785	   0.17444	[mu,kappa]: [(154.91160,147.85983),256.82138]
			msglen: 69366.50450 bits.
Iteration #: 22
	3576.49613	   0.17877	[mu,kappa]: [(47.45301,17.88771),146.81195]
	 779.24379	   0.03897	[mu,kappa]: [(59.49421,26.90650),27.81872]
	 239.93679	   0.01202	[mu,kappa]: [(67.40896,116.70124),29.62546]
	1780.36245	   0.08901	[mu,kappa]: [(47.89166,18.24423),127.96118]
	 935.91091	   0.04680	[mu,kappa]: [(70.26847,27.85975),23.09927]
	 912.50043	   0.04563	[mu,kappa]: [(68.24645,118.14630),47.17865]
	1788.12002	   0.08939	[mu,kappa]: [(47.97865,18.34602),125.22180]
	 577.89187	   0.02891	[mu,kappa]: [(68.31966,118.04936),38.97576]
	 735.69665	   0.03679	[mu,kappa]: [(68.28235,118.02456),43.81322]
	4500.04159	   0.22493	[mu,kappa]: [(47.31406,17.86265),154.15123]
	  41.29178	   0.00209	[mu,kappa]: [(45.27589,228.21735),164.23844]
	  29.73196	   0.00151	[mu,kappa]: [(45.17733,227.86375),149.83237]
	 207.14352	   0.01038	[mu,kappa]: [(154.35901,148.28975),196.16498]
	 135.31017	   0.00679	[mu,kappa]: [(154.33675,148.42790),187.83859]
	  34.79937	   0.00176	[mu,kappa]: [(64.52603,112.21044),18.12849]
	 235.97625	   0.01182	[mu,kappa]: [(44.83723,229.24119),247.14771]
	3489.54631	   0.17443	[mu,kappa]: [(154.91220,147.85779),256.62772]
			msglen: 69365.52691 bits.
