Iteration #: 0
	10606.00000	   0.05016	[mu,kappa]: [(36.06346,65.86922),2.06956]
	10621.00000	   0.05023	[mu,kappa]: [(37.04875,66.15749),2.08544]
	10613.00000	   0.05020	[mu,kappa]: [(36.95984,65.67566),2.07776]
	10413.00000	   0.04925	[mu,kappa]: [(37.11343,67.68667),2.15034]
	10470.00000	   0.04952	[mu,kappa]: [(36.14483,66.02072),2.11025]
	10529.00000	   0.04980	[mu,kappa]: [(36.75529,66.75311),2.12627]
	10621.00000	   0.05023	[mu,kappa]: [(37.75528,66.81258),2.10619]
	10498.00000	   0.04965	[mu,kappa]: [(36.42114,65.35183),2.09239]
	10553.00000	   0.04991	[mu,kappa]: [(37.23003,66.79451),2.08653]
	10662.00000	   0.05043	[mu,kappa]: [(36.59111,65.91818),2.11047]
	10423.00000	   0.04930	[mu,kappa]: [(36.69318,66.56057),2.09192]
	10704.00000	   0.05063	[mu,kappa]: [(37.15888,66.87128),2.11126]
	10593.00000	   0.05010	[mu,kappa]: [(37.37693,66.04157),2.09201]
	10556.00000	   0.04993	[mu,kappa]: [(37.37521,66.32535),2.11144]
	10636.00000	   0.05031	[mu,kappa]: [(37.12681,65.98613),2.08896]
	10558.00000	   0.04994	[mu,kappa]: [(37.51209,66.14327),2.08220]
	10609.00000	   0.05018	[mu,kappa]: [(37.03856,66.29936),2.08829]
	10669.00000	   0.05046	[mu,kappa]: [(37.02219,66.17383),2.08617]
	10502.00000	   0.04967	[mu,kappa]: [(37.23510,65.94146),2.08612]
	10592.00000	   0.05010	[mu,kappa]: [(37.13993,65.60815),2.08363]
			msglen: -nan bits.
Iteration #: 1
	10605.96920	   0.05016	[mu,kappa]: [(36.57920,65.10398),2.02175]
	10620.72397	   0.05023	[mu,kappa]: [(37.03089,65.89759),2.06555]
	10613.31136	   0.05020	[mu,kappa]: [(36.97723,65.39863),2.03587]
	10418.67460	   0.04928	[mu,kappa]: [(37.05516,68.38650),2.27193]
	10469.07887	   0.04952	[mu,kappa]: [(36.56153,66.37283),2.12988]
	10530.22788	   0.04981	[mu,kappa]: [(36.86568,67.27511),2.18678]
	10620.21494	   0.05023	[mu,kappa]: [(37.35926,66.91983),2.13098]
	10497.22667	   0.04965	[mu,kappa]: [(36.67722,65.55935),2.06832]
	10552.34785	   0.04991	[mu,kappa]: [(37.14837,66.29449),2.08125]
	10661.50286	   0.05043	[mu,kappa]: [(36.76186,66.39933),2.12704]
	10422.37457	   0.04930	[mu,kappa]: [(36.87523,66.23752),2.09213]
	10704.04090	   0.05063	[mu,kappa]: [(37.07837,67.00077),2.14816]
	10592.41961	   0.05010	[mu,kappa]: [(37.16640,66.07171),2.07870]
	10555.71644	   0.04993	[mu,kappa]: [(37.14751,66.75620),2.13572]
	10635.63188	   0.05030	[mu,kappa]: [(37.05155,65.91808),2.07065]
	10557.63099	   0.04993	[mu,kappa]: [(37.25486,65.86691),2.05490]
	10608.59916	   0.05018	[mu,kappa]: [(37.02866,66.05290),2.07598]
	10668.69215	   0.05046	[mu,kappa]: [(37.01796,65.92286),2.06787]
	10501.71042	   0.04967	[mu,kappa]: [(37.10546,65.82917),2.06189]
	10591.90568	   0.05010	[mu,kappa]: [(37.04695,65.56138),2.04872]
			msglen: 4829982.53829 bits.
Iteration #: 2
	10610.59457	   0.05019	[mu,kappa]: [(36.89574,63.24715),1.88682]
	10616.61046	   0.05021	[mu,kappa]: [(37.04436,65.18036),2.01068]
	10614.35862	   0.05020	[mu,kappa]: [(37.06522,63.96107),1.92601]
	10465.76897	   0.04950	[mu,kappa]: [(37.00699,71.27084),2.64013]
	10465.13101	   0.04950	[mu,kappa]: [(36.74637,67.15660),2.19008]
	10539.03585	   0.04985	[mu,kappa]: [(36.88698,69.01774),2.36559]
	10616.82936	   0.05021	[mu,kappa]: [(37.14161,67.57675),2.20274]
	10493.05162	   0.04963	[mu,kappa]: [(36.85159,65.01708),2.01197]
	10546.89028	   0.04988	[mu,kappa]: [(37.08909,65.87691),2.05884]
	10657.32246	   0.05041	[mu,kappa]: [(36.84312,67.12709),2.18257]
	10416.75892	   0.04927	[mu,kappa]: [(36.93786,66.11346),2.08683]
	10703.45210	   0.05062	[mu,kappa]: [(36.99839,68.00709),2.25204]
	10587.17332	   0.05007	[mu,kappa]: [(37.09057,65.68584),2.04746]
	10552.91602	   0.04991	[mu,kappa]: [(37.02962,67.58607),2.21256]
	10631.03139	   0.05028	[mu,kappa]: [(37.04436,65.34756),2.02405]
	10554.76980	   0.04992	[mu,kappa]: [(37.17435,64.87597),1.98210]
	10603.53247	   0.05015	[mu,kappa]: [(37.02985,65.57478),2.04063]
	10664.31409	   0.05044	[mu,kappa]: [(37.03455,65.26179),2.01718]
	10498.09361	   0.04965	[mu,kappa]: [(37.08445,65.04417),1.99966]
	10590.36507	   0.05009	[mu,kappa]: [(37.07372,64.47727),1.96114]
			msglen: 4828798.40702 bits.
Iteration #: 3
	10645.41329	   0.05035	[mu,kappa]: [(37.59782,56.77415),1.54818]
	10581.31759	   0.05005	[mu,kappa]: [(37.12384,63.10112),1.87099]
	10619.41274	   0.05023	[mu,kappa]: [(37.45222,59.08585),1.64790]
	10853.32319	   0.05133	[mu,kappa]: [(37.31825,77.06489),4.04383]
	10435.93056	   0.04936	[mu,kappa]: [(36.80063,69.07264),2.38463]
	10614.70471	   0.05020	[mu,kappa]: [(36.97104,73.10329),2.96333]
	10592.53320	   0.05010	[mu,kappa]: [(36.99326,69.59353),2.42960]
	10458.16919	   0.04946	[mu,kappa]: [(37.01680,63.01162),1.87174]
	10501.96310	   0.04967	[mu,kappa]: [(37.05220,65.05888),2.00480]
	10625.26273	   0.05025	[mu,kappa]: [(36.84606,68.90314),2.36270]
	10370.83922	   0.04905	[mu,kappa]: [(36.93840,65.98228),2.08212]
	10701.59870	   0.05062	[mu,kappa]: [(36.94116,70.76800),2.58371]
	10543.63200	   0.04987	[mu,kappa]: [(37.06926,64.60298),1.97210]
	10532.42587	   0.04982	[mu,kappa]: [(36.94024,69.79242),2.45812]
	10592.06250	   0.05010	[mu,kappa]: [(37.09157,63.64961),1.90715]
	10529.58202	   0.04980	[mu,kappa]: [(37.27583,61.92682),1.79540]
	10561.10426	   0.04995	[mu,kappa]: [(37.05113,64.31530),1.95297]
	10627.00309	   0.05026	[mu,kappa]: [(37.10281,63.36814),1.88856]
	10466.67811	   0.04950	[mu,kappa]: [(37.17379,62.64408),1.84132]
	10575.04392	   0.05002	[mu,kappa]: [(37.29637,60.86215),1.73869]
			msglen: 4819568.16088 bits.
Iteration #: 4
	10839.83075	   0.05127	[mu,kappa]: [(45.86722,27.72992),0.88415]
	10284.16865	   0.04864	[mu,kappa]: [(37.43343,56.84611),1.57880]
	10599.35751	   0.05013	[mu,kappa]: [(41.23467,39.37175),1.07306]
	13923.29772	   0.06585	[mu,kappa]: [(38.53107,83.33658),12.59071]
	10247.19085	   0.04847	[mu,kappa]: [(36.82150,73.46993),3.10614]
	11267.80697	   0.05329	[mu,kappa]: [(37.58491,79.67602),5.70098]
	10446.69023	   0.04941	[mu,kappa]: [(36.95830,74.27865),3.27419]
	10164.52549	   0.04808	[mu,kappa]: [(37.36839,56.78924),1.57949]
	10149.69079	   0.04801	[mu,kappa]: [(36.87901,63.34514),1.92608]
	10413.09649	   0.04925	[mu,kappa]: [(36.81727,73.09633),3.02927]
	10020.70520	   0.04740	[mu,kappa]: [(36.72572,66.15173),2.14049]
	10740.38276	   0.05080	[mu,kappa]: [(37.12397,76.36943),3.87972]
	10197.50108	   0.04823	[mu,kappa]: [(36.96273,61.95562),1.83811]
	10417.54797	   0.04927	[mu,kappa]: [(36.96871,74.69816),3.37973]
	10271.82589	   0.04858	[mu,kappa]: [(37.21367,58.82209),1.66932]
	10299.49156	   0.04871	[mu,kappa]: [(38.17595,52.10800),1.39735]
	10220.77647	   0.04834	[mu,kappa]: [(37.00959,61.07326),1.78747]
	10316.77544	   0.04880	[mu,kappa]: [(37.31637,57.82697),1.62248]
	10195.36390	   0.04822	[mu,kappa]: [(37.67573,55.09015),1.50628]
	10411.97428	   0.04925	[mu,kappa]: [(38.98353,47.74056),1.26710]
			msglen: 4759128.11251 bits.
Iteration #: 5
	11580.61759	   0.05477	[mu,kappa]: [(116.53800,320.00633),1.12858]
	8519.31032	   0.04029	[mu,kappa]: [(40.33761,33.52588),1.10483]
	10210.96410	   0.04830	[mu,kappa]: [(97.43167,334.15480),0.78658]
	32093.52390	   0.15179	[mu,kappa]: [(39.76895,85.94843),37.25439]
	9280.98621	   0.04390	[mu,kappa]: [(37.07314,79.11278),6.11174]
	15024.52114	   0.07106	[mu,kappa]: [(38.88577,84.36497),18.00184]
	9725.06849	   0.04600	[mu,kappa]: [(37.33018,79.99645),6.94037]
	8420.13145	   0.03983	[mu,kappa]: [(40.28214,33.48838),1.10584]
	8162.71033	   0.03861	[mu,kappa]: [(35.70187,58.44959),1.86624]
	9316.52105	   0.04407	[mu,kappa]: [(36.97186,78.65312),5.74999]
	8083.11354	   0.03823	[mu,kappa]: [(35.56697,66.24808),2.43157]
	11047.98335	   0.05225	[mu,kappa]: [(37.94558,82.02680),10.05138]
	8225.91622	   0.03891	[mu,kappa]: [(36.05042,53.92561),1.65485]
	9868.16452	   0.04667	[mu,kappa]: [(37.44795,80.45113),7.47144]
	8403.04696	   0.03974	[mu,kappa]: [(37.96162,42.04347),1.28309]
	8854.33116	   0.04188	[mu,kappa]: [(51.45279,12.12142),0.81537]
	8269.71921	   0.03911	[mu,kappa]: [(36.39534,50.83636),1.53841]
	8490.81956	   0.04016	[mu,kappa]: [(39.01803,37.83581),1.18873]
	8554.73284	   0.04046	[mu,kappa]: [(43.48773,25.56741),0.97597]
	9295.81807	   0.04397	[mu,kappa]: [(67.63497,355.26418),0.70527]
			msglen: 4598060.43985 bits.
Iteration #: 6
	14162.39190	   0.06698	[mu,kappa]: [(131.89409,302.96563),3.25344]
	5660.59702	   0.02677	[mu,kappa]: [(61.79191,347.07119),0.93035]
	10158.79240	   0.04805	[mu,kappa]: [(125.97614,307.29507),2.24669]
	58605.59415	   0.27718	[mu,kappa]: [(40.47912,86.36952),61.16807]
	7978.21945	   0.03774	[mu,kappa]: [(37.21771,81.68551),10.40750]
	20419.54987	   0.09658	[mu,kappa]: [(39.49439,85.88081),30.23436]
	8823.25264	   0.04173	[mu,kappa]: [(37.61726,82.63202),11.85265]
	5594.24501	   0.02646	[mu,kappa]: [(61.68935,347.07301),0.93128]
	4975.79334	   0.02354	[mu,kappa]: [(32.34028,45.32195),1.98563]
	7805.27469	   0.03692	[mu,kappa]: [(37.02239,81.16786),9.77029]
	5034.68326	   0.02381	[mu,kappa]: [(32.59753,62.76030),3.10392]
	11736.57315	   0.05551	[mu,kappa]: [(38.46865,84.51719),17.16911]
	5044.50773	   0.02386	[mu,kappa]: [(33.85532,33.45295),1.61327]
	9238.21814	   0.04369	[mu,kappa]: [(37.80592,83.09868),12.76837]
	5369.57319	   0.02540	[mu,kappa]: [(46.25637,3.14619),1.07413]
	6583.56806	   0.03114	[mu,kappa]: [(98.38713,324.55272),1.08228]
	5112.78748	   0.02418	[mu,kappa]: [(35.82588,25.11287),1.42396]
	5528.18616	   0.02615	[mu,kappa]: [(53.48084,354.51991),0.98302]
	5914.31469	   0.02797	[mu,kappa]: [(77.40612,336.42927),0.92145]
	7681.87770	   0.03633	[mu,kappa]: [(114.19051,315.25581),1.46251]
			msglen: 4509918.30079 bits.
Iteration #: 7
	17061.62273	   0.08070	[mu,kappa]: [(137.02490,300.48848),5.41584]
	4383.54728	   0.02073	[mu,kappa]: [(64.16023,335.65609),1.19691]
	10462.19844	   0.04948	[mu,kappa]: [(131.39127,302.77629),3.62299]
	66589.70481	   0.31494	[mu,kappa]: [(40.97484,86.33476),73.79775]
	7906.69055	   0.03740	[mu,kappa]: [(36.77566,82.67712),10.83409]
	21267.24211	   0.10059	[mu,kappa]: [(39.53808,86.31926),32.51460]
	8791.58844	   0.04158	[mu,kappa]: [(37.22482,83.73900),12.29889]
	4332.34185	   0.02049	[mu,kappa]: [(64.04590,335.67051),1.19803]
	4069.72488	   0.01925	[mu,kappa]: [(29.54254,39.65276),2.59331]
	7713.89083	   0.03649	[mu,kappa]: [(36.55310,82.07254),10.19628]
	4440.80171	   0.02101	[mu,kappa]: [(30.70796,59.70813),3.89388]
	11869.62261	   0.05614	[mu,kappa]: [(38.18467,85.57140),17.83370]
	4010.43296	   0.01897	[mu,kappa]: [(30.88097,25.82891),2.10505]
	9232.91362	   0.04367	[mu,kappa]: [(37.43424,84.23774),13.23786]
	4141.26452	   0.01959	[mu,kappa]: [(45.34399,351.80621),1.37295]
	5406.40868	   0.02557	[mu,kappa]: [(104.64485,315.60451),1.54258]
	4011.11300	   0.01897	[mu,kappa]: [(33.00167,16.15594),1.84923]
	4263.81848	   0.02017	[mu,kappa]: [(54.12854,342.94541),1.25516]
	4651.42770	   0.02200	[mu,kappa]: [(82.30387,325.81427),1.22673]
	6821.64480	   0.03227	[mu,kappa]: [(120.15111,308.26925),2.21286]
			msglen: 4492434.24796 bits.
Iteration #: 8
	19229.31278	   0.09095	[mu,kappa]: [(141.09312,300.51788),7.10510]
	3835.87049	   0.01814	[mu,kappa]: [(56.00636,333.36260),1.49500]
	10490.60712	   0.04962	[mu,kappa]: [(134.49647,301.08846),4.74117]
	67565.55562	   0.31955	[mu,kappa]: [(41.34410,86.22063),82.73404]
	8203.60810	   0.03880	[mu,kappa]: [(36.73915,82.98954),10.28156]
	20899.38922	   0.09885	[mu,kappa]: [(39.30349,86.51434),31.75895]
	9062.64273	   0.04286	[mu,kappa]: [(37.08026,84.22921),11.66349]
	3791.90318	   0.01794	[mu,kappa]: [(55.90239,333.37754),1.49697]
	4109.90647	   0.01944	[mu,kappa]: [(28.37384,38.34443),3.12476]
	8028.16962	   0.03797	[mu,kappa]: [(36.57143,82.27451),9.68454]
	4682.23968	   0.02215	[mu,kappa]: [(30.44177,57.82716),4.25379]
	11999.65719	   0.05675	[mu,kappa]: [(37.78403,86.20074),16.95809]
	3921.79579	   0.01855	[mu,kappa]: [(28.81779,25.10200),2.63655]
	9481.52845	   0.04485	[mu,kappa]: [(37.22317,84.79980),12.55682]
	3754.18306	   0.01776	[mu,kappa]: [(39.37770,350.72020),1.77944]
	4642.39182	   0.02196	[mu,kappa]: [(101.39935,312.01491),1.79423]
	3837.88382	   0.01815	[mu,kappa]: [(30.11019,15.65078),2.35907]
	3790.12201	   0.01793	[mu,kappa]: [(46.79908,341.24722),1.60615]
	3998.63020	   0.01891	[mu,kappa]: [(74.80531,322.72409),1.45791]
	6102.60266	   0.02886	[mu,kappa]: [(120.77109,305.02191),2.69881]
			msglen: 4485208.92786 bits.
Iteration #: 9
	20511.96902	   0.09701	[mu,kappa]: [(144.29675,301.59180),8.09360]
	3594.63313	   0.01700	[mu,kappa]: [(50.49418,330.34709),1.80272]
	10411.85205	   0.04925	[mu,kappa]: [(135.68611,300.26131),5.47368]
	67242.80427	   0.31803	[mu,kappa]: [(41.61583,86.13488),90.35645]
	8445.41201	   0.03995	[mu,kappa]: [(37.39889,83.06712),9.84724]
	20568.39552	   0.09728	[mu,kappa]: [(38.82353,86.69979),30.77688]
	9286.54592	   0.04392	[mu,kappa]: [(37.43028,84.46277),11.20759]
	3554.31299	   0.01681	[mu,kappa]: [(50.40620,330.35442),1.80553]
	4235.75863	   0.02004	[mu,kappa]: [(28.36721,38.72977),3.38189]
	8284.27065	   0.03918	[mu,kappa]: [(37.39131,82.26914),9.26196]
	4903.89687	   0.02320	[mu,kappa]: [(31.64776,57.85948),4.32623]
	12140.22873	   0.05742	[mu,kappa]: [(37.43277,86.66102),16.40258]
	3981.83929	   0.01883	[mu,kappa]: [(27.99541,25.38909),2.94886]
	9690.54395	   0.04583	[mu,kappa]: [(37.39984,85.11008),12.09113]
	3631.67644	   0.01718	[mu,kappa]: [(35.91285,349.09084),2.11674]
	4194.59539	   0.01984	[mu,kappa]: [(95.93399,308.27670),2.07863]
	3850.71899	   0.01821	[mu,kappa]: [(28.66918,15.63763),2.69116]
	3606.21897	   0.01706	[mu,kappa]: [(42.29037,338.83929),1.93096]
	3666.62325	   0.01734	[mu,kappa]: [(68.19353,319.08771),1.73555]
	5625.70393	   0.02661	[mu,kappa]: [(118.37361,302.06704),3.13458]
			msglen: 4481451.58332 bits.
Iteration #: 10
	21146.18696	   0.10001	[mu,kappa]: [(147.03733,303.12287),8.69803]
	3473.24381	   0.01643	[mu,kappa]: [(48.00556,326.35163),2.09451]
	10269.55849	   0.04857	[mu,kappa]: [(135.37485,299.61911),5.88309]
	66572.28748	   0.31486	[mu,kappa]: [(41.82175,86.07892),96.88424]
	8639.95325	   0.04087	[mu,kappa]: [(38.53893,82.97393),9.53866]
	20518.51187	   0.09705	[mu,kappa]: [(38.07304,86.93450),30.13845]
	9465.20202	   0.04477	[mu,kappa]: [(38.06470,84.50796),10.94544]
	3435.00103	   0.01625	[mu,kappa]: [(47.92960,326.34713),2.09820]
	4300.60057	   0.02034	[mu,kappa]: [(29.37753,40.99217),3.46554]
	8494.56368	   0.04018	[mu,kappa]: [(38.80376,82.11436),8.93722]
	5055.58317	   0.02391	[mu,kappa]: [(34.38450,59.51391),4.26574]
	12313.05678	   0.05824	[mu,kappa]: [(37.02349,87.00072),16.27502]
	4006.77245	   0.01895	[mu,kappa]: [(28.01912,27.14184),3.09510]
	9860.89064	   0.04664	[mu,kappa]: [(37.76719,85.23556),11.86458]
	3563.85189	   0.01686	[mu,kappa]: [(34.15622,346.91989),2.36019]
	4004.96084	   0.01894	[mu,kappa]: [(91.10041,304.22671),2.52514]
	3850.16241	   0.01821	[mu,kappa]: [(28.09084,16.59245),2.87050]
	3509.90620	   0.01660	[mu,kappa]: [(40.18020,335.54018),2.19825]
	3509.90640	   0.01660	[mu,kappa]: [(64.75155,314.66240),2.07776]
	5437.80005	   0.02572	[mu,kappa]: [(114.11603,299.15431),3.69768]
			msglen: 4478472.62374 bits.
Iteration #: 11
	21472.39457	   0.10156	[mu,kappa]: [(149.58531,304.93221),9.24069]
	3364.58300	   0.01592	[mu,kappa]: [(46.76814,322.26922),2.40798]
	10071.29125	   0.04763	[mu,kappa]: [(134.09961,298.91963),6.17830]
	65718.77414	   0.31082	[mu,kappa]: [(41.99681,86.03872),102.53427]
	8807.01379	   0.04166	[mu,kappa]: [(39.90529,82.71509),9.29145]
	20778.49536	   0.09827	[mu,kappa]: [(37.05992,87.23848),30.08867]
	9604.73101	   0.04543	[mu,kappa]: [(38.74604,84.40957),10.80805]
	3328.25818	   0.01574	[mu,kappa]: [(46.70105,322.25149),2.41301]
	4322.65674	   0.02045	[mu,kappa]: [(31.35493,44.57770),3.47594]
	8688.47191	   0.04109	[mu,kappa]: [(40.56046,81.78638),8.65045]
	5212.01685	   0.02465	[mu,kappa]: [(38.71766,61.88332),4.15973]
	12512.31246	   0.05918	[mu,kappa]: [(36.45768,87.26577),16.51335]
	3984.74426	   0.01885	[mu,kappa]: [(28.64456,30.32092),3.17214]
	9993.80493	   0.04727	[mu,kappa]: [(38.10958,85.23224),11.80714]
	3473.75794	   0.01643	[mu,kappa]: [(32.90166,344.98026),2.57629]
	3973.44739	   0.01879	[mu,kappa]: [(87.76437,300.48048),3.22726]
	3805.39216	   0.01800	[mu,kappa]: [(27.93293,18.81801),2.98863]
	3406.97904	   0.01612	[mu,kappa]: [(38.90653,332.20355),2.45977]
	3410.37414	   0.01613	[mu,kappa]: [(63.15608,310.29460),2.51115]
	5498.50090	   0.02601	[mu,kappa]: [(109.48228,296.54957),4.60072]
			msglen: 4475065.50485 bits.
Iteration #: 12
	21688.87782	   0.10258	[mu,kappa]: [(151.93547,306.92912),9.85972]
	3231.65797	   0.01529	[mu,kappa]: [(45.50977,318.60465),2.81755]
	9818.62843	   0.04644	[mu,kappa]: [(132.37247,298.17666),6.52404]
	64754.00988	   0.30626	[mu,kappa]: [(42.17144,86.00268),107.61463]
	8928.56570	   0.04223	[mu,kappa]: [(41.32571,82.34712),9.09688]
	21333.06415	   0.10090	[mu,kappa]: [(35.84512,87.61699),30.79657]
	9682.63780	   0.04580	[mu,kappa]: [(39.33582,84.25094),10.77634]
	3197.77534	   0.01513	[mu,kappa]: [(45.45030,318.57491),2.82496]
	4324.05726	   0.02045	[mu,kappa]: [(34.10997,48.52414),3.47193]
	8853.61808	   0.04188	[mu,kappa]: [(42.48899,81.31873),8.39774]
	5429.57974	   0.02568	[mu,kappa]: [(44.60220,64.17408),4.07303]
	12719.61037	   0.06016	[mu,kappa]: [(35.73825,87.51242),17.05222]
	3927.63753	   0.01858	[mu,kappa]: [(29.57468,34.08044),3.24596]
	10067.75761	   0.04762	[mu,kappa]: [(38.31972,85.18669),11.89070]
	3348.60525	   0.01584	[mu,kappa]: [(31.47221,343.20445),2.85223]
	4033.44252	   0.01908	[mu,kappa]: [(85.76930,297.56121),4.26641]
	3722.51010	   0.01761	[mu,kappa]: [(27.82862,21.62651),3.11877]
	3273.12701	   0.01548	[mu,kappa]: [(37.51012,329.09682),2.79980]
	3309.60963	   0.01566	[mu,kappa]: [(61.95449,306.62192),3.08654]
	5783.22779	   0.02735	[mu,kappa]: [(105.75898,294.55738),6.05564]
			msglen: 4470957.21948 bits.
Iteration #: 13
	21874.09675	   0.10346	[mu,kappa]: [(153.85729,308.86525),10.53495]
	3089.38284	   0.01461	[mu,kappa]: [(43.63081,315.60766),3.42535]
	9532.92315	   0.04509	[mu,kappa]: [(130.69585,297.48113),7.01025]
	63737.28305	   0.30145	[mu,kappa]: [(42.36708,85.96244),112.42119]
	8979.14655	   0.04247	[mu,kappa]: [(42.68115,81.96513),8.99026]
	22151.53351	   0.10477	[mu,kappa]: [(34.53038,88.05335),32.40184]
	9681.62118	   0.04579	[mu,kappa]: [(39.79511,84.12330),10.85827]
	3058.59039	   0.01447	[mu,kappa]: [(43.57863,315.57065),3.43696]
	4298.30027	   0.02033	[mu,kappa]: [(37.21392,52.04855),3.49005]
	8962.48792	   0.04239	[mu,kappa]: [(44.44108,80.79817),8.22309]
	5727.07397	   0.02709	[mu,kappa]: [(51.65168,65.92802),4.07893]
	12915.66949	   0.06109	[mu,kappa]: [(34.95556,87.77278),17.78960]
	3834.40545	   0.01814	[mu,kappa]: [(30.33469,37.40139),3.35840]
	10069.84040	   0.04763	[mu,kappa]: [(38.40414,85.17829),12.09866]
	3209.64963	   0.01518	[mu,kappa]: [(29.67141,340.96902),3.29140]
	4122.43371	   0.01950	[mu,kappa]: [(84.82965,295.68567),5.56175]
	3607.20906	   0.01706	[mu,kappa]: [(27.35475,23.85579),3.31614]
	3129.84757	   0.01481	[mu,kappa]: [(35.65054,326.14175),3.33056]
	3195.37765	   0.01511	[mu,kappa]: [(60.28804,304.01470),3.84202]
	6251.12746	   0.02957	[mu,kappa]: [(103.67570,293.30591),8.05500]
			msglen: 4466521.11525 bits.
Iteration #: 14
	22023.47924	   0.10416	[mu,kappa]: [(155.16192,310.40603),11.12997]
	2988.08467	   0.01413	[mu,kappa]: [(41.29312,313.42431),4.34760]
	9287.33998	   0.04393	[mu,kappa]: [(129.40269,296.91441),7.61268]
	62721.44853	   0.29664	[mu,kappa]: [(42.59359,85.91346),117.19065]
	8952.81227	   0.04234	[mu,kappa]: [(43.89937,81.67996),9.01712]
	23176.31952	   0.10962	[mu,kappa]: [(33.23142,88.51175),35.05638]
	9610.56849	   0.04546	[mu,kappa]: [(40.17704,84.10196),11.05408]
	2960.72964	   0.01401	[mu,kappa]: [(41.24780,313.38779),4.36619]
	4219.37277	   0.01996	[mu,kappa]: [(40.20115,54.90730),3.55094]
	8998.50320	   0.04256	[mu,kappa]: [(46.27072,80.34285),8.18352]
	6089.40351	   0.02880	[mu,kappa]: [(59.02972,66.99868),4.24701]
	13071.22173	   0.06182	[mu,kappa]: [(34.23477,88.05329),18.57403]
	3694.22615	   0.01747	[mu,kappa]: [(30.52165,39.82047),3.52929]
	10009.57441	   0.04734	[mu,kappa]: [(38.46157,85.25894),12.39275]
	3098.68661	   0.01466	[mu,kappa]: [(27.78593,337.87407),4.00546]
	4160.16996	   0.01968	[mu,kappa]: [(84.64406,294.65967),6.81003]
	3462.63042	   0.01638	[mu,kappa]: [(26.25222,24.75725),3.61525]
	3028.64213	   0.01433	[mu,kappa]: [(33.60534,323.35690),4.18396]
	3086.40958	   0.01460	[mu,kappa]: [(58.06382,302.50081),4.76709]
	6788.37721	   0.03211	[mu,kappa]: [(103.08759,292.65266),10.19247]
			msglen: 4462206.06344 bits.
Iteration #: 15
	22111.90917	   0.10458	[mu,kappa]: [(155.92578,311.44124),11.53726]
	2961.37960	   0.01401	[mu,kappa]: [(39.10878,312.13366),5.62354]
	9140.80029	   0.04323	[mu,kappa]: [(128.51777,296.52621),8.19155]
	61750.75007	   0.29205	[mu,kappa]: [(42.84692,85.85558),122.09027]
	8871.21340	   0.04196	[mu,kappa]: [(44.93506,81.57961),9.20651]
	24325.99957	   0.11505	[mu,kappa]: [(32.04648,88.94598),38.95195]
	9502.56816	   0.04494	[mu,kappa]: [(40.56632,84.22796),11.34275]
	2937.45393	   0.01390	[mu,kappa]: [(39.06925,312.10514),5.65164]
	4069.72476	   0.01925	[mu,kappa]: [(42.78524,57.25345),3.66581]
	8967.68754	   0.04242	[mu,kappa]: [(47.82701,80.05797),8.31836]
	6475.62272	   0.03063	[mu,kappa]: [(65.64045,67.39979),4.60863]
	13149.67771	   0.06219	[mu,kappa]: [(33.67019,88.35183),19.23007]
	3502.76739	   0.01657	[mu,kappa]: [(30.11799,41.62419),3.76297]
	9913.81532	   0.04689	[mu,kappa]: [(38.60462,85.44965),12.71347]
	3045.87084	   0.01441	[mu,kappa]: [(26.24115,334.57757),5.06828]
	4126.64565	   0.01952	[mu,kappa]: [(84.86908,294.10497),7.82986]
	3293.25176	   0.01558	[mu,kappa]: [(24.68526,24.58522),4.02811]
	3005.70060	   0.01422	[mu,kappa]: [(31.85412,321.18439),5.43656]
	2998.91242	   0.01419	[mu,kappa]: [(55.88916,301.73846),5.80397]
	7276.24909	   0.03442	[mu,kappa]: [(103.24634,292.36024),11.98051]
			msglen: 4458245.41721 bits.
Iteration #: 16
	22147.81378	   0.10475	[mu,kappa]: [(156.35142,312.07385),11.77184]
	2986.70006	   0.01413	[mu,kappa]: [(37.49053,311.68373),7.04927]
	9073.80224	   0.04292	[mu,kappa]: [(127.91655,296.32549),8.60617]
	60851.54643	   0.28780	[mu,kappa]: [(43.11065,85.79273),127.22961]
	8773.69169	   0.04150	[mu,kappa]: [(45.74230,81.68573),9.54645]
	25509.24489	   0.12065	[mu,kappa]: [(31.04411,89.30724),44.28168]
	9399.43422	   0.04446	[mu,kappa]: [(40.99725,84.49467),11.67721]
	2965.84095	   0.01403	[mu,kappa]: [(37.45482,311.66700),7.08611]
	3868.22389	   0.01830	[mu,kappa]: [(44.79834,59.23504),3.83253]
	8896.27428	   0.04208	[mu,kappa]: [(48.97438,79.98515),8.62196]
	6830.41142	   0.03231	[mu,kappa]: [(70.69326,67.22650),5.12013]
	13128.03959	   0.06209	[mu,kappa]: [(33.29042,88.66891),19.58615]
	3283.12471	   0.01553	[mu,kappa]: [(29.38760,43.30991),4.05111]
	9816.21295	   0.04643	[mu,kappa]: [(38.87557,85.74210),12.99270]
	3050.95847	   0.01443	[mu,kappa]: [(25.15001,332.34813),6.42131]
	4088.80995	   0.01934	[mu,kappa]: [(85.16259,293.76180),8.63424]
	3117.46770	   0.01475	[mu,kappa]: [(23.05943,24.18433),4.54041]
	3048.31083	   0.01442	[mu,kappa]: [(30.55415,320.17326),6.94942]
	2930.23046	   0.01386	[mu,kappa]: [(54.48261,301.25327),6.84626]
	7661.86149	   0.03624	[mu,kappa]: [(103.51393,292.26721),13.15936]
			msglen: 4454915.58655 bits.
Iteration #: 17
	22163.43061	   0.10482	[mu,kappa]: [(156.59093,312.43346),11.89547]
	3013.16423	   0.01425	[mu,kappa]: [(36.45037,311.81032),8.25747]
	9042.78995	   0.04277	[mu,kappa]: [(127.50027,296.26915),8.82573]
	60034.81763	   0.28394	[mu,kappa]: [(43.36157,85.73171),132.65559]
	8697.75988	   0.04114	[mu,kappa]: [(46.29878,81.94387),9.98094]
	26619.24689	   0.12590	[mu,kappa]: [(30.26957,89.55613),51.10612]
	9333.38732	   0.04414	[mu,kappa]: [(41.44023,84.85158),11.99544]
	2994.60407	   0.01417	[mu,kappa]: [(36.41571,311.80561),8.29903]
	3661.28886	   0.01732	[mu,kappa]: [(46.13438,60.84234),4.02703]
	8818.48739	   0.04171	[mu,kappa]: [(49.66886,80.08734),9.04122]
	7110.20729	   0.03363	[mu,kappa]: [(74.15905,66.64566),5.67776]
	13013.06628	   0.06155	[mu,kappa]: [(33.06813,89.00908),19.51736]
	3080.59765	   0.01457	[mu,kappa]: [(28.55672,45.00793),4.37146]
	9745.41614	   0.04609	[mu,kappa]: [(39.23652,86.10315),13.17361]
	3097.61842	   0.01465	[mu,kappa]: [(24.34221,331.77812),7.86079]
	4106.45088	   0.01942	[mu,kappa]: [(85.21599,293.52754),9.23630]
	2969.10928	   0.01404	[mu,kappa]: [(21.65561,24.07013),5.11454]
	3113.41158	   0.01473	[mu,kappa]: [(29.56174,320.37037),8.38806]
	2883.56406	   0.01364	[mu,kappa]: [(54.08468,300.69912),7.78746]
	7929.58157	   0.03751	[mu,kappa]: [(103.66411,292.28413),13.73462]
			msglen: 4452331.80360 bits.
Iteration #: 18
	22178.54350	   0.10490	[mu,kappa]: [(156.72350,312.61644),11.95595]
	3013.16584	   0.01425	[mu,kappa]: [(35.81433,312.20879),9.05938]
	9026.57960	   0.04269	[mu,kappa]: [(127.21142,296.29082),8.91047]
	59308.31827	   0.28050	[mu,kappa]: [(43.57710,85.67991),138.29485]
	8663.32233	   0.04098	[mu,kappa]: [(46.63526,82.26545),10.45040]
	27536.28727	   0.13024	[mu,kappa]: [(29.74238,89.68278),59.19308]
	9317.77325	   0.04407	[mu,kappa]: [(41.84793,85.23295),12.25882]
	2996.08297	   0.01417	[mu,kappa]: [(35.77833,312.21519),9.10186]
	3483.27991	   0.01648	[mu,kappa]: [(46.81534,62.07047),4.21918]
	8760.24668	   0.04143	[mu,kappa]: [(49.98439,80.28774),9.51724]
	7301.32676	   0.03453	[mu,kappa]: [(76.48089,65.85283),6.19013]
	12847.31384	   0.06076	[mu,kappa]: [(32.94585,89.38263),19.01570]
	2927.12049	   0.01385	[mu,kappa]: [(27.71266,46.57977),4.70029]
	9717.94711	   0.04596	[mu,kappa]: [(39.61811,86.48964),13.24306]
	3171.49805	   0.01500	[mu,kappa]: [(23.64142,332.60732),9.20553]
	4175.40677	   0.01975	[mu,kappa]: [(84.94188,293.37287),9.62875]
	2872.75416	   0.01359	[mu,kappa]: [(20.53675,24.24149),5.71342]
	3170.01134	   0.01499	[mu,kappa]: [(28.71032,321.42300),9.52885]
	2871.61540	   0.01358	[mu,kappa]: [(54.43748,299.97394),8.61535]
	8089.40646	   0.03826	[mu,kappa]: [(103.74180,292.35425),13.89689]
			msglen: 4450375.39001 bits.
Iteration #: 19
	22194.37181	   0.10497	[mu,kappa]: [(156.79397,312.69407),11.98282]
	2988.61678	   0.01414	[mu,kappa]: [(35.43555,312.67985),9.50642]
	9018.29952	   0.04265	[mu,kappa]: [(127.00411,296.33909),8.92944]
	58668.83653	   0.27748	[mu,kappa]: [(43.74290,85.64223),143.93171]
	8673.73643	   0.04102	[mu,kappa]: [(46.81534,82.57149),10.92570]
	28168.04701	   0.13322	[mu,kappa]: [(29.44377,89.71278),67.99589]
	9351.94099	   0.04423	[mu,kappa]: [(42.18836,85.58184),12.47043]
	2972.44135	   0.01406	[mu,kappa]: [(35.39678,312.69641),9.54775]
	3342.85525	   0.01581	[mu,kappa]: [(46.99638,63.00260),4.39202]
	8734.21993	   0.04131	[mu,kappa]: [(50.04923,80.51221),10.01941]
	7415.56996	   0.03507	[mu,kappa]: [(78.10114,65.01435),6.61712]
	12698.53442	   0.06006	[mu,kappa]: [(32.85303,89.80045),18.21381]
	2826.24185	   0.01337	[mu,kappa]: [(26.89958,47.95026),5.02216]
	9739.52292	   0.04607	[mu,kappa]: [(39.96003,86.86010),13.23532]
	3262.23725	   0.01543	[mu,kappa]: [(22.99368,334.29603),10.39020]
	4260.59518	   0.02015	[mu,kappa]: [(84.45958,293.28516),9.84055]
	2829.09618	   0.01338	[mu,kappa]: [(19.66502,24.58414),6.31190]
	3210.80726	   0.01519	[mu,kappa]: [(27.94163,322.94996),10.36242]
	2898.78573	   0.01371	[mu,kappa]: [(55.13638,299.14915),9.38850]
	8173.24366	   0.03866	[mu,kappa]: [(103.83268,292.44196),13.86252]
			msglen: 4448908.51001 bits.
Iteration #: 20
	22207.75892	   0.10503	[mu,kappa]: [(156.83197,312.71734),11.99398]
	2950.10362	   0.01395	[mu,kappa]: [(35.23652,313.12368),9.72526]
	9013.45742	   0.04263	[mu,kappa]: [(126.84156,296.38718),8.92255]
	58093.87855	   0.27476	[mu,kappa]: [(43.85747,85.61951),149.30728]
	8724.85234	   0.04127	[mu,kappa]: [(46.90222,82.81100),11.40442]
	28487.88454	   0.13474	[mu,kappa]: [(29.32255,89.68749),76.86332]
	9428.92298	   0.04460	[mu,kappa]: [(42.45099,85.85993),12.65478]
	2934.50957	   0.01388	[mu,kappa]: [(35.19438,313.14940),9.76465]
	3235.41524	   0.01530	[mu,kappa]: [(46.87093,63.74252),4.54198]
	8744.42406	   0.04136	[mu,kappa]: [(49.98033,80.70856),10.54279]
	7475.26799	   0.03536	[mu,kappa]: [(79.30176,64.23940),6.95649]
	12627.00150	   0.05972	[mu,kappa]: [(32.72393,90.26181),17.31196]
	2766.31750	   0.01309	[mu,kappa]: [(26.16142,49.14631),5.32877]
	9807.72848	   0.04639	[mu,kappa]: [(40.22701,87.18115),13.19891]
	3359.70862	   0.01589	[mu,kappa]: [(22.41756,336.36678),11.41032]
	4334.87493	   0.02050	[mu,kappa]: [(83.91691,293.25562),9.92185]
	2824.70674	   0.01336	[mu,kappa]: [(18.98585,25.05218),6.89186]
	3237.77691	   0.01532	[mu,kappa]: [(27.26846,324.66456),10.96392]
	2958.89610	   0.01400	[mu,kappa]: [(55.87318,298.33352),10.15377]
	8214.51399	   0.03885	[mu,kappa]: [(103.97277,292.52758),13.77439]
			msglen: 4447823.63017 bits.
Iteration #: 21
	22217.67168	   0.10508	[mu,kappa]: [(156.85506,312.71709),11.99968]
	2906.57493	   0.01375	[mu,kappa]: [(35.17569,313.50343),9.81943]
	9008.36860	   0.04261	[mu,kappa]: [(126.69969,296.42521),8.90538]
	57553.16873	   0.27220	[mu,kappa]: [(43.92949,85.60950),154.25417]
	8810.02879	   0.04167	[mu,kappa]: [(46.94501,82.96463),11.89341]
	28533.47001	   0.13495	[mu,kappa]: [(29.31923,89.64106),85.31966]
	9538.88022	   0.04512	[mu,kappa]: [(42.64270,86.05287),12.83348]
	2891.37742	   0.01368	[mu,kappa]: [(35.13006,313.53718),9.85670]
	3153.72382	   0.01492	[mu,kappa]: [(46.59930,64.36527),4.67051]
	8789.91033	   0.04157	[mu,kappa]: [(49.86073,80.85205),11.09251]
	7501.79762	   0.03548	[mu,kappa]: [(80.23541,63.58256),7.22078]
	12659.18337	   0.05987	[mu,kappa]: [(32.51787,90.75239),16.47777]
	2733.65201	   0.01293	[mu,kappa]: [(25.52842,50.21636),5.61528]
	9913.79676	   0.04689	[mu,kappa]: [(40.41018,87.43617),13.16826]
	3454.13710	   0.01634	[mu,kappa]: [(21.93748,338.48318),12.26961]
	4386.58313	   0.02075	[mu,kappa]: [(83.41084,293.27628),9.91595]
	2844.19783	   0.01345	[mu,kappa]: [(18.45017,25.63444),7.43889]
	3253.64200	   0.01539	[mu,kappa]: [(26.71637,326.37093),11.40230]
	3041.06548	   0.01439	[mu,kappa]: [(56.48305,297.60073),10.91453]
	8236.77017	   0.03896	[mu,kappa]: [(104.15679,292.60105),13.69944]
			msglen: 4447019.61394 bits.
Iteration #: 22
	22224.98190	   0.10512	[mu,kappa]: [(156.87165,312.70854),12.00513]
	2864.08423	   0.01355	[mu,kappa]: [(35.22052,313.81842),9.85359]
	9000.60230	   0.04257	[mu,kappa]: [(126.56587,296.45174),8.88197]
	57022.94836	   0.26969	[mu,kappa]: [(43.97123,85.60883),158.74411]
	8921.56451	   0.04220	[mu,kappa]: [(46.97706,83.03726),12.39793]
	28375.54837	   0.13421	[mu,kappa]: [(29.38493,89.59246),93.17740]
	9670.83315	   0.04574	[mu,kappa]: [(42.77891,86.16786),13.01626]
	2849.16740	   0.01348	[mu,kappa]: [(35.17163,313.85896),9.88885]
	3091.54633	   0.01462	[mu,kappa]: [(46.29002,64.91288),4.77893]
	8866.41753	   0.04194	[mu,kappa]: [(49.74117,80.93989),11.67366]
	7511.27583	   0.03553	[mu,kappa]: [(80.98168,63.05815),7.42478]
	12789.52076	   0.06049	[mu,kappa]: [(32.22479,91.25250),15.80117]
	2717.46409	   0.01285	[mu,kappa]: [(25.00969,51.19035),5.87880]
	10045.69368	   0.04751	[mu,kappa]: [(40.51797,87.62764),13.15729]
	3538.10998	   0.01674	[mu,kappa]: [(21.56067,340.44367),12.97043]
	4414.58810	   0.02088	[mu,kappa]: [(82.98828,293.33826),9.85372]
	2875.53912	   0.01360	[mu,kappa]: [(18.01867,26.31586),7.94346]
	3260.86588	   0.01542	[mu,kappa]: [(26.29760,327.94805),11.72370]
	3133.69056	   0.01482	[mu,kappa]: [(56.91185,296.97867),11.64389]
	8253.55792	   0.03904	[mu,kappa]: [(104.36244,292.65792),13.65830]
			msglen: 4446407.93998 bits.
Iteration #: 23
	22231.27120	   0.10515	[mu,kappa]: [(156.88475,312.69754),12.01238]
	2826.22953	   0.01337	[mu,kappa]: [(35.33953,314.08380),9.86347]
	8988.89656	   0.04252	[mu,kappa]: [(126.43525,296.46870),8.85300]
	56491.02470	   0.26718	[mu,kappa]: [(43.99349,85.61445),162.84517]
	9051.60943	   0.04281	[mu,kappa]: [(47.01780,83.04582),12.91928]
	28085.50632	   0.13283	[mu,kappa]: [(29.48673,89.54889),100.46745]
	9814.40131	   0.04642	[mu,kappa]: [(42.87534,86.22437),13.20290]
	2811.51234	   0.01330	[mu,kappa]: [(35.28778,314.12989),9.89690]
	3044.21172	   0.01440	[mu,kappa]: [(46.00704,65.40565),4.86762]
	8967.91913	   0.04242	[mu,kappa]: [(49.64807,80.98077),12.28875]
	7514.56981	   0.03554	[mu,kappa]: [(81.58303,62.65668),7.58150]
	12997.31189	   0.06147	[mu,kappa]: [(31.85599,91.74427),15.30727]
	2710.46493	   0.01282	[mu,kappa]: [(24.59943,52.07858),6.11843]
	10191.59927	   0.04820	[mu,kappa]: [(40.56499,87.77097),13.16567]
	3607.57089	   0.01706	[mu,kappa]: [(21.27997,342.15241),13.51937]
	4423.01801	   0.02092	[mu,kappa]: [(82.66291,293.43188),9.75749]
	2910.89979	   0.01377	[mu,kappa]: [(17.66310,27.07379),8.40223]
	3261.87596	   0.01543	[mu,kappa]: [(26.00842,329.33487),11.95872]
	3226.75596	   0.01526	[mu,kappa]: [(57.17020,296.46333),12.30868]
	8271.35126	   0.03912	[mu,kappa]: [(104.56625,292.69720),13.64977]
			msglen: 4445922.77373 bits.
Iteration #: 24
	22238.09924	   0.10518	[mu,kappa]: [(156.89480,312.68539),12.02163]
	2794.65114	   0.01322	[mu,kappa]: [(35.50346,314.31622),9.86697]
	8972.87254	   0.04244	[mu,kappa]: [(126.30740,296.47887),8.81903]
	55954.57006	   0.26464	[mu,kappa]: [(44.00386,85.62408),166.65737]
	9193.07110	   0.04348	[mu,kappa]: [(47.07622,83.00954),13.45645]
	27718.59902	   0.13110	[mu,kappa]: [(29.60515,89.51145),107.31992]
	9961.05903	   0.04711	[mu,kappa]: [(42.94386,86.24505),13.38814]
	2780.07398	   0.01315	[mu,kappa]: [(35.44937,314.36676),9.89880]
	3008.39016	   0.01423	[mu,kappa]: [(45.78348,65.85369),4.93667]
	9088.14451	   0.04298	[mu,kappa]: [(49.59177,80.98651),12.93902]
	7518.54187	   0.03556	[mu,kappa]: [(82.06383,62.35851),7.70148]
	13260.48648	   0.06272	[mu,kappa]: [(31.43176,92.21344),14.98690]
	2708.09787	   0.01281	[mu,kappa]: [(24.28560,52.88145),6.33507]
	10342.05226	   0.04892	[mu,kappa]: [(40.56525,87.88619),13.18669]
	3661.47203	   0.01732	[mu,kappa]: [(21.08218,343.58376),13.93036]
	4417.64272	   0.02090	[mu,kappa]: [(82.42926,293.54769),9.64419]
	2945.80259	   0.01393	[mu,kappa]: [(17.36546,27.88520),8.81735]
	3258.91784	   0.01542	[mu,kappa]: [(25.83460,330.51357),12.12965]
	3313.20047	   0.01567	[mu,kappa]: [(57.29543,296.03584),12.88533]
	8292.25509	   0.03922	[mu,kappa]: [(104.75104,292.72017),13.66478]
			msglen: 4445519.90624 bits.
			N: 211428
		21.02616 bpr
Null model msglen: 4986120.20314 bits.	(23.58306 bpr)
