Iteration #: 0
	8818.00000	   0.04171	[mu,kappa]: [(36.94693,66.45392),2.11010]
	8896.00000	   0.04208	[mu,kappa]: [(37.01376,66.67854),2.15214]
	8692.00000	   0.04111	[mu,kappa]: [(37.67002,64.70963),2.05196]
	8869.00000	   0.04195	[mu,kappa]: [(37.08410,66.15547),2.13750]
	8764.00000	   0.04145	[mu,kappa]: [(37.36533,65.40161),2.04421]
	8664.00000	   0.04098	[mu,kappa]: [(37.26065,68.01196),2.14484]
	8689.00000	   0.04110	[mu,kappa]: [(36.52886,65.97851),2.11140]
	8806.00000	   0.04165	[mu,kappa]: [(36.79943,66.77222),2.13099]
	8949.00000	   0.04233	[mu,kappa]: [(37.36103,66.07892),2.08375]
	8819.00000	   0.04171	[mu,kappa]: [(37.41817,66.81153),2.09924]
	8715.00000	   0.04122	[mu,kappa]: [(36.82717,66.37199),2.11816]
	8938.00000	   0.04227	[mu,kappa]: [(37.28201,65.91190),2.11585]
	8857.00000	   0.04189	[mu,kappa]: [(37.14119,66.21994),2.05348]
	8875.00000	   0.04198	[mu,kappa]: [(36.90960,66.75430),2.10927]
	8824.00000	   0.04174	[mu,kappa]: [(36.19905,66.13516),2.07442]
	8827.00000	   0.04175	[mu,kappa]: [(37.19609,66.05904),2.08230]
	8661.00000	   0.04096	[mu,kappa]: [(36.37047,66.52859),2.15457]
	8808.00000	   0.04166	[mu,kappa]: [(36.65810,65.58708),2.06857]
	8882.00000	   0.04201	[mu,kappa]: [(37.18877,67.24253),2.10860]
	8846.00000	   0.04184	[mu,kappa]: [(37.35149,65.87376),2.06390]
	8751.00000	   0.04139	[mu,kappa]: [(36.85648,66.37186),2.11515]
	8700.00000	   0.04115	[mu,kappa]: [(37.02624,66.78842),2.10046]
	8928.00000	   0.04223	[mu,kappa]: [(36.67172,65.09076),2.04348]
	8850.00000	   0.04186	[mu,kappa]: [(36.62745,65.98402),2.05324]
			msglen: -nan bits.
Iteration #: 1
	8816.68948	   0.04170	[mu,kappa]: [(36.95697,66.73012),2.13739]
	8898.74601	   0.04209	[mu,kappa]: [(36.94787,67.93518),2.25465]
	8693.85414	   0.04112	[mu,kappa]: [(37.32574,64.17727),1.94754]
	8869.22930	   0.04195	[mu,kappa]: [(36.96495,67.31725),2.20288]
	8766.67399	   0.04146	[mu,kappa]: [(37.23401,64.29035),1.94424]
	8666.84933	   0.04099	[mu,kappa]: [(37.14385,68.43378),2.26449]
	8687.42075	   0.04109	[mu,kappa]: [(36.73369,66.45256),2.13165]
	8806.29082	   0.04165	[mu,kappa]: [(36.87974,67.41930),2.20042]
	8947.46313	   0.04232	[mu,kappa]: [(37.17515,65.86132),2.05891]
	8817.22789	   0.04170	[mu,kappa]: [(37.21284,66.69019),2.11482]
	8714.04707	   0.04122	[mu,kappa]: [(36.88538,66.88552),2.15723]
	8936.44974	   0.04227	[mu,kappa]: [(37.07195,66.65180),2.13917]
	8857.53417	   0.04189	[mu,kappa]: [(37.14366,65.00633),1.98532]
	8873.70286	   0.04197	[mu,kappa]: [(36.95805,66.85612),2.14188]
	8822.40031	   0.04173	[mu,kappa]: [(36.64771,65.42636),2.04001]
	8825.62215	   0.04174	[mu,kappa]: [(37.09916,65.78373),2.05542]
	8663.59609	   0.04098	[mu,kappa]: [(36.64603,67.82739),2.25954]
	8807.60178	   0.04166	[mu,kappa]: [(36.84596,65.03249),2.01234]
	8880.65067	   0.04200	[mu,kappa]: [(37.11493,67.12861),2.14982]
	8845.84246	   0.04184	[mu,kappa]: [(37.20228,65.16422),2.00373]
	8749.88705	   0.04138	[mu,kappa]: [(36.90309,66.80966),2.14919]
	8698.41718	   0.04114	[mu,kappa]: [(37.02743,66.65279),2.11900]
	8931.12789	   0.04224	[mu,kappa]: [(36.88346,63.96964),1.93902]
	8850.67573	   0.04186	[mu,kappa]: [(36.88589,64.77900),1.98176]
			msglen: 4829731.80458 bits.
Iteration #: 2
	8804.72619	   0.04164	[mu,kappa]: [(36.93036,67.61246),2.22125]
	8920.60999	   0.04219	[mu,kappa]: [(36.92915,70.75805),2.58133]
	8713.38735	   0.04121	[mu,kappa]: [(37.51301,60.09645),1.69262]
	8871.33914	   0.04196	[mu,kappa]: [(36.91586,69.42705),2.41591]
	8787.33002	   0.04156	[mu,kappa]: [(37.48579,60.02103),1.68748]
	8694.00427	   0.04112	[mu,kappa]: [(37.04166,71.17750),2.62330]
	8674.73731	   0.04103	[mu,kappa]: [(36.81867,67.29459),2.20027]
	8807.99054	   0.04166	[mu,kappa]: [(36.88621,69.40866),2.41166]
	8934.13463	   0.04226	[mu,kappa]: [(37.11495,65.01471),1.99652]
	8803.11128	   0.04164	[mu,kappa]: [(37.07437,67.04680),2.15915]
	8705.21865	   0.04117	[mu,kappa]: [(36.88692,68.16793),2.27884]
	8924.41712	   0.04221	[mu,kappa]: [(36.97593,67.63491),2.22388]
	8860.60387	   0.04191	[mu,kappa]: [(37.28155,62.05215),1.79814]
	8862.35942	   0.04192	[mu,kappa]: [(36.93333,67.78761),2.23626]
	8811.93676	   0.04168	[mu,kappa]: [(36.88378,64.08700),1.94212]
	8812.90988	   0.04168	[mu,kappa]: [(37.08258,64.85231),1.98637]
	8686.38165	   0.04108	[mu,kappa]: [(36.79323,70.76981),2.59343]
	8803.23052	   0.04164	[mu,kappa]: [(37.03942,62.97028),1.86530]
	8870.73525	   0.04196	[mu,kappa]: [(37.01194,68.13810),2.26356]
	8843.35458	   0.04183	[mu,kappa]: [(37.25067,62.81661),1.84535]
	8739.66193	   0.04134	[mu,kappa]: [(36.89805,67.93768),2.25513]
	8684.81873	   0.04108	[mu,kappa]: [(36.98103,67.11080),2.17009]
	8955.58979	   0.04236	[mu,kappa]: [(37.31950,59.51635),1.67135]
	8855.41110	   0.04188	[mu,kappa]: [(37.15580,61.72867),1.78645]
			msglen: 4826080.71506 bits.
Iteration #: 3
	8716.02216	   0.04122	[mu,kappa]: [(36.83928,70.09769),2.51676]
	9115.75280	   0.04312	[mu,kappa]: [(37.18565,76.38129),3.82609]
	8846.40676	   0.04184	[mu,kappa]: [(40.57316,42.94793),1.12902]
	8903.57808	   0.04211	[mu,kappa]: [(36.98958,74.03987),3.17772]
	8928.59135	   0.04223	[mu,kappa]: [(40.68868,42.46887),1.11868]
	8932.74274	   0.04225	[mu,kappa]: [(37.28367,76.90998),4.00982]
	8579.37792	   0.04058	[mu,kappa]: [(36.77705,69.50501),2.44896]
	8836.65659	   0.04180	[mu,kappa]: [(36.97450,73.97308),3.16275]
	8822.17444	   0.04173	[mu,kappa]: [(37.09556,62.79803),1.86315]
	8694.54426	   0.04112	[mu,kappa]: [(36.89741,68.50820),2.32739]
	8644.15744	   0.04088	[mu,kappa]: [(36.85193,71.42612),2.70165]
	8835.53905	   0.04179	[mu,kappa]: [(36.85971,70.16649),2.52484]
	8867.41221	   0.04194	[mu,kappa]: [(38.47294,51.74642),1.36533]
	8779.46849	   0.04152	[mu,kappa]: [(36.84869,70.47361),2.56485]
	8720.00017	   0.04124	[mu,kappa]: [(37.15057,60.14430),1.71754]
	8705.13271	   0.04117	[mu,kappa]: [(37.10567,62.33811),1.83561]
	8888.78756	   0.04204	[mu,kappa]: [(37.14528,76.49210),3.87320]
	8754.65671	   0.04141	[mu,kappa]: [(37.67373,55.99386),1.52419]
	8800.96814	   0.04163	[mu,kappa]: [(36.90215,71.15051),2.65468]
	8808.69213	   0.04166	[mu,kappa]: [(37.95663,54.93151),1.47722]
	8666.39307	   0.04099	[mu,kappa]: [(36.84139,70.89621),2.62443]
	8580.43973	   0.04058	[mu,kappa]: [(36.85219,68.77742),2.35942]
	9125.80394	   0.04316	[mu,kappa]: [(41.06334,40.61476),1.08396]
	8874.70158	   0.04198	[mu,kappa]: [(38.55362,50.74452),1.33715]
			msglen: 4799653.07491 bits.
Iteration #: 4
	8236.10593	   0.03895	[mu,kappa]: [(36.74863,75.52707),3.81077]
	10745.08717	   0.05082	[mu,kappa]: [(38.27667,82.71418),11.02746]
	9348.53047	   0.04422	[mu,kappa]: [(92.13227,340.07223),0.70437]
	9351.54676	   0.04423	[mu,kappa]: [(37.66872,80.64322),7.06495]
	9477.19959	   0.04482	[mu,kappa]: [(93.72577,338.95110),0.71389]
	10871.23572	   0.05142	[mu,kappa]: [(38.42122,83.08651),12.16685]
	8038.09592	   0.03802	[mu,kappa]: [(36.61725,74.60056),3.54571]
	9256.73659	   0.04378	[mu,kappa]: [(37.64780,80.57331),6.97873]
	8003.75369	   0.03786	[mu,kappa]: [(36.55409,58.37568),1.73607]
	8038.22076	   0.03802	[mu,kappa]: [(36.48887,72.70345),3.10817]
	8384.87378	   0.03966	[mu,kappa]: [(37.02790,77.51598),4.59659]
	8357.90880	   0.03953	[mu,kappa]: [(36.76924,75.63156),3.84338]
	8636.66240	   0.04085	[mu,kappa]: [(55.25576,10.54077),0.74659]
	8349.57156	   0.03949	[mu,kappa]: [(36.82577,76.10938),4.00591]
	7982.01638	   0.03775	[mu,kappa]: [(37.61063,49.24147),1.38712]
	7905.70384	   0.03739	[mu,kappa]: [(36.67080,56.90793),1.66732]
	10562.89170	   0.04996	[mu,kappa]: [(38.29330,82.80896),11.31225]
	8227.01268	   0.03891	[mu,kappa]: [(42.81571,30.98938),0.98813]
	8477.77018	   0.04010	[mu,kappa]: [(36.98127,77.08366),4.38971]
	8352.95506	   0.03951	[mu,kappa]: [(45.44150,25.50661),0.90613]
	8311.07198	   0.03931	[mu,kappa]: [(36.91139,76.75899),4.25598]
	7958.60713	   0.03764	[mu,kappa]: [(36.51531,73.24312),3.21958]
	9840.98201	   0.04655	[mu,kappa]: [(98.81330,335.22864),0.75367]
	8713.45991	   0.04121	[mu,kappa]: [(58.70712,6.44878),0.71748]
			msglen: 4679557.59187 bits.
Iteration #: 5
	6884.66710	   0.03256	[mu,kappa]: [(36.95477,79.63893),7.99859]
	17189.27009	   0.08130	[mu,kappa]: [(39.56359,85.59805),29.14596]
	9782.98872	   0.04627	[mu,kappa]: [(125.75456,307.68812),2.13650]
	11289.72437	   0.05340	[mu,kappa]: [(38.92636,84.37081),18.29748]
	10028.87829	   0.04743	[mu,kappa]: [(126.18115,307.35279),2.18582]
	18508.51185	   0.08754	[mu,kappa]: [(39.67565,85.75160),32.00876]
	6470.91548	   0.03061	[mu,kappa]: [(36.57266,78.59457),7.07396]
	11089.52996	   0.05245	[mu,kappa]: [(38.90131,84.32002),18.04415]
	5300.80178	   0.02507	[mu,kappa]: [(33.47503,47.05283),1.81356]
	6076.98800	   0.02874	[mu,kappa]: [(35.84574,76.21139),5.57629]
	7787.45052	   0.03683	[mu,kappa]: [(37.75856,81.69766),10.67310]
	7018.53695	   0.03320	[mu,kappa]: [(37.00016,79.75250),8.11257]
	7172.13632	   0.03392	[mu,kappa]: [(107.57715,320.28039),1.17993]
	7171.47327	   0.03392	[mu,kappa]: [(37.19189,80.26842),8.67462]
	5400.83597	   0.02555	[mu,kappa]: [(39.45857,19.69440),1.18029]
	5241.88768	   0.02479	[mu,kappa]: [(33.85875,42.88998),1.67622]
	17171.40802	   0.08121	[mu,kappa]: [(39.58383,85.64071),29.86494]
	6074.26393	   0.02873	[mu,kappa]: [(76.19672,339.11068),0.85522]
	7666.81263	   0.03626	[mu,kappa]: [(37.59206,81.26661),9.98515]
	6358.09746	   0.03007	[mu,kappa]: [(87.51407,332.26299),0.90342]
	7384.25541	   0.03493	[mu,kappa]: [(37.45387,80.94617),9.53004]
	6113.52027	   0.02892	[mu,kappa]: [(36.04656,76.92093),5.95159]
	10825.83684	   0.05120	[mu,kappa]: [(127.49532,306.27913),2.35962]
	7419.20909	   0.03509	[mu,kappa]: [(111.04121,318.01754),1.27534]
			msglen: 4536741.15171 bits.
Iteration #: 6
	5909.91811	   0.02795	[mu,kappa]: [(36.95610,80.55021),9.53897]
	21476.91670	   0.10158	[mu,kappa]: [(40.28066,86.30959),45.68213]
	10135.21422	   0.04794	[mu,kappa]: [(130.10683,303.08460),3.47912]
	11974.16585	   0.05663	[mu,kappa]: [(39.55808,85.79035),26.73031]
	10481.23453	   0.04957	[mu,kappa]: [(130.55267,302.88924),3.56531]
	23949.89775	   0.11327	[mu,kappa]: [(40.40676,86.34760),50.67638]
	5450.07636	   0.02578	[mu,kappa]: [(36.31384,78.87932),8.25301]
	11708.10495	   0.05538	[mu,kappa]: [(39.53052,85.76089),26.28773]
	3929.61293	   0.01859	[mu,kappa]: [(30.21048,28.16910),2.25896]
	4967.50287	   0.02350	[mu,kappa]: [(34.92957,74.77859),6.36789]
	7080.51696	   0.03349	[mu,kappa]: [(38.15649,83.40015),13.66157]
	6039.22804	   0.02856	[mu,kappa]: [(37.02777,80.72442),9.70350]
	6149.15700	   0.02908	[mu,kappa]: [(112.19224,311.08217),1.87699]
	6244.60023	   0.02954	[mu,kappa]: [(37.33373,81.49529),10.53057]
	3990.52427	   0.01888	[mu,kappa]: [(40.76887,355.63519),1.53458]
	3874.52528	   0.01833	[mu,kappa]: [(31.02696,22.41762),2.09975]
	21648.59106	   0.10239	[mu,kappa]: [(40.30659,86.32182),46.93096]
	4737.11965	   0.02241	[mu,kappa]: [(83.21691,323.59871),1.30210]
	6867.31879	   0.03248	[mu,kappa]: [(37.92211,82.86428),12.55611]
	5076.58573	   0.02401	[mu,kappa]: [(93.78462,318.99249),1.41153]
	6549.15993	   0.03098	[mu,kappa]: [(37.72924,82.44527),11.83839]
	5034.86158	   0.02381	[mu,kappa]: [(35.32928,76.02259),6.81677]
	11658.31623	   0.05514	[mu,kappa]: [(131.93806,302.27736),3.86964]
	6494.85098	   0.03072	[mu,kappa]: [(115.46694,309.60654),2.03069]
			msglen: 4502345.52644 bits.
Iteration #: 7
	5596.26123	   0.02647	[mu,kappa]: [(36.77694,80.54735),8.82106]
	22684.18988	   0.10729	[mu,kappa]: [(40.71156,86.36453),57.42348]
	10133.35344	   0.04793	[mu,kappa]: [(134.30143,301.85619),4.44106]
	11593.58233	   0.05483	[mu,kappa]: [(39.68319,86.32981),30.04218]
	10550.07497	   0.04990	[mu,kappa]: [(134.86171,301.72841),4.57941]
	25878.70723	   0.12240	[mu,kappa]: [(40.88509,86.35574),65.05347]
	5234.18823	   0.02476	[mu,kappa]: [(36.01888,78.07206),7.50165]
	11314.61953	   0.05351	[mu,kappa]: [(39.64621,86.32100),29.44810]
	4180.68300	   0.01977	[mu,kappa]: [(27.98813,17.31578),2.79409]
	4932.82375	   0.02333	[mu,kappa]: [(34.26184,71.93923),5.76575]
	6599.83625	   0.03122	[mu,kappa]: [(38.07300,84.36971),13.49606]
	5710.76257	   0.02701	[mu,kappa]: [(36.85904,80.80006),8.99621]
	5569.99426	   0.02635	[mu,kappa]: [(109.25426,309.09121),2.07705]
	5871.00334	   0.02777	[mu,kappa]: [(37.19962,81.89846),9.89508]
	4043.67487	   0.01913	[mu,kappa]: [(36.02127,349.53378),2.11168]
	4096.67724	   0.01938	[mu,kappa]: [(28.68305,12.10591),2.66274]
	22996.20885	   0.10876	[mu,kappa]: [(40.75031,86.36382),59.31535]
	4394.76176	   0.02079	[mu,kappa]: [(71.81151,321.51176),1.57975]
	6408.65814	   0.03031	[mu,kappa]: [(37.83021,83.72217),12.19676]
	4641.94411	   0.02196	[mu,kappa]: [(84.05953,317.02437),1.61959]
	6122.34245	   0.02896	[mu,kappa]: [(37.62529,83.18719),11.36779]
	4952.51809	   0.02343	[mu,kappa]: [(34.78335,73.78507),6.15436]
	12014.41249	   0.05682	[mu,kappa]: [(136.57122,301.36001),5.06567]
	5906.72196	   0.02794	[mu,kappa]: [(114.02014,307.62194),2.26836]
			msglen: 4491327.51988 bits.
Iteration #: 8
	5568.45689	   0.02634	[mu,kappa]: [(37.24444,80.49921),8.15256]
	22906.10549	   0.10834	[mu,kappa]: [(40.98373,86.28097),66.02210]
	10053.13316	   0.04755	[mu,kappa]: [(137.82805,301.45684),5.39378]
	11164.84122	   0.05281	[mu,kappa]: [(39.44290,86.62003),30.72443]
	10545.51158	   0.04988	[mu,kappa]: [(138.51841,301.43607),5.58891]
	26621.45719	   0.12591	[mu,kappa]: [(41.23394,86.25441),76.79471]
	5281.38567	   0.02498	[mu,kappa]: [(36.76187,77.41135),6.86354]
	10892.45568	   0.05152	[mu,kappa]: [(39.39082,86.63122),30.04586]
	4571.02065	   0.02162	[mu,kappa]: [(26.22163,9.50311),3.19902]
	5110.85182	   0.02417	[mu,kappa]: [(35.21348,70.13838),5.29591]
	6415.29638	   0.03034	[mu,kappa]: [(37.87508,85.17879),12.98562]
	5673.82203	   0.02684	[mu,kappa]: [(37.29208,80.81730),8.32802]
	5054.59576	   0.02391	[mu,kappa]: [(104.56525,307.26765),2.22301]
	5793.99020	   0.02740	[mu,kappa]: [(37.45939,82.19924),9.24106]
	4313.98334	   0.02041	[mu,kappa]: [(32.86394,343.59477),2.64909]
	4472.25658	   0.02115	[mu,kappa]: [(26.81966,4.31998),3.10731]
	23325.62144	   0.11032	[mu,kappa]: [(41.04254,86.27502),68.66133]
	4260.48377	   0.02015	[mu,kappa]: [(62.15352,319.11005),1.91896]
	6253.93507	   0.02958	[mu,kappa]: [(37.76040,84.43421),11.62763]
	4384.37925	   0.02074	[mu,kappa]: [(74.24404,314.93841),1.86773]
	5994.12859	   0.02835	[mu,kappa]: [(37.65416,83.79452),10.76417]
	5096.74357	   0.02411	[mu,kappa]: [(35.73678,72.27254),5.63082]
	12324.07556	   0.05829	[mu,kappa]: [(140.59251,301.43415),6.26657]
	5349.46912	   0.02530	[mu,kappa]: [(110.96162,305.84860),2.43559]
			msglen: 4484905.46650 bits.
Iteration #: 9
	5637.54138	   0.02666	[mu,kappa]: [(38.41203,80.43421),7.76445]
	22754.94417	   0.10762	[mu,kappa]: [(41.15519,86.20289),72.18978]
	9948.89296	   0.04706	[mu,kappa]: [(140.17776,301.53359),6.15777]
	10927.82510	   0.05169	[mu,kappa]: [(38.84861,86.89261),30.20627]
	10506.00705	   0.04969	[mu,kappa]: [(141.05977,301.66744),6.39702]
	26879.16434	   0.12713	[mu,kappa]: [(41.51964,86.16628),86.69408]
	5395.26390	   0.02552	[mu,kappa]: [(38.69566,77.03467),6.47218]
	10668.93211	   0.05046	[mu,kappa]: [(38.77629,86.92293),29.51300]
	4784.47256	   0.02263	[mu,kappa]: [(24.94028,3.08379),3.52170]
	5290.01449	   0.02502	[mu,kappa]: [(38.06835,69.75890),5.00034]
	6414.00899	   0.03034	[mu,kappa]: [(37.57198,85.84588),12.77206]
	5738.68041	   0.02714	[mu,kappa]: [(38.37087,80.79620),7.94417]
	4692.67581	   0.02220	[mu,kappa]: [(99.36845,304.78732),2.48778]
	5835.77177	   0.02760	[mu,kappa]: [(38.12297,82.39190),8.89005]
	4507.69665	   0.02132	[mu,kappa]: [(31.60147,336.64691),3.14584]
	4687.35158	   0.02217	[mu,kappa]: [(25.56853,357.38324),3.47381]
	23257.71973	   0.11000	[mu,kappa]: [(41.24393,86.19386),75.67985]
	4211.94919	   0.01992	[mu,kappa]: [(57.42576,315.20740),2.35296]
	6262.72486	   0.02962	[mu,kappa]: [(37.70943,84.99752),11.37599]
	4244.23476	   0.02008	[mu,kappa]: [(68.35381,311.59348),2.24358]
	6011.47126	   0.02843	[mu,kappa]: [(37.80959,84.25631),10.48029]
	5262.38699	   0.02489	[mu,kappa]: [(38.45687,71.81603),5.30389]
	12565.92868	   0.05943	[mu,kappa]: [(143.68042,302.17175),7.23675]
	4942.34127	   0.02338	[mu,kappa]: [(106.72028,303.54587),2.70021]
			msglen: 4480671.55280 bits.
Iteration #: 10
	5729.39161	   0.02710	[mu,kappa]: [(39.90687,80.24708),7.55448]
	22443.66784	   0.10615	[mu,kappa]: [(41.26360,86.14864),76.53791]
	9806.58960	   0.04638	[mu,kappa]: [(141.64336,301.81436),6.65055]
	10926.52233	   0.05168	[mu,kappa]: [(37.89680,87.22533),29.46226]
	10408.94399	   0.04923	[mu,kappa]: [(142.80381,302.14997),6.92435]
	26919.28217	   0.12732	[mu,kappa]: [(41.78846,86.09891),95.56670]
	5532.57084	   0.02617	[mu,kappa]: [(41.46638,76.68160),6.21363]
	10681.77195	   0.05052	[mu,kappa]: [(37.80076,87.27325),28.80517]
	4805.98483	   0.02273	[mu,kappa]: [(23.90725,357.86760),3.87103]
	5483.43078	   0.02594	[mu,kappa]: [(42.59385,70.02472),4.80412]
	6503.74885	   0.03076	[mu,kappa]: [(37.02932,86.37676),12.91956]
	5827.37004	   0.02756	[mu,kappa]: [(39.72562,80.64475),7.74618]
	4508.25102	   0.02132	[mu,kappa]: [(95.34197,301.72590),2.98205]
	5908.39090	   0.02795	[mu,kappa]: [(38.85182,82.43466),8.76854]
	4570.80433	   0.02162	[mu,kappa]: [(31.32098,330.05927),3.70232]
	4720.88866	   0.02233	[mu,kappa]: [(24.65466,351.40564),3.87615]
	23011.82093	   0.10884	[mu,kappa]: [(41.39506,86.13560),80.99653]
	4173.14267	   0.01974	[mu,kappa]: [(56.21465,310.72411),2.88769]
	6339.24749	   0.02998	[mu,kappa]: [(37.47335,85.41411),11.45227]
	4162.17222	   0.01969	[mu,kappa]: [(66.27678,307.57741),2.75873]
	6080.70448	   0.02876	[mu,kappa]: [(37.83743,84.56749),10.49462]
	5449.92242	   0.02578	[mu,kappa]: [(42.67626,71.80539),5.08459]
	12699.52872	   0.06006	[mu,kappa]: [(146.20113,303.31152),7.93125]
	4733.85133	   0.02239	[mu,kappa]: [(102.64458,300.72723),3.19291]
			msglen: 4476816.52766 bits.
Iteration #: 11
	5792.74393	   0.02740	[mu,kappa]: [(41.32239,79.95788),7.47781]
	22054.67240	   0.10431	[mu,kappa]: [(41.34021,86.11012),79.53260]
	9623.88571	   0.04552	[mu,kappa]: [(142.57019,302.13683),6.96950]
	11154.70701	   0.05276	[mu,kappa]: [(36.63909,87.64162),29.07459]
	10258.42083	   0.04852	[mu,kappa]: [(144.09327,302.72466),7.27649]
	26870.80728	   0.12709	[mu,kappa]: [(42.07550,86.03961),104.18415]
	5661.59154	   0.02678	[mu,kappa]: [(44.59697,76.17169),6.04589]
	10921.72967	   0.05166	[mu,kappa]: [(36.51956,87.70452),28.47918]
	4697.48736	   0.02222	[mu,kappa]: [(22.86681,353.64433),4.37697]
	5713.96537	   0.02703	[mu,kappa]: [(48.26489,70.16547),4.70084]
	6636.22490	   0.03139	[mu,kappa]: [(36.21667,86.84887),13.39009]
	5886.89008	   0.02784	[mu,kappa]: [(40.96404,80.39918),7.69002]
	4464.15478	   0.02112	[mu,kappa]: [(93.14397,298.59468),3.83923]
	5957.60630	   0.02818	[mu,kappa]: [(39.33861,82.41731),8.83712]
	4533.94385	   0.02145	[mu,kappa]: [(31.19793,324.91024),4.45802]
	4632.14694	   0.02191	[mu,kappa]: [(23.78060,346.49354),4.45394]
	22675.42425	   0.10725	[mu,kappa]: [(41.52917,86.09038),85.09497]
	4091.91153	   0.01935	[mu,kappa]: [(56.57839,306.75539),3.56364]
	6433.15380	   0.03043	[mu,kappa]: [(36.94913,85.78145),11.81734]
	4076.79282	   0.01928	[mu,kappa]: [(66.37826,303.81999),3.44961]
	6150.94265	   0.02909	[mu,kappa]: [(37.57159,84.83417),10.76937]
	5668.75702	   0.02681	[mu,kappa]: [(47.88009,71.64795),4.95644]
	12768.29881	   0.06039	[mu,kappa]: [(148.45352,304.72131),8.49670]
	4701.74117	   0.02224	[mu,kappa]: [(99.73743,297.81293),4.08304]
			msglen: 4472392.60484 bits.
Iteration #: 12
	5788.73720	   0.02738	[mu,kappa]: [(42.39673,79.72644),7.55574]
	21614.15338	   0.10223	[mu,kappa]: [(41.41135,86.07632),81.48911]
	9394.40772	   0.04443	[mu,kappa]: [(143.18785,302.42210),7.23768]
	11577.50158	   0.05476	[mu,kappa]: [(35.20939,88.12835),29.34066]
	10055.69390	   0.04756	[mu,kappa]: [(145.13450,303.30983),7.57970]
	26806.49147	   0.12678	[mu,kappa]: [(42.40178,85.97781),113.25111]
	5732.16294	   0.02711	[mu,kappa]: [(47.56266,75.56549),6.00274]
	11352.93675	   0.05370	[mu,kappa]: [(35.07137,88.20248),28.81012]
	4549.73265	   0.02152	[mu,kappa]: [(21.79555,350.13848),5.16885]
	5944.84711	   0.02812	[mu,kappa]: [(54.13058,69.90022),4.73791]
	6788.21032	   0.03211	[mu,kappa]: [(35.29621,87.32990),14.07673]
	5880.02812	   0.02781	[mu,kappa]: [(41.85698,80.22375),7.79442]
	4550.92324	   0.02153	[mu,kappa]: [(92.64333,295.99952),5.20942]
	5956.68643	   0.02817	[mu,kappa]: [(39.50709,82.50184),9.09400]
	4470.98482	   0.02115	[mu,kappa]: [(30.75433,321.73255),5.55183]
	4513.70086	   0.02135	[mu,kappa]: [(22.88718,342.66694),5.34881]
	22279.00254	   0.10537	[mu,kappa]: [(41.67273,86.04654),88.29867]
	3948.07847	   0.01867	[mu,kappa]: [(57.19892,303.94618),4.37656]
	6524.68185	   0.03086	[mu,kappa]: [(36.26477,86.19476),12.39174]
	3955.91921	   0.01871	[mu,kappa]: [(67.35208,300.97087),4.31163]
	6203.16997	   0.02934	[mu,kappa]: [(37.09533,85.17490),11.25157]
	5876.54405	   0.02780	[mu,kappa]: [(53.21782,71.16484),4.96469]
	12813.20247	   0.06060	[mu,kappa]: [(150.54127,306.31709),9.07816]
	4850.20295	   0.02294	[mu,kappa]: [(98.33474,295.36717),5.57404]
			msglen: 4467417.04862 bits.
Iteration #: 13
	5719.09824	   0.02705	[mu,kappa]: [(43.14890,79.74464),7.79684]
	21126.60569	   0.09992	[mu,kappa]: [(41.49374,86.03850),82.61426]
	9111.27303	   0.04309	[mu,kappa]: [(143.62989,302.63232),7.52855]
	12121.89710	   0.05733	[mu,kappa]: [(33.78336,88.64117),30.39727]
	9797.41919	   0.04634	[mu,kappa]: [(146.01610,303.84523),7.90752]
	26776.84627	   0.12664	[mu,kappa]: [(42.76699,85.91022),123.40433]
	5717.62534	   0.02704	[mu,kappa]: [(49.99442,75.09169),6.11258]
	11902.31679	   0.05629	[mu,kappa]: [(33.63488,88.72220),29.91861]
	4450.11571	   0.02105	[mu,kappa]: [(20.97348,347.11717),6.28248]
	6116.38131	   0.02893	[mu,kappa]: [(59.20517,69.39751),4.93645]
	6932.54606	   0.03279	[mu,kappa]: [(34.52012,87.83675),14.80766]
	5810.84071	   0.02748	[mu,kappa]: [(42.46214,80.29973),8.06196]
	4759.53556	   0.02251	[mu,kappa]: [(93.40431,294.28723),7.02148]
	5914.38388	   0.02797	[mu,kappa]: [(39.55956,82.80791),9.49848]
	4470.31080	   0.02114	[mu,kappa]: [(30.10164,320.32123),7.04612]
	4456.22843	   0.02108	[mu,kappa]: [(22.23186,339.79672),6.60516]
	21830.53953	   0.10325	[mu,kappa]: [(41.84017,85.99564),90.79943]
	3745.30487	   0.01772	[mu,kappa]: [(57.34636,302.36965),5.24546]
	6601.69994	   0.03122	[mu,kappa]: [(35.69185,86.68354),13.02754]
	3782.71547	   0.01789	[mu,kappa]: [(68.35426,299.19411),5.22153]
	6235.17796	   0.02949	[mu,kappa]: [(36.68303,85.63724),11.82267]
	6017.44511	   0.02846	[mu,kappa]: [(57.82913,70.54538),5.13299]
	12844.22176	   0.06075	[mu,kappa]: [(152.41381,307.96349),9.74450]
	5187.47125	   0.02454	[mu,kappa]: [(98.31326,293.75007),7.64478]
			msglen: 4462618.03058 bits.
Iteration #: 14
	5623.05409	   0.02660	[mu,kappa]: [(43.76035,80.07723),8.16758]
	20597.76844	   0.09742	[mu,kappa]: [(41.58863,85.99154),83.03988]
	8798.74965	   0.04162	[mu,kappa]: [(143.94354,302.76241),7.83205]
	12703.18628	   0.06008	[mu,kappa]: [(32.48736,89.11964),32.32934]
	9506.28246	   0.04496	[mu,kappa]: [(146.74121,304.29236),8.24600]
	26818.91172	   0.12684	[mu,kappa]: [(43.14626,85.84152),135.15337]
	5643.67410	   0.02669	[mu,kappa]: [(51.81353,74.89411),6.35215]
	12485.28510	   0.05905	[mu,kappa]: [(32.33619,89.20332),31.87886]
	4416.89678	   0.02089	[mu,kappa]: [(20.65145,344.50144),7.53625]
	6218.03883	   0.02941	[mu,kappa]: [(63.09450,68.85939),5.24777]
	7038.55692	   0.03329	[mu,kappa]: [(34.04299,88.35326),15.42351]
	5718.42329	   0.02705	[mu,kappa]: [(42.98089,80.67922),8.45331]
	5016.55767	   0.02373	[mu,kappa]: [(94.75283,293.36083),8.80264]
	5859.07679	   0.02771	[mu,kappa]: [(39.74329,83.33384),9.97200]
	4568.55690	   0.02161	[mu,kappa]: [(29.74452,319.80484),8.73086]
	4476.58187	   0.02117	[mu,kappa]: [(22.06131,337.62702),8.01920]
	21336.73055	   0.10091	[mu,kappa]: [(42.02881,85.93377),92.67829]
	3539.17380	   0.01674	[mu,kappa]: [(56.91161,301.58163),6.13252]
	6651.88911	   0.03146	[mu,kappa]: [(35.41760,87.22394),13.57786]
	3583.61078	   0.01695	[mu,kappa]: [(68.86610,298.20328),6.05062]
	6248.50655	   0.02955	[mu,kappa]: [(36.54864,86.19412),12.35117]
	6086.24288	   0.02879	[mu,kappa]: [(61.36288,69.97547),5.41647]
	12860.00419	   0.06082	[mu,kappa]: [(153.98251,309.50501),10.44733]
	5632.24127	   0.02664	[mu,kappa]: [(99.15854,292.88110),9.79039]
			msglen: 4458733.35034 bits.
Iteration #: 15
	5543.16430	   0.02622	[mu,kappa]: [(44.30095,80.62413),8.61435]
	20040.15188	   0.09478	[mu,kappa]: [(41.68962,85.93324),82.87522]
	8507.60154	   0.04024	[mu,kappa]: [(144.10762,302.81742),8.09346]
	13265.59600	   0.06274	[mu,kappa]: [(31.36503,89.50552),35.21985]
	9228.66138	   0.04365	[mu,kappa]: [(147.27495,304.63402),8.53476]
	26948.52285	   0.12745	[mu,kappa]: [(43.50157,85.78176),148.80132]
	5552.96940	   0.02626	[mu,kappa]: [(53.03156,74.91906),6.66710]
	13046.17641	   0.06170	[mu,kappa]: [(31.21625,89.58803),34.76395]
	4406.15078	   0.02084	[mu,kappa]: [(20.71513,342.64110),8.64934]
	6272.32024	   0.02967	[mu,kappa]: [(65.86831,68.28787),5.58486]
	7095.95323	   0.03356	[mu,kappa]: [(33.85728,88.84703),15.80637]
	5644.08301	   0.02670	[mu,kappa]: [(43.48350,81.25755),8.91124]
	5233.34646	   0.02475	[mu,kappa]: [(96.15817,292.93028),10.08595]
	5819.62389	   0.02753	[mu,kappa]: [(40.10796,83.97225),10.43690]
	4702.68256	   0.02224	[mu,kappa]: [(29.81698,319.59297),10.14594]
	4517.98959	   0.02137	[mu,kappa]: [(22.24219,336.24980),9.25742]
	20808.25968	   0.09841	[mu,kappa]: [(42.22718,85.86035),93.95561]
	3409.93376	   0.01613	[mu,kappa]: [(56.28653,301.03758),7.05678]
	6676.94113	   0.03158	[mu,kappa]: [(35.44215,87.76481),13.94005]
	3428.51492	   0.01622	[mu,kappa]: [(68.78066,297.61345),6.77543]
	6253.08808	   0.02958	[mu,kappa]: [(36.70246,86.77538),12.74153]
	6108.25426	   0.02889	[mu,kappa]: [(63.85769,69.43870),5.73162]
	12865.78775	   0.06085	[mu,kappa]: [(155.22425,310.84945),11.08312]
	6052.22690	   0.02863	[mu,kappa]: [(100.33616,292.47407),11.45949]
			msglen: 4455853.65365 bits.
Iteration #: 16
	5501.71881	   0.02602	[mu,kappa]: [(44.74580,81.24193),9.08297]
	19472.68690	   0.09210	[mu,kappa]: [(41.79801,85.86264),82.24829]
	8267.20099	   0.03910	[mu,kappa]: [(144.12307,302.81519),8.28454]
	13771.92430	   0.06514	[mu,kappa]: [(30.42950,89.76493),39.14136]
	8992.04183	   0.04253	[mu,kappa]: [(147.62311,304.88001),8.74454]
	27162.42151	   0.12847	[mu,kappa]: [(43.79834,85.74191),164.34628]
	5470.69752	   0.02588	[mu,kappa]: [(53.69718,75.05861),7.00414]
	13547.57755	   0.06408	[mu,kappa]: [(30.28498,89.84314),38.63161]
	4396.77275	   0.02080	[mu,kappa]: [(20.88171,341.78213),9.50378]
	6294.17913	   0.02977	[mu,kappa]: [(67.78656,67.64122),5.87182]
	7111.07726	   0.03363	[mu,kappa]: [(33.88962,89.29983),15.88085]
	5609.20519	   0.02653	[mu,kappa]: [(43.93490,81.89232),9.37982]
	5382.23320	   0.02546	[mu,kappa]: [(97.41931,292.76203),10.80997]
	5811.86068	   0.02749	[mu,kappa]: [(40.57578,84.60805),10.83467]
	4797.64810	   0.02269	[mu,kappa]: [(30.04768,319.60448),11.04348]
	4545.92760	   0.02150	[mu,kappa]: [(22.47441,335.78225),10.17293]
	20263.17073	   0.09584	[mu,kappa]: [(42.42943,85.77601),94.64312]
	3379.71181	   0.01599	[mu,kappa]: [(55.82500,300.46193),7.98533]
	6687.57009	   0.03163	[mu,kappa]: [(35.68027,88.26893),14.06017]
	3350.83481	   0.01585	[mu,kappa]: [(68.31475,297.18531),7.41465]
	6260.93762	   0.02961	[mu,kappa]: [(37.05268,87.32322),12.94300]
	6100.02110	   0.02885	[mu,kappa]: [(65.52438,68.87488),6.00449]
	12866.40584	   0.06085	[mu,kappa]: [(156.18681,311.97892),11.60234]
	6384.17467	   0.03020	[mu,kappa]: [(101.53732,292.30420),12.53607]
			msglen: 4453634.70266 bits.
Iteration #: 17
	5498.33403	   0.02601	[mu,kappa]: [(45.08110,81.83386),9.54196]
	18923.20623	   0.08950	[mu,kappa]: [(41.92404,85.77820),81.28964]
	8076.02214	   0.03820	[mu,kappa]: [(144.03813,302.78225),8.41393]
	14189.15052	   0.06711	[mu,kappa]: [(29.69624,89.90123),44.11885]
	8797.04913	   0.04161	[mu,kappa]: [(147.83734,305.05593),8.88747]
	27444.22214	   0.12980	[mu,kappa]: [(44.01353,85.72953),181.40093]
	5401.29291	   0.02555	[mu,kappa]: [(53.92212,75.24839),7.33523]
	13955.53741	   0.06600	[mu,kappa]: [(29.55499,89.97327),43.48392]
	4400.71986	   0.02082	[mu,kappa]: [(20.97233,341.79306),10.13917]
	6287.07041	   0.02974	[mu,kappa]: [(69.14928,66.93080),6.07575]
	7097.62932	   0.03357	[mu,kappa]: [(34.07031,89.72968),15.64956]
	5612.85875	   0.02655	[mu,kappa]: [(44.30623,82.49015),9.82810]
	5480.34448	   0.02592	[mu,kappa]: [(98.49552,292.72685),11.14813]
	5835.14586	   0.02760	[mu,kappa]: [(41.06497,85.18013),11.14841]
	4838.69596	   0.02289	[mu,kappa]: [(30.21247,319.84932),11.48476]
	4569.43160	   0.02161	[mu,kappa]: [(22.58457,336.08543),10.81201]
	19731.36481	   0.09332	[mu,kappa]: [(42.63721,85.68019),94.74874]
	3418.33237	   0.01617	[mu,kappa]: [(55.60726,299.83013),8.84956]
	6694.38660	   0.03166	[mu,kappa]: [(36.04594,88.73811),13.95572]
	3335.37260	   0.01578	[mu,kappa]: [(67.72786,296.82882),7.97586]
	6278.58227	   0.02970	[mu,kappa]: [(37.50479,87.82351),12.96817]
	6065.47135	   0.02869	[mu,kappa]: [(66.62663,68.27729),6.20149]
	12863.77279	   0.06084	[mu,kappa]: [(156.93709,312.90764),12.01609]
	6634.00646	   0.03138	[mu,kappa]: [(102.62128,292.25097),13.17103]
			msglen: 4451806.01095 bits.
Iteration #: 18
	5521.80630	   0.02612	[mu,kappa]: [(45.30859,82.34450),9.98332]
	18420.60625	   0.08712	[mu,kappa]: [(42.07964,85.67685),80.10525]
	7922.47948	   0.03747	[mu,kappa]: [(143.90614,302.73786),8.50134]
	14497.00704	   0.06857	[mu,kappa]: [(29.17182,89.94458),50.05507]
	8635.52456	   0.04084	[mu,kappa]: [(147.97152,305.18374),8.98721]
	27762.37430	   0.13130	[mu,kappa]: [(44.13900,85.74659),199.28597]
	5340.05045	   0.02526	[mu,kappa]: [(53.83528,75.45246),7.65534]
	14248.37878	   0.06739	[mu,kappa]: [(29.03005,90.01024),49.19266]
	4429.68594	   0.02095	[mu,kappa]: [(20.93489,342.40373),10.62519]
	6252.89550	   0.02958	[mu,kappa]: [(70.20278,66.19269),6.20103]
	7077.08903	   0.03347	[mu,kappa]: [(34.32240,90.17097),15.19395]
	5643.52191	   0.02669	[mu,kappa]: [(44.58396,82.99987),10.25031]
	5549.87255	   0.02625	[mu,kappa]: [(99.39320,292.76086),11.26967]
	5880.99492	   0.02782	[mu,kappa]: [(41.50804,85.66373),11.39473]
	4844.03167	   0.02291	[mu,kappa]: [(30.24474,320.29158),11.62579]
	4603.81291	   0.02178	[mu,kappa]: [(22.53930,336.91504),11.26309]
	19245.34054	   0.09102	[mu,kappa]: [(42.85534,85.57006),94.27984]
	3489.17964	   0.01650	[mu,kappa]: [(55.56968,299.20560),9.60533]
	6708.54550	   0.03173	[mu,kappa]: [(36.44969,89.19034),13.70082]
	3354.91698	   0.01587	[mu,kappa]: [(67.17326,296.53113),8.45506]
	6309.60928	   0.02984	[mu,kappa]: [(37.96695,88.28218),12.87536]
	6005.79957	   0.02841	[mu,kappa]: [(67.39170,67.66590),6.32407]
	12859.49898	   0.06082	[mu,kappa]: [(157.52794,313.65559),12.35127]
	6824.97794	   0.03228	[mu,kappa]: [(103.53842,292.25472),13.52872]
			msglen: 4450263.25506 bits.
Iteration #: 19
	5560.29617	   0.02630	[mu,kappa]: [(45.43541,82.74556),10.40821]
	17985.37554	   0.08506	[mu,kappa]: [(42.27360,85.55524),78.76954]
	7796.36649	   0.03688	[mu,kappa]: [(143.76350,302.69152),8.56274]
	14692.65464	   0.06949	[mu,kappa]: [(28.84282,89.93226),56.68988]
	8500.01298	   0.04020	[mu,kappa]: [(148.06287,305.27800),9.06232]
	28079.34594	   0.13280	[mu,kappa]: [(44.18129,85.79020),217.26699]
	5282.39887	   0.02499	[mu,kappa]: [(53.54821,75.64809),7.96935]
	14422.05958	   0.06821	[mu,kappa]: [(28.69379,89.99288),55.46051]
	4483.67209	   0.02121	[mu,kappa]: [(20.78149,343.37411),11.00693]
	6196.95031	   0.02931	[mu,kappa]: [(71.11481,65.46710),6.26986]
	7072.09080	   0.03345	[mu,kappa]: [(34.55611,90.64820),14.63135]
	5689.09054	   0.02691	[mu,kappa]: [(44.76299,83.39674),10.65009]
	5605.20996	   0.02651	[mu,kappa]: [(100.13272,292.83059),11.27966]
	5940.06542	   0.02810	[mu,kappa]: [(41.85421,86.04941),11.59753]
	4832.72277	   0.02286	[mu,kappa]: [(30.16899,320.86586),11.59586]
	4653.58070	   0.02201	[mu,kappa]: [(22.37047,338.04734),11.58753]
	18829.08380	   0.08905	[mu,kappa]: [(43.08974,85.44156),93.26462]
	3568.12747	   0.01688	[mu,kappa]: [(55.62740,298.64679),10.24263]
	6739.05923	   0.03187	[mu,kappa]: [(36.79979,89.63615),13.38136]
	3388.64007	   0.01603	[mu,kappa]: [(66.70455,296.30104),8.84746]
	6355.32246	   0.03006	[mu,kappa]: [(38.35405,88.70288),12.72834]
	5925.05035	   0.02802	[mu,kappa]: [(67.98174,67.06689),6.39043]
	12854.93778	   0.06080	[mu,kappa]: [(157.99568,314.24539),12.62822]
	6975.88604	   0.03299	[mu,kappa]: [(104.28590,292.28387),13.71824]
			msglen: 4448972.89205 bits.
Iteration #: 20
	5604.80913	   0.02651	[mu,kappa]: [(45.47577,83.03288),10.81654]
	17625.55450	   0.08336	[mu,kappa]: [(42.50954,85.41185),77.33766]
	7690.55344	   0.03637	[mu,kappa]: [(143.63032,302.64739),8.60842]
	14789.24927	   0.06995	[mu,kappa]: [(28.67863,89.89401),63.67202]
	8385.13539	   0.03966	[mu,kappa]: [(148.13358,305.34877),9.12423]
	28366.59252	   0.13416	[mu,kappa]: [(44.15682,85.85448),234.74107]
	5226.44993	   0.02472	[mu,kappa]: [(53.14848,75.82499),8.28269]
	14489.10945	   0.06853	[mu,kappa]: [(28.51258,89.95205),61.89218]
	4554.99500	   0.02155	[mu,kappa]: [(20.54664,344.53407),11.30653]
	6126.78383	   0.02898	[mu,kappa]: [(71.98373,64.79259),6.30780]
	7096.56073	   0.03357	[mu,kappa]: [(34.69009,91.16675),14.06757]
	5740.26396	   0.02715	[mu,kappa]: [(44.84952,83.67893),11.02918]
	5653.92163	   0.02674	[mu,kappa]: [(100.73794,292.91649),11.23498]
	6004.26773	   0.02840	[mu,kappa]: [(42.07813,86.34024),11.77260]
	4816.25858	   0.02278	[mu,kappa]: [(30.03945,321.50429),11.47932]
	4714.56082	   0.02230	[mu,kappa]: [(22.12678,339.31611),11.81853]
	18493.38664	   0.08747	[mu,kappa]: [(43.34645,85.29150),91.77689]
	3643.20487	   0.01723	[mu,kappa]: [(55.71564,298.18329),10.76999]
	6788.77491	   0.03211	[mu,kappa]: [(37.02473,90.07570),13.06261]
	3424.35102	   0.01620	[mu,kappa]: [(66.32240,296.14365),9.15349]
	6413.58071	   0.03034	[mu,kappa]: [(38.60694,89.08595),12.57206]
	5829.68491	   0.02757	[mu,kappa]: [(68.49947,66.50744),6.42226]
	12850.89815	   0.06078	[mu,kappa]: [(158.36602,314.70229),12.85894]
	7099.05287	   0.03358	[mu,kappa]: [(104.88152,292.32066),13.80438]
			msglen: 4447900.51565 bits.
Iteration #: 21
	5648.70422	   0.02672	[mu,kappa]: [(45.44986,83.22160),11.20320]
	17336.96274	   0.08200	[mu,kappa]: [(42.78586,85.24826),75.86903]
	7600.18940	   0.03595	[mu,kappa]: [(143.51615,302.60763),8.64452]
	14812.23111	   0.07006	[mu,kappa]: [(28.64242,89.84699),70.69939]
	8287.02414	   0.03920	[mu,kappa]: [(148.19611,305.40387),9.17933]
	28612.10739	   0.13532	[mu,kappa]: [(44.08558,85.93238),251.27457]
	5171.80847	   0.02446	[mu,kappa]: [(52.70229,75.98246),8.59671]
	14474.52763	   0.06846	[mu,kappa]: [(28.44628,89.90562),68.12678]
	4633.92969	   0.02192	[mu,kappa]: [(20.26841,345.77468),11.53629]
	6049.64699	   0.02861	[mu,kappa]: [(72.85588,64.19889),6.33653]
	7152.45495	   0.03383	[mu,kappa]: [(34.67516,91.71678),13.57163]
	5790.09525	   0.02739	[mu,kappa]: [(44.85961,83.86296),11.38383]
	5699.57217	   0.02696	[mu,kappa]: [(101.23192,293.00667),11.16559]
	6066.71782	   0.02869	[mu,kappa]: [(42.17932,86.55159),11.92529]
	4800.03262	   0.02270	[mu,kappa]: [(29.90812,322.15271),11.32778]
	4779.52003	   0.02261	[mu,kappa]: [(21.85339,340.61177),11.97534]
	18236.49574	   0.08625	[mu,kappa]: [(43.63016,85.11920),89.95289]
	3709.86270	   0.01755	[mu,kappa]: [(55.79415,297.81918),11.20152]
	6854.24140	   0.03242	[mu,kappa]: [(37.08956,90.50524),12.78115]
	3456.17085	   0.01635	[mu,kappa]: [(66.00900,296.05431),9.37962]
	6479.22657	   0.03065	[mu,kappa]: [(38.70219,89.43410),12.42966]
	5726.32481	   0.02708	[mu,kappa]: [(69.00272,66.00930),6.43825]
	12847.76178	   0.06077	[mu,kappa]: [(158.65849,315.05189),13.05045]
	7202.39154	   0.03407	[mu,kappa]: [(105.34947,292.35542),13.82603]
			msglen: 4446997.62184 bits.
Iteration #: 22
	5686.78382	   0.02690	[mu,kappa]: [(45.37844,83.33742),11.55843]
	17106.28831	   0.08091	[mu,kappa]: [(43.09678,85.06913),74.44079]
	7521.89439	   0.03558	[mu,kappa]: [(143.42443,302.57380),8.67464]
	14792.21845	   0.06996	[mu,kappa]: [(28.70113,89.79795),77.61680]
	8202.77896	   0.03880	[mu,kappa]: [(148.25714,305.44963),9.23096]
	28818.93060	   0.13630	[mu,kappa]: [(43.98646,86.01696),266.54153]
	5118.23938	   0.02421	[mu,kappa]: [(52.25689,76.12414),8.90750]
	14407.85805	   0.06814	[mu,kappa]: [(28.45787,89.86083),73.92066]
	4712.14685	   0.02229	[mu,kappa]: [(19.97957,347.03100),11.70676]
	5971.24893	   0.02824	[mu,kappa]: [(73.74144,63.70181),6.37147]
	7233.73534	   0.03421	[mu,kappa]: [(34.50111,92.28003),13.17626]
	5833.17514	   0.02759	[mu,kappa]: [(44.81266,83.97541),11.70547]
	5743.65423	   0.02717	[mu,kappa]: [(101.63508,293.09431),11.08743]
	6121.81921	   0.02896	[mu,kappa]: [(42.17263,86.70664),12.05395]
	4786.05065	   0.02264	[mu,kappa]: [(29.81215,322.77558),11.17231]
	4841.89455	   0.02290	[mu,kappa]: [(21.58472,341.86918),12.07271]
	18047.66151	   0.08536	[mu,kappa]: [(43.94257,84.92715),87.98223]
	3767.18777	   0.01782	[mu,kappa]: [(55.84236,297.54263),11.55155]
	6928.94724	   0.03277	[mu,kappa]: [(36.99424,90.92142),12.55204]
	3481.98031	   0.01647	[mu,kappa]: [(65.74502,296.02111),9.53666]
	6546.20717	   0.03096	[mu,kappa]: [(38.64595,89.75401),12.30958]
	5620.50480	   0.02658	[mu,kappa]: [(69.51745,65.58404),6.45190]
	12845.67299	   0.06076	[mu,kappa]: [(158.88859,315.31755),13.20748]
	7291.12138	   0.03449	[mu,kappa]: [(105.71363,292.38367),13.80746]
			msglen: 4446218.38608 bits.
Iteration #: 23
	5715.39403	   0.02703	[mu,kappa]: [(45.27797,83.40814),11.87041]
	16915.53262	   0.08000	[mu,kappa]: [(43.43352,84.88110),73.13847]
	7453.24886	   0.03525	[mu,kappa]: [(143.35533,302.54715),8.70078]
	14756.96068	   0.06980	[mu,kappa]: [(28.82993,89.74782),84.42917]
	8130.14613	   0.03845	[mu,kappa]: [(148.32003,305.49099),9.28064]
	28998.85404	   0.13715	[mu,kappa]: [(43.87488,86.10222),278.00000]
	5065.49329	   0.02396	[mu,kappa]: [(51.84236,76.25444),9.20697]
	14314.48808	   0.06770	[mu,kappa]: [(28.51734,89.81907),79.14164]
	4783.94837	   0.02263	[mu,kappa]: [(19.70389,348.26718),11.82879]
	5895.78301	   0.02789	[mu,kappa]: [(74.62723,63.30401),6.42168]
	7332.25833	   0.03468	[mu,kappa]: [(34.18758,92.83394),12.89070]
	5865.80184	   0.02774	[mu,kappa]: [(44.72550,84.04464),11.98354]
	5786.65188	   0.02737	[mu,kappa]: [(101.96476,293.17618),11.00898]
	6166.02145	   0.02916	[mu,kappa]: [(42.07813,86.83003),12.15441]
	4774.73705	   0.02258	[mu,kappa]: [(29.77169,323.35312),11.03098]
	4897.22081	   0.02316	[mu,kappa]: [(21.34310,343.05400),12.12391]
	17911.14613	   0.08471	[mu,kappa]: [(44.28117,84.72059),86.06864]
	3815.76337	   0.01805	[mu,kappa]: [(55.85314,297.33473),11.83325]
	7006.95542	   0.03314	[mu,kappa]: [(36.76151,91.32090),12.37897]
	3501.59584	   0.01656	[mu,kappa]: [(65.51544,296.02924),9.63745]
	6609.93126	   0.03126	[mu,kappa]: [(38.46134,90.05353),12.21353]
	5516.63174	   0.02609	[mu,kappa]: [(70.04746,65.23348),6.47162]
	12844.65947	   0.06075	[mu,kappa]: [(159.06883,315.51883),13.33384]
	7368.77630	   0.03485	[mu,kappa]: [(105.99499,292.40420),13.76431]
			msglen: 4445545.86070 bits.
Iteration #: 24
	5731.52319	   0.02711	[mu,kappa]: [(45.15878,83.45762),12.12613]
	16739.18952	   0.07917	[mu,kappa]: [(43.78460,84.69159),72.06216]
	7392.47948	   0.03496	[mu,kappa]: [(143.30735,302.52852),8.72402]
	14722.40850	   0.06963	[mu,kappa]: [(29.01041,89.69579),91.26498]
	8067.32892	   0.03816	[mu,kappa]: [(148.38617,305.53153),9.32890]
	29197.99217	   0.13809	[mu,kappa]: [(43.76205,86.18266),278.00000]
	5012.76668	   0.02371	[mu,kappa]: [(51.47534,76.37572),9.48395]
	14206.76321	   0.06719	[mu,kappa]: [(28.59934,89.78009),83.71101]
	4846.10148	   0.02292	[mu,kappa]: [(19.45593,349.46418),11.91300]
	5825.95332	   0.02756	[mu,kappa]: [(75.48953,62.99822),6.49074]
	7439.98283	   0.03519	[mu,kappa]: [(33.76781,93.35536),12.71117]
	5885.04072	   0.02784	[mu,kappa]: [(44.60964,84.09501),12.20640]
	5828.59348	   0.02757	[mu,kappa]: [(102.23530,293.25141),10.93463]
	6196.92079	   0.02931	[mu,kappa]: [(41.91437,86.94310),12.22134]
	4765.88507	   0.02254	[mu,kappa]: [(29.79291,323.87558),10.91332]
	4943.10447	   0.02338	[mu,kappa]: [(21.14046,344.15022),12.14077]
	17802.99590	   0.08420	[mu,kappa]: [(44.63784,84.50703),84.42922]
	3856.65834	   0.01824	[mu,kappa]: [(55.82736,297.17577),12.05858]
	7083.31624	   0.03350	[mu,kappa]: [(36.42265,91.69971),12.25955]
	3515.66427	   0.01663	[mu,kappa]: [(65.31020,296.06455),9.69488]
	6666.98632	   0.03153	[mu,kappa]: [(38.17652,90.33915),12.13969]
	5417.86604	   0.02563	[mu,kappa]: [(70.58433,64.95208),6.50138]
	12844.68664	   0.06075	[mu,kappa]: [(159.20932,315.67119),13.43301]
	7437.79241	   0.03518	[mu,kappa]: [(106.21104,292.41755),13.70673]
			msglen: 4445003.64263 bits.
Iteration #: 25
	5731.34736	   0.02711	[mu,kappa]: [(45.02799,83.50161),12.31020]
	16530.54240	   0.07818	[mu,kappa]: [(44.13634,84.50713),71.31919]
	7338.24658	   0.03471	[mu,kappa]: [(143.27828,302.51819),8.74492]
	14684.45172	   0.06945	[mu,kappa]: [(29.22479,89.64223),98.34171]
	8012.85451	   0.03790	[mu,kappa]: [(148.45590,305.57355),9.37578]
	29553.20603	   0.13977	[mu,kappa]: [(43.65392,86.25249),278.00000]
	4958.22388	   0.02345	[mu,kappa]: [(51.16563,76.48583),9.72518]
	14076.98934	   0.06658	[mu,kappa]: [(28.67682,89.74505),87.54712]
	4897.01579	   0.02316	[mu,kappa]: [(19.24347,350.61026),11.96893]
	5763.24877	   0.02726	[mu,kappa]: [(76.30383,62.77168),6.57830]
	7548.00412	   0.03570	[mu,kappa]: [(33.27500,93.82485),12.62514]
	5887.14837	   0.02785	[mu,kappa]: [(44.47348,84.14277),12.35991]
	5869.33416	   0.02776	[mu,kappa]: [(102.45838,293.32049),10.86645]
	6211.32618	   0.02938	[mu,kappa]: [(41.69722,87.06068),12.24635]
	4759.03980	   0.02251	[mu,kappa]: [(29.87258,324.33823),10.82334]
	4978.52524	   0.02355	[mu,kappa]: [(20.98169,345.15064),12.13330]
	17675.31697	   0.08360	[mu,kappa]: [(44.99821,84.29535),83.28798]
	3890.98801	   0.01840	[mu,kappa]: [(55.76991,297.04858),12.23816]
	7152.21469	   0.03383	[mu,kappa]: [(36.00798,92.05376),12.18546]
	3525.06379	   0.01667	[mu,kappa]: [(65.12314,296.11544),9.72059]
	6713.11127	   0.03175	[mu,kappa]: [(37.81803,90.61484),12.08152]
	5326.25515	   0.02519	[mu,kappa]: [(71.11562,64.73018),6.54209]
	12845.66713	   0.06076	[mu,kappa]: [(159.31810,315.78628),13.50837]
	7499.87874	   0.03547	[mu,kappa]: [(106.37599,292.42501),13.64134]
			msglen: 4444503.95468 bits.
Iteration #: 26
	5724.33043	   0.02708	[mu,kappa]: [(44.89629,83.55228),12.42884]
	16284.16844	   0.07702	[mu,kappa]: [(44.48369,84.32907),70.75861]
	7289.50315	   0.03448	[mu,kappa]: [(143.26569,302.51589),8.76378]
	14663.63874	   0.06935	[mu,kappa]: [(29.46889,89.58634),106.01787]
	7965.48571	   0.03767	[mu,kappa]: [(148.52896,305.61824),9.42115]
	29985.35081	   0.14182	[mu,kappa]: [(43.55428,86.31338),278.00000]
	4908.73188	   0.02322	[mu,kappa]: [(50.91319,76.59272),9.93166]
	13938.20170	   0.06592	[mu,kappa]: [(28.73394,89.71398),90.57514]
	4936.16021	   0.02335	[mu,kappa]: [(19.06950,351.70277),12.00288]
	5711.03262	   0.02701	[mu,kappa]: [(77.03298,62.61921),6.68107]
	7660.66891	   0.03623	[mu,kappa]: [(32.75657,94.21381),12.62751]
	5882.02872	   0.02782	[mu,kappa]: [(44.32996,84.19945),12.45140]
	5908.69835	   0.02795	[mu,kappa]: [(102.64345,293.38449),10.80517]
	6219.74138	   0.02942	[mu,kappa]: [(41.45123,87.18846),12.23987]
	4753.63137	   0.02248	[mu,kappa]: [(30.00216,324.73897),10.76144]
	5003.27647	   0.02367	[mu,kappa]: [(20.86713,346.05557),12.10828]
	17514.34368	   0.08284	[mu,kappa]: [(45.35760,84.08792),82.46277]
	3919.73852	   0.01854	[mu,kappa]: [(55.68721,296.93987),12.38121]
	7221.17656	   0.03415	[mu,kappa]: [(35.56143,92.36718),12.15914]
	3530.62535	   0.01670	[mu,kappa]: [(64.95078,296.17343),9.72427]
	6757.20081	   0.03196	[mu,kappa]: [(37.42509,90.87247),12.04566]
	5246.52785	   0.02482	[mu,kappa]: [(71.61020,64.56867),6.59378]
	12847.47379	   0.06076	[mu,kappa]: [(159.40157,315.87269),13.56322]
	7556.26457	   0.03574	[mu,kappa]: [(106.50121,292.42798),13.57243]
			msglen: 4444030.85565 bits.
Iteration #: 27
	5714.31571	   0.02703	[mu,kappa]: [(44.76597,83.61856),12.49078]
	16004.60068	   0.07570	[mu,kappa]: [(44.82338,84.15766),70.32979]
	7245.44119	   0.03427	[mu,kappa]: [(143.26726,302.52131),8.78061]
	14666.43459	   0.06937	[mu,kappa]: [(29.74203,89.52753),114.74226]
	7924.21144	   0.03748	[mu,kappa]: [(148.60489,305.66651),9.46466]
	30466.55347	   0.14409	[mu,kappa]: [(43.46579,86.36591),278.00000]
	4865.50080	   0.02301	[mu,kappa]: [(50.71013,76.70152),10.10319]
	13787.88451	   0.06521	[mu,kappa]: [(28.75533,89.68738),92.65076]
	4963.91650	   0.02348	[mu,kappa]: [(18.93284,352.72839),12.02051]
	5668.33576	   0.02681	[mu,kappa]: [(77.66355,62.52382),6.79149]
	7777.50810	   0.03679	[mu,kappa]: [(32.24371,94.50657),12.70997]
	5873.83073	   0.02778	[mu,kappa]: [(44.18346,84.27346),12.49047]
	5946.54563	   0.02813	[mu,kappa]: [(102.79808,293.44460),10.75079]
	6226.65041	   0.02945	[mu,kappa]: [(41.19156,87.33006),12.21262]
	4749.59494	   0.02247	[mu,kappa]: [(30.16930,325.07496),10.72659]
	5018.03262	   0.02374	[mu,kappa]: [(20.79359,346.85823),12.07174]
	17321.22169	   0.08192	[mu,kappa]: [(45.71165,83.88590),81.88676]
	3943.79007	   0.01865	[mu,kappa]: [(55.58519,296.84020),12.49509]
	7291.96981	   0.03449	[mu,kappa]: [(35.11301,92.63038),12.17983]
	3533.07324	   0.01671	[mu,kappa]: [(64.79092,296.23289),9.71341]
	6802.19180	   0.03217	[mu,kappa]: [(37.02472,91.10659),12.03617]
	5178.51689	   0.02449	[mu,kappa]: [(72.05244,64.45726),6.65160]
	12850.01636	   0.06078	[mu,kappa]: [(159.46481,315.93719),13.60050]
	7607.86308	   0.03598	[mu,kappa]: [(106.59569,292.42764),13.50268]
			msglen: 4443566.96324 bits.
Iteration #: 28
	5703.39627	   0.02698	[mu,kappa]: [(44.63929,83.70571),12.50569]
	15698.54586	   0.07425	[mu,kappa]: [(45.15264,83.99274),70.00873]
	7205.34506	   0.03408	[mu,kappa]: [(143.28077,302.53327),8.79565]
	14698.74023	   0.06952	[mu,kappa]: [(30.04329,89.46620),125.11598]
	7888.09803	   0.03731	[mu,kappa]: [(148.68300,305.71801),9.50627]
	30981.00369	   0.14653	[mu,kappa]: [(43.39004,86.41041),278.00000]
	4828.43451	   0.02284	[mu,kappa]: [(50.54893,76.81497),10.24029]
	13621.26494	   0.06442	[mu,kappa]: [(28.72306,89.66686),93.60343]
	4980.90519	   0.02356	[mu,kappa]: [(18.83153,353.67144),12.02624]
	5634.02800	   0.02665	[mu,kappa]: [(78.19533,62.46785),6.90241]
	7896.33460	   0.03735	[mu,kappa]: [(31.75741,94.69928),12.86125]
	5864.82005	   0.02774	[mu,kappa]: [(44.03815,84.36953),12.48733]
	5982.78143	   0.02830	[mu,kappa]: [(102.92826,293.50182),10.70297]
	6234.17012	   0.02949	[mu,kappa]: [(40.93167,87.48663),12.17357]
	4746.86394	   0.02245	[mu,kappa]: [(30.36095,325.34596),10.71669]
	5023.67555	   0.02376	[mu,kappa]: [(20.75739,347.55148),12.02851]
	17100.46008	   0.08088	[mu,kappa]: [(46.05602,83.69003),81.52156]
	3963.74119	   0.01875	[mu,kappa]: [(55.46978,296.74361),12.58564]
	7364.02018	   0.03483	[mu,kappa]: [(34.68508,92.83954),12.24296]
	3532.92896	   0.01671	[mu,kappa]: [(64.64277,296.29059),9.69365]
	6848.52457	   0.03239	[mu,kappa]: [(36.63833,91.31404),12.05331]
	5121.46838	   0.02422	[mu,kappa]: [(72.43702,64.38351),6.71049]
	12853.07746	   0.06079	[mu,kappa]: [(159.51166,315.98398),13.62324]
	7655.37171	   0.03621	[mu,kappa]: [(106.66647,292.42485),13.43383]
			msglen: 4443088.69738 bits.
Iteration #: 29
	5692.57603	   0.02693	[mu,kappa]: [(44.52124,83.81552),12.48428]
	15373.34049	   0.07271	[mu,kappa]: [(45.46902,83.83405),69.77834]
	7168.58149	   0.03391	[mu,kappa]: [(143.30425,302.55022),8.80920]
	14770.07065	   0.06986	[mu,kappa]: [(30.36867,89.40370),137.90885]
	7856.30635	   0.03716	[mu,kappa]: [(148.76259,305.77182),9.54617]
	31516.96307	   0.14906	[mu,kappa]: [(43.32774,86.44731),278.00000]
	4796.92949	   0.02269	[mu,kappa]: [(50.42428,76.93377),10.34528]
	13436.27019	   0.06355	[mu,kappa]: [(28.61618,89.65477),93.29428]
	4987.54487	   0.02359	[mu,kappa]: [(18.76516,354.51209),12.02356]
	5606.91798	   0.02652	[mu,kappa]: [(78.63438,62.43627),7.00839]
	8012.87415	   0.03790	[mu,kappa]: [(31.31380,94.79663),13.06760]
	5856.02947	   0.02770	[mu,kappa]: [(43.90081,84.48896),12.45277]
	6017.36746	   0.02846	[mu,kappa]: [(103.03870,293.55694),10.66118]
	6242.61258	   0.02953	[mu,kappa]: [(40.68647,87.65682),12.12999]
	4745.30664	   0.02245	[mu,kappa]: [(30.56519,325.55392),10.72934]
	5020.94882	   0.02375	[mu,kappa]: [(20.75638,348.12674),11.98272]
	16857.54564	   0.07973	[mu,kappa]: [(46.38666,83.50082),81.33450]
	3980.01528	   0.01883	[mu,kappa]: [(55.34653,296.64656),12.65743]
	7434.56452	   0.03516	[mu,kappa]: [(34.29667,92.99507),12.34095]
	3530.59358	   0.01670	[mu,kappa]: [(64.50632,296.34492),9.66922]
	6894.50405	   0.03261	[mu,kappa]: [(36.28552,91.49332),12.09429]
	5074.35701	   0.02400	[mu,kappa]: [(72.76399,64.33582),6.76654]
	12856.44039	   0.06081	[mu,kappa]: [(159.54518,316.01599),13.63434]
	7699.33977	   0.03642	[mu,kappa]: [(106.71905,292.42018),13.36687]
			msglen: 4442566.17094 bits.
Iteration #: 30
	5681.78400	   0.02687	[mu,kappa]: [(44.42023,83.94690),12.43784]
	15036.42871	   0.07112	[mu,kappa]: [(45.77025,83.68124),69.62247]
	7134.60825	   0.03375	[mu,kappa]: [(143.33594,302.57066),8.82162]
	14893.70765	   0.07044	[mu,kappa]: [(30.70737,89.34237),153.95582]
	7828.11082	   0.03703	[mu,kappa]: [(148.84304,305.82694),9.58461]
	32065.50003	   0.15166	[mu,kappa]: [(43.27883,86.47716),278.00000]
	4769.97319	   0.02256	[mu,kappa]: [(50.33327,77.05649),10.42239]
	13236.80479	   0.06261	[mu,kappa]: [(28.41231,89.65369),91.70997]
	4984.02717	   0.02357	[mu,kappa]: [(18.73556,355.22484),12.01551]
	5585.66459	   0.02642	[mu,kappa]: [(78.98989,62.41695),7.10579]
	8119.91754	   0.03841	[mu,kappa]: [(30.92810,94.80967),13.31202]
	5847.27416	   0.02766	[mu,kappa]: [(43.78158,84.63024),12.39768]
	6050.31389	   0.02862	[mu,kappa]: [(103.13309,293.61055),10.62481]
	6250.52488	   0.02956	[mu,kappa]: [(40.47329,87.83767),12.08735]
	4744.77312	   0.02244	[mu,kappa]: [(30.77132,325.70251),10.76203]
	5010.48255	   0.02370	[mu,kappa]: [(20.79043,348.57337),11.93832]
	16598.22264	   0.07850	[mu,kappa]: [(46.69990,83.31861),81.29251]
	3992.90341	   0.01889	[mu,kappa]: [(55.22046,296.54700),12.71388]
	7498.36105	   0.03547	[mu,kappa]: [(33.96633,93.10112),12.46333]
	3526.38108	   0.01668	[mu,kappa]: [(64.38200,296.39523),9.64310]
	6936.22113	   0.03281	[mu,kappa]: [(35.98604,91.64482),12.15351]
	5035.86559	   0.02382	[mu,kappa]: [(73.03653,64.30372),6.81718]
	12859.93622	   0.06082	[mu,kappa]: [(159.56785,316.03559),13.63638]
	7740.21355	   0.03661	[mu,kappa]: [(106.75771,292.41404),13.30234]
			msglen: 4441972.20836 bits.
Iteration #: 31
	5670.03711	   0.02682	[mu,kappa]: [(44.34676,84.09637),12.37749]
	14695.31980	   0.06950	[mu,kappa]: [(46.05390,83.53406),69.52301]
	7102.97250	   0.03360	[mu,kappa]: [(143.37437,302.59328),8.83317]
	15081.55238	   0.07133	[mu,kappa]: [(31.03915,89.28548),173.78625]
	7802.89956	   0.03691	[mu,kappa]: [(148.92382,305.88250),9.62182]
	32620.89231	   0.15428	[mu,kappa]: [(43.24258,86.50067),278.00000]
	4746.22046	   0.02245	[mu,kappa]: [(50.27417,77.17942),10.47733]
	13035.18975	   0.06165	[mu,kappa]: [(28.09318,89.66563),89.07293]
	4970.65951	   0.02351	[mu,kappa]: [(18.74598,355.78079),12.00508]
	5568.74765	   0.02634	[mu,kappa]: [(79.27266,62.40000),7.19249]
	8207.35375	   0.03882	[mu,kappa]: [(30.61662,94.75430),13.57330]
	5837.34957	   0.02761	[mu,kappa]: [(43.69269,84.78964),12.33249]
	6081.66369	   0.02877	[mu,kappa]: [(103.21438,293.66313),10.59319]
	6255.08023	   0.02959	[mu,kappa]: [(40.31071,88.02549),12.04926]
	4745.15410	   0.02244	[mu,kappa]: [(30.96912,325.79726),10.81186]
	4993.08889	   0.02362	[mu,kappa]: [(20.86029,348.88088),11.89938]
	16328.34970	   0.07723	[mu,kappa]: [(46.99234,83.14364),81.35965]
	4002.58722	   0.01893	[mu,kappa]: [(55.09607,296.44363),12.75753]
	7548.10693	   0.03570	[mu,kappa]: [(33.71294,93.16534),12.59688]
	3520.53867	   0.01665	[mu,kappa]: [(64.27044,296.44132),9.61736]
	6968.04721	   0.03296	[mu,kappa]: [(35.75984,91.77130),12.22302]
	5004.38557	   0.02367	[mu,kappa]: [(73.25952,64.27745),6.86091]
	12863.44273	   0.06084	[mu,kappa]: [(159.58171,316.04492),13.63147]
	7778.36071	   0.03679	[mu,kappa]: [(106.78584,292.40671),13.24048]
			msglen: 4441305.45174 bits.
Iteration #: 32
	5656.21796	   0.02675	[mu,kappa]: [(44.30939,84.25872),12.31351]
	14357.77163	   0.06791	[mu,kappa]: [(46.31669,83.39242),69.45650]
	7073.30064	   0.03346	[mu,kappa]: [(143.41825,302.61695),8.84410]
	15332.03315	   0.07251	[mu,kappa]: [(31.33707,89.23656),196.94324]
	7780.16331	   0.03680	[mu,kappa]: [(149.00449,305.93778),9.65802]
	33180.85591	   0.15693	[mu,kappa]: [(43.21748,86.51869),278.00000]
	4724.34948	   0.02235	[mu,kappa]: [(50.24342,77.29658),10.51643]
	12852.03741	   0.06079	[mu,kappa]: [(27.65533,89.69055),85.88117]
	4948.60315	   0.02341	[mu,kappa]: [(18.79849,356.15688),11.99524]
	5554.54917	   0.02627	[mu,kappa]: [(79.49411,62.37738),7.26746]
	8264.70137	   0.03909	[mu,kappa]: [(30.39527,94.64987),13.82735]
	5824.90806	   0.02755	[mu,kappa]: [(43.64419,84.96188),12.26653]
	6111.47647	   0.02891	[mu,kappa]: [(103.28493,293.71507),10.56567]
	6253.44519	   0.02958	[mu,kappa]: [(40.21403,88.21681),12.01805]
	4746.44295	   0.02245	[mu,kappa]: [(31.14786,325.84586),10.87479]
	4970.30079	   0.02351	[mu,kappa]: [(20.96492,349.04557),11.86967]
	16053.94701	   0.07593	[mu,kappa]: [(47.26058,82.97611),81.49451]
	4009.18118	   0.01896	[mu,kappa]: [(54.97746,296.33562),12.79027]
	7576.72755	   0.03584	[mu,kappa]: [(33.55317,93.19846),12.72747]
	3513.27553	   0.01662	[mu,kappa]: [(64.17234,296.48336),9.59340]
	6984.62460	   0.03304	[mu,kappa]: [(35.62376,91.87798),12.29415]
	4978.13194	   0.02355	[mu,kappa]: [(73.43833,64.24772),6.89689]
	12866.87262	   0.06086	[mu,kappa]: [(159.58847,316.04589),13.62134]
	7814.08295	   0.03696	[mu,kappa]: [(106.80613,292.39838),13.18134]
			msglen: 4440614.46426 bits.
Iteration #: 33
	5640.32051	   0.02668	[mu,kappa]: [(44.30873,84.42764),12.25467]
	14031.57769	   0.06636	[mu,kappa]: [(46.55427,83.25659),69.39139]
	7045.28452	   0.03332	[mu,kappa]: [(143.46650,302.64076),8.85463]
	15618.50811	   0.07387	[mu,kappa]: [(31.57809,89.19822),221.49230]
	7759.47982	   0.03670	[mu,kappa]: [(149.08471,305.99219),9.69340]
	33744.90568	   0.15960	[mu,kappa]: [(43.20111,86.53220),278.00000]
	4703.65732	   0.02225	[mu,kappa]: [(50.23196,77.40052),10.54551]
	12710.53146	   0.06012	[mu,kappa]: [(27.12045,89.72510),82.77483]
	4920.58642	   0.02327	[mu,kappa]: [(18.89036,356.35009),11.98850]
	5541.61757	   0.02621	[mu,kappa]: [(79.66562,62.34337),7.33047]
	8286.21665	   0.03919	[mu,kappa]: [(30.27481,94.51666),14.05255]
	5809.84916	   0.02748	[mu,kappa]: [(43.63775,85.14087),12.20774]
	6139.81542	   0.02904	[mu,kappa]: [(103.34671,293.76671),10.54162]
	6244.87873	   0.02954	[mu,kappa]: [(40.18839,88.40874),11.99604]
	4748.73872	   0.02246	[mu,kappa]: [(31.29622,325.85834),10.94509]
	4944.78839	   0.02339	[mu,kappa]: [(21.09828,349.07914),11.85174]
	15780.97465	   0.07464	[mu,kappa]: [(47.50126,82.81628),81.64924]
	4012.81625	   0.01898	[mu,kappa]: [(54.86835,296.22273),12.81382]
	7581.33367	   0.03586	[mu,kappa]: [(33.49561,93.21277),12.84410]
	3504.80920	   0.01658	[mu,kappa]: [(64.08834,296.52201),9.57222]
	6984.09066	   0.03303	[mu,kappa]: [(35.58513,91.97178),12.36078]
	4955.43276	   0.02344	[mu,kappa]: [(73.57804,64.20641),6.92464]
	12870.16184	   0.06087	[mu,kappa]: [(159.58954,316.04019),13.60734]
	7847.62480	   0.03712	[mu,kappa]: [(106.82075,292.38920),13.12485]
			msglen: 4439984.76627 bits.
Iteration #: 34
	5623.99321	   0.02660	[mu,kappa]: [(44.33470,84.59645),12.20742]
	13723.32944	   0.06491	[mu,kappa]: [(46.76228,83.12720),69.29218]
	7018.66867	   0.03320	[mu,kappa]: [(143.51823,302.66390),8.86494]
	15896.67578	   0.07519	[mu,kappa]: [(31.75392,89.17097),244.59703]
	7740.49864	   0.03661	[mu,kappa]: [(149.16419,306.04529),9.72813]
	34309.98993	   0.16227	[mu,kappa]: [(43.19049,86.54218),278.00000]
	4684.34092	   0.02216	[mu,kappa]: [(50.22494,77.48355),10.56890]
	12624.73205	   0.05971	[mu,kappa]: [(26.53449,89.76280),80.27387]
	4890.72067	   0.02313	[mu,kappa]: [(19.01258,356.38514),11.98623]
	5529.05180	   0.02615	[mu,kappa]: [(79.79826,62.29578),7.38200]
	8274.67282	   0.03914	[mu,kappa]: [(30.25600,94.37303),14.23612]
	5793.93890	   0.02740	[mu,kappa]: [(43.66365,85.32020),12.16203]
	6166.73791	   0.02917	[mu,kappa]: [(103.40132,293.81829),10.52045]
	6231.73948	   0.02948	[mu,kappa]: [(40.22486,88.59877),11.98610]
	4752.13321	   0.02248	[mu,kappa]: [(31.40426,325.84591),11.01558]
	4920.02861	   0.02327	[mu,kappa]: [(21.24857,349.01126),11.84582]
	15514.55216	   0.07338	[mu,kappa]: [(47.71211,82.66454),81.77701]
	4013.74913	   0.01899	[mu,kappa]: [(54.77190,296.10578),12.83002]
	7565.63370	   0.03578	[mu,kappa]: [(33.53601,93.21989),12.94264]
	3495.41651	   0.01653	[mu,kappa]: [(64.01865,296.55872),9.55468]
	6969.85230	   0.03297	[mu,kappa]: [(35.63721,92.05960),12.42175]
	4935.09977	   0.02334	[mu,kappa]: [(73.68362,64.14835),6.94400]
	12873.26138	   0.06089	[mu,kappa]: [(159.58609,316.02930),13.59056]
	7879.18301	   0.03727	[mu,kappa]: [(106.83150,292.37924),13.07092]
			msglen: 4439482.97231 bits.
Iteration #: 35
	5609.56950	   0.02653	[mu,kappa]: [(44.37055,84.75845),12.17499]
	13436.84937	   0.06355	[mu,kappa]: [(46.93856,83.00489),69.13245]
	6993.24172	   0.03308	[mu,kappa]: [(143.57268,302.68577),8.87518]
	16132.23118	   0.07630	[mu,kappa]: [(31.87139,89.15341),263.95535]
	7722.93003	   0.03653	[mu,kappa]: [(149.24272,306.09671),9.76235]
	34866.43329	   0.16490	[mu,kappa]: [(43.18295,86.54944),278.00000]
	4667.05921	   0.02208	[mu,kappa]: [(50.20645,77.53915),10.58890]
	12589.68245	   0.05954	[mu,kappa]: [(25.95113,89.79656),78.59853]
	4863.26856	   0.02300	[mu,kappa]: [(19.15196,356.30701),11.98832]
	5516.70702	   0.02609	[mu,kappa]: [(79.90259,62.23687),7.42344]
	8239.71177	   0.03897	[mu,kappa]: [(30.32862,94.23336),14.37588]
	5779.76108	   0.02734	[mu,kappa]: [(43.70473,85.49349),12.13240]
	6192.29047	   0.02929	[mu,kappa]: [(103.45018,293.86992),10.50164]
	6218.06220	   0.02941	[mu,kappa]: [(40.30388,88.78416),11.99062]
	4756.57511	   0.02250	[mu,kappa]: [(31.46625,325.81880),11.07910]
	4899.25667	   0.02317	[mu,kappa]: [(21.40119,348.88165),11.84982]
	15258.20950	   0.07217	[mu,kappa]: [(47.89336,82.52125),81.84803]
	4012.42305	   0.01898	[mu,kappa]: [(54.69038,295.98693),12.84105]
	7537.92826	   0.03565	[mu,kappa]: [(33.65797,93.22879),13.02528]
	3485.44820	   0.01649	[mu,kappa]: [(63.96276,296.59571),9.54152]
	6948.69740	   0.03287	[mu,kappa]: [(35.76103,92.14664),12.47982]
	4916.61031	   0.02326	[mu,kappa]: [(73.76090,64.07281),6.95541]
	12876.13423	   0.06090	[mu,kappa]: [(159.57905,316.01448),13.57182]
	7908.91946	   0.03741	[mu,kappa]: [(106.83987,292.36849),13.01946]
			msglen: 4439120.70957 bits.
			N: 211428
		20.99590 bpr
Null model msglen: 4986120.20314 bits.	(23.58306 bpr)
