Iteration #: 0
	8648.00000	   0.04090	[mu,kappa]: [(36.82735,65.87348),2.07200]
	8562.00000	   0.04050	[mu,kappa]: [(37.26478,66.07728),2.10335]
	8444.00000	   0.03994	[mu,kappa]: [(37.23122,67.25271),2.12605]
	8415.00000	   0.03980	[mu,kappa]: [(36.93882,68.05663),2.17737]
	8364.00000	   0.03956	[mu,kappa]: [(36.77497,66.05503),2.11393]
	8547.00000	   0.04043	[mu,kappa]: [(36.65875,65.38075),2.04057]
	8304.00000	   0.03928	[mu,kappa]: [(36.39672,67.38912),2.12592]
	8514.00000	   0.04027	[mu,kappa]: [(36.60682,66.92112),2.15911]
	8522.00000	   0.04031	[mu,kappa]: [(37.18731,67.78749),2.12061]
	8362.00000	   0.03955	[mu,kappa]: [(37.45444,66.07252),2.08293]
	8429.00000	   0.03987	[mu,kappa]: [(37.56828,65.35722),2.06989]
	8358.00000	   0.03953	[mu,kappa]: [(37.07955,65.64996),2.03799]
	8392.00000	   0.03969	[mu,kappa]: [(36.76009,65.28574),2.08527]
	8330.00000	   0.03940	[mu,kappa]: [(37.13691,67.20293),2.12980]
	8526.00000	   0.04033	[mu,kappa]: [(36.57654,65.70291),2.16728]
	8428.00000	   0.03986	[mu,kappa]: [(37.66519,66.43840),2.06727]
	8362.00000	   0.03955	[mu,kappa]: [(37.35066,66.54721),2.08409]
	8531.00000	   0.04035	[mu,kappa]: [(37.09915,66.48725),2.11498]
	8502.00000	   0.04021	[mu,kappa]: [(36.86351,66.41488),2.06940]
	8530.00000	   0.04034	[mu,kappa]: [(37.52374,65.39351),2.07983]
	8501.00000	   0.04021	[mu,kappa]: [(36.75745,65.75844),2.07786]
	8567.00000	   0.04052	[mu,kappa]: [(36.38351,65.09965),2.01595]
	8465.00000	   0.04004	[mu,kappa]: [(36.78109,66.06496),2.14366]
	8478.00000	   0.04010	[mu,kappa]: [(37.18562,66.53990),2.07711]
	8347.00000	   0.03948	[mu,kappa]: [(36.71291,65.37785),2.08490]
			msglen: -nan bits.
Iteration #: 1
	8646.66756	   0.04090	[mu,kappa]: [(36.93461,65.32470),2.02676]
	8559.78606	   0.04049	[mu,kappa]: [(37.09338,66.39896),2.11044]
	8443.50661	   0.03994	[mu,kappa]: [(37.11010,67.59712),2.19679]
	8423.61926	   0.03984	[mu,kappa]: [(36.97409,69.17325),2.35697]
	8362.15898	   0.03955	[mu,kappa]: [(36.84808,66.60257),2.13951]
	8549.48781	   0.04044	[mu,kappa]: [(36.89923,64.04450),1.93795]
	8303.26731	   0.03927	[mu,kappa]: [(36.73750,67.53190),2.20169]
	8517.42798	   0.04029	[mu,kappa]: [(36.77242,68.16651),2.28072]
	8521.05337	   0.04030	[mu,kappa]: [(37.12656,67.71395),2.19412]
	8359.99131	   0.03954	[mu,kappa]: [(37.22001,65.85048),2.05648]
	8427.88275	   0.03986	[mu,kappa]: [(37.26429,65.08966),2.00720]
	8360.61273	   0.03954	[mu,kappa]: [(37.12380,64.19076),1.93529]
	8390.08475	   0.03968	[mu,kappa]: [(36.84359,65.38144),2.04844]
	8329.89590	   0.03940	[mu,kappa]: [(37.05951,67.65447),2.20607]
	8528.30322	   0.04034	[mu,kappa]: [(36.67437,67.76337),2.27434]
	8426.37934	   0.03985	[mu,kappa]: [(37.37245,65.62493),2.02300]
	8359.85512	   0.03954	[mu,kappa]: [(37.19416,66.12246),2.07010]
	8529.38692	   0.04034	[mu,kappa]: [(37.02152,66.90325),2.15074]
	8500.46227	   0.04020	[mu,kappa]: [(36.98619,65.54832),2.03125]
	8528.12428	   0.04034	[mu,kappa]: [(37.22258,65.39780),2.03352]
	8499.38278	   0.04020	[mu,kappa]: [(36.88349,65.42352),2.03958]
	8574.31309	   0.04055	[mu,kappa]: [(36.81854,63.00639),1.87257]
	8465.18267	   0.04004	[mu,kappa]: [(36.81356,67.38717),2.21860]
	8476.05878	   0.04009	[mu,kappa]: [(37.12968,65.89322),2.05254]
	8345.10916	   0.03947	[mu,kappa]: [(36.82735,65.41353),2.04962]
			msglen: 4829578.08477 bits.
Iteration #: 2
	8633.63734	   0.04083	[mu,kappa]: [(37.04813,63.66360),1.90801]
	8540.82715	   0.04040	[mu,kappa]: [(37.00467,66.77514),2.14351]
	8439.90723	   0.03992	[mu,kappa]: [(36.99657,69.44904),2.40714]
	8496.10999	   0.04018	[mu,kappa]: [(37.02275,73.02835),2.93359]
	8346.17916	   0.03948	[mu,kappa]: [(36.86678,67.59761),2.22634]
	8567.59981	   0.04052	[mu,kappa]: [(37.32810,59.54848),1.67193]
	8300.90804	   0.03926	[mu,kappa]: [(36.82678,69.47708),2.42034]
	8545.57544	   0.04042	[mu,kappa]: [(36.86434,71.33081),2.66763]
	8516.96356	   0.04028	[mu,kappa]: [(37.01246,69.44573),2.40239]
	8342.79332	   0.03946	[mu,kappa]: [(37.13631,64.95629),1.99181]
	8419.66535	   0.03982	[mu,kappa]: [(37.26020,62.92028),1.85392]
	8379.07809	   0.03963	[mu,kappa]: [(37.46455,59.58500),1.66733]
	8374.12765	   0.03961	[mu,kappa]: [(36.94990,64.37933),1.96343]
	8329.00350	   0.03939	[mu,kappa]: [(36.97285,69.66891),2.43502]
	8551.95579	   0.04045	[mu,kappa]: [(36.79711,71.03391),2.63774]
	8413.84830	   0.03980	[mu,kappa]: [(37.28800,63.79109),1.90275]
	8341.47224	   0.03945	[mu,kappa]: [(37.10823,65.51035),2.03231]
	8514.93436	   0.04027	[mu,kappa]: [(36.95155,68.04859),2.26313]
	8486.55277	   0.04014	[mu,kappa]: [(37.07187,63.95026),1.92336]
	8514.03482	   0.04027	[mu,kappa]: [(37.17333,63.97691),1.92497]
	8484.36167	   0.04013	[mu,kappa]: [(36.99353,64.12907),1.94199]
	8633.19701	   0.04083	[mu,kappa]: [(37.69346,55.80801),1.50765]
	8467.23741	   0.04005	[mu,kappa]: [(36.84352,69.78351),2.46476]
	8458.96793	   0.04001	[mu,kappa]: [(37.10446,64.84487),1.98312]
	8329.06206	   0.03939	[mu,kappa]: [(36.94093,64.43200),1.96710]
			msglen: 4824702.06868 bits.
Iteration #: 3
	8516.89945	   0.04028	[mu,kappa]: [(37.34194,58.61697),1.64335]
	8394.82075	   0.03971	[mu,kappa]: [(36.83250,68.05671),2.29184]
	8430.90527	   0.03988	[mu,kappa]: [(36.99968,73.95466),3.16340]
	9104.57103	   0.04306	[mu,kappa]: [(37.61554,79.56698),5.52725]
	8228.76531	   0.03892	[mu,kappa]: [(36.78462,70.22874),2.54492]
	8679.24987	   0.04105	[mu,kappa]: [(40.86765,41.04412),1.09639]
	8301.80296	   0.03927	[mu,kappa]: [(36.94167,74.12553),3.20886]
	8797.53755	   0.04161	[mu,kappa]: [(37.24928,77.32912),4.21232]
	8504.39384	   0.04022	[mu,kappa]: [(37.00332,73.89021),3.14733]
	8200.10462	   0.03878	[mu,kappa]: [(37.07389,62.71064),1.86320]
	8337.48149	   0.03943	[mu,kappa]: [(37.81376,55.62744),1.50950]
	8493.93271	   0.04017	[mu,kappa]: [(41.07787,40.76329),1.08761]
	8238.89984	   0.03897	[mu,kappa]: [(37.05453,61.29616),1.78510]
	8342.25137	   0.03946	[mu,kappa]: [(37.01956,74.39760),3.26558]
	8767.81103	   0.04147	[mu,kappa]: [(37.18309,76.98218),4.07610]
	8301.94301	   0.03927	[mu,kappa]: [(37.50336,58.53132),1.63240]
	8192.41733	   0.03875	[mu,kappa]: [(36.97621,64.36100),1.97397]
	8412.11588	   0.03979	[mu,kappa]: [(36.84746,71.13481),2.66499]
	8364.31592	   0.03956	[mu,kappa]: [(37.28046,59.46592),1.68330]
	8390.69449	   0.03969	[mu,kappa]: [(37.32613,59.57130),1.68698]
	8354.71365	   0.03952	[mu,kappa]: [(37.15651,60.32030),1.72999]
	9057.36298	   0.04284	[mu,kappa]: [(49.80606,21.29946),0.79585]
	8505.24910	   0.04023	[mu,kappa]: [(36.99476,74.79703),3.37302]
	8316.32180	   0.03933	[mu,kappa]: [(37.08147,62.33304),1.84021]
	8193.43875	   0.03875	[mu,kappa]: [(37.03817,61.46465),1.79483]
			msglen: 4790442.21907 bits.
Iteration #: 4
	7617.69327	   0.03603	[mu,kappa]: [(38.43041,43.65861),1.25990]
	7526.69414	   0.03560	[mu,kappa]: [(36.27164,71.82631),3.01298]
	8597.79788	   0.04067	[mu,kappa]: [(37.57808,80.40188),6.93404]
	13541.83625	   0.06405	[mu,kappa]: [(39.03604,84.60005),19.54887]
	7597.95293	   0.03594	[mu,kappa]: [(36.65395,75.65036),3.93989]
	8958.57795	   0.04237	[mu,kappa]: [(94.05349,337.79738),0.73093]
	8533.26078	   0.04036	[mu,kappa]: [(37.60569,80.60087),7.18345]
	10764.64576	   0.05091	[mu,kappa]: [(38.46805,83.29157),13.09128]
	8648.53767	   0.04091	[mu,kappa]: [(37.56200,80.32730),6.84589]
	7224.83402	   0.03417	[mu,kappa]: [(36.30928,58.38212),1.77071]
	7604.36300	   0.03597	[mu,kappa]: [(42.71932,30.25590),0.99548]
	8798.93522	   0.04162	[mu,kappa]: [(95.36780,337.02135),0.73905]
	7282.02181	   0.03444	[mu,kappa]: [(36.64892,53.96994),1.57891]
	8661.79365	   0.04097	[mu,kappa]: [(37.69326,80.85528),7.51001]
	10486.64941	   0.04960	[mu,kappa]: [(38.37222,83.06082),12.30350]
	7433.84204	   0.03516	[mu,kappa]: [(38.72855,42.88813),1.23765]
	7213.71383	   0.03412	[mu,kappa]: [(36.07573,63.20848),2.05866]
	7901.02143	   0.03737	[mu,kappa]: [(36.86788,76.96564),4.44265]
	7449.39007	   0.03523	[mu,kappa]: [(37.75570,46.99348),1.34661]
	7469.99156	   0.03533	[mu,kappa]: [(37.73203,47.32682),1.35484]
	7411.03036	   0.03505	[mu,kappa]: [(37.14126,50.39886),1.45085]
	11133.26734	   0.05266	[mu,kappa]: [(122.83290,315.22721),1.34355]
	8999.85936	   0.04257	[mu,kappa]: [(37.78898,81.26502),8.12656]
	7332.15325	   0.03468	[mu,kappa]: [(36.39223,57.19516),1.71352]
	7238.13700	   0.03423	[mu,kappa]: [(36.58135,54.55304),1.60210]
			msglen: 4652253.41632 bits.
Iteration #: 5
	5037.55178	   0.02383	[mu,kappa]: [(46.61995,4.28810),1.03105]
	5270.87766	   0.02493	[mu,kappa]: [(35.07706,73.87727),4.89830]
	9205.57126	   0.04354	[mu,kappa]: [(38.61363,83.83592),15.68835]
	26474.60186	   0.12521	[mu,kappa]: [(40.06322,86.16189),44.43242]
	5988.55057	   0.02832	[mu,kappa]: [(36.62296,78.93682),7.60942]
	9022.86866	   0.04268	[mu,kappa]: [(125.16473,307.67648),2.15479]
	9322.30859	   0.04409	[mu,kappa]: [(38.67832,84.00745),16.32387]
	16676.26258	   0.07887	[mu,kappa]: [(39.61285,85.73157),30.61608]
	9192.64876	   0.04348	[mu,kappa]: [(38.58617,83.77095),15.46217]
	4573.86762	   0.02163	[mu,kappa]: [(33.05881,45.66980),1.86071]
	5369.14507	   0.02540	[mu,kappa]: [(74.16459,339.26270),0.88358]
	8940.18027	   0.04228	[mu,kappa]: [(125.55716,307.42860),2.19368]
	4640.55920	   0.02195	[mu,kappa]: [(34.69608,33.20406),1.50572]
	9707.85367	   0.04592	[mu,kappa]: [(38.78220,84.21275),17.16153]
	15665.48705	   0.07409	[mu,kappa]: [(39.53306,85.63107),28.81103]
	4934.69669	   0.02334	[mu,kappa]: [(48.23672,2.24688),1.00620]
	4596.88596	   0.02174	[mu,kappa]: [(32.85488,57.80986),2.45689]
	6618.76280	   0.03131	[mu,kappa]: [(37.19441,80.43568),9.05330]
	4857.92669	   0.02298	[mu,kappa]: [(41.53484,12.93497),1.13965]
	4865.31244	   0.02301	[mu,kappa]: [(41.15290,13.79757),1.15085]
	4772.08896	   0.02257	[mu,kappa]: [(37.49614,22.66066),1.29306]
	15885.91653	   0.07513	[mu,kappa]: [(133.81058,301.40114),3.89177]
	10555.62555	   0.04992	[mu,kappa]: [(38.92352,84.53483),18.71977]
	4645.96215	   0.02198	[mu,kappa]: [(33.34743,42.39679),1.75102]
	4606.48764	   0.02179	[mu,kappa]: [(34.36742,34.91619),1.54650]
			msglen: 4522166.80689 bits.
Iteration #: 6
	3672.56794	   0.01737	[mu,kappa]: [(49.41566,344.75995),1.34476]
	4395.34082	   0.02079	[mu,kappa]: [(33.98948,72.38449),5.69935]
	9057.09550	   0.04284	[mu,kappa]: [(38.86094,85.22256),19.30401]
	34293.79635	   0.16219	[mu,kappa]: [(40.72812,86.38521),64.95547]
	5265.54211	   0.02491	[mu,kappa]: [(36.30989,79.60876),8.64169]
	8957.54795	   0.04237	[mu,kappa]: [(128.71785,302.89718),3.40052]
	9245.40599	   0.04373	[mu,kappa]: [(38.94441,85.35832),20.21838]
	19282.67782	   0.09120	[mu,kappa]: [(40.15925,86.29082),42.28874]
	9018.46156	   0.04265	[mu,kappa]: [(38.82665,85.16981),18.98020]
	3374.64920	   0.01596	[mu,kappa]: [(29.87309,32.86962),2.33690]
	4060.46924	   0.01921	[mu,kappa]: [(80.61286,324.19027),1.28381]
	8933.61433	   0.04225	[mu,kappa]: [(129.11493,302.76024),3.46425]
	3379.29375	   0.01598	[mu,kappa]: [(32.37173,16.33368),1.89659]
	9728.22079	   0.04601	[mu,kappa]: [(39.07070,85.50987),21.43785]
	17808.18588	   0.08423	[mu,kappa]: [(40.05479,86.26179),39.38287]
	3602.33380	   0.01704	[mu,kappa]: [(51.48696,342.87556),1.31978]
	3492.47403	   0.01652	[mu,kappa]: [(29.88463,49.78898),3.06442]
	5949.57053	   0.02814	[mu,kappa]: [(37.08002,81.59179),10.36368]
	3526.89976	   0.01668	[mu,kappa]: [(42.48869,353.14370),1.46010]
	3531.16195	   0.01670	[mu,kappa]: [(41.93195,354.02065),1.47243]
	3461.68176	   0.01637	[mu,kappa]: [(36.63181,3.63349),1.63802]
	19842.73710	   0.09385	[mu,kappa]: [(137.83584,300.05161),6.06264]
	10777.98083	   0.05098	[mu,kappa]: [(39.25176,85.73042),23.73460]
	3411.82906	   0.01614	[mu,kappa]: [(30.28626,28.40271),2.20063]
	3358.46197	   0.01589	[mu,kappa]: [(31.86632,18.51969),1.94695]
			msglen: 4494520.35926 bits.
Iteration #: 7
	3341.45644	   0.01581	[mu,kappa]: [(44.04804,340.38081),1.72270]
	4512.28112	   0.02134	[mu,kappa]: [(34.29899,71.48295),5.59867]
	8731.89019	   0.04130	[mu,kappa]: [(38.69244,85.96580),18.85896]
	37189.40246	   0.17589	[mu,kappa]: [(41.24509,86.29293),82.38505]
	5299.12387	   0.02506	[mu,kappa]: [(36.46518,79.80816),8.09620]
	8620.01294	   0.04077	[mu,kappa]: [(129.63886,301.00624),4.11320]
	8906.17061	   0.04212	[mu,kappa]: [(38.78465,86.06206),19.88474]
	19346.74545	   0.09150	[mu,kappa]: [(40.45957,86.32532),48.67124]
	8697.89865	   0.04114	[mu,kappa]: [(38.65524,85.92679),18.49947]
	3308.10195	   0.01565	[mu,kappa]: [(28.39062,30.47858),2.77316]
	3582.79309	   0.01695	[mu,kappa]: [(73.23154,319.57013),1.58357]
	8627.43337	   0.04081	[mu,kappa]: [(130.15482,300.94624),4.19286]
	3228.65323	   0.01527	[mu,kappa]: [(29.91784,13.29867),2.33370]
	9365.51642	   0.04430	[mu,kappa]: [(38.93287,86.15576),21.27575]
	17705.27112	   0.08374	[mu,kappa]: [(40.30718,86.33768),44.52766]
	3266.48202	   0.01545	[mu,kappa]: [(45.84643,338.45066),1.69047]
	3519.44727	   0.01665	[mu,kappa]: [(29.28490,47.82860),3.44259]
	5916.88341	   0.02799	[mu,kappa]: [(37.10684,82.16704),9.66858]
	3251.29421	   0.01538	[mu,kappa]: [(38.10747,349.07865),1.86035]
	3259.22472	   0.01542	[mu,kappa]: [(37.63553,349.99829),1.87431]
	3243.61262	   0.01534	[mu,kappa]: [(33.24692,0.02651),2.05945]
	21589.03905	   0.10211	[mu,kappa]: [(141.46594,300.71104),7.25989]
	10378.84959	   0.04909	[mu,kappa]: [(39.15851,86.27117),23.96907]
	3320.83228	   0.01571	[mu,kappa]: [(28.55579,25.86228),2.64024]
	3219.58393	   0.01523	[mu,kappa]: [(29.55263,15.57730),2.38560]
			msglen: 4486693.98919 bits.
Iteration #: 8
	3249.12375	   0.01537	[mu,kappa]: [(41.11848,335.93147),2.03292]
	4737.77446	   0.02241	[mu,kappa]: [(36.56572,71.72776),5.40807]
	8538.41209	   0.04038	[mu,kappa]: [(38.37020,86.49475),17.80851]
	38931.59441	   0.18413	[mu,kappa]: [(41.67236,86.18090),99.40771]
	5486.48177	   0.02595	[mu,kappa]: [(37.83062,79.93839),7.55869]
	8369.23593	   0.03958	[mu,kappa]: [(128.19328,299.44097),4.57951]
	8681.83381	   0.04106	[mu,kappa]: [(38.43846,86.55740),18.84885]
	18865.00618	   0.08922	[mu,kappa]: [(40.58747,86.24514),52.87216]
	8515.16979	   0.04027	[mu,kappa]: [(38.34317,86.46713),17.44702]
	3360.69788	   0.01590	[mu,kappa]: [(28.20830,31.91572),2.98768]
	3410.54307	   0.01613	[mu,kappa]: [(68.10752,314.41213),1.95062]
	8386.91857	   0.03967	[mu,kappa]: [(128.88876,299.47083),4.65798]
	3232.17384	   0.01529	[mu,kappa]: [(28.60276,13.05571),2.58687]
	9095.26064	   0.04302	[mu,kappa]: [(38.57817,86.59864),20.27426]
	17152.37869	   0.08112	[mu,kappa]: [(40.36920,86.28179),47.48166]
	3169.11917	   0.01499	[mu,kappa]: [(42.77964,333.85842),2.00350]
	3633.79216	   0.01719	[mu,kappa]: [(30.41819,49.55931),3.58308]
	6056.74247	   0.02865	[mu,kappa]: [(37.93829,82.49005),8.97175]
	3187.04877	   0.01508	[mu,kappa]: [(35.60375,345.57291),2.15367]
	3197.12466	   0.01512	[mu,kappa]: [(35.16727,346.61743),2.16566]
	3210.65152	   0.01519	[mu,kappa]: [(31.23850,357.97742),2.33477]
	22349.17941	   0.10570	[mu,kappa]: [(144.51927,302.03080),7.92222]
	10022.46341	   0.04740	[mu,kappa]: [(38.81265,86.61624),23.10327]
	3359.94520	   0.01589	[mu,kappa]: [(28.04498,26.97097),2.86702]
	3229.32835	   0.01528	[mu,kappa]: [(28.37240,15.61318),2.63458]
			msglen: 4481938.37656 bits.
Iteration #: 9
	3185.75904	   0.01507	[mu,kappa]: [(40.24401,330.26697),2.32668]
	4970.16998	   0.02351	[mu,kappa]: [(40.44952,72.39098),5.26129]
	8480.83374	   0.04011	[mu,kappa]: [(37.92449,86.86023),17.02401]
	40187.96709	   0.19007	[mu,kappa]: [(42.04531,86.10400),115.76605]
	5701.78265	   0.02697	[mu,kappa]: [(40.21299,79.79736),7.18062]
	8256.34148	   0.03905	[mu,kappa]: [(124.90113,297.86529),5.00359]
	8599.77227	   0.04067	[mu,kappa]: [(37.93658,86.91199),18.04283]
	18298.31377	   0.08654	[mu,kappa]: [(40.54586,86.17643),55.29507]
	8466.18302	   0.04004	[mu,kappa]: [(37.92014,86.83531),16.67151]
	3358.54754	   0.01589	[mu,kappa]: [(28.93194,35.18035),3.09022]
	3384.76595	   0.01601	[mu,kappa]: [(66.09130,308.67511),2.48547]
	8263.55089	   0.03908	[mu,kappa]: [(125.81703,297.98090),5.06165]
	3195.07724	   0.01511	[mu,kappa]: [(27.94052,13.74756),2.73610]
	8976.61911	   0.04246	[mu,kappa]: [(38.03480,86.92623),19.43793]
	16577.10212	   0.07840	[mu,kappa]: [(40.23998,86.22972),48.86829]
	3107.05094	   0.01470	[mu,kappa]: [(41.92974,328.04907),2.31007]
	3694.46285	   0.01748	[mu,kappa]: [(32.92918,52.96371),3.63051]
	6232.59457	   0.02948	[mu,kappa]: [(39.44769,82.42200),8.49342]
	3125.29664	   0.01478	[mu,kappa]: [(34.51645,341.08953),2.39342]
	3135.28105	   0.01483	[mu,kappa]: [(34.05880,342.30766),2.40019]
	3156.47047	   0.01493	[mu,kappa]: [(30.10076,355.70092),2.52669]
	22702.05573	   0.10737	[mu,kappa]: [(147.37637,303.72301),8.45993]
	9829.67602	   0.04649	[mu,kappa]: [(38.23430,86.88273),22.24469]
	3346.26986	   0.01583	[mu,kappa]: [(28.33519,29.77907),2.98190]
	3196.05599	   0.01512	[mu,kappa]: [(27.85011,16.76029),2.77741]
			msglen: 4477682.72778 bits.
Iteration #: 10
	3097.53654	   0.01465	[mu,kappa]: [(40.19428,324.34076),2.69579]
	5245.24121	   0.02481	[mu,kappa]: [(45.51206,72.96567),5.19442]
	8511.64755	   0.04026	[mu,kappa]: [(37.36764,87.10597),16.63851]
	41013.20731	   0.19397	[mu,kappa]: [(42.39398,86.05062),131.34462]
	5935.57762	   0.02807	[mu,kappa]: [(43.25820,79.38167),6.93244]
	8254.45292	   0.03904	[mu,kappa]: [(120.65070,296.36027),5.58811]
	8618.99376	   0.04077	[mu,kappa]: [(37.30389,87.17047),17.63830]
	17766.14456	   0.08403	[mu,kappa]: [(40.34801,86.15281),56.21757]
	8501.16637	   0.04021	[mu,kappa]: [(37.39318,87.07508),16.29294]
	3298.65009	   0.01560	[mu,kappa]: [(30.26187,39.39739),3.17413]
	3451.75536	   0.01633	[mu,kappa]: [(65.59311,303.64903),3.30402]
	8229.56271	   0.03892	[mu,kappa]: [(121.77690,296.53996),5.60255]
	3096.28092	   0.01465	[mu,kappa]: [(27.42971,15.14085),2.87499]
	8977.35290	   0.04246	[mu,kappa]: [(37.33898,87.18607),18.99370]
	16093.81077	   0.07612	[mu,kappa]: [(39.93267,86.22524),49.11975]
	3025.98213	   0.01431	[mu,kappa]: [(41.98021,322.05281),2.70140]
	3719.20226	   0.01759	[mu,kappa]: [(36.52534,56.77840),3.67344]
	6410.23200	   0.03032	[mu,kappa]: [(41.34452,82.03455),8.18798]
	3020.61781	   0.01429	[mu,kappa]: [(33.91055,336.16050),2.67123]
	3028.87134	   0.01433	[mu,kappa]: [(33.39723,337.55631),2.66934]
	3046.29872	   0.01441	[mu,kappa]: [(29.12555,353.30514),2.72777]
	22924.41506	   0.10842	[mu,kappa]: [(150.19758,305.74358),9.11135]
	9788.23862	   0.04630	[mu,kappa]: [(37.46887,87.12580),21.72848]
	3271.64888	   0.01548	[mu,kappa]: [(29.08868,33.59753),3.07851]
	3101.11257	   0.01467	[mu,kappa]: [(27.51807,18.71632),2.90781]
			msglen: 4472977.50990 bits.
Iteration #: 11
	2983.12412	   0.01411	[mu,kappa]: [(40.10883,319.15504),3.23247]
	5582.61706	   0.02641	[mu,kappa]: [(51.22825,73.22277),5.24086]
	8581.68781	   0.04059	[mu,kappa]: [(36.74163,87.29446),16.59018]
	41478.19868	   0.19617	[mu,kappa]: [(42.73163,86.00475),146.40709]
	6173.28387	   0.02920	[mu,kappa]: [(46.60038,78.80367),6.81000]
	8337.53558	   0.03943	[mu,kappa]: [(116.50259,295.10574),6.48352]
	8690.00422	   0.04110	[mu,kappa]: [(36.59524,87.38514),17.58791]
	17318.86502	   0.08191	[mu,kappa]: [(40.01929,86.17826),56.19639]
	8571.05348	   0.04054	[mu,kappa]: [(36.79906,87.25298),16.24547]
	3192.75557	   0.01510	[mu,kappa]: [(31.85918,43.72673),3.28779]
	3601.42468	   0.01704	[mu,kappa]: [(65.40976,300.13445),4.50071]
	8258.24024	   0.03906	[mu,kappa]: [(117.76847,295.31857),6.42679]
	2945.48391	   0.01393	[mu,kappa]: [(26.74472,16.86363),3.06683]
	9046.99002	   0.04279	[mu,kappa]: [(36.55816,87.42019),18.92125]
	15738.41823	   0.07444	[mu,kappa]: [(39.47959,86.27880),48.82357]
	2923.19593	   0.01383	[mu,kappa]: [(41.99404,316.90740),3.26982]
	3722.74867	   0.01761	[mu,kappa]: [(40.77799,60.18952),3.75285]
	6562.22182	   0.03104	[mu,kappa]: [(43.34844,81.50859),8.03146]
	2875.85201	   0.01360	[mu,kappa]: [(33.22288,331.43850),3.07301]
	2881.02409	   0.01363	[mu,kappa]: [(32.64261,332.96540),3.05800]
	2886.95835	   0.01366	[mu,kappa]: [(27.93373,350.88021),3.01428]
	23125.68400	   0.10937	[mu,kappa]: [(152.73458,307.91315),9.92597]
	9848.64848	   0.04658	[mu,kappa]: [(36.59697,87.37585),21.60582]
	3147.47694	   0.01489	[mu,kappa]: [(29.97967,37.67991),3.20866]
	2954.50721	   0.01398	[mu,kappa]: [(27.05399,21.03906),3.08688]
			msglen: 4467892.81281 bits.
Iteration #: 12
	2869.52032	   0.01357	[mu,kappa]: [(39.52129,315.37492),4.02230]
	5966.34289	   0.02822	[mu,kappa]: [(56.90395,73.10262),5.42709]
	8658.87301	   0.04095	[mu,kappa]: [(36.12474,87.47370),16.75177]
	41683.54558	   0.19714	[mu,kappa]: [(43.05553,85.95891),161.06511]
	6384.42741	   0.03020	[mu,kappa]: [(49.82660,78.19470),6.83151]
	8472.50075	   0.04007	[mu,kappa]: [(113.39781,294.23207),7.66192]
	8777.12333	   0.04151	[mu,kappa]: [(35.89528,87.59276),17.76417]
	16978.17403	   0.08030	[mu,kappa]: [(39.59703,86.24692),55.83610]
	8645.00646	   0.04089	[mu,kappa]: [(36.21341,87.42140),16.40291]
	3050.44432	   0.01443	[mu,kappa]: [(33.30462,47.51063),3.44896]
	3801.46303	   0.01798	[mu,kappa]: [(65.01486,298.14577),5.97106]
	8323.86490	   0.03937	[mu,kappa]: [(114.71608,294.45125),7.51512]
	2764.27867	   0.01308	[mu,kappa]: [(25.70697,18.34323),3.35376]
	9144.68963	   0.04325	[mu,kappa]: [(35.78322,87.65281),19.10010]
	15511.16810	   0.07336	[mu,kappa]: [(38.93001,86.38562),48.51455]
	2823.06048	   0.01335	[mu,kappa]: [(41.45993,313.25246),4.09720]
	3702.56388	   0.01751	[mu,kappa]: [(45.11396,62.82231),3.88311]
	6664.00172	   0.03152	[mu,kappa]: [(45.20252,81.02437),8.03276]
	2721.05309	   0.01287	[mu,kappa]: [(32.22915,327.48042),3.68315]
	2721.86516	   0.01288	[mu,kappa]: [(31.59425,329.05435),3.64917]
	2706.92427	   0.01280	[mu,kappa]: [(26.46342,348.40233),3.45385]
	23331.96988	   0.11035	[mu,kappa]: [(154.60078,309.80392),10.76019]
	9961.94803	   0.04712	[mu,kappa]: [(35.71647,87.64008),21.78955]
	2986.88213	   0.01413	[mu,kappa]: [(30.64491,41.33464),3.39488]
	2776.30892	   0.01313	[mu,kappa]: [(26.24527,23.11084),3.35272]
			msglen: 4463218.03829 bits.
Iteration #: 13
	2793.13084	   0.01321	[mu,kappa]: [(38.49133,313.14833),5.10674]
	6357.34262	   0.03007	[mu,kappa]: [(61.89080,72.65628),5.74403]
	8727.21606	   0.04128	[mu,kappa]: [(35.61480,87.66542),16.98313]
	41717.98508	   0.19731	[mu,kappa]: [(43.35395,85.91256),174.98035]
	6542.37568	   0.03094	[mu,kappa]: [(52.57416,77.67933),7.00687]
	8611.26383	   0.04073	[mu,kappa]: [(111.55553,293.72969),8.84464]
	8859.23448	   0.04190	[mu,kappa]: [(35.30030,87.80728),18.02108]
	16746.74402	   0.07921	[mu,kappa]: [(39.12565,86.34852),55.61092]
	8708.86857	   0.04119	[mu,kappa]: [(35.73448,87.60496),16.62790]
	2883.22475	   0.01364	[mu,kappa]: [(34.34347,50.57431),3.64942]
	3983.38614	   0.01884	[mu,kappa]: [(64.47086,297.12878),7.45516]
	8396.06619	   0.03971	[mu,kappa]: [(112.88325,293.94339),8.61287]
	2579.50055	   0.01220	[mu,kappa]: [(24.36592,19.20552),3.75007]
	9242.92860	   0.04372	[mu,kappa]: [(35.10868,87.88881),19.38196]
	15394.00133	   0.07281	[mu,kappa]: [(38.33943,86.53231),48.55437]
	2758.19790	   0.01305	[mu,kappa]: [(40.43709,311.16864),5.21164]
	3652.85338	   0.01728	[mu,kappa]: [(49.07603,64.69003),4.05877]
	6711.33401	   0.03174	[mu,kappa]: [(46.74248,80.72641),8.20606]
	2597.18993	   0.01229	[mu,kappa]: [(31.06411,324.62357),4.56672]
	2592.43863	   0.01226	[mu,kappa]: [(30.39975,326.15893),4.50738]
	2543.42055	   0.01203	[mu,kappa]: [(24.94396,345.92078),4.09414]
	23542.44595	   0.11135	[mu,kappa]: [(155.65935,311.04652),11.38588]
	10089.75284	   0.04772	[mu,kappa]: [(34.91917,87.90937),22.14206]
	2805.79591	   0.01327	[mu,kappa]: [(30.89328,44.31063),3.63191]
	2591.30215	   0.01226	[mu,kappa]: [(25.09360,24.55718),3.71493]
			msglen: 4459552.25320 bits.
Iteration #: 14
	2764.02986	   0.01307	[mu,kappa]: [(37.37595,312.21719),6.39997]
	6714.68864	   0.03176	[mu,kappa]: [(65.82965,71.96734),6.13579]
	8781.72452	   0.04154	[mu,kappa]: [(35.28377,87.86913),17.17105]
	41643.13676	   0.19695	[mu,kappa]: [(43.61473,85.86787),187.48557]
	6642.69900	   0.03142	[mu,kappa]: [(54.63004,77.33850),7.32404]
	8716.99994	   0.04123	[mu,kappa]: [(110.52709,293.48871),9.73086]
	8926.22835	   0.04222	[mu,kappa]: [(34.87703,88.02457),18.23783]
	16613.35732	   0.07857	[mu,kappa]: [(38.64252,86.47105),55.82145]
	8759.49142	   0.04143	[mu,kappa]: [(35.43618,87.80444),16.81020]
	2706.16287	   0.01280	[mu,kappa]: [(35.02127,53.12692),3.86974]
	4116.25287	   0.01947	[mu,kappa]: [(64.16213,296.49655),8.82045]
	8451.05907	   0.03997	[mu,kappa]: [(111.86838,293.69753),9.43496]
	2409.76184	   0.01140	[mu,kappa]: [(22.95816,19.60440),4.24027]
	9325.73340	   0.04411	[mu,kappa]: [(34.59583,88.11933),19.63950]
	15362.18917	   0.07266	[mu,kappa]: [(37.74946,86.70221),49.14480]
	2735.16246	   0.01294	[mu,kappa]: [(39.31944,310.32187),6.50546]
	3578.53339	   0.01693	[mu,kappa]: [(52.44801,65.96308),4.26449]
	6726.65586	   0.03182	[mu,kappa]: [(47.92106,80.68701),8.55409]
	2524.32613	   0.01194	[mu,kappa]: [(29.98123,323.00041),5.71559]
	2513.40034	   0.01189	[mu,kappa]: [(29.30999,324.44901),5.62888]
	2418.01797	   0.01144	[mu,kappa]: [(23.65123,343.78061),4.94070]
	23754.22343	   0.11235	[mu,kappa]: [(156.10381,311.65621),11.71069]
	10206.01618	   0.04827	[mu,kappa]: [(34.25872,88.16653),22.53399]
	2620.59811	   0.01240	[mu,kappa]: [(30.82500,46.81034),3.89865]
	2417.55110	   0.01144	[mu,kappa]: [(23.81307,25.53500),4.15563]
			msglen: 4456917.34530 bits.
Iteration #: 15
	2758.18418	   0.01305	[mu,kappa]: [(36.41073,312.17654),7.68301]
	7007.71417	   0.03315	[mu,kappa]: [(68.71029,71.11227),6.51790]
	8823.81827	   0.04173	[mu,kappa]: [(35.15174,88.06974),17.24568]
	41500.37846	   0.19628	[mu,kappa]: [(43.83234,85.82670),197.97476]
	6700.80267	   0.03169	[mu,kappa]: [(55.95222,77.19491),7.75385]
	8781.27854	   0.04153	[mu,kappa]: [(109.84242,293.40072),10.24137]
	8975.50337	   0.04245	[mu,kappa]: [(34.64131,88.22935),18.33653]
	16554.26672	   0.07830	[mu,kappa]: [(38.16772,86.60459),56.63733]
	8799.71374	   0.04162	[mu,kappa]: [(35.34004,88.00469),16.88273]
	2537.59537	   0.01200	[mu,kappa]: [(35.49151,55.37641),4.09110]
	4224.26907	   0.01998	[mu,kappa]: [(64.29505,295.92883),10.04509]
	8480.32600	   0.04011	[mu,kappa]: [(111.21410,293.60879),9.90158]
	2264.99854	   0.01071	[mu,kappa]: [(21.70610,19.89980),4.78965]
	9385.96226	   0.04439	[mu,kappa]: [(34.25603,88.32809),19.78598]
	15388.62945	   0.07278	[mu,kappa]: [(37.17650,86.88189),50.40236]
	2728.17776	   0.01291	[mu,kappa]: [(38.38001,310.26247),7.74711]
	3494.81207	   0.01653	[mu,kappa]: [(55.16015,66.78202),4.47743]
	6744.92626	   0.03190	[mu,kappa]: [(48.77158,80.88950),9.06404]
	2494.38058	   0.01180	[mu,kappa]: [(29.08078,322.55367),7.01264]
	2478.16262	   0.01172	[mu,kappa]: [(28.41778,323.91482),6.90738]
	2333.70716	   0.01104	[mu,kappa]: [(22.69269,342.39114),5.94880]
	23960.76477	   0.11332	[mu,kappa]: [(156.21242,311.86677),11.81354]
	10295.48113	   0.04869	[mu,kappa]: [(33.73932,88.39282),22.86905]
	2448.01873	   0.01158	[mu,kappa]: [(30.63840,49.07803),4.17150]
	2266.12811	   0.01072	[mu,kappa]: [(22.63235,26.38113),4.64119]
			msglen: 4455083.65766 bits.
Iteration #: 16
	2749.47724	   0.01301	[mu,kappa]: [(35.65073,312.62816),8.76167]
	7223.98082	   0.03417	[mu,kappa]: [(70.77281,70.15357),6.81890]
	8855.76401	   0.04189	[mu,kappa]: [(35.20084,88.24837),17.18154]
	41328.91714	   0.19547	[mu,kappa]: [(44.00961,85.78955),206.20187]
	6738.40823	   0.03187	[mu,kappa]: [(56.64314,77.23305),8.26879]
	8806.38113	   0.04165	[mu,kappa]: [(109.30784,293.39577),10.47409]
	9006.81836	   0.04260	[mu,kappa]: [(34.57356,88.40481),18.28381]
	16536.96691	   0.07821	[mu,kappa]: [(37.70493,86.74465),58.16507]
	8832.61918	   0.04178	[mu,kappa]: [(35.42857,88.18591),16.82236]
	2391.94744	   0.01131	[mu,kappa]: [(35.84686,57.38232),4.29615]
	4341.69833	   0.02054	[mu,kappa]: [(64.70435,295.34997),11.12836]
	8481.92214	   0.04012	[mu,kappa]: [(110.71978,293.60575),10.10492]
	2149.96394	   0.01017	[mu,kappa]: [(20.69737,20.20562),5.35555]
	9420.30473	   0.04456	[mu,kappa]: [(34.06739,88.49994),19.77794]
	15446.41408	   0.07306	[mu,kappa]: [(36.61621,87.06594),52.43483]
	2712.56930	   0.01283	[mu,kappa]: [(37.68459,310.59797),8.75160]
	3415.52300	   0.01616	[mu,kappa]: [(57.24920,67.24633),4.67093]
	6794.67791	   0.03214	[mu,kappa]: [(49.37620,81.25574),9.71796]
	2490.09729	   0.01178	[mu,kappa]: [(28.34636,322.99027),8.29398]
	2470.88657	   0.01169	[mu,kappa]: [(27.69992,324.28959),8.18756]
	2286.19173	   0.01081	[mu,kappa]: [(22.03708,341.81236),7.03971]
	24153.96135	   0.11424	[mu,kappa]: [(156.17344,311.87287),11.80681]
	10348.79076	   0.04895	[mu,kappa]: [(33.33348,88.57509),23.08900]
	2300.55604	   0.01088	[mu,kappa]: [(30.44802,51.17439),4.42780]
	2143.16237	   0.01014	[mu,kappa]: [(21.65267,27.19299),5.13232]
			msglen: 4453768.38036 bits.
Iteration #: 17
	2729.90819	   0.01291	[mu,kappa]: [(35.09218,313.26802),9.56455]
	7367.51991	   0.03485	[mu,kappa]: [(72.31633,69.13678),7.01044]
	8878.83064	   0.04199	[mu,kappa]: [(35.39663,88.39179),16.99006]
	41173.91020	   0.19473	[mu,kappa]: [(44.15447,85.75571),212.28834]
	6772.50054	   0.03203	[mu,kappa]: [(56.86941,77.41870),8.86020]
	8799.16071	   0.04162	[mu,kappa]: [(108.89310,293.43275),10.55876]
	9020.52166	   0.04266	[mu,kappa]: [(34.64008,88.54090),18.08401]
	16528.27034	   0.07817	[mu,kappa]: [(37.24812,86.89244),60.50005]
	8859.67948	   0.04190	[mu,kappa]: [(35.66675,88.33352),16.64226]
	2273.55774	   0.01076	[mu,kappa]: [(36.11215,59.15272),4.47292]
	4480.02904	   0.02119	[mu,kappa]: [(65.10330,294.80566),12.04502]
	8459.58986	   0.04001	[mu,kappa]: [(110.34512,293.64500),10.16953]
	2063.34188	   0.00976	[mu,kappa]: [(19.91115,20.43722),5.89904]
	9427.55801	   0.04459	[mu,kappa]: [(33.99584,88.62770),19.60901]
	15514.49783	   0.07338	[mu,kappa]: [(36.05428,87.25710),55.39080]
	2683.77436	   0.01270	[mu,kappa]: [(37.22032,311.05695),9.46769]
	3345.42331	   0.01582	[mu,kappa]: [(58.82028,67.44885),4.82687]
	6889.59687	   0.03259	[mu,kappa]: [(49.82760,81.68669),10.50845]
	2498.08035	   0.01182	[mu,kappa]: [(27.75498,323.92251),9.43538]
	2478.42448	   0.01172	[mu,kappa]: [(27.12705,325.18794),9.34514]
	2267.94834	   0.01073	[mu,kappa]: [(21.60576,341.81533),8.12712]
	24325.37037	   0.11505	[mu,kappa]: [(156.08088,311.78385),11.76153]
	10360.85823	   0.04900	[mu,kappa]: [(33.00254,88.71054),23.16750]
	2181.44896	   0.01032	[mu,kappa]: [(30.27620,53.07665),4.65096]
	2048.19869	   0.00969	[mu,kappa]: [(20.86411,27.89000),5.59456]
			msglen: 4452721.16421 bits.
Iteration #: 18
	2703.10164	   0.01279	[mu,kappa]: [(34.71989,313.91148),10.10606]
	7449.83377	   0.03524	[mu,kappa]: [(73.57561,68.09614),7.10404]
	8893.69243	   0.04206	[mu,kappa]: [(35.69836,88.49568),16.70311]
	41081.43272	   0.19430	[mu,kappa]: [(44.27586,85.72398),216.56334]
	6812.42792	   0.03222	[mu,kappa]: [(56.79141,77.70608),9.53684]
	8772.20089	   0.04149	[mu,kappa]: [(108.59070,293.48685),10.58398]
	9017.82776	   0.04265	[mu,kappa]: [(34.80307,88.63670),17.76378]
	16499.02970	   0.07803	[mu,kappa]: [(36.78981,87.05196),63.75151]
	8881.24203	   0.04201	[mu,kappa]: [(36.01250,88.44180),16.37517]
	2179.31367	   0.01031	[mu,kappa]: [(36.28289,60.71088),4.61817]
	4627.95111	   0.02189	[mu,kappa]: [(65.32626,294.35161),12.75403]
	8423.36051	   0.03984	[mu,kappa]: [(110.07572,293.69996),10.18009]
	1999.83798	   0.00946	[mu,kappa]: [(19.28833,20.51836),6.39509]
	9408.85160	   0.04450	[mu,kappa]: [(34.00522,88.71348),19.29585]
	15580.82562	   0.07369	[mu,kappa]: [(35.47762,87.46200),59.47952]
	2648.51545	   0.01253	[mu,kappa]: [(36.95912,311.48811),9.92743]
	3282.10515	   0.01552	[mu,kappa]: [(59.98608,67.47969),4.94069]
	7031.05670	   0.03326	[mu,kappa]: [(50.19697,82.08972),11.44217]
	2510.18596	   0.01187	[mu,kappa]: [(27.29297,325.04340),10.37592]
	2491.97876	   0.01179	[mu,kappa]: [(26.68095,326.29576),10.31378]
	2269.74629	   0.01074	[mu,kappa]: [(21.32067,342.14655),9.13914]
	24468.79082	   0.11573	[mu,kappa]: [(155.97760,311.65702),11.71093]
	10331.07085	   0.04886	[mu,kappa]: [(32.70709,88.80618),23.09657]
	2087.23159	   0.00987	[mu,kappa]: [(30.10532,54.77690),4.83494]
	1976.38908	   0.00935	[mu,kappa]: [(20.21576,28.40212),6.00735]
			msglen: 4451757.33522 bits.
Iteration #: 19
	2674.33769	   0.01265	[mu,kappa]: [(34.50743,314.47292),10.43510]
	7483.70993	   0.03540	[mu,kappa]: [(74.69760,67.06409),7.13125]
	8899.93361	   0.04209	[mu,kappa]: [(36.06280,88.56482),16.35752]
	41092.78990	   0.19435	[mu,kappa]: [(44.38053,85.69343),219.41838]
	6861.52908	   0.03245	[mu,kappa]: [(56.53691,78.04319),10.31225]
	8738.51914	   0.04133	[mu,kappa]: [(108.37744,293.54247),10.59392]
	9000.10965	   0.04257	[mu,kappa]: [(35.02397,88.69984),17.35832]
	16424.13713	   0.07768	[mu,kappa]: [(36.32852,87.22602),68.03913]
	8896.15573	   0.04208	[mu,kappa]: [(36.42082,88.51436),16.05756]
	2103.65976	   0.00995	[mu,kappa]: [(36.35248,62.09413),4.73547]
	4768.77387	   0.02256	[mu,kappa]: [(65.35193,294.01000),13.24169]
	8383.91662	   0.03965	[mu,kappa]: [(109.88577,293.75419),10.17808]
	1953.63356	   0.00924	[mu,kappa]: [(18.77625,20.44820),6.83619]
	9366.84842	   0.04430	[mu,kappa]: [(34.06063,88.76731),18.86666]
	15640.83825	   0.07398	[mu,kappa]: [(34.88374,87.68502),64.95813]
	2613.77359	   0.01236	[mu,kappa]: [(36.86456,311.83013),10.18977]
	3220.98301	   0.01524	[mu,kappa]: [(60.83986,67.41892),5.01693]
	7213.35239	   0.03412	[mu,kappa]: [(50.52562,82.39518),12.53494]
	2521.81398	   0.01193	[mu,kappa]: [(26.94142,326.17745),11.10681]
	2506.12676	   0.01185	[mu,kappa]: [(26.34064,327.43083),11.07894]
	2283.09634	   0.01080	[mu,kappa]: [(21.12161,342.64560),10.03351]
	24582.88657	   0.11627	[mu,kappa]: [(155.88236,311.52222),11.66807]
	10262.56560	   0.04854	[mu,kappa]: [(32.41126,88.87573),22.87830]
	2012.37850	   0.00952	[mu,kappa]: [(29.91441,56.29113),4.98303]
	1922.13094	   0.00909	[mu,kappa]: [(19.66172,28.72480),6.36672]
			msglen: 4450760.59955 bits.
Iteration #: 20
	2646.91912	   0.01252	[mu,kappa]: [(34.42109,314.92945),10.60836]
	7481.60330	   0.03539	[mu,kappa]: [(75.75843,66.07548),7.12664]
	8895.82634	   0.04207	[mu,kappa]: [(36.44657,88.61271),15.98625]
	41240.60163	   0.19505	[mu,kappa]: [(44.47103,85.66411),221.23683]
	6918.89106	   0.03273	[mu,kappa]: [(56.19750,78.38023),11.19365]
	8706.58202	   0.04118	[mu,kappa]: [(108.22464,293.59056),10.60559]
	8968.41374	   0.04242	[mu,kappa]: [(35.26474,88.74554),16.90378]
	16281.76666	   0.07701	[mu,kappa]: [(35.87291,87.41283),73.45466]
	8901.68639	   0.04210	[mu,kappa]: [(36.84663,88.56395),15.72064]
	2041.42902	   0.00966	[mu,kappa]: [(36.32704,63.33806),4.83085]
	4892.22046	   0.02314	[mu,kappa]: [(65.22720,293.77439),13.53485]
	8347.97255	   0.03948	[mu,kappa]: [(109.74712,293.79850),10.17891]
	1919.96504	   0.00908	[mu,kappa]: [(18.34337,20.27362),7.22781]
	9305.20338	   0.04401	[mu,kappa]: [(34.12916,88.80544),18.35641]
	15693.36870	   0.07422	[mu,kappa]: [(34.28554,87.92289),72.06410]
	2583.27313	   0.01222	[mu,kappa]: [(36.89607,312.07498),10.31452]
	3158.74726	   0.01494	[mu,kappa]: [(61.45720,67.33080),5.06319]
	7427.63148	   0.03513	[mu,kappa]: [(50.83036,82.56484),13.80805]
	2530.70401	   0.01197	[mu,kappa]: [(26.67790,327.24752),11.65188]
	2517.98109	   0.01191	[mu,kappa]: [(26.08359,328.51147),11.66017]
	2301.71715	   0.01089	[mu,kappa]: [(20.97088,343.23194),10.79784]
	24670.70720	   0.11668	[mu,kappa]: [(155.80182,311.39424),11.63660]
	10162.26777	   0.04806	[mu,kappa]: [(32.08392,88.93643),22.52720]
	1951.77583	   0.00923	[mu,kappa]: [(29.69608,57.64086),5.10316]
	1880.74568	   0.00890	[mu,kappa]: [(19.17658,28.89335),6.68036]
			msglen: 4449686.50783 bits.
Iteration #: 21
	2622.19639	   0.01240	[mu,kappa]: [(34.42851,315.28768),10.67722]
	7456.08572	   0.03527	[mu,kappa]: [(76.78378,65.16588),7.11894]
	8879.72023	   0.04200	[mu,kappa]: [(36.80955,88.65906),15.61489]
	41542.15256	   0.19647	[mu,kappa]: [(44.54506,85.63766),222.36840]
	6980.93343	   0.03302	[mu,kappa]: [(55.83125,78.67904),12.17731]
	8679.86635	   0.04105	[mu,kappa]: [(108.10939,293.62731),10.62308]
	8924.39749	   0.04221	[mu,kappa]: [(35.48987,88.79380),16.43380]
	16054.34370	   0.07593	[mu,kappa]: [(35.44097,87.60448),79.98905]
	8895.08981	   0.04207	[mu,kappa]: [(37.24861,88.61006),15.38706]
	1988.81185	   0.00941	[mu,kappa]: [(36.23027,64.46597),4.91004]
	4995.62584	   0.02363	[mu,kappa]: [(65.00839,293.62548),13.68154]
	8317.98346	   0.03934	[mu,kappa]: [(109.63878,293.82938),10.18594]
	1895.21310	   0.00897	[mu,kappa]: [(17.97796,20.05405),7.58048]
	9229.26002	   0.04365	[mu,kappa]: [(34.18074,88.84759),17.80500]
	15734.57153	   0.07442	[mu,kappa]: [(33.70843,88.16294),80.87875]
	2558.05508	   0.01210	[mu,kappa]: [(37.01630,312.23722),10.35193]
	3094.78949	   0.01464	[mu,kappa]: [(61.90231,67.26121),5.08692]
	7665.22896	   0.03625	[mu,kappa]: [(51.11207,82.59152),15.28776]
	2535.99921	   0.01200	[mu,kappa]: [(26.48395,328.22763),12.04787]
	2526.28901	   0.01195	[mu,kappa]: [(25.89216,329.50862),12.09144]
	2321.44699	   0.01098	[mu,kappa]: [(20.85035,343.86501),11.43816]
	24737.51061	   0.11700	[mu,kappa]: [(155.73652,311.27966),11.61584]
	10042.31295	   0.04750	[mu,kappa]: [(31.69956,89.00575),22.07804]
	1901.46519	   0.00900	[mu,kappa]: [(29.46128,58.83953),5.20373]
	1848.65102	   0.00875	[mu,kappa]: [(18.75487,28.95367),6.96020]
			msglen: 4448560.49843 bits.
Iteration #: 22
	2600.41231	   0.01230	[mu,kappa]: [(34.50330,315.56272),10.68221]
	7420.04190	   0.03510	[mu,kappa]: [(77.76468,64.36705),7.12806]
	8852.33025	   0.04187	[mu,kappa]: [(37.12051,88.72477),15.26143]
	41989.91612	   0.19859	[mu,kappa]: [(44.59673,85.61713),223.10342]
	7043.67856	   0.03332	[mu,kappa]: [(55.46861,78.91934),13.25011]
	8658.79488	   0.04095	[mu,kappa]: [(108.01699,293.65253),10.64551]
	8871.87866	   0.04196	[mu,kappa]: [(35.67117,88.86446),15.97758]
	15731.97504	   0.07441	[mu,kappa]: [(35.05394,87.78886),87.46315]
	8876.13733	   0.04198	[mu,kappa]: [(37.59507,88.67387),15.07134]
	1943.43591	   0.00919	[mu,kappa]: [(36.10118,65.48593),4.97769]
	5080.64108	   0.02403	[mu,kappa]: [(64.73931,293.54142),13.72949]
	8293.90748	   0.03923	[mu,kappa]: [(109.54821,293.84720),10.19803]
	1876.56993	   0.00888	[mu,kappa]: [(17.68149,19.84248),7.90374]
	9146.87050	   0.04326	[mu,kappa]: [(34.19165,88.91206),17.25429]
	15752.37137	   0.07450	[mu,kappa]: [(33.17943,88.38739),91.18714]
	2537.79714	   0.01200	[mu,kappa]: [(37.19509,312.33542),10.33945]
	3031.15740	   0.01434	[mu,kappa]: [(62.23000,67.23907),5.09485]
	7921.19626	   0.03747	[mu,kappa]: [(51.36391,82.49161),17.00699]
	2537.53778	   0.01200	[mu,kappa]: [(26.34786,329.11157),12.33119]
	2530.65221	   0.01197	[mu,kappa]: [(25.75583,330.41370),12.40745]
	2339.55080	   0.01107	[mu,kappa]: [(20.75543,344.51820),11.96732]
	24788.82783	   0.11724	[mu,kappa]: [(155.68437,311.18088),11.60320]
	9920.55269	   0.04692	[mu,kappa]: [(31.24100,89.09700),21.59022]
	1858.67294	   0.00879	[mu,kappa]: [(29.23705,59.88824),5.29171]
	1823.09363	   0.00862	[mu,kappa]: [(18.40460,28.94795),7.21689]
			msglen: 4447452.26318 bits.
Iteration #: 23
	2581.39040	   0.01221	[mu,kappa]: [(34.62482,315.76869),10.65226]
	7385.48874	   0.03493	[mu,kappa]: [(78.67197,63.70134),7.16474]
	8817.70943	   0.04171	[mu,kappa]: [(37.36302,88.82650),14.93769]
	42546.31817	   0.20122	[mu,kappa]: [(44.62016,85.60597),223.64613]
	7104.71947	   0.03360	[mu,kappa]: [(55.12085,79.09862),14.39351]
	8642.55362	   0.04088	[mu,kappa]: [(107.93901,293.66803),10.67070]
	8816.99032	   0.04170	[mu,kappa]: [(35.79369,88.97158),15.55831]
	15317.12586	   0.07244	[mu,kappa]: [(34.72760,87.95437),95.53682]
	8848.30854	   0.04185	[mu,kappa]: [(37.86957,88.77286),14.78206]
	1904.02900	   0.00901	[mu,kappa]: [(35.98658,66.39347),5.03756]
	5150.26836	   0.02436	[mu,kappa]: [(64.44890,293.50250),13.71594]
	8274.77622	   0.03914	[mu,kappa]: [(109.46879,293.85428),10.21297]
	1861.76960	   0.00881	[mu,kappa]: [(17.46106,19.67543),8.20325]
	9067.41689	   0.04289	[mu,kappa]: [(34.14991,89.01038),16.74282]
	15728.16222	   0.07439	[mu,kappa]: [(32.71464,88.58191),102.48569]
	2521.74901	   0.01193	[mu,kappa]: [(37.40897,312.38446),10.30243]
	2971.50319	   0.01406	[mu,kappa]: [(62.48430,67.27971),5.09317]
	8196.60238	   0.03877	[mu,kappa]: [(51.57736,82.29481),19.00651]
	2535.52303	   0.01199	[mu,kappa]: [(26.26303,329.89825),12.53250]
	2531.13283	   0.01197	[mu,kappa]: [(25.66923,331.22353),12.63791]
	2354.21795	   0.01114	[mu,kappa]: [(20.68888,345.16682),12.39891]
	24829.44895	   0.11743	[mu,kappa]: [(155.64264,311.09831),11.59567]
	9817.32882	   0.04643	[mu,kappa]: [(30.70405,89.21456),21.14088]
	1821.56629	   0.00862	[mu,kappa]: [(29.05917,60.77806),5.37211]
	1801.90070	   0.00852	[mu,kappa]: [(18.13912,28.90799),7.45718]
			msglen: 4446427.73761 bits.
Iteration #: 24
	2564.91370	   0.01213	[mu,kappa]: [(34.77573,315.91627),10.60629]
	7361.63868	   0.03482	[mu,kappa]: [(79.47147,63.17731),7.23149]
	8781.52464	   0.04153	[mu,kappa]: [(37.53703,88.97378),14.65008]
	43150.84029	   0.20408	[mu,kappa]: [(44.61324,85.60649),224.12554]
	7163.03039	   0.03388	[mu,kappa]: [(54.78877,79.22689),15.58569]
	8630.07932	   0.04082	[mu,kappa]: [(107.87075,293.67628),10.69663]
	8766.00991	   0.04146	[mu,kappa]: [(35.85820,89.12060),15.19127]
	14826.67693	   0.07012	[mu,kappa]: [(34.46675,88.09442),103.82610]
	8817.15266	   0.04170	[mu,kappa]: [(38.07216,88.91789),14.52325]
	1869.92470	   0.00885	[mu,kappa]: [(35.93014,67.17719),5.09236]
	5207.36622	   0.02463	[mu,kappa]: [(64.15488,293.49270),13.66638]
	8259.50473	   0.03907	[mu,kappa]: [(109.39713,293.85353),10.22880]
	1849.00648	   0.00875	[mu,kappa]: [(17.32294,19.56659),8.48064]
	8998.71671	   0.04256	[mu,kappa]: [(34.05804,89.14418),16.29918]
	15647.81971	   0.07401	[mu,kappa]: [(32.31519,88.74120),114.18500]
	2509.18594	   0.01187	[mu,kappa]: [(37.63882,312.39414),10.25634]
	2919.59910	   0.01381	[mu,kappa]: [(62.69738,67.38780),5.08732]
	8497.39816	   0.04019	[mu,kappa]: [(51.74579,82.03462),21.33310]
	2530.47709	   0.01197	[mu,kappa]: [(26.22453,330.58734),12.67594]
	2528.17655	   0.01196	[mu,kappa]: [(25.62854,331.93598),12.80657]
	2364.43243	   0.01118	[mu,kappa]: [(20.65566,345.78518),12.74584]
	24863.10884	   0.11759	[mu,kappa]: [(155.60877,311.03144),11.59051]
	9749.11219	   0.04611	[mu,kappa]: [(30.09982,89.35074),20.80677]
	1788.93250	   0.00846	[mu,kappa]: [(28.96122,61.49576),5.44779]
	1783.37212	   0.00844	[mu,kappa]: [(17.96937,28.85034),7.68365]
			msglen: 4445514.27542 bits.
Iteration #: 25
	2550.84085	   0.01207	[mu,kappa]: [(34.94003,316.01326),10.55540]
	7353.72518	   0.03478	[mu,kappa]: [(80.13666,62.78874),7.32453]
	8748.34132	   0.04138	[mu,kappa]: [(37.65516,89.16961),14.39966]
	43737.72496	   0.20686	[mu,kappa]: [(44.57879,85.61911),224.64180]
	7217.01520	   0.03413	[mu,kappa]: [(54.46951,79.31968),16.80019]
	8620.43050	   0.04077	[mu,kappa]: [(107.80944,293.67962),10.72185]
	8722.80878	   0.04126	[mu,kappa]: [(35.87782,89.30930),14.88246]
	14288.14798	   0.06758	[mu,kappa]: [(34.26637,88.20839),112.04450]
	8787.48786	   0.04156	[mu,kappa]: [(38.21545,89.11364),14.29469]
	1840.67969	   0.00871	[mu,kappa]: [(35.96255,67.82557),5.14355]
	5254.19530	   0.02485	[mu,kappa]: [(63.86778,293.49999),13.59716]
	8247.16842	   0.03901	[mu,kappa]: [(109.33139,293.84762),10.24410]
	1837.00309	   0.00869	[mu,kappa]: [(17.26842,19.50727),8.73502]
	8944.34517	   0.04230	[mu,kappa]: [(33.93025,89.30631),15.93776]
	15511.52718	   0.07336	[mu,kappa]: [(31.97304,88.86776),125.83021]
	2499.52879	   0.01182	[mu,kappa]: [(37.86812,312.37040),10.20927]
	2878.19023	   0.01361	[mu,kappa]: [(62.89009,67.55939),5.08146]
	8830.39897	   0.04177	[mu,kappa]: [(51.86598,81.74190),24.03328]
	2523.23957	   0.01194	[mu,kappa]: [(26.22606,331.17997),12.77998]
	2522.60309	   0.01193	[mu,kappa]: [(25.62844,332.55060),12.93192]
	2370.00692	   0.01121	[mu,kappa]: [(20.65909,346.34922),13.02069]
	24892.49280	   0.11773	[mu,kappa]: [(155.58070,310.97915),11.58567]
	9723.84085	   0.04599	[mu,kappa]: [(29.45103,89.48685),20.64643]
	1759.95176	   0.00833	[mu,kappa]: [(28.96500,62.03076),5.51967]
	1766.30555	   0.00836	[mu,kappa]: [(17.89880,28.77564),7.89588]
			msglen: 4444704.01786 bits.
Iteration #: 26
	2539.06416	   0.01201	[mu,kappa]: [(35.10281,316.06583),10.50499]
	7363.20527	   0.03483	[mu,kappa]: [(80.65466,62.51817),7.43639]
	8720.51797	   0.04125	[mu,kappa]: [(37.73640,89.41225),14.18314]
	44252.92499	   0.20929	[mu,kappa]: [(44.52288,85.64273),225.29581]
	7263.15366	   0.03435	[mu,kappa]: [(54.16015,79.39271),18.00383]
	8612.86517	   0.04074	[mu,kappa]: [(107.75328,293.67996),10.74547]
	8688.29215	   0.04109	[mu,kappa]: [(35.87175,89.53065),14.62978]
	13731.94166	   0.06495	[mu,kappa]: [(34.11681,88.29949),120.06323]
	8762.12701	   0.04144	[mu,kappa]: [(38.31844,89.36010),14.09284]
	1815.92623	   0.00859	[mu,kappa]: [(36.09728,68.33232),5.19161]
	5292.45704	   0.02503	[mu,kappa]: [(63.59391,293.51626),13.51851]
	8237.04180	   0.03896	[mu,kappa]: [(109.27036,293.83868),10.25805]
	1825.07605	   0.00863	[mu,kappa]: [(17.29286,19.47545),8.96471]
	8903.66610	   0.04211	[mu,kappa]: [(33.78611,89.48453),15.65946]
	15332.59341	   0.07252	[mu,kappa]: [(31.67869,88.96747),137.16921]
	2492.30200	   0.01179	[mu,kappa]: [(38.08276,312.31703),10.16429]
	2848.59301	   0.01347	[mu,kappa]: [(63.07344,67.78404),5.07838]
	9199.50212	   0.04351	[mu,kappa]: [(51.93846,81.44158),27.14425]
	2514.85063	   0.01190	[mu,kappa]: [(26.25870,331.68021),12.85825]
	2515.48321	   0.01190	[mu,kappa]: [(25.66084,333.07042),13.02801]
	2371.50582	   0.01122	[mu,kappa]: [(20.69886,346.84092),13.23581]
	24919.36990	   0.11786	[mu,kappa]: [(155.55684,310.93972),11.57992]
	9741.38847	   0.04607	[mu,kappa]: [(28.78406,89.59858),20.69380]
	1734.11255	   0.00820	[mu,kappa]: [(29.07704,62.38080),5.58742]
	1750.03961	   0.00828	[mu,kappa]: [(17.92260,28.67500),8.09208]
			msglen: 4443976.52341 bits.
Iteration #: 27
	2529.43667	   0.01197	[mu,kappa]: [(35.25131,316.07933),10.45680]
	7388.75250	   0.03495	[mu,kappa]: [(81.02626,62.34236),7.55833]
	8698.86587	   0.04114	[mu,kappa]: [(37.80086,89.69638),13.99532]
	44662.13051	   0.21123	[mu,kappa]: [(44.45234,85.67556),226.18131]
	7296.45929	   0.03451	[mu,kappa]: [(53.85893,79.45908),19.15691]
	8606.82019	   0.04071	[mu,kappa]: [(107.70098,293.67865),10.76709]
	8661.59731	   0.04097	[mu,kappa]: [(35.85954,89.77517),14.42638]
	13184.49066	   0.06236	[mu,kappa]: [(34.00812,88.37217),127.88244]
	8742.39187	   0.04135	[mu,kappa]: [(38.40136,89.65335),13.91304]
	1795.35130	   0.00849	[mu,kappa]: [(36.33227,68.69827),5.23674]
	5323.48392	   0.02518	[mu,kappa]: [(63.33705,293.53680),13.43699]
	8228.56766	   0.03892	[mu,kappa]: [(109.21315,293.82817),10.27024]
	1813.07202	   0.00858	[mu,kappa]: [(17.38705,19.44732),9.16841]
	8873.80069	   0.04197	[mu,kappa]: [(33.64476,89.66522),15.45626]
	15128.86274	   0.07155	[mu,kappa]: [(31.42518,89.04612),148.09244]
	2487.07168	   0.01176	[mu,kappa]: [(38.27188,312.23697),10.12151]
	2830.83341	   0.01339	[mu,kappa]: [(63.25059,68.04705),5.07984]
	9604.02124	   0.04542	[mu,kappa]: [(51.96706,81.15192),30.68401]
	2506.34395	   0.01186	[mu,kappa]: [(26.31164,332.09544),12.92041]
	2507.91740	   0.01186	[mu,kappa]: [(25.71544,333.50221),13.10508]
	2369.98039	   0.01121	[mu,kappa]: [(20.77102,347.25078),13.40298]
	24944.79233	   0.11798	[mu,kappa]: [(155.53600,310.91104),11.57269]
	9797.39393	   0.04634	[mu,kappa]: [(28.12173,89.66305),20.96323]
	1711.16670	   0.00810	[mu,kappa]: [(29.29102,62.55391),5.65047]
	1734.39576	   0.00821	[mu,kappa]: [(18.02981,28.53901),8.27043]
			msglen: 4443314.44914 bits.
Iteration #: 28
	2521.74619	   0.01193	[mu,kappa]: [(35.37603,316.05865),10.41064]
	7427.32860	   0.03513	[mu,kappa]: [(81.26311,62.23728),7.68195]
	8683.63095	   0.04107	[mu,kappa]: [(37.86652,90.01351),13.83156]
	44950.62376	   0.21259	[mu,kappa]: [(44.37318,85.71575),227.36337]
	7312.09274	   0.03458	[mu,kappa]: [(53.56519,79.52827),20.21701]
	8601.87242	   0.04068	[mu,kappa]: [(107.65161,293.67656),10.78657]
	8641.42590	   0.04087	[mu,kappa]: [(35.85788,90.03230),14.26405]
	12665.00445	   0.05990	[mu,kappa]: [(33.93197,88.43046),135.57029]
	8729.00524	   0.04129	[mu,kappa]: [(38.48253,89.98565),13.75175]
	1778.67122	   0.00841	[mu,kappa]: [(36.65453,68.93039),5.27950]
	5348.40528	   0.02530	[mu,kappa]: [(63.09938,293.55967),13.35691]
	8221.31995	   0.03888	[mu,kappa]: [(109.15906,293.81705),10.28058]
	1801.18580	   0.00852	[mu,kappa]: [(17.53918,19.40480),9.34570]
	8851.51533	   0.04187	[mu,kappa]: [(33.52170,89.83587),15.31611]
	14915.22311	   0.07054	[mu,kappa]: [(31.20838,89.10813),158.54966]
	2483.42825	   0.01175	[mu,kappa]: [(38.42856,312.13296),10.07975]
	2823.95644	   0.01336	[mu,kappa]: [(63.41937,68.33131),5.08694]
	10038.74293	   0.04748	[mu,kappa]: [(51.95825,80.88520),34.64222]
	2498.56945	   0.01182	[mu,kappa]: [(26.37374,332.43514),12.97292]
	2500.83868	   0.01183	[mu,kappa]: [(25.78139,333.85538),13.17024]
	2366.63928	   0.01120	[mu,kappa]: [(20.86906,347.57716),13.53281]
	24969.31027	   0.11809	[mu,kappa]: [(155.51732,310.89083),11.56391]
	9886.90585	   0.04676	[mu,kappa]: [(27.47996,89.66464),21.45845]
	1691.04285	   0.00800	[mu,kappa]: [(29.59250,62.56681),5.70877]
	1719.51506	   0.00813	[mu,kappa]: [(18.20628,28.36356),8.42964]
			msglen: 4442707.43729 bits.
Iteration #: 29
	2515.73769	   0.01190	[mu,kappa]: [(35.47119,316.00831),10.36551]
	7475.06172	   0.03536	[mu,kappa]: [(81.38412,62.18134),7.80019]
	8674.93024	   0.04103	[mu,kappa]: [(37.94746,90.35245),13.68907]
	45119.36114	   0.21339	[mu,kappa]: [(44.29014,85.76161),228.86582]
	7307.00860	   0.03456	[mu,kappa]: [(53.27901,79.60604),21.14516]
	8597.70502	   0.04066	[mu,kappa]: [(107.60451,293.67421),10.80397]
	8626.66424	   0.04080	[mu,kappa]: [(35.87915,90.29132),14.13542]
	12185.27578	   0.05763	[mu,kappa]: [(33.88175,88.47750),143.21204]
	8722.47541	   0.04125	[mu,kappa]: [(38.57654,90.34582),13.60761]
	1765.58155	   0.00835	[mu,kappa]: [(37.04475,69.03968),5.32102]
	5368.23236	   0.02539	[mu,kappa]: [(62.88198,293.58475),13.28121]
	8214.97497	   0.03885	[mu,kappa]: [(109.10757,293.80581),10.28916]
	1789.75674	   0.00847	[mu,kappa]: [(17.73665,19.33718),9.49689]
	8834.11236	   0.04178	[mu,kappa]: [(33.42791,89.98650),15.22632]
	14700.66621	   0.06953	[mu,kappa]: [(31.02579,89.15672),168.50334]
	2481.00346	   0.01174	[mu,kappa]: [(38.54970,312.00794),10.03763]
	2826.33151	   0.01337	[mu,kappa]: [(63.57508,68.61907),5.10026]
	10494.75449	   0.04964	[mu,kappa]: [(51.92012,80.64882),38.97369]
	2492.11600	   0.01179	[mu,kappa]: [(26.43501,332.70947),13.01992]
	2494.91806	   0.01180	[mu,kappa]: [(25.84872,334.14025),13.22829]
	2362.59617	   0.01118	[mu,kappa]: [(20.98536,347.82384),13.63447]
	24993.15408	   0.11821	[mu,kappa]: [(155.50019,310.87691),11.55384]
	10006.17686	   0.04733	[mu,kappa]: [(26.86800,89.59813),22.17972]
	1673.73438	   0.00792	[mu,kappa]: [(29.96312,62.44179),5.76298]
	1705.67096	   0.00807	[mu,kappa]: [(18.43699,28.15058),8.56916]
			msglen: 4442150.39940 bits.
Iteration #: 30
	2511.15044	   0.01188	[mu,kappa]: [(35.53430,315.93260),10.32036]
	7527.92983	   0.03561	[mu,kappa]: [(81.41203,62.15698),7.90776]
	8672.70589	   0.04102	[mu,kappa]: [(38.05309,90.70053),13.56694]
	45180.35247	   0.21368	[mu,kappa]: [(44.20674,85.81157),230.67115]
	7280.92784	   0.03444	[mu,kappa]: [(53.00069,79.69465),21.91267]
	8594.08225	   0.04065	[mu,kappa]: [(107.55928,293.67183),10.81943]
	8616.41879	   0.04075	[mu,kappa]: [(35.93115,90.54235),14.03462]
	11750.94408	   0.05558	[mu,kappa]: [(33.85208,88.51556),150.87920]
	8723.01738	   0.04126	[mu,kappa]: [(38.69331,90.72047),13.48127]
	1755.72070	   0.00831	[mu,kappa]: [(37.48096,69.03937),5.36276]
	5383.87993	   0.02547	[mu,kappa]: [(62.68509,293.61291),13.21176]
	8209.28985	   0.03883	[mu,kappa]: [(109.05833,293.79468),10.29615]
	1779.11989	   0.00842	[mu,kappa]: [(17.96735,19.23955),9.62295]
	8819.53530	   0.04171	[mu,kappa]: [(33.37014,90.11048),15.17502]
	14488.79613	   0.06853	[mu,kappa]: [(30.87535,89.19434),177.92174]
	2479.48964	   0.01173	[mu,kappa]: [(38.63533,311.86516),9.99401]
	2835.93691	   0.01341	[mu,kappa]: [(63.71287,68.89350),5.11986]
	10960.57195	   0.05184	[mu,kappa]: [(51.86110,80.44640),43.59681]
	2487.32397	   0.01177	[mu,kappa]: [(26.48744,332.92815),13.06400]
	2490.56652	   0.01178	[mu,kappa]: [(25.90926,334.36691),13.28234]
	2358.74515	   0.01116	[mu,kappa]: [(21.11238,347.99758),13.71565]
	25016.36576	   0.11832	[mu,kappa]: [(155.48420,310.86735),11.54284]
	10152.78909	   0.04802	[mu,kappa]: [(26.29039,89.46920),23.12737]
	1659.21104	   0.00785	[mu,kappa]: [(30.38347,62.20366),5.81432]
	1693.12919	   0.00801	[mu,kappa]: [(18.70761,27.90589),8.68900]
			msglen: 4441640.98887 bits.
Iteration #: 31
	2507.74503	   0.01186	[mu,kappa]: [(35.56540,315.83578),10.27433]
	7582.27640	   0.03586	[mu,kappa]: [(81.37039,62.15118),8.00129]
	8676.56812	   0.04104	[mu,kappa]: [(38.18790,91.04514),13.46542]
	45152.40501	   0.21355	[mu,kappa]: [(44.12556,85.86406),232.72849]
	7236.41234	   0.03423	[mu,kappa]: [(52.73039,79.79311),22.50605]
	8590.83067	   0.04063	[mu,kappa]: [(107.51574,293.66949),10.83315]
	8609.87341	   0.04072	[mu,kappa]: [(36.01746,90.77728),13.95714]
	11363.10331	   0.05374	[mu,kappa]: [(33.83831,88.54630),158.61367]
	8730.37963	   0.04129	[mu,kappa]: [(38.83767,91.09568),13.37445]
	1748.67311	   0.00827	[mu,kappa]: [(37.94130,68.94391),5.40613]
	5396.16339	   0.02552	[mu,kappa]: [(62.50839,293.64536),13.14970]
	8204.08576	   0.03880	[mu,kappa]: [(109.01116,293.78372),10.30177]
	1769.53570	   0.00837	[mu,kappa]: [(18.22044,19.11043),9.72527]
	8806.19010	   0.04165	[mu,kappa]: [(33.35183,90.20478),15.15153]
	14279.72744	   0.06754	[mu,kappa]: [(30.75482,89.22308),186.79197]
	2478.64464	   0.01173	[mu,kappa]: [(38.68756,311.70823),9.94815]
	2850.63184	   0.01348	[mu,kappa]: [(63.82933,69.14033),5.14528]
	11423.46982	   0.05403	[mu,kappa]: [(51.78867,80.27862),48.39847]
	2484.34267	   0.01175	[mu,kappa]: [(26.52523,333.10023),13.10671]
	2487.98917	   0.01177	[mu,kappa]: [(25.95695,334.54481),13.33441]
	2355.74137	   0.01114	[mu,kappa]: [(21.24340,348.10651),13.78273]
	25038.88621	   0.11842	[mu,kappa]: [(155.46908,310.86059),11.53132]
	10324.86454	   0.04883	[mu,kappa]: [(25.74918,89.29262),24.30256]
	1647.38019	   0.00779	[mu,kappa]: [(30.83484,61.87742),5.86422]
	1682.08012	   0.00796	[mu,kappa]: [(19.00530,27.63655),8.78961]
			msglen: 4441177.82097 bits.
Iteration #: 32
	2505.31440	   0.01185	[mu,kappa]: [(35.56620,315.72210),10.22676]
	7635.14527	   0.03611	[mu,kappa]: [(81.28122,62.15521),8.07924]
	8685.77421	   0.04108	[mu,kappa]: [(38.35182,91.37529),13.38502]
	45057.38546	   0.21310	[mu,kappa]: [(44.04845,85.91749),234.96455]
	7178.17323	   0.03395	[mu,kappa]: [(52.46780,79.89765),22.92849]
	8587.82496	   0.04062	[mu,kappa]: [(107.47386,293.66714),10.84533]
	8606.23216	   0.04071	[mu,kappa]: [(36.13803,90.99046),13.89936]
	11019.79660	   0.05212	[mu,kappa]: [(33.83630,88.57095),166.42060]
	8743.82660	   0.04136	[mu,kappa]: [(39.00964,91.45886),13.28892]
	1744.00744	   0.00825	[mu,kappa]: [(38.40595,68.76832),5.45227]
	5405.79754	   0.02557	[mu,kappa]: [(62.35116,293.68316),13.09561]
	8199.23412	   0.03878	[mu,kappa]: [(108.96601,293.77286),10.30624]
	1761.18535	   0.00833	[mu,kappa]: [(18.48679,18.95046),9.80563]
	8792.81769	   0.04159	[mu,kappa]: [(33.37401,90.26965),15.14630]
	14072.02263	   0.06656	[mu,kappa]: [(30.66159,89.24487),195.13366]
	2478.28364	   0.01172	[mu,kappa]: [(38.70976,311.54098),9.89962]
	2868.39711	   0.01357	[mu,kappa]: [(63.92301,69.34903),5.17567]
	11870.95084	   0.05615	[mu,kappa]: [(51.70853,80.14402),53.24546]
	2483.19486	   0.01175	[mu,kappa]: [(26.54454,333.23409),13.14888]
	2487.25069	   0.01177	[mu,kappa]: [(25.98763,334.68279),13.38571]
	2354.04026	   0.01114	[mu,kappa]: [(21.37277,348.15966),13.84092]
	25060.61160	   0.11853	[mu,kappa]: [(155.45466,310.85543),11.51966]
	10520.00527	   0.04976	[mu,kappa]: [(25.24559,89.08921),25.70617]
	1638.09372	   0.00775	[mu,kappa]: [(31.30034,61.48674),5.91400]
	1672.63435	   0.00791	[mu,kappa]: [(19.31922,27.34934),8.87188]
			msglen: 4440759.50774 bits.
			N: 211428
		21.00365 bpr
Null model msglen: 4986120.20314 bits.	(23.58306 bpr)
