Iteration #: 0
	  63.00000	   0.03151	[mu,kappa]: [(97.24914,329.52800),1.21522]
	  66.00000	   0.03299	[mu,kappa]: [(96.51203,324.98416),1.71626]
	  76.00000	   0.03796	[mu,kappa]: [(90.58187,317.08012),1.92708]
	  65.00000	   0.03250	[mu,kappa]: [(87.13762,322.18894),1.55591]
	  66.00000	   0.03299	[mu,kappa]: [(110.18792,323.33323),1.75362]
	  64.00000	   0.03200	[mu,kappa]: [(89.72548,334.06092),1.21489]
	  58.00000	   0.02903	[mu,kappa]: [(96.34186,325.37987),1.44186]
	  67.00000	   0.03349	[mu,kappa]: [(97.05819,325.99964),1.42678]
	  74.00000	   0.03696	[mu,kappa]: [(102.02165,324.94434),1.91577]
	  79.00000	   0.03944	[mu,kappa]: [(94.08744,326.47498),1.39191]
	  55.00000	   0.02754	[mu,kappa]: [(103.17962,318.65871),2.00154]
	  70.00000	   0.03498	[mu,kappa]: [(107.90644,316.16048),2.06102]
	  62.00000	   0.03101	[mu,kappa]: [(99.01961,318.53391),1.81666]
	  60.00000	   0.03002	[mu,kappa]: [(100.60026,325.61558),1.39411]
	  65.00000	   0.03250	[mu,kappa]: [(81.87406,330.29254),1.34207]
	  69.00000	   0.03448	[mu,kappa]: [(97.21354,332.75649),1.44263]
	  72.00000	   0.03597	[mu,kappa]: [(109.84292,321.12294),2.09133]
	  83.00000	   0.04143	[mu,kappa]: [(102.23029,327.10323),1.72808]
	  73.00000	   0.03647	[mu,kappa]: [(105.40287,334.35240),1.74869]
	  71.00000	   0.03548	[mu,kappa]: [(97.13547,340.67305),1.40804]
	  58.00000	   0.02903	[mu,kappa]: [(110.89879,336.69527),1.40884]
	  61.00000	   0.03051	[mu,kappa]: [(106.20535,324.98620),1.66998]
	  63.00000	   0.03151	[mu,kappa]: [(108.29221,318.92066),2.24225]
	  61.00000	   0.03051	[mu,kappa]: [(97.85323,318.27942),1.88243]
	  57.00000	   0.02853	[mu,kappa]: [(81.62794,330.33833),1.49912]
	  49.00000	   0.02456	[mu,kappa]: [(96.81158,332.79539),1.63496]
	  56.00000	   0.02803	[mu,kappa]: [(106.03197,328.61148),1.74595]
	  54.00000	   0.02704	[mu,kappa]: [(104.55493,340.63122),1.17440]
	  77.00000	   0.03845	[mu,kappa]: [(75.40635,338.43552),1.26638]
	  54.00000	   0.02704	[mu,kappa]: [(89.36557,332.45951),1.71441]
	  52.00000	   0.02605	[mu,kappa]: [(111.96204,321.36013),1.81760]
			msglen: 44516.88203 bits.
Iteration #: 1
	  62.08575	   0.03105	[mu,kappa]: [(90.45812,338.45187),1.18621]
	  65.42536	   0.03271	[mu,kappa]: [(98.29271,323.40769),1.74418]
	  75.54206	   0.03773	[mu,kappa]: [(95.26419,317.08766),2.11099]
	  64.08621	   0.03204	[mu,kappa]: [(86.57452,327.28533),1.50448]
	  66.12288	   0.03306	[mu,kappa]: [(111.64000,319.85194),2.06470]
	  64.03255	   0.03202	[mu,kappa]: [(79.40802,345.92234),1.12808]
	  57.19546	   0.02863	[mu,kappa]: [(94.80200,329.11660),1.42506]
	  65.98782	   0.03299	[mu,kappa]: [(95.19888,329.74673),1.42286]
	  74.13731	   0.03703	[mu,kappa]: [(105.35758,319.53585),2.10470]
	  77.80793	   0.03885	[mu,kappa]: [(91.13280,331.88014),1.37051]
	  56.14870	   0.02811	[mu,kappa]: [(107.29203,315.04696),2.42329]
	  72.45624	   0.03620	[mu,kappa]: [(111.40986,313.06628),2.73421]
	  62.04961	   0.03103	[mu,kappa]: [(102.64121,317.57846),2.07729]
	  59.00392	   0.02952	[mu,kappa]: [(98.59769,329.35808),1.42054]
	  65.21713	   0.03261	[mu,kappa]: [(73.13405,342.40448),1.22489]
	  68.20035	   0.03409	[mu,kappa]: [(93.47557,335.12424),1.32874]
	  74.31480	   0.03712	[mu,kappa]: [(113.05560,314.97254),2.65862]
	  82.28468	   0.04107	[mu,kappa]: [(103.92646,323.52532),1.81802]
	  71.89349	   0.03592	[mu,kappa]: [(106.31580,328.30683),1.68526]
	  70.50235	   0.03523	[mu,kappa]: [(89.48795,344.57908),1.19348]
	  56.91060	   0.02848	[mu,kappa]: [(107.01441,336.28996),1.34500]
	  60.65570	   0.03034	[mu,kappa]: [(107.43944,322.45886),1.83386]
	  66.17655	   0.03308	[mu,kappa]: [(112.22813,312.84076),2.94710]
	  61.22640	   0.03063	[mu,kappa]: [(101.98841,316.81305),2.15241]
	  57.08068	   0.02857	[mu,kappa]: [(74.89648,338.41327),1.30007]
	  48.50654	   0.02431	[mu,kappa]: [(95.67863,331.08094),1.44620]
	  55.71743	   0.02789	[mu,kappa]: [(107.59918,323.72151),1.82184]
	  53.47092	   0.02678	[mu,kappa]: [(93.71973,348.45669),1.06568]
	  79.67448	   0.03978	[mu,kappa]: [(60.07013,358.55279),1.23334]
	  53.47113	   0.02678	[mu,kappa]: [(87.16663,331.96688),1.45220]
	  52.61496	   0.02635	[mu,kappa]: [(113.49927,317.86054),2.21589]
			msglen: 46373.01455 bits.
Iteration #: 2
	  60.31661	   0.03017	[mu,kappa]: [(79.44699,349.88315),1.10672]
	  63.16404	   0.03159	[mu,kappa]: [(100.83686,321.50770),1.87160]
	  74.43062	   0.03718	[mu,kappa]: [(100.59529,314.37229),2.50332]
	  61.53982	   0.03078	[mu,kappa]: [(83.95375,332.08222),1.40777]
	  66.54516	   0.03326	[mu,kappa]: [(114.39217,314.83181),2.68426]
	  64.43312	   0.03222	[mu,kappa]: [(62.48532,6.44975),1.16293]
	  54.80910	   0.02744	[mu,kappa]: [(92.37449,332.51225),1.36276]
	  63.17289	   0.03159	[mu,kappa]: [(92.61200,332.98181),1.37039]
	  74.19520	   0.03706	[mu,kappa]: [(109.40813,314.55297),2.64368]
	  74.71455	   0.03732	[mu,kappa]: [(86.12877,337.60216),1.28967]
	  58.86731	   0.02946	[mu,kappa]: [(111.59060,310.43738),3.36885]
	  79.72574	   0.03980	[mu,kappa]: [(114.88171,308.37006),4.17558]
	  61.93420	   0.03098	[mu,kappa]: [(107.06901,314.06457),2.58806]
	  56.44115	   0.02825	[mu,kappa]: [(96.57685,331.77695),1.39182]
	  65.99679	   0.03299	[mu,kappa]: [(57.57337,3.92933),1.25153]
	  65.61880	   0.03281	[mu,kappa]: [(87.11487,341.01163),1.22091]
	  80.88583	   0.04038	[mu,kappa]: [(116.18057,309.35119),3.98034]
	  79.97796	   0.03993	[mu,kappa]: [(106.74226,319.77417),2.08104]
	  69.23299	   0.03460	[mu,kappa]: [(107.66599,324.48749),1.81117]
	  69.18632	   0.03458	[mu,kappa]: [(75.47152,357.42820),1.10306]
	  54.26273	   0.02717	[mu,kappa]: [(102.86230,337.88338),1.28523]
	  59.39649	   0.02972	[mu,kappa]: [(110.00057,318.66934),2.16352]
	  74.94368	   0.03743	[mu,kappa]: [(115.52580,307.65358),4.61146]
	  61.50811	   0.03077	[mu,kappa]: [(106.76188,313.15879),2.71731]
	  56.97802	   0.02852	[mu,kappa]: [(61.42366,355.79596),1.22780]
	  46.59427	   0.02337	[mu,kappa]: [(93.08140,333.46448),1.33409]
	  54.48135	   0.02728	[mu,kappa]: [(110.03756,319.51790),2.10295]
	  52.60375	   0.02635	[mu,kappa]: [(76.85111,3.63626),1.02034]
	  88.16969	   0.04399	[mu,kappa]: [(45.28968,32.19437),1.71823]
	  51.65114	   0.02588	[mu,kappa]: [(82.09630,337.34101),1.28691]
	  54.22259	   0.02715	[mu,kappa]: [(116.12493,312.79476),3.01545]
			msglen: 46157.97231 bits.
Iteration #: 3
	  56.01528	   0.02804	[mu,kappa]: [(65.79063,6.45283),1.15758]
	  57.81748	   0.02893	[mu,kappa]: [(104.28948,318.78848),2.14676]
	  72.27028	   0.03611	[mu,kappa]: [(105.52192,310.67601),3.31409]
	  55.36149	   0.02772	[mu,kappa]: [(79.69040,337.96839),1.33054]
	  67.93379	   0.03395	[mu,kappa]: [(117.23485,310.12110),3.85904]
	  64.88209	   0.03244	[mu,kappa]: [(49.53076,32.21889),1.61503]
	  49.08976	   0.02460	[mu,kappa]: [(89.57630,336.55399),1.30523]
	  56.53150	   0.02830	[mu,kappa]: [(89.80919,336.74133),1.32347]
	  74.64834	   0.03729	[mu,kappa]: [(113.11576,309.99443),3.72721]
	  67.35931	   0.03367	[mu,kappa]: [(79.32960,345.31137),1.23153]
	  65.13513	   0.03257	[mu,kappa]: [(114.54455,306.59127),5.18647]
	  96.62135	   0.04819	[mu,kappa]: [(116.68317,305.01784),6.70536]
	  61.76650	   0.03089	[mu,kappa]: [(111.12331,310.01886),3.58445]
	  50.46406	   0.02529	[mu,kappa]: [(95.02822,334.24508),1.36585]
	  67.28841	   0.03363	[mu,kappa]: [(46.11263,31.68684),1.73679]
	  59.38307	   0.02971	[mu,kappa]: [(78.61178,350.25023),1.16233]
	  96.21065	   0.04798	[mu,kappa]: [(117.92631,305.59262),6.34342]
	  74.99628	   0.03746	[mu,kappa]: [(110.41991,315.56264),2.60592]
	  63.33203	   0.03167	[mu,kappa]: [(110.41956,320.80098),2.10547]
	  65.70649	   0.03285	[mu,kappa]: [(60.04768,17.24106),1.26400]
	  48.42865	   0.02428	[mu,kappa]: [(99.50148,340.93622),1.23969]
	  56.61060	   0.02834	[mu,kappa]: [(113.37407,314.38773),2.78575]
	  94.70182	   0.04723	[mu,kappa]: [(116.93898,304.49356),7.38840]
	  62.25353	   0.03114	[mu,kappa]: [(110.86681,309.16201),3.83524]
	  56.09595	   0.02808	[mu,kappa]: [(48.65930,21.25841),1.51497]
	  41.79261	   0.02098	[mu,kappa]: [(89.83733,337.87193),1.25242]
	  51.60288	   0.02585	[mu,kappa]: [(113.32610,315.25074),2.65677]
	  50.43903	   0.02527	[mu,kappa]: [(60.47390,24.25631),1.24678]
	 110.36932	   0.05501	[mu,kappa]: [(41.90862,57.65013),3.26629]
	  46.90504	   0.02352	[mu,kappa]: [(74.33815,346.80459),1.19787]
	  57.98728	   0.02902	[mu,kappa]: [(118.49329,308.40494),4.50640]
			msglen: 45813.68358 bits.
Iteration #: 4
	  48.78935	   0.02446	[mu,kappa]: [(58.38357,19.69664),1.35709]
	  50.79027	   0.02545	[mu,kappa]: [(107.93327,316.30601),2.53206]
	  70.42050	   0.03519	[mu,kappa]: [(108.18844,307.94273),4.42999]
	  46.21442	   0.02318	[mu,kappa]: [(76.93109,342.84675),1.31581]
	  70.75978	   0.03536	[mu,kappa]: [(119.28184,307.53585),5.21661]
	  64.00691	   0.03201	[mu,kappa]: [(45.45403,47.23841),2.41003]
	  40.84142	   0.02051	[mu,kappa]: [(89.06825,340.00829),1.28611]
	  47.00192	   0.02357	[mu,kappa]: [(89.37440,339.80267),1.31686]
	  76.35554	   0.03813	[mu,kappa]: [(115.27088,307.30709),5.06451]
	  56.36620	   0.02821	[mu,kappa]: [(74.96649,352.00807),1.24231]
	  73.98362	   0.03696	[mu,kappa]: [(115.36135,304.70094),7.09941]
	 118.04335	   0.05882	[mu,kappa]: [(116.63177,303.59663),8.92151]
	  62.33788	   0.03118	[mu,kappa]: [(113.42057,307.41787),4.83583]
	  42.02805	   0.02110	[mu,kappa]: [(96.02918,336.25885),1.37291]
	  67.75801	   0.03387	[mu,kappa]: [(42.96313,47.73419),2.62445]
	  49.91668	   0.02501	[mu,kappa]: [(73.28681,358.56127),1.18570]
	 115.74539	   0.05768	[mu,kappa]: [(118.12362,304.01076),8.42384]
	  69.13430	   0.03455	[mu,kappa]: [(113.86303,312.45730),3.30728]
	  55.84824	   0.02796	[mu,kappa]: [(114.32619,318.02967),2.51386]
	  59.19282	   0.02962	[mu,kappa]: [(52.94510,31.75842),1.63511]
	  40.29853	   0.02024	[mu,kappa]: [(99.96296,344.13484),1.23414]
	  53.48084	   0.02678	[mu,kappa]: [(116.59235,311.46986),3.57670]
	 118.71139	   0.05915	[mu,kappa]: [(116.60335,303.22849),9.66100]
	  64.09621	   0.03205	[mu,kappa]: [(112.90308,306.68193),5.22785]
	  53.34274	   0.02671	[mu,kappa]: [(44.22000,38.17303),2.10758]
	  34.79636	   0.01751	[mu,kappa]: [(89.01483,342.14763),1.21404]
	  48.20731	   0.02417	[mu,kappa]: [(116.68644,312.36622),3.36328]
	  46.02579	   0.02308	[mu,kappa]: [(53.84196,37.72462),1.66910]
	 152.47490	   0.07590	[mu,kappa]: [(41.61424,67.77869),6.37778]
	  39.54348	   0.01987	[mu,kappa]: [(69.10292,355.53482),1.20460]
	  63.48778	   0.03175	[mu,kappa]: [(119.94523,306.22416),6.06950]
			msglen: 45536.00500 bits.
Iteration #: 5
	  41.74222	   0.02096	[mu,kappa]: [(58.38889,22.03642),1.48017]
	  46.41365	   0.02328	[mu,kappa]: [(110.77250,315.31240),2.78369]
	  70.32045	   0.03514	[mu,kappa]: [(108.17640,306.63502),5.24804]
	  39.10527	   0.01965	[mu,kappa]: [(77.92700,343.97528),1.34864]
	  73.34891	   0.03664	[mu,kappa]: [(121.01416,306.82234),5.89909]
	  60.40834	   0.03022	[mu,kappa]: [(44.27205,50.47344),3.06060]
	  34.68751	   0.01746	[mu,kappa]: [(92.28279,341.78702),1.29868]
	  39.91727	   0.02005	[mu,kappa]: [(92.51637,341.17829),1.34244]
	  78.25700	   0.03908	[mu,kappa]: [(116.11089,306.32178),5.83499]
	  47.52015	   0.02383	[mu,kappa]: [(76.16525,353.59135),1.28401]
	  80.06335	   0.03997	[mu,kappa]: [(114.73538,304.04454),8.11236]
	 131.17847	   0.06533	[mu,kappa]: [(115.54254,303.13389),9.96248]
	  63.40276	   0.03171	[mu,kappa]: [(114.04434,306.39184),5.58825]
	  35.95486	   0.01809	[mu,kappa]: [(100.12507,337.81066),1.40070]
	  65.26475	   0.03263	[mu,kappa]: [(41.90697,51.30951),3.39385]
	  42.08217	   0.02113	[mu,kappa]: [(74.90359,0.73024),1.22371]
	 127.38295	   0.06345	[mu,kappa]: [(117.57922,303.51639),9.31404]
	  66.07954	   0.03303	[mu,kappa]: [(116.64934,311.32891),3.75263]
	  51.53202	   0.02582	[mu,kappa]: [(118.84324,317.46899),2.79094]
	  51.79118	   0.02594	[mu,kappa]: [(51.97045,34.44770),1.88506]
	  34.46994	   0.01735	[mu,kappa]: [(105.54488,346.88739),1.27153]
	  52.15132	   0.02612	[mu,kappa]: [(119.59111,310.64132),4.03662]
	 133.16281	   0.06632	[mu,kappa]: [(115.30054,302.82635),10.69632]
	  66.05469	   0.03302	[mu,kappa]: [(113.04688,305.69038),6.08377]
	  48.84209	   0.02448	[mu,kappa]: [(43.02522,41.24656),2.56972]
	  29.53005	   0.01490	[mu,kappa]: [(92.61248,344.67541),1.21032]
	  46.63764	   0.02339	[mu,kappa]: [(120.03985,311.64604),3.77311]
	  40.56851	   0.02038	[mu,kappa]: [(53.33611,39.94271),1.92324]
	 201.36550	   0.10016	[mu,kappa]: [(41.39797,72.46577),10.61635]
	  33.39762	   0.01682	[mu,kappa]: [(70.27690,357.70608),1.23269]
	  67.36703	   0.03367	[mu,kappa]: [(121.14246,305.66781),6.75722]
			msglen: 45400.75655 bits.
Iteration #: 6
	  37.60755	   0.01891	[mu,kappa]: [(60.94177,18.49247),1.50423]
	  44.53373	   0.02234	[mu,kappa]: [(112.76578,315.64942),2.80585]
	  70.89181	   0.03542	[mu,kappa]: [(106.30423,305.94670),5.74963]
	  35.75823	   0.01799	[mu,kappa]: [(78.72087,343.47490),1.39392]
	  74.75130	   0.03734	[mu,kappa]: [(123.30016,306.98134),6.05364]
	  55.98499	   0.02803	[mu,kappa]: [(43.79461,47.36534),3.30438]
	  31.84941	   0.01605	[mu,kappa]: [(95.75310,343.84453),1.29844]
	  36.65434	   0.01843	[mu,kappa]: [(95.73182,342.81112),1.35156]
	  78.90900	   0.03940	[mu,kappa]: [(116.47155,306.01536),6.09415]
	  43.14980	   0.02166	[mu,kappa]: [(78.39546,352.81501),1.32525]
	  82.87773	   0.04137	[mu,kappa]: [(113.35627,303.77313),8.57554]
	 136.95314	   0.06820	[mu,kappa]: [(113.85824,302.96362),10.42944]
	  63.80865	   0.03191	[mu,kappa]: [(113.81969,306.00569),5.86865]
	  33.27810	   0.01676	[mu,kappa]: [(104.43170,340.59950),1.39878]
	  61.14183	   0.03058	[mu,kappa]: [(41.12964,48.16463),3.70438]
	  38.10414	   0.01915	[mu,kappa]: [(78.63876,0.10620),1.24946]
	 131.65559	   0.06557	[mu,kappa]: [(116.74239,303.35664),9.55863]
	  64.90036	   0.03245	[mu,kappa]: [(119.45154,311.48942),3.86699]
	  50.29493	   0.02520	[mu,kappa]: [(124.23452,319.03813),2.87508]
	  46.77671	   0.02346	[mu,kappa]: [(52.83701,30.51095),1.95416]
	  32.08263	   0.01617	[mu,kappa]: [(112.55306,351.36109),1.31922]
	  51.97515	   0.02604	[mu,kappa]: [(123.19486,311.18212),4.14393]
	 139.73801	   0.06958	[mu,kappa]: [(113.39520,302.69424),11.18125]
	  67.01291	   0.03350	[mu,kappa]: [(112.13795,305.25524),6.47293]
	  45.04763	   0.02260	[mu,kappa]: [(42.19626,36.10394),2.75111]
	  27.09327	   0.01369	[mu,kappa]: [(97.03262,347.49937),1.20366]
	  46.43724	   0.02329	[mu,kappa]: [(124.17313,312.46588),3.86466]
	  36.65340	   0.01843	[mu,kappa]: [(55.09703,36.37883),1.95389]
	 234.65674	   0.11667	[mu,kappa]: [(41.24394,75.74424),15.59428]
	  30.28559	   0.01527	[mu,kappa]: [(73.23630,356.55581),1.25522]
	  69.13611	   0.03455	[mu,kappa]: [(122.85375,305.79828),6.85436]
			msglen: 45323.75824 bits.
Iteration #: 7
	  35.94937	   0.01808	[mu,kappa]: [(62.40949,15.09818),1.51865]
	  43.18262	   0.02167	[mu,kappa]: [(114.42912,316.69372),2.71652]
	  71.72273	   0.03583	[mu,kappa]: [(103.24143,305.38823),6.25694]
	  34.39630	   0.01731	[mu,kappa]: [(76.68553,343.26775),1.43875]
	  75.69884	   0.03781	[mu,kappa]: [(126.64339,307.54690),6.12696]
	  53.80623	   0.02694	[mu,kappa]: [(43.42372,41.68111),3.32856]
	  30.52991	   0.01540	[mu,kappa]: [(97.59441,347.42660),1.26685]
	  35.11824	   0.01767	[mu,kappa]: [(97.23190,345.86224),1.32431]
	  78.33566	   0.03911	[mu,kappa]: [(116.83149,305.84531),6.19753]
	  41.25619	   0.02072	[mu,kappa]: [(78.16898,352.65255),1.35577]
	  84.26549	   0.04206	[mu,kappa]: [(111.55003,303.55182),8.98234]
	 140.21307	   0.06982	[mu,kappa]: [(111.80520,302.84330),10.89900]
	  63.35258	   0.03168	[mu,kappa]: [(113.23006,305.72256),6.00746]
	  32.05988	   0.01615	[mu,kappa]: [(107.75903,345.34635),1.36054]
	  58.98288	   0.02951	[mu,kappa]: [(40.30528,41.63240),3.74118]
	  36.36969	   0.01829	[mu,kappa]: [(80.48579,0.55106),1.26236]
	 132.72850	   0.06610	[mu,kappa]: [(115.81974,303.23474),9.69189]
	  63.93959	   0.03197	[mu,kappa]: [(122.97164,312.28633),3.88059]
	  50.32796	   0.02522	[mu,kappa]: [(130.99163,322.35294),2.94914]
	  44.81529	   0.02248	[mu,kappa]: [(53.11739,25.64627),1.98682]
	  31.38337	   0.01582	[mu,kappa]: [(118.84673,358.65688),1.37468]
	  52.17918	   0.02614	[mu,kappa]: [(128.04507,312.55420),4.20023]
	 144.01164	   0.07170	[mu,kappa]: [(111.10309,302.62198),11.72353]
	  67.12991	   0.03355	[mu,kappa]: [(110.64521,304.89621),6.76007]
	  43.99174	   0.02207	[mu,kappa]: [(40.85845,27.49776),2.86471]
	  25.99741	   0.01315	[mu,kappa]: [(100.02008,352.10037),1.17706]
	  46.80822	   0.02347	[mu,kappa]: [(129.69325,314.33029),3.92875]
	  35.04881	   0.01764	[mu,kappa]: [(56.93868,32.55270),1.92725]
	 247.33403	   0.12296	[mu,kappa]: [(41.11622,78.20471),21.46966]
	  28.98034	   0.01463	[mu,kappa]: [(74.04541,356.09663),1.27448]
	  70.08433	   0.03502	[mu,kappa]: [(125.50334,306.21676),6.85469]
			msglen: 45257.24158 bits.
Iteration #: 8
	  35.32536	   0.01777	[mu,kappa]: [(61.85899,13.72722),1.55296]
	  41.29550	   0.02074	[mu,kappa]: [(116.01430,318.06254),2.60468]
	  73.25007	   0.03659	[mu,kappa]: [(99.44778,304.89544),6.99197]
	  33.55444	   0.01690	[mu,kappa]: [(72.09911,343.44486),1.50111]
	  77.16230	   0.03853	[mu,kappa]: [(131.13231,308.40501),6.42024]
	  54.47256	   0.02727	[mu,kappa]: [(42.64384,36.20636),3.35155]
	  29.38349	   0.01483	[mu,kappa]: [(97.83923,352.62915),1.21734]
	  33.75755	   0.01700	[mu,kappa]: [(97.09136,350.40386),1.27482]
	  76.71139	   0.03831	[mu,kappa]: [(117.39392,305.62832),6.32466]
	  39.97381	   0.02008	[mu,kappa]: [(75.37029,353.55372),1.38380]
	  85.22690	   0.04253	[mu,kappa]: [(109.49853,303.31836),9.53688]
	 143.26886	   0.07133	[mu,kappa]: [(109.55221,302.73425),11.58794]
	  62.07026	   0.03104	[mu,kappa]: [(112.46326,305.37002),6.17236]
	  30.94992	   0.01560	[mu,kappa]: [(110.07155,352.03970),1.30950]
	  60.12206	   0.03008	[mu,kappa]: [(39.05725,34.35863),3.78347]
	  35.20123	   0.01771	[mu,kappa]: [(80.08776,2.84288),1.26649]
	 132.37717	   0.06593	[mu,kappa]: [(114.93714,303.06355),9.90091]
	  62.61702	   0.03132	[mu,kappa]: [(127.46828,313.43989),3.96851]
	  51.00158	   0.02555	[mu,kappa]: [(138.73428,327.33637),3.19349]
	  44.66246	   0.02241	[mu,kappa]: [(51.94755,22.24557),2.05524]
	  31.11984	   0.01569	[mu,kappa]: [(123.71880,8.46267),1.46542]
	  52.78184	   0.02644	[mu,kappa]: [(134.12779,314.59268),4.44930]
	 148.64659	   0.07400	[mu,kappa]: [(108.61073,302.58280),12.55272]
	  66.68714	   0.03334	[mu,kappa]: [(108.77544,304.49570),7.12846]
	  45.66412	   0.02290	[mu,kappa]: [(38.68184,18.09315),3.09295]
	  25.09828	   0.01270	[mu,kappa]: [(101.41868,358.55520),1.14225]
	  47.74134	   0.02394	[mu,kappa]: [(136.43092,317.10400),4.21069]
	  34.82719	   0.01753	[mu,kappa]: [(57.89946,31.04103),1.92638]
	 245.64642	   0.12213	[mu,kappa]: [(40.97204,80.00305),28.20297]
	  28.16488	   0.01422	[mu,kappa]: [(72.45745,357.11117),1.29298]
	  71.23843	   0.03559	[mu,kappa]: [(129.21990,306.82182),7.05078]
			msglen: 45184.96293 bits.
Iteration #: 9
	  34.77354	   0.01750	[mu,kappa]: [(60.07174,14.54667),1.61263]
	  38.36796	   0.01928	[mu,kappa]: [(117.37182,319.54457),2.49824]
	  76.17584	   0.03804	[mu,kappa]: [(95.40555,304.56386),8.06722]
	  32.57457	   0.01641	[mu,kappa]: [(66.09519,343.78190),1.60566]
	  80.05557	   0.03997	[mu,kappa]: [(136.19555,309.46287),7.19124]
	  56.84895	   0.02845	[mu,kappa]: [(41.52866,32.23895),3.43128]
	  27.82048	   0.01405	[mu,kappa]: [(96.64133,359.57275),1.16840]
	  31.89602	   0.01607	[mu,kappa]: [(95.49269,356.59108),1.22159]
	  74.02528	   0.03698	[mu,kappa]: [(118.16741,305.27401),6.55963]
	  38.40306	   0.01930	[mu,kappa]: [(70.90143,355.47831),1.42524]
	  86.06160	   0.04295	[mu,kappa]: [(107.36064,303.09103),10.29572]
	 146.75027	   0.07306	[mu,kappa]: [(107.27417,302.65724),12.54458]
	  59.93290	   0.02998	[mu,kappa]: [(111.55714,304.89278),6.43147]
	  29.36556	   0.01482	[mu,kappa]: [(111.02076,0.76329),1.26497]
	  63.61382	   0.03181	[mu,kappa]: [(37.41143,27.70293),3.92306]
	  33.76215	   0.01700	[mu,kappa]: [(78.21909,7.07551),1.27546]
	 130.89367	   0.06519	[mu,kappa]: [(114.17369,302.80771),10.23366]
	  60.75359	   0.03039	[mu,kappa]: [(132.58698,314.74878),4.24778]
	  52.30340	   0.02620	[mu,kappa]: [(146.04700,333.81768),3.74859]
	  45.11172	   0.02263	[mu,kappa]: [(49.91346,20.71498),2.17042]
	  30.75767	   0.01551	[mu,kappa]: [(126.32639,20.05009),1.61472]
	  54.09250	   0.02709	[mu,kappa]: [(140.52337,317.11660),5.09442]
	 154.43682	   0.07687	[mu,kappa]: [(106.12200,302.60406),13.71994]
	  65.81795	   0.03290	[mu,kappa]: [(106.65810,304.05916),7.64915]
	  49.39800	   0.02476	[mu,kappa]: [(36.24312,8.44971),3.51407]
	  23.88928	   0.01210	[mu,kappa]: [(101.20347,6.78167),1.11704]
	  49.55533	   0.02484	[mu,kappa]: [(143.21857,320.57946),4.91782]
	  35.04754	   0.01764	[mu,kappa]: [(58.46682,32.42474),1.97208]
	 237.01252	   0.11784	[mu,kappa]: [(40.76969,81.33607),35.59310]
	  27.15522	   0.01372	[mu,kappa]: [(69.45773,359.61954),1.31753]
	  73.34725	   0.03664	[mu,kappa]: [(133.61175,307.53625),7.67863]
			msglen: 45099.76562 bits.
Iteration #: 10
	  33.87356	   0.01705	[mu,kappa]: [(58.25731,17.70907),1.69466]
	  34.26874	   0.01725	[mu,kappa]: [(118.09702,321.03672),2.38638]
	  80.95431	   0.04041	[mu,kappa]: [(91.67087,304.48876),9.43487]
	  31.25088	   0.01575	[mu,kappa]: [(59.94983,344.18768),1.76222]
	  84.87818	   0.04236	[mu,kappa]: [(140.64391,310.42956),8.64645]
	  59.56328	   0.02980	[mu,kappa]: [(40.61892,30.16947),3.54134]
	  25.75567	   0.01303	[mu,kappa]: [(94.20582,8.58170),1.14108]
	  29.43361	   0.01485	[mu,kappa]: [(92.68246,4.88284),1.18426]
	  70.32373	   0.03514	[mu,kappa]: [(119.00999,304.67721),6.96979]
	  36.26365	   0.01824	[mu,kappa]: [(65.92556,358.64028),1.48608]
	  86.78264	   0.04331	[mu,kappa]: [(105.36606,302.89285),11.23876]
	 150.55555	   0.07495	[mu,kappa]: [(105.20831,302.63310),13.72592]
	  57.00230	   0.02853	[mu,kappa]: [(110.54350,304.25552),6.82289]
	  27.24002	   0.01376	[mu,kappa]: [(109.98048,11.67669),1.24663]
	  67.92192	   0.03395	[mu,kappa]: [(35.78450,21.84752),4.14084]
	  31.83720	   0.01604	[mu,kappa]: [(75.92498,13.54277),1.30550]
	 128.32605	   0.06392	[mu,kappa]: [(113.60031,302.42121),10.71505]
	  58.21282	   0.02913	[mu,kappa]: [(137.42516,315.88151),4.79697]
	  54.15045	   0.02712	[mu,kappa]: [(151.51329,341.09545),4.68758]
	  45.41303	   0.02278	[mu,kappa]: [(48.01887,21.17873),2.31599]
	  30.26164	   0.01526	[mu,kappa]: [(125.91774,32.45179),1.84897]
	  56.22711	   0.02815	[mu,kappa]: [(145.81078,319.61945),6.27978]
	 161.23379	   0.08024	[mu,kappa]: [(103.89586,302.71160),15.16671]
	  64.62959	   0.03231	[mu,kappa]: [(104.50719,303.61832),8.33584]
	  54.76286	   0.02742	[mu,kappa]: [(34.41885,358.40978),4.18438]
	  22.30015	   0.01131	[mu,kappa]: [(99.37487,16.70926),1.12372]
	  52.37236	   0.02623	[mu,kappa]: [(148.55337,324.11240),6.18574]
	  35.30146	   0.01776	[mu,kappa]: [(59.74956,36.77533),2.08105]
	 226.40175	   0.11258	[mu,kappa]: [(40.51029,82.38593),43.78306]
	  25.71396	   0.01301	[mu,kappa]: [(66.22324,3.89316),1.34882]
	  76.78770	   0.03835	[mu,kappa]: [(137.68792,308.13447),8.93751]
			msglen: 45005.32258 bits.
Iteration #: 11
	  32.58780	   0.01642	[mu,kappa]: [(57.50623,23.28370),1.79393]
	  29.39848	   0.01483	[mu,kappa]: [(117.87836,322.57359),2.24189]
	  87.13504	   0.04348	[mu,kappa]: [(88.62053,304.67868),10.82130]
	  29.60914	   0.01494	[mu,kappa]: [(54.65936,344.52900),1.95864]
	  91.04985	   0.04542	[mu,kappa]: [(143.48123,310.89208),10.70962]
	  61.55706	   0.03079	[mu,kappa]: [(40.34319,30.20932),3.64808]
	  23.47793	   0.01190	[mu,kappa]: [(91.36436,19.37487),1.16533]
	  26.69822	   0.01349	[mu,kappa]: [(89.53928,15.31708),1.19143]
	  66.17655	   0.03308	[mu,kappa]: [(119.73742,303.73779),7.60924]
	  33.64694	   0.01694	[mu,kappa]: [(61.64390,3.29355),1.55665]
	  87.34576	   0.04359	[mu,kappa]: [(103.80587,302.73285),12.25023]
	 154.23275	   0.07677	[mu,kappa]: [(103.61703,302.66799),14.97930]
	  53.72021	   0.02690	[mu,kappa]: [(109.58644,303.44340),7.35438]
	  24.94334	   0.01262	[mu,kappa]: [(106.94782,24.08040),1.29344]
	  71.68404	   0.03581	[mu,kappa]: [(34.44871,16.60305),4.40422]
	  29.64245	   0.01496	[mu,kappa]: [(74.47039,22.20270),1.37643]
	 125.33669	   0.06243	[mu,kappa]: [(113.31138,301.85045),11.35105]
	  55.02084	   0.02755	[mu,kappa]: [(141.08219,316.42805),5.61250]
	  56.09067	   0.02808	[mu,kappa]: [(154.80208,348.40333),5.91299]
	  45.16332	   0.02266	[mu,kappa]: [(46.99057,23.76299),2.46585]
	  30.17812	   0.01522	[mu,kappa]: [(122.69421,44.14470),2.23886]
	  58.68115	   0.02936	[mu,kappa]: [(149.15964,321.46135),7.90051]
	 168.19283	   0.08370	[mu,kappa]: [(102.18497,302.91399),16.70609]
	  63.33233	   0.03167	[mu,kappa]: [(102.67065,303.20452),9.11971]
	  61.86730	   0.03094	[mu,kappa]: [(33.72613,348.10258),5.21769]
	  20.58722	   0.01046	[mu,kappa]: [(96.64899,27.53100),1.19399]
	  55.59664	   0.02783	[mu,kappa]: [(151.80191,326.93824),7.86527]
	  35.74238	   0.01798	[mu,kappa]: [(62.63831,43.56359),2.29781]
	 216.16452	   0.10750	[mu,kappa]: [(40.19891,83.25956),53.15097]
	  23.90169	   0.01211	[mu,kappa]: [(63.93482,10.17799),1.38116]
	  81.23874	   0.04056	[mu,kappa]: [(140.44690,308.29090),10.80568]
			msglen: 44915.05280 bits.
Iteration #: 12
	  30.97945	   0.01562	[mu,kappa]: [(58.36132,30.54734),1.91862]
	  24.51396	   0.01241	[mu,kappa]: [(116.80897,324.24808),2.05456]
	  93.46476	   0.04662	[mu,kappa]: [(86.23428,305.05145),11.91951]
	  27.66982	   0.01398	[mu,kappa]: [(50.66136,344.41043),2.17274]
	  97.00474	   0.04838	[mu,kappa]: [(144.66381,310.71180),12.91744]
	  62.18192	   0.03110	[mu,kappa]: [(40.83489,32.38500),3.75802]
	  21.28307	   0.01081	[mu,kappa]: [(89.35723,29.99853),1.26122]
	  24.03850	   0.01217	[mu,kappa]: [(87.37819,26.21987),1.26703]
	  62.74107	   0.03138	[mu,kappa]: [(120.29339,302.47906),8.47407]
	  30.67480	   0.01547	[mu,kappa]: [(58.87268,9.14386),1.62122]
	  87.71007	   0.04377	[mu,kappa]: [(102.85148,302.61326),13.13859]
	 157.21378	   0.07825	[mu,kappa]: [(102.61544,302.76047),16.08084]
	  50.83052	   0.02547	[mu,kappa]: [(108.96398,302.50619),7.97140]
	  22.88293	   0.01160	[mu,kappa]: [(103.32074,35.55166),1.44401]
	  73.91743	   0.03692	[mu,kappa]: [(33.40426,11.71640),4.71277]
	  27.43984	   0.01386	[mu,kappa]: [(74.65823,31.69447),1.50867]
	 123.21747	   0.06138	[mu,kappa]: [(113.39210,301.08815),12.08048]
	  51.61408	   0.02586	[mu,kappa]: [(143.26502,316.21834),6.57604]
	  57.72257	   0.02889	[mu,kappa]: [(156.46663,355.79350),7.18820]
	  44.11115	   0.02213	[mu,kappa]: [(47.08807,28.24345),2.61389]
	  31.39994	   0.01583	[mu,kappa]: [(118.45289,53.25146),2.90310]
	  60.47388	   0.03025	[mu,kappa]: [(150.83390,322.50468),9.53608]
	 174.15902	   0.08666	[mu,kappa]: [(101.06416,303.20716),18.09117]
	  62.15424	   0.03109	[mu,kappa]: [(101.43629,302.84515),9.84726]
	  71.73560	   0.03584	[mu,kappa]: [(34.23348,338.43004),6.81231]
	  19.00110	   0.00968	[mu,kappa]: [(94.33352,37.23438),1.34470]
	  58.06200	   0.02906	[mu,kappa]: [(153.45727,328.99489),9.49592]
	  36.84245	   0.01853	[mu,kappa]: [(66.89322,51.15259),2.71514]
	 207.25277	   0.10308	[mu,kappa]: [(39.84750,83.99160),63.91272]
	  21.83377	   0.01108	[mu,kappa]: [(63.40637,17.83611),1.41149]
	  85.87332	   0.04285	[mu,kappa]: [(141.66540,307.89236),12.92628]
			msglen: 44835.98131 bits.
Iteration #: 13
	  29.00410	   0.01464	[mu,kappa]: [(60.41612,38.13728),2.09873]
	  20.09038	   0.01022	[mu,kappa]: [(115.28506,326.08367),1.83935]
	  98.93460	   0.04933	[mu,kappa]: [(84.34622,305.49690),12.68876]
	  25.30014	   0.01280	[mu,kappa]: [(47.90991,343.70095),2.38081]
	 101.62620	   0.05067	[mu,kappa]: [(144.80197,310.13607),14.81735]
	  61.27110	   0.03065	[mu,kappa]: [(42.05562,36.50811),3.93807]
	  19.12369	   0.00974	[mu,kappa]: [(88.38490,38.25099),1.40605]
	  21.43152	   0.01088	[mu,kappa]: [(86.45190,35.18799),1.39773]
	  60.85465	   0.03044	[mu,kappa]: [(120.73990,301.09443),9.46503]
	  27.28563	   0.01379	[mu,kappa]: [(57.69301,15.48658),1.67227]
	  87.82478	   0.04382	[mu,kappa]: [(102.41109,302.54020),13.78540]
	 159.16409	   0.07922	[mu,kappa]: [(102.07068,302.91213),16.90689]
	  48.76408	   0.02444	[mu,kappa]: [(108.81597,301.55615),8.58019]
	  21.02605	   0.01068	[mu,kappa]: [(100.42449,44.01541),1.68219]
	  74.02486	   0.03698	[mu,kappa]: [(32.58141,7.43189),5.09190]
	  25.19459	   0.01275	[mu,kappa]: [(75.90408,40.07592),1.70980]
	 122.74647	   0.06115	[mu,kappa]: [(113.80031,300.20512),12.78826]
	  48.54509	   0.02433	[mu,kappa]: [(144.28548,315.48578),7.53530]
	  59.39526	   0.02972	[mu,kappa]: [(157.14392,3.43287),8.45374]
	  42.10627	   0.02114	[mu,kappa]: [(48.17406,34.08857),2.79748]
	  34.33194	   0.01728	[mu,kappa]: [(115.08646,59.00246),3.90537]
	  61.13330	   0.03058	[mu,kappa]: [(151.58735,323.13156),10.83816]
	 178.53892	   0.08883	[mu,kappa]: [(100.36980,303.58528),19.21535]
	  61.13085	   0.03058	[mu,kappa]: [(100.81156,302.56075),10.41125]
	  85.59622	   0.04272	[mu,kappa]: [(35.53094,330.89910),8.98575]
	  17.46211	   0.00891	[mu,kappa]: [(92.82987,44.28762),1.54536]
	  59.26776	   0.02965	[mu,kappa]: [(154.33562,330.79455),10.76865]
	  39.07808	   0.01964	[mu,kappa]: [(70.90192,57.68207),3.46813]
	 200.15495	   0.09956	[mu,kappa]: [(39.50210,84.55960),75.26982]
	  19.48447	   0.00992	[mu,kappa]: [(64.50128,25.40099),1.44042]
	  90.10785	   0.04496	[mu,kappa]: [(141.82775,307.15963),14.88319]
			msglen: 44766.65136 bits.
Iteration #: 14
	  26.74971	   0.01352	[mu,kappa]: [(62.47905,44.76387),2.36641]
	  16.21995	   0.00830	[mu,kappa]: [(113.59812,328.18081),1.60079]
	 103.05308	   0.05138	[mu,kappa]: [(82.94202,305.92808),13.28544]
	  22.50135	   0.01141	[mu,kappa]: [(46.07128,342.96260),2.55167]
	 104.85993	   0.05227	[mu,kappa]: [(144.48016,309.48776),16.26935]
	  59.57181	   0.02980	[mu,kappa]: [(43.72903,41.82363),4.29770]
	  16.84244	   0.00860	[mu,kappa]: [(87.61553,43.48444),1.53985]
	  18.73928	   0.00955	[mu,kappa]: [(85.84208,41.19497),1.53269]
	  60.43885	   0.03024	[mu,kappa]: [(121.11133,299.78951),10.42685]
	  23.57771	   0.01195	[mu,kappa]: [(57.55476,21.58507),1.71333]
	  87.68890	   0.04376	[mu,kappa]: [(102.26436,302.51611),14.20359]
	 160.16607	   0.07972	[mu,kappa]: [(101.75643,303.12211),17.48876]
	  47.45368	   0.02379	[mu,kappa]: [(109.03393,300.68357),9.10638]
	  19.10842	   0.00973	[mu,kappa]: [(98.19250,49.35977),1.94113]
	  72.18883	   0.03606	[mu,kappa]: [(31.86977,4.62380),5.55845]
	  22.81176	   0.01157	[mu,kappa]: [(76.86071,46.31306),1.96257]
	 123.65836	   0.06160	[mu,kappa]: [(114.37429,299.29201),13.38347]
	  46.05140	   0.02310	[mu,kappa]: [(144.61907,314.61176),8.39366]
	  61.91400	   0.03097	[mu,kappa]: [(157.23031,10.70891),9.84306]
	  39.49299	   0.01984	[mu,kappa]: [(49.72217,40.40086),3.08708]
	  38.31461	   0.01926	[mu,kappa]: [(113.15661,61.99799),5.12371]
	  60.96457	   0.03050	[mu,kappa]: [(151.97471,323.69823),11.76242]
	 181.62063	   0.09036	[mu,kappa]: [(99.87488,304.03895),20.15049]
	  60.18925	   0.03011	[mu,kappa]: [(100.61532,302.35332),10.81664]
	 101.94577	   0.05083	[mu,kappa]: [(36.96132,326.12792),11.19422]
	  15.76346	   0.00807	[mu,kappa]: [(91.53752,48.60638),1.72862]
	  59.65791	   0.02985	[mu,kappa]: [(154.93881,332.69159),11.70602]
	  42.88957	   0.02153	[mu,kappa]: [(73.09389,62.23067),4.66874]
	 194.90768	   0.09695	[mu,kappa]: [(39.21953,84.93736),85.15494]
	  16.88711	   0.00863	[mu,kappa]: [(66.18590,31.44194),1.45790]
	  93.77094	   0.04677	[mu,kappa]: [(141.50187,306.39310),16.47446]
			msglen: 44709.82918 bits.
Iteration #: 15
	  24.54216	   0.01242	[mu,kappa]: [(63.54013,49.64375),2.71457]
	  12.93811	   0.00667	[mu,kappa]: [(111.51466,331.00881),1.31685]
	 105.66467	   0.05267	[mu,kappa]: [(82.03516,306.29728),13.80139]
	  19.67590	   0.01001	[mu,kappa]: [(44.72852,342.72919),2.66301]
	 107.06539	   0.05337	[mu,kappa]: [(144.02293,308.95217),17.33202]
	  58.47039	   0.02926	[mu,kappa]: [(45.23845,46.84168),4.90445]
	  14.49013	   0.00744	[mu,kappa]: [(86.50630,45.95953),1.59096]
	  16.04397	   0.00821	[mu,kappa]: [(84.88247,44.35036),1.60597]
	  60.94153	   0.03048	[mu,kappa]: [(121.40343,298.65901),11.24373]
	  19.98274	   0.01016	[mu,kappa]: [(57.69863,26.45227),1.74214]
	  87.33767	   0.04358	[mu,kappa]: [(102.23883,302.52721),14.44259]
	 160.44845	   0.07986	[mu,kappa]: [(101.51687,303.37500),17.90136]
	  46.66630	   0.02340	[mu,kappa]: [(109.42267,299.91410),9.50502]
	  17.05998	   0.00871	[mu,kappa]: [(96.24274,52.30303),2.14317]
	  69.80961	   0.03488	[mu,kappa]: [(31.13237,3.65679),6.11941]
	  20.40495	   0.01037	[mu,kappa]: [(76.82671,50.32128),2.21983]
	 125.28964	   0.06241	[mu,kappa]: [(114.96838,298.40294),13.83641]
	  44.08804	   0.02212	[mu,kappa]: [(144.59774,313.83079),9.11577]
	  65.66578	   0.03283	[mu,kappa]: [(156.96697,16.84439),11.36632]
	  37.07650	   0.01864	[mu,kappa]: [(50.94921,45.89565),3.52773]
	  42.08032	   0.02113	[mu,kappa]: [(112.59990,63.27436),6.33206]
	  60.37846	   0.03021	[mu,kappa]: [(152.22095,324.27410),12.41383]
	 183.94859	   0.09152	[mu,kappa]: [(99.43736,304.54554),21.00552]
	  59.30139	   0.02967	[mu,kappa]: [(100.65252,302.20323),11.08948]
	 116.41313	   0.05801	[mu,kappa]: [(38.15043,323.45647),12.79465]
	  13.89247	   0.00714	[mu,kappa]: [(90.05533,50.62930),1.81751]
	  59.70947	   0.02987	[mu,kappa]: [(155.42639,334.62920),12.43096]
	  48.41400	   0.02427	[mu,kappa]: [(73.39067,64.93029),6.25514]
	 191.09339	   0.09506	[mu,kappa]: [(39.01925,85.16175),92.15550]
	  14.27739	   0.00733	[mu,kappa]: [(67.47627,34.94470),1.42631]
	  96.82948	   0.04829	[mu,kappa]: [(141.03337,305.77018),17.67760]
			msglen: 44667.30336 bits.
Iteration #: 16
	  22.61226	   0.01147	[mu,kappa]: [(63.60073,52.78026),3.09074]
	  10.23619	   0.00533	[mu,kappa]: [(108.25470,335.46433),0.98400]
	 106.94833	   0.05331	[mu,kappa]: [(81.51987,306.58494),14.21270]
	  17.22878	   0.00880	[mu,kappa]: [(43.68510,343.00157),2.71276]
	 108.60369	   0.05413	[mu,kappa]: [(143.57463,308.59157),18.10452]
	  58.58159	   0.02931	[mu,kappa]: [(46.16067,50.53885),5.68881]
	  12.23202	   0.00632	[mu,kappa]: [(85.18303,46.00212),1.50471]
	  13.52514	   0.00696	[mu,kappa]: [(83.66145,45.04438),1.56403]
	  61.84139	   0.03093	[mu,kappa]: [(121.61328,297.71871),11.88535]
	  16.83431	   0.00860	[mu,kappa]: [(57.79030,29.32446),1.73331]
	  86.79162	   0.04331	[mu,kappa]: [(102.25237,302.54673),14.54548]
	 160.17363	   0.07972	[mu,kappa]: [(101.29058,303.64248),18.20545]
	  46.18416	   0.02316	[mu,kappa]: [(109.84572,299.23958),9.77081]
	  15.00956	   0.00770	[mu,kappa]: [(94.54578,53.53413),2.23573]
	  68.34257	   0.03416	[mu,kappa]: [(30.36498,3.91857),6.77621]
	  18.14528	   0.00925	[mu,kappa]: [(76.08103,52.52082),2.42599]
	 127.12122	   0.06332	[mu,kappa]: [(115.50585,297.56226),14.17327]
	  42.52758	   0.02135	[mu,kappa]: [(144.39444,313.19392),9.71420]
	  70.07218	   0.03501	[mu,kappa]: [(156.52796,21.47304),12.80708]
	  35.32051	   0.01777	[mu,kappa]: [(51.50198,49.85594),4.08318]
	  45.12738	   0.02264	[mu,kappa]: [(113.20405,63.66642),7.47206]
	  59.58781	   0.02981	[mu,kappa]: [(152.37282,324.72336),12.90773]
	 185.87924	   0.09247	[mu,kappa]: [(99.00960,305.07108),21.85793]
	  58.45406	   0.02925	[mu,kappa]: [(100.79101,302.07968),11.24322]
	 126.63261	   0.06308	[mu,kappa]: [(39.04724,322.00230),13.65716]
	  11.99023	   0.00620	[mu,kappa]: [(88.50067,50.70676),1.75566]
	  59.53713	   0.02979	[mu,kappa]: [(155.80676,336.27348),13.02875]
	  55.10816	   0.02759	[mu,kappa]: [(72.79466,66.44159),7.96919]
	 188.17962	   0.09361	[mu,kappa]: [(38.88219,85.30300),96.68184]
	  11.86913	   0.00614	[mu,kappa]: [(68.34557,35.49552),1.29507]
	  99.30264	   0.04952	[mu,kappa]: [(140.58125,305.34944),18.53795]
			msglen: 44635.94925 bits.
Iteration #: 17
	  21.02301	   0.01068	[mu,kappa]: [(63.20251,54.62735),3.43741]
	   8.01979	   0.00423	[mu,kappa]: [(102.96222,342.33628),0.67837]
	 107.19771	   0.05343	[mu,kappa]: [(81.24902,306.78481),14.48277]
	  15.26179	   0.00782	[mu,kappa]: [(42.99947,343.62485),2.70143]
	 109.75050	   0.05470	[mu,kappa]: [(143.19890,308.41733),18.65139]
	  59.52013	   0.02978	[mu,kappa]: [(46.58392,52.91008),6.48143]
	  10.18064	   0.00530	[mu,kappa]: [(83.87761,43.58094),1.26370]
	  11.28992	   0.00585	[mu,kappa]: [(82.43861,43.45614),1.38334]
	  62.80714	   0.03141	[mu,kappa]: [(121.74414,296.96095),12.37817]
	  14.20360	   0.00730	[mu,kappa]: [(58.03653,30.12847),1.65494]
	  86.07432	   0.04295	[mu,kappa]: [(102.28123,302.54968),14.55412]
	 159.46493	   0.07937	[mu,kappa]: [(101.06890,303.89631),18.44564]
	  45.84774	   0.02300	[mu,kappa]: [(110.24133,298.65471),9.93592]
	  13.10301	   0.00675	[mu,kappa]: [(93.04981,53.47651),2.19872]
	  68.27014	   0.03412	[mu,kappa]: [(29.66837,4.63994),7.50504]
	  16.14343	   0.00826	[mu,kappa]: [(75.11378,53.41605),2.54757]
	 128.88272	   0.06419	[mu,kappa]: [(115.95579,296.78709),14.44590]
	  41.30148	   0.02074	[mu,kappa]: [(144.12218,312.70820),10.21347]
	  73.95693	   0.03694	[mu,kappa]: [(156.07291,24.58023),13.94679]
	  34.19577	   0.01721	[mu,kappa]: [(51.61437,52.42392),4.65810]
	  47.90796	   0.02402	[mu,kappa]: [(114.50021,63.65422),8.61047]
	  58.77237	   0.02941	[mu,kappa]: [(152.45454,324.95021),13.32199]
	 187.60649	   0.09333	[mu,kappa]: [(98.59227,305.58304),22.75524]
	  57.62313	   0.02884	[mu,kappa]: [(100.96817,301.95768),11.30111]
	 133.26331	   0.06637	[mu,kappa]: [(39.72616,321.18088),14.00220]
	  10.18700	   0.00530	[mu,kappa]: [(86.98494,48.83591),1.51955]
	  59.19390	   0.02962	[mu,kappa]: [(156.08998,337.36241),13.55112]
	  62.15168	   0.03108	[mu,kappa]: [(72.16744,67.33523),9.52818]
	 185.81827	   0.09244	[mu,kappa]: [(38.78545,85.40820),99.69993]
	   9.74015	   0.00508	[mu,kappa]: [(69.46557,32.98014),1.04881]
	 101.24102	   0.05048	[mu,kappa]: [(140.20728,305.13163),19.10406]
			msglen: 44612.25344 bits.
Iteration #: 18
	  19.79107	   0.01007	[mu,kappa]: [(62.78053,55.62186),3.71969]
	   6.21667	   0.00333	[mu,kappa]: [(96.15829,350.59171),0.47564]
	 106.67215	   0.05317	[mu,kappa]: [(81.11333,306.90082),14.61258]
	  13.69905	   0.00704	[mu,kappa]: [(42.79680,344.59687),2.62362]
	 110.63411	   0.05514	[mu,kappa]: [(142.91053,308.40949),19.00891]
	  60.71463	   0.03037	[mu,kappa]: [(46.77000,54.35343),7.13942]
	   8.35885	   0.00440	[mu,kappa]: [(82.73303,38.06236),0.91963]
	   9.34964	   0.00489	[mu,kappa]: [(81.36812,39.29221),1.08242]
	  63.67632	   0.03184	[mu,kappa]: [(121.80257,296.37143),12.76697]
	  12.03433	   0.00622	[mu,kappa]: [(58.84495,29.13670),1.48931]
	  85.22921	   0.04253	[mu,kappa]: [(102.32395,302.52201),14.50410]
	 158.43965	   0.07886	[mu,kappa]: [(100.85931,304.11751),18.64797]
	  45.56231	   0.02285	[mu,kappa]: [(110.58896,298.16460),10.04333]
	  11.41552	   0.00591	[mu,kappa]: [(91.52139,52.24514),2.02791]
	  69.41543	   0.03469	[mu,kappa]: [(29.11699,5.42371),8.25814]
	  14.45520	   0.00742	[mu,kappa]: [(74.17205,53.35542),2.57775]
	 130.48067	   0.06499	[mu,kappa]: [(116.31140,296.09219),14.70293]
	  40.36988	   0.02028	[mu,kappa]: [(143.86032,312.38985),10.62049]
	  76.54990	   0.03823	[mu,kappa]: [(155.72363,26.39254),14.75147]
	  33.54094	   0.01689	[mu,kappa]: [(51.63334,54.02097),5.15830]
	  50.75151	   0.02543	[mu,kappa]: [(115.93559,63.47576),9.72929]
	  58.10244	   0.02908	[mu,kappa]: [(152.50814,325.00311),13.68181]
	 189.24751	   0.09414	[mu,kappa]: [(98.19718,306.06019),23.71843]
	  56.79423	   0.02843	[mu,kappa]: [(101.16182,301.82698),11.29456]
	 137.63355	   0.06854	[mu,kappa]: [(40.27170,320.67815),14.06922]
	   8.53374	   0.00448	[mu,kappa]: [(85.44161,44.39324),1.13171]
	  58.84030	   0.02944	[mu,kappa]: [(156.31583,337.91805),14.02364]
	  68.96960	   0.03447	[mu,kappa]: [(71.85814,67.89994),10.72422]
	 183.95332	   0.09152	[mu,kappa]: [(38.71548,85.49434),101.80215]
	   7.88141	   0.00416	[mu,kappa]: [(71.67762,27.27536),0.75624]
	 102.68688	   0.05120	[mu,kappa]: [(139.91799,305.08550),19.42664]
			msglen: 44593.72617 bits.
Iteration #: 19
	  18.90458	   0.00963	[mu,kappa]: [(62.53717,56.04237),3.92297]
	   4.81087	   0.00264	[mu,kappa]: [(90.41196,357.36784),0.35698]
	 105.61796	   0.05265	[mu,kappa]: [(81.04617,306.94689),14.62756]
	  12.43265	   0.00642	[mu,kappa]: [(43.18183,345.99953),2.47340]
	 111.31092	   0.05548	[mu,kappa]: [(142.69226,308.52401),19.21660]
	  61.83920	   0.03093	[mu,kappa]: [(46.89479,55.22670),7.60930]
	   6.74539	   0.00359	[mu,kappa]: [(82.16256,28.81553),0.61630]
	   7.65361	   0.00405	[mu,kappa]: [(80.78987,31.93254),0.75766]
	  64.40585	   0.03220	[mu,kappa]: [(121.80067,295.93151),13.09237]
	  10.22299	   0.00532	[mu,kappa]: [(60.66557,26.56823),1.23825]
	  84.31694	   0.04208	[mu,kappa]: [(102.38274,302.46160),14.41782]
	 157.21163	   0.07825	[mu,kappa]: [(100.66875,304.29828),18.81911]
	  45.28746	   0.02272	[mu,kappa]: [(110.88617,297.77788),10.12573]
	   9.94831	   0.00518	[mu,kappa]: [(89.77893,49.64535),1.72356]
	  71.41429	   0.03568	[mu,kappa]: [(28.71659,6.14713),8.98282]
	  13.07945	   0.00674	[mu,kappa]: [(73.34623,52.51113),2.52103]
	 131.92797	   0.06570	[mu,kappa]: [(116.58076,295.48679),14.97607]
	  39.67600	   0.01993	[mu,kappa]: [(143.63891,312.23235),10.93481]
	  77.85545	   0.03888	[mu,kappa]: [(155.52495,27.25055),15.31207]
	  33.21632	   0.01673	[mu,kappa]: [(51.74983,54.99156),5.53029]
	  53.43114	   0.02676	[mu,kappa]: [(117.21065,63.24113),10.70452]
	  57.64507	   0.02885	[mu,kappa]: [(152.56366,324.97740),13.97879]
	 190.88320	   0.09496	[mu,kappa]: [(97.83186,306.49439),24.74484]
	  55.97632	   0.02802	[mu,kappa]: [(101.36430,301.69133),11.24972]
	 140.68599	   0.07005	[mu,kappa]: [(40.74363,320.33074),14.01023]
	   7.01376	   0.00373	[mu,kappa]: [(84.01371,36.04423),0.73421]
	  58.61409	   0.02933	[mu,kappa]: [(156.51886,338.12881),14.44301]
	  75.24746	   0.03758	[mu,kappa]: [(71.88464,68.25372),11.47714]
	 182.62594	   0.09086	[mu,kappa]: [(38.66559,85.56369),103.24005]
	   6.27878	   0.00336	[mu,kappa]: [(75.43403,19.23212),0.52726]
	 103.72040	   0.05171	[mu,kappa]: [(139.69314,305.16431),19.56911]
			msglen: 44578.86161 bits.
Iteration #: 20
	  18.29047	   0.00932	[mu,kappa]: [(62.49420,56.04905),4.04424]
	   3.76112	   0.00211	[mu,kappa]: [(87.19254,1.27334),0.28039]
	 104.28214	   0.05199	[mu,kappa]: [(81.00761,306.93829),14.55572]
	  11.36770	   0.00589	[mu,kappa]: [(44.24230,347.83416),2.24878]
	 111.85646	   0.05575	[mu,kappa]: [(142.51990,308.70985),19.31916]
	  62.74662	   0.03138	[mu,kappa]: [(47.02245,55.77412),7.90756]
	   5.36542	   0.00291	[mu,kappa]: [(82.63032,18.03557),0.43100]
	   6.16842	   0.00331	[mu,kappa]: [(81.24669,22.01664),0.52314]
	  65.02547	   0.03251	[mu,kappa]: [(121.75406,295.61365),13.37755]
	   8.64551	   0.00454	[mu,kappa]: [(63.96521,22.47503),0.93853]
	  83.40717	   0.04163	[mu,kappa]: [(102.45652,302.37080),14.30447]
	 155.88810	   0.07759	[mu,kappa]: [(100.49913,304.43693),18.95248]
	  45.02594	   0.02259	[mu,kappa]: [(111.13599,297.48924),10.19680]
	   8.63687	   0.00453	[mu,kappa]: [(87.83020,45.07866),1.30104]
	  73.89288	   0.03691	[mu,kappa]: [(28.42530,6.76746),9.63524]
	  11.95120	   0.00618	[mu,kappa]: [(72.67508,50.92531),2.37992]
	 133.29909	   0.06639	[mu,kappa]: [(116.77812,294.96750),15.27539]
	  39.16310	   0.01968	[mu,kappa]: [(143.45524,312.19574),11.16248]
	  78.27590	   0.03909	[mu,kappa]: [(155.46066,27.48754),15.72375]
	  33.08305	   0.01666	[mu,kappa]: [(51.99204,55.56304),5.76776]
	  55.52454	   0.02780	[mu,kappa]: [(118.30918,62.99684),11.44603]
	  57.37715	   0.02872	[mu,kappa]: [(152.62980,324.92422),14.20093]
	 192.57284	   0.09579	[mu,kappa]: [(97.49754,306.88536),25.81642]
	  55.20063	   0.02764	[mu,kappa]: [(101.56944,301.55572),11.18023]
	 143.01050	   0.07120	[mu,kappa]: [(41.17437,320.04628),13.90263]
	   5.63948	   0.00305	[mu,kappa]: [(83.37227,24.04564),0.48063]
	  58.55070	   0.02930	[mu,kappa]: [(156.71620,338.16273),14.79182]
	  80.75655	   0.04032	[mu,kappa]: [(72.13389,68.45387),11.83964]
	 181.79656	   0.09045	[mu,kappa]: [(38.63154,85.61593),104.15638]
	   4.96001	   0.00271	[mu,kappa]: [(79.65852,11.74297),0.38617]
	 104.47842	   0.05209	[mu,kappa]: [(139.51120,305.32119),19.59426]
			msglen: 44566.71385 bits.
Iteration #: 21
	  17.85806	   0.00911	[mu,kappa]: [(62.60121,55.74191),4.09222]
	   2.99730	   0.00174	[mu,kappa]: [(85.90229,2.94656),0.22588]
	 102.83199	   0.05127	[mu,kappa]: [(80.97777,306.88651),14.42145]
	  10.42112	   0.00542	[mu,kappa]: [(46.11004,350.05563),1.95168]
	 112.33709	   0.05598	[mu,kappa]: [(142.37584,308.92532),19.35646]
	  63.41156	   0.03171	[mu,kappa]: [(47.17402,56.15018),8.08013]
	   4.26044	   0.00236	[mu,kappa]: [(83.66826,10.04545),0.32634]
	   4.92740	   0.00269	[mu,kappa]: [(82.56630,13.00966),0.38551]
	  65.57216	   0.03278	[mu,kappa]: [(121.67665,295.38773),13.63014]
	   7.20910	   0.00382	[mu,kappa]: [(69.01074,17.12360),0.67216]
	  82.54483	   0.04120	[mu,kappa]: [(102.54193,302.25251),14.16883]
	 154.53086	   0.07692	[mu,kappa]: [(100.34963,304.53421),19.04091]
	  44.78908	   0.02247	[mu,kappa]: [(111.34202,297.28004),10.25752]
	   7.38654	   0.00391	[mu,kappa]: [(85.87198,37.42232),0.86268]
	  76.52571	   0.03822	[mu,kappa]: [(28.20121,7.27470),10.18823]
	  10.98316	   0.00570	[mu,kappa]: [(72.19026,48.54429),2.15675]
	 134.65029	   0.06706	[mu,kappa]: [(116.91684,294.52256),15.59633]
	  38.77948	   0.01949	[mu,kappa]: [(143.29731,312.23033),11.31732]
	  78.18950	   0.03904	[mu,kappa]: [(155.48790,27.35831),16.04548]
	  33.03861	   0.01664	[mu,kappa]: [(52.33137,55.88088),5.89617]
	  56.88811	   0.02847	[mu,kappa]: [(119.30624,62.75849),11.97140]
	  57.23261	   0.02864	[mu,kappa]: [(152.70316,324.85017),14.34859]
	 194.32041	   0.09666	[mu,kappa]: [(97.19323,307.23579),26.91327]
	  54.48910	   0.02728	[mu,kappa]: [(101.77174,301.42118),11.09263]
	 144.90791	   0.07214	[mu,kappa]: [(41.57603,319.77994),13.78052]
	   4.49346	   0.00248	[mu,kappa]: [(83.76570,13.35321),0.34965]
	  58.60275	   0.02932	[mu,kappa]: [(156.91182,338.10899),15.05977]
	  85.44804	   0.04264	[mu,kappa]: [(72.48821,68.53581),11.93342]
	 181.35886	   0.09023	[mu,kappa]: [(38.60985,85.65214),104.67930]
	   3.93306	   0.00220	[mu,kappa]: [(82.73154,7.02776),0.29903]
	 105.08140	   0.05238	[mu,kappa]: [(139.35862,305.51981),19.55125]
			msglen: 44556.32269 bits.
Iteration #: 22
	  17.53883	   0.00895	[mu,kappa]: [(62.79877,55.18641),4.08180]
	   2.44988	   0.00146	[mu,kappa]: [(85.52465,3.48711),0.18658]
	 101.34753	   0.05053	[mu,kappa]: [(80.95078,306.80467),14.24609]
	   9.51753	   0.00497	[mu,kappa]: [(49.05546,352.64215),1.58959]
	 112.79140	   0.05621	[mu,kappa]: [(142.25036,309.14552),19.35812]
	  63.88955	   0.03195	[mu,kappa]: [(47.35454,56.44214),8.17170]
	   3.41668	   0.00194	[mu,kappa]: [(84.51964,5.97125),0.25952]
	   3.94670	   0.00221	[mu,kappa]: [(83.84835,7.49416),0.30131]
	  66.05635	   0.03302	[mu,kappa]: [(121.57904,295.23383),13.85210]
	   5.91218	   0.00318	[mu,kappa]: [(74.94209,11.68035),0.49023]
	  81.74369	   0.04081	[mu,kappa]: [(102.63536,302.11376),14.01759]
	 153.16362	   0.07624	[mu,kappa]: [(100.21898,304.59388),19.08290]
	  44.57337	   0.02236	[mu,kappa]: [(111.50841,297.13715),10.30674]
	   6.15702	   0.00330	[mu,kappa]: [(84.43737,26.31875),0.56331]
	  79.10822	   0.03950	[mu,kappa]: [(28.02289,7.67960),10.63420]
	  10.09633	   0.00526	[mu,kappa]: [(71.94597,45.20346),1.85552]
	 135.97857	   0.06771	[mu,kappa]: [(117.00773,294.14352),15.93089]
	  38.48286	   0.01934	[mu,kappa]: [(143.15501,312.30135),11.41585]
	  77.83861	   0.03887	[mu,kappa]: [(155.56579,27.02313),16.31212]
	  33.03570	   0.01664	[mu,kappa]: [(52.73277,56.03181),5.94854]
	  57.65210	   0.02885	[mu,kappa]: [(120.25865,62.53261),12.35446]
	  57.15031	   0.02860	[mu,kappa]: [(152.77727,324.75140),14.43311]
	 196.09220	   0.09754	[mu,kappa]: [(96.91827,307.54994),28.01878]
	  53.84148	   0.02696	[mu,kappa]: [(101.96769,301.29303),10.99311]
	 146.51434	   0.07294	[mu,kappa]: [(41.95017,319.52837),13.65807]
	   3.60140	   0.00203	[mu,kappa]: [(84.44796,7.31039),0.27429]
	  58.70785	   0.02938	[mu,kappa]: [(157.10295,338.00736),15.25024]
	  89.43114	   0.04462	[mu,kappa]: [(72.86757,68.52812),11.87362]
	 181.20114	   0.09015	[mu,kappa]: [(38.59716,85.67534),104.92376]
	   3.16185	   0.00182	[mu,kappa]: [(84.33906,4.83396),0.24001]
	 105.60157	   0.05264	[mu,kappa]: [(139.22858,305.73868),19.47334]
			msglen: 44547.25002 bits.
Iteration #: 23
	  17.28189	   0.00882	[mu,kappa]: [(63.03317,54.43278),4.02716]
	   2.06156	   0.00127	[mu,kappa]: [(85.41379,3.56584),0.15865]
	  99.87731	   0.04980	[mu,kappa]: [(80.92575,306.70349),14.04710]
	   8.58332	   0.00451	[mu,kappa]: [(53.52490,355.51540),1.18959]
	 113.24075	   0.05643	[mu,kappa]: [(142.13917,309.35542),19.34310]
	  64.23743	   0.03212	[mu,kappa]: [(47.55659,56.69862),8.21475]
	   2.78879	   0.00163	[mu,kappa]: [(84.96186,4.33409),0.21244]
	   3.19861	   0.00184	[mu,kappa]: [(84.61504,4.94839),0.24345]
	  66.48003	   0.03323	[mu,kappa]: [(121.46853,295.13719),14.04334]
	   4.80477	   0.00263	[mu,kappa]: [(79.83744,7.58878),0.37603]
	  81.00886	   0.04044	[mu,kappa]: [(102.73287,301.96157),13.85797]
	 151.80715	   0.07557	[mu,kappa]: [(100.10543,304.61960),19.08073]
	  44.37274	   0.02226	[mu,kappa]: [(111.63888,297.04961),10.34324]
	   5.03456	   0.00275	[mu,kappa]: [(84.01931,15.38641),0.40485]
	  81.54227	   0.04071	[mu,kappa]: [(27.87598,7.99474),10.97778]
	   9.21791	   0.00482	[mu,kappa]: [(72.05805,40.59142),1.48499]
	 137.26600	   0.06835	[mu,kappa]: [(117.05923,293.82272),16.27069]
	  38.24310	   0.01922	[mu,kappa]: [(143.02302,312.38402),11.47282]
	  77.34248	   0.03862	[mu,kappa]: [(155.67017,26.56706),16.54893]
	  33.04803	   0.01665	[mu,kappa]: [(53.16133,56.07072),5.95163]
	  57.98109	   0.02902	[mu,kappa]: [(121.18807,62.32606),12.66595]
	  57.08953	   0.02857	[mu,kappa]: [(152.84822,324.62197),14.46981]
	 197.85114	   0.09841	[mu,kappa]: [(96.67200,307.83117),29.11724]
	  53.25228	   0.02667	[mu,kappa]: [(102.15422,301.17617),10.88713]
	 147.91305	   0.07364	[mu,kappa]: [(42.29361,319.29812),13.53956]
	   2.93084	   0.00170	[mu,kappa]: [(84.89020,4.77404),0.22317]
	  58.81914	   0.02943	[mu,kappa]: [(157.28715,337.87097),15.37540]
	  92.82926	   0.04631	[mu,kappa]: [(73.22815,68.45768),11.73976]
	 181.22176	   0.09016	[mu,kappa]: [(38.59037,85.68935),104.98672]
	   2.59466	   0.00154	[mu,kappa]: [(84.97735,3.97385),0.19794]
	 106.07971	   0.05288	[mu,kappa]: [(139.11801,305.96394),19.38054]
			msglen: 44539.14772 bits.
Iteration #: 24
	  17.06548	   0.00872	[mu,kappa]: [(63.28836,53.50291),3.94021]
	   1.78869	   0.00114	[mu,kappa]: [(85.33825,3.52230),0.13935]
	  98.44607	   0.04909	[mu,kappa]: [(80.90451,306.59287),13.83828]
	   7.55996	   0.00400	[mu,kappa]: [(60.06660,358.47996),0.83045]
	 113.68732	   0.05665	[mu,kappa]: [(142.03977,309.54747),19.32274]
	  64.51946	   0.03226	[mu,kappa]: [(47.77841,56.94121),8.22930]
	   2.32935	   0.00140	[mu,kappa]: [(85.11699,3.75950),0.17867]
	   2.64051	   0.00156	[mu,kappa]: [(84.94667,3.97515),0.20183]
	  66.83947	   0.03341	[mu,kappa]: [(121.34983,295.08795),14.20438]
	   3.90912	   0.00219	[mu,kappa]: [(82.76857,5.25085),0.30002]
	  80.33841	   0.04011	[mu,kappa]: [(102.83099,301.80340),13.69680]
	 150.47891	   0.07491	[mu,kappa]: [(100.00732,304.61514),19.03916]
	  44.17864	   0.02217	[mu,kappa]: [(111.73724,297.01080),10.36690]
	   4.10010	   0.00228	[mu,kappa]: [(84.24575,8.44320),0.31637]
	  83.78846	   0.04182	[mu,kappa]: [(27.75602,8.23844),11.22980]
	   8.28558	   0.00436	[mu,kappa]: [(72.83486,34.22315),1.08645]
	 138.48647	   0.06896	[mu,kappa]: [(117.07816,293.55434),16.60918]
	  38.03733	   0.01912	[mu,kappa]: [(142.89740,312.46602),11.49932]
	  76.76487	   0.03834	[mu,kappa]: [(155.78267,26.03225),16.77526]
	  33.07633	   0.01666	[mu,kappa]: [(53.60473,56.02436),5.92314]
	  58.04921	   0.02905	[mu,kappa]: [(122.08687,62.13515),12.95275]
	  57.02270	   0.02854	[mu,kappa]: [(152.91227,324.46333),14.47274]
	 199.55589	   0.09926	[mu,kappa]: [(96.45385,308.08217),30.19325]
	  52.71215	   0.02640	[mu,kappa]: [(102.32931,301.07634),10.77930]
	 149.12907	   0.07424	[mu,kappa]: [(42.60509,319.09841),13.42585]
	   2.43669	   0.00146	[mu,kappa]: [(85.07137,3.88578),0.18663]
	  58.90475	   0.02947	[mu,kappa]: [(157.46027,337.70920),15.44918]
	  95.80930	   0.04778	[mu,kappa]: [(73.55706,68.34324),11.57656]
	 181.34578	   0.09022	[mu,kappa]: [(38.58727,85.69733),104.94021]
	   2.18358	   0.00133	[mu,kappa]: [(85.15737,3.65472),0.16793]
	 106.53034	   0.05310	[mu,kappa]: [(139.02453,306.18742),19.28445]
			msglen: 44531.82632 bits.
Iteration #: 25
	  16.87542	   0.00862	[mu,kappa]: [(63.56787,52.41399),3.82835]
	   1.59893	   0.00104	[mu,kappa]: [(85.29757,3.49903),0.12634]
	  97.06881	   0.04841	[mu,kappa]: [(80.88978,306.48105),13.63032]
	   6.46519	   0.00346	[mu,kappa]: [(68.26348,1.04130),0.58569]
	 114.13796	   0.05688	[mu,kappa]: [(141.95101,309.71862),19.30243]
	  64.76279	   0.03238	[mu,kappa]: [(48.01479,57.18825),8.22663]
	   1.99771	   0.00124	[mu,kappa]: [(85.17430,3.58655),0.15469]
	   2.23101	   0.00136	[mu,kappa]: [(85.08564,3.66248),0.17181]
	  67.13610	   0.03356	[mu,kappa]: [(121.22661,295.07884),14.33631]
	   3.21098	   0.00184	[mu,kappa]: [(84.17378,4.19275),0.24571]
	  79.73063	   0.03981	[mu,kappa]: [(102.92718,301.64637),13.53947]
	 149.20062	   0.07427	[mu,kappa]: [(99.92299,304.58422),18.96390]
	  43.98589	   0.02207	[mu,kappa]: [(111.80799,297.01681),10.37815]
	   3.36283	   0.00192	[mu,kappa]: [(84.58794,5.26189),0.25749]
	  85.81826	   0.04283	[mu,kappa]: [(27.65731,8.42526),11.40457]
	   7.25894	   0.00385	[mu,kappa]: [(74.77613,25.90029),0.75370]
	 139.62541	   0.06952	[mu,kappa]: [(117.07076,293.33308),16.94131]
	  37.85481	   0.01903	[mu,kappa]: [(142.77622,312.54409),11.50197]
	  76.17458	   0.03804	[mu,kappa]: [(155.89092,25.44831),17.00203]
	  33.11535	   0.01668	[mu,kappa]: [(54.05650,55.91648),5.87271]
	  58.00575	   0.02903	[mu,kappa]: [(122.94537,61.95785),13.23648]
	  56.94352	   0.02850	[mu,kappa]: [(152.96758,324.28303),14.45134]
	 201.17158	   0.10006	[mu,kappa]: [(96.26296,308.30517),31.23145]
	  52.21374	   0.02615	[mu,kappa]: [(102.49228,300.99923),10.67291]
	 150.15577	   0.07475	[mu,kappa]: [(42.88518,318.93173),13.31847]
	   2.07789	   0.00128	[mu,kappa]: [(85.14717,3.62244),0.16055]
	  58.95920	   0.02950	[mu,kappa]: [(157.61984,337.53352),15.48192]
	  98.48377	   0.04911	[mu,kappa]: [(73.85523,68.20521),11.40485]
	 181.52042	   0.09031	[mu,kappa]: [(38.58635,85.70180),104.83419]
	   1.88937	   0.00119	[mu,kappa]: [(85.20563,3.55355),0.14685]
	 106.96676	   0.05332	[mu,kappa]: [(138.94644,306.40417),19.19063]
			msglen: 44525.42564 bits.
Iteration #: 26
	  16.68394	   0.00853	[mu,kappa]: [(63.86518,51.19863),3.69609]
	   1.46813	   0.00098	[mu,kappa]: [(85.33455,3.49160),0.11756]
	  95.75998	   0.04776	[mu,kappa]: [(80.88292,306.37109),13.43181]
	   5.40780	   0.00293	[mu,kappa]: [(75.80176,2.67892),0.44045]
	 114.60641	   0.05711	[mu,kappa]: [(141.87296,309.86619),19.28368]
	  64.94450	   0.03247	[mu,kappa]: [(48.25284,57.46004),8.21629]
	   1.76064	   0.00112	[mu,kappa]: [(85.25809,3.53474),0.13773]
	   1.93398	   0.00121	[mu,kappa]: [(85.20639,3.56702),0.15018]
	  67.38113	   0.03368	[mu,kappa]: [(121.10186,295.10115),14.43950]
	   2.67917	   0.00158	[mu,kappa]: [(84.81249,3.78417),0.20544]
	  79.18666	   0.03954	[mu,kappa]: [(103.01931,301.49433),13.38942]
	 147.99703	   0.07368	[mu,kappa]: [(99.85040,304.52949),18.86109]
	  43.79637	   0.02198	[mu,kappa]: [(111.85558,297.05982),10.37683]
	   2.79710	   0.00164	[mu,kappa]: [(84.89301,4.09102),0.21434]
	  87.60386	   0.04371	[mu,kappa]: [(27.56995,8.56277),11.51895]
	   6.18096	   0.00331	[mu,kappa]: [(77.87721,17.06044),0.54001]
	 140.69029	   0.07005	[mu,kappa]: [(117.04260,293.15162),17.26178]
	  37.69287	   0.01895	[mu,kappa]: [(142.66053,312.61405),11.48464]
	  75.63104	   0.03777	[mu,kappa]: [(155.99365,24.84304),17.23155]
	  33.13289	   0.01669	[mu,kappa]: [(54.50080,55.77853),5.80761]
	  57.92723	   0.02899	[mu,kappa]: [(123.76262,61.80483),13.52182]
	  56.85922	   0.02846	[mu,kappa]: [(153.01616,324.08516),14.41114]
	 202.67216	   0.10080	[mu,kappa]: [(96.09779,308.50174),32.21804]
	  51.75432	   0.02593	[mu,kappa]: [(102.64286,300.94517),10.56971]
	 150.99314	   0.07516	[mu,kappa]: [(43.13450,318.78947),13.22030]
	   1.82003	   0.00115	[mu,kappa]: [(85.24125,3.54732),0.14197]
	  58.99336	   0.02952	[mu,kappa]: [(157.76861,337.34994),15.47973]
	 100.85692	   0.05029	[mu,kappa]: [(74.12386,68.06519),11.23612]
	 181.70196	   0.09040	[mu,kappa]: [(38.58658,85.70420),104.70732]
	   1.68069	   0.00108	[mu,kappa]: [(85.27935,3.52097),0.13209]
	 107.40622	   0.05354	[mu,kappa]: [(138.88291,306.60931),19.10081]
			msglen: 44520.00230 bits.
Iteration #: 27
	  16.46505	   0.00842	[mu,kappa]: [(64.16869,49.88044),3.54830]
	   1.37830	   0.00093	[mu,kappa]: [(85.43970,3.46898),0.11160]
	  94.52816	   0.04715	[mu,kappa]: [(80.88401,306.26384),13.24933]
	   4.47889	   0.00247	[mu,kappa]: [(80.85145,3.41541),0.34891]
	 115.09344	   0.05735	[mu,kappa]: [(141.80519,309.98846),19.26742]
	  65.05768	   0.03253	[mu,kappa]: [(48.48366,57.76192),8.20829]
	   1.59196	   0.00104	[mu,kappa]: [(85.38999,3.49531),0.12580]
	   1.71985	   0.00110	[mu,kappa]: [(85.35731,3.51309),0.13470]
	  67.58386	   0.03378	[mu,kappa]: [(120.97744,295.14690),14.51460]
	   2.27970	   0.00138	[mu,kappa]: [(85.16204,3.61547),0.17538]
	  78.70351	   0.03930	[mu,kappa]: [(103.10565,301.34929),13.24894]
	 146.88520	   0.07313	[mu,kappa]: [(99.78727,304.45364),18.73758]
	  43.61160	   0.02189	[mu,kappa]: [(111.88364,297.13058),10.36299]
	   2.36977	   0.00142	[mu,kappa]: [(85.16108,3.69637),0.18207]
	  89.15703	   0.04448	[mu,kappa]: [(27.49076,8.66139),11.59023]
	   5.16261	   0.00281	[mu,kappa]: [(81.02986,10.25797),0.41336]
	 141.68807	   0.07055	[mu,kappa]: [(116.99830,293.00288),17.56592]
	  37.54539	   0.01888	[mu,kappa]: [(142.55083,312.67065),11.45129]
	  75.14700	   0.03753	[mu,kappa]: [(156.09324,24.23252),17.46422]
	  33.10404	   0.01667	[mu,kappa]: [(54.92416,55.62870),5.73575]
	  57.82874	   0.02894	[mu,kappa]: [(124.53321,61.68307),13.80628]
	  56.76908	   0.02841	[mu,kappa]: [(153.05964,323.87050),14.35712]
	 204.03760	   0.10148	[mu,kappa]: [(95.95634,308.67376),33.14252]
	  51.32991	   0.02572	[mu,kappa]: [(102.78087,300.91124),10.47079]
	 151.65992	   0.07549	[mu,kappa]: [(43.35485,318.66432),13.13397]
	   1.63568	   0.00106	[mu,kappa]: [(85.37911,3.50155),0.12882]
	  59.00778	   0.02953	[mu,kappa]: [(157.90939,337.15854),15.44818]
	 102.92780	   0.05132	[mu,kappa]: [(74.36338,67.93214),11.07881]
	 181.86548	   0.09048	[mu,kappa]: [(38.58736,85.70497),104.58482]
	   1.53329	   0.00101	[mu,kappa]: [(85.40412,3.48758),0.12180]
	 107.85358	   0.05376	[mu,kappa]: [(138.83263,306.79902),19.01596]
			msglen: 44515.41634 bits.
Iteration #: 28
	  16.20671	   0.00829	[mu,kappa]: [(64.47555,48.46501),3.38953]
	   1.31665	   0.00090	[mu,kappa]: [(85.58044,3.44404),0.10753]
	  93.37264	   0.04658	[mu,kappa]: [(80.89288,306.16121),13.08720]
	   3.70873	   0.00209	[mu,kappa]: [(83.55615,3.62536),0.28416]
	 115.58841	   0.05760	[mu,kappa]: [(141.74636,310.08614),19.25497]
	  65.12724	   0.03256	[mu,kappa]: [(48.70496,58.08743),8.20979]
	   1.47219	   0.00098	[mu,kappa]: [(85.54786,3.46134),0.11750]
	   1.56600	   0.00103	[mu,kappa]: [(85.52663,3.47260),0.12379]
	  67.74709	   0.03386	[mu,kappa]: [(120.85435,295.21115),14.56385]
	   1.98259	   0.00123	[mu,kappa]: [(85.41461,3.53067),0.15325]
	  78.27209	   0.03908	[mu,kappa]: [(103.18521,301.21374),13.11976]
	 145.87190	   0.07262	[mu,kappa]: [(99.73146,304.36037),18.60050]
	  43.42875	   0.02180	[mu,kappa]: [(111.89536,297.22321),10.33785]
	   2.05047	   0.00127	[mu,kappa]: [(85.40134,3.55355),0.15819]
	  90.52440	   0.04516	[mu,kappa]: [(27.42261,8.73439),11.63294]
	   4.27907	   0.00237	[mu,kappa]: [(83.28261,6.36495),0.33084]
	 142.61484	   0.07101	[mu,kappa]: [(116.94177,292.88214),17.85123]
	  37.40293	   0.01881	[mu,kappa]: [(142.44589,312.71200),11.40622]
	  74.71332	   0.03732	[mu,kappa]: [(156.18862,23.62328),17.70207]
	  33.02666	   0.01663	[mu,kappa]: [(55.32260,55.47091),5.66310]
	  57.71771	   0.02888	[mu,kappa]: [(125.24566,61.58862),14.08543]
	  56.66489	   0.02836	[mu,kappa]: [(153.09737,323.64217),14.29448]
	 205.25499	   0.10209	[mu,kappa]: [(95.83642,308.82370),33.99804]
	  50.93286	   0.02552	[mu,kappa]: [(102.90667,300.89563),10.37718]
	 152.18144	   0.07575	[mu,kappa]: [(43.54930,318.55476),13.06080]
	   1.50420	   0.00099	[mu,kappa]: [(85.54074,3.46516),0.11963]
	  58.99393	   0.02952	[mu,kappa]: [(158.04202,336.96065),15.39354]
	 104.74018	   0.05222	[mu,kappa]: [(74.57686,67.80531),10.93689]
	 182.00558	   0.09055	[mu,kappa]: [(38.58835,85.70456),104.47640]
	   1.42932	   0.00096	[mu,kappa]: [(85.55716,3.45638),0.11469]
	 108.30222	   0.05398	[mu,kappa]: [(138.79350,306.97187),18.93734]
			msglen: 44511.53072 bits.
			N: 2000
		22.25577 bpr
Null model msglen: 47166.12940 bits.	(23.58306 bpr)
