Iteration #: 0
	31755.00000	   0.10000	[mu,kappa]: [(40.52931,87.04797),50.00000]
	32203.00000	   0.10141	[mu,kappa]: [(40.49376,87.14610),50.00000]
	31507.00000	   0.09922	[mu,kappa]: [(40.50528,87.10171),50.00000]
	31747.00000	   0.09997	[mu,kappa]: [(40.48112,87.11631),50.00000]
	31837.00000	   0.10026	[mu,kappa]: [(40.48516,87.12453),50.00000]
	31585.00000	   0.09946	[mu,kappa]: [(40.54419,87.10892),50.00000]
	31885.00000	   0.10041	[mu,kappa]: [(40.48383,87.13293),50.00000]
	31674.00000	   0.09974	[mu,kappa]: [(40.42352,87.14380),50.00000]
	31623.00000	   0.09958	[mu,kappa]: [(40.42067,87.10975),50.00000]
	31739.00000	   0.09995	[mu,kappa]: [(40.46753,87.09742),50.00000]
			msglen: -0.03847 bits.
Iteration #: 1
	31754.73029	   0.10000	[mu,kappa]: [(40.51666,87.09415),50.00000]
	32203.05387	   0.10141	[mu,kappa]: [(40.48741,87.11677),50.00000]
	31507.13109	   0.09922	[mu,kappa]: [(40.49781,87.10735),50.00000]
	31747.17273	   0.09997	[mu,kappa]: [(40.48177,87.11399),50.00000]
	31837.16084	   0.10026	[mu,kappa]: [(40.48367,87.11466),50.00000]
	31584.84803	   0.09946	[mu,kappa]: [(40.52136,87.10176),50.00000]
	31885.13871	   0.10041	[mu,kappa]: [(40.48223,87.11629),50.00000]
	31673.83304	   0.09974	[mu,kappa]: [(40.44405,87.12849),50.00000]
	31622.80977	   0.09958	[mu,kappa]: [(40.44473,87.12331),50.00000]
	31739.12163	   0.09995	[mu,kappa]: [(40.47471,87.11319),50.00000]
			msglen: 5575730.73264 bits.
Iteration #: 2
	31754.67532	   0.10000	[mu,kappa]: [(40.50541,87.10408),50.00000]
	32203.09793	   0.10141	[mu,kappa]: [(40.48563,87.11295),50.00000]
	31507.16962	   0.09922	[mu,kappa]: [(40.49276,87.10958),50.00000]
	31747.22612	   0.09997	[mu,kappa]: [(40.48233,87.11347),50.00000]
	31837.21300	   0.10026	[mu,kappa]: [(40.48346,87.11325),50.00000]
	31584.77786	   0.09946	[mu,kappa]: [(40.50776,87.10453),50.00000]
	31885.18953	   0.10041	[mu,kappa]: [(40.48245,87.11377),50.00000]
	31673.74787	   0.09974	[mu,kappa]: [(40.45789,87.12240),50.00000]
	31622.73422	   0.09958	[mu,kappa]: [(40.45869,87.12142),50.00000]
	31739.16852	   0.09995	[mu,kappa]: [(40.47802,87.11456),50.00000]
			msglen: 5575730.27733 bits.
Iteration #: 3
	31754.65350	   0.10000	[mu,kappa]: [(40.49771,87.10770),50.00000]
	32203.11275	   0.10141	[mu,kappa]: [(40.48480,87.11262),50.00000]
	31507.18763	   0.09922	[mu,kappa]: [(40.48947,87.11082),50.00000]
	31747.24812	   0.09997	[mu,kappa]: [(40.48272,87.11328),50.00000]
	31837.23376	   0.10026	[mu,kappa]: [(40.48344,87.11304),50.00000]
	31584.74997	   0.09946	[mu,kappa]: [(40.49913,87.10736),50.00000]
	31885.20946	   0.10041	[mu,kappa]: [(40.48277,87.11331),50.00000]
	31673.71272	   0.09974	[mu,kappa]: [(40.46692,87.11899),50.00000]
	31622.70394	   0.09958	[mu,kappa]: [(40.46748,87.11869),50.00000]
	31739.18817	   0.09995	[mu,kappa]: [(40.47997,87.11421),50.00000]
			msglen: 5575730.09249 bits.
Iteration #: 4
	31754.64442	   0.10000	[mu,kappa]: [(40.49267,87.10964),50.00000]
	32203.11484	   0.10141	[mu,kappa]: [(40.48431,87.11270),50.00000]
	31507.19741	   0.09922	[mu,kappa]: [(40.48734,87.11159),50.00000]
	31747.25738	   0.09997	[mu,kappa]: [(40.48297,87.11317),50.00000]
	31837.24167	   0.10026	[mu,kappa]: [(40.48343,87.11301),50.00000]
	31584.73988	   0.09946	[mu,kappa]: [(40.49358,87.10934),50.00000]
	31885.21659	   0.10041	[mu,kappa]: [(40.48300,87.11317),50.00000]
	31673.69879	   0.09974	[mu,kappa]: [(40.47276,87.11686),50.00000]
	31622.69251	   0.09958	[mu,kappa]: [(40.47313,87.11672),50.00000]
	31739.19652	   0.09995	[mu,kappa]: [(40.48120,87.11381),50.00000]
			msglen: 5575730.01539 bits.
Iteration #: 5
	31754.64063	   0.10000	[mu,kappa]: [(40.48941,87.11084),50.00000]
	32203.11161	   0.10141	[mu,kappa]: [(40.48400,87.11280),50.00000]
	31507.20378	   0.09922	[mu,kappa]: [(40.48596,87.11209),50.00000]
	31747.26132	   0.09997	[mu,kappa]: [(40.48314,87.11311),50.00000]
	31837.24422	   0.10026	[mu,kappa]: [(40.48344,87.11300),50.00000]
	31584.73723	   0.09946	[mu,kappa]: [(40.48999,87.11063),50.00000]
	31885.21838	   0.10041	[mu,kappa]: [(40.48316,87.11311),50.00000]
	31673.69372	   0.09974	[mu,kappa]: [(40.47654,87.11550),50.00000]
	31622.68895	   0.09958	[mu,kappa]: [(40.47678,87.11541),50.00000]
	31739.20016	   0.09995	[mu,kappa]: [(40.48199,87.11352),50.00000]
			msglen: 5575729.98319 bits.
Iteration #: 6
	31754.63906	   0.10000	[mu,kappa]: [(40.48730,87.11160),50.00000]
	32203.10616	   0.10141	[mu,kappa]: [(40.48380,87.11287),50.00000]
	31507.20871	   0.09922	[mu,kappa]: [(40.48507,87.11241),50.00000]
	31747.26304	   0.09997	[mu,kappa]: [(40.48324,87.11307),50.00000]
	31837.24454	   0.10026	[mu,kappa]: [(40.48344,87.11300),50.00000]
	31584.73769	   0.09946	[mu,kappa]: [(40.48767,87.11147),50.00000]
	31885.21794	   0.10041	[mu,kappa]: [(40.48326,87.11307),50.00000]
	31673.69235	   0.09974	[mu,kappa]: [(40.47898,87.11461),50.00000]
	31622.68868	   0.09958	[mu,kappa]: [(40.47913,87.11456),50.00000]
	31739.20183	   0.09995	[mu,kappa]: [(40.48250,87.11334),50.00000]
			msglen: 5575729.96974 bits.
Iteration #: 7
	31754.63841	   0.10000	[mu,kappa]: [(40.48593,87.11210),50.00000]
	32203.09978	   0.10141	[mu,kappa]: [(40.48367,87.11292),50.00000]
	31507.21305	   0.09922	[mu,kappa]: [(40.48449,87.11262),50.00000]
	31747.26384	   0.09997	[mu,kappa]: [(40.48331,87.11305),50.00000]
	31837.24393	   0.10026	[mu,kappa]: [(40.48344,87.11300),50.00000]
	31584.73945	   0.09946	[mu,kappa]: [(40.48618,87.11201),50.00000]
	31885.21656	   0.10041	[mu,kappa]: [(40.48332,87.11304),50.00000]
	31673.69253	   0.09974	[mu,kappa]: [(40.48056,87.11404),50.00000]
	31622.68979	   0.09958	[mu,kappa]: [(40.48066,87.11401),50.00000]
	31739.20268	   0.09995	[mu,kappa]: [(40.48284,87.11322),50.00000]
			msglen: 5575729.96412 bits.
Iteration #: 8
	31754.63815	   0.10000	[mu,kappa]: [(40.48505,87.11242),50.00000]
	32203.09301	   0.10141	[mu,kappa]: [(40.48359,87.11295),50.00000]
	31507.21714	   0.09922	[mu,kappa]: [(40.48412,87.11276),50.00000]
	31747.26424	   0.09997	[mu,kappa]: [(40.48336,87.11303),50.00000]
	31837.24292	   0.10026	[mu,kappa]: [(40.48344,87.11300),50.00000]
	31584.74174	   0.09946	[mu,kappa]: [(40.48521,87.11236),50.00000]
	31885.21480	   0.10041	[mu,kappa]: [(40.48336,87.11303),50.00000]
	31673.69335	   0.09974	[mu,kappa]: [(40.48158,87.11367),50.00000]
	31622.69147	   0.09958	[mu,kappa]: [(40.48164,87.11365),50.00000]
	31739.20318	   0.09995	[mu,kappa]: [(40.48305,87.11314),50.00000]
			msglen: 5575729.96178 bits.
Iteration #: 9
	31754.63804	   0.10000	[mu,kappa]: [(40.48448,87.11262),50.00000]
	32203.08608	   0.10141	[mu,kappa]: [(40.48354,87.11297),50.00000]
	31507.22112	   0.09922	[mu,kappa]: [(40.48388,87.11284),50.00000]
	31747.26449	   0.09997	[mu,kappa]: [(40.48339,87.11302),50.00000]
	31837.24175	   0.10026	[mu,kappa]: [(40.48344,87.11300),50.00000]
	31584.74427	   0.09946	[mu,kappa]: [(40.48458,87.11259),50.00000]
	31885.21287	   0.10041	[mu,kappa]: [(40.48339,87.11302),50.00000]
	31673.69445	   0.09974	[mu,kappa]: [(40.48224,87.11344),50.00000]
	31622.69339	   0.09958	[mu,kappa]: [(40.48228,87.11342),50.00000]
	31739.20354	   0.09995	[mu,kappa]: [(40.48319,87.11309),50.00000]
			msglen: 5575729.96080 bits.
Iteration #: 10
	31754.63801	   0.10000	[mu,kappa]: [(40.48411,87.11276),50.00000]
	32203.07908	   0.10141	[mu,kappa]: [(40.48350,87.11298),50.00000]
	31507.22506	   0.09922	[mu,kappa]: [(40.48372,87.11290),50.00000]
	31747.26467	   0.09997	[mu,kappa]: [(40.48341,87.11301),50.00000]
	31837.24051	   0.10026	[mu,kappa]: [(40.48344,87.11300),50.00000]
	31584.74689	   0.09946	[mu,kappa]: [(40.48418,87.11273),50.00000]
	31885.21088	   0.10041	[mu,kappa]: [(40.48341,87.11301),50.00000]
	31673.69565	   0.09974	[mu,kappa]: [(40.48266,87.11328),50.00000]
	31622.69541	   0.09958	[mu,kappa]: [(40.48269,87.11327),50.00000]
	31739.20384	   0.09995	[mu,kappa]: [(40.48328,87.11306),50.00000]
			msglen: 5575729.96039 bits.
Iteration #: 11
	31754.63800	   0.10000	[mu,kappa]: [(40.48387,87.11284),50.00000]
	32203.07205	   0.10141	[mu,kappa]: [(40.48348,87.11299),50.00000]
	31507.22899	   0.09922	[mu,kappa]: [(40.48362,87.11293),50.00000]
	31747.26482	   0.09997	[mu,kappa]: [(40.48342,87.11301),50.00000]
	31837.23924	   0.10026	[mu,kappa]: [(40.48344,87.11300),50.00000]
	31584.74955	   0.09946	[mu,kappa]: [(40.48392,87.11283),50.00000]
	31885.20886	   0.10041	[mu,kappa]: [(40.48342,87.11301),50.00000]
	31673.69691	   0.09974	[mu,kappa]: [(40.48294,87.11318),50.00000]
	31622.69747	   0.09958	[mu,kappa]: [(40.48295,87.11318),50.00000]
	31739.20412	   0.09995	[mu,kappa]: [(40.48333,87.11304),50.00000]
			msglen: 5575729.96022 bits.
Iteration #: 12
	31754.63801	   0.10000	[mu,kappa]: [(40.48372,87.11290),50.00000]
	32203.06501	   0.10141	[mu,kappa]: [(40.48347,87.11299),50.00000]
	31507.23290	   0.09922	[mu,kappa]: [(40.48356,87.11296),50.00000]
	31747.26496	   0.09997	[mu,kappa]: [(40.48343,87.11301),50.00000]
	31837.23797	   0.10026	[mu,kappa]: [(40.48344,87.11300),50.00000]
	31584.75223	   0.09946	[mu,kappa]: [(40.48375,87.11289),50.00000]
	31885.20682	   0.10041	[mu,kappa]: [(40.48343,87.11301),50.00000]
	31673.69818	   0.09974	[mu,kappa]: [(40.48311,87.11312),50.00000]
	31622.69955	   0.09958	[mu,kappa]: [(40.48313,87.11311),50.00000]
	31739.20438	   0.09995	[mu,kappa]: [(40.48337,87.11303),50.00000]
			msglen: 5575729.96015 bits.
Iteration #: 13
	31754.63802	   0.10000	[mu,kappa]: [(40.48362,87.11294),50.00000]
	32203.05797	   0.10141	[mu,kappa]: [(40.48346,87.11299),50.00000]
	31507.23681	   0.09922	[mu,kappa]: [(40.48352,87.11297),50.00000]
	31747.26509	   0.09997	[mu,kappa]: [(40.48343,87.11300),50.00000]
	31837.23668	   0.10026	[mu,kappa]: [(40.48344,87.11300),50.00000]
	31584.75491	   0.09946	[mu,kappa]: [(40.48364,87.11293),50.00000]
	31885.20478	   0.10041	[mu,kappa]: [(40.48343,87.11300),50.00000]
	31673.69946	   0.09974	[mu,kappa]: [(40.48323,87.11308),50.00000]
	31622.70163	   0.09958	[mu,kappa]: [(40.48324,87.11307),50.00000]
	31739.20464	   0.09995	[mu,kappa]: [(40.48340,87.11302),50.00000]
			msglen: 5575729.96012 bits.
Iteration #: 14
	31754.63803	   0.10000	[mu,kappa]: [(40.48356,87.11296),50.00000]
	32203.05092	   0.10141	[mu,kappa]: [(40.48345,87.11300),50.00000]
	31507.24072	   0.09922	[mu,kappa]: [(40.48349,87.11298),50.00000]
	31747.26522	   0.09997	[mu,kappa]: [(40.48343,87.11300),50.00000]
	31837.23540	   0.10026	[mu,kappa]: [(40.48344,87.11300),50.00000]
	31584.75760	   0.09946	[mu,kappa]: [(40.48357,87.11295),50.00000]
	31885.20274	   0.10041	[mu,kappa]: [(40.48343,87.11300),50.00000]
	31673.70075	   0.09974	[mu,kappa]: [(40.48330,87.11305),50.00000]
	31622.70372	   0.09958	[mu,kappa]: [(40.48331,87.11305),50.00000]
	31739.20490	   0.09995	[mu,kappa]: [(40.48341,87.11301),50.00000]
			msglen: 5575729.96010 bits.
Iteration #: 15
	31754.63804	   0.10000	[mu,kappa]: [(40.48352,87.11297),50.00000]
	32203.04388	   0.10141	[mu,kappa]: [(40.48345,87.11300),50.00000]
	31507.24463	   0.09922	[mu,kappa]: [(40.48347,87.11299),50.00000]
	31747.26535	   0.09997	[mu,kappa]: [(40.48344,87.11300),50.00000]
	31837.23411	   0.10026	[mu,kappa]: [(40.48344,87.11300),50.00000]
	31584.76029	   0.09946	[mu,kappa]: [(40.48352,87.11297),50.00000]
	31885.20070	   0.10041	[mu,kappa]: [(40.48344,87.11300),50.00000]
	31673.70204	   0.09974	[mu,kappa]: [(40.48335,87.11303),50.00000]
	31622.70581	   0.09958	[mu,kappa]: [(40.48335,87.11303),50.00000]
	31739.20515	   0.09995	[mu,kappa]: [(40.48342,87.11301),50.00000]
			msglen: 5575729.96010 bits.
Iteration #: 16
	31754.63806	   0.10000	[mu,kappa]: [(40.48349,87.11298),50.00000]
	32203.03683	   0.10141	[mu,kappa]: [(40.48344,87.11300),50.00000]
	31507.24854	   0.09922	[mu,kappa]: [(40.48346,87.11299),50.00000]
	31747.26548	   0.09997	[mu,kappa]: [(40.48344,87.11300),50.00000]
	31837.23282	   0.10026	[mu,kappa]: [(40.48344,87.11300),50.00000]
	31584.76297	   0.09946	[mu,kappa]: [(40.48349,87.11298),50.00000]
	31885.19866	   0.10041	[mu,kappa]: [(40.48344,87.11300),50.00000]
	31673.70332	   0.09974	[mu,kappa]: [(40.48338,87.11302),50.00000]
	31622.70790	   0.09958	[mu,kappa]: [(40.48338,87.11302),50.00000]
	31739.20541	   0.09995	[mu,kappa]: [(40.48343,87.11301),50.00000]
			msglen: 5575729.96010 bits.
Iteration #: 17
	31754.63807	   0.10000	[mu,kappa]: [(40.48347,87.11299),50.00000]
	32203.02978	   0.10141	[mu,kappa]: [(40.48344,87.11300),50.00000]
	31507.25245	   0.09922	[mu,kappa]: [(40.48345,87.11300),50.00000]
	31747.26561	   0.09997	[mu,kappa]: [(40.48344,87.11300),50.00000]
	31837.23154	   0.10026	[mu,kappa]: [(40.48344,87.11300),50.00000]
	31584.76566	   0.09946	[mu,kappa]: [(40.48347,87.11299),50.00000]
	31885.19662	   0.10041	[mu,kappa]: [(40.48344,87.11300),50.00000]
	31673.70461	   0.09974	[mu,kappa]: [(40.48340,87.11301),50.00000]
	31622.70999	   0.09958	[mu,kappa]: [(40.48340,87.11301),50.00000]
	31739.20567	   0.09995	[mu,kappa]: [(40.48343,87.11300),50.00000]
			msglen: 5575729.96010 bits.
Iteration #: 18
	31754.63808	   0.10000	[mu,kappa]: [(40.48346,87.11299),50.00000]
	32203.02274	   0.10141	[mu,kappa]: [(40.48344,87.11300),50.00000]
	31507.25636	   0.09922	[mu,kappa]: [(40.48345,87.11300),50.00000]
	31747.26574	   0.09997	[mu,kappa]: [(40.48344,87.11300),50.00000]
	31837.23025	   0.10026	[mu,kappa]: [(40.48344,87.11300),50.00000]
	31584.76835	   0.09946	[mu,kappa]: [(40.48346,87.11299),50.00000]
	31885.19458	   0.10041	[mu,kappa]: [(40.48344,87.11300),50.00000]
	31673.70590	   0.09974	[mu,kappa]: [(40.48342,87.11301),50.00000]
	31622.71208	   0.09958	[mu,kappa]: [(40.48342,87.11301),50.00000]
	31739.20592	   0.09995	[mu,kappa]: [(40.48343,87.11300),50.00000]
			msglen: 5575729.96010 bits.
Iteration #: 19
	31754.63810	   0.10000	[mu,kappa]: [(40.48345,87.11300),50.00000]
	32203.01569	   0.10141	[mu,kappa]: [(40.48344,87.11300),50.00000]
	31507.26027	   0.09922	[mu,kappa]: [(40.48345,87.11300),50.00000]
	31747.26587	   0.09997	[mu,kappa]: [(40.48344,87.11300),50.00000]
	31837.22896	   0.10026	[mu,kappa]: [(40.48344,87.11300),50.00000]
	31584.77104	   0.09946	[mu,kappa]: [(40.48345,87.11300),50.00000]
	31885.19253	   0.10041	[mu,kappa]: [(40.48344,87.11300),50.00000]
	31673.70719	   0.09974	[mu,kappa]: [(40.48342,87.11301),50.00000]
	31622.71417	   0.09958	[mu,kappa]: [(40.48342,87.11301),50.00000]
	31739.20618	   0.09995	[mu,kappa]: [(40.48344,87.11300),50.00000]
			msglen: 5575729.96010 bits.
Iteration #: 20
	31754.63811	   0.10000	[mu,kappa]: [(40.48345,87.11300),50.00000]
	32203.00865	   0.10141	[mu,kappa]: [(40.48344,87.11300),50.00000]
	31507.26417	   0.09922	[mu,kappa]: [(40.48344,87.11300),50.00000]
	31747.26600	   0.09997	[mu,kappa]: [(40.48344,87.11300),50.00000]
	31837.22768	   0.10026	[mu,kappa]: [(40.48344,87.11300),50.00000]
	31584.77373	   0.09946	[mu,kappa]: [(40.48345,87.11300),50.00000]
	31885.19049	   0.10041	[mu,kappa]: [(40.48344,87.11300),50.00000]
	31673.70847	   0.09974	[mu,kappa]: [(40.48343,87.11300),50.00000]
	31622.71626	   0.09958	[mu,kappa]: [(40.48343,87.11300),50.00000]
	31739.20644	   0.09995	[mu,kappa]: [(40.48344,87.11300),50.00000]
			msglen: 5575729.96009 bits.
Iteration #: 21
	31754.63812	   0.10000	[mu,kappa]: [(40.48345,87.11300),50.00000]
	32203.00160	   0.10141	[mu,kappa]: [(40.48344,87.11300),50.00000]
	31507.26808	   0.09922	[mu,kappa]: [(40.48344,87.11300),50.00000]
	31747.26613	   0.09997	[mu,kappa]: [(40.48344,87.11300),50.00000]
	31837.22639	   0.10026	[mu,kappa]: [(40.48344,87.11300),50.00000]
	31584.77641	   0.09946	[mu,kappa]: [(40.48345,87.11300),50.00000]
	31885.18845	   0.10041	[mu,kappa]: [(40.48344,87.11300),50.00000]
	31673.70976	   0.09974	[mu,kappa]: [(40.48343,87.11300),50.00000]
	31622.71835	   0.09958	[mu,kappa]: [(40.48343,87.11300),50.00000]
	31739.20669	   0.09995	[mu,kappa]: [(40.48344,87.11300),50.00000]
			msglen: 5575729.96009 bits.
			N: 317555
		17.55831 bpr
Null model msglen: 7488920.11043 bits.	(23.58306 bpr)
