Iteration #: 0
	22551.00000	   0.07101	[mu,kappa]: [(40.45046,87.14305),114.39327]
	22644.00000	   0.07131	[mu,kappa]: [(40.46965,87.10882),117.14741]
	22885.00000	   0.07207	[mu,kappa]: [(40.43972,87.13081),114.07400]
	22676.00000	   0.07141	[mu,kappa]: [(40.44395,87.14875),118.94546]
	22516.00000	   0.07090	[mu,kappa]: [(40.48448,87.06670),116.40579]
	22783.00000	   0.07175	[mu,kappa]: [(40.47905,87.12239),119.66683]
	22679.00000	   0.07142	[mu,kappa]: [(40.49096,87.07165),115.41865]
	22618.00000	   0.07123	[mu,kappa]: [(40.54436,87.10429),116.25861]
	22503.00000	   0.07086	[mu,kappa]: [(40.50894,87.10219),121.75849]
	22282.00000	   0.07017	[mu,kappa]: [(40.45618,87.10698),114.03232]
	22816.00000	   0.07185	[mu,kappa]: [(40.48955,87.09153),114.63927]
	23008.00000	   0.07245	[mu,kappa]: [(40.52373,87.12294),116.14887]
	22726.00000	   0.07157	[mu,kappa]: [(40.42789,87.10600),113.54148]
	22868.00000	   0.07201	[mu,kappa]: [(40.55818,87.15499),122.97454]
			msglen: 5217139.53174 bits.
Iteration #: 1
	22503.16210	   0.07086	[mu,kappa]: [(40.41316,87.05516),100.28721]
	22611.45303	   0.07120	[mu,kappa]: [(40.48106,87.15235),133.61990]
	22848.97809	   0.07195	[mu,kappa]: [(40.39327,87.02998),92.40695]
	22698.19274	   0.07148	[mu,kappa]: [(40.45069,87.22750),146.08645]
	22468.24197	   0.07075	[mu,kappa]: [(40.50267,87.10539),127.20963]
	22831.74658	   0.07190	[mu,kappa]: [(40.49916,87.22178),150.19329]
	22620.94544	   0.07123	[mu,kappa]: [(40.50156,87.06536),116.89757]
	22569.04667	   0.07107	[mu,kappa]: [(40.57837,87.08945),126.42072]
	22638.82084	   0.07129	[mu,kappa]: [(40.53500,87.24771),161.01827]
	22249.18892	   0.07006	[mu,kappa]: [(40.42527,87.00951),91.07144]
	22762.60572	   0.07168	[mu,kappa]: [(40.48802,87.03374),104.97856]
	22955.93178	   0.07229	[mu,kappa]: [(40.54567,87.10125),125.48630]
	22729.06781	   0.07158	[mu,kappa]: [(40.37275,86.96416),75.76771]
	23067.61831	   0.07264	[mu,kappa]: [(40.57818,87.27071),166.99859]
			msglen: 5403647.77573 bits.
Iteration #: 2
	20924.60110	   0.06589	[mu,kappa]: [(40.51511,87.00704),122.77246]
	22924.12833	   0.07219	[mu,kappa]: [(40.45280,87.44765),212.98000]
	21040.22112	   0.06626	[mu,kappa]: [(40.56959,86.74116),96.44064]
	23824.26912	   0.07502	[mu,kappa]: [(40.40707,87.54439),241.36654]
	22369.84077	   0.07044	[mu,kappa]: [(40.48887,87.38091),197.33006]
	24225.64811	   0.07629	[mu,kappa]: [(40.44857,87.54596),249.93270]
	21887.19920	   0.06892	[mu,kappa]: [(40.52083,87.26860),170.74862]
	22418.45990	   0.07060	[mu,kappa]: [(40.56521,87.34558),195.01297]
	24705.70578	   0.07780	[mu,kappa]: [(40.47345,87.58114),272.05970]
	20486.19407	   0.06451	[mu,kappa]: [(40.63901,86.65451),91.55672]
	21373.89809	   0.06731	[mu,kappa]: [(40.57322,87.07643),136.88543]
	22745.04967	   0.07163	[mu,kappa]: [(40.53443,87.35198),192.89668]
	23077.76324	   0.07267	[mu,kappa]: [(40.13343,84.74311),23.49407]
	25552.02150	   0.08046	[mu,kappa]: [(40.50670,87.59417),278.00000]
			msglen: 5294626.87547 bits.
Iteration #: 3
	19217.98938	   0.06052	[mu,kappa]: [(40.49408,87.09966),145.94150]
	23670.92028	   0.07454	[mu,kappa]: [(40.36402,87.66017),278.00000]
	18718.73844	   0.05895	[mu,kappa]: [(40.66777,86.67445),107.69841]
	25418.75152	   0.08005	[mu,kappa]: [(40.31496,87.75601),278.00000]
	22658.48407	   0.07135	[mu,kappa]: [(40.40622,87.59019),259.98289]
	26075.96303	   0.08211	[mu,kappa]: [(40.36147,87.75471),278.00000]
	21427.10779	   0.06748	[mu,kappa]: [(40.45038,87.46045),219.16956]
	22631.60093	   0.07127	[mu,kappa]: [(40.49437,87.54579),256.22882]
	27196.35541	   0.08564	[mu,kappa]: [(40.39052,87.78477),278.00000]
	18139.47007	   0.05712	[mu,kappa]: [(40.80178,86.52904),100.87933]
	19998.26738	   0.06298	[mu,kappa]: [(40.54543,87.20581),167.08879]
	22905.55594	   0.07213	[mu,kappa]: [(40.45902,87.55336),253.10458]
	21209.57829	   0.06679	[mu,kappa]: [(40.94979,81.93758),16.01507]
	28286.21748	   0.08907	[mu,kappa]: [(40.42492,87.78654),278.00000]
			msglen: 5277255.45185 bits.
Iteration #: 4
	18444.16692	   0.05808	[mu,kappa]: [(40.49339,87.07442),148.40100]
	24193.67945	   0.07619	[mu,kappa]: [(40.29908,87.76702),278.00000]
	18101.54444	   0.05700	[mu,kappa]: [(40.85309,86.45427),102.24825]
	25996.16838	   0.08186	[mu,kappa]: [(40.22812,87.82924),278.00000]
	22906.47291	   0.07213	[mu,kappa]: [(40.35191,87.69616),278.00000]
	26659.58714	   0.08395	[mu,kappa]: [(40.28351,87.81376),278.00000]
	21156.20222	   0.06662	[mu,kappa]: [(40.40847,87.54489),248.47873]
	22819.50151	   0.07186	[mu,kappa]: [(40.46394,87.63968),278.00000]
	27801.14489	   0.08755	[mu,kappa]: [(40.31400,87.81907),278.00000]
	17637.57976	   0.05554	[mu,kappa]: [(41.11359,86.22795),94.85815]
	19282.21795	   0.06072	[mu,kappa]: [(40.55735,87.21510),176.21651]
	23056.80604	   0.07261	[mu,kappa]: [(40.41882,87.65042),278.00000]
	20590.82123	   0.06484	[mu,kappa]: [(41.28189,81.34188),15.19541]
	28909.10715	   0.09104	[mu,kappa]: [(40.35457,87.80896),278.00000]
			msglen: 5274746.06785 bits.
Iteration #: 5
	17832.91689	   0.05616	[mu,kappa]: [(40.50052,87.04287),147.24590]
	24456.62253	   0.07702	[mu,kappa]: [(40.23555,87.80756),278.00000]
	17876.37685	   0.05629	[mu,kappa]: [(41.15764,86.18062),94.70696]
	26292.71672	   0.08280	[mu,kappa]: [(40.13987,87.86176),278.00000]
	23147.13836	   0.07289	[mu,kappa]: [(40.31015,87.75496),278.00000]
	26953.09550	   0.08488	[mu,kappa]: [(40.21002,87.83583),278.00000]
	21066.07728	   0.06634	[mu,kappa]: [(40.38832,87.61866),278.00000]
	23051.25088	   0.07259	[mu,kappa]: [(40.45537,87.68987),278.00000]
	28102.19084	   0.08850	[mu,kappa]: [(40.24671,87.82840),278.00000]
	17602.84182	   0.05543	[mu,kappa]: [(41.64592,85.83854),87.60502]
	18689.09416	   0.05885	[mu,kappa]: [(40.59909,87.21244),182.81536]
	23292.72844	   0.07335	[mu,kappa]: [(40.39856,87.71011),278.00000]
	19976.07707	   0.06291	[mu,kappa]: [(41.11672,81.30452),14.90259]
	29215.87265	   0.09200	[mu,kappa]: [(40.29788,87.81003),278.00000]
			msglen: 5273299.08393 bits.
Iteration #: 6
	17249.68458	   0.05432	[mu,kappa]: [(40.47062,87.03660),146.00241]
	24679.86304	   0.07772	[mu,kappa]: [(40.16733,87.83578),278.00000]
	17754.74082	   0.05591	[mu,kappa]: [(41.56618,85.87863),88.28149]
	26552.11199	   0.08361	[mu,kappa]: [(40.04114,87.89447),278.00000]
	23349.00793	   0.07353	[mu,kappa]: [(40.26702,87.78487),278.00000]
	27204.05123	   0.08567	[mu,kappa]: [(40.13177,87.85831),278.00000]
	21241.18648	   0.06689	[mu,kappa]: [(40.38262,87.69086),278.00000]
	23245.00310	   0.07320	[mu,kappa]: [(40.45566,87.70431),278.00000]
	28357.24690	   0.08930	[mu,kappa]: [(40.17829,87.84245),278.00000]
	17754.57873	   0.05591	[mu,kappa]: [(42.44166,85.36750),82.46726]
	18147.82182	   0.05715	[mu,kappa]: [(40.65267,87.21890),191.15796]
	23489.70197	   0.07397	[mu,kappa]: [(40.38263,87.73321),278.00000]
	19056.95087	   0.06001	[mu,kappa]: [(40.59714,81.37382),14.50851]
	29473.05053	   0.09281	[mu,kappa]: [(40.24422,87.81635),278.00000]
			msglen: 5271956.03402 bits.
Iteration #: 7
	16669.65042	   0.05249	[mu,kappa]: [(40.34948,87.07540),145.17383]
	24909.08715	   0.07844	[mu,kappa]: [(40.09056,87.86468),278.00000]
	17626.24202	   0.05551	[mu,kappa]: [(42.04865,85.56480),83.54998]
	26828.13382	   0.08448	[mu,kappa]: [(39.92516,87.93566),278.00000]
	23552.71890	   0.07417	[mu,kappa]: [(40.22153,87.80638),278.00000]
	27464.11432	   0.08649	[mu,kappa]: [(40.04318,87.88765),278.00000]
	21419.45470	   0.06745	[mu,kappa]: [(40.37786,87.72136),278.00000]
	23440.64465	   0.07382	[mu,kappa]: [(40.46640,87.70408),278.00000]
	28618.71089	   0.09012	[mu,kappa]: [(40.10329,87.86436),278.00000]
	18053.15945	   0.05685	[mu,kappa]: [(43.55210,84.80585),80.71533]
	17658.75998	   0.05561	[mu,kappa]: [(40.71474,87.23573),202.87000]
	23687.49497	   0.07459	[mu,kappa]: [(40.37204,87.74252),278.00000]
	17893.31172	   0.05635	[mu,kappa]: [(39.71866,81.50720),14.01342]
	29733.51701	   0.09363	[mu,kappa]: [(40.18888,87.82959),278.00000]
			msglen: 5270055.58546 bits.
Iteration #: 8
	16120.28116	   0.05076	[mu,kappa]: [(40.05778,87.18443),144.08249]
	25123.02636	   0.07911	[mu,kappa]: [(40.00165,87.89773),278.00000]
	17408.78894	   0.05482	[mu,kappa]: [(42.54475,85.26844),80.56784]
	27104.79865	   0.08535	[mu,kappa]: [(39.78417,87.98786),278.00000]
	23735.79500	   0.07475	[mu,kappa]: [(40.17338,87.82551),278.00000]
	27711.41778	   0.08726	[mu,kappa]: [(39.93911,87.92484),278.00000]
	21578.45143	   0.06795	[mu,kappa]: [(40.37959,87.73179),278.00000]
	23616.98375	   0.07437	[mu,kappa]: [(40.49171,87.69426),278.00000]
	28861.71836	   0.09089	[mu,kappa]: [(40.01765,87.89337),278.00000]
	18585.98629	   0.05853	[mu,kappa]: [(45.00193,84.15975),84.22437]
	17239.47147	   0.05429	[mu,kappa]: [(40.79483,87.25734),218.92207]
	23863.38800	   0.07515	[mu,kappa]: [(40.36947,87.74428),278.00000]
	16635.48942	   0.05239	[mu,kappa]: [(38.44418,81.73609),13.53321]
	29969.40340	   0.09437	[mu,kappa]: [(40.12945,87.84783),278.00000]
			msglen: 5267146.37164 bits.
Iteration #: 9
	15665.75430	   0.04933	[mu,kappa]: [(39.47689,87.40147),142.24410]
	25307.37757	   0.07969	[mu,kappa]: [(39.89995,87.93565),278.00000]
	16910.18638	   0.05325	[mu,kappa]: [(42.96507,85.03596),79.58546]
	27376.53852	   0.08621	[mu,kappa]: [(39.61246,88.05245),278.00000]
	23882.43212	   0.07521	[mu,kappa]: [(40.12541,87.84338),278.00000]
	27932.26940	   0.08796	[mu,kappa]: [(39.81736,87.96976),278.00000]
	21705.17041	   0.06835	[mu,kappa]: [(40.39504,87.72966),278.00000]
	23763.02374	   0.07483	[mu,kappa]: [(40.53889,87.67483),278.00000]
	29069.36864	   0.09154	[mu,kappa]: [(39.92070,87.92822),278.00000]
	19501.40779	   0.06141	[mu,kappa]: [(46.68777,83.48691),96.91790]
	16915.95748	   0.05327	[mu,kappa]: [(40.91400,87.27531),241.79579]
	24003.15895	   0.07559	[mu,kappa]: [(40.38079,87.73918),278.00000]
	15361.32183	   0.04837	[mu,kappa]: [(36.85131,82.04900),13.15366]
	30161.03287	   0.09498	[mu,kappa]: [(40.06736,87.86887),278.00000]
			msglen: 5262509.16861 bits.
Iteration #: 10
	15462.83966	   0.04869	[mu,kappa]: [(38.45465,87.77484),140.36175]
	25438.10723	   0.08011	[mu,kappa]: [(39.79216,87.97647),278.00000]
	15866.93002	   0.04997	[mu,kappa]: [(43.23732,84.90798),81.05844]
	27627.22049	   0.08700	[mu,kappa]: [(39.41205,88.12846),278.00000]
	23970.39902	   0.07548	[mu,kappa]: [(40.08681,87.85803),278.00000]
	28101.68660	   0.08849	[mu,kappa]: [(39.68340,88.02026),278.00000]
	21785.78071	   0.06860	[mu,kappa]: [(40.43549,87.71596),278.00000]
	23869.75419	   0.07517	[mu,kappa]: [(40.61888,87.64368),278.00000]
	29213.80742	   0.09200	[mu,kappa]: [(39.81927,87.96606),278.00000]
	21034.20588	   0.06624	[mu,kappa]: [(48.22426,82.92478),122.32617]
	16751.05767	   0.05275	[mu,kappa]: [(41.09705,87.28217),276.67882]
	24091.03103	   0.07586	[mu,kappa]: [(40.41671,87.72519),278.00000]
	14062.67204	   0.04428	[mu,kappa]: [(35.28250,82.28869),12.79729]
	30279.50805	   0.09535	[mu,kappa]: [(40.01101,87.88930),278.00000]
			msglen: 5256021.70491 bits.
Iteration #: 11
	15862.70211	   0.04995	[mu,kappa]: [(36.89064,88.33888),141.86144]
	25474.18693	   0.08022	[mu,kappa]: [(39.70029,88.01247),278.00000]
	14209.69292	   0.04475	[mu,kappa]: [(43.40274,84.87366),85.63999]
	27807.35195	   0.08757	[mu,kappa]: [(39.20424,88.20816),278.00000]
	23972.82872	   0.07549	[mu,kappa]: [(40.07847,87.86255),278.00000]
	28171.18229	   0.08871	[mu,kappa]: [(39.55925,88.06831),278.00000]
	21813.90498	   0.06869	[mu,kappa]: [(40.51878,87.68666),278.00000]
	23942.06055	   0.07539	[mu,kappa]: [(40.74676,87.59649),278.00000]
	29248.91977	   0.09211	[mu,kappa]: [(39.73525,87.99884),278.00000]
	23037.22740	   0.07255	[mu,kappa]: [(49.15967,82.59800),152.35480]
	16925.83023	   0.05330	[mu,kappa]: [(41.35098,87.27546),278.00000]
	24118.75898	   0.07595	[mu,kappa]: [(40.49508,87.69686),278.00000]
	12683.98524	   0.03994	[mu,kappa]: [(34.30625,82.12940),12.15913]
	30286.36796	   0.09537	[mu,kappa]: [(39.98163,87.90134),278.00000]
			msglen: 5249434.81179 bits.
Iteration #: 12
	17365.37676	   0.05468	[mu,kappa]: [(34.94318,89.05505),153.69418]
	25440.48092	   0.08011	[mu,kappa]: [(39.66102,88.03069),278.00000]
	12250.49976	   0.03858	[mu,kappa]: [(43.65181,84.85608),94.95939]
	27898.05823	   0.08785	[mu,kappa]: [(39.03581,88.27554),278.00000]
	23945.53268	   0.07541	[mu,kappa]: [(40.12812,87.84695),278.00000]
	28154.24094	   0.08866	[mu,kappa]: [(39.48466,88.09993),278.00000]
	21872.33616	   0.06888	[mu,kappa]: [(40.66101,87.63626),278.00000]
	24086.63572	   0.07585	[mu,kappa]: [(40.93199,87.52938),278.00000]
	29206.90232	   0.09197	[mu,kappa]: [(39.70454,88.01370),278.00000]
	24550.91529	   0.07731	[mu,kappa]: [(49.55391,82.45125),173.18182]
	17252.03516	   0.05433	[mu,kappa]: [(41.64288,87.21025),278.00000]
	24176.10548	   0.07613	[mu,kappa]: [(40.63255,87.64786),278.00000]
	11114.17289	   0.03500	[mu,kappa]: [(34.35238,81.26072),11.01013]
	30241.70769	   0.09523	[mu,kappa]: [(40.00929,87.89392),278.00000]
			msglen: 5241901.29229 bits.
Iteration #: 13
	20013.81610	   0.06302	[mu,kappa]: [(33.16335,89.74344),182.06100]
	25320.80354	   0.07974	[mu,kappa]: [(39.67763,88.02937),278.00000]
	10437.07896	   0.03287	[mu,kappa]: [(44.09841,84.80574),112.27322]
	27835.78257	   0.08766	[mu,kappa]: [(38.92990,88.32303),278.00000]
	23890.40368	   0.07523	[mu,kappa]: [(40.22635,87.81309),278.00000]
	28022.03259	   0.08824	[mu,kappa]: [(39.46814,88.11180),278.00000]
	21968.21575	   0.06918	[mu,kappa]: [(40.84058,87.57031),278.00000]
	24308.84053	   0.07655	[mu,kappa]: [(41.14761,87.44907),278.00000]
	29071.68325	   0.09155	[mu,kappa]: [(39.72912,88.00914),278.00000]
	25207.28763	   0.07938	[mu,kappa]: [(49.71984,82.36015),182.45589]
	17701.21992	   0.05574	[mu,kappa]: [(41.93868,87.11848),278.00000]
	24271.01252	   0.07643	[mu,kappa]: [(40.80808,87.58332),278.00000]
	9363.08289	   0.02949	[mu,kappa]: [(35.43104,79.63606),9.55133]
	30143.74008	   0.09492	[mu,kappa]: [(40.08761,87.86790),278.00000]
			msglen: 5234112.44025 bits.
Iteration #: 14
	22593.65753	   0.07115	[mu,kappa]: [(32.06562,90.20357),219.31920]
	25188.02428	   0.07932	[mu,kappa]: [(39.71950,88.01792),278.00000]
	9071.13709	   0.02857	[mu,kappa]: [(44.56300,84.78888),139.43577]
	27699.70046	   0.08723	[mu,kappa]: [(38.87834,88.35218),278.00000]
	23851.40725	   0.07511	[mu,kappa]: [(40.33161,87.77419),278.00000]
	27860.19255	   0.08773	[mu,kappa]: [(39.48448,88.11144),278.00000]
	22099.51901	   0.06959	[mu,kappa]: [(41.00871,87.50457),278.00000]
	24577.53516	   0.07740	[mu,kappa]: [(41.34303,87.37174),278.00000]
	28925.07467	   0.09109	[mu,kappa]: [(39.77717,87.99499),278.00000]
	25155.82951	   0.07922	[mu,kappa]: [(49.85851,82.24199),182.79847]
	18187.90698	   0.05728	[mu,kappa]: [(42.19046,87.02725),278.00000]
	24404.11830	   0.07685	[mu,kappa]: [(40.97313,87.51880),278.00000]
	7882.93038	   0.02482	[mu,kappa]: [(36.78161,77.80256),8.33018]
	30057.96681	   0.09465	[mu,kappa]: [(40.17740,87.83564),278.00000]
			msglen: 5229126.15993 bits.
Iteration #: 15
	23925.24231	   0.07534	[mu,kappa]: [(31.55961,90.44274),249.31720]
	25145.16799	   0.07918	[mu,kappa]: [(39.74443,88.00945),278.00000]
	8212.96140	   0.02586	[mu,kappa]: [(44.88724,84.87853),176.63192]
	27667.56673	   0.08713	[mu,kappa]: [(38.84122,88.37340),278.00000]
	23874.65665	   0.07518	[mu,kappa]: [(40.40375,87.74377),278.00000]
	27803.56128	   0.08755	[mu,kappa]: [(39.49149,88.11144),278.00000]
	22253.77079	   0.07008	[mu,kappa]: [(41.13075,87.45163),278.00000]
	24849.39852	   0.07825	[mu,kappa]: [(41.48738,87.30893),278.00000]
	28879.82104	   0.09094	[mu,kappa]: [(39.80654,87.98443),278.00000]
	24695.05286	   0.07777	[mu,kappa]: [(50.05447,82.06463),177.33040]
	18629.91541	   0.05867	[mu,kappa]: [(42.38057,86.94941),278.00000]
	24564.81928	   0.07736	[mu,kappa]: [(41.09267,87.46693),278.00000]
	6993.67176	   0.02202	[mu,kappa]: [(37.22952,76.55023),7.62591]
	30059.39398	   0.09466	[mu,kappa]: [(40.23768,87.81066),278.00000]
			msglen: 5226810.11906 bits.
Iteration #: 16
	24190.53545	   0.07618	[mu,kappa]: [(31.33871,90.56316),267.73552]
	25184.42357	   0.07931	[mu,kappa]: [(39.73961,88.00905),278.00000]
	7810.90643	   0.02460	[mu,kappa]: [(45.11238,85.05039),226.45439]
	27773.74405	   0.08746	[mu,kappa]: [(38.79273,88.39466),278.00000]
	23933.81224	   0.07537	[mu,kappa]: [(40.43891,87.72465),278.00000]
	27854.23866	   0.08771	[mu,kappa]: [(39.47283,88.11772),278.00000]
	22396.14782	   0.07053	[mu,kappa]: [(41.21245,87.41155),278.00000]
	25084.23215	   0.07899	[mu,kappa]: [(41.59105,87.25922),278.00000]
	28924.40107	   0.09108	[mu,kappa]: [(39.80526,87.98233),278.00000]
	24064.62578	   0.07578	[mu,kappa]: [(50.30733,81.84269),169.57035]
	19004.23378	   0.05985	[mu,kappa]: [(42.53081,86.88223),278.00000]
	24714.98471	   0.07783	[mu,kappa]: [(41.17196,87.42790),278.00000]
	6498.79721	   0.02047	[mu,kappa]: [(36.66844,75.95980),7.27781]
	30119.91709	   0.09485	[mu,kappa]: [(40.26237,87.79636),278.00000]
			msglen: 5225397.13046 bits.
Iteration #: 17
	23974.13972	   0.07550	[mu,kappa]: [(31.22311,90.63035),277.98061]
	25247.98230	   0.07951	[mu,kappa]: [(39.71268,88.01596),278.00000]
	7854.61011	   0.02474	[mu,kappa]: [(45.30437,85.23195),278.00000]
	27952.72310	   0.08802	[mu,kappa]: [(38.73108,88.41841),278.00000]
	23982.39444	   0.07552	[mu,kappa]: [(40.44990,87.71418),278.00000]
	27946.33033	   0.08800	[mu,kappa]: [(39.43384,88.13030),278.00000]
	22497.98106	   0.07085	[mu,kappa]: [(41.27142,87.37981),278.00000]
	25260.60242	   0.07955	[mu,kappa]: [(41.67363,87.21723),278.00000]
	28993.08489	   0.09130	[mu,kappa]: [(39.78153,87.98774),278.00000]
	23362.81107	   0.07357	[mu,kappa]: [(50.58747,81.60592),161.96610]
	19319.89501	   0.06084	[mu,kappa]: [(42.66516,86.81952),278.00000]
	24821.94932	   0.07817	[mu,kappa]: [(41.22837,87.39727),278.00000]
	6162.81220	   0.01941	[mu,kappa]: [(35.62432,75.71617),7.09248]
	30177.68404	   0.09503	[mu,kappa]: [(40.26309,87.79054),278.00000]
			msglen: 5224296.81380 bits.
Iteration #: 18
	23588.07151	   0.07428	[mu,kappa]: [(31.14019,90.67292),278.00000]
	25308.20402	   0.07970	[mu,kappa]: [(39.67289,88.02804),278.00000]
	8273.63824	   0.02606	[mu,kappa]: [(45.48135,85.36640),278.00000]
	28158.82119	   0.08867	[mu,kappa]: [(38.66206,88.44428),278.00000]
	24005.57494	   0.07559	[mu,kappa]: [(40.44724,87.70940),278.00000]
	28044.53550	   0.08831	[mu,kappa]: [(39.38308,88.14745),278.00000]
	22558.37218	   0.07104	[mu,kappa]: [(41.31888,87.35267),278.00000]
	25385.23115	   0.07994	[mu,kappa]: [(41.74659,87.17887),278.00000]
	29055.37210	   0.09150	[mu,kappa]: [(39.74474,87.99844),278.00000]
	22601.18202	   0.07117	[mu,kappa]: [(50.87104,81.37466),155.39808]
	19598.06372	   0.06172	[mu,kappa]: [(42.79528,86.75697),278.00000]
	24883.93353	   0.07836	[mu,kappa]: [(41.27310,87.37133),278.00000]
	5883.71668	   0.01853	[mu,kappa]: [(34.46237,75.58628),6.97259]
	30210.28320	   0.09513	[mu,kappa]: [(40.25007,87.79043),278.00000]
			msglen: 5223760.66324 bits.
Iteration #: 19
	23155.33881	   0.07292	[mu,kappa]: [(31.06028,90.69493),278.00000]
	25377.30250	   0.07991	[mu,kappa]: [(39.62999,88.04210),278.00000]
	8757.68334	   0.02758	[mu,kappa]: [(45.64923,85.41315),278.00000]
	28387.18491	   0.08939	[mu,kappa]: [(38.59138,88.47107),278.00000]
	24030.51117	   0.07567	[mu,kappa]: [(40.44241,87.70615),278.00000]
	28156.35841	   0.08867	[mu,kappa]: [(39.32934,88.16645),278.00000]
	22621.49700	   0.07124	[mu,kappa]: [(41.36721,87.32529),278.00000]
	25518.83267	   0.08036	[mu,kappa]: [(41.82228,87.13906),278.00000]
	29126.91057	   0.09172	[mu,kappa]: [(39.70485,88.01113),278.00000]
	21717.85782	   0.06839	[mu,kappa]: [(51.14253,81.15464),149.73070]
	19906.92223	   0.06269	[mu,kappa]: [(42.93191,86.68972),278.00000]
	24948.53555	   0.07856	[mu,kappa]: [(41.31851,87.34528),278.00000]
	5603.42934	   0.01765	[mu,kappa]: [(33.40538,75.41004),6.85257]
	30246.63568	   0.09525	[mu,kappa]: [(40.23448,87.79207),278.00000]
			msglen: 5223237.57940 bits.
Iteration #: 20
	22706.63743	   0.07150	[mu,kappa]: [(30.97708,90.71173),278.00000]
	25444.32970	   0.08013	[mu,kappa]: [(39.58379,88.05896),278.00000]
	9292.24050	   0.02926	[mu,kappa]: [(45.81308,85.40606),278.00000]
	28625.82889	   0.09014	[mu,kappa]: [(38.51956,88.49942),278.00000]
	24045.05234	   0.07572	[mu,kappa]: [(40.43447,87.70567),278.00000]
	28270.00248	   0.08902	[mu,kappa]: [(39.27270,88.18802),278.00000]
	22673.05698	   0.07140	[mu,kappa]: [(41.41474,87.29943),278.00000]
	25643.73725	   0.08075	[mu,kappa]: [(41.89877,87.09986),278.00000]
	29195.00505	   0.09194	[mu,kappa]: [(39.66159,88.02667),278.00000]
	20802.87058	   0.06551	[mu,kappa]: [(51.41657,80.93805),144.70877]
	20230.74791	   0.06371	[mu,kappa]: [(43.07276,86.62056),278.00000]
	25000.15623	   0.07873	[mu,kappa]: [(41.36295,87.32084),278.00000]
	5353.16291	   0.01686	[mu,kappa]: [(32.40915,75.21949),6.75010]
	30272.17173	   0.09533	[mu,kappa]: [(40.21554,87.79660),278.00000]
			msglen: 5222717.47325 bits.
Iteration #: 21
	22236.56120	   0.07002	[mu,kappa]: [(30.88941,90.72735),278.00000]
	25510.34598	   0.08033	[mu,kappa]: [(39.53505,88.07776),278.00000]
	9868.14670	   0.03108	[mu,kappa]: [(45.97335,85.36621),278.00000]
	28872.63231	   0.09092	[mu,kappa]: [(38.44812,88.52812),278.00000]
	24050.23160	   0.07574	[mu,kappa]: [(40.42317,87.70762),278.00000]
	28386.01604	   0.08939	[mu,kappa]: [(39.21422,88.21113),278.00000]
	22711.94439	   0.07152	[mu,kappa]: [(41.46002,87.27543),278.00000]
	25756.98935	   0.08111	[mu,kappa]: [(41.97410,87.06187),278.00000]
	29260.98268	   0.09214	[mu,kappa]: [(39.61565,88.04422),278.00000]
	19879.88297	   0.06260	[mu,kappa]: [(51.69589,80.72160),140.19293]
	20563.80710	   0.06476	[mu,kappa]: [(43.21487,86.55081),278.00000]
	25037.73863	   0.07885	[mu,kappa]: [(41.40504,87.29831),278.00000]
	5131.28775	   0.01616	[mu,kappa]: [(31.45420,75.02769),6.66836]
	30288.43328	   0.09538	[mu,kappa]: [(40.19327,87.80352),278.00000]
			msglen: 5222200.82324 bits.
Iteration #: 22
	21742.39247	   0.06847	[mu,kappa]: [(30.79649,90.74326),278.00000]
	25577.10117	   0.08054	[mu,kappa]: [(39.48483,88.09769),278.00000]
	10476.33929	   0.03299	[mu,kappa]: [(46.12931,85.30654),278.00000]
	29125.37326	   0.09172	[mu,kappa]: [(38.37860,88.55614),278.00000]
	24048.54052	   0.07573	[mu,kappa]: [(40.40863,87.71168),278.00000]
	28505.37233	   0.08976	[mu,kappa]: [(39.15520,88.23486),278.00000]
	22738.74873	   0.07161	[mu,kappa]: [(41.50189,87.25359),278.00000]
	25857.31929	   0.08143	[mu,kappa]: [(42.04652,87.02569),278.00000]
	29327.05532	   0.09235	[mu,kappa]: [(39.56801,88.06302),278.00000]
	18962.21229	   0.05971	[mu,kappa]: [(51.98131,80.50379),136.09933]
	20900.42997	   0.06582	[mu,kappa]: [(43.35532,86.48163),278.00000]
	25062.10497	   0.07892	[mu,kappa]: [(41.44369,87.27797),278.00000]
	4933.44680	   0.01554	[mu,kappa]: [(30.53320,74.83701),6.60533]
	30298.56361	   0.09541	[mu,kappa]: [(40.16809,87.81236),278.00000]
			msglen: 5221692.75175 bits.
Iteration #: 23
	21225.82694	   0.06684	[mu,kappa]: [(30.69773,90.76009),277.47421]
	25645.81441	   0.08076	[mu,kappa]: [(39.43432,88.11805),278.00000]
	11106.84106	   0.03498	[mu,kappa]: [(46.27997,85.23494),278.00000]
	29381.09754	   0.09252	[mu,kappa]: [(38.31226,88.58272),278.00000]
	24042.57392	   0.07571	[mu,kappa]: [(40.39126,87.71750),278.00000]
	28628.29067	   0.09015	[mu,kappa]: [(39.09696,88.25844),278.00000]
	22754.55850	   0.07166	[mu,kappa]: [(41.53943,87.23420),278.00000]
	25943.88513	   0.08170	[mu,kappa]: [(42.11444,86.99191),278.00000]
	29394.88112	   0.09257	[mu,kappa]: [(39.51982,88.08239),278.00000]
	18061.16174	   0.05688	[mu,kappa]: [(52.27274,80.28437),132.38289]
	21234.19389	   0.06687	[mu,kappa]: [(43.49139,86.41408),278.00000]
	25074.62586	   0.07896	[mu,kappa]: [(41.47804,87.26007),278.00000]
	4755.62038	   0.01498	[mu,kappa]: [(29.64430,74.64655),6.55817]
	30305.62885	   0.09543	[mu,kappa]: [(40.14064,87.82268),278.00000]
			msglen: 5221200.26637 bits.
Iteration #: 24
	20693.35407	   0.06516	[mu,kappa]: [(30.59266,90.77719),276.00775]
	25717.21425	   0.08098	[mu,kappa]: [(39.38450,88.13827),278.00000]
	11748.82510	   0.03700	[mu,kappa]: [(46.42448,85.15626),278.00000]
	29637.26059	   0.09333	[mu,kappa]: [(38.24974,88.60748),278.00000]
	24034.69260	   0.07569	[mu,kappa]: [(40.37161,87.72477),278.00000]
	28754.55440	   0.09055	[mu,kappa]: [(39.04047,88.28132),278.00000]
	22760.69150	   0.07167	[mu,kappa]: [(41.57204,87.21749),278.00000]
	26016.11981	   0.08193	[mu,kappa]: [(42.17663,86.96104),278.00000]
	29465.54848	   0.09279	[mu,kappa]: [(39.47205,88.10177),278.00000]
	17187.29669	   0.05412	[mu,kappa]: [(52.56916,80.06420),129.02318]
	21558.14705	   0.06789	[mu,kappa]: [(43.62068,86.34918),278.00000]
	25076.91017	   0.07897	[mu,kappa]: [(41.50756,87.24482),278.00000]
	4592.12094	   0.01446	[mu,kappa]: [(28.79433,74.44736),6.52093]
	30312.26436	   0.09545	[mu,kappa]: [(40.11165,87.83406),278.00000]
			msglen: 5220730.16557 bits.
Iteration #: 25
	20153.42045	   0.06346	[mu,kappa]: [(30.48105,90.79356),274.02239]
	25791.26523	   0.08122	[mu,kappa]: [(39.33623,88.15794),278.00000]
	12391.36459	   0.03902	[mu,kappa]: [(46.56228,85.07354),278.00000]
	29891.38510	   0.09413	[mu,kappa]: [(38.19119,88.63035),278.00000]
	24026.80133	   0.07566	[mu,kappa]: [(40.35040,87.73311),278.00000]
	28883.21914	   0.09095	[mu,kappa]: [(38.98646,88.30315),278.00000]
	22758.80570	   0.07167	[mu,kappa]: [(41.59947,87.20359),278.00000]
	26074.14995	   0.08211	[mu,kappa]: [(42.23224,86.93352),278.00000]
	29539.25956	   0.09302	[mu,kappa]: [(39.42557,88.12074),278.00000]
	16350.47764	   0.05149	[mu,kappa]: [(52.86860,79.84499),126.01188]
	21865.75624	   0.06886	[mu,kappa]: [(43.74131,86.28783),278.00000]
	25070.89995	   0.07895	[mu,kappa]: [(41.53208,87.23229),278.00000]
	4437.83431	   0.01398	[mu,kappa]: [(27.98965,74.22733),6.48697]
	30320.36081	   0.09548	[mu,kappa]: [(40.08195,87.84607),278.00000]
			msglen: 5220289.28501 bits.
Iteration #: 26
	19612.47790	   0.06176	[mu,kappa]: [(30.36333,90.80940),271.75219]
	25867.07301	   0.08146	[mu,kappa]: [(39.29037,88.17664),278.00000]
	13023.97402	   0.04101	[mu,kappa]: [(46.69305,84.98879),278.00000]
	30140.20375	   0.09491	[mu,kappa]: [(38.13667,88.65131),278.00000]
	24020.37296	   0.07564	[mu,kappa]: [(40.32854,87.74208),278.00000]
	29012.37946	   0.09136	[mu,kappa]: [(38.93562,88.32358),278.00000]
	22751.04665	   0.07164	[mu,kappa]: [(41.62185,87.19244),278.00000]
	26119.12026	   0.08225	[mu,kappa]: [(42.28082,86.90958),278.00000]
	29615.24504	   0.09326	[mu,kappa]: [(39.38128,88.13885),278.00000]
	15559.17231	   0.04900	[mu,kappa]: [(53.16829,79.62906),123.34158]
	22151.57919	   0.06976	[mu,kappa]: [(43.85182,86.23082),278.00000]
	25059.02013	   0.07891	[mu,kappa]: [(41.55178,87.22242),278.00000]
	4292.26047	   0.01352	[mu,kappa]: [(27.22880,73.98456),6.45470]
	30331.07484	   0.09551	[mu,kappa]: [(40.05250,87.85826),278.00000]
			msglen: 5219883.53289 bits.
Iteration #: 27
	19076.87787	   0.06007	[mu,kappa]: [(30.24052,90.82492),269.35222]
	25943.46796	   0.08170	[mu,kappa]: [(39.24755,88.19405),278.00000]
	13636.81949	   0.04294	[mu,kappa]: [(46.81671,84.90337),278.00000]
	30380.98681	   0.09567	[mu,kappa]: [(38.08599,88.67047),278.00000]
	24016.46694	   0.07563	[mu,kappa]: [(40.30692,87.75124),278.00000]
	29140.03389	   0.09176	[mu,kappa]: [(38.88836,88.34243),278.00000]
	22739.67796	   0.07161	[mu,kappa]: [(41.63954,87.18389),278.00000]
	26152.74327	   0.08236	[mu,kappa]: [(42.32224,86.88934),278.00000]
	29692.37539	   0.09350	[mu,kappa]: [(39.33985,88.15577),278.00000]
	14819.72683	   0.04667	[mu,kappa]: [(53.46503,79.41895),120.99978]
	22411.16703	   0.07057	[mu,kappa]: [(43.95120,86.17882),278.00000]
	25043.78207	   0.07886	[mu,kappa]: [(41.56707,87.21502),278.00000]
	4155.85376	   0.01309	[mu,kappa]: [(26.51364,73.72057),6.42366]
	30345.02073	   0.09556	[mu,kappa]: [(40.02418,87.87016),278.00000]
			msglen: 5219516.98271 bits.
Iteration #: 28
	18552.88089	   0.05842	[mu,kappa]: [(30.11407,90.84022),266.93072]
	26019.08207	   0.08194	[mu,kappa]: [(39.20816,88.20996),278.00000]
	14221.40186	   0.04478	[mu,kappa]: [(46.93337,84.81825),278.00000]
	30611.59776	   0.09640	[mu,kappa]: [(38.03876,88.68801),278.00000]
	24015.67142	   0.07563	[mu,kappa]: [(40.28632,87.76017),278.00000]
	29264.18778	   0.09215	[mu,kappa]: [(38.84484,88.35958),278.00000]
	22726.92565	   0.07157	[mu,kappa]: [(41.65307,87.17769),278.00000]
	26177.21104	   0.08243	[mu,kappa]: [(42.35667,86.87279),278.00000]
	29769.24059	   0.09374	[mu,kappa]: [(39.30172,88.17127),278.00000]
	14136.29655	   0.04452	[mu,kappa]: [(53.75546,79.21718),118.96720]
	22641.49975	   0.07130	[mu,kappa]: [(44.03887,86.13235),278.00000]
	25027.60978	   0.07881	[mu,kappa]: [(41.57850,87.20981),278.00000]
	4029.14471	   0.01269	[mu,kappa]: [(25.84709,73.43859),6.39365]
	30362.25015	   0.09561	[mu,kappa]: [(39.99773,87.88142),278.00000]
			msglen: 5219191.54496 bits.
Iteration #: 29
	18046.26014	   0.05683	[mu,kappa]: [(29.98565,90.85528),264.56296]
	26092.47352	   0.08217	[mu,kappa]: [(39.17240,88.22427),278.00000]
	14770.95930	   0.04652	[mu,kappa]: [(47.04332,84.73415),278.00000]
	30830.49963	   0.09709	[mu,kappa]: [(37.99440,88.70417),278.00000]
	24018.14357	   0.07563	[mu,kappa]: [(40.26743,87.76853),278.00000]
	29382.97551	   0.09253	[mu,kappa]: [(38.80505,88.37506),278.00000]
	22714.84821	   0.07153	[mu,kappa]: [(41.66312,87.17350),278.00000]
	26195.04103	   0.08249	[mu,kappa]: [(42.38455,86.85975),278.00000]
	29844.29312	   0.09398	[mu,kappa]: [(39.26717,88.18520),278.00000]
	13510.84875	   0.04255	[mu,kappa]: [(54.03642,79.02592),117.21714]
	22841.17063	   0.07193	[mu,kappa]: [(44.11467,86.09176),278.00000]
	25012.70277	   0.07877	[mu,kappa]: [(41.58678,87.20646),278.00000]
	3912.43650	   0.01232	[mu,kappa]: [(25.23133,73.14295),6.36461]
	30382.34730	   0.09568	[mu,kappa]: [(39.97374,87.89170),278.00000]
			msglen: 5218907.05289 bits.
Iteration #: 30
	17561.91002	   0.05530	[mu,kappa]: [(29.85704,90.87000),262.29880]
	26162.25819	   0.08239	[mu,kappa]: [(39.14032,88.23695),278.00000]
	15280.61445	   0.04812	[mu,kappa]: [(47.14692,84.65164),278.00000]
	31036.73357	   0.09774	[mu,kappa]: [(37.95231,88.71924),278.00000]
	24023.70514	   0.07565	[mu,kappa]: [(40.25080,87.77601),278.00000]
	29494.77250	   0.09288	[mu,kappa]: [(38.76881,88.38892),278.00000]
	22705.23345	   0.07150	[mu,kappa]: [(41.67044,87.17094),278.00000]
	26208.87610	   0.08253	[mu,kappa]: [(42.40651,86.84995),278.00000]
	29916.00426	   0.09421	[mu,kappa]: [(39.23626,88.19752),278.00000]
	12943.31139	   0.04076	[mu,kappa]: [(54.30517,78.84681),115.71726]
	23010.33290	   0.07246	[mu,kappa]: [(44.17879,86.05722),278.00000]
	25000.93408	   0.07873	[mu,kappa]: [(41.59265,87.20457),278.00000]
	3805.73384	   0.01199	[mu,kappa]: [(24.66699,72.83857),6.33652]
	30404.58012	   0.09575	[mu,kappa]: [(39.95263,87.90079),278.00000]
			msglen: 5218661.61830 bits.
Iteration #: 31
	17103.59122	   0.05386	[mu,kappa]: [(29.72994,90.88422),260.16794]
	26227.21581	   0.08259	[mu,kappa]: [(39.11181,88.24803),278.00000]
	15747.31583	   0.04959	[mu,kappa]: [(47.24462,84.57111),278.00000]
	31229.86935	   0.09834	[mu,kappa]: [(37.91183,88.73353),278.00000]
	24031.95672	   0.07568	[mu,kappa]: [(40.23681,87.78241),278.00000]
	29598.27101	   0.09321	[mu,kappa]: [(38.73583,88.40131),278.00000]
	22699.53061	   0.07148	[mu,kappa]: [(41.67576,87.16961),278.00000]
	26221.27907	   0.08257	[mu,kappa]: [(42.42330,86.84300),278.00000]
	29982.99455	   0.09442	[mu,kappa]: [(39.20896,88.20825),278.00000]
	12431.88059	   0.03915	[mu,kappa]: [(54.55960,78.68090),114.43285]
	23150.46983	   0.07290	[mu,kappa]: [(44.23169,86.02873),278.00000]
	24993.78932	   0.07871	[mu,kappa]: [(41.59684,87.20376),278.00000]
	3708.77698	   0.01168	[mu,kappa]: [(24.15312,72.53048),6.30946]
	30428.05911	   0.09582	[mu,kappa]: [(39.93469,87.90854),278.00000]
			msglen: 5218452.10962 bits.
Iteration #: 32
	16673.82862	   0.05251	[mu,kappa]: [(29.60589,90.89779),258.18426]
	26286.35941	   0.08278	[mu,kappa]: [(39.08669,88.25763),278.00000]
	16169.63578	   0.05092	[mu,kappa]: [(47.33686,84.49289),278.00000]
	31409.93611	   0.09891	[mu,kappa]: [(37.87236,88.74731),278.00000]
	24042.38725	   0.07571	[mu,kappa]: [(40.22573,87.78758),278.00000]
	29692.51515	   0.09350	[mu,kappa]: [(38.70579,88.41239),278.00000]
	22698.82190	   0.07148	[mu,kappa]: [(41.67978,87.16914),278.00000]
	26234.55880	   0.08261	[mu,kappa]: [(42.43571,86.83849),278.00000]
	30044.12326	   0.09461	[mu,kappa]: [(39.18513,88.21745),278.00000]
	11973.43419	   0.03771	[mu,kappa]: [(54.79830,78.52865),113.32980]
	23264.06531	   0.07326	[mu,kappa]: [(44.27403,86.00613),278.00000]
	24992.34866	   0.07870	[mu,kappa]: [(41.60004,87.20364),278.00000]
	3621.11002	   0.01140	[mu,kappa]: [(23.68755,72.22346),6.28353]
	30451.87555	   0.09589	[mu,kappa]: [(39.92007,87.91486),278.00000]
			msglen: 5218274.63576 bits.
Iteration #: 33
	16273.93750	   0.05125	[mu,kappa]: [(29.48619,90.91055),256.34980]
	26338.96805	   0.08294	[mu,kappa]: [(39.06474,88.26584),278.00000]
	16547.49124	   0.05211	[mu,kappa]: [(47.42413,84.41719),278.00000]
	31577.34371	   0.09944	[mu,kappa]: [(37.83332,88.76085),278.00000]
	24054.46441	   0.07575	[mu,kappa]: [(40.21769,87.79144),278.00000]
	29776.90019	   0.09377	[mu,kappa]: [(38.67835,88.42233),278.00000]
	22703.83040	   0.07150	[mu,kappa]: [(41.68308,87.16918),278.00000]
	26250.65003	   0.08266	[mu,kappa]: [(42.44454,86.83599),278.00000]
	30098.53519	   0.09478	[mu,kappa]: [(39.16455,88.22523),278.00000]
	11563.97411	   0.03642	[mu,kappa]: [(55.02049,78.39002),112.37691]
	23354.24726	   0.07354	[mu,kappa]: [(44.30661,85.98913),278.00000]
	24997.30591	   0.07872	[mu,kappa]: [(41.60281,87.20389),278.00000]
	3542.14687	   0.01116	[mu,kappa]: [(23.26731,71.92171),6.25882]
	30475.20513	   0.09597	[mu,kappa]: [(39.90879,87.91973),278.00000]
			msglen: 5218124.96699 bits.
Iteration #: 34
	15904.14146	   0.05008	[mu,kappa]: [(29.37183,90.92238),254.65825]
	26384.58905	   0.08309	[mu,kappa]: [(39.04569,88.27280),278.00000]
	16881.84418	   0.05316	[mu,kappa]: [(47.50685,84.34414),278.00000]
	31732.80272	   0.09993	[mu,kappa]: [(37.79424,88.77438),278.00000]
	24067.69966	   0.07579	[mu,kappa]: [(40.21271,87.79399),278.00000]
	29851.14562	   0.09400	[mu,kappa]: [(38.65315,88.43129),278.00000]
	22714.95482	   0.07153	[mu,kappa]: [(41.68617,87.16943),278.00000]
	26271.05226	   0.08273	[mu,kappa]: [(42.45049,86.83507),278.00000]
	30145.67110	   0.09493	[mu,kappa]: [(39.14700,88.23170),278.00000]
	11199.03120	   0.03527	[mu,kappa]: [(55.22603,78.26453),111.54690]
	23424.45774	   0.07376	[mu,kappa]: [(44.33031,85.97735),278.00000]
	25009.01377	   0.07875	[mu,kappa]: [(41.60561,87.20423),278.00000]
	3471.22283	   0.01093	[mu,kappa]: [(22.88904,71.62869),6.23544]
	30497.37359	   0.09604	[mu,kappa]: [(39.90079,87.92319),278.00000]
			msglen: 5217998.86422 bits.
Iteration #: 35
	15563.74528	   0.04901	[mu,kappa]: [(29.26348,90.93320),253.09800]
	26423.01817	   0.08321	[mu,kappa]: [(39.02929,88.27864),278.00000]
	17174.42012	   0.05408	[mu,kappa]: [(47.58547,84.27383),278.00000]
	31877.24866	   0.10038	[mu,kappa]: [(37.75470,88.78810),278.00000]
	24081.68758	   0.07583	[mu,kappa]: [(40.21072,87.79522),278.00000]
	29915.25149	   0.09420	[mu,kappa]: [(38.62990,88.43945),278.00000]
	22732.31982	   0.07159	[mu,kappa]: [(41.68941,87.16967),278.00000]
	26296.82061	   0.08281	[mu,kappa]: [(42.45423,86.83535),278.00000]
	30185.25118	   0.09505	[mu,kappa]: [(39.13224,88.23700),278.00000]
	10873.99373	   0.03424	[mu,kappa]: [(55.41525,78.15145),110.81679]
	23478.18042	   0.07393	[mu,kappa]: [(44.34604,85.97030),278.00000]
	25027.54263	   0.07881	[mu,kappa]: [(41.60879,87.20445),278.00000]
	3407.63247	   0.01073	[mu,kappa]: [(22.54911,71.34702),6.21343]
	30517.88783	   0.09610	[mu,kappa]: [(39.89595,87.92528),278.00000]
			msglen: 5217892.31314 bits.
Iteration #: 36
	15251.33135	   0.04803	[mu,kappa]: [(29.16150,90.94297),251.65448]
	26454.26617	   0.08331	[mu,kappa]: [(39.01529,88.28350),278.00000]
	17427.46520	   0.05488	[mu,kappa]: [(47.66037,84.20627),278.00000]
	32011.77345	   0.10081	[mu,kappa]: [(37.71436,88.80215),278.00000]
	24096.12344	   0.07588	[mu,kappa]: [(40.21159,87.79522),278.00000]
	29969.44678	   0.09438	[mu,kappa]: [(38.60830,88.44693),278.00000]
	22755.83192	   0.07166	[mu,kappa]: [(41.69306,87.16971),278.00000]
	26328.59516	   0.08291	[mu,kappa]: [(42.45630,86.83648),278.00000]
	30217.24106	   0.09516	[mu,kappa]: [(39.12001,88.24125),278.00000]
	10584.34803	   0.03333	[mu,kappa]: [(55.58885,78.04984),110.16769]
	23518.73704	   0.07406	[mu,kappa]: [(44.35471,85.96748),278.00000]
	25052.74258	   0.07889	[mu,kappa]: [(41.61259,87.20438),278.00000]
	3350.65762	   0.01055	[mu,kappa]: [(22.24392,71.07851),6.19279]
	30536.44018	   0.09616	[mu,kappa]: [(39.89409,87.92609),278.00000]
			msglen: 5217801.67239 bits.
			N: 317555
		16.43117 bpr
Null model msglen: 7488920.11043 bits.	(23.58306 bpr)
