Iteration #: 0
	18774.00000	   0.05912	[mu,kappa]: [(40.50392,87.09996),117.63603]
	18780.00000	   0.05914	[mu,kappa]: [(40.51825,87.12237),123.01345]
	18697.00000	   0.05888	[mu,kappa]: [(40.54305,87.05693),111.24171]
	18471.00000	   0.05817	[mu,kappa]: [(40.45105,87.10865),117.78636]
	18778.00000	   0.05913	[mu,kappa]: [(40.51125,87.04899),112.35217]
	18665.00000	   0.05878	[mu,kappa]: [(40.53774,87.11605),119.68742]
	18772.00000	   0.05911	[mu,kappa]: [(40.50511,87.08911),124.40744]
	18809.00000	   0.05923	[mu,kappa]: [(40.43780,87.11738),108.37975]
	18657.00000	   0.05875	[mu,kappa]: [(40.46938,87.11835),117.24682]
	18494.00000	   0.05824	[mu,kappa]: [(40.53080,87.15388),121.54180]
	18848.00000	   0.05935	[mu,kappa]: [(40.49265,87.13396),114.97707]
	18809.00000	   0.05923	[mu,kappa]: [(40.44826,87.13668),121.09168]
	18741.00000	   0.05902	[mu,kappa]: [(40.47546,87.10748),116.30730]
	18598.00000	   0.05857	[mu,kappa]: [(40.50378,87.15340),115.81237]
	18374.00000	   0.05786	[mu,kappa]: [(40.42326,87.15942),112.80319]
	18570.00000	   0.05848	[mu,kappa]: [(40.44793,87.11830),118.54297]
	18718.00000	   0.05894	[mu,kappa]: [(40.41788,87.08170),114.44496]
			msglen: 5217592.22688 bits.
Iteration #: 1
	18731.53345	   0.05899	[mu,kappa]: [(40.54082,87.16406),142.42809]
	18930.90278	   0.05961	[mu,kappa]: [(40.53969,87.27962),168.87833]
	18619.06235	   0.05863	[mu,kappa]: [(40.54732,86.86305),92.70888]
	18432.52819	   0.05805	[mu,kappa]: [(40.47332,87.19234),143.33041]
	18674.71750	   0.05881	[mu,kappa]: [(40.52119,86.94170),103.98005]
	18687.95062	   0.05885	[mu,kappa]: [(40.57470,87.20632),153.46796]
	18980.45163	   0.05977	[mu,kappa]: [(40.52564,87.29482),174.43494]
	19067.18716	   0.06004	[mu,kappa]: [(40.19227,86.53068),38.54365]
	18603.96448	   0.05859	[mu,kappa]: [(40.49390,87.17425),140.29115]
	18585.25980	   0.05853	[mu,kappa]: [(40.55404,87.26015),162.61686]
	18747.86675	   0.05904	[mu,kappa]: [(40.51288,87.09934),125.82123]
	18882.56719	   0.05946	[mu,kappa]: [(40.46457,87.27627),160.61303]
	18665.13996	   0.05878	[mu,kappa]: [(40.50117,87.14052),134.45309]
	18513.14875	   0.05830	[mu,kappa]: [(40.52903,87.13058),131.70422]
	18266.62445	   0.05752	[mu,kappa]: [(40.36858,87.04856),108.18254]
	18553.81827	   0.05843	[mu,kappa]: [(40.46867,87.21585),147.62622]
	18612.27668	   0.05861	[mu,kappa]: [(40.40987,87.09089),121.05651]
			msglen: 5349787.72159 bits.
Iteration #: 2
	18878.58677	   0.05945	[mu,kappa]: [(40.49131,87.45715),221.35293]
	20329.86827	   0.06402	[mu,kappa]: [(40.46942,87.59064),272.31615]
	16508.88721	   0.05199	[mu,kappa]: [(40.68573,86.83891),117.98550]
	18624.71013	   0.05865	[mu,kappa]: [(40.42370,87.49070),223.43282]
	17022.21205	   0.05360	[mu,kappa]: [(40.57744,87.06762),141.69274]
	19353.30800	   0.06094	[mu,kappa]: [(40.51236,87.50803),242.93454]
	20638.70590	   0.06499	[mu,kappa]: [(40.45522,87.61328),278.00000]
	19745.24916	   0.06218	[mu,kappa]: [(40.77216,82.34874),16.11090]
	18652.56519	   0.05874	[mu,kappa]: [(40.44691,87.46413),217.29403]
	19673.01526	   0.06195	[mu,kappa]: [(40.48506,87.56256),260.57803]
	18102.96407	   0.05701	[mu,kappa]: [(40.48882,87.34611),187.71144]
	19902.87407	   0.06268	[mu,kappa]: [(40.40239,87.58616),257.11078]
	18434.68639	   0.05805	[mu,kappa]: [(40.46227,87.41947),205.45520]
	18154.02171	   0.05717	[mu,kappa]: [(40.49330,87.39107),199.79220]
	16833.88321	   0.05301	[mu,kappa]: [(40.37941,87.21527),151.21944]
	18950.46373	   0.05968	[mu,kappa]: [(40.41501,87.51854),231.96476]
	17748.99888	   0.05589	[mu,kappa]: [(40.39284,87.34059),178.11098]
			msglen: 5284071.01028 bits.
Iteration #: 3
	18797.33011	   0.05919	[mu,kappa]: [(40.43800,87.58755),261.54144]
	21010.53117	   0.06616	[mu,kappa]: [(40.40578,87.74449),278.00000]
	15911.17014	   0.05011	[mu,kappa]: [(40.89219,86.59850),111.62152]
	18579.18388	   0.05851	[mu,kappa]: [(40.35092,87.63167),264.92370]
	16310.31267	   0.05136	[mu,kappa]: [(40.63572,87.00407),142.74090]
	19569.42013	   0.06163	[mu,kappa]: [(40.46017,87.64833),278.00000]
	21421.39959	   0.06746	[mu,kappa]: [(40.38828,87.76625),278.00000]
	20937.52305	   0.06593	[mu,kappa]: [(41.46578,81.19802),15.16577]
	18524.10082	   0.05833	[mu,kappa]: [(40.38127,87.59687),255.44955]
	20155.45560	   0.06347	[mu,kappa]: [(40.42454,87.71087),278.00000]
	17634.60402	   0.05553	[mu,kappa]: [(40.44641,87.43573),210.13219]
	20351.28677	   0.06409	[mu,kappa]: [(40.32486,87.74322),278.00000]
	18159.23357	   0.05718	[mu,kappa]: [(40.40386,87.53907),237.25287]
	17814.76744	   0.05610	[mu,kappa]: [(40.44664,87.49701),228.52390]
	16151.51789	   0.05086	[mu,kappa]: [(40.31009,87.23772),156.41706]
	19021.44260	   0.05990	[mu,kappa]: [(40.33957,87.66541),278.00000]
	17205.72054	   0.05418	[mu,kappa]: [(40.31659,87.43335),195.83825]
			msglen: 5278099.93418 bits.
Iteration #: 4
	18764.36238	   0.05909	[mu,kappa]: [(40.41353,87.66386),278.00000]
	21146.58295	   0.06659	[mu,kappa]: [(40.35553,87.77798),278.00000]
	16119.15574	   0.05076	[mu,kappa]: [(41.35365,86.17180),98.43119]
	18582.91187	   0.05852	[mu,kappa]: [(40.29873,87.72144),278.00000]
	16011.96264	   0.05042	[mu,kappa]: [(40.79667,86.82719),133.22913]
	19689.54337	   0.06200	[mu,kappa]: [(40.43592,87.71189),278.00000]
	21562.32946	   0.06790	[mu,kappa]: [(40.33096,87.79463),278.00000]
	22049.12120	   0.06943	[mu,kappa]: [(41.50812,81.33179),15.68165]
	18443.73393	   0.05808	[mu,kappa]: [(40.33846,87.67812),278.00000]
	20283.58289	   0.06387	[mu,kappa]: [(40.38333,87.75498),278.00000]
	17251.77745	   0.05433	[mu,kappa]: [(40.43366,87.46930),223.32164]
	20491.37007	   0.06453	[mu,kappa]: [(40.25610,87.80438),278.00000]
	17937.03457	   0.05648	[mu,kappa]: [(40.36955,87.60624),262.21301]
	17534.92663	   0.05522	[mu,kappa]: [(40.42980,87.54937),249.59758]
	15758.87272	   0.04963	[mu,kappa]: [(40.23037,87.20266),150.31742]
	19146.81870	   0.06029	[mu,kappa]: [(40.28501,87.76077),278.00000]
	16780.91342	   0.05284	[mu,kappa]: [(40.24315,87.47595),203.30604]
			msglen: 5275740.92737 bits.
Iteration #: 5
	18835.94551	   0.05932	[mu,kappa]: [(40.39871,87.71207),278.00000]
	21232.87361	   0.06686	[mu,kappa]: [(40.31004,87.78909),278.00000]
	16643.44618	   0.05241	[mu,kappa]: [(42.14961,85.62782),88.84209]
	18661.85842	   0.05877	[mu,kappa]: [(40.24693,87.77992),278.00000]
	15814.60074	   0.04980	[mu,kappa]: [(41.05842,86.60838),124.04911]
	19765.14981	   0.06224	[mu,kappa]: [(40.41988,87.72870),278.00000]
	21652.68323	   0.06819	[mu,kappa]: [(40.27695,87.80576),278.00000]
	22196.63356	   0.06990	[mu,kappa]: [(41.22668,81.53299),15.85554]
	18517.60382	   0.05831	[mu,kappa]: [(40.30276,87.74468),278.00000]
	20364.24137	   0.06413	[mu,kappa]: [(40.34804,87.76815),278.00000]
	16949.65289	   0.05338	[mu,kappa]: [(40.43236,87.50718),239.86586]
	20585.75031	   0.06483	[mu,kappa]: [(40.18189,87.83596),278.00000]
	17883.37474	   0.05632	[mu,kappa]: [(40.34557,87.67510),278.00000]
	17390.60399	   0.05476	[mu,kappa]: [(40.42657,87.60376),276.52498]
	15419.79256	   0.04856	[mu,kappa]: [(40.08525,87.19613),143.67914]
	19230.75997	   0.06056	[mu,kappa]: [(40.22422,87.80431),278.00000]
	16410.02929	   0.05168	[mu,kappa]: [(40.14882,87.53517),212.33132]
			msglen: 5273744.27681 bits.
Iteration #: 6
	18907.58764	   0.05954	[mu,kappa]: [(40.38542,87.73029),278.00000]
	21319.19356	   0.06714	[mu,kappa]: [(40.26308,87.79909),278.00000]
	17431.19266	   0.05489	[mu,kappa]: [(43.36153,84.96985),84.78815]
	18743.08607	   0.05902	[mu,kappa]: [(40.18493,87.81581),278.00000]
	15646.22566	   0.04927	[mu,kappa]: [(41.41718,86.36166),116.87511]
	19840.00787	   0.06248	[mu,kappa]: [(40.40966,87.73155),278.00000]
	21744.02878	   0.06847	[mu,kappa]: [(40.21910,87.81866),278.00000]
	21524.37133	   0.06778	[mu,kappa]: [(40.63805,81.71630),15.64641]
	18592.81228	   0.05855	[mu,kappa]: [(40.26018,87.77917),278.00000]
	20444.25563	   0.06438	[mu,kappa]: [(40.31382,87.77570),278.00000]
	16753.52783	   0.05276	[mu,kappa]: [(40.43778,87.55574),262.49917]
	20685.08930	   0.06514	[mu,kappa]: [(40.09510,87.86600),278.00000]
	17951.97477	   0.05653	[mu,kappa]: [(40.32384,87.72957),278.00000]
	17443.13453	   0.05493	[mu,kappa]: [(40.43516,87.66412),278.00000]
	15110.73786	   0.04758	[mu,kappa]: [(39.78005,87.26156),137.63411]
	19317.47450	   0.06083	[mu,kappa]: [(40.15291,87.83576),278.00000]
	16100.29975	   0.05070	[mu,kappa]: [(40.01518,87.62350),224.65811]
			msglen: 5271341.22510 bits.
Iteration #: 7
	18982.30705	   0.05978	[mu,kappa]: [(40.37654,87.73698),278.00000]
	21410.39482	   0.06742	[mu,kappa]: [(40.21317,87.81259),278.00000]
	18552.37608	   0.05842	[mu,kappa]: [(45.00584,84.21733),88.59645]
	18831.17695	   0.05930	[mu,kappa]: [(40.11240,87.84720),278.00000]
	15415.80056	   0.04855	[mu,kappa]: [(41.85199,86.10647),112.77821]
	19918.14965	   0.06272	[mu,kappa]: [(40.40678,87.72953),278.00000]
	21841.89691	   0.06878	[mu,kappa]: [(40.15506,87.83718),278.00000]
	20198.25264	   0.06361	[mu,kappa]: [(39.66706,81.91483),15.15953]
	18672.38947	   0.05880	[mu,kappa]: [(40.21231,87.80353),278.00000]
	20527.88220	   0.06464	[mu,kappa]: [(40.28026,87.78382),278.00000]
	16707.63081	   0.05261	[mu,kappa]: [(40.45729,87.61091),278.00000]
	20797.33759	   0.06549	[mu,kappa]: [(39.99203,87.90262),278.00000]
	18024.49997	   0.05676	[mu,kappa]: [(40.29930,87.75720),278.00000]
	17511.65185	   0.05515	[mu,kappa]: [(40.44819,87.68692),278.00000]
	14877.81722	   0.04685	[mu,kappa]: [(39.16174,87.45799),132.66376]
	19412.78098	   0.06113	[mu,kappa]: [(40.06922,87.86800),278.00000]
	15872.65523	   0.04998	[mu,kappa]: [(39.83628,87.74224),241.54043]
			msglen: 5267247.61197 bits.
Iteration #: 8
	19032.32561	   0.05993	[mu,kappa]: [(40.37689,87.73770),278.00000]
	21474.71369	   0.06762	[mu,kappa]: [(40.16221,87.82937),278.00000]
	20236.19089	   0.06372	[mu,kappa]: [(46.87746,83.46078),104.88788]
	18899.01405	   0.05951	[mu,kappa]: [(40.03092,87.87999),278.00000]
	14965.01772	   0.04713	[mu,kappa]: [(42.31858,85.87882),113.35125]
	19970.85616	   0.06289	[mu,kappa]: [(40.41561,87.72406),278.00000]
	21914.33792	   0.06901	[mu,kappa]: [(40.08592,87.86088),278.00000]
	18307.66422	   0.05765	[mu,kappa]: [(38.32559,82.11246),14.48282]
	18728.50160	   0.05898	[mu,kappa]: [(40.16237,87.82509),278.00000]
	20584.57934	   0.06482	[mu,kappa]: [(40.25019,87.79285),278.00000]
	16752.47551	   0.05275	[mu,kappa]: [(40.49476,87.64754),278.00000]
	20895.18400	   0.06580	[mu,kappa]: [(39.87166,87.94767),278.00000]
	18073.38062	   0.05691	[mu,kappa]: [(40.27765,87.77317),278.00000]
	17559.12954	   0.05529	[mu,kappa]: [(40.47303,87.68902),278.00000]
	14926.02362	   0.04700	[mu,kappa]: [(38.01536,87.86584),130.33154]
	19489.47482	   0.06137	[mu,kappa]: [(39.97373,87.90471),278.00000]
	15746.13069	   0.04959	[mu,kappa]: [(39.62258,87.88517),264.45873]
			msglen: 5260230.18470 bits.
Iteration #: 9
	19040.27404	   0.05996	[mu,kappa]: [(40.39895,87.73193),278.00000]
	21487.10128	   0.06766	[mu,kappa]: [(40.12368,87.84525),278.00000]
	22621.26795	   0.07124	[mu,kappa]: [(48.40829,82.88756),134.92923]
	18922.76672	   0.05959	[mu,kappa]: [(39.95497,87.91213),278.00000]
	14065.18631	   0.04429	[mu,kappa]: [(42.77231,85.72617),122.11329]
	19981.03022	   0.06292	[mu,kappa]: [(40.44797,87.71303),278.00000]
	21934.44186	   0.06907	[mu,kappa]: [(40.02547,87.88514),278.00000]
	15822.22712	   0.04983	[mu,kappa]: [(36.97502,82.07789),13.48913]
	18739.31189	   0.05901	[mu,kappa]: [(40.12443,87.84304),278.00000]
	20592.19931	   0.06485	[mu,kappa]: [(40.23661,87.79926),278.00000]
	16766.44164	   0.05280	[mu,kappa]: [(40.55433,87.64985),278.00000]
	20951.39120	   0.06598	[mu,kappa]: [(39.74846,87.99673),278.00000]
	18079.65975	   0.05693	[mu,kappa]: [(40.27286,87.78075),278.00000]
	17571.86750	   0.05533	[mu,kappa]: [(40.52249,87.67755),278.00000]
	15712.34158	   0.04948	[mu,kappa]: [(36.23861,88.52898),136.43450]
	19522.49474	   0.06148	[mu,kappa]: [(39.88089,87.94269),278.00000]
	15744.99689	   0.04958	[mu,kappa]: [(39.41711,88.03523),278.00000]
			msglen: 5250618.78905 bits.
Iteration #: 10
	19013.07121	   0.05987	[mu,kappa]: [(40.46519,87.71209),278.00000]
	21438.10445	   0.06751	[mu,kappa]: [(40.12711,87.84855),278.00000]
	24982.71626	   0.07867	[mu,kappa]: [(49.21044,82.58618),163.49434]
	18884.59450	   0.05947	[mu,kappa]: [(39.91846,87.93148),278.00000]
	12818.53624	   0.04037	[mu,kappa]: [(43.22335,85.66286),144.41904]
	19958.66791	   0.06285	[mu,kappa]: [(40.52487,87.68857),278.00000]
	21886.12665	   0.06892	[mu,kappa]: [(40.00569,87.89725),278.00000]
	12944.52793	   0.04076	[mu,kappa]: [(36.38535,81.33185),11.91956]
	18696.64352	   0.05888	[mu,kappa]: [(40.12826,87.84722),278.00000]
	20548.56179	   0.06471	[mu,kappa]: [(40.26619,87.79266),278.00000]
	16762.14427	   0.05279	[mu,kappa]: [(40.65658,87.62647),278.00000]
	20933.38374	   0.06592	[mu,kappa]: [(39.66103,88.03495),278.00000]
	18043.36675	   0.05682	[mu,kappa]: [(40.31116,87.77288),278.00000]
	17562.26717	   0.05530	[mu,kappa]: [(40.61615,87.64949),278.00000]
	17805.31963	   0.05607	[mu,kappa]: [(34.21892,89.31752),159.45487]
	19489.11453	   0.06137	[mu,kappa]: [(39.82630,87.96863),278.00000]
	15787.85345	   0.04972	[mu,kappa]: [(39.25592,88.15330),278.00000]
			msglen: 5240679.79675 bits.
Iteration #: 11
	18986.97280	   0.05979	[mu,kappa]: [(40.57858,87.67324),278.00000]
	21353.19486	   0.06724	[mu,kappa]: [(40.18503,87.83085),278.00000]
	26269.67374	   0.08272	[mu,kappa]: [(49.54498,82.42977),178.34991]
	18796.02263	   0.05919	[mu,kappa]: [(39.94038,87.92823),278.00000]
	11805.51200	   0.03718	[mu,kappa]: [(43.66652,85.66920),184.68033]
	19943.78653	   0.06280	[mu,kappa]: [(40.64754,87.64589),278.00000]
	21788.30174	   0.06861	[mu,kappa]: [(40.04278,87.88768),278.00000]
	10243.12821	   0.03226	[mu,kappa]: [(36.90886,79.70079),10.06475]
	18622.77658	   0.05864	[mu,kappa]: [(40.18648,87.82987),278.00000]
	20484.83204	   0.06451	[mu,kappa]: [(40.34739,87.76595),278.00000]
	16776.22858	   0.05283	[mu,kappa]: [(40.80038,87.58053),278.00000]
	20836.06781	   0.06561	[mu,kappa]: [(39.63660,88.04965),278.00000]
	17993.62172	   0.05666	[mu,kappa]: [(40.39993,87.74415),278.00000]
	17567.90570	   0.05532	[mu,kappa]: [(40.75311,87.60257),278.00000]
	20942.02270	   0.06595	[mu,kappa]: [(32.67758,89.96319),199.97072]
	19395.61419	   0.06108	[mu,kappa]: [(39.83182,87.97167),278.00000]
	15749.33817	   0.04960	[mu,kappa]: [(39.16003,88.21956),278.00000]
			msglen: 5232460.10491 bits.
Iteration #: 12
	18978.48356	   0.05976	[mu,kappa]: [(40.69335,87.62856),278.00000]
	21273.47135	   0.06699	[mu,kappa]: [(40.25578,87.80409),278.00000]
	26562.90815	   0.08365	[mu,kappa]: [(49.73987,82.29039),181.37333]
	18702.69651	   0.05890	[mu,kappa]: [(39.98272,87.91350),278.00000]
	11410.63702	   0.03593	[mu,kappa]: [(44.01868,85.74293),242.35866]
	19949.50815	   0.06282	[mu,kappa]: [(40.76971,87.59809),278.00000]
	21689.63214	   0.06830	[mu,kappa]: [(40.09707,87.86776),278.00000]
	8372.28231	   0.02637	[mu,kappa]: [(37.59381,77.93243),8.66142]
	18553.48886	   0.05843	[mu,kappa]: [(40.25744,87.80324),278.00000]
	20432.20343	   0.06434	[mu,kappa]: [(40.43660,87.73157),278.00000]
	16811.37967	   0.05294	[mu,kappa]: [(40.93905,87.52831),278.00000]
	20718.97818	   0.06525	[mu,kappa]: [(39.64288,88.05001),278.00000]
	17955.28787	   0.05654	[mu,kappa]: [(40.49511,87.70774),278.00000]
	17594.40633	   0.05541	[mu,kappa]: [(40.88655,87.55080),278.00000]
	23581.11062	   0.07426	[mu,kappa]: [(31.88172,90.33794),241.62403]
	19292.58700	   0.06075	[mu,kappa]: [(39.86134,87.96226),278.00000]
	15675.93886	   0.04936	[mu,kappa]: [(39.11119,88.25410),278.00000]
			msglen: 5227998.28454 bits.
Iteration #: 13
	18985.39191	   0.05979	[mu,kappa]: [(40.77027,87.59301),278.00000]
	21231.56737	   0.06686	[mu,kappa]: [(40.29573,87.78439),278.00000]
	26331.17011	   0.08292	[mu,kappa]: [(49.93391,82.12535),177.88944]
	18652.62145	   0.05874	[mu,kappa]: [(39.99977,87.90397),278.00000]
	11662.89816	   0.03673	[mu,kappa]: [(44.27891,85.85167),278.00000]
	19967.86443	   0.06288	[mu,kappa]: [(40.85301,87.55978),278.00000]
	21636.44099	   0.06813	[mu,kappa]: [(40.12365,87.85393),278.00000]
	7358.78473	   0.02317	[mu,kappa]: [(37.44698,76.81465),7.89336]
	18517.12102	   0.05831	[mu,kappa]: [(40.29754,87.78357),278.00000]
	20408.00611	   0.06427	[mu,kappa]: [(40.49185,87.70523),278.00000]
	16850.43025	   0.05306	[mu,kappa]: [(41.03654,87.48509),278.00000]
	20661.27421	   0.06506	[mu,kappa]: [(39.63228,88.05287),278.00000]
	17939.61612	   0.05649	[mu,kappa]: [(40.55534,87.67945),278.00000]
	17627.19273	   0.05551	[mu,kappa]: [(40.97959,87.50868),278.00000]
	24830.88701	   0.07819	[mu,kappa]: [(31.56155,90.51890),269.77211]
	19238.30486	   0.06058	[mu,kappa]: [(39.86838,87.95718),278.00000]
	15655.42857	   0.04930	[mu,kappa]: [(39.06151,88.27993),278.00000]
			msglen: 5226319.47909 bits.
Iteration #: 14
	19010.18257	   0.05986	[mu,kappa]: [(40.82011,87.56546),278.00000]
	21229.08497	   0.06685	[mu,kappa]: [(40.31022,87.77238),278.00000]
	25789.22606	   0.08121	[mu,kappa]: [(50.13843,81.94840),172.15186]
	18648.09366	   0.05872	[mu,kappa]: [(39.99337,87.90141),278.00000]
	12256.92769	   0.03860	[mu,kappa]: [(44.49160,85.91754),278.00000]
	20002.00613	   0.06299	[mu,kappa]: [(40.90911,87.52950),278.00000]
	21630.79962	   0.06812	[mu,kappa]: [(40.12584,87.84744),278.00000]
	6811.06792	   0.02145	[mu,kappa]: [(36.65148,76.30002),7.51223]
	18515.06769	   0.05831	[mu,kappa]: [(40.31217,87.77154),278.00000]
	20413.83654	   0.06428	[mu,kappa]: [(40.52076,87.68682),278.00000]
	16897.34686	   0.05321	[mu,kappa]: [(41.10662,87.44930),278.00000]
	20668.43126	   0.06509	[mu,kappa]: [(39.60198,88.06127),278.00000]
	17948.13240	   0.05652	[mu,kappa]: [(40.58900,87.65903),278.00000]
	17669.94646	   0.05564	[mu,kappa]: [(41.04529,87.47439),278.00000]
	25130.94585	   0.07914	[mu,kappa]: [(31.43469,90.60708),278.00000]
	19235.91500	   0.06058	[mu,kappa]: [(39.85314,87.95864),278.00000]
	15697.98930	   0.04943	[mu,kappa]: [(39.00074,88.30517),278.00000]
			msglen: 5225793.19866 bits.
Iteration #: 15
	19054.46340	   0.06000	[mu,kappa]: [(40.86119,87.54188),278.00000]
	21255.70944	   0.06694	[mu,kappa]: [(40.31400,87.76524),278.00000]
	25031.38242	   0.07882	[mu,kappa]: [(50.34710,81.77005),166.07311]
	18674.90705	   0.05881	[mu,kappa]: [(39.97564,87.90392),278.00000]
	12908.55935	   0.04065	[mu,kappa]: [(44.68704,85.91862),278.00000]
	20055.92004	   0.06316	[mu,kappa]: [(40.95688,87.50299),278.00000]
	21658.56089	   0.06820	[mu,kappa]: [(40.11690,87.84599),278.00000]
	6424.12399	   0.02023	[mu,kappa]: [(35.77971,76.01052),7.27840]
	18538.36807	   0.05838	[mu,kappa]: [(40.31609,87.76436),278.00000]
	20444.20933	   0.06438	[mu,kappa]: [(40.53964,87.67298),278.00000]
	16960.05752	   0.05341	[mu,kappa]: [(41.16934,87.41653),278.00000]
	20719.48720	   0.06525	[mu,kappa]: [(39.56046,88.07455),278.00000]
	17977.37835	   0.05661	[mu,kappa]: [(40.61289,87.64304),278.00000]
	17729.43857	   0.05583	[mu,kappa]: [(41.10336,87.44346),278.00000]
	25068.76304	   0.07894	[mu,kappa]: [(31.36729,90.64433),278.00000]
	19268.80226	   0.06068	[mu,kappa]: [(39.82649,87.96517),278.00000]
	15784.86908	   0.04971	[mu,kappa]: [(38.93090,88.33274),278.00000]
			msglen: 5225366.08960 bits.
Iteration #: 16
	19095.91038	   0.06013	[mu,kappa]: [(40.89924,87.52101),278.00000]
	21282.71759	   0.06702	[mu,kappa]: [(40.31133,87.76227),278.00000]
	24189.98486	   0.07618	[mu,kappa]: [(50.56493,81.59036),160.32890]
	18706.57499	   0.05891	[mu,kappa]: [(39.94993,87.91117),278.00000]
	13637.28631	   0.04295	[mu,kappa]: [(44.87950,85.88105),278.00000]
	20106.93458	   0.06332	[mu,kappa]: [(41.00230,87.47888),278.00000]
	21689.52921	   0.06830	[mu,kappa]: [(40.10054,87.84908),278.00000]
	6104.62904	   0.01922	[mu,kappa]: [(34.95034,75.78413),7.10111]
	18561.98071	   0.05845	[mu,kappa]: [(40.31358,87.76133),278.00000]
	20472.78385	   0.06447	[mu,kappa]: [(40.55338,87.66277),278.00000]
	17021.12436	   0.05360	[mu,kappa]: [(41.23119,87.38537),278.00000]
	20784.19231	   0.06545	[mu,kappa]: [(39.50988,88.09292),278.00000]
	18004.61877	   0.05670	[mu,kappa]: [(40.63210,87.63044),278.00000]
	17786.84830	   0.05601	[mu,kappa]: [(41.16009,87.41444),278.00000]
	24907.39000	   0.07843	[mu,kappa]: [(31.31550,90.65833),278.00000]
	19309.25504	   0.06081	[mu,kappa]: [(39.79135,87.97662),278.00000]
	15893.23968	   0.05005	[mu,kappa]: [(38.85214,88.36442),278.00000]
			msglen: 5224933.65909 bits.
Iteration #: 17
	19129.93460	   0.06024	[mu,kappa]: [(40.93705,87.50119),278.00000]
	21302.40855	   0.06708	[mu,kappa]: [(40.30503,87.76183),278.00000]
	23301.49226	   0.07338	[mu,kappa]: [(50.79100,81.40780),155.00414]
	18735.16724	   0.05900	[mu,kappa]: [(39.91912,87.92158),278.00000]
	14457.15597	   0.04553	[mu,kappa]: [(45.07170,85.82043),278.00000]
	20150.72915	   0.06346	[mu,kappa]: [(41.04813,87.45554),278.00000]
	21715.05825	   0.06838	[mu,kappa]: [(40.07963,87.85509),278.00000]
	5835.71671	   0.01838	[mu,kappa]: [(34.11068,75.59678),6.96492]
	18579.19676	   0.05851	[mu,kappa]: [(40.30744,87.76083),278.00000]
	20493.09108	   0.06453	[mu,kappa]: [(40.56476,87.65455),278.00000]
	17077.94413	   0.05378	[mu,kappa]: [(41.29498,87.35425),278.00000]
	20852.19791	   0.06566	[mu,kappa]: [(39.45327,88.11477),278.00000]
	18024.45344	   0.05676	[mu,kappa]: [(40.64939,87.61963),278.00000]
	17839.09801	   0.05618	[mu,kappa]: [(41.21829,87.38571),278.00000]
	24699.62495	   0.07778	[mu,kappa]: [(31.26772,90.66665),278.00000]
	19348.57921	   0.06093	[mu,kappa]: [(39.75067,87.99140),278.00000]
	16013.15178	   0.05043	[mu,kappa]: [(38.76781,88.39894),278.00000]
			msglen: 5224484.55893 bits.
Iteration #: 18
	19155.76551	   0.06032	[mu,kappa]: [(40.97459,87.48200),278.00000]
	21313.94482	   0.06712	[mu,kappa]: [(40.29541,87.76339),278.00000]
	22375.27970	   0.07046	[mu,kappa]: [(51.02628,81.21987),150.02292]
	18760.03553	   0.05908	[mu,kappa]: [(39.88378,87.93446),278.00000]
	15370.91513	   0.04840	[mu,kappa]: [(45.26189,85.74643),278.00000]
	20186.54343	   0.06357	[mu,kappa]: [(41.09433,87.43255),278.00000]
	21734.36065	   0.06844	[mu,kappa]: [(40.05461,87.86343),278.00000]
	5601.97803	   0.01764	[mu,kappa]: [(33.26857,75.43201),6.85883]
	18589.28517	   0.05854	[mu,kappa]: [(40.29798,87.76231),278.00000]
	20504.26923	   0.06457	[mu,kappa]: [(40.57394,87.64783),278.00000]
	17130.04082	   0.05394	[mu,kappa]: [(41.36054,87.32279),278.00000]
	20922.71816	   0.06589	[mu,kappa]: [(39.39162,88.13928),278.00000]
	18036.11806	   0.05680	[mu,kappa]: [(40.66490,87.61013),278.00000]
	17885.62401	   0.05632	[mu,kappa]: [(41.27783,87.35687),278.00000]
	24458.69356	   0.07702	[mu,kappa]: [(31.22025,90.67378),278.00000]
	19386.11658	   0.06105	[mu,kappa]: [(39.70515,88.00878),278.00000]
	16143.31159	   0.05084	[mu,kappa]: [(38.67953,88.43538),278.00000]
			msglen: 5224014.57730 bits.
Iteration #: 19
	19173.46482	   0.06038	[mu,kappa]: [(41.01142,87.46342),278.00000]
	21317.88549	   0.06713	[mu,kappa]: [(40.28252,87.76670),278.00000]
	21418.34073	   0.06745	[mu,kappa]: [(51.27262,81.02435),145.31441]
	18781.86600	   0.05915	[mu,kappa]: [(39.84436,87.94946),278.00000]
	16375.93696	   0.05157	[mu,kappa]: [(45.44731,85.66499),278.00000]
	20214.38528	   0.06366	[mu,kappa]: [(41.14037,87.40991),278.00000]
	21748.16060	   0.06849	[mu,kappa]: [(40.02577,87.87377),278.00000]
	5393.43522	   0.01699	[mu,kappa]: [(32.42514,75.28055),6.77569]
	18592.73191	   0.05855	[mu,kappa]: [(40.28527,87.76555),278.00000]
	20506.65215	   0.06458	[mu,kappa]: [(40.58076,87.64247),278.00000]
	17177.35998	   0.05409	[mu,kappa]: [(41.42718,87.29109),278.00000]
	20996.43466	   0.06612	[mu,kappa]: [(39.32584,88.16585),278.00000]
	18039.84725	   0.05681	[mu,kappa]: [(40.67840,87.60183),278.00000]
	17926.38133	   0.05645	[mu,kappa]: [(41.33806,87.32799),278.00000]
	24186.15073	   0.07616	[mu,kappa]: [(31.17103,90.68104),278.00000]
	19422.59865	   0.06116	[mu,kappa]: [(39.65541,88.02831),278.00000]
	16283.36824	   0.05128	[mu,kappa]: [(38.58884,88.47291),278.00000]
			msglen: 5223523.71881 bits.
Iteration #: 20
	19183.41925	   0.06041	[mu,kappa]: [(41.04703,87.44559),278.00000]
	21315.28798	   0.06712	[mu,kappa]: [(40.26649,87.77166),278.00000]
	20438.71091	   0.06436	[mu,kappa]: [(51.53214,80.81960),140.83489]
	18801.69888	   0.05921	[mu,kappa]: [(39.80139,87.96623),278.00000]
	17464.23429	   0.05500	[mu,kappa]: [(45.62512,85.57984),278.00000]
	20234.54411	   0.06372	[mu,kappa]: [(41.18561,87.38782),278.00000]
	21757.64833	   0.06852	[mu,kappa]: [(39.99347,87.88587),278.00000]
	5203.55193	   0.01639	[mu,kappa]: [(31.57779,75.13670),6.71110]
	18590.45773	   0.05854	[mu,kappa]: [(40.26943,87.77043),278.00000]
	20501.04394	   0.06456	[mu,kappa]: [(40.58508,87.63846),278.00000]
	17219.93593	   0.05423	[mu,kappa]: [(41.49401,87.25943),278.00000]
	21074.17787	   0.06636	[mu,kappa]: [(39.25698,88.19392),278.00000]
	18036.27488	   0.05680	[mu,kappa]: [(40.68965,87.59477),278.00000]
	17961.47181	   0.05656	[mu,kappa]: [(41.39817,87.29930),278.00000]
	23880.74207	   0.07520	[mu,kappa]: [(31.11856,90.68892),278.00000]
	19459.05270	   0.06128	[mu,kappa]: [(39.60217,88.04958),278.00000]
	16432.74737	   0.05175	[mu,kappa]: [(38.49733,88.51076),278.00000]
			msglen: 5223015.62201 bits.
Iteration #: 21
	19186.22932	   0.06042	[mu,kappa]: [(41.08087,87.42873),278.00000]
	21307.46557	   0.06710	[mu,kappa]: [(40.24756,87.77811),278.00000]
	19446.53039	   0.06124	[mu,kappa]: [(51.80663,80.60478),136.57128]
	18820.64973	   0.05927	[mu,kappa]: [(39.75556,87.98445),278.00000]
	18622.26541	   0.05864	[mu,kappa]: [(45.79282,85.49337),278.00000]
	20247.48662	   0.06376	[mu,kappa]: [(41.22939,87.36654),278.00000]
	21764.18641	   0.06854	[mu,kappa]: [(39.95820,87.89948),278.00000]
	5028.05688	   0.01583	[mu,kappa]: [(30.72419,74.99647),6.66237]
	18583.60719	   0.05852	[mu,kappa]: [(40.25068,87.77681),278.00000]
	20488.53764	   0.06452	[mu,kappa]: [(40.58681,87.63582),278.00000]
	17257.81743	   0.05435	[mu,kappa]: [(41.56003,87.22821),278.00000]
	21156.56915	   0.06662	[mu,kappa]: [(39.18618,88.22294),278.00000]
	18026.28867	   0.05677	[mu,kappa]: [(40.69846,87.58900),278.00000]
	17991.06368	   0.05666	[mu,kappa]: [(41.45728,87.27118),278.00000]
	23541.33177	   0.07413	[mu,kappa]: [(31.06166,90.69767),278.00000]
	19496.49159	   0.06140	[mu,kappa]: [(39.54629,88.07216),278.00000]
	16590.42256	   0.05224	[mu,kappa]: [(38.40656,88.54820),278.00000]
			msglen: 5222497.13288 bits.
Iteration #: 22
	19182.67224	   0.06041	[mu,kappa]: [(41.11247,87.41306),278.00000]
	21295.85918	   0.06706	[mu,kappa]: [(40.22607,87.78592),278.00000]
	18454.32702	   0.05811	[mu,kappa]: [(52.09710,80.38013),132.53850]
	18839.76819	   0.05933	[mu,kappa]: [(39.70765,88.00375),278.00000]
	19831.24063	   0.06245	[mu,kappa]: [(45.94855,85.40719),278.00000]
	20253.82926	   0.06378	[mu,kappa]: [(41.27104,87.34637),278.00000]
	21769.15540	   0.06855	[mu,kappa]: [(39.92059,87.91432),278.00000]
	4864.32252	   0.01532	[mu,kappa]: [(29.86471,74.85679),6.62779]
	18573.43704	   0.05849	[mu,kappa]: [(40.22937,87.78454),278.00000]
	20470.42609	   0.06446	[mu,kappa]: [(40.58598,87.63455),278.00000]
	17291.05861	   0.05445	[mu,kappa]: [(41.62423,87.19789),278.00000]
	21243.88195	   0.06690	[mu,kappa]: [(39.11463,88.25234),278.00000]
	18010.96223	   0.05672	[mu,kappa]: [(40.70477,87.58458),278.00000]
	18015.37873	   0.05673	[mu,kappa]: [(41.51448,87.24402),278.00000]
	23167.98883	   0.07296	[mu,kappa]: [(30.99942,90.70749),278.00000]
	19535.76636	   0.06152	[mu,kappa]: [(39.48873,88.09561),278.00000]
	16754.92572	   0.05276	[mu,kappa]: [(38.31789,88.58458),278.00000]
			msglen: 5221977.68660 bits.
Iteration #: 23
	19173.68507	   0.06038	[mu,kappa]: [(41.14142,87.39881),278.00000]
	21281.93544	   0.06702	[mu,kappa]: [(40.20249,87.79489),278.00000]
	17476.56293	   0.05503	[mu,kappa]: [(52.40328,80.14710),128.77311]
	18859.94411	   0.05939	[mu,kappa]: [(39.65851,88.02374),278.00000]
	21068.08532	   0.06634	[mu,kappa]: [(46.09117,85.32246),278.00000]
	20254.33737	   0.06378	[mu,kappa]: [(41.31002,87.32760),278.00000]
	21773.84110	   0.06857	[mu,kappa]: [(39.88133,87.93007),278.00000]
	4710.98531	   0.01484	[mu,kappa]: [(29.00380,74.71516),6.60613]
	18561.22750	   0.05845	[mu,kappa]: [(40.20597,87.79342),278.00000]
	20448.12977	   0.06439	[mu,kappa]: [(40.58273,87.63461),278.00000]
	17319.74782	   0.05454	[mu,kappa]: [(41.68566,87.16893),278.00000]
	21335.99906	   0.06719	[mu,kappa]: [(39.04346,88.28159),278.00000]
	17991.50139	   0.05666	[mu,kappa]: [(40.70858,87.58152),278.00000]
	18034.71336	   0.05679	[mu,kappa]: [(41.56893,87.21824),278.00000]
	22762.36084	   0.07168	[mu,kappa]: [(30.93123,90.71850),278.00000]
	19577.48208	   0.06165	[mu,kappa]: [(39.43046,88.11947),278.00000]
	16924.46153	   0.05330	[mu,kappa]: [(38.23247,88.61937),278.00000]
			msglen: 5221468.39508 bits.
Iteration #: 24
	19160.35086	   0.06034	[mu,kappa]: [(41.16748,87.38613),278.00000]
	21267.09469	   0.06697	[mu,kappa]: [(40.17737,87.80477),278.00000]
	16528.57190	   0.05205	[mu,kappa]: [(52.72333,79.90839),125.32347]
	18881.84488	   0.05946	[mu,kappa]: [(39.60901,88.04401),278.00000]
	22307.01595	   0.07025	[mu,kappa]: [(46.22019,85.24005),278.00000]
	20249.93307	   0.06377	[mu,kappa]: [(41.34589,87.31050),278.00000]
	21779.34611	   0.06858	[mu,kappa]: [(39.84119,87.94639),278.00000]
	4567.63237	   0.01438	[mu,kappa]: [(28.15059,74.56957),6.59619]
	18548.20205	   0.05841	[mu,kappa]: [(40.18103,87.80323),278.00000]
	20423.12448	   0.06431	[mu,kappa]: [(40.57733,87.63591),278.00000]
	17344.06175	   0.05462	[mu,kappa]: [(41.74347,87.14181),278.00000]
	21432.43353	   0.06749	[mu,kappa]: [(38.97369,88.31020),278.00000]
	17969.18933	   0.05659	[mu,kappa]: [(40.71005,87.57979),278.00000]
	18049.47907	   0.05684	[mu,kappa]: [(41.61994,87.19424),278.00000]
	22327.69133	   0.07031	[mu,kappa]: [(30.85677,90.73078),278.00000]
	19621.95674	   0.06179	[mu,kappa]: [(39.37244,88.14331),278.00000]
	17097.07188	   0.05384	[mu,kappa]: [(38.15113,88.65219),278.00000]
			msglen: 5220980.84329 bits.
Iteration #: 25
	19143.87530	   0.06029	[mu,kappa]: [(41.19053,87.37514),278.00000]
	21252.58787	   0.06693	[mu,kappa]: [(40.15134,87.81529),278.00000]
	15625.17250	   0.04920	[mu,kappa]: [(53.05364,79.66781),122.23768]
	18905.88069	   0.05954	[mu,kappa]: [(39.55997,88.06419),278.00000]
	23521.53994	   0.07407	[mu,kappa]: [(46.33573,85.16069),278.00000]
	20241.69575	   0.06374	[mu,kappa]: [(41.37838,87.29525),278.00000]
	21786.52463	   0.06861	[mu,kappa]: [(39.80092,87.96293),278.00000]
	4434.46492	   0.01397	[mu,kappa]: [(27.31824,74.41845),6.59650]
	18535.45487	   0.05837	[mu,kappa]: [(40.15515,87.81368),278.00000]
	20396.86472	   0.06423	[mu,kappa]: [(40.57013,87.63830),278.00000]
	17364.32607	   0.05468	[mu,kappa]: [(41.79700,87.11690),278.00000]
	21532.39469	   0.06781	[mu,kappa]: [(38.90616,88.33778),278.00000]
	17945.32529	   0.05651	[mu,kappa]: [(40.70946,87.57930),278.00000]
	18060.24433	   0.05687	[mu,kappa]: [(41.66696,87.17235),278.00000]
	21868.62027	   0.06887	[mu,kappa]: [(30.77605,90.74437),278.00000]
	19669.21614	   0.06194	[mu,kappa]: [(39.31550,88.16670),278.00000]
	17270.81203	   0.05439	[mu,kappa]: [(38.07435,88.68278),278.00000]
			msglen: 5220525.70966 bits.
Iteration #: 26
	19125.54488	   0.06023	[mu,kappa]: [(41.21065,87.36585),278.00000]
	21239.44677	   0.06688	[mu,kappa]: [(40.12501,87.82616),278.00000]
	14779.29381	   0.04654	[mu,kappa]: [(53.38911,79.42990),119.55111]
	18932.19669	   0.05962	[mu,kappa]: [(39.51212,88.08392),278.00000]
	24686.59072	   0.07774	[mu,kappa]: [(46.43832,85.08501),278.00000]
	20230.84111	   0.06371	[mu,kappa]: [(41.40741,87.28195),278.00000]
	21795.94254	   0.06864	[mu,kappa]: [(39.76122,87.97935),278.00000]
	4311.92087	   0.01358	[mu,kappa]: [(26.52195,74.26084),6.60512]
	18523.88976	   0.05833	[mu,kappa]: [(40.12898,87.82448),278.00000]
	20370.70451	   0.06415	[mu,kappa]: [(40.56162,87.64159),278.00000]
	17381.06025	   0.05473	[mu,kappa]: [(41.84582,87.09448),278.00000]
	21634.88100	   0.06813	[mu,kappa]: [(38.84148,88.36402),278.00000]
	17921.15677	   0.05643	[mu,kappa]: [(40.70720,87.57988),278.00000]
	18067.75810	   0.05690	[mu,kappa]: [(41.70967,87.15278),278.00000]
	21390.84545	   0.06736	[mu,kappa]: [(30.68934,90.75921),277.18527]
	19719.01857	   0.06210	[mu,kappa]: [(39.26039,88.18931),278.00000]
	17443.90821	   0.05493	[mu,kappa]: [(38.00232,88.71108),278.00000]
			msglen: 5220110.92402 bits.
Iteration #: 27
	19106.52753	   0.06017	[mu,kappa]: [(41.22802,87.35821),278.00000]
	21228.44701	   0.06685	[mu,kappa]: [(40.09890,87.83714),278.00000]
	14000.88022	   0.04409	[mu,kappa]: [(53.72360,79.19939),117.27752]
	18960.87647	   0.05971	[mu,kappa]: [(39.46586,88.10298),278.00000]
	25780.41999	   0.08118	[mu,kappa]: [(46.52886,85.01355),278.00000]
	20218.51469	   0.06367	[mu,kappa]: [(41.43307,87.27060),278.00000]
	21807.98683	   0.06867	[mu,kappa]: [(39.72258,87.99541),278.00000]
	4196.30477	   0.01322	[mu,kappa]: [(25.78148,74.08303),6.61401]
	18514.18673	   0.05830	[mu,kappa]: [(40.10301,87.83540),278.00000]
	20345.74890	   0.06407	[mu,kappa]: [(40.55221,87.64559),278.00000]
	17394.84125	   0.05478	[mu,kappa]: [(41.88974,87.07474),278.00000]
	21739.33945	   0.06846	[mu,kappa]: [(38.77975,88.38885),278.00000]
	17897.72695	   0.05636	[mu,kappa]: [(40.70366,87.58137),278.00000]
	18072.78990	   0.05691	[mu,kappa]: [(41.74797,87.13565),278.00000]
	20903.35478	   0.06583	[mu,kappa]: [(30.59683,90.77384),275.78584]
	19771.19886	   0.06226	[mu,kappa]: [(39.20738,88.21096),278.00000]
	17615.85568	   0.05547	[mu,kappa]: [(37.93442,88.73734),278.00000]
			msglen: 5219741.14701 bits.
Iteration #: 28
	19088.08889	   0.06011	[mu,kappa]: [(41.24309,87.35204),278.00000]
	21219.93552	   0.06682	[mu,kappa]: [(40.07360,87.84793),278.00000]
	13296.43976	   0.04187	[mu,kappa]: [(54.05053,78.98065),115.40571]
	18991.48711	   0.05981	[mu,kappa]: [(39.42165,88.12118),278.00000]
	26786.82214	   0.08435	[mu,kappa]: [(46.60838,84.94673),278.00000]
	20206.08291	   0.06363	[mu,kappa]: [(41.45571,87.26107),278.00000]
	21822.49703	   0.06872	[mu,kappa]: [(39.68552,88.01085),278.00000]
	4087.25476	   0.01287	[mu,kappa]: [(25.10278,73.88171),6.61981]
	18506.65312	   0.05828	[mu,kappa]: [(40.07785,87.84614),278.00000]
	20322.86502	   0.06400	[mu,kappa]: [(40.54253,87.64999),278.00000]
	17406.67548	   0.05481	[mu,kappa]: [(41.92890,87.05765),278.00000]
	21844.59888	   0.06879	[mu,kappa]: [(38.72103,88.41226),278.00000]
	17875.93033	   0.05629	[mu,kappa]: [(40.69943,87.58350),278.00000]
	18076.47632	   0.05692	[mu,kappa]: [(41.78207,87.12091),278.00000]
	20412.45244	   0.06428	[mu,kappa]: [(30.49895,90.78799),274.05034]
	19825.02998	   0.06243	[mu,kappa]: [(39.15684,88.23151),278.00000]
	17785.71030	   0.05601	[mu,kappa]: [(37.87013,88.76184),278.00000]
			msglen: 5219418.21359 bits.
Iteration #: 29
	19071.42823	   0.06006	[mu,kappa]: [(41.25636,87.34706),278.00000]
	21214.05007	   0.06680	[mu,kappa]: [(40.04967,87.85827),278.00000]
	12668.58898	   0.03989	[mu,kappa]: [(54.36376,78.77717),113.90204]
	19023.47173	   0.05991	[mu,kappa]: [(39.37984,88.13833),278.00000]
	27694.60826	   0.08721	[mu,kappa]: [(46.67797,84.88487),278.00000]
	20194.89956	   0.06359	[mu,kappa]: [(41.47577,87.25312),278.00000]
	21839.12852	   0.06877	[mu,kappa]: [(39.65050,88.02547),278.00000]
	3985.37671	   0.01255	[mu,kappa]: [(24.48843,73.65936),6.62135]
	18501.41372	   0.05826	[mu,kappa]: [(40.05404,87.85643),278.00000]
	20302.73267	   0.06393	[mu,kappa]: [(40.53316,87.65451),278.00000]
	17417.70139	   0.05485	[mu,kappa]: [(41.96360,87.04308),278.00000]
	21949.51970	   0.06912	[mu,kappa]: [(38.66533,88.43425),278.00000]
	17856.51086	   0.05623	[mu,kappa]: [(40.69509,87.58595),278.00000]
	18080.04000	   0.05694	[mu,kappa]: [(41.81233,87.10839),278.00000]
	19923.08039	   0.06274	[mu,kappa]: [(30.39649,90.80181),272.12670]
	19879.70702	   0.06260	[mu,kappa]: [(39.10899,88.25085),278.00000]
	17952.74219	   0.05653	[mu,kappa]: [(37.80884,88.78488),278.00000]
			msglen: 5219141.14403 bits.
Iteration #: 30
	19057.55242	   0.06001	[mu,kappa]: [(41.26831,87.34300),278.00000]
	21210.72957	   0.06679	[mu,kappa]: [(40.02753,87.86791),278.00000]
	12116.48824	   0.03816	[mu,kappa]: [(54.65811,78.59140),112.72008]
	19056.22268	   0.06001	[mu,kappa]: [(39.34062,88.15432),278.00000]
	28497.69826	   0.08974	[mu,kappa]: [(46.73876,84.82814),278.00000]
	20186.15128	   0.06357	[mu,kappa]: [(41.49374,87.24648),278.00000]
	21857.40965	   0.06883	[mu,kappa]: [(39.61783,88.03908),278.00000]
	3891.05912	   0.01225	[mu,kappa]: [(23.93921,73.42021),6.61800]
	18498.41934	   0.05825	[mu,kappa]: [(40.03202,87.86603),278.00000]
	20285.79540	   0.06388	[mu,kappa]: [(40.52460,87.65885),278.00000]
	17429.02823	   0.05489	[mu,kappa]: [(41.99424,87.03079),278.00000]
	22053.12748	   0.06945	[mu,kappa]: [(38.61247,88.45490),278.00000]
	17840.00112	   0.05618	[mu,kappa]: [(40.69116,87.58844),278.00000]
	18084.62900	   0.05695	[mu,kappa]: [(41.83916,87.09784),278.00000]
	19439.67908	   0.06122	[mu,kappa]: [(30.29046,90.81539),270.11269]
	19934.44409	   0.06277	[mu,kappa]: [(39.06389,88.26892),278.00000]
	18116.56504	   0.05705	[mu,kappa]: [(37.74993,88.80677),278.00000]
			msglen: 5218906.70966 bits.
Iteration #: 31
	19047.22735	   0.05998	[mu,kappa]: [(41.27943,87.33957),278.00000]
	21209.73239	   0.06679	[mu,kappa]: [(40.00749,87.87669),278.00000]
	11636.60365	   0.03664	[mu,kappa]: [(54.92967,78.42466),111.80886]
	19089.10158	   0.06011	[mu,kappa]: [(39.30407,88.16911),278.00000]
	29194.73748	   0.09194	[mu,kappa]: [(46.79185,84.77657),278.00000]
	20180.79048	   0.06355	[mu,kappa]: [(41.51008,87.24087),278.00000]
	21876.76720	   0.06889	[mu,kappa]: [(39.58768,88.05157),278.00000]
	3804.34660	   0.01198	[mu,kappa]: [(23.45392,73.16891),6.60939]
	18497.46265	   0.05825	[mu,kappa]: [(40.01210,87.87476),278.00000]
	20272.25710	   0.06384	[mu,kappa]: [(40.51727,87.66279),278.00000]
	17441.65150	   0.05492	[mu,kappa]: [(42.02127,87.02051),278.00000]
	22154.60341	   0.06977	[mu,kappa]: [(38.56220,88.47432),278.00000]
	17826.71095	   0.05614	[mu,kappa]: [(40.68808,87.59072),278.00000]
	18091.23696	   0.05697	[mu,kappa]: [(41.86302,87.08897),278.00000]
	18966.21401	   0.05973	[mu,kappa]: [(30.18197,90.82877),268.07396]
	19988.48783	   0.06294	[mu,kappa]: [(39.02151,88.28574),278.00000]
	18277.06886	   0.05756	[mu,kappa]: [(37.69273,88.82780),278.00000]
			msglen: 5218710.22404 bits.
Iteration #: 32
	19040.97471	   0.05996	[mu,kappa]: [(41.29012,87.33650),278.00000]
	21210.69089	   0.06679	[mu,kappa]: [(39.98978,87.88447),278.00000]
	11223.55495	   0.03534	[mu,kappa]: [(55.17599,78.27724),111.11842]
	19121.47782	   0.06021	[mu,kappa]: [(39.27019,88.18269),278.00000]
	29788.23146	   0.09380	[mu,kappa]: [(46.83826,84.73004),278.00000]
	20179.51445	   0.06355	[mu,kappa]: [(41.52522,87.23600),278.00000]
	21896.57950	   0.06895	[mu,kappa]: [(39.56015,88.06291),278.00000]
	3725.01006	   0.01173	[mu,kappa]: [(23.02970,72.90998),6.59547]
	18498.22569	   0.05825	[mu,kappa]: [(39.99450,87.88250),278.00000]
	20262.12244	   0.06381	[mu,kappa]: [(40.51149,87.66612),278.00000]
	17456.39808	   0.05497	[mu,kappa]: [(42.04518,87.01192),278.00000]
	22253.28262	   0.07008	[mu,kappa]: [(38.51420,88.49267),278.00000]
	17816.75644	   0.05611	[mu,kappa]: [(40.68618,87.59258),278.00000]
	18100.65827	   0.05700	[mu,kappa]: [(41.88438,87.08150),278.00000]
	18506.02173	   0.05828	[mu,kappa]: [(30.07210,90.84190),266.05322]
	20041.14496	   0.06311	[mu,kappa]: [(38.98172,88.30137),278.00000]
	18434.35593	   0.05805	[mu,kappa]: [(37.63659,88.84827),278.00000]
			msglen: 5218546.31185 bits.
Iteration #: 33
	19039.09631	   0.05996	[mu,kappa]: [(41.30073,87.33358),278.00000]
	21213.17448	   0.06680	[mu,kappa]: [(39.97451,87.89118),278.00000]
	10870.90717	   0.03423	[mu,kappa]: [(55.39600,78.14858),110.60325]
	19152.76614	   0.06031	[mu,kappa]: [(39.23890,88.19511),278.00000]
	30283.51713	   0.09536	[mu,kappa]: [(46.87893,84.68832),278.00000]
	20182.77591	   0.06356	[mu,kappa]: [(41.53954,87.23163),278.00000]
	21916.23174	   0.06902	[mu,kappa]: [(39.53525,88.07308),278.00000]
	3652.63809	   0.01150	[mu,kappa]: [(22.66239,72.64757),6.57641]
	18500.33491	   0.05826	[mu,kappa]: [(39.97933,87.88918),278.00000]
	20255.25424	   0.06378	[mu,kappa]: [(40.50750,87.66871),278.00000]
	17473.89899	   0.05503	[mu,kappa]: [(42.06643,87.00472),278.00000]
	22348.64967	   0.07038	[mu,kappa]: [(38.46814,88.51009),278.00000]
	17810.10661	   0.05609	[mu,kappa]: [(40.68574,87.59385),278.00000]
	18113.47260	   0.05704	[mu,kappa]: [(41.90368,87.07511),278.00000]
	18061.68508	   0.05688	[mu,kappa]: [(29.96188,90.85469),264.07637]
	20091.80710	   0.06327	[mu,kappa]: [(38.94435,88.31588),278.00000]
	18588.68383	   0.05854	[mu,kappa]: [(37.58092,88.86844),278.00000]
			msglen: 5218409.52612 bits.
Iteration #: 34
	19041.71227	   0.05996	[mu,kappa]: [(41.31153,87.33061),278.00000]
	21216.74580	   0.06681	[mu,kappa]: [(39.96172,87.89680),278.00000]
	10571.81547	   0.03329	[mu,kappa]: [(55.58987,78.03754),110.22400]
	19182.45471	   0.06041	[mu,kappa]: [(39.21007,88.20642),278.00000]
	30687.77506	   0.09664	[mu,kappa]: [(46.91472,84.65111),278.00000]
	20190.81256	   0.06358	[mu,kappa]: [(41.55335,87.22753),278.00000]
	21935.16094	   0.06907	[mu,kappa]: [(39.51294,88.08209),278.00000]
	3586.71063	   0.01130	[mu,kappa]: [(22.34695,72.38530),6.55265]
	18503.41025	   0.05827	[mu,kappa]: [(39.96665,87.89476),278.00000]
	20251.43136	   0.06377	[mu,kappa]: [(40.50542,87.67047),278.00000]
	17494.58565	   0.05509	[mu,kappa]: [(42.08543,86.99862),278.00000]
	22440.32779	   0.07067	[mu,kappa]: [(38.42369,88.52676),278.00000]
	17806.63306	   0.05607	[mu,kappa]: [(40.68691,87.59442),278.00000]
	18130.05179	   0.05709	[mu,kappa]: [(41.92129,87.06957),278.00000]
	17634.98997	   0.05553	[mu,kappa]: [(29.85219,90.86705),262.15707]
	20139.96619	   0.06342	[mu,kappa]: [(38.90922,88.32939),278.00000]
	18740.41649	   0.05901	[mu,kappa]: [(37.52520,88.88856),278.00000]
			msglen: 5218294.77065 bits.
Iteration #: 35
	19048.80299	   0.05999	[mu,kappa]: [(41.32270,87.32747),278.00000]
	21221.00390	   0.06683	[mu,kappa]: [(39.95143,87.90133),278.00000]
	10319.49371	   0.03250	[mu,kappa]: [(55.75873,77.94257),109.94793]
	19210.12183	   0.06049	[mu,kappa]: [(39.18358,88.21670),278.00000]
	31009.18712	   0.09765	[mu,kappa]: [(46.94638,84.61802),278.00000]
	20203.68563	   0.06362	[mu,kappa]: [(41.56688,87.22355),278.00000]
	21952.88681	   0.06913	[mu,kappa]: [(39.49313,88.09001),278.00000]
	3526.65272	   0.01111	[mu,kappa]: [(22.07783,72.12614),6.52483]
	18507.10291	   0.05828	[mu,kappa]: [(39.95645,87.89925),278.00000]
	20250.39814	   0.06377	[mu,kappa]: [(40.50532,87.67135),278.00000]
	17518.70319	   0.05517	[mu,kappa]: [(42.10253,86.99338),278.00000]
	22528.06301	   0.07094	[mu,kappa]: [(38.38057,88.54281),278.00000]
	17806.15414	   0.05607	[mu,kappa]: [(40.68979,87.59424),278.00000]
	18150.58146	   0.05716	[mu,kappa]: [(41.93752,87.06463),278.00000]
	17226.95796	   0.05425	[mu,kappa]: [(29.74378,90.87887),260.30042]
	20185.22021	   0.06356	[mu,kappa]: [(38.87612,88.34198),278.00000]
	18889.98425	   0.05949	[mu,kappa]: [(37.46898,88.90883),278.00000]
			msglen: 5218197.53904 bits.
			N: 317555
		16.43242 bpr
Null model msglen: 7488920.11043 bits.	(23.58306 bpr)
