Iteration #: 0
	17540.00000	   0.05523	[mu,kappa]: [(40.42810,87.09846),116.57909]
	17894.00000	   0.05635	[mu,kappa]: [(40.47522,87.12598),124.10522]
	17741.00000	   0.05587	[mu,kappa]: [(40.42572,87.08399),118.07406]
	17691.00000	   0.05571	[mu,kappa]: [(40.49695,87.11977),111.27261]
	17565.00000	   0.05531	[mu,kappa]: [(40.54671,87.17799),108.80933]
	17601.00000	   0.05543	[mu,kappa]: [(40.50911,87.09675),120.49403]
	17830.00000	   0.05615	[mu,kappa]: [(40.40116,87.23086),120.21994]
	17675.00000	   0.05566	[mu,kappa]: [(40.53810,87.09004),115.23881]
	17564.00000	   0.05531	[mu,kappa]: [(40.52378,87.07692),119.42810]
	17651.00000	   0.05558	[mu,kappa]: [(40.58968,87.05258),113.45697]
	17562.00000	   0.05530	[mu,kappa]: [(40.45258,87.14558),117.64629]
	17744.00000	   0.05588	[mu,kappa]: [(40.44300,87.14152),119.28454]
	17560.00000	   0.05530	[mu,kappa]: [(40.49205,87.05097),117.34985]
	17713.00000	   0.05578	[mu,kappa]: [(40.56435,87.07810),120.89064]
	17594.00000	   0.05540	[mu,kappa]: [(40.48656,87.04869),112.70092]
	17522.00000	   0.05518	[mu,kappa]: [(40.49507,87.04703),109.96576]
	17618.00000	   0.05548	[mu,kappa]: [(40.40757,87.16484),117.27581]
	17490.00000	   0.05508	[mu,kappa]: [(40.42713,87.20328),121.15595]
			msglen: 5218197.53904 bits.
Iteration #: 1
	17474.11564	   0.05503	[mu,kappa]: [(40.43557,87.16590),135.83213]
	18081.72344	   0.05694	[mu,kappa]: [(40.48741,87.31425),173.61749]
	17710.88040	   0.05577	[mu,kappa]: [(40.44169,87.20175),144.66136]
	17616.50113	   0.05548	[mu,kappa]: [(40.43058,86.91433),91.98436]
	17728.57803	   0.05583	[mu,kappa]: [(40.45667,86.57653),42.67062]
	17648.10850	   0.05557	[mu,kappa]: [(40.53875,87.22855),157.35628]
	17871.30030	   0.05628	[mu,kappa]: [(40.39323,87.31102),157.11791]
	17585.78930	   0.05538	[mu,kappa]: [(40.57735,87.07413),127.30815]
	17575.61890	   0.05535	[mu,kappa]: [(40.56176,87.19295),151.88605]
	17549.62180	   0.05526	[mu,kappa]: [(40.64786,86.96476),113.86015]
	17522.39203	   0.05518	[mu,kappa]: [(40.46390,87.20293),142.75220]
	17751.77393	   0.05590	[mu,kappa]: [(40.45545,87.24421),151.71263]
	17511.60368	   0.05515	[mu,kappa]: [(40.52890,87.14428),140.31662]
	17774.79995	   0.05597	[mu,kappa]: [(40.60387,87.20886),158.92823]
	17494.47294	   0.05509	[mu,kappa]: [(40.47404,86.97300),106.52728]
	17525.99700	   0.05519	[mu,kappa]: [(40.37711,86.76673),70.49359]
	17568.97505	   0.05533	[mu,kappa]: [(40.40238,87.21795),140.58057]
	17562.74798	   0.05531	[mu,kappa]: [(40.42757,87.30952),161.42505]
			msglen: 5355041.90981 bits.
Iteration #: 2
	17356.97004	   0.05466	[mu,kappa]: [(40.40007,87.45990),210.65566]
	19695.00777	   0.06202	[mu,kappa]: [(40.42632,87.62743),278.00000]
	17998.97602	   0.05668	[mu,kappa]: [(40.39855,87.51154),228.25411]
	15565.70188	   0.04902	[mu,kappa]: [(40.52710,86.91203),118.09937]
	18383.63593	   0.05789	[mu,kappa]: [(40.78693,82.47510),16.02262]
	18502.43685	   0.05827	[mu,kappa]: [(40.48195,87.54044),252.52060]
	18742.29427	   0.05902	[mu,kappa]: [(40.34105,87.60687),252.74750]
	17069.29611	   0.05375	[mu,kappa]: [(40.55612,87.33460),192.68924]
	18179.39385	   0.05725	[mu,kappa]: [(40.50829,87.50318),241.90942]
	16423.73366	   0.05172	[mu,kappa]: [(40.67030,87.16130),164.16043]
	17720.79624	   0.05580	[mu,kappa]: [(40.41965,87.49732),224.48351]
	18364.11733	   0.05783	[mu,kappa]: [(40.40517,87.54932),242.05926]
	17592.43033	   0.05540	[mu,kappa]: [(40.48869,87.44752),219.27010]
	18699.24891	   0.05888	[mu,kappa]: [(40.54270,87.52111),255.21014]
	16050.14808	   0.05054	[mu,kappa]: [(40.50672,87.14416),149.14913]
	14931.38761	   0.04702	[mu,kappa]: [(40.69838,86.21322),73.38201]
	17672.90244	   0.05565	[mu,kappa]: [(40.36081,87.51031),220.38825]
	18606.52267	   0.05859	[mu,kappa]: [(40.37254,87.61012),260.75763]
			msglen: 5282175.28759 bits.
Iteration #: 3
	17178.38938	   0.05410	[mu,kappa]: [(40.32556,87.59869),247.80327]
	20485.46660	   0.06451	[mu,kappa]: [(40.35983,87.77864),278.00000]
	18045.41709	   0.05683	[mu,kappa]: [(40.32443,87.66105),274.07255]
	14776.08641	   0.04653	[mu,kappa]: [(40.58695,86.78970),116.61959]
	18548.96135	   0.05841	[mu,kappa]: [(41.29236,81.04311),14.27284]
	18878.38961	   0.05945	[mu,kappa]: [(40.42747,87.68794),278.00000]
	19147.09907	   0.06030	[mu,kappa]: [(40.25499,87.76434),278.00000]
	16672.07679	   0.05250	[mu,kappa]: [(40.53615,87.43224),220.74544]
	18400.10837	   0.05794	[mu,kappa]: [(40.46077,87.64510),278.00000]
	15770.62394	   0.04966	[mu,kappa]: [(40.72140,87.18693),178.87624]
	17714.84304	   0.05579	[mu,kappa]: [(40.35028,87.63978),268.42128]
	18601.45005	   0.05858	[mu,kappa]: [(40.33296,87.70074),278.00000]
	17512.01357	   0.05515	[mu,kappa]: [(40.43957,87.58163),260.44288]
	19110.70535	   0.06018	[mu,kappa]: [(40.50108,87.66346),278.00000]
	15307.36085	   0.04820	[mu,kappa]: [(40.49997,87.16432),157.88131]
	14668.22915	   0.04619	[mu,kappa]: [(41.15176,85.63835),67.14809]
	17620.85594	   0.05549	[mu,kappa]: [(40.27500,87.65770),262.44109]
	19116.92342	   0.06020	[mu,kappa]: [(40.29458,87.76661),278.00000]
			msglen: 5275007.98913 bits.
Iteration #: 4
	17023.18739	   0.05361	[mu,kappa]: [(40.25987,87.68020),275.09583]
	20568.09225	   0.06477	[mu,kappa]: [(40.29365,87.80367),278.00000]
	18085.55314	   0.05695	[mu,kappa]: [(40.26409,87.75153),278.00000]
	14657.53541	   0.04616	[mu,kappa]: [(40.69090,86.58088),106.50094]
	18510.60881	   0.05829	[mu,kappa]: [(41.06478,81.11894),14.27859]
	18946.80113	   0.05966	[mu,kappa]: [(40.39076,87.73530),278.00000]
	19237.21289	   0.06058	[mu,kappa]: [(40.16485,87.83193),278.00000]
	16348.62408	   0.05148	[mu,kappa]: [(40.55301,87.46087),237.42147]
	18463.79276	   0.05814	[mu,kappa]: [(40.43833,87.70247),278.00000]
	15342.51737	   0.04831	[mu,kappa]: [(40.85207,87.12027),181.19884]
	17707.02147	   0.05576	[mu,kappa]: [(40.29692,87.72423),278.00000]
	18676.71735	   0.05881	[mu,kappa]: [(40.27109,87.77369),278.00000]
	17436.90065	   0.05491	[mu,kappa]: [(40.41547,87.65185),278.00000]
	19176.17976	   0.06039	[mu,kappa]: [(40.48596,87.69809),278.00000]
	14889.24151	   0.04689	[mu,kappa]: [(40.51364,87.10928),154.33265]
	15707.76465	   0.04946	[mu,kappa]: [(41.91335,85.02097),60.84025]
	17575.74202	   0.05535	[mu,kappa]: [(40.19543,87.75085),278.00000]
	19201.50736	   0.06047	[mu,kappa]: [(40.21395,87.81969),278.00000]
			msglen: 5272974.82589 bits.
Iteration #: 5
	17052.06197	   0.05370	[mu,kappa]: [(40.20149,87.76132),278.00000]
	20627.86813	   0.06496	[mu,kappa]: [(40.22867,87.81583),278.00000]
	18140.12211	   0.05712	[mu,kappa]: [(40.19868,87.79956),278.00000]
	14641.57532	   0.04611	[mu,kappa]: [(40.78153,86.39359),97.78091]
	17722.39398	   0.05581	[mu,kappa]: [(40.33143,81.33707),14.03606]
	18993.96433	   0.05981	[mu,kappa]: [(40.36113,87.74817),278.00000]
	19311.31778	   0.06081	[mu,kappa]: [(40.06163,87.87402),278.00000]
	16135.52000	   0.05081	[mu,kappa]: [(40.59506,87.48511),258.16298]
	18507.92564	   0.05828	[mu,kappa]: [(40.42588,87.71533),278.00000]
	14979.27506	   0.04717	[mu,kappa]: [(41.05235,87.03287),184.46490]
	17756.70895	   0.05592	[mu,kappa]: [(40.24408,87.77455),278.00000]
	18732.92725	   0.05899	[mu,kappa]: [(40.20439,87.80837),278.00000]
	17478.08898	   0.05504	[mu,kappa]: [(40.40424,87.69741),278.00000]
	19221.52250	   0.06053	[mu,kappa]: [(40.48660,87.69690),278.00000]
	14519.94174	   0.04572	[mu,kappa]: [(40.51499,87.06388),150.51213]
	16829.88954	   0.05300	[mu,kappa]: [(43.00361,84.42867),58.48632]
	17636.37857	   0.05554	[mu,kappa]: [(40.11181,87.82266),278.00000]
	19267.51815	   0.06067	[mu,kappa]: [(40.12555,87.85109),278.00000]
			msglen: 5271367.95589 bits.
Iteration #: 6
	17121.12526	   0.05392	[mu,kappa]: [(40.13083,87.81630),278.00000]
	20709.40544	   0.06521	[mu,kappa]: [(40.15763,87.83461),278.00000]
	18215.00424	   0.05736	[mu,kappa]: [(40.12189,87.83658),278.00000]
	14608.11448	   0.04600	[mu,kappa]: [(40.74619,86.27831),90.74594]
	16504.93448	   0.05198	[mu,kappa]: [(39.11216,81.59613),13.58887]
	19058.12505	   0.06002	[mu,kappa]: [(40.33487,87.75552),278.00000]
	19415.68080	   0.06114	[mu,kappa]: [(39.93734,87.92073),278.00000]
	16064.86717	   0.05059	[mu,kappa]: [(40.66157,87.51359),278.00000]
	18568.79669	   0.05847	[mu,kappa]: [(40.42132,87.71698),278.00000]
	14659.84657	   0.04617	[mu,kappa]: [(41.32891,86.93248),191.03268]
	17824.75175	   0.05613	[mu,kappa]: [(40.18298,87.80853),278.00000]
	18809.74163	   0.05923	[mu,kappa]: [(40.12790,87.83909),278.00000]
	17535.68892	   0.05522	[mu,kappa]: [(40.39654,87.71521),278.00000]
	19285.23674	   0.06073	[mu,kappa]: [(40.50054,87.68713),278.00000]
	14144.69798	   0.04454	[mu,kappa]: [(40.45805,87.05355),147.34189]
	17948.33227	   0.05652	[mu,kappa]: [(44.45645,83.80061),59.82006]
	17721.56319	   0.05581	[mu,kappa]: [(40.00834,87.87776),278.00000]
	19359.08734	   0.06096	[mu,kappa]: [(40.02182,87.88742),278.00000]
			msglen: 5268990.13682 bits.
Iteration #: 7
	17186.80730	   0.05412	[mu,kappa]: [(40.04411,87.86141),278.00000]
	20785.26245	   0.06545	[mu,kappa]: [(40.07563,87.86162),278.00000]
	18286.62447	   0.05759	[mu,kappa]: [(40.02990,87.87467),278.00000]
	14520.69495	   0.04573	[mu,kappa]: [(40.38388,86.31004),85.05007]
	15075.47656	   0.04747	[mu,kappa]: [(37.38294,81.94811),13.13633]
	19112.03349	   0.06018	[mu,kappa]: [(40.31147,87.76197),278.00000]
	19532.21101	   0.06151	[mu,kappa]: [(39.78275,87.97963),278.00000]
	16124.93413	   0.05078	[mu,kappa]: [(40.75692,87.52978),278.00000]
	18620.03436	   0.05864	[mu,kappa]: [(40.42610,87.71347),278.00000]
	14408.41114	   0.04537	[mu,kappa]: [(41.69989,86.81344),202.82935]
	17886.69637	   0.05633	[mu,kappa]: [(40.11150,87.83988),278.00000]
	18882.86935	   0.05946	[mu,kappa]: [(40.03719,87.87391),278.00000]
	17584.04164	   0.05537	[mu,kappa]: [(40.39507,87.72086),278.00000]
	19340.85155	   0.06091	[mu,kappa]: [(40.53015,87.67184),278.00000]
	13754.43877	   0.04331	[mu,kappa]: [(40.27843,87.09906),144.44914]
	19187.72859	   0.06042	[mu,kappa]: [(46.26595,83.11701),66.46154]
	17811.30253	   0.05609	[mu,kappa]: [(39.87943,87.93388),278.00000]
	19454.58134	   0.06126	[mu,kappa]: [(39.89530,87.93419),278.00000]
			msglen: 5265125.39277 bits.
Iteration #: 8
	17247.74639	   0.05431	[mu,kappa]: [(39.94555,87.90558),278.00000]
	20853.62527	   0.06567	[mu,kappa]: [(39.98548,87.89522),278.00000]
	18354.02963	   0.05780	[mu,kappa]: [(39.92572,87.91699),278.00000]
	14335.08759	   0.04514	[mu,kappa]: [(39.40325,86.60598),81.52025]
	13444.60536	   0.04234	[mu,kappa]: [(35.32301,82.32333),12.72023]
	19153.69942	   0.06032	[mu,kappa]: [(40.29667,87.76702),278.00000]
	19667.67573	   0.06193	[mu,kappa]: [(39.59653,88.05239),278.00000]
	16196.13049	   0.05100	[mu,kappa]: [(40.88386,87.50422),278.00000]
	18661.26453	   0.05877	[mu,kappa]: [(40.44708,87.70490),278.00000]
	14288.56625	   0.04500	[mu,kappa]: [(42.17235,86.67929),224.95282]
	17940.58785	   0.05650	[mu,kappa]: [(40.03386,87.87236),278.00000]
	18951.23097	   0.05968	[mu,kappa]: [(39.93508,87.91418),278.00000]
	17622.21652	   0.05549	[mu,kappa]: [(40.40720,87.71880),278.00000]
	19390.36877	   0.06106	[mu,kappa]: [(40.58276,87.64987),278.00000]
	13320.43806	   0.04195	[mu,kappa]: [(39.89866,87.22947),142.62967]
	20663.23293	   0.06507	[mu,kappa]: [(48.21710,82.45096),82.91072]
	17908.13565	   0.05639	[mu,kappa]: [(39.72624,87.99699),278.00000]
	19556.35860	   0.06158	[mu,kappa]: [(39.74642,87.99184),278.00000]
			msglen: 5258481.25469 bits.
Iteration #: 9
	17274.62404	   0.05440	[mu,kappa]: [(39.84780,87.94826),278.00000]
	20879.24465	   0.06575	[mu,kappa]: [(39.89909,87.93025),278.00000]
	18386.02224	   0.05790	[mu,kappa]: [(39.82146,87.96038),278.00000]
	14184.64761	   0.04467	[mu,kappa]: [(37.59965,87.25677),83.02966]
	11544.89293	   0.03636	[mu,kappa]: [(33.52810,82.35262),12.01132]
	19155.69548	   0.06032	[mu,kappa]: [(40.30246,87.76666),278.00000]
	19793.06783	   0.06233	[mu,kappa]: [(39.38888,88.13505),278.00000]
	16273.67460	   0.05125	[mu,kappa]: [(41.05314,87.45131),278.00000]
	18670.05092	   0.05879	[mu,kappa]: [(40.49573,87.68803),278.00000]
	14459.07227	   0.04553	[mu,kappa]: [(42.71107,86.55060),264.95452]
	17956.44137	   0.05655	[mu,kappa]: [(39.96249,87.90325),278.00000]
	18982.62582	   0.05978	[mu,kappa]: [(39.83355,87.95596),278.00000]
	17627.85546	   0.05551	[mu,kappa]: [(40.44494,87.70754),278.00000]
	19415.41599	   0.06114	[mu,kappa]: [(40.66896,87.61790),278.00000]
	12808.31521	   0.04033	[mu,kappa]: [(39.28129,87.46164),143.85782]
	22528.06088	   0.07094	[mu,kappa]: [(49.71357,81.97904),111.02434]
	17982.95756	   0.05663	[mu,kappa]: [(39.56019,88.06502),278.00000]
	19632.33514	   0.06182	[mu,kappa]: [(39.58633,88.05590),278.00000]
			msglen: 5249851.25356 bits.
Iteration #: 10
	17234.45455	   0.05427	[mu,kappa]: [(39.77733,87.98048),278.00000]
	20824.45849	   0.06558	[mu,kappa]: [(39.84192,87.95587),278.00000]
	18346.51267	   0.05777	[mu,kappa]: [(39.74377,87.99458),278.00000]
	14520.26000	   0.04573	[mu,kappa]: [(35.22242,88.18363),94.05503]
	9482.97729	   0.02986	[mu,kappa]: [(32.82165,81.44357),10.56658]
	19101.58801	   0.06015	[mu,kappa]: [(40.34827,87.75265),278.00000]
	19856.31633	   0.06253	[mu,kappa]: [(39.19124,88.21522),278.00000]
	16374.66349	   0.05156	[mu,kappa]: [(41.27056,87.37613),278.00000]
	18639.58043	   0.05870	[mu,kappa]: [(40.58815,87.65607),278.00000]
	15243.25765	   0.04800	[mu,kappa]: [(43.23030,86.45522),278.00000]
	17904.34121	   0.05638	[mu,kappa]: [(39.92217,87.92311),278.00000]
	18940.24977	   0.05964	[mu,kappa]: [(39.75905,87.98868),278.00000]
	17592.23124	   0.05540	[mu,kappa]: [(40.52543,87.68081),278.00000]
	19417.60317	   0.06115	[mu,kappa]: [(40.80152,87.57024),278.00000]
	12205.76473	   0.03844	[mu,kappa]: [(38.51862,87.76660),150.78896]
	24242.69051	   0.07634	[mu,kappa]: [(50.38564,81.77321),137.11578]
	17992.27011	   0.05666	[mu,kappa]: [(39.41111,88.12711),278.00000]
	19635.78035	   0.06183	[mu,kappa]: [(39.44435,88.11449),278.00000]
			msglen: 5241873.56128 bits.
Iteration #: 11
	17143.65778	   0.05399	[mu,kappa]: [(39.75921,87.99177),278.00000]
	20713.22547	   0.06523	[mu,kappa]: [(39.83745,87.96108),278.00000]
	18251.06234	   0.05747	[mu,kappa]: [(39.71835,88.00840),278.00000]
	15726.30781	   0.04952	[mu,kappa]: [(32.94477,89.14451),118.88424]
	7522.10435	   0.02369	[mu,kappa]: [(33.49950,79.39719),8.72671]
	19040.49837	   0.05996	[mu,kappa]: [(40.44649,87.71722),278.00000]
	19838.82729	   0.06247	[mu,kappa]: [(39.04132,88.27831),278.00000]
	16569.36905	   0.05218	[mu,kappa]: [(41.52821,87.28056),278.00000]
	18628.38178	   0.05866	[mu,kappa]: [(40.73136,87.60291),278.00000]
	16482.49166	   0.05190	[mu,kappa]: [(43.68998,86.34598),278.00000]
	17809.22481	   0.05608	[mu,kappa]: [(39.93471,87.92191),278.00000]
	18841.06611	   0.05933	[mu,kappa]: [(39.73689,88.00110),278.00000]
	17568.10472	   0.05532	[mu,kappa]: [(40.65718,87.63245),278.00000]
	19466.40716	   0.06130	[mu,kappa]: [(40.98265,87.50208),278.00000]
	11515.94803	   0.03626	[mu,kappa]: [(37.80914,88.08074),166.57578]
	24941.60951	   0.07854	[mu,kappa]: [(50.57473,81.69110),151.16010]
	17932.16446	   0.05647	[mu,kappa]: [(39.31196,88.17036),278.00000]
	19564.54930	   0.06161	[mu,kappa]: [(39.35266,88.15443),278.00000]
			msglen: 5234242.26653 bits.
Iteration #: 12
	17023.99055	   0.05361	[mu,kappa]: [(39.77898,87.98736),278.00000]
	20572.21169	   0.06478	[mu,kappa]: [(39.86942,87.95120),278.00000]
	18122.56723	   0.05707	[mu,kappa]: [(39.73162,88.00658),278.00000]
	17411.82485	   0.05483	[mu,kappa]: [(31.38541,89.89117),156.47634]
	6019.45818	   0.01896	[mu,kappa]: [(34.82702,76.85011),7.24487]
	18991.64991	   0.05981	[mu,kappa]: [(40.56880,87.66922),278.00000]
	19750.18850	   0.06219	[mu,kappa]: [(38.94297,88.32364),278.00000]
	16839.78956	   0.05303	[mu,kappa]: [(41.78303,87.17856),278.00000]
	18648.40788	   0.05872	[mu,kappa]: [(40.89237,87.53867),278.00000]
	17877.08002	   0.05630	[mu,kappa]: [(44.06148,86.23171),278.00000]
	17694.10771	   0.05572	[mu,kappa]: [(39.98177,87.90580),278.00000]
	18708.84442	   0.05892	[mu,kappa]: [(39.75309,87.99798),278.00000]
	17568.66999	   0.05532	[mu,kappa]: [(40.80837,87.57244),278.00000]
	19565.77470	   0.06161	[mu,kappa]: [(41.17561,87.42445),278.00000]
	10758.09672	   0.03388	[mu,kappa]: [(37.31808,88.35965),196.69723]
	24745.82019	   0.07793	[mu,kappa]: [(50.64613,81.60389),155.47300]
	17819.01911	   0.05611	[mu,kappa]: [(39.25919,88.19656),278.00000]
	19437.49879	   0.06121	[mu,kappa]: [(39.30662,88.17763),278.00000]
			msglen: 5228286.11259 bits.
Iteration #: 13
	16922.78397	   0.05329	[mu,kappa]: [(39.80210,87.97879),278.00000]
	20454.46472	   0.06441	[mu,kappa]: [(39.90236,87.93802),278.00000]
	18013.23076	   0.05672	[mu,kappa]: [(39.74954,88.00029),278.00000]
	18645.00247	   0.05871	[mu,kappa]: [(30.60847,90.33421),193.59053]
	5177.85705	   0.01631	[mu,kappa]: [(35.34135,74.91045),6.43649]
	18966.93603	   0.05973	[mu,kappa]: [(40.67496,87.62294),278.00000]
	19667.57205	   0.06193	[mu,kappa]: [(38.87326,88.35728),278.00000]
	17121.42510	   0.05392	[mu,kappa]: [(41.99504,87.08576),278.00000]
	18691.03050	   0.05886	[mu,kappa]: [(41.02992,87.47832),278.00000]
	19196.62490	   0.06045	[mu,kappa]: [(44.33966,86.12834),278.00000]
	17599.86015	   0.05542	[mu,kappa]: [(40.02686,87.88718),278.00000]
	18596.63599	   0.05856	[mu,kappa]: [(39.77335,87.99060),278.00000]
	17590.91969	   0.05539	[mu,kappa]: [(40.93797,87.51571),278.00000]
	19686.64739	   0.06199	[mu,kappa]: [(41.33892,87.35259),278.00000]
	10168.57953	   0.03202	[mu,kappa]: [(37.05009,88.61364),246.92001]
	24012.95792	   0.07562	[mu,kappa]: [(50.76422,81.46483),153.81885]
	17717.94025	   0.05579	[mu,kappa]: [(39.22477,88.21414),278.00000]
	19324.53154	   0.06085	[mu,kappa]: [(39.27747,88.19273),278.00000]
			msglen: 5224924.93719 bits.
Iteration #: 14
	16853.06456	   0.05307	[mu,kappa]: [(39.80963,87.97252),278.00000]
	20372.32384	   0.06415	[mu,kappa]: [(39.91799,87.92795),278.00000]
	17938.48565	   0.05649	[mu,kappa]: [(39.75282,87.99595),278.00000]
	19081.17334	   0.06009	[mu,kappa]: [(30.27200,90.56155),220.09873]
	4800.24067	   0.01512	[mu,kappa]: [(34.68746,73.94368),6.11569]
	18953.60372	   0.05969	[mu,kappa]: [(40.75234,87.58449),278.00000]
	19634.40161	   0.06183	[mu,kappa]: [(38.80788,88.38494),278.00000]
	17370.78712	   0.05470	[mu,kappa]: [(42.16360,87.00608),278.00000]
	18733.29256	   0.05899	[mu,kappa]: [(41.13432,87.42752),278.00000]
	20369.35409	   0.06414	[mu,kappa]: [(44.55527,86.03545),278.00000]
	17533.44581	   0.05521	[mu,kappa]: [(40.05257,87.87249),278.00000]
	18519.64158	   0.05832	[mu,kappa]: [(39.77856,87.98536),278.00000]
	17615.72817	   0.05547	[mu,kappa]: [(41.03551,87.46807),278.00000]
	19795.87037	   0.06234	[mu,kappa]: [(41.46560,87.29163),278.00000]
	10055.08567	   0.03166	[mu,kappa]: [(36.89869,88.87166),278.00000]
	23012.64285	   0.07247	[mu,kappa]: [(50.96026,81.27973),149.35899]
	17658.98929	   0.05561	[mu,kappa]: [(39.18626,88.22923),278.00000]
	19256.86909	   0.06064	[mu,kappa]: [(39.24308,88.20587),278.00000]
			msglen: 5223329.36901 bits.
Iteration #: 15
	16815.17362	   0.05295	[mu,kappa]: [(39.80030,87.97135),278.00000]
	20325.42542	   0.06401	[mu,kappa]: [(39.91574,87.92359),278.00000]
	17899.07703	   0.05637	[mu,kappa]: [(39.73980,87.99642),278.00000]
	18964.67125	   0.05972	[mu,kappa]: [(30.11863,90.67872),236.47690]
	4617.75408	   0.01454	[mu,kappa]: [(33.54119,73.57127),6.01835]
	18947.89675	   0.05967	[mu,kappa]: [(40.80568,87.55523),278.00000]
	19660.88570	   0.06191	[mu,kappa]: [(38.73807,88.41075),278.00000]
	17587.60846	   0.05538	[mu,kappa]: [(42.30198,86.93835),278.00000]
	18771.23967	   0.05911	[mu,kappa]: [(41.21263,87.38701),278.00000]
	21434.81087	   0.06750	[mu,kappa]: [(44.73706,85.94929),278.00000]
	17493.80226	   0.05509	[mu,kappa]: [(40.05921,87.86418),278.00000]
	18478.44994	   0.05819	[mu,kappa]: [(39.76720,87.98508),278.00000]
	17639.35945	   0.05555	[mu,kappa]: [(41.10745,87.43045),278.00000]
	19889.77381	   0.06263	[mu,kappa]: [(41.56469,87.24171),278.00000]
	10246.56512	   0.03227	[mu,kappa]: [(36.78622,89.06534),278.00000]
	21895.28857	   0.06895	[mu,kappa]: [(51.21603,81.06741),144.25156]
	17647.48276	   0.05557	[mu,kappa]: [(39.13793,88.24546),278.00000]
	19239.73523	   0.06059	[mu,kappa]: [(39.19814,88.22057),278.00000]
			msglen: 5222571.35073 bits.
Iteration #: 16
	16803.67105	   0.05292	[mu,kappa]: [(39.77896,87.97611),278.00000]
	20307.71178	   0.06395	[mu,kappa]: [(39.90082,87.92556),278.00000]
	17888.98748	   0.05633	[mu,kappa]: [(39.71514,88.00259),278.00000]
	18592.83746	   0.05855	[mu,kappa]: [(30.02607,90.74534),245.94710]
	4495.06787	   0.01416	[mu,kappa]: [(32.32977,73.42609),6.00113]
	18948.98899	   0.05967	[mu,kappa]: [(40.84254,87.53448),278.00000]
	19737.82162	   0.06216	[mu,kappa]: [(38.66487,88.43741),278.00000]
	17782.96331	   0.05600	[mu,kappa]: [(42.42154,86.87980),278.00000]
	18806.88328	   0.05922	[mu,kappa]: [(41.27343,87.35552),278.00000]
	22448.75058	   0.07069	[mu,kappa]: [(44.90256,85.86624),278.00000]
	17476.31299	   0.05503	[mu,kappa]: [(40.05239,87.86264),278.00000]
	18466.95363	   0.05815	[mu,kappa]: [(39.74404,87.99060),278.00000]
	17662.97851	   0.05562	[mu,kappa]: [(41.16210,87.40174),278.00000]
	19973.45243	   0.06290	[mu,kappa]: [(41.64564,87.20105),278.00000]
	10462.62992	   0.03295	[mu,kappa]: [(36.68717,89.17468),278.00000]
	20758.31107	   0.06537	[mu,kappa]: [(51.50821,80.84063),139.45202]
	17675.75898	   0.05566	[mu,kappa]: [(39.08243,88.26474),278.00000]
	19264.91906	   0.06067	[mu,kappa]: [(39.14552,88.23864),278.00000]
			msglen: 5221942.09551 bits.
Iteration #: 17
	16799.56835	   0.05290	[mu,kappa]: [(39.75248,87.98437),278.00000]
	20297.48258	   0.06392	[mu,kappa]: [(39.88024,87.93133),278.00000]
	17887.43275	   0.05633	[mu,kappa]: [(39.68562,88.01213),278.00000]
	18156.30381	   0.05718	[mu,kappa]: [(29.94336,90.78892),251.18057]
	4384.02895	   0.01381	[mu,kappa]: [(31.18457,73.33141),6.00617]
	18945.95042	   0.05966	[mu,kappa]: [(40.87077,87.51900),278.00000]
	19833.16799	   0.06246	[mu,kappa]: [(38.59244,88.46428),278.00000]
	17961.24225	   0.05656	[mu,kappa]: [(42.53042,86.82678),278.00000]
	18833.64458	   0.05931	[mu,kappa]: [(41.32472,87.32962),278.00000]
	23446.87954	   0.07384	[mu,kappa]: [(45.05998,85.78389),278.00000]
	17463.65837	   0.05499	[mu,kappa]: [(40.03934,87.86521),278.00000]
	18463.96232	   0.05814	[mu,kappa]: [(39.71589,87.99956),278.00000]
	17679.37322	   0.05567	[mu,kappa]: [(41.20745,87.37855),278.00000]
	20043.80761	   0.06312	[mu,kappa]: [(41.71654,87.16611),278.00000]
	10682.11959	   0.03364	[mu,kappa]: [(36.59865,89.24135),278.00000]
	19653.45348	   0.06189	[mu,kappa]: [(51.81980,80.60675),135.19501]
	17718.05457	   0.05580	[mu,kappa]: [(39.02521,88.28564),278.00000]
	19304.86963	   0.06079	[mu,kappa]: [(39.09083,88.25852),278.00000]
			msglen: 5221369.59713 bits.
Iteration #: 18
	16798.25678	   0.05290	[mu,kappa]: [(39.72370,87.99464),278.00000]
	20289.74216	   0.06389	[mu,kappa]: [(39.85688,87.93933),278.00000]
	17889.23720	   0.05633	[mu,kappa]: [(39.65405,88.02354),278.00000]
	17707.42167	   0.05576	[mu,kappa]: [(29.85659,90.82001),253.76163]
	4269.96092	   0.01345	[mu,kappa]: [(30.12927,73.21621),6.01112]
	18937.61044	   0.05964	[mu,kappa]: [(40.89292,87.50722),278.00000]
	19936.33646	   0.06278	[mu,kappa]: [(38.52271,88.49060),278.00000]
	18123.53020	   0.05707	[mu,kappa]: [(42.63011,86.77812),278.00000]
	18851.43153	   0.05936	[mu,kappa]: [(41.36876,87.30784),278.00000]
	24431.11924	   0.07693	[mu,kappa]: [(45.21048,85.70204),278.00000]
	17452.13572	   0.05496	[mu,kappa]: [(40.02292,87.87030),278.00000]
	18464.25931	   0.05815	[mu,kappa]: [(39.68558,88.01046),278.00000]
	17688.22988	   0.05570	[mu,kappa]: [(41.24583,87.35939),278.00000]
	20101.41952	   0.06330	[mu,kappa]: [(41.77937,87.13551),278.00000]
	10897.92722	   0.03432	[mu,kappa]: [(36.51909,89.28574),278.00000]
	18598.45138	   0.05857	[mu,kappa]: [(52.14142,80.36986),131.45777]
	17766.56247	   0.05595	[mu,kappa]: [(38.96871,88.30703),278.00000]
	19351.36791	   0.06094	[mu,kappa]: [(39.03657,88.27903),278.00000]
			msglen: 5220841.09672 bits.
Iteration #: 19
	16798.90596	   0.05290	[mu,kappa]: [(39.69424,88.00592),278.00000]
	20283.85993	   0.06387	[mu,kappa]: [(39.83234,87.94859),278.00000]
	17893.33825	   0.05635	[mu,kappa]: [(39.62208,88.03584),278.00000]
	17259.27098	   0.05435	[mu,kappa]: [(29.76213,90.84363),254.62209]
	4151.82269	   0.01308	[mu,kappa]: [(29.15362,73.06054),6.01032]
	18925.17431	   0.05960	[mu,kappa]: [(40.91004,87.49837),278.00000]
	20042.72578	   0.06312	[mu,kappa]: [(38.45677,88.51578),278.00000]
	18269.15327	   0.05753	[mu,kappa]: [(42.72026,86.73375),278.00000]
	18861.54992	   0.05940	[mu,kappa]: [(41.40619,87.28961),278.00000]
	25390.96017	   0.07996	[mu,kappa]: [(45.35359,85.62119),278.00000]
	17441.57561	   0.05492	[mu,kappa]: [(40.00467,87.87692),278.00000]
	18466.83168	   0.05815	[mu,kappa]: [(39.65474,88.02230),278.00000]
	17690.79315	   0.05571	[mu,kappa]: [(41.27798,87.34363),278.00000]
	20147.34911	   0.06345	[mu,kappa]: [(41.83440,87.10884),278.00000]
	11107.04670	   0.03498	[mu,kappa]: [(36.44711,89.31805),278.00000]
	17604.84729	   0.05544	[mu,kappa]: [(52.46724,80.13332),128.18794]
	17818.36016	   0.05611	[mu,kappa]: [(38.91439,88.32805),278.00000]
	19401.43502	   0.06110	[mu,kappa]: [(38.98425,88.29931),278.00000]
			msglen: 5220356.76212 bits.
Iteration #: 20
	16801.60381	   0.05291	[mu,kappa]: [(39.66529,88.01747),278.00000]
	20280.25522	   0.06386	[mu,kappa]: [(39.80778,87.95836),278.00000]
	17899.68001	   0.05637	[mu,kappa]: [(39.59089,88.04829),278.00000]
	16815.68593	   0.05295	[mu,kappa]: [(29.65969,90.86247),254.35264]
	4032.47192	   0.01270	[mu,kappa]: [(28.24822,72.86306),6.00375]
	18910.46672	   0.05955	[mu,kappa]: [(40.92282,87.49198),278.00000]
	20149.54258	   0.06345	[mu,kappa]: [(38.39527,88.53937),278.00000]
	18397.11055	   0.05793	[mu,kappa]: [(42.80016,86.69400),278.00000]
	18865.74416	   0.05941	[mu,kappa]: [(41.43733,87.27465),278.00000]
	26312.06180	   0.08286	[mu,kappa]: [(45.48865,85.54199),278.00000]
	17432.65230	   0.05490	[mu,kappa]: [(39.98575,87.88438),278.00000]
	18471.69197	   0.05817	[mu,kappa]: [(39.62456,88.03435),278.00000]
	17688.76598	   0.05570	[mu,kappa]: [(41.30434,87.33094),278.00000]
	20182.91771	   0.06356	[mu,kappa]: [(41.88161,87.08605),278.00000]
	11308.12406	   0.03561	[mu,kappa]: [(36.38116,89.34362),278.00000]
	16680.85596	   0.05253	[mu,kappa]: [(52.79246,79.90049),125.34611]
	17871.86230	   0.05628	[mu,kappa]: [(38.86323,88.34810),278.00000]
	19453.50702	   0.06126	[mu,kappa]: [(38.93486,88.31871),278.00000]
			msglen: 5219919.57111 bits.
Iteration #: 21
	16806.49429	   0.05292	[mu,kappa]: [(39.63782,88.02872),278.00000]
	20279.38804	   0.06386	[mu,kappa]: [(39.78420,87.96808),278.00000]
	17908.28139	   0.05639	[mu,kappa]: [(39.56143,88.06032),278.00000]
	16379.22590	   0.05158	[mu,kappa]: [(29.55027,90.87811),253.35052]
	3915.30487	   0.01233	[mu,kappa]: [(27.41000,72.62868),5.99266]
	18895.37985	   0.05950	[mu,kappa]: [(40.93194,87.48768),278.00000]
	20254.61803	   0.06378	[mu,kappa]: [(38.33853,88.56110),278.00000]
	18506.83395	   0.05828	[mu,kappa]: [(42.86931,86.65923),278.00000]
	18865.93533	   0.05941	[mu,kappa]: [(41.46253,87.26277),278.00000]
	27180.18641	   0.08559	[mu,kappa]: [(45.61518,85.46506),278.00000]
	17426.05538	   0.05488	[mu,kappa]: [(39.96713,87.89209),278.00000]
	18478.92266	   0.05819	[mu,kappa]: [(39.59600,88.04603),278.00000]
	17683.98770	   0.05569	[mu,kappa]: [(41.32534,87.32108),278.00000]
	20209.75102	   0.06364	[mu,kappa]: [(41.92104,87.06711),278.00000]
	11500.74999	   0.03622	[mu,kappa]: [(36.31961,89.36535),278.00000]
	15831.75209	   0.04986	[mu,kappa]: [(53.11247,79.67477),122.90325]
	17925.80127	   0.05645	[mu,kappa]: [(38.81589,88.36672),278.00000]
	19506.33182	   0.06143	[mu,kappa]: [(38.88913,88.33678),278.00000]
			msglen: 5219531.89121 bits.
Iteration #: 22
	16813.53809	   0.05295	[mu,kappa]: [(39.61260,88.03923),278.00000]
	20281.46702	   0.06387	[mu,kappa]: [(39.76238,87.97728),278.00000]
	17918.98284	   0.05643	[mu,kappa]: [(39.53444,88.07150),278.00000]
	15952.74170	   0.05024	[mu,kappa]: [(29.43543,90.89148),251.89081]
	3803.15599	   0.01198	[mu,kappa]: [(26.63993,72.36447),5.97827]
	18881.63577	   0.05946	[mu,kappa]: [(40.93814,87.48506),278.00000]
	20356.12676	   0.06410	[mu,kappa]: [(38.28656,88.58085),278.00000]
	18598.50512	   0.05857	[mu,kappa]: [(42.92752,86.62967),278.00000]
	18864.06772	   0.05940	[mu,kappa]: [(41.48234,87.25372),278.00000]
	27983.16780	   0.08812	[mu,kappa]: [(45.73300,85.39093),278.00000]
	17422.23614	   0.05486	[mu,kappa]: [(39.94963,87.89959),278.00000]
	18488.41397	   0.05822	[mu,kappa]: [(39.56981,88.05690),278.00000]
	17678.26487	   0.05567	[mu,kappa]: [(41.34159,87.31376),278.00000]
	20229.74112	   0.06370	[mu,kappa]: [(41.95301,87.05193),278.00000]
	11685.20203	   0.03680	[mu,kappa]: [(36.26083,89.38503),278.00000]
	15060.06181	   0.04743	[mu,kappa]: [(53.42283,79.45930),120.83093]
	17978.98538	   0.05662	[mu,kappa]: [(38.77275,88.38366),278.00000]
	19558.70587	   0.06159	[mu,kappa]: [(38.84747,88.35321),278.00000]
			msglen: 5219194.14756 bits.
Iteration #: 23
	16822.48936	   0.05298	[mu,kappa]: [(39.59020,88.04867),278.00000]
	20286.41089	   0.06388	[mu,kappa]: [(39.74297,87.98561),278.00000]
	17931.42576	   0.05647	[mu,kappa]: [(39.51048,88.08150),278.00000]
	15539.25008	   0.04893	[mu,kappa]: [(29.31696,90.90314),250.16466]
	3697.98489	   0.01165	[mu,kappa]: [(25.93970,72.07827),5.96143]
	18870.66474	   0.05942	[mu,kappa]: [(40.94216,87.48375),278.00000]
	20452.55843	   0.06441	[mu,kappa]: [(38.23917,88.59866),278.00000]
	18673.11082	   0.05880	[mu,kappa]: [(42.97495,86.60545),278.00000]
	18861.97791	   0.05940	[mu,kappa]: [(41.49741,87.24719),278.00000]
	28711.89812	   0.09041	[mu,kappa]: [(45.84221,85.32003),278.00000]
	17421.36187	   0.05486	[mu,kappa]: [(39.93396,87.90649),278.00000]
	18499.84071	   0.05826	[mu,kappa]: [(39.54655,88.06665),278.00000]
	17673.24752	   0.05565	[mu,kappa]: [(41.35376,87.30864),278.00000]
	20244.93353	   0.06375	[mu,kappa]: [(41.97802,87.04032),278.00000]
	11862.28787	   0.03736	[mu,kappa]: [(36.20324,89.40381),278.00000]
	14365.79492	   0.04524	[mu,kappa]: [(53.71956,79.25674),119.09527]
	18030.29337	   0.05678	[mu,kappa]: [(38.73396,88.39877),278.00000]
	19609.46920	   0.06175	[mu,kappa]: [(38.81009,88.36787),278.00000]
			msglen: 5218904.54412 bits.
Iteration #: 24
	16832.94957	   0.05301	[mu,kappa]: [(39.57101,88.05681),278.00000]
	20293.90593	   0.06391	[mu,kappa]: [(39.72641,87.99281),278.00000]
	17945.11262	   0.05651	[mu,kappa]: [(39.48991,88.09013),278.00000]
	15141.49999	   0.04768	[mu,kappa]: [(29.19670,90.91339),248.30227]
	3600.88608	   0.01134	[mu,kappa]: [(25.30959,71.77795),5.94275]
	18863.54877	   0.05940	[mu,kappa]: [(40.94475,87.48336),278.00000]
	20542.73771	   0.06469	[mu,kappa]: [(38.19600,88.61465),278.00000]
	18732.33198	   0.05899	[mu,kappa]: [(43.01208,86.58646),278.00000]
	18861.28397	   0.05940	[mu,kappa]: [(41.50850,87.24281),278.00000]
	29360.68046	   0.09246	[mu,kappa]: [(45.94308,85.25267),278.00000]
	17423.35426	   0.05487	[mu,kappa]: [(39.92063,87.91252),278.00000]
	18512.72313	   0.05830	[mu,kappa]: [(39.52661,88.07506),278.00000]
	17670.33706	   0.05564	[mu,kappa]: [(41.36263,87.30535),278.00000]
	20257.37745	   0.06379	[mu,kappa]: [(41.99679,87.03197),278.00000]
	12033.20962	   0.03789	[mu,kappa]: [(36.14543,89.42250),278.00000]
	13746.76775	   0.04329	[mu,kappa]: [(53.99939,79.06898),117.65633]
	18078.72717	   0.05693	[mu,kappa]: [(38.69947,88.41205),278.00000]
	19657.56649	   0.06190	[mu,kappa]: [(38.77698,88.38070),278.00000]
			msglen: 5218659.38958 bits.
Iteration #: 25
	16844.44280	   0.05304	[mu,kappa]: [(39.55527,88.06352),278.00000]
	20303.49458	   0.06394	[mu,kappa]: [(39.71300,87.99872),278.00000]
	17959.48716	   0.05656	[mu,kappa]: [(39.47291,88.09727),278.00000]
	14761.61310	   0.04649	[mu,kappa]: [(29.07637,90.92237),246.38854]
	3512.24422	   0.01106	[mu,kappa]: [(24.74771,71.47081),5.92265]
	18861.01315	   0.05939	[mu,kappa]: [(40.94658,87.48353),278.00000]
	20625.83222	   0.06495	[mu,kappa]: [(38.15660,88.62901),278.00000]
	18778.33551	   0.05913	[mu,kappa]: [(43.03963,86.57247),278.00000]
	18863.30603	   0.05940	[mu,kappa]: [(41.51636,87.24019),278.00000]
	29927.11734	   0.09424	[mu,kappa]: [(46.03608,85.18906),278.00000]
	17427.96016	   0.05488	[mu,kappa]: [(39.90999,87.91747),278.00000]
	18526.50974	   0.05834	[mu,kappa]: [(39.51018,88.08200),278.00000]
	17670.62946	   0.05565	[mu,kappa]: [(41.36894,87.30349),278.00000]
	20268.97640	   0.06383	[mu,kappa]: [(42.01012,87.02647),278.00000]
	12199.43964	   0.03842	[mu,kappa]: [(36.08617,89.44172),278.00000]
	13199.02845	   0.04156	[mu,kappa]: [(54.25999,78.89714),116.47094]
	18123.46235	   0.05707	[mu,kappa]: [(38.66911,88.42357),278.00000]
	19702.10767	   0.06204	[mu,kappa]: [(38.74799,88.39178),278.00000]
			msglen: 5218453.70252 bits.
Iteration #: 26
	16856.48670	   0.05308	[mu,kappa]: [(39.54304,88.06875),278.00000]
	20314.66406	   0.06397	[mu,kappa]: [(39.70286,88.00326),278.00000]
	17974.00803	   0.05660	[mu,kappa]: [(39.45953,88.10287),278.00000]
	14400.87882	   0.04535	[mu,kappa]: [(28.95743,90.93014),244.47453]
	3431.93239	   0.01081	[mu,kappa]: [(24.25033,71.16311),5.90145]
	18863.45430	   0.05940	[mu,kappa]: [(40.94821,87.48394),278.00000]
	20701.33639	   0.06519	[mu,kappa]: [(38.12049,88.64195),278.00000]
	18813.53134	   0.05924	[mu,kappa]: [(43.05847,86.56308),278.00000]
	18869.02618	   0.05942	[mu,kappa]: [(41.52175,87.23893),278.00000]
	30411.68287	   0.09577	[mu,kappa]: [(46.12176,85.12929),278.00000]
	17434.82814	   0.05490	[mu,kappa]: [(39.90225,87.92121),278.00000]
	18540.65434	   0.05839	[mu,kappa]: [(39.49733,88.08743),278.00000]
	17674.89602	   0.05566	[mu,kappa]: [(41.37337,87.30269),278.00000]
	20281.36884	   0.06387	[mu,kappa]: [(42.01886,87.02341),278.00000]
	12362.61204	   0.03893	[mu,kappa]: [(36.02445,89.46193),278.00000]
	12717.35484	   0.04005	[mu,kappa]: [(54.49996,78.74156),115.49646]
	18163.87794	   0.05720	[mu,kappa]: [(38.64260,88.43344),278.00000]
	19742.40679	   0.06217	[mu,kappa]: [(38.72290,88.40119),278.00000]
			msglen: 5218281.85601 bits.
Iteration #: 27
	16868.64725	   0.05312	[mu,kappa]: [(39.53427,88.07251),278.00000]
	20326.91871	   0.06401	[mu,kappa]: [(39.69599,88.00641),278.00000]
	17988.20361	   0.05665	[mu,kappa]: [(39.44969,88.10697),278.00000]
	14059.69402	   0.04428	[mu,kappa]: [(28.84102,90.93670),242.58652]
	3359.49170	   0.01058	[mu,kappa]: [(23.81246,70.85984),5.87938]
	18870.99120	   0.05943	[mu,kappa]: [(40.95008,87.48434),278.00000]
	20769.03493	   0.06540	[mu,kappa]: [(38.08718,88.65371),278.00000]
	18840.34602	   0.05933	[mu,kappa]: [(43.06960,86.55784),278.00000]
	18879.08724	   0.05945	[mu,kappa]: [(41.52531,87.23866),278.00000]
	30817.12869	   0.09704	[mu,kappa]: [(46.20074,85.07335),278.00000]
	17443.57543	   0.05493	[mu,kappa]: [(39.89748,87.92370),278.00000]
	18554.67422	   0.05843	[mu,kappa]: [(39.48798,88.09138),278.00000]
	17683.59758	   0.05569	[mu,kappa]: [(41.37655,87.30260),278.00000]
	20295.85517	   0.06391	[mu,kappa]: [(42.02382,87.02233),278.00000]
	12524.43363	   0.03944	[mu,kappa]: [(35.95947,89.48347),278.00000]
	12295.76190	   0.03872	[mu,kappa]: [(54.71879,78.60199),114.69372]
	18199.56317	   0.05731	[mu,kappa]: [(38.61962,88.44181),278.00000]
	19777.99552	   0.06228	[mu,kappa]: [(38.70140,88.40908),278.00000]
			msglen: 5218138.12250 bits.
Iteration #: 28
	16880.57342	   0.05316	[mu,kappa]: [(39.52883,88.07485),278.00000]
	20339.82973	   0.06405	[mu,kappa]: [(39.69230,88.00821),278.00000]
	18001.70508	   0.05669	[mu,kappa]: [(39.44324,88.10964),278.00000]
	13737.61307	   0.04326	[mu,kappa]: [(28.72793,90.94203),240.73321]
	3294.26851	   0.01038	[mu,kappa]: [(23.42851,70.56463),5.85661]
	18883.52729	   0.05947	[mu,kappa]: [(40.95252,87.48454),278.00000]
	20828.95411	   0.06559	[mu,kappa]: [(38.05622,88.66450),278.00000]
	18861.04465	   0.05939	[mu,kappa]: [(43.07400,86.55621),278.00000]
	18893.82225	   0.05950	[mu,kappa]: [(41.52761,87.23906),278.00000]
	31147.85209	   0.09809	[mu,kappa]: [(46.27365,85.02115),278.00000]
	17453.83814	   0.05496	[mu,kappa]: [(39.89563,87.92493),278.00000]
	18568.18612	   0.05847	[mu,kappa]: [(39.48199,88.09389),278.00000]
	17696.92274	   0.05573	[mu,kappa]: [(41.37896,87.30293),278.00000]
	20313.37294	   0.06397	[mu,kappa]: [(42.02575,87.02281),278.00000]
	12686.61482	   0.03995	[mu,kappa]: [(35.89066,89.50656),278.00000]
	11927.95420	   0.03756	[mu,kappa]: [(54.91672,78.47768),114.02866]
	18230.30554	   0.05741	[mu,kappa]: [(38.59983,88.44886),278.00000]
	19808.61528	   0.06238	[mu,kappa]: [(38.68318,88.41560),278.00000]
			msglen: 5218017.06653 bits.
Iteration #: 29
	16892.01285	   0.05319	[mu,kappa]: [(39.52652,88.07587),278.00000]
	20353.06215	   0.06409	[mu,kappa]: [(39.69162,88.00872),278.00000]
	18014.25929	   0.05673	[mu,kappa]: [(39.43996,88.11096),278.00000]
	13433.46958	   0.04230	[mu,kappa]: [(28.61857,90.94610),238.91147]
	3235.50966	   0.01019	[mu,kappa]: [(23.09273,70.27978),5.83325]
	18900.81169	   0.05952	[mu,kappa]: [(40.95573,87.48439),278.00000]
	20881.30859	   0.06576	[mu,kappa]: [(38.02722,88.67449),278.00000]
	18877.61316	   0.05945	[mu,kappa]: [(43.07265,86.55766),278.00000]
	18913.30271	   0.05956	[mu,kappa]: [(41.52909,87.23986),278.00000]
	31409.31465	   0.09891	[mu,kappa]: [(46.34113,84.97252),278.00000]
	17465.30256	   0.05500	[mu,kappa]: [(39.89659,87.92496),278.00000]
	18580.92133	   0.05851	[mu,kappa]: [(39.47916,88.09508),278.00000]
	17714.83870	   0.05579	[mu,kappa]: [(41.38098,87.30346),278.00000]
	20334.51165	   0.06403	[mu,kappa]: [(42.02532,87.02447),278.00000]
	12850.81836	   0.04047	[mu,kappa]: [(35.81766,89.53135),278.00000]
	11607.68252	   0.03655	[mu,kappa]: [(55.09457,78.36756),113.47281]
	18256.06614	   0.05749	[mu,kappa]: [(38.58290,88.45473),278.00000]
	19834.19442	   0.06246	[mu,kappa]: [(38.66791,88.42091),278.00000]
			msglen: 5217913.78700 bits.
Iteration #: 30
	16902.81240	   0.05323	[mu,kappa]: [(39.52710,88.07567),278.00000]
	20366.38269	   0.06413	[mu,kappa]: [(39.69374,88.00805),278.00000]
	18025.72615	   0.05676	[mu,kappa]: [(39.43961,88.11107),278.00000]
	13145.53558	   0.04140	[mu,kappa]: [(28.51302,90.94887),237.11066]
	3182.42548	   0.01002	[mu,kappa]: [(22.79948,70.00643),5.80933]
	18922.49280	   0.05959	[mu,kappa]: [(40.95980,87.48382),278.00000]
	20926.44970	   0.06590	[mu,kappa]: [(37.99985,88.68386),278.00000]
	18891.69831	   0.05949	[mu,kappa]: [(43.06649,86.56164),278.00000]
	18937.39455	   0.05963	[mu,kappa]: [(41.53008,87.24086),278.00000]
	31607.55703	   0.09953	[mu,kappa]: [(46.40381,84.92725),278.00000]
	17477.71989	   0.05504	[mu,kappa]: [(39.90014,87.92387),278.00000]
	18592.72449	   0.05855	[mu,kappa]: [(39.47924,88.09504),278.00000]
	17737.14499	   0.05586	[mu,kappa]: [(41.38289,87.30401),278.00000]
	20359.55400	   0.06411	[mu,kappa]: [(42.02309,87.02700),278.00000]
	13018.62242	   0.04100	[mu,kappa]: [(35.74029,89.55789),278.00000]
	11328.99378	   0.03568	[mu,kappa]: [(55.25356,78.27038),113.00299]
	18276.94864	   0.05756	[mu,kappa]: [(38.56854,88.45958),278.00000]
	19854.81711	   0.06252	[mu,kappa]: [(38.65530,88.42516),278.00000]
			msglen: 5217824.03561 bits.
			N: 317555
		16.43125 bpr
Null model msglen: 7488920.11043 bits.	(23.58306 bpr)
