Iteration #: 0
	12706.00000	   0.04001	[mu,kappa]: [(40.40340,87.14540),124.82762]
	12617.00000	   0.03973	[mu,kappa]: [(40.49482,87.10196),114.75822]
	12765.00000	   0.04020	[mu,kappa]: [(40.41562,87.12557),115.89799]
	12802.00000	   0.04031	[mu,kappa]: [(40.62505,87.08082),115.26058]
	12734.00000	   0.04010	[mu,kappa]: [(40.42187,87.09438),120.26883]
	12814.00000	   0.04035	[mu,kappa]: [(40.51040,86.95483),119.22099]
	12612.00000	   0.03972	[mu,kappa]: [(40.50884,87.08948),123.63485]
	12574.00000	   0.03960	[mu,kappa]: [(40.42822,87.14501),114.43453]
	12722.00000	   0.04006	[mu,kappa]: [(40.44827,87.11144),112.21783]
	12565.00000	   0.03957	[mu,kappa]: [(40.53617,87.07353),109.61952]
	12806.00000	   0.04033	[mu,kappa]: [(40.48688,87.06494),113.27551]
	12776.00000	   0.04023	[mu,kappa]: [(40.55121,87.12426),119.57456]
	12682.00000	   0.03994	[mu,kappa]: [(40.43100,87.06996),116.92468]
	12641.00000	   0.03981	[mu,kappa]: [(40.48407,87.13886),123.72603]
	12644.00000	   0.03982	[mu,kappa]: [(40.39897,87.04344),106.85561]
	12742.00000	   0.04013	[mu,kappa]: [(40.49071,87.11727),112.00438]
	12625.00000	   0.03976	[mu,kappa]: [(40.49974,87.16797),116.96395]
	12686.00000	   0.03995	[mu,kappa]: [(40.48408,87.07330),112.75009]
	12550.00000	   0.03952	[mu,kappa]: [(40.53849,87.14722),127.60964]
	12855.00000	   0.04048	[mu,kappa]: [(40.51963,87.17232),114.02902]
	12800.00000	   0.04031	[mu,kappa]: [(40.42658,87.16114),114.75351]
	12747.00000	   0.04014	[mu,kappa]: [(40.37676,87.22098),118.21211]
	12616.00000	   0.03973	[mu,kappa]: [(40.58323,87.11387),120.31112]
	12712.00000	   0.04003	[mu,kappa]: [(40.58762,87.08670),114.96755]
	12762.00000	   0.04019	[mu,kappa]: [(40.43519,87.20088),121.70226]
			msglen: 0.00000 bits.
Iteration #: 1
	12857.79979	   0.04049	[mu,kappa]: [(40.40841,87.35728),177.36005]
	12537.75668	   0.03948	[mu,kappa]: [(40.52630,87.08649),126.32810]
	12698.43462	   0.03999	[mu,kappa]: [(40.42146,87.16570),133.68183]
	12730.70366	   0.04009	[mu,kappa]: [(40.70877,87.03926),129.51670]
	12756.37922	   0.04017	[mu,kappa]: [(40.44240,87.25817),157.33486]
	12808.16791	   0.04033	[mu,kappa]: [(40.57062,87.15163),150.96275]
	12725.77025	   0.04007	[mu,kappa]: [(40.53188,87.28366),171.87536]
	12491.47928	   0.03934	[mu,kappa]: [(40.42266,87.11964),124.13770]
	12634.02097	   0.03979	[mu,kappa]: [(40.41990,87.00374),106.79709]
	12530.39938	   0.03946	[mu,kappa]: [(40.49804,86.77928),80.97150]
	12716.29781	   0.04004	[mu,kappa]: [(40.50876,87.01727),115.30825]
	12783.91120	   0.04026	[mu,kappa]: [(40.58972,87.20514),153.95416]
	12631.73475	   0.03978	[mu,kappa]: [(40.45536,87.16826),139.51705]
	12759.29131	   0.04018	[mu,kappa]: [(40.49763,87.31101),172.70610]
	12963.06443	   0.04082	[mu,kappa]: [(39.98666,86.28488),29.29412]
	12654.78238	   0.03985	[mu,kappa]: [(40.48275,86.97633),105.38951]
	12577.43418	   0.03961	[mu,kappa]: [(40.52614,87.17798),140.60385]
	12596.88952	   0.03967	[mu,kappa]: [(40.49515,86.99820),111.22220]
	12786.73097	   0.04027	[mu,kappa]: [(40.54078,87.34788),187.24444]
	12767.43088	   0.04021	[mu,kappa]: [(40.54407,87.07613),121.93018]
	12718.95082	   0.04005	[mu,kappa]: [(40.42095,87.13775),126.48065]
	12723.84326	   0.04007	[mu,kappa]: [(40.36710,87.27672),147.81913]
	12642.02506	   0.03981	[mu,kappa]: [(40.62516,87.20465),157.26691]
	12636.51730	   0.03979	[mu,kappa]: [(40.65750,87.04775),127.72304]
	12825.18439	   0.04039	[mu,kappa]: [(40.43956,87.31718),164.71577]
			msglen: 5340667.75441 bits.
Iteration #: 2
	13967.65069	   0.04398	[mu,kappa]: [(40.34247,87.66683),278.00000]
	12068.64150	   0.03800	[mu,kappa]: [(40.50395,87.32540),184.58782]
	12454.99655	   0.03922	[mu,kappa]: [(40.38024,87.43583),200.10201]
	12347.58791	   0.03888	[mu,kappa]: [(40.68974,87.27217),190.29433]
	13247.46884	   0.04172	[mu,kappa]: [(40.38215,87.56847),246.90425]
	13092.72438	   0.04123	[mu,kappa]: [(40.51625,87.47157),233.82627]
	13649.74298	   0.04298	[mu,kappa]: [(40.46106,87.59580),274.01232]
	11960.96783	   0.03767	[mu,kappa]: [(40.39631,87.35462),180.50386]
	11581.64683	   0.03647	[mu,kappa]: [(40.44616,87.14110),144.35906]
	10886.52325	   0.03428	[mu,kappa]: [(40.76327,86.49950),92.25794]
	11905.45637	   0.03749	[mu,kappa]: [(40.51742,87.21067),161.73388]
	13162.87988	   0.04145	[mu,kappa]: [(40.52649,87.49636),239.81936]
	12568.08418	   0.03958	[mu,kappa]: [(40.40973,87.45878),211.72728]
	13714.57383	   0.04319	[mu,kappa]: [(40.42713,87.61648),275.75544]
	14795.91829	   0.04659	[mu,kappa]: [(40.78862,80.96681),12.81519]
	11561.46295	   0.03641	[mu,kappa]: [(40.52634,87.08850),141.22877]
	12546.02098	   0.03951	[mu,kappa]: [(40.47657,87.44620),213.76902]
	11674.18291	   0.03676	[mu,kappa]: [(40.51682,87.16467),153.27574]
	14169.20154	   0.04462	[mu,kappa]: [(40.46320,87.64997),278.00000]
	12154.76749	   0.03828	[mu,kappa]: [(40.53131,87.28061),175.50349]
	12251.49899	   0.03858	[mu,kappa]: [(40.38946,87.37896),185.37447]
	12926.16066	   0.04071	[mu,kappa]: [(40.30958,87.56055),228.77548]
	13115.07542	   0.04130	[mu,kappa]: [(40.55823,87.49841),246.04886]
	12202.91619	   0.03843	[mu,kappa]: [(40.64030,87.27886),186.86763]
	13548.84953	   0.04267	[mu,kappa]: [(40.37307,87.61267),261.13287]
			msglen: 5285326.80475 bits.
Iteration #: 3
	14476.40098	   0.04559	[mu,kappa]: [(40.25414,87.82815),278.00000]
	11694.16820	   0.03683	[mu,kappa]: [(40.46377,87.40933),204.69147]
	12188.41130	   0.03838	[mu,kappa]: [(40.28988,87.56470),229.27436]
	12000.12543	   0.03779	[mu,kappa]: [(40.71731,87.33330),213.09289]
	13405.78547	   0.04222	[mu,kappa]: [(40.29792,87.72952),278.00000]
	13107.76674	   0.04128	[mu,kappa]: [(40.46526,87.61667),278.00000]
	14088.85111	   0.04437	[mu,kappa]: [(40.39486,87.75464),278.00000]
	11570.26349	   0.03644	[mu,kappa]: [(40.31302,87.44972),198.58844]
	11086.08846	   0.03491	[mu,kappa]: [(40.41336,87.11197),143.98355]
	10949.21066	   0.03448	[mu,kappa]: [(41.22923,85.89283),78.11996]
	11423.76660	   0.03597	[mu,kappa]: [(40.50297,87.23404),169.52261]
	13236.65119	   0.04168	[mu,kappa]: [(40.47513,87.63636),278.00000]
	12392.68831	   0.03903	[mu,kappa]: [(40.32989,87.59736),247.45183]
	14178.40616	   0.04465	[mu,kappa]: [(40.35461,87.77663),278.00000]
	16986.11211	   0.05349	[mu,kappa]: [(41.48770,80.35062),13.14064]
	11068.94284	   0.03486	[mu,kappa]: [(40.54821,87.02064),139.38117]
	12383.87832	   0.03900	[mu,kappa]: [(40.41578,87.57267),250.52763]
	11180.91450	   0.03521	[mu,kappa]: [(40.51287,87.15682),156.88380]
	14672.01365	   0.04620	[mu,kappa]: [(40.39163,87.78394),278.00000]
	11723.55876	   0.03692	[mu,kappa]: [(40.50818,87.33617),190.56073]
	11882.64444	   0.03742	[mu,kappa]: [(40.30245,87.48365),206.19373]
	12913.52076	   0.04067	[mu,kappa]: [(40.20243,87.71816),274.45335]
	13247.70852	   0.04172	[mu,kappa]: [(40.51315,87.63811),278.00000]
	11836.55168	   0.03727	[mu,kappa]: [(40.65260,87.34199),207.89310]
	13860.57034	   0.04365	[mu,kappa]: [(40.28809,87.77351),278.00000]
			msglen: 5279080.90548 bits.
Iteration #: 4
	14639.50976	   0.04610	[mu,kappa]: [(40.16016,87.87769),278.00000]
	11394.22075	   0.03588	[mu,kappa]: [(40.44969,87.45311),220.45386]
	12007.18374	   0.03781	[mu,kappa]: [(40.20884,87.65912),256.53920]
	11735.46174	   0.03696	[mu,kappa]: [(40.80533,87.34158),232.42310]
	13549.52655	   0.04267	[mu,kappa]: [(40.22614,87.81539),278.00000]
	13234.87877	   0.04168	[mu,kappa]: [(40.44284,87.70565),278.00000]
	14233.28354	   0.04482	[mu,kappa]: [(40.33943,87.79617),278.00000]
	11256.25742	   0.03545	[mu,kappa]: [(40.23091,87.51469),211.72335]
	10765.64910	   0.03390	[mu,kappa]: [(40.38461,87.03551),136.47662]
	11786.42612	   0.03712	[mu,kappa]: [(42.16134,85.09901),66.49890]
	11047.71616	   0.03479	[mu,kappa]: [(40.52011,87.20875),170.48446]
	13365.52539	   0.04209	[mu,kappa]: [(40.45203,87.71212),278.00000]
	12315.88527	   0.03878	[mu,kappa]: [(40.26752,87.69538),278.00000]
	14327.19699	   0.04512	[mu,kappa]: [(40.28803,87.81998),278.00000]
	18221.01262	   0.05738	[mu,kappa]: [(41.31052,80.76420),13.87359]
	10773.42474	   0.03393	[mu,kappa]: [(40.61905,86.88545),130.64419]
	12321.76790	   0.03880	[mu,kappa]: [(40.38043,87.65865),278.00000]
	10820.93697	   0.03408	[mu,kappa]: [(40.54359,87.09478),153.33088]
	14823.16923	   0.04668	[mu,kappa]: [(40.33156,87.81154),278.00000]
	11373.40247	   0.03582	[mu,kappa]: [(40.51810,87.35010),200.07141]
	11591.11188	   0.03650	[mu,kappa]: [(40.21820,87.55829),222.75603]
	13034.67603	   0.04105	[mu,kappa]: [(40.11025,87.83667),278.00000]
	13375.91498	   0.04212	[mu,kappa]: [(40.49751,87.70060),278.00000]
	11549.15459	   0.03637	[mu,kappa]: [(40.71817,87.35486),224.93891]
	14011.70730	   0.04412	[mu,kappa]: [(40.20839,87.84005),278.00000]
			msglen: 5276101.56706 bits.
Iteration #: 5
	14761.47996	   0.04648	[mu,kappa]: [(40.05689,87.91005),278.00000]
	11174.81687	   0.03519	[mu,kappa]: [(40.44759,87.50092),240.10039]
	11972.62050	   0.03770	[mu,kappa]: [(40.13037,87.75797),278.00000]
	11582.13567	   0.03647	[mu,kappa]: [(40.93759,87.34061),257.17996]
	13654.38414	   0.04300	[mu,kappa]: [(40.14657,87.85753),278.00000]
	13324.01913	   0.04196	[mu,kappa]: [(40.42774,87.73161),278.00000]
	14334.17784	   0.04514	[mu,kappa]: [(40.28837,87.81062),278.00000]
	11014.60930	   0.03469	[mu,kappa]: [(40.13231,87.59531),227.65675]
	10506.44752	   0.03309	[mu,kappa]: [(40.29744,86.98174),128.47283]
	12963.82405	   0.04082	[mu,kappa]: [(43.63311,84.24342),61.92731]
	10710.18722	   0.03373	[mu,kappa]: [(40.54411,87.18732),171.48791]
	13455.45981	   0.04237	[mu,kappa]: [(40.43811,87.73179),278.00000]
	12404.91370	   0.03906	[mu,kappa]: [(40.21387,87.78446),278.00000]
	14432.62457	   0.04545	[mu,kappa]: [(40.22199,87.83936),278.00000]
	18318.31682	   0.05768	[mu,kappa]: [(40.61204,81.17186),14.10201]
	10547.16660	   0.03321	[mu,kappa]: [(40.69936,86.74533),121.82215]
	12405.03620	   0.03906	[mu,kappa]: [(40.35766,87.72887),278.00000]
	10503.23300	   0.03308	[mu,kappa]: [(40.57738,87.03496),149.32864]
	14928.84601	   0.04701	[mu,kappa]: [(40.27659,87.82082),278.00000]
	11080.01215	   0.03489	[mu,kappa]: [(40.54419,87.36767),211.62647]
	11388.68636	   0.03586	[mu,kappa]: [(40.12268,87.64619),243.19596]
	13148.25333	   0.04140	[mu,kappa]: [(40.00103,87.90634),278.00000]
	13465.42277	   0.04240	[mu,kappa]: [(40.49545,87.71105),278.00000]
	11355.96397	   0.03576	[mu,kappa]: [(40.82236,87.36121),246.58785]
	14122.36251	   0.04447	[mu,kappa]: [(40.12136,87.87557),278.00000]
			msglen: 5273319.71844 bits.
Iteration #: 6
	14861.95222	   0.04680	[mu,kappa]: [(39.93308,87.94798),278.00000]
	11040.27817	   0.03477	[mu,kappa]: [(40.45623,87.55521),265.41676]
	12042.32726	   0.03792	[mu,kappa]: [(40.04576,87.84771),278.00000]
	11564.87048	   0.03642	[mu,kappa]: [(41.11278,87.33285),278.00000]
	13735.10450	   0.04325	[mu,kappa]: [(40.05230,87.89193),278.00000]
	13385.43238	   0.04215	[mu,kappa]: [(40.41963,87.73549),278.00000]
	14405.66696	   0.04536	[mu,kappa]: [(40.23546,87.82132),278.00000]
	10847.06309	   0.03416	[mu,kappa]: [(40.00832,87.69647),247.44433]
	10298.95021	   0.03243	[mu,kappa]: [(40.03874,86.99554),120.41523]
	14473.04324	   0.04558	[mu,kappa]: [(45.63170,83.35803),64.99765]
	10392.29226	   0.03273	[mu,kappa]: [(40.55344,87.18007),172.93463]
	13517.39284	   0.04257	[mu,kappa]: [(40.43247,87.73214),278.00000]
	12471.23050	   0.03927	[mu,kappa]: [(40.14631,87.83307),278.00000]
	14509.93795	   0.04569	[mu,kappa]: [(40.14884,87.85775),278.00000]
	17602.16952	   0.05543	[mu,kappa]: [(39.34878,81.60082),13.98127]
	10360.18621	   0.03263	[mu,kappa]: [(40.71759,86.63208),113.61277]
	12463.43682	   0.03925	[mu,kappa]: [(40.33297,87.75741),278.00000]
	10206.13635	   0.03214	[mu,kappa]: [(40.57355,86.99483),145.26553]
	15004.15581	   0.04725	[mu,kappa]: [(40.21939,87.83032),278.00000]
	10835.81236	   0.03412	[mu,kappa]: [(40.58253,87.39219),226.34479]
	11283.12902	   0.03553	[mu,kappa]: [(40.01186,87.75024),269.01820]
	13245.86991	   0.04171	[mu,kappa]: [(39.86373,87.96479),278.00000]
	13527.61798	   0.04260	[mu,kappa]: [(40.50647,87.70272),278.00000]
	11271.82440	   0.03550	[mu,kappa]: [(40.96544,87.36304),275.18768]
	14209.11955	   0.04475	[mu,kappa]: [(40.01836,87.90932),278.00000]
			msglen: 5269232.54598 bits.
Iteration #: 7
	14936.12466	   0.04703	[mu,kappa]: [(39.77865,87.99917),278.00000]
	10998.22213	   0.03463	[mu,kappa]: [(40.48387,87.61039),278.00000]
	12084.85245	   0.03806	[mu,kappa]: [(39.93495,87.91110),278.00000]
	11665.07236	   0.03673	[mu,kappa]: [(41.33643,87.29740),278.00000]
	13783.76817	   0.04341	[mu,kappa]: [(39.93713,87.93112),278.00000]
	13407.98809	   0.04222	[mu,kappa]: [(40.42048,87.73007),278.00000]
	14436.44524	   0.04546	[mu,kappa]: [(40.17764,87.83450),278.00000]
	10754.16891	   0.03387	[mu,kappa]: [(39.86185,87.81423),272.20064]
	10153.89538	   0.03198	[mu,kappa]: [(39.40688,87.15554),113.15678]
	16488.13122	   0.05192	[mu,kappa]: [(47.89950,82.52121),79.65536]
	10067.62756	   0.03170	[mu,kappa]: [(40.52674,87.19536),175.49150]
	13540.21636	   0.04264	[mu,kappa]: [(40.43701,87.72412),278.00000]
	12504.67063	   0.03938	[mu,kappa]: [(40.06383,87.87014),278.00000]
	14548.88631	   0.04582	[mu,kappa]: [(40.06361,87.88170),278.00000]
	16231.91760	   0.05111	[mu,kappa]: [(37.46762,82.10749),13.70349]
	10151.10631	   0.03197	[mu,kappa]: [(40.53805,86.60621),106.87636]
	12485.56551	   0.03932	[mu,kappa]: [(40.30891,87.76988),278.00000]
	9895.49349	   0.03116	[mu,kappa]: [(40.47010,86.99974),141.79080]
	15037.49118	   0.04735	[mu,kappa]: [(40.15619,87.84438),278.00000]
	10633.44664	   0.03349	[mu,kappa]: [(40.63981,87.41977),245.78698]
	11281.57757	   0.03553	[mu,kappa]: [(39.89350,87.86439),278.00000]
	13325.34144	   0.04196	[mu,kappa]: [(39.68842,88.03088),278.00000]
	13551.98236	   0.04268	[mu,kappa]: [(40.53356,87.68477),278.00000]
	11326.27539	   0.03567	[mu,kappa]: [(41.15145,87.35660),278.00000]
	14264.73304	   0.04492	[mu,kappa]: [(39.89186,87.95120),278.00000]
			msglen: 5263001.49833 bits.
Iteration #: 8
	15013.17716	   0.04728	[mu,kappa]: [(39.60151,88.06306),278.00000]
	11008.14591	   0.03467	[mu,kappa]: [(40.53547,87.63777),278.00000]
	12120.93283	   0.03817	[mu,kappa]: [(39.81044,87.96750),278.00000]
	11821.87117	   0.03723	[mu,kappa]: [(41.61581,87.21019),278.00000]
	13825.02204	   0.04354	[mu,kappa]: [(39.81049,87.97685),278.00000]
	13417.84970	   0.04225	[mu,kappa]: [(40.44091,87.71874),278.00000]
	14451.85658	   0.04551	[mu,kappa]: [(40.12489,87.84984),278.00000]
	10765.57861	   0.03390	[mu,kappa]: [(39.72177,87.93772),278.00000]
	10104.22736	   0.03182	[mu,kappa]: [(38.15606,87.56922),109.99289]
	19100.96098	   0.06015	[mu,kappa]: [(49.71464,81.92840),109.66747]
	9686.16645	   0.03050	[mu,kappa]: [(40.45872,87.24519),182.78670]
	13550.63685	   0.04267	[mu,kappa]: [(40.46216,87.71043),278.00000]
	12526.82203	   0.03945	[mu,kappa]: [(39.97776,87.90479),278.00000]
	14574.78833	   0.04590	[mu,kappa]: [(39.97593,87.91068),278.00000]
	14239.60609	   0.04484	[mu,kappa]: [(35.27880,82.52559),13.22773]
	9769.58251	   0.03077	[mu,kappa]: [(39.98450,86.75786),103.76044]
	12494.21349	   0.03935	[mu,kappa]: [(40.29711,87.77477),278.00000]
	9484.65870	   0.02987	[mu,kappa]: [(40.20377,87.08774),141.72238]
	15055.13732	   0.04741	[mu,kappa]: [(40.09677,87.86178),278.00000]
	10497.01026	   0.03306	[mu,kappa]: [(40.73342,87.44731),275.73151]
	11318.94444	   0.03564	[mu,kappa]: [(39.76445,87.95757),278.00000]
	13414.70096	   0.04224	[mu,kappa]: [(39.48302,88.10872),278.00000]
	13567.11721	   0.04272	[mu,kappa]: [(40.58678,87.65959),278.00000]
	11430.78469	   0.03600	[mu,kappa]: [(41.38529,87.29767),278.00000]
	14315.20833	   0.04508	[mu,kappa]: [(39.75081,88.00178),278.00000]
			msglen: 5255102.82923 bits.
Iteration #: 9
	15080.17798	   0.04749	[mu,kappa]: [(39.42877,88.12889),278.00000]
	11020.39202	   0.03470	[mu,kappa]: [(40.62627,87.62578),278.00000]
	12142.53529	   0.03824	[mu,kappa]: [(39.70007,88.01512),278.00000]
	12084.86892	   0.03806	[mu,kappa]: [(41.95034,87.09382),278.00000]
	13849.78632	   0.04361	[mu,kappa]: [(39.69895,88.01980),278.00000]
	13423.83515	   0.04227	[mu,kappa]: [(40.50201,87.69535),278.00000]
	14450.33067	   0.04550	[mu,kappa]: [(40.10149,87.85814),278.00000]
	10793.66947	   0.03399	[mu,kappa]: [(39.59409,88.02796),278.00000]
	10421.99135	   0.03282	[mu,kappa]: [(36.23861,88.26754),115.17535]
	21743.67118	   0.06847	[mu,kappa]: [(50.52884,81.68757),140.18182]
	9243.63121	   0.02911	[mu,kappa]: [(40.40785,87.31620),198.59221]
	13558.32799	   0.04270	[mu,kappa]: [(40.52872,87.68471),278.00000]
	12532.73586	   0.03947	[mu,kappa]: [(39.91423,87.93137),278.00000]
	14581.80798	   0.04592	[mu,kappa]: [(39.91123,87.93490),278.00000]
	12017.02715	   0.03784	[mu,kappa]: [(33.67603,82.37542),12.22161]
	9208.79319	   0.02900	[mu,kappa]: [(39.02358,87.10468),105.30250]
	12492.99518	   0.03934	[mu,kappa]: [(40.32081,87.76741),278.00000]
	8942.70731	   0.02816	[mu,kappa]: [(39.81007,87.25466),147.08957]
	15054.56267	   0.04741	[mu,kappa]: [(40.06560,87.87284),278.00000]
	10517.37222	   0.03312	[mu,kappa]: [(40.88680,87.46689),278.00000]
	11343.99946	   0.03572	[mu,kappa]: [(39.64446,88.02455),278.00000]
	13501.82542	   0.04252	[mu,kappa]: [(39.27520,88.18936),278.00000]
	13587.39315	   0.04279	[mu,kappa]: [(40.68512,87.62142),278.00000]
	11610.47340	   0.03656	[mu,kappa]: [(41.67343,87.20355),278.00000]
	14350.08947	   0.04519	[mu,kappa]: [(39.62194,88.05105),278.00000]
			msglen: 5248240.84764 bits.
Iteration #: 10
	15107.96553	   0.04758	[mu,kappa]: [(39.29155,88.18308),278.00000]
	11052.04682	   0.03480	[mu,kappa]: [(40.77421,87.57996),278.00000]
	12134.60990	   0.03821	[mu,kappa]: [(39.63258,88.04478),278.00000]
	12517.06771	   0.03942	[mu,kappa]: [(42.33070,86.95600),278.00000]
	13840.82923	   0.04359	[mu,kappa]: [(39.63067,88.04747),278.00000]
	13441.90654	   0.04233	[mu,kappa]: [(40.62117,87.65034),278.00000]
	14430.92474	   0.04544	[mu,kappa]: [(40.13049,87.84766),278.00000]
	10794.50898	   0.03399	[mu,kappa]: [(39.50350,88.08281),278.00000]
	11620.85724	   0.03659	[mu,kappa]: [(33.98650,89.14554),134.19040]
	23388.38098	   0.07365	[mu,kappa]: [(50.72154,81.63872),157.10812]
	8818.01845	   0.02777	[mu,kappa]: [(40.46215,87.37287),226.12894]
	13580.54983	   0.04277	[mu,kappa]: [(40.65360,87.63738),278.00000]
	12514.53781	   0.03941	[mu,kappa]: [(39.89905,87.93932),278.00000]
	14560.62439	   0.04585	[mu,kappa]: [(39.89503,87.94199),278.00000]
	9897.92409	   0.03117	[mu,kappa]: [(33.34103,81.27731),10.62520]
	8618.17108	   0.02714	[mu,kappa]: [(37.85071,87.54637),111.09433]
	12489.64978	   0.03933	[mu,kappa]: [(40.40026,87.73848),278.00000]
	8321.21488	   0.02620	[mu,kappa]: [(39.43992,87.43743),158.56952]
	15033.12621	   0.04734	[mu,kappa]: [(40.08617,87.86552),278.00000]
	10591.58730	   0.03335	[mu,kappa]: [(41.09415,87.42651),278.00000]
	11340.68130	   0.03571	[mu,kappa]: [(39.56458,88.06607),278.00000]
	13556.09184	   0.04269	[mu,kappa]: [(39.09779,88.25977),278.00000]
	13636.77296	   0.04294	[mu,kappa]: [(40.84299,87.56129),278.00000]
	11918.40849	   0.03753	[mu,kappa]: [(42.01328,87.08244),278.00000]
	14348.54390	   0.04518	[mu,kappa]: [(39.53427,88.08611),278.00000]
			msglen: 5240890.21076 bits.
Iteration #: 11
	15061.40380	   0.04743	[mu,kappa]: [(39.19472,88.22457),278.00000]
	11088.77864	   0.03492	[mu,kappa]: [(40.95749,87.51276),278.00000]
	12074.22027	   0.03802	[mu,kappa]: [(39.60539,88.05909),278.00000]
	13088.51970	   0.04122	[mu,kappa]: [(42.71786,86.80890),278.00000]
	13771.95722	   0.04337	[mu,kappa]: [(39.60288,88.06098),278.00000]
	13454.68993	   0.04237	[mu,kappa]: [(40.77776,87.58914),278.00000]
	14372.51629	   0.04526	[mu,kappa]: [(40.19931,87.82173),278.00000]
	10745.77544	   0.03384	[mu,kappa]: [(39.45187,88.11441),278.00000]
	13902.35513	   0.04378	[mu,kappa]: [(32.08500,89.96168),171.97476]
	24136.31022	   0.07601	[mu,kappa]: [(50.72448,81.63005),163.72662]
	8505.77449	   0.02679	[mu,kappa]: [(40.61521,87.41220),269.86502]
	13599.78746	   0.04283	[mu,kappa]: [(40.81570,87.57393),278.00000]
	12451.82919	   0.03921	[mu,kappa]: [(39.92406,87.93177),278.00000]
	14487.45091	   0.04562	[mu,kappa]: [(39.91915,87.93423),278.00000]
	7953.20288	   0.02505	[mu,kappa]: [(34.11102,79.30182),8.87930]
	7955.06833	   0.02505	[mu,kappa]: [(36.77121,87.96012),123.18823]
	12467.44982	   0.03926	[mu,kappa]: [(40.51839,87.69309),278.00000]
	7639.20195	   0.02406	[mu,kappa]: [(39.22359,87.58809),179.62190]
	14968.40879	   0.04714	[mu,kappa]: [(40.14668,87.84292),278.00000]
	10691.65371	   0.03367	[mu,kappa]: [(41.33104,87.35096),278.00000]
	11286.60979	   0.03554	[mu,kappa]: [(39.52442,88.08885),278.00000]
	13541.99256	   0.04264	[mu,kappa]: [(38.96055,88.31797),278.00000]
	13697.62066	   0.04313	[mu,kappa]: [(41.03653,87.48522),278.00000]
	12330.61227	   0.03883	[mu,kappa]: [(42.36852,86.94758),278.00000]
	14281.81055	   0.04497	[mu,kappa]: [(39.48710,88.10744),278.00000]
			msglen: 5233107.06973 bits.
Iteration #: 12
	14972.64259	   0.04715	[mu,kappa]: [(39.12561,88.25730),278.00000]
	11121.25449	   0.03502	[mu,kappa]: [(41.13287,87.44182),278.00000]
	11985.36850	   0.03774	[mu,kappa]: [(39.59541,88.06644),278.00000]
	13705.86015	   0.04316	[mu,kappa]: [(43.06484,86.66871),278.00000]
	13670.57838	   0.04305	[mu,kappa]: [(39.59244,88.06806),278.00000]
	13458.00397	   0.04238	[mu,kappa]: [(40.92971,87.52596),278.00000]
	14291.07122	   0.04500	[mu,kappa]: [(40.27329,87.79198),278.00000]
	10669.89007	   0.03360	[mu,kappa]: [(39.42049,88.13447),278.00000]
	16404.39399	   0.05166	[mu,kappa]: [(31.01675,90.48213),216.10477]
	24283.68239	   0.07647	[mu,kappa]: [(50.72705,81.58965),164.37877]
	8442.14040	   0.02659	[mu,kappa]: [(40.77369,87.46286),278.00000]
	13610.34284	   0.04286	[mu,kappa]: [(40.97256,87.50864),278.00000]
	12364.57536	   0.03894	[mu,kappa]: [(39.95946,87.91903),278.00000]
	14385.62722	   0.04530	[mu,kappa]: [(39.95381,87.92155),278.00000]
	6519.19351	   0.02053	[mu,kappa]: [(35.05389,77.12650),7.56083]
	7158.97784	   0.02254	[mu,kappa]: [(36.05232,88.25912),144.59861]
	12431.17366	   0.03915	[mu,kappa]: [(40.63607,87.64472),278.00000]
	7003.96039	   0.02206	[mu,kappa]: [(39.16535,87.71626),215.57361]
	14878.60401	   0.04685	[mu,kappa]: [(40.21333,87.81632),278.00000]
	10795.46344	   0.03400	[mu,kappa]: [(41.55295,87.26656),278.00000]
	11204.90592	   0.03529	[mu,kappa]: [(39.50309,88.10262),278.00000]
	13486.81680	   0.04247	[mu,kappa]: [(38.85789,88.36555),278.00000]
	13755.16248	   0.04332	[mu,kappa]: [(41.22133,87.40809),278.00000]
	12775.81045	   0.04023	[mu,kappa]: [(42.69125,86.81654),278.00000]
	14179.49992	   0.04465	[mu,kappa]: [(39.46004,88.12177),278.00000]
			msglen: 5228185.08194 bits.
Iteration #: 13
	14932.36799	   0.04702	[mu,kappa]: [(39.05875,88.28777),278.00000]
	11159.57409	   0.03514	[mu,kappa]: [(41.26924,87.38083),278.00000]
	11930.58535	   0.03757	[mu,kappa]: [(39.57377,88.07605),278.00000]
	14296.71845	   0.04502	[mu,kappa]: [(43.35094,86.54528),278.00000]
	13608.10396	   0.04285	[mu,kappa]: [(39.57047,88.07760),278.00000]
	13472.74935	   0.04243	[mu,kappa]: [(41.04535,87.47309),278.00000]
	14236.89420	   0.04483	[mu,kappa]: [(40.32091,87.76957),278.00000]
	10626.25428	   0.03346	[mu,kappa]: [(39.38195,88.15348),278.00000]
	17931.37229	   0.05647	[mu,kappa]: [(30.56524,90.73162),246.92262]
	23975.18181	   0.07550	[mu,kappa]: [(50.79614,81.49610),161.27857]
	8439.25549	   0.02658	[mu,kappa]: [(40.88623,87.47694),278.00000]
	13631.52073	   0.04293	[mu,kappa]: [(41.09256,87.45383),278.00000]
	12306.71519	   0.03875	[mu,kappa]: [(39.97463,87.91154),278.00000]
	14318.11718	   0.04509	[mu,kappa]: [(39.96837,87.91422),278.00000]
	5746.28980	   0.01810	[mu,kappa]: [(35.11668,75.64541),6.87145]
	6433.10106	   0.02026	[mu,kappa]: [(35.67822,88.49082),177.07217]
	12411.38562	   0.03908	[mu,kappa]: [(40.72148,87.60538),278.00000]
	6610.46183	   0.02082	[mu,kappa]: [(39.14986,87.87487),270.13008]
	14818.57243	   0.04666	[mu,kappa]: [(40.25472,87.79672),278.00000]
	10898.10575	   0.03432	[mu,kappa]: [(41.73061,87.19051),278.00000]
	11156.16187	   0.03513	[mu,kappa]: [(39.47246,88.11707),278.00000]
	13476.40330	   0.04244	[mu,kappa]: [(38.76694,88.40747),278.00000]
	13818.03344	   0.04351	[mu,kappa]: [(41.36629,87.34230),278.00000]
	13201.56747	   0.04157	[mu,kappa]: [(42.95781,86.70065),278.00000]
	14119.50707	   0.04446	[mu,kappa]: [(39.42502,88.13735),278.00000]
			msglen: 5225729.66230 bits.
Iteration #: 14
	14939.95040	   0.04705	[mu,kappa]: [(38.98211,88.31845),278.00000]
	11189.55498	   0.03524	[mu,kappa]: [(41.37435,87.32950),278.00000]
	11904.33086	   0.03749	[mu,kappa]: [(39.53371,88.08976),278.00000]
	14849.45932	   0.04676	[mu,kappa]: [(43.59772,86.43392),278.00000]
	13578.24983	   0.04276	[mu,kappa]: [(39.53014,88.09133),278.00000]
	13482.39834	   0.04246	[mu,kappa]: [(41.13061,87.43003),278.00000]
	14196.49035	   0.04471	[mu,kappa]: [(40.34216,87.75514),278.00000]
	10611.52202	   0.03342	[mu,kappa]: [(39.32773,88.17447),278.00000]
	18508.23365	   0.05828	[mu,kappa]: [(30.36939,90.83540),262.10592]
	23393.60737	   0.07367	[mu,kappa]: [(50.92959,81.36380),156.53001]
	8436.24313	   0.02657	[mu,kappa]: [(40.96343,87.46882),278.00000]
	13646.44995	   0.04297	[mu,kappa]: [(41.18200,87.40892),278.00000]
	12269.07062	   0.03864	[mu,kappa]: [(39.96651,87.91052),278.00000]
	14274.30054	   0.04495	[mu,kappa]: [(39.95973,87.91338),278.00000]
	5383.91548	   0.01696	[mu,kappa]: [(34.44948,74.93615),6.59444]
	5968.25471	   0.01880	[mu,kappa]: [(35.50895,88.75538),224.45296]
	12394.09131	   0.03903	[mu,kappa]: [(40.77795,87.57518),278.00000]
	6558.70762	   0.02065	[mu,kappa]: [(39.11295,88.07062),278.00000]
	14774.79287	   0.04653	[mu,kappa]: [(40.27025,87.78488),278.00000]
	10985.42489	   0.03459	[mu,kappa]: [(41.87546,87.12324),278.00000]
	11136.06660	   0.03507	[mu,kappa]: [(39.42482,88.13460),278.00000]
	13513.71668	   0.04256	[mu,kappa]: [(38.67237,88.44671),278.00000]
	13868.50605	   0.04367	[mu,kappa]: [(41.47978,87.28679),278.00000]
	13594.75264	   0.04281	[mu,kappa]: [(43.18736,86.59619),278.00000]
	14096.90979	   0.04439	[mu,kappa]: [(39.37380,88.15613),278.00000]
			msglen: 5224448.84612 bits.
Iteration #: 15
	14979.14409	   0.04717	[mu,kappa]: [(38.90315,88.34773),278.00000]
	11215.68407	   0.03532	[mu,kappa]: [(41.46090,87.28590),278.00000]
	11897.80549	   0.03747	[mu,kappa]: [(39.48503,88.10564),278.00000]
	15388.01100	   0.04846	[mu,kappa]: [(43.81957,86.33173),278.00000]
	13570.94794	   0.04274	[mu,kappa]: [(39.48123,88.10727),278.00000]
	13490.42179	   0.04248	[mu,kappa]: [(41.19795,87.39463),278.00000]
	14166.69054	   0.04461	[mu,kappa]: [(40.34866,87.74656),278.00000]
	10616.44715	   0.03343	[mu,kappa]: [(39.26697,88.19605),278.00000]
	18557.10844	   0.05844	[mu,kappa]: [(30.25028,90.87105),267.37000]
	22625.83015	   0.07125	[mu,kappa]: [(51.11012,81.20848),151.52380]
	8433.73392	   0.02656	[mu,kappa]: [(41.02056,87.45316),278.00000]
	13659.05917	   0.04301	[mu,kappa]: [(41.25339,87.37174),278.00000]
	12245.98446	   0.03856	[mu,kappa]: [(39.94607,87.91387),278.00000]
	14247.53345	   0.04487	[mu,kappa]: [(39.93881,87.91691),278.00000]
	5177.60097	   0.01631	[mu,kappa]: [(33.59809,74.61604),6.48464]
	5823.07153	   0.01834	[mu,kappa]: [(35.45959,89.07705),278.00000]
	12379.85684	   0.03898	[mu,kappa]: [(40.81764,87.55196),278.00000]
	6567.25451	   0.02068	[mu,kappa]: [(39.05737,88.18973),278.00000]
	14743.30011	   0.04643	[mu,kappa]: [(40.27144,87.77864),278.00000]
	11064.99837	   0.03484	[mu,kappa]: [(42.00062,87.06347),278.00000]
	11135.60933	   0.03507	[mu,kappa]: [(39.36964,88.15352),278.00000]
	13581.60037	   0.04277	[mu,kappa]: [(38.57978,88.48207),278.00000]
	13912.99426	   0.04381	[mu,kappa]: [(41.57452,87.23936),278.00000]
	13974.46973	   0.04401	[mu,kappa]: [(43.39379,86.50061),278.00000]
	14099.84233	   0.04440	[mu,kappa]: [(39.31562,88.17618),278.00000]
			msglen: 5223424.27242 bits.
Iteration #: 16
	15025.88573	   0.04732	[mu,kappa]: [(38.82745,88.37448),278.00000]
	11235.69196	   0.03538	[mu,kappa]: [(41.53765,87.24758),278.00000]
	11895.74792	   0.03746	[mu,kappa]: [(39.43503,88.12187),278.00000]
	15926.81503	   0.05015	[mu,kappa]: [(44.02646,86.23543),278.00000]
	13568.76095	   0.04273	[mu,kappa]: [(39.43104,88.12356),278.00000]
	13492.30861	   0.04249	[mu,kappa]: [(41.25609,87.36435),278.00000]
	14136.34228	   0.04452	[mu,kappa]: [(40.34883,87.74145),278.00000]
	10626.08855	   0.03346	[mu,kappa]: [(39.20649,88.21679),278.00000]
	18367.64353	   0.05784	[mu,kappa]: [(30.14743,90.87728),268.06080]
	21760.56497	   0.06852	[mu,kappa]: [(51.32336,81.03749),146.85058]
	8428.02174	   0.02654	[mu,kappa]: [(41.06765,87.43520),278.00000]
	13665.16476	   0.04303	[mu,kappa]: [(41.31544,87.33974),278.00000]
	12225.01544	   0.03850	[mu,kappa]: [(39.92136,87.91943),278.00000]
	14223.28141	   0.04479	[mu,kappa]: [(39.91367,87.92264),278.00000]
	5005.64447	   0.01576	[mu,kappa]: [(32.77932,74.41343),6.41430]
	5975.05161	   0.01882	[mu,kappa]: [(35.45726,89.37419),278.00000]
	12362.09870	   0.03893	[mu,kappa]: [(40.84920,87.53328),278.00000]
	6580.46484	   0.02072	[mu,kappa]: [(38.99569,88.25890),278.00000]
	14711.84955	   0.04633	[mu,kappa]: [(40.26667,87.77566),278.00000]
	11137.49740	   0.03507	[mu,kappa]: [(42.11498,87.00895),278.00000]
	11139.76851	   0.03508	[mu,kappa]: [(39.31397,88.17218),278.00000]
	13656.07312	   0.04300	[mu,kappa]: [(38.49330,88.51307),278.00000]
	13949.46223	   0.04393	[mu,kappa]: [(41.65926,87.19740),278.00000]
	14350.90694	   0.04519	[mu,kappa]: [(43.58663,86.41082),278.00000]
	14108.84976	   0.04443	[mu,kappa]: [(39.25736,88.19581),278.00000]
			msglen: 5222870.65090 bits.
Iteration #: 17
	15099.19148	   0.04755	[mu,kappa]: [(38.75075,88.40192),278.00000]
	11254.02920	   0.03544	[mu,kappa]: [(41.60292,87.21541),278.00000]
	11910.84574	   0.03751	[mu,kappa]: [(39.38025,88.14092),278.00000]
	16465.63222	   0.05185	[mu,kappa]: [(44.22074,86.14379),278.00000]
	13586.17801	   0.04278	[mu,kappa]: [(39.37608,88.14267),278.00000]
	13494.57314	   0.04250	[mu,kappa]: [(41.30306,87.34021),278.00000]
	14116.39189	   0.04445	[mu,kappa]: [(40.34000,87.74149),278.00000]
	10652.56115	   0.03355	[mu,kappa]: [(39.14255,88.23952),278.00000]
	18018.92127	   0.05674	[mu,kappa]: [(30.05753,90.87435),267.08702]
	20849.50617	   0.06566	[mu,kappa]: [(51.56096,80.85386),142.61147]
	8423.65816	   0.02653	[mu,kappa]: [(41.10323,87.41977),278.00000]
	13671.11083	   0.04305	[mu,kappa]: [(41.36626,87.31391),278.00000]
	12217.30673	   0.03847	[mu,kappa]: [(39.88936,87.92920),278.00000]
	14214.54378	   0.04476	[mu,kappa]: [(39.88128,87.93257),278.00000]
	4830.30500	   0.01521	[mu,kappa]: [(31.99732,74.21076),6.34017]
	6135.41413	   0.01932	[mu,kappa]: [(35.45387,89.53089),278.00000]
	12348.39017	   0.03889	[mu,kappa]: [(40.87033,87.52045),278.00000]
	6605.11597	   0.02080	[mu,kappa]: [(38.92805,88.30628),278.00000]
	14692.22261	   0.04627	[mu,kappa]: [(40.25319,87.77766),278.00000]
	11205.52716	   0.03529	[mu,kappa]: [(42.21756,86.96028),278.00000]
	11160.85807	   0.03515	[mu,kappa]: [(39.25420,88.19323),278.00000]
	13756.02232	   0.04332	[mu,kappa]: [(38.40816,88.54343),278.00000]
	13982.92990	   0.04403	[mu,kappa]: [(41.73243,87.16166),278.00000]
	14723.97976	   0.04637	[mu,kappa]: [(43.76733,86.32599),278.00000]
	14139.78516	   0.04453	[mu,kappa]: [(39.19535,88.21770),278.00000]
			msglen: 5222338.41258 bits.
Iteration #: 18
	15180.94008	   0.04781	[mu,kappa]: [(38.67756,88.42909),278.00000]
	11269.07054	   0.03549	[mu,kappa]: [(41.66099,87.18740),278.00000]
	11931.96599	   0.03757	[mu,kappa]: [(39.32582,88.16119),278.00000]
	17011.06075	   0.05357	[mu,kappa]: [(44.40607,86.05483),278.00000]
	13610.47571	   0.04286	[mu,kappa]: [(39.32151,88.16298),278.00000]
	13494.19747	   0.04249	[mu,kappa]: [(41.34339,87.32016),278.00000]
	14099.21432	   0.04440	[mu,kappa]: [(40.32733,87.74463),278.00000]
	10684.82184	   0.03365	[mu,kappa]: [(39.08014,88.26288),278.00000]
	17614.95911	   0.05547	[mu,kappa]: [(29.96035,90.87438),265.14812]
	19938.75487	   0.06279	[mu,kappa]: [(51.81518,80.66129),138.77620]
	8418.27545	   0.02651	[mu,kappa]: [(41.13230,87.40657),278.00000]
	13674.07788	   0.04306	[mu,kappa]: [(41.41029,87.29219),278.00000]
	12214.07561	   0.03846	[mu,kappa]: [(39.85536,87.94127),278.00000]
	14211.05450	   0.04475	[mu,kappa]: [(39.84692,87.94479),278.00000]
	4659.69332	   0.01467	[mu,kappa]: [(31.20372,73.99491),6.27107]
	6290.18932	   0.01981	[mu,kappa]: [(35.44824,89.61339),278.00000]
	12334.36223	   0.03884	[mu,kappa]: [(40.88586,87.51139),278.00000]
	6633.52390	   0.02089	[mu,kappa]: [(38.86117,88.34256),278.00000]
	14675.99628	   0.04622	[mu,kappa]: [(40.23621,87.78263),278.00000]
	11269.03858	   0.03549	[mu,kappa]: [(42.31224,86.91561),278.00000]
	11187.84149	   0.03523	[mu,kappa]: [(39.19540,88.21520),278.00000]
	13863.12796	   0.04366	[mu,kappa]: [(38.32821,88.57273),278.00000]
	14011.82143	   0.04412	[mu,kappa]: [(41.79823,87.13011),278.00000]
	15098.15239	   0.04754	[mu,kappa]: [(43.93941,86.24417),278.00000]
	14178.30899	   0.04465	[mu,kappa]: [(39.13462,88.24038),278.00000]
			msglen: 5221822.80279 bits.
			N: 317555
		16.44384 bpr
Null model msglen: 7488920.11043 bits.	(23.58306 bpr)
