Iteration #: 0
	12205.00000	   0.03843	[mu,kappa]: [(40.49043,87.10758),107.87854]
	12242.00000	   0.03855	[mu,kappa]: [(40.36973,87.15060),119.13287]
	12282.00000	   0.03868	[mu,kappa]: [(40.47331,87.13117),120.73177]
	12289.00000	   0.03870	[mu,kappa]: [(40.50027,87.12052),119.30700]
	12087.00000	   0.03806	[mu,kappa]: [(40.39470,87.16162),112.51483]
	12103.00000	   0.03811	[mu,kappa]: [(40.48649,87.16293),117.29308]
	12169.00000	   0.03832	[mu,kappa]: [(40.46504,87.10131),115.42793]
	12178.00000	   0.03835	[mu,kappa]: [(40.58179,87.03936),116.70992]
	12191.00000	   0.03839	[mu,kappa]: [(40.45004,87.11703),116.87913]
	12102.00000	   0.03811	[mu,kappa]: [(40.41964,87.12262),115.94274]
	12244.00000	   0.03856	[mu,kappa]: [(40.49951,87.17591),120.05894]
	12165.00000	   0.03831	[mu,kappa]: [(40.51668,87.06261),112.69525]
	12122.00000	   0.03817	[mu,kappa]: [(40.66263,87.06638),113.73104]
	12115.00000	   0.03815	[mu,kappa]: [(40.45467,87.10099),115.60926]
	12169.00000	   0.03832	[mu,kappa]: [(40.37206,87.14631),115.17248]
	12231.00000	   0.03852	[mu,kappa]: [(40.47980,87.14894),119.67283]
	12344.00000	   0.03887	[mu,kappa]: [(40.48463,86.99262),112.93289]
	12229.00000	   0.03851	[mu,kappa]: [(40.54286,87.07346),110.58106]
	12212.00000	   0.03846	[mu,kappa]: [(40.49288,87.13146),113.70983]
	12270.00000	   0.03864	[mu,kappa]: [(40.58835,87.08990),120.87443]
	12225.00000	   0.03850	[mu,kappa]: [(40.57711,87.08911),125.50160]
	12322.00000	   0.03880	[mu,kappa]: [(40.50008,87.10098),115.08201]
	12256.00000	   0.03859	[mu,kappa]: [(40.53440,87.14107),114.00572]
	12233.00000	   0.03852	[mu,kappa]: [(40.38506,87.18501),121.41852]
	12288.00000	   0.03870	[mu,kappa]: [(40.43932,87.10478),125.44904]
	12282.00000	   0.03868	[mu,kappa]: [(40.40777,87.11574),120.81371]
			msglen: 5224481.76237 bits.
Iteration #: 1
	12476.63305	   0.03929	[mu,kappa]: [(40.25795,86.34255),30.23859]
	12244.66590	   0.03856	[mu,kappa]: [(40.36678,87.27091),150.64262]
	12321.53111	   0.03880	[mu,kappa]: [(40.49240,87.25832),158.65621]
	12295.57776	   0.03872	[mu,kappa]: [(40.52780,87.21424),151.42328]
	12022.78233	   0.03786	[mu,kappa]: [(40.29552,87.04520),104.07779]
	12070.66444	   0.03801	[mu,kappa]: [(40.50372,87.18520),140.56373]
	12110.10418	   0.03814	[mu,kappa]: [(40.47668,87.11382),127.97829]
	12137.05521	   0.03822	[mu,kappa]: [(40.64757,87.08269),136.05000]
	12151.06270	   0.03826	[mu,kappa]: [(40.46339,87.17121),137.58910]
	12049.25452	   0.03794	[mu,kappa]: [(40.41583,87.15742),131.43872]
	12268.42013	   0.03863	[mu,kappa]: [(40.51677,87.25078),155.68043]
	12098.51168	   0.03810	[mu,kappa]: [(40.52039,86.96149),106.40109]
	12056.92988	   0.03797	[mu,kappa]: [(40.75801,86.94597),115.82840]
	12058.24597	   0.03797	[mu,kappa]: [(40.46407,87.12411),129.17865]
	12108.20094	   0.03813	[mu,kappa]: [(40.33638,87.16014),125.86498]
	12245.94414	   0.03856	[mu,kappa]: [(40.49852,87.24043),153.55010]
	12275.91998	   0.03866	[mu,kappa]: [(40.48732,86.95927),107.65559]
	12200.73352	   0.03842	[mu,kappa]: [(40.49527,86.81911),83.94428]
	12141.95190	   0.03824	[mu,kappa]: [(40.49012,87.04770),115.48316]
	12313.60257	   0.03878	[mu,kappa]: [(40.63035,87.20282),158.67628]
	12393.12814	   0.03903	[mu,kappa]: [(40.59657,87.28582),178.36570]
	12259.24320	   0.03861	[mu,kappa]: [(40.52252,87.08684),125.70723]
	12186.51453	   0.03838	[mu,kappa]: [(40.55445,87.04600),118.19608]
	12290.51599	   0.03870	[mu,kappa]: [(40.38337,87.32250),162.37035]
	12455.14882	   0.03922	[mu,kappa]: [(40.44986,87.33828),178.82912]
	12322.65740	   0.03880	[mu,kappa]: [(40.41948,87.27876),158.97955]
			msglen: 5344133.15975 bits.
Iteration #: 2
	14549.69033	   0.04582	[mu,kappa]: [(40.93801,80.88721),12.69933]
	12589.33180	   0.03964	[mu,kappa]: [(40.31771,87.57328),236.78202]
	12906.17750	   0.04064	[mu,kappa]: [(40.43483,87.56243),252.01315]
	12656.41762	   0.03986	[mu,kappa]: [(40.47415,87.51145),237.72496]
	10979.24635	   0.03457	[mu,kappa]: [(40.30971,87.17457),140.20891]
	12098.93177	   0.03810	[mu,kappa]: [(40.45984,87.46005),216.11820]
	11755.92915	   0.03702	[mu,kappa]: [(40.45294,87.36901),190.18176]
	12020.73998	   0.03785	[mu,kappa]: [(40.61586,87.35629),206.10325]
	12089.51827	   0.03807	[mu,kappa]: [(40.42450,87.45189),210.13947]
	11803.51876	   0.03717	[mu,kappa]: [(40.38365,87.42612),197.63145]
	12759.82951	   0.04018	[mu,kappa]: [(40.45855,87.54292),246.20292]
	11113.01173	   0.03500	[mu,kappa]: [(40.56861,87.09034),144.34478]
	11342.19789	   0.03572	[mu,kappa]: [(40.79427,87.10912),163.34367]
	11742.14332	   0.03698	[mu,kappa]: [(40.43772,87.38482),192.73298]
	11694.47863	   0.03683	[mu,kappa]: [(40.30761,87.41516),186.27583]
	12672.26917	   0.03991	[mu,kappa]: [(40.44334,87.53677),242.06626]
	11310.49969	   0.03562	[mu,kappa]: [(40.52781,87.11849),147.03915]
	10669.84419	   0.03360	[mu,kappa]: [(40.70699,86.61014),98.11905]
	11412.98573	   0.03594	[mu,kappa]: [(40.49613,87.23677),163.81801]
	12888.87067	   0.04059	[mu,kappa]: [(40.56752,87.50540),251.40670]
	13562.77336	   0.04271	[mu,kappa]: [(40.52430,87.59803),278.00000]
	11830.16987	   0.03725	[mu,kappa]: [(40.50559,87.32834),185.25221]
	11534.58934	   0.03632	[mu,kappa]: [(40.55799,87.24000),169.33988]
	12993.97614	   0.04092	[mu,kappa]: [(40.32829,87.62549),259.59670]
	13656.58485	   0.04301	[mu,kappa]: [(40.38873,87.65485),278.00000]
	12921.27438	   0.04069	[mu,kappa]: [(40.36576,87.59042),252.87014]
			msglen: 5286274.81423 bits.
Iteration #: 3
	16929.68216	   0.05331	[mu,kappa]: [(41.57489,80.28582),13.09050]
	12673.30131	   0.03991	[mu,kappa]: [(40.22228,87.73718),278.00000]
	13133.65469	   0.04136	[mu,kappa]: [(40.36731,87.71910),278.00000]
	12735.16134	   0.04010	[mu,kappa]: [(40.41576,87.65853),278.00000]
	10514.64602	   0.03311	[mu,kappa]: [(40.20736,87.15816),138.39019]
	11979.86984	   0.03773	[mu,kappa]: [(40.39988,87.59259),255.72347]
	11438.27034	   0.03602	[mu,kappa]: [(40.39775,87.47301),214.58678]
	11811.74400	   0.03720	[mu,kappa]: [(40.60874,87.45959),239.33882]
	11921.45999	   0.03754	[mu,kappa]: [(40.35535,87.58588),246.31793]
	11543.04409	   0.03635	[mu,kappa]: [(40.30195,87.55213),226.56011]
	12924.67327	   0.04070	[mu,kappa]: [(40.39557,87.69318),278.00000]
	10638.22841	   0.03350	[mu,kappa]: [(40.62120,87.02486),143.95890]
	10900.39023	   0.03433	[mu,kappa]: [(40.92342,87.07126),171.90939]
	11443.60812	   0.03604	[mu,kappa]: [(40.37615,87.49562),218.66147]
	11361.60478	   0.03578	[mu,kappa]: [(40.19698,87.53711),208.73611]
	12796.29704	   0.04030	[mu,kappa]: [(40.37738,87.68824),278.00000]
	10826.60921	   0.03409	[mu,kappa]: [(40.55164,87.08069),147.94613]
	10610.62557	   0.03341	[mu,kappa]: [(41.08646,86.08632),83.95918]
	10961.13766	   0.03452	[mu,kappa]: [(40.47662,87.26805),173.28828]
	13099.23006	   0.04125	[mu,kappa]: [(40.52772,87.64933),278.00000]
	14073.30871	   0.04432	[mu,kappa]: [(40.47040,87.74281),278.00000]
	11475.10511	   0.03614	[mu,kappa]: [(40.47297,87.41372),206.67353]
	11100.27799	   0.03496	[mu,kappa]: [(40.56158,87.27407),181.67446]
	13312.83026	   0.04192	[mu,kappa]: [(40.24013,87.79254),278.00000]
	14185.52212	   0.04467	[mu,kappa]: [(40.31237,87.80980),278.00000]
	13164.71772	   0.04146	[mu,kappa]: [(40.28441,87.75527),278.00000]
			msglen: 5279369.37858 bits.
Iteration #: 4
	18387.74179	   0.05790	[mu,kappa]: [(41.44088,80.71916),13.91932]
	12810.31290	   0.04034	[mu,kappa]: [(40.13486,87.84463),278.00000]
	13263.26588	   0.04177	[mu,kappa]: [(40.31183,87.78871),278.00000]
	12856.27950	   0.04049	[mu,kappa]: [(40.37828,87.74331),278.00000]
	10245.54931	   0.03226	[mu,kappa]: [(40.03737,87.11704),129.06538]
	11947.46278	   0.03762	[mu,kappa]: [(40.36068,87.68356),278.00000]
	11183.08843	   0.03522	[mu,kappa]: [(40.35708,87.53898),234.91073]
	11677.29354	   0.03677	[mu,kappa]: [(40.63998,87.51369),271.02847]
	11833.04325	   0.03726	[mu,kappa]: [(40.30179,87.67961),278.00000]
	11350.07598	   0.03574	[mu,kappa]: [(40.22592,87.64319),252.59758]
	13049.78779	   0.04109	[mu,kappa]: [(40.34932,87.76685),278.00000]
	10338.03854	   0.03256	[mu,kappa]: [(40.74682,86.87947),136.02665]
	10574.02520	   0.03330	[mu,kappa]: [(41.17941,86.94599),173.46043]
	11208.35582	   0.03530	[mu,kappa]: [(40.32707,87.56896),240.91027]
	11096.22093	   0.03494	[mu,kappa]: [(40.07083,87.63306),226.49805]
	12920.94570	   0.04069	[mu,kappa]: [(40.32811,87.77034),278.00000]
	10501.20486	   0.03307	[mu,kappa]: [(40.62372,86.97294),141.16283]
	11267.11762	   0.03548	[mu,kappa]: [(41.87600,85.35898),70.78258]
	10598.37163	   0.03338	[mu,kappa]: [(40.48102,87.25403),175.46223]
	13220.30392	   0.04163	[mu,kappa]: [(40.51409,87.70238),278.00000]
	14206.94228	   0.04474	[mu,kappa]: [(40.43250,87.76683),278.00000]
	11182.86131	   0.03522	[mu,kappa]: [(40.46454,87.45760),223.27041]
	10744.88491	   0.03384	[mu,kappa]: [(40.60670,87.25853),187.21690]
	13457.28599	   0.04238	[mu,kappa]: [(40.14894,87.86581),278.00000]
	14332.47737	   0.04513	[mu,kappa]: [(40.23353,87.85079),278.00000]
	13302.06278	   0.04189	[mu,kappa]: [(40.20723,87.83328),278.00000]
			msglen: 5276199.66125 bits.
Iteration #: 5
	18622.40052	   0.05864	[mu,kappa]: [(40.88596,81.09736),14.20101]
	12916.34403	   0.04067	[mu,kappa]: [(40.03000,87.90306),278.00000]
	13355.74161	   0.04206	[mu,kappa]: [(40.25488,87.81711),278.00000]
	12941.96774	   0.04075	[mu,kappa]: [(40.34257,87.77273),278.00000]
	10052.05432	   0.03165	[mu,kappa]: [(39.69431,87.14556),119.92583]
	12026.52456	   0.03787	[mu,kappa]: [(40.32921,87.74891),278.00000]
	11028.46844	   0.03473	[mu,kappa]: [(40.32160,87.61046),261.01128]
	11713.22054	   0.03689	[mu,kappa]: [(40.69486,87.56156),278.00000]
	11913.46969	   0.03752	[mu,kappa]: [(40.25753,87.76639),278.00000]
	11291.03805	   0.03556	[mu,kappa]: [(40.15088,87.73939),278.00000]
	13138.37194	   0.04137	[mu,kappa]: [(40.30383,87.79394),278.00000]
	10088.21810	   0.03177	[mu,kappa]: [(40.93190,86.71176),128.42933]
	10322.57050	   0.03251	[mu,kappa]: [(41.56725,86.77724),176.78337]
	11083.89164	   0.03490	[mu,kappa]: [(40.28238,87.64744),269.53713]
	10927.82280	   0.03441	[mu,kappa]: [(39.92034,87.74684),248.90439]
	13009.82831	   0.04097	[mu,kappa]: [(40.27737,87.80266),278.00000]
	10216.80242	   0.03217	[mu,kappa]: [(40.71986,86.85717),134.46587]
	12220.27688	   0.03848	[mu,kappa]: [(43.17983,84.54204),64.43110]
	10266.78693	   0.03233	[mu,kappa]: [(40.48778,87.24816),178.39211]
	13305.37440	   0.04190	[mu,kappa]: [(40.51445,87.70768),278.00000]
	14299.70796	   0.04503	[mu,kappa]: [(40.40570,87.76653),278.00000]
	10972.96796	   0.03455	[mu,kappa]: [(40.46851,87.50535),244.54762]
	10429.78844	   0.03284	[mu,kappa]: [(40.67875,87.24252),194.40612]
	13567.46902	   0.04272	[mu,kappa]: [(40.04442,87.90885),278.00000]
	14439.86138	   0.04547	[mu,kappa]: [(40.15034,87.87356),278.00000]
	13404.03179	   0.04221	[mu,kappa]: [(40.12046,87.87360),278.00000]
			msglen: 5273325.82923 bits.
Iteration #: 6
	17961.21630	   0.05656	[mu,kappa]: [(39.87202,81.44421),14.06697]
	13007.53197	   0.04096	[mu,kappa]: [(39.90121,87.95385),278.00000]
	13424.25598	   0.04227	[mu,kappa]: [(40.19265,87.83645),278.00000]
	13003.36730	   0.04095	[mu,kappa]: [(40.30749,87.78527),278.00000]
	9973.90505	   0.03141	[mu,kappa]: [(38.97235,87.32830),111.92248]
	12083.88318	   0.03805	[mu,kappa]: [(40.29424,87.77780),278.00000]
	10992.70711	   0.03462	[mu,kappa]: [(40.29267,87.68906),278.00000]
	11775.64277	   0.03708	[mu,kappa]: [(40.77197,87.56295),278.00000]
	11973.80725	   0.03771	[mu,kappa]: [(40.20292,87.81028),278.00000]
	11354.22683	   0.03576	[mu,kappa]: [(40.07409,87.83222),278.00000]
	13202.60805	   0.04158	[mu,kappa]: [(40.25656,87.80868),278.00000]
	9855.56780	   0.03104	[mu,kappa]: [(41.15511,86.53643),122.06504]
	10171.25637	   0.03203	[mu,kappa]: [(42.11041,86.56253),184.27105]
	11092.72725	   0.03493	[mu,kappa]: [(40.24427,87.73224),278.00000]
	10874.81915	   0.03425	[mu,kappa]: [(39.74331,87.88108),277.57705]
	13075.00023	   0.04117	[mu,kappa]: [(40.22254,87.82179),278.00000]
	9942.24826	   0.03131	[mu,kappa]: [(40.80199,86.75326),128.52058]
	13436.15252	   0.04231	[mu,kappa]: [(45.04351,83.65777),65.26944]
	9949.75437	   0.03133	[mu,kappa]: [(40.47826,87.26056),182.69014]
	13366.50155	   0.04209	[mu,kappa]: [(40.52910,87.69591),278.00000]
	14365.40748	   0.04524	[mu,kappa]: [(40.38651,87.76128),278.00000]
	10856.09266	   0.03419	[mu,kappa]: [(40.48485,87.55946),272.65312]
	10144.32025	   0.03195	[mu,kappa]: [(40.77415,87.23069),204.37360]
	13661.23885	   0.04302	[mu,kappa]: [(39.91839,87.95193),278.00000]
	14524.63474	   0.04574	[mu,kappa]: [(40.05504,87.89921),278.00000]
	13486.12670	   0.04247	[mu,kappa]: [(40.01787,87.90916),278.00000]
			msglen: 5269387.28888 bits.
Iteration #: 7
	16498.63342	   0.05195	[mu,kappa]: [(38.34727,81.79047),13.64227]
	13091.80558	   0.04123	[mu,kappa]: [(39.74344,88.01230),278.00000]
	13471.45140	   0.04242	[mu,kappa]: [(40.12361,87.85743),278.00000]
	13042.23122	   0.04107	[mu,kappa]: [(40.27340,87.79407),278.00000]
	10166.47330	   0.03202	[mu,kappa]: [(37.56908,87.79281),107.94244]
	12120.47058	   0.03817	[mu,kappa]: [(40.25796,87.79467),278.00000]
	11024.72585	   0.03472	[mu,kappa]: [(40.26814,87.75063),278.00000]
	11828.76653	   0.03725	[mu,kappa]: [(40.87736,87.53065),278.00000]
	12014.98483	   0.03784	[mu,kappa]: [(40.13997,87.84096),278.00000]
	11403.66345	   0.03591	[mu,kappa]: [(39.97632,87.89440),278.00000]
	13244.56713	   0.04171	[mu,kappa]: [(40.20692,87.82252),278.00000]
	9556.95891	   0.03010	[mu,kappa]: [(41.38077,86.37960),118.49151]
	10174.75755	   0.03204	[mu,kappa]: [(42.80676,86.31252),200.86015]
	11127.54506	   0.03504	[mu,kappa]: [(40.20208,87.78823),278.00000]
	10965.84341	   0.03453	[mu,kappa]: [(39.55394,88.02807),278.00000]
	13118.71632	   0.04131	[mu,kappa]: [(40.16281,87.84027),278.00000]
	9606.57791	   0.03025	[mu,kappa]: [(40.81504,86.69058),124.60987]
	15034.50327	   0.04734	[mu,kappa]: [(47.32825,82.75388),76.50515]
	9621.14265	   0.03030	[mu,kappa]: [(40.44198,87.29726),189.96209]
	13406.29567	   0.04222	[mu,kappa]: [(40.56004,87.67670),278.00000]
	14406.06295	   0.04537	[mu,kappa]: [(40.37469,87.75614),278.00000]
	10859.24708	   0.03420	[mu,kappa]: [(40.52145,87.61562),278.00000]
	9877.43177	   0.03110	[mu,kappa]: [(40.89812,87.22327),219.69120]
	13746.57197	   0.04329	[mu,kappa]: [(39.76524,88.00565),278.00000]
	14591.84819	   0.04595	[mu,kappa]: [(39.94342,87.93416),278.00000]
	13553.72400	   0.04268	[mu,kappa]: [(39.89561,87.95140),278.00000]
			msglen: 5262674.14014 bits.
Iteration #: 8
	14127.80927	   0.04449	[mu,kappa]: [(36.52580,81.95127),12.82754]
	13177.33937	   0.04150	[mu,kappa]: [(39.56548,88.08108),278.00000]
	13502.68422	   0.04252	[mu,kappa]: [(40.05495,87.88229),278.00000]
	13064.12703	   0.04114	[mu,kappa]: [(40.24674,87.80311),278.00000]
	11023.74067	   0.03471	[mu,kappa]: [(35.36421,88.61715),116.07602]
	12141.30683	   0.03823	[mu,kappa]: [(40.22779,87.80829),278.00000]
	11043.08135	   0.03478	[mu,kappa]: [(40.24604,87.78300),278.00000]
	11884.55434	   0.03743	[mu,kappa]: [(41.01292,87.48176),278.00000]
	12041.61881	   0.03792	[mu,kappa]: [(40.07719,87.86886),278.00000]
	11443.26592	   0.03604	[mu,kappa]: [(39.86891,87.94768),278.00000]
	13269.63690	   0.04179	[mu,kappa]: [(40.16167,87.83839),278.00000]
	9028.59561	   0.02843	[mu,kappa]: [(41.57899,86.28197),121.03628]
	10427.22274	   0.03284	[mu,kappa]: [(43.55878,86.08208),235.15075]
	11148.54733	   0.03511	[mu,kappa]: [(40.16026,87.82276),278.00000]
	11073.87893	   0.03487	[mu,kappa]: [(39.32759,88.15002),278.00000]
	13146.21806	   0.04140	[mu,kappa]: [(40.10530,87.86126),278.00000]
	9070.37819	   0.02856	[mu,kappa]: [(40.72269,86.70430),125.76867]
	17223.71458	   0.05424	[mu,kappa]: [(49.40351,82.00904),102.91181]
	9246.78695	   0.02912	[mu,kappa]: [(40.39453,87.36061),204.68385]
	13433.20403	   0.04230	[mu,kappa]: [(40.61101,87.65406),278.00000]
	14428.54584	   0.04544	[mu,kappa]: [(40.37533,87.75213),278.00000]
	10879.36758	   0.03426	[mu,kappa]: [(40.57232,87.63538),278.00000]
	9636.41302	   0.03035	[mu,kappa]: [(41.05997,87.22360),246.40081]
	13831.69321	   0.04356	[mu,kappa]: [(39.59339,88.07077),278.00000]
	14647.99500	   0.04613	[mu,kappa]: [(39.82314,87.97803),278.00000]
	13613.27420	   0.04287	[mu,kappa]: [(39.76184,88.00192),278.00000]
			msglen: 5251689.82532 bits.
Iteration #: 9
	11123.51090	   0.03503	[mu,kappa]: [(35.14769,81.35164),11.27863]
	13215.00037	   0.04161	[mu,kappa]: [(39.39807,88.14864),278.00000]
	13477.92406	   0.04244	[mu,kappa]: [(40.00866,87.90222),278.00000]
	13034.83582	   0.04105	[mu,kappa]: [(40.24595,87.80561),278.00000]
	13178.83111	   0.04150	[mu,kappa]: [(33.00106,89.58037),147.47190]
	12114.18391	   0.03815	[mu,kappa]: [(40.22289,87.81381),278.00000]
	11018.33909	   0.03470	[mu,kappa]: [(40.24760,87.79571),278.00000]
	11927.90480	   0.03756	[mu,kappa]: [(41.18128,87.42100),278.00000]
	12018.50076	   0.03785	[mu,kappa]: [(40.03677,87.88887),278.00000]
	11435.40639	   0.03601	[mu,kappa]: [(39.77872,87.99056),278.00000]
	13241.00664	   0.04170	[mu,kappa]: [(40.14083,87.84850),278.00000]
	8213.77323	   0.02587	[mu,kappa]: [(41.79677,86.24887),133.96361]
	11102.82843	   0.03496	[mu,kappa]: [(44.19971,85.94089),278.00000]
	11124.51302	   0.03503	[mu,kappa]: [(40.14108,87.84107),278.00000]
	11151.74415	   0.03512	[mu,kappa]: [(39.10206,88.25527),278.00000]
	13119.71018	   0.04131	[mu,kappa]: [(40.07111,87.87670),278.00000]
	8265.19213	   0.02603	[mu,kappa]: [(40.60858,86.77805),135.72149]
	19644.32804	   0.06186	[mu,kappa]: [(50.52612,81.60115),133.00818]
	8837.61201	   0.02783	[mu,kappa]: [(40.39426,87.43334),232.63997]
	13420.96004	   0.04226	[mu,kappa]: [(40.69291,87.62382),278.00000]
	14398.43381	   0.04534	[mu,kappa]: [(40.40407,87.74210),278.00000]
	10866.86019	   0.03422	[mu,kappa]: [(40.64992,87.62563),278.00000]
	9496.38559	   0.02991	[mu,kappa]: [(41.26585,87.23048),278.00000]
	13865.52010	   0.04366	[mu,kappa]: [(39.43296,88.13505),278.00000]
	14643.90474	   0.04611	[mu,kappa]: [(39.72023,88.01947),278.00000]
	13617.79047	   0.04288	[mu,kappa]: [(39.64385,88.04984),278.00000]
			msglen: 5239428.32869 bits.
Iteration #: 10
	8346.09818	   0.02628	[mu,kappa]: [(34.86415,79.49057),9.22318]
	13167.92220	   0.04147	[mu,kappa]: [(39.28223,88.19670),278.00000]
	13386.89907	   0.04216	[mu,kappa]: [(40.00717,87.90420),278.00000]
	12952.26684	   0.04079	[mu,kappa]: [(40.28703,87.79073),278.00000]
	16494.24914	   0.05194	[mu,kappa]: [(31.44863,90.28160),198.87779]
	12036.51744	   0.03790	[mu,kappa]: [(40.26002,87.80114),278.00000]
	10948.73257	   0.03448	[mu,kappa]: [(40.29001,87.78526),278.00000]
	11972.86863	   0.03770	[mu,kappa]: [(41.37614,87.34677),278.00000]
	11937.41101	   0.03759	[mu,kappa]: [(40.04059,87.88978),278.00000]
	11363.57486	   0.03578	[mu,kappa]: [(39.73543,88.01187),278.00000]
	13153.19539	   0.04142	[mu,kappa]: [(40.16320,87.84099),278.00000]
	7360.37740	   0.02318	[mu,kappa]: [(42.13924,86.22002),160.06729]
	12303.37858	   0.03874	[mu,kappa]: [(44.66573,85.87317),278.00000]
	11050.83900	   0.03480	[mu,kappa]: [(40.16432,87.83716),278.00000]
	11154.60248	   0.03513	[mu,kappa]: [(38.93022,88.33257),278.00000]
	13031.40759	   0.04104	[mu,kappa]: [(40.08095,87.87425),278.00000]
	7348.11965	   0.02314	[mu,kappa]: [(40.66095,86.82535),157.11567]
	21045.48935	   0.06627	[mu,kappa]: [(50.93478,81.40844),149.64454]
	8518.18153	   0.02682	[mu,kappa]: [(40.48045,87.49485),278.00000]
	13378.74124	   0.04213	[mu,kappa]: [(40.81040,87.57842),278.00000]
	14318.32824	   0.04509	[mu,kappa]: [(40.47269,87.71581),278.00000]
	10828.22944	   0.03410	[mu,kappa]: [(40.76208,87.59073),278.00000]
	9549.21114	   0.03007	[mu,kappa]: [(41.49073,87.22607),278.00000]
	13811.22367	   0.04349	[mu,kappa]: [(39.32376,88.18019),278.00000]
	14555.62621	   0.04584	[mu,kappa]: [(39.66543,88.04256),278.00000]
	13541.50918	   0.04264	[mu,kappa]: [(39.57476,88.07893),278.00000]
			msglen: 5230469.95377 bits.
Iteration #: 11
	6564.57342	   0.02067	[mu,kappa]: [(34.79319,77.22260),7.68901]
	13100.40804	   0.04125	[mu,kappa]: [(39.20950,88.22601),278.00000]
	13295.86520	   0.04187	[mu,kappa]: [(40.02799,87.89322),278.00000]
	12876.95535	   0.04055	[mu,kappa]: [(40.34369,87.76462),278.00000]
	19217.14142	   0.06052	[mu,kappa]: [(30.80657,90.61818),243.28657]
	11964.95447	   0.03768	[mu,kappa]: [(40.31331,87.77674),278.00000]
	10885.35730	   0.03428	[mu,kappa]: [(40.34751,87.76106),278.00000]
	12049.52979	   0.03794	[mu,kappa]: [(41.56292,87.26758),278.00000]
	11857.12796	   0.03734	[mu,kappa]: [(40.06582,87.87740),278.00000]
	11285.37154	   0.03554	[mu,kappa]: [(39.72136,88.01697),278.00000]
	13069.51243	   0.04116	[mu,kappa]: [(40.20407,87.82152),278.00000]
	6755.95484	   0.02128	[mu,kappa]: [(42.52055,86.20616),198.68508]
	13552.62149	   0.04268	[mu,kappa]: [(45.00655,85.80031),278.00000]
	10980.68143	   0.03458	[mu,kappa]: [(40.20569,87.81927),278.00000]
	11130.85301	   0.03505	[mu,kappa]: [(38.81353,88.38404),278.00000]
	12945.04276	   0.04076	[mu,kappa]: [(40.11127,87.85928),278.00000]
	6585.21379	   0.02074	[mu,kappa]: [(40.84345,86.85331),190.29488]
	21266.57853	   0.06697	[mu,kappa]: [(51.12072,81.25509),153.62479]
	8478.04133	   0.02670	[mu,kappa]: [(40.58430,87.56311),278.00000]
	13357.64625	   0.04206	[mu,kappa]: [(40.93200,87.52510),278.00000]
	14251.47082	   0.04488	[mu,kappa]: [(40.55274,87.67967),278.00000]
	10805.75872	   0.03403	[mu,kappa]: [(40.87862,87.54335),278.00000]
	9631.54328	   0.03033	[mu,kappa]: [(41.69749,87.17675),278.00000]
	13736.79436	   0.04326	[mu,kappa]: [(39.25633,88.20708),278.00000]
	14457.01457	   0.04553	[mu,kappa]: [(39.64205,88.05037),278.00000]
	13452.98790	   0.04236	[mu,kappa]: [(39.53967,88.09189),278.00000]
			msglen: 5226372.27523 bits.
Iteration #: 12
	5703.09230	   0.01796	[mu,kappa]: [(34.03646,75.75724),6.95863]
	13084.31613	   0.04120	[mu,kappa]: [(39.13336,88.25398),278.00000]
	13242.15525	   0.04170	[mu,kappa]: [(40.02780,87.88718),278.00000]
	12830.93401	   0.04041	[mu,kappa]: [(40.37458,87.74497),278.00000]
	20471.12885	   0.06446	[mu,kappa]: [(30.61150,90.74630),267.13708]
	11921.23190	   0.03754	[mu,kappa]: [(40.34122,87.75853),278.00000]
	10846.66613	   0.03416	[mu,kappa]: [(40.37898,87.74221),278.00000]
	12128.89747	   0.03819	[mu,kappa]: [(41.71116,87.19814),278.00000]
	11809.39103	   0.03719	[mu,kappa]: [(40.06936,87.86993),278.00000]
	11244.25168	   0.03541	[mu,kappa]: [(39.69177,88.02450),278.00000]
	13018.67871	   0.04100	[mu,kappa]: [(40.22115,87.80789),278.00000]
	6464.75155	   0.02036	[mu,kappa]: [(42.84220,86.24400),248.05786]
	14721.15891	   0.04636	[mu,kappa]: [(45.26363,85.72597),278.00000]
	10938.08912	   0.03444	[mu,kappa]: [(40.22309,87.80633),278.00000]
	11153.83754	   0.03512	[mu,kappa]: [(38.70518,88.42818),278.00000]
	12893.23459	   0.04060	[mu,kappa]: [(40.11923,87.84966),278.00000]
	6100.73211	   0.01921	[mu,kappa]: [(41.01419,86.93399),234.17274]
	20913.55908	   0.06586	[mu,kappa]: [(51.30601,81.07507),150.95010]
	8456.16567	   0.02663	[mu,kappa]: [(40.64944,87.58226),278.00000]
	13353.32743	   0.04205	[mu,kappa]: [(41.02095,87.48033),278.00000]
	14211.86477	   0.04475	[mu,kappa]: [(40.60433,87.65092),278.00000]
	10797.84208	   0.03400	[mu,kappa]: [(40.96271,87.50246),278.00000]
	9714.38172	   0.03059	[mu,kappa]: [(41.86118,87.11902),278.00000]
	13715.63909	   0.04319	[mu,kappa]: [(39.18424,88.23316),278.00000]
	14407.56663	   0.04537	[mu,kappa]: [(39.60489,88.06068),278.00000]
	13412.10626	   0.04224	[mu,kappa]: [(39.49302,88.10652),278.00000]
			msglen: 5224472.15557 bits.
Iteration #: 13
	5288.91229	   0.01666	[mu,kappa]: [(32.89734,75.09010),6.67667]
	13100.73478	   0.04125	[mu,kappa]: [(39.04346,88.28578),278.00000]
	13198.55197	   0.04156	[mu,kappa]: [(40.00552,87.88883),278.00000]
	12786.17487	   0.04026	[mu,kappa]: [(40.38193,87.73361),278.00000]
	20867.22281	   0.06571	[mu,kappa]: [(30.55908,90.79277),277.38176]
	11879.42304	   0.03741	[mu,kappa]: [(40.34567,87.74849),278.00000]
	10808.94822	   0.03404	[mu,kappa]: [(40.38680,87.73113),278.00000]
	12186.08131	   0.03837	[mu,kappa]: [(41.83489,87.13648),278.00000]
	11769.70482	   0.03706	[mu,kappa]: [(40.05058,87.87015),278.00000]
	11219.17742	   0.03533	[mu,kappa]: [(39.64233,88.03844),278.00000]
	12972.89633	   0.04085	[mu,kappa]: [(40.21524,87.80234),278.00000]
	6461.45394	   0.02035	[mu,kappa]: [(43.10547,86.31120),278.00000]
	15847.64096	   0.04990	[mu,kappa]: [(45.48327,85.64452),278.00000]
	10899.69600	   0.03432	[mu,kappa]: [(40.21742,87.80107),278.00000]
	11212.08705	   0.03531	[mu,kappa]: [(38.58980,88.47223),278.00000]
	12848.96421	   0.04046	[mu,kappa]: [(40.10464,87.84794),278.00000]
	5880.74571	   0.01852	[mu,kappa]: [(41.14315,87.06498),278.00000]
	20329.28493	   0.06402	[mu,kappa]: [(51.52045,80.87618),146.01544]
	8431.34597	   0.02655	[mu,kappa]: [(40.68585,87.58384),278.00000]
	13335.77324	   0.04200	[mu,kappa]: [(41.08535,87.44407),278.00000]
	14167.76346	   0.04461	[mu,kappa]: [(40.63182,87.63070),278.00000]
	10780.15896	   0.03395	[mu,kappa]: [(41.02213,87.46922),278.00000]
	9778.20453	   0.03079	[mu,kappa]: [(41.99882,87.06030),278.00000]
	13727.32286	   0.04323	[mu,kappa]: [(39.09772,88.26341),278.00000]
	14381.14593	   0.04529	[mu,kappa]: [(39.54867,88.07735),278.00000]
	13395.58439	   0.04218	[mu,kappa]: [(39.42836,88.12697),278.00000]
			msglen: 5223291.10686 bits.
Iteration #: 14
	5040.64318	   0.01587	[mu,kappa]: [(31.73916,74.79241),6.56753]
	13131.24357	   0.04135	[mu,kappa]: [(38.94944,88.31969),278.00000]
	13156.34551	   0.04143	[mu,kappa]: [(39.97374,87.89531),278.00000]
	12738.19518	   0.04011	[mu,kappa]: [(40.37896,87.72739),278.00000]
	20894.18145	   0.06580	[mu,kappa]: [(30.53830,90.81146),278.00000]
	11835.00557	   0.03727	[mu,kappa]: [(40.33986,87.74356),278.00000]
	10768.45868	   0.03391	[mu,kappa]: [(40.38425,87.72496),278.00000]
	12231.86473	   0.03852	[mu,kappa]: [(41.94808,87.07894),278.00000]
	11730.73373	   0.03694	[mu,kappa]: [(40.02216,87.87519),278.00000]
	11199.48567	   0.03527	[mu,kappa]: [(39.58477,88.05640),278.00000]
	12925.82824	   0.04070	[mu,kappa]: [(40.19930,87.80183),278.00000]
	6608.23116	   0.02081	[mu,kappa]: [(43.32698,86.34541),278.00000]
	16981.03652	   0.05347	[mu,kappa]: [(45.67790,85.55703),278.00000]
	10860.19806	   0.03420	[mu,kappa]: [(40.20168,87.80066),278.00000]
	11286.31212	   0.03554	[mu,kappa]: [(38.47474,88.51577),278.00000]
	12804.78968	   0.04032	[mu,kappa]: [(40.08028,87.85115),278.00000]
	5867.00547	   0.01848	[mu,kappa]: [(41.23612,87.19323),278.00000]
	19575.38947	   0.06164	[mu,kappa]: [(51.75804,80.66839),140.75888]
	8402.35684	   0.02646	[mu,kappa]: [(40.70952,87.57835),278.00000]
	13308.23087	   0.04191	[mu,kappa]: [(41.13910,87.41278),278.00000]
	14117.16171	   0.04446	[mu,kappa]: [(40.64875,87.61567),278.00000]
	10754.75361	   0.03387	[mu,kappa]: [(41.07081,87.44060),278.00000]
	9832.97506	   0.03096	[mu,kappa]: [(42.12513,87.00139),278.00000]
	13753.08931	   0.04331	[mu,kappa]: [(39.00663,88.29603),278.00000]
	14363.02747	   0.04523	[mu,kappa]: [(39.48484,88.09793),278.00000]
	13388.45715	   0.04216	[mu,kappa]: [(39.35679,88.15099),278.00000]
			msglen: 5222691.08692 bits.
Iteration #: 15
	4835.23485	   0.01523	[mu,kappa]: [(30.69460,74.57408),6.49999]
	13178.75005	   0.04150	[mu,kappa]: [(38.86043,88.35363),278.00000]
	13128.51184	   0.04134	[mu,kappa]: [(39.94137,87.90469),278.00000]
	12702.77994	   0.04000	[mu,kappa]: [(40.37381,87.72476),278.00000]
	20752.36480	   0.06535	[mu,kappa]: [(30.51146,90.81653),278.00000]
	11802.37621	   0.03717	[mu,kappa]: [(40.33202,87.74214),278.00000]
	10738.57554	   0.03382	[mu,kappa]: [(40.37950,87.72228),278.00000]
	12288.04800	   0.03870	[mu,kappa]: [(42.05355,87.02622),278.00000]
	11704.42461	   0.03686	[mu,kappa]: [(39.99294,87.88321),278.00000]
	11193.15641	   0.03525	[mu,kappa]: [(39.52843,88.07631),278.00000]
	12892.10163	   0.04060	[mu,kappa]: [(40.18185,87.80464),278.00000]
	6765.36983	   0.02131	[mu,kappa]: [(43.52090,86.32637),278.00000]
	18112.84228	   0.05704	[mu,kappa]: [(45.84221,85.47010),278.00000]
	10831.90181	   0.03411	[mu,kappa]: [(40.18441,87.80349),278.00000]
	11374.75080	   0.03582	[mu,kappa]: [(38.36816,88.55728),278.00000]
	12774.23664	   0.04023	[mu,kappa]: [(40.05487,87.85747),278.00000]
	5862.47164	   0.01846	[mu,kappa]: [(41.30945,87.24489),278.00000]
	18672.65588	   0.05880	[mu,kappa]: [(52.02481,80.44819),135.71085]
	8381.03049	   0.02639	[mu,kappa]: [(40.72884,87.57099),278.00000]
	13291.98938	   0.04186	[mu,kappa]: [(41.18814,87.38588),278.00000]
	14079.62029	   0.04434	[mu,kappa]: [(40.66257,87.60459),278.00000]
	10738.55776	   0.03382	[mu,kappa]: [(41.11498,87.41611),278.00000]
	9896.29534	   0.03116	[mu,kappa]: [(42.24253,86.94540),278.00000]
	13796.60963	   0.04345	[mu,kappa]: [(38.92017,88.32888),278.00000]
	14362.37697	   0.04523	[mu,kappa]: [(39.42276,88.12028),278.00000]
	13397.96738	   0.04219	[mu,kappa]: [(39.28767,88.17638),278.00000]
			msglen: 5222121.90323 bits.
Iteration #: 16
	4658.08768	   0.01467	[mu,kappa]: [(29.68664,74.38722),6.46054]
	13233.99305	   0.04167	[mu,kappa]: [(38.77670,88.38697),278.00000]
	13107.14522	   0.04128	[mu,kappa]: [(39.90921,87.91608),278.00000]
	12672.63142	   0.03991	[mu,kappa]: [(40.36730,87.72488),278.00000]
	20523.53791	   0.06463	[mu,kappa]: [(30.47174,90.82048),278.00000]
	11774.72864	   0.03708	[mu,kappa]: [(40.32295,87.74340),278.00000]
	10713.13332	   0.03374	[mu,kappa]: [(40.37335,87.72230),278.00000]
	12347.39734	   0.03888	[mu,kappa]: [(42.15177,86.97819),278.00000]
	11683.77437	   0.03679	[mu,kappa]: [(39.96374,87.89332),278.00000]
	11193.05845	   0.03525	[mu,kappa]: [(39.47402,88.09734),278.00000]
	12864.16837	   0.04051	[mu,kappa]: [(40.16372,87.80989),278.00000]
	6925.45902	   0.02181	[mu,kappa]: [(43.69377,86.28176),278.00000]
	19231.78118	   0.06056	[mu,kappa]: [(45.98515,85.38475),278.00000]
	10808.46765	   0.03404	[mu,kappa]: [(40.16644,87.80871),278.00000]
	11468.90454	   0.03612	[mu,kappa]: [(38.26972,88.59660),278.00000]
	12749.71827	   0.04015	[mu,kappa]: [(40.02926,87.86601),278.00000]
	5860.63538	   0.01846	[mu,kappa]: [(41.37081,87.25945),278.00000]
	17727.56269	   0.05582	[mu,kappa]: [(52.32010,80.21632),131.17052]
	8362.67047	   0.02634	[mu,kappa]: [(40.74508,87.56401),278.00000]
	13279.66870	   0.04182	[mu,kappa]: [(41.23311,87.36280),278.00000]
	14047.22129	   0.04424	[mu,kappa]: [(40.67406,87.59669),278.00000]
	10725.61268	   0.03378	[mu,kappa]: [(41.15530,87.39526),278.00000]
	9962.20087	   0.03137	[mu,kappa]: [(42.35170,86.89325),278.00000]
	13848.27012	   0.04361	[mu,kappa]: [(38.83865,88.36130),278.00000]
	14369.90096	   0.04525	[mu,kappa]: [(39.36310,88.14351),278.00000]
	13415.27041	   0.04225	[mu,kappa]: [(39.22160,88.20233),278.00000]
			msglen: 5221581.62059 bits.
Iteration #: 17
	4500.56597	   0.01417	[mu,kappa]: [(28.70898,74.21260),6.44153]
	13294.18705	   0.04186	[mu,kappa]: [(38.69830,88.41874),278.00000]
	13090.51794	   0.04122	[mu,kappa]: [(39.87750,87.92842),278.00000]
	12646.21594	   0.03982	[mu,kappa]: [(40.35951,87.72682),278.00000]
	20234.29619	   0.06372	[mu,kappa]: [(30.41982,90.82630),277.63966]
	11750.63464	   0.03700	[mu,kappa]: [(40.31277,87.74640),278.00000]
	10690.83601	   0.03367	[mu,kappa]: [(40.36589,87.72412),278.00000]
	12406.44903	   0.03907	[mu,kappa]: [(42.24183,86.93473),278.00000]
	11667.26813	   0.03674	[mu,kappa]: [(39.93477,87.90450),278.00000]
	11197.44811	   0.03526	[mu,kappa]: [(39.42181,88.11840),278.00000]
	12840.43706	   0.04044	[mu,kappa]: [(40.14507,87.81659),278.00000]
	7083.26533	   0.02231	[mu,kappa]: [(43.84782,86.22652),278.00000]
	20319.65023	   0.06399	[mu,kappa]: [(46.11111,85.30197),278.00000]
	10788.55935	   0.03397	[mu,kappa]: [(40.14794,87.81537),278.00000]
	11565.89900	   0.03642	[mu,kappa]: [(38.17908,88.63306),278.00000]
	12729.61062	   0.04009	[mu,kappa]: [(40.00362,87.87573),278.00000]
	5859.72031	   0.01845	[mu,kappa]: [(41.42336,87.25678),278.00000]
	16787.43730	   0.05286	[mu,kappa]: [(52.63748,79.97680),127.19064]
	8346.22468	   0.02628	[mu,kappa]: [(40.75841,87.55806),278.00000]
	13269.21430	   0.04179	[mu,kappa]: [(41.27362,87.34296),278.00000]
	14018.22073	   0.04414	[mu,kappa]: [(40.68314,87.59114),278.00000]
	10714.32692	   0.03374	[mu,kappa]: [(41.19144,87.37749),278.00000]
	10027.50709	   0.03158	[mu,kappa]: [(42.45171,86.84543),278.00000]
	13905.22791	   0.04379	[mu,kappa]: [(38.76217,88.39230),278.00000]
	14383.24953	   0.04529	[mu,kappa]: [(39.30611,88.16656),278.00000]
	13438.03064	   0.04232	[mu,kappa]: [(39.15883,88.22777),278.00000]
			msglen: 5221078.19603 bits.
			N: 317555
		16.44149 bpr
Null model msglen: 7488920.11043 bits.	(23.58306 bpr)
