Iteration #: 0
	10457.00000	   0.03293	[mu,kappa]: [(40.39470,87.20504),119.72060]
	10475.00000	   0.03299	[mu,kappa]: [(40.49459,87.08649),118.03676]
	10630.00000	   0.03347	[mu,kappa]: [(40.50203,87.06943),113.46340]
	10456.00000	   0.03293	[mu,kappa]: [(40.47633,87.14453),121.78780]
	10650.00000	   0.03354	[mu,kappa]: [(40.51397,87.12163),118.55447]
	10682.00000	   0.03364	[mu,kappa]: [(40.50319,87.10697),120.71608]
	10656.00000	   0.03356	[mu,kappa]: [(40.45149,87.16500),123.14096]
	10533.00000	   0.03317	[mu,kappa]: [(40.57414,87.07369),117.09334]
	10550.00000	   0.03322	[mu,kappa]: [(40.57293,87.03870),114.17736]
	10565.00000	   0.03327	[mu,kappa]: [(40.52465,87.07988),112.81187]
	10428.00000	   0.03284	[mu,kappa]: [(40.49110,87.13252),119.47084]
	10658.00000	   0.03356	[mu,kappa]: [(40.48518,87.08493),111.24757]
	10581.00000	   0.03332	[mu,kappa]: [(40.62978,87.04071),112.44924]
	10700.00000	   0.03369	[mu,kappa]: [(40.52903,87.08686),113.80624]
	10372.00000	   0.03266	[mu,kappa]: [(40.42604,87.08168),115.38017]
	10475.00000	   0.03299	[mu,kappa]: [(40.53683,87.14902),129.59838]
	10616.00000	   0.03343	[mu,kappa]: [(40.54351,87.08266),120.12569]
	10560.00000	   0.03325	[mu,kappa]: [(40.46138,87.17057),125.19093]
	10546.00000	   0.03321	[mu,kappa]: [(40.49644,87.10002),120.33427]
	10528.00000	   0.03315	[mu,kappa]: [(40.43717,87.13033),120.05163]
	10706.00000	   0.03371	[mu,kappa]: [(40.42479,87.11473),103.82990]
	10689.00000	   0.03366	[mu,kappa]: [(40.39004,87.11722),102.88472]
	10714.00000	   0.03374	[mu,kappa]: [(40.40117,87.10410),118.55928]
	10700.00000	   0.03369	[mu,kappa]: [(40.48416,87.12827),119.76937]
	10507.00000	   0.03309	[mu,kappa]: [(40.44969,87.11297),116.40134]
	10729.00000	   0.03379	[mu,kappa]: [(40.48041,87.11422),116.61785]
	10686.00000	   0.03365	[mu,kappa]: [(40.54703,87.11145),122.71523]
	10672.00000	   0.03361	[mu,kappa]: [(40.46363,87.10538),110.93185]
	10435.00000	   0.03286	[mu,kappa]: [(40.49893,87.16732),113.80513]
	10599.00000	   0.03338	[mu,kappa]: [(40.31950,87.16634),118.15465]
			msglen: 0.00000 bits.
Iteration #: 1
	10456.60355	   0.03293	[mu,kappa]: [(40.40086,87.30456),158.59003]
	10439.68753	   0.03288	[mu,kappa]: [(40.54058,87.18925),149.77496]
	10527.59696	   0.03315	[mu,kappa]: [(40.56691,87.04992),125.42057]
	10501.09752	   0.03307	[mu,kappa]: [(40.49638,87.28978),166.74184]
	10625.02962	   0.03346	[mu,kappa]: [(40.55550,87.20586),152.40579]
	10702.62226	   0.03370	[mu,kappa]: [(40.53606,87.24792),161.90078]
	10735.22206	   0.03381	[mu,kappa]: [(40.46216,87.32714),172.37826]
	10482.02559	   0.03301	[mu,kappa]: [(40.64368,87.12964),144.83744]
	10457.43747	   0.03293	[mu,kappa]: [(40.66691,87.03117),129.21137]
	10458.66148	   0.03293	[mu,kappa]: [(40.59728,87.01980),121.56916]
	10421.85648	   0.03282	[mu,kappa]: [(40.52332,87.23776),156.72369]
	10544.07057	   0.03320	[mu,kappa]: [(40.53433,86.97439),111.46751]
	10476.56652	   0.03299	[mu,kappa]: [(40.75715,86.94060),118.87756]
	10600.77478	   0.03338	[mu,kappa]: [(40.60002,87.05673),127.55897]
	10292.51573	   0.03241	[mu,kappa]: [(40.46254,87.14794),136.39174]
	10722.23881	   0.03376	[mu,kappa]: [(40.53246,87.37367),194.89486]
	10623.55824	   0.03345	[mu,kappa]: [(40.58823,87.21280),159.01109]
	10690.73529	   0.03367	[mu,kappa]: [(40.46606,87.35432),180.13280]
	10557.69728	   0.03325	[mu,kappa]: [(40.53113,87.24091),160.24133]
	10533.56196	   0.03317	[mu,kappa]: [(40.46015,87.26861),159.42340]
	10898.84480	   0.03432	[mu,kappa]: [(39.98906,86.32230),42.30276]
	11095.52597	   0.03494	[mu,kappa]: [(39.74478,85.98153),26.27593]
	10687.22893	   0.03365	[mu,kappa]: [(40.42570,87.24338),152.55541]
	10699.92799	   0.03369	[mu,kappa]: [(40.51492,87.24478),158.03761]
	10442.52090	   0.03288	[mu,kappa]: [(40.48627,87.17744),142.01256]
	10667.24405	   0.03359	[mu,kappa]: [(40.52369,87.17098),143.08215]
	10754.22482	   0.03387	[mu,kappa]: [(40.57464,87.26768),169.91722]
	10557.42952	   0.03325	[mu,kappa]: [(40.49426,86.97803),109.38665]
	10337.02955	   0.03255	[mu,kappa]: [(40.54416,87.10096),128.21179]
	10565.46377	   0.03327	[mu,kappa]: [(40.31931,87.28815),151.10141]
			msglen: 5331055.56351 bits.
Iteration #: 2
	10716.52888	   0.03375	[mu,kappa]: [(40.32349,87.58584),240.62753]
	10484.80917	   0.03302	[mu,kappa]: [(40.47501,87.46916),223.28096]
	10001.93119	   0.03150	[mu,kappa]: [(40.54577,87.26568),175.96199]
	10943.85943	   0.03446	[mu,kappa]: [(40.41700,87.57959),255.36571]
	10732.91151	   0.03380	[mu,kappa]: [(40.48647,87.48177),228.26993]
	11036.92899	   0.03476	[mu,kappa]: [(40.46003,87.53798),246.18295]
	11322.45457	   0.03565	[mu,kappa]: [(40.38087,87.61837),265.85473]
	10407.27661	   0.03277	[mu,kappa]: [(40.58819,87.39275),213.35942]
	10020.03097	   0.03155	[mu,kappa]: [(40.64701,87.25352),182.90585]
	9848.21434	   0.03101	[mu,kappa]: [(40.59080,87.21163),168.30636]
	10629.46264	   0.03347	[mu,kappa]: [(40.44992,87.51971),236.57628]
	9702.10854	   0.03055	[mu,kappa]: [(40.55617,87.11616),148.80562]
	9803.50141	   0.03087	[mu,kappa]: [(40.78470,87.09923),162.30113]
	10120.74808	   0.03187	[mu,kappa]: [(40.57600,87.27329),180.03159]
	10032.32424	   0.03159	[mu,kappa]: [(40.40972,87.41101),197.80685]
	11814.32846	   0.03720	[mu,kappa]: [(40.44461,87.66551),278.00000]
	10884.22050	   0.03428	[mu,kappa]: [(40.51504,87.50019),240.52661]
	11453.90334	   0.03607	[mu,kappa]: [(40.38279,87.64615),278.00000]
	10849.07612	   0.03416	[mu,kappa]: [(40.45639,87.53124),243.09658]
	10810.03492	   0.03404	[mu,kappa]: [(40.38490,87.55883),241.88303]
	9643.54800	   0.03037	[mu,kappa]: [(41.13404,84.33293),35.76850]
	12195.29192	   0.03840	[mu,kappa]: [(40.43643,80.72863),11.84037]
	10806.05624	   0.03403	[mu,kappa]: [(40.35488,87.53456),229.03023]
	10944.61099	   0.03447	[mu,kappa]: [(40.44068,87.52951),239.07472]
	10309.44967	   0.03247	[mu,kappa]: [(40.42635,87.44482),208.64445]
	10555.20674	   0.03324	[mu,kappa]: [(40.46413,87.43624),210.56192]
	11276.03392	   0.03551	[mu,kappa]: [(40.49349,87.55903),260.83605]
	9668.87190	   0.03045	[mu,kappa]: [(40.51686,87.10841),144.91973]
	9885.87319	   0.03113	[mu,kappa]: [(40.50972,87.31318),181.63735]
	10655.40353	   0.03355	[mu,kappa]: [(40.24519,87.57625),226.68734]
			msglen: 5282473.07042 bits.
Iteration #: 3
	10736.40156	   0.03381	[mu,kappa]: [(40.21496,87.73447),278.00000]
	10376.97362	   0.03268	[mu,kappa]: [(40.40993,87.59074),257.73922]
	9670.18340	   0.03045	[mu,kappa]: [(40.52400,87.30448),185.95409]
	11062.01785	   0.03483	[mu,kappa]: [(40.33673,87.72416),278.00000]
	10654.56293	   0.03355	[mu,kappa]: [(40.42422,87.60401),265.37574]
	11084.70069	   0.03491	[mu,kappa]: [(40.39025,87.67512),278.00000]
	11529.20371	   0.03631	[mu,kappa]: [(40.29370,87.76916),278.00000]
	10235.29224	   0.03223	[mu,kappa]: [(40.56316,87.48696),242.26362]
	9710.31870	   0.03058	[mu,kappa]: [(40.66701,87.28753),196.05107]
	9501.94844	   0.02992	[mu,kappa]: [(40.59804,87.21941),174.68260]
	10609.90357	   0.03341	[mu,kappa]: [(40.37670,87.65217),278.00000]
	9346.39362	   0.02943	[mu,kappa]: [(40.56724,87.06554),147.12710]
	9455.21012	   0.02978	[mu,kappa]: [(40.90488,87.04108),165.76567]
	9797.85673	   0.03085	[mu,kappa]: [(40.56530,87.31415),191.92716]
	9792.59095	   0.03084	[mu,kappa]: [(40.32165,87.51702),218.95031]
	12125.12957	   0.03818	[mu,kappa]: [(40.36664,87.78670),278.00000]
	10887.29537	   0.03428	[mu,kappa]: [(40.46046,87.62809),278.00000]
	11759.14551	   0.03703	[mu,kappa]: [(40.29787,87.79672),278.00000]
	10874.30118	   0.03424	[mu,kappa]: [(40.38561,87.66768),278.00000]
	10832.63203	   0.03411	[mu,kappa]: [(40.29432,87.70295),278.00000]
	11401.12875	   0.03590	[mu,kappa]: [(42.60607,83.28452),35.00933]
	13019.58207	   0.04100	[mu,kappa]: [(40.45250,80.22081),11.69627]
	10742.42762	   0.03383	[mu,kappa]: [(40.25299,87.67739),266.82267]
	10942.74232	   0.03446	[mu,kappa]: [(40.36507,87.66481),278.00000]
	10119.74567	   0.03187	[mu,kappa]: [(40.34463,87.55950),235.44221]
	10369.73280	   0.03265	[mu,kappa]: [(40.39586,87.54650),238.29591]
	11432.91024	   0.03600	[mu,kappa]: [(40.43210,87.69762),278.00000]
	9318.43995	   0.02934	[mu,kappa]: [(40.50822,87.05193),141.86705]
	9577.30648	   0.03016	[mu,kappa]: [(40.46630,87.36853),194.45769]
	10588.92230	   0.03335	[mu,kappa]: [(40.10808,87.73123),263.43786]
			msglen: 5276403.56958 bits.
Iteration #: 4
	10753.43282	   0.03386	[mu,kappa]: [(40.11499,87.83548),278.00000]
	10288.55531	   0.03240	[mu,kappa]: [(40.37021,87.66644),278.00000]
	9413.92868	   0.02965	[mu,kappa]: [(40.52826,87.28737),186.05930]
	11069.66382	   0.03486	[mu,kappa]: [(40.26888,87.78900),278.00000]
	10596.88557	   0.03337	[mu,kappa]: [(40.39017,87.68040),278.00000]
	11088.16239	   0.03492	[mu,kappa]: [(40.34273,87.74621),278.00000]
	11541.47100	   0.03634	[mu,kappa]: [(40.20871,87.82613),278.00000]
	10084.93333	   0.03176	[mu,kappa]: [(40.58014,87.52900),265.18307]
	9461.57199	   0.02980	[mu,kappa]: [(40.74726,87.25503),199.91534]
	9257.67165	   0.02915	[mu,kappa]: [(40.64674,87.16165),171.05251]
	10613.13445	   0.03342	[mu,kappa]: [(40.32903,87.73927),278.00000]
	9188.52467	   0.02894	[mu,kappa]: [(40.59628,86.94477),136.13888]
	9251.87362	   0.02913	[mu,kappa]: [(41.15378,86.87945),159.85465]
	9540.45091	   0.03004	[mu,kappa]: [(40.59218,87.29718),194.20845]
	9584.79215	   0.03018	[mu,kappa]: [(40.23359,87.58405),231.87786]
	12132.54711	   0.03821	[mu,kappa]: [(40.29744,87.81019),278.00000]
	10887.13009	   0.03428	[mu,kappa]: [(40.43715,87.69870),278.00000]
	11771.85423	   0.03707	[mu,kappa]: [(40.21005,87.83851),278.00000]
	10877.69826	   0.03425	[mu,kappa]: [(40.33798,87.74405),278.00000]
	10842.28573	   0.03414	[mu,kappa]: [(40.21879,87.79275),278.00000]
	13757.52260	   0.04332	[mu,kappa]: [(44.20746,82.76526),37.38526]
	13238.68810	   0.04169	[mu,kappa]: [(39.10426,80.88044),12.05334]
	10702.37602	   0.03370	[mu,kappa]: [(40.16236,87.77922),278.00000]
	10947.01789	   0.03447	[mu,kappa]: [(40.31269,87.74958),278.00000]
	9952.96151	   0.03134	[mu,kappa]: [(40.27419,87.63344),255.43811]
	10206.13463	   0.03214	[mu,kappa]: [(40.34695,87.61338),259.53467]
	11435.22400	   0.03601	[mu,kappa]: [(40.39185,87.74332),278.00000]
	9190.15105	   0.02894	[mu,kappa]: [(40.49104,86.93312),129.80692]
	9327.39131	   0.02937	[mu,kappa]: [(40.43935,87.37695),197.64304]
	10550.96511	   0.03323	[mu,kappa]: [(39.96620,87.85227),278.00000]
			msglen: 5273548.43118 bits.
Iteration #: 5
	10785.76817	   0.03397	[mu,kappa]: [(39.99880,87.89856),278.00000]
	10299.95224	   0.03244	[mu,kappa]: [(40.34424,87.72704),278.00000]
	9170.73227	   0.02888	[mu,kappa]: [(40.52884,87.27908),187.75294]
	11088.68367	   0.03492	[mu,kappa]: [(40.19943,87.82307),278.00000]
	10608.45482	   0.03341	[mu,kappa]: [(40.36738,87.72732),278.00000]
	11102.73594	   0.03496	[mu,kappa]: [(40.29842,87.77655),278.00000]
	11566.49988	   0.03642	[mu,kappa]: [(40.11840,87.86209),278.00000]
	10041.34136	   0.03162	[mu,kappa]: [(40.62451,87.56701),278.00000]
	9239.02929	   0.02909	[mu,kappa]: [(40.86848,87.21553),206.84042]
	9023.11165	   0.02841	[mu,kappa]: [(40.70281,87.10683),168.50946]
	10627.57589	   0.03347	[mu,kappa]: [(40.28216,87.77770),278.00000]
	9058.58761	   0.02853	[mu,kappa]: [(40.56098,86.84820),125.95845]
	9085.20116	   0.02861	[mu,kappa]: [(41.52031,86.67834),156.12386]
	9301.12918	   0.02929	[mu,kappa]: [(40.63289,87.28341),198.76294]
	9434.20451	   0.02971	[mu,kappa]: [(40.13398,87.66372),249.77924]
	12151.59253	   0.03827	[mu,kappa]: [(40.23240,87.82404),278.00000]
	10898.46520	   0.03432	[mu,kappa]: [(40.42380,87.72066),278.00000]
	11797.41911	   0.03715	[mu,kappa]: [(40.11835,87.86784),278.00000]
	10892.17394	   0.03430	[mu,kappa]: [(40.29275,87.77707),278.00000]
	10864.48546	   0.03421	[mu,kappa]: [(40.13579,87.84193),278.00000]
	15793.43281	   0.04973	[mu,kappa]: [(45.99935,82.31873),42.39838]
	12768.73170	   0.04021	[mu,kappa]: [(36.90704,81.61153),12.16698]
	10728.54914	   0.03378	[mu,kappa]: [(40.06650,87.85427),278.00000]
	10962.80364	   0.03452	[mu,kappa]: [(40.26015,87.78842),278.00000]
	9875.93898	   0.03110	[mu,kappa]: [(40.20887,87.71255),278.00000]
	10139.77171	   0.03193	[mu,kappa]: [(40.30984,87.68271),278.00000]
	11448.41734	   0.03605	[mu,kappa]: [(40.36058,87.75847),278.00000]
	9101.43085	   0.02866	[mu,kappa]: [(40.35571,86.85842),118.65136]
	9097.32118	   0.02865	[mu,kappa]: [(40.40283,87.39827),203.03553]
	10601.45878	   0.03338	[mu,kappa]: [(39.80818,87.95752),278.00000]
			msglen: 5270366.95046 bits.
Iteration #: 6
	10835.06972	   0.03412	[mu,kappa]: [(39.85919,87.95794),278.00000]
	10319.68365	   0.03250	[mu,kappa]: [(40.31966,87.75552),278.00000]
	8926.52687	   0.02811	[mu,kappa]: [(40.50554,87.29580),191.80890]
	11117.78183	   0.03501	[mu,kappa]: [(40.12372,87.85245),278.00000]
	10628.31608	   0.03347	[mu,kappa]: [(40.34872,87.74791),278.00000]
	11125.89277	   0.03504	[mu,kappa]: [(40.25505,87.79582),278.00000]
	11604.42983	   0.03654	[mu,kappa]: [(40.01586,87.89931),278.00000]
	10064.70734	   0.03169	[mu,kappa]: [(40.69350,87.58096),278.00000]
	9040.36564	   0.02847	[mu,kappa]: [(41.03223,87.17804),218.79527]
	8775.44242	   0.02763	[mu,kappa]: [(40.73691,87.07578),167.75992]
	10650.43828	   0.03354	[mu,kappa]: [(40.23441,87.80185),278.00000]
	8927.21216	   0.02811	[mu,kappa]: [(40.31599,86.84155),116.87450]
	8940.96149	   0.02816	[mu,kappa]: [(42.01175,86.45242),156.89557]
	9069.84161	   0.02856	[mu,kappa]: [(40.67955,87.28453),206.84788]
	9355.69746	   0.02946	[mu,kappa]: [(40.02469,87.76140),274.64947]
	12181.01909	   0.03836	[mu,kappa]: [(40.16520,87.84186),278.00000]
	10918.25320	   0.03438	[mu,kappa]: [(40.42053,87.72568),278.00000]
	11836.18724	   0.03727	[mu,kappa]: [(40.01499,87.90221),278.00000]
	10915.13580	   0.03437	[mu,kappa]: [(40.24783,87.79799),278.00000]
	10898.25986	   0.03432	[mu,kappa]: [(40.04066,87.88333),278.00000]
	17538.60782	   0.05523	[mu,kappa]: [(47.97248,81.82675),51.61811]
	11999.10240	   0.03779	[mu,kappa]: [(34.10280,82.48057),12.41784]
	10768.76482	   0.03391	[mu,kappa]: [(39.95120,87.91289),278.00000]
	10987.52472	   0.03460	[mu,kappa]: [(40.20517,87.81463),278.00000]
	9899.25802	   0.03117	[mu,kappa]: [(40.15102,87.79368),278.00000]
	10159.24949	   0.03199	[mu,kappa]: [(40.28255,87.74471),278.00000]
	11470.13158	   0.03612	[mu,kappa]: [(40.33580,87.76589),278.00000]
	9040.26546	   0.02847	[mu,kappa]: [(39.89435,86.91678),108.69769]
	8880.16233	   0.02796	[mu,kappa]: [(40.34260,87.44510),211.57938]
	10680.71104	   0.03363	[mu,kappa]: [(39.60838,88.05199),278.00000]
			msglen: 5265933.75162 bits.
Iteration #: 7
	10900.81401	   0.03433	[mu,kappa]: [(39.69667,88.02241),278.00000]
	10344.24966	   0.03257	[mu,kappa]: [(40.30560,87.76814),278.00000]
	8673.54285	   0.02731	[mu,kappa]: [(40.46197,87.33664),199.65821]
	11153.42833	   0.03512	[mu,kappa]: [(40.04610,87.88151),278.00000]
	10653.31572	   0.03355	[mu,kappa]: [(40.34302,87.75476),278.00000]
	11154.07016	   0.03512	[mu,kappa]: [(40.21906,87.80968),278.00000]
	11652.35896	   0.03669	[mu,kappa]: [(39.90345,87.94080),278.00000]
	10103.07125	   0.03182	[mu,kappa]: [(40.79484,87.55799),278.00000]
	8886.97762	   0.02799	[mu,kappa]: [(41.25701,87.13749),239.23708]
	8493.31924	   0.02675	[mu,kappa]: [(40.73954,87.07489),170.13069]
	10678.19488	   0.03363	[mu,kappa]: [(40.19232,87.81952),278.00000]
	8785.81030	   0.02767	[mu,kappa]: [(39.65691,87.00295),109.54481]
	8824.62562	   0.02779	[mu,kappa]: [(42.63784,86.21578),166.58384]
	8848.38643	   0.02786	[mu,kappa]: [(40.74823,87.29545),220.73052]
	9377.44161	   0.02953	[mu,kappa]: [(39.92848,87.86552),278.00000]
	12216.85531	   0.03847	[mu,kappa]: [(40.09981,87.86247),278.00000]
	10944.23479	   0.03446	[mu,kappa]: [(40.43581,87.72001),278.00000]
	11885.21114	   0.03743	[mu,kappa]: [(39.90195,87.94255),278.00000]
	10943.04807	   0.03446	[mu,kappa]: [(40.20971,87.81315),278.00000]
	10940.57561	   0.03445	[mu,kappa]: [(39.93701,87.92455),278.00000]
	19010.74547	   0.05986	[mu,kappa]: [(49.89367,81.35783),69.45814]
	11097.33393	   0.03495	[mu,kappa]: [(31.28279,83.35913),12.91257]
	10820.72789	   0.03408	[mu,kappa]: [(39.81969,87.96913),278.00000]
	11017.51015	   0.03469	[mu,kappa]: [(40.15382,87.83559),278.00000]
	9928.64896	   0.03127	[mu,kappa]: [(40.08854,87.84296),278.00000]
	10183.93292	   0.03207	[mu,kappa]: [(40.26057,87.77491),278.00000]
	11497.21189	   0.03621	[mu,kappa]: [(40.32438,87.76805),278.00000]
	9067.26228	   0.02855	[mu,kappa]: [(38.79871,87.22467),101.14259]
	8677.26855	   0.02733	[mu,kappa]: [(40.26949,87.51237),224.93227]
	10794.82639	   0.03399	[mu,kappa]: [(39.36342,88.15365),278.00000]
			msglen: 5259260.80466 bits.
Iteration #: 8
	10964.39931	   0.03453	[mu,kappa]: [(39.52311,88.09030),278.00000]
	10359.44738	   0.03262	[mu,kappa]: [(40.31822,87.76645),278.00000]
	8401.25004	   0.02646	[mu,kappa]: [(40.44125,87.38732),214.37655]
	11176.66383	   0.03520	[mu,kappa]: [(39.98084,87.90640),278.00000]
	10669.57814	   0.03360	[mu,kappa]: [(40.36621,87.74784),278.00000]
	11170.48000	   0.03518	[mu,kappa]: [(40.20557,87.81490),278.00000]
	11689.65836	   0.03681	[mu,kappa]: [(39.79443,87.98218),278.00000]
	10154.45844	   0.03198	[mu,kappa]: [(40.94508,87.50681),278.00000]
	8837.40754	   0.02783	[mu,kappa]: [(41.56113,87.08791),273.50016]
	8149.02809	   0.02566	[mu,kappa]: [(40.75222,87.09418),178.48448]
	10694.37102	   0.03368	[mu,kappa]: [(40.17109,87.82838),278.00000]
	8658.41875	   0.02727	[mu,kappa]: [(38.44282,87.38805),106.39512]
	8810.88089	   0.02775	[mu,kappa]: [(43.37788,85.99702),192.73975]
	8651.65258	   0.02724	[mu,kappa]: [(40.87813,87.30293),244.54393]
	9404.17522	   0.02961	[mu,kappa]: [(39.83577,87.93627),278.00000]
	12238.90477	   0.03854	[mu,kappa]: [(40.05034,87.87959),278.00000]
	10964.22055	   0.03453	[mu,kappa]: [(40.48514,87.70097),278.00000]
	11923.44037	   0.03755	[mu,kappa]: [(39.79232,87.98354),278.00000]
	10959.29322	   0.03451	[mu,kappa]: [(40.19351,87.81963),278.00000]
	10972.15631	   0.03455	[mu,kappa]: [(39.83868,87.96317),278.00000]
	20402.50365	   0.06425	[mu,kappa]: [(51.16991,81.07376),96.48185]
	9934.82457	   0.03129	[mu,kappa]: [(29.31089,83.65355),12.86444]
	10865.25213	   0.03422	[mu,kappa]: [(39.68538,88.02354),278.00000]
	11035.21993	   0.03475	[mu,kappa]: [(40.12113,87.84877),278.00000]
	9946.96964	   0.03132	[mu,kappa]: [(40.03889,87.87339),278.00000]
	10198.64660	   0.03212	[mu,kappa]: [(40.26163,87.78417),278.00000]
	11514.31893	   0.03626	[mu,kappa]: [(40.34144,87.76044),278.00000]
	9386.23753	   0.02956	[mu,kappa]: [(36.86628,87.86953),100.56216]
	8489.33962	   0.02673	[mu,kappa]: [(40.22514,87.58430),246.46914]
	10931.80259	   0.03442	[mu,kappa]: [(39.08178,88.26551),278.00000]
			msglen: 5251053.72883 bits.
Iteration #: 9
	10985.91298	   0.03460	[mu,kappa]: [(39.35812,88.15488),278.00000]
	10340.67713	   0.03256	[mu,kappa]: [(40.37347,87.74618),278.00000]
	8125.01857	   0.02559	[mu,kappa]: [(40.50305,87.42590),239.62576]
	11152.88477	   0.03512	[mu,kappa]: [(39.94552,87.91990),278.00000]
	10653.04211	   0.03355	[mu,kappa]: [(40.43378,87.72225),278.00000]
	11145.63591	   0.03510	[mu,kappa]: [(40.23091,87.80489),278.00000]
	11676.71905	   0.03677	[mu,kappa]: [(39.70719,88.01574),278.00000]
	10213.01776	   0.03216	[mu,kappa]: [(41.15494,87.42803),278.00000]
	9008.99107	   0.02837	[mu,kappa]: [(41.92698,87.02971),278.00000]
	7753.35543	   0.02442	[mu,kappa]: [(40.86022,87.10435),195.97321]
	10669.92045	   0.03360	[mu,kappa]: [(40.18733,87.82221),278.00000]
	8625.30173	   0.02716	[mu,kappa]: [(36.80626,87.95786),110.75968]
	9154.09403	   0.02883	[mu,kappa]: [(44.13614,85.82691),241.69299]
	8537.76465	   0.02689	[mu,kappa]: [(41.09445,87.29494),278.00000]
	9390.68091	   0.02957	[mu,kappa]: [(39.76384,87.97975),278.00000]
	12210.85388	   0.03845	[mu,kappa]: [(40.03381,87.88501),278.00000]
	10956.89031	   0.03450	[mu,kappa]: [(40.58287,87.66274),278.00000]
	11910.43687	   0.03751	[mu,kappa]: [(39.70442,88.01708),278.00000]
	10934.64683	   0.03443	[mu,kappa]: [(40.21566,87.81095),278.00000]
	10956.50250	   0.03450	[mu,kappa]: [(39.76402,87.99244),278.00000]
	21498.58550	   0.06770	[mu,kappa]: [(51.59603,80.99742),119.05623]
	8405.54346	   0.02647	[mu,kappa]: [(28.70582,82.65014),11.33222]
	10864.13123	   0.03421	[mu,kappa]: [(39.56751,88.07051),278.00000]
	11009.50211	   0.03467	[mu,kappa]: [(40.12398,87.84777),278.00000]
	9924.41329	   0.03125	[mu,kappa]: [(40.02063,87.88538),278.00000]
	10177.72878	   0.03205	[mu,kappa]: [(40.30275,87.77229),278.00000]
	11494.76274	   0.03620	[mu,kappa]: [(40.40228,87.73612),278.00000]
	10386.74602	   0.03271	[mu,kappa]: [(34.41734,88.77849),114.48050]
	8337.59746	   0.02626	[mu,kappa]: [(40.25239,87.64381),278.00000]
	11053.64247	   0.03481	[mu,kappa]: [(38.78463,88.38251),278.00000]
			msglen: 5241907.81249 bits.
Iteration #: 10
	10936.84566	   0.03444	[mu,kappa]: [(39.21502,88.21255),278.00000]
	10272.07726	   0.03235	[mu,kappa]: [(40.46435,87.70960),278.00000]
	7903.06484	   0.02489	[mu,kappa]: [(40.64458,87.45033),278.00000]
	11060.22625	   0.03483	[mu,kappa]: [(39.94088,87.92124),278.00000]
	10587.95545	   0.03334	[mu,kappa]: [(40.53760,87.68023),278.00000]
	11060.92824	   0.03483	[mu,kappa]: [(40.29047,87.78032),278.00000]
	11587.65575	   0.03649	[mu,kappa]: [(39.64729,88.03939),278.00000]
	10269.25303	   0.03234	[mu,kappa]: [(41.40457,87.32859),278.00000]
	9265.94607	   0.02918	[mu,kappa]: [(42.31815,86.91723),278.00000]
	7369.45425	   0.02321	[mu,kappa]: [(41.08860,87.09040),225.70901]
	10586.57078	   0.03334	[mu,kappa]: [(40.23727,87.80166),278.00000]
	8643.20334	   0.02722	[mu,kappa]: [(35.18406,88.56916),126.39085]
	10137.76504	   0.03192	[mu,kappa]: [(44.77703,85.71640),278.00000]
	8576.26160	   0.02701	[mu,kappa]: [(41.35125,87.27504),278.00000]
	9316.53287	   0.02934	[mu,kappa]: [(39.71877,88.00453),278.00000]
	12109.88847	   0.03813	[mu,kappa]: [(40.04920,87.87791),278.00000]
	10907.47282	   0.03435	[mu,kappa]: [(40.71823,87.60760),278.00000]
	11819.76039	   0.03722	[mu,kappa]: [(39.64384,88.04088),278.00000]
	10850.68847	   0.03417	[mu,kappa]: [(40.27187,87.78778),278.00000]
	10870.00367	   0.03423	[mu,kappa]: [(39.71748,88.01095),278.00000]
	21951.86050	   0.06913	[mu,kappa]: [(51.62549,80.99289),131.98473]
	6684.13242	   0.02105	[mu,kappa]: [(29.39212,80.11104),8.98702]
	10791.62668	   0.03398	[mu,kappa]: [(39.47474,88.10812),278.00000]
	10920.80516	   0.03439	[mu,kappa]: [(40.15979,87.83291),278.00000]
	9842.28998	   0.03099	[mu,kappa]: [(40.03362,87.88190),278.00000]
	10104.88067	   0.03182	[mu,kappa]: [(40.37854,87.74311),278.00000]
	11421.21516	   0.03597	[mu,kappa]: [(40.49919,87.69627),278.00000]
	12305.91768	   0.03875	[mu,kappa]: [(32.27616,89.68436),149.30394]
	8274.88107	   0.02606	[mu,kappa]: [(40.33486,87.69129),278.00000]
	11125.83645	   0.03504	[mu,kappa]: [(38.50020,88.49777),278.00000]
			msglen: 5232620.45091 bits.
Iteration #: 11
	10850.24776	   0.03417	[mu,kappa]: [(39.10580,88.26021),278.00000]
	10184.88798	   0.03207	[mu,kappa]: [(40.56158,87.66787),278.00000]
	7850.89278	   0.02472	[mu,kappa]: [(40.79094,87.48483),278.00000]
	10937.80779	   0.03444	[mu,kappa]: [(39.95290,87.91604),278.00000]
	10505.24956	   0.03308	[mu,kappa]: [(40.64644,87.63339),278.00000]
	10952.61939	   0.03449	[mu,kappa]: [(40.35972,87.75036),278.00000]
	11463.13856	   0.03610	[mu,kappa]: [(39.61046,88.05537),278.00000]
	10330.36540	   0.03253	[mu,kappa]: [(41.64302,87.22708),278.00000]
	9556.25908	   0.03009	[mu,kappa]: [(42.67356,86.78776),278.00000]
	7108.76607	   0.02239	[mu,kappa]: [(41.34566,87.08363),271.78148]
	10479.64884	   0.03300	[mu,kappa]: [(40.29791,87.77548),278.00000]
	8463.51426	   0.02665	[mu,kappa]: [(34.06933,89.04806),154.85426]
	11523.96185	   0.03629	[mu,kappa]: [(45.24231,85.63274),278.00000]
	8619.52108	   0.02714	[mu,kappa]: [(41.59051,87.21161),278.00000]
	9214.65520	   0.02902	[mu,kappa]: [(39.69455,88.01830),278.00000]
	11978.26450	   0.03772	[mu,kappa]: [(40.07905,87.86482),278.00000]
	10844.07651	   0.03415	[mu,kappa]: [(40.85533,87.54845),278.00000]
	11692.87513	   0.03682	[mu,kappa]: [(39.60643,88.05706),278.00000]
	10743.22155	   0.03383	[mu,kappa]: [(40.33811,87.75915),278.00000]
	10751.11455	   0.03386	[mu,kappa]: [(39.69239,88.02195),278.00000]
	21748.30607	   0.06849	[mu,kappa]: [(51.59451,80.95379),137.73135]
	5343.24789	   0.01683	[mu,kappa]: [(30.62820,76.90047),7.18253]
	10684.23142	   0.03365	[mu,kappa]: [(39.40909,88.13695),278.00000]
	10806.37116	   0.03403	[mu,kappa]: [(40.20781,87.81219),278.00000]
	9735.02162	   0.03066	[mu,kappa]: [(40.06115,87.87103),278.00000]
	10012.09608	   0.03153	[mu,kappa]: [(40.46217,87.70783),278.00000]
	11327.77943	   0.03567	[mu,kappa]: [(40.60189,87.65180),278.00000]
	14491.67848	   0.04563	[mu,kappa]: [(31.04803,90.30557),194.85896]
	8196.70867	   0.02581	[mu,kappa]: [(40.41915,87.69235),278.00000]
	11158.47131	   0.03514	[mu,kappa]: [(38.27255,88.59726),278.00000]
			msglen: 5226755.59985 bits.
Iteration #: 12
	10797.04551	   0.03400	[mu,kappa]: [(39.01655,88.30013),278.00000]
	10122.23923	   0.03188	[mu,kappa]: [(40.63395,87.63274),278.00000]
	7817.37353	   0.02462	[mu,kappa]: [(40.89878,87.47980),278.00000]
	10847.69450	   0.03416	[mu,kappa]: [(39.95578,87.91276),278.00000]
	10446.87398	   0.03290	[mu,kappa]: [(40.72849,87.59379),278.00000]
	10872.97959	   0.03424	[mu,kappa]: [(40.40896,87.72570),278.00000]
	11374.35088	   0.03582	[mu,kappa]: [(39.57509,88.06988),278.00000]
	10402.69788	   0.03276	[mu,kappa]: [(41.83443,87.13844),278.00000]
	9844.72145	   0.03100	[mu,kappa]: [(42.95961,86.66783),278.00000]
	7094.73694	   0.02234	[mu,kappa]: [(41.53653,87.12022),278.00000]
	10400.77529	   0.03275	[mu,kappa]: [(40.34009,87.75409),278.00000]
	8125.93840	   0.02559	[mu,kappa]: [(33.53762,89.36501),192.42689]
	12838.93702	   0.04043	[mu,kappa]: [(45.56968,85.54468),278.00000]
	8673.02343	   0.02731	[mu,kappa]: [(41.78034,87.14219),278.00000]
	9141.24320	   0.02879	[mu,kappa]: [(39.66876,88.02986),278.00000]
	11880.94064	   0.03741	[mu,kappa]: [(40.09622,87.85485),278.00000]
	10803.17016	   0.03402	[mu,kappa]: [(40.96108,87.49798),278.00000]
	11602.44861	   0.03654	[mu,kappa]: [(39.57061,88.07175),278.00000]
	10664.09978	   0.03358	[mu,kappa]: [(40.38488,87.73562),278.00000]
	10665.44427	   0.03359	[mu,kappa]: [(39.66609,88.03228),278.00000]
	21059.12904	   0.06631	[mu,kappa]: [(51.64595,80.84093),138.16582]
	4687.14314	   0.01476	[mu,kappa]: [(31.06993,74.70959),6.36586]
	10610.45499	   0.03341	[mu,kappa]: [(39.35182,88.16186),278.00000]
	10721.73880	   0.03376	[mu,kappa]: [(40.23968,87.79554),278.00000]
	9655.76116	   0.03041	[mu,kappa]: [(40.07640,87.86252),278.00000]
	9944.48842	   0.03132	[mu,kappa]: [(40.52322,87.67816),278.00000]
	11261.14025	   0.03546	[mu,kappa]: [(40.67883,87.61440),278.00000]
	15845.57747	   0.04990	[mu,kappa]: [(30.51652,90.62772),228.36449]
	8139.75948	   0.02563	[mu,kappa]: [(40.47871,87.68060),278.00000]
	11213.07294	   0.03531	[mu,kappa]: [(38.10451,88.67499),278.00000]
			msglen: 5224341.30840 bits.
Iteration #: 13
	10800.43105	   0.03401	[mu,kappa]: [(38.93069,88.33669),278.00000]
	10088.02225	   0.03177	[mu,kappa]: [(40.67464,87.60947),278.00000]
	7801.35516	   0.02457	[mu,kappa]: [(40.96713,87.46608),278.00000]
	10802.81505	   0.03402	[mu,kappa]: [(39.93883,87.91639),278.00000]
	10415.63656	   0.03280	[mu,kappa]: [(40.77746,87.56665),278.00000]
	10829.15974	   0.03410	[mu,kappa]: [(40.43009,87.71148),278.00000]
	11339.62301	   0.03571	[mu,kappa]: [(39.52823,88.08766),278.00000]
	10474.98242	   0.03299	[mu,kappa]: [(41.97904,87.06730),278.00000]
	10107.39374	   0.03183	[mu,kappa]: [(43.18508,86.56485),278.00000]
	7119.37807	   0.02242	[mu,kappa]: [(41.67029,87.12427),278.00000]
	10357.65201	   0.03262	[mu,kappa]: [(40.35530,87.74265),278.00000]
	7850.83274	   0.02472	[mu,kappa]: [(33.39281,89.61026),239.92007]
	14016.98405	   0.04414	[mu,kappa]: [(45.80534,85.46061),278.00000]
	8727.57709	   0.02748	[mu,kappa]: [(41.92234,87.08140),278.00000]
	9110.10966	   0.02869	[mu,kappa]: [(39.62918,88.04490),278.00000]
	11830.14726	   0.03725	[mu,kappa]: [(40.09083,87.85301),278.00000]
	10784.57155	   0.03396	[mu,kappa]: [(41.03052,87.46131),278.00000]
	11567.23355	   0.03643	[mu,kappa]: [(39.52341,88.08969),278.00000]
	10620.64611	   0.03345	[mu,kappa]: [(40.40394,87.72238),278.00000]
	10629.14495	   0.03347	[mu,kappa]: [(39.62617,88.04679),278.00000]
	20130.35695	   0.06339	[mu,kappa]: [(51.80330,80.66948),135.64748]
	4450.61736	   0.01402	[mu,kappa]: [(30.62414,73.81538),6.13524]
	10589.81446	   0.03335	[mu,kappa]: [(39.28860,88.18753),278.00000]
	10676.13259	   0.03362	[mu,kappa]: [(40.24635,87.78809),278.00000]
	9614.67030	   0.03028	[mu,kappa]: [(40.06941,87.86170),278.00000]
	9907.22100	   0.03120	[mu,kappa]: [(40.55427,87.65952),278.00000]
	11225.00952	   0.03535	[mu,kappa]: [(40.72342,87.58923),278.00000]
	16259.12032	   0.05120	[mu,kappa]: [(30.25497,90.77608),243.78514]
	8108.42426	   0.02553	[mu,kappa]: [(40.50748,87.67126),278.00000]
	11319.93722	   0.03565	[mu,kappa]: [(37.97171,88.73513),278.00000]
			msglen: 5223024.65299 bits.
Iteration #: 14
	10830.72015	   0.03411	[mu,kappa]: [(38.84901,88.36932),278.00000]
	10063.90182	   0.03169	[mu,kappa]: [(40.69781,87.59421),278.00000]
	7790.12497	   0.02453	[mu,kappa]: [(41.01371,87.45103),278.00000]
	10778.20736	   0.03394	[mu,kappa]: [(39.91168,87.92409),278.00000]
	10393.41368	   0.03273	[mu,kappa]: [(40.80806,87.54797),278.00000]
	10799.56643	   0.03401	[mu,kappa]: [(40.43588,87.70414),278.00000]
	11330.27609	   0.03568	[mu,kappa]: [(39.47637,88.10664),278.00000]
	10539.71200	   0.03319	[mu,kappa]: [(42.09719,87.00825),278.00000]
	10348.87990	   0.03259	[mu,kappa]: [(43.37586,86.47399),278.00000]
	7142.30300	   0.02249	[mu,kappa]: [(41.77344,87.10738),278.00000]
	10329.09122	   0.03253	[mu,kappa]: [(40.35588,87.73770),278.00000]
	7790.05757	   0.02453	[mu,kappa]: [(33.46167,89.84820),278.00000]
	15109.33750	   0.04758	[mu,kappa]: [(45.99201,85.37783),278.00000]
	8776.42834	   0.02764	[mu,kappa]: [(42.03744,87.02838),278.00000]
	9098.66293	   0.02865	[mu,kappa]: [(39.58316,88.06156),278.00000]
	11799.63784	   0.03716	[mu,kappa]: [(40.07352,87.85621),278.00000]
	10771.65468	   0.03392	[mu,kappa]: [(41.07965,87.43410),278.00000]
	11557.94906	   0.03640	[mu,kappa]: [(39.47127,88.10879),278.00000]
	10591.48985	   0.03335	[mu,kappa]: [(40.40790,87.71588),278.00000]
	10615.84197	   0.03343	[mu,kappa]: [(39.57992,88.06322),278.00000]
	19120.67707	   0.06021	[mu,kappa]: [(52.03283,80.46590),132.20408]
	4345.18439	   0.01368	[mu,kappa]: [(29.91780,73.51282),6.10338]
	10594.42860	   0.03336	[mu,kappa]: [(39.22381,88.21244),278.00000]
	10646.93262	   0.03353	[mu,kappa]: [(40.23946,87.78656),278.00000]
	9590.29045	   0.03020	[mu,kappa]: [(40.05072,87.86565),278.00000]
	9881.41282	   0.03112	[mu,kappa]: [(40.56884,87.64826),278.00000]
	11199.39529	   0.03527	[mu,kappa]: [(40.75011,87.57231),278.00000]
	16184.31982	   0.05096	[mu,kappa]: [(30.04591,90.83246),246.68990]
	8086.93866	   0.02547	[mu,kappa]: [(40.51948,87.66517),278.00000]
	11448.16393	   0.03605	[mu,kappa]: [(37.86164,88.78101),278.00000]
			msglen: 5222017.80418 bits.
Iteration #: 15
	10873.27883	   0.03424	[mu,kappa]: [(38.77044,88.39871),278.00000]
	10041.74462	   0.03162	[mu,kappa]: [(40.71121,87.58418),278.00000]
	7778.51571	   0.02450	[mu,kappa]: [(41.04810,87.43698),278.00000]
	10761.67273	   0.03389	[mu,kappa]: [(39.87930,87.93414),278.00000]
	10372.34081	   0.03266	[mu,kappa]: [(40.82836,87.53486),278.00000]
	10774.20535	   0.03393	[mu,kappa]: [(40.43327,87.70120),278.00000]
	11332.00722	   0.03569	[mu,kappa]: [(39.42238,88.12590),278.00000]
	10595.84988	   0.03337	[mu,kappa]: [(42.19969,86.95741),278.00000]
	10575.34477	   0.03330	[mu,kappa]: [(43.54523,86.39166),278.00000]
	7161.02220	   0.02255	[mu,kappa]: [(41.85918,87.08218),278.00000]
	10305.18104	   0.03245	[mu,kappa]: [(40.34852,87.73686),278.00000]
	7937.03281	   0.02499	[mu,kappa]: [(33.59690,90.04123),278.00000]
	16152.14357	   0.05086	[mu,kappa]: [(46.15051,85.29524),278.00000]
	8818.43839	   0.02777	[mu,kappa]: [(42.13672,86.98140),278.00000]
	9095.67011	   0.02864	[mu,kappa]: [(39.53420,88.07886),278.00000]
	11776.75254	   0.03709	[mu,kappa]: [(40.04995,87.86243),278.00000]
	10757.68213	   0.03388	[mu,kappa]: [(41.11723,87.41320),278.00000]
	11559.99041	   0.03640	[mu,kappa]: [(39.41705,88.12814),278.00000]
	10566.70167	   0.03328	[mu,kappa]: [(40.40362,87.71367),278.00000]
	10612.41959	   0.03342	[mu,kappa]: [(39.53078,88.08044),278.00000]
	18100.22712	   0.05700	[mu,kappa]: [(52.30638,80.24472),128.74241]
	4226.23108	   0.01331	[mu,kappa]: [(29.24095,73.28142),6.07354]
	10610.36852	   0.03341	[mu,kappa]: [(39.15891,88.23627),278.00000]
	10623.40903	   0.03345	[mu,kappa]: [(40.22529,87.78869),278.00000]
	9572.25025	   0.03014	[mu,kappa]: [(40.02590,87.87248),278.00000]
	9858.49827	   0.03105	[mu,kappa]: [(40.57429,87.64180),278.00000]
	11175.51829	   0.03519	[mu,kappa]: [(40.76677,87.56081),278.00000]
	15887.18722	   0.05003	[mu,kappa]: [(29.84603,90.83858),244.77274]
	8068.11340	   0.02541	[mu,kappa]: [(40.52228,87.66182),278.00000]
	11585.20243	   0.03648	[mu,kappa]: [(37.76404,88.81723),278.00000]
			msglen: 5221406.12210 bits.
Iteration #: 16
	10932.15583	   0.03443	[mu,kappa]: [(38.68938,88.42836),278.00000]
	10021.91197	   0.03156	[mu,kappa]: [(40.71636,87.57892),278.00000]
	7766.90986	   0.02446	[mu,kappa]: [(41.07296,87.42571),278.00000]
	10753.95217	   0.03386	[mu,kappa]: [(39.84087,87.94732),278.00000]
	10352.82728	   0.03260	[mu,kappa]: [(40.84012,87.52670),278.00000]
	10753.44810	   0.03386	[mu,kappa]: [(40.42310,87.70253),278.00000]
	11346.49579	   0.03573	[mu,kappa]: [(39.36373,88.14719),278.00000]
	10644.98913	   0.03352	[mu,kappa]: [(42.29031,86.91317),278.00000]
	10789.84501	   0.03398	[mu,kappa]: [(43.69830,86.31631),278.00000]
	7176.24622	   0.02260	[mu,kappa]: [(41.93241,87.05523),278.00000]
	10286.29476	   0.03239	[mu,kappa]: [(40.33381,87.74013),278.00000]
	8111.89060	   0.02555	[mu,kappa]: [(33.71800,90.13617),278.00000]
	17158.44839	   0.05403	[mu,kappa]: [(46.29014,85.21321),278.00000]
	8854.88054	   0.02788	[mu,kappa]: [(42.22409,86.93992),278.00000]
	9102.25620	   0.02866	[mu,kappa]: [(39.48020,88.09839),278.00000]
	11762.10404	   0.03704	[mu,kappa]: [(40.01985,87.87217),278.00000]
	10743.23344	   0.03383	[mu,kappa]: [(41.14559,87.39769),278.00000]
	11575.08532	   0.03645	[mu,kappa]: [(39.35819,88.14951),278.00000]
	10546.65109	   0.03321	[mu,kappa]: [(40.39186,87.71569),278.00000]
	10620.19760	   0.03344	[mu,kappa]: [(39.47663,88.09996),278.00000]
	17109.44167	   0.05388	[mu,kappa]: [(52.60717,80.01343),125.52991]
	4074.88088	   0.01283	[mu,kappa]: [(28.55477,72.97048),6.01047]
	10639.97963	   0.03351	[mu,kappa]: [(39.09020,88.26143),278.00000]
	10605.99543	   0.03340	[mu,kappa]: [(40.20412,87.79470),278.00000]
	9561.06708	   0.03011	[mu,kappa]: [(39.99460,87.88275),278.00000]
	9838.81229	   0.03098	[mu,kappa]: [(40.57182,87.63985),278.00000]
	11153.79689	   0.03512	[mu,kappa]: [(40.77504,87.55417),278.00000]
	15475.45520	   0.04873	[mu,kappa]: [(29.67005,90.82755),242.49393]
	8052.22274	   0.02536	[mu,kappa]: [(40.51713,87.66198),278.00000]
	11743.52486	   0.03698	[mu,kappa]: [(37.66733,88.85085),278.00000]
			msglen: 5220833.79369 bits.
Iteration #: 17
	10993.06279	   0.03462	[mu,kappa]: [(38.61136,88.45720),278.00000]
	10001.47238	   0.03150	[mu,kappa]: [(40.71919,87.57599),278.00000]
	7754.24460	   0.02442	[mu,kappa]: [(41.09415,87.41610),278.00000]
	10747.25873	   0.03384	[mu,kappa]: [(39.80268,87.96144),278.00000]
	10332.42091	   0.03254	[mu,kappa]: [(40.84918,87.52107),278.00000]
	10732.66288	   0.03380	[mu,kappa]: [(40.41152,87.70574),278.00000]
	11362.71665	   0.03578	[mu,kappa]: [(39.30658,88.16866),278.00000]
	10689.83092	   0.03366	[mu,kappa]: [(42.37322,86.87354),278.00000]
	10996.85295	   0.03463	[mu,kappa]: [(43.83798,86.24683),278.00000]
	7189.12907	   0.02264	[mu,kappa]: [(41.99847,87.02836),278.00000]
	10267.55316	   0.03233	[mu,kappa]: [(40.31795,87.74513),278.00000]
	8303.56897	   0.02615	[mu,kappa]: [(33.81614,90.18104),278.00000]
	18135.84840	   0.05711	[mu,kappa]: [(46.41500,85.13253),278.00000]
	8887.87111	   0.02799	[mu,kappa]: [(42.30390,86.90243),278.00000]
	9110.12585	   0.02869	[mu,kappa]: [(39.42741,88.11825),278.00000]
	11748.25811	   0.03700	[mu,kappa]: [(39.98949,87.88314),278.00000]
	10727.15343	   0.03378	[mu,kappa]: [(41.17026,87.38519),278.00000]
	11591.95337	   0.03650	[mu,kappa]: [(39.30083,88.17106),278.00000]
	10526.63519	   0.03315	[mu,kappa]: [(40.37877,87.71953),278.00000]
	10629.47732	   0.03347	[mu,kappa]: [(39.42369,88.11984),278.00000]
	16173.77676	   0.05093	[mu,kappa]: [(52.92357,79.77806),122.61610]
	3921.75005	   0.01235	[mu,kappa]: [(27.79875,72.61802),5.94782]
	10671.43684	   0.03360	[mu,kappa]: [(39.02365,88.28635),278.00000]
	10588.97777	   0.03335	[mu,kappa]: [(40.18216,87.80224),278.00000]
	9550.57455	   0.03008	[mu,kappa]: [(39.96313,87.89419),278.00000]
	9818.81698	   0.03092	[mu,kappa]: [(40.56749,87.64000),278.00000]
	11131.26517	   0.03505	[mu,kappa]: [(40.78081,87.54997),278.00000]
	15031.05567	   0.04733	[mu,kappa]: [(29.49650,90.82110),239.86451]
	8036.16413	   0.02531	[mu,kappa]: [(40.51020,87.66370),278.00000]
	11903.08532	   0.03748	[mu,kappa]: [(37.57508,88.88273),278.00000]
			msglen: 5220304.19564 bits.
Iteration #: 18
	11052.99634	   0.03481	[mu,kappa]: [(38.53778,88.48458),278.00000]
	9981.01953	   0.03143	[mu,kappa]: [(40.72096,87.57442),278.00000]
	7741.20046	   0.02438	[mu,kappa]: [(41.11270,87.40789),278.00000]
	10740.86352	   0.03382	[mu,kappa]: [(39.76645,87.97542),278.00000]
	10311.85614	   0.03247	[mu,kappa]: [(40.85669,87.51703),278.00000]
	10712.11116	   0.03373	[mu,kappa]: [(40.39997,87.70978),278.00000]
	11378.91048	   0.03583	[mu,kappa]: [(39.25264,88.18934),278.00000]
	10730.74725	   0.03379	[mu,kappa]: [(42.44804,86.83823),278.00000]
	11193.07254	   0.03525	[mu,kappa]: [(43.96320,86.18353),278.00000]
	7200.21227	   0.02267	[mu,kappa]: [(42.05774,87.00308),278.00000]
	10249.07869	   0.03228	[mu,kappa]: [(40.30245,87.75080),278.00000]
	8508.11494	   0.02679	[mu,kappa]: [(33.89139,90.19997),278.00000]
	19068.19339	   0.06005	[mu,kappa]: [(46.52643,85.05401),278.00000]
	8917.80190	   0.02808	[mu,kappa]: [(42.37588,86.86886),278.00000]
	9118.06471	   0.02871	[mu,kappa]: [(39.37753,88.13745),278.00000]
	11734.77937	   0.03695	[mu,kappa]: [(39.96054,87.89426),278.00000]
	10710.41962	   0.03373	[mu,kappa]: [(41.19211,87.37485),278.00000]
	11608.78786	   0.03656	[mu,kappa]: [(39.24670,88.19180),278.00000]
	10506.86551	   0.03309	[mu,kappa]: [(40.36583,87.72414),278.00000]
	10638.83475	   0.03350	[mu,kappa]: [(39.37368,88.13907),278.00000]
	15300.00366	   0.04818	[mu,kappa]: [(53.24813,79.54339),120.01700]
	3773.47402	   0.01188	[mu,kappa]: [(27.02101,72.23008),5.88938]
	10702.55459	   0.03370	[mu,kappa]: [(38.96089,88.31017),278.00000]
	10572.27771	   0.03329	[mu,kappa]: [(40.16101,87.81022),278.00000]
	9540.37834	   0.03004	[mu,kappa]: [(39.93313,87.90572),278.00000]
	9798.93757	   0.03086	[mu,kappa]: [(40.56264,87.64124),278.00000]
	11108.64846	   0.03498	[mu,kappa]: [(40.78529,87.54723),278.00000]
	14575.31629	   0.04590	[mu,kappa]: [(29.32187,90.82000),237.05999]
	8020.23257	   0.02526	[mu,kappa]: [(40.50291,87.66619),278.00000]
	12059.24639	   0.03798	[mu,kappa]: [(37.48774,88.91290),278.00000]
			msglen: 5219825.28482 bits.
			N: 317555
		16.43755 bpr
Null model msglen: 7488920.11043 bits.	(23.58306 bpr)
