Iteration #: 0
	6998.00000	   0.02204	[mu,kappa]: [(40.38388,87.08047),115.69029]
	6912.00000	   0.02177	[mu,kappa]: [(40.61641,87.14208),118.52481]
	7063.00000	   0.02224	[mu,kappa]: [(40.53354,87.09465),123.33162]
	7084.00000	   0.02231	[mu,kappa]: [(40.56387,87.10500),120.98891]
	7065.00000	   0.02225	[mu,kappa]: [(40.44666,87.17365),121.32247]
	7171.00000	   0.02258	[mu,kappa]: [(40.66581,87.09033),115.64453]
	6993.00000	   0.02202	[mu,kappa]: [(40.40569,87.17805),122.18267]
	6962.00000	   0.02192	[mu,kappa]: [(40.53687,87.20768),122.62804]
	6979.00000	   0.02198	[mu,kappa]: [(40.36830,87.09583),114.56147]
	7016.00000	   0.02209	[mu,kappa]: [(40.39529,87.16367),107.13353]
	7028.00000	   0.02213	[mu,kappa]: [(40.43856,87.06814),118.15074]
	6944.00000	   0.02187	[mu,kappa]: [(40.57283,86.96086),115.64414]
	7038.00000	   0.02216	[mu,kappa]: [(40.50732,87.03760),116.73640]
	7150.00000	   0.02252	[mu,kappa]: [(40.47402,87.04749),117.16556]
	7018.00000	   0.02210	[mu,kappa]: [(40.37386,87.25029),114.12290]
	6923.00000	   0.02180	[mu,kappa]: [(40.55918,87.13542),113.47258]
	7028.00000	   0.02213	[mu,kappa]: [(40.42614,87.16789),123.67945]
	7002.00000	   0.02205	[mu,kappa]: [(40.46289,87.13794),119.13117]
	7073.00000	   0.02227	[mu,kappa]: [(40.40928,87.13408),117.01238]
	7148.00000	   0.02251	[mu,kappa]: [(40.54631,87.07123),124.39124]
	7083.00000	   0.02230	[mu,kappa]: [(40.49099,87.24939),118.05508]
	7098.00000	   0.02235	[mu,kappa]: [(40.61434,87.12407),119.33815]
	7061.00000	   0.02224	[mu,kappa]: [(40.35791,87.20007),118.98367]
	7153.00000	   0.02253	[mu,kappa]: [(40.44734,87.12488),128.20004]
	7059.00000	   0.02223	[mu,kappa]: [(40.56536,86.97640),116.69331]
	7052.00000	   0.02221	[mu,kappa]: [(40.45932,87.09852),119.63365]
	7173.00000	   0.02259	[mu,kappa]: [(40.42755,87.12770),112.13263]
	7016.00000	   0.02209	[mu,kappa]: [(40.38918,87.15385),112.69708]
	7037.00000	   0.02216	[mu,kappa]: [(40.53000,87.14659),120.79734]
	7128.00000	   0.02245	[mu,kappa]: [(40.37773,87.13188),107.45153]
	7093.00000	   0.02234	[mu,kappa]: [(40.47281,87.11283),124.17717]
	7000.00000	   0.02204	[mu,kappa]: [(40.37514,87.12781),118.97236]
	7064.00000	   0.02224	[mu,kappa]: [(40.51119,87.10067),118.28361]
	7025.00000	   0.02212	[mu,kappa]: [(40.48805,87.15211),121.47751]
	6980.00000	   0.02198	[mu,kappa]: [(40.45587,87.06081),116.55237]
	7009.00000	   0.02207	[mu,kappa]: [(40.58881,86.98295),116.80234]
	6964.00000	   0.02193	[mu,kappa]: [(40.49967,87.08262),111.75753]
	7117.00000	   0.02241	[mu,kappa]: [(40.42557,87.10783),123.02797]
	7212.00000	   0.02271	[mu,kappa]: [(40.32249,87.18461),114.83263]
	7128.00000	   0.02245	[mu,kappa]: [(40.65002,86.94109),106.06657]
	7060.00000	   0.02223	[mu,kappa]: [(40.64487,87.02897),120.05828]
	7145.00000	   0.02250	[mu,kappa]: [(40.53290,87.20625),121.60961]
	7068.00000	   0.02226	[mu,kappa]: [(40.47921,87.11656),107.91589]
	7175.00000	   0.02259	[mu,kappa]: [(40.46770,87.08981),104.30344]
	7060.00000	   0.02223	[mu,kappa]: [(40.49595,87.11658),104.21509]
			msglen: 0.00000 bits.
Iteration #: 1
	6948.09621	   0.02188	[mu,kappa]: [(40.40242,87.17244),137.25379]
	6897.19075	   0.02172	[mu,kappa]: [(40.67005,87.17198),151.68081]
	7117.93863	   0.02241	[mu,kappa]: [(40.55874,87.27664),172.17667]
	7102.61234	   0.02237	[mu,kappa]: [(40.60129,87.22954),162.59594]
	7088.85144	   0.02232	[mu,kappa]: [(40.45905,87.30302),164.94637]
	7123.48151	   0.02243	[mu,kappa]: [(40.76224,87.05631),136.66002]
	7029.98875	   0.02214	[mu,kappa]: [(40.41163,87.33331),168.63009]
	7006.60981	   0.02206	[mu,kappa]: [(40.54824,87.30368),170.22321]
	6919.69763	   0.02179	[mu,kappa]: [(40.37400,87.15175),130.83803]
	6994.36127	   0.02203	[mu,kappa]: [(40.15727,86.77606),73.63234]
	7005.50609	   0.02206	[mu,kappa]: [(40.47315,87.20698),149.90242]
	6895.51569	   0.02171	[mu,kappa]: [(40.66658,87.04724),135.96177]
	6999.26388	   0.02204	[mu,kappa]: [(40.56536,87.13427),142.50332]
	7115.16642	   0.02241	[mu,kappa]: [(40.52139,87.16233),144.82742]
	6955.10797	   0.02190	[mu,kappa]: [(40.35177,87.19393),129.39416]
	6858.50181	   0.02160	[mu,kappa]: [(40.62400,87.04899),124.92862]
	7089.43926	   0.02233	[mu,kappa]: [(40.43222,87.34504),174.45406]
	6993.49185	   0.02202	[mu,kappa]: [(40.48847,87.24359),155.01378]
	7037.14824	   0.02216	[mu,kappa]: [(40.42768,87.21603),144.74880]
	7220.95306	   0.02274	[mu,kappa]: [(40.57130,87.27985),176.00534]
	7060.77158	   0.02223	[mu,kappa]: [(40.50616,87.24986),150.73576]
	7093.58344	   0.02234	[mu,kappa]: [(40.66524,87.18417),155.27847]
	7050.75380	   0.02220	[mu,kappa]: [(40.35680,87.30224),154.87890]
	7295.15154	   0.02297	[mu,kappa]: [(40.44994,87.37991),190.42939]
	7020.03453	   0.02211	[mu,kappa]: [(40.64843,87.08619),141.63090]
	7049.84415	   0.02220	[mu,kappa]: [(40.48929,87.24095),157.01231]
	7099.67600	   0.02236	[mu,kappa]: [(40.42985,87.05251),115.82661]
	6945.76188	   0.02187	[mu,kappa]: [(40.37571,87.10163),119.63008]
	7052.87376	   0.02221	[mu,kappa]: [(40.55777,87.25349),162.24862]
	7098.96929	   0.02236	[mu,kappa]: [(40.15313,86.79834),76.47752]
	7162.35426	   0.02255	[mu,kappa]: [(40.48837,87.31697),175.82079]
	6988.78661	   0.02201	[mu,kappa]: [(40.38811,87.26999),154.30011]
	7044.18527	   0.02218	[mu,kappa]: [(40.55389,87.19328),150.64230]
	7050.96944	   0.02220	[mu,kappa]: [(40.50766,87.28302),165.31505]
	6939.22481	   0.02185	[mu,kappa]: [(40.49774,87.15905),141.79741]
	6972.02966	   0.02196	[mu,kappa]: [(40.67578,87.08174),142.15064]
	6893.05574	   0.02171	[mu,kappa]: [(40.54302,86.98617),113.22562]
	7167.04498	   0.02257	[mu,kappa]: [(40.44178,87.31504),171.47819]
	7153.38850	   0.02253	[mu,kappa]: [(40.30002,87.21151),132.91759]
	7151.19135	   0.02252	[mu,kappa]: [(40.74915,86.41912),61.68491]
	7065.09211	   0.02225	[mu,kappa]: [(40.71105,87.15280),157.53890]
	7174.33093	   0.02259	[mu,kappa]: [(40.54829,87.28780),166.09682]
	7025.46981	   0.02212	[mu,kappa]: [(40.40238,86.78298),82.35362]
	7354.41260	   0.02316	[mu,kappa]: [(40.08076,86.16419),30.89492]
	7247.12133	   0.02282	[mu,kappa]: [(40.18668,86.12653),29.27304]
			msglen: 5335698.83810 bits.
Iteration #: 2
	6809.32479	   0.02144	[mu,kappa]: [(40.35509,87.45252),203.46499]
	6983.82730	   0.02199	[mu,kappa]: [(40.60956,87.43897),230.10483]
	7541.31568	   0.02375	[mu,kappa]: [(40.48581,87.57585),268.41719]
	7370.63970	   0.02321	[mu,kappa]: [(40.53233,87.51936),250.74936]
	7400.60654	   0.02330	[mu,kappa]: [(40.38995,87.59243),255.73531]
	6963.63185	   0.02193	[mu,kappa]: [(40.73119,87.29398),200.84203]
	7399.65966	   0.02330	[mu,kappa]: [(40.34258,87.62660),262.63662]
	7394.73714	   0.02329	[mu,kappa]: [(40.47310,87.58304),265.08401]
	6678.11791	   0.02103	[mu,kappa]: [(40.33231,87.41716),191.07503]
	5944.15898	   0.01872	[mu,kappa]: [(40.33755,86.47925),81.60745]
	7070.18411	   0.02226	[mu,kappa]: [(40.41606,87.50238),227.46380]
	6730.32339	   0.02119	[mu,kappa]: [(40.63736,87.31743),199.77124]
	6940.75516	   0.02186	[mu,kappa]: [(40.51861,87.41566),212.94384]
	7095.39063	   0.02234	[mu,kappa]: [(40.47044,87.45014),217.59025]
	6690.36793	   0.02107	[mu,kappa]: [(40.30477,87.42981),188.49705]
	6521.12840	   0.02054	[mu,kappa]: [(40.61121,87.25672),178.61936]
	7553.67353	   0.02379	[mu,kappa]: [(40.36130,87.64011),273.09793]
	7140.86859	   0.02249	[mu,kappa]: [(40.42530,87.53048),237.14003]
	7019.84964	   0.02211	[mu,kappa]: [(40.37206,87.49692),217.89239]
	7710.80494	   0.02428	[mu,kappa]: [(40.49692,87.58332),275.22170]
	7140.42140	   0.02249	[mu,kappa]: [(40.44250,87.51096),229.16208]
	7241.06722	   0.02280	[mu,kappa]: [(40.60129,87.45909),236.87207]
	7202.40665	   0.02268	[mu,kappa]: [(40.29256,87.58845),237.40451]
	8025.91156	   0.02527	[mu,kappa]: [(40.37687,87.68157),278.00000]
	6944.48778	   0.02187	[mu,kappa]: [(40.60752,87.36854),210.82501]
	7230.29159	   0.02277	[mu,kappa]: [(40.42607,87.53651),240.82516]
	6603.70178	   0.02080	[mu,kappa]: [(40.42164,87.24771),161.35940]
	6521.99741	   0.02054	[mu,kappa]: [(40.35075,87.31783),169.07798]
	7315.67528	   0.02304	[mu,kappa]: [(40.48862,87.53900),250.35204]
	6057.16418	   0.01907	[mu,kappa]: [(40.29946,86.58157),86.59704]
	7649.77288	   0.02409	[mu,kappa]: [(40.41636,87.61839),275.27907]
	7127.88051	   0.02245	[mu,kappa]: [(40.32625,87.56614),236.12832]
	7119.07502	   0.02242	[mu,kappa]: [(40.49547,87.47667),228.59779]
	7364.72963	   0.02319	[mu,kappa]: [(40.43779,87.57296),256.20464]
	6871.78098	   0.02164	[mu,kappa]: [(40.44923,87.44169),211.88271]
	6904.79591	   0.02174	[mu,kappa]: [(40.63459,87.36113),211.70572]
	6370.18522	   0.02006	[mu,kappa]: [(40.56053,87.15743),155.78645]
	7587.52411	   0.02389	[mu,kappa]: [(40.37304,87.61948),267.61283]
	6941.05184	   0.02186	[mu,kappa]: [(40.24848,87.47413),195.46307]
	6076.04767	   0.01913	[mu,kappa]: [(41.54886,85.48895),61.29503]
	7245.66012	   0.02282	[mu,kappa]: [(40.64751,87.44316),240.73659]
	7505.21587	   0.02363	[mu,kappa]: [(40.47524,87.56565),257.55667]
	6059.88483	   0.01908	[mu,kappa]: [(40.58723,86.62208),96.74400]
	7557.71531	   0.02380	[mu,kappa]: [(40.70931,81.87197),16.90504]
	7931.18939	   0.02498	[mu,kappa]: [(40.82082,80.85585),11.34693]
			msglen: 5281208.66015 bits.
Iteration #: 3
	6661.42815	   0.02098	[mu,kappa]: [(40.25907,87.57671),229.95401]
	6936.19012	   0.02184	[mu,kappa]: [(40.59079,87.54350),269.11670]
	7686.20719	   0.02420	[mu,kappa]: [(40.42835,87.71621),278.00000]
	7421.97178	   0.02337	[mu,kappa]: [(40.48732,87.64784),278.00000]
	7484.26107	   0.02357	[mu,kappa]: [(40.30924,87.73732),278.00000]
	6795.67847	   0.02140	[mu,kappa]: [(40.77367,87.34895),225.21615]
	7521.29496	   0.02368	[mu,kappa]: [(40.25180,87.77850),278.00000]
	7520.93088	   0.02368	[mu,kappa]: [(40.41170,87.71918),278.00000]
	6489.90141	   0.02044	[mu,kappa]: [(40.22598,87.53103),211.63449]
	5968.75641	   0.01880	[mu,kappa]: [(40.41320,86.06412),71.39098]
	7016.18419	   0.02209	[mu,kappa]: [(40.34160,87.63617),265.65892]
	6563.49200	   0.02067	[mu,kappa]: [(40.64767,87.39294),223.81128]
	6821.92608	   0.02148	[mu,kappa]: [(40.47897,87.52377),243.70522]
	6995.20886	   0.02203	[mu,kappa]: [(40.41377,87.56962),250.76192]
	6494.79759	   0.02045	[mu,kappa]: [(40.18490,87.53926),207.93372]
	6294.25320	   0.01982	[mu,kappa]: [(40.62714,87.29319),192.88619]
	7730.87027	   0.02434	[mu,kappa]: [(40.27660,87.79208),278.00000]
	7130.74315	   0.02246	[mu,kappa]: [(40.35285,87.66535),278.00000]
	6926.43161	   0.02181	[mu,kappa]: [(40.28268,87.62823),251.46897]
	7894.24222	   0.02486	[mu,kappa]: [(40.44181,87.72502),278.00000]
	7092.79735	   0.02234	[mu,kappa]: [(40.37376,87.63442),268.20892]
	7223.22111	   0.02275	[mu,kappa]: [(40.57775,87.57028),278.00000]
	7201.49115	   0.02268	[mu,kappa]: [(40.18281,87.73875),278.00000]
	8241.71918	   0.02595	[mu,kappa]: [(40.29127,87.81265),278.00000]
	6815.28336	   0.02146	[mu,kappa]: [(40.59958,87.46252),240.30265]
	7237.45418	   0.02279	[mu,kappa]: [(40.35435,87.67466),278.00000]
	6337.37977	   0.01996	[mu,kappa]: [(40.36041,87.28633),168.45830]
	6276.04684	   0.01976	[mu,kappa]: [(40.25136,87.38956),179.56388]
	7366.55528	   0.02320	[mu,kappa]: [(40.43227,87.67106),278.00000]
	6029.26347	   0.01899	[mu,kappa]: [(40.30822,86.23533),76.28611]
	7836.82795	   0.02468	[mu,kappa]: [(40.34404,87.76707),278.00000]
	7118.56629	   0.02242	[mu,kappa]: [(40.22631,87.71442),278.00000]
	7066.63759	   0.02225	[mu,kappa]: [(40.44412,87.59836),267.17023]
	7447.54363	   0.02345	[mu,kappa]: [(40.36881,87.71311),278.00000]
	6751.97905	   0.02126	[mu,kappa]: [(40.38621,87.55902),242.29298]
	6779.64635	   0.02135	[mu,kappa]: [(40.63523,87.45138),241.54492]
	6104.50872	   0.01922	[mu,kappa]: [(40.57817,87.14815),160.44007]
	7735.83440	   0.02436	[mu,kappa]: [(40.29066,87.77183),278.00000]
	6766.06609	   0.02131	[mu,kappa]: [(40.10929,87.60467),218.30810]
	6533.12995	   0.02057	[mu,kappa]: [(42.98889,84.36982),54.90014]
	7244.93361	   0.02281	[mu,kappa]: [(40.63616,87.55451),278.00000]
	7594.69398	   0.02392	[mu,kappa]: [(40.41456,87.69941),278.00000]
	5952.03665	   0.01874	[mu,kappa]: [(40.79207,86.26136),86.71431]
	8172.53329	   0.02574	[mu,kappa]: [(41.84934,81.48942),19.62565]
	8274.08112	   0.02606	[mu,kappa]: [(40.43715,79.64553),9.95382]
			msglen: 5274250.99049 bits.
Iteration #: 4
	6541.86571	   0.02060	[mu,kappa]: [(40.16059,87.66061),249.53500]
	6911.05013	   0.02176	[mu,kappa]: [(40.61411,87.59383),278.00000]
	7691.05608	   0.02422	[mu,kappa]: [(40.38697,87.74976),278.00000]
	7424.86026	   0.02338	[mu,kappa]: [(40.47029,87.69532),278.00000]
	7493.61231	   0.02360	[mu,kappa]: [(40.23522,87.80070),278.00000]
	6663.23855	   0.02098	[mu,kappa]: [(40.88826,87.33753),242.78667]
	7534.44916	   0.02373	[mu,kappa]: [(40.15763,87.84081),278.00000]
	7526.17609	   0.02370	[mu,kappa]: [(40.36577,87.75689),278.00000]
	6338.81060	   0.01996	[mu,kappa]: [(40.10306,87.60993),224.26510]
	6309.78123	   0.01987	[mu,kappa]: [(40.36742,85.77659),63.12968]
	6984.29337	   0.02199	[mu,kappa]: [(40.28418,87.72185),278.00000]
	6427.79084	   0.02024	[mu,kappa]: [(40.71125,87.40485),240.86131]
	6726.58385	   0.02118	[mu,kappa]: [(40.46917,87.57901),268.57630]
	6917.79235	   0.02178	[mu,kappa]: [(40.37979,87.63888),278.00000]
	6339.92853	   0.01996	[mu,kappa]: [(40.03950,87.62142),219.24549]
	6117.16091	   0.01926	[mu,kappa]: [(40.69655,87.26922),198.90132]
	7743.08777	   0.02438	[mu,kappa]: [(40.18672,87.83922),278.00000]
	7136.66617	   0.02247	[mu,kappa]: [(40.29985,87.74974),278.00000]
	6856.68066	   0.02159	[mu,kappa]: [(40.20125,87.71680),278.00000]
	7898.91851	   0.02487	[mu,kappa]: [(40.40252,87.74963),278.00000]
	7067.24878	   0.02226	[mu,kappa]: [(40.32640,87.71350),278.00000]
	7225.00268	   0.02275	[mu,kappa]: [(40.59418,87.62543),278.00000]
	7217.46736	   0.02273	[mu,kappa]: [(40.07687,87.84426),278.00000]
	8254.03234	   0.02599	[mu,kappa]: [(40.20216,87.84456),278.00000]
	6711.66758	   0.02114	[mu,kappa]: [(40.63647,87.49667),263.73842]
	7243.60436	   0.02281	[mu,kappa]: [(40.30041,87.75392),278.00000]
	6149.85265	   0.01937	[mu,kappa]: [(40.28348,87.28743),166.94123]
	6094.43548	   0.01919	[mu,kappa]: [(40.11807,87.43252),181.28145]
	7370.61056	   0.02321	[mu,kappa]: [(40.39827,87.72569),278.00000]
	6316.65583	   0.01989	[mu,kappa]: [(40.15639,86.00044),67.25118]
	7845.35429	   0.02471	[mu,kappa]: [(40.27451,87.80386),278.00000]
	7131.14163	   0.02246	[mu,kappa]: [(40.13470,87.81731),278.00000]
	7035.97171	   0.02216	[mu,kappa]: [(40.42035,87.66938),278.00000]
	7454.04042	   0.02347	[mu,kappa]: [(40.31306,87.76836),278.00000]
	6655.74724	   0.02096	[mu,kappa]: [(40.34135,87.62819),266.66683]
	6680.34402	   0.02104	[mu,kappa]: [(40.68510,87.48048),265.44396]
	5928.20482	   0.01867	[mu,kappa]: [(40.63431,87.07877),156.92114]
	7746.98655	   0.02440	[mu,kappa]: [(40.20715,87.82431),278.00000]
	6629.51161	   0.02088	[mu,kappa]: [(39.93869,87.70828),233.50480]
	7521.10078	   0.02368	[mu,kappa]: [(45.12062,83.33455),55.46129]
	7247.40345	   0.02282	[mu,kappa]: [(40.66929,87.59761),278.00000]
	7599.68025	   0.02393	[mu,kappa]: [(40.37214,87.74597),278.00000]
	6134.02581	   0.01932	[mu,kappa]: [(41.06926,85.88143),76.74714]
	8742.78957	   0.02753	[mu,kappa]: [(42.79017,81.93847),23.42375]
	7968.31716	   0.02509	[mu,kappa]: [(38.27983,79.73825),9.40443]
			msglen: 5270469.48165 bits.
Iteration #: 5
	6471.11576	   0.02038	[mu,kappa]: [(40.05396,87.75098),273.28897]
	6904.07042	   0.02174	[mu,kappa]: [(40.66498,87.59946),278.00000]
	7682.07638	   0.02419	[mu,kappa]: [(40.35527,87.75646),278.00000]
	7415.25344	   0.02335	[mu,kappa]: [(40.46856,87.70033),278.00000]
	7490.48317	   0.02359	[mu,kappa]: [(40.15557,87.83416),278.00000]
	6585.13558	   0.02074	[mu,kappa]: [(41.06136,87.30805),264.99678]
	7536.27879	   0.02373	[mu,kappa]: [(40.05132,87.88101),278.00000]
	7517.88710	   0.02367	[mu,kappa]: [(40.32740,87.76732),278.00000]
	6223.31240	   0.01960	[mu,kappa]: [(39.95019,87.70495),239.03461]
	6588.94341	   0.02075	[mu,kappa]: [(39.88324,85.79782),58.81606]
	6978.60196	   0.02198	[mu,kappa]: [(40.22891,87.77741),278.00000]
	6336.59275	   0.01995	[mu,kappa]: [(40.81728,87.40349),262.12742]
	6692.22354	   0.02107	[mu,kappa]: [(40.48091,87.62796),278.00000]
	6908.91525	   0.02176	[mu,kappa]: [(40.36201,87.70247),278.00000]
	6220.94384	   0.01959	[mu,kappa]: [(39.85166,87.72616),232.28482]
	5962.32284	   0.01878	[mu,kappa]: [(40.80839,87.23517),206.45968]
	7742.99407	   0.02438	[mu,kappa]: [(40.08851,87.87025),278.00000]
	7130.64227	   0.02245	[mu,kappa]: [(40.24483,87.78621),278.00000]
	6854.18792	   0.02158	[mu,kappa]: [(40.12429,87.80323),278.00000]
	7889.37568	   0.02484	[mu,kappa]: [(40.37499,87.75108),278.00000]
	7060.14590	   0.02223	[mu,kappa]: [(40.28367,87.75872),278.00000]
	7217.13575	   0.02273	[mu,kappa]: [(40.63525,87.62242),278.00000]
	7225.07377	   0.02275	[mu,kappa]: [(39.94812,87.91041),278.00000]
	8252.90309	   0.02599	[mu,kappa]: [(40.10737,87.86766),278.00000]
	6668.00488	   0.02100	[mu,kappa]: [(40.70681,87.51977),278.00000]
	7237.50140	   0.02279	[mu,kappa]: [(40.24495,87.78814),278.00000]
	5980.14478	   0.01883	[mu,kappa]: [(40.14624,87.31729),165.33919]
	5935.88374	   0.01869	[mu,kappa]: [(39.91035,87.50977),182.99047]
	7361.75877	   0.02318	[mu,kappa]: [(40.37303,87.74036),278.00000]
	6578.88928	   0.02072	[mu,kappa]: [(39.51901,86.07423),62.31090]
	7840.13759	   0.02469	[mu,kappa]: [(40.20499,87.82232),278.00000]
	7134.09497	   0.02247	[mu,kappa]: [(40.02549,87.87697),278.00000]
	7026.95815	   0.02213	[mu,kappa]: [(40.40906,87.70415),278.00000]
	7447.41815	   0.02345	[mu,kappa]: [(40.25894,87.79115),278.00000]
	6618.24666	   0.02084	[mu,kappa]: [(40.30871,87.69491),278.00000]
	6643.16944	   0.02092	[mu,kappa]: [(40.77168,87.49726),278.00000]
	5766.56935	   0.01816	[mu,kappa]: [(40.69923,87.01226),153.85891]
	7745.50538	   0.02439	[mu,kappa]: [(40.11657,87.85572),278.00000]
	6541.59781	   0.02060	[mu,kappa]: [(39.72600,87.83308),251.35267]
	8800.16411	   0.02771	[mu,kappa]: [(47.68044,82.40072),66.64141]
	7242.00625	   0.02281	[mu,kappa]: [(40.73409,87.58262),278.00000]
	7591.12018	   0.02390	[mu,kappa]: [(40.33703,87.75959),278.00000]
	6291.70323	   0.01981	[mu,kappa]: [(41.25730,85.62853),70.96096]
	8969.60175	   0.02825	[mu,kappa]: [(43.59996,82.23977),26.94382]
	7247.90904	   0.02282	[mu,kappa]: [(35.16976,79.93078),8.91666]
			msglen: 5265912.96202 bits.
Iteration #: 6
	6456.21438	   0.02033	[mu,kappa]: [(39.94563,87.85247),278.00000]
	6895.53362	   0.02171	[mu,kappa]: [(40.74707,87.57351),278.00000]
	7665.93621	   0.02414	[mu,kappa]: [(40.33327,87.75814),278.00000]
	7399.54085	   0.02330	[mu,kappa]: [(40.48471,87.69125),278.00000]
	7481.95367	   0.02356	[mu,kappa]: [(40.06858,87.86534),278.00000]
	6578.55640	   0.02072	[mu,kappa]: [(41.29245,87.26840),278.00000]
	7535.08434	   0.02373	[mu,kappa]: [(39.92916,87.92455),278.00000]
	7502.58118	   0.02363	[mu,kappa]: [(40.29638,87.77310),278.00000]
	6141.33587	   0.01934	[mu,kappa]: [(39.76638,87.82393),258.63217]
	6724.07761	   0.02117	[mu,kappa]: [(38.57853,86.24612),58.01937]
	6967.08556	   0.02194	[mu,kappa]: [(40.16987,87.81159),278.00000]
	6299.13362	   0.01984	[mu,kappa]: [(40.96855,87.39628),278.00000]
	6678.13950	   0.02103	[mu,kappa]: [(40.51062,87.65003),278.00000]
	6894.20068	   0.02171	[mu,kappa]: [(40.34945,87.72831),278.00000]
	6136.07479	   0.01932	[mu,kappa]: [(39.61601,87.86204),249.50374]
	5817.49300	   0.01832	[mu,kappa]: [(40.96995,87.19777),218.55908]
	7738.81145	   0.02437	[mu,kappa]: [(39.97809,87.90644),278.00000]
	7118.37870	   0.02242	[mu,kappa]: [(40.18887,87.81068),278.00000]
	6847.70936	   0.02156	[mu,kappa]: [(40.03307,87.86024),278.00000]
	7872.53832	   0.02479	[mu,kappa]: [(40.35903,87.74874),278.00000]
	7046.71358	   0.02219	[mu,kappa]: [(40.24209,87.78352),278.00000]
	7206.64628	   0.02269	[mu,kappa]: [(40.70631,87.59528),278.00000]
	7233.06781	   0.02278	[mu,kappa]: [(39.79328,87.97459),278.00000]
	8246.97382	   0.02597	[mu,kappa]: [(40.00249,87.89872),278.00000]
	6662.22903	   0.02098	[mu,kappa]: [(40.81114,87.51847),278.00000]
	7225.05422	   0.02275	[mu,kappa]: [(40.18875,87.81162),278.00000]
	5803.64436	   0.01828	[mu,kappa]: [(39.90482,87.40123),165.28598]
	5787.58765	   0.01823	[mu,kappa]: [(39.58979,87.64343),186.36549]
	7346.09789	   0.02313	[mu,kappa]: [(40.35807,87.74393),278.00000]
	6770.87124	   0.02132	[mu,kappa]: [(37.99677,86.59846),61.54844]
	7828.50892	   0.02465	[mu,kappa]: [(40.13313,87.84256),278.00000]
	7134.89317	   0.02247	[mu,kappa]: [(39.89677,87.93129),278.00000]
	7011.81337	   0.02208	[mu,kappa]: [(40.40885,87.71327),278.00000]
	7434.13299	   0.02341	[mu,kappa]: [(40.20610,87.80841),278.00000]
	6604.67754	   0.02080	[mu,kappa]: [(40.28288,87.74248),278.00000]
	6641.60902	   0.02091	[mu,kappa]: [(40.89596,87.48513),278.00000]
	5582.43770	   0.01758	[mu,kappa]: [(40.75380,86.96815),153.27640]
	7739.24876	   0.02437	[mu,kappa]: [(40.01588,87.88953),278.00000]
	6508.21028	   0.02049	[mu,kappa]: [(39.47162,87.98550),274.66071]
	10844.04845	   0.03415	[mu,kappa]: [(50.01479,81.64215),95.46398]
	7237.06679	   0.02279	[mu,kappa]: [(40.83647,87.54170),278.00000]
	7575.46810	   0.02386	[mu,kappa]: [(40.30970,87.76591),278.00000]
	6261.79835	   0.01972	[mu,kappa]: [(41.16397,85.58126),68.72995]
	8717.75264	   0.02745	[mu,kappa]: [(44.29033,82.36648),29.77777]
	6354.06891	   0.02001	[mu,kappa]: [(31.88484,79.97262),8.50842]
			msglen: 5258955.81044 bits.
Iteration #: 7
	6449.21825	   0.02031	[mu,kappa]: [(39.83219,87.93104),278.00000]
	6890.69293	   0.02170	[mu,kappa]: [(40.87297,87.52677),278.00000]
	7642.38787	   0.02407	[mu,kappa]: [(40.33257,87.75548),278.00000]
	7379.17117	   0.02324	[mu,kappa]: [(40.53090,87.67195),278.00000]
	7466.33824	   0.02351	[mu,kappa]: [(39.98557,87.89697),278.00000]
	6642.22080	   0.02092	[mu,kappa]: [(41.58436,87.19567),278.00000]
	7529.29341	   0.02371	[mu,kappa]: [(39.80164,87.97309),278.00000]
	7479.69262	   0.02355	[mu,kappa]: [(40.28433,87.77517),278.00000]
	6100.63595	   0.01921	[mu,kappa]: [(39.57878,87.95746),278.00000]
	6760.33471	   0.02129	[mu,kappa]: [(36.30948,87.18346),63.26281]
	6948.27359	   0.02188	[mu,kappa]: [(40.12034,87.83628),278.00000]
	6315.69490	   0.01989	[mu,kappa]: [(41.17061,87.36438),278.00000]
	6660.69643	   0.02098	[mu,kappa]: [(40.56885,87.64243),278.00000]
	6873.09027	   0.02164	[mu,kappa]: [(40.35690,87.73497),278.00000]
	6091.62223	   0.01918	[mu,kappa]: [(39.35932,88.01960),274.71690]
	5687.97683	   0.01791	[mu,kappa]: [(41.19800,87.15719),240.05627]
	7728.80480	   0.02434	[mu,kappa]: [(39.86589,87.94771),278.00000]
	7098.60698	   0.02235	[mu,kappa]: [(40.14433,87.82957),278.00000]
	6835.20061	   0.02152	[mu,kappa]: [(39.94152,87.90609),278.00000]
	7848.40796	   0.02471	[mu,kappa]: [(40.36608,87.74227),278.00000]
	7025.90022	   0.02212	[mu,kappa]: [(40.21485,87.79827),278.00000]
	7198.34685	   0.02267	[mu,kappa]: [(40.81951,87.55106),278.00000]
	7240.62002	   0.02280	[mu,kappa]: [(39.62292,88.04351),278.00000]
	8234.35107	   0.02593	[mu,kappa]: [(39.89772,87.93573),278.00000]
	6663.09230	   0.02098	[mu,kappa]: [(40.95977,87.47785),278.00000]
	7204.98642	   0.02269	[mu,kappa]: [(40.14405,87.83009),278.00000]
	5593.58370	   0.01761	[mu,kappa]: [(39.55387,87.54895),169.65471]
	5639.70235	   0.01776	[mu,kappa]: [(39.15809,87.83732),194.41057]
	7323.61655	   0.02306	[mu,kappa]: [(40.36553,87.74013),278.00000]
	7011.18976	   0.02208	[mu,kappa]: [(35.48651,87.63272),68.59026]
	7808.87075	   0.02459	[mu,kappa]: [(40.06992,87.86412),278.00000]
	7132.10258	   0.02246	[mu,kappa]: [(39.75978,87.98723),278.00000]
	6990.88963	   0.02201	[mu,kappa]: [(40.43321,87.70790),278.00000]
	7412.99756	   0.02334	[mu,kappa]: [(40.16628,87.82276),278.00000]
	6584.59166	   0.02074	[mu,kappa]: [(40.27160,87.76397),278.00000]
	6650.49697	   0.02094	[mu,kappa]: [(41.06901,87.43352),278.00000]
	5333.12048	   0.01679	[mu,kappa]: [(40.80830,86.95773),158.54317]
	7726.44756	   0.02433	[mu,kappa]: [(39.91587,87.92664),278.00000]
	6545.13260	   0.02061	[mu,kappa]: [(39.20601,88.15371),278.00000]
	13951.48994	   0.04393	[mu,kappa]: [(51.18915,81.27228),135.44241]
	7239.97706	   0.02280	[mu,kappa]: [(40.98784,87.48173),278.00000]
	7552.26530	   0.02378	[mu,kappa]: [(40.30199,87.76715),278.00000]
	5887.47652	   0.01854	[mu,kappa]: [(40.68342,85.78970),70.43203]
	7817.91249	   0.02462	[mu,kappa]: [(45.14575,82.28027),31.58844]
	5357.47906	   0.01687	[mu,kappa]: [(29.19868,79.31238),7.89290]
			msglen: 5250699.68237 bits.
Iteration #: 8
	6433.74003	   0.02026	[mu,kappa]: [(39.73515,87.98630),278.00000]
	6903.50539	   0.02174	[mu,kappa]: [(41.05826,87.45703),278.00000]
	7614.17425	   0.02398	[mu,kappa]: [(40.37327,87.73982),278.00000]
	7360.88142	   0.02318	[mu,kappa]: [(40.62585,87.63580),278.00000]
	7440.59289	   0.02343	[mu,kappa]: [(39.92897,87.92051),278.00000]
	6773.30548	   0.02133	[mu,kappa]: [(41.94522,87.07606),278.00000]
	7513.68518	   0.02366	[mu,kappa]: [(39.69192,88.01733),278.00000]
	7450.98945	   0.02346	[mu,kappa]: [(40.31173,87.76488),278.00000]
	6103.34715	   0.01922	[mu,kappa]: [(39.41738,88.08031),278.00000]
	6975.55997	   0.02197	[mu,kappa]: [(33.66604,88.36020),79.19221]
	6921.17552	   0.02180	[mu,kappa]: [(40.10270,87.84727),278.00000]
	6366.23657	   0.02005	[mu,kappa]: [(41.43531,87.28416),278.00000]
	6646.62923	   0.02093	[mu,kappa]: [(40.67579,87.60899),278.00000]
	6848.46785	   0.02157	[mu,kappa]: [(40.40567,87.72178),278.00000]
	6109.25786	   0.01924	[mu,kappa]: [(39.13068,88.17934),278.00000]
	5629.03854	   0.01773	[mu,kappa]: [(41.50637,87.10813),275.58522]
	7708.29544	   0.02427	[mu,kappa]: [(39.77467,87.98409),278.00000]
	7070.68997	   0.02227	[mu,kappa]: [(40.13304,87.83633),278.00000]
	6813.31399	   0.02146	[mu,kappa]: [(39.87345,87.93905),278.00000]
	7820.48669	   0.02463	[mu,kappa]: [(40.41593,87.72267),278.00000]
	6998.19633	   0.02204	[mu,kappa]: [(40.22363,87.79832),278.00000]
	7205.48033	   0.02269	[mu,kappa]: [(40.99077,87.48569),278.00000]
	7241.39979	   0.02280	[mu,kappa]: [(39.46126,88.10985),278.00000]
	8210.43766	   0.02585	[mu,kappa]: [(39.81555,87.96794),278.00000]
	6685.99440	   0.02105	[mu,kappa]: [(41.16882,87.40569),278.00000]
	7176.64636	   0.02260	[mu,kappa]: [(40.13263,87.83668),278.00000]
	5346.08113	   0.01684	[mu,kappa]: [(39.17190,87.73467),181.20906]
	5496.14676	   0.01731	[mu,kappa]: [(38.68666,88.06776),210.57202]
	7297.58926	   0.02298	[mu,kappa]: [(40.41554,87.72175),278.00000]
	7676.32248	   0.02417	[mu,kappa]: [(32.71892,88.88453),90.06194]
	7779.28141	   0.02450	[mu,kappa]: [(40.03709,87.87727),278.00000]
	7120.41771	   0.02242	[mu,kappa]: [(39.63826,88.03779),278.00000]
	6968.60531	   0.02194	[mu,kappa]: [(40.50229,87.68431),278.00000]
	7383.69907	   0.02325	[mu,kappa]: [(40.16087,87.82599),278.00000]
	6559.20921	   0.02066	[mu,kappa]: [(40.29760,87.76312),278.00000]
	6687.91666	   0.02106	[mu,kappa]: [(41.30527,87.35016),278.00000]
	5028.61060	   0.01584	[mu,kappa]: [(40.93987,86.95813),172.53720]
	7703.02560	   0.02426	[mu,kappa]: [(39.83913,87.95759),278.00000]
	6599.34176	   0.02078	[mu,kappa]: [(38.92742,88.29910),278.00000]
	16907.89317	   0.05324	[mu,kappa]: [(51.38031,81.23027),164.25301]
	7268.38214	   0.02289	[mu,kappa]: [(41.20195,87.39932),278.00000]
	7523.63763	   0.02369	[mu,kappa]: [(40.33437,87.75529),278.00000]
	5237.35142	   0.01649	[mu,kappa]: [(40.05241,86.13232),76.43633]
	6611.08564	   0.02082	[mu,kappa]: [(46.95790,81.70719),32.54688]
	4338.87530	   0.01366	[mu,kappa]: [(27.47376,77.34553),6.92024]
			msglen: 5241898.02042 bits.
Iteration #: 9
	6402.89597	   0.02016	[mu,kappa]: [(39.66180,88.02559),278.00000]
	6937.21444	   0.02185	[mu,kappa]: [(41.28839,87.36860),278.00000]
	7578.40575	   0.02386	[mu,kappa]: [(40.45082,87.71073),278.00000]
	7344.10462	   0.02313	[mu,kappa]: [(40.76132,87.58393),278.00000]
	7398.27831	   0.02330	[mu,kappa]: [(39.90116,87.93424),278.00000]
	6982.74334	   0.02199	[mu,kappa]: [(42.34727,86.93039),278.00000]
	7480.05309	   0.02356	[mu,kappa]: [(39.60636,88.05432),278.00000]
	7413.11423	   0.02334	[mu,kappa]: [(40.37494,87.74159),278.00000]
	6093.36364	   0.01919	[mu,kappa]: [(39.26993,88.16881),278.00000]
	7431.24186	   0.02340	[mu,kappa]: [(31.61888,89.34390),109.60318]
	6881.06445	   0.02167	[mu,kappa]: [(40.11690,87.84530),278.00000]
	6456.67010	   0.02033	[mu,kappa]: [(41.74427,87.17453),278.00000]
	6635.82121	   0.02090	[mu,kappa]: [(40.82326,87.55573),278.00000]
	6817.99613	   0.02147	[mu,kappa]: [(40.49131,87.69201),278.00000]
	6128.40530	   0.01930	[mu,kappa]: [(38.91387,88.30551),278.00000]
	5715.36054	   0.01800	[mu,kappa]: [(41.84823,87.05860),278.00000]
	7669.44739	   0.02415	[mu,kappa]: [(39.70929,88.01265),278.00000]
	7030.03099	   0.02214	[mu,kappa]: [(40.15429,87.83074),278.00000]
	6775.77308	   0.02134	[mu,kappa]: [(39.83270,87.96022),278.00000]
	7786.19533	   0.02452	[mu,kappa]: [(40.50333,87.68948),278.00000]
	6959.75491	   0.02192	[mu,kappa]: [(40.26645,87.78459),278.00000]
	7230.80178	   0.02277	[mu,kappa]: [(41.20646,87.40241),278.00000]
	7226.12397	   0.02276	[mu,kappa]: [(39.31900,88.17058),278.00000]
	8167.20296	   0.02572	[mu,kappa]: [(39.76007,87.99221),278.00000]
	6735.01469	   0.02121	[mu,kappa]: [(41.42276,87.31109),278.00000]
	7135.36494	   0.02247	[mu,kappa]: [(40.15376,87.83104),278.00000]
	5069.63583	   0.01597	[mu,kappa]: [(38.85831,87.92212),203.87039]
	5367.21594	   0.01690	[mu,kappa]: [(38.26546,88.30650),240.64525]
	7265.61103	   0.02288	[mu,kappa]: [(40.50298,87.68911),278.00000]
	8887.73228	   0.02799	[mu,kappa]: [(30.77309,89.88673),131.00958]
	7733.87492	   0.02435	[mu,kappa]: [(40.03521,87.88005),278.00000]
	7091.72870	   0.02233	[mu,kappa]: [(39.53969,88.08080),278.00000]
	6943.38446	   0.02187	[mu,kappa]: [(40.60993,87.64464),278.00000]
	7341.65963	   0.02312	[mu,kappa]: [(40.18860,87.81724),278.00000]
	6525.45254	   0.02055	[mu,kappa]: [(40.35843,87.74482),278.00000]
	6759.15458	   0.02129	[mu,kappa]: [(41.58695,87.24453),278.00000]
	4724.89864	   0.01488	[mu,kappa]: [(41.19689,86.93852),197.41346]
	7661.62794	   0.02413	[mu,kappa]: [(39.78948,87.97990),278.00000]
	6651.18796	   0.02095	[mu,kappa]: [(38.65546,88.42748),278.00000]
	18796.45278	   0.05919	[mu,kappa]: [(51.18096,81.34302),180.82831]
	7327.05761	   0.02307	[mu,kappa]: [(41.46183,87.29863),278.00000]
	7486.39262	   0.02358	[mu,kappa]: [(40.40291,87.73004),278.00000]
	4463.47858	   0.01406	[mu,kappa]: [(39.68681,86.37695),87.31927]
	5615.07212	   0.01768	[mu,kappa]: [(50.24884,80.48252),34.92585]
	3430.93885	   0.01081	[mu,kappa]: [(25.56471,74.06575),5.96846]
			msglen: 5233095.38785 bits.
Iteration #: 10
	6364.01907	   0.02004	[mu,kappa]: [(39.59782,88.05820),278.00000]
	6981.92226	   0.02199	[mu,kappa]: [(41.51740,87.27721),278.00000]
	7537.11393	   0.02373	[mu,kappa]: [(40.53324,87.67842),278.00000]
	7326.77428	   0.02307	[mu,kappa]: [(40.89983,87.52868),278.00000]
	7346.56560	   0.02313	[mu,kappa]: [(39.88146,87.94485),278.00000]
	7239.42173	   0.02280	[mu,kappa]: [(42.72973,86.78478),278.00000]
	7437.21708	   0.02342	[mu,kappa]: [(39.53127,88.08834),278.00000]
	7368.93258	   0.02321	[mu,kappa]: [(40.44343,87.71509),278.00000]
	6077.97541	   0.01914	[mu,kappa]: [(39.13437,88.24063),278.00000]
	7853.24770	   0.02473	[mu,kappa]: [(30.55758,89.92930),147.42479]
	6833.02402	   0.02152	[mu,kappa]: [(40.13772,87.83945),278.00000]
	6570.05722	   0.02069	[mu,kappa]: [(42.04562,87.05928),278.00000]
	6625.58733	   0.02086	[mu,kappa]: [(40.97309,87.49742),278.00000]
	6783.04802	   0.02136	[mu,kappa]: [(40.58139,87.65770),278.00000]
	6146.36211	   0.01936	[mu,kappa]: [(38.71357,88.40941),278.00000]
	5834.37011	   0.01837	[mu,kappa]: [(42.17284,86.97138),278.00000]
	7620.85275	   0.02400	[mu,kappa]: [(39.65351,88.03835),278.00000]
	6981.50120	   0.02199	[mu,kappa]: [(40.18200,87.82164),278.00000]
	6729.54873	   0.02119	[mu,kappa]: [(39.80036,87.97718),278.00000]
	7746.95365	   0.02440	[mu,kappa]: [(40.59532,87.65313),278.00000]
	6914.36382	   0.02177	[mu,kappa]: [(40.31506,87.76701),278.00000]
	7265.40005	   0.02288	[mu,kappa]: [(41.42185,87.31620),278.00000]
	7203.86318	   0.02269	[mu,kappa]: [(39.19017,88.22784),278.00000]
	8113.51209	   0.02555	[mu,kappa]: [(39.71381,88.01376),278.00000]
	6798.29850	   0.02141	[mu,kappa]: [(41.67388,87.21241),278.00000]
	7086.09114	   0.02231	[mu,kappa]: [(40.18136,87.82194),278.00000]
	4824.11137	   0.01519	[mu,kappa]: [(38.63350,88.10824),242.91854]
	5320.19268	   0.01675	[mu,kappa]: [(37.93812,88.54342),278.00000]
	7229.01032	   0.02276	[mu,kappa]: [(40.59497,87.65304),278.00000]
	10133.08706	   0.03191	[mu,kappa]: [(29.96009,90.45429),179.72461]
	7679.09686	   0.02418	[mu,kappa]: [(40.04059,87.87989),278.00000]
	7054.60665	   0.02222	[mu,kappa]: [(39.45215,88.12046),278.00000]
	6915.21820	   0.02178	[mu,kappa]: [(40.72143,87.60099),278.00000]
	7291.64528	   0.02296	[mu,kappa]: [(40.22264,87.80524),278.00000]
	6485.99507	   0.02042	[mu,kappa]: [(40.42429,87.72126),278.00000]
	6849.44743	   0.02157	[mu,kappa]: [(41.86385,87.13566),278.00000]
	4491.18486	   0.01414	[mu,kappa]: [(41.49651,86.91912),234.93101]
	7610.40352	   0.02397	[mu,kappa]: [(39.74879,87.99928),278.00000]
	6706.35973	   0.02112	[mu,kappa]: [(38.40689,88.54300),278.00000]
	19655.12382	   0.06189	[mu,kappa]: [(50.87610,81.50925),192.83554]
	7402.40463	   0.02331	[mu,kappa]: [(41.71879,87.19590),278.00000]
	7443.10274	   0.02344	[mu,kappa]: [(40.47657,87.70147),278.00000]
	3709.72106	   0.01168	[mu,kappa]: [(39.65674,86.44258),103.19393]
	5135.18211	   0.01617	[mu,kappa]: [(54.07527,78.98968),41.18297]
	2833.08307	   0.00892	[mu,kappa]: [(21.70659,70.17984),5.60526]
			msglen: 5226660.11385 bits.
Iteration #: 11
	6331.51363	   0.01994	[mu,kappa]: [(39.52184,88.09106),278.00000]
	7020.85720	   0.02211	[mu,kappa]: [(41.71256,87.19534),278.00000]
	7492.87299	   0.02360	[mu,kappa]: [(40.59171,87.65211),278.00000]
	7304.39858	   0.02300	[mu,kappa]: [(41.01082,87.48061),278.00000]
	7298.50161	   0.02298	[mu,kappa]: [(39.84558,87.95881),278.00000]
	7496.17330	   0.02361	[mu,kappa]: [(43.05816,86.65582),278.00000]
	7402.76773	   0.02331	[mu,kappa]: [(39.44565,88.12390),278.00000]
	7322.57759	   0.02306	[mu,kappa]: [(40.48892,87.69425),278.00000]
	6074.32566	   0.01913	[mu,kappa]: [(38.99552,88.30514),278.00000]
	8041.36995	   0.02532	[mu,kappa]: [(30.13414,90.19504),176.26044]
	6785.65024	   0.02137	[mu,kappa]: [(40.13890,87.83776),278.00000]
	6679.48764	   0.02103	[mu,kappa]: [(42.30579,86.95453),278.00000]
	6610.52517	   0.02082	[mu,kappa]: [(41.09455,87.44577),278.00000]
	6745.12078	   0.02124	[mu,kappa]: [(40.64694,87.62897),278.00000]
	6181.70379	   0.01947	[mu,kappa]: [(38.52107,88.49990),278.00000]
	5950.75515	   0.01874	[mu,kappa]: [(42.45088,86.87778),278.00000]
	7579.09838	   0.02387	[mu,kappa]: [(39.58509,88.06635),278.00000]
	6933.21447	   0.02183	[mu,kappa]: [(40.18958,87.81706),278.00000]
	6687.59529	   0.02106	[mu,kappa]: [(39.75295,87.99659),278.00000]
	7704.20570	   0.02426	[mu,kappa]: [(40.66276,87.62303),278.00000]
	6867.99123	   0.02163	[mu,kappa]: [(40.34197,87.75431),278.00000]
	7293.93105	   0.02297	[mu,kappa]: [(41.60447,87.23918),278.00000]
	7194.65798	   0.02266	[mu,kappa]: [(39.05776,88.28415),278.00000]
	8066.21293	   0.02540	[mu,kappa]: [(39.65393,88.03799),278.00000]
	6856.20733	   0.02159	[mu,kappa]: [(41.88919,87.12335),278.00000]
	7037.07040	   0.02216	[mu,kappa]: [(40.18884,87.81738),278.00000]
	4723.67630	   0.01488	[mu,kappa]: [(38.44826,88.31152),278.00000]
	5435.27382	   0.01712	[mu,kappa]: [(37.67599,88.76249),278.00000]
	7189.14005	   0.02264	[mu,kappa]: [(40.66238,87.62307),278.00000]
	10838.68103	   0.03413	[mu,kappa]: [(29.79348,90.71914),218.30000]
	7626.17619	   0.02402	[mu,kappa]: [(40.02764,87.88389),278.00000]
	7026.52417	   0.02213	[mu,kappa]: [(39.35553,88.16100),278.00000]
	6883.15490	   0.02168	[mu,kappa]: [(40.80707,87.56364),278.00000]
	7241.47738	   0.02280	[mu,kappa]: [(40.23609,87.79804),278.00000]
	6444.76552	   0.02030	[mu,kappa]: [(40.46718,87.70238),278.00000]
	6934.86282	   0.02184	[mu,kappa]: [(42.10247,87.03756),278.00000]
	4382.30730	   0.01380	[mu,kappa]: [(41.74919,86.93288),278.00000]
	7564.69850	   0.02382	[mu,kappa]: [(39.69390,88.02142),278.00000]
	6784.76167	   0.02137	[mu,kappa]: [(38.17724,88.64615),278.00000]
	19874.28112	   0.06258	[mu,kappa]: [(50.56360,81.69458),204.53844]
	7472.00664	   0.02353	[mu,kappa]: [(41.93953,87.10390),278.00000]
	7397.34531	   0.02329	[mu,kappa]: [(40.52686,87.67865),278.00000]
	3115.72923	   0.00981	[mu,kappa]: [(39.74781,86.41300),121.55268]
	5072.11084	   0.01597	[mu,kappa]: [(56.95811,77.81457),50.97438]
	2589.24145	   0.00815	[mu,kappa]: [(17.42550,66.92751),5.95856]
			msglen: 5223108.79344 bits.
Iteration #: 12
	6312.19355	   0.01988	[mu,kappa]: [(39.43256,88.12540),278.00000]
	7049.04448	   0.02220	[mu,kappa]: [(41.87118,87.12679),278.00000]
	7449.08591	   0.02346	[mu,kappa]: [(40.62376,87.63432),278.00000]
	7277.50671	   0.02292	[mu,kappa]: [(41.09161,87.44285),278.00000]
	7261.02724	   0.02287	[mu,kappa]: [(39.79165,87.97727),278.00000]
	7732.22909	   0.02435	[mu,kappa]: [(43.33145,86.54797),278.00000]
	7384.82660	   0.02326	[mu,kappa]: [(39.34814,88.16109),278.00000]
	7277.98435	   0.02292	[mu,kappa]: [(40.50895,87.68146),278.00000]
	6089.26809	   0.01918	[mu,kappa]: [(38.85317,88.36447),278.00000]
	8012.58188	   0.02523	[mu,kappa]: [(29.91538,90.30082),190.81298]
	6744.28163	   0.02124	[mu,kappa]: [(40.11834,87.84216),278.00000]
	6774.84030	   0.02133	[mu,kappa]: [(42.52252,86.86534),278.00000]
	6590.55522	   0.02075	[mu,kappa]: [(41.18502,87.40442),278.00000]
	6706.96235	   0.02112	[mu,kappa]: [(40.68548,87.60875),278.00000]
	6240.49614	   0.01965	[mu,kappa]: [(38.33683,88.57875),278.00000]
	6053.90474	   0.01906	[mu,kappa]: [(42.68196,86.79234),278.00000]
	7552.19758	   0.02378	[mu,kappa]: [(39.50248,88.09708),278.00000]
	6890.39927	   0.02170	[mu,kappa]: [(40.17484,87.81893),278.00000]
	6656.55440	   0.02096	[mu,kappa]: [(39.68875,88.01966),278.00000]
	7660.98833	   0.02412	[mu,kappa]: [(40.70310,87.60179),278.00000]
	6825.09171	   0.02149	[mu,kappa]: [(40.34491,87.74880),278.00000]
	7312.18820	   0.02303	[mu,kappa]: [(41.75161,87.17502),278.00000]
	7206.68673	   0.02269	[mu,kappa]: [(38.92094,88.33856),278.00000]
	8033.63882	   0.02530	[mu,kappa]: [(39.57879,88.06547),278.00000]
	6902.33828	   0.02174	[mu,kappa]: [(42.06608,87.04815),278.00000]
	6993.61295	   0.02202	[mu,kappa]: [(40.17402,87.81928),278.00000]
	4770.04573	   0.01502	[mu,kappa]: [(38.27751,88.49777),278.00000]
	5575.51540	   0.01756	[mu,kappa]: [(37.44293,88.90917),278.00000]
	7148.83590	   0.02251	[mu,kappa]: [(40.70269,87.60190),278.00000]
	11046.45745	   0.03479	[mu,kappa]: [(29.85474,90.85035),245.72642]
	7581.62810	   0.02387	[mu,kappa]: [(39.99430,87.89354),278.00000]
	7015.32250	   0.02209	[mu,kappa]: [(39.24861,88.20235),278.00000]
	6849.02617	   0.02157	[mu,kappa]: [(40.86427,87.53561),278.00000]
	7196.39221	   0.02266	[mu,kappa]: [(40.22672,87.79759),278.00000]
	6405.33407	   0.02017	[mu,kappa]: [(40.48476,87.69102),278.00000]
	7006.92920	   0.02207	[mu,kappa]: [(42.30031,86.95452),278.00000]
	4403.03706	   0.01387	[mu,kappa]: [(41.93628,86.97367),278.00000]
	7532.21176	   0.02372	[mu,kappa]: [(39.62315,88.04706),278.00000]
	6891.42120	   0.02170	[mu,kappa]: [(37.96670,88.73499),278.00000]
	19877.94117	   0.06259	[mu,kappa]: [(50.29096,81.87373),215.49303]
	7528.39568	   0.02371	[mu,kappa]: [(42.12139,87.02642),278.00000]
	7352.87190	   0.02315	[mu,kappa]: [(40.55133,87.66403),278.00000]
	2680.47231	   0.00844	[mu,kappa]: [(39.84245,86.40201),140.69571]
	5127.32021	   0.01615	[mu,kappa]: [(58.61036,77.08668),61.90555]
	2575.35741	   0.00811	[mu,kappa]: [(15.27133,65.68681),6.53509]
			msglen: 5221370.75554 bits.
Iteration #: 13
	6305.10420	   0.01986	[mu,kappa]: [(39.34281,88.15915),278.00000]
	7071.85811	   0.02227	[mu,kappa]: [(42.00018,87.07108),278.00000]
	7410.71586	   0.02334	[mu,kappa]: [(40.63994,87.62368),278.00000]
	7251.90544	   0.02284	[mu,kappa]: [(41.15145,87.41443),278.00000]
	7235.34851	   0.02278	[mu,kappa]: [(39.73205,87.99807),278.00000]
	7945.63187	   0.02502	[mu,kappa]: [(43.55404,86.46053),278.00000]
	7381.66315	   0.02325	[mu,kappa]: [(39.25155,88.19736),278.00000]
	7239.64509	   0.02280	[mu,kappa]: [(40.51441,87.67524),278.00000]
	6118.00875	   0.01927	[mu,kappa]: [(38.72017,88.41725),278.00000]
	7872.11917	   0.02479	[mu,kappa]: [(29.67308,90.33244),193.26534]
	6711.63044	   0.02114	[mu,kappa]: [(40.08782,87.85091),278.00000]
	6859.28974	   0.02160	[mu,kappa]: [(42.70112,86.79179),278.00000]
	6571.02065	   0.02069	[mu,kappa]: [(41.25352,87.37269),278.00000]
	6673.19998	   0.02101	[mu,kappa]: [(40.70746,87.59586),278.00000]
	6313.54059	   0.01988	[mu,kappa]: [(38.17254,88.64513),278.00000]
	6145.92391	   0.01935	[mu,kappa]: [(42.87186,86.71942),278.00000]
	7539.51070	   0.02374	[mu,kappa]: [(39.41837,88.12811),278.00000]
	6856.07243	   0.02159	[mu,kappa]: [(40.14945,87.82551),278.00000]
	6636.96725	   0.02090	[mu,kappa]: [(39.62030,88.04426),278.00000]
	7622.63637	   0.02400	[mu,kappa]: [(40.72670,87.58810),278.00000]
	6789.32294	   0.02138	[mu,kappa]: [(40.33515,87.74893),278.00000]
	7325.94408	   0.02307	[mu,kappa]: [(41.87053,87.12318),278.00000]
	7234.87312	   0.02278	[mu,kappa]: [(38.79240,88.38828),278.00000]
	8015.67125	   0.02524	[mu,kappa]: [(39.50102,88.09384),278.00000]
	6941.52777	   0.02186	[mu,kappa]: [(42.21095,86.98658),278.00000]
	6958.77729	   0.02191	[mu,kappa]: [(40.14855,87.82588),278.00000]
	4828.73609	   0.01521	[mu,kappa]: [(38.11892,88.61595),278.00000]
	5723.83807	   0.01803	[mu,kappa]: [(37.24841,89.00989),278.00000]
	7113.07494	   0.02240	[mu,kappa]: [(40.72626,87.58825),278.00000]
	11001.47879	   0.03464	[mu,kappa]: [(29.98960,90.93271),268.94515]
	7547.86726	   0.02377	[mu,kappa]: [(39.95258,87.90686),278.00000]
	7018.64038	   0.02210	[mu,kappa]: [(39.14422,88.24193),278.00000]
	6817.95343	   0.02147	[mu,kappa]: [(40.90296,87.51584),278.00000]
	7159.76662	   0.02255	[mu,kappa]: [(40.20607,87.80218),278.00000]
	6371.58249	   0.02006	[mu,kappa]: [(40.48800,87.68591),278.00000]
	7069.83185	   0.02226	[mu,kappa]: [(42.46311,86.88628),278.00000]
	4421.55020	   0.01392	[mu,kappa]: [(42.08268,86.97214),278.00000]
	7513.12921	   0.02366	[mu,kappa]: [(39.54911,88.07388),278.00000]
	7012.38426	   0.02208	[mu,kappa]: [(37.78493,88.80779),278.00000]
	19860.69224	   0.06254	[mu,kappa]: [(50.08581,82.01990),223.66070]
	7576.68586	   0.02386	[mu,kappa]: [(42.27057,86.96302),278.00000]
	7314.35964	   0.02303	[mu,kappa]: [(40.56074,87.65619),278.00000]
	2353.36214	   0.00741	[mu,kappa]: [(39.92885,86.48181),162.30198]
	5172.05130	   0.01629	[mu,kappa]: [(59.43760,76.66671),71.91452]
	2650.10656	   0.00835	[mu,kappa]: [(14.88395,66.11148),6.90330]
			msglen: 5220290.18081 bits.
Iteration #: 14
	6304.15695	   0.01985	[mu,kappa]: [(39.25956,88.19040),278.00000]
	7090.01794	   0.02233	[mu,kappa]: [(42.10666,87.02519),278.00000]
	7376.11123	   0.02323	[mu,kappa]: [(40.64792,87.61751),278.00000]
	7227.31035	   0.02276	[mu,kappa]: [(41.19783,87.39258),278.00000]
	7216.34969	   0.02272	[mu,kappa]: [(39.67422,88.01886),278.00000]
	8134.93649	   0.02562	[mu,kappa]: [(43.73456,86.38890),278.00000]
	7385.67499	   0.02326	[mu,kappa]: [(39.16267,88.23072),278.00000]
	7205.54442	   0.02269	[mu,kappa]: [(40.51299,87.67293),278.00000]
	6151.84255	   0.01937	[mu,kappa]: [(38.60208,88.46280),278.00000]
	7704.38730	   0.02426	[mu,kappa]: [(29.29677,90.31407),186.47079]
	6684.37168	   0.02105	[mu,kappa]: [(40.05499,87.86151),278.00000]
	6933.21379	   0.02183	[mu,kappa]: [(42.84885,86.73059),278.00000]
	6551.84850	   0.02063	[mu,kappa]: [(41.30749,87.34785),278.00000]
	6642.53499	   0.02092	[mu,kappa]: [(40.72053,87.58766),278.00000]
	6389.19648	   0.02012	[mu,kappa]: [(38.03140,88.69970),278.00000]
	6226.93830	   0.01961	[mu,kappa]: [(43.02833,86.65752),278.00000]
	7534.14987	   0.02373	[mu,kappa]: [(39.33984,88.15729),278.00000]
	6827.07008	   0.02150	[mu,kappa]: [(40.12108,87.83427),278.00000]
	6623.66626	   0.02086	[mu,kappa]: [(39.55494,88.06816),278.00000]
	7587.72562	   0.02389	[mu,kappa]: [(40.74120,87.57925),278.00000]
	6758.21110	   0.02128	[mu,kappa]: [(40.32039,87.75212),278.00000]
	7335.88826	   0.02310	[mu,kappa]: [(41.96839,87.08066),278.00000]
	7269.32025	   0.02289	[mu,kappa]: [(38.67783,88.43188),278.00000]
	8005.43647	   0.02521	[mu,kappa]: [(39.42780,88.12087),278.00000]
	6974.49320	   0.02196	[mu,kappa]: [(42.33089,86.93555),278.00000]
	6929.34872	   0.02182	[mu,kappa]: [(40.12012,87.83467),278.00000]
	4889.50991	   0.01540	[mu,kappa]: [(37.98005,88.69574),278.00000]
	5865.82939	   0.01847	[mu,kappa]: [(37.09040,89.08019),278.00000]
	7080.52705	   0.02230	[mu,kappa]: [(40.74073,87.57943),278.00000]
	10864.31907	   0.03421	[mu,kappa]: [(30.17341,90.99901),278.00000]
	7520.57008	   0.02368	[mu,kappa]: [(39.91008,87.92138),278.00000]
	7028.70964	   0.02213	[mu,kappa]: [(39.04895,88.27787),278.00000]
	6789.12091	   0.02138	[mu,kappa]: [(40.93074,87.50160),278.00000]
	7128.51443	   0.02245	[mu,kappa]: [(40.18182,87.80923),278.00000]
	6341.65982	   0.01997	[mu,kappa]: [(40.48462,87.68449),278.00000]
	7124.18908	   0.02243	[mu,kappa]: [(42.59800,86.82959),278.00000]
	4437.09837	   0.01397	[mu,kappa]: [(42.20052,86.95309),278.00000]
	7501.24927	   0.02362	[mu,kappa]: [(39.47903,88.09964),278.00000]
	7132.70792	   0.02246	[mu,kappa]: [(37.63261,88.86587),278.00000]
	19857.07253	   0.06253	[mu,kappa]: [(49.94464,82.12538),228.54567]
	7617.64478	   0.02399	[mu,kappa]: [(42.39414,86.91051),278.00000]
	7279.92559	   0.02292	[mu,kappa]: [(40.56279,87.65246),278.00000]
	2106.83486	   0.00664	[mu,kappa]: [(40.00731,86.66916),189.99761]
	5198.66762	   0.01637	[mu,kappa]: [(59.81018,76.43213),79.99787]
	2721.10421	   0.00857	[mu,kappa]: [(15.23297,66.85398),6.99623]
			msglen: 5219500.43913 bits.
Iteration #: 15
	6307.24970	   0.01986	[mu,kappa]: [(39.18416,88.21849),278.00000]
	7105.64374	   0.02238	[mu,kappa]: [(42.19559,86.98659),278.00000]
	7345.72069	   0.02313	[mu,kappa]: [(40.65171,87.61384),278.00000]
	7205.05542	   0.02269	[mu,kappa]: [(41.23517,87.37511),278.00000]
	7202.47570	   0.02268	[mu,kappa]: [(39.62062,88.03837),278.00000]
	8302.01419	   0.02614	[mu,kappa]: [(43.88051,86.32917),278.00000]
	7394.20899	   0.02328	[mu,kappa]: [(39.08250,88.26055),278.00000]
	7175.86709	   0.02260	[mu,kappa]: [(40.50854,87.67263),278.00000]
	6187.80510	   0.01949	[mu,kappa]: [(38.49761,88.50185),278.00000]
	7535.52514	   0.02373	[mu,kappa]: [(28.78412,90.25765),176.61103]
	6661.81541	   0.02098	[mu,kappa]: [(40.02309,87.87237),278.00000]
	6998.69730	   0.02204	[mu,kappa]: [(42.97139,86.67888),278.00000]
	6534.38063	   0.02058	[mu,kappa]: [(41.35142,87.32770),278.00000]
	6615.49276	   0.02083	[mu,kappa]: [(40.72877,87.58220),278.00000]
	6464.07246	   0.02036	[mu,kappa]: [(37.90888,88.74477),278.00000]
	6298.75480	   0.01984	[mu,kappa]: [(43.15751,86.60461),278.00000]
	7533.76814	   0.02372	[mu,kappa]: [(39.26847,88.18374),278.00000]
	6802.81892	   0.02142	[mu,kappa]: [(40.09307,87.84355),278.00000]
	6614.99335	   0.02083	[mu,kappa]: [(39.49484,88.09025),278.00000]
	7556.89474	   0.02380	[mu,kappa]: [(40.75070,87.57324),278.00000]
	6731.57333	   0.02120	[mu,kappa]: [(40.30428,87.75659),278.00000]
	7344.14560	   0.02313	[mu,kappa]: [(42.05003,87.04502),278.00000]
	7306.62092	   0.02301	[mu,kappa]: [(38.57627,88.46963),278.00000]
	8000.63813	   0.02519	[mu,kappa]: [(39.36096,88.14556),278.00000]
	7003.38182	   0.02205	[mu,kappa]: [(42.43102,86.89250),278.00000]
	6904.74339	   0.02174	[mu,kappa]: [(40.09205,87.84397),278.00000]
	4949.51941	   0.01559	[mu,kappa]: [(37.85822,88.75319),278.00000]
	5999.66962	   0.01889	[mu,kappa]: [(36.95748,89.13134),278.00000]
	7051.78740	   0.02221	[mu,kappa]: [(40.75020,87.57343),278.00000]
	10733.31557	   0.03380	[mu,kappa]: [(30.38603,91.03668),278.00000]
	7498.63963	   0.02361	[mu,kappa]: [(39.86976,87.93560),278.00000]
	7042.80255	   0.02218	[mu,kappa]: [(38.96339,88.30974),278.00000]
	6763.40330	   0.02130	[mu,kappa]: [(40.95185,87.49083),278.00000]
	7102.16209	   0.02237	[mu,kappa]: [(40.15741,87.81706),278.00000]
	6315.68074	   0.01989	[mu,kappa]: [(40.47845,87.68494),278.00000]
	7172.20025	   0.02259	[mu,kappa]: [(42.71034,86.78170),278.00000]
	4450.73033	   0.01402	[mu,kappa]: [(42.29729,86.92762),278.00000]
	7494.52979	   0.02360	[mu,kappa]: [(39.41488,88.12329),278.00000]
	7248.88106	   0.02283	[mu,kappa]: [(37.50225,88.91264),278.00000]
	19827.31765	   0.06243	[mu,kappa]: [(49.85072,82.19544),230.87480]
	7653.62624	   0.02410	[mu,kappa]: [(42.49727,86.86620),278.00000]
	7249.85229	   0.02283	[mu,kappa]: [(40.56137,87.65092),278.00000]
	1934.02726	   0.00609	[mu,kappa]: [(40.07225,86.94533),229.02737]
	5215.04419	   0.01642	[mu,kappa]: [(59.95600,76.30473),86.11566]
	2717.45315	   0.00856	[mu,kappa]: [(15.71971,66.91764),6.82145]
			msglen: 5218820.03552 bits.
Iteration #: 16
	6311.44158	   0.01988	[mu,kappa]: [(39.11758,88.24298),278.00000]
	7120.61426	   0.02242	[mu,kappa]: [(42.27170,86.95325),278.00000]
	7318.92405	   0.02305	[mu,kappa]: [(40.65478,87.61101),278.00000]
	7185.61179	   0.02263	[mu,kappa]: [(41.26745,87.36019),278.00000]
	7191.10432	   0.02265	[mu,kappa]: [(39.57323,88.05563),278.00000]
	8451.15909	   0.02661	[mu,kappa]: [(43.99942,86.27847),278.00000]
	7403.66525	   0.02331	[mu,kappa]: [(39.01173,88.28651),278.00000]
	7149.72793	   0.02251	[mu,kappa]: [(40.50439,87.67275),278.00000]
	6222.37275	   0.01959	[mu,kappa]: [(38.40559,88.53520),278.00000]
	7357.53126	   0.02317	[mu,kappa]: [(28.17772,90.18100),167.27417]
	6642.24872	   0.02092	[mu,kappa]: [(39.99482,87.88220),278.00000]
	7058.41702	   0.02223	[mu,kappa]: [(43.07443,86.63439),278.00000]
	6519.22438	   0.02053	[mu,kappa]: [(41.38939,87.31042),278.00000]
	6591.65174	   0.02076	[mu,kappa]: [(40.73573,87.57779),278.00000]
	6534.51521	   0.02058	[mu,kappa]: [(37.80126,88.78255),278.00000]
	6363.94241	   0.02004	[mu,kappa]: [(43.26549,86.55882),278.00000]
	7534.98912	   0.02373	[mu,kappa]: [(39.20544,88.20689),278.00000]
	6781.70040	   0.02136	[mu,kappa]: [(40.06822,87.85201),278.00000]
	6608.33267	   0.02081	[mu,kappa]: [(39.44173,88.10971),278.00000]
	7529.70624	   0.02371	[mu,kappa]: [(40.75877,87.56836),278.00000]
	6708.20069	   0.02112	[mu,kappa]: [(40.28989,87.76087),278.00000]
	7352.46746	   0.02315	[mu,kappa]: [(42.12008,87.01422),278.00000]
	7342.66455	   0.02312	[mu,kappa]: [(38.48678,88.50204),278.00000]
	7997.85757	   0.02519	[mu,kappa]: [(39.30192,88.16722),278.00000]
	7030.31860	   0.02214	[mu,kappa]: [(42.51634,86.85532),278.00000]
	6883.31658	   0.02168	[mu,kappa]: [(40.06715,87.85245),278.00000]
	5005.93557	   0.01576	[mu,kappa]: [(37.75052,88.79712),278.00000]
	6123.72679	   0.01928	[mu,kappa]: [(36.84111,89.17098),278.00000]
	7026.44687	   0.02213	[mu,kappa]: [(40.75825,87.56857),278.00000]
	10660.93480	   0.03357	[mu,kappa]: [(30.60495,91.04864),278.00000]
	7479.83572	   0.02355	[mu,kappa]: [(39.83408,87.94833),278.00000]
	7057.33472	   0.02222	[mu,kappa]: [(38.88790,88.33739),278.00000]
	6740.76539	   0.02123	[mu,kappa]: [(40.97004,87.48178),278.00000]
	7079.14576	   0.02229	[mu,kappa]: [(40.13573,87.82425),278.00000]
	6292.81423	   0.01982	[mu,kappa]: [(40.47280,87.68570),278.00000]
	7216.34484	   0.02272	[mu,kappa]: [(42.80546,86.74042),278.00000]
	4463.62409	   0.01406	[mu,kappa]: [(42.37906,86.90048),278.00000]
	7489.86287	   0.02359	[mu,kappa]: [(39.35820,88.14408),278.00000]
	7357.35060	   0.02317	[mu,kappa]: [(37.38805,88.95131),278.00000]
	19751.78307	   0.06220	[mu,kappa]: [(49.78931,82.23866),231.60990]
	7687.03203	   0.02421	[mu,kappa]: [(42.58503,86.82797),278.00000]
	7223.35006	   0.02275	[mu,kappa]: [(40.55989,87.64996),278.00000]
	1840.98428	   0.00580	[mu,kappa]: [(40.11992,87.25559),278.00000]
	5226.92810	   0.01646	[mu,kappa]: [(59.99472,76.23718),90.66585]
	2639.09459	   0.00831	[mu,kappa]: [(16.12190,66.24169),6.48310]
			msglen: 5218177.48622 bits.
Iteration #: 17
	6314.13402	   0.01988	[mu,kappa]: [(39.06072,88.26348),278.00000]
	7135.86759	   0.02247	[mu,kappa]: [(42.33812,86.92395),278.00000]
	7294.91296	   0.02297	[mu,kappa]: [(40.65925,87.60799),278.00000]
	7168.94207	   0.02258	[mu,kappa]: [(41.29710,87.34669),278.00000]
	7179.90550	   0.02261	[mu,kappa]: [(39.53344,88.06997),278.00000]
	8585.48359	   0.02704	[mu,kappa]: [(44.09699,86.23515),278.00000]
	7410.85501	   0.02334	[mu,kappa]: [(38.95114,88.30829),278.00000]
	7126.13553	   0.02244	[mu,kappa]: [(40.50258,87.67229),278.00000]
	6252.30067	   0.01969	[mu,kappa]: [(38.32585,88.56316),278.00000]
	7154.89682	   0.02253	[mu,kappa]: [(27.52740,90.09514),159.47154]
	6624.08402	   0.02086	[mu,kappa]: [(39.97190,87.89012),278.00000]
	7113.96425	   0.02240	[mu,kappa]: [(43.16202,86.59578),278.00000]
	6506.46908	   0.02049	[mu,kappa]: [(41.42389,87.29488),278.00000]
	6570.38175	   0.02069	[mu,kappa]: [(40.74358,87.57339),278.00000]
	6596.82792	   0.02077	[mu,kappa]: [(37.70722,88.81409),278.00000]
	6424.08917	   0.02023	[mu,kappa]: [(43.35665,86.51900),278.00000]
	7534.83279	   0.02373	[mu,kappa]: [(39.15176,88.22627),278.00000]
	6762.19375	   0.02129	[mu,kappa]: [(40.04831,87.85876),278.00000]
	6601.37081	   0.02079	[mu,kappa]: [(39.39687,88.12592),278.00000]
	7505.47162	   0.02364	[mu,kappa]: [(40.76757,87.56356),278.00000]
	6686.88456	   0.02106	[mu,kappa]: [(40.27914,87.76400),278.00000]
	7361.68766	   0.02318	[mu,kappa]: [(42.18152,86.98708),278.00000]
	7373.69521	   0.02322	[mu,kappa]: [(38.40935,88.52925),278.00000]
	7994.07785	   0.02517	[mu,kappa]: [(39.25179,88.18534),278.00000]
	7056.43083	   0.02222	[mu,kappa]: [(42.59020,86.82276),278.00000]
	6863.52324	   0.02161	[mu,kappa]: [(40.04719,87.85922),278.00000]
	5055.90971	   0.01592	[mu,kappa]: [(37.65599,88.83175),278.00000]
	6235.01630	   0.01963	[mu,kappa]: [(36.73787,89.20289),278.00000]
	7003.86235	   0.02206	[mu,kappa]: [(40.76703,87.56378),278.00000]
	10675.24497	   0.03362	[mu,kappa]: [(30.80989,91.04888),278.00000]
	7462.12757	   0.02350	[mu,kappa]: [(39.80463,87.95876),278.00000]
	7069.11664	   0.02226	[mu,kappa]: [(38.82307,88.36059),278.00000]
	6720.84183	   0.02116	[mu,kappa]: [(40.98759,87.47336),278.00000]
	7057.97363	   0.02223	[mu,kappa]: [(40.11860,87.82991),278.00000]
	6272.14988	   0.01975	[mu,kappa]: [(40.46967,87.68578),278.00000]
	7258.01996	   0.02286	[mu,kappa]: [(42.88705,86.70446),278.00000]
	4476.40515	   0.01410	[mu,kappa]: [(42.44966,86.87390),278.00000]
	7484.50441	   0.02357	[mu,kappa]: [(39.31018,88.16143),278.00000]
	7454.01218	   0.02347	[mu,kappa]: [(37.28772,88.98350),278.00000]
	19626.01468	   0.06180	[mu,kappa]: [(49.75098,82.26236),231.45136]
	7719.15547	   0.02431	[mu,kappa]: [(42.66083,86.79455),278.00000]
	7199.49318	   0.02267	[mu,kappa]: [(40.56040,87.64856),278.00000]
	1830.71431	   0.00577	[mu,kappa]: [(40.15117,87.52804),278.00000]
	5237.46858	   0.01649	[mu,kappa]: [(59.98715,76.20188),94.02145]
	2517.55091	   0.00793	[mu,kappa]: [(16.40367,65.07033),6.09179]
			msglen: 5217711.58800 bits.
			N: 317555
		16.43089 bpr
Null model msglen: 7488920.11043 bits.	(23.58306 bpr)
