Iteration #: 0
	6391.00000	   0.02013	[mu,kappa]: [(40.54958,87.07493),108.85187]
	6396.00000	   0.02014	[mu,kappa]: [(40.42066,87.09389),122.77896]
	6402.00000	   0.02016	[mu,kappa]: [(40.46567,87.19885),123.99963]
	6271.00000	   0.01975	[mu,kappa]: [(40.58938,87.06404),125.24481]
	6421.00000	   0.02022	[mu,kappa]: [(40.33351,87.23167),103.61186]
	6299.00000	   0.01984	[mu,kappa]: [(40.65381,86.98560),123.33313]
	6330.00000	   0.01993	[mu,kappa]: [(40.43703,87.05547),114.88881]
	6294.00000	   0.01982	[mu,kappa]: [(40.55858,87.08222),113.42624]
	6279.00000	   0.01977	[mu,kappa]: [(40.44085,87.18534),108.11040]
	6347.00000	   0.01999	[mu,kappa]: [(40.34959,87.27732),113.52463]
	6403.00000	   0.02016	[mu,kappa]: [(40.48769,87.22127),116.19889]
	6290.00000	   0.01981	[mu,kappa]: [(40.48123,87.01752),115.10769]
	6254.00000	   0.01969	[mu,kappa]: [(40.45544,87.04207),109.54377]
	6392.00000	   0.02013	[mu,kappa]: [(40.49944,87.14248),114.46307]
	6294.00000	   0.01982	[mu,kappa]: [(40.43064,87.17764),104.46617]
	6448.00000	   0.02031	[mu,kappa]: [(40.39464,87.14066),119.05046]
	6274.00000	   0.01976	[mu,kappa]: [(40.34842,87.20300),114.56222]
	6374.00000	   0.02007	[mu,kappa]: [(40.40829,87.14708),114.97001]
	6258.00000	   0.01971	[mu,kappa]: [(40.54815,87.05307),112.15683]
	6427.00000	   0.02024	[mu,kappa]: [(40.65251,86.95172),109.35530]
	6231.00000	   0.01962	[mu,kappa]: [(40.52108,87.08347),120.87493]
	6367.00000	   0.02005	[mu,kappa]: [(40.44656,87.10163),115.84430]
	6417.00000	   0.02021	[mu,kappa]: [(40.52853,86.93620),110.79359]
	6288.00000	   0.01980	[mu,kappa]: [(40.67108,87.10468),119.41008]
	6475.00000	   0.02039	[mu,kappa]: [(40.20958,87.13469),126.97278]
	6395.00000	   0.02014	[mu,kappa]: [(40.30683,87.05939),107.35811]
	6332.00000	   0.01994	[mu,kappa]: [(40.40583,87.02819),121.68768]
	6322.00000	   0.01991	[mu,kappa]: [(40.49644,87.03873),112.62672]
	6247.00000	   0.01967	[mu,kappa]: [(40.50126,87.23301),125.94175]
	6343.00000	   0.01997	[mu,kappa]: [(40.49753,87.06630),110.23705]
	6370.00000	   0.02006	[mu,kappa]: [(40.51176,87.11066),104.10956]
	6429.00000	   0.02025	[mu,kappa]: [(40.51454,87.27586),121.35371]
	6427.00000	   0.02024	[mu,kappa]: [(40.59303,87.16723),125.24209]
	6346.00000	   0.01998	[mu,kappa]: [(40.46728,87.08370),119.01011]
	6409.00000	   0.02018	[mu,kappa]: [(40.51881,87.03845),123.00392]
	6296.00000	   0.01983	[mu,kappa]: [(40.53087,87.18347),129.04966]
	6300.00000	   0.01984	[mu,kappa]: [(40.55029,87.04340),118.26368]
	6151.00000	   0.01937	[mu,kappa]: [(40.46560,87.24479),122.19411]
	6234.00000	   0.01963	[mu,kappa]: [(40.40907,87.12515),124.33351]
	6410.00000	   0.02019	[mu,kappa]: [(40.50838,87.08657),120.67406]
	6310.00000	   0.01987	[mu,kappa]: [(40.43252,87.19343),105.18986]
	6252.00000	   0.01969	[mu,kappa]: [(40.65657,87.07323),124.19367]
	6483.00000	   0.02042	[mu,kappa]: [(40.63499,86.99499),123.07737]
	6477.00000	   0.02040	[mu,kappa]: [(40.47882,87.05510),120.05772]
	6409.00000	   0.02018	[mu,kappa]: [(40.39912,87.12468),116.57943]
	6337.00000	   0.01996	[mu,kappa]: [(40.38588,87.23293),124.26370]
	6329.00000	   0.01993	[mu,kappa]: [(40.54456,87.09338),111.78696]
	6390.00000	   0.02012	[mu,kappa]: [(40.60004,87.16824),122.58059]
	6435.00000	   0.02026	[mu,kappa]: [(40.48638,87.06995),116.97273]
	6500.00000	   0.02047	[mu,kappa]: [(40.40378,87.15993),125.14897]
			msglen: -nan bits.
Iteration #: 1
	6320.10963	   0.01990	[mu,kappa]: [(40.61978,86.82955),96.34715]
	6432.55046	   0.02026	[mu,kappa]: [(40.44022,87.31142),171.50312]
	6459.25590	   0.02034	[mu,kappa]: [(40.46947,87.34918),176.73646]
	6344.08118	   0.01998	[mu,kappa]: [(40.61336,87.27699),179.72117]
	6586.93891	   0.02074	[mu,kappa]: [(39.69415,86.20980),27.62444]
	6342.67228	   0.01997	[mu,kappa]: [(40.70394,87.19800),171.63910]
	6270.39962	   0.01975	[mu,kappa]: [(40.48227,87.12817),135.30419]
	6225.99829	   0.01961	[mu,kappa]: [(40.64154,87.03973),127.21595]
	6213.48046	   0.01957	[mu,kappa]: [(40.38236,86.88267),90.23905]
	6276.80992	   0.01977	[mu,kappa]: [(40.32351,87.20662),129.02611]
	6355.87834	   0.02002	[mu,kappa]: [(40.51552,87.20409),143.38365]
	6232.84727	   0.01963	[mu,kappa]: [(40.54562,87.10170),136.16135]
	6180.14144	   0.01946	[mu,kappa]: [(40.47691,86.90203),100.94222]
	6329.20192	   0.01993	[mu,kappa]: [(40.54846,87.12215),133.62642]
	6349.81320	   0.02000	[mu,kappa]: [(40.11978,86.46837),44.84199]
	6433.18581	   0.02026	[mu,kappa]: [(40.41218,87.27398),156.42293]
	6212.44930	   0.01956	[mu,kappa]: [(40.34116,87.21013),134.47959]
	6314.89408	   0.01989	[mu,kappa]: [(40.42942,87.17653),136.43246]
	6184.40044	   0.01948	[mu,kappa]: [(40.63639,86.98563),119.35162]
	6357.42850	   0.02002	[mu,kappa]: [(40.82625,86.75373),99.46277]
	6240.42402	   0.01965	[mu,kappa]: [(40.55820,87.24022),163.44552]
	6316.02389	   0.01989	[mu,kappa]: [(40.48561,87.16765),140.71582]
	6339.72281	   0.01996	[mu,kappa]: [(40.62961,86.88748),109.45998]
	6280.27393	   0.01978	[mu,kappa]: [(40.73327,87.16171),156.57379]
	6579.58777	   0.02072	[mu,kappa]: [(40.21072,87.44870),187.39354]
	6346.10457	   0.01998	[mu,kappa]: [(40.10213,86.83467),80.75386]
	6350.85343	   0.02000	[mu,kappa]: [(40.43655,87.27697),166.75530]
	6248.64951	   0.01968	[mu,kappa]: [(40.56528,87.02171),122.13294]
	6333.51836	   0.01994	[mu,kappa]: [(40.49568,87.37401),183.86053]
	6265.78054	   0.01973	[mu,kappa]: [(40.55068,86.92865),106.49449]
	6461.24818	   0.02035	[mu,kappa]: [(40.39462,86.28807),37.22405]
	6447.38390	   0.02030	[mu,kappa]: [(40.51926,87.31828),166.84607]
	6503.78230	   0.02048	[mu,kappa]: [(40.60212,87.31116),180.44890]
	6330.62200	   0.01994	[mu,kappa]: [(40.50496,87.22541),155.66908]
	6448.36597	   0.02031	[mu,kappa]: [(40.55301,87.26058),171.59118]
	6433.04421	   0.02026	[mu,kappa]: [(40.52292,87.38313),193.91464]
	6276.13881	   0.01976	[mu,kappa]: [(40.61165,87.16269),151.69580]
	6180.19432	   0.01946	[mu,kappa]: [(40.46796,87.33859),170.15029]
	6293.36382	   0.01982	[mu,kappa]: [(40.41975,87.34812),177.63912]
	6416.85058	   0.02021	[mu,kappa]: [(40.54450,87.24247),162.69304]
	6319.01587	   0.01990	[mu,kappa]: [(40.17924,86.61242),57.64940]
	6309.62232	   0.01987	[mu,kappa]: [(40.68800,87.24116),175.51973]
	6524.11298	   0.02054	[mu,kappa]: [(40.68397,87.20412),170.86951]
	6474.70603	   0.02039	[mu,kappa]: [(40.51880,87.23113),159.97734]
	6364.99814	   0.02004	[mu,kappa]: [(40.42241,87.21348),144.64416]
	6398.32197	   0.02015	[mu,kappa]: [(40.38039,87.39167),178.18261]
	6253.07001	   0.01969	[mu,kappa]: [(40.62357,86.98831),117.33290]
	6425.67246	   0.02023	[mu,kappa]: [(40.62269,87.26971),170.49150]
	6395.30147	   0.02014	[mu,kappa]: [(40.53709,87.16816),146.05283]
	6575.70886	   0.02071	[mu,kappa]: [(40.40763,87.37231),180.87388]
			msglen: 5334514.68938 bits.
Iteration #: 2
	5596.07233	   0.01762	[mu,kappa]: [(40.73982,86.85216),123.37535]
	6794.67416	   0.02140	[mu,kappa]: [(40.36642,87.61905),266.87239]
	6897.56526	   0.02172	[mu,kappa]: [(40.39018,87.63723),276.21578]
	6807.82044	   0.02144	[mu,kappa]: [(40.53102,87.57976),278.00000]
	7781.29655	   0.02450	[mu,kappa]: [(39.11863,79.92469),9.45737]
	6689.40359	   0.02107	[mu,kappa]: [(40.62471,87.50663),265.85380]
	6101.69115	   0.01921	[mu,kappa]: [(40.43542,87.40387),199.55061]
	5938.77722	   0.01870	[mu,kappa]: [(40.61925,87.26902),183.35350]
	5422.95951	   0.01708	[mu,kappa]: [(40.48143,86.85986),112.47032]
	6020.34055	   0.01896	[mu,kappa]: [(40.26792,87.44448),188.23612]
	6305.15617	   0.01986	[mu,kappa]: [(40.45384,87.46172),215.03084]
	6075.98833	   0.01913	[mu,kappa]: [(40.50175,87.37932),200.90306]
	5529.21917	   0.01741	[mu,kappa]: [(40.53487,87.00935),132.67664]
	6133.43775	   0.01931	[mu,kappa]: [(40.50432,87.37082),196.18560]
	5504.90651	   0.01734	[mu,kappa]: [(41.15631,84.50601),37.05483]
	6577.99189	   0.02071	[mu,kappa]: [(40.34277,87.56921),239.65887]
	6037.53173	   0.01901	[mu,kappa]: [(40.28336,87.47238),198.61577]
	6163.56355	   0.01941	[mu,kappa]: [(40.37545,87.44365),202.01313]
	5786.91200	   0.01822	[mu,kappa]: [(40.63802,87.18866),168.04980]
	5673.68082	   0.01787	[mu,kappa]: [(40.97609,86.79034),128.52241]
	6474.70422	   0.02039	[mu,kappa]: [(40.48482,87.53862),251.89984]
	6226.16785	   0.01961	[mu,kappa]: [(40.43030,87.44528),209.93006]
	5790.16740	   0.01823	[mu,kappa]: [(40.67595,87.05547),148.63733]
	6412.76955	   0.02019	[mu,kappa]: [(40.66267,87.43716),238.55187]
	7189.08340	   0.02264	[mu,kappa]: [(40.14568,87.76226),278.00000]
	5428.09964	   0.01709	[mu,kappa]: [(40.19639,86.75220),95.21372]
	6640.42874	   0.02091	[mu,kappa]: [(40.36624,87.59530),258.27084]
	5887.47687	   0.01854	[mu,kappa]: [(40.55167,87.24978),173.73748]
	6860.72184	   0.02160	[mu,kappa]: [(40.41278,87.65471),278.00000]
	5681.72918	   0.01789	[mu,kappa]: [(40.59231,87.06452),143.27380]
	5991.41491	   0.01887	[mu,kappa]: [(42.20551,83.12418),26.72118]
	6742.25684	   0.02123	[mu,kappa]: [(40.43906,87.58716),258.48193]
	6991.30332	   0.02202	[mu,kappa]: [(40.51693,87.59665),278.00000]
	6458.51803	   0.02034	[mu,kappa]: [(40.43717,87.52281),237.86395]
	6807.26935	   0.02144	[mu,kappa]: [(40.47707,87.57041),266.53288]
	7104.23122	   0.02237	[mu,kappa]: [(40.43847,87.66998),278.00000]
	6342.12607	   0.01997	[mu,kappa]: [(40.54846,87.45445),230.00473]
	6510.15450	   0.02050	[mu,kappa]: [(40.38904,87.61755),264.56415]
	6734.09772	   0.02121	[mu,kappa]: [(40.34458,87.65223),277.86762]
	6647.41672	   0.02093	[mu,kappa]: [(40.47172,87.54095),250.59331]
	5300.98067	   0.01669	[mu,kappa]: [(40.72953,85.65440),55.77350]
	6709.94868	   0.02113	[mu,kappa]: [(40.60426,87.53664),272.96335]
	6870.68383	   0.02164	[mu,kappa]: [(40.60556,87.51224),264.59403]
	6668.19211	   0.02100	[mu,kappa]: [(40.44905,87.53558),245.69490]
	6334.56622	   0.01995	[mu,kappa]: [(40.36091,87.49905),217.62407]
	6857.04726	   0.02159	[mu,kappa]: [(40.30370,87.67936),278.00000]
	5822.56445	   0.01834	[mu,kappa]: [(40.62906,87.17579),164.20974]
	6766.31961	   0.02131	[mu,kappa]: [(40.54102,87.55153),264.45690]
	6381.92035	   0.02010	[mu,kappa]: [(40.47817,87.45484),219.78921]
	7083.65080	   0.02231	[mu,kappa]: [(40.33159,87.67109),278.00000]
			msglen: 5279024.88165 bits.
Iteration #: 3
	5333.02036	   0.01679	[mu,kappa]: [(40.87236,86.70166),119.81765]
	6914.37454	   0.02177	[mu,kappa]: [(40.27375,87.77503),278.00000]
	7061.84600	   0.02224	[mu,kappa]: [(40.30353,87.78700),278.00000]
	6970.17182	   0.02195	[mu,kappa]: [(40.47451,87.71761),278.00000]
	7851.41263	   0.02472	[mu,kappa]: [(38.02377,78.99800),8.81414]
	6789.95145	   0.02138	[mu,kappa]: [(40.59080,87.63754),278.00000]
	5940.40420	   0.01871	[mu,kappa]: [(40.34990,87.52324),225.37683]
	5726.84829	   0.01803	[mu,kappa]: [(40.60800,87.33394),201.60108]
	5185.68175	   0.01633	[mu,kappa]: [(40.45495,86.72596),106.58305]
	5832.21510	   0.01837	[mu,kappa]: [(40.11200,87.57379),209.23674]
	6196.11866	   0.01951	[mu,kappa]: [(40.37405,87.58332),248.06964]
	5917.81280	   0.01864	[mu,kappa]: [(40.44071,87.49023),227.22654]
	5258.62089	   0.01656	[mu,kappa]: [(40.51911,86.96346),131.71916]
	5957.56750	   0.01876	[mu,kappa]: [(40.44310,87.47130),220.38672]
	6046.54980	   0.01904	[mu,kappa]: [(42.42746,83.47351),35.35033]
	6574.42471	   0.02070	[mu,kappa]: [(40.23634,87.72105),278.00000]
	5882.27402	   0.01852	[mu,kappa]: [(40.14021,87.61084),224.29706]
	6012.07673	   0.01893	[mu,kappa]: [(40.26767,87.57149),229.10229]
	5541.99005	   0.01745	[mu,kappa]: [(40.64566,87.22263),179.74374]
	5412.45783	   0.01704	[mu,kappa]: [(41.24926,86.60183),126.31379]
	6516.57813	   0.02052	[mu,kappa]: [(40.41778,87.67819),278.00000]
	6099.84499	   0.01921	[mu,kappa]: [(40.34365,87.57203),240.58694]
	5513.66178	   0.01736	[mu,kappa]: [(40.72483,87.03383),152.79062]
	6391.89956	   0.02013	[mu,kappa]: [(40.64301,87.54745),278.00000]
	7391.23990	   0.02328	[mu,kappa]: [(40.00561,87.92433),278.00000]
	5262.68105	   0.01657	[mu,kappa]: [(39.98037,86.61055),87.06788]
	6718.32536	   0.02116	[mu,kappa]: [(40.27216,87.75294),278.00000]
	5652.27643	   0.01780	[mu,kappa]: [(40.51666,87.31387),187.91097]
	7031.84534	   0.02214	[mu,kappa]: [(40.32820,87.79027),278.00000]
	5405.43813	   0.01702	[mu,kappa]: [(40.59892,87.04128),145.65030]
	6765.84753	   0.02131	[mu,kappa]: [(44.46810,81.99371),28.43796]
	6818.63448	   0.02147	[mu,kappa]: [(40.35949,87.72570),278.00000]
	7159.10161	   0.02254	[mu,kappa]: [(40.45603,87.73010),278.00000]
	6442.00085	   0.02029	[mu,kappa]: [(40.35653,87.66398),278.00000]
	6918.93908	   0.02179	[mu,kappa]: [(40.40958,87.71617),278.00000]
	7280.59209	   0.02293	[mu,kappa]: [(40.35592,87.78957),278.00000]
	6288.89693	   0.01980	[mu,kappa]: [(40.49939,87.57848),269.78806]
	6613.61988	   0.02083	[mu,kappa]: [(40.29932,87.76425),278.00000]
	6904.95455	   0.02174	[mu,kappa]: [(40.24961,87.81016),278.00000]
	6685.17518	   0.02105	[mu,kappa]: [(40.40133,87.68164),278.00000]
	5527.14465	   0.01741	[mu,kappa]: [(41.26899,84.89784),49.54885]
	6843.93343	   0.02155	[mu,kappa]: [(40.56396,87.66784),278.00000]
	6968.75202	   0.02194	[mu,kappa]: [(40.56743,87.64464),278.00000]
	6685.19270	   0.02105	[mu,kappa]: [(40.37283,87.67903),278.00000]
	6239.48656	   0.01965	[mu,kappa]: [(40.25307,87.64037),252.00555]
	7035.11091	   0.02215	[mu,kappa]: [(40.19894,87.83593),278.00000]
	5568.08456	   0.01753	[mu,kappa]: [(40.63499,87.20150),174.36307]
	6865.15280	   0.02162	[mu,kappa]: [(40.48642,87.68396),278.00000]
	6289.26356	   0.01981	[mu,kappa]: [(40.40815,87.58207),254.95295]
	7265.50682	   0.02288	[mu,kappa]: [(40.23224,87.82333),278.00000]
			msglen: 5273642.40030 bits.
Iteration #: 4
	5195.56051	   0.01636	[mu,kappa]: [(41.07210,86.49963),112.71515]
	6963.46246	   0.02193	[mu,kappa]: [(40.19053,87.83319),278.00000]
	7110.67776	   0.02239	[mu,kappa]: [(40.22534,87.82929),278.00000]
	7012.32412	   0.02208	[mu,kappa]: [(40.44390,87.73867),278.00000]
	7368.32363	   0.02320	[mu,kappa]: [(35.13289,79.61416),8.78339]
	6829.77710	   0.02151	[mu,kappa]: [(40.59696,87.66060),278.00000]
	5829.64376	   0.01836	[mu,kappa]: [(40.28396,87.60086),249.02346]
	5566.03079	   0.01753	[mu,kappa]: [(40.64391,87.34994),216.24388]
	5095.18770	   0.01605	[mu,kappa]: [(40.31541,86.61752),97.69683]
	5698.57286	   0.01795	[mu,kappa]: [(39.93553,87.68262),226.53152]
	6143.08144	   0.01934	[mu,kappa]: [(40.32371,87.66290),278.00000]
	5809.90249	   0.01830	[mu,kappa]: [(40.41013,87.55459),251.63044]
	5088.51441	   0.01602	[mu,kappa]: [(40.47511,86.89627),125.90357]
	5831.99814	   0.01837	[mu,kappa]: [(40.41131,87.52968),242.10980]
	6644.62745	   0.02092	[mu,kappa]: [(43.61969,83.01714),36.19946]
	6621.89548	   0.02085	[mu,kappa]: [(40.15205,87.81884),278.00000]
	5780.17810	   0.01820	[mu,kappa]: [(39.99181,87.72011),247.46400]
	5912.75721	   0.01862	[mu,kappa]: [(40.17200,87.66237),254.21891]
	5354.24690	   0.01686	[mu,kappa]: [(40.70160,87.20677),186.73836]
	5284.33061	   0.01664	[mu,kappa]: [(41.71139,86.31325),121.15048]
	6556.72340	   0.02065	[mu,kappa]: [(40.38001,87.73779),278.00000]
	6027.23963	   0.01898	[mu,kappa]: [(40.28118,87.65562),270.34053]
	5315.78350	   0.01674	[mu,kappa]: [(40.82729,86.95680),151.88738]
	6429.16658	   0.02025	[mu,kappa]: [(40.67319,87.59844),278.00000]
	7467.05269	   0.02351	[mu,kappa]: [(39.84151,87.99501),278.00000]
	5310.11630	   0.01672	[mu,kappa]: [(39.36984,86.62771),78.20556]
	6765.77342	   0.02131	[mu,kappa]: [(40.19159,87.82280),278.00000]
	5470.44152	   0.01723	[mu,kappa]: [(40.50955,87.33480),197.55201]
	7079.38682	   0.02229	[mu,kappa]: [(40.25507,87.82279),278.00000]
	5212.69875	   0.01642	[mu,kappa]: [(40.62081,86.98051),142.81168]
	7607.81607	   0.02396	[mu,kappa]: [(46.75531,81.48653),33.01216]
	6862.88298	   0.02161	[mu,kappa]: [(40.30221,87.78054),278.00000]
	7202.82636	   0.02268	[mu,kappa]: [(40.41961,87.75094),278.00000]
	6482.91628	   0.02042	[mu,kappa]: [(40.30704,87.75093),278.00000]
	6962.21283	   0.02192	[mu,kappa]: [(40.36476,87.75933),278.00000]
	7328.59207	   0.02308	[mu,kappa]: [(40.28906,87.81332),278.00000]
	6299.29056	   0.01984	[mu,kappa]: [(40.49131,87.65020),278.00000]
	6659.30660	   0.02097	[mu,kappa]: [(40.22329,87.81944),278.00000]
	6955.68646	   0.02190	[mu,kappa]: [(40.15617,87.85848),278.00000]
	6726.76896	   0.02118	[mu,kappa]: [(40.35942,87.74492),278.00000]
	5921.84384	   0.01865	[mu,kappa]: [(41.66649,84.49393),46.24675]
	6884.20264	   0.02168	[mu,kappa]: [(40.56000,87.68452),278.00000]
	7009.61507	   0.02207	[mu,kappa]: [(40.56746,87.67183),278.00000]
	6727.47091	   0.02119	[mu,kappa]: [(40.32492,87.75302),278.00000]
	6202.58350	   0.01953	[mu,kappa]: [(40.16465,87.73957),278.00000]
	7090.17096	   0.02233	[mu,kappa]: [(40.09060,87.88787),278.00000]
	5373.85014	   0.01692	[mu,kappa]: [(40.68539,87.17996),179.59972]
	6906.26239	   0.02175	[mu,kappa]: [(40.46310,87.71805),278.00000]
	6255.16871	   0.01970	[mu,kappa]: [(40.37109,87.66127),278.00000]
	7320.05713	   0.02305	[mu,kappa]: [(40.13310,87.87069),278.00000]
			msglen: 5270299.97882 bits.
Iteration #: 5
	5082.89954	   0.01601	[mu,kappa]: [(41.30123,86.30820),107.02471]
	6993.03670	   0.02202	[mu,kappa]: [(40.10897,87.86513),278.00000]
	7139.22388	   0.02248	[mu,kappa]: [(40.15285,87.85158),278.00000]
	7035.14275	   0.02215	[mu,kappa]: [(40.43697,87.73357),278.00000]
	6738.42127	   0.02122	[mu,kappa]: [(31.51362,80.30323),8.87536]
	6853.71360	   0.02158	[mu,kappa]: [(40.63743,87.64361),278.00000]
	5774.55660	   0.01818	[mu,kappa]: [(40.23553,87.67938),278.00000]
	5442.57779	   0.01714	[mu,kappa]: [(40.72350,87.35994),234.23500]
	5046.31845	   0.01589	[mu,kappa]: [(39.87513,86.65022),89.99293]
	5613.78775	   0.01768	[mu,kappa]: [(39.73079,87.81296),246.72938]
	6163.58518	   0.01941	[mu,kappa]: [(40.29827,87.73557),278.00000]
	5759.38275	   0.01814	[mu,kappa]: [(40.40690,87.61570),278.00000]
	4942.69675	   0.01557	[mu,kappa]: [(40.32560,86.88111),119.99975]
	5757.85801	   0.01813	[mu,kappa]: [(40.40543,87.58740),268.94365]
	6977.22753	   0.02197	[mu,kappa]: [(44.70633,82.76612),38.81317]
	6651.74645	   0.02095	[mu,kappa]: [(40.06299,87.87082),278.00000]
	5736.74212	   0.01807	[mu,kappa]: [(39.83713,87.84044),275.50390]
	5874.14252	   0.01850	[mu,kappa]: [(40.08744,87.75692),278.00000]
	5191.17428	   0.01635	[mu,kappa]: [(40.80202,87.18544),195.17983]
	5213.27760	   0.01642	[mu,kappa]: [(42.38766,85.96907),119.34325]
	6578.60710	   0.02072	[mu,kappa]: [(40.35783,87.75436),278.00000]
	6027.01052	   0.01898	[mu,kappa]: [(40.24128,87.73685),278.00000]
	5138.29894	   0.01618	[mu,kappa]: [(40.97351,86.87413),151.45017]
	6454.16843	   0.02032	[mu,kappa]: [(40.74040,87.58705),278.00000]
	7530.93597	   0.02372	[mu,kappa]: [(39.65072,88.06221),278.00000]
	5498.24530	   0.01731	[mu,kappa]: [(37.94513,87.01875),72.71589]
	6794.38802	   0.02140	[mu,kappa]: [(40.11172,87.85960),278.00000]
	5315.13342	   0.01674	[mu,kappa]: [(40.52350,87.35831),208.87115]
	7106.55849	   0.02238	[mu,kappa]: [(40.19075,87.83843),278.00000]
	5038.63081	   0.01587	[mu,kappa]: [(40.62375,86.93839),139.87671]
	8417.66837	   0.02651	[mu,kappa]: [(49.26638,80.94900),41.87134]
	6887.52515	   0.02169	[mu,kappa]: [(40.25522,87.80164),278.00000]
	7226.39693	   0.02276	[mu,kappa]: [(40.40513,87.74779),278.00000]
	6505.91580	   0.02049	[mu,kappa]: [(40.26535,87.78522),278.00000]
	6985.72164	   0.02200	[mu,kappa]: [(40.33589,87.77022),278.00000]
	7355.41574	   0.02316	[mu,kappa]: [(40.23433,87.82239),278.00000]
	6319.78406	   0.01990	[mu,kappa]: [(40.50810,87.67343),278.00000]
	6686.09765	   0.02105	[mu,kappa]: [(40.15167,87.84735),278.00000]
	6987.19613	   0.02200	[mu,kappa]: [(40.06267,87.88919),278.00000]
	6749.53352	   0.02125	[mu,kappa]: [(40.33127,87.76478),278.00000]
	6155.99799	   0.01939	[mu,kappa]: [(41.65574,84.42635),45.15209]
	6907.48486	   0.02175	[mu,kappa]: [(40.58835,87.66788),278.00000]
	7033.49261	   0.02215	[mu,kappa]: [(40.59936,87.65903),278.00000]
	6750.93020	   0.02126	[mu,kappa]: [(40.28728,87.78032),278.00000]
	6228.82536	   0.01961	[mu,kappa]: [(40.08961,87.82704),278.00000]
	7126.61808	   0.02244	[mu,kappa]: [(39.97685,87.92571),278.00000]
	5201.97957	   0.01638	[mu,kappa]: [(40.77434,87.15564),185.85998]
	6928.72362	   0.02182	[mu,kappa]: [(40.46365,87.71686),278.00000]
	6275.52228	   0.01976	[mu,kappa]: [(40.35738,87.71897),278.00000]
	7354.68190	   0.02316	[mu,kappa]: [(40.03223,87.90297),278.00000]
			msglen: 5266020.75728 bits.
Iteration #: 6
	4940.09034	   0.01556	[mu,kappa]: [(41.55655,86.14209),104.61838]
	7010.78247	   0.02208	[mu,kappa]: [(40.02606,87.89291),278.00000]
	7155.22404	   0.02253	[mu,kappa]: [(40.08297,87.87148),278.00000]
	7046.45835	   0.02219	[mu,kappa]: [(40.45443,87.71775),278.00000]
	6024.15016	   0.01897	[mu,kappa]: [(28.15910,80.71773),8.98320]
	6870.93918	   0.02164	[mu,kappa]: [(40.71617,87.60613),278.00000]
	5783.96078	   0.01821	[mu,kappa]: [(40.21033,87.75730),278.00000]
	5359.05813	   0.01688	[mu,kappa]: [(40.85657,87.36153),258.60174]
	5015.27074	   0.01579	[mu,kappa]: [(38.91236,86.91602),85.06538]
	5581.05167	   0.01758	[mu,kappa]: [(39.50108,87.96349),272.27838]
	6173.55076	   0.01944	[mu,kappa]: [(40.28107,87.76475),278.00000]
	5767.97304	   0.01816	[mu,kappa]: [(40.43334,87.66816),278.00000]
	4789.97783	   0.01508	[mu,kappa]: [(39.99671,86.94988),115.48959]
	5743.33245	   0.01809	[mu,kappa]: [(40.43090,87.64283),278.00000]
	6913.74525	   0.02177	[mu,kappa]: [(45.78025,82.59555),43.85846]
	6671.00396	   0.02101	[mu,kappa]: [(39.96755,87.91110),278.00000]
	5760.35204	   0.01814	[mu,kappa]: [(39.68372,87.96921),278.00000]
	5888.66729	   0.01854	[mu,kappa]: [(40.01389,87.84575),278.00000]
	5044.76392	   0.01589	[mu,kappa]: [(40.96413,87.15453),207.50964]
	5194.70414	   0.01636	[mu,kappa]: [(43.32259,85.57593),125.36737]
	6588.90706	   0.02075	[mu,kappa]: [(40.35286,87.75445),278.00000]
	6037.48651	   0.01901	[mu,kappa]: [(40.20960,87.78435),278.00000]
	4958.78778	   0.01562	[mu,kappa]: [(41.18372,86.78371),153.65068]
	6476.29724	   0.02039	[mu,kappa]: [(40.85164,87.54361),278.00000]
	7598.49936	   0.02393	[mu,kappa]: [(39.42124,88.14501),278.00000]
	6036.03275	   0.01901	[mu,kappa]: [(35.34364,87.96267),75.47153]
	6811.47580	   0.02145	[mu,kappa]: [(40.03028,87.88921),278.00000]
	5178.44796	   0.01631	[mu,kappa]: [(40.56936,87.38216),224.17826]
	7120.97044	   0.02242	[mu,kappa]: [(40.13228,87.85225),278.00000]
	4854.31257	   0.01529	[mu,kappa]: [(40.59607,86.92288),138.49609]
	9468.95779	   0.02982	[mu,kappa]: [(51.71446,80.37434),60.65138]
	6899.60391	   0.02173	[mu,kappa]: [(40.21809,87.81231),278.00000]
	7237.71088	   0.02279	[mu,kappa]: [(40.41277,87.73546),278.00000]
	6517.11039	   0.02052	[mu,kappa]: [(40.23302,87.80069),278.00000]
	6996.74119	   0.02203	[mu,kappa]: [(40.32327,87.76971),278.00000]
	7368.86477	   0.02320	[mu,kappa]: [(40.18907,87.82969),278.00000]
	6331.32666	   0.01994	[mu,kappa]: [(40.55137,87.66386),278.00000]
	6701.13977	   0.02110	[mu,kappa]: [(40.08207,87.86975),278.00000]
	7007.57901	   0.02207	[mu,kappa]: [(39.96461,87.92042),278.00000]
	6760.22915	   0.02129	[mu,kappa]: [(40.31825,87.76851),278.00000]
	6092.05242	   0.01918	[mu,kappa]: [(41.07542,84.68003),45.86722]
	6922.58822	   0.02180	[mu,kappa]: [(40.65188,87.63457),278.00000]
	7049.36477	   0.02220	[mu,kappa]: [(40.66678,87.62647),278.00000]
	6762.14620	   0.02129	[mu,kappa]: [(40.26113,87.79093),278.00000]
	6245.19426	   0.01967	[mu,kappa]: [(40.00700,87.88026),278.00000]
	7153.51028	   0.02253	[mu,kappa]: [(39.85168,87.96740),278.00000]
	5040.84335	   0.01587	[mu,kappa]: [(40.91892,87.12441),195.40874]
	6940.28444	   0.02186	[mu,kappa]: [(40.49000,87.70049),278.00000]
	6285.30101	   0.01979	[mu,kappa]: [(40.35722,87.73676),278.00000]
	7378.17754	   0.02323	[mu,kappa]: [(39.92447,87.93749),278.00000]
			msglen: 5259095.13982 bits.
Iteration #: 7
	4683.74042	   0.01475	[mu,kappa]: [(41.90892,86.00553),109.08145]
	7021.16585	   0.02211	[mu,kappa]: [(39.94910,87.92054),278.00000]
	7163.32308	   0.02256	[mu,kappa]: [(40.02274,87.89120),278.00000]
	7053.33611	   0.02221	[mu,kappa]: [(40.50317,87.69322),278.00000]
	5080.36705	   0.01600	[mu,kappa]: [(25.84919,79.88240),8.39811]
	6891.86994	   0.02170	[mu,kappa]: [(40.83981,87.55258),278.00000]
	5787.65670	   0.01823	[mu,kappa]: [(40.19618,87.79225),278.00000]
	5337.42913	   0.01681	[mu,kappa]: [(41.04795,87.35329),278.00000]
	4944.50864	   0.01557	[mu,kappa]: [(37.42219,87.44645),86.83202]
	5613.61822	   0.01768	[mu,kappa]: [(39.27334,88.12368),278.00000]
	6177.26776	   0.01945	[mu,kappa]: [(40.28277,87.77304),278.00000]
	5773.27359	   0.01818	[mu,kappa]: [(40.48393,87.67493),278.00000]
	4564.09968	   0.01437	[mu,kappa]: [(39.50999,87.11185),115.75710]
	5748.48144	   0.01810	[mu,kappa]: [(40.48435,87.66289),278.00000]
	6364.81819	   0.02004	[mu,kappa]: [(46.96725,82.46902),53.81766]
	6683.86322	   0.02105	[mu,kappa]: [(39.87382,87.94880),278.00000]
	5790.73375	   0.01824	[mu,kappa]: [(39.51145,88.07103),278.00000]
	5897.52424	   0.01857	[mu,kappa]: [(39.94028,87.90082),278.00000]
	4917.82134	   0.01549	[mu,kappa]: [(41.21165,87.10952),228.48471]
	5264.02645	   0.01658	[mu,kappa]: [(44.45608,85.19213),147.44625]
	6593.27712	   0.02076	[mu,kappa]: [(40.37289,87.74458),278.00000]
	6041.49152	   0.01903	[mu,kappa]: [(40.19163,87.80613),278.00000]
	4750.81475	   0.01496	[mu,kappa]: [(41.50837,86.68021),162.91404]
	6507.56396	   0.02049	[mu,kappa]: [(41.01389,87.47758),278.00000]
	7679.94412	   0.02418	[mu,kappa]: [(39.15866,88.24543),278.00000]
	7368.38083	   0.02320	[mu,kappa]: [(32.18386,89.29858),98.73608]
	6821.36845	   0.02148	[mu,kappa]: [(39.95485,87.91731),278.00000]
	5061.68152	   0.01594	[mu,kappa]: [(40.66957,87.40053),248.14941]
	7127.38255	   0.02244	[mu,kappa]: [(40.08657,87.86547),278.00000]
	4610.46035	   0.01452	[mu,kappa]: [(40.58594,86.92934),142.29907]
	11047.91481	   0.03479	[mu,kappa]: [(53.13112,80.00810),89.58245]
	6904.10755	   0.02174	[mu,kappa]: [(40.19836,87.81746),278.00000]
	7243.57289	   0.02281	[mu,kappa]: [(40.44941,87.71561),278.00000]
	6521.23606	   0.02054	[mu,kappa]: [(40.21843,87.80675),278.00000]
	7001.04583	   0.02205	[mu,kappa]: [(40.33427,87.76186),278.00000]
	7374.10584	   0.02322	[mu,kappa]: [(40.16005,87.83563),278.00000]
	6341.18375	   0.01997	[mu,kappa]: [(40.62980,87.63472),278.00000]
	6708.77907	   0.02113	[mu,kappa]: [(40.02186,87.89063),278.00000]
	7021.30837	   0.02211	[mu,kappa]: [(39.86891,87.95444),278.00000]
	6764.37709	   0.02130	[mu,kappa]: [(40.32823,87.76288),278.00000]
	5583.85325	   0.01758	[mu,kappa]: [(40.06553,85.19053),49.39531]
	6939.00315	   0.02185	[mu,kappa]: [(40.75717,87.58761),278.00000]
	7067.12464	   0.02225	[mu,kappa]: [(40.77654,87.57872),278.00000]
	6766.22913	   0.02131	[mu,kappa]: [(40.25455,87.79271),278.00000]
	6255.19424	   0.01970	[mu,kappa]: [(39.92709,87.92041),278.00000]
	7175.70111	   0.02260	[mu,kappa]: [(39.72180,88.01496),278.00000]
	4885.78566	   0.01539	[mu,kappa]: [(41.14949,87.08035),212.82108]
	6948.30415	   0.02188	[mu,kappa]: [(40.54932,87.67302),278.00000]
	6289.56753	   0.01981	[mu,kappa]: [(40.38068,87.73423),278.00000]
	7395.31588	   0.02329	[mu,kappa]: [(39.81660,87.97613),278.00000]
			msglen: 5248926.34539 bits.
Iteration #: 8
	4321.24176	   0.01361	[mu,kappa]: [(42.47320,85.86674),124.26613]
	7009.66850	   0.02207	[mu,kappa]: [(39.88930,87.94515),278.00000]
	7149.20670	   0.02251	[mu,kappa]: [(39.98234,87.90737),278.00000]
	7046.33914	   0.02219	[mu,kappa]: [(40.58781,87.65817),278.00000]
	4041.26596	   0.01273	[mu,kappa]: [(25.04314,76.68677),6.90417]
	6911.82483	   0.02177	[mu,kappa]: [(41.00934,87.48345),278.00000]
	5774.74020	   0.01819	[mu,kappa]: [(40.20496,87.80338),278.00000]
	5374.11095	   0.01692	[mu,kappa]: [(41.28321,87.31791),278.00000]
	4741.92116	   0.01493	[mu,kappa]: [(35.91091,88.05858),99.58169]
	5654.46294	   0.01781	[mu,kappa]: [(39.04080,88.25915),278.00000]
	6164.29547	   0.01941	[mu,kappa]: [(40.31201,87.76678),278.00000]
	5766.95483	   0.01816	[mu,kappa]: [(40.56707,87.65480),278.00000]
	4204.40758	   0.01324	[mu,kappa]: [(39.07306,87.30221),124.53981]
	5742.25194	   0.01808	[mu,kappa]: [(40.56915,87.64854),278.00000]
	5673.95132	   0.01787	[mu,kappa]: [(48.17959,82.36309),71.67790]
	6676.08821	   0.02102	[mu,kappa]: [(39.79434,87.98290),278.00000]
	5807.94391	   0.01829	[mu,kappa]: [(39.33795,88.15794),278.00000]
	5888.08285	   0.01854	[mu,kappa]: [(39.88113,87.93796),278.00000]
	4841.05695	   0.01525	[mu,kappa]: [(41.53927,87.05300),262.54645]
	5601.20342	   0.01764	[mu,kappa]: [(45.53002,84.91526),193.31850]
	6581.50674	   0.02073	[mu,kappa]: [(40.42437,87.72445),278.00000]
	6027.99422	   0.01898	[mu,kappa]: [(40.19767,87.81181),278.00000]
	4533.48182	   0.01428	[mu,kappa]: [(41.98361,86.55762),183.73349]
	6546.16701	   0.02061	[mu,kappa]: [(41.22644,87.39229),278.00000]
	7758.49668	   0.02443	[mu,kappa]: [(38.88571,88.35612),278.00000]
	9912.31016	   0.03121	[mu,kappa]: [(30.04301,90.36267),151.37446]
	6809.99870	   0.02144	[mu,kappa]: [(39.89669,87.94172),278.00000]
	4987.22261	   0.01571	[mu,kappa]: [(40.82864,87.41196),278.00000]
	7112.03215	   0.02240	[mu,kappa]: [(40.06294,87.87449),278.00000]
	4285.20133	   0.01349	[mu,kappa]: [(40.70187,86.92679),155.14411]
	12546.66889	   0.03951	[mu,kappa]: [(53.46692,79.87755),111.86689]
	6888.64044	   0.02169	[mu,kappa]: [(40.20434,87.81545),278.00000]
	7233.63459	   0.02278	[mu,kappa]: [(40.52025,87.68612),278.00000]
	6506.75702	   0.02049	[mu,kappa]: [(40.22997,87.80380),278.00000]
	6987.38058	   0.02200	[mu,kappa]: [(40.37558,87.74516),278.00000]
	7357.53003	   0.02317	[mu,kappa]: [(40.15569,87.83655),278.00000]
	6342.33121	   0.01997	[mu,kappa]: [(40.74743,87.58949),278.00000]
	6695.60814	   0.02108	[mu,kappa]: [(39.98134,87.90735),278.00000]
	7013.39521	   0.02209	[mu,kappa]: [(39.78765,87.98728),278.00000]
	6751.04703	   0.02126	[mu,kappa]: [(40.36817,87.74754),278.00000]
	4706.08811	   0.01482	[mu,kappa]: [(39.19068,85.66743),56.51215]
	6950.79171	   0.02189	[mu,kappa]: [(40.90606,87.52652),278.00000]
	7081.01527	   0.02230	[mu,kappa]: [(40.93038,87.51607),278.00000]
	6751.53790	   0.02126	[mu,kappa]: [(40.27540,87.78549),278.00000]
	6245.72611	   0.01967	[mu,kappa]: [(39.86261,87.95196),278.00000]
	7177.20528	   0.02260	[mu,kappa]: [(39.60117,88.06378),278.00000]
	4761.50099	   0.01499	[mu,kappa]: [(41.47285,87.02277),242.53816]
	6944.05547	   0.02187	[mu,kappa]: [(40.64588,87.63371),278.00000]
	6278.62411	   0.01977	[mu,kappa]: [(40.43510,87.71679),278.00000]
	7390.03189	   0.02327	[mu,kappa]: [(39.72135,88.01456),278.00000]
			msglen: 5238048.75735 bits.
Iteration #: 9
	3991.76645	   0.01257	[mu,kappa]: [(43.17984,85.71322),150.71323]
	6973.93430	   0.02196	[mu,kappa]: [(39.83070,87.97152),278.00000]
	7109.82639	   0.02239	[mu,kappa]: [(39.94360,87.92514),278.00000]
	7017.45533	   0.02210	[mu,kappa]: [(40.67836,87.62165),278.00000]
	3399.72523	   0.01071	[mu,kappa]: [(25.38403,72.66647),5.72639]
	6919.01719	   0.02179	[mu,kappa]: [(41.18813,87.41048),278.00000]
	5741.27564	   0.01808	[mu,kappa]: [(40.21543,87.80718),278.00000]
	5408.36363	   0.01703	[mu,kappa]: [(41.52412,87.24669),278.00000]
	4378.42006	   0.01379	[mu,kappa]: [(34.90258,88.50672),124.80708]
	5689.51211	   0.01792	[mu,kappa]: [(38.80755,88.37766),278.00000]
	6129.75155	   0.01930	[mu,kappa]: [(40.34447,87.75731),278.00000]
	5742.53250	   0.01808	[mu,kappa]: [(40.65468,87.62590),278.00000]
	3749.61298	   0.01181	[mu,kappa]: [(38.84206,87.44883),143.85228]
	5718.06060	   0.01801	[mu,kappa]: [(40.65787,87.62208),278.00000]
	5260.11930	   0.01656	[mu,kappa]: [(48.98643,82.33475),97.81485]
	6646.00557	   0.02093	[mu,kappa]: [(39.71558,88.01845),278.00000]
	5812.14686	   0.01830	[mu,kappa]: [(39.16395,88.24029),278.00000]
	5858.34079	   0.01845	[mu,kappa]: [(39.82204,87.97026),278.00000]
	4859.92099	   0.01530	[mu,kappa]: [(41.86351,87.00994),278.00000]
	6403.66654	   0.02017	[mu,kappa]: [(46.31292,84.78115),260.13415]
	6547.48884	   0.02062	[mu,kappa]: [(40.48033,87.70299),278.00000]
	5993.01070	   0.01887	[mu,kappa]: [(40.20591,87.81361),278.00000]
	4376.38199	   0.01378	[mu,kappa]: [(42.51747,86.43839),217.18837]
	6578.99737	   0.02072	[mu,kappa]: [(41.44965,87.30159),278.00000]
	7835.04557	   0.02467	[mu,kappa]: [(38.61721,88.47131),278.00000]
	12767.01533	   0.04020	[mu,kappa]: [(29.33608,90.85235),206.59490]
	6775.03128	   0.02133	[mu,kappa]: [(39.83971,87.96762),278.00000]
	4980.07793	   0.01568	[mu,kappa]: [(40.98795,87.42489),278.00000]
	7071.29558	   0.02227	[mu,kappa]: [(40.04144,87.88487),278.00000]
	3934.56516	   0.01239	[mu,kappa]: [(40.94137,86.90582),178.47604]
	13318.86396	   0.04194	[mu,kappa]: [(53.48227,79.80287),121.54652]
	6848.62417	   0.02157	[mu,kappa]: [(40.21323,87.81353),278.00000]
	7200.30329	   0.02267	[mu,kappa]: [(40.59646,87.65554),278.00000]
	6469.15804	   0.02037	[mu,kappa]: [(40.24449,87.80011),278.00000]
	6949.68260	   0.02188	[mu,kappa]: [(40.42106,87.72777),278.00000]
	7314.64730	   0.02303	[mu,kappa]: [(40.15404,87.83847),278.00000]
	6326.21581	   0.01992	[mu,kappa]: [(40.87199,87.54026),278.00000]
	6658.77970	   0.02097	[mu,kappa]: [(39.94244,87.92542),278.00000]
	6982.11836	   0.02199	[mu,kappa]: [(39.70728,88.02262),278.00000]
	6714.44349	   0.02114	[mu,kappa]: [(40.41215,87.73114),278.00000]
	3750.12976	   0.01181	[mu,kappa]: [(38.77476,85.81229),65.75809]
	6947.08366	   0.02188	[mu,kappa]: [(41.06343,87.46225),278.00000]
	7079.72812	   0.02229	[mu,kappa]: [(41.09285,87.44989),278.00000]
	6713.02937	   0.02114	[mu,kappa]: [(40.29960,87.77753),278.00000]
	6214.83960	   0.01957	[mu,kappa]: [(39.79880,87.98278),278.00000]
	7157.29635	   0.02254	[mu,kappa]: [(39.48109,88.11588),278.00000]
	4715.10726	   0.01485	[mu,kappa]: [(41.80790,86.97564),278.00000]
	6919.11436	   0.02179	[mu,kappa]: [(40.74876,87.59230),278.00000]
	6246.55464	   0.01967	[mu,kappa]: [(40.49374,87.69595),278.00000]
	7360.91642	   0.02318	[mu,kappa]: [(39.62683,88.05583),278.00000]
			msglen: 5230733.91094 bits.
Iteration #: 10
	3794.08546	   0.01195	[mu,kappa]: [(43.82785,85.59563),185.39820]
	6936.48857	   0.02184	[mu,kappa]: [(39.74630,88.00663),278.00000]
	7066.22729	   0.02225	[mu,kappa]: [(39.87783,87.95212),278.00000]
	6972.66512	   0.02196	[mu,kappa]: [(40.73664,87.59574),278.00000]
	3257.27634	   0.01026	[mu,kappa]: [(25.62617,70.88403),5.39655]
	6907.28527	   0.02175	[mu,kappa]: [(41.33250,87.34857),278.00000]
	5700.12828	   0.01795	[mu,kappa]: [(40.19580,87.81743),278.00000]
	5428.17505	   0.01709	[mu,kappa]: [(41.72658,87.17331),278.00000]
	4068.31150	   0.01281	[mu,kappa]: [(34.33215,88.83549),161.41529]
	5745.71582	   0.01809	[mu,kappa]: [(38.56776,88.48888),278.00000]
	6085.14388	   0.01916	[mu,kappa]: [(40.34628,87.75659),278.00000]
	5705.30399	   0.01797	[mu,kappa]: [(40.70957,87.60434),278.00000]
	3347.29170	   0.01054	[mu,kappa]: [(38.68656,87.60108),172.70886]
	5681.09396	   0.01789	[mu,kappa]: [(40.71360,87.60148),278.00000]
	5123.33737	   0.01613	[mu,kappa]: [(49.28901,82.42313),130.20536]
	6616.79378	   0.02084	[mu,kappa]: [(39.61244,88.06194),278.00000]
	5829.13403	   0.01836	[mu,kappa]: [(38.97489,88.32414),278.00000]
	5827.31658	   0.01835	[mu,kappa]: [(39.73676,88.00833),278.00000]
	4913.45932	   0.01547	[mu,kappa]: [(42.13064,86.95828),278.00000]
	7665.35285	   0.02414	[mu,kappa]: [(46.79660,84.75173),278.00000]
	6500.86952	   0.02047	[mu,kappa]: [(40.50499,87.69159),278.00000]
	5950.14921	   0.01874	[mu,kappa]: [(40.18440,87.82334),278.00000]
	4327.65282	   0.01363	[mu,kappa]: [(42.97616,86.36196),261.93343]
	6593.86735	   0.02076	[mu,kappa]: [(41.63724,87.22204),278.00000]
	7947.34638	   0.02503	[mu,kappa]: [(38.34997,88.58650),278.00000]
	14513.38022	   0.04570	[mu,kappa]: [(29.26674,91.01882),238.64451]
	6738.20695	   0.02122	[mu,kappa]: [(39.75682,88.00218),278.00000]
	4960.62874	   0.01562	[mu,kappa]: [(41.10665,87.40937),278.00000]
	7024.35815	   0.02212	[mu,kappa]: [(39.99194,87.90480),278.00000]
	3645.47090	   0.01148	[mu,kappa]: [(41.17120,86.91023),210.81377]
	13479.64578	   0.04245	[mu,kappa]: [(53.55271,79.66502),121.96092]
	6799.48383	   0.02141	[mu,kappa]: [(40.19262,87.82131),278.00000]
	7151.59550	   0.02252	[mu,kappa]: [(40.64081,87.63551),278.00000]
	6422.44316	   0.02022	[mu,kappa]: [(40.22921,87.80589),278.00000]
	6899.43534	   0.02173	[mu,kappa]: [(40.43561,87.72051),278.00000]
	7263.12203	   0.02287	[mu,kappa]: [(40.12340,87.85027),278.00000]
	6294.17962	   0.01982	[mu,kappa]: [(40.96330,87.50112),278.00000]
	6618.02258	   0.02084	[mu,kappa]: [(39.87649,87.95258),278.00000]
	6951.95388	   0.02189	[mu,kappa]: [(39.60271,88.06633),278.00000]
	6665.83910	   0.02099	[mu,kappa]: [(40.42523,87.72468),278.00000]
	2984.66935	   0.00940	[mu,kappa]: [(38.49324,85.70575),74.06486]
	6924.77333	   0.02181	[mu,kappa]: [(41.18691,87.40898),278.00000]
	7059.36352	   0.02223	[mu,kappa]: [(41.22129,87.39464),278.00000]
	6664.18505	   0.02099	[mu,kappa]: [(40.29361,87.77924),278.00000]
	6183.05938	   0.01947	[mu,kappa]: [(39.70938,88.02107),278.00000]
	7144.26959	   0.02250	[mu,kappa]: [(39.34028,88.17531),278.00000]
	4761.33911	   0.01499	[mu,kappa]: [(42.07301,86.95378),278.00000]
	6877.79233	   0.02166	[mu,kappa]: [(40.81904,87.56145),278.00000]
	6202.30046	   0.01953	[mu,kappa]: [(40.52085,87.68431),278.00000]
	7335.01068	   0.02310	[mu,kappa]: [(39.50925,88.10516),278.00000]
			msglen: 5226797.58613 bits.
Iteration #: 11
	3740.46386	   0.01178	[mu,kappa]: [(44.35312,85.53126),228.97955]
	6906.33832	   0.02175	[mu,kappa]: [(39.65294,88.04227),278.00000]
	7028.44745	   0.02213	[mu,kappa]: [(39.80138,87.98042),278.00000]
	6925.38952	   0.02181	[mu,kappa]: [(40.77549,87.57467),278.00000]
	3313.65777	   0.01044	[mu,kappa]: [(25.32272,70.77946),5.48506]
	6890.28364	   0.02170	[mu,kappa]: [(41.45208,87.29336),278.00000]
	5660.78628	   0.01783	[mu,kappa]: [(40.16161,87.82899),278.00000]
	5443.56986	   0.01714	[mu,kappa]: [(41.89898,87.10191),278.00000]
	3926.02353	   0.01236	[mu,kappa]: [(34.05691,89.17038),212.08815]
	5820.71981	   0.01833	[mu,kappa]: [(38.34164,88.58634),278.00000]
	6041.16632	   0.01902	[mu,kappa]: [(40.33215,87.75871),278.00000]
	5666.19604	   0.01784	[mu,kappa]: [(40.74502,87.58609),278.00000]
	3064.43129	   0.00965	[mu,kappa]: [(38.53393,87.81079),212.12247]
	5642.23313	   0.01777	[mu,kappa]: [(40.74972,87.58355),278.00000]
	5154.11831	   0.01623	[mu,kappa]: [(49.30113,82.56760),168.14577]
	6596.13797	   0.02077	[mu,kappa]: [(39.50218,88.10503),278.00000]
	5860.75853	   0.01846	[mu,kappa]: [(38.78995,88.40111),278.00000]
	5802.51818	   0.01827	[mu,kappa]: [(39.64241,88.04559),278.00000]
	4964.09344	   0.01563	[mu,kappa]: [(42.35809,86.88724),278.00000]
	8991.17818	   0.02831	[mu,kappa]: [(47.09131,84.72938),278.00000]
	6453.59740	   0.02032	[mu,kappa]: [(40.51229,87.68410),278.00000]
	5909.27327	   0.01861	[mu,kappa]: [(40.14855,87.83499),278.00000]
	4419.73905	   0.01392	[mu,kappa]: [(43.33243,86.33099),278.00000]
	6603.32071	   0.02079	[mu,kappa]: [(41.79689,87.15011),278.00000]
	8088.56416	   0.02547	[mu,kappa]: [(38.10342,88.68932),278.00000]
	15288.83683	   0.04814	[mu,kappa]: [(29.32836,91.06324),252.15898]
	6708.34408	   0.02112	[mu,kappa]: [(39.66481,88.03728),278.00000]
	4938.09078	   0.01555	[mu,kappa]: [(41.19945,87.38228),278.00000]
	6981.87298	   0.02199	[mu,kappa]: [(39.93040,87.92666),278.00000]
	3456.52407	   0.01089	[mu,kappa]: [(41.35665,86.95594),253.81051]
	13195.78249	   0.04155	[mu,kappa]: [(53.74092,79.44774),117.92676]
	6752.53117	   0.02126	[mu,kappa]: [(40.15773,87.83182),278.00000]
	7101.05163	   0.02236	[mu,kappa]: [(40.66658,87.62000),278.00000]
	6377.44970	   0.02008	[mu,kappa]: [(40.19924,87.81441),278.00000]
	6849.09226	   0.02157	[mu,kappa]: [(40.43347,87.71698),278.00000]
	7214.69177	   0.02272	[mu,kappa]: [(40.07925,87.86464),278.00000]
	6258.64701	   0.01971	[mu,kappa]: [(41.03312,87.46721),278.00000]
	6582.73030	   0.02073	[mu,kappa]: [(39.79989,87.98100),278.00000]
	6930.90344	   0.02183	[mu,kappa]: [(39.49120,88.10978),278.00000]
	6617.23062	   0.02084	[mu,kappa]: [(40.42170,87.72182),278.00000]
	2421.83316	   0.00763	[mu,kappa]: [(38.16932,85.50714),80.46182]
	6897.62415	   0.02172	[mu,kappa]: [(41.28696,87.36198),278.00000]
	7033.94432	   0.02215	[mu,kappa]: [(41.32598,87.34573),278.00000]
	6616.51526	   0.02084	[mu,kappa]: [(40.27229,87.78402),278.00000]
	6158.18764	   0.01939	[mu,kappa]: [(39.61141,88.05917),278.00000]
	7144.13701	   0.02250	[mu,kappa]: [(39.19674,88.23265),278.00000]
	4805.19710	   0.01513	[mu,kappa]: [(42.29662,86.89833),278.00000]
	6833.47921	   0.02152	[mu,kappa]: [(40.86915,87.53565),278.00000]
	6157.30406	   0.01939	[mu,kappa]: [(40.53038,87.67623),278.00000]
	7319.99294	   0.02305	[mu,kappa]: [(39.38615,88.15361),278.00000]
			msglen: 5224033.69951 bits.
Iteration #: 12
	3823.68908	   0.01204	[mu,kappa]: [(44.74362,85.51882),278.00000]
	6876.86548	   0.02166	[mu,kappa]: [(39.56457,88.07447),278.00000]
	6990.91931	   0.02201	[mu,kappa]: [(39.72802,88.00621),278.00000]
	6875.64529	   0.02165	[mu,kappa]: [(40.80609,87.55609),278.00000]
	3377.51378	   0.01064	[mu,kappa]: [(24.69519,71.07025),5.67239]
	6869.51503	   0.02163	[mu,kappa]: [(41.55536,87.24367),278.00000]
	5620.77396	   0.01770	[mu,kappa]: [(40.12599,87.83935),278.00000]
	5455.52904	   0.01718	[mu,kappa]: [(42.04841,87.03533),278.00000]
	3975.28737	   0.01252	[mu,kappa]: [(33.97307,89.53542),278.00000]
	5897.65010	   0.01857	[mu,kappa]: [(38.14244,88.66744),278.00000]
	5996.04613	   0.01888	[mu,kappa]: [(40.31471,87.76092),278.00000]
	5625.12616	   0.01771	[mu,kappa]: [(40.77243,87.56952),278.00000]
	2910.87932	   0.00917	[mu,kappa]: [(38.38842,88.07358),266.56720]
	5601.40907	   0.01764	[mu,kappa]: [(40.77771,87.56704),278.00000]
	5316.45963	   0.01674	[mu,kappa]: [(49.22528,82.69721),208.33765]
	6576.52872	   0.02071	[mu,kappa]: [(39.39896,88.14361),278.00000]
	5894.46696	   0.01856	[mu,kappa]: [(38.62327,88.46731),278.00000]
	5778.31311	   0.01820	[mu,kappa]: [(39.55310,88.07875),278.00000]
	5011.33344	   0.01578	[mu,kappa]: [(42.55307,86.81269),278.00000]
	10186.84778	   0.03208	[mu,kappa]: [(47.26563,84.69950),278.00000]
	6404.64402	   0.02017	[mu,kappa]: [(40.51428,87.67781),278.00000]
	5867.73077	   0.01848	[mu,kappa]: [(40.11150,87.84568),278.00000]
	4557.19446	   0.01435	[mu,kappa]: [(43.61450,86.28644),278.00000]
	6608.71902	   0.02081	[mu,kappa]: [(41.93558,87.08528),278.00000]
	8231.71802	   0.02592	[mu,kappa]: [(37.88937,88.77498),278.00000]
	15570.85820	   0.04903	[mu,kappa]: [(29.37094,91.05935),256.08883]
	6679.10620	   0.02103	[mu,kappa]: [(39.57763,88.06900),278.00000]
	4913.17581	   0.01547	[mu,kappa]: [(41.27760,87.35146),278.00000]
	6939.25263	   0.02185	[mu,kappa]: [(39.87033,87.94677),278.00000]
	3383.00777	   0.01065	[mu,kappa]: [(41.49783,87.03924),278.00000]
	12676.96028	   0.03992	[mu,kappa]: [(54.02746,79.17968),113.19303]
	6704.79187	   0.02111	[mu,kappa]: [(40.12158,87.84179),278.00000]
	7048.24911	   0.02220	[mu,kappa]: [(40.68533,87.60649),278.00000]
	6331.60146	   0.01994	[mu,kappa]: [(40.16753,87.82255),278.00000]
	6797.17598	   0.02140	[mu,kappa]: [(40.42692,87.71431),278.00000]
	7165.66187	   0.02256	[mu,kappa]: [(40.03477,87.87810),278.00000]
	6220.36721	   0.01959	[mu,kappa]: [(41.09173,87.43680),278.00000]
	6547.67774	   0.02062	[mu,kappa]: [(39.72637,88.00687),278.00000]
	6910.98250	   0.02176	[mu,kappa]: [(39.38689,88.14874),278.00000]
	6567.13289	   0.02068	[mu,kappa]: [(40.41388,87.71972),278.00000]
	1999.07296	   0.00630	[mu,kappa]: [(37.79135,85.28963),85.17096]
	6866.97117	   0.02162	[mu,kappa]: [(41.37279,87.31976),278.00000]
	7004.88467	   0.02206	[mu,kappa]: [(41.41596,87.30175),278.00000]
	6567.75744	   0.02068	[mu,kappa]: [(40.24839,87.78880),278.00000]
	6134.02426	   0.01932	[mu,kappa]: [(39.51894,88.09333),278.00000]
	7145.90867	   0.02250	[mu,kappa]: [(39.06476,88.28338),278.00000]
	4845.94038	   0.01526	[mu,kappa]: [(42.48756,86.83247),278.00000]
	6786.51587	   0.02137	[mu,kappa]: [(40.90995,87.51274),278.00000]
	6110.66027	   0.01924	[mu,kappa]: [(40.53437,87.66926),278.00000]
	7306.45774	   0.02301	[mu,kappa]: [(39.27176,88.19686),278.00000]
			msglen: 5221847.64855 bits.
Iteration #: 13
	4021.93614	   0.01267	[mu,kappa]: [(45.00200,85.54761),278.00000]
	6845.84715	   0.02156	[mu,kappa]: [(39.48850,88.10124),278.00000]
	6952.29281	   0.02189	[mu,kappa]: [(39.66473,88.02767),278.00000]
	6825.52093	   0.02149	[mu,kappa]: [(40.83218,87.53990),278.00000]
	3391.91196	   0.01068	[mu,kappa]: [(23.94558,71.26052),5.83636]
	6846.48663	   0.02156	[mu,kappa]: [(41.64307,87.20084),278.00000]
	5580.46817	   0.01757	[mu,kappa]: [(40.09506,87.84764),278.00000]
	5463.75207	   0.01721	[mu,kappa]: [(42.17390,86.97733),278.00000]
	4234.05450	   0.01333	[mu,kappa]: [(33.97970,89.87495),278.00000]
	5965.27238	   0.01879	[mu,kappa]: [(37.97645,88.73114),278.00000]
	5950.74416	   0.01874	[mu,kappa]: [(40.29946,87.76242),278.00000]
	5583.77474	   0.01758	[mu,kappa]: [(40.79575,87.55482),278.00000]
	2899.04838	   0.00913	[mu,kappa]: [(38.27015,88.34667),278.00000]
	5560.29969	   0.01751	[mu,kappa]: [(40.80149,87.55228),278.00000]
	5560.02368	   0.01751	[mu,kappa]: [(49.14671,82.78879),245.88704]
	6554.88877	   0.02064	[mu,kappa]: [(39.31031,88.17558),278.00000]
	5922.62372	   0.01865	[mu,kappa]: [(38.48235,88.52071),278.00000]
	5752.77824	   0.01812	[mu,kappa]: [(39.47620,88.10612),278.00000]
	5052.45479	   0.01591	[mu,kappa]: [(42.71396,86.74476),278.00000]
	11176.32565	   0.03519	[mu,kappa]: [(47.36256,84.66746),278.00000]
	6355.52282	   0.02001	[mu,kappa]: [(40.51578,87.67212),278.00000]
	5825.86818	   0.01835	[mu,kappa]: [(40.07934,87.85434),278.00000]
	4681.17692	   0.01474	[mu,kappa]: [(43.83493,86.22716),278.00000]
	6610.22421	   0.02082	[mu,kappa]: [(42.05251,87.02963),278.00000]
	8358.34150	   0.02632	[mu,kappa]: [(37.71282,88.84181),278.00000]
	15581.43625	   0.04906	[mu,kappa]: [(29.36558,91.03584),255.65358]
	6648.40696	   0.02094	[mu,kappa]: [(39.50257,88.09535),278.00000]
	4887.31041	   0.01539	[mu,kappa]: [(41.34371,87.32201),278.00000]
	6895.86849	   0.02172	[mu,kappa]: [(39.81843,87.96350),278.00000]
	3370.09535	   0.01061	[mu,kappa]: [(41.60343,87.10078),278.00000]
	12080.71989	   0.03804	[mu,kappa]: [(54.37644,78.89561),109.36414]
	6656.69894	   0.02096	[mu,kappa]: [(40.09023,87.84995),278.00000]
	6995.17773	   0.02203	[mu,kappa]: [(40.70124,87.59463),278.00000]
	6285.46357	   0.01979	[mu,kappa]: [(40.13999,87.82913),278.00000]
	6745.08614	   0.02124	[mu,kappa]: [(40.42106,87.71172),278.00000]
	7116.13840	   0.02241	[mu,kappa]: [(39.99626,87.88923),278.00000]
	6181.31052	   0.01947	[mu,kappa]: [(41.14173,87.41041),278.00000]
	6511.59228	   0.02051	[mu,kappa]: [(39.66296,88.02840),278.00000]
	6888.88095	   0.02169	[mu,kappa]: [(39.29733,88.18104),278.00000]
	6516.86580	   0.02052	[mu,kappa]: [(40.40693,87.71761),278.00000]
	1668.37638	   0.00525	[mu,kappa]: [(37.37360,85.09194),88.57178]
	6834.70779	   0.02152	[mu,kappa]: [(41.44587,87.28331),278.00000]
	6974.03773	   0.02196	[mu,kappa]: [(41.49253,87.26379),278.00000]
	6518.76391	   0.02053	[mu,kappa]: [(40.22757,87.79255),278.00000]
	6108.34981	   0.01924	[mu,kappa]: [(39.43939,88.12164),278.00000]
	7143.89427	   0.02250	[mu,kappa]: [(38.95206,88.32512),278.00000]
	4881.17694	   0.01537	[mu,kappa]: [(42.64502,86.76963),278.00000]
	6739.03802	   0.02122	[mu,kappa]: [(40.94477,87.49282),278.00000]
	6063.85190	   0.01910	[mu,kappa]: [(40.53758,87.66293),278.00000]
	7290.11339	   0.02296	[mu,kappa]: [(39.17373,88.23263),278.00000]
			msglen: 5220870.06858 bits.
Iteration #: 14
	4189.44445	   0.01319	[mu,kappa]: [(45.17750,85.54682),278.00000]
	6829.62345	   0.02151	[mu,kappa]: [(39.42133,88.12482),278.00000]
	6929.06323	   0.02182	[mu,kappa]: [(39.60844,88.04694),278.00000]
	6789.80971	   0.02138	[mu,kappa]: [(40.85170,87.52789),278.00000]
	3356.80510	   0.01057	[mu,kappa]: [(23.17030,71.23176),5.94432]
	6833.76055	   0.02152	[mu,kappa]: [(41.71317,87.16683),278.00000]
	5552.83714	   0.01749	[mu,kappa]: [(40.06634,87.85593),278.00000]
	5476.42873	   0.01725	[mu,kappa]: [(42.27354,86.93065),278.00000]
	4459.17531	   0.01404	[mu,kappa]: [(33.99947,90.04913),278.00000]
	6038.42737	   0.01902	[mu,kappa]: [(37.83561,88.78226),278.00000]
	5918.89485	   0.01864	[mu,kappa]: [(40.28409,87.76513),278.00000]
	5554.30303	   0.01749	[mu,kappa]: [(40.81293,87.54397),278.00000]
	2921.70854	   0.00920	[mu,kappa]: [(38.16074,88.51872),278.00000]
	5531.00610	   0.01742	[mu,kappa]: [(40.81906,87.54133),278.00000]
	5817.28080	   0.01832	[mu,kappa]: [(49.07753,82.85157),277.77288]
	6546.94278	   0.02062	[mu,kappa]: [(39.23247,88.20337),278.00000]
	5959.71137	   0.01877	[mu,kappa]: [(38.36109,88.56494),278.00000]
	5739.65012	   0.01807	[mu,kappa]: [(39.40830,88.13012),278.00000]
	5092.73950	   0.01604	[mu,kappa]: [(42.83959,86.68888),278.00000]
	11935.75628	   0.03759	[mu,kappa]: [(47.40592,84.63758),278.00000]
	6320.52313	   0.01990	[mu,kappa]: [(40.51461,87.66887),278.00000]
	5797.23681	   0.01826	[mu,kappa]: [(40.04958,87.86298),278.00000]
	4790.06150	   0.01508	[mu,kappa]: [(43.99773,86.17189),278.00000]
	6618.31266	   0.02084	[mu,kappa]: [(42.14562,86.98521),278.00000]
	8489.51826	   0.02673	[mu,kappa]: [(37.56436,88.89479),278.00000]
	15376.91567	   0.04842	[mu,kappa]: [(29.33869,91.00767),254.15769]
	6632.10830	   0.02088	[mu,kappa]: [(39.43626,88.11860),278.00000]
	4870.17294	   0.01534	[mu,kappa]: [(41.39613,87.29779),278.00000]
	6867.97966	   0.02163	[mu,kappa]: [(39.77184,87.97887),278.00000]
	3363.33914	   0.01059	[mu,kappa]: [(41.68224,87.11995),278.00000]
	11479.35144	   0.03615	[mu,kappa]: [(54.75484,78.61978),106.73811]
	6623.72574	   0.02086	[mu,kappa]: [(40.06116,87.85823),278.00000]
	6957.25276	   0.02191	[mu,kappa]: [(40.71223,87.58625),278.00000]
	6253.60090	   0.01969	[mu,kappa]: [(40.11416,87.83610),278.00000]
	6708.12211	   0.02112	[mu,kappa]: [(40.41366,87.71106),278.00000]
	7082.75277	   0.02230	[mu,kappa]: [(39.96109,87.89998),278.00000]
	6154.23266	   0.01938	[mu,kappa]: [(41.18114,87.38990),278.00000]
	6489.92469	   0.02044	[mu,kappa]: [(39.60656,88.04772),278.00000]
	6881.13021	   0.02167	[mu,kappa]: [(39.21872,88.20910),278.00000]
	6481.22949	   0.02041	[mu,kappa]: [(40.39860,87.71734),278.00000]
	1398.95382	   0.00441	[mu,kappa]: [(36.94052,84.95656),91.20157]
	6814.05521	   0.02146	[mu,kappa]: [(41.50417,87.25452),278.00000]
	6954.73800	   0.02190	[mu,kappa]: [(41.55365,87.23376),278.00000]
	6484.55044	   0.02042	[mu,kappa]: [(40.20748,87.79716),278.00000]
	6095.76577	   0.01920	[mu,kappa]: [(39.36925,88.14644),278.00000]
	7155.37495	   0.02253	[mu,kappa]: [(38.85399,88.36064),278.00000]
	4916.29455	   0.01548	[mu,kappa]: [(42.76807,86.71687),278.00000]
	6705.41746	   0.02112	[mu,kappa]: [(40.97158,87.47771),278.00000]
	6030.48319	   0.01899	[mu,kappa]: [(40.53784,87.65911),278.00000]
	7288.50734	   0.02295	[mu,kappa]: [(39.08795,88.26346),278.00000]
			msglen: 5220220.25212 bits.
Iteration #: 15
	4325.25733	   0.01362	[mu,kappa]: [(45.29637,85.53540),278.00000]
	6820.71039	   0.02148	[mu,kappa]: [(39.36394,88.14588),278.00000]
	6913.89593	   0.02177	[mu,kappa]: [(39.56042,88.06439),278.00000]
	6763.13855	   0.02130	[mu,kappa]: [(40.86798,87.51925),278.00000]
	3305.51975	   0.01041	[mu,kappa]: [(22.43754,71.08356),6.02417]
	6826.97338	   0.02150	[mu,kappa]: [(41.77028,87.14031),278.00000]
	5532.54719	   0.01742	[mu,kappa]: [(40.04195,87.86413),278.00000]
	5490.45458	   0.01729	[mu,kappa]: [(42.35313,86.89401),278.00000]
	4654.75038	   0.01466	[mu,kappa]: [(34.01988,90.13631),278.00000]
	6109.60473	   0.01924	[mu,kappa]: [(37.71595,88.82510),278.00000]
	5895.09639	   0.01856	[mu,kappa]: [(40.27107,87.76869),278.00000]
	5532.27217	   0.01742	[mu,kappa]: [(40.82726,87.53623),278.00000]
	2945.67668	   0.00928	[mu,kappa]: [(38.06036,88.62024),278.00000]
	5509.11513	   0.01735	[mu,kappa]: [(40.83371,87.53349),278.00000]
	6068.42304	   0.01911	[mu,kappa]: [(49.02431,82.89459),278.00000]
	6545.28694	   0.02061	[mu,kappa]: [(39.16588,88.22791),278.00000]
	5998.33773	   0.01889	[mu,kappa]: [(38.25745,88.60276),278.00000]
	5732.62518	   0.01805	[mu,kappa]: [(39.35028,88.15149),278.00000]
	5129.58150	   0.01615	[mu,kappa]: [(42.93758,86.64467),278.00000]
	12509.97429	   0.03939	[mu,kappa]: [(47.42404,84.60949),278.00000]
	6294.19465	   0.01982	[mu,kappa]: [(40.51360,87.66748),278.00000]
	5776.24673	   0.01819	[mu,kappa]: [(40.02432,87.87151),278.00000]
	4881.97653	   0.01537	[mu,kappa]: [(44.11721,86.12573),278.00000]
	6629.13573	   0.02088	[mu,kappa]: [(42.22039,86.95051),278.00000]
	8614.89571	   0.02713	[mu,kappa]: [(37.43886,88.93883),278.00000]
	15086.76581	   0.04751	[mu,kappa]: [(29.28154,90.98891),252.04155]
	6622.96192	   0.02086	[mu,kappa]: [(39.37961,88.13939),278.00000]
	4858.41013	   0.01530	[mu,kappa]: [(41.43914,87.27859),278.00000]
	6848.55046	   0.02157	[mu,kappa]: [(39.73216,87.99307),278.00000]
	3359.80891	   0.01058	[mu,kappa]: [(41.74351,87.12070),278.00000]
	10959.03029	   0.03451	[mu,kappa]: [(55.12144,78.37411),105.22433]
	6599.50185	   0.02078	[mu,kappa]: [(40.03649,87.86648),278.00000]
	6928.76784	   0.02182	[mu,kappa]: [(40.72141,87.58060),278.00000]
	6230.07200	   0.01962	[mu,kappa]: [(40.09227,87.84324),278.00000]
	6680.35210	   0.02104	[mu,kappa]: [(40.40741,87.71183),278.00000]
	7058.53789	   0.02223	[mu,kappa]: [(39.93121,87.91031),278.00000]
	6134.65874	   0.01932	[mu,kappa]: [(41.21375,87.37427),278.00000]
	6475.80278	   0.02039	[mu,kappa]: [(39.55845,88.06521),278.00000]
	6879.93163	   0.02167	[mu,kappa]: [(39.15147,88.23389),278.00000]
	6454.47152	   0.02033	[mu,kappa]: [(40.39156,87.71844),278.00000]
	1180.56642	   0.00372	[mu,kappa]: [(36.47566,84.84185),92.67113]
	6800.44180	   0.02141	[mu,kappa]: [(41.55197,87.23219),278.00000]
	6942.37485	   0.02186	[mu,kappa]: [(41.60370,87.21042),278.00000]
	6459.08933	   0.02034	[mu,kappa]: [(40.19046,87.80233),278.00000]
	6089.53187	   0.01918	[mu,kappa]: [(39.30929,88.16851),278.00000]
	7171.82978	   0.02258	[mu,kappa]: [(38.77004,88.39156),278.00000]
	4948.74096	   0.01558	[mu,kappa]: [(42.86425,86.67460),278.00000]
	6680.50925	   0.02104	[mu,kappa]: [(40.99388,87.46651),278.00000]
	6005.38441	   0.01891	[mu,kappa]: [(40.53805,87.65724),278.00000]
	7293.21686	   0.02297	[mu,kappa]: [(39.01455,88.29053),278.00000]
			msglen: 5219817.82281 bits.
Iteration #: 16
	4440.68791	   0.01398	[mu,kappa]: [(45.38257,85.51578),278.00000]
	6815.73251	   0.02146	[mu,kappa]: [(39.31542,88.16415),278.00000]
	6903.43841	   0.02174	[mu,kappa]: [(39.52023,88.07950),278.00000]
	6743.45494	   0.02124	[mu,kappa]: [(40.88362,87.51178),278.00000]
	3247.50377	   0.01023	[mu,kappa]: [(21.80485,70.84940),6.07458]
	6825.67029	   0.02149	[mu,kappa]: [(41.81947,87.11784),278.00000]
	5517.16264	   0.01737	[mu,kappa]: [(40.02258,87.87114),278.00000]
	5506.63632	   0.01734	[mu,kappa]: [(42.41974,86.86318),278.00000]
	4829.34188	   0.01521	[mu,kappa]: [(34.03601,90.17849),278.00000]
	6176.69298	   0.01945	[mu,kappa]: [(37.61224,88.86203),278.00000]
	5876.93351	   0.01851	[mu,kappa]: [(40.26161,87.77169),278.00000]
	5515.95672	   0.01737	[mu,kappa]: [(40.84124,87.52950),278.00000]
	2968.87600	   0.00935	[mu,kappa]: [(37.96981,88.68510),278.00000]
	5492.91595	   0.01730	[mu,kappa]: [(40.84796,87.52667),278.00000]
	6284.78472	   0.01979	[mu,kappa]: [(48.99480,82.90430),278.00000]
	6546.65015	   0.02062	[mu,kappa]: [(39.10917,88.24923),278.00000]
	6035.82436	   0.01901	[mu,kappa]: [(38.16774,88.63557),278.00000]
	5728.86373	   0.01804	[mu,kappa]: [(39.30119,88.16999),278.00000]
	5165.17147	   0.01627	[mu,kappa]: [(43.01747,86.60738),278.00000]
	12979.50344	   0.04087	[mu,kappa]: [(47.43374,84.57594),278.00000]
	6274.20129	   0.01976	[mu,kappa]: [(40.51451,87.66621),278.00000]
	5760.34268	   0.01814	[mu,kappa]: [(40.00417,87.87881),278.00000]
	4963.19245	   0.01563	[mu,kappa]: [(44.20944,86.08473),278.00000]
	6643.31061	   0.02092	[mu,kappa]: [(42.28335,86.92134),278.00000]
	8732.14510	   0.02750	[mu,kappa]: [(37.33025,88.97669),278.00000]
	14754.06055	   0.04646	[mu,kappa]: [(29.20086,90.97894),249.68380]
	6617.69431	   0.02084	[mu,kappa]: [(39.33175,88.15740),278.00000]
	4851.22130	   0.01528	[mu,kappa]: [(41.47692,87.26190),278.00000]
	6834.34726	   0.02152	[mu,kappa]: [(39.69935,88.00533),278.00000]
	3359.07880	   0.01058	[mu,kappa]: [(41.79461,87.11237),278.00000]
	10481.87617	   0.03301	[mu,kappa]: [(55.45046,78.16797),104.35794]
	6581.11717	   0.02072	[mu,kappa]: [(40.01688,87.87355),278.00000]
	6907.41490	   0.02175	[mu,kappa]: [(40.73103,87.57569),278.00000]
	6212.17254	   0.01956	[mu,kappa]: [(40.07507,87.84935),278.00000]
	6659.17854	   0.02097	[mu,kappa]: [(40.40380,87.71242),278.00000]
	7040.29641	   0.02217	[mu,kappa]: [(39.90702,87.91919),278.00000]
	6121.21324	   0.01928	[mu,kappa]: [(41.24303,87.36088),278.00000]
	6466.08573	   0.02036	[mu,kappa]: [(39.51817,88.08035),278.00000]
	6881.84586	   0.02167	[mu,kappa]: [(39.09418,88.25541),278.00000]
	6434.06587	   0.02026	[mu,kappa]: [(40.38727,87.71932),278.00000]
	1003.38598	   0.00316	[mu,kappa]: [(35.95681,84.71834),92.82234]
	6792.96166	   0.02139	[mu,kappa]: [(41.59370,87.21319),278.00000]
	6936.12894	   0.02184	[mu,kappa]: [(41.64724,87.19059),278.00000]
	6439.66034	   0.02028	[mu,kappa]: [(40.17751,87.80673),278.00000]
	6086.62315	   0.01917	[mu,kappa]: [(39.25850,88.18763),278.00000]
	7189.72507	   0.02264	[mu,kappa]: [(38.69783,88.41844),278.00000]
	4980.43508	   0.01568	[mu,kappa]: [(42.94285,86.63862),278.00000]
	6662.46841	   0.02098	[mu,kappa]: [(41.01457,87.45686),278.00000]
	5986.35216	   0.01885	[mu,kappa]: [(40.53999,87.65556),278.00000]
	7300.59671	   0.02299	[mu,kappa]: [(38.95175,88.31406),278.00000]
			msglen: 5219508.33578 bits.
Iteration #: 17
	4535.04371	   0.01428	[mu,kappa]: [(45.44424,85.49612),278.00000]
	6813.49039	   0.02146	[mu,kappa]: [(39.27347,88.18038),278.00000]
	6896.30707	   0.02172	[mu,kappa]: [(39.48578,88.09294),278.00000]
	6728.54924	   0.02119	[mu,kappa]: [(40.89786,87.50583),278.00000]
	3188.76351	   0.01004	[mu,kappa]: [(21.29734,70.56746),6.09619]
	6827.13670	   0.02150	[mu,kappa]: [(41.86097,87.09973),278.00000]
	5505.28901	   0.01734	[mu,kappa]: [(40.00667,87.87748),278.00000]
	5522.59347	   0.01739	[mu,kappa]: [(42.47441,86.83855),278.00000]
	4991.57212	   0.01572	[mu,kappa]: [(34.04580,90.19827),278.00000]
	6240.63429	   0.01965	[mu,kappa]: [(37.51975,88.89498),278.00000]
	5862.79051	   0.01846	[mu,kappa]: [(40.25438,87.77458),278.00000]
	5503.56835	   0.01733	[mu,kappa]: [(40.85409,87.52416),278.00000]
	2991.28200	   0.00942	[mu,kappa]: [(37.88740,88.73083),278.00000]
	5480.62470	   0.01726	[mu,kappa]: [(40.86103,87.52124),278.00000]
	6467.89339	   0.02037	[mu,kappa]: [(48.98686,82.88921),278.00000]
	6550.05687	   0.02063	[mu,kappa]: [(39.05978,88.26817),278.00000]
	6072.25961	   0.01912	[mu,kappa]: [(38.08809,88.66484),278.00000]
	5727.36792	   0.01804	[mu,kappa]: [(39.25872,88.18643),278.00000]
	5197.19074	   0.01637	[mu,kappa]: [(43.08135,86.57776),278.00000]
	13352.90700	   0.04205	[mu,kappa]: [(47.43956,84.54270),278.00000]
	6258.67917	   0.01971	[mu,kappa]: [(40.51624,87.66546),278.00000]
	5748.07887	   0.01810	[mu,kappa]: [(39.98759,87.88541),278.00000]
	5031.81849	   0.01585	[mu,kappa]: [(44.27934,86.05165),278.00000]
	6658.00965	   0.02097	[mu,kappa]: [(42.33535,86.89801),278.00000]
	8843.33729	   0.02785	[mu,kappa]: [(37.23333,89.01052),278.00000]
	14400.56828	   0.04535	[mu,kappa]: [(29.10421,90.97559),247.29943]
	6615.12747	   0.02083	[mu,kappa]: [(39.29039,88.17341),278.00000]
	4846.79469	   0.01526	[mu,kappa]: [(41.50935,87.24826),278.00000]
	6823.86524	   0.02149	[mu,kappa]: [(39.67152,88.01627),278.00000]
	3359.76879	   0.01058	[mu,kappa]: [(41.83690,87.10163),278.00000]
	10071.97807	   0.03172	[mu,kappa]: [(55.74496,77.99476),103.86673]
	6566.91176	   0.02068	[mu,kappa]: [(40.00075,87.87995),278.00000]
	6891.01646	   0.02170	[mu,kappa]: [(40.74020,87.57187),278.00000]
	6198.30129	   0.01952	[mu,kappa]: [(40.06108,87.85492),278.00000]
	6642.68676	   0.02092	[mu,kappa]: [(40.40164,87.71326),278.00000]
	7026.32792	   0.02213	[mu,kappa]: [(39.88686,87.92717),278.00000]
	6111.71734	   0.01925	[mu,kappa]: [(41.26859,87.35005),278.00000]
	6459.47915	   0.02034	[mu,kappa]: [(39.48364,88.09382),278.00000]
	6885.86155	   0.02168	[mu,kappa]: [(39.04426,88.27455),278.00000]
	6418.17191	   0.02021	[mu,kappa]: [(40.38453,87.72039),278.00000]
	 860.33921	   0.00271	[mu,kappa]: [(35.35195,84.55282),91.43162]
	6789.01974	   0.02138	[mu,kappa]: [(41.62931,87.19783),278.00000]
	6933.32408	   0.02183	[mu,kappa]: [(41.68430,87.17457),278.00000]
	6424.54223	   0.02023	[mu,kappa]: [(40.16724,87.81082),278.00000]
	6086.01233	   0.01917	[mu,kappa]: [(39.21448,88.20463),278.00000]
	7208.43757	   0.02270	[mu,kappa]: [(38.63428,88.44239),278.00000]
	5009.14434	   0.01577	[mu,kappa]: [(43.00588,86.60987),278.00000]
	6649.04210	   0.02094	[mu,kappa]: [(41.03305,87.44911),278.00000]
	5971.59515	   0.01881	[mu,kappa]: [(40.54261,87.65445),278.00000]
	7309.72247	   0.02302	[mu,kappa]: [(38.89682,88.33499),278.00000]
			msglen: 5219263.89883 bits.
Iteration #: 18
	4610.75802	   0.01452	[mu,kappa]: [(45.48732,85.47998),278.00000]
	6813.01051	   0.02145	[mu,kappa]: [(39.23719,88.19450),278.00000]
	6891.49262	   0.02170	[mu,kappa]: [(39.45639,88.10454),278.00000]
	6717.56500	   0.02115	[mu,kappa]: [(40.91116,87.50079),278.00000]
	3130.18130	   0.00986	[mu,kappa]: [(20.88808,70.25925),6.09398]
	6830.79381	   0.02151	[mu,kappa]: [(41.89606,87.08513),278.00000]
	5496.12001	   0.01731	[mu,kappa]: [(39.99396,87.88281),278.00000]
	5538.09772	   0.01744	[mu,kappa]: [(42.51906,86.81918),278.00000]
	5146.40789	   0.01621	[mu,kappa]: [(34.04833,90.20752),278.00000]
	6301.47560	   0.01984	[mu,kappa]: [(37.43565,88.92478),278.00000]
	5851.82783	   0.01843	[mu,kappa]: [(40.24932,87.77693),278.00000]
	5494.39902	   0.01730	[mu,kappa]: [(40.86623,87.51961),278.00000]
	3012.71086	   0.00949	[mu,kappa]: [(37.81194,88.76589),278.00000]
	5471.53752	   0.01723	[mu,kappa]: [(40.87335,87.51662),278.00000]
	6621.95562	   0.02085	[mu,kappa]: [(48.99711,82.85550),278.00000]
	6554.61019	   0.02064	[mu,kappa]: [(39.01662,88.28477),278.00000]
	6107.21916	   0.01923	[mu,kappa]: [(38.01635,88.69108),278.00000]
	5727.32137	   0.01804	[mu,kappa]: [(39.22196,88.20073),278.00000]
	5225.75104	   0.01646	[mu,kappa]: [(43.13192,86.55492),278.00000]
	13644.20135	   0.04296	[mu,kappa]: [(47.44345,84.51292),278.00000]
	6246.76508	   0.01967	[mu,kappa]: [(40.51895,87.66474),278.00000]
	5738.61240	   0.01807	[mu,kappa]: [(39.97428,87.89096),278.00000]
	5089.01052	   0.01603	[mu,kappa]: [(44.33134,86.02659),278.00000]
	6672.88195	   0.02101	[mu,kappa]: [(42.37814,86.87959),278.00000]
	8948.99434	   0.02818	[mu,kappa]: [(37.14491,89.04123),278.00000]
	14035.49515	   0.04420	[mu,kappa]: [(28.99743,90.97734),245.03327]
	6614.31387	   0.02083	[mu,kappa]: [(39.25466,88.18734),278.00000]
	4844.63034	   0.01526	[mu,kappa]: [(41.53741,87.23701),278.00000]
	6816.09692	   0.02146	[mu,kappa]: [(39.64814,88.02564),278.00000]
	3361.57883	   0.01059	[mu,kappa]: [(41.87227,87.09092),278.00000]
	9725.23330	   0.03062	[mu,kappa]: [(56.00301,77.85076),103.60061]
	6555.92334	   0.02064	[mu,kappa]: [(39.98786,87.88535),278.00000]
	6878.66233	   0.02166	[mu,kappa]: [(40.74924,87.56858),278.00000]
	6187.55381	   0.01949	[mu,kappa]: [(40.05007,87.85959),278.00000]
	6629.94373	   0.02088	[mu,kappa]: [(40.40100,87.71387),278.00000]
	7015.59696	   0.02209	[mu,kappa]: [(39.87037,87.93394),278.00000]
	6105.47573	   0.01923	[mu,kappa]: [(41.29118,87.34108),278.00000]
	6455.03787	   0.02033	[mu,kappa]: [(39.45418,88.10545),278.00000]
	6891.03951	   0.02170	[mu,kappa]: [(39.00059,88.29132),278.00000]
	6405.88592	   0.02017	[mu,kappa]: [(40.38338,87.72121),278.00000]
	 746.52089	   0.00235	[mu,kappa]: [(34.61106,84.30764),88.24597]
	6787.95506	   0.02138	[mu,kappa]: [(41.65988,87.18533),278.00000]
	6933.30486	   0.02183	[mu,kappa]: [(41.71598,87.16156),278.00000]
	6412.80617	   0.02019	[mu,kappa]: [(40.15952,87.81421),278.00000]
	6086.83829	   0.01917	[mu,kappa]: [(39.17629,88.21945),278.00000]
	7227.12779	   0.02276	[mu,kappa]: [(38.57784,88.46360),278.00000]
	5034.93084	   0.01586	[mu,kappa]: [(43.05594,86.58758),278.00000]
	6639.41430	   0.02091	[mu,kappa]: [(41.04986,87.44260),278.00000]
	5960.29353	   0.01877	[mu,kappa]: [(40.54608,87.65342),278.00000]
	7319.63993	   0.02305	[mu,kappa]: [(38.84848,88.35341),278.00000]
			msglen: 5219063.37921 bits.
Iteration #: 19
	4670.64072	   0.01471	[mu,kappa]: [(45.51609,85.46868),278.00000]
	6813.51297	   0.02146	[mu,kappa]: [(39.20590,88.20658),278.00000]
	6888.18521	   0.02169	[mu,kappa]: [(39.43152,88.11430),278.00000]
	6709.85895	   0.02113	[mu,kappa]: [(40.92396,87.49617),278.00000]
	3070.84206	   0.00967	[mu,kappa]: [(20.55364,69.93488),6.07007]
	6836.34752	   0.02153	[mu,kappa]: [(41.92594,87.07323),278.00000]
	5489.01197	   0.01729	[mu,kappa]: [(39.98431,87.88694),278.00000]
	5553.21867	   0.01749	[mu,kappa]: [(42.55548,86.80405),278.00000]
	5297.48933	   0.01668	[mu,kappa]: [(34.04313,90.21256),278.00000]
	6359.31685	   0.02003	[mu,kappa]: [(37.35776,88.95212),278.00000]
	5843.38065	   0.01840	[mu,kappa]: [(40.24645,87.77848),278.00000]
	5487.91383	   0.01728	[mu,kappa]: [(40.87807,87.51538),278.00000]
	3033.06161	   0.00955	[mu,kappa]: [(37.74220,88.79470),278.00000]
	5465.12310	   0.01721	[mu,kappa]: [(40.88535,87.51233),278.00000]
	6751.22094	   0.02126	[mu,kappa]: [(49.02253,82.80733),278.00000]
	6559.59434	   0.02066	[mu,kappa]: [(38.97883,88.29915),278.00000]
	6140.39562	   0.01934	[mu,kappa]: [(37.95085,88.71477),278.00000]
	5728.07013	   0.01804	[mu,kappa]: [(39.19023,88.21297),278.00000]
	5251.32305	   0.01654	[mu,kappa]: [(43.17156,86.53774),278.00000]
	13866.40889	   0.04366	[mu,kappa]: [(47.44614,84.48815),278.00000]
	6237.78537	   0.01964	[mu,kappa]: [(40.52283,87.66367),278.00000]
	5731.27011	   0.01805	[mu,kappa]: [(39.96409,87.89529),278.00000]
	5136.38811	   0.01618	[mu,kappa]: [(44.36902,86.00878),278.00000]
	6687.91495	   0.02106	[mu,kappa]: [(42.41337,86.86508),278.00000]
	9049.64314	   0.02850	[mu,kappa]: [(37.06258,89.06962),278.00000]
	13664.87481	   0.04303	[mu,kappa]: [(28.88556,90.98364),243.03573]
	6614.49422	   0.02083	[mu,kappa]: [(39.22389,88.19923),278.00000]
	4844.40626	   0.01526	[mu,kappa]: [(41.56202,87.22753),278.00000]
	6810.23414	   0.02145	[mu,kappa]: [(39.62881,88.03337),278.00000]
	3364.35590	   0.01060	[mu,kappa]: [(41.90220,87.08107),278.00000]
	9433.24134	   0.02971	[mu,kappa]: [(56.22581,77.73189),103.45657]
	6547.38364	   0.02062	[mu,kappa]: [(39.97804,87.88953),278.00000]
	6869.65576	   0.02163	[mu,kappa]: [(40.75849,87.56539),278.00000]
	6179.20913	   0.01946	[mu,kappa]: [(40.04194,87.86314),278.00000]
	6620.21603	   0.02085	[mu,kappa]: [(40.40198,87.71393),278.00000]
	7007.27497	   0.02207	[mu,kappa]: [(39.85732,87.93934),278.00000]
	6102.00242	   0.01922	[mu,kappa]: [(41.31153,87.33335),278.00000]
	6452.00346	   0.02032	[mu,kappa]: [(39.42925,88.11523),278.00000]
	6896.63050	   0.02172	[mu,kappa]: [(38.96234,88.30586),278.00000]
	6396.49683	   0.02014	[mu,kappa]: [(40.38392,87.72144),278.00000]
	 659.70850	   0.00208	[mu,kappa]: [(33.64647,83.93824),83.09901]
	6789.36643	   0.02138	[mu,kappa]: [(41.68640,87.17494),278.00000]
	6935.68637	   0.02184	[mu,kappa]: [(41.74334,87.15079),278.00000]
	6403.71426	   0.02017	[mu,kappa]: [(40.15431,87.81666),278.00000]
	6088.41170	   0.01917	[mu,kappa]: [(39.14321,88.23216),278.00000]
	7245.13751	   0.02282	[mu,kappa]: [(38.52733,88.48239),278.00000]
	5058.19289	   0.01593	[mu,kappa]: [(43.09538,86.57069),278.00000]
	6632.98483	   0.02089	[mu,kappa]: [(41.06555,87.43680),278.00000]
	5951.80871	   0.01874	[mu,kappa]: [(40.55061,87.65210),278.00000]
	7329.59128	   0.02308	[mu,kappa]: [(38.80577,88.36952),278.00000]
			msglen: 5218888.04254 bits.
Iteration #: 20
	4717.41108	   0.01486	[mu,kappa]: [(45.53369,85.46239),278.00000]
	6814.39192	   0.02146	[mu,kappa]: [(39.17904,88.21674),278.00000]
	6885.74849	   0.02168	[mu,kappa]: [(39.41074,88.12229),278.00000]
	6704.89479	   0.02111	[mu,kappa]: [(40.93663,87.49162),278.00000]
	3007.59970	   0.00947	[mu,kappa]: [(20.27607,69.59439),6.02243]
	6843.58073	   0.02155	[mu,kappa]: [(41.95164,87.06333),278.00000]
	5483.44564	   0.01727	[mu,kappa]: [(39.97755,87.88981),278.00000]
	5568.08805	   0.01753	[mu,kappa]: [(42.58520,86.79223),278.00000]
	5447.32720	   0.01715	[mu,kappa]: [(34.03017,90.21660),278.00000]
	6414.29348	   0.02020	[mu,kappa]: [(37.28447,88.97758),278.00000]
	5836.90638	   0.01838	[mu,kappa]: [(40.24574,87.77908),278.00000]
	5483.66714	   0.01727	[mu,kappa]: [(40.88994,87.51115),278.00000]
	3052.28334	   0.00961	[mu,kappa]: [(37.67704,88.81963),278.00000]
	5460.93874	   0.01720	[mu,kappa]: [(40.89735,87.50805),278.00000]
	6859.74306	   0.02160	[mu,kappa]: [(49.06060,82.74737),278.00000]
	6564.46025	   0.02067	[mu,kappa]: [(38.94574,88.31152),278.00000]
	6171.58765	   0.01943	[mu,kappa]: [(37.89032,88.73638),278.00000]
	5729.10662	   0.01804	[mu,kappa]: [(39.16294,88.22329),278.00000]
	5274.44137	   0.01661	[mu,kappa]: [(43.20234,86.52506),278.00000]
	14031.09550	   0.04418	[mu,kappa]: [(47.44789,84.46902),278.00000]
	6231.18417	   0.01962	[mu,kappa]: [(40.52799,87.66204),278.00000]
	5725.50947	   0.01803	[mu,kappa]: [(39.95684,87.89834),278.00000]
	5175.60722	   0.01630	[mu,kappa]: [(44.39526,85.99706),278.00000]
	6703.16993	   0.02111	[mu,kappa]: [(42.44245,86.85358),278.00000]
	9145.78606	   0.02880	[mu,kappa]: [(36.98456,89.09629),278.00000]
	13291.74625	   0.04185	[mu,kappa]: [(28.77371,90.99492),241.51560]
	6615.07814	   0.02083	[mu,kappa]: [(39.19752,88.20922),278.00000]
	4845.86014	   0.01526	[mu,kappa]: [(41.58396,87.21927),278.00000]
	6805.63579	   0.02143	[mu,kappa]: [(39.61320,88.03949),278.00000]
	3367.98699	   0.01061	[mu,kappa]: [(41.92789,87.07225),278.00000]
	9187.01036	   0.02893	[mu,kappa]: [(56.41665,77.63405),103.36483]
	6540.67312	   0.02060	[mu,kappa]: [(39.97113,87.89246),278.00000]
	6863.41769	   0.02161	[mu,kappa]: [(40.76821,87.56199),278.00000]
	6172.68413	   0.01944	[mu,kappa]: [(40.03654,87.86549),278.00000]
	6612.90120	   0.02082	[mu,kappa]: [(40.40464,87.71326),278.00000]
	7000.69749	   0.02205	[mu,kappa]: [(39.84747,87.94334),278.00000]
	6100.89389	   0.01921	[mu,kappa]: [(41.33022,87.32640),278.00000]
	6449.78008	   0.02031	[mu,kappa]: [(39.40841,88.12324),278.00000]
	6902.06036	   0.02173	[mu,kappa]: [(38.92879,88.31839),278.00000]
	6389.42098	   0.02012	[mu,kappa]: [(40.38620,87.72091),278.00000]
	 601.68566	   0.00190	[mu,kappa]: [(32.30059,83.40053),76.20594]
	6792.93326	   0.02139	[mu,kappa]: [(41.70975,87.16605),278.00000]
	6940.16485	   0.02185	[mu,kappa]: [(41.76729,87.14165),278.00000]
	6396.66664	   0.02014	[mu,kappa]: [(40.15152,87.81804),278.00000]
	6090.19886	   0.01918	[mu,kappa]: [(39.11463,88.24294),278.00000]
	7261.97864	   0.02287	[mu,kappa]: [(38.48180,88.49904),278.00000]
	5079.38979	   0.01600	[mu,kappa]: [(43.12617,86.55813),278.00000]
	6629.25292	   0.02088	[mu,kappa]: [(41.08056,87.43133),278.00000]
	5945.61322	   0.01872	[mu,kappa]: [(40.55634,87.65025),278.00000]
	7339.00157	   0.02311	[mu,kappa]: [(38.76789,88.38355),278.00000]
			msglen: 5218716.45795 bits.
Iteration #: 21
	4753.53089	   0.01497	[mu,kappa]: [(45.54251,85.46068),278.00000]
	6815.18231	   0.02146	[mu,kappa]: [(39.15615,88.22513),278.00000]
	6883.69045	   0.02168	[mu,kappa]: [(39.39367,88.12861),278.00000]
	6702.21688	   0.02111	[mu,kappa]: [(40.94939,87.48693),278.00000]
	2932.73490	   0.00924	[mu,kappa]: [(20.04853,69.21790),5.93988]
	6852.29685	   0.02158	[mu,kappa]: [(41.97400,87.05486),278.00000]
	5479.00806	   0.01725	[mu,kappa]: [(39.97349,87.89141),278.00000]
	5582.82567	   0.01758	[mu,kappa]: [(42.60948,86.78290),278.00000]
	5597.30386	   0.01763	[mu,kappa]: [(34.00992,90.22094),278.00000]
	6466.48175	   0.02036	[mu,kappa]: [(37.21466,89.00149),278.00000]
	5831.96599	   0.01837	[mu,kappa]: [(40.24711,87.77868),278.00000]
	5481.28153	   0.01726	[mu,kappa]: [(40.90205,87.50670),278.00000]
	3070.33145	   0.00967	[mu,kappa]: [(37.61564,88.84193),278.00000]
	5458.60934	   0.01719	[mu,kappa]: [(40.90956,87.50356),278.00000]
	6951.29525	   0.02189	[mu,kappa]: [(49.10930,82.67735),278.00000]
	6568.78832	   0.02069	[mu,kappa]: [(38.91680,88.32203),278.00000]
	6200.63232	   0.01953	[mu,kappa]: [(37.83384,88.75619),278.00000]
	5730.04136	   0.01804	[mu,kappa]: [(39.13964,88.23182),278.00000]
	5295.60065	   0.01668	[mu,kappa]: [(43.22594,86.51589),278.00000]
	14148.39218	   0.04455	[mu,kappa]: [(47.44868,84.45568),278.00000]
	6226.50275	   0.01961	[mu,kappa]: [(40.53448,87.65972),278.00000]
	5720.89954	   0.01802	[mu,kappa]: [(39.95235,87.90010),278.00000]
	5208.19442	   0.01640	[mu,kappa]: [(44.41241,85.99028),278.00000]
	6718.70155	   0.02116	[mu,kappa]: [(42.46655,86.84435),278.00000]
	9237.74904	   0.02909	[mu,kappa]: [(36.90966,89.12159),278.00000]
	12915.81221	   0.04067	[mu,kappa]: [(28.66849,91.01249),240.84285]
	6615.61227	   0.02083	[mu,kappa]: [(39.17510,88.21744),278.00000]
	4848.75948	   0.01527	[mu,kappa]: [(41.60381,87.21183),278.00000]
	6801.80190	   0.02142	[mu,kappa]: [(39.60099,88.04405),278.00000]
	3372.37031	   0.01062	[mu,kappa]: [(41.95022,87.06435),278.00000]
	8978.17201	   0.02827	[mu,kappa]: [(56.57969,77.55339),103.27811]
	6535.29922	   0.02058	[mu,kappa]: [(39.96694,87.89410),278.00000]
	6859.46198	   0.02160	[mu,kappa]: [(40.77855,87.55822),278.00000]
	6167.51335	   0.01942	[mu,kappa]: [(40.03373,87.86664),278.00000]
	6607.50641	   0.02081	[mu,kappa]: [(40.40896,87.71175),278.00000]
	6995.34006	   0.02203	[mu,kappa]: [(39.84061,87.94597),278.00000]
	6101.79807	   0.01921	[mu,kappa]: [(41.34771,87.31987),278.00000]
	6447.90704	   0.02030	[mu,kappa]: [(39.39128,88.12958),278.00000]
	6906.89039	   0.02175	[mu,kappa]: [(38.89941,88.32906),278.00000]
	6384.18151	   0.02010	[mu,kappa]: [(40.39019,87.71952),278.00000]
	 581.79213	   0.00183	[mu,kappa]: [(30.31249,82.69273),68.79509]
	6798.36929	   0.02141	[mu,kappa]: [(41.73057,87.15821),278.00000]
	6946.46816	   0.02187	[mu,kappa]: [(41.78852,87.13364),278.00000]
	6391.18097	   0.02013	[mu,kappa]: [(40.15104,87.81832),278.00000]
	6091.79072	   0.01918	[mu,kappa]: [(39.09009,88.25191),278.00000]
	7277.27740	   0.02292	[mu,kappa]: [(38.44055,88.51380),278.00000]
	5098.94610	   0.01606	[mu,kappa]: [(43.14999,86.54892),278.00000]
	6627.78883	   0.02087	[mu,kappa]: [(41.09519,87.42591),278.00000]
	5941.27093	   0.01871	[mu,kappa]: [(40.56330,87.64775),278.00000]
	7347.43194	   0.02314	[mu,kappa]: [(38.73425,88.39570),278.00000]
			msglen: 5218513.51262 bits.
			N: 317555
		16.43342 bpr
Null model msglen: 7488920.11043 bits.	(23.58306 bpr)
