Iteration #: 0
	5339.00000	   0.01681	[mu,kappa]: [(40.47665,87.11477),117.95811]
	5278.00000	   0.01662	[mu,kappa]: [(40.40026,87.17859),121.33514]
	5311.00000	   0.01672	[mu,kappa]: [(40.25353,87.18052),106.77675]
	5314.00000	   0.01673	[mu,kappa]: [(40.42088,87.06394),119.68806]
	5282.00000	   0.01663	[mu,kappa]: [(40.25513,87.10545),112.70098]
	5312.00000	   0.01673	[mu,kappa]: [(40.54198,87.06275),119.85915]
	5208.00000	   0.01640	[mu,kappa]: [(40.51254,87.19008),134.10723]
	5237.00000	   0.01649	[mu,kappa]: [(40.52921,87.04575),119.07936]
	5326.00000	   0.01677	[mu,kappa]: [(40.29106,87.20870),107.72364]
	5214.00000	   0.01642	[mu,kappa]: [(40.46724,87.12675),125.52934]
	5339.00000	   0.01681	[mu,kappa]: [(40.51696,87.05274),108.91058]
	5324.00000	   0.01677	[mu,kappa]: [(40.45146,87.11117),108.22564]
	5270.00000	   0.01660	[mu,kappa]: [(40.47581,87.07347),127.31935]
	5322.00000	   0.01676	[mu,kappa]: [(40.63240,87.11256),120.04773]
	5211.00000	   0.01641	[mu,kappa]: [(40.57463,87.06594),116.14099]
	5401.00000	   0.01701	[mu,kappa]: [(40.51662,87.08508),112.09004]
	5433.00000	   0.01711	[mu,kappa]: [(40.40652,87.13700),109.59420]
	5297.00000	   0.01668	[mu,kappa]: [(40.52897,87.05432),114.88568]
	5402.00000	   0.01701	[mu,kappa]: [(40.51802,87.07093),122.58511]
	5417.00000	   0.01706	[mu,kappa]: [(40.43381,87.22004),122.73009]
	5294.00000	   0.01667	[mu,kappa]: [(40.52232,87.12945),116.58929]
	5273.00000	   0.01661	[mu,kappa]: [(40.37001,87.13899),117.58004]
	5410.00000	   0.01704	[mu,kappa]: [(40.41738,87.11650),116.06230]
	5243.00000	   0.01651	[mu,kappa]: [(40.48351,87.16030),118.55123]
	5224.00000	   0.01645	[mu,kappa]: [(40.63057,87.04328),111.72039]
	5292.00000	   0.01666	[mu,kappa]: [(40.31736,87.21962),117.52185]
	5301.00000	   0.01669	[mu,kappa]: [(40.53135,87.08737),124.41708]
	5220.00000	   0.01644	[mu,kappa]: [(40.31901,87.14013),117.47131]
	5299.00000	   0.01669	[mu,kappa]: [(40.51194,87.17181),111.79548]
	5214.00000	   0.01642	[mu,kappa]: [(40.52489,87.14713),121.87825]
	5285.00000	   0.01664	[mu,kappa]: [(40.50971,87.14899),120.97952]
	5221.00000	   0.01644	[mu,kappa]: [(40.59734,86.97324),116.79152]
	5253.00000	   0.01654	[mu,kappa]: [(40.41040,87.21075),125.12070]
	5224.00000	   0.01645	[mu,kappa]: [(40.36708,87.12812),120.38390]
	5187.00000	   0.01633	[mu,kappa]: [(40.55244,87.14674),131.17229]
	5257.00000	   0.01655	[mu,kappa]: [(40.44125,87.08121),110.80434]
	5222.00000	   0.01644	[mu,kappa]: [(40.51654,87.17197),122.69709]
	5289.00000	   0.01666	[mu,kappa]: [(40.44406,87.14417),107.89154]
	5329.00000	   0.01678	[mu,kappa]: [(40.58872,87.03830),116.75652]
	5220.00000	   0.01644	[mu,kappa]: [(40.63476,87.06417),127.54383]
	5281.00000	   0.01663	[mu,kappa]: [(40.38792,87.20088),113.12807]
	5347.00000	   0.01684	[mu,kappa]: [(40.65800,87.13872),125.41795]
	5226.00000	   0.01646	[mu,kappa]: [(40.56147,87.19369),112.14723]
	5244.00000	   0.01651	[mu,kappa]: [(40.38491,87.16564),121.00414]
	5357.00000	   0.01687	[mu,kappa]: [(40.44016,87.17842),118.46999]
	5208.00000	   0.01640	[mu,kappa]: [(40.48029,87.09014),115.56126]
	5401.00000	   0.01701	[mu,kappa]: [(40.31594,87.12283),119.01168]
	5241.00000	   0.01650	[mu,kappa]: [(40.48311,87.00697),112.74789]
	5240.00000	   0.01650	[mu,kappa]: [(40.53590,87.10211),117.12723]
	5329.00000	   0.01678	[mu,kappa]: [(40.46879,87.03501),112.37965]
	5340.00000	   0.01682	[mu,kappa]: [(40.50297,87.02292),109.02960]
	5239.00000	   0.01650	[mu,kappa]: [(40.48778,87.09192),108.15308]
	5289.00000	   0.01666	[mu,kappa]: [(40.57050,87.04214),116.37084]
	5384.00000	   0.01695	[mu,kappa]: [(40.47712,87.07823),113.76978]
	5266.00000	   0.01658	[mu,kappa]: [(40.60388,87.02691),116.40955]
	5276.00000	   0.01661	[mu,kappa]: [(40.33715,87.16548),125.31053]
	5371.00000	   0.01691	[mu,kappa]: [(40.70180,87.19435),110.22751]
	5284.00000	   0.01664	[mu,kappa]: [(40.65230,87.03008),108.65926]
	5319.00000	   0.01675	[mu,kappa]: [(40.50529,86.98609),108.55264]
	5419.00000	   0.01706	[mu,kappa]: [(40.56319,87.18436),120.15432]
			msglen: 0.00000 bits.
Iteration #: 1
	5320.55470	   0.01675	[mu,kappa]: [(40.50956,87.20293),148.43894]
	5295.34110	   0.01668	[mu,kappa]: [(40.40615,87.32114),164.75487]
	5410.51729	   0.01704	[mu,kappa]: [(39.69511,86.41528),28.83685]
	5311.83544	   0.01673	[mu,kappa]: [(40.44913,87.24319),156.50777]
	5233.32461	   0.01648	[mu,kappa]: [(40.16661,87.12969),114.60344]
	5312.48088	   0.01673	[mu,kappa]: [(40.58829,87.20006),156.97023]
	5394.99157	   0.01699	[mu,kappa]: [(40.49224,87.43719),209.38524]
	5229.32355	   0.01647	[mu,kappa]: [(40.57973,87.18247),153.25830]
	5340.59973	   0.01682	[mu,kappa]: [(39.88916,86.77791),53.14588]
	5281.60390	   0.01663	[mu,kappa]: [(40.47647,87.34191),180.85770]
	5311.83322	   0.01673	[mu,kappa]: [(40.50464,86.76906),77.71196]
	5313.72400	   0.01673	[mu,kappa]: [(40.33349,86.74926),64.84070]
	5360.87635	   0.01688	[mu,kappa]: [(40.48776,87.34316),186.86750]
	5325.74974	   0.01677	[mu,kappa]: [(40.68271,87.18679),157.77464]
	5178.88685	   0.01631	[mu,kappa]: [(40.64478,87.09780),138.23594]
	5349.77260	   0.01685	[mu,kappa]: [(40.55679,86.98369),111.98275]
	5394.22444	   0.01699	[mu,kappa]: [(40.29340,86.91363),87.32877]
	5255.64464	   0.01655	[mu,kappa]: [(40.59078,87.07427),130.90502]
	5433.62542	   0.01711	[mu,kappa]: [(40.54836,87.26175),168.86224]
	5452.25955	   0.01717	[mu,kappa]: [(40.43447,87.34590),170.82282]
	5264.36516	   0.01658	[mu,kappa]: [(40.56606,87.15582),141.31568]
	5251.16552	   0.01654	[mu,kappa]: [(40.37649,87.24438),146.66001]
	5374.93586	   0.01693	[mu,kappa]: [(40.43547,87.17930),138.24554]
	5230.78413	   0.01647	[mu,kappa]: [(40.50904,87.23012),151.72669]
	5176.53548	   0.01630	[mu,kappa]: [(40.73995,86.89516),109.02683]
	5270.18596	   0.01660	[mu,kappa]: [(40.29936,87.29203),146.82254]
	5354.90295	   0.01686	[mu,kappa]: [(40.55288,87.29090),176.13775]
	5197.44754	   0.01637	[mu,kappa]: [(40.31363,87.26177),145.97065]
	5247.95593	   0.01653	[mu,kappa]: [(40.52939,87.00711),110.31901]
	5237.35294	   0.01649	[mu,kappa]: [(40.54710,87.27410),166.48980]
	5298.31011	   0.01668	[mu,kappa]: [(40.53342,87.26454),162.73575]
	5193.49662	   0.01635	[mu,kappa]: [(40.68651,87.07167),140.93762]
	5317.16358	   0.01674	[mu,kappa]: [(40.40655,87.38440),180.10609]
	5229.91916	   0.01647	[mu,kappa]: [(40.37715,87.29895),160.21626]
	5330.51499	   0.01679	[mu,kappa]: [(40.54305,87.38410),199.85831]
	5209.96226	   0.01641	[mu,kappa]: [(40.41232,86.95120),100.40633]
	5255.23246	   0.01655	[mu,kappa]: [(40.53110,87.29932),170.07509]
	5290.59205	   0.01666	[mu,kappa]: [(40.30272,86.71630),57.37847]
	5300.92071	   0.01669	[mu,kappa]: [(40.66438,87.09883),141.32013]
	5313.21864	   0.01673	[mu,kappa]: [(40.64941,87.28904),186.74019]
	5231.53137	   0.01647	[mu,kappa]: [(40.35700,87.12885),119.91139]
	5415.51152	   0.01705	[mu,kappa]: [(40.67324,87.27832),179.54239]
	5175.64177	   0.01630	[mu,kappa]: [(40.60440,87.00957),113.48215]
	5257.30709	   0.01656	[mu,kappa]: [(40.39131,87.31653),163.23921]
	5343.64361	   0.01683	[mu,kappa]: [(40.45498,87.25155),151.52071]
	5171.05761	   0.01628	[mu,kappa]: [(40.52025,87.12946),135.21342]
	5392.25913	   0.01698	[mu,kappa]: [(40.31760,87.28978),153.69965]
	5191.83341	   0.01635	[mu,kappa]: [(40.52741,86.99650),116.16609]
	5215.04974	   0.01642	[mu,kappa]: [(40.58605,87.15428),143.94922]
	5278.50352	   0.01662	[mu,kappa]: [(40.49660,86.99817),113.56449]
	5311.20111	   0.01673	[mu,kappa]: [(40.48487,86.77344),79.34352]
	5231.25373	   0.01647	[mu,kappa]: [(40.42116,86.71301),63.15436]
	5257.95252	   0.01656	[mu,kappa]: [(40.64274,87.09715),139.32032]
	5336.11428	   0.01680	[mu,kappa]: [(40.51297,87.06734),123.89034]
	5235.79250	   0.01649	[mu,kappa]: [(40.68748,87.07839),139.30222]
	5342.17693	   0.01682	[mu,kappa]: [(40.33642,87.39614),180.63865]
	5326.29784	   0.01677	[mu,kappa]: [(40.82744,86.83881),96.66908]
	5264.47288	   0.01658	[mu,kappa]: [(40.79401,86.66395),72.96604]
	5301.43336	   0.01669	[mu,kappa]: [(40.48747,86.70658),70.73049]
	5423.83442	   0.01708	[mu,kappa]: [(40.59157,87.24137),159.16235]
			msglen: 5344054.71894 bits.
Iteration #: 2
	5411.10025	   0.01704	[mu,kappa]: [(40.44982,87.50312),232.06947]
	5601.17369	   0.01764	[mu,kappa]: [(40.34023,87.62556),263.04717]
	7571.86662	   0.02384	[mu,kappa]: [(39.26753,78.88179),8.61550]
	5509.41568	   0.01735	[mu,kappa]: [(40.38770,87.56281),247.48811]
	4879.23097	   0.01537	[mu,kappa]: [(40.13731,87.38309),165.54543]
	5512.17086	   0.01736	[mu,kappa]: [(40.52071,87.51099),247.80854]
	6253.26847	   0.01969	[mu,kappa]: [(40.41404,87.72726),278.00000]
	5378.35334	   0.01694	[mu,kappa]: [(40.51598,87.49444),240.84645]
	4598.24034	   0.01448	[mu,kappa]: [(40.42891,85.30615),44.24625]
	5785.36362	   0.01822	[mu,kappa]: [(40.40374,87.65196),278.00000]
	4541.09814	   0.01430	[mu,kappa]: [(40.81594,86.43065),88.01551]
	4495.04389	   0.01416	[mu,kappa]: [(40.84414,85.92235),63.83663]
	5945.25834	   0.01872	[mu,kappa]: [(40.41466,87.66100),278.00000]
	5534.04844	   0.01743	[mu,kappa]: [(40.60887,87.48283),248.94772]
	5131.62285	   0.01616	[mu,kappa]: [(40.59740,87.38068),211.63633]
	4950.29192	   0.01559	[mu,kappa]: [(40.57337,87.17222),158.82163]
	4689.90130	   0.01477	[mu,kappa]: [(40.40134,86.86033),108.16951]
	5111.57621	   0.01610	[mu,kappa]: [(40.55650,87.34723),197.31957]
	5795.29636	   0.01825	[mu,kappa]: [(40.47577,87.57805),269.87037]
	5846.10349	   0.01841	[mu,kappa]: [(40.36408,87.64207),274.03702]
	5259.02323	   0.01656	[mu,kappa]: [(40.51228,87.43958),218.10121]
	5320.53333	   0.01675	[mu,kappa]: [(40.32052,87.54821),229.15369]
	5330.47729	   0.01679	[mu,kappa]: [(40.38632,87.47154),212.57863]
	5362.92163	   0.01689	[mu,kappa]: [(40.44527,87.52508),238.39296]
	4753.16535	   0.01497	[mu,kappa]: [(40.79406,87.04089),151.83251]
	5344.39352	   0.01683	[mu,kappa]: [(40.24255,87.58692),229.79018]
	5803.45597	   0.01828	[mu,kappa]: [(40.47681,87.60447),278.00000]
	5258.53909	   0.01656	[mu,kappa]: [(40.25939,87.56932),228.01276]
	4835.05030	   0.01523	[mu,kappa]: [(40.54586,87.17202),155.56459]
	5557.06814	   0.01750	[mu,kappa]: [(40.47336,87.57638),265.67036]
	5574.25299	   0.01755	[mu,kappa]: [(40.46220,87.56622),258.85172]
	5179.67799	   0.01631	[mu,kappa]: [(40.63783,87.37294),216.60115]
	5818.45116	   0.01832	[mu,kappa]: [(40.33690,87.68308),278.00000]
	5474.59459	   0.01724	[mu,kappa]: [(40.31559,87.61298),254.70959]
	6065.36436	   0.01910	[mu,kappa]: [(40.46159,87.68297),278.00000]
	4676.45383	   0.01473	[mu,kappa]: [(40.46230,87.06862),135.11796]
	5621.84516	   0.01770	[mu,kappa]: [(40.45611,87.59871),272.27380]
	4517.80192	   0.01423	[mu,kappa]: [(41.06038,85.39928),50.90579]
	5292.83951	   0.01667	[mu,kappa]: [(40.61297,87.39079),217.54575]
	5884.16623	   0.01853	[mu,kappa]: [(40.56339,87.60083),278.00000]
	4946.28101	   0.01558	[mu,kappa]: [(40.32901,87.36355),176.07241]
	5907.92572	   0.01860	[mu,kappa]: [(40.58571,87.57635),278.00000]
	4808.56273	   0.01514	[mu,kappa]: [(40.61521,87.17993),161.86853]
	5541.94461	   0.01745	[mu,kappa]: [(40.32702,87.62380),260.29484]
	5477.45461	   0.01725	[mu,kappa]: [(40.39257,87.54687),238.22705]
	5086.92321	   0.01602	[mu,kappa]: [(40.47614,87.41318),206.24039]
	5559.51850	   0.01751	[mu,kappa]: [(40.26081,87.60579),242.70009]
	4857.59754	   0.01530	[mu,kappa]: [(40.52938,87.22864),167.51569]
	5243.52276	   0.01651	[mu,kappa]: [(40.52971,87.44536),223.09606]
	4904.87244	   0.01545	[mu,kappa]: [(40.50329,87.21484),162.28195]
	4551.47857	   0.01433	[mu,kappa]: [(40.76288,86.49788),91.28865]
	4434.62576	   0.01397	[mu,kappa]: [(41.04940,85.75094),60.69600]
	5224.10854	   0.01645	[mu,kappa]: [(40.59442,87.38671),213.74318]
	5096.49124	   0.01605	[mu,kappa]: [(40.48998,87.32199),183.50818]
	5200.87738	   0.01638	[mu,kappa]: [(40.63967,87.36664),213.47319]
	5854.35537	   0.01844	[mu,kappa]: [(40.27337,87.70605),278.00000]
	4742.18357	   0.01493	[mu,kappa]: [(40.98208,86.79863),125.87185]
	4490.11337	   0.01414	[mu,kappa]: [(41.34977,86.04845),78.10054]
	4497.90568	   0.01416	[mu,kappa]: [(40.94247,86.13026),74.43872]
	5657.75699	   0.01782	[mu,kappa]: [(40.51848,87.53145),252.05392]
			msglen: 5281190.59876 bits.
Iteration #: 3
	5411.42381	   0.01704	[mu,kappa]: [(40.36308,87.66143),278.00000]
	5743.34401	   0.01809	[mu,kappa]: [(40.23809,87.79530),278.00000]
	8232.42373	   0.02592	[mu,kappa]: [(39.53564,78.09343),8.51867]
	5579.18177	   0.01757	[mu,kappa]: [(40.29145,87.73227),278.00000]
	4657.39843	   0.01467	[mu,kappa]: [(39.90904,87.55492),185.20081]
	5577.25879	   0.01756	[mu,kappa]: [(40.45261,87.66621),278.00000]
	6482.97043	   0.02041	[mu,kappa]: [(40.31668,87.83604),278.00000]
	5412.76357	   0.01705	[mu,kappa]: [(40.44643,87.64975),278.00000]
	4853.05487	   0.01528	[mu,kappa]: [(41.08830,84.27058),37.87221]
	5996.31888	   0.01888	[mu,kappa]: [(40.31444,87.80395),278.00000]
	4304.27548	   0.01355	[mu,kappa]: [(41.09065,86.04656),80.89660]
	4453.39369	   0.01402	[mu,kappa]: [(41.42350,85.14887),55.28434]
	6161.81395	   0.01940	[mu,kappa]: [(40.32558,87.80490),278.00000]
	5601.28235	   0.01764	[mu,kappa]: [(40.55877,87.62659),278.00000]
	5046.14571	   0.01589	[mu,kappa]: [(40.54753,87.51494),252.22908]
	4689.11018	   0.01477	[mu,kappa]: [(40.52398,87.25088),174.94088]
	4384.78960	   0.01381	[mu,kappa]: [(40.28540,86.79428),105.58437]
	4972.65877	   0.01566	[mu,kappa]: [(40.49570,87.47862),231.20950]
	5965.33110	   0.01878	[mu,kappa]: [(40.40133,87.73913),278.00000]
	6043.12601	   0.01903	[mu,kappa]: [(40.26914,87.80732),278.00000]
	5199.97870	   0.01638	[mu,kappa]: [(40.43878,87.58547),261.92607]
	5315.03471	   0.01674	[mu,kappa]: [(40.20160,87.72032),278.00000]
	5253.00478	   0.01654	[mu,kappa]: [(40.27783,87.63244),253.98860]
	5390.06743	   0.01697	[mu,kappa]: [(40.35832,87.68315),278.00000]
	4484.58887	   0.01412	[mu,kappa]: [(40.84839,87.05906),164.68296]
	5346.27601	   0.01684	[mu,kappa]: [(40.10427,87.76498),278.00000]
	6010.47095	   0.01893	[mu,kappa]: [(40.40232,87.75979),278.00000]
	5251.87910	   0.01654	[mu,kappa]: [(40.12500,87.74853),276.89411]
	4571.79240	   0.01440	[mu,kappa]: [(40.48426,87.24607),170.30943]
	5702.32870	   0.01796	[mu,kappa]: [(40.39711,87.73437),278.00000]
	5690.89267	   0.01792	[mu,kappa]: [(40.38275,87.72497),278.00000]
	5111.94767	   0.01610	[mu,kappa]: [(40.59932,87.50833),259.42270]
	6034.87887	   0.01900	[mu,kappa]: [(40.23558,87.83852),278.00000]
	5579.13088	   0.01757	[mu,kappa]: [(40.20623,87.78750),278.00000]
	6284.74261	   0.01979	[mu,kappa]: [(40.37550,87.80112),278.00000]
	4381.43715	   0.01380	[mu,kappa]: [(40.36647,87.11192),141.49667]
	5798.49409	   0.01826	[mu,kappa]: [(40.37749,87.75738),278.00000]
	4684.76914	   0.01475	[mu,kappa]: [(42.15656,84.25365),43.68041]
	5228.10052	   0.01646	[mu,kappa]: [(40.56701,87.52718),260.88762]
	6090.86325	   0.01918	[mu,kappa]: [(40.49989,87.73209),278.00000]
	4745.32434	   0.01494	[mu,kappa]: [(40.18372,87.50745),200.34036]
	6114.03789	   0.01925	[mu,kappa]: [(40.52799,87.71388),278.00000]
	4562.77036	   0.01437	[mu,kappa]: [(40.58090,87.25159),179.31290]
	5671.43780	   0.01786	[mu,kappa]: [(40.22155,87.79548),278.00000]
	5507.00815	   0.01734	[mu,kappa]: [(40.29349,87.71014),278.00000]
	4984.91582	   0.01570	[mu,kappa]: [(40.39154,87.56024),244.49435]
	5616.54825	   0.01769	[mu,kappa]: [(40.13475,87.78634),278.00000]
	4626.94179	   0.01457	[mu,kappa]: [(40.46111,87.33413),187.55187]
	5204.24907	   0.01639	[mu,kappa]: [(40.46141,87.59202),269.23206]
	4657.05344	   0.01467	[mu,kappa]: [(40.42435,87.31574),180.00413]
	4298.22580	   0.01354	[mu,kappa]: [(40.97392,86.17183),84.69184]
	4447.15012	   0.01400	[mu,kappa]: [(41.89063,84.82742),52.42465]
	5145.49198	   0.01620	[mu,kappa]: [(40.54382,87.52349),255.32911]
	4909.34249	   0.01546	[mu,kappa]: [(40.40653,87.45104),211.00013]
	5120.51477	   0.01612	[mu,kappa]: [(40.60160,87.49785),254.83867]
	6076.37445	   0.01913	[mu,kappa]: [(40.16144,87.86826),278.00000]
	4437.96183	   0.01398	[mu,kappa]: [(41.18721,86.66294),128.54315]
	4351.36961	   0.01370	[mu,kappa]: [(42.17593,85.32304),70.21957]
	4355.86884	   0.01372	[mu,kappa]: [(41.45931,85.51098),65.99294]
	5743.66958	   0.01809	[mu,kappa]: [(40.44903,87.68232),278.00000]
			msglen: 5273561.02385 bits.
Iteration #: 4
	5459.02492	   0.01719	[mu,kappa]: [(40.31376,87.75069),278.00000]
	5800.29668	   0.01827	[mu,kappa]: [(40.14385,87.85732),278.00000]
	7943.67345	   0.02501	[mu,kappa]: [(37.92503,78.70621),8.57375]
	5631.51549	   0.01773	[mu,kappa]: [(40.21720,87.80895),278.00000]
	4519.83223	   0.01423	[mu,kappa]: [(39.59993,87.71345),197.79226]
	5624.66823	   0.01771	[mu,kappa]: [(40.42175,87.72389),278.00000]
	6543.71156	   0.02061	[mu,kappa]: [(40.23380,87.85175),278.00000]
	5458.67574	   0.01719	[mu,kappa]: [(40.41649,87.71777),278.00000]
	5160.54867	   0.01625	[mu,kappa]: [(41.56894,83.84953),35.51759]
	6052.46465	   0.01906	[mu,kappa]: [(40.23543,87.83671),278.00000]
	4240.25968	   0.01335	[mu,kappa]: [(41.36743,85.72137),74.39377]
	4581.55731	   0.01443	[mu,kappa]: [(42.03661,84.61107),50.49444]
	6219.04625	   0.01958	[mu,kappa]: [(40.24883,87.83356),278.00000]
	5647.63533	   0.01778	[mu,kappa]: [(40.55578,87.66977),278.00000]
	5018.97785	   0.01581	[mu,kappa]: [(40.54916,87.58248),278.00000]
	4506.52230	   0.01419	[mu,kappa]: [(40.49365,87.28357),184.59084]
	4231.84481	   0.01333	[mu,kappa]: [(39.97039,86.80098),99.79517]
	4893.65233	   0.01541	[mu,kappa]: [(40.47780,87.54732),260.62973]
	6017.81996	   0.01895	[mu,kappa]: [(40.34965,87.77656),278.00000]
	6101.69700	   0.01921	[mu,kappa]: [(40.17996,87.85311),278.00000]
	5199.48234	   0.01637	[mu,kappa]: [(40.40853,87.66821),278.00000]
	5368.08747	   0.01690	[mu,kappa]: [(40.10956,87.83236),278.00000]
	5235.44338	   0.01649	[mu,kappa]: [(40.19650,87.73516),278.00000]
	5437.94779	   0.01712	[mu,kappa]: [(40.30506,87.76296),278.00000]
	4301.27087	   0.01355	[mu,kappa]: [(40.97704,87.01378),171.74045]
	5405.31377	   0.01702	[mu,kappa]: [(39.98507,87.88606),278.00000]
	6063.46833	   0.01909	[mu,kappa]: [(40.34805,87.78641),278.00000]
	5305.38422	   0.01671	[mu,kappa]: [(40.01155,87.87010),278.00000]
	4388.33264	   0.01382	[mu,kappa]: [(40.43000,87.28184),178.48102]
	5752.59365	   0.01812	[mu,kappa]: [(40.34518,87.77558),278.00000]
	5741.33779	   0.01808	[mu,kappa]: [(40.32903,87.77563),278.00000]
	5103.45032	   0.01607	[mu,kappa]: [(40.61685,87.57250),278.00000]
	6095.29862	   0.01919	[mu,kappa]: [(40.13498,87.87935),278.00000]
	5635.83542	   0.01775	[mu,kappa]: [(40.10617,87.86387),278.00000]
	6341.18605	   0.01997	[mu,kappa]: [(40.30990,87.81547),278.00000]
	4189.06788	   0.01319	[mu,kappa]: [(40.20585,87.14830),141.75287]
	5850.32051	   0.01842	[mu,kappa]: [(40.31826,87.79330),278.00000]
	4990.23418	   0.01571	[mu,kappa]: [(43.50127,83.47684),41.24777]
	5223.41373	   0.01645	[mu,kappa]: [(40.57469,87.59485),278.00000]
	6142.32764	   0.01934	[mu,kappa]: [(40.47005,87.74106),278.00000]
	4613.15401	   0.01453	[mu,kappa]: [(40.02355,87.61569),218.19585]
	6165.28532	   0.01941	[mu,kappa]: [(40.50656,87.72295),278.00000]
	4390.94946	   0.01383	[mu,kappa]: [(40.58003,87.27494),190.43525]
	5728.45407	   0.01804	[mu,kappa]: [(40.12373,87.86280),278.00000]
	5558.24673	   0.01750	[mu,kappa]: [(40.22266,87.79738),278.00000]
	4940.48019	   0.01556	[mu,kappa]: [(40.34230,87.64673),278.00000]
	5677.29991	   0.01788	[mu,kappa]: [(40.01934,87.88661),278.00000]
	4466.54759	   0.01407	[mu,kappa]: [(40.41066,87.38929),201.22157]
	5223.41484	   0.01645	[mu,kappa]: [(40.43892,87.67351),278.00000]
	4484.37841	   0.01412	[mu,kappa]: [(40.35050,87.37283),191.14987]
	4213.00331	   0.01327	[mu,kappa]: [(41.15623,85.90028),78.08358]
	4633.27512	   0.01459	[mu,kappa]: [(42.93223,84.12952),48.55789]
	5126.04516	   0.01614	[mu,kappa]: [(40.54453,87.59269),278.00000]
	4786.51755	   0.01507	[mu,kappa]: [(40.34766,87.52623),232.84936]
	5099.81049	   0.01606	[mu,kappa]: [(40.61987,87.55961),278.00000]
	6141.74715	   0.01934	[mu,kappa]: [(40.04083,87.91807),278.00000]
	4259.04593	   0.01341	[mu,kappa]: [(41.52325,86.46462),127.43999]
	4432.77538	   0.01396	[mu,kappa]: [(43.35870,84.60357),66.12767]
	4398.63349	   0.01385	[mu,kappa]: [(42.06588,85.00166),60.39150]
	5792.71484	   0.01824	[mu,kappa]: [(40.41522,87.73302),278.00000]
			msglen: 5270920.91792 bits.
Iteration #: 5
	5491.39864	   0.01729	[mu,kappa]: [(40.27680,87.78015),278.00000]
	5840.75604	   0.01839	[mu,kappa]: [(40.05132,87.88954),278.00000]
	7336.99053	   0.02310	[mu,kappa]: [(35.46518,79.20417),8.45240]
	5667.68191	   0.01785	[mu,kappa]: [(40.14905,87.84116),278.00000]
	4445.76714	   0.01400	[mu,kappa]: [(39.18549,87.91478),210.00547]
	5656.76192	   0.01781	[mu,kappa]: [(40.41413,87.73109),278.00000]
	6585.20273	   0.02074	[mu,kappa]: [(40.16375,87.85696),278.00000]
	5489.84478	   0.01729	[mu,kappa]: [(40.40847,87.72977),278.00000]
	5304.30964	   0.01670	[mu,kappa]: [(41.62558,83.80036),34.83079]
	6090.79275	   0.01918	[mu,kappa]: [(40.16785,87.84894),278.00000]
	4192.53754	   0.01320	[mu,kappa]: [(41.53712,85.51375),70.21889]
	4655.64894	   0.01466	[mu,kappa]: [(42.54618,84.28526),48.45113]
	6257.94263	   0.01971	[mu,kappa]: [(40.18489,87.84294),278.00000]
	5680.63585	   0.01789	[mu,kappa]: [(40.58708,87.65984),278.00000]
	5048.05452	   0.01590	[mu,kappa]: [(40.59104,87.61820),278.00000]
	4361.28402	   0.01373	[mu,kappa]: [(40.47793,87.31602),194.51460]
	4150.33984	   0.01307	[mu,kappa]: [(39.25692,86.98527),94.42886]
	4881.13960	   0.01537	[mu,kappa]: [(40.50008,87.60135),278.00000]
	6052.91812	   0.01906	[mu,kappa]: [(40.31766,87.78120),278.00000]
	6142.56230	   0.01934	[mu,kappa]: [(40.09675,87.87547),278.00000]
	5228.97848	   0.01647	[mu,kappa]: [(40.40548,87.70759),278.00000]
	5406.84766	   0.01703	[mu,kappa]: [(40.01210,87.88851),278.00000]
	5268.96596	   0.01659	[mu,kappa]: [(40.13347,87.81124),278.00000]
	5470.42065	   0.01723	[mu,kappa]: [(40.26432,87.78915),278.00000]
	4159.05540	   0.01310	[mu,kappa]: [(41.18778,86.94523),179.84653]
	5451.64784	   0.01717	[mu,kappa]: [(39.84976,87.95657),278.00000]
	6098.86124	   0.01921	[mu,kappa]: [(40.31431,87.78664),278.00000]
	5349.09598	   0.01684	[mu,kappa]: [(39.88494,87.93983),278.00000]
	4240.67230	   0.01335	[mu,kappa]: [(40.37387,87.32454),186.48671]
	5786.23686	   0.01822	[mu,kappa]: [(40.31226,87.78219),278.00000]
	5775.19048	   0.01819	[mu,kappa]: [(40.29227,87.78754),278.00000]
	5134.43858	   0.01617	[mu,kappa]: [(40.67586,87.59091),278.00000]
	6138.36054	   0.01933	[mu,kappa]: [(40.03728,87.90343),278.00000]
	5676.97150	   0.01788	[mu,kappa]: [(40.00358,87.90530),278.00000]
	6378.99944	   0.02009	[mu,kappa]: [(40.26307,87.81373),278.00000]
	4038.42620	   0.01272	[mu,kappa]: [(39.92130,87.23883),140.75658]
	5885.05047	   0.01853	[mu,kappa]: [(40.27649,87.79992),278.00000]
	5218.40541	   0.01643	[mu,kappa]: [(45.07596,82.85143),41.93380]
	5254.21870	   0.01655	[mu,kappa]: [(40.62081,87.61601),278.00000]
	6177.23083	   0.01945	[mu,kappa]: [(40.47141,87.72375),278.00000]
	4530.38203	   0.01427	[mu,kappa]: [(39.84511,87.73455),237.51200]
	6200.52379	   0.01953	[mu,kappa]: [(40.51898,87.70267),278.00000]
	4256.94062	   0.01341	[mu,kappa]: [(40.61129,87.29252),202.35385]
	5769.39087	   0.01817	[mu,kappa]: [(40.02556,87.89894),278.00000]
	5593.69957	   0.01761	[mu,kappa]: [(40.15741,87.83359),278.00000]
	4968.58391	   0.01565	[mu,kappa]: [(40.32646,87.71873),278.00000]
	5723.77504	   0.01802	[mu,kappa]: [(39.89240,87.94544),278.00000]
	4346.04680	   0.01369	[mu,kappa]: [(40.37593,87.44196),215.94222]
	5253.07946	   0.01654	[mu,kappa]: [(40.44232,87.70022),278.00000]
	4350.11974	   0.01370	[mu,kappa]: [(40.27555,87.43435),202.60248]
	4149.98400	   0.01307	[mu,kappa]: [(41.18855,85.75046),73.47829]
	4774.69394	   0.01504	[mu,kappa]: [(44.12471,83.57584),48.08205]
	5155.71331	   0.01624	[mu,kappa]: [(40.58391,87.62486),278.00000]
	4716.03563	   0.01485	[mu,kappa]: [(40.31371,87.59434),257.96460]
	5130.80578	   0.01616	[mu,kappa]: [(40.68138,87.58342),278.00000]
	6190.88343	   0.01950	[mu,kappa]: [(39.91487,87.95390),278.00000]
	4132.20758	   0.01301	[mu,kappa]: [(42.01143,86.23133),128.32989]
	4585.79993	   0.01444	[mu,kappa]: [(44.90592,83.89534),67.98667]
	4429.89796	   0.01395	[mu,kappa]: [(42.67543,84.62386),57.91562]
	5825.79270	   0.01835	[mu,kappa]: [(40.40478,87.73781),278.00000]
			msglen: 5268744.64746 bits.
Iteration #: 6
	5516.53084	   0.01737	[mu,kappa]: [(40.25235,87.79108),278.00000]
	5874.64423	   0.01850	[mu,kappa]: [(39.95532,87.92065),278.00000]
	6708.61714	   0.02113	[mu,kappa]: [(32.76637,79.58549),8.35524]
	5696.54496	   0.01794	[mu,kappa]: [(40.08438,87.86398),278.00000]
	4445.58826	   0.01400	[mu,kappa]: [(38.62577,88.17959),223.09071]
	5682.35509	   0.01789	[mu,kappa]: [(40.43009,87.72112),278.00000]
	6618.19250	   0.02084	[mu,kappa]: [(40.10059,87.86700),278.00000]
	5514.65935	   0.01737	[mu,kappa]: [(40.42325,87.72232),278.00000]
	5313.10278	   0.01673	[mu,kappa]: [(41.01153,84.04402),34.67843]
	6121.19218	   0.01928	[mu,kappa]: [(40.10682,87.86163),278.00000]
	4116.62651	   0.01296	[mu,kappa]: [(41.47474,85.44524),67.49144]
	4633.41388	   0.01459	[mu,kappa]: [(42.86403,84.11211),47.73985]
	6288.61833	   0.01980	[mu,kappa]: [(40.12895,87.85297),278.00000]
	5710.11270	   0.01798	[mu,kappa]: [(40.65442,87.62845),278.00000]
	5074.58921	   0.01598	[mu,kappa]: [(40.66512,87.60615),278.00000]
	4236.16537	   0.01334	[mu,kappa]: [(40.47876,87.35311),206.53430]
	4198.58401	   0.01322	[mu,kappa]: [(37.80413,87.47122),90.73332]
	4904.36633	   0.01544	[mu,kappa]: [(40.55478,87.62750),278.00000]
	6080.16115	   0.01915	[mu,kappa]: [(40.30313,87.77810),278.00000]
	6175.97851	   0.01945	[mu,kappa]: [(40.01419,87.89851),278.00000]
	5252.62260	   0.01654	[mu,kappa]: [(40.42261,87.71216),278.00000]
	5440.06559	   0.01713	[mu,kappa]: [(39.90625,87.93320),278.00000]
	5296.10120	   0.01668	[mu,kappa]: [(40.06899,87.85418),278.00000]
	5495.63160	   0.01731	[mu,kappa]: [(40.23554,87.79973),278.00000]
	4047.36854	   0.01275	[mu,kappa]: [(41.50212,86.85157),191.59239]
	5495.73103	   0.01731	[mu,kappa]: [(39.69276,88.02136),278.00000]
	6126.32915	   0.01929	[mu,kappa]: [(40.29821,87.78194),278.00000]
	5389.73984	   0.01697	[mu,kappa]: [(39.73936,88.00125),278.00000]
	4110.59423	   0.01294	[mu,kappa]: [(40.31067,87.38057),195.76326]
	5812.34165	   0.01830	[mu,kappa]: [(40.29627,87.78038),278.00000]
	5801.43081	   0.01827	[mu,kappa]: [(40.27062,87.78967),278.00000]
	5164.69460	   0.01626	[mu,kappa]: [(40.77372,87.56460),278.00000]
	6174.76216	   0.01944	[mu,kappa]: [(39.93580,87.93226),278.00000]
	5712.40823	   0.01799	[mu,kappa]: [(39.89325,87.94442),278.00000]
	6408.36074	   0.02018	[mu,kappa]: [(40.23059,87.81245),278.00000]
	3921.10661	   0.01235	[mu,kappa]: [(39.41505,87.41927),138.83311]
	5911.97726	   0.01862	[mu,kappa]: [(40.24923,87.80110),278.00000]
	5406.32558	   0.01702	[mu,kappa]: [(47.01608,82.18181),45.50659]
	5282.85551	   0.01664	[mu,kappa]: [(40.70223,87.59529),278.00000]
	6205.86324	   0.01954	[mu,kappa]: [(40.50223,87.69858),278.00000]
	4489.84360	   0.01414	[mu,kappa]: [(39.64638,87.87109),260.82061]
	6230.34282	   0.01962	[mu,kappa]: [(40.56415,87.67235),278.00000]
	4146.44131	   0.01306	[mu,kappa]: [(40.68161,87.30718),217.34336]
	5804.19520	   0.01828	[mu,kappa]: [(39.92171,87.93392),278.00000]
	5621.90734	   0.01770	[mu,kappa]: [(40.09588,87.85742),278.00000]
	4990.88133	   0.01572	[mu,kappa]: [(40.32273,87.74384),278.00000]
	5766.77015	   0.01816	[mu,kappa]: [(39.74798,88.00156),278.00000]
	4252.47139	   0.01339	[mu,kappa]: [(40.36010,87.49794),234.11479]
	5277.19245	   0.01662	[mu,kappa]: [(40.46939,87.69632),278.00000]
	4238.53671	   0.01335	[mu,kappa]: [(40.19701,87.50746),216.17835]
	4071.60281	   0.01282	[mu,kappa]: [(40.91078,85.76075),70.08837]
	4856.44273	   0.01529	[mu,kappa]: [(45.53746,83.04053),50.40060]
	5182.56080	   0.01632	[mu,kappa]: [(40.65537,87.61184),278.00000]
	4694.54420	   0.01478	[mu,kappa]: [(40.30831,87.66119),278.00000]
	5161.31381	   0.01625	[mu,kappa]: [(40.78157,87.55902),278.00000]
	6235.75658	   0.01964	[mu,kappa]: [(39.77512,87.99827),278.00000]
	4048.46273	   0.01275	[mu,kappa]: [(42.69712,85.95198),133.88851]
	4867.16830	   0.01533	[mu,kappa]: [(46.80639,83.16721),78.75232]
	4400.15704	   0.01386	[mu,kappa]: [(43.25286,84.33988),57.54856]
	5852.05522	   0.01843	[mu,kappa]: [(40.41755,87.72758),278.00000]
			msglen: 5265128.74224 bits.
Iteration #: 7
	5527.68138	   0.01741	[mu,kappa]: [(40.24204,87.79370),278.00000]
	5895.31318	   0.01856	[mu,kappa]: [(39.85254,87.95658),278.00000]
	6051.35193	   0.01906	[mu,kappa]: [(30.34764,79.68523),8.21701]
	5711.14670	   0.01798	[mu,kappa]: [(40.02220,87.88553),278.00000]
	4554.65517	   0.01434	[mu,kappa]: [(37.89163,88.51687),238.73286]
	5695.33776	   0.01793	[mu,kappa]: [(40.47260,87.70041),278.00000]
	6634.54069	   0.02089	[mu,kappa]: [(40.04208,87.88172),278.00000]
	5527.13611	   0.01741	[mu,kappa]: [(40.46395,87.70324),278.00000]
	5174.91762	   0.01630	[mu,kappa]: [(39.48460,84.64236),35.42676]
	6136.14778	   0.01932	[mu,kappa]: [(40.05062,87.87696),278.00000]
	3962.26331	   0.01248	[mu,kappa]: [(41.08189,85.54375),66.26888]
	4446.29171	   0.01400	[mu,kappa]: [(42.97880,84.06669),48.19336]
	6303.32070	   0.01985	[mu,kappa]: [(40.07950,87.86533),278.00000]
	5731.99101	   0.01805	[mu,kappa]: [(40.76255,87.58088),278.00000]
	5094.77750	   0.01604	[mu,kappa]: [(40.77880,87.56612),278.00000]
	4120.70125	   0.01298	[mu,kappa]: [(40.51145,87.38884),222.87468]
	4601.29421	   0.01449	[mu,kappa]: [(35.29840,88.40481),95.03025]
	4919.23479	   0.01549	[mu,kappa]: [(40.63978,87.61259),278.00000]
	6092.32372	   0.01918	[mu,kappa]: [(40.30708,87.77055),278.00000]
	6194.64438	   0.01951	[mu,kappa]: [(39.92950,87.92602),278.00000]
	5264.54984	   0.01658	[mu,kappa]: [(40.46455,87.69832),278.00000]
	5461.82695	   0.01720	[mu,kappa]: [(39.78911,87.97911),278.00000]
	5310.10132	   0.01672	[mu,kappa]: [(40.00425,87.88568),278.00000]
	5506.84856	   0.01734	[mu,kappa]: [(40.21990,87.80356),278.00000]
	3973.61186	   0.01251	[mu,kappa]: [(41.94382,86.72612),210.69235]
	5533.74574	   0.01743	[mu,kappa]: [(39.50765,88.09420),278.00000]
	6138.56602	   0.01933	[mu,kappa]: [(40.30042,87.77409),278.00000]
	5422.97840	   0.01708	[mu,kappa]: [(39.56933,88.06861),278.00000]
	3984.96033	   0.01255	[mu,kappa]: [(40.25044,87.44533),208.06681]
	5823.97733	   0.01834	[mu,kappa]: [(40.29822,87.77394),278.00000]
	5813.05998	   0.01831	[mu,kappa]: [(40.26500,87.78701),278.00000]
	5191.73644	   0.01635	[mu,kappa]: [(40.91800,87.51011),278.00000]
	6197.63508	   0.01952	[mu,kappa]: [(39.82643,87.96886),278.00000]
	5736.08779	   0.01806	[mu,kappa]: [(39.77122,87.98904),278.00000]
	6421.40766	   0.02022	[mu,kappa]: [(40.21199,87.81159),278.00000]
	3849.71583	   0.01212	[mu,kappa]: [(38.56953,87.72986),137.32097]
	5923.91029	   0.01865	[mu,kappa]: [(40.23679,87.79976),278.00000]
	5626.14393	   0.01772	[mu,kappa]: [(49.39741,81.39328),54.33198]
	5305.91454	   0.01671	[mu,kappa]: [(40.82596,87.54866),278.00000]
	6222.12566	   0.01959	[mu,kappa]: [(40.56505,87.66559),278.00000]
	4490.65256	   0.01414	[mu,kappa]: [(39.43720,88.02017),278.00000]
	6249.23067	   0.01968	[mu,kappa]: [(40.64519,87.63227),278.00000]
	4054.23062	   0.01277	[mu,kappa]: [(40.80742,87.31239),238.17629]
	5826.50987	   0.01835	[mu,kappa]: [(39.80847,87.97435),278.00000]
	5635.96710	   0.01775	[mu,kappa]: [(40.03749,87.87845),278.00000]
	5001.04016	   0.01575	[mu,kappa]: [(40.33615,87.74688),278.00000]
	5801.58935	   0.01827	[mu,kappa]: [(39.58019,88.06590),278.00000]
	4180.43573	   0.01316	[mu,kappa]: [(40.37580,87.55206),258.50775]
	5290.24155	   0.01666	[mu,kappa]: [(40.52471,87.67511),278.00000]
	4139.64867	   0.01304	[mu,kappa]: [(40.12554,87.58761),233.98652]
	3942.78360	   0.01242	[mu,kappa]: [(40.16327,85.98255),68.14521]
	4871.46394	   0.01534	[mu,kappa]: [(47.27043,82.45938),57.27813]
	5202.64555	   0.01638	[mu,kappa]: [(40.76602,87.57215),278.00000]
	4703.67514	   0.01481	[mu,kappa]: [(40.32947,87.70986),278.00000]
	5188.89542	   0.01634	[mu,kappa]: [(40.92840,87.50476),278.00000]
	6270.96707	   0.01975	[mu,kappa]: [(39.61493,88.05523),278.00000]
	4030.58974	   0.01269	[mu,kappa]: [(43.61031,85.62721),149.34944]
	5478.49353	   0.01725	[mu,kappa]: [(48.70564,82.51507),106.20887]
	4246.83380	   0.01337	[mu,kappa]: [(43.84438,84.12021),59.66773]
	5865.13149	   0.01847	[mu,kappa]: [(40.45616,87.70775),278.00000]
			msglen: 5257998.83820 bits.
Iteration #: 8
	5518.56783	   0.01738	[mu,kappa]: [(40.25250,87.78975),278.00000]
	5894.90994	   0.01856	[mu,kappa]: [(39.75075,87.99586),278.00000]
	5179.63094	   0.01631	[mu,kappa]: [(28.57862,78.86610),7.65842]
	5704.06140	   0.01796	[mu,kappa]: [(39.96994,87.90587),278.00000]
	4822.58595	   0.01519	[mu,kappa]: [(37.03229,88.91032),263.40698]
	5690.95260	   0.01792	[mu,kappa]: [(40.54664,87.66998),278.00000]
	6625.66051	   0.02086	[mu,kappa]: [(39.99497,87.89761),278.00000]
	5522.58451	   0.01739	[mu,kappa]: [(40.53573,87.67412),278.00000]
	4803.45639	   0.01513	[mu,kappa]: [(37.09812,85.59389),38.86065]
	6127.75390	   0.01930	[mu,kappa]: [(40.00612,87.89250),278.00000]
	3633.14337	   0.01144	[mu,kappa]: [(40.41555,85.80088),68.19564]
	3973.92048	   0.01251	[mu,kappa]: [(43.04159,84.10141),50.80410]
	6294.02966	   0.01982	[mu,kappa]: [(40.04324,87.87745),278.00000]
	5744.58088	   0.01809	[mu,kappa]: [(40.91405,87.51903),278.00000]
	5107.26863	   0.01608	[mu,kappa]: [(40.93561,87.50649),278.00000]
	4010.20414	   0.01263	[mu,kappa]: [(40.59772,87.41889),248.82056]
	5827.76444	   0.01835	[mu,kappa]: [(32.27954,89.65040),122.98518]
	4922.85181	   0.01550	[mu,kappa]: [(40.76138,87.57322),278.00000]
	6082.91592	   0.01916	[mu,kappa]: [(40.33524,87.75751),278.00000]
	6190.32390	   0.01949	[mu,kappa]: [(39.85007,87.95585),278.00000]
	5260.28327	   0.01656	[mu,kappa]: [(40.53711,87.67144),278.00000]
	5464.92088	   0.01721	[mu,kappa]: [(39.66909,88.02753),278.00000]
	5303.98641	   0.01670	[mu,kappa]: [(39.94775,87.91167),278.00000]
	5497.69070	   0.01731	[mu,kappa]: [(40.22404,87.80173),278.00000]
	3964.21102	   0.01248	[mu,kappa]: [(42.48674,86.58556),243.82006]
	5559.65171	   0.01751	[mu,kappa]: [(39.30333,88.17604),278.00000]
	6128.97955	   0.01930	[mu,kappa]: [(40.32663,87.76140),278.00000]
	5442.47613	   0.01714	[mu,kappa]: [(39.38373,88.14327),278.00000]
	3850.60245	   0.01213	[mu,kappa]: [(40.22330,87.51209),228.23084]
	5814.88003	   0.01831	[mu,kappa]: [(40.32395,87.76202),278.00000]
	5803.61009	   0.01828	[mu,kappa]: [(40.28153,87.77911),278.00000]
	5215.86690	   0.01643	[mu,kappa]: [(41.11057,87.43508),278.00000]
	6198.73679	   0.01952	[mu,kappa]: [(39.71675,88.01040),278.00000]
	5740.47293	   0.01808	[mu,kappa]: [(39.64557,88.03827),278.00000]
	6410.62974	   0.02019	[mu,kappa]: [(40.21327,87.80829),278.00000]
	3829.84222	   0.01206	[mu,kappa]: [(37.37489,88.18563),141.91432]
	5914.07701	   0.01862	[mu,kappa]: [(40.24526,87.79447),278.00000]
	5999.40435	   0.01889	[mu,kappa]: [(51.78564,80.55846),70.46847]
	5322.56192	   0.01676	[mu,kappa]: [(40.99477,87.48305),278.00000]
	6221.76143	   0.01959	[mu,kappa]: [(40.66369,87.62342),278.00000]
	4516.09871	   0.01422	[mu,kappa]: [(39.22463,88.16164),278.00000]
	6253.83654	   0.01969	[mu,kappa]: [(40.76532,87.58154),278.00000]
	3986.39169	   0.01255	[mu,kappa]: [(40.99711,87.30774),270.57784]
	5828.61423	   0.01835	[mu,kappa]: [(39.69375,88.01893),278.00000]
	5628.59091	   0.01772	[mu,kappa]: [(39.98973,87.89743),278.00000]
	4993.86043	   0.01573	[mu,kappa]: [(40.37395,87.73637),278.00000]
	5821.39085	   0.01833	[mu,kappa]: [(39.39765,88.13840),278.00000]
	4135.59197	   0.01302	[mu,kappa]: [(40.43628,87.60080),278.00000]
	5288.25090	   0.01665	[mu,kappa]: [(40.61341,87.64084),278.00000]
	4048.04060	   0.01275	[mu,kappa]: [(40.08631,87.66821),261.28038]
	3684.77786	   0.01160	[mu,kappa]: [(38.96121,86.42284),69.78290]
	4826.98400	   0.01520	[mu,kappa]: [(49.13896,81.87474),72.45381]
	5214.45073	   0.01642	[mu,kappa]: [(40.91939,87.51351),278.00000]
	4696.84940	   0.01479	[mu,kappa]: [(40.37067,87.71974),278.00000]
	5213.97688	   0.01642	[mu,kappa]: [(41.12376,87.42916),278.00000]
	6288.89447	   0.01980	[mu,kappa]: [(39.44239,88.12183),278.00000]
	4134.56964	   0.01302	[mu,kappa]: [(44.62031,85.32586),183.82663]
	6633.78353	   0.02089	[mu,kappa]: [(49.85011,82.15839),152.05468]
	3878.26230	   0.01221	[mu,kappa]: [(44.56982,83.93878),66.54074]
	5859.97163	   0.01845	[mu,kappa]: [(40.52564,87.67885),278.00000]
			msglen: 5246285.80746 bits.
Iteration #: 9
	5484.18888	   0.01727	[mu,kappa]: [(40.29301,87.77677),278.00000]
	5863.22928	   0.01846	[mu,kappa]: [(39.67195,88.03020),278.00000]
	4127.23782	   0.01300	[mu,kappa]: [(27.46716,76.35403),6.54464]
	5667.51120	   0.01785	[mu,kappa]: [(39.94395,87.91932),278.00000]
	5266.45676	   0.01658	[mu,kappa]: [(36.24966,89.29438),278.00000]
	5666.54989	   0.01784	[mu,kappa]: [(40.65401,87.62963),278.00000]
	6582.78060	   0.02073	[mu,kappa]: [(39.97469,87.90770),278.00000]
	5498.34814	   0.01731	[mu,kappa]: [(40.64069,87.63492),278.00000]
	4174.63452	   0.01315	[mu,kappa]: [(34.45390,86.57667),46.68382]
	6088.01472	   0.01917	[mu,kappa]: [(39.98857,87.90179),278.00000]
	3090.25046	   0.00973	[mu,kappa]: [(39.84669,86.07594),75.76334]
	3238.58477	   0.01020	[mu,kappa]: [(43.34690,84.11297),57.67631]
	6252.91618	   0.01969	[mu,kappa]: [(40.03448,87.88315),278.00000]
	5747.98575	   0.01810	[mu,kappa]: [(41.10143,87.44636),278.00000]
	5112.28782	   0.01610	[mu,kappa]: [(41.12801,87.43376),278.00000]
	3928.85760	   0.01237	[mu,kappa]: [(40.74081,87.44508),278.00000]
	8264.14603	   0.02602	[mu,kappa]: [(30.24918,90.60501),182.34130]
	4914.34119	   0.01548	[mu,kappa]: [(40.91710,87.51796),278.00000]
	6047.19874	   0.01904	[mu,kappa]: [(40.39462,87.73604),278.00000]
	6153.33257	   0.01938	[mu,kappa]: [(39.79522,87.98031),278.00000]
	5237.30554	   0.01649	[mu,kappa]: [(40.64265,87.63315),278.00000]
	5439.13952	   0.01713	[mu,kappa]: [(39.57060,88.07064),278.00000]
	5270.33159	   0.01660	[mu,kappa]: [(39.91687,87.92886),278.00000]
	5462.92852	   0.01720	[mu,kappa]: [(40.25790,87.79125),278.00000]
	4076.59865	   0.01284	[mu,kappa]: [(43.02653,86.47087),278.00000]
	5559.71499	   0.01751	[mu,kappa]: [(39.11442,88.25542),278.00000]
	6092.71182	   0.01919	[mu,kappa]: [(40.38398,87.74055),278.00000]
	5435.48970	   0.01712	[mu,kappa]: [(39.21488,88.21470),278.00000]
	3718.08648	   0.01171	[mu,kappa]: [(40.26306,87.57378),263.43652]
	5780.41926	   0.01820	[mu,kappa]: [(40.38075,87.74165),278.00000]
	5768.08031	   0.01816	[mu,kappa]: [(40.32859,87.76282),278.00000]
	5238.34703	   0.01650	[mu,kappa]: [(41.33927,87.34732),278.00000]
	6166.97698	   0.01942	[mu,kappa]: [(39.62960,88.04772),278.00000]
	5714.61028	   0.01800	[mu,kappa]: [(39.54118,88.08311),278.00000]
	6369.80894	   0.02006	[mu,kappa]: [(40.24436,87.79776),278.00000]
	3811.77118	   0.01200	[mu,kappa]: [(36.17665,88.68423),162.03535]
	5877.04354	   0.01851	[mu,kappa]: [(40.28386,87.78131),278.00000]
	6498.26577	   0.02046	[mu,kappa]: [(53.52568,79.77930),84.54378]
	5333.40147	   0.01680	[mu,kappa]: [(41.19948,87.40485),278.00000]
	6202.87979	   0.01953	[mu,kappa]: [(40.79683,87.57187),278.00000]
	4521.92274	   0.01424	[mu,kappa]: [(39.02151,88.27190),278.00000]
	6243.10444	   0.01966	[mu,kappa]: [(40.92067,87.52109),278.00000]
	3978.77318	   0.01253	[mu,kappa]: [(41.22575,87.30322),278.00000]
	5799.85850	   0.01826	[mu,kappa]: [(39.60110,88.05891),278.00000]
	5592.28947	   0.01761	[mu,kappa]: [(39.96850,87.90916),278.00000]
	4965.74896	   0.01564	[mu,kappa]: [(40.44283,87.71393),278.00000]
	5812.67382	   0.01830	[mu,kappa]: [(39.23217,88.20806),278.00000]
	4114.15591	   0.01296	[mu,kappa]: [(40.53292,87.62651),278.00000]
	5269.25805	   0.01659	[mu,kappa]: [(40.73585,87.59534),278.00000]
	3983.54812	   0.01254	[mu,kappa]: [(40.10161,87.74384),278.00000]
	3232.10786	   0.01018	[mu,kappa]: [(37.75852,86.90194),77.70395]
	4778.16769	   0.01505	[mu,kappa]: [(50.45136,81.46179),94.61357]
	5218.10609	   0.01643	[mu,kappa]: [(41.10832,87.44200),278.00000]
	4670.39884	   0.01471	[mu,kappa]: [(40.44103,87.70642),278.00000]
	5237.89126	   0.01649	[mu,kappa]: [(41.35522,87.34054),278.00000]
	6275.40581	   0.01976	[mu,kappa]: [(39.28783,88.18625),278.00000]
	4457.84923	   0.01404	[mu,kappa]: [(45.43004,85.16059),243.15324]
	7998.56009	   0.02519	[mu,kappa]: [(50.10435,82.14528),202.94700]
	3348.74535	   0.01055	[mu,kappa]: [(45.43909,83.79841),82.40531]
	5833.67028	   0.01837	[mu,kappa]: [(40.62827,87.64027),278.00000]
			msglen: 5234007.47239 bits.
Iteration #: 10
	5440.17335	   0.01713	[mu,kappa]: [(40.34498,87.75895),278.00000]
	5816.76509	   0.01832	[mu,kappa]: [(39.61680,88.05644),278.00000]
	3296.88173	   0.01038	[mu,kappa]: [(26.09951,72.82368),5.57880]
	5618.19022	   0.01769	[mu,kappa]: [(39.93600,87.92611),278.00000]
	5774.72712	   0.01818	[mu,kappa]: [(35.70554,89.57934),278.00000]
	5636.07942	   0.01775	[mu,kappa]: [(40.76642,87.58682),278.00000]
	6525.30965	   0.02055	[mu,kappa]: [(39.97196,87.91185),278.00000]
	5468.06849	   0.01722	[mu,kappa]: [(40.75093,87.59309),278.00000]
	3531.94098	   0.01112	[mu,kappa]: [(31.92685,87.10050),55.55548]
	6034.88520	   0.01900	[mu,kappa]: [(39.98826,87.90508),278.00000]
	2486.94210	   0.00783	[mu,kappa]: [(39.69102,86.19555),89.46660]
	2522.16596	   0.00794	[mu,kappa]: [(43.93272,84.04939),70.85689]
	6198.41521	   0.01952	[mu,kappa]: [(40.04208,87.88313),278.00000]
	5751.46487	   0.01811	[mu,kappa]: [(41.28562,87.37441),278.00000]
	5117.74829	   0.01612	[mu,kappa]: [(41.31652,87.36096),278.00000]
	3911.80455	   0.01232	[mu,kappa]: [(40.88432,87.46820),278.00000]
	10884.67055	   0.03427	[mu,kappa]: [(29.53561,91.03991),242.03782]
	4903.56560	   0.01544	[mu,kappa]: [(41.07269,87.45966),278.00000]
	6001.91671	   0.01890	[mu,kappa]: [(40.46371,87.71078),278.00000]
	6101.49303	   0.01921	[mu,kappa]: [(39.76146,87.99755),278.00000]
	5208.59587	   0.01640	[mu,kappa]: [(40.75332,87.59165),278.00000]
	5399.24940	   0.01700	[mu,kappa]: [(39.49792,88.10457),278.00000]
	5224.63770	   0.01645	[mu,kappa]: [(39.90441,87.93831),278.00000]
	5418.25284	   0.01706	[mu,kappa]: [(40.30388,87.77582),278.00000]
	4312.44848	   0.01358	[mu,kappa]: [(43.46335,86.38919),278.00000]
	5544.59093	   0.01746	[mu,kappa]: [(38.96275,88.32235),278.00000]
	6046.69090	   0.01904	[mu,kappa]: [(40.45126,87.71594),278.00000]
	5413.67322	   0.01705	[mu,kappa]: [(39.08053,88.27443),278.00000]
	3651.94805	   0.01150	[mu,kappa]: [(40.33351,87.64282),278.00000]
	5736.67224	   0.01806	[mu,kappa]: [(40.44750,87.71738),278.00000]
	5722.75980	   0.01802	[mu,kappa]: [(40.38654,87.74223),278.00000]
	5264.43626	   0.01658	[mu,kappa]: [(41.55987,87.26149),278.00000]
	6119.46935	   0.01927	[mu,kappa]: [(39.56706,88.07687),278.00000]
	5673.81963	   0.01787	[mu,kappa]: [(39.46333,88.11890),278.00000]
	6317.28909	   0.01989	[mu,kappa]: [(40.28792,87.78279),278.00000]
	3743.97201	   0.01179	[mu,kappa]: [(35.42262,89.08250),205.54007]
	5829.59276	   0.01836	[mu,kappa]: [(40.33419,87.76373),278.00000]
	6802.45677	   0.02142	[mu,kappa]: [(54.86092,78.98633),89.22875]
	5345.75652	   0.01683	[mu,kappa]: [(41.39895,87.32742),278.00000]
	6179.33031	   0.01946	[mu,kappa]: [(40.93252,87.51920),278.00000]
	4515.51519	   0.01422	[mu,kappa]: [(38.85614,88.35592),278.00000]
	6229.52975	   0.01962	[mu,kappa]: [(41.07630,87.46036),278.00000]
	3990.78999	   0.01257	[mu,kappa]: [(41.43948,87.26740),278.00000]
	5756.17553	   0.01813	[mu,kappa]: [(39.53365,88.09030),278.00000]
	5543.55118	   0.01746	[mu,kappa]: [(39.96482,87.91427),278.00000]
	4930.22647	   0.01553	[mu,kappa]: [(40.52031,87.68651),278.00000]
	5788.10994	   0.01823	[mu,kappa]: [(39.10076,88.26636),278.00000]
	4087.77486	   0.01287	[mu,kappa]: [(40.63121,87.61742),278.00000]
	5245.57031	   0.01652	[mu,kappa]: [(40.86179,87.54744),278.00000]
	3948.96625	   0.01244	[mu,kappa]: [(40.13329,87.79369),278.00000]
	2671.99725	   0.00842	[mu,kappa]: [(37.01422,87.17823),91.49841]
	4670.11546	   0.01471	[mu,kappa]: [(50.95570,81.28115),116.47873]
	5221.93184	   0.01644	[mu,kappa]: [(41.29375,87.37035),278.00000]
	4636.99521	   0.01460	[mu,kappa]: [(40.51914,87.68313),278.00000]
	5265.66472	   0.01658	[mu,kappa]: [(41.57823,87.25387),278.00000]
	6244.87101	   0.01967	[mu,kappa]: [(39.16597,88.24017),278.00000]
	5051.73027	   0.01591	[mu,kappa]: [(45.91734,85.14574),278.00000]
	9071.90833	   0.02857	[mu,kappa]: [(49.92750,82.32615),249.77434]
	2903.92286	   0.00915	[mu,kappa]: [(46.18114,83.74725),109.40223]
	5800.80335	   0.01827	[mu,kappa]: [(40.73643,87.59914),278.00000]
			msglen: 5226411.76788 bits.
Iteration #: 11
	5408.40418	   0.01703	[mu,kappa]: [(40.37664,87.74525),278.00000]
	5787.59804	   0.01823	[mu,kappa]: [(39.55996,88.08021),278.00000]
	2777.08039	   0.00875	[mu,kappa]: [(23.74835,69.73201),5.11506]
	5583.97597	   0.01758	[mu,kappa]: [(39.91769,87.93348),278.00000]
	6228.42604	   0.01961	[mu,kappa]: [(35.39382,89.74326),278.00000]
	5615.42736	   0.01768	[mu,kappa]: [(40.84915,87.55174),278.00000]
	6485.15253	   0.02042	[mu,kappa]: [(39.95798,87.91715),278.00000]
	5447.42121	   0.01715	[mu,kappa]: [(40.83181,87.55881),278.00000]
	3181.79906	   0.01002	[mu,kappa]: [(29.13481,87.16167),61.48466]
	5997.66946	   0.01889	[mu,kappa]: [(39.97628,87.90959),278.00000]
	2003.42569	   0.00631	[mu,kappa]: [(39.77095,86.22023),107.28734]
	2022.72119	   0.00637	[mu,kappa]: [(44.53334,83.97601),89.33592]
	6159.91931	   0.01940	[mu,kappa]: [(40.03666,87.88484),278.00000]
	5761.03790	   0.01814	[mu,kappa]: [(41.42886,87.31459),278.00000]
	5128.41502	   0.01615	[mu,kappa]: [(41.46331,87.30012),278.00000]
	3901.60625	   0.01229	[mu,kappa]: [(40.98849,87.46079),278.00000]
	12294.91372	   0.03872	[mu,kappa]: [(29.44214,91.19213),278.00000]
	4899.39193	   0.01543	[mu,kappa]: [(41.19177,87.41062),278.00000]
	5969.31453	   0.01880	[mu,kappa]: [(40.50982,87.69084),278.00000]
	6067.05546	   0.01911	[mu,kappa]: [(39.72197,88.01383),278.00000]
	5189.04598	   0.01634	[mu,kappa]: [(40.83453,87.55747),278.00000]
	5375.89713	   0.01693	[mu,kappa]: [(39.42698,88.13456),278.00000]
	5193.15318	   0.01635	[mu,kappa]: [(39.88232,87.94765),278.00000]
	5386.02821	   0.01696	[mu,kappa]: [(40.33051,87.76419),278.00000]
	4535.38506	   0.01428	[mu,kappa]: [(43.78906,86.30569),278.00000]
	5547.83866	   0.01747	[mu,kappa]: [(38.83068,88.37886),278.00000]
	6013.53341	   0.01894	[mu,kappa]: [(40.49585,87.69660),278.00000]
	5409.62995	   0.01704	[mu,kappa]: [(38.96151,88.32527),278.00000]
	3630.41983	   0.01143	[mu,kappa]: [(40.37634,87.68785),278.00000]
	5705.15444	   0.01797	[mu,kappa]: [(40.49165,87.69827),278.00000]
	5690.04722	   0.01792	[mu,kappa]: [(40.42325,87.72628),278.00000]
	5294.08410	   0.01667	[mu,kappa]: [(41.73332,87.18994),278.00000]
	6090.39525	   0.01918	[mu,kappa]: [(39.50427,88.10311),278.00000]
	5650.54393	   0.01779	[mu,kappa]: [(39.38829,88.15054),278.00000]
	6279.40061	   0.01977	[mu,kappa]: [(40.31255,87.77177),278.00000]
	3757.12682	   0.01183	[mu,kappa]: [(35.08293,89.40024),275.49640]
	5795.33709	   0.01825	[mu,kappa]: [(40.36449,87.75041),278.00000]
	6876.39866	   0.02165	[mu,kappa]: [(56.05640,78.21979),89.95205]
	5362.93997	   0.01689	[mu,kappa]: [(41.55489,87.26281),278.00000]
	6165.23340	   0.01941	[mu,kappa]: [(41.03497,87.47583),278.00000]
	4524.15656	   0.01425	[mu,kappa]: [(38.71342,88.42227),278.00000]
	6224.31067	   0.01960	[mu,kappa]: [(41.19557,87.41011),278.00000]
	4006.43766	   0.01262	[mu,kappa]: [(41.60441,87.22130),278.00000]
	5729.97527	   0.01804	[mu,kappa]: [(39.46691,88.11834),278.00000]
	5509.56105	   0.01735	[mu,kappa]: [(39.95002,87.92018),278.00000]
	4904.78708	   0.01545	[mu,kappa]: [(40.57343,87.66423),278.00000]
	5782.50911	   0.01821	[mu,kappa]: [(38.98399,88.31614),278.00000]
	4069.28946	   0.01281	[mu,kappa]: [(40.70027,87.60092),278.00000]
	5230.38498	   0.01647	[mu,kappa]: [(40.95593,87.50784),278.00000]
	3924.55985	   0.01236	[mu,kappa]: [(40.14442,87.81594),278.00000]
	2188.30001	   0.00689	[mu,kappa]: [(36.60644,87.31638),109.40197]
	4487.99308	   0.01413	[mu,kappa]: [(51.02386,81.21984),136.40840]
	5231.23283	   0.01647	[mu,kappa]: [(41.43799,87.31051),278.00000]
	4613.08598	   0.01453	[mu,kappa]: [(40.57252,87.66277),278.00000]
	5296.85904	   0.01668	[mu,kappa]: [(41.75364,87.18159),278.00000]
	6234.64049	   0.01963	[mu,kappa]: [(39.05652,88.28659),278.00000]
	5688.83048	   0.01791	[mu,kappa]: [(46.17904,85.18066),278.00000]
	9811.78009	   0.03090	[mu,kappa]: [(49.66594,82.54963),278.00000]
	2649.69760	   0.00834	[mu,kappa]: [(46.65680,83.77988),142.50383]
	5778.26057	   0.01820	[mu,kappa]: [(40.81556,87.56552),278.00000]
			msglen: 5222174.84256 bits.
Iteration #: 12
	5382.42406	   0.01695	[mu,kappa]: [(40.38946,87.73570),278.00000]
	5769.88728	   0.01817	[mu,kappa]: [(39.49906,88.10190),278.00000]
	2363.26449	   0.00744	[mu,kappa]: [(21.47130,66.65519),4.78493]
	5558.89382	   0.01751	[mu,kappa]: [(39.88847,87.94169),278.00000]
	6607.13720	   0.02081	[mu,kappa]: [(35.22325,89.82529),278.00000]
	5596.87990	   0.01762	[mu,kappa]: [(40.90542,87.52393),278.00000]
	6455.31313	   0.02033	[mu,kappa]: [(39.93239,87.92372),278.00000]
	5428.96435	   0.01710	[mu,kappa]: [(40.88650,87.53167),278.00000]
	3166.99073	   0.00997	[mu,kappa]: [(26.19454,86.99712),67.33354]
	5969.87236	   0.01880	[mu,kappa]: [(39.95235,87.91548),278.00000]
	1661.37651	   0.00523	[mu,kappa]: [(39.90606,86.24921),127.40679]
	1720.00047	   0.00542	[mu,kappa]: [(45.07267,83.89828),109.36092]
	6130.66957	   0.01931	[mu,kappa]: [(40.01823,87.88840),278.00000]
	5767.06980	   0.01816	[mu,kappa]: [(41.53633,87.26567),278.00000]
	5135.60301	   0.01617	[mu,kappa]: [(41.57373,87.25019),278.00000]
	3892.10189	   0.01226	[mu,kappa]: [(41.06074,87.44364),278.00000]
	12734.95666	   0.04010	[mu,kappa]: [(29.55108,91.24067),278.00000]
	4894.27688	   0.01541	[mu,kappa]: [(41.27884,87.37051),278.00000]
	5941.99530	   0.01871	[mu,kappa]: [(40.53492,87.67602),278.00000]
	6043.75486	   0.01903	[mu,kappa]: [(39.67525,88.02945),278.00000]
	5171.56013	   0.01629	[mu,kappa]: [(40.88950,87.53034),278.00000]
	5363.73190	   0.01689	[mu,kappa]: [(39.35472,88.16120),278.00000]
	5170.35960	   0.01628	[mu,kappa]: [(39.84995,87.95738),278.00000]
	5359.90332	   0.01688	[mu,kappa]: [(40.33907,87.75642),278.00000]
	4725.86571	   0.01488	[mu,kappa]: [(44.02743,86.23139),278.00000]
	5563.91510	   0.01752	[mu,kappa]: [(38.71112,88.42584),278.00000]
	5985.81752	   0.01885	[mu,kappa]: [(40.51965,87.68231),278.00000]
	5418.01363	   0.01706	[mu,kappa]: [(38.85172,88.36804),278.00000]
	3613.11204	   0.01138	[mu,kappa]: [(40.39479,87.70573),278.00000]
	5678.83298	   0.01788	[mu,kappa]: [(40.51507,87.68417),278.00000]
	5663.06183	   0.01783	[mu,kappa]: [(40.44036,87.71485),278.00000]
	5317.39322	   0.01674	[mu,kappa]: [(41.86584,87.13105),278.00000]
	6073.64736	   0.01913	[mu,kappa]: [(39.43857,88.12682),278.00000]
	5639.17670	   0.01776	[mu,kappa]: [(39.31276,88.17852),278.00000]
	6248.77422	   0.01968	[mu,kappa]: [(40.31944,87.76459),278.00000]
	3985.26534	   0.01255	[mu,kappa]: [(34.94997,89.67959),278.00000]
	5767.38035	   0.01816	[mu,kappa]: [(40.37617,87.74124),278.00000]
	6818.58117	   0.02147	[mu,kappa]: [(57.00742,77.62762),90.90660]
	5375.56404	   0.01693	[mu,kappa]: [(41.67294,87.20974),278.00000]
	6151.59148	   0.01937	[mu,kappa]: [(41.10801,87.44097),278.00000]
	4543.24104	   0.01431	[mu,kappa]: [(38.58585,88.47512),278.00000]
	6217.85595	   0.01958	[mu,kappa]: [(41.28287,87.36937),278.00000]
	4018.33481	   0.01265	[mu,kappa]: [(41.72863,87.17636),278.00000]
	5715.53371	   0.01800	[mu,kappa]: [(39.39803,88.14346),278.00000]
	5484.38498	   0.01727	[mu,kappa]: [(39.92373,87.92717),278.00000]
	4883.23840	   0.01538	[mu,kappa]: [(40.60446,87.64721),278.00000]
	5790.16384	   0.01823	[mu,kappa]: [(38.87591,88.35814),278.00000]
	4053.27489	   0.01276	[mu,kappa]: [(40.74409,87.58438),278.00000]
	5216.26448	   0.01643	[mu,kappa]: [(41.02190,87.47609),278.00000]
	3905.59791	   0.01230	[mu,kappa]: [(40.13825,87.82717),278.00000]
	1834.34723	   0.00578	[mu,kappa]: [(36.36640,87.46341),132.01446]
	4346.00538	   0.01369	[mu,kappa]: [(50.97167,81.16344),153.70724]
	5237.23021	   0.01649	[mu,kappa]: [(41.54627,87.26143),278.00000]
	4592.84149	   0.01446	[mu,kappa]: [(40.60365,87.64665),278.00000]
	5321.49606	   0.01676	[mu,kappa]: [(41.88778,87.12209),278.00000]
	6238.57879	   0.01965	[mu,kappa]: [(38.95404,88.32609),278.00000]
	6197.76403	   0.01952	[mu,kappa]: [(46.32493,85.20506),278.00000]
	10349.91228	   0.03259	[mu,kappa]: [(49.44169,82.74533),278.00000]
	2537.76590	   0.00799	[mu,kappa]: [(46.96384,83.83929),176.03879]
	5758.18869	   0.01813	[mu,kappa]: [(40.86876,87.53898),278.00000]
			msglen: 5219847.12413 bits.
Iteration #: 13
	5359.81975	   0.01688	[mu,kappa]: [(40.38741,87.73081),278.00000]
	5761.27719	   0.01814	[mu,kappa]: [(39.43263,88.12368),278.00000]
	1984.07827	   0.00625	[mu,kappa]: [(20.04129,62.77852),4.34654]
	5540.48138	   0.01745	[mu,kappa]: [(39.84945,87.95218),278.00000]
	6953.82670	   0.02190	[mu,kappa]: [(35.10914,89.86225),278.00000]
	5578.09003	   0.01757	[mu,kappa]: [(40.94185,87.50291),278.00000]
	6432.91842	   0.02026	[mu,kappa]: [(39.89654,87.93284),278.00000]
	5410.41289	   0.01704	[mu,kappa]: [(40.92153,87.51124),278.00000]
	3266.56032	   0.01029	[mu,kappa]: [(23.81095,86.74165),74.28355]
	5948.83198	   0.01873	[mu,kappa]: [(39.91795,87.92402),278.00000]
	1421.54901	   0.00448	[mu,kappa]: [(40.02851,86.33216),149.70605]
	1537.27582	   0.00484	[mu,kappa]: [(45.54539,83.81227),128.51996]
	6107.91836	   0.01923	[mu,kappa]: [(39.98864,87.89493),278.00000]
	5767.52789	   0.01816	[mu,kappa]: [(41.61771,87.22581),278.00000]
	5137.52593	   0.01618	[mu,kappa]: [(41.65766,87.20937),278.00000]
	3881.59318	   0.01222	[mu,kappa]: [(41.11015,87.42557),278.00000]
	12786.25414	   0.04026	[mu,kappa]: [(29.72309,91.22474),278.00000]
	4886.34555	   0.01539	[mu,kappa]: [(41.34238,87.33834),278.00000]
	5917.32553	   0.01863	[mu,kappa]: [(40.54375,87.66654),278.00000]
	6029.00607	   0.01899	[mu,kappa]: [(39.62101,88.04620),278.00000]
	5153.96275	   0.01623	[mu,kappa]: [(40.92476,87.50987),278.00000]
	5360.67694	   0.01688	[mu,kappa]: [(39.27860,88.18699),278.00000]
	5153.97743	   0.01623	[mu,kappa]: [(39.80816,87.96909),278.00000]
	5337.46894	   0.01681	[mu,kappa]: [(40.33325,87.75309),278.00000]
	4884.80951	   0.01538	[mu,kappa]: [(44.20801,86.16400),278.00000]
	5591.56296	   0.01761	[mu,kappa]: [(38.59608,88.46731),278.00000]
	5960.88636	   0.01877	[mu,kappa]: [(40.52733,87.67330),278.00000]
	5437.35191	   0.01712	[mu,kappa]: [(38.74450,88.40641),278.00000]
	3598.09488	   0.01133	[mu,kappa]: [(40.39577,87.71383),278.00000]
	5655.18618	   0.01781	[mu,kappa]: [(40.52241,87.67532),278.00000]
	5639.27310	   0.01776	[mu,kappa]: [(40.44211,87.70834),278.00000]
	5332.72119	   0.01679	[mu,kappa]: [(41.96878,87.08228),278.00000]
	6066.79612	   0.01910	[mu,kappa]: [(39.36804,88.15026),278.00000]
	5637.57431	   0.01775	[mu,kappa]: [(39.23388,88.20540),278.00000]
	6222.59899	   0.01960	[mu,kappa]: [(40.31214,87.76183),278.00000]
	4202.75407	   0.01324	[mu,kappa]: [(34.86443,89.81964),278.00000]
	5743.13489	   0.01809	[mu,kappa]: [(40.37312,87.73673),278.00000]
	6670.59229	   0.02101	[mu,kappa]: [(57.66550,77.23921),92.15026]
	5381.82794	   0.01695	[mu,kappa]: [(41.76347,87.16613),278.00000]
	6135.93868	   0.01932	[mu,kappa]: [(41.15925,87.41370),278.00000]
	4571.94658	   0.01440	[mu,kappa]: [(38.46440,88.52024),278.00000]
	6207.78762	   0.01955	[mu,kappa]: [(41.34665,87.33685),278.00000]
	4025.11161	   0.01268	[mu,kappa]: [(41.82381,87.13605),278.00000]
	5710.59884	   0.01798	[mu,kappa]: [(39.32478,88.16803),278.00000]
	5465.58420	   0.01721	[mu,kappa]: [(39.88726,87.93661),278.00000]
	4863.43233	   0.01532	[mu,kappa]: [(40.61851,87.63567),278.00000]
	5809.45876	   0.01829	[mu,kappa]: [(38.77008,88.39593),278.00000]
	4037.96266	   0.01272	[mu,kappa]: [(40.76909,87.57107),278.00000]
	5201.07453	   0.01638	[mu,kappa]: [(41.06689,87.45152),278.00000]
	3890.25110	   0.01225	[mu,kappa]: [(40.11862,87.83569),278.00000]
	1592.36625	   0.00502	[mu,kappa]: [(36.20904,87.70523),161.78333]
	4281.95649	   0.01348	[mu,kappa]: [(50.92455,81.06065),167.51940]
	5238.08419	   0.01650	[mu,kappa]: [(41.62834,87.22137),278.00000]
	4574.23947	   0.01440	[mu,kappa]: [(40.61772,87.63556),278.00000]
	5337.94837	   0.01681	[mu,kappa]: [(41.99208,87.07276),278.00000]
	6254.80762	   0.01970	[mu,kappa]: [(38.85275,88.36202),278.00000]
	6606.79876	   0.02080	[mu,kappa]: [(46.41502,85.21111),278.00000]
	10763.74625	   0.03389	[mu,kappa]: [(49.27800,82.88899),278.00000]
	2507.88051	   0.00790	[mu,kappa]: [(47.16699,83.90864),208.58900]
	5738.15599	   0.01807	[mu,kappa]: [(40.90248,87.51909),278.00000]
			msglen: 5218290.85369 bits.
Iteration #: 14
	5337.36365	   0.01681	[mu,kappa]: [(40.38207,87.72830),278.00000]
	5753.41767	   0.01812	[mu,kappa]: [(39.37151,88.14357),278.00000]
	1701.11156	   0.00536	[mu,kappa]: [(19.30639,58.82088),3.93441]
	5522.82297	   0.01739	[mu,kappa]: [(39.81194,87.96273),278.00000]
	7252.04388	   0.02284	[mu,kappa]: [(35.02754,89.87537),278.00000]
	5558.11111	   0.01750	[mu,kappa]: [(40.97000,87.48652),278.00000]
	6411.37099	   0.02019	[mu,kappa]: [(39.86179,87.94226),278.00000]
	5390.76844	   0.01698	[mu,kappa]: [(40.94848,87.49537),278.00000]
	3350.79146	   0.01055	[mu,kappa]: [(22.12166,86.43749),79.86535]
	5928.56102	   0.01867	[mu,kappa]: [(39.88446,87.93294),278.00000]
	1250.74628	   0.00394	[mu,kappa]: [(40.12633,86.47905),175.44549]
	1422.16043	   0.00448	[mu,kappa]: [(45.95013,83.73067),145.85087]
	6085.90103	   0.01916	[mu,kappa]: [(39.95932,87.90217),278.00000]
	5763.98294	   0.01815	[mu,kappa]: [(41.68438,87.19323),278.00000]
	5135.70009	   0.01617	[mu,kappa]: [(41.72646,87.17593),278.00000]
	3869.86577	   0.01219	[mu,kappa]: [(41.14901,87.40882),278.00000]
	12771.47350	   0.04022	[mu,kappa]: [(29.88293,91.19836),278.00000]
	4876.10980	   0.01536	[mu,kappa]: [(41.39388,87.31227),278.00000]
	5892.49615	   0.01856	[mu,kappa]: [(40.54790,87.66012),278.00000]
	6015.12066	   0.01894	[mu,kappa]: [(39.57036,88.06197),278.00000]
	5135.31493	   0.01617	[mu,kappa]: [(40.95190,87.49394),278.00000]
	5358.19234	   0.01687	[mu,kappa]: [(39.20924,88.21009),278.00000]
	5138.31230	   0.01618	[mu,kappa]: [(39.76825,87.98064),278.00000]
	5315.27041	   0.01674	[mu,kappa]: [(40.32464,87.75193),278.00000]
	5017.33319	   0.01580	[mu,kappa]: [(44.34546,86.10786),278.00000]
	5618.31037	   0.01769	[mu,kappa]: [(38.49446,88.50242),278.00000]
	5935.83155	   0.01869	[mu,kappa]: [(40.53049,87.66728),278.00000]
	5456.26284	   0.01718	[mu,kappa]: [(38.64921,88.43925),278.00000]
	3583.17100	   0.01128	[mu,kappa]: [(40.39219,87.71749),278.00000]
	5631.43236	   0.01773	[mu,kappa]: [(40.52527,87.66942),278.00000]
	5615.53920	   0.01768	[mu,kappa]: [(40.44009,87.70445),278.00000]
	5342.51761	   0.01682	[mu,kappa]: [(42.05340,87.04213),278.00000]
	6060.68365	   0.01909	[mu,kappa]: [(39.30343,88.17150),278.00000]
	5636.51953	   0.01775	[mu,kappa]: [(39.16218,88.22939),278.00000]
	6196.73718	   0.01951	[mu,kappa]: [(40.30224,87.76117),278.00000]
	4389.47261	   0.01382	[mu,kappa]: [(34.80318,89.88462),278.00000]
	5719.07419	   0.01801	[mu,kappa]: [(40.36692,87.73456),278.00000]
	6515.00412	   0.02052	[mu,kappa]: [(58.10090,77.00025),93.26806]
	5383.63515	   0.01695	[mu,kappa]: [(41.83781,87.13033),278.00000]
	6118.17433	   0.01927	[mu,kappa]: [(41.20021,87.39194),278.00000]
	4599.52543	   0.01448	[mu,kappa]: [(38.35761,88.55769),278.00000]
	6194.77295	   0.01951	[mu,kappa]: [(41.39837,87.31056),278.00000]
	4028.31188	   0.01269	[mu,kappa]: [(41.90173,87.10137),278.00000]
	5706.31989	   0.01797	[mu,kappa]: [(39.25787,88.19017),278.00000]
	5447.50818	   0.01715	[mu,kappa]: [(39.85196,87.94627),278.00000]
	4843.34959	   0.01525	[mu,kappa]: [(40.62721,87.62743),278.00000]
	5828.37110	   0.01835	[mu,kappa]: [(38.67591,88.42835),278.00000]
	4022.14625	   0.01267	[mu,kappa]: [(40.78715,87.56031),278.00000]
	5184.39741	   0.01633	[mu,kappa]: [(41.10245,87.43206),278.00000]
	3875.28069	   0.01220	[mu,kappa]: [(40.09758,87.84252),278.00000]
	1439.85695	   0.00454	[mu,kappa]: [(36.08285,88.04248),200.12183]
	4282.14906	   0.01349	[mu,kappa]: [(50.92601,80.89385),176.93357]
	5235.25327	   0.01649	[mu,kappa]: [(41.69558,87.18859),278.00000]
	4555.37803	   0.01435	[mu,kappa]: [(40.62642,87.62754),278.00000]
	5348.72844	   0.01684	[mu,kappa]: [(42.07783,87.03213),278.00000]
	6270.86489	   0.01975	[mu,kappa]: [(38.76233,88.39306),278.00000]
	6930.45587	   0.02182	[mu,kappa]: [(46.46758,85.21183),278.00000]
	11067.79963	   0.03485	[mu,kappa]: [(49.15862,82.99639),278.00000]
	2520.79891	   0.00794	[mu,kappa]: [(47.28985,83.99774),240.18589]
	5717.02333	   0.01800	[mu,kappa]: [(40.92828,87.50368),278.00000]
			msglen: 5217326.56290 bits.
Iteration #: 15
	5315.80969	   0.01674	[mu,kappa]: [(40.37792,87.72640),278.00000]
	5744.67950	   0.01809	[mu,kappa]: [(39.31973,88.16013),278.00000]
	1514.11907	   0.00477	[mu,kappa]: [(19.02795,55.68511),3.62625]
	5505.43651	   0.01734	[mu,kappa]: [(39.78024,87.97170),278.00000]
	7498.09188	   0.02361	[mu,kappa]: [(34.96669,89.87414),278.00000]
	5538.81778	   0.01744	[mu,kappa]: [(40.99439,87.47295),278.00000]
	6390.24738	   0.02012	[mu,kappa]: [(39.83244,87.95031),278.00000]
	5371.81482	   0.01692	[mu,kappa]: [(40.97184,87.48222),278.00000]
	3363.25136	   0.01059	[mu,kappa]: [(20.98149,86.07127),82.36617]
	5908.72479	   0.01861	[mu,kappa]: [(39.85619,87.94057),278.00000]
	1130.26935	   0.00356	[mu,kappa]: [(40.20807,86.70335),208.64514]
	1344.14575	   0.00423	[mu,kappa]: [(46.28964,83.67473),161.65925]
	6064.46479	   0.01910	[mu,kappa]: [(39.93463,87.90841),278.00000]
	5759.38542	   0.01814	[mu,kappa]: [(41.74087,87.16615),278.00000]
	5132.79565	   0.01616	[mu,kappa]: [(41.78470,87.14813),278.00000]
	3858.42053	   0.01215	[mu,kappa]: [(41.18219,87.39363),278.00000]
	12800.58364	   0.04031	[mu,kappa]: [(29.99163,91.17134),278.00000]
	4865.76211	   0.01532	[mu,kappa]: [(41.43787,87.29055),278.00000]
	5868.69149	   0.01848	[mu,kappa]: [(40.55186,87.65492),278.00000]
	6000.93708	   0.01890	[mu,kappa]: [(39.52745,88.07521),278.00000]
	5117.32126	   0.01611	[mu,kappa]: [(40.97542,87.48073),278.00000]
	5354.35889	   0.01686	[mu,kappa]: [(39.15050,88.22921),278.00000]
	5122.81918	   0.01613	[mu,kappa]: [(39.73450,87.99042),278.00000]
	5293.94449	   0.01667	[mu,kappa]: [(40.31767,87.75115),278.00000]
	5127.35246	   0.01615	[mu,kappa]: [(44.44858,86.06332),278.00000]
	5640.26214	   0.01776	[mu,kappa]: [(38.40905,88.53057),278.00000]
	5911.80982	   0.01862	[mu,kappa]: [(40.53360,87.66242),278.00000]
	5471.35635	   0.01723	[mu,kappa]: [(38.56894,88.46579),278.00000]
	3568.85429	   0.01124	[mu,kappa]: [(40.38913,87.71850),278.00000]
	5608.65860	   0.01766	[mu,kappa]: [(40.52813,87.66467),278.00000]
	5592.77282	   0.01761	[mu,kappa]: [(40.43878,87.70139),278.00000]
	5349.84949	   0.01685	[mu,kappa]: [(42.12436,87.00886),278.00000]
	6053.40381	   0.01906	[mu,kappa]: [(39.24869,88.18915),278.00000]
	5633.86972	   0.01774	[mu,kappa]: [(39.10147,88.24921),278.00000]
	6171.87859	   0.01944	[mu,kappa]: [(40.29418,87.76081),278.00000]
	4543.23826	   0.01431	[mu,kappa]: [(34.75669,89.90917),278.00000]
	5695.97391	   0.01794	[mu,kappa]: [(40.36202,87.73294),278.00000]
	6375.46166	   0.02008	[mu,kappa]: [(58.39096,76.86072),93.98427]
	5383.89279	   0.01695	[mu,kappa]: [(41.90054,87.10061),278.00000]
	6100.75441	   0.01921	[mu,kappa]: [(41.23539,87.37385),278.00000]
	4622.50077	   0.01456	[mu,kappa]: [(38.26805,88.58735),278.00000]
	6181.60368	   0.01947	[mu,kappa]: [(41.44254,87.28870),278.00000]
	4030.15520	   0.01269	[mu,kappa]: [(41.96722,87.07181),278.00000]
	5700.78184	   0.01795	[mu,kappa]: [(39.20118,88.20854),278.00000]
	5429.77447	   0.01710	[mu,kappa]: [(39.82216,87.95451),278.00000]
	4824.09637	   0.01519	[mu,kappa]: [(40.63506,87.62068),278.00000]
	5843.35254	   0.01840	[mu,kappa]: [(38.59656,88.45458),278.00000]
	4006.95772	   0.01262	[mu,kappa]: [(40.80289,87.55100),278.00000]
	5168.17778	   0.01627	[mu,kappa]: [(41.13309,87.41590),278.00000]
	3860.80920	   0.01216	[mu,kappa]: [(40.07980,87.84746),278.00000]
	1359.56358	   0.00428	[mu,kappa]: [(35.99123,88.44535),251.48235]
	4321.86926	   0.01361	[mu,kappa]: [(50.97583,80.67078),182.70395]
	5231.42862	   0.01647	[mu,kappa]: [(41.75254,87.16134),278.00000]
	4537.29665	   0.01429	[mu,kappa]: [(40.63424,87.62091),278.00000]
	5356.92547	   0.01687	[mu,kappa]: [(42.14968,86.99849),278.00000]
	6283.18746	   0.01979	[mu,kappa]: [(38.68605,88.41827),278.00000]
	7181.31535	   0.02261	[mu,kappa]: [(46.49313,85.21317),278.00000]
	11268.34263	   0.03548	[mu,kappa]: [(49.06818,83.08289),278.00000]
	2555.93191	   0.00805	[mu,kappa]: [(47.34588,84.11311),272.26748]
	5696.64800	   0.01794	[mu,kappa]: [(40.95068,87.49092),278.00000]
			msglen: 5216709.08218 bits.
Iteration #: 16
	5295.87587	   0.01668	[mu,kappa]: [(40.37599,87.72455),278.00000]
	5735.04339	   0.01806	[mu,kappa]: [(39.27778,88.17351),278.00000]
	1390.57101	   0.00438	[mu,kappa]: [(19.03006,53.62899),3.40546]
	5488.66776	   0.01728	[mu,kappa]: [(39.75511,87.97889),278.00000]
	7693.07219	   0.02423	[mu,kappa]: [(34.92249,89.86540),278.00000]
	5521.26121	   0.01739	[mu,kappa]: [(41.01632,87.46136),278.00000]
	6369.99356	   0.02006	[mu,kappa]: [(39.80930,87.95674),278.00000]
	5354.56275	   0.01686	[mu,kappa]: [(40.99292,87.47099),278.00000]
	3325.95181	   0.01047	[mu,kappa]: [(20.17638,85.64201),82.01582]
	5889.75424	   0.01855	[mu,kappa]: [(39.83396,87.94666),278.00000]
	1054.44278	   0.00332	[mu,kappa]: [(40.28000,86.99328),255.95350]
	1287.24381	   0.00405	[mu,kappa]: [(46.57156,83.65442),176.64799]
	6044.11371	   0.01903	[mu,kappa]: [(39.91540,87.91334),278.00000]
	5755.06110	   0.01812	[mu,kappa]: [(41.78901,87.14345),278.00000]
	5130.00280	   0.01615	[mu,kappa]: [(41.83422,87.12484),278.00000]
	3848.03931	   0.01212	[mu,kappa]: [(41.21129,87.38008),278.00000]
	12867.74841	   0.04052	[mu,kappa]: [(30.04213,91.14681),278.00000]
	4856.35722	   0.01529	[mu,kappa]: [(41.47591,87.27221),278.00000]
	5846.80718	   0.01841	[mu,kappa]: [(40.55675,87.65033),278.00000]
	5986.61973	   0.01885	[mu,kappa]: [(39.49292,88.08591),278.00000]
	5100.94590	   0.01606	[mu,kappa]: [(40.99664,87.46945),278.00000]
	5349.02004	   0.01684	[mu,kappa]: [(39.10276,88.24462),278.00000]
	5107.78797	   0.01608	[mu,kappa]: [(39.70765,87.99827),278.00000]
	5274.17201	   0.01661	[mu,kappa]: [(40.31338,87.75025),278.00000]
	5217.55686	   0.01643	[mu,kappa]: [(44.52462,86.02871),278.00000]
	5656.60252	   0.01781	[mu,kappa]: [(38.33956,88.55281),278.00000]
	5889.71294	   0.01855	[mu,kappa]: [(40.53777,87.65812),278.00000]
	5481.97470	   0.01726	[mu,kappa]: [(38.50356,88.48687),278.00000]
	3555.63095	   0.01120	[mu,kappa]: [(40.38792,87.71802),278.00000]
	5587.70797	   0.01760	[mu,kappa]: [(40.53208,87.66046),278.00000]
	5571.76473	   0.01755	[mu,kappa]: [(40.43923,87.69859),278.00000]
	5356.01892	   0.01687	[mu,kappa]: [(42.18384,86.98121),278.00000]
	6044.87098	   0.01904	[mu,kappa]: [(39.20428,88.20339),278.00000]
	5629.41733	   0.01773	[mu,kappa]: [(39.05209,88.26518),278.00000]
	6148.80105	   0.01936	[mu,kappa]: [(40.28896,87.76027),278.00000]
	4664.80264	   0.01469	[mu,kappa]: [(34.72282,89.91287),278.00000]
	5674.59374	   0.01787	[mu,kappa]: [(40.35946,87.73134),278.00000]
	6251.70722	   0.01969	[mu,kappa]: [(58.59398,76.78605),94.25488]
	5383.87179	   0.01695	[mu,kappa]: [(41.95361,87.07577),278.00000]
	6084.93339	   0.01916	[mu,kappa]: [(41.26624,87.35853),278.00000]
	4640.10765	   0.01461	[mu,kappa]: [(38.19526,88.61055),278.00000]
	6169.62109	   0.01943	[mu,kappa]: [(41.48074,87.27026),278.00000]
	4031.60298	   0.01270	[mu,kappa]: [(42.02239,87.04674),278.00000]
	5693.86257	   0.01793	[mu,kappa]: [(39.15514,88.22335),278.00000]
	5412.75461	   0.01705	[mu,kappa]: [(39.79862,87.96110),278.00000]
	4806.44664	   0.01514	[mu,kappa]: [(40.64319,87.61479),278.00000]
	5853.72567	   0.01843	[mu,kappa]: [(38.53193,88.47544),278.00000]
	3993.09899	   0.01257	[mu,kappa]: [(40.81758,87.54276),278.00000]
	5153.44550	   0.01623	[mu,kappa]: [(41.16020,87.40216),278.00000]
	3847.22826	   0.01212	[mu,kappa]: [(40.06631,87.85087),278.00000]
	1347.53223	   0.00424	[mu,kappa]: [(35.94603,88.85442),278.00000]
	4389.11008	   0.01382	[mu,kappa]: [(51.06568,80.40447),186.18903]
	5227.81688	   0.01646	[mu,kappa]: [(41.80105,87.13848),278.00000]
	4520.72309	   0.01424	[mu,kappa]: [(40.64235,87.61508),278.00000]
	5363.84753	   0.01689	[mu,kappa]: [(42.20985,86.97053),278.00000]
	6291.13459	   0.01981	[mu,kappa]: [(38.62390,88.43838),278.00000]
	7371.92210	   0.02321	[mu,kappa]: [(46.50016,85.21644),278.00000]
	11382.80708	   0.03584	[mu,kappa]: [(48.99777,83.15846),278.00000]
	2607.03608	   0.00821	[mu,kappa]: [(47.34746,84.25358),278.00000]
	5678.09289	   0.01788	[mu,kappa]: [(40.97096,87.48002),278.00000]
			msglen: 5216336.71620 bits.
			N: 317555
		16.42656 bpr
Null model msglen: 7488920.11043 bits.	(23.58306 bpr)
