Iteration #: 0
	5174.00000	   0.01629	[mu,kappa]: [(40.51556,86.96545),116.50869]
	5177.00000	   0.01630	[mu,kappa]: [(40.24931,87.20483),117.76096]
	5074.00000	   0.01598	[mu,kappa]: [(40.45213,87.10385),118.23879]
	5185.00000	   0.01633	[mu,kappa]: [(40.45219,87.08296),112.99281]
	5151.00000	   0.01622	[mu,kappa]: [(40.47062,87.07009),114.29632]
	5201.00000	   0.01638	[mu,kappa]: [(40.35289,87.23857),118.76266]
	5037.00000	   0.01586	[mu,kappa]: [(40.59648,87.11812),121.80502]
	5207.00000	   0.01640	[mu,kappa]: [(40.52049,87.07345),104.50910]
	5127.00000	   0.01615	[mu,kappa]: [(40.67689,87.03866),111.41305]
	5164.00000	   0.01626	[mu,kappa]: [(40.58957,87.02365),118.31794]
	5122.00000	   0.01613	[mu,kappa]: [(40.58703,87.05378),120.87581]
	5095.00000	   0.01604	[mu,kappa]: [(40.45941,87.19101),120.93444]
	5030.00000	   0.01584	[mu,kappa]: [(40.53795,87.13188),126.03732]
	5167.00000	   0.01627	[mu,kappa]: [(40.46410,87.03601),117.46180]
	4964.00000	   0.01563	[mu,kappa]: [(40.45655,87.07973),122.67231]
	5065.00000	   0.01595	[mu,kappa]: [(40.45276,87.15828),108.64694]
	5119.00000	   0.01612	[mu,kappa]: [(40.44600,87.18216),116.25095]
	5029.00000	   0.01584	[mu,kappa]: [(40.59320,86.97858),113.03593]
	5284.00000	   0.01664	[mu,kappa]: [(40.48323,87.19478),129.27475]
	5156.00000	   0.01624	[mu,kappa]: [(40.41938,87.14116),114.31252]
	5065.00000	   0.01595	[mu,kappa]: [(40.59372,87.05105),120.61817]
	5180.00000	   0.01631	[mu,kappa]: [(40.55801,87.13587),121.65103]
	5010.00000	   0.01578	[mu,kappa]: [(40.39463,87.00265),110.12271]
	5245.00000	   0.01652	[mu,kappa]: [(40.46258,87.07138),118.63014]
	5182.00000	   0.01632	[mu,kappa]: [(40.51251,87.25877),122.26979]
	5042.00000	   0.01588	[mu,kappa]: [(40.59308,87.16525),116.90732]
	5052.00000	   0.01591	[mu,kappa]: [(40.46482,87.13400),129.67434]
	5090.00000	   0.01603	[mu,kappa]: [(40.52181,87.10078),115.92970]
	5098.00000	   0.01605	[mu,kappa]: [(40.39672,87.14562),99.89732]
	5200.00000	   0.01638	[mu,kappa]: [(40.35092,87.15932),107.23542]
	5092.00000	   0.01604	[mu,kappa]: [(40.49941,87.17121),107.93904]
	5185.00000	   0.01633	[mu,kappa]: [(40.31418,87.21050),119.96015]
	5140.00000	   0.01619	[mu,kappa]: [(40.52803,87.12663),111.93745]
	5095.00000	   0.01604	[mu,kappa]: [(40.57437,87.14734),127.25482]
	5018.00000	   0.01580	[mu,kappa]: [(40.43106,87.14951),127.14862]
	5045.00000	   0.01589	[mu,kappa]: [(40.57814,87.18374),117.61513]
	5146.00000	   0.01621	[mu,kappa]: [(40.42096,87.09502),113.27168]
	5108.00000	   0.01609	[mu,kappa]: [(40.48410,87.14609),124.69780]
	5064.00000	   0.01595	[mu,kappa]: [(40.52830,87.07995),110.87831]
	5274.00000	   0.01661	[mu,kappa]: [(40.50891,87.07430),122.46326]
	5167.00000	   0.01627	[mu,kappa]: [(40.37023,87.09822),114.50662]
	5176.00000	   0.01630	[mu,kappa]: [(40.55534,87.05607),115.87642]
	5155.00000	   0.01623	[mu,kappa]: [(40.58183,87.10976),121.62739]
	5138.00000	   0.01618	[mu,kappa]: [(40.59249,87.04027),120.55608]
	5099.00000	   0.01606	[mu,kappa]: [(40.45618,87.14821),124.12271]
	5124.00000	   0.01614	[mu,kappa]: [(40.44888,87.18456),116.43891]
	5159.00000	   0.01625	[mu,kappa]: [(40.33815,87.34679),112.30650]
	5245.00000	   0.01652	[mu,kappa]: [(40.36666,87.18214),123.79125]
	5072.00000	   0.01597	[mu,kappa]: [(40.45183,87.04604),113.66745]
	5133.00000	   0.01616	[mu,kappa]: [(40.47169,87.16405),112.52727]
	5166.00000	   0.01627	[mu,kappa]: [(40.50379,87.03452),118.05667]
	5018.00000	   0.01580	[mu,kappa]: [(40.41649,87.06855),115.69851]
	5087.00000	   0.01602	[mu,kappa]: [(40.56452,87.04774),121.42743]
	5164.00000	   0.01626	[mu,kappa]: [(40.47996,87.07877),125.39800]
	5144.00000	   0.01620	[mu,kappa]: [(40.45437,87.17116),111.95235]
	5044.00000	   0.01588	[mu,kappa]: [(40.45590,87.10618),111.60248]
	5024.00000	   0.01582	[mu,kappa]: [(40.31074,87.04679),119.92250]
	5133.00000	   0.01616	[mu,kappa]: [(40.49349,87.06452),107.73276]
	5113.00000	   0.01610	[mu,kappa]: [(40.48882,87.11678),121.70649]
	4951.00000	   0.01559	[mu,kappa]: [(40.53421,86.93819),109.98919]
	5173.00000	   0.01629	[mu,kappa]: [(40.60130,87.09679),111.04121]
	5211.00000	   0.01641	[mu,kappa]: [(40.55468,87.17003),116.71748]
			msglen: 0.00000 bits.
Iteration #: 1
	5140.71346	   0.01619	[mu,kappa]: [(40.59250,87.10205),142.01941]
	5155.74271	   0.01624	[mu,kappa]: [(40.22909,87.32246),149.99426]
	5057.01333	   0.01592	[mu,kappa]: [(40.48603,87.21952),151.59390]
	5129.81977	   0.01615	[mu,kappa]: [(40.49481,87.06601),123.76567]
	5102.71503	   0.01607	[mu,kappa]: [(40.52319,87.09686),131.23604]
	5189.55426	   0.01634	[mu,kappa]: [(40.34792,87.31593),155.10389]
	5058.08042	   0.01593	[mu,kappa]: [(40.63132,87.23847),166.49608]
	5233.33620	   0.01648	[mu,kappa]: [(40.37511,86.44429),60.74303]
	5072.50889	   0.01597	[mu,kappa]: [(40.83378,86.87860),113.51512]
	5148.06970	   0.01621	[mu,kappa]: [(40.66121,87.13768),150.83023]
	5132.35409	   0.01616	[mu,kappa]: [(40.63657,87.20248),162.25218]
	5106.59696	   0.01608	[mu,kappa]: [(40.47278,87.29965),164.07623]
	5101.44446	   0.01606	[mu,kappa]: [(40.54736,87.32723),182.89653]
	5141.93580	   0.01619	[mu,kappa]: [(40.51373,87.17274),147.37833]
	4993.24033	   0.01572	[mu,kappa]: [(40.48107,87.29037),170.30771]
	5013.16363	   0.01579	[mu,kappa]: [(40.43041,86.89190),94.84682]
	5084.69266	   0.01601	[mu,kappa]: [(40.46984,87.20405),142.53899]
	4977.70691	   0.01568	[mu,kappa]: [(40.71192,86.96292),123.11299]
	5404.34417	   0.01702	[mu,kappa]: [(40.47388,87.40382),194.62278]
	5107.50449	   0.01608	[mu,kappa]: [(40.44256,87.14597),131.85085]
	5072.53424	   0.01597	[mu,kappa]: [(40.64610,87.19409),161.11469]
	5199.83641	   0.01637	[mu,kappa]: [(40.58719,87.25636),166.21860]
	4953.93445	   0.01560	[mu,kappa]: [(40.39585,86.93687),104.09616]
	5231.01784	   0.01647	[mu,kappa]: [(40.50238,87.21213),153.12868]
	5209.88669	   0.01641	[mu,kappa]: [(40.51615,87.32603),169.81081]
	5014.65763	   0.01579	[mu,kappa]: [(40.65068,87.15451),145.27516]
	5171.25086	   0.01628	[mu,kappa]: [(40.46287,87.39357),195.58085]
	5053.75940	   0.01591	[mu,kappa]: [(40.57932,87.13452),140.14422]
	5671.77636	   0.01786	[mu,kappa]: [(38.84059,84.86878),13.24907]
	5162.98916	   0.01626	[mu,kappa]: [(40.17502,86.84332),82.53902]
	5045.20147	   0.01589	[mu,kappa]: [(40.49371,86.82834),89.84427]
	5186.04240	   0.01633	[mu,kappa]: [(40.30829,87.34237),160.25657]
	5082.50436	   0.01601	[mu,kappa]: [(40.59319,87.00866),117.71414]
	5183.34557	   0.01632	[mu,kappa]: [(40.57767,87.33528),187.07415]
	5103.62526	   0.01607	[mu,kappa]: [(40.43270,87.38257),187.35153]
	5023.64742	   0.01582	[mu,kappa]: [(40.62497,87.18462),148.87599]
	5092.19722	   0.01604	[mu,kappa]: [(40.45005,87.09402),125.46847]
	5163.75466	   0.01626	[mu,kappa]: [(40.49419,87.33292),178.39509]
	5006.65424	   0.01577	[mu,kappa]: [(40.60107,86.94310),110.49500]
	5302.71002	   0.01670	[mu,kappa]: [(40.53932,87.26630),169.24152]
	5119.30378	   0.01612	[mu,kappa]: [(40.38553,87.15604),132.52490]
	5138.99625	   0.01618	[mu,kappa]: [(40.62967,87.10223),139.41767]
	5174.35925	   0.01629	[mu,kappa]: [(40.61755,87.23789),165.79905]
	5144.83341	   0.01620	[mu,kappa]: [(40.64685,87.18951),160.77752]
	5147.52438	   0.01621	[mu,kappa]: [(40.46632,87.33541),176.37537]
	5091.21162	   0.01603	[mu,kappa]: [(40.47273,87.20848),143.50606]
	5100.08081	   0.01606	[mu,kappa]: [(40.28058,87.19173),121.07208]
	5291.15281	   0.01666	[mu,kappa]: [(40.36765,87.37330),175.60087]
	5020.94525	   0.01581	[mu,kappa]: [(40.50225,87.07529),127.45767]
	5076.48322	   0.01599	[mu,kappa]: [(40.50593,87.07196),121.60427]
	5146.72201	   0.01621	[mu,kappa]: [(40.55922,87.17009),150.07470]
	4979.57667	   0.01568	[mu,kappa]: [(40.45251,87.15968),138.82549]
	5103.02074	   0.01607	[mu,kappa]: [(40.60928,87.21890),164.60461]
	5228.00970	   0.01646	[mu,kappa]: [(40.49727,87.32070),180.48919]
	5085.56781	   0.01601	[mu,kappa]: [(40.47722,87.06027),118.02401]
	4986.51907	   0.01570	[mu,kappa]: [(40.48972,87.01952),115.27266]
	5022.31161	   0.01582	[mu,kappa]: [(40.32890,87.28577),158.92719]
	5090.30529	   0.01603	[mu,kappa]: [(40.49989,86.76940),87.38932]
	5132.64807	   0.01616	[mu,kappa]: [(40.51395,87.27605),166.60673]
	4897.48971	   0.01542	[mu,kappa]: [(40.63604,86.83607),103.32470]
	5115.36551	   0.01611	[mu,kappa]: [(40.70957,86.92253),111.75525]
	5180.71007	   0.01631	[mu,kappa]: [(40.60414,87.16726),144.54154]
			msglen: 5326586.70131 bits.
Iteration #: 2
	5049.30219	   0.01590	[mu,kappa]: [(40.55104,87.36605),202.47501]
	5161.19660	   0.01625	[mu,kappa]: [(40.14912,87.60160),220.11407]
	5072.36056	   0.01597	[mu,kappa]: [(40.42028,87.49284),222.37985]
	4850.43600	   0.01527	[mu,kappa]: [(40.47956,87.24788),165.48871]
	4900.23643	   0.01543	[mu,kappa]: [(40.49278,87.31364),180.82916]
	5248.84711	   0.01653	[mu,kappa]: [(40.27040,87.58443),229.99084]
	5229.45334	   0.01647	[mu,kappa]: [(40.55569,87.51490),250.85867]
	4801.92149	   0.01512	[mu,kappa]: [(41.21831,85.20193),51.30745]
	4702.79972	   0.01481	[mu,kappa]: [(40.94444,86.92222),142.73175]
	5150.74894	   0.01622	[mu,kappa]: [(40.60722,87.40489),219.94772]
	5259.58574	   0.01656	[mu,kappa]: [(40.56682,87.48517),242.56250]
	5258.82849	   0.01656	[mu,kappa]: [(40.39557,87.57480),247.00180]
	5452.29479	   0.01717	[mu,kappa]: [(40.46414,87.61712),278.00000]
	5110.42193	   0.01609	[mu,kappa]: [(40.45617,87.44695),213.74702]
	5206.83813	   0.01640	[mu,kappa]: [(40.40485,87.58893),258.71258]
	4507.92320	   0.01420	[mu,kappa]: [(40.55542,86.77202),106.99955]
	5003.46305	   0.01576	[mu,kappa]: [(40.40987,87.44620),204.35217]
	4699.40361	   0.01480	[mu,kappa]: [(40.74226,87.12091),163.03588]
	5909.80883	   0.01861	[mu,kappa]: [(40.38986,87.68885),278.00000]
	4912.64152	   0.01547	[mu,kappa]: [(40.39771,87.36454),182.50868]
	5185.82454	   0.01633	[mu,kappa]: [(40.57771,87.47497),240.30320]
	5374.46747	   0.01692	[mu,kappa]: [(40.51107,87.53324),250.56577]
	4513.45526	   0.01421	[mu,kappa]: [(40.44534,86.98765),125.25183]
	5263.28013	   0.01657	[mu,kappa]: [(40.43706,87.49205),225.31866]
	5427.72411	   0.01709	[mu,kappa]: [(40.43422,87.59025),257.90339]
	4959.88630	   0.01562	[mu,kappa]: [(40.60008,87.38497),209.06521]
	5664.77239	   0.01784	[mu,kappa]: [(40.38109,87.68974),278.00000]
	4945.21187	   0.01557	[mu,kappa]: [(40.53505,87.37065),198.90924]
	8599.50342	   0.02708	[mu,kappa]: [(40.51800,77.75130),8.53196]
	4593.68199	   0.01447	[mu,kappa]: [(40.30384,86.54894),84.78458]
	4515.27545	   0.01422	[mu,kappa]: [(40.70327,86.58992),97.34934]
	5303.48325	   0.01670	[mu,kappa]: [(40.22971,87.62487),240.14858]
	4747.48892	   0.01495	[mu,kappa]: [(40.61787,87.12444),152.58984]
	5583.49248	   0.01758	[mu,kappa]: [(40.49177,87.62134),278.00000]
	5506.10674	   0.01734	[mu,kappa]: [(40.35220,87.67779),278.00000]
	5007.42243	   0.01577	[mu,kappa]: [(40.56628,87.42351),216.45710]
	4832.28085	   0.01522	[mu,kappa]: [(40.42207,87.29052),169.20852]
	5472.59322	   0.01723	[mu,kappa]: [(40.41321,87.62273),273.92138]
	4613.57457	   0.01453	[mu,kappa]: [(40.66888,87.00163),137.62861]
	5515.59816	   0.01737	[mu,kappa]: [(40.46341,87.56043),256.45465]
	4931.72354	   0.01553	[mu,kappa]: [(40.33424,87.39298),184.04813]
	5019.81408	   0.01581	[mu,kappa]: [(40.59310,87.33736),197.12972]
	5342.40224	   0.01682	[mu,kappa]: [(40.54270,87.51631),249.57881]
	5255.95800	   0.01655	[mu,kappa]: [(40.57919,87.47178),239.62907]
	5434.61818	   0.01711	[mu,kappa]: [(40.38637,87.62614),270.27250]
	5020.21588	   0.01581	[mu,kappa]: [(40.41171,87.45229),206.30517]
	4798.82990	   0.01511	[mu,kappa]: [(40.22212,87.34793),160.93096]
	5581.45259	   0.01758	[mu,kappa]: [(40.28868,87.66499),269.19292]
	4783.73840	   0.01506	[mu,kappa]: [(40.47935,87.28215),173.06739]
	4779.07679	   0.01505	[mu,kappa]: [(40.49597,87.22450),161.05728]
	5143.51232	   0.01620	[mu,kappa]: [(40.50091,87.44505),218.94764]
	4860.87415	   0.01531	[mu,kappa]: [(40.40026,87.41383),196.70224]
	5255.59823	   0.01655	[mu,kappa]: [(40.53739,87.50772),247.22767]
	5562.72440	   0.01752	[mu,kappa]: [(40.41775,87.62267),277.67935]
	4753.48480	   0.01497	[mu,kappa]: [(40.47384,87.19286),153.74584]
	4635.69887	   0.01460	[mu,kappa]: [(40.50309,87.14044),147.92390]
	5119.81179	   0.01612	[mu,kappa]: [(40.25624,87.59399),237.27715]
	4548.18122	   0.01432	[mu,kappa]: [(40.75351,86.49307),92.72839]
	5311.32143	   0.01673	[mu,kappa]: [(40.43808,87.56284),251.59441]
	4459.62150	   0.01404	[mu,kappa]: [(40.77581,86.82694),122.81576]
	4725.66753	   0.01488	[mu,kappa]: [(40.79751,86.96620),139.77655]
	5117.03892	   0.01611	[mu,kappa]: [(40.55145,87.40058),207.81901]
			msglen: 5286789.54946 bits.
Iteration #: 3
	4918.13973	   0.01549	[mu,kappa]: [(40.50580,87.49017),235.41249]
	5110.89922	   0.01609	[mu,kappa]: [(39.98877,87.78393),263.91384]
	5017.68146	   0.01580	[mu,kappa]: [(40.33431,87.64544),267.03074]
	4624.38653	   0.01456	[mu,kappa]: [(40.41872,87.31433),177.47632]
	4707.79310	   0.01483	[mu,kappa]: [(40.43201,87.41196),201.45560]
	5230.15266	   0.01647	[mu,kappa]: [(40.14738,87.75292),278.00000]
	5283.78208	   0.01664	[mu,kappa]: [(40.50139,87.66218),278.00000]
	5824.50652	   0.01834	[mu,kappa]: [(42.94353,83.57013),40.23227]
	4469.98755	   0.01408	[mu,kappa]: [(41.18146,86.77748),142.15321]
	5080.31118	   0.01600	[mu,kappa]: [(40.57209,87.53468),262.72426]
	5279.54422	   0.01663	[mu,kappa]: [(40.51647,87.63131),278.00000]
	5303.82323	   0.01670	[mu,kappa]: [(40.30725,87.73511),278.00000]
	5629.93625	   0.01773	[mu,kappa]: [(40.39252,87.77288),278.00000]
	5021.13594	   0.01581	[mu,kappa]: [(40.38001,87.59230),253.39719]
	5299.07547	   0.01669	[mu,kappa]: [(40.32180,87.75506),278.00000]
	4368.85819	   0.01376	[mu,kappa]: [(40.66417,86.45781),93.37920]
	4884.16305	   0.01538	[mu,kappa]: [(40.31726,87.58442),238.76195]
	4475.91542	   0.01410	[mu,kappa]: [(40.81056,87.12528),173.14567]
	6107.68167	   0.01923	[mu,kappa]: [(40.30103,87.82832),278.00000]
	4726.85811	   0.01489	[mu,kappa]: [(40.29837,87.48037),204.30094]
	5196.07251	   0.01636	[mu,kappa]: [(40.53012,87.61907),278.00000]
	5430.63231	   0.01710	[mu,kappa]: [(40.44753,87.68443),278.00000]
	4298.91125	   0.01354	[mu,kappa]: [(40.40667,86.88521),117.62106]
	5217.54242	   0.01643	[mu,kappa]: [(40.35618,87.64542),271.57622]
	5519.41830	   0.01738	[mu,kappa]: [(40.35474,87.74544),278.00000]
	4853.19890	   0.01528	[mu,kappa]: [(40.56518,87.49998),245.73549]
	5854.87573	   0.01844	[mu,kappa]: [(40.29118,87.83134),278.00000]
	4805.30942	   0.01513	[mu,kappa]: [(40.48397,87.48728),229.88053]
	10703.74352	   0.03371	[mu,kappa]: [(40.82688,78.64254),9.80504]
	4666.54725	   0.01470	[mu,kappa]: [(40.29664,86.04130),68.02499]
	4455.37887	   0.01403	[mu,kappa]: [(41.01454,86.08955),81.72974]
	5329.02964	   0.01678	[mu,kappa]: [(40.10275,87.80133),278.00000]
	4507.00223	   0.01419	[mu,kappa]: [(40.63893,87.11369),157.41522]
	5764.57914	   0.01815	[mu,kappa]: [(40.42273,87.76661),278.00000]
	5691.80381	   0.01792	[mu,kappa]: [(40.26048,87.83440),278.00000]
	4927.12621	   0.01552	[mu,kappa]: [(40.51907,87.54918),257.43963]
	4615.85301	   0.01454	[mu,kappa]: [(40.33356,87.37801),183.37227]
	5635.44793	   0.01775	[mu,kappa]: [(40.33353,87.78631),278.00000]
	4378.00693	   0.01379	[mu,kappa]: [(40.75266,86.90523),135.03330]
	5600.68771	   0.01764	[mu,kappa]: [(40.39132,87.72058),278.00000]
	4751.78662	   0.01496	[mu,kappa]: [(40.21122,87.52449),206.81906]
	4870.80540	   0.01534	[mu,kappa]: [(40.56262,87.44426),226.91903]
	5392.92203	   0.01698	[mu,kappa]: [(40.48595,87.66499),278.00000]
	5263.52227	   0.01658	[mu,kappa]: [(40.53216,87.61590),278.00000]
	5581.94462	   0.01758	[mu,kappa]: [(40.30147,87.79193),278.00000]
	4907.35154	   0.01545	[mu,kappa]: [(40.31994,87.59180),241.83779]
	4575.14131	   0.01441	[mu,kappa]: [(40.03312,87.44892),170.89040]
	5733.61121	   0.01806	[mu,kappa]: [(40.18628,87.83829),278.00000]
	4576.80758	   0.01441	[mu,kappa]: [(40.41585,87.36856),189.28703]
	4548.35432	   0.01432	[mu,kappa]: [(40.44429,87.27129),170.60592]
	5071.97108	   0.01597	[mu,kappa]: [(40.43713,87.58797),261.44980]
	4719.77995	   0.01486	[mu,kappa]: [(40.30472,87.55098),226.66532]
	5295.63704	   0.01668	[mu,kappa]: [(40.48036,87.65901),278.00000]
	5744.42407	   0.01809	[mu,kappa]: [(40.34007,87.78896),278.00000]
	4514.45445	   0.01422	[mu,kappa]: [(40.41567,87.22071),159.41892]
	4397.69288	   0.01385	[mu,kappa]: [(40.46724,87.14106),150.53118]
	5131.04990	   0.01616	[mu,kappa]: [(40.13555,87.77414),278.00000]
	4538.03995	   0.01429	[mu,kappa]: [(41.16001,85.90503),76.49668]
	5373.99734	   0.01692	[mu,kappa]: [(40.36004,87.72281),278.00000]
	4260.00860	   0.01342	[mu,kappa]: [(40.99208,86.59505),113.95418]
	4486.49995	   0.01413	[mu,kappa]: [(40.95523,86.84389),138.01802]
	5003.39929	   0.01576	[mu,kappa]: [(40.50230,87.52136),243.90766]
			msglen: 5277494.88752 bits.
Iteration #: 4
	4847.09173	   0.01526	[mu,kappa]: [(40.49402,87.56791),269.41529]
	5140.41197	   0.01619	[mu,kappa]: [(39.83487,87.92836),278.00000]
	5037.80705	   0.01586	[mu,kappa]: [(40.27584,87.75140),278.00000]
	4441.87177	   0.01399	[mu,kappa]: [(40.35929,87.36000),186.90937]
	4562.44898	   0.01437	[mu,kappa]: [(40.38826,87.47916),220.74040]
	5293.02285	   0.01667	[mu,kappa]: [(40.04400,87.87682),278.00000]
	5335.68072	   0.01680	[mu,kappa]: [(40.47852,87.71929),278.00000]
	6955.05421	   0.02190	[mu,kappa]: [(45.36476,82.41783),39.51408]
	4304.04194	   0.01355	[mu,kappa]: [(41.58060,86.55613),140.10999]
	5083.83714	   0.01601	[mu,kappa]: [(40.57748,87.61309),278.00000]
	5330.90325	   0.01679	[mu,kappa]: [(40.50062,87.69938),278.00000]
	5360.95258	   0.01688	[mu,kappa]: [(40.23734,87.81697),278.00000]
	5688.36146	   0.01791	[mu,kappa]: [(40.33400,87.80803),278.00000]
	5000.67710	   0.01575	[mu,kappa]: [(40.33137,87.69152),278.00000]
	5355.97506	   0.01687	[mu,kappa]: [(40.25206,87.82200),278.00000]
	4338.42478	   0.01366	[mu,kappa]: [(40.76212,86.15385),81.92611]
	4826.34213	   0.01520	[mu,kappa]: [(40.24460,87.68599),274.29725]
	4297.52725	   0.01353	[mu,kappa]: [(40.94664,87.08307),181.08480]
	6174.83638	   0.01944	[mu,kappa]: [(40.21755,87.86417),278.00000]
	4589.98149	   0.01445	[mu,kappa]: [(40.20114,87.57152),224.78751]
	5246.38647	   0.01652	[mu,kappa]: [(40.51852,87.68902),278.00000]
	5484.95614	   0.01727	[mu,kappa]: [(40.41138,87.74739),278.00000]
	4155.86340	   0.01309	[mu,kappa]: [(40.29163,86.79581),108.77915]
	5251.52867	   0.01654	[mu,kappa]: [(40.30459,87.74995),278.00000]
	5577.51832	   0.01756	[mu,kappa]: [(40.29262,87.80679),278.00000]
	4810.14451	   0.01515	[mu,kappa]: [(40.57032,87.57093),278.00000]
	5919.71182	   0.01864	[mu,kappa]: [(40.20539,87.86879),278.00000]
	4722.06188	   0.01487	[mu,kappa]: [(40.46422,87.56338),261.48361]
	11059.03497	   0.03482	[mu,kappa]: [(39.53669,79.60446),10.34990]
	4890.86598	   0.01540	[mu,kappa]: [(40.06955,85.71964),57.73999]
	4533.01862	   0.01427	[mu,kappa]: [(41.46442,85.57294),70.66198]
	5396.41868	   0.01699	[mu,kappa]: [(39.98426,87.91456),278.00000]
	4311.93106	   0.01358	[mu,kappa]: [(40.69260,87.07518),159.52107]
	5823.52798	   0.01834	[mu,kappa]: [(40.37083,87.79533),278.00000]
	5756.20050	   0.01813	[mu,kappa]: [(40.16837,87.88008),278.00000]
	4916.08070	   0.01548	[mu,kappa]: [(40.50967,87.62984),278.00000]
	4443.73611	   0.01399	[mu,kappa]: [(40.23688,87.44731),195.13333]
	5695.88699	   0.01794	[mu,kappa]: [(40.26189,87.83342),278.00000]
	4199.02705	   0.01322	[mu,kappa]: [(40.88863,86.77396),130.34869]
	5658.33205	   0.01782	[mu,kappa]: [(40.33956,87.78299),278.00000]
	4622.80766	   0.01456	[mu,kappa]: [(40.08117,87.63238),228.36639]
	4778.41165	   0.01505	[mu,kappa]: [(40.56983,87.50797),257.20430]
	5446.08868	   0.01715	[mu,kappa]: [(40.45974,87.72561),278.00000]
	5314.43022	   0.01674	[mu,kappa]: [(40.52138,87.68681),278.00000]
	5643.01858	   0.01777	[mu,kappa]: [(40.22291,87.84640),278.00000]
	4857.43322	   0.01530	[mu,kappa]: [(40.24929,87.69376),278.00000]
	4402.55168	   0.01386	[mu,kappa]: [(39.76852,87.56562),177.78769]
	5802.14011	   0.01827	[mu,kappa]: [(40.07927,87.90570),278.00000]
	4413.67137	   0.01390	[mu,kappa]: [(40.36082,87.42841),203.46951]
	4360.65574	   0.01373	[mu,kappa]: [(40.39390,87.30100),177.40108]
	5073.31537	   0.01598	[mu,kappa]: [(40.40575,87.68200),278.00000]
	4633.88783	   0.01459	[mu,kappa]: [(40.22309,87.65245),256.86290]
	5347.84845	   0.01684	[mu,kappa]: [(40.45389,87.72448),278.00000]
	5805.81829	   0.01828	[mu,kappa]: [(40.26934,87.83261),278.00000]
	4320.25091	   0.01360	[mu,kappa]: [(40.34326,87.23883),162.11532]
	4206.02074	   0.01325	[mu,kappa]: [(40.41973,87.12997),150.23367]
	5193.75228	   0.01636	[mu,kappa]: [(40.02707,87.89089),278.00000]
	4680.76405	   0.01474	[mu,kappa]: [(41.77090,85.29594),65.94147]
	5430.14552	   0.01710	[mu,kappa]: [(40.30196,87.79409),278.00000]
	4142.12247	   0.01304	[mu,kappa]: [(41.33455,86.29940),105.02486]
	4308.03500	   0.01357	[mu,kappa]: [(41.22067,86.66673),134.41103]
	4954.34844	   0.01560	[mu,kappa]: [(40.48845,87.59984),278.00000]
			msglen: 5273183.94689 bits.
Iteration #: 5
	4857.46815	   0.01530	[mu,kappa]: [(40.51248,87.63171),278.00000]
	5201.94973	   0.01638	[mu,kappa]: [(39.65918,88.03648),278.00000]
	5074.10371	   0.01598	[mu,kappa]: [(40.22400,87.80503),278.00000]
	4293.41614	   0.01352	[mu,kappa]: [(40.28878,87.41752),197.83908]
	4466.46749	   0.01407	[mu,kappa]: [(40.35880,87.54505),243.97641]
	5341.54453	   0.01682	[mu,kappa]: [(39.92317,87.94263),278.00000]
	5371.41051	   0.01691	[mu,kappa]: [(40.47565,87.72307),278.00000]
	8052.00041	   0.02536	[mu,kappa]: [(48.24984,81.48906),46.54464]
	4189.54350	   0.01319	[mu,kappa]: [(42.16643,86.28208),141.39550]
	5118.27260	   0.01612	[mu,kappa]: [(40.61065,87.63814),278.00000]
	5366.59070	   0.01690	[mu,kappa]: [(40.50528,87.70601),278.00000]
	5401.14833	   0.01701	[mu,kappa]: [(40.16805,87.84995),278.00000]
	5728.23637	   0.01804	[mu,kappa]: [(40.28734,87.81401),278.00000]
	5035.09176	   0.01586	[mu,kappa]: [(40.29998,87.75729),278.00000]
	5395.70616	   0.01699	[mu,kappa]: [(40.18536,87.84763),278.00000]
	4322.70412	   0.01361	[mu,kappa]: [(40.68201,85.98059),74.28440]
	4851.88551	   0.01528	[mu,kappa]: [(40.19210,87.77873),278.00000]
	4155.83560	   0.01309	[mu,kappa]: [(41.15316,87.02285),191.47653]
	6222.08479	   0.01959	[mu,kappa]: [(40.13745,87.87966),278.00000]
	4505.93240	   0.01419	[mu,kappa]: [(40.10292,87.66706),249.23382]
	5281.56220	   0.01663	[mu,kappa]: [(40.52849,87.69505),278.00000]
	5522.09266	   0.01739	[mu,kappa]: [(40.39000,87.75884),278.00000]
	4044.64513	   0.01274	[mu,kappa]: [(39.96267,86.80845),101.42224]
	5288.70705	   0.01665	[mu,kappa]: [(40.25934,87.79493),278.00000]
	5617.62631	   0.01769	[mu,kappa]: [(40.23699,87.82689),278.00000]
	4842.38149	   0.01525	[mu,kappa]: [(40.60774,87.61947),278.00000]
	5965.54537	   0.01879	[mu,kappa]: [(40.12196,87.88590),278.00000]
	4713.16970	   0.01484	[mu,kappa]: [(40.47309,87.62847),278.00000]
	10414.89344	   0.03280	[mu,kappa]: [(37.28926,80.34336),10.37369]
	5092.04741	   0.01604	[mu,kappa]: [(39.22818,85.80920),52.79357]
	4605.03257	   0.01450	[mu,kappa]: [(41.93393,85.16236),64.75607]
	5449.92735	   0.01716	[mu,kappa]: [(39.84477,87.98072),278.00000]
	4142.60055	   0.01305	[mu,kappa]: [(40.76623,87.04054),162.59735]
	5863.56889	   0.01846	[mu,kappa]: [(40.33401,87.79573),278.00000]
	5802.43030	   0.01827	[mu,kappa]: [(40.07514,87.90355),278.00000]
	4948.79177	   0.01558	[mu,kappa]: [(40.52584,87.66854),278.00000]
	4309.89391	   0.01357	[mu,kappa]: [(40.11989,87.53103),208.69190]
	5737.84019	   0.01807	[mu,kappa]: [(40.19582,87.85005),278.00000]
	4043.49461	   0.01273	[mu,kappa]: [(41.05355,86.64739),126.94290]
	5697.82290	   0.01794	[mu,kappa]: [(40.29754,87.79984),278.00000]
	4550.57052	   0.01433	[mu,kappa]: [(39.94145,87.74682),253.97630]
	4759.71909	   0.01499	[mu,kappa]: [(40.61089,87.55891),278.00000]
	5482.60030	   0.01726	[mu,kappa]: [(40.45192,87.73231),278.00000]
	5350.06656	   0.01685	[mu,kappa]: [(40.53228,87.69302),278.00000]
	5685.97190	   0.01791	[mu,kappa]: [(40.14641,87.86917),278.00000]
	4892.28605	   0.01541	[mu,kappa]: [(40.19933,87.78522),278.00000]
	4279.01583	   0.01348	[mu,kappa]: [(39.38296,87.73826),185.05662]
	5853.52051	   0.01843	[mu,kappa]: [(39.96254,87.94527),278.00000]
	4290.56250	   0.01351	[mu,kappa]: [(40.30805,87.49306),220.22827]
	4203.28790	   0.01324	[mu,kappa]: [(40.32827,87.34593),185.24964]
	5107.40311	   0.01608	[mu,kappa]: [(40.39206,87.72830),278.00000]
	4618.18832	   0.01454	[mu,kappa]: [(40.15607,87.74795),278.00000]
	5383.73113	   0.01695	[mu,kappa]: [(40.44494,87.73365),278.00000]
	5848.32898	   0.01842	[mu,kappa]: [(40.20504,87.84722),278.00000]
	4153.52265	   0.01308	[mu,kappa]: [(40.22583,87.28465),165.21791]
	4038.90023	   0.01272	[mu,kappa]: [(40.32241,87.14890),150.25009]
	5242.46737	   0.01651	[mu,kappa]: [(39.90050,87.95508),278.00000]
	4807.93874	   0.01514	[mu,kappa]: [(42.47888,84.79379),61.06925]
	5468.92189	   0.01722	[mu,kappa]: [(40.25013,87.81758),278.00000]
	4053.40552	   0.01276	[mu,kappa]: [(41.78562,85.99268),99.28684]
	4162.22129	   0.01311	[mu,kappa]: [(41.59922,86.46389),132.90120]
	4986.90332	   0.01570	[mu,kappa]: [(40.50409,87.66055),278.00000]
			msglen: 5269078.85343 bits.
Iteration #: 6
	4887.01614	   0.01539	[mu,kappa]: [(40.55185,87.65178),278.00000]
	5270.80614	   0.01660	[mu,kappa]: [(39.44234,88.13205),278.00000]
	5106.32861	   0.01608	[mu,kappa]: [(40.17392,87.83203),278.00000]
	4168.54786	   0.01313	[mu,kappa]: [(40.20381,87.49422),212.05716]
	4419.51054	   0.01392	[mu,kappa]: [(40.34952,87.61405),274.60855]
	5389.46592	   0.01697	[mu,kappa]: [(39.78338,87.99874),278.00000]
	5403.60039	   0.01702	[mu,kappa]: [(40.49425,87.70933),278.00000]
	9506.39872	   0.02993	[mu,kappa]: [(51.10155,80.66130),65.74319]
	4129.71553	   0.01301	[mu,kappa]: [(42.95585,85.96691),149.98596]
	5151.51302	   0.01622	[mu,kappa]: [(40.67102,87.62319),278.00000]
	5399.11094	   0.01700	[mu,kappa]: [(40.53288,87.69121),278.00000]
	5437.16220	   0.01712	[mu,kappa]: [(40.09884,87.87259),278.00000]
	5763.24053	   0.01815	[mu,kappa]: [(40.25067,87.81582),278.00000]
	5065.60944	   0.01595	[mu,kappa]: [(40.27394,87.78351),278.00000]
	5431.14329	   0.01710	[mu,kappa]: [(40.12050,87.86578),278.00000]
	4258.28924	   0.01341	[mu,kappa]: [(40.16207,86.05113),69.97612]
	4883.23004	   0.01538	[mu,kappa]: [(40.13815,87.82939),278.00000]
	4046.45164	   0.01274	[mu,kappa]: [(41.44077,86.94923),207.28592]
	6264.83788	   0.01973	[mu,kappa]: [(40.05706,87.89732),278.00000]
	4475.12374	   0.01409	[mu,kappa]: [(40.01023,87.77066),278.00000]
	5313.93012	   0.01673	[mu,kappa]: [(40.56278,87.67822),278.00000]
	5554.84867	   0.01749	[mu,kappa]: [(40.38434,87.75497),278.00000]
	3955.54512	   0.01246	[mu,kappa]: [(39.19894,87.01457),96.16069]
	5321.50933	   0.01676	[mu,kappa]: [(40.21881,87.81547),278.00000]
	5653.02303	   0.01780	[mu,kappa]: [(40.18695,87.83863),278.00000]
	4873.81569	   0.01535	[mu,kappa]: [(40.67002,87.61479),278.00000]
	6007.23026	   0.01892	[mu,kappa]: [(40.03708,87.90548),278.00000]
	4741.28550	   0.01493	[mu,kappa]: [(40.50405,87.66294),278.00000]
	9227.28600	   0.02906	[mu,kappa]: [(34.35523,80.97518),10.21260]
	5282.91442	   0.01664	[mu,kappa]: [(37.27143,86.49040),52.85729]
	4557.07043	   0.01435	[mu,kappa]: [(42.25160,84.93497),62.90480]
	5504.76933	   0.01733	[mu,kappa]: [(39.68093,88.04334),278.00000]
	3981.41197	   0.01254	[mu,kappa]: [(40.85566,87.01798),168.15676]
	5898.69405	   0.01858	[mu,kappa]: [(40.31055,87.79153),278.00000]
	5845.18676	   0.01841	[mu,kappa]: [(39.97685,87.92955),278.00000]
	4979.15806	   0.01568	[mu,kappa]: [(40.56317,87.66585),278.00000]
	4206.66969	   0.01325	[mu,kappa]: [(39.97964,87.63624),225.97523]
	5775.17466	   0.01819	[mu,kappa]: [(40.13308,87.86356),278.00000]
	3882.80684	   0.01223	[mu,kappa]: [(41.22280,86.54482),125.98828]
	5732.46275	   0.01805	[mu,kappa]: [(40.26515,87.80545),278.00000]
	4537.01329	   0.01429	[mu,kappa]: [(39.79929,87.87149),278.00000]
	4790.60733	   0.01509	[mu,kappa]: [(40.68218,87.58342),278.00000]
	5515.25498	   0.01737	[mu,kappa]: [(40.46391,87.72164),278.00000]
	5382.91428	   0.01695	[mu,kappa]: [(40.56769,87.67599),278.00000]
	5724.70460	   0.01803	[mu,kappa]: [(40.06953,87.88919),278.00000]
	4923.78011	   0.01551	[mu,kappa]: [(40.14619,87.83025),278.00000]
	4213.81111	   0.01327	[mu,kappa]: [(38.82466,87.98883),193.59158]
	5903.35911	   0.01859	[mu,kappa]: [(39.83185,87.98711),278.00000]
	4201.53797	   0.01323	[mu,kappa]: [(40.26110,87.56783),242.11434]
	4063.59502	   0.01280	[mu,kappa]: [(40.23876,87.41463),195.63000]
	5137.71478	   0.01618	[mu,kappa]: [(40.39105,87.73909),278.00000]
	4648.51785	   0.01464	[mu,kappa]: [(40.09784,87.82588),278.00000]
	5415.76801	   0.01705	[mu,kappa]: [(40.45517,87.72457),278.00000]
	5886.08364	   0.01854	[mu,kappa]: [(40.14482,87.85915),278.00000]
	3999.99858	   0.01260	[mu,kappa]: [(40.03273,87.37406),169.64205]
	3879.40877	   0.01222	[mu,kappa]: [(40.13136,87.21911),151.34338]
	5291.08977	   0.01666	[mu,kappa]: [(39.75359,88.01234),278.00000]
	4791.71718	   0.01509	[mu,kappa]: [(43.13675,84.46030),60.69016]
	5503.08113	   0.01733	[mu,kappa]: [(40.20439,87.82973),278.00000]
	3946.95138	   0.01243	[mu,kappa]: [(42.31408,85.71051),97.97423]
	4029.02764	   0.01269	[mu,kappa]: [(42.10229,86.24514),135.79259]
	5017.16897	   0.01580	[mu,kappa]: [(40.53764,87.66891),278.00000]
			msglen: 5262534.62767 bits.
Iteration #: 7
	4908.85711	   0.01546	[mu,kappa]: [(40.62073,87.63698),278.00000]
	5344.17641	   0.01683	[mu,kappa]: [(39.18237,88.23592),278.00000]
	5126.80167	   0.01614	[mu,kappa]: [(40.13294,87.84834),278.00000]
	4059.82991	   0.01278	[mu,kappa]: [(40.12484,87.58194),231.71546]
	4428.20387	   0.01394	[mu,kappa]: [(40.37598,87.67884),278.00000]
	5429.82306	   0.01710	[mu,kappa]: [(39.62667,88.05804),278.00000]
	5425.92724	   0.01709	[mu,kappa]: [(40.54262,87.68423),278.00000]
	11662.36374	   0.03672	[mu,kappa]: [(52.79968,80.16011),96.91996]
	4163.53089	   0.01311	[mu,kappa]: [(43.90181,85.65248),173.10977]
	5179.01545	   0.01631	[mu,kappa]: [(40.76972,87.58477),278.00000]
	5422.46594	   0.01708	[mu,kappa]: [(40.59224,87.66283),278.00000]
	5460.88652	   0.01720	[mu,kappa]: [(40.03485,87.89281),278.00000]
	5785.09479	   0.01822	[mu,kappa]: [(40.22964,87.81552),278.00000]
	5084.69393	   0.01601	[mu,kappa]: [(40.26260,87.79190),278.00000]
	5454.20968	   0.01718	[mu,kappa]: [(40.06252,87.88242),278.00000]
	4101.49188	   0.01292	[mu,kappa]: [(38.98276,86.46565),69.97403]
	4903.48616	   0.01544	[mu,kappa]: [(40.08916,87.85856),278.00000]
	3981.48901	   0.01254	[mu,kappa]: [(41.82431,86.85994),232.59097]
	6293.77675	   0.01982	[mu,kappa]: [(39.97990,87.91865),278.00000]
	4496.05521	   0.01416	[mu,kappa]: [(39.93875,87.87062),278.00000]
	5337.85473	   0.01681	[mu,kappa]: [(40.63048,87.64679),278.00000]
	5575.90561	   0.01756	[mu,kappa]: [(40.40198,87.74220),278.00000]
	3911.31920	   0.01232	[mu,kappa]: [(37.80279,87.50099),95.56688]
	5342.08126	   0.01682	[mu,kappa]: [(40.19047,87.82560),278.00000]
	5675.40160	   0.01787	[mu,kappa]: [(40.14812,87.84743),278.00000]
	4899.87525	   0.01543	[mu,kappa]: [(40.76964,87.58086),278.00000]
	6035.85350	   0.01901	[mu,kappa]: [(39.95409,87.92918),278.00000]
	4761.26352	   0.01499	[mu,kappa]: [(40.56086,87.65782),278.00000]
	7704.00990	   0.02426	[mu,kappa]: [(31.44771,81.16854),9.74272]
	5701.60747	   0.01795	[mu,kappa]: [(34.14692,87.82128),62.88131]
	4274.51130	   0.01346	[mu,kappa]: [(42.28854,84.95794),65.41494]
	5554.80332	   0.01749	[mu,kappa]: [(39.49296,88.11366),278.00000]
	3815.28991	   0.01201	[mu,kappa]: [(40.98531,87.00209),178.52102]
	5920.69489	   0.01864	[mu,kappa]: [(40.30651,87.78415),278.00000]
	5875.92766	   0.01850	[mu,kappa]: [(39.87628,87.96069),278.00000]
	5001.68131	   0.01575	[mu,kappa]: [(40.63263,87.64045),278.00000]
	4128.70752	   0.01300	[mu,kappa]: [(39.83594,87.75445),249.18198]
	5799.31652	   0.01826	[mu,kappa]: [(40.07834,87.87725),278.00000]
	3687.20896	   0.01161	[mu,kappa]: [(41.40393,86.47692),129.68355]
	5754.07175	   0.01812	[mu,kappa]: [(40.24885,87.80569),278.00000]
	4568.39052	   0.01439	[mu,kappa]: [(39.66327,87.98953),278.00000]
	4816.89236	   0.01517	[mu,kappa]: [(40.78866,87.56120),278.00000]
	5537.34967	   0.01744	[mu,kappa]: [(40.50388,87.70007),278.00000]
	5407.30982	   0.01703	[mu,kappa]: [(40.63677,87.64411),278.00000]
	5750.70176	   0.01811	[mu,kappa]: [(39.99641,87.91056),278.00000]
	4944.04296	   0.01557	[mu,kappa]: [(40.09897,87.85640),278.00000]
	4231.95566	   0.01333	[mu,kappa]: [(38.06719,88.32412),205.05541]
	5943.73764	   0.01872	[mu,kappa]: [(39.68856,88.03646),278.00000]
	4145.29661	   0.01305	[mu,kappa]: [(40.24055,87.64416),272.02909]
	3931.48125	   0.01238	[mu,kappa]: [(40.14360,87.49996),210.41621]
	5157.31360	   0.01624	[mu,kappa]: [(40.41233,87.73211),278.00000]
	4668.65328	   0.01470	[mu,kappa]: [(40.03984,87.86984),278.00000]
	5437.30575	   0.01712	[mu,kappa]: [(40.49280,87.70433),278.00000]
	5910.35666	   0.01861	[mu,kappa]: [(40.09342,87.87125),278.00000]
	3847.36300	   0.01212	[mu,kappa]: [(39.76248,87.50708),176.74239]
	3712.26409	   0.01169	[mu,kappa]: [(39.83183,87.34692),154.84204]
	5333.03435	   0.01679	[mu,kappa]: [(39.58773,88.07452),278.00000]
	4506.29676	   0.01419	[mu,kappa]: [(43.62778,84.35610),65.47806]
	5524.57068	   0.01740	[mu,kappa]: [(40.17080,87.83736),278.00000]
	3771.31957	   0.01188	[mu,kappa]: [(42.89911,85.49735),103.93645]
	3900.67330	   0.01228	[mu,kappa]: [(42.74425,86.02598),147.46732]
	5039.12634	   0.01587	[mu,kappa]: [(40.60107,87.65011),278.00000]
			msglen: 5253987.90486 bits.
Iteration #: 8
	4922.99182	   0.01550	[mu,kappa]: [(40.73668,87.59552),278.00000]
	5414.81358	   0.01705	[mu,kappa]: [(38.89859,88.34801),278.00000]
	5129.86947	   0.01615	[mu,kappa]: [(40.11923,87.85297),278.00000]
	3968.56097	   0.01250	[mu,kappa]: [(40.09656,87.66313),260.95421]
	4432.81644	   0.01396	[mu,kappa]: [(40.43623,87.69204),278.00000]
	5453.77018	   0.01717	[mu,kappa]: [(39.47175,88.11750),278.00000]
	5437.35413	   0.01712	[mu,kappa]: [(40.63661,87.64336),278.00000]
	13724.31857	   0.04322	[mu,kappa]: [(53.23624,80.00040),119.93754]
	4416.23670	   0.01391	[mu,kappa]: [(44.85227,85.40372),218.97137]
	5203.17543	   0.01639	[mu,kappa]: [(40.92201,87.52363),278.00000]
	5436.35170	   0.01712	[mu,kappa]: [(40.69908,87.61732),278.00000]
	5465.43300	   0.01721	[mu,kappa]: [(39.99389,87.90599),278.00000]
	5788.45553	   0.01823	[mu,kappa]: [(40.24109,87.80632),278.00000]
	5087.97793	   0.01602	[mu,kappa]: [(40.28417,87.78418),278.00000]
	5458.25381	   0.01719	[mu,kappa]: [(40.02899,87.89210),278.00000]
	3867.99427	   0.01218	[mu,kappa]: [(37.36344,87.12253),75.84041]
	4906.80482	   0.01545	[mu,kappa]: [(40.06458,87.87179),278.00000]
	4006.87736	   0.01262	[mu,kappa]: [(42.29694,86.75598),272.39888]
	6300.45143	   0.01984	[mu,kappa]: [(39.92341,87.93619),278.00000]
	4501.60222	   0.01418	[mu,kappa]: [(39.87927,87.92506),278.00000]
	5353.60806	   0.01686	[mu,kappa]: [(40.74711,87.59750),278.00000]
	5582.22289	   0.01758	[mu,kappa]: [(40.45941,87.71595),278.00000]
	3954.06090	   0.01245	[mu,kappa]: [(35.94821,88.22036),104.61581]
	5345.09591	   0.01683	[mu,kappa]: [(40.19219,87.82359),278.00000]
	5678.65641	   0.01788	[mu,kappa]: [(40.13783,87.84777),278.00000]
	4922.79715	   0.01550	[mu,kappa]: [(40.92243,87.52167),278.00000]
	6043.10750	   0.01903	[mu,kappa]: [(39.89049,87.94957),278.00000]
	4772.23594	   0.01503	[mu,kappa]: [(40.66200,87.62441),278.00000]
	6077.49863	   0.01914	[mu,kappa]: [(29.82793,79.93321),8.46735]
	6874.66070	   0.02165	[mu,kappa]: [(31.00582,89.33113),93.16931]
	3782.41680	   0.01191	[mu,kappa]: [(42.26596,85.12160),72.98391]
	5590.97834	   0.01761	[mu,kappa]: [(39.29950,88.18779),278.00000]
	3647.95385	   0.01149	[mu,kappa]: [(41.21827,86.97168),197.42386]
	5925.04429	   0.01866	[mu,kappa]: [(40.33842,87.76665),278.00000]
	5886.03627	   0.01854	[mu,kappa]: [(39.79115,87.98985),278.00000]
	5016.63568	   0.01580	[mu,kappa]: [(40.75052,87.59363),278.00000]
	4077.78417	   0.01284	[mu,kappa]: [(39.73125,87.86867),278.00000]
	5803.33219	   0.01827	[mu,kappa]: [(40.04896,87.88456),278.00000]
	3450.19114	   0.01087	[mu,kappa]: [(41.69742,86.41533),141.14990]
	5757.56861	   0.01813	[mu,kappa]: [(40.26569,87.79540),278.00000]
	4585.78198	   0.01444	[mu,kappa]: [(39.52563,88.07166),278.00000]
	4840.84305	   0.01524	[mu,kappa]: [(40.94773,87.50592),278.00000]
	5547.26400	   0.01747	[mu,kappa]: [(40.58788,87.66327),278.00000]
	5423.62540	   0.01708	[mu,kappa]: [(40.75500,87.59422),278.00000]
	5756.38175	   0.01813	[mu,kappa]: [(39.94464,87.92695),278.00000]
	4947.28460	   0.01558	[mu,kappa]: [(40.07682,87.86764),278.00000]
	4359.65318	   0.01373	[mu,kappa]: [(37.17832,88.72303),225.07921]
	5965.09760	   0.01878	[mu,kappa]: [(39.55077,88.08709),278.00000]
	4134.74926	   0.01302	[mu,kappa]: [(40.27287,87.70978),278.00000]
	3803.37257	   0.01198	[mu,kappa]: [(40.09674,87.58163),233.30557]
	5163.50806	   0.01626	[mu,kappa]: [(40.47323,87.70767),278.00000]
	4672.46823	   0.01471	[mu,kappa]: [(40.00295,87.89291),278.00000]
	5446.59931	   0.01715	[mu,kappa]: [(40.57397,87.66883),278.00000]
	5914.22572	   0.01862	[mu,kappa]: [(40.06812,87.87683),278.00000]
	3681.79282	   0.01159	[mu,kappa]: [(39.48277,87.65966),189.56508]
	3519.92917	   0.01108	[mu,kappa]: [(39.50027,87.50584),163.46186]
	5359.57690	   0.01688	[mu,kappa]: [(39.42160,88.13810),278.00000]
	4012.45466	   0.01264	[mu,kappa]: [(44.12813,84.39015),77.25196]
	5527.67771	   0.01741	[mu,kappa]: [(40.16674,87.83563),278.00000]
	3547.50101	   0.01117	[mu,kappa]: [(43.61103,85.34259),121.47311]
	3826.64323	   0.01205	[mu,kappa]: [(43.52637,85.81870),174.18488]
	5052.57500	   0.01591	[mu,kappa]: [(40.71135,87.60818),278.00000]
			msglen: 5243794.40829 bits.
Iteration #: 9
	4918.77384	   0.01549	[mu,kappa]: [(40.88789,87.53632),278.00000]
	5466.66223	   0.01721	[mu,kappa]: [(38.61299,88.46473),278.00000]
	5102.17812	   0.01607	[mu,kappa]: [(40.12983,87.84867),278.00000]
	3908.90857	   0.01231	[mu,kappa]: [(40.11886,87.73728),278.00000]
	4415.05982	   0.01390	[mu,kappa]: [(40.52374,87.67326),278.00000]
	5445.35319	   0.01715	[mu,kappa]: [(39.32725,88.17599),278.00000]
	5425.70547	   0.01709	[mu,kappa]: [(40.76492,87.58985),278.00000]
	14949.80110	   0.04707	[mu,kappa]: [(53.22191,79.96886),129.79979]
	5051.68716	   0.01591	[mu,kappa]: [(45.63063,85.24579),278.00000]
	5213.55178	   0.01642	[mu,kappa]: [(41.11280,87.44602),278.00000]
	5428.86171	   0.01710	[mu,kappa]: [(40.84125,87.55838),278.00000]
	5436.15339	   0.01712	[mu,kappa]: [(39.97479,87.91280),278.00000]
	5758.70458	   0.01813	[mu,kappa]: [(40.27963,87.78891),278.00000]
	5062.76618	   0.01594	[mu,kappa]: [(40.33321,87.76494),278.00000]
	5428.75912	   0.01710	[mu,kappa]: [(40.01812,87.89532),278.00000]
	3537.14566	   0.01114	[mu,kappa]: [(35.95203,87.70296),89.06421]
	4880.23731	   0.01537	[mu,kappa]: [(40.06279,87.87445),278.00000]
	4172.65505	   0.01314	[mu,kappa]: [(42.77778,86.65657),278.00000]
	6267.71370	   0.01974	[mu,kappa]: [(39.88744,87.94909),278.00000]
	4478.97296	   0.01410	[mu,kappa]: [(39.83638,87.95665),278.00000]
	5349.66980	   0.01685	[mu,kappa]: [(40.89982,87.53432),278.00000]
	5560.55852	   0.01751	[mu,kappa]: [(40.54803,87.67866),278.00000]
	4033.69597	   0.01270	[mu,kappa]: [(34.30954,88.93290),130.36868]
	5316.88972	   0.01674	[mu,kappa]: [(40.21973,87.81214),278.00000]
	5648.06730	   0.01779	[mu,kappa]: [(40.15247,87.84052),278.00000]
	4932.70200	   0.01553	[mu,kappa]: [(41.11353,87.44489),278.00000]
	6012.43398	   0.01893	[mu,kappa]: [(39.84671,87.96568),278.00000]
	4763.58764	   0.01500	[mu,kappa]: [(40.79700,87.57277),278.00000]
	4614.71790	   0.01453	[mu,kappa]: [(29.71787,76.74548),6.75760]
	9057.40896	   0.02852	[mu,kappa]: [(29.18974,90.36434),147.02027]
	3236.36036	   0.01019	[mu,kappa]: [(42.60087,85.16149),86.54440]
	5596.68898	   0.01762	[mu,kappa]: [(39.11277,88.26325),278.00000]
	3502.52611	   0.01103	[mu,kappa]: [(41.55620,86.91872),228.10994]
	5897.17160	   0.01857	[mu,kappa]: [(40.39934,87.74003),278.00000]
	5859.07722	   0.01845	[mu,kappa]: [(39.72366,88.01574),278.00000]
	5013.24174	   0.01579	[mu,kappa]: [(40.90429,87.53135),278.00000]
	4059.51171	   0.01278	[mu,kappa]: [(39.66704,87.97246),278.00000]
	5771.85492	   0.01818	[mu,kappa]: [(40.04271,87.88556),278.00000]
	3208.87939	   0.01011	[mu,kappa]: [(42.17707,86.31207),162.68497]
	5728.51236	   0.01804	[mu,kappa]: [(40.31001,87.77609),278.00000]
	4575.50052	   0.01441	[mu,kappa]: [(39.39715,88.13671),278.00000]
	4852.81598	   0.01528	[mu,kappa]: [(41.14490,87.42953),278.00000]
	5532.36927	   0.01742	[mu,kappa]: [(40.70537,87.61422),278.00000]
	5420.22466	   0.01707	[mu,kappa]: [(40.90945,87.53035),278.00000]
	5726.14900	   0.01803	[mu,kappa]: [(39.91378,87.93808),278.00000]
	4920.49044	   0.01549	[mu,kappa]: [(40.07780,87.86870),278.00000]
	4607.56333	   0.01451	[mu,kappa]: [(36.34275,89.13374),265.25218]
	5950.14939	   0.01874	[mu,kappa]: [(39.42532,88.13690),278.00000]
	4114.14002	   0.01296	[mu,kappa]: [(40.32908,87.73042),278.00000]
	3687.20980	   0.01161	[mu,kappa]: [(40.11288,87.65394),269.37461]
	5144.10495	   0.01620	[mu,kappa]: [(40.56530,87.67038),278.00000]
	4647.42837	   0.01464	[mu,kappa]: [(39.98715,87.90348),278.00000]
	5431.19209	   0.01710	[mu,kappa]: [(40.68837,87.62112),278.00000]
	5882.09932	   0.01852	[mu,kappa]: [(40.06637,87.87594),278.00000]
	3493.33815	   0.01100	[mu,kappa]: [(39.26881,87.80702),213.02529]
	3286.96327	   0.01035	[mu,kappa]: [(39.24821,87.65549),181.30431]
	5354.95635	   0.01686	[mu,kappa]: [(39.26482,88.20146),278.00000]
	3553.71314	   0.01119	[mu,kappa]: [(44.87922,84.35823),98.76301]
	5498.17707	   0.01731	[mu,kappa]: [(40.18816,87.82579),278.00000]
	3403.33209	   0.01072	[mu,kappa]: [(44.45661,85.18501),153.61309]
	3913.37854	   0.01232	[mu,kappa]: [(44.33791,85.63362),218.53518]
	5046.49714	   0.01589	[mu,kappa]: [(40.85672,87.55015),278.00000]
			msglen: 5233519.32382 bits.
Iteration #: 10
	4894.72778	   0.01541	[mu,kappa]: [(41.02595,87.47877),278.00000]
	5510.98683	   0.01735	[mu,kappa]: [(38.34809,88.57805),278.00000]
	5052.17081	   0.01591	[mu,kappa]: [(40.13467,87.84640),278.00000]
	3870.27706	   0.01219	[mu,kappa]: [(40.13493,87.79214),278.00000]
	4378.15285	   0.01379	[mu,kappa]: [(40.60014,87.64826),278.00000]
	5418.32210	   0.01706	[mu,kappa]: [(39.18776,88.23508),278.00000]
	5391.43398	   0.01698	[mu,kappa]: [(40.88153,87.53970),278.00000]
	15426.88403	   0.04858	[mu,kappa]: [(53.19187,79.91054),131.50764]
	6027.99368	   0.01898	[mu,kappa]: [(46.15647,85.16705),278.00000]
	5204.65230	   0.01639	[mu,kappa]: [(41.28854,87.37159),278.00000]
	5399.17841	   0.01700	[mu,kappa]: [(40.97099,87.50278),278.00000]
	5383.52272	   0.01695	[mu,kappa]: [(39.95174,87.92194),278.00000]
	5703.60717	   0.01796	[mu,kappa]: [(40.31104,87.77458),278.00000]
	5015.27786	   0.01579	[mu,kappa]: [(40.37438,87.74757),278.00000]
	5375.79916	   0.01693	[mu,kappa]: [(40.00282,87.90105),278.00000]
	3115.81255	   0.00981	[mu,kappa]: [(35.06809,88.01886),109.54161]
	4832.45892	   0.01522	[mu,kappa]: [(40.05581,87.87806),278.00000]
	4363.54924	   0.01374	[mu,kappa]: [(43.20311,86.53027),278.00000]
	6208.46989	   0.01955	[mu,kappa]: [(39.84860,87.96460),278.00000]
	4437.61882	   0.01397	[mu,kappa]: [(39.78984,87.98257),278.00000]
	5324.24141	   0.01677	[mu,kappa]: [(41.03958,87.47453),278.00000]
	5514.79382	   0.01737	[mu,kappa]: [(40.62692,87.64445),278.00000]
	4067.79418	   0.01281	[mu,kappa]: [(33.41482,89.43939),176.88697]
	5265.31024	   0.01658	[mu,kappa]: [(40.24061,87.80295),278.00000]
	5592.73490	   0.01761	[mu,kappa]: [(40.16124,87.83599),278.00000]
	4924.37761	   0.01551	[mu,kappa]: [(41.28949,87.37080),278.00000]
	5956.55261	   0.01876	[mu,kappa]: [(39.80053,87.98433),278.00000]
	4735.23930	   0.01491	[mu,kappa]: [(40.91958,87.52217),278.00000]
	3761.74661	   0.01185	[mu,kappa]: [(29.60284,73.23984),5.67701]
	11131.49716	   0.03505	[mu,kappa]: [(28.65130,90.81427),194.38310]
	2767.75872	   0.00872	[mu,kappa]: [(43.19728,85.04404),105.93107]
	5586.01942	   0.01759	[mu,kappa]: [(38.93502,88.33864),278.00000]
	3413.81219	   0.01075	[mu,kappa]: [(41.88043,86.88284),273.29216]
	5843.41040	   0.01840	[mu,kappa]: [(40.45198,87.71666),278.00000]
	5808.32214	   0.01829	[mu,kappa]: [(39.65533,88.04387),278.00000]
	4989.73939	   0.01571	[mu,kappa]: [(41.04493,87.47179),278.00000]
	4025.56035	   0.01268	[mu,kappa]: [(39.59594,88.03745),278.00000]
	5715.35186	   0.01800	[mu,kappa]: [(40.03179,87.88928),278.00000]
	3013.94767	   0.00949	[mu,kappa]: [(42.69946,86.20302),194.70080]
	5674.24276	   0.01787	[mu,kappa]: [(40.34687,87.75966),278.00000]
	4548.94637	   0.01433	[mu,kappa]: [(39.27140,88.19579),278.00000]
	4847.13082	   0.01526	[mu,kappa]: [(41.32635,87.35444),278.00000]
	5494.10249	   0.01730	[mu,kappa]: [(40.81168,87.56843),278.00000]
	5395.11735	   0.01699	[mu,kappa]: [(41.05085,87.46988),278.00000]
	5671.57554	   0.01786	[mu,kappa]: [(39.87971,87.95171),278.00000]
	4872.27606	   0.01534	[mu,kappa]: [(40.07346,87.87098),278.00000]
	5018.96195	   0.01581	[mu,kappa]: [(35.76337,89.49046),278.00000]
	5913.72776	   0.01862	[mu,kappa]: [(39.30333,88.18809),278.00000]
	4075.62352	   0.01283	[mu,kappa]: [(40.37367,87.73091),278.00000]
	3630.09500	   0.01143	[mu,kappa]: [(40.13653,87.73905),278.00000]
	5102.45582	   0.01607	[mu,kappa]: [(40.64736,87.63548),278.00000]
	4602.38688	   0.01449	[mu,kappa]: [(39.96680,87.91377),278.00000]
	5392.76235	   0.01698	[mu,kappa]: [(40.79175,87.57660),278.00000]
	5824.39971	   0.01834	[mu,kappa]: [(40.05969,87.87784),278.00000]
	3321.77715	   0.01046	[mu,kappa]: [(39.11658,87.95777),253.41249]
	3047.90785	   0.00960	[mu,kappa]: [(39.08593,87.79853),213.23193]
	5332.74049	   0.01679	[mu,kappa]: [(39.11416,88.26528),278.00000]
	3270.76848	   0.01030	[mu,kappa]: [(45.63615,84.27985),129.92537]
	5444.53904	   0.01715	[mu,kappa]: [(40.20332,87.81863),278.00000]
	3411.99282	   0.01075	[mu,kappa]: [(45.19365,85.06523),198.34470]
	4192.48078	   0.01320	[mu,kappa]: [(44.97909,85.51443),277.06725]
	5019.88289	   0.01581	[mu,kappa]: [(40.98933,87.49434),278.00000]
			msglen: 5227326.42291 bits.
Iteration #: 11
	4863.52109	   0.01532	[mu,kappa]: [(41.12604,87.43167),278.00000]
	5573.03730	   0.01755	[mu,kappa]: [(38.11139,88.67746),278.00000]
	5002.77750	   0.01575	[mu,kappa]: [(40.11738,87.84954),278.00000]
	3832.43569	   0.01207	[mu,kappa]: [(40.12340,87.82125),278.00000]
	4338.04441	   0.01366	[mu,kappa]: [(40.64517,87.62793),278.00000]
	5401.48143	   0.01701	[mu,kappa]: [(39.04826,88.29139),278.00000]
	5350.57745	   0.01685	[mu,kappa]: [(40.96272,87.49998),278.00000]
	15340.34386	   0.04830	[mu,kappa]: [(53.26567,79.77258),128.56451]
	6953.97205	   0.02190	[mu,kappa]: [(46.51392,85.08435),278.00000]
	5185.96869	   0.01633	[mu,kappa]: [(41.42209,87.30961),278.00000]
	5362.08861	   0.01689	[mu,kappa]: [(41.06383,87.45809),278.00000]
	5333.39414	   0.01680	[mu,kappa]: [(39.91027,87.93537),278.00000]
	5647.33564	   0.01778	[mu,kappa]: [(40.31703,87.76727),278.00000]
	4966.17115	   0.01564	[mu,kappa]: [(40.38886,87.73709),278.00000]
	5324.82159	   0.01677	[mu,kappa]: [(39.96808,87.91151),278.00000]
	2761.57691	   0.00870	[mu,kappa]: [(34.52500,88.18393),134.53069]
	4785.98043	   0.01507	[mu,kappa]: [(40.02818,87.88608),278.00000]
	4538.01801	   0.01429	[mu,kappa]: [(43.54398,86.40524),278.00000]
	6153.31739	   0.01938	[mu,kappa]: [(39.79357,87.98377),278.00000]
	4399.67797	   0.01386	[mu,kappa]: [(39.72777,88.00805),278.00000]
	5290.90624	   0.01666	[mu,kappa]: [(41.14129,87.42602),278.00000]
	5464.73436	   0.01721	[mu,kappa]: [(40.67471,87.61917),278.00000]
	4172.02418	   0.01314	[mu,kappa]: [(33.10654,89.80510),242.71328]
	5213.33206	   0.01642	[mu,kappa]: [(40.23734,87.79996),278.00000]
	5537.80587	   0.01744	[mu,kappa]: [(40.14741,87.83736),278.00000]
	4906.78850	   0.01545	[mu,kappa]: [(41.42320,87.30895),278.00000]
	5905.13505	   0.01860	[mu,kappa]: [(39.73922,88.00623),278.00000]
	4700.80117	   0.01480	[mu,kappa]: [(41.00593,87.48120),278.00000]
	3466.61272	   0.01092	[mu,kappa]: [(28.61864,71.37359),5.36139]
	12095.27657	   0.03809	[mu,kappa]: [(28.56031,90.96266),217.30358]
	2436.57432	   0.00767	[mu,kappa]: [(43.77400,84.90540),128.70603]
	5588.31315	   0.01760	[mu,kappa]: [(38.76473,88.40841),278.00000]
	3423.61431	   0.01078	[mu,kappa]: [(42.11533,86.89302),278.00000]
	5786.93737	   0.01822	[mu,kappa]: [(40.47663,87.70125),278.00000]
	5763.50313	   0.01815	[mu,kappa]: [(39.57513,88.07402),278.00000]
	4958.78267	   0.01562	[mu,kappa]: [(41.14739,87.42324),278.00000]
	3996.26793	   0.01258	[mu,kappa]: [(39.51122,88.08586),278.00000]
	5660.64598	   0.01783	[mu,kappa]: [(40.00086,87.89802),278.00000]
	2902.74599	   0.00914	[mu,kappa]: [(43.13074,86.14225),236.62675]
	5618.43034	   0.01769	[mu,kappa]: [(40.35763,87.75039),278.00000]
	4530.26501	   0.01427	[mu,kappa]: [(39.14281,88.24998),278.00000]
	4832.05409	   0.01522	[mu,kappa]: [(41.46484,87.29114),278.00000]
	5449.78118	   0.01716	[mu,kappa]: [(40.88375,87.53266),278.00000]
	5361.89863	   0.01688	[mu,kappa]: [(41.15401,87.42076),278.00000]
	5620.40706	   0.01770	[mu,kappa]: [(39.82877,87.96916),278.00000]
	4825.21124	   0.01519	[mu,kappa]: [(40.04815,87.87790),278.00000]
	5480.71150	   0.01726	[mu,kappa]: [(35.38749,89.72482),278.00000]
	5887.19823	   0.01854	[mu,kappa]: [(39.17821,88.23792),278.00000]
	4035.82167	   0.01271	[mu,kappa]: [(40.38987,87.72857),278.00000]
	3594.34990	   0.01132	[mu,kappa]: [(40.13073,87.79317),278.00000]
	5056.64720	   0.01592	[mu,kappa]: [(40.69790,87.60930),278.00000]
	4559.35206	   0.01436	[mu,kappa]: [(39.92753,87.92729),278.00000]
	5348.57501	   0.01684	[mu,kappa]: [(40.86120,87.54197),278.00000]
	5768.22688	   0.01816	[mu,kappa]: [(40.03243,87.88497),278.00000]
	3250.74671	   0.01024	[mu,kappa]: [(38.98728,88.13028),278.00000]
	2885.30850	   0.00909	[mu,kappa]: [(38.95305,87.96879),261.74188]
	5321.24988	   0.01676	[mu,kappa]: [(38.96558,88.32554),278.00000]
	3161.39910	   0.00996	[mu,kappa]: [(46.20033,84.24139),167.64356]
	5390.86659	   0.01698	[mu,kappa]: [(40.19507,87.81761),278.00000]
	3563.30566	   0.01122	[mu,kappa]: [(45.71097,85.01349),251.96654]
	4641.62209	   0.01462	[mu,kappa]: [(45.40426,85.46522),278.00000]
	4986.22861	   0.01570	[mu,kappa]: [(41.08464,87.44905),278.00000]
			msglen: 5223996.46808 bits.
Iteration #: 12
	4833.65697	   0.01522	[mu,kappa]: [(41.19892,87.39369),278.00000]
	5642.13802	   0.01777	[mu,kappa]: [(37.91575,88.75496),278.00000]
	4960.66095	   0.01562	[mu,kappa]: [(40.09218,87.85396),278.00000]
	3800.20286	   0.01197	[mu,kappa]: [(40.10133,87.83769),278.00000]
	4301.91754	   0.01355	[mu,kappa]: [(40.67176,87.61158),278.00000]
	5394.77463	   0.01699	[mu,kappa]: [(38.92419,88.33822),278.00000]
	5312.44921	   0.01673	[mu,kappa]: [(41.01982,87.46854),278.00000]
	14889.06329	   0.04688	[mu,kappa]: [(53.43924,79.57206),124.03722]
	7752.67467	   0.02441	[mu,kappa]: [(46.74494,85.00619),278.00000]
	5166.32628	   0.01627	[mu,kappa]: [(41.52289,87.25913),278.00000]
	5326.96735	   0.01677	[mu,kappa]: [(41.13067,87.42241),278.00000]
	5291.85706	   0.01666	[mu,kappa]: [(39.86509,87.94831),278.00000]
	5598.26101	   0.01763	[mu,kappa]: [(40.31121,87.76315),278.00000]
	4923.03607	   0.01550	[mu,kappa]: [(40.39010,87.73015),278.00000]
	5282.20692	   0.01663	[mu,kappa]: [(39.92844,87.92204),278.00000]
	2511.44068	   0.00791	[mu,kappa]: [(34.19657,88.37600),164.28136]
	4746.80389	   0.01495	[mu,kappa]: [(39.99439,87.89439),278.00000]
	4690.53245	   0.01477	[mu,kappa]: [(43.80557,86.29518),278.00000]
	6108.53014	   0.01924	[mu,kappa]: [(39.73725,88.00143),278.00000]
	4369.30777	   0.01376	[mu,kappa]: [(39.66550,88.02979),278.00000]
	5258.91383	   0.01656	[mu,kappa]: [(41.21555,87.38710),278.00000]
	5419.50248	   0.01707	[mu,kappa]: [(40.70383,87.59993),278.00000]
	4442.02320	   0.01399	[mu,kappa]: [(33.06894,90.12318),278.00000]
	5168.38991	   0.01628	[mu,kappa]: [(40.22378,87.79933),278.00000]
	5490.79243	   0.01729	[mu,kappa]: [(40.12510,87.84041),278.00000]
	4888.28273	   0.01539	[mu,kappa]: [(41.52413,87.25852),278.00000]
	5863.84465	   0.01847	[mu,kappa]: [(39.67774,88.02611),278.00000]
	4668.47465	   0.01470	[mu,kappa]: [(41.06729,87.44835),278.00000]
	3389.19246	   0.01067	[mu,kappa]: [(27.48473,70.75093),5.36939]
	12291.95611	   0.03871	[mu,kappa]: [(28.51185,90.98879),223.58742]
	2213.06260	   0.00697	[mu,kappa]: [(44.26644,84.82699),154.79377]
	5600.69369	   0.01764	[mu,kappa]: [(38.61702,88.46532),278.00000]
	3440.52228	   0.01083	[mu,kappa]: [(42.29082,86.87260),278.00000]
	5736.89010	   0.01807	[mu,kappa]: [(40.48639,87.69037),278.00000]
	5729.01345	   0.01804	[mu,kappa]: [(39.49828,88.10052),278.00000]
	4929.03871	   0.01552	[mu,kappa]: [(41.22226,87.38417),278.00000]
	3974.25272	   0.01252	[mu,kappa]: [(39.42985,88.12188),278.00000]
	5614.69483	   0.01768	[mu,kappa]: [(39.96436,87.90716),278.00000]
	2885.32193	   0.00909	[mu,kappa]: [(43.44547,86.14347),278.00000]
	5569.55264	   0.01754	[mu,kappa]: [(40.35577,87.74459),278.00000]
	4520.10519	   0.01423	[mu,kappa]: [(39.02716,88.29445),278.00000]
	4815.74181	   0.01517	[mu,kappa]: [(41.56969,87.23927),278.00000]
	5408.82395	   0.01703	[mu,kappa]: [(40.93320,87.50456),278.00000]
	5329.93918	   0.01678	[mu,kappa]: [(41.22949,87.38130),278.00000]
	5578.58759	   0.01757	[mu,kappa]: [(39.77579,87.98541),278.00000]
	4785.43383	   0.01507	[mu,kappa]: [(40.01627,87.88535),278.00000]
	5884.37566	   0.01853	[mu,kappa]: [(35.15195,89.85338),278.00000]
	5871.73792	   0.01849	[mu,kappa]: [(39.06541,88.27984),278.00000]
	4000.86691	   0.01260	[mu,kappa]: [(40.39201,87.72542),278.00000]
	3564.02708	   0.01122	[mu,kappa]: [(40.11184,87.82120),278.00000]
	5015.16227	   0.01579	[mu,kappa]: [(40.72931,87.58921),278.00000]
	4523.60689	   0.01425	[mu,kappa]: [(39.88410,87.93997),278.00000]
	5307.84949	   0.01671	[mu,kappa]: [(40.90847,87.51483),278.00000]
	5720.83738	   0.01802	[mu,kappa]: [(39.99898,87.89280),278.00000]
	3247.26600	   0.01023	[mu,kappa]: [(38.87503,88.26878),278.00000]
	2844.06099	   0.00896	[mu,kappa]: [(38.84696,88.16723),278.00000]
	5319.68041	   0.01675	[mu,kappa]: [(38.83447,88.37536),278.00000]
	3171.34507	   0.00999	[mu,kappa]: [(46.58557,84.25122),210.40670]
	5344.67584	   0.01683	[mu,kappa]: [(40.17739,87.81868),278.00000]
	3829.20597	   0.01206	[mu,kappa]: [(46.03705,85.01634),278.00000]
	5040.19371	   0.01587	[mu,kappa]: [(45.70073,85.39835),278.00000]
	4954.25368	   0.01560	[mu,kappa]: [(41.15352,87.41269),278.00000]
			msglen: 5222103.41434 bits.
Iteration #: 13
	4808.59845	   0.01514	[mu,kappa]: [(41.25108,87.36480),278.00000]
	5713.41200	   0.01799	[mu,kappa]: [(37.75700,88.81310),278.00000]
	4928.22106	   0.01552	[mu,kappa]: [(40.06480,87.85951),278.00000]
	3775.37271	   0.01189	[mu,kappa]: [(40.07578,87.84887),278.00000]
	4272.61721	   0.01345	[mu,kappa]: [(40.68634,87.59994),278.00000]
	5397.36118	   0.01700	[mu,kappa]: [(38.81809,88.37609),278.00000]
	5280.82152	   0.01663	[mu,kappa]: [(41.05925,87.44514),278.00000]
	14273.84462	   0.04495	[mu,kappa]: [(53.68004,79.34206),119.83761]
	8406.31730	   0.02647	[mu,kappa]: [(46.89689,84.92948),278.00000]
	5149.31036	   0.01622	[mu,kappa]: [(41.59754,87.22000),278.00000]
	5297.62638	   0.01668	[mu,kappa]: [(41.17798,87.39552),278.00000]
	5260.94960	   0.01657	[mu,kappa]: [(39.82157,87.96061),278.00000]
	5559.54131	   0.01751	[mu,kappa]: [(40.29956,87.76193),278.00000]
	4888.77372	   0.01540	[mu,kappa]: [(40.38417,87.72660),278.00000]
	5250.14272	   0.01653	[mu,kappa]: [(39.88939,87.93245),278.00000]
	2348.69444	   0.00740	[mu,kappa]: [(34.03521,88.69005),203.73718]
	4717.03289	   0.01485	[mu,kappa]: [(39.96005,87.90296),278.00000]
	4817.67870	   0.01517	[mu,kappa]: [(44.00127,86.20304),278.00000]
	6076.08284	   0.01913	[mu,kappa]: [(39.68475,88.01742),278.00000]
	4347.76073	   0.01369	[mu,kappa]: [(39.60815,88.04852),278.00000]
	5232.03143	   0.01648	[mu,kappa]: [(41.26886,87.35754),278.00000]
	5382.71772	   0.01695	[mu,kappa]: [(40.72056,87.58650),278.00000]
	4758.44118	   0.01498	[mu,kappa]: [(33.10583,90.32630),278.00000]
	5133.24310	   0.01616	[mu,kappa]: [(40.20584,87.80087),278.00000]
	5454.42238	   0.01718	[mu,kappa]: [(40.10007,87.84491),278.00000]
	4872.25181	   0.01534	[mu,kappa]: [(41.59887,87.21939),278.00000]
	5834.39987	   0.01837	[mu,kappa]: [(39.62112,88.04382),278.00000]
	4641.58857	   0.01462	[mu,kappa]: [(41.11014,87.42366),278.00000]
	3339.74298	   0.01052	[mu,kappa]: [(26.52549,70.48788),5.42759]
	12119.76077	   0.03816	[mu,kappa]: [(28.43024,90.96023),222.89152]
	2068.89047	   0.00652	[mu,kappa]: [(44.67795,84.82075),185.43581]
	5621.11692	   0.01770	[mu,kappa]: [(38.49287,88.51030),278.00000]
	3454.19426	   0.01088	[mu,kappa]: [(42.42143,86.83956),278.00000]
	5696.80866	   0.01794	[mu,kappa]: [(40.48740,87.68372),278.00000]
	5705.98002	   0.01797	[mu,kappa]: [(39.42934,88.12331),278.00000]
	4904.03820	   0.01544	[mu,kappa]: [(41.27605,87.35446),278.00000]
	3960.12292	   0.01247	[mu,kappa]: [(39.35693,88.14992),278.00000]
	5579.91308	   0.01757	[mu,kappa]: [(39.92786,87.91649),278.00000]
	2945.99966	   0.00928	[mu,kappa]: [(43.65620,86.17755),278.00000]
	5530.83202	   0.01742	[mu,kappa]: [(40.34735,87.74202),278.00000]
	4518.06658	   0.01423	[mu,kappa]: [(38.92753,88.33033),278.00000]
	4801.50234	   0.01512	[mu,kappa]: [(41.64757,87.19886),278.00000]
	5375.02980	   0.01693	[mu,kappa]: [(40.96644,87.48389),278.00000]
	5303.05633	   0.01670	[mu,kappa]: [(41.28377,87.35130),278.00000]
	5548.02720	   0.01747	[mu,kappa]: [(39.72600,88.00030),278.00000]
	4755.10926	   0.01497	[mu,kappa]: [(39.98349,87.89325),278.00000]
	6224.52924	   0.01960	[mu,kappa]: [(34.99968,89.91690),278.00000]
	5866.97244	   0.01848	[mu,kappa]: [(38.96808,88.31417),278.00000]
	3973.11361	   0.01251	[mu,kappa]: [(40.38659,87.72367),278.00000]
	3540.66516	   0.01115	[mu,kappa]: [(40.08819,87.83780),278.00000]
	4981.37481	   0.01569	[mu,kappa]: [(40.74790,87.57503),278.00000]
	4496.93372	   0.01416	[mu,kappa]: [(39.84196,87.95192),278.00000]
	5274.29933	   0.01661	[mu,kappa]: [(40.93994,87.49495),278.00000]
	5684.77739	   0.01790	[mu,kappa]: [(39.96494,87.90108),278.00000]
	3249.97177	   0.01023	[mu,kappa]: [(38.77370,88.35082),278.00000]
	2846.10125	   0.00896	[mu,kappa]: [(38.75358,88.30390),278.00000]
	5326.88437	   0.01677	[mu,kappa]: [(38.72294,88.41538),278.00000]
	3267.05132	   0.01029	[mu,kappa]: [(46.84108,84.28801),256.31196]
	5308.72905	   0.01672	[mu,kappa]: [(40.15611,87.82159),278.00000]
	4107.41504	   0.01293	[mu,kappa]: [(46.24641,85.01654),278.00000]
	5371.22851	   0.01691	[mu,kappa]: [(45.90690,85.32712),278.00000]
	4927.50570	   0.01552	[mu,kappa]: [(41.20247,87.38518),278.00000]
			msglen: 5221042.98762 bits.
Iteration #: 14
	4790.53036	   0.01509	[mu,kappa]: [(41.29076,87.34304),278.00000]
	5782.47954	   0.01821	[mu,kappa]: [(37.62739,88.85775),278.00000]
	4905.03165	   0.01545	[mu,kappa]: [(40.04076,87.86530),278.00000]
	3757.63270	   0.01183	[mu,kappa]: [(40.05288,87.85729),278.00000]
	4251.03659	   0.01339	[mu,kappa]: [(40.69613,87.59182),278.00000]
	5405.95537	   0.01702	[mu,kappa]: [(38.72997,88.40683),278.00000]
	5257.67434	   0.01656	[mu,kappa]: [(41.08888,87.42784),278.00000]
	13614.77552	   0.04287	[mu,kappa]: [(53.95955,79.10623),116.51864]
	8929.43179	   0.02812	[mu,kappa]: [(46.99808,84.85436),278.00000]
	5137.92685	   0.01618	[mu,kappa]: [(41.65478,87.19002),278.00000]
	5276.31519	   0.01662	[mu,kappa]: [(41.21384,87.37542),278.00000]
	5239.61083	   0.01650	[mu,kappa]: [(39.78440,87.97172),278.00000]
	5531.32087	   0.01742	[mu,kappa]: [(40.28828,87.76238),278.00000]
	4863.70925	   0.01532	[mu,kappa]: [(40.37750,87.72516),278.00000]
	5227.73732	   0.01646	[mu,kappa]: [(39.85587,87.94209),278.00000]
	2279.43663	   0.00718	[mu,kappa]: [(33.98029,89.11010),259.35320]
	4696.02432	   0.01479	[mu,kappa]: [(39.93035,87.91111),278.00000]
	4923.56181	   0.01550	[mu,kappa]: [(44.14582,86.12800),278.00000]
	6054.36551	   0.01907	[mu,kappa]: [(39.64027,88.03145),278.00000]
	4333.73488	   0.01365	[mu,kappa]: [(39.55967,88.06448),278.00000]
	5212.67300	   0.01641	[mu,kappa]: [(41.30944,87.33528),278.00000]
	5355.58858	   0.01687	[mu,kappa]: [(40.73212,87.57719),278.00000]
	5016.23689	   0.01580	[mu,kappa]: [(33.14859,90.41770),278.00000]
	5107.79448	   0.01608	[mu,kappa]: [(40.18947,87.80348),278.00000]
	5428.31571	   0.01709	[mu,kappa]: [(40.07794,87.84988),278.00000]
	4861.54227	   0.01531	[mu,kappa]: [(41.65619,87.18940),278.00000]
	5815.08635	   0.01831	[mu,kappa]: [(39.57326,88.05918),278.00000]
	4621.98361	   0.01456	[mu,kappa]: [(41.14247,87.40525),278.00000]
	3272.37716	   0.01031	[mu,kappa]: [(25.68795,70.21951),5.46134]
	11798.53969	   0.03715	[mu,kappa]: [(28.31024,90.91122),219.68782]
	1988.97901	   0.00626	[mu,kappa]: [(45.00234,84.86991),221.71882]
	5645.66470	   0.01778	[mu,kappa]: [(38.39022,88.54621),278.00000]
	3467.15482	   0.01092	[mu,kappa]: [(42.51986,86.80593),278.00000]
	5667.35114	   0.01785	[mu,kappa]: [(40.48633,87.67984),278.00000]
	5692.24442	   0.01793	[mu,kappa]: [(39.37145,88.14262),278.00000]
	4886.05798	   0.01539	[mu,kappa]: [(41.31701,87.33206),278.00000]
	3952.25776	   0.01245	[mu,kappa]: [(39.29559,88.17229),278.00000]
	5555.45427	   0.01749	[mu,kappa]: [(39.89641,87.92527),278.00000]
	2998.06606	   0.00944	[mu,kappa]: [(43.80852,86.17387),278.00000]
	5502.53862	   0.01733	[mu,kappa]: [(40.33866,87.74138),278.00000]
	4521.56083	   0.01424	[mu,kappa]: [(38.84461,88.35944),278.00000]
	4792.22066	   0.01509	[mu,kappa]: [(41.70730,87.16780),278.00000]
	5350.19877	   0.01685	[mu,kappa]: [(40.99116,87.46879),278.00000]
	5283.72819	   0.01664	[mu,kappa]: [(41.32513,87.32869),278.00000]
	5527.36097	   0.01741	[mu,kappa]: [(39.68371,88.01345),278.00000]
	4733.64209	   0.01491	[mu,kappa]: [(39.95505,87.90087),278.00000]
	6515.44463	   0.02052	[mu,kappa]: [(34.89023,89.94788),278.00000]
	5869.62204	   0.01848	[mu,kappa]: [(38.88706,88.34227),278.00000]
	3952.83199	   0.01245	[mu,kappa]: [(40.38023,87.72307),278.00000]
	3523.96341	   0.01110	[mu,kappa]: [(40.06651,87.84873),278.00000]
	4956.46591	   0.01561	[mu,kappa]: [(40.76093,87.56511),278.00000]
	4478.46907	   0.01410	[mu,kappa]: [(39.80590,87.96270),278.00000]
	5249.62964	   0.01653	[mu,kappa]: [(40.96325,87.48048),278.00000]
	5659.28442	   0.01782	[mu,kappa]: [(39.93549,87.90905),278.00000]
	3256.29886	   0.01025	[mu,kappa]: [(38.68715,88.40317),278.00000]
	2851.82447	   0.00898	[mu,kappa]: [(38.67067,88.38295),278.00000]
	5339.46566	   0.01681	[mu,kappa]: [(38.63043,88.44770),278.00000]
	3425.23857	   0.01079	[mu,kappa]: [(46.99925,84.34187),278.00000]
	5282.79900	   0.01664	[mu,kappa]: [(40.13702,87.82531),278.00000]
	4333.13526	   0.01365	[mu,kappa]: [(46.38917,84.99238),278.00000]
	5639.49111	   0.01776	[mu,kappa]: [(46.04982,85.25821),278.00000]
	4908.12665	   0.01546	[mu,kappa]: [(41.23962,87.36454),278.00000]
			msglen: 5220227.00438 bits.
Iteration #: 15
	4776.92444	   0.01504	[mu,kappa]: [(41.32348,87.32605),278.00000]
	5841.40840	   0.01839	[mu,kappa]: [(37.52203,88.89244),278.00000]
	4886.43410	   0.01539	[mu,kappa]: [(40.02310,87.87004),278.00000]
	3743.43023	   0.01179	[mu,kappa]: [(40.03599,87.86323),278.00000]
	4234.06461	   0.01333	[mu,kappa]: [(40.70552,87.58548),278.00000]
	5413.54765	   0.01705	[mu,kappa]: [(38.65937,88.43119),278.00000]
	5239.86682	   0.01650	[mu,kappa]: [(41.11384,87.41438),278.00000]
	12987.73319	   0.04090	[mu,kappa]: [(54.25130,78.88299),114.11520]
	9352.40768	   0.02945	[mu,kappa]: [(47.07209,84.77967),278.00000]
	5130.10860	   0.01616	[mu,kappa]: [(41.70090,87.16657),278.00000]
	5260.10896	   0.01656	[mu,kappa]: [(41.24362,87.35974),278.00000]
	5222.44418	   0.01645	[mu,kappa]: [(39.75604,87.98068),278.00000]
	5508.79168	   0.01735	[mu,kappa]: [(40.28091,87.76291),278.00000]
	4843.75930	   0.01525	[mu,kappa]: [(40.37383,87.72418),278.00000]
	5209.72110	   0.01641	[mu,kappa]: [(39.83049,87.94988),278.00000]
	2323.34691	   0.00732	[mu,kappa]: [(33.97267,89.54508),278.00000]
	4679.15380	   0.01474	[mu,kappa]: [(39.90808,87.91771),278.00000]
	5011.00873	   0.01578	[mu,kappa]: [(44.25399,86.06690),278.00000]
	6036.88090	   0.01901	[mu,kappa]: [(39.60593,88.04271),278.00000]
	4322.47871	   0.01361	[mu,kappa]: [(39.52202,88.07717),278.00000]
	5198.12078	   0.01637	[mu,kappa]: [(41.34285,87.31792),278.00000]
	5334.26013	   0.01680	[mu,kappa]: [(40.74293,87.57002),278.00000]
	5232.90949	   0.01648	[mu,kappa]: [(33.17993,90.45630),278.00000]
	5087.43846	   0.01602	[mu,kappa]: [(40.17800,87.80571),278.00000]
	5407.38137	   0.01703	[mu,kappa]: [(40.06182,87.85398),278.00000]
	4854.20061	   0.01529	[mu,kappa]: [(41.70236,87.16594),278.00000]
	5799.55015	   0.01826	[mu,kappa]: [(39.53614,88.07150),278.00000]
	4606.98434	   0.01451	[mu,kappa]: [(41.16952,87.39089),278.00000]
	3187.52571	   0.01004	[mu,kappa]: [(24.92992,69.87330),5.46327]
	11435.13871	   0.03601	[mu,kappa]: [(28.15305,90.86024),215.63489]
	1964.87021	   0.00619	[mu,kappa]: [(45.23810,84.95670),264.24951]
	5666.72202	   0.01784	[mu,kappa]: [(38.30744,88.57454),278.00000]
	3479.00504	   0.01096	[mu,kappa]: [(42.59585,86.77552),278.00000]
	5643.96575	   0.01777	[mu,kappa]: [(40.48714,87.67695),278.00000]
	5681.26617	   0.01789	[mu,kappa]: [(39.32604,88.15804),278.00000]
	4872.56348	   0.01534	[mu,kappa]: [(41.35072,87.31458),278.00000]
	3946.03780	   0.01243	[mu,kappa]: [(39.24724,88.18964),278.00000]
	5535.78832	   0.01743	[mu,kappa]: [(39.87272,87.93240),278.00000]
	3041.71529	   0.00958	[mu,kappa]: [(43.92070,86.15449),278.00000]
	5479.98133	   0.01726	[mu,kappa]: [(40.33338,87.74106),278.00000]
	4524.82567	   0.01425	[mu,kappa]: [(38.77836,88.38246),278.00000]
	4786.05567	   0.01507	[mu,kappa]: [(41.75530,87.14347),278.00000]
	5330.95483	   0.01679	[mu,kappa]: [(41.01230,87.45705),278.00000]
	5269.22850	   0.01659	[mu,kappa]: [(41.35913,87.31105),278.00000]
	5510.72829	   0.01735	[mu,kappa]: [(39.65117,88.02403),278.00000]
	4716.40770	   0.01485	[mu,kappa]: [(39.93381,87.90705),278.00000]
	6761.16347	   0.02129	[mu,kappa]: [(34.80319,89.96454),278.00000]
	5872.25715	   0.01849	[mu,kappa]: [(38.82241,88.36460),278.00000]
	3936.70849	   0.01240	[mu,kappa]: [(40.37676,87.72249),278.00000]
	3510.60168	   0.01106	[mu,kappa]: [(40.05043,87.85582),278.00000]
	4936.91685	   0.01555	[mu,kappa]: [(40.77291,87.55745),278.00000]
	4463.63011	   0.01406	[mu,kappa]: [(39.77845,87.97136),278.00000]
	5230.47749	   0.01647	[mu,kappa]: [(40.98329,87.46924),278.00000]
	5638.79426	   0.01776	[mu,kappa]: [(39.91344,87.91553),278.00000]
	3261.89128	   0.01027	[mu,kappa]: [(38.61669,88.43822),278.00000]
	2856.98247	   0.00900	[mu,kappa]: [(38.60177,88.43108),278.00000]
	5350.40766	   0.01685	[mu,kappa]: [(38.55616,88.47329),278.00000]
	3589.31643	   0.01130	[mu,kappa]: [(47.10460,84.37906),278.00000]
	5262.03199	   0.01657	[mu,kappa]: [(40.12337,87.82842),278.00000]
	4516.33585	   0.01422	[mu,kappa]: [(46.49232,84.95446),278.00000]
	5856.79943	   0.01844	[mu,kappa]: [(46.15360,85.19254),278.00000]
	4893.43958	   0.01541	[mu,kappa]: [(41.27039,87.34844),278.00000]
			msglen: 5219704.42240 bits.
Iteration #: 16
	4766.95841	   0.01501	[mu,kappa]: [(41.34971,87.31323),278.00000]
	5894.93524	   0.01856	[mu,kappa]: [(37.43224,88.92091),278.00000]
	4872.22773	   0.01534	[mu,kappa]: [(40.00919,87.87433),278.00000]
	3732.60410	   0.01175	[mu,kappa]: [(40.02264,87.86805),278.00000]
	4221.13669	   0.01329	[mu,kappa]: [(40.71352,87.58094),278.00000]
	5421.82396	   0.01707	[mu,kappa]: [(38.60046,88.45135),278.00000]
	5226.54055	   0.01646	[mu,kappa]: [(41.13408,87.40432),278.00000]
	12415.82523	   0.03910	[mu,kappa]: [(54.53839,78.68008),112.41184]
	9696.48984	   0.03053	[mu,kappa]: [(47.13178,84.70609),278.00000]
	5124.96046	   0.01614	[mu,kappa]: [(41.73734,87.14874),278.00000]
	5248.11570	   0.01653	[mu,kappa]: [(41.26760,87.34797),278.00000]
	5209.49967	   0.01641	[mu,kappa]: [(39.73327,87.98835),278.00000]
	5491.50112	   0.01729	[mu,kappa]: [(40.27543,87.76386),278.00000]
	4828.46333	   0.01521	[mu,kappa]: [(40.37135,87.72393),278.00000]
	5196.06598	   0.01636	[mu,kappa]: [(39.81019,87.95661),278.00000]
	2402.63951	   0.00757	[mu,kappa]: [(33.96159,89.83616),278.00000]
	4666.32651	   0.01469	[mu,kappa]: [(39.89037,87.92348),278.00000]
	5081.65202	   0.01600	[mu,kappa]: [(44.33526,86.01775),278.00000]
	6023.88109	   0.01897	[mu,kappa]: [(39.57813,88.05224),278.00000]
	4314.25606	   0.01359	[mu,kappa]: [(39.49143,88.08779),278.00000]
	5187.47713	   0.01634	[mu,kappa]: [(41.36963,87.30482),278.00000]
	5318.00159	   0.01675	[mu,kappa]: [(40.75206,87.56489),278.00000]
	5429.38298	   0.01710	[mu,kappa]: [(33.19878,90.46906),278.00000]
	5071.83592	   0.01597	[mu,kappa]: [(40.16918,87.80800),278.00000]
	5391.36116	   0.01698	[mu,kappa]: [(40.04919,87.85777),278.00000]
	4849.37998	   0.01527	[mu,kappa]: [(41.73884,87.14810),278.00000]
	5788.12575	   0.01823	[mu,kappa]: [(39.50601,88.08188),278.00000]
	4595.82379	   0.01447	[mu,kappa]: [(41.19137,87.38013),278.00000]
	3091.40094	   0.00974	[mu,kappa]: [(24.24866,69.43467),5.43538]
	11038.61266	   0.03476	[mu,kappa]: [(27.97837,90.81630),211.56990]
	1990.30249	   0.00627	[mu,kappa]: [(45.38805,85.07219),278.00000]
	5686.80371	   0.01791	[mu,kappa]: [(38.23782,88.59793),278.00000]
	3489.35323	   0.01099	[mu,kappa]: [(42.65402,86.75023),278.00000]
	5626.03396	   0.01772	[mu,kappa]: [(40.48827,87.67520),278.00000]
	5673.66586	   0.01787	[mu,kappa]: [(39.28888,88.17094),278.00000]
	4862.71237	   0.01531	[mu,kappa]: [(41.37771,87.30139),278.00000]
	3941.97669	   0.01241	[mu,kappa]: [(39.20752,88.20383),278.00000]
	5520.83994	   0.01739	[mu,kappa]: [(39.85383,87.93860),278.00000]
	3077.25915	   0.00969	[mu,kappa]: [(44.00381,86.13067),278.00000]
	5462.66922	   0.01720	[mu,kappa]: [(40.32960,87.74132),278.00000]
	4529.08669	   0.01426	[mu,kappa]: [(38.72324,88.40148),278.00000]
	4782.17736	   0.01506	[mu,kappa]: [(41.79315,87.12495),278.00000]
	5316.45565	   0.01674	[mu,kappa]: [(41.02956,87.44835),278.00000]
	5258.64521	   0.01656	[mu,kappa]: [(41.38636,87.29774),278.00000]
	5498.30430	   0.01731	[mu,kappa]: [(39.62489,88.03300),278.00000]
	4703.28790	   0.01481	[mu,kappa]: [(39.91696,87.91249),278.00000]
	6981.59526	   0.02198	[mu,kappa]: [(34.72683,89.97514),278.00000]
	5876.38289	   0.01850	[mu,kappa]: [(38.76869,88.38309),278.00000]
	3924.36790	   0.01236	[mu,kappa]: [(40.37441,87.72242),278.00000]
	3500.41957	   0.01102	[mu,kappa]: [(40.03768,87.86112),278.00000]
	4922.03786	   0.01550	[mu,kappa]: [(40.78296,87.55193),278.00000]
	4452.43934	   0.01402	[mu,kappa]: [(39.75643,87.97877),278.00000]
	5216.02626	   0.01643	[mu,kappa]: [(40.99969,87.46092),278.00000]
	5623.18675	   0.01771	[mu,kappa]: [(39.89590,87.92121),278.00000]
	3267.79125	   0.01029	[mu,kappa]: [(38.55727,88.46375),278.00000]
	2862.40618	   0.00901	[mu,kappa]: [(38.54293,88.46308),278.00000]
	5361.57401	   0.01688	[mu,kappa]: [(38.49404,88.49445),278.00000]
	3724.69515	   0.01173	[mu,kappa]: [(47.18764,84.38384),278.00000]
	5246.12303	   0.01652	[mu,kappa]: [(40.11276,87.83142),278.00000]
	4664.60611	   0.01469	[mu,kappa]: [(46.57156,84.90968),278.00000]
	6031.85943	   0.01899	[mu,kappa]: [(46.23276,85.13114),278.00000]
	4882.61015	   0.01538	[mu,kappa]: [(41.29513,87.33632),278.00000]
			msglen: 5219371.55090 bits.
			N: 317555
		16.43612 bpr
Null model msglen: 7488920.11043 bits.	(23.58306 bpr)
