Iteration #: 0
	4933.00000	   0.01553	[mu,kappa]: [(40.51335,87.16133),117.53303]
	4995.00000	   0.01573	[mu,kappa]: [(40.48388,87.01050),98.84052]
	5033.00000	   0.01585	[mu,kappa]: [(40.41205,87.11497),129.44907]
	5026.00000	   0.01583	[mu,kappa]: [(40.43835,87.08643),128.62528]
	4916.00000	   0.01548	[mu,kappa]: [(40.46654,87.07781),121.56102]
	4926.00000	   0.01551	[mu,kappa]: [(40.47437,87.06872),113.11081]
	4988.00000	   0.01571	[mu,kappa]: [(40.45429,87.25712),116.60555]
	4885.00000	   0.01538	[mu,kappa]: [(40.44928,87.10239),113.14741]
	4833.00000	   0.01522	[mu,kappa]: [(40.51772,87.10580),120.62042]
	4876.00000	   0.01535	[mu,kappa]: [(40.30300,87.13376),115.00787]
	5011.00000	   0.01578	[mu,kappa]: [(40.44250,87.11603),119.65762]
	4921.00000	   0.01550	[mu,kappa]: [(40.57631,87.19147),112.73178]
	4901.00000	   0.01543	[mu,kappa]: [(40.53063,87.12098),114.44080]
	4906.00000	   0.01545	[mu,kappa]: [(40.54549,87.04433),117.99813]
	4973.00000	   0.01566	[mu,kappa]: [(40.56645,87.11592),115.56182]
	5058.00000	   0.01593	[mu,kappa]: [(40.46009,86.98969),112.40728]
	5067.00000	   0.01596	[mu,kappa]: [(40.61161,87.08523),121.18415]
	4940.00000	   0.01556	[mu,kappa]: [(40.48154,87.13425),124.22426]
	4966.00000	   0.01564	[mu,kappa]: [(40.65847,87.15342),113.84820]
	5026.00000	   0.01583	[mu,kappa]: [(40.44237,87.12358),122.71840]
	4956.00000	   0.01561	[mu,kappa]: [(40.51391,87.06192),127.87724]
	5114.00000	   0.01610	[mu,kappa]: [(40.38299,87.08544),114.72024]
	4948.00000	   0.01558	[mu,kappa]: [(40.33206,87.10798),118.41594]
	4959.00000	   0.01562	[mu,kappa]: [(40.65505,87.15525),121.42301]
	5051.00000	   0.01591	[mu,kappa]: [(40.44985,87.07250),114.27511]
	4895.00000	   0.01541	[mu,kappa]: [(40.40591,87.19259),119.82841]
	4911.00000	   0.01547	[mu,kappa]: [(40.65036,87.18311),120.81373]
	5091.00000	   0.01603	[mu,kappa]: [(40.36171,87.06683),118.61707]
	4921.00000	   0.01550	[mu,kappa]: [(40.30256,87.12016),123.18641]
	5062.00000	   0.01594	[mu,kappa]: [(40.52735,87.10011),111.03002]
	5019.00000	   0.01581	[mu,kappa]: [(40.38957,87.20563),124.48675]
	5008.00000	   0.01577	[mu,kappa]: [(40.52764,87.09587),111.14269]
	4872.00000	   0.01534	[mu,kappa]: [(40.49554,87.23023),117.03584]
	4921.00000	   0.01550	[mu,kappa]: [(40.51652,87.14309),107.76152]
	5008.00000	   0.01577	[mu,kappa]: [(40.50926,87.10491),124.73374]
	5096.00000	   0.01605	[mu,kappa]: [(40.50360,87.07602),117.76169]
	4960.00000	   0.01562	[mu,kappa]: [(40.54418,87.07561),110.62389]
	4914.00000	   0.01547	[mu,kappa]: [(40.38069,87.19349),106.77112]
	4951.00000	   0.01559	[mu,kappa]: [(40.38905,87.11185),114.17492]
	5055.00000	   0.01592	[mu,kappa]: [(40.32964,87.25373),112.15439]
	4885.00000	   0.01538	[mu,kappa]: [(40.59931,86.94156),101.77272]
	4955.00000	   0.01560	[mu,kappa]: [(40.49300,87.07295),113.80212]
	4943.00000	   0.01557	[mu,kappa]: [(40.47862,87.16410),122.36327]
	4935.00000	   0.01554	[mu,kappa]: [(40.61737,86.98005),114.64076]
	4893.00000	   0.01541	[mu,kappa]: [(40.45736,87.12889),103.00725]
	4956.00000	   0.01561	[mu,kappa]: [(40.47867,87.19246),119.98334]
	4833.00000	   0.01522	[mu,kappa]: [(40.41898,87.17863),135.03296]
	5010.00000	   0.01578	[mu,kappa]: [(40.55913,87.04002),104.58468]
	4965.00000	   0.01564	[mu,kappa]: [(40.34238,87.16355),111.42874]
	4844.00000	   0.01525	[mu,kappa]: [(40.47924,87.16130),123.64689]
	4963.00000	   0.01563	[mu,kappa]: [(40.55494,87.08379),106.12846]
	4898.00000	   0.01542	[mu,kappa]: [(40.46189,87.12600),114.30567]
	4922.00000	   0.01550	[mu,kappa]: [(40.63435,86.96580),117.55449]
	5054.00000	   0.01592	[mu,kappa]: [(40.71184,87.01252),116.89530]
	4912.00000	   0.01547	[mu,kappa]: [(40.52453,87.13291),127.80898]
	5005.00000	   0.01576	[mu,kappa]: [(40.55323,87.14860),133.13068]
	5049.00000	   0.01590	[mu,kappa]: [(40.42243,87.13765),118.56602]
	4922.00000	   0.01550	[mu,kappa]: [(40.58937,87.03290),110.71775]
	4975.00000	   0.01567	[mu,kappa]: [(40.32480,87.11569),114.18421]
	4882.00000	   0.01537	[mu,kappa]: [(40.47292,87.04431),124.98390]
	4929.00000	   0.01552	[mu,kappa]: [(40.29682,87.16081),118.86506]
	4951.00000	   0.01559	[mu,kappa]: [(40.47798,87.20312),122.95619]
	5000.00000	   0.01575	[mu,kappa]: [(40.57026,87.07337),116.61056]
	4982.00000	   0.01569	[mu,kappa]: [(40.42945,87.15128),119.50796]
			msglen: 0.00000 bits.
Iteration #: 1
	4905.46338	   0.01545	[mu,kappa]: [(40.54816,87.21057),150.84447]
	5514.00491	   0.01736	[mu,kappa]: [(39.36952,84.79973),13.64256]
	5145.50187	   0.01620	[mu,kappa]: [(40.41262,87.40406),195.56785]
	5126.69159	   0.01614	[mu,kappa]: [(40.44392,87.37782),192.62894]
	4928.69936	   0.01552	[mu,kappa]: [(40.49330,87.27400),167.29477]
	4865.32574	   0.01532	[mu,kappa]: [(40.52785,87.07492),128.25834]
	4951.59740	   0.01559	[mu,kappa]: [(40.46490,87.24778),147.41898]
	4824.83547	   0.01519	[mu,kappa]: [(40.48795,87.09980),128.70411]
	4836.02917	   0.01523	[mu,kappa]: [(40.54886,87.24924),163.56168]
	4827.23790	   0.01520	[mu,kappa]: [(40.29692,87.22443),138.57571]
	5003.52220	   0.01576	[mu,kappa]: [(40.46657,87.26373),159.93235]
	4859.00084	   0.01530	[mu,kappa]: [(40.64354,87.06479),127.03220]
	4848.98991	   0.01527	[mu,kappa]: [(40.58921,87.11127),135.65569]
	4882.42664	   0.01538	[mu,kappa]: [(40.60308,87.16562),151.91967]
	4928.72137	   0.01552	[mu,kappa]: [(40.62979,87.12516),141.10632]
	4992.14168	   0.01572	[mu,kappa]: [(40.52263,87.02681),123.70522]
	5076.82228	   0.01599	[mu,kappa]: [(40.65276,87.21675),165.19332]
	4984.63960	   0.01570	[mu,kappa]: [(40.49252,87.32741),177.68315]
	4911.00976	   0.01547	[mu,kappa]: [(40.75242,87.05009),132.42923]
	5052.98727	   0.01591	[mu,kappa]: [(40.45699,87.31626),172.16367]
	5045.15185	   0.01589	[mu,kappa]: [(40.52451,87.33680),189.69611]
	5060.53288	   0.01594	[mu,kappa]: [(40.40598,87.16714),136.90177]
	4927.63754	   0.01552	[mu,kappa]: [(40.34312,87.27895),154.67117]
	4972.10252	   0.01566	[mu,kappa]: [(40.68781,87.22938),166.39174]
	4995.47897	   0.01573	[mu,kappa]: [(40.49409,87.12235),134.52447]
	4890.12948	   0.01540	[mu,kappa]: [(40.41326,87.30713),161.26599]
	4917.45946	   0.01549	[mu,kappa]: [(40.68223,87.23026),164.22277]
	5071.58096	   0.01597	[mu,kappa]: [(40.38377,87.25716),155.25653]
	4952.59412	   0.01560	[mu,kappa]: [(40.30771,87.37020),174.17174]
	4992.21381	   0.01572	[mu,kappa]: [(40.59610,86.98763),116.53446]
	5068.60430	   0.01596	[mu,kappa]: [(40.38592,87.38651),179.40178]
	4939.24772	   0.01555	[mu,kappa]: [(40.59742,86.99038),117.17998]
	4840.36624	   0.01524	[mu,kappa]: [(40.51752,87.23152),149.14207]
	4857.29957	   0.01530	[mu,kappa]: [(40.54478,86.84758),95.31649]
	5059.09643	   0.01593	[mu,kappa]: [(40.52396,87.31462),179.19863]
	5069.12095	   0.01596	[mu,kappa]: [(40.54981,87.18853),151.26503]
	4891.35075	   0.01540	[mu,kappa]: [(40.62562,86.95281),113.88237]
	4858.19407	   0.01530	[mu,kappa]: [(40.25307,86.87119),87.14462]
	4895.75202	   0.01542	[mu,kappa]: [(40.40829,87.15946),134.25466]
	4987.48264	   0.01571	[mu,kappa]: [(40.29182,87.17554),123.80033]
	4975.00368	   0.01567	[mu,kappa]: [(40.43605,86.05909),46.24663]
	4897.97754	   0.01542	[mu,kappa]: [(40.55097,87.09025),132.01574]
	4966.05973	   0.01564	[mu,kappa]: [(40.49090,87.31209),170.97706]
	4884.98033	   0.01538	[mu,kappa]: [(40.72511,87.02609),135.27929]
	4920.20532	   0.01549	[mu,kappa]: [(40.11690,86.43721),56.78896]
	4952.86179	   0.01560	[mu,kappa]: [(40.49436,87.28299),161.73468]
	5016.65643	   0.01580	[mu,kappa]: [(40.40339,87.47045),212.90341]
	4990.43941	   0.01572	[mu,kappa]: [(40.54788,86.52607),70.65902]
	4896.52982	   0.01542	[mu,kappa]: [(40.31780,87.11025),118.84136]
	4881.35764	   0.01537	[mu,kappa]: [(40.48797,87.32954),175.76998]
	4915.33192	   0.01548	[mu,kappa]: [(40.59203,86.68819),83.06029]
	4844.57366	   0.01526	[mu,kappa]: [(40.50021,87.13826),135.08258]
	4894.76516	   0.01541	[mu,kappa]: [(40.72430,87.09089),148.88651]
	5021.88089	   0.01581	[mu,kappa]: [(40.81508,87.05976),145.77449]
	5000.95213	   0.01575	[mu,kappa]: [(40.52564,87.35644),189.91521]
	5167.47823	   0.01627	[mu,kappa]: [(40.53719,87.40466),206.61570]
	5030.30027	   0.01584	[mu,kappa]: [(40.44289,87.25841),155.46901]
	4855.06002	   0.01529	[mu,kappa]: [(40.70153,86.91799),114.12381]
	4919.45707	   0.01549	[mu,kappa]: [(40.32406,87.18731),134.19055]
	4933.57761	   0.01554	[mu,kappa]: [(40.49405,87.30974),179.81112]
	4913.77257	   0.01547	[mu,kappa]: [(40.29469,87.31887),156.99732]
	4981.44964	   0.01569	[mu,kappa]: [(40.48264,87.33450),173.50053]
	4963.96419	   0.01563	[mu,kappa]: [(40.63566,87.13439),145.74881]
	4973.32036	   0.01566	[mu,kappa]: [(40.44675,87.27828),159.58739]
			msglen: 5323186.38111 bits.
Iteration #: 2
	4886.55874	   0.01539	[mu,kappa]: [(40.48912,87.45992),219.26439]
	7824.23281	   0.02464	[mu,kappa]: [(40.19536,77.65404),8.20714]
	5600.18899	   0.01764	[mu,kappa]: [(40.33817,87.69946),278.00000]
	5548.36235	   0.01747	[mu,kappa]: [(40.36923,87.67617),278.00000]
	5078.83904	   0.01599	[mu,kappa]: [(40.42372,87.56242),250.57294]
	4621.07986	   0.01455	[mu,kappa]: [(40.50695,87.27892),174.84241]
	4899.51868	   0.01543	[mu,kappa]: [(40.40091,87.48334),213.06592]
	4587.44234	   0.01445	[mu,kappa]: [(40.45893,87.30581),175.91404]
	4944.74967	   0.01557	[mu,kappa]: [(40.48117,87.52480),243.41359]
	4690.18983	   0.01477	[mu,kappa]: [(40.23100,87.48265),196.10192]
	5080.53322	   0.01600	[mu,kappa]: [(40.39883,87.54153),236.89065]
	4602.95792	   0.01450	[mu,kappa]: [(40.63797,87.22315),172.09715]
	4677.45828	   0.01473	[mu,kappa]: [(40.55765,87.32523),189.34186]
	4872.60849	   0.01534	[mu,kappa]: [(40.54986,87.43136),220.94710]
	4808.72775	   0.01514	[mu,kappa]: [(40.59190,87.35126),199.90040]
	4696.44540	   0.01479	[mu,kappa]: [(40.51617,87.22426),165.70488]
	5205.04884	   0.01639	[mu,kappa]: [(40.58632,87.48794),245.99613]
	5243.37195	   0.01651	[mu,kappa]: [(40.41750,87.61154),269.78375]
	4704.06075	   0.01481	[mu,kappa]: [(40.74709,87.22251),182.27325]
	5259.13565	   0.01656	[mu,kappa]: [(40.38403,87.60267),259.78820]
	5427.46627	   0.01709	[mu,kappa]: [(40.44831,87.63381),278.00000]
	4896.93572	   0.01542	[mu,kappa]: [(40.35425,87.41579),192.42994]
	4952.38867	   0.01560	[mu,kappa]: [(40.27374,87.56420),227.23827]
	5109.55981	   0.01609	[mu,kappa]: [(40.61848,87.48634),248.17001]
	4808.21622	   0.01514	[mu,kappa]: [(40.45589,87.35427),187.41199]
	4980.96626	   0.01569	[mu,kappa]: [(40.34105,87.57778),239.69047]
	5031.83409	   0.01585	[mu,kappa]: [(40.61387,87.48068),244.17736]
	5101.88839	   0.01607	[mu,kappa]: [(40.31720,87.54635),228.19097]
	5179.66959	   0.01631	[mu,kappa]: [(40.23507,87.66963),263.88881]
	4628.80956	   0.01458	[mu,kappa]: [(40.62387,87.10899),151.30006]
	5353.63438	   0.01686	[mu,kappa]: [(40.30982,87.66677),273.34392]
	4585.58280	   0.01444	[mu,kappa]: [(40.62297,87.11672),152.57089]
	4805.61987	   0.01513	[mu,kappa]: [(40.45605,87.46913),216.18236]
	4338.43191	   0.01366	[mu,kappa]: [(40.68834,86.74939),110.31154]
	5335.98678	   0.01680	[mu,kappa]: [(40.44903,87.60198),272.37788]
	5053.37747	   0.01591	[mu,kappa]: [(40.49345,87.45336),219.95548]
	4511.79405	   0.01421	[mu,kappa]: [(40.67323,87.05299),145.90898]
	4290.66928	   0.01351	[mu,kappa]: [(40.33994,86.71333),96.00672]
	4710.98948	   0.01484	[mu,kappa]: [(40.35913,87.39530),187.21698]
	4696.39902	   0.01479	[mu,kappa]: [(40.23529,87.36400),166.91922]
	4701.75023	   0.01481	[mu,kappa]: [(41.87208,84.10023),37.55687]
	4688.77932	   0.01477	[mu,kappa]: [(40.52447,87.30518),182.22553]
	5155.87130	   0.01624	[mu,kappa]: [(40.41705,87.58808),257.53814]
	4706.42761	   0.01482	[mu,kappa]: [(40.71540,87.24439),187.80920]
	4415.92081	   0.01391	[mu,kappa]: [(40.69775,85.31397),49.34144]
	5047.53130	   0.01589	[mu,kappa]: [(40.42378,87.54671),240.30505]
	5629.82570	   0.01773	[mu,kappa]: [(40.32845,87.75319),278.00000]
	4398.08026	   0.01385	[mu,kappa]: [(41.08704,85.84544),68.10233]
	4562.74661	   0.01437	[mu,kappa]: [(40.27849,87.28574),156.85717]
	5116.04147	   0.01611	[mu,kappa]: [(40.41268,87.60860),266.34944]
	4335.15723	   0.01365	[mu,kappa]: [(40.90889,86.35088),88.09817]
	4668.68865	   0.01470	[mu,kappa]: [(40.45965,87.36169),188.55916]
	4851.51137	   0.01528	[mu,kappa]: [(40.68526,87.35088),214.40956]
	4944.42598	   0.01557	[mu,kappa]: [(40.78669,87.29311),207.96232]
	5382.80021	   0.01695	[mu,kappa]: [(40.44725,87.64115),278.00000]
	5730.85248	   0.01805	[mu,kappa]: [(40.45584,87.68572),278.00000]
	5061.66360	   0.01594	[mu,kappa]: [(40.37613,87.52964),228.50566]
	4480.84763	   0.01411	[mu,kappa]: [(40.76769,87.01217),146.04718]
	4734.57900	   0.01491	[mu,kappa]: [(40.26519,87.43361),187.34532]
	5210.13586	   0.01641	[mu,kappa]: [(40.42125,87.61003),273.50485]
	4964.06767	   0.01563	[mu,kappa]: [(40.22122,87.60197),231.87250]
	5198.28549	   0.01637	[mu,kappa]: [(40.40673,87.60573),262.27271]
	4890.19842	   0.01540	[mu,kappa]: [(40.59191,87.37898),208.89324]
	5047.08162	   0.01589	[mu,kappa]: [(40.37746,87.55143),236.35218]
			msglen: 5283575.81174 bits.
Iteration #: 3
	4809.79119	   0.01515	[mu,kappa]: [(40.42695,87.58658),258.09192]
	8863.02819	   0.02791	[mu,kappa]: [(39.54651,78.46180),8.95651]
	5759.77719	   0.01814	[mu,kappa]: [(40.24627,87.83914),278.00000]
	5704.49121	   0.01796	[mu,kappa]: [(40.28433,87.81881),278.00000]
	5114.98072	   0.01611	[mu,kappa]: [(40.34880,87.71410),278.00000]
	4426.60877	   0.01394	[mu,kappa]: [(40.45541,87.35391),190.20433]
	4804.77951	   0.01513	[mu,kappa]: [(40.31034,87.61455),248.77596]
	4397.51157	   0.01385	[mu,kappa]: [(40.38588,87.39107),191.89194]
	4952.05189	   0.01559	[mu,kappa]: [(40.41843,87.66653),278.00000]
	4555.26447	   0.01434	[mu,kappa]: [(40.07644,87.63349),222.91047]
	5066.93590	   0.01596	[mu,kappa]: [(40.31499,87.69066),278.00000]
	4402.80911	   0.01386	[mu,kappa]: [(40.64413,87.26007),185.93817]
	4514.37148	   0.01422	[mu,kappa]: [(40.52252,87.41250),212.14840]
	4800.09603	   0.01512	[mu,kappa]: [(40.50657,87.55565),260.49874]
	4670.38810	   0.01471	[mu,kappa]: [(40.56590,87.44667),228.22054]
	4481.15793	   0.01411	[mu,kappa]: [(40.47235,87.28114),176.47292]
	5219.48811	   0.01644	[mu,kappa]: [(40.54839,87.61900),278.00000]
	5355.77224	   0.01687	[mu,kappa]: [(40.34373,87.76452),278.00000]
	4522.09136	   0.01424	[mu,kappa]: [(40.79097,87.26074),201.10278]
	5334.22170	   0.01680	[mu,kappa]: [(40.30181,87.75839),278.00000]
	5576.14286	   0.01756	[mu,kappa]: [(40.37909,87.77494),278.00000]
	4739.88548	   0.01493	[mu,kappa]: [(40.24313,87.54440),217.14399]
	4910.37052	   0.01546	[mu,kappa]: [(40.15366,87.72643),270.59610]
	5131.25915	   0.01616	[mu,kappa]: [(40.58679,87.61137),278.00000]
	4637.27599	   0.01460	[mu,kappa]: [(40.38240,87.45935),209.34335]
	4980.32815	   0.01568	[mu,kappa]: [(40.24280,87.73147),278.00000]
	5038.74031	   0.01587	[mu,kappa]: [(40.58160,87.60338),278.00000]
	5059.82959	   0.01593	[mu,kappa]: [(40.20986,87.70500),271.98829]
	5277.18123	   0.01662	[mu,kappa]: [(40.12372,87.84144),278.00000]
	4398.54959	   0.01385	[mu,kappa]: [(40.64353,87.09367),155.21992]
	5488.12708	   0.01728	[mu,kappa]: [(40.21571,87.82752),278.00000]
	4358.46291	   0.01373	[mu,kappa]: [(40.64083,87.10622),157.06045]
	4721.03240	   0.01487	[mu,kappa]: [(40.38311,87.59551),253.45458]
	4178.72623	   0.01316	[mu,kappa]: [(40.83476,86.48057),99.85240]
	5459.24096	   0.01719	[mu,kappa]: [(40.38192,87.75337),278.00000]
	4976.12763	   0.01567	[mu,kappa]: [(40.43356,87.58357),259.11110]
	4285.02917	   0.01349	[mu,kappa]: [(40.72810,87.00545),147.42742]
	4208.02540	   0.01325	[mu,kappa]: [(40.22116,86.44741),83.11514]
	4545.83461	   0.01432	[mu,kappa]: [(40.24736,87.51600),209.18196]
	4491.44867	   0.01414	[mu,kappa]: [(40.05433,87.47335),178.66824]
	5874.79478	   0.01850	[mu,kappa]: [(44.12804,82.54097),33.56241]
	4507.87733	   0.01420	[mu,kappa]: [(40.47873,87.38967),201.35486]
	5219.55397	   0.01644	[mu,kappa]: [(40.34088,87.73811),278.00000]
	4537.60854	   0.01429	[mu,kappa]: [(40.74371,87.30644),209.49592]
	5065.91140	   0.01595	[mu,kappa]: [(41.42554,84.24178),40.30815]
	5045.70791	   0.01589	[mu,kappa]: [(40.34592,87.69055),278.00000]
	5792.10524	   0.01824	[mu,kappa]: [(40.22857,87.86722),278.00000]
	4676.58786	   0.01473	[mu,kappa]: [(41.95106,84.88691),55.63742]
	4346.89541	   0.01369	[mu,kappa]: [(40.11129,87.36851),163.68223]
	5212.91020	   0.01642	[mu,kappa]: [(40.33712,87.76048),278.00000]
	4333.45713	   0.01365	[mu,kappa]: [(41.37685,85.76098),74.63471]
	4505.64627	   0.01419	[mu,kappa]: [(40.38698,87.46534),211.10253]
	4756.01124	   0.01498	[mu,kappa]: [(40.68509,87.45359),250.15844]
	4826.46806	   0.01520	[mu,kappa]: [(40.82211,87.37114),240.07413]
	5530.49294	   0.01742	[mu,kappa]: [(40.37696,87.77871),278.00000]
	5888.91064	   0.01854	[mu,kappa]: [(40.38108,87.79703),278.00000]
	5018.63356	   0.01580	[mu,kappa]: [(40.28400,87.67761),272.41548]
	4257.34023	   0.01341	[mu,kappa]: [(40.87764,86.94178),147.54771]
	4572.63362	   0.01440	[mu,kappa]: [(40.11675,87.57122),209.48456]
	5335.88342	   0.01680	[mu,kappa]: [(40.34970,87.76698),278.00000]
	4941.26100	   0.01556	[mu,kappa]: [(40.08915,87.76996),277.74970]
	5281.28607	   0.01663	[mu,kappa]: [(40.32882,87.75588),278.00000]
	4777.24963	   0.01504	[mu,kappa]: [(40.56358,87.48589),241.97244]
	5032.53897	   0.01585	[mu,kappa]: [(40.28772,87.70149),278.00000]
			msglen: 5275588.97389 bits.
Iteration #: 4
	4786.98804	   0.01507	[mu,kappa]: [(40.39859,87.66758),278.00000]
	8682.66825	   0.02734	[mu,kappa]: [(37.11595,79.55680),9.28593]
	5800.06071	   0.01826	[mu,kappa]: [(40.15307,87.87836),278.00000]
	5742.61715	   0.01808	[mu,kappa]: [(40.20208,87.85597),278.00000]
	5146.29383	   0.01621	[mu,kappa]: [(40.29466,87.78345),278.00000]
	4279.54270	   0.01348	[mu,kappa]: [(40.41856,87.39258),200.71358]
	4762.25914	   0.01500	[mu,kappa]: [(40.24223,87.70733),278.00000]
	4254.52350	   0.01340	[mu,kappa]: [(40.31685,87.44462),202.98715]
	4980.52370	   0.01568	[mu,kappa]: [(40.38572,87.73723),278.00000]
	4470.39663	   0.01408	[mu,kappa]: [(39.90526,87.75761),246.32064]
	5098.43671	   0.01606	[mu,kappa]: [(40.25673,87.78296),278.00000]
	4251.89296	   0.01339	[mu,kappa]: [(40.69666,87.25369),195.05722]
	4397.05396	   0.01385	[mu,kappa]: [(40.52220,87.45683),231.38989]
	4782.31141	   0.01506	[mu,kappa]: [(40.50302,87.62884),278.00000]
	4580.34878	   0.01442	[mu,kappa]: [(40.58295,87.49505),254.14519]
	4318.37238	   0.01360	[mu,kappa]: [(40.43606,87.30225),181.97250]
	5248.02644	   0.01653	[mu,kappa]: [(40.54990,87.67124),278.00000]
	5389.22095	   0.01697	[mu,kappa]: [(40.28164,87.80991),278.00000]
	4390.40080	   0.01383	[mu,kappa]: [(40.90636,87.24539),216.15291]
	5368.73280	   0.01691	[mu,kappa]: [(40.23153,87.82060),278.00000]
	5610.03513	   0.01767	[mu,kappa]: [(40.32317,87.80349),278.00000]
	4631.86323	   0.01459	[mu,kappa]: [(40.13211,87.64002),238.26042]
	4927.98074	   0.01552	[mu,kappa]: [(40.04928,87.84506),278.00000]
	5159.35825	   0.01625	[mu,kappa]: [(40.59749,87.65491),278.00000]
	4513.36351	   0.01421	[mu,kappa]: [(40.32320,87.52707),227.34180]
	5014.07857	   0.01579	[mu,kappa]: [(40.16340,87.82666),278.00000]
	5066.25103	   0.01595	[mu,kappa]: [(40.59230,87.65265),278.00000]
	5078.91713	   0.01599	[mu,kappa]: [(40.12240,87.81752),278.00000]
	5320.02454	   0.01675	[mu,kappa]: [(40.00358,87.91954),278.00000]
	4232.70198	   0.01333	[mu,kappa]: [(40.69170,87.03883),154.09791]
	5527.79336	   0.01741	[mu,kappa]: [(40.11746,87.88266),278.00000]
	4193.79681	   0.01321	[mu,kappa]: [(40.68812,87.05573),156.47229]
	4688.41607	   0.01476	[mu,kappa]: [(40.33996,87.67996),278.00000]
	4150.39120	   0.01307	[mu,kappa]: [(40.97651,86.20655),89.43146]
	5492.22153	   0.01730	[mu,kappa]: [(40.32954,87.79196),278.00000]
	4954.96110	   0.01560	[mu,kappa]: [(40.40775,87.66538),278.00000]
	4128.18837	   0.01300	[mu,kappa]: [(40.82651,86.91234),144.28610]
	4294.05406	   0.01352	[mu,kappa]: [(39.75514,86.34322),72.63770]
	4427.96500	   0.01394	[mu,kappa]: [(40.13084,87.60691),227.02441]
	4345.41173	   0.01368	[mu,kappa]: [(39.79977,87.58362),184.69888]
	6958.57294	   0.02191	[mu,kappa]: [(46.61785,81.73177),36.64488]
	4373.25807	   0.01377	[mu,kappa]: [(40.45749,87.43396),216.21355]
	5251.98362	   0.01654	[mu,kappa]: [(40.28177,87.79786),278.00000]
	4417.64486	   0.01391	[mu,kappa]: [(40.83551,87.31186),227.80445]
	5686.39999	   0.01791	[mu,kappa]: [(41.95442,83.81388),37.86009]
	5076.34888	   0.01599	[mu,kappa]: [(40.29435,87.77279),278.00000]
	5833.65903	   0.01837	[mu,kappa]: [(40.12774,87.89789),278.00000]
	5117.15016	   0.01611	[mu,kappa]: [(43.01975,84.14309),50.78036]
	4194.81447	   0.01321	[mu,kappa]: [(39.85460,87.45587),164.69087]
	5245.62756	   0.01652	[mu,kappa]: [(40.27416,87.81009),278.00000]
	4507.50417	   0.01419	[mu,kappa]: [(41.96723,85.20772),66.02872]
	4388.19551	   0.01382	[mu,kappa]: [(40.33036,87.53251),229.82481]
	4714.55216	   0.01485	[mu,kappa]: [(40.73887,87.49957),278.00000]
	4764.43848	   0.01500	[mu,kappa]: [(40.92545,87.39035),270.96644]
	5564.18902	   0.01752	[mu,kappa]: [(40.32007,87.80604),278.00000]
	5924.72364	   0.01866	[mu,kappa]: [(40.32256,87.81370),278.00000]
	5035.79181	   0.01586	[mu,kappa]: [(40.21735,87.78001),278.00000]
	4105.99888	   0.01293	[mu,kappa]: [(41.07074,86.81043),144.72438]
	4460.56100	   0.01405	[mu,kappa]: [(39.94515,87.68531),227.36497]
	5369.06339	   0.01691	[mu,kappa]: [(40.28856,87.80917),278.00000]
	4981.22639	   0.01569	[mu,kappa]: [(39.97078,87.89557),278.00000]
	5314.61755	   0.01674	[mu,kappa]: [(40.26470,87.81054),278.00000]
	4715.50029	   0.01485	[mu,kappa]: [(40.57896,87.54308),273.69489]
	5064.73394	   0.01595	[mu,kappa]: [(40.22210,87.79722),278.00000]
			msglen: 5271709.39027 bits.
Iteration #: 5
	4801.05959	   0.01512	[mu,kappa]: [(40.39212,87.71489),278.00000]
	8018.96288	   0.02525	[mu,kappa]: [(33.87090,80.44278),9.40731]
	5824.65487	   0.01834	[mu,kappa]: [(40.05795,87.90173),278.00000]
	5764.78870	   0.01815	[mu,kappa]: [(40.12203,87.87428),278.00000]
	5163.36139	   0.01626	[mu,kappa]: [(40.24710,87.80737),278.00000]
	4161.48659	   0.01311	[mu,kappa]: [(40.39018,87.43215),212.27144]
	4778.45765	   0.01505	[mu,kappa]: [(40.19244,87.78680),278.00000]
	4141.34287	   0.01304	[mu,kappa]: [(40.24352,87.50401),215.08002]
	4995.60907	   0.01573	[mu,kappa]: [(40.36648,87.75403),278.00000]
	4438.52032	   0.01398	[mu,kappa]: [(39.71767,87.88996),273.64854]
	5116.20137	   0.01611	[mu,kappa]: [(40.20005,87.81973),278.00000]
	4130.55190	   0.01301	[mu,kappa]: [(40.79515,87.23611),205.49826]
	4320.83652	   0.01361	[mu,kappa]: [(40.55486,87.49256),254.32653]
	4796.47574	   0.01510	[mu,kappa]: [(40.52686,87.66079),278.00000]
	4544.96743	   0.01431	[mu,kappa]: [(40.63908,87.53108),278.00000]
	4181.40095	   0.01317	[mu,kappa]: [(40.39448,87.32855),187.46763]
	5264.18051	   0.01658	[mu,kappa]: [(40.57892,87.66654),278.00000]
	5407.47165	   0.01703	[mu,kappa]: [(40.22726,87.82489),278.00000]
	4301.68049	   0.01355	[mu,kappa]: [(41.09365,87.20850),234.50517]
	5388.35226	   0.01697	[mu,kappa]: [(40.16353,87.84688),278.00000]
	5628.03541	   0.01772	[mu,kappa]: [(40.27970,87.80789),278.00000]
	4570.71791	   0.01439	[mu,kappa]: [(40.01978,87.73857),262.95998]
	4953.25015	   0.01560	[mu,kappa]: [(39.93318,87.91977),278.00000]
	5176.01718	   0.01630	[mu,kappa]: [(40.64000,87.64260),278.00000]
	4429.14145	   0.01395	[mu,kappa]: [(40.27585,87.59351),248.29557]
	5034.69531	   0.01585	[mu,kappa]: [(40.07794,87.87258),278.00000]
	5082.52924	   0.01601	[mu,kappa]: [(40.63391,87.64317),278.00000]
	5101.29077	   0.01606	[mu,kappa]: [(40.02813,87.88169),278.00000]
	5350.76459	   0.01685	[mu,kappa]: [(39.86597,87.97200),278.00000]
	4092.00738	   0.01289	[mu,kappa]: [(40.75183,86.98434),152.76514]
	5552.94515	   0.01749	[mu,kappa]: [(40.01303,87.91572),278.00000]
	4053.88271	   0.01277	[mu,kappa]: [(40.75000,87.00453),155.68796]
	4702.65441	   0.01481	[mu,kappa]: [(40.31766,87.74058),278.00000]
	4151.32955	   0.01307	[mu,kappa]: [(40.97533,86.03036),81.88977]
	5509.71616	   0.01735	[mu,kappa]: [(40.28920,87.80002),278.00000]
	4969.47071	   0.01565	[mu,kappa]: [(40.40378,87.71074),278.00000]
	3997.89165	   0.01259	[mu,kappa]: [(40.95345,86.81412),141.27309]
	4467.64022	   0.01407	[mu,kappa]: [(38.51816,86.62043),66.50631]
	4350.62765	   0.01370	[mu,kappa]: [(40.00550,87.70445),247.43195]
	4242.75276	   0.01336	[mu,kappa]: [(39.42750,87.74303),189.91648]
	7974.19048	   0.02511	[mu,kappa]: [(49.30315,81.05634),46.18747]
	4273.09224	   0.01346	[mu,kappa]: [(40.45817,87.47386),233.36013]
	5269.73892	   0.01659	[mu,kappa]: [(40.22909,87.81884),278.00000]
	4343.58923	   0.01368	[mu,kappa]: [(40.98932,87.29690),250.15579]
	6011.29641	   0.01893	[mu,kappa]: [(41.97972,83.83346),37.97005]
	5093.14657	   0.01604	[mu,kappa]: [(40.24818,87.80215),278.00000]
	5859.73077	   0.01845	[mu,kappa]: [(40.02373,87.91987),278.00000]
	5444.37550	   0.01714	[mu,kappa]: [(44.13768,83.63983),51.08668]
	4085.18462	   0.01286	[mu,kappa]: [(39.43880,87.60653),164.36939]
	5263.58960	   0.01658	[mu,kappa]: [(40.21795,87.82747),278.00000]
	4662.40294	   0.01468	[mu,kappa]: [(42.53705,84.80826),62.41864]
	4310.29578	   0.01357	[mu,kappa]: [(40.28752,87.59815),251.73141]
	4733.69327	   0.01491	[mu,kappa]: [(40.83625,87.51751),278.00000]
	4777.55816	   0.01504	[mu,kappa]: [(41.08383,87.38918),278.00000]
	5582.11272	   0.01758	[mu,kappa]: [(40.27550,87.81019),278.00000]
	5943.72308	   0.01872	[mu,kappa]: [(40.27753,87.81319),278.00000]
	5054.35083	   0.01592	[mu,kappa]: [(40.15149,87.83137),278.00000]
	3985.83950	   0.01255	[mu,kappa]: [(41.35130,86.65308),142.75647]
	4393.44533	   0.01384	[mu,kappa]: [(39.74445,87.81336),247.51317]
	5387.07734	   0.01696	[mu,kappa]: [(40.23596,87.82222),278.00000]
	5011.71734	   0.01578	[mu,kappa]: [(39.82827,87.97106),278.00000]
	5333.05517	   0.01679	[mu,kappa]: [(40.20614,87.83083),278.00000]
	4720.66757	   0.01487	[mu,kappa]: [(40.63200,87.58648),278.00000]
	5083.40352	   0.01601	[mu,kappa]: [(40.15502,87.83837),278.00000]
			msglen: 5267408.60601 bits.
Iteration #: 6
	4807.22712	   0.01514	[mu,kappa]: [(40.40132,87.72406),278.00000]
	7170.38822	   0.02258	[mu,kappa]: [(30.59727,81.08183),9.48591]
	5840.27278	   0.01839	[mu,kappa]: [(39.95665,87.92920),278.00000]
	5777.27097	   0.01819	[mu,kappa]: [(40.04099,87.89406),278.00000]
	5171.10157	   0.01628	[mu,kappa]: [(40.20713,87.81880),278.00000]
	4060.25679	   0.01279	[mu,kappa]: [(40.37505,87.47745),227.02337]
	4786.57348	   0.01507	[mu,kappa]: [(40.14146,87.82665),278.00000]
	4046.30990	   0.01274	[mu,kappa]: [(40.16756,87.57488),230.21172]
	5001.99644	   0.01575	[mu,kappa]: [(40.36386,87.75230),278.00000]
	4461.09352	   0.01405	[mu,kappa]: [(39.52101,88.03374),278.00000]
	5124.86355	   0.01614	[mu,kappa]: [(40.14645,87.84067),278.00000]
	4028.64007	   0.01269	[mu,kappa]: [(40.95256,87.20885),219.82560]
	4284.05214	   0.01349	[mu,kappa]: [(40.62666,87.52342),278.00000]
	4804.25369	   0.01513	[mu,kappa]: [(40.57681,87.65214),278.00000]
	4555.39705	   0.01435	[mu,kappa]: [(40.73443,87.54931),278.00000]
	4053.38017	   0.01276	[mu,kappa]: [(40.34458,87.36805),194.53072]
	5273.94305	   0.01661	[mu,kappa]: [(40.64074,87.63787),278.00000]
	5415.98498	   0.01706	[mu,kappa]: [(40.17984,87.83420),278.00000]
	4258.95134	   0.01341	[mu,kappa]: [(41.36085,87.15332),259.79188]
	5398.55331	   0.01700	[mu,kappa]: [(40.09688,87.86647),278.00000]
	5635.87095	   0.01775	[mu,kappa]: [(40.24787,87.80822),278.00000]
	4554.05543	   0.01434	[mu,kappa]: [(39.91262,87.84391),278.00000]
	4972.95814	   0.01566	[mu,kappa]: [(39.79696,87.97999),278.00000]
	5187.66630	   0.01634	[mu,kappa]: [(40.71994,87.60562),278.00000]
	4379.27294	   0.01379	[mu,kappa]: [(40.24675,87.66274),275.26206]
	5047.27816	   0.01589	[mu,kappa]: [(39.98580,87.90792),278.00000]
	5093.76590	   0.01604	[mu,kappa]: [(40.71230,87.60792),278.00000]
	5116.23414	   0.01611	[mu,kappa]: [(39.92187,87.92913),278.00000]
	5377.11470	   0.01693	[mu,kappa]: [(39.70493,88.02864),278.00000]
	3952.72846	   0.01245	[mu,kappa]: [(40.81777,86.93990),152.74984]
	5570.22590	   0.01754	[mu,kappa]: [(39.89818,87.95123),278.00000]
	3915.97594	   0.01233	[mu,kappa]: [(40.82291,86.96131),156.27043]
	4708.82585	   0.01483	[mu,kappa]: [(40.30470,87.76173),278.00000]
	4114.34251	   0.01296	[mu,kappa]: [(40.65042,86.03530),77.31497]
	5517.26322	   0.01737	[mu,kappa]: [(40.26086,87.80110),278.00000]
	4975.88452	   0.01567	[mu,kappa]: [(40.41645,87.71811),278.00000]
	3867.76392	   0.01218	[mu,kappa]: [(41.10543,86.72152),140.06073]
	4855.62300	   0.01529	[mu,kappa]: [(36.04393,87.48831),67.37909]
	4308.46353	   0.01357	[mu,kappa]: [(39.87579,87.81313),273.13841]
	4187.82506	   0.01319	[mu,kappa]: [(38.88289,87.97583),195.40270]
	9333.18006	   0.02939	[mu,kappa]: [(51.76931,80.43100),67.41202]
	4199.85794	   0.01323	[mu,kappa]: [(40.48825,87.51318),255.61416]
	5277.99814	   0.01662	[mu,kappa]: [(40.18298,87.83055),278.00000]
	4319.94234	   0.01360	[mu,kappa]: [(41.20959,87.26682),278.00000]
	5984.49995	   0.01885	[mu,kappa]: [(41.27644,84.21958),39.42451]
	5100.75807	   0.01606	[mu,kappa]: [(40.20921,87.81581),278.00000]
	5877.36212	   0.01851	[mu,kappa]: [(39.91109,87.94972),278.00000]
	5540.11306	   0.01745	[mu,kappa]: [(45.25443,83.30898),56.06946]
	4026.76894	   0.01268	[mu,kappa]: [(38.76549,87.86077),163.82164]
	5272.09669	   0.01660	[mu,kappa]: [(40.16782,87.83859),278.00000]
	4672.71829	   0.01471	[mu,kappa]: [(42.97820,84.59671),62.90795]
	4267.57195	   0.01344	[mu,kappa]: [(40.26487,87.66592),278.00000]
	4754.03763	   0.01497	[mu,kappa]: [(40.98048,87.47762),278.00000]
	4817.48271	   0.01517	[mu,kappa]: [(41.30349,87.33121),278.00000]
	5589.95304	   0.01760	[mu,kappa]: [(40.24229,87.81077),278.00000]
	5952.00475	   0.01874	[mu,kappa]: [(40.24442,87.81160),278.00000]
	5064.22588	   0.01595	[mu,kappa]: [(40.08391,87.86270),278.00000]
	3875.67832	   0.01221	[mu,kappa]: [(41.74193,86.47419),144.08165]
	4368.15115	   0.01376	[mu,kappa]: [(39.51623,87.96087),272.37843]
	5395.37340	   0.01699	[mu,kappa]: [(40.19111,87.82997),278.00000]
	5039.08004	   0.01587	[mu,kappa]: [(39.65739,88.04083),278.00000]
	5341.95185	   0.01682	[mu,kappa]: [(40.15255,87.84422),278.00000]
	4731.27899	   0.01490	[mu,kappa]: [(40.71788,87.57979),278.00000]
	5093.26597	   0.01604	[mu,kappa]: [(40.08738,87.86503),278.00000]
			msglen: 5260554.12529 bits.
Iteration #: 7
	4801.11936	   0.01512	[mu,kappa]: [(40.43862,87.71169),278.00000]
	6113.46004	   0.01925	[mu,kappa]: [(28.25244,80.80097),9.00844]
	5840.16536	   0.01839	[mu,kappa]: [(39.85434,87.96130),278.00000]
	5773.31737	   0.01818	[mu,kappa]: [(39.96509,87.91576),278.00000]
	5163.83754	   0.01626	[mu,kappa]: [(40.18348,87.82315),278.00000]
	3969.22998	   0.01250	[mu,kappa]: [(40.39837,87.52003),248.14643]
	4780.76311	   0.01505	[mu,kappa]: [(40.10024,87.84867),278.00000]
	3961.85208	   0.01248	[mu,kappa]: [(40.11290,87.64886),251.45450]
	4995.06846	   0.01573	[mu,kappa]: [(40.38812,87.73823),278.00000]
	4489.80474	   0.01414	[mu,kappa]: [(39.28925,88.15844),278.00000]
	5118.56227	   0.01612	[mu,kappa]: [(40.10459,87.85412),278.00000]
	3947.66786	   0.01243	[mu,kappa]: [(41.19439,87.16429),241.74626]
	4285.03063	   0.01349	[mu,kappa]: [(40.74565,87.53625),278.00000]
	4802.94893	   0.01512	[mu,kappa]: [(40.66627,87.61814),278.00000]
	4561.74726	   0.01437	[mu,kappa]: [(40.87516,87.51476),278.00000]
	3919.05392	   0.01234	[mu,kappa]: [(40.31479,87.41276),205.87373]
	5275.36218	   0.01661	[mu,kappa]: [(40.74731,87.59021),278.00000]
	5408.71811	   0.01703	[mu,kappa]: [(40.14727,87.83989),278.00000]
	4285.72918	   0.01350	[mu,kappa]: [(41.70911,87.07924),278.00000]
	5393.08848	   0.01698	[mu,kappa]: [(40.03897,87.88344),278.00000]
	5627.56343	   0.01772	[mu,kappa]: [(40.23584,87.80446),278.00000]
	4554.99776	   0.01434	[mu,kappa]: [(39.81040,87.93278),278.00000]
	4981.82982	   0.01569	[mu,kappa]: [(39.64617,88.03970),278.00000]
	5193.48528	   0.01635	[mu,kappa]: [(40.84953,87.54823),278.00000]
	4367.04581	   0.01375	[mu,kappa]: [(40.25235,87.72778),278.00000]
	5045.92561	   0.01589	[mu,kappa]: [(39.89388,87.94094),278.00000]
	5099.04211	   0.01606	[mu,kappa]: [(40.83979,87.55186),278.00000]
	5117.80639	   0.01612	[mu,kappa]: [(39.81057,87.97275),278.00000]
	5394.19447	   0.01699	[mu,kappa]: [(39.52328,88.09471),278.00000]
	3788.42953	   0.01193	[mu,kappa]: [(40.92806,86.89973),156.94669]
	5573.36407	   0.01755	[mu,kappa]: [(39.77774,87.99171),278.00000]
	3755.70340	   0.01183	[mu,kappa]: [(40.94621,86.91951),161.15376]
	4701.93864	   0.01481	[mu,kappa]: [(40.31312,87.76232),278.00000]
	3955.86854	   0.01246	[mu,kappa]: [(39.94149,86.26380),76.92712]
	5509.08678	   0.01735	[mu,kappa]: [(40.25303,87.79660),278.00000]
	4969.81003	   0.01565	[mu,kappa]: [(40.45825,87.70374),278.00000]
	3707.49795	   0.01168	[mu,kappa]: [(41.32689,86.63146),143.79763]
	5854.23089	   0.01844	[mu,kappa]: [(32.68187,88.89310),85.44093]
	4301.66043	   0.01355	[mu,kappa]: [(39.76192,87.92459),278.00000]
	4194.93407	   0.01321	[mu,kappa]: [(38.14942,88.28893),204.28188]
	11331.22049	   0.03568	[mu,kappa]: [(53.06331,80.08009),97.52017]
	4155.30968	   0.01309	[mu,kappa]: [(40.56586,87.54500),278.00000]
	5270.88045	   0.01660	[mu,kappa]: [(40.15169,87.83701),278.00000]
	4365.19953	   0.01375	[mu,kappa]: [(41.49589,87.21773),278.00000]
	5556.17950	   0.01750	[mu,kappa]: [(39.86762,84.93728),42.82235]
	5093.57633	   0.01604	[mu,kappa]: [(40.18650,87.82096),278.00000]
	5879.87346	   0.01852	[mu,kappa]: [(39.79421,87.98669),278.00000]
	5332.51663	   0.01679	[mu,kappa]: [(46.36297,83.13510),68.68326]
	4045.48181	   0.01274	[mu,kappa]: [(37.77904,88.24259),166.88236]
	5265.22527	   0.01658	[mu,kappa]: [(40.13162,87.84605),278.00000]
	4421.87502	   0.01392	[mu,kappa]: [(43.33028,84.56614),68.62035]
	4260.79139	   0.01342	[mu,kappa]: [(40.27646,87.72668),278.00000]
	4778.57529	   0.01505	[mu,kappa]: [(41.18728,87.39928),278.00000]
	4878.24973	   0.01536	[mu,kappa]: [(41.60093,87.22171),278.00000]
	5581.74940	   0.01758	[mu,kappa]: [(40.22853,87.80757),278.00000]
	5943.22233	   0.01872	[mu,kappa]: [(40.23107,87.80730),278.00000]
	5059.44554	   0.01593	[mu,kappa]: [(40.02322,87.88580),278.00000]
	3761.80219	   0.01185	[mu,kappa]: [(42.29165,86.27432),153.19943]
	4385.43389	   0.01381	[mu,kappa]: [(39.28248,88.11889),278.00000]
	5387.97394	   0.01697	[mu,kappa]: [(40.16194,87.83405),278.00000]
	5059.09930	   0.01593	[mu,kappa]: [(39.46144,88.11663),278.00000]
	5335.25660	   0.01680	[mu,kappa]: [(40.11174,87.85391),278.00000]
	4736.74596	   0.01492	[mu,kappa]: [(40.85056,87.53568),278.00000]
	5088.37444	   0.01602	[mu,kappa]: [(40.02725,87.88584),278.00000]
			msglen: 5251427.71079 bits.
Iteration #: 8
	4787.57545	   0.01508	[mu,kappa]: [(40.51875,87.68105),278.00000]
	4872.20584	   0.01534	[mu,kappa]: [(27.56405,78.48527),7.52445]
	5823.66380	   0.01834	[mu,kappa]: [(39.77206,87.99126),278.00000]
	5753.20704	   0.01812	[mu,kappa]: [(39.91397,87.93322),278.00000]
	5143.85859	   0.01620	[mu,kappa]: [(40.19338,87.81751),278.00000]
	3899.79843	   0.01228	[mu,kappa]: [(40.48608,87.55273),278.00000]
	4762.34212	   0.01500	[mu,kappa]: [(40.08829,87.85662),278.00000]
	3895.82525	   0.01227	[mu,kappa]: [(40.11266,87.71640),278.00000]
	4979.27085	   0.01568	[mu,kappa]: [(40.45390,87.71031),278.00000]
	4513.87841	   0.01421	[mu,kappa]: [(39.04883,88.27045),278.00000]
	5098.78816	   0.01606	[mu,kappa]: [(40.09289,87.85802),278.00000]
	3914.86725	   0.01233	[mu,kappa]: [(41.52173,87.10377),277.06696]
	4287.72358	   0.01350	[mu,kappa]: [(40.91341,87.49624),278.00000]
	4800.26905	   0.01512	[mu,kappa]: [(40.80681,87.56271),278.00000]
	4573.88724	   0.01440	[mu,kappa]: [(41.07210,87.44551),278.00000]
	3772.64529	   0.01188	[mu,kappa]: [(40.35999,87.44843),227.03012]
	5278.13498	   0.01662	[mu,kappa]: [(40.90829,87.52345),278.00000]
	5387.67634	   0.01697	[mu,kappa]: [(40.14694,87.83738),278.00000]
	4396.98624	   0.01385	[mu,kappa]: [(42.11890,86.96960),278.00000]
	5372.88927	   0.01692	[mu,kappa]: [(40.00874,87.89354),278.00000]
	5606.19844	   0.01765	[mu,kappa]: [(40.25973,87.79160),278.00000]
	4543.48108	   0.01431	[mu,kappa]: [(39.72169,87.99077),278.00000]
	4978.14460	   0.01568	[mu,kappa]: [(39.50558,88.09689),278.00000]
	5204.60847	   0.01639	[mu,kappa]: [(41.03687,87.47057),278.00000]
	4350.72434	   0.01370	[mu,kappa]: [(40.28991,87.74741),278.00000]
	5030.35036	   0.01584	[mu,kappa]: [(39.82329,87.96846),278.00000]
	5109.13883	   0.01609	[mu,kappa]: [(41.02469,87.47541),278.00000]
	5105.13720	   0.01608	[mu,kappa]: [(39.71675,88.01091),278.00000]
	5399.67709	   0.01700	[mu,kappa]: [(39.34675,88.16372),278.00000]
	3582.64799	   0.01128	[mu,kappa]: [(41.17191,86.84280),170.16276]
	5561.18630	   0.01751	[mu,kappa]: [(39.67390,88.03090),278.00000]
	3559.73320	   0.01121	[mu,kappa]: [(41.20307,86.85973),175.24366]
	4685.34517	   0.01475	[mu,kappa]: [(40.35946,87.74598),278.00000]
	3608.49416	   0.01136	[mu,kappa]: [(39.17435,86.58277),82.28166]
	5488.41220	   0.01728	[mu,kappa]: [(40.28173,87.78222),278.00000]
	4956.49697	   0.01561	[mu,kappa]: [(40.54364,87.67089),278.00000]
	3503.29924	   0.01103	[mu,kappa]: [(41.71293,86.52380),157.30771]
	8043.69973	   0.02533	[mu,kappa]: [(30.04168,90.18110),134.35699]
	4292.37727	   0.01352	[mu,kappa]: [(39.66305,88.00199),278.00000]
	4264.75838	   0.01343	[mu,kappa]: [(37.34090,88.65296),225.28937]
	13170.19325	   0.04147	[mu,kappa]: [(53.33314,79.97472),118.12820]
	4148.55408	   0.01306	[mu,kappa]: [(40.69499,87.55623),278.00000]
	5250.38962	   0.01653	[mu,kappa]: [(40.15272,87.83453),278.00000]
	4445.23436	   0.01400	[mu,kappa]: [(41.85030,87.10487),278.00000]
	4800.65870	   0.01512	[mu,kappa]: [(38.36484,85.67812),49.05703]
	5073.89156	   0.01598	[mu,kappa]: [(40.19735,87.81545),278.00000]
	5866.13140	   0.01847	[mu,kappa]: [(39.69482,88.02314),278.00000]
	5042.10267	   0.01588	[mu,kappa]: [(47.39550,83.08742),94.64924]
	4142.46945	   0.01305	[mu,kappa]: [(36.64158,88.71382),182.99638]
	5244.77029	   0.01652	[mu,kappa]: [(40.12701,87.84543),278.00000]
	3959.92365	   0.01247	[mu,kappa]: [(43.87688,84.57960),82.30385]
	4245.22445	   0.01337	[mu,kappa]: [(40.31946,87.73930),278.00000]
	4822.88815	   0.01519	[mu,kappa]: [(41.46068,87.29132),278.00000]
	4983.56846	   0.01569	[mu,kappa]: [(41.97337,87.07619),278.00000]
	5560.47625	   0.01751	[mu,kappa]: [(40.25041,87.79547),278.00000]
	5920.56814	   0.01864	[mu,kappa]: [(40.25354,87.79454),278.00000]
	5040.74726	   0.01587	[mu,kappa]: [(39.98914,87.89970),278.00000]
	3671.21244	   0.01156	[mu,kappa]: [(43.01979,86.06224),176.49250]
	4408.84014	   0.01388	[mu,kappa]: [(39.04538,88.25269),278.00000]
	5367.02968	   0.01690	[mu,kappa]: [(40.16563,87.82981),278.00000]
	5069.45004	   0.01596	[mu,kappa]: [(39.26748,88.19447),278.00000]
	5314.58923	   0.01674	[mu,kappa]: [(40.10167,87.85566),278.00000]
	4747.17415	   0.01495	[mu,kappa]: [(41.03977,87.46380),278.00000]
	5069.50843	   0.01596	[mu,kappa]: [(39.99407,87.89845),278.00000]
			msglen: 5240383.28664 bits.
Iteration #: 9
	4759.63896	   0.01499	[mu,kappa]: [(40.62083,87.64147),278.00000]
	3866.53887	   0.01218	[mu,kappa]: [(27.98982,74.57838),6.03316]
	5782.54581	   0.01821	[mu,kappa]: [(39.70577,88.01966),278.00000]
	5708.90883	   0.01798	[mu,kappa]: [(39.87985,87.94820),278.00000]
	5103.96450	   0.01607	[mu,kappa]: [(40.22248,87.80679),278.00000]
	3876.05412	   0.01221	[mu,kappa]: [(40.59842,87.58481),278.00000]
	4724.67796	   0.01488	[mu,kappa]: [(40.09421,87.85771),278.00000]
	3864.63326	   0.01217	[mu,kappa]: [(40.13995,87.77876),278.00000]
	4947.43690	   0.01558	[mu,kappa]: [(40.54127,87.67545),278.00000]
	4525.46359	   0.01425	[mu,kappa]: [(38.82078,88.37481),278.00000]
	5058.44039	   0.01593	[mu,kappa]: [(40.09945,87.85707),278.00000]
	3967.17182	   0.01249	[mu,kappa]: [(41.85743,87.05159),278.00000]
	4285.13930	   0.01349	[mu,kappa]: [(41.10442,87.43159),278.00000]
	4788.87941	   0.01508	[mu,kappa]: [(40.97200,87.49678),278.00000]
	4584.43095	   0.01444	[mu,kappa]: [(41.29509,87.35977),278.00000]
	3636.64229	   0.01145	[mu,kappa]: [(40.46624,87.48189),262.91349]
	5274.03980	   0.01661	[mu,kappa]: [(41.09506,87.44721),278.00000]
	5345.33566	   0.01683	[mu,kappa]: [(40.16549,87.83062),278.00000]
	4547.73475	   0.01432	[mu,kappa]: [(42.55248,86.81913),278.00000]
	5330.47771	   0.01679	[mu,kappa]: [(39.99617,87.90001),278.00000]
	5563.88263	   0.01752	[mu,kappa]: [(40.30357,87.77403),278.00000]
	4512.86570	   0.01421	[mu,kappa]: [(39.64650,88.03431),278.00000]
	4954.54435	   0.01560	[mu,kappa]: [(39.37920,88.15210),278.00000]
	5212.73242	   0.01642	[mu,kappa]: [(41.25108,87.38288),278.00000]
	4318.61267	   0.01360	[mu,kappa]: [(40.34443,87.74253),278.00000]
	4993.49318	   0.01572	[mu,kappa]: [(39.76884,87.99293),278.00000]
	5115.92352	   0.01611	[mu,kappa]: [(41.23634,87.38888),278.00000]
	5070.97669	   0.01597	[mu,kappa]: [(39.63826,88.04601),278.00000]
	5385.22035	   0.01696	[mu,kappa]: [(39.18415,88.23292),278.00000]
	3366.57468	   0.01060	[mu,kappa]: [(41.54799,86.76516),195.27717]
	5525.73717	   0.01740	[mu,kappa]: [(39.58540,88.06883),278.00000]
	3359.44762	   0.01058	[mu,kappa]: [(41.58362,86.78151),201.46783]
	4652.38512	   0.01465	[mu,kappa]: [(40.42620,87.72140),278.00000]
	3096.81218	   0.00975	[mu,kappa]: [(38.79464,86.75257),94.04688]
	5447.49785	   0.01715	[mu,kappa]: [(40.33054,87.76277),278.00000]
	4928.71534	   0.01552	[mu,kappa]: [(40.65121,87.62898),278.00000]
	3301.25821	   0.01040	[mu,kappa]: [(42.24790,86.39446),183.06551]
	11033.59444	   0.03474	[mu,kappa]: [(29.02036,90.83045),195.51032]
	4265.27475	   0.01343	[mu,kappa]: [(39.57607,88.05736),278.00000]
	4395.25783	   0.01384	[mu,kappa]: [(36.66891,89.00879),271.40738]
	14224.95355	   0.04479	[mu,kappa]: [(53.31549,79.93370),126.27069]
	4132.72292	   0.01301	[mu,kappa]: [(40.84235,87.52578),278.00000]
	5209.19300	   0.01640	[mu,kappa]: [(40.17263,87.82746),278.00000]
	4551.89308	   0.01433	[mu,kappa]: [(42.23183,86.96352),278.00000]
	3875.81013	   0.01221	[mu,kappa]: [(37.37227,86.01422),57.36271]
	5034.60068	   0.01585	[mu,kappa]: [(40.22740,87.80457),278.00000]
	5827.76709	   0.01835	[mu,kappa]: [(39.61096,88.05870),278.00000]
	5044.98117	   0.01589	[mu,kappa]: [(48.06864,83.15926),137.47913]
	4277.10885	   0.01347	[mu,kappa]: [(35.73521,89.16205),225.20936]
	5203.41444	   0.01639	[mu,kappa]: [(40.14109,87.84059),278.00000]
	3529.99984	   0.01112	[mu,kappa]: [(44.69550,84.51386),106.97695]
	4214.51751	   0.01327	[mu,kappa]: [(40.38009,87.72970),278.00000]
	4878.75691	   0.01536	[mu,kappa]: [(41.76314,87.16940),278.00000]
	5124.72988	   0.01614	[mu,kappa]: [(42.37503,86.91511),278.00000]
	5518.31071	   0.01738	[mu,kappa]: [(40.29215,87.77876),278.00000]
	5875.70861	   0.01850	[mu,kappa]: [(40.29594,87.77736),278.00000]
	5001.11805	   0.01575	[mu,kappa]: [(39.97236,87.90893),278.00000]
	3686.00368	   0.01161	[mu,kappa]: [(43.79498,85.86923),216.13986]
	4420.17385	   0.01392	[mu,kappa]: [(38.81876,88.36686),278.00000]
	5325.03757	   0.01677	[mu,kappa]: [(40.18838,87.82125),278.00000]
	5062.10005	   0.01594	[mu,kappa]: [(39.08713,88.27190),278.00000]
	5272.54271	   0.01660	[mu,kappa]: [(40.11006,87.85328),278.00000]
	4754.97984	   0.01497	[mu,kappa]: [(41.25529,87.37852),278.00000]
	5029.61424	   0.01584	[mu,kappa]: [(39.97832,87.90684),278.00000]
			msglen: 5231698.78289 bits.
Iteration #: 10
	4722.15199	   0.01487	[mu,kappa]: [(40.69992,87.60845),278.00000]
	3436.15452	   0.01082	[mu,kappa]: [(27.83557,71.90749),5.41160]
	5736.83670	   0.01807	[mu,kappa]: [(39.62767,88.05257),278.00000]
	5658.13802	   0.01782	[mu,kappa]: [(39.83115,87.96851),278.00000]
	5055.59020	   0.01592	[mu,kappa]: [(40.23253,87.80235),278.00000]
	3845.15758	   0.01211	[mu,kappa]: [(40.68121,87.58496),278.00000]
	4679.98610	   0.01474	[mu,kappa]: [(40.08240,87.86355),278.00000]
	3827.90229	   0.01205	[mu,kappa]: [(40.14279,87.81032),278.00000]
	4905.89218	   0.01545	[mu,kappa]: [(40.60646,87.64767),278.00000]
	4543.93320	   0.01431	[mu,kappa]: [(38.60167,88.47242),278.00000]
	5010.53043	   0.01578	[mu,kappa]: [(40.08836,87.86180),278.00000]
	4019.48408	   0.01266	[mu,kappa]: [(42.15256,86.96881),278.00000]
	4274.12243	   0.01346	[mu,kappa]: [(41.26783,87.36855),278.00000]
	4767.73540	   0.01501	[mu,kappa]: [(41.11159,87.43823),278.00000]
	4586.68111	   0.01444	[mu,kappa]: [(41.48992,87.28001),278.00000]
	3569.51587	   0.01124	[mu,kappa]: [(40.54797,87.54372),278.00000]
	5259.49578	   0.01656	[mu,kappa]: [(41.25552,87.37928),278.00000]
	5294.50897	   0.01667	[mu,kappa]: [(40.16568,87.83016),278.00000]
	4706.50585	   0.01482	[mu,kappa]: [(42.94300,86.66966),278.00000]
	5280.95037	   0.01663	[mu,kappa]: [(39.96734,87.91205),278.00000]
	5511.79490	   0.01736	[mu,kappa]: [(40.32755,87.76334),278.00000]
	4479.23610	   0.01411	[mu,kappa]: [(39.55954,88.07619),278.00000]
	4930.73036	   0.01553	[mu,kappa]: [(39.24721,88.20895),278.00000]
	5211.17361	   0.01641	[mu,kappa]: [(41.43794,87.30389),278.00000]
	4278.75324	   0.01347	[mu,kappa]: [(40.37714,87.73592),278.00000]
	4952.02910	   0.01559	[mu,kappa]: [(39.70145,88.02170),278.00000]
	5113.13240	   0.01610	[mu,kappa]: [(41.42072,87.31096),278.00000]
	5033.51639	   0.01585	[mu,kappa]: [(39.54901,88.08442),278.00000]
	5373.28441	   0.01692	[mu,kappa]: [(39.02066,88.30286),278.00000]
	3200.61954	   0.01008	[mu,kappa]: [(41.91401,86.71329),231.72153]
	5487.33994	   0.01728	[mu,kappa]: [(39.48721,88.11047),278.00000]
	3211.70929	   0.01011	[mu,kappa]: [(41.94742,86.73093),239.41479]
	4610.69401	   0.01452	[mu,kappa]: [(40.47162,87.70275),278.00000]
	2594.74201	   0.00817	[mu,kappa]: [(38.67362,86.78524),110.09933]
	5396.85844	   0.01699	[mu,kappa]: [(40.35920,87.75018),278.00000]
	4890.97875	   0.01540	[mu,kappa]: [(40.73555,87.59372),278.00000]
	3164.84663	   0.00997	[mu,kappa]: [(42.76143,86.29499),219.61209]
	13048.27366	   0.04109	[mu,kappa]: [(28.86987,91.04629),233.10426]
	4236.00085	   0.01334	[mu,kappa]: [(39.47801,88.10713),278.00000]
	4694.44850	   0.01478	[mu,kappa]: [(36.22074,89.32180),278.00000]
	14585.70057	   0.04593	[mu,kappa]: [(53.34257,79.83845),126.43315]
	4108.49090	   0.01294	[mu,kappa]: [(40.96251,87.48823),278.00000]
	5159.67637	   0.01625	[mu,kappa]: [(40.17408,87.82659),278.00000]
	4660.43771	   0.01468	[mu,kappa]: [(42.57602,86.82692),278.00000]
	3080.82835	   0.00970	[mu,kappa]: [(36.55743,85.94046),64.05499]
	4986.91400	   0.01570	[mu,kappa]: [(40.23832,87.79986),278.00000]
	5785.96211	   0.01822	[mu,kappa]: [(39.51699,88.09834),278.00000]
	5400.79514	   0.01701	[mu,kappa]: [(48.36714,83.31436),192.49638]
	4539.14574	   0.01429	[mu,kappa]: [(35.21092,89.53119),278.00000]
	5153.97144	   0.01623	[mu,kappa]: [(40.13709,87.84196),278.00000]
	3292.54070	   0.01037	[mu,kappa]: [(45.46037,84.44929),141.13157]
	4176.09555	   0.01315	[mu,kappa]: [(40.41877,87.71958),278.00000]
	4929.70134	   0.01552	[mu,kappa]: [(42.03427,87.05652),278.00000]
	5270.77081	   0.01660	[mu,kappa]: [(42.73855,86.76533),278.00000]
	5466.52306	   0.01721	[mu,kappa]: [(40.31415,87.76890),278.00000]
	5820.57933	   0.01833	[mu,kappa]: [(40.31858,87.76714),278.00000]
	4955.00874	   0.01560	[mu,kappa]: [(39.93955,87.92313),278.00000]
	3849.57147	   0.01212	[mu,kappa]: [(44.43424,85.74212),269.35879]
	4438.27469	   0.01398	[mu,kappa]: [(38.60025,88.46890),278.00000]
	5274.43002	   0.01661	[mu,kappa]: [(40.19251,87.81909),278.00000]
	5058.48192	   0.01593	[mu,kappa]: [(38.90839,88.34882),278.00000]
	5222.53332	   0.01645	[mu,kappa]: [(40.10073,87.85695),278.00000]
	4753.97824	   0.01497	[mu,kappa]: [(41.44317,87.30047),278.00000]
	4983.15327	   0.01569	[mu,kappa]: [(39.94649,87.92042),278.00000]
			msglen: 5226764.73340 bits.
Iteration #: 11
	4679.25804	   0.01474	[mu,kappa]: [(40.74108,87.58778),278.00000]
	3322.33550	   0.01046	[mu,kappa]: [(27.00996,71.02172),5.31780]
	5700.17782	   0.01795	[mu,kappa]: [(39.53124,88.08964),278.00000]
	5613.36174	   0.01768	[mu,kappa]: [(39.75967,87.99500),278.00000]
	5007.33987	   0.01577	[mu,kappa]: [(40.21211,87.80735),278.00000]
	3810.11253	   0.01200	[mu,kappa]: [(40.72322,87.58009),278.00000]
	4637.21750	   0.01460	[mu,kappa]: [(40.04272,87.87715),278.00000]
	3792.21442	   0.01194	[mu,kappa]: [(40.11382,87.83416),278.00000]
	4859.84635	   0.01530	[mu,kappa]: [(40.63513,87.63196),278.00000]
	4579.82942	   0.01442	[mu,kappa]: [(38.39366,88.55881),278.00000]
	4964.60369	   0.01563	[mu,kappa]: [(40.04938,87.87473),278.00000]
	4056.76299	   0.01278	[mu,kappa]: [(42.38765,86.88670),278.00000]
	4252.80291	   0.01339	[mu,kappa]: [(41.38533,87.31841),278.00000]
	4736.64793	   0.01492	[mu,kappa]: [(41.20771,87.39444),278.00000]
	4575.93379	   0.01441	[mu,kappa]: [(41.63645,87.21608),278.00000]
	3535.38228	   0.01113	[mu,kappa]: [(40.58254,87.59190),278.00000]
	5232.40776	   0.01648	[mu,kappa]: [(41.37076,87.32720),278.00000]
	5244.72288	   0.01652	[mu,kappa]: [(40.13659,87.83874),278.00000]
	4845.50785	   0.01526	[mu,kappa]: [(43.26413,86.53961),278.00000]
	5235.16471	   0.01649	[mu,kappa]: [(39.91294,87.93139),278.00000]
	5458.50356	   0.01719	[mu,kappa]: [(40.31946,87.76298),278.00000]
	4453.43521	   0.01402	[mu,kappa]: [(39.45538,88.11892),278.00000]
	4919.26545	   0.01549	[mu,kappa]: [(39.10636,88.26527),278.00000]
	5195.34408	   0.01636	[mu,kappa]: [(41.57736,87.24171),278.00000]
	4237.41521	   0.01334	[mu,kappa]: [(40.37627,87.73612),278.00000]
	4917.45182	   0.01549	[mu,kappa]: [(39.61402,88.05516),278.00000]
	5096.50271	   0.01605	[mu,kappa]: [(41.55787,87.24975),278.00000]
	5004.98769	   0.01576	[mu,kappa]: [(39.44320,88.12581),278.00000]
	5377.54865	   0.01693	[mu,kappa]: [(38.85484,88.36958),278.00000]
	3115.01409	   0.00981	[mu,kappa]: [(42.19569,86.71370),278.00000]
	5459.52085	   0.01719	[mu,kappa]: [(39.37402,88.15472),278.00000]
	3145.44421	   0.00991	[mu,kappa]: [(42.22354,86.73256),278.00000]
	4566.31401	   0.01438	[mu,kappa]: [(40.48254,87.69489),278.00000]
	2194.94891	   0.00691	[mu,kappa]: [(38.60511,86.83679),129.05780]
	5344.60574	   0.01683	[mu,kappa]: [(40.35525,87.74811),278.00000]
	4847.22382	   0.01526	[mu,kappa]: [(40.78145,87.57105),278.00000]
	3115.13457	   0.00981	[mu,kappa]: [(43.17011,86.25166),266.32648]
	13826.18171	   0.04354	[mu,kappa]: [(28.92659,91.10037),248.99173]
	4214.98834	   0.01327	[mu,kappa]: [(39.36444,88.15529),278.00000]
	5026.62202	   0.01583	[mu,kappa]: [(35.90576,89.51849),278.00000]
	14498.35532	   0.04565	[mu,kappa]: [(53.47192,79.67018),122.95300]
	4077.03986	   0.01284	[mu,kappa]: [(41.03997,87.45826),278.00000]
	5111.06199	   0.01609	[mu,kappa]: [(40.14608,87.83475),278.00000]
	4749.84769	   0.01496	[mu,kappa]: [(42.85735,86.70991),278.00000]
	2507.96897	   0.00790	[mu,kappa]: [(35.57002,85.68511),67.30016]
	4939.27539	   0.01555	[mu,kappa]: [(40.21865,87.80459),278.00000]
	5754.88542	   0.01812	[mu,kappa]: [(39.40731,88.14101),278.00000]
	6019.66889	   0.01896	[mu,kappa]: [(48.49290,83.47681),252.29887]
	4992.76677	   0.01572	[mu,kappa]: [(34.93705,89.80426),278.00000]
	5105.92109	   0.01608	[mu,kappa]: [(40.10432,87.85210),278.00000]
	3236.09195	   0.01019	[mu,kappa]: [(46.05523,84.43200),181.96308]
	4135.79031	   0.01302	[mu,kappa]: [(40.42326,87.71705),278.00000]
	4962.64853	   0.01563	[mu,kappa]: [(42.25057,86.96302),278.00000]
	5394.82081	   0.01699	[mu,kappa]: [(43.03718,86.63881),278.00000]
	5413.72845	   0.01705	[mu,kappa]: [(40.30431,87.76927),278.00000]
	5764.31255	   0.01815	[mu,kappa]: [(40.30931,87.76723),278.00000]
	4912.76464	   0.01547	[mu,kappa]: [(39.88169,87.94415),278.00000]
	4155.91769	   0.01309	[mu,kappa]: [(44.89311,85.68267),278.00000]
	4473.41477	   0.01409	[mu,kappa]: [(38.39248,88.55733),278.00000]
	5224.49493	   0.01645	[mu,kappa]: [(40.16688,87.82619),278.00000]
	5071.31514	   0.01597	[mu,kappa]: [(38.73073,88.42076),278.00000]
	5174.42497	   0.01629	[mu,kappa]: [(40.06330,87.86909),278.00000]
	4739.91076	   0.01493	[mu,kappa]: [(41.58341,87.23858),278.00000]
	4940.49048	   0.01556	[mu,kappa]: [(39.88949,87.94100),278.00000]
			msglen: 5223890.05553 bits.
Iteration #: 12
	4638.54909	   0.01461	[mu,kappa]: [(40.75493,87.57711),278.00000]
	3277.97574	   0.01032	[mu,kappa]: [(26.09234,70.82890),5.36314]
	5677.76984	   0.01788	[mu,kappa]: [(39.43074,88.12671),278.00000]
	5580.94894	   0.01757	[mu,kappa]: [(39.67924,88.02373),278.00000]
	4966.50747	   0.01564	[mu,kappa]: [(40.17382,87.81852),278.00000]
	3776.98600	   0.01189	[mu,kappa]: [(40.73680,87.57725),278.00000]
	4602.65497	   0.01449	[mu,kappa]: [(39.98838,87.89526),278.00000]
	3762.79045	   0.01185	[mu,kappa]: [(40.06751,87.85589),278.00000]
	4817.11487	   0.01517	[mu,kappa]: [(40.63835,87.62566),278.00000]
	4629.79553	   0.01458	[mu,kappa]: [(38.20993,88.63060),278.00000]
	4927.40888	   0.01552	[mu,kappa]: [(39.99563,87.89242),278.00000]
	4081.04380	   0.01285	[mu,kappa]: [(42.56728,86.81541),278.00000]
	4227.54543	   0.01331	[mu,kappa]: [(41.46479,87.28118),278.00000]
	4703.05073	   0.01481	[mu,kappa]: [(41.26886,87.36374),278.00000]
	4558.35661	   0.01435	[mu,kappa]: [(41.74115,87.16735),278.00000]
	3504.32722	   0.01104	[mu,kappa]: [(40.58671,87.61687),278.00000]
	5200.65178	   0.01638	[mu,kappa]: [(41.44847,87.28934),278.00000]
	5203.39425	   0.01639	[mu,kappa]: [(40.09108,87.85289),278.00000]
	4959.38422	   0.01562	[mu,kappa]: [(43.51554,86.43195),278.00000]
	5199.72556	   0.01637	[mu,kappa]: [(39.84647,87.95434),278.00000]
	5412.24630	   0.01704	[mu,kappa]: [(40.29153,87.76973),278.00000]
	4439.15622	   0.01398	[mu,kappa]: [(39.34861,88.15970),278.00000]
	4922.11080	   0.01550	[mu,kappa]: [(38.97119,88.31679),278.00000]
	5172.45999	   0.01629	[mu,kappa]: [(41.67599,87.19496),278.00000]
	4201.08747	   0.01323	[mu,kappa]: [(40.35420,87.74210),278.00000]
	4894.66600	   0.01541	[mu,kappa]: [(39.52070,88.08935),278.00000]
	5073.17771	   0.01598	[mu,kappa]: [(41.65454,87.20385),278.00000]
	4989.47687	   0.01571	[mu,kappa]: [(39.33523,88.16613),278.00000]
	5398.20822	   0.01700	[mu,kappa]: [(38.70097,88.42861),278.00000]
	3124.73527	   0.00984	[mu,kappa]: [(42.38286,86.75992),278.00000]
	5446.30444	   0.01715	[mu,kappa]: [(39.26025,88.19730),278.00000]
	3156.73161	   0.00994	[mu,kappa]: [(42.41026,86.76439),278.00000]
	4526.41707	   0.01425	[mu,kappa]: [(40.47064,87.69513),278.00000]
	1889.85801	   0.00595	[mu,kappa]: [(38.54998,86.99157),152.92836]
	5298.88782	   0.01669	[mu,kappa]: [(40.33081,87.75340),278.00000]
	4805.32931	   0.01513	[mu,kappa]: [(40.79936,87.55867),278.00000]
	3158.91325	   0.00995	[mu,kappa]: [(43.45618,86.26144),278.00000]
	13909.84058	   0.04380	[mu,kappa]: [(28.99070,91.10679),255.03255]
	4205.28959	   0.01324	[mu,kappa]: [(39.25020,88.19983),278.00000]
	5336.04720	   0.01680	[mu,kappa]: [(35.69167,89.62906),278.00000]
	14122.93774	   0.04447	[mu,kappa]: [(53.67814,79.44997),118.67541]
	4044.91506	   0.01274	[mu,kappa]: [(41.08464,87.43742),278.00000]
	5070.60627	   0.01597	[mu,kappa]: [(40.10147,87.84856),278.00000]
	4818.98074	   0.01518	[mu,kappa]: [(43.07669,86.61405),278.00000]
	2101.76311	   0.00662	[mu,kappa]: [(34.28045,85.37397),67.33447]
	4898.89675	   0.01543	[mu,kappa]: [(40.18099,87.81552),278.00000]
	5739.00128	   0.01807	[mu,kappa]: [(39.29630,88.18241),278.00000]
	6787.67738	   0.02137	[mu,kappa]: [(48.54244,83.61362),278.00000]
	5387.17541	   0.01696	[mu,kappa]: [(34.78330,89.93524),278.00000]
	5066.38409	   0.01595	[mu,kappa]: [(40.05574,87.86755),278.00000]
	3305.01685	   0.01041	[mu,kappa]: [(46.47570,84.44871),227.03454]
	4100.01012	   0.01291	[mu,kappa]: [(40.40576,87.72089),278.00000]
	4981.23255	   0.01569	[mu,kappa]: [(42.41539,86.88852),278.00000]
	5493.66046	   0.01730	[mu,kappa]: [(43.27083,86.53573),278.00000]
	5368.05999	   0.01690	[mu,kappa]: [(40.27490,87.77663),278.00000]
	5715.58116	   0.01800	[mu,kappa]: [(40.28039,87.77437),278.00000]
	4880.46373	   0.01537	[mu,kappa]: [(39.81237,87.96839),278.00000]
	4448.49237	   0.01401	[mu,kappa]: [(45.22817,85.61601),278.00000]
	4522.29896	   0.01424	[mu,kappa]: [(38.20885,88.63010),278.00000]
	5182.71250	   0.01632	[mu,kappa]: [(40.12425,87.83913),278.00000]
	5099.80008	   0.01606	[mu,kappa]: [(38.56824,88.48336),278.00000]
	5135.29901	   0.01617	[mu,kappa]: [(40.01085,87.88617),278.00000]
	4719.34059	   0.01486	[mu,kappa]: [(41.68272,87.19186),278.00000]
	4907.76870	   0.01545	[mu,kappa]: [(39.82087,87.96490),278.00000]
			msglen: 5222267.49015 bits.
Iteration #: 13
	4608.08672	   0.01451	[mu,kappa]: [(40.76109,87.56986),278.00000]
	3208.12357	   0.01010	[mu,kappa]: [(25.24606,70.68525),5.39030]
	5667.46212	   0.01785	[mu,kappa]: [(39.34593,88.15769),278.00000]
	5561.28055	   0.01751	[mu,kappa]: [(39.61010,88.04831),278.00000]
	4937.56058	   0.01555	[mu,kappa]: [(40.13806,87.82918),278.00000]
	3752.24032	   0.01182	[mu,kappa]: [(40.74233,87.57404),278.00000]
	4579.05385	   0.01442	[mu,kappa]: [(39.93982,87.91142),278.00000]
	3742.36236	   0.01179	[mu,kappa]: [(40.02499,87.87288),278.00000]
	4785.32796	   0.01507	[mu,kappa]: [(40.63592,87.62206),278.00000]
	4681.44928	   0.01474	[mu,kappa]: [(38.06379,88.68554),278.00000]
	4901.95464	   0.01544	[mu,kappa]: [(39.94755,87.90829),278.00000]
	4104.24202	   0.01292	[mu,kappa]: [(42.70585,86.75363),278.00000]
	4208.88509	   0.01325	[mu,kappa]: [(41.52391,87.25120),278.00000]
	4677.84297	   0.01473	[mu,kappa]: [(41.31324,87.33970),278.00000]
	4546.21493	   0.01432	[mu,kappa]: [(41.82064,87.12783),278.00000]
	3481.37720	   0.01096	[mu,kappa]: [(40.58340,87.62908),278.00000]
	5177.11743	   0.01630	[mu,kappa]: [(41.50623,87.25927),278.00000]
	5174.51391	   0.01629	[mu,kappa]: [(40.04956,87.86597),278.00000]
	5060.53766	   0.01594	[mu,kappa]: [(43.70848,86.34125),278.00000]
	5176.50056	   0.01630	[mu,kappa]: [(39.78832,87.97440),278.00000]
	5378.88391	   0.01694	[mu,kappa]: [(40.26406,87.77684),278.00000]
	4434.04866	   0.01396	[mu,kappa]: [(39.25892,88.19318),278.00000]
	4933.17699	   0.01553	[mu,kappa]: [(38.85991,88.35838),278.00000]
	5156.22315	   0.01624	[mu,kappa]: [(41.75063,87.15733),278.00000]
	4174.71960	   0.01315	[mu,kappa]: [(40.33135,87.74807),278.00000]
	4882.61905	   0.01538	[mu,kappa]: [(39.44148,88.11810),278.00000]
	5056.52295	   0.01592	[mu,kappa]: [(41.72759,87.16694),278.00000]
	4984.21808	   0.01570	[mu,kappa]: [(39.24466,88.19951),278.00000]
	5425.81194	   0.01709	[mu,kappa]: [(38.57589,88.47546),278.00000]
	3136.03916	   0.00988	[mu,kappa]: [(42.52175,86.76048),278.00000]
	5443.91361	   0.01714	[mu,kappa]: [(39.16522,88.23240),278.00000]
	3169.16399	   0.00998	[mu,kappa]: [(42.54948,86.75724),278.00000]
	4497.11140	   0.01416	[mu,kappa]: [(40.45603,87.69687),278.00000]
	1666.80920	   0.00525	[mu,kappa]: [(38.50513,87.25910),185.24141]
	5265.75952	   0.01658	[mu,kappa]: [(40.30614,87.75933),278.00000]
	4773.91863	   0.01503	[mu,kappa]: [(40.80880,87.54999),278.00000]
	3221.42782	   0.01015	[mu,kappa]: [(43.66390,86.24924),278.00000]
	13685.35106	   0.04309	[mu,kappa]: [(29.01805,91.11126),258.11231]
	4203.91012	   0.01324	[mu,kappa]: [(39.15472,88.23595),278.00000]
	5594.74430	   0.01762	[mu,kappa]: [(35.54987,89.68832),278.00000]
	13557.53949	   0.04269	[mu,kappa]: [(53.93028,79.20778),114.95813]
	4020.72841	   0.01266	[mu,kappa]: [(41.11554,87.42075),278.00000]
	5042.28352	   0.01588	[mu,kappa]: [(40.06068,87.86134),278.00000]
	4881.29345	   0.01537	[mu,kappa]: [(43.24609,86.53378),278.00000]
	1832.60580	   0.00577	[mu,kappa]: [(32.49075,85.04332),64.79084]
	4870.24052	   0.01534	[mu,kappa]: [(40.14574,87.82598),278.00000]
	5734.71402	   0.01806	[mu,kappa]: [(39.20339,88.21664),278.00000]
	7504.12791	   0.02363	[mu,kappa]: [(48.55483,83.70051),278.00000]
	5701.52074	   0.01795	[mu,kappa]: [(34.69871,89.99221),278.00000]
	5038.95502	   0.01587	[mu,kappa]: [(40.01178,87.88166),278.00000]
	3460.88337	   0.01090	[mu,kappa]: [(46.74606,84.48401),275.17113]
	4073.90020	   0.01283	[mu,kappa]: [(40.38659,87.72519),278.00000]
	5000.02938	   0.01575	[mu,kappa]: [(42.54278,86.82702),278.00000]
	5582.03528	   0.01758	[mu,kappa]: [(43.45094,86.44970),278.00000]
	5335.19368	   0.01680	[mu,kappa]: [(40.24626,87.78424),278.00000]
	5680.47670	   0.01789	[mu,kappa]: [(40.25213,87.78181),278.00000]
	4859.57333	   0.01530	[mu,kappa]: [(39.75196,87.98943),278.00000]
	4702.76646	   0.01481	[mu,kappa]: [(45.46859,85.54238),278.00000]
	4572.82235	   0.01440	[mu,kappa]: [(38.06274,88.68551),278.00000]
	5153.33490	   0.01623	[mu,kappa]: [(40.08503,87.85124),278.00000]
	5133.72273	   0.01617	[mu,kappa]: [(38.43693,88.53260),278.00000]
	5108.42020	   0.01609	[mu,kappa]: [(39.96381,87.90158),278.00000]
	4704.79038	   0.01482	[mu,kappa]: [(41.75788,87.15415),278.00000]
	4886.53528	   0.01539	[mu,kappa]: [(39.76102,87.98569),278.00000]
			msglen: 5221109.42719 bits.
Iteration #: 14
	4585.08196	   0.01444	[mu,kappa]: [(40.76403,87.56485),278.00000]
	3075.56485	   0.00969	[mu,kappa]: [(24.59991,70.32504),5.32172]
	5663.46353	   0.01783	[mu,kappa]: [(39.27664,88.18304),278.00000]
	5549.06397	   0.01747	[mu,kappa]: [(39.55314,88.06876),278.00000]
	4916.57517	   0.01548	[mu,kappa]: [(40.10760,87.83867),278.00000]
	3733.58295	   0.01176	[mu,kappa]: [(40.74459,87.57118),278.00000]
	4562.49798	   0.01437	[mu,kappa]: [(39.89917,87.92525),278.00000]
	3727.82606	   0.01174	[mu,kappa]: [(39.98898,87.88640),278.00000]
	4761.41199	   0.01499	[mu,kappa]: [(40.63202,87.62005),278.00000]
	4729.30782	   0.01489	[mu,kappa]: [(37.94793,88.72767),278.00000]
	4884.05992	   0.01538	[mu,kappa]: [(39.90729,87.92192),278.00000]
	4125.35998	   0.01299	[mu,kappa]: [(42.81324,86.70109),278.00000]
	4195.10786	   0.01321	[mu,kappa]: [(41.56903,87.22713),278.00000]
	4658.89116	   0.01467	[mu,kappa]: [(41.34667,87.32080),278.00000]
	4537.92675	   0.01429	[mu,kappa]: [(41.88193,87.09584),278.00000]
	3464.18665	   0.01091	[mu,kappa]: [(40.57803,87.63528),278.00000]
	5159.67558	   0.01625	[mu,kappa]: [(41.55031,87.23535),278.00000]
	5153.82877	   0.01623	[mu,kappa]: [(40.01451,87.87739),278.00000]
	5147.86963	   0.01621	[mu,kappa]: [(43.85699,86.26426),278.00000]
	5160.82833	   0.01625	[mu,kappa]: [(39.74006,87.99132),278.00000]
	5354.35044	   0.01686	[mu,kappa]: [(40.24020,87.78350),278.00000]
	4433.48848	   0.01396	[mu,kappa]: [(39.18577,88.22029),278.00000]
	4946.91933	   0.01558	[mu,kappa]: [(38.77005,88.39159),278.00000]
	5144.77216	   0.01620	[mu,kappa]: [(41.80809,87.12704),278.00000]
	4155.24363	   0.01309	[mu,kappa]: [(40.31113,87.75357),278.00000]
	4876.44138	   0.01536	[mu,kappa]: [(39.37657,88.14175),278.00000]
	5044.69077	   0.01589	[mu,kappa]: [(41.78380,87.13725),278.00000]
	4983.99624	   0.01569	[mu,kappa]: [(39.17084,88.22665),278.00000]
	5454.05891	   0.01718	[mu,kappa]: [(38.47550,88.51240),278.00000]
	3147.06556	   0.00991	[mu,kappa]: [(42.62667,86.74219),278.00000]
	5446.55312	   0.01715	[mu,kappa]: [(39.08793,88.26086),278.00000]
	3181.09361	   0.01002	[mu,kappa]: [(42.65500,86.73467),278.00000]
	4475.26366	   0.01409	[mu,kappa]: [(40.44241,87.69917),278.00000]
	1522.14253	   0.00479	[mu,kappa]: [(38.46507,87.60228),230.72035]
	5241.30882	   0.01651	[mu,kappa]: [(40.28451,87.76504),278.00000]
	4750.16854	   0.01496	[mu,kappa]: [(40.81436,87.54381),278.00000]
	3275.99723	   0.01032	[mu,kappa]: [(43.82059,86.21569),278.00000]
	13323.55583	   0.04195	[mu,kappa]: [(29.02733,91.12502),261.98731]
	4206.36565	   0.01325	[mu,kappa]: [(39.07705,88.26496),278.00000]
	5807.47150	   0.01829	[mu,kappa]: [(35.45154,89.72008),278.00000]
	12939.35790	   0.04074	[mu,kappa]: [(54.20934,78.96687),112.10172]
	4002.44489	   0.01260	[mu,kappa]: [(41.13815,87.40754),278.00000]
	5021.96659	   0.01581	[mu,kappa]: [(40.02620,87.87252),278.00000]
	4935.70872	   0.01554	[mu,kappa]: [(43.37722,86.46636),278.00000]
	1711.85073	   0.00539	[mu,kappa]: [(29.95198,84.72220),61.57632]
	4849.44771	   0.01527	[mu,kappa]: [(40.11568,87.83531),278.00000]
	5735.96810	   0.01806	[mu,kappa]: [(39.12776,88.24445),278.00000]
	8103.12740	   0.02552	[mu,kappa]: [(48.56053,83.73188),278.00000]
	5951.85082	   0.01874	[mu,kappa]: [(34.64967,90.01327),278.00000]
	5019.43415	   0.01581	[mu,kappa]: [(39.97479,87.89389),278.00000]
	3684.51712	   0.01160	[mu,kappa]: [(46.91189,84.53193),278.00000]
	4054.53594	   0.01277	[mu,kappa]: [(40.36930,87.72937),278.00000]
	5017.77426	   0.01580	[mu,kappa]: [(42.64171,86.77626),278.00000]
	5658.72815	   0.01782	[mu,kappa]: [(43.59010,86.37738),278.00000]
	5311.06728	   0.01672	[mu,kappa]: [(40.22146,87.79130),278.00000]
	5654.68418	   0.01781	[mu,kappa]: [(40.22765,87.78873),278.00000]
	4845.66593	   0.01526	[mu,kappa]: [(39.70191,88.00711),278.00000]
	4918.55752	   0.01549	[mu,kappa]: [(45.64495,85.46669),278.00000]
	4619.62942	   0.01455	[mu,kappa]: [(37.94688,88.72787),278.00000]
	5132.18247	   0.01616	[mu,kappa]: [(40.05181,87.86188),278.00000]
	5167.06672	   0.01627	[mu,kappa]: [(38.33187,88.57115),278.00000]
	5089.45636	   0.01603	[mu,kappa]: [(39.92436,87.91484),278.00000]
	4694.56834	   0.01478	[mu,kappa]: [(41.81575,87.12374),278.00000]
	4872.35103	   0.01534	[mu,kappa]: [(39.71142,88.00318),278.00000]
			msglen: 5220132.62774 bits.
Iteration #: 15
	4568.21367	   0.01439	[mu,kappa]: [(40.76741,87.56047),278.00000]
	2845.75755	   0.00896	[mu,kappa]: [(24.32110,69.52182),5.08721]
	5662.36679	   0.01783	[mu,kappa]: [(39.22172,88.20274),278.00000]
	5541.14646	   0.01745	[mu,kappa]: [(39.50822,88.08464),278.00000]
	4901.27679	   0.01543	[mu,kappa]: [(40.08412,87.84592),278.00000]
	3719.91792	   0.01171	[mu,kappa]: [(40.74733,87.56800),278.00000]
	4550.67138	   0.01433	[mu,kappa]: [(39.86746,87.93591),278.00000]
	3717.35983	   0.01171	[mu,kappa]: [(39.96093,87.89635),278.00000]
	4743.81239	   0.01494	[mu,kappa]: [(40.62992,87.61810),278.00000]
	4770.90734	   0.01502	[mu,kappa]: [(37.85567,88.75963),278.00000]
	4871.25334	   0.01534	[mu,kappa]: [(39.87589,87.93243),278.00000]
	4145.95002	   0.01306	[mu,kappa]: [(42.89853,86.65670),278.00000]
	4186.07470	   0.01318	[mu,kappa]: [(41.60591,87.20716),278.00000]
	4645.70071	   0.01463	[mu,kappa]: [(41.37432,87.30514),278.00000]
	4533.81277	   0.01428	[mu,kappa]: [(41.93156,87.06939),278.00000]
	3451.56356	   0.01087	[mu,kappa]: [(40.57436,87.63774),278.00000]
	5148.12262	   0.01621	[mu,kappa]: [(41.58639,87.21559),278.00000]
	5138.84713	   0.01618	[mu,kappa]: [(39.98733,87.88617),278.00000]
	5225.00859	   0.01645	[mu,kappa]: [(43.97300,86.19913),278.00000]
	5149.93314	   0.01622	[mu,kappa]: [(39.70219,88.00443),278.00000]
	5336.33793	   0.01680	[mu,kappa]: [(40.22206,87.78849),278.00000]
	4434.77427	   0.01397	[mu,kappa]: [(39.12771,88.24128),278.00000]
	4960.25880	   0.01562	[mu,kappa]: [(38.69846,88.41727),278.00000]
	5138.34385	   0.01618	[mu,kappa]: [(41.85472,87.10203),278.00000]
	4140.94294	   0.01304	[mu,kappa]: [(40.29589,87.75752),278.00000]
	4873.25024	   0.01535	[mu,kappa]: [(39.32521,88.16013),278.00000]
	5037.87264	   0.01586	[mu,kappa]: [(41.82944,87.11274),278.00000]
	4985.76864	   0.01570	[mu,kappa]: [(39.11225,88.24773),278.00000]
	5479.63863	   0.01726	[mu,kappa]: [(38.39547,88.54083),278.00000]
	3158.54982	   0.00995	[mu,kappa]: [(42.70871,86.71731),278.00000]
	5450.86858	   0.01716	[mu,kappa]: [(39.02652,88.28295),278.00000]
	3193.35002	   0.01006	[mu,kappa]: [(42.73767,86.70734),278.00000]
	4459.17799	   0.01404	[mu,kappa]: [(40.43250,87.70066),278.00000]
	1457.33394	   0.00459	[mu,kappa]: [(38.43417,87.96014),278.00000]
	5223.33428	   0.01645	[mu,kappa]: [(40.26815,87.76928),278.00000]
	4732.78139	   0.01490	[mu,kappa]: [(40.81983,87.53848),278.00000]
	3324.40823	   0.01047	[mu,kappa]: [(43.94122,86.17525),278.00000]
	12889.09518	   0.04059	[mu,kappa]: [(29.04990,91.14990),269.41199]
	4210.06351	   0.01326	[mu,kappa]: [(39.01531,88.28736),278.00000]
	5981.65104	   0.01884	[mu,kappa]: [(35.37985,89.73656),278.00000]
	12317.91841	   0.03879	[mu,kappa]: [(54.50328,78.73684),109.90494]
	3989.37215	   0.01256	[mu,kappa]: [(41.15719,87.39632),278.00000]
	5007.24037	   0.01577	[mu,kappa]: [(39.99948,87.88111),278.00000]
	4984.96425	   0.01570	[mu,kappa]: [(43.48052,86.40980),278.00000]
	1778.70529	   0.00560	[mu,kappa]: [(26.67079,84.54165),61.53413]
	4834.28401	   0.01522	[mu,kappa]: [(40.09252,87.84242),278.00000]
	5739.24457	   0.01807	[mu,kappa]: [(39.06770,88.26605),278.00000]
	8607.66411	   0.02710	[mu,kappa]: [(48.56248,83.72665),278.00000]
	6152.62712	   0.01937	[mu,kappa]: [(34.61954,90.01662),278.00000]
	5005.35188	   0.01576	[mu,kappa]: [(39.94604,87.90332),278.00000]
	3879.51062	   0.01222	[mu,kappa]: [(47.02846,84.54347),278.00000]
	4040.30303	   0.01272	[mu,kappa]: [(40.35643,87.73228),278.00000]
	5036.07857	   0.01586	[mu,kappa]: [(42.72062,86.73412),278.00000]
	5727.25434	   0.01804	[mu,kappa]: [(43.69934,86.31664),278.00000]
	5293.36712	   0.01667	[mu,kappa]: [(40.20256,87.79662),278.00000]
	5635.74868	   0.01775	[mu,kappa]: [(40.20899,87.79394),278.00000]
	4836.10318	   0.01523	[mu,kappa]: [(39.66259,88.02082),278.00000]
	5102.53252	   0.01607	[mu,kappa]: [(45.77633,85.39383),278.00000]
	4660.31467	   0.01468	[mu,kappa]: [(37.85462,88.75994),278.00000]
	5116.81615	   0.01611	[mu,kappa]: [(40.02611,87.87005),278.00000]
	5196.77671	   0.01636	[mu,kappa]: [(38.24811,88.60073),278.00000]
	5075.84987	   0.01598	[mu,kappa]: [(39.89363,87.92508),278.00000]
	4688.90270	   0.01477	[mu,kappa]: [(41.86269,87.09861),278.00000]
	4862.57103	   0.01531	[mu,kappa]: [(39.67246,88.01673),278.00000]
			msglen: 5219057.52351 bits.
Iteration #: 16
	4555.09250	   0.01434	[mu,kappa]: [(40.77067,87.55697),278.00000]
	2505.91223	   0.00789	[mu,kappa]: [(24.66156,68.07755),4.65291]
	5662.02305	   0.01783	[mu,kappa]: [(39.17805,88.21775),278.00000]
	5535.21050	   0.01743	[mu,kappa]: [(39.47272,88.09675),278.00000]
	4889.32387	   0.01540	[mu,kappa]: [(40.06598,87.85139),278.00000]
	3709.30391	   0.01168	[mu,kappa]: [(40.75003,87.56519),278.00000]
	4541.48996	   0.01430	[mu,kappa]: [(39.84268,87.94400),278.00000]
	3709.22858	   0.01168	[mu,kappa]: [(39.93906,87.90369),278.00000]
	4730.08257	   0.01490	[mu,kappa]: [(40.62885,87.61648),278.00000]
	4805.82520	   0.01513	[mu,kappa]: [(37.78143,88.78353),278.00000]
	4861.29993	   0.01531	[mu,kappa]: [(39.85136,87.94041),278.00000]
	4163.68146	   0.01311	[mu,kappa]: [(42.96521,86.62127),278.00000]
	4179.47059	   0.01316	[mu,kappa]: [(41.63541,87.19148),278.00000]
	4635.73076	   0.01460	[mu,kappa]: [(41.39664,87.29289),278.00000]
	4531.33653	   0.01427	[mu,kappa]: [(41.97094,87.04865),278.00000]
	3441.73758	   0.01084	[mu,kappa]: [(40.57185,87.63856),278.00000]
	5139.61352	   0.01618	[mu,kappa]: [(41.61527,87.20014),278.00000]
	5127.15735	   0.01615	[mu,kappa]: [(39.96620,87.89282),278.00000]
	5289.27774	   0.01666	[mu,kappa]: [(44.06288,86.14655),278.00000]
	5141.54468	   0.01619	[mu,kappa]: [(39.67242,88.01441),278.00000]
	5322.23763	   0.01676	[mu,kappa]: [(40.20819,87.79223),278.00000]
	4436.28609	   0.01397	[mu,kappa]: [(39.08146,88.25724),278.00000]
	4971.75510	   0.01566	[mu,kappa]: [(38.64111,88.43677),278.00000]
	5134.06998	   0.01617	[mu,kappa]: [(41.89178,87.08246),278.00000]
	4129.77071	   0.01301	[mu,kappa]: [(40.28434,87.76040),278.00000]
	4871.12440	   0.01534	[mu,kappa]: [(39.28444,88.17413),278.00000]
	5033.25868	   0.01585	[mu,kappa]: [(41.86574,87.09356),278.00000]
	4987.72600	   0.01571	[mu,kappa]: [(39.06557,88.26378),278.00000]
	5501.30912	   0.01732	[mu,kappa]: [(38.33117,88.56235),278.00000]
	3168.64624	   0.00998	[mu,kappa]: [(42.77222,86.69334),278.00000]
	5454.95675	   0.01718	[mu,kappa]: [(38.97753,88.29977),278.00000]
	3204.08256	   0.01009	[mu,kappa]: [(42.80174,86.68191),278.00000]
	4446.60810	   0.01400	[mu,kappa]: [(40.42521,87.70169),278.00000]
	1458.96193	   0.00460	[mu,kappa]: [(38.41273,88.24846),278.00000]
	5209.26429	   0.01640	[mu,kappa]: [(40.25572,87.77243),278.00000]
	4719.26948	   0.01486	[mu,kappa]: [(40.82475,87.53425),278.00000]
	3364.80896	   0.01060	[mu,kappa]: [(44.03372,86.13698),278.00000]
	12423.47020	   0.03912	[mu,kappa]: [(29.11081,91.18468),278.00000]
	4213.54157	   0.01327	[mu,kappa]: [(38.96604,88.30437),278.00000]
	6123.64557	   0.01928	[mu,kappa]: [(35.32660,89.74329),278.00000]
	11749.74461	   0.03700	[mu,kappa]: [(54.79791,78.52453),108.25626]
	3979.35716	   0.01253	[mu,kappa]: [(41.17275,87.38743),278.00000]
	4995.74956	   0.01573	[mu,kappa]: [(39.97873,87.88762),278.00000]
	5026.33862	   0.01583	[mu,kappa]: [(43.56090,86.36460),278.00000]
	2050.66261	   0.00646	[mu,kappa]: [(23.38941,84.59713),67.33663]
	4822.43642	   0.01519	[mu,kappa]: [(40.07464,87.84779),278.00000]
	5742.50118	   0.01808	[mu,kappa]: [(39.01981,88.28250),278.00000]
	9033.45060	   0.02845	[mu,kappa]: [(48.56960,83.69717),278.00000]
	6313.56153	   0.01988	[mu,kappa]: [(34.60164,90.01003),278.00000]
	4994.37824	   0.01573	[mu,kappa]: [(39.92365,87.91046),278.00000]
	4041.59902	   0.01273	[mu,kappa]: [(47.11627,84.53222),278.00000]
	4029.18706	   0.01269	[mu,kappa]: [(40.34677,87.73438),278.00000]
	5052.10225	   0.01591	[mu,kappa]: [(42.78249,86.70086),278.00000]
	5784.55661	   0.01822	[mu,kappa]: [(43.78420,86.26796),278.00000]
	5279.51341	   0.01663	[mu,kappa]: [(40.18808,87.80060),278.00000]
	5620.92066	   0.01770	[mu,kappa]: [(40.19471,87.79784),278.00000]
	4828.77441	   0.01521	[mu,kappa]: [(39.63164,88.03124),278.00000]
	5254.38641	   0.01655	[mu,kappa]: [(45.87617,85.32855),278.00000]
	4694.46666	   0.01478	[mu,kappa]: [(37.78037,88.78389),278.00000]
	5104.81693	   0.01608	[mu,kappa]: [(40.00617,87.87623),278.00000]
	5221.85387	   0.01644	[mu,kappa]: [(38.18076,88.62306),278.00000]
	5065.26311	   0.01595	[mu,kappa]: [(39.86964,87.93284),278.00000]
	4685.17555	   0.01475	[mu,kappa]: [(41.90000,87.07893),278.00000]
	4855.06766	   0.01529	[mu,kappa]: [(39.64180,88.02705),278.00000]
			msglen: 5217997.67016 bits.
Iteration #: 17
	4545.40299	   0.01431	[mu,kappa]: [(40.77319,87.55457),278.00000]
	2125.08392	   0.00669	[mu,kappa]: [(25.64002,66.10135),4.11926]
	5662.78249	   0.01783	[mu,kappa]: [(39.14352,88.22882),278.00000]
	5531.43274	   0.01742	[mu,kappa]: [(39.44479,88.10571),278.00000]
	4880.61752	   0.01537	[mu,kappa]: [(40.05185,87.85553),278.00000]
	3701.48897	   0.01166	[mu,kappa]: [(40.75210,87.56320),278.00000]
	4534.94556	   0.01428	[mu,kappa]: [(39.82330,87.95005),278.00000]
	3703.39571	   0.01166	[mu,kappa]: [(39.92198,87.90910),278.00000]
	4719.93645	   0.01486	[mu,kappa]: [(40.62803,87.61545),278.00000]
	4835.26773	   0.01523	[mu,kappa]: [(37.72179,88.80054),278.00000]
	4854.18731	   0.01529	[mu,kappa]: [(39.83219,87.94638),278.00000]
	4178.02095	   0.01316	[mu,kappa]: [(43.01566,86.59483),278.00000]
	4174.83242	   0.01315	[mu,kappa]: [(41.65788,87.18015),278.00000]
	4628.51102	   0.01458	[mu,kappa]: [(41.41369,87.28408),278.00000]
	4529.94914	   0.01427	[mu,kappa]: [(42.00085,87.03356),278.00000]
	3434.51340	   0.01082	[mu,kappa]: [(40.56984,87.63892),278.00000]
	5133.58231	   0.01617	[mu,kappa]: [(41.63728,87.18897),278.00000]
	5118.69700	   0.01612	[mu,kappa]: [(39.94972,87.89782),278.00000]
	5340.28667	   0.01682	[mu,kappa]: [(44.13109,86.10630),278.00000]
	5135.73084	   0.01617	[mu,kappa]: [(39.64908,88.02184),278.00000]
	5311.88328	   0.01673	[mu,kappa]: [(40.19742,87.79511),278.00000]
	4438.34470	   0.01398	[mu,kappa]: [(39.04483,88.26897),278.00000]
	4982.02599	   0.01569	[mu,kappa]: [(38.59539,88.45103),278.00000]
	5131.33939	   0.01616	[mu,kappa]: [(41.91995,87.06824),278.00000]
	4121.57478	   0.01298	[mu,kappa]: [(40.27539,87.76264),278.00000]
	4870.31091	   0.01534	[mu,kappa]: [(39.25226,88.18446),278.00000]
	5030.25346	   0.01584	[mu,kappa]: [(41.89333,87.07963),278.00000]
	4990.23762	   0.01571	[mu,kappa]: [(39.02860,88.27560),278.00000]
	5519.98159	   0.01738	[mu,kappa]: [(38.27973,88.57798),278.00000]
	3176.93100	   0.01000	[mu,kappa]: [(42.81991,86.67380),278.00000]
	5459.27529	   0.01719	[mu,kappa]: [(38.93867,88.31213),278.00000]
	3212.86667	   0.01012	[mu,kappa]: [(42.84989,86.66148),278.00000]
	4437.34542	   0.01397	[mu,kappa]: [(40.41958,87.70259),278.00000]
	1462.64823	   0.00461	[mu,kappa]: [(38.38362,88.39698),278.00000]
	5198.91765	   0.01637	[mu,kappa]: [(40.24608,87.77488),278.00000]
	4709.29084	   0.01483	[mu,kappa]: [(40.82853,87.53131),278.00000]
	3396.91349	   0.01070	[mu,kappa]: [(44.10340,86.10517),278.00000]
	11996.97748	   0.03778	[mu,kappa]: [(29.20503,91.22025),278.00000]
	4217.15885	   0.01328	[mu,kappa]: [(38.92694,88.31685),278.00000]
	6239.47583	   0.01965	[mu,kappa]: [(35.28610,89.74225),278.00000]
	11250.53817	   0.03543	[mu,kappa]: [(55.07861,78.33444),107.01486]
	3972.03730	   0.01251	[mu,kappa]: [(41.18467,87.38105),278.00000]
	4987.42818	   0.01571	[mu,kappa]: [(39.96255,87.89251),278.00000]
	5059.28121	   0.01593	[mu,kappa]: [(43.62179,86.33053),278.00000]
	2409.71334	   0.00759	[mu,kappa]: [(21.00184,84.68190),75.28647]
	4813.80412	   0.01516	[mu,kappa]: [(40.06072,87.85185),278.00000]
	5746.19234	   0.01809	[mu,kappa]: [(38.98185,88.29460),278.00000]
	9392.25742	   0.02958	[mu,kappa]: [(48.58543,83.65217),278.00000]
	6443.16272	   0.02029	[mu,kappa]: [(34.59057,89.99626),278.00000]
	4986.46998	   0.01570	[mu,kappa]: [(39.90617,87.91583),278.00000]
	4173.44582	   0.01314	[mu,kappa]: [(47.18642,84.50942),278.00000]
	4021.02141	   0.01266	[mu,kappa]: [(40.33929,87.73604),278.00000]
	5065.18828	   0.01595	[mu,kappa]: [(42.82932,86.67628),278.00000]
	5830.07785	   0.01836	[mu,kappa]: [(43.84852,86.23104),278.00000]
	5269.34926	   0.01659	[mu,kappa]: [(40.17684,87.80367),278.00000]
	5610.03024	   0.01767	[mu,kappa]: [(40.18363,87.80085),278.00000]
	4823.76138	   0.01519	[mu,kappa]: [(39.60735,88.03899),278.00000]
	5375.75424	   0.01693	[mu,kappa]: [(45.95320,85.27317),278.00000]
	4723.26459	   0.01487	[mu,kappa]: [(37.72073,88.80094),278.00000]
	5096.10602	   0.01605	[mu,kappa]: [(39.99064,87.88089),278.00000]
	5243.27651	   0.01651	[mu,kappa]: [(38.12680,88.63921),278.00000]
	5057.67524	   0.01593	[mu,kappa]: [(39.85090,87.93866),278.00000]
	4682.82815	   0.01475	[mu,kappa]: [(41.92836,87.06463),278.00000]
	4849.91861	   0.01527	[mu,kappa]: [(39.61775,88.03472),278.00000]
			msglen: 5217221.20184 bits.
Iteration #: 18
	4537.47330	   0.01429	[mu,kappa]: [(40.77599,87.55305),278.00000]
	1810.95535	   0.00570	[mu,kappa]: [(26.69268,64.08731),3.66240]
	5662.54194	   0.01783	[mu,kappa]: [(39.11653,88.23698),278.00000]
	5527.63413	   0.01741	[mu,kappa]: [(39.42339,88.11233),278.00000]
	4873.18117	   0.01535	[mu,kappa]: [(40.04172,87.85865),278.00000]
	3695.10534	   0.01164	[mu,kappa]: [(40.75455,87.56193),278.00000]
	4529.19784	   0.01426	[mu,kappa]: [(39.80895,87.95454),278.00000]
	3698.35721	   0.01165	[mu,kappa]: [(39.90947,87.91310),278.00000]
	4711.58432	   0.01484	[mu,kappa]: [(40.62828,87.61491),278.00000]
	4858.93292	   0.01530	[mu,kappa]: [(37.67179,88.81296),278.00000]
	4847.94517	   0.01527	[mu,kappa]: [(39.81800,87.95082),278.00000]
	4188.94494	   0.01319	[mu,kappa]: [(43.05368,86.57612),278.00000]
	4171.06497	   0.01314	[mu,kappa]: [(41.67550,87.17236),278.00000]
	4622.66589	   0.01456	[mu,kappa]: [(41.42734,87.27809),278.00000]
	4528.71320	   0.01426	[mu,kappa]: [(42.02389,87.02314),278.00000]
	3428.57516	   0.01080	[mu,kappa]: [(40.56914,87.63917),278.00000]
	5128.66623	   0.01615	[mu,kappa]: [(41.65457,87.18133),278.00000]
	5111.38754	   0.01610	[mu,kappa]: [(39.93771,87.90156),278.00000]
	5379.45638	   0.01694	[mu,kappa]: [(44.18268,86.07681),278.00000]
	5130.42446	   0.01616	[mu,kappa]: [(39.63149,88.02733),278.00000]
	5303.14189	   0.01670	[mu,kappa]: [(40.18995,87.79734),278.00000]
	4439.34666	   0.01398	[mu,kappa]: [(39.01603,88.27762),278.00000]
	4989.59652	   0.01571	[mu,kappa]: [(38.55857,88.46154),278.00000]
	5129.01981	   0.01615	[mu,kappa]: [(41.94173,87.05844),278.00000]
	4114.71150	   0.01296	[mu,kappa]: [(40.26933,87.76440),278.00000]
	4868.95436	   0.01533	[mu,kappa]: [(39.22728,88.19209),278.00000]
	5027.72476	   0.01583	[mu,kappa]: [(41.91469,87.07004),278.00000]
	4991.50972	   0.01572	[mu,kappa]: [(38.99950,88.28431),278.00000]
	5534.38937	   0.01743	[mu,kappa]: [(38.23767,88.58948),278.00000]
	3183.25048	   0.01002	[mu,kappa]: [(42.85572,86.65930),278.00000]
	5461.92029	   0.01720	[mu,kappa]: [(38.90794,88.32125),278.00000]
	3219.56825	   0.01014	[mu,kappa]: [(42.88606,86.64643),278.00000]
	4429.64966	   0.01395	[mu,kappa]: [(40.41612,87.70341),278.00000]
	1465.98697	   0.00462	[mu,kappa]: [(38.35353,88.47428),278.00000]
	5190.21520	   0.01634	[mu,kappa]: [(40.23949,87.77680),278.00000]
	4701.13597	   0.01480	[mu,kappa]: [(40.83229,87.52943),278.00000]
	3421.60061	   0.01078	[mu,kappa]: [(44.15581,86.08074),278.00000]
	11727.28752	   0.03693	[mu,kappa]: [(29.28939,91.23543),278.00000]
	4219.45090	   0.01329	[mu,kappa]: [(38.89599,88.32604),278.00000]
	6339.92591	   0.01996	[mu,kappa]: [(35.24527,89.73770),278.00000]
	10823.25834	   0.03408	[mu,kappa]: [(55.33865,78.16805),105.99772]
	3966.11754	   0.01249	[mu,kappa]: [(41.19452,87.37674),278.00000]
	4980.25141	   0.01568	[mu,kappa]: [(39.95077,87.89618),278.00000]
	5084.48034	   0.01601	[mu,kappa]: [(43.66766,86.30602),278.00000]
	2652.17646	   0.00835	[mu,kappa]: [(19.55382,84.50115),79.07505]
	4806.43831	   0.01514	[mu,kappa]: [(40.05075,87.85492),278.00000]
	5748.28363	   0.01810	[mu,kappa]: [(38.95190,88.30352),278.00000]
	9697.00212	   0.03053	[mu,kappa]: [(48.61049,83.59735),278.00000]
	6558.24195	   0.02065	[mu,kappa]: [(34.57144,89.98011),278.00000]
	4979.60171	   0.01568	[mu,kappa]: [(39.89335,87.91983),278.00000]
	4279.83926	   0.01348	[mu,kappa]: [(47.24558,84.48169),278.00000]
	4014.21331	   0.01264	[mu,kappa]: [(40.33439,87.73739),278.00000]
	5075.10196	   0.01598	[mu,kappa]: [(42.86470,86.65900),278.00000]
	5864.94165	   0.01847	[mu,kappa]: [(43.89705,86.20430),278.00000]
	5260.75550	   0.01657	[mu,kappa]: [(40.16899,87.80602),278.00000]
	5600.82232	   0.01764	[mu,kappa]: [(40.17591,87.80316),278.00000]
	4819.12895	   0.01518	[mu,kappa]: [(39.58898,88.04472),278.00000]
	5471.03086	   0.01723	[mu,kappa]: [(46.01393,85.22787),278.00000]
	4746.41525	   0.01495	[mu,kappa]: [(37.67072,88.81337),278.00000]
	5088.61556	   0.01602	[mu,kappa]: [(39.97938,87.88438),278.00000]
	5260.04669	   0.01656	[mu,kappa]: [(38.08237,88.65109),278.00000]
	5051.03271	   0.01591	[mu,kappa]: [(39.83706,87.94299),278.00000]
	4680.83382	   0.01474	[mu,kappa]: [(41.95026,87.05477),278.00000]
	4845.17655	   0.01526	[mu,kappa]: [(39.59958,88.04039),278.00000]
			msglen: 5216809.04540 bits.
			N: 317555
		16.42805 bpr
Null model msglen: 7488920.11043 bits.	(23.58306 bpr)
