Iteration #: 0
	4197.00000	   0.01322	[mu,kappa]: [(40.56976,86.93107),118.03070]
	4226.00000	   0.01331	[mu,kappa]: [(40.38889,87.07846),109.18811]
	4202.00000	   0.01323	[mu,kappa]: [(40.51842,87.06130),118.03537]
	4258.00000	   0.01341	[mu,kappa]: [(40.45625,86.99685),109.90028]
	4320.00000	   0.01360	[mu,kappa]: [(40.56294,87.13221),115.18660]
	4318.00000	   0.01360	[mu,kappa]: [(40.50755,87.10963),115.49539]
	4232.00000	   0.01333	[mu,kappa]: [(40.52810,87.20345),114.57597]
	4362.00000	   0.01374	[mu,kappa]: [(40.34912,87.05321),117.51513]
	4366.00000	   0.01375	[mu,kappa]: [(40.45257,87.15576),114.79821]
	4200.00000	   0.01323	[mu,kappa]: [(40.42468,86.94879),106.70298]
	4216.00000	   0.01328	[mu,kappa]: [(40.48040,87.06789),118.28494]
	4242.00000	   0.01336	[mu,kappa]: [(40.54486,86.98054),93.07110]
	4351.00000	   0.01370	[mu,kappa]: [(40.37084,87.18711),105.95031]
	4350.00000	   0.01370	[mu,kappa]: [(40.37446,87.15724),112.01326]
	4240.00000	   0.01335	[mu,kappa]: [(40.38327,87.14866),129.85649]
	4247.00000	   0.01337	[mu,kappa]: [(40.55758,86.97819),112.74175]
	4173.00000	   0.01314	[mu,kappa]: [(40.60649,87.10531),130.41644]
	4314.00000	   0.01359	[mu,kappa]: [(40.71275,87.16910),112.91776]
	4291.00000	   0.01351	[mu,kappa]: [(40.52810,87.02774),110.70414]
	4375.00000	   0.01378	[mu,kappa]: [(40.47270,87.09553),121.03963]
	4337.00000	   0.01366	[mu,kappa]: [(40.41271,87.21016),119.17862]
	4328.00000	   0.01363	[mu,kappa]: [(40.34608,87.13713),117.98961]
	4282.00000	   0.01348	[mu,kappa]: [(40.43499,87.16228),128.64386]
	4262.00000	   0.01342	[mu,kappa]: [(40.30012,87.13079),112.95571]
	4187.00000	   0.01319	[mu,kappa]: [(40.24523,87.25652),111.95496]
	4218.00000	   0.01328	[mu,kappa]: [(40.45736,87.11092),102.09776]
	4373.00000	   0.01377	[mu,kappa]: [(40.59139,87.02602),114.53993]
	4195.00000	   0.01321	[mu,kappa]: [(40.61351,87.13617),113.54136]
	4217.00000	   0.01328	[mu,kappa]: [(40.63464,87.10204),126.63933]
	4465.00000	   0.01406	[mu,kappa]: [(40.59396,87.02971),117.52503]
	4277.00000	   0.01347	[mu,kappa]: [(40.50381,87.28406),117.44887]
	4282.00000	   0.01348	[mu,kappa]: [(40.48482,87.15614),126.25106]
	4456.00000	   0.01403	[mu,kappa]: [(40.53556,87.12519),127.52141]
	4291.00000	   0.01351	[mu,kappa]: [(40.64552,87.19299),126.24669]
	4335.00000	   0.01365	[mu,kappa]: [(40.42505,87.22057),118.26394]
	4313.00000	   0.01358	[mu,kappa]: [(40.51080,87.12799),117.40820]
	4246.00000	   0.01337	[mu,kappa]: [(40.39687,87.07882),101.54869]
	4211.00000	   0.01326	[mu,kappa]: [(40.30087,87.05702),112.34554]
	4323.00000	   0.01361	[mu,kappa]: [(40.45307,87.21696),120.31257]
	4250.00000	   0.01338	[mu,kappa]: [(40.52193,87.07252),135.86534]
	4256.00000	   0.01340	[mu,kappa]: [(40.26076,87.18276),105.93741]
	4233.00000	   0.01333	[mu,kappa]: [(40.43226,87.05828),103.95498]
	4378.00000	   0.01379	[mu,kappa]: [(40.35930,87.12016),124.39526]
	4413.00000	   0.01390	[mu,kappa]: [(40.68386,86.96503),109.04581]
	4360.00000	   0.01373	[mu,kappa]: [(40.44014,87.15947),122.09849]
	4371.00000	   0.01376	[mu,kappa]: [(40.37992,87.12692),118.87198]
	4298.00000	   0.01353	[mu,kappa]: [(40.57996,87.05043),113.29638]
	4361.00000	   0.01373	[mu,kappa]: [(40.40606,87.23062),119.27910]
	4240.00000	   0.01335	[mu,kappa]: [(40.42054,87.07213),113.21624]
	4247.00000	   0.01337	[mu,kappa]: [(40.57079,87.14000),117.10776]
	4333.00000	   0.01364	[mu,kappa]: [(40.47456,87.03448),124.20951]
	4414.00000	   0.01390	[mu,kappa]: [(40.53939,87.01578),115.32071]
	4316.00000	   0.01359	[mu,kappa]: [(40.59508,87.13210),121.71985]
	4246.00000	   0.01337	[mu,kappa]: [(40.62642,87.10446),120.62740]
	4233.00000	   0.01333	[mu,kappa]: [(40.55768,87.11342),120.10816]
	4243.00000	   0.01336	[mu,kappa]: [(40.52492,87.04398),122.27164]
	4249.00000	   0.01338	[mu,kappa]: [(40.37055,87.11696),123.18086]
	4346.00000	   0.01369	[mu,kappa]: [(40.26840,87.17915),109.51073]
	4286.00000	   0.01350	[mu,kappa]: [(40.43004,87.16507),125.40248]
	4270.00000	   0.01345	[mu,kappa]: [(40.53297,87.15580),112.12089]
	4272.00000	   0.01345	[mu,kappa]: [(40.37284,87.18246),113.66546]
	4296.00000	   0.01353	[mu,kappa]: [(40.56482,87.09979),118.50812]
	4314.00000	   0.01359	[mu,kappa]: [(40.56724,87.05289),123.14288]
	4314.00000	   0.01359	[mu,kappa]: [(40.55580,87.08335),128.75998]
	4240.00000	   0.01335	[mu,kappa]: [(40.64162,87.08497),120.26771]
	4306.00000	   0.01356	[mu,kappa]: [(40.52118,87.16306),123.92193]
	4297.00000	   0.01353	[mu,kappa]: [(40.50014,87.12500),123.46092]
	4253.00000	   0.01339	[mu,kappa]: [(40.53387,87.12231),117.87197]
	4352.00000	   0.01370	[mu,kappa]: [(40.43827,87.18753),120.90988]
	4297.00000	   0.01353	[mu,kappa]: [(40.60259,87.04195),117.49864]
	4280.00000	   0.01348	[mu,kappa]: [(40.53446,87.20548),114.30292]
	4306.00000	   0.01356	[mu,kappa]: [(40.39016,87.13111),118.99320]
	4346.00000	   0.01369	[mu,kappa]: [(40.35360,87.30091),122.00515]
	4261.00000	   0.01342	[mu,kappa]: [(40.54825,86.98534),111.92773]
			msglen: 0.00000 bits.
Iteration #: 1
	4173.53206	   0.01314	[mu,kappa]: [(40.65413,87.12138),153.11399]
	4153.90422	   0.01308	[mu,kappa]: [(40.42731,86.99361),111.99919]
	4179.31901	   0.01316	[mu,kappa]: [(40.57317,87.18900),154.37559]
	4187.25630	   0.01319	[mu,kappa]: [(40.54448,86.95863),115.44034]
	4274.91899	   0.01346	[mu,kappa]: [(40.63242,87.13223),142.40509]
	4274.60250	   0.01346	[mu,kappa]: [(40.56673,87.15454),143.85501]
	4183.26289	   0.01317	[mu,kappa]: [(40.58091,87.15759),140.29770]
	4332.75791	   0.01364	[mu,kappa]: [(40.38020,87.24121),152.64830]
	4316.75698	   0.01359	[mu,kappa]: [(40.49466,87.17694),141.19845]
	4132.87977	   0.01301	[mu,kappa]: [(40.49428,86.79976),96.48001]
	4195.11670	   0.01321	[mu,kappa]: [(40.52710,87.21114),155.61413]
	5197.73295	   0.01637	[mu,kappa]: [(38.49740,83.15321),10.17284]
	4281.87902	   0.01348	[mu,kappa]: [(40.33710,86.88511),93.17651]
	4283.94771	   0.01349	[mu,kappa]: [(40.39886,87.13284),127.78140]
	4339.17955	   0.01366	[mu,kappa]: [(40.38020,87.42909),197.66155]
	4187.82076	   0.01319	[mu,kappa]: [(40.67319,87.00651),129.77560]
	4275.96091	   0.01347	[mu,kappa]: [(40.60210,87.34898),198.14464]
	4256.76178	   0.01340	[mu,kappa]: [(40.83779,87.01553),131.26817]
	4222.56232	   0.01330	[mu,kappa]: [(40.63841,86.96860),119.90324]
	4379.47099	   0.01379	[mu,kappa]: [(40.50217,87.27275),166.73737]
	4324.40033	   0.01362	[mu,kappa]: [(40.42463,87.30358),160.47419]
	4303.95174	   0.01355	[mu,kappa]: [(40.36279,87.28124),155.23359]
	4368.45023	   0.01376	[mu,kappa]: [(40.43134,87.40539),193.76367]
	4201.87340	   0.01323	[mu,kappa]: [(40.30665,87.18189),132.26607]
	4123.12886	   0.01298	[mu,kappa]: [(40.20719,87.22257),127.88423]
	4199.09310	   0.01322	[mu,kappa]: [(40.39430,86.49713),67.79854]
	4323.15166	   0.01361	[mu,kappa]: [(40.69205,87.06325),138.51447]
	4141.41434	   0.01304	[mu,kappa]: [(40.70878,87.06688),134.58159]
	4279.23337	   0.01348	[mu,kappa]: [(40.64583,87.29660),185.81462]
	4436.96333	   0.01397	[mu,kappa]: [(40.66949,87.13676),151.62452]
	4249.58961	   0.01338	[mu,kappa]: [(40.52284,87.26257),153.60883]
	4341.50917	   0.01367	[mu,kappa]: [(40.48799,87.36093),185.69978]
	4532.10740	   0.01427	[mu,kappa]: [(40.53932,87.34819),189.46390]
	4351.05601	   0.01370	[mu,kappa]: [(40.64569,87.31902),185.08380]
	4314.10427	   0.01359	[mu,kappa]: [(40.43956,87.28606),156.79906]
	4284.77460	   0.01349	[mu,kappa]: [(40.55684,87.20308),152.28289]
	4241.66794	   0.01336	[mu,kappa]: [(40.21542,86.45426),63.34946]
	4148.23715	   0.01306	[mu,kappa]: [(40.31857,87.13631),128.66920]
	4321.35759	   0.01361	[mu,kappa]: [(40.46489,87.31035),164.87137]
	4417.88566	   0.01391	[mu,kappa]: [(40.51136,87.41165),214.46414]
	4189.67265	   0.01319	[mu,kappa]: [(40.14054,86.93536),92.23430]
	4185.26143	   0.01318	[mu,kappa]: [(40.43068,86.65709),79.72382]
	4417.54657	   0.01391	[mu,kappa]: [(40.36875,87.36860),179.51601]
	4343.72419	   0.01368	[mu,kappa]: [(40.89721,86.79480),109.96469]
	4375.77328	   0.01378	[mu,kappa]: [(40.45373,87.32291),171.28028]
	4354.67624	   0.01371	[mu,kappa]: [(40.40133,87.28117),158.73573]
	4241.41164	   0.01336	[mu,kappa]: [(40.68400,87.04162),132.92109]
	4349.38531	   0.01370	[mu,kappa]: [(40.41377,87.31492),161.03471]
	4181.96580	   0.01317	[mu,kappa]: [(40.47387,87.11686),133.15650]
	4217.26487	   0.01328	[mu,kappa]: [(40.62675,87.17713),150.82032]
	4368.97597	   0.01376	[mu,kappa]: [(40.50125,87.29753),177.88741]
	4368.29599	   0.01376	[mu,kappa]: [(40.62317,87.10222),142.23918]
	4328.08503	   0.01363	[mu,kappa]: [(40.62591,87.25164),168.94995]
	4247.39663	   0.01338	[mu,kappa]: [(40.67122,87.21180),164.41552]
	4229.17977	   0.01332	[mu,kappa]: [(40.59724,87.23177),162.88085]
	4258.97847	   0.01341	[mu,kappa]: [(40.56103,87.25518),170.74042]
	4274.68780	   0.01346	[mu,kappa]: [(40.38323,87.34795),175.14799]
	4271.78538	   0.01345	[mu,kappa]: [(40.23060,87.10084),114.10844]
	4336.36545	   0.01366	[mu,kappa]: [(40.43328,87.37223),183.09568]
	4206.84290	   0.01325	[mu,kappa]: [(40.61115,87.06623),128.13607]
	4216.08847	   0.01328	[mu,kappa]: [(40.39248,87.19041),136.16148]
	4277.54212	   0.01347	[mu,kappa]: [(40.61718,87.19418),156.37252]
	4339.45057	   0.01367	[mu,kappa]: [(40.60049,87.25612),173.75458]
	4400.99931	   0.01386	[mu,kappa]: [(40.56099,87.34099),193.06817]
	4238.02912	   0.01335	[mu,kappa]: [(40.69366,87.19264),162.78128]
	4340.72472	   0.01367	[mu,kappa]: [(40.53237,87.32143),177.56401]
	4326.31891	   0.01362	[mu,kappa]: [(40.51767,87.30941),175.75507]
	4229.18089	   0.01332	[mu,kappa]: [(40.58190,87.20156),154.07778]
	4355.99102	   0.01372	[mu,kappa]: [(40.45122,87.31514),167.01403]
	4269.99951	   0.01345	[mu,kappa]: [(40.67769,87.13717),151.55306]
	4228.92245	   0.01332	[mu,kappa]: [(40.59012,87.14851),139.02740]
	4291.10406	   0.01351	[mu,kappa]: [(40.41196,87.28099),159.23198]
	4362.01371	   0.01374	[mu,kappa]: [(40.34089,87.40017),172.11067]
	4197.78666	   0.01322	[mu,kappa]: [(40.66595,86.98659),125.82486]
			msglen: 5320638.18851 bits.
Iteration #: 2
	4131.24944	   0.01301	[mu,kappa]: [(40.60755,87.37855),213.77170]
	3831.09440	   0.01206	[mu,kappa]: [(40.45126,87.04424),132.13438]
	4148.92979	   0.01307	[mu,kappa]: [(40.51222,87.43705),216.85345]
	3881.04002	   0.01222	[mu,kappa]: [(40.59369,87.02808),138.48638]
	4149.09690	   0.01307	[mu,kappa]: [(40.59653,87.32594),192.79838]
	4160.72667	   0.01310	[mu,kappa]: [(40.51964,87.36700),195.99314]
	4045.17606	   0.01274	[mu,kappa]: [(40.53928,87.33925),188.88823]
	4291.14429	   0.01351	[mu,kappa]: [(40.30328,87.51108),214.19970]
	4182.19741	   0.01317	[mu,kappa]: [(40.44037,87.38332),191.01690]
	3753.62696	   0.01182	[mu,kappa]: [(40.67856,86.63572),102.02374]
	4175.28821	   0.01315	[mu,kappa]: [(40.46040,87.46631),219.50992]
	8143.05089	   0.02564	[mu,kappa]: [(40.66194,77.22451),8.16917]
	3879.44717	   0.01222	[mu,kappa]: [(40.45500,86.67234),96.60973]
	4051.55880	   0.01276	[mu,kappa]: [(40.35381,87.29624),164.16043]
	4668.73797	   0.01470	[mu,kappa]: [(40.29316,87.71670),278.00000]
	3972.41691	   0.01251	[mu,kappa]: [(40.69006,87.16011),166.83846]
	4596.43858	   0.01447	[mu,kappa]: [(40.51265,87.62761),278.00000]
	4048.92520	   0.01275	[mu,kappa]: [(40.87433,87.11379),169.25054]
	3940.70138	   0.01241	[mu,kappa]: [(40.69019,87.05060),147.09486]
	4451.79970	   0.01402	[mu,kappa]: [(40.42390,87.54310),241.28388]
	4346.94035	   0.01369	[mu,kappa]: [(40.34133,87.55446),229.63138]
	4284.56792	   0.01349	[mu,kappa]: [(40.27988,87.54348),219.47313]
	4666.81014	   0.01470	[mu,kappa]: [(40.34303,87.68643),278.00000]
	4007.04367	   0.01262	[mu,kappa]: [(40.23532,87.38813),173.54891]
	3903.15039	   0.01229	[mu,kappa]: [(40.11518,87.40441),165.06215]
	3918.51685	   0.01234	[mu,kappa]: [(41.08056,85.46388),56.74258]
	4165.07386	   0.01312	[mu,kappa]: [(40.68001,87.25013),184.50482]
	3962.10335	   0.01248	[mu,kappa]: [(40.70771,87.21341),176.60977]
	4500.35656	   0.01417	[mu,kappa]: [(40.56070,87.56788),276.40219]
	4380.06535	   0.01379	[mu,kappa]: [(40.62330,87.37121),210.89437]
	4214.71348	   0.01327	[mu,kappa]: [(40.44999,87.47712),215.88022]
	4570.35235	   0.01439	[mu,kappa]: [(40.40046,87.63628),276.97872]
	4801.02663	   0.01512	[mu,kappa]: [(40.45197,87.62602),278.00000]
	4570.63758	   0.01439	[mu,kappa]: [(40.55802,87.57442),275.21192]
	4306.15874	   0.01356	[mu,kappa]: [(40.35912,87.52768),222.40592]
	4237.51051	   0.01334	[mu,kappa]: [(40.49458,87.43709),212.88835]
	4011.10935	   0.01263	[mu,kappa]: [(40.87499,85.30471),51.26951]
	3929.99052	   0.01238	[mu,kappa]: [(40.25843,87.33642),166.10915]
	4379.12811	   0.01379	[mu,kappa]: [(40.38157,87.56157),238.01558]
	4883.43190	   0.01538	[mu,kappa]: [(40.42358,87.70310),278.00000]
	3792.79873	   0.01194	[mu,kappa]: [(40.15419,86.77438),95.34636]
	3811.98040	   0.01200	[mu,kappa]: [(40.82972,86.08296),73.69449]
	4602.14208	   0.01449	[mu,kappa]: [(40.28182,87.65743),265.92051]
	4003.46052	   0.01261	[mu,kappa]: [(41.11663,86.71425),126.17208]
	4487.68302	   0.01413	[mu,kappa]: [(40.36916,87.59179),250.23466]
	4363.02109	   0.01374	[mu,kappa]: [(40.32017,87.54635),226.20423]
	4045.63599	   0.01274	[mu,kappa]: [(40.68789,87.19861),173.25806]
	4377.09665	   0.01378	[mu,kappa]: [(40.32878,87.56429),230.78896]
	3992.08774	   0.01257	[mu,kappa]: [(40.43552,87.30861),174.70204]
	4158.14715	   0.01309	[mu,kappa]: [(40.57330,87.39630),209.67204]
	4533.30000	   0.01428	[mu,kappa]: [(40.41984,87.58841),262.30186]
	4238.00898	   0.01335	[mu,kappa]: [(40.59109,87.31674),192.34949]
	4414.87001	   0.01390	[mu,kappa]: [(40.55053,87.50552),245.01460]
	4294.96837	   0.01353	[mu,kappa]: [(40.60367,87.45927),236.03096]
	4265.97082	   0.01343	[mu,kappa]: [(40.52662,87.48361),233.44975]
	4359.86343	   0.01373	[mu,kappa]: [(40.48461,87.53276),248.59681]
	4417.27310	   0.01391	[mu,kappa]: [(40.29699,87.63362),257.70873]
	3952.53048	   0.01245	[mu,kappa]: [(40.17394,87.20162),137.04392]
	4545.40519	   0.01431	[mu,kappa]: [(40.34551,87.64953),272.40581]
	3979.73598	   0.01253	[mu,kappa]: [(40.61256,87.19148),164.03106]
	4048.26132	   0.01275	[mu,kappa]: [(40.32906,87.38961),181.24363]
	4261.81455	   0.01342	[mu,kappa]: [(40.55602,87.43437),220.63410]
	4466.02898	   0.01406	[mu,kappa]: [(40.52317,87.53125),254.13685]
	4690.67473	   0.01477	[mu,kappa]: [(40.47395,87.62534),278.00000]
	4271.86875	   0.01345	[mu,kappa]: [(40.63017,87.43825),232.71930]
	4501.41006	   0.01418	[mu,kappa]: [(40.44756,87.58729),261.76595]
	4471.76453	   0.01408	[mu,kappa]: [(40.43451,87.58179),258.38075]
	4196.23855	   0.01321	[mu,kappa]: [(40.51987,87.43740),216.31455]
	4432.19569	   0.01396	[mu,kappa]: [(40.36722,87.57529),242.14472]
	4214.63793	   0.01327	[mu,kappa]: [(40.63200,87.36822),210.72361]
	4079.64890	   0.01285	[mu,kappa]: [(40.55273,87.32341),186.28321]
	4303.15317	   0.01355	[mu,kappa]: [(40.33117,87.54501),227.14160]
	4484.75628	   0.01412	[mu,kappa]: [(40.24765,87.65625),252.36756]
	3955.23248	   0.01246	[mu,kappa]: [(40.69769,87.11505),158.87759]
			msglen: 5286345.86355 bits.
Iteration #: 3
	4049.48599	   0.01275	[mu,kappa]: [(40.57963,87.50042),251.21422]
	3641.81356	   0.01147	[mu,kappa]: [(40.41145,86.97721),127.05753]
	4077.58912	   0.01284	[mu,kappa]: [(40.45406,87.56938),256.32909]
	3684.42646	   0.01160	[mu,kappa]: [(40.63718,86.95690),135.92456]
	4010.47794	   0.01263	[mu,kappa]: [(40.57312,87.41530),218.57951]
	4030.84116	   0.01269	[mu,kappa]: [(40.46774,87.47504),223.74390]
	3901.37167	   0.01229	[mu,kappa]: [(40.49590,87.42955),212.62925]
	4215.74508	   0.01328	[mu,kappa]: [(40.18421,87.67150),252.62168]
	4040.53418	   0.01272	[mu,kappa]: [(40.36035,87.49635),216.14741]
	3672.96361	   0.01157	[mu,kappa]: [(40.94261,86.22703),87.52191]
	4112.67189	   0.01295	[mu,kappa]: [(40.38731,87.60743),260.59565]
	9981.72095	   0.03143	[mu,kappa]: [(40.73170,78.41177),9.42716]
	3827.96375	   0.01205	[mu,kappa]: [(40.53397,86.28128),81.29410]
	3862.81030	   0.01216	[mu,kappa]: [(40.23696,87.37695),174.62521]
	4814.67925	   0.01516	[mu,kappa]: [(40.18953,87.86701),278.00000]
	3788.35805	   0.01193	[mu,kappa]: [(40.73441,87.18076),178.07119]
	4730.55524	   0.01490	[mu,kappa]: [(40.44637,87.75964),278.00000]
	3867.98064	   0.01218	[mu,kappa]: [(40.99660,87.09251),181.43594]
	3740.89792	   0.01178	[mu,kappa]: [(40.77203,86.99417),148.35707]
	4458.15634	   0.01404	[mu,kappa]: [(40.34273,87.69778),278.00000]
	4318.20200	   0.01360	[mu,kappa]: [(40.23641,87.71001),276.63605]
	4226.58841	   0.01331	[mu,kappa]: [(40.15545,87.70609),260.91700]
	4809.91289	   0.01515	[mu,kappa]: [(40.24913,87.83799),278.00000]
	3839.70661	   0.01209	[mu,kappa]: [(40.06795,87.51441),189.26600]
	3731.23807	   0.01175	[mu,kappa]: [(39.88249,87.53529),176.38683]
	4550.16993	   0.01433	[mu,kappa]: [(42.47124,84.05769),44.22640]
	4005.78872	   0.01261	[mu,kappa]: [(40.69639,87.31444),205.40825]
	3794.92987	   0.01195	[mu,kappa]: [(40.74333,87.24992),193.12871]
	4623.72177	   0.01456	[mu,kappa]: [(40.50734,87.71535),278.00000]
	4284.57128	   0.01349	[mu,kappa]: [(40.60017,87.48352),246.73290]
	4141.12961	   0.01304	[mu,kappa]: [(40.37127,87.60763),255.05418]
	4703.64699	   0.01481	[mu,kappa]: [(40.31925,87.79630),278.00000]
	4942.82035	   0.01557	[mu,kappa]: [(40.37863,87.77714),278.00000]
	4692.00973	   0.01478	[mu,kappa]: [(40.50328,87.71782),278.00000]
	4254.05979	   0.01340	[mu,kappa]: [(40.25667,87.67735),265.38429]
	4153.28748	   0.01308	[mu,kappa]: [(40.43096,87.56586),250.21950]
	4790.04526	   0.01508	[mu,kappa]: [(42.15460,83.89564),40.01136]
	3752.47473	   0.01182	[mu,kappa]: [(40.09793,87.44695),177.72989]
	4376.25388	   0.01378	[mu,kappa]: [(40.28862,87.71475),278.00000]
	5030.46736	   0.01584	[mu,kappa]: [(40.33727,87.82160),278.00000]
	3752.48281	   0.01182	[mu,kappa]: [(39.94094,86.50004),80.08267]
	4046.24183	   0.01274	[mu,kappa]: [(41.56771,85.14365),57.85921]
	4702.32826	   0.01481	[mu,kappa]: [(40.17709,87.82996),278.00000]
	3839.27441	   0.01209	[mu,kappa]: [(41.57197,86.39147),118.32380]
	4527.02531	   0.01426	[mu,kappa]: [(40.27678,87.75195),278.00000]
	4323.77867	   0.01362	[mu,kappa]: [(40.20960,87.70698),271.32094]
	3868.63277	   0.01218	[mu,kappa]: [(40.72077,87.23455),187.96825]
	4352.47982	   0.01371	[mu,kappa]: [(40.22082,87.72091),278.00000]
	3821.79870	   0.01204	[mu,kappa]: [(40.35667,87.39911),190.70783]
	4064.80631	   0.01280	[mu,kappa]: [(40.53405,87.50997),245.00366]
	4612.97641	   0.01453	[mu,kappa]: [(40.34124,87.75084),278.00000]
	4095.22912	   0.01290	[mu,kappa]: [(40.56756,87.41152),217.84995]
	4429.97261	   0.01395	[mu,kappa]: [(40.49756,87.64516),278.00000]
	4279.42947	   0.01348	[mu,kappa]: [(40.56501,87.58980),278.00000]
	4243.97830	   0.01336	[mu,kappa]: [(40.46958,87.62196),278.00000]
	4388.35743	   0.01382	[mu,kappa]: [(40.41802,87.68503),278.00000]
	4484.56471	   0.01412	[mu,kappa]: [(40.19237,87.80432),278.00000]
	3758.82894	   0.01184	[mu,kappa]: [(39.94592,87.23858),134.46081]
	4664.31123	   0.01469	[mu,kappa]: [(40.25377,87.81410),278.00000]
	3791.09568	   0.01194	[mu,kappa]: [(40.62112,87.21344),173.98117]
	3891.65402	   0.01226	[mu,kappa]: [(40.20447,87.50769),201.09468]
	4199.16202	   0.01322	[mu,kappa]: [(40.50901,87.56169),262.11900]
	4513.00393	   0.01421	[mu,kappa]: [(40.46451,87.68044),278.00000]
	4828.55778	   0.01521	[mu,kappa]: [(40.40333,87.77021),278.00000]
	4245.42586	   0.01337	[mu,kappa]: [(40.59923,87.56447),278.00000]
	4577.89058	   0.01442	[mu,kappa]: [(40.37283,87.74098),278.00000]
	4536.45724	   0.01429	[mu,kappa]: [(40.35729,87.73800),278.00000]
	4122.38751	   0.01298	[mu,kappa]: [(40.46324,87.56551),255.49727]
	4443.70106	   0.01399	[mu,kappa]: [(40.27221,87.73263),278.00000]
	4122.19625	   0.01298	[mu,kappa]: [(40.61144,87.47849),246.44226]
	3928.38471	   0.01237	[mu,kappa]: [(40.51569,87.40690),208.53631]
	4267.01236	   0.01344	[mu,kappa]: [(40.22375,87.70441),272.75716]
	4537.30867	   0.01429	[mu,kappa]: [(40.12887,87.82340),278.00000]
	3762.19737	   0.01185	[mu,kappa]: [(40.75936,87.10726),165.94151]
			msglen: 5277040.60859 bits.
Iteration #: 4
	4018.08050	   0.01265	[mu,kappa]: [(40.59156,87.57011),278.00000]
	3514.40564	   0.01107	[mu,kappa]: [(40.31267,86.91226),119.64884]
	4057.94517	   0.01278	[mu,kappa]: [(40.42737,87.65526),278.00000]
	3542.97225	   0.01116	[mu,kappa]: [(40.70171,86.85410),130.61951]
	3914.68720	   0.01233	[mu,kappa]: [(40.58797,87.46368),242.78830]
	3944.57722	   0.01242	[mu,kappa]: [(40.44337,87.54408),250.16321]
	3798.12807	   0.01196	[mu,kappa]: [(40.48107,87.48507),234.34547]
	4194.47987	   0.01321	[mu,kappa]: [(40.07536,87.79175),278.00000]
	3941.65513	   0.01241	[mu,kappa]: [(40.29369,87.57753),239.35096]
	3703.79893	   0.01166	[mu,kappa]: [(41.29747,85.80027),76.72911]
	4103.45475	   0.01292	[mu,kappa]: [(40.34153,87.70283),278.00000]
	10122.61027	   0.03187	[mu,kappa]: [(39.17058,79.43417),9.88158]
	3895.19074	   0.01227	[mu,kappa]: [(40.51156,85.97021),70.35395]
	3716.42126	   0.01170	[mu,kappa]: [(40.08401,87.44887),181.18960]
	4859.17558	   0.01530	[mu,kappa]: [(40.07617,87.91670),278.00000]
	3645.00897	   0.01148	[mu,kappa]: [(40.83648,87.15332),186.06268]
	4765.36527	   0.01501	[mu,kappa]: [(40.39967,87.78129),278.00000]
	3733.98401	   0.01176	[mu,kappa]: [(41.22172,87.01330),190.90158]
	3590.92223	   0.01131	[mu,kappa]: [(40.91728,86.89079),146.50637]
	4492.54185	   0.01415	[mu,kappa]: [(40.28335,87.78453),278.00000]
	4351.24715	   0.01370	[mu,kappa]: [(40.15275,87.82341),278.00000]
	4225.48975	   0.01331	[mu,kappa]: [(40.04242,87.82939),278.00000]
	4851.55854	   0.01528	[mu,kappa]: [(40.15184,87.88331),278.00000]
	3716.00323	   0.01170	[mu,kappa]: [(39.85175,87.63344),201.41029]
	3609.10416	   0.01137	[mu,kappa]: [(39.54845,87.68355),183.69967]
	5257.97432	   0.01656	[mu,kappa]: [(44.38875,83.03894),41.97652]
	3888.70368	   0.01225	[mu,kappa]: [(40.76474,87.33157),224.10861]
	3667.77633	   0.01155	[mu,kappa]: [(40.83850,87.24149),206.90320]
	4656.68744	   0.01466	[mu,kappa]: [(40.47894,87.73987),278.00000]
	4241.30720	   0.01336	[mu,kappa]: [(40.61892,87.54675),278.00000]
	4119.88086	   0.01297	[mu,kappa]: [(40.31881,87.70020),278.00000]
	4741.61992	   0.01493	[mu,kappa]: [(40.24185,87.84031),278.00000]
	4980.81548	   0.01568	[mu,kappa]: [(40.31586,87.81175),278.00000]
	4725.51195	   0.01488	[mu,kappa]: [(40.47373,87.74240),278.00000]
	4259.35341	   0.01341	[mu,kappa]: [(40.17430,87.78722),278.00000]
	4120.10227	   0.01297	[mu,kappa]: [(40.39656,87.65175),278.00000]
	5543.12927	   0.01746	[mu,kappa]: [(43.80948,83.02683),38.01507]
	3618.23171	   0.01139	[mu,kappa]: [(39.87833,87.55325),185.44166]
	4411.58937	   0.01389	[mu,kappa]: [(40.21591,87.81036),278.00000]
	5070.60428	   0.01597	[mu,kappa]: [(40.26012,87.84683),278.00000]
	3842.60786	   0.01210	[mu,kappa]: [(39.34837,86.41807),69.43796]
	4411.76452	   0.01389	[mu,kappa]: [(42.61657,84.33804),51.10499]
	4745.98005	   0.01495	[mu,kappa]: [(40.06611,87.90270),278.00000]
	3784.30793	   0.01192	[mu,kappa]: [(42.33518,85.93667),111.56771]
	4564.43624	   0.01437	[mu,kappa]: [(40.19667,87.83239),278.00000]
	4345.06386	   0.01368	[mu,kappa]: [(40.11702,87.82455),278.00000]
	3732.19559	   0.01175	[mu,kappa]: [(40.80948,87.22456),199.70870]
	4389.73875	   0.01382	[mu,kappa]: [(40.13337,87.83534),278.00000]
	3690.38231	   0.01162	[mu,kappa]: [(40.27678,87.46371),203.41848]
	4020.23412	   0.01266	[mu,kappa]: [(40.53175,87.57966),278.00000]
	4649.21575	   0.01464	[mu,kappa]: [(40.27443,87.81098),278.00000]
	3996.02995	   0.01258	[mu,kappa]: [(40.58101,87.46215),241.73876]
	4461.17874	   0.01405	[mu,kappa]: [(40.47671,87.70856),278.00000]
	4308.77374	   0.01357	[mu,kappa]: [(40.56531,87.65944),278.00000]
	4273.85836	   0.01346	[mu,kappa]: [(40.44622,87.70621),278.00000]
	4420.62738	   0.01392	[mu,kappa]: [(40.37568,87.75390),278.00000]
	4525.27646	   0.01425	[mu,kappa]: [(40.08795,87.88526),278.00000]
	3633.86611	   0.01144	[mu,kappa]: [(39.53018,87.32854),128.85761]
	4704.33575	   0.01481	[mu,kappa]: [(40.16062,87.87017),278.00000]
	3642.58985	   0.01147	[mu,kappa]: [(40.66676,87.20062),180.42048]
	3776.45137	   0.01189	[mu,kappa]: [(40.06417,87.60683),218.00216]
	4191.46363	   0.01320	[mu,kappa]: [(40.49802,87.64173),278.00000]
	4545.46363	   0.01431	[mu,kappa]: [(40.43220,87.73659),278.00000]
	4865.04083	   0.01532	[mu,kappa]: [(40.34650,87.80037),278.00000]
	4274.33540	   0.01346	[mu,kappa]: [(40.60986,87.63585),278.00000]
	4612.99101	   0.01453	[mu,kappa]: [(40.31377,87.79594),278.00000]
	4571.57901	   0.01440	[mu,kappa]: [(40.29547,87.79951),278.00000]
	4100.58730	   0.01291	[mu,kappa]: [(40.43896,87.64894),278.00000]
	4480.30719	   0.01411	[mu,kappa]: [(40.19374,87.82442),278.00000]
	4080.00409	   0.01285	[mu,kappa]: [(40.63373,87.53982),278.00000]
	3817.52321	   0.01202	[mu,kappa]: [(40.50867,87.45578),228.54244]
	4290.87850	   0.01351	[mu,kappa]: [(40.13558,87.82033),278.00000]
	4581.51405	   0.01443	[mu,kappa]: [(40.00883,87.91510),278.00000]
	3612.30226	   0.01138	[mu,kappa]: [(40.88322,87.05081),169.63620]
			msglen: 5272891.53383 bits.
Iteration #: 5
	4035.53029	   0.01271	[mu,kappa]: [(40.63519,87.60832),278.00000]
	3413.07368	   0.01075	[mu,kappa]: [(40.06137,86.91608),112.92998]
	4075.02709	   0.01283	[mu,kappa]: [(40.42191,87.70496),278.00000]
	3421.82365	   0.01078	[mu,kappa]: [(40.75837,86.76265),126.02131]
	3866.32837	   0.01218	[mu,kappa]: [(40.63872,87.50069),272.47713]
	3908.32952	   0.01231	[mu,kappa]: [(40.44519,87.60432),278.00000]
	3736.43429	   0.01177	[mu,kappa]: [(40.49345,87.53389),260.66207]
	4220.56381	   0.01329	[mu,kappa]: [(39.96947,87.88898),278.00000]
	3887.86908	   0.01224	[mu,kappa]: [(40.24002,87.65618),267.32060]
	3741.08723	   0.01178	[mu,kappa]: [(41.64601,85.45738),70.50182]
	4121.63849	   0.01298	[mu,kappa]: [(40.30981,87.75696),278.00000]
	9451.69879	   0.02976	[mu,kappa]: [(36.68050,80.17239),9.86787]
	3966.72358	   0.01249	[mu,kappa]: [(40.14013,85.89092),63.80836]
	3598.27893	   0.01133	[mu,kappa]: [(39.87064,87.54942),188.07810]
	4890.67322	   0.01540	[mu,kappa]: [(39.95353,87.95053),278.00000]
	3529.64257	   0.01112	[mu,kappa]: [(41.00153,87.10690),195.91819]
	4786.01639	   0.01507	[mu,kappa]: [(40.37049,87.77686),278.00000]
	3642.11656	   0.01147	[mu,kappa]: [(41.55948,86.89906),203.48567]
	3463.69249	   0.01091	[mu,kappa]: [(41.12871,86.77005),145.62508]
	4513.94049	   0.01421	[mu,kappa]: [(40.22701,87.81676),278.00000]
	4375.82781	   0.01378	[mu,kappa]: [(40.06073,87.87912),278.00000]
	4253.61184	   0.01339	[mu,kappa]: [(39.92366,87.91851),278.00000]
	4879.36060	   0.01537	[mu,kappa]: [(40.05145,87.90906),278.00000]
	3630.39154	   0.01143	[mu,kappa]: [(39.56909,87.78193),214.77621]
	3535.21654	   0.01113	[mu,kappa]: [(39.06615,87.89436),191.19334]
	5870.50438	   0.01849	[mu,kappa]: [(46.69438,82.22977),46.18404]
	3813.40206	   0.01201	[mu,kappa]: [(40.88448,87.33208),247.03710]
	3575.19460	   0.01126	[mu,kappa]: [(40.99532,87.21516),223.78868]
	4676.38669	   0.01473	[mu,kappa]: [(40.47354,87.73020),278.00000]
	4260.03352	   0.01342	[mu,kappa]: [(40.67198,87.58760),278.00000]
	4138.38412	   0.01303	[mu,kappa]: [(40.28221,87.76314),278.00000]
	4765.49608	   0.01501	[mu,kappa]: [(40.16826,87.85811),278.00000]
	5003.83347	   0.01576	[mu,kappa]: [(40.26328,87.81957),278.00000]
	4745.50378	   0.01494	[mu,kappa]: [(40.46680,87.73317),278.00000]
	4282.41417	   0.01349	[mu,kappa]: [(40.09225,87.85406),278.00000]
	4137.50382	   0.01303	[mu,kappa]: [(40.38452,87.71335),278.00000]
	6070.50126	   0.01912	[mu,kappa]: [(45.71069,82.40429),40.61066]
	3517.78965	   0.01108	[mu,kappa]: [(39.57017,87.69736),193.50706]
	4434.42424	   0.01396	[mu,kappa]: [(40.14040,87.85181),278.00000]
	5095.55209	   0.01605	[mu,kappa]: [(40.18986,87.85532),278.00000]
	4005.80804	   0.01261	[mu,kappa]: [(37.95587,86.75439),64.21550]
	4695.10109	   0.01479	[mu,kappa]: [(43.85398,83.72521),50.11699]
	4777.16288	   0.01504	[mu,kappa]: [(39.94301,87.94693),278.00000]
	3822.07263	   0.01204	[mu,kappa]: [(43.46301,85.38114),111.52585]
	4588.77427	   0.01445	[mu,kappa]: [(40.11367,87.86907),278.00000]
	4370.88998	   0.01376	[mu,kappa]: [(40.01649,87.89147),278.00000]
	3627.90412	   0.01142	[mu,kappa]: [(40.95723,87.19712),214.03191]
	4415.32237	   0.01390	[mu,kappa]: [(40.03520,87.89142),278.00000]
	3588.68292	   0.01130	[mu,kappa]: [(40.18990,87.53505),217.98733]
	4037.01805	   0.01271	[mu,kappa]: [(40.56052,87.63278),278.00000]
	4671.66932	   0.01471	[mu,kappa]: [(40.21239,87.83283),278.00000]
	3944.68812	   0.01242	[mu,kappa]: [(40.62967,87.50047),271.01348]
	4480.08219	   0.01411	[mu,kappa]: [(40.47514,87.71532),278.00000]
	4327.39888	   0.01363	[mu,kappa]: [(40.59062,87.66169),278.00000]
	4292.03859	   0.01352	[mu,kappa]: [(40.43803,87.72418),278.00000]
	4440.06338	   0.01398	[mu,kappa]: [(40.34478,87.77114),278.00000]
	4553.90523	   0.01434	[mu,kappa]: [(39.97235,87.93111),278.00000]
	3570.62191	   0.01124	[mu,kappa]: [(38.76390,87.56253),123.72972]
	4730.90380	   0.01490	[mu,kappa]: [(40.06408,87.89967),278.00000]
	3518.09878	   0.01108	[mu,kappa]: [(40.74874,87.18077),188.05972]
	3698.94410	   0.01165	[mu,kappa]: [(39.90300,87.71795),237.55622]
	4209.09576	   0.01325	[mu,kappa]: [(40.51054,87.67495),278.00000]
	4564.89384	   0.01438	[mu,kappa]: [(40.41662,87.74393),278.00000]
	4886.91402	   0.01539	[mu,kappa]: [(40.30252,87.80384),278.00000]
	4293.32898	   0.01352	[mu,kappa]: [(40.64849,87.63526),278.00000]
	4634.35732	   0.01459	[mu,kappa]: [(40.26287,87.81241),278.00000]
	4593.14648	   0.01446	[mu,kappa]: [(40.23987,87.82021),278.00000]
	4117.78289	   0.01297	[mu,kappa]: [(40.43701,87.69799),278.00000]
	4504.24850	   0.01418	[mu,kappa]: [(40.11116,87.86609),278.00000]
	4098.27934	   0.01291	[mu,kappa]: [(40.69109,87.57925),278.00000]
	3746.20102	   0.01180	[mu,kappa]: [(40.53041,87.49790),252.70402]
	4315.68430	   0.01359	[mu,kappa]: [(40.03997,87.88325),278.00000]
	4614.65004	   0.01453	[mu,kappa]: [(39.87055,87.97198),278.00000]
	3487.44610	   0.01098	[mu,kappa]: [(41.07606,86.97403),174.61524]
			msglen: 5268622.07228 bits.
Iteration #: 6
	4048.56150	   0.01275	[mu,kappa]: [(40.70634,87.59710),278.00000]
	3317.72240	   0.01045	[mu,kappa]: [(39.51984,87.04729),107.70953]
	4085.24382	   0.01286	[mu,kappa]: [(40.43027,87.71549),278.00000]
	3291.36359	   0.01037	[mu,kappa]: [(40.77602,86.70404),123.22969]
	3868.68010	   0.01218	[mu,kappa]: [(40.72498,87.53387),278.00000]
	3917.84304	   0.01234	[mu,kappa]: [(40.47285,87.65723),278.00000]
	3715.68286	   0.01170	[mu,kappa]: [(40.53574,87.58216),278.00000]
	4241.59781	   0.01336	[mu,kappa]: [(39.84406,87.95645),278.00000]
	3878.84028	   0.01221	[mu,kappa]: [(40.20407,87.73804),278.00000]
	3701.19738	   0.01166	[mu,kappa]: [(41.88098,85.24884),68.00341]
	4132.41629	   0.01301	[mu,kappa]: [(40.28459,87.77835),278.00000]
	8408.00951	   0.02648	[mu,kappa]: [(33.70819,80.70313),9.70616]
	3991.86168	   0.01257	[mu,kappa]: [(39.09467,86.16002),60.78035]
	3497.15082	   0.01101	[mu,kappa]: [(39.57482,87.69378),196.80613]
	4916.41137	   0.01548	[mu,kappa]: [(39.81589,87.99235),278.00000]
	3432.91871	   0.01081	[mu,kappa]: [(41.24206,87.04660),210.51967]
	4797.99560	   0.01511	[mu,kappa]: [(40.35688,87.76841),278.00000]
	3597.13268	   0.01133	[mu,kappa]: [(42.01842,86.75564),223.12614]
	3337.53749	   0.01051	[mu,kappa]: [(41.42072,86.63765),147.68794]
	4527.12687	   0.01426	[mu,kappa]: [(40.17388,87.83549),278.00000]
	4393.68813	   0.01384	[mu,kappa]: [(39.95900,87.92139),278.00000]
	4277.30298	   0.01347	[mu,kappa]: [(39.78299,87.98629),278.00000]
	4899.80681	   0.01543	[mu,kappa]: [(39.94339,87.93937),278.00000]
	3579.37991	   0.01127	[mu,kappa]: [(39.20769,87.97203),231.38987]
	3523.13888	   0.01109	[mu,kappa]: [(38.38224,88.19373),200.54046]
	6524.61810	   0.02055	[mu,kappa]: [(49.24686,81.46023),59.10460]
	3780.31019	   0.01190	[mu,kappa]: [(41.05669,87.32403),278.00000]
	3514.13969	   0.01107	[mu,kappa]: [(41.21945,87.17695),247.34262]
	4688.27825	   0.01476	[mu,kappa]: [(40.49049,87.71126),278.00000]
	4274.81946	   0.01346	[mu,kappa]: [(40.75441,87.57465),278.00000]
	4149.50533	   0.01307	[mu,kappa]: [(40.24959,87.79051),278.00000]
	4781.00817	   0.01506	[mu,kappa]: [(40.09539,87.87547),278.00000]
	5017.64988	   0.01580	[mu,kappa]: [(40.21842,87.82497),278.00000]
	4757.51114	   0.01498	[mu,kappa]: [(40.48176,87.71496),278.00000]
	4298.64013	   0.01354	[mu,kappa]: [(40.00158,87.89850),278.00000]
	4147.84302	   0.01306	[mu,kappa]: [(40.38295,87.73196),278.00000]
	6416.24234	   0.02020	[mu,kappa]: [(47.88703,81.79416),48.05387]
	3446.77855	   0.01085	[mu,kappa]: [(39.14389,87.89793),203.47463]
	4449.66346	   0.01401	[mu,kappa]: [(40.06168,87.88151),278.00000]
	5111.44311	   0.01610	[mu,kappa]: [(40.12257,87.86697),278.00000]
	4374.71535	   0.01378	[mu,kappa]: [(35.33489,87.70204),66.99538]
	4811.15407	   0.01515	[mu,kappa]: [(45.24878,83.22424),53.77738]
	4802.88004	   0.01512	[mu,kappa]: [(39.80327,87.99404),278.00000]
	3988.94990	   0.01256	[mu,kappa]: [(44.91972,84.77493),124.22667]
	4605.47293	   0.01450	[mu,kappa]: [(40.02614,87.89893),278.00000]
	4390.58891	   0.01383	[mu,kappa]: [(39.90228,87.94215),278.00000]
	3549.82386	   0.01118	[mu,kappa]: [(41.17226,87.15805),234.20612]
	4434.43214	   0.01396	[mu,kappa]: [(39.92557,87.93595),278.00000]
	3506.64781	   0.01104	[mu,kappa]: [(40.09765,87.62082),236.96549]
	4048.48183	   0.01275	[mu,kappa]: [(40.61111,87.63382),278.00000]
	4685.66791	   0.01476	[mu,kappa]: [(40.15357,87.84833),278.00000]
	3944.12844	   0.01242	[mu,kappa]: [(40.71359,87.53467),278.00000]
	4491.54350	   0.01414	[mu,kappa]: [(40.49452,87.70327),278.00000]
	4340.17557	   0.01367	[mu,kappa]: [(40.64413,87.63856),278.00000]
	4302.83415	   0.01355	[mu,kappa]: [(40.44753,87.71986),278.00000]
	4451.37238	   0.01402	[mu,kappa]: [(40.32590,87.77397),278.00000]
	4576.79601	   0.01441	[mu,kappa]: [(39.84197,87.97647),278.00000]
	3621.20136	   0.01140	[mu,kappa]: [(37.41444,88.03758),121.75789]
	4750.15945	   0.01496	[mu,kappa]: [(39.96036,87.93053),278.00000]
	3403.43369	   0.01072	[mu,kappa]: [(40.87573,87.15883),199.22166]
	3653.71697	   0.01151	[mu,kappa]: [(39.72365,87.84757),262.69348]
	4220.27288	   0.01329	[mu,kappa]: [(40.54372,87.67139),278.00000]
	4576.27888	   0.01441	[mu,kappa]: [(40.41838,87.73678),278.00000]
	4899.77653	   0.01543	[mu,kappa]: [(40.26914,87.80421),278.00000]
	4307.41948	   0.01356	[mu,kappa]: [(40.71895,87.60636),278.00000]
	4647.18917	   0.01463	[mu,kappa]: [(40.21889,87.82153),278.00000]
	4606.30506	   0.01451	[mu,kappa]: [(40.18934,87.83298),278.00000]
	4128.14744	   0.01300	[mu,kappa]: [(40.44988,87.70704),278.00000]
	4520.71820	   0.01424	[mu,kappa]: [(40.02343,87.89827),278.00000]
	4113.10544	   0.01295	[mu,kappa]: [(40.77904,87.56420),278.00000]
	3712.30187	   0.01169	[mu,kappa]: [(40.58408,87.53933),278.00000]
	4334.12830	   0.01365	[mu,kappa]: [(39.93261,87.93031),278.00000]
	4643.99213	   0.01462	[mu,kappa]: [(39.70952,88.03046),278.00000]
	3374.12705	   0.01063	[mu,kappa]: [(41.35463,86.88095),183.39111]
			msglen: 5261183.72643 bits.
Iteration #: 7
	4052.77751	   0.01276	[mu,kappa]: [(40.81227,87.56015),278.00000]
	3194.50407	   0.01006	[mu,kappa]: [(38.62486,87.34059),107.03860]
	4082.64219	   0.01286	[mu,kappa]: [(40.45977,87.70784),278.00000]
	3106.79934	   0.00978	[mu,kappa]: [(40.77309,86.68496),125.12117]
	3873.62932	   0.01220	[mu,kappa]: [(40.84346,87.52210),278.00000]
	3915.90581	   0.01233	[mu,kappa]: [(40.51966,87.66480),278.00000]
	3714.87117	   0.01170	[mu,kappa]: [(40.60654,87.60672),278.00000]
	4251.05888	   0.01339	[mu,kappa]: [(39.70618,88.01740),278.00000]
	3876.27913	   0.01221	[mu,kappa]: [(40.17937,87.79165),278.00000]
	3470.24198	   0.01093	[mu,kappa]: [(42.00917,85.18701),70.21822]
	4129.32467	   0.01300	[mu,kappa]: [(40.27290,87.78612),278.00000]
	6978.88486	   0.02198	[mu,kappa]: [(31.00295,80.54451),9.14777]
	3915.16136	   0.01233	[mu,kappa]: [(37.28542,86.81447),63.23042]
	3401.05383	   0.01071	[mu,kappa]: [(39.21290,87.87807),210.85338]
	4929.32708	   0.01552	[mu,kappa]: [(39.66655,88.04447),278.00000]
	3355.41834	   0.01057	[mu,kappa]: [(41.56649,86.97400),234.63210]
	4794.24442	   0.01510	[mu,kappa]: [(40.36285,87.75797),278.00000]
	3623.27504	   0.01141	[mu,kappa]: [(42.57227,86.59740),255.53342]
	3189.26315	   0.01004	[mu,kappa]: [(41.82440,86.49581),156.88831]
	4524.98457	   0.01425	[mu,kappa]: [(40.12927,87.85038),278.00000]
	4397.99078	   0.01385	[mu,kappa]: [(39.85298,87.96269),278.00000]
	4290.37353	   0.01351	[mu,kappa]: [(39.62656,88.05210),278.00000]
	4905.37264	   0.01545	[mu,kappa]: [(39.83131,87.97674),278.00000]
	3561.90329	   0.01122	[mu,kappa]: [(38.79221,88.19550),255.28179]
	3598.46649	   0.01133	[mu,kappa]: [(37.50774,88.57919),216.48555]
	7435.06308	   0.02341	[mu,kappa]: [(51.32006,80.85126),85.73195]
	3803.35215	   0.01198	[mu,kappa]: [(41.27322,87.31027),278.00000]
	3494.37628	   0.01100	[mu,kappa]: [(41.50611,87.13017),278.00000]
	4686.09912	   0.01476	[mu,kappa]: [(40.53392,87.68650),278.00000]
	4281.33392	   0.01348	[mu,kappa]: [(40.87368,87.53354),278.00000]
	4146.61923	   0.01306	[mu,kappa]: [(40.22831,87.80346),278.00000]
	4780.61904	   0.01505	[mu,kappa]: [(40.02733,87.89570),278.00000]
	5014.47060	   0.01579	[mu,kappa]: [(40.18542,87.83079),278.00000]
	4755.12940	   0.01497	[mu,kappa]: [(40.52277,87.69114),278.00000]
	4301.18416	   0.01354	[mu,kappa]: [(39.90860,87.93748),278.00000]
	4144.80104	   0.01305	[mu,kappa]: [(40.39966,87.73126),278.00000]
	6618.57195	   0.02084	[mu,kappa]: [(50.08344,81.20490),64.07943]
	3402.25538	   0.01071	[mu,kappa]: [(38.61440,88.15134),219.09290]
	4450.27506	   0.01401	[mu,kappa]: [(39.98499,87.90958),278.00000]
	5110.21078	   0.01609	[mu,kappa]: [(40.06194,87.88269),278.00000]
	5306.19746	   0.01671	[mu,kappa]: [(31.99287,89.12015),88.75551]
	4672.60173	   0.01471	[mu,kappa]: [(46.76066,82.81361),64.70979]
	4816.29854	   0.01517	[mu,kappa]: [(39.65069,88.04940),278.00000]
	4380.20800	   0.01379	[mu,kappa]: [(46.36555,84.27408),159.81866]
	4607.30394	   0.01451	[mu,kappa]: [(39.93886,87.92977),278.00000]
	4397.43360	   0.01385	[mu,kappa]: [(39.78012,87.99141),278.00000]
	3503.80272	   0.01103	[mu,kappa]: [(41.45557,87.10951),265.13792]
	4440.25645	   0.01398	[mu,kappa]: [(39.80974,87.98078),278.00000]
	3438.74201	   0.01083	[mu,kappa]: [(40.02002,87.71505),264.65328]
	4049.49856	   0.01275	[mu,kappa]: [(40.69146,87.60896),278.00000]
	4683.84859	   0.01475	[mu,kappa]: [(40.10257,87.86336),278.00000]
	3948.71860	   0.01243	[mu,kappa]: [(40.82952,87.52610),278.00000]
	4489.57461	   0.01414	[mu,kappa]: [(40.53992,87.68117),278.00000]
	4342.21870	   0.01367	[mu,kappa]: [(40.73102,87.60088),278.00000]
	4300.25467	   0.01354	[mu,kappa]: [(40.48028,87.70453),278.00000]
	4447.89778	   0.01401	[mu,kappa]: [(40.32414,87.77068),278.00000]
	4587.25695	   0.01445	[mu,kappa]: [(39.70095,88.02809),278.00000]
	3900.50766	   0.01228	[mu,kappa]: [(35.45777,88.78524),131.61498]
	4754.77077	   0.01497	[mu,kappa]: [(39.85346,87.96683),278.00000]
	3289.48177	   0.01036	[mu,kappa]: [(41.06740,87.13187),218.10237]
	3640.59342	   0.01146	[mu,kappa]: [(39.54887,87.98731),278.00000]
	4219.48717	   0.01329	[mu,kappa]: [(40.60426,87.64940),278.00000]
	4573.14356	   0.01440	[mu,kappa]: [(40.44237,87.72238),278.00000]
	4896.13203	   0.01542	[mu,kappa]: [(40.25048,87.80409),278.00000]
	4312.30298	   0.01358	[mu,kappa]: [(40.82632,87.56086),278.00000]
	4644.27169	   0.01462	[mu,kappa]: [(40.18647,87.82891),278.00000]
	4603.85489	   0.01450	[mu,kappa]: [(40.14862,87.84416),278.00000]
	4125.74425	   0.01299	[mu,kappa]: [(40.48488,87.69731),278.00000]
	4522.61219	   0.01424	[mu,kappa]: [(39.93559,87.93032),278.00000]
	4120.50831	   0.01298	[mu,kappa]: [(40.90497,87.52045),278.00000]
	3712.53221	   0.01169	[mu,kappa]: [(40.67126,87.56958),278.00000]
	4339.49817	   0.01367	[mu,kappa]: [(39.81919,87.97568),278.00000]
	4663.47328	   0.01469	[mu,kappa]: [(39.52961,88.09798),278.00000]
	3265.85808	   0.01028	[mu,kappa]: [(41.73682,86.77283),200.60876]
			msglen: 5249015.54343 bits.
Iteration #: 8
	4047.60154	   0.01275	[mu,kappa]: [(40.95410,87.50744),278.00000]
	2973.68054	   0.00936	[mu,kappa]: [(37.65187,87.71228),116.51604]
	4064.38520	   0.01280	[mu,kappa]: [(40.51966,87.68753),278.00000]
	2829.14570	   0.00891	[mu,kappa]: [(40.86119,86.68300),136.85699]
	3870.45768	   0.01219	[mu,kappa]: [(40.99556,87.47874),278.00000]
	3899.86882	   0.01228	[mu,kappa]: [(40.59595,87.64775),278.00000]
	3702.18939	   0.01166	[mu,kappa]: [(40.70594,87.59225),278.00000]
	4241.11320	   0.01336	[mu,kappa]: [(39.58273,88.07158),278.00000]
	3856.37720	   0.01214	[mu,kappa]: [(40.17625,87.81429),278.00000]
	3000.89740	   0.00945	[mu,kappa]: [(42.23711,85.19540),79.89975]
	4108.28067	   0.01294	[mu,kappa]: [(40.28817,87.78331),278.00000]
	5286.46071	   0.01665	[mu,kappa]: [(29.35523,78.51846),7.68673]
	3646.36209	   0.01148	[mu,kappa]: [(35.35531,87.57522),74.36803]
	3297.54152	   0.01038	[mu,kappa]: [(38.87830,88.07444),238.04167]
	4920.08375	   0.01549	[mu,kappa]: [(39.53186,88.09724),278.00000]
	3320.38240	   0.01046	[mu,kappa]: [(41.93918,86.90620),275.18663]
	4770.69884	   0.01502	[mu,kappa]: [(40.39848,87.74202),278.00000]
	3766.27070	   0.01186	[mu,kappa]: [(43.12145,86.46439),278.00000]
	3017.48900	   0.00950	[mu,kappa]: [(42.33424,86.36356),179.93464]
	4502.03479	   0.01418	[mu,kappa]: [(40.10924,87.85910),278.00000]
	4381.57433	   0.01380	[mu,kappa]: [(39.76535,87.99942),278.00000]
	4284.46917	   0.01349	[mu,kappa]: [(39.48293,88.11326),278.00000]
	4887.90163	   0.01539	[mu,kappa]: [(39.73768,88.01307),278.00000]
	3578.65630	   0.01127	[mu,kappa]: [(38.41286,88.42239),278.00000]
	3762.16038	   0.01185	[mu,kappa]: [(36.64185,88.98727),250.28420]
	8418.84269	   0.02651	[mu,kappa]: [(52.21364,80.53929),114.47310]
	3829.84088	   0.01206	[mu,kappa]: [(41.52434,87.24397),278.00000]
	3539.59142	   0.01115	[mu,kappa]: [(41.81675,87.08311),278.00000]
	4667.14985	   0.01470	[mu,kappa]: [(40.61007,87.65453),278.00000]
	4279.36708	   0.01348	[mu,kappa]: [(41.02957,87.47570),278.00000]
	4125.32910	   0.01299	[mu,kappa]: [(40.23299,87.80551),278.00000]
	4757.77875	   0.01498	[mu,kappa]: [(39.98204,87.91280),278.00000]
	4988.64879	   0.01571	[mu,kappa]: [(40.17854,87.83226),278.00000]
	4735.53534	   0.01491	[mu,kappa]: [(40.59630,87.66022),278.00000]
	4283.38904	   0.01349	[mu,kappa]: [(39.83501,87.96984),278.00000]
	4125.09284	   0.01299	[mu,kappa]: [(40.44550,87.71743),278.00000]
	6755.65987	   0.02127	[mu,kappa]: [(51.59483,80.76297),85.40400]
	3373.80324	   0.01062	[mu,kappa]: [(38.10093,88.42067),249.19684]
	4429.88638	   0.01395	[mu,kappa]: [(39.92976,87.93262),278.00000]
	5085.11536	   0.01601	[mu,kappa]: [(40.02494,87.89576),278.00000]
	7121.64777	   0.02243	[mu,kappa]: [(29.65374,90.26143),138.98490]
	4341.86916	   0.01367	[mu,kappa]: [(48.04982,82.56181),86.76869]
	4808.20159	   0.01514	[mu,kappa]: [(39.51222,88.10455),278.00000]
	5086.58890	   0.01602	[mu,kappa]: [(47.27267,84.07034),222.46520]
	4587.34821	   0.01445	[mu,kappa]: [(39.87213,87.95678),278.00000]
	4383.79966	   0.01380	[mu,kappa]: [(39.67457,88.03601),278.00000]
	3519.01287	   0.01108	[mu,kappa]: [(41.77007,87.06623),278.00000]
	4425.28704	   0.01394	[mu,kappa]: [(39.71135,88.02166),278.00000]
	3396.65580	   0.01070	[mu,kappa]: [(39.98702,87.80793),278.00000]
	4038.71386	   0.01272	[mu,kappa]: [(40.80578,87.56814),278.00000]
	4660.34170	   0.01468	[mu,kappa]: [(40.07580,87.87372),278.00000]
	3944.75250	   0.01242	[mu,kappa]: [(40.97869,87.48491),278.00000]
	4471.64222	   0.01408	[mu,kappa]: [(40.61783,87.65003),278.00000]
	4332.38679	   0.01364	[mu,kappa]: [(40.85339,87.55229),278.00000]
	4281.46881	   0.01348	[mu,kappa]: [(40.54435,87.67972),278.00000]
	4425.61102	   0.01394	[mu,kappa]: [(40.35096,87.76008),278.00000]
	4576.82513	   0.01441	[mu,kappa]: [(39.57514,88.07854),278.00000]
	4442.82500	   0.01399	[mu,kappa]: [(33.61740,89.57148),167.08698]
	4736.98946	   0.01492	[mu,kappa]: [(39.76541,88.00136),278.00000]
	3186.98661	   0.01004	[mu,kappa]: [(41.32385,87.10499),251.61870]
	3638.46026	   0.01146	[mu,kappa]: [(39.39749,88.10442),278.00000]
	4204.77889	   0.01324	[mu,kappa]: [(40.69784,87.61468),278.00000]
	4552.19942	   0.01434	[mu,kappa]: [(40.49721,87.70013),278.00000]
	4870.96498	   0.01534	[mu,kappa]: [(40.25927,87.79915),278.00000]
	4307.48814	   0.01356	[mu,kappa]: [(40.97051,87.50366),278.00000]
	4620.38967	   0.01455	[mu,kappa]: [(40.18002,87.83099),278.00000]
	4580.35592	   0.01442	[mu,kappa]: [(40.13306,87.85012),278.00000]
	4107.86959	   0.01294	[mu,kappa]: [(40.55070,87.67467),278.00000]
	4503.11793	   0.01418	[mu,kappa]: [(39.86817,87.95804),278.00000]
	4120.48503	   0.01298	[mu,kappa]: [(41.06793,87.45978),278.00000]
	3702.10819	   0.01166	[mu,kappa]: [(40.78698,87.55403),278.00000]
	4324.51356	   0.01362	[mu,kappa]: [(39.72330,88.01623),278.00000]
	4663.44144	   0.01469	[mu,kappa]: [(39.36085,88.16585),278.00000]
	3178.75931	   0.01001	[mu,kappa]: [(42.19016,86.67032),233.27686]
			msglen: 5236069.39384 bits.
Iteration #: 9
	4037.23292	   0.01271	[mu,kappa]: [(41.10866,87.44720),278.00000]
	2659.73099	   0.00838	[mu,kappa]: [(36.99944,87.99830),138.76907]
	4035.42186	   0.01271	[mu,kappa]: [(40.59866,87.65778),278.00000]
	2521.59756	   0.00794	[mu,kappa]: [(41.09100,86.66419),160.31486]
	3862.94870	   0.01216	[mu,kappa]: [(41.15850,87.42118),278.00000]
	3874.41697	   0.01220	[mu,kappa]: [(40.68938,87.61652),278.00000]
	3681.83599	   0.01159	[mu,kappa]: [(40.81983,87.55801),278.00000]
	4212.95743	   0.01327	[mu,kappa]: [(39.49184,88.11214),278.00000]
	3823.23130	   0.01204	[mu,kappa]: [(40.19539,87.81695),278.00000]
	2492.33155	   0.00785	[mu,kappa]: [(42.68099,85.14313),97.73728]
	4074.05285	   0.01283	[mu,kappa]: [(40.32578,87.77030),278.00000]
	4062.66708	   0.01279	[mu,kappa]: [(28.73146,74.77184),6.19044]
	3224.76943	   0.01016	[mu,kappa]: [(33.99913,88.00762),91.65292]
	3216.99968	   0.01013	[mu,kappa]: [(38.64849,88.25846),278.00000]
	4889.53024	   0.01540	[mu,kappa]: [(39.43109,88.13927),278.00000]
	3377.82085	   0.01064	[mu,kappa]: [(42.27330,86.86816),278.00000]
	4733.08054	   0.01490	[mu,kappa]: [(40.45539,87.71889),278.00000]
	4001.33098	   0.01260	[mu,kappa]: [(43.58644,86.34848),278.00000]
	2888.33479	   0.00910	[mu,kappa]: [(42.84485,86.26891),219.02422]
	4462.95800	   0.01405	[mu,kappa]: [(40.11425,87.85831),278.00000]
	4347.13190	   0.01369	[mu,kappa]: [(39.70768,88.02487),278.00000]
	4259.87949	   0.01341	[mu,kappa]: [(39.37362,88.16096),278.00000]
	4850.16451	   0.01527	[mu,kappa]: [(39.67468,88.03947),278.00000]
	3627.47645	   0.01142	[mu,kappa]: [(38.12367,88.61235),278.00000]
	4005.07446	   0.01261	[mu,kappa]: [(36.04219,89.33526),278.00000]
	8814.51809	   0.02776	[mu,kappa]: [(52.44586,80.36255),130.46330]
	3860.38192	   0.01216	[mu,kappa]: [(41.77525,87.15881),278.00000]
	3594.05394	   0.01132	[mu,kappa]: [(42.11652,86.99836),278.00000]
	4637.07289	   0.01460	[mu,kappa]: [(40.70453,87.61617),278.00000]
	4273.06685	   0.01346	[mu,kappa]: [(41.19696,87.41052),278.00000]
	4090.29991	   0.01288	[mu,kappa]: [(40.26071,87.79684),278.00000]
	4716.82195	   0.01485	[mu,kappa]: [(39.96374,87.92081),278.00000]
	4945.63645	   0.01557	[mu,kappa]: [(40.19592,87.82550),278.00000]
	4704.46408	   0.01481	[mu,kappa]: [(40.68834,87.62285),278.00000]
	4248.34898	   0.01338	[mu,kappa]: [(39.79021,87.99053),278.00000]
	4093.71446	   0.01289	[mu,kappa]: [(40.51140,87.69340),278.00000]
	6757.39974	   0.02128	[mu,kappa]: [(52.43555,80.38619),97.45772]
	3382.58813	   0.01065	[mu,kappa]: [(37.72969,88.66612),278.00000]
	4392.26320	   0.01383	[mu,kappa]: [(39.90211,87.94537),278.00000]
	5041.02451	   0.01587	[mu,kappa]: [(40.01439,87.90028),278.00000]
	9167.10674	   0.02887	[mu,kappa]: [(28.75947,90.80680),190.34328]
	4074.14022	   0.01283	[mu,kappa]: [(48.71231,82.51688),116.83758]
	4779.21767	   0.01505	[mu,kappa]: [(39.40793,88.14842),278.00000]
	6088.38758	   0.01917	[mu,kappa]: [(47.63595,84.11773),278.00000]
	4549.15569	   0.01433	[mu,kappa]: [(39.83389,87.97361),278.00000]
	4351.69831	   0.01370	[mu,kappa]: [(39.60031,88.06862),278.00000]
	3569.13186	   0.01124	[mu,kappa]: [(42.06711,87.00121),278.00000]
	4391.84238	   0.01383	[mu,kappa]: [(39.64376,88.05113),278.00000]
	3367.13436	   0.01060	[mu,kappa]: [(39.98133,87.86593),278.00000]
	4020.72979	   0.01266	[mu,kappa]: [(40.93501,87.51855),278.00000]
	4619.84886	   0.01455	[mu,kappa]: [(40.07464,87.87499),278.00000]
	3936.13376	   0.01240	[mu,kappa]: [(41.13887,87.42890),278.00000]
	4443.15081	   0.01399	[mu,kappa]: [(40.71381,87.61174),278.00000]
	4315.49607	   0.01359	[mu,kappa]: [(40.99037,87.49752),278.00000]
	4251.68727	   0.01339	[mu,kappa]: [(40.62744,87.64703),278.00000]
	4389.76146	   0.01382	[mu,kappa]: [(40.39954,87.74117),278.00000]
	4546.71204	   0.01432	[mu,kappa]: [(39.48243,88.11778),278.00000]
	5057.37560	   0.01593	[mu,kappa]: [(32.67531,90.10732),231.46153]
	4699.71940	   0.01480	[mu,kappa]: [(39.70753,88.02583),278.00000]
	3145.03836	   0.00990	[mu,kappa]: [(41.58288,87.09571),278.00000]
	3620.58155	   0.01140	[mu,kappa]: [(39.27735,88.18021),278.00000]
	4181.14440	   0.01317	[mu,kappa]: [(40.80810,87.57179),278.00000]
	4518.98198	   0.01423	[mu,kappa]: [(40.57184,87.67038),278.00000]
	4829.84615	   0.01521	[mu,kappa]: [(40.29122,87.78635),278.00000]
	4297.38568	   0.01353	[mu,kappa]: [(41.12751,87.44084),278.00000]
	4580.60046	   0.01442	[mu,kappa]: [(40.19775,87.82444),278.00000]
	4540.65846	   0.01430	[mu,kappa]: [(40.14230,87.84715),278.00000]
	4079.52285	   0.01285	[mu,kappa]: [(40.63520,87.64270),278.00000]
	4465.69682	   0.01406	[mu,kappa]: [(39.82924,87.97535),278.00000]
	4116.87044	   0.01296	[mu,kappa]: [(41.24177,87.39200),278.00000]
	3684.99284	   0.01160	[mu,kappa]: [(40.91550,87.51632),278.00000]
	4291.53067	   0.01351	[mu,kappa]: [(39.65796,88.04506),278.00000]
	4642.83190	   0.01462	[mu,kappa]: [(39.22884,88.22146),278.00000]
	3166.25599	   0.00997	[mu,kappa]: [(42.61152,86.60368),278.00000]
			msglen: 5228114.30840 bits.
Iteration #: 10
	4026.64570	   0.01268	[mu,kappa]: [(41.23799,87.39064),278.00000]
	2378.18247	   0.00749	[mu,kappa]: [(36.63090,88.22487),172.87381]
	4006.71264	   0.01262	[mu,kappa]: [(40.66323,87.62793),278.00000]
	2277.60289	   0.00717	[mu,kappa]: [(41.34466,86.66425),193.06834]
	3855.19994	   0.01214	[mu,kappa]: [(41.29459,87.36464),278.00000]
	3849.13335	   0.01212	[mu,kappa]: [(40.76605,87.58365),278.00000]
	3661.54251	   0.01153	[mu,kappa]: [(40.91368,87.52045),278.00000]
	4185.72455	   0.01318	[mu,kappa]: [(39.41373,88.14286),278.00000]
	3790.67098	   0.01194	[mu,kappa]: [(40.20841,87.81232),278.00000]
	2115.89221	   0.00666	[mu,kappa]: [(43.16543,85.06366),120.48628]
	4040.32911	   0.01272	[mu,kappa]: [(40.35500,87.75518),278.00000]
	3529.79490	   0.01112	[mu,kappa]: [(27.94592,71.99914),5.53494]
	2835.09982	   0.00893	[mu,kappa]: [(33.08652,88.10258),107.83514]
	3225.37021	   0.01016	[mu,kappa]: [(38.48784,88.42960),278.00000]
	4860.03220	   0.01530	[mu,kappa]: [(39.34511,88.17217),278.00000]
	3441.55612	   0.01084	[mu,kappa]: [(42.54453,86.80234),278.00000]
	4695.91352	   0.01479	[mu,kappa]: [(40.50122,87.69578),278.00000]
	4233.87662	   0.01333	[mu,kappa]: [(43.95133,86.23348),278.00000]
	2856.78039	   0.00900	[mu,kappa]: [(43.24968,86.23303),271.78107]
	4424.61651	   0.01393	[mu,kappa]: [(40.11589,87.85427),278.00000]
	4313.62521	   0.01358	[mu,kappa]: [(39.65687,88.04329),278.00000]
	4236.19193	   0.01334	[mu,kappa]: [(39.28064,88.19784),278.00000]
	4813.47968	   0.01516	[mu,kappa]: [(39.61954,88.05917),278.00000]
	3674.88887	   0.01157	[mu,kappa]: [(37.89369,88.73953),278.00000]
	4299.15935	   0.01354	[mu,kappa]: [(35.68832,89.57607),278.00000]
	8670.00198	   0.02730	[mu,kappa]: [(52.51333,80.19999),136.62361]
	3890.26955	   0.01225	[mu,kappa]: [(41.98512,87.07603),278.00000]
	3647.84972	   0.01149	[mu,kappa]: [(42.36518,86.90958),278.00000]
	4607.17201	   0.01451	[mu,kappa]: [(40.78250,87.57968),278.00000]
	4266.45441	   0.01344	[mu,kappa]: [(41.33723,87.34958),278.00000]
	4055.83186	   0.01277	[mu,kappa]: [(40.28151,87.78538),278.00000]
	4676.75531	   0.01473	[mu,kappa]: [(39.94580,87.92471),278.00000]
	4903.36454	   0.01544	[mu,kappa]: [(40.20809,87.81661),278.00000]
	4673.58934	   0.01472	[mu,kappa]: [(40.76423,87.58723),278.00000]
	4214.19734	   0.01327	[mu,kappa]: [(39.75004,88.00468),278.00000]
	4062.67629	   0.01279	[mu,kappa]: [(40.56473,87.66842),278.00000]
	6600.80542	   0.02079	[mu,kappa]: [(53.18887,79.91377),97.97948]
	3455.76405	   0.01088	[mu,kappa]: [(37.47164,88.86107),278.00000]
	4355.50517	   0.01372	[mu,kappa]: [(39.87627,87.95301),278.00000]
	4997.84741	   0.01574	[mu,kappa]: [(40.00298,87.90127),278.00000]
	10267.90464	   0.03233	[mu,kappa]: [(28.47169,91.00375),215.79739]
	3925.03868	   0.01236	[mu,kappa]: [(48.89092,82.61777),150.65829]
	4751.25812	   0.01496	[mu,kappa]: [(39.31908,88.18272),278.00000]
	7189.51889	   0.02264	[mu,kappa]: [(47.75484,84.23662),278.00000]
	4511.89468	   0.01421	[mu,kappa]: [(39.79924,87.98488),278.00000]
	4320.55236	   0.01361	[mu,kappa]: [(39.53584,88.09302),278.00000]
	3618.79406	   0.01140	[mu,kappa]: [(42.31249,86.92246),278.00000]
	4359.35659	   0.01373	[mu,kappa]: [(39.58479,88.07301),278.00000]
	3338.50801	   0.01051	[mu,kappa]: [(39.97064,87.89191),278.00000]
	4002.68510	   0.01260	[mu,kappa]: [(41.04261,87.47111),278.00000]
	4580.14851	   0.01442	[mu,kappa]: [(40.07110,87.87293),278.00000]
	3927.28842	   0.01237	[mu,kappa]: [(41.27257,87.37354),278.00000]
	4414.81882	   0.01390	[mu,kappa]: [(40.79304,87.57505),278.00000]
	4298.48366	   0.01354	[mu,kappa]: [(41.10475,87.44634),278.00000]
	4222.14411	   0.01330	[mu,kappa]: [(40.69561,87.61510),278.00000]
	4354.38480	   0.01371	[mu,kappa]: [(40.43820,87.72144),278.00000]
	4517.59190	   0.01423	[mu,kappa]: [(39.40295,88.14814),278.00000]
	5660.49329	   0.01782	[mu,kappa]: [(32.45455,90.42616),278.00000]
	4663.46063	   0.01469	[mu,kappa]: [(39.65661,88.04382),278.00000]
	3159.20736	   0.00995	[mu,kappa]: [(41.78594,87.08761),278.00000]
	3603.49611	   0.01135	[mu,kappa]: [(39.17444,88.23205),278.00000]
	4157.56861	   0.01309	[mu,kappa]: [(40.89950,87.53060),278.00000]
	4486.07595	   0.01413	[mu,kappa]: [(40.63279,87.64123),278.00000]
	4789.35877	   0.01508	[mu,kappa]: [(40.31576,87.77223),278.00000]
	4287.03104	   0.01350	[mu,kappa]: [(41.25903,87.38265),278.00000]
	4541.49530	   0.01430	[mu,kappa]: [(40.21018,87.81561),278.00000]
	4501.68612	   0.01418	[mu,kappa]: [(40.14754,87.84140),278.00000]
	4051.39849	   0.01276	[mu,kappa]: [(40.70448,87.61090),278.00000]
	4429.19231	   0.01395	[mu,kappa]: [(39.79401,87.98695),278.00000]
	4112.91631	   0.01295	[mu,kappa]: [(41.38754,87.32882),278.00000]
	3667.86383	   0.01155	[mu,kappa]: [(41.02174,87.47477),278.00000]
	4259.48254	   0.01341	[mu,kappa]: [(39.60082,88.06629),278.00000]
	4623.11542	   0.01456	[mu,kappa]: [(39.11781,88.26543),278.00000]
	3254.68047	   0.01025	[mu,kappa]: [(42.92659,86.57948),278.00000]
			msglen: 5224734.80204 bits.
Iteration #: 11
	4019.97600	   0.01266	[mu,kappa]: [(41.33586,87.34238),278.00000]
	2203.43665	   0.00694	[mu,kappa]: [(36.40118,88.50783),221.41624]
	3985.32851	   0.01255	[mu,kappa]: [(40.70446,87.60373),278.00000]
	2122.00969	   0.00668	[mu,kappa]: [(41.55797,86.72158),235.75345]
	3850.86859	   0.01213	[mu,kappa]: [(41.39820,87.31528),278.00000]
	3830.31167	   0.01206	[mu,kappa]: [(40.81768,87.55596),278.00000]
	3646.59856	   0.01148	[mu,kappa]: [(40.98017,87.48759),278.00000]
	4172.24618	   0.01314	[mu,kappa]: [(39.33468,88.17025),278.00000]
	3767.39973	   0.01186	[mu,kappa]: [(40.20492,87.80892),278.00000]
	1867.73628	   0.00588	[mu,kappa]: [(43.60985,85.03655),146.80891]
	4015.72882	   0.01265	[mu,kappa]: [(40.36563,87.74401),278.00000]
	3297.86109	   0.01039	[mu,kappa]: [(26.51015,70.69408),5.38830]
	2531.01809	   0.00797	[mu,kappa]: [(32.41892,88.07057),120.46288]
	3245.92855	   0.01022	[mu,kappa]: [(38.34173,88.53471),278.00000]
	4846.74680	   0.01526	[mu,kappa]: [(39.25982,88.20168),278.00000]
	3501.94556	   0.01103	[mu,kappa]: [(42.76144,86.72784),278.00000]
	4668.41124	   0.01470	[mu,kappa]: [(40.52626,87.67797),278.00000]
	4451.37724	   0.01402	[mu,kappa]: [(44.23753,86.12504),278.00000]
	2939.97345	   0.00926	[mu,kappa]: [(43.54093,86.24596),278.00000]
	4397.63699	   0.01385	[mu,kappa]: [(40.10296,87.85293),278.00000]
	4293.39148	   0.01352	[mu,kappa]: [(39.60005,88.06085),278.00000]
	4226.81618	   0.01331	[mu,kappa]: [(39.18974,88.23021),278.00000]
	4791.77595	   0.01509	[mu,kappa]: [(39.55920,88.07798),278.00000]
	3733.30860	   0.01176	[mu,kappa]: [(37.70421,88.82855),278.00000]
	4563.04208	   0.01437	[mu,kappa]: [(35.46894,89.70584),278.00000]
	8262.20249	   0.02602	[mu,kappa]: [(52.49972,80.06761),141.02559]
	3919.49649	   0.01234	[mu,kappa]: [(42.15272,87.00150),278.00000]
	3698.91703	   0.01165	[mu,kappa]: [(42.56518,86.82622),278.00000]
	4584.89772	   0.01444	[mu,kappa]: [(40.83548,87.54997),278.00000]
	4263.34765	   0.01343	[mu,kappa]: [(41.44468,87.29731),278.00000]
	4030.91862	   0.01269	[mu,kappa]: [(40.28490,87.77736),278.00000]
	4649.65050	   0.01464	[mu,kappa]: [(39.91634,87.93029),278.00000]
	4873.11378	   0.01535	[mu,kappa]: [(40.20416,87.81124),278.00000]
	4650.57606	   0.01464	[mu,kappa]: [(40.81540,87.55828),278.00000]
	4192.62317	   0.01320	[mu,kappa]: [(39.70199,88.01860),278.00000]
	4039.63595	   0.01272	[mu,kappa]: [(40.59619,87.64846),278.00000]
	6391.29595	   0.02013	[mu,kappa]: [(54.11079,79.32320),92.81524]
	3537.03507	   0.01114	[mu,kappa]: [(37.26589,88.98312),278.00000]
	4331.15996	   0.01364	[mu,kappa]: [(39.84018,87.96162),278.00000]
	4968.18916	   0.01564	[mu,kappa]: [(39.97903,87.90442),278.00000]
	10489.57994	   0.03303	[mu,kappa]: [(28.32523,91.05086),222.43067]
	3881.59194	   0.01222	[mu,kappa]: [(48.86977,82.77662),188.47672]
	4739.23234	   0.01492	[mu,kappa]: [(39.23150,88.21330),278.00000]
	8130.43940	   0.02560	[mu,kappa]: [(47.79395,84.32084),278.00000]
	4487.86894	   0.01413	[mu,kappa]: [(39.75579,87.99658),278.00000]
	4303.17678	   0.01355	[mu,kappa]: [(39.46783,88.11544),278.00000]
	3666.07545	   0.01154	[mu,kappa]: [(42.50920,86.84476),278.00000]
	4340.57671	   0.01367	[mu,kappa]: [(39.52127,88.09343),278.00000]
	3319.07266	   0.01045	[mu,kappa]: [(39.94580,87.90728),278.00000]
	3989.71785	   0.01256	[mu,kappa]: [(41.12142,87.43103),278.00000]
	4552.46213	   0.01434	[mu,kappa]: [(40.05379,87.87337),278.00000]
	3922.05609	   0.01235	[mu,kappa]: [(41.37407,87.32517),278.00000]
	4393.72640	   0.01384	[mu,kappa]: [(40.84709,87.54502),278.00000]
	4286.52223	   0.01350	[mu,kappa]: [(41.18957,87.40326),278.00000]
	4200.12341	   0.01323	[mu,kappa]: [(40.74000,87.58927),278.00000]
	4328.34912	   0.01363	[mu,kappa]: [(40.45702,87.70646),278.00000]
	4503.35381	   0.01418	[mu,kappa]: [(39.32285,88.17554),278.00000]
	6209.87766	   0.01955	[mu,kappa]: [(32.50072,90.59480),278.00000]
	4641.55291	   0.01462	[mu,kappa]: [(39.59972,88.06119),278.00000]
	3174.27836	   0.01000	[mu,kappa]: [(41.94305,87.05248),278.00000]
	3598.81501	   0.01133	[mu,kappa]: [(39.07520,88.27297),278.00000]
	4140.15661	   0.01304	[mu,kappa]: [(40.96416,87.49632),278.00000]
	4461.56838	   0.01405	[mu,kappa]: [(40.67092,87.61797),278.00000]
	4759.93899	   0.01499	[mu,kappa]: [(40.32243,87.76231),278.00000]
	4280.71071	   0.01348	[mu,kappa]: [(41.35886,87.33320),278.00000]
	4513.51154	   0.01421	[mu,kappa]: [(40.20647,87.81021),278.00000]
	4474.09597	   0.01409	[mu,kappa]: [(40.13769,87.83865),278.00000]
	4030.43972	   0.01269	[mu,kappa]: [(40.74982,87.58495),278.00000]
	4405.70484	   0.01387	[mu,kappa]: [(39.75007,87.99891),278.00000]
	4112.02575	   0.01295	[mu,kappa]: [(41.49981,87.27451),278.00000]
	3655.50156	   0.01151	[mu,kappa]: [(41.09900,87.43787),278.00000]
	4240.76418	   0.01335	[mu,kappa]: [(39.53880,88.08613),278.00000]
	4619.42903	   0.01455	[mu,kappa]: [(39.01279,88.30355),278.00000]
	3338.76999	   0.01051	[mu,kappa]: [(43.17571,86.52175),278.00000]
			msglen: 5222758.44911 bits.
Iteration #: 12
	4011.84270	   0.01263	[mu,kappa]: [(41.40981,87.30397),278.00000]
	2156.43601	   0.00679	[mu,kappa]: [(36.23748,88.85275),278.00000]
	3965.87435	   0.01249	[mu,kappa]: [(40.72809,87.58704),278.00000]
	2051.17029	   0.00646	[mu,kappa]: [(41.71703,86.83065),278.00000]
	3844.79600	   0.01211	[mu,kappa]: [(41.47715,87.27536),278.00000]
	3812.78267	   0.01201	[mu,kappa]: [(40.85048,87.53578),278.00000]
	3632.10013	   0.01144	[mu,kappa]: [(41.02611,87.46231),278.00000]
	4166.77705	   0.01312	[mu,kappa]: [(39.25352,88.19792),278.00000]
	3748.23284	   0.01180	[mu,kappa]: [(40.18891,87.80998),278.00000]
	1709.72455	   0.00538	[mu,kappa]: [(44.00750,85.06993),177.29250]
	3994.75535	   0.01258	[mu,kappa]: [(40.36216,87.73890),278.00000]
	3122.99937	   0.00983	[mu,kappa]: [(24.52432,69.85929),5.42918]
	2291.38580	   0.00722	[mu,kappa]: [(31.91021,88.04633),130.83712]
	3274.10201	   0.01031	[mu,kappa]: [(38.20415,88.60841),278.00000]
	4843.02377	   0.01525	[mu,kappa]: [(39.17346,88.23123),278.00000]
	3553.52673	   0.01119	[mu,kappa]: [(42.93699,86.65710),278.00000]
	4644.21766	   0.01462	[mu,kappa]: [(40.53555,87.66718),278.00000]
	4644.41547	   0.01463	[mu,kappa]: [(44.46398,86.02863),278.00000]
	3026.00743	   0.00953	[mu,kappa]: [(43.76648,86.22331),278.00000]
	4375.95361	   0.01378	[mu,kappa]: [(40.07879,87.85652),278.00000]
	4280.47908	   0.01348	[mu,kappa]: [(39.53780,88.08051),278.00000]
	4225.97608	   0.01331	[mu,kappa]: [(39.09867,88.26192),278.00000]
	4778.41416	   0.01505	[mu,kappa]: [(39.49396,88.09877),278.00000]
	3799.38879	   0.01196	[mu,kappa]: [(37.53715,88.89707),278.00000]
	4810.92490	   0.01515	[mu,kappa]: [(35.31110,89.77884),278.00000]
	7800.60105	   0.02456	[mu,kappa]: [(52.39866,79.98354),148.61443]
	3942.62222	   0.01242	[mu,kappa]: [(42.28771,86.93805),278.00000]
	3741.84291	   0.01178	[mu,kappa]: [(42.72754,86.75315),278.00000]
	4564.06745	   0.01437	[mu,kappa]: [(40.86958,87.52853),278.00000]
	4258.03587	   0.01341	[mu,kappa]: [(41.52713,87.25524),278.00000]
	4010.02862	   0.01263	[mu,kappa]: [(40.27503,87.77501),278.00000]
	4629.06940	   0.01458	[mu,kappa]: [(39.87774,87.93990),278.00000]
	4848.18082	   0.01527	[mu,kappa]: [(40.18789,87.81138),278.00000]
	4629.14960	   0.01458	[mu,kappa]: [(40.84788,87.53754),278.00000]
	4177.81130	   0.01316	[mu,kappa]: [(39.64726,88.03517),278.00000]
	4019.10579	   0.01266	[mu,kappa]: [(40.61114,87.63554),278.00000]
	6209.09644	   0.01955	[mu,kappa]: [(55.22378,78.67233),86.98678]
	3624.06957	   0.01141	[mu,kappa]: [(37.08886,89.06749),278.00000]
	4313.22453	   0.01358	[mu,kappa]: [(39.79580,87.97375),278.00000]
	4945.17795	   0.01557	[mu,kappa]: [(39.94524,87.91197),278.00000]
	10331.26425	   0.03253	[mu,kappa]: [(28.20161,91.04246),222.07768]
	3942.80052	   0.01242	[mu,kappa]: [(48.81213,82.93035),227.72111]
	4736.64768	   0.01492	[mu,kappa]: [(39.14322,88.24368),278.00000]
	8928.06776	   0.02811	[mu,kappa]: [(47.80621,84.37235),278.00000]
	4470.85445	   0.01408	[mu,kappa]: [(39.70505,88.01136),278.00000]
	4293.61997	   0.01352	[mu,kappa]: [(39.39604,88.13911),278.00000]
	3705.61654	   0.01167	[mu,kappa]: [(42.66854,86.77518),278.00000]
	4329.49253	   0.01363	[mu,kappa]: [(39.45331,88.11547),278.00000]
	3304.18878	   0.01041	[mu,kappa]: [(39.91048,87.92110),278.00000]
	3976.47996	   0.01252	[mu,kappa]: [(41.17844,87.40000),278.00000]
	4530.50292	   0.01427	[mu,kappa]: [(40.02578,87.87854),278.00000]
	3915.18325	   0.01233	[mu,kappa]: [(41.45115,87.28611),278.00000]
	4373.95054	   0.01377	[mu,kappa]: [(40.88213,87.52325),278.00000]
	4273.87092	   0.01346	[mu,kappa]: [(41.25196,87.36969),278.00000]
	4179.94571	   0.01316	[mu,kappa]: [(40.76645,87.57124),278.00000]
	4305.74779	   0.01356	[mu,kappa]: [(40.46080,87.69812),278.00000]
	4497.80000	   0.01416	[mu,kappa]: [(39.24083,88.20335),278.00000]
	6634.92217	   0.02089	[mu,kappa]: [(32.59625,90.64654),278.00000]
	4627.56202	   0.01457	[mu,kappa]: [(39.53743,88.08076),278.00000]
	3185.47507	   0.01003	[mu,kappa]: [(42.06672,87.01140),278.00000]
	3601.64902	   0.01134	[mu,kappa]: [(38.97693,88.30998),278.00000]
	4123.34309	   0.01298	[mu,kappa]: [(41.00860,87.47062),278.00000]
	4439.41338	   0.01398	[mu,kappa]: [(40.69182,87.60227),278.00000]
	4735.06266	   0.01491	[mu,kappa]: [(40.31549,87.75847),278.00000]
	4272.69475	   0.01345	[mu,kappa]: [(41.43458,87.29386),278.00000]
	4490.44097	   0.01414	[mu,kappa]: [(40.19039,87.81031),278.00000]
	4451.72230	   0.01402	[mu,kappa]: [(40.11622,87.84104),278.00000]
	4011.19791	   0.01263	[mu,kappa]: [(40.77708,87.56670),278.00000]
	4389.12420	   0.01382	[mu,kappa]: [(39.69891,88.01388),278.00000]
	4108.68675	   0.01294	[mu,kappa]: [(41.58652,87.23058),278.00000]
	3642.99909	   0.01147	[mu,kappa]: [(41.15448,87.40874),278.00000]
	4229.50175	   0.01332	[mu,kappa]: [(39.47211,88.10767),278.00000]
	4625.54797	   0.01457	[mu,kappa]: [(38.91005,88.33989),278.00000]
	3412.23298	   0.01075	[mu,kappa]: [(43.37569,86.45604),278.00000]
			msglen: 5221098.74630 bits.
Iteration #: 13
	4001.07314	   0.01260	[mu,kappa]: [(41.46812,87.27366),278.00000]
	2224.10311	   0.00700	[mu,kappa]: [(36.12063,89.16563),278.00000]
	3946.02248	   0.01243	[mu,kappa]: [(40.74306,87.57555),278.00000]
	2048.82771	   0.00645	[mu,kappa]: [(41.82683,86.94511),278.00000]
	3835.93974	   0.01208	[mu,kappa]: [(41.53970,87.24351),278.00000]
	3794.54985	   0.01195	[mu,kappa]: [(40.87335,87.52113),278.00000]
	3616.44753	   0.01139	[mu,kappa]: [(41.06027,87.44305),278.00000]
	4162.66341	   0.01311	[mu,kappa]: [(39.17867,88.22365),278.00000]
	3729.75681	   0.01175	[mu,kappa]: [(40.16961,87.81341),278.00000]
	1617.37092	   0.00509	[mu,kappa]: [(44.34367,85.14927),213.38508]
	3974.21552	   0.01252	[mu,kappa]: [(40.35374,87.73736),278.00000]
	2950.10684	   0.00929	[mu,kappa]: [(22.17358,68.95218),5.56697]
	2093.25200	   0.00659	[mu,kappa]: [(31.50642,88.06602),139.72096]
	3301.92400	   0.01040	[mu,kappa]: [(38.08193,88.66308),278.00000]
	4840.82658	   0.01524	[mu,kappa]: [(39.09425,88.25856),278.00000]
	3595.50980	   0.01132	[mu,kappa]: [(43.07912,86.59533),278.00000]
	4620.10690	   0.01455	[mu,kappa]: [(40.53816,87.66086),278.00000]
	4809.00764	   0.01514	[mu,kappa]: [(44.64089,85.94810),278.00000]
	3099.25589	   0.00976	[mu,kappa]: [(43.94315,86.18373),278.00000]
	4355.25568	   0.01371	[mu,kappa]: [(40.05253,87.86241),278.00000]
	4268.99032	   0.01344	[mu,kappa]: [(39.47896,88.09979),278.00000]
	4226.41232	   0.01331	[mu,kappa]: [(39.01549,88.29090),278.00000]
	4766.65062	   0.01501	[mu,kappa]: [(39.43257,88.11901),278.00000]
	3862.50266	   0.01216	[mu,kappa]: [(37.39358,88.95075),278.00000]
	5032.94213	   0.01585	[mu,kappa]: [(35.18934,89.82197),278.00000]
	7418.51266	   0.02336	[mu,kappa]: [(52.24221,79.92463),159.83960]
	3959.08430	   0.01247	[mu,kappa]: [(42.39750,86.88557),278.00000]
	3775.97826	   0.01189	[mu,kappa]: [(42.85957,86.69177),278.00000]
	4542.33364	   0.01430	[mu,kappa]: [(40.89360,87.51303),278.00000]
	4249.42653	   0.01338	[mu,kappa]: [(41.59270,87.22174),278.00000]
	3989.73472	   0.01256	[mu,kappa]: [(40.26110,87.77581),278.00000]
	4609.79915	   0.01452	[mu,kappa]: [(39.83910,87.95088),278.00000]
	4824.14566	   0.01519	[mu,kappa]: [(40.16844,87.81437),278.00000]
	4606.87904	   0.01451	[mu,kappa]: [(40.87052,87.52264),278.00000]
	4164.35061	   0.01311	[mu,kappa]: [(39.59481,88.05188),278.00000]
	3998.46893	   0.01259	[mu,kappa]: [(40.61862,87.62728),278.00000]
	6048.04616	   0.01905	[mu,kappa]: [(56.38467,78.06763),83.05129]
	3706.02114	   0.01167	[mu,kappa]: [(36.93873,89.12851),278.00000]
	4296.58605	   0.01353	[mu,kappa]: [(39.75221,87.98681),278.00000]
	4923.48269	   0.01550	[mu,kappa]: [(39.91072,87.92123),278.00000]
	10043.99049	   0.03163	[mu,kappa]: [(28.05187,91.02229),219.02381]
	4075.26941	   0.01283	[mu,kappa]: [(48.76001,83.06555),264.52325]
	4735.53226	   0.01491	[mu,kappa]: [(39.06239,88.27167),278.00000]
	9582.52726	   0.03017	[mu,kappa]: [(47.80736,84.40451),278.00000]
	4455.25284	   0.01403	[mu,kappa]: [(39.65602,88.02662),278.00000]
	4285.49995	   0.01350	[mu,kappa]: [(39.32909,88.16166),278.00000]
	3736.79824	   0.01177	[mu,kappa]: [(42.79803,86.71609),278.00000]
	4319.85941	   0.01360	[mu,kappa]: [(39.38960,88.13669),278.00000]
	3290.21067	   0.01036	[mu,kappa]: [(39.87432,87.93374),278.00000]
	3961.47585	   0.01248	[mu,kappa]: [(41.22220,87.37608),278.00000]
	4509.64249	   0.01420	[mu,kappa]: [(39.99623,87.88577),278.00000]
	3905.57733	   0.01230	[mu,kappa]: [(41.51210,87.25498),278.00000]
	4353.26858	   0.01371	[mu,kappa]: [(40.90697,87.50744),278.00000]
	4259.04395	   0.01341	[mu,kappa]: [(41.30035,87.34364),278.00000]
	4159.24216	   0.01310	[mu,kappa]: [(40.78388,87.55864),278.00000]
	4283.39939	   0.01349	[mu,kappa]: [(40.45864,87.69386),278.00000]
	4493.70334	   0.01415	[mu,kappa]: [(39.16527,88.22927),278.00000]
	6989.65014	   0.02201	[mu,kappa]: [(32.68706,90.65211),278.00000]
	4615.11052	   0.01453	[mu,kappa]: [(39.47856,88.10000),278.00000]
	3192.22368	   0.01005	[mu,kappa]: [(42.16609,86.97244),278.00000]
	3605.46861	   0.01135	[mu,kappa]: [(38.88763,88.34246),278.00000]
	4105.27864	   0.01293	[mu,kappa]: [(41.04155,87.45136),278.00000]
	4416.91842	   0.01391	[mu,kappa]: [(40.70445,87.59170),278.00000]
	4710.80513	   0.01483	[mu,kappa]: [(40.30409,87.75808),278.00000]
	4261.76796	   0.01342	[mu,kappa]: [(41.49441,87.26279),278.00000]
	4468.19727	   0.01407	[mu,kappa]: [(40.17110,87.81325),278.00000]
	4430.29303	   0.01395	[mu,kappa]: [(40.09229,87.84594),278.00000]
	3991.42221	   0.01257	[mu,kappa]: [(40.79520,87.55386),278.00000]
	4373.93442	   0.01377	[mu,kappa]: [(39.64951,88.02931),278.00000]
	4101.91196	   0.01292	[mu,kappa]: [(41.65573,87.19548),278.00000]
	3628.95178	   0.01143	[mu,kappa]: [(41.19684,87.38604),278.00000]
	4219.65585	   0.01329	[mu,kappa]: [(39.40948,88.12847),278.00000]
	4632.84462	   0.01459	[mu,kappa]: [(38.81717,88.37255),278.00000]
	3473.70899	   0.01094	[mu,kappa]: [(43.53586,86.39436),278.00000]
			msglen: 5219980.24094 bits.
Iteration #: 14
	3990.81046	   0.01257	[mu,kappa]: [(41.51180,87.25139),278.00000]
	2288.76060	   0.00721	[mu,kappa]: [(36.01553,89.33873),278.00000]
	3929.01655	   0.01237	[mu,kappa]: [(40.75112,87.56876),278.00000]
	2047.20735	   0.00645	[mu,kappa]: [(41.90367,86.99427),278.00000]
	3827.26958	   0.01205	[mu,kappa]: [(41.58681,87.21987),278.00000]
	3778.74676	   0.01190	[mu,kappa]: [(40.88792,87.51166),278.00000]
	3602.61926	   0.01135	[mu,kappa]: [(41.08414,87.42970),278.00000]
	4162.02394	   0.01311	[mu,kappa]: [(39.11230,88.24694),278.00000]
	3714.80047	   0.01170	[mu,kappa]: [(40.14925,87.81871),278.00000]
	1576.43463	   0.00497	[mu,kappa]: [(44.59496,85.26776),256.93376]
	3957.23564	   0.01246	[mu,kappa]: [(40.34243,87.73873),278.00000]
	2790.40115	   0.00879	[mu,kappa]: [(19.96349,67.82431),5.73980]
	1920.04601	   0.00605	[mu,kappa]: [(31.19105,88.13690),148.13560]
	3329.86533	   0.01049	[mu,kappa]: [(37.97669,88.70523),278.00000]
	4842.49019	   0.01525	[mu,kappa]: [(39.02430,88.28313),278.00000]
	3628.50674	   0.01143	[mu,kappa]: [(43.18846,86.54624),278.00000]
	4599.81061	   0.01448	[mu,kappa]: [(40.53600,87.65834),278.00000]
	4940.73152	   0.01556	[mu,kappa]: [(44.77159,85.88669),278.00000]
	3158.04137	   0.00995	[mu,kappa]: [(44.07528,86.14499),278.00000]
	4338.75206	   0.01366	[mu,kappa]: [(40.02641,87.86984),278.00000]
	4261.47940	   0.01342	[mu,kappa]: [(39.42581,88.11800),278.00000]
	4230.05711	   0.01332	[mu,kappa]: [(38.94228,88.31672),278.00000]
	4759.27422	   0.01499	[mu,kappa]: [(39.37733,88.13800),278.00000]
	3922.50241	   0.01235	[mu,kappa]: [(37.27248,88.99316),278.00000]
	5230.55000	   0.01647	[mu,kappa]: [(35.09339,89.84801),278.00000]
	7179.62375	   0.02261	[mu,kappa]: [(52.10352,79.84418),172.02985]
	3970.94449	   0.01250	[mu,kappa]: [(42.48240,86.84505),278.00000]
	3802.44651	   0.01197	[mu,kappa]: [(42.96153,86.64391),278.00000]
	4523.44765	   0.01424	[mu,kappa]: [(40.90915,87.50297),278.00000]
	4240.76899	   0.01335	[mu,kappa]: [(41.64229,87.19684),278.00000]
	3973.12207	   0.01251	[mu,kappa]: [(40.24520,87.77909),278.00000]
	4595.02598	   0.01447	[mu,kappa]: [(39.80270,87.96245),278.00000]
	4804.66526	   0.01513	[mu,kappa]: [(40.14798,87.81947),278.00000]
	4587.56801	   0.01445	[mu,kappa]: [(40.88492,87.51308),278.00000]
	4154.86526	   0.01308	[mu,kappa]: [(39.54697,88.06803),278.00000]
	3980.98232	   0.01254	[mu,kappa]: [(40.62048,87.62313),278.00000]
	5874.06973	   0.01850	[mu,kappa]: [(57.41203,77.59424),81.44569]
	3782.44469	   0.01191	[mu,kappa]: [(36.81324,89.17393),278.00000]
	4284.12537	   0.01349	[mu,kappa]: [(39.71169,88.00005),278.00000]
	4906.58590	   0.01545	[mu,kappa]: [(39.87774,87.93142),278.00000]
	9692.58038	   0.03052	[mu,kappa]: [(27.87008,90.99901),214.73066]
	4228.83125	   0.01332	[mu,kappa]: [(48.71190,83.19254),278.00000]
	4738.12223	   0.01492	[mu,kappa]: [(38.99111,88.29674),278.00000]
	10079.99300	   0.03174	[mu,kappa]: [(47.80083,84.43093),278.00000]
	4443.94327	   0.01399	[mu,kappa]: [(39.61100,88.04164),278.00000]
	4281.19446	   0.01348	[mu,kappa]: [(39.26925,88.18245),278.00000]
	3760.85475	   0.01184	[mu,kappa]: [(42.89803,86.66976),278.00000]
	4314.15125	   0.01359	[mu,kappa]: [(39.33244,88.15645),278.00000]
	3279.44029	   0.01033	[mu,kappa]: [(39.83982,87.94585),278.00000]
	3947.92989	   0.01243	[mu,kappa]: [(41.25399,87.35905),278.00000]
	4493.15265	   0.01415	[mu,kappa]: [(39.96738,87.89430),278.00000]
	3896.27997	   0.01227	[mu,kappa]: [(41.55790,87.23194),278.00000]
	4335.27609	   0.01365	[mu,kappa]: [(40.92319,87.49711),278.00000]
	4245.47722	   0.01337	[mu,kappa]: [(41.33593,87.32489),278.00000]
	4141.43830	   0.01304	[mu,kappa]: [(40.79397,87.55094),278.00000]
	4264.72867	   0.01343	[mu,kappa]: [(40.45253,87.69302),278.00000]
	4493.33203	   0.01415	[mu,kappa]: [(39.09832,88.25273),278.00000]
	7294.54404	   0.02297	[mu,kappa]: [(32.76478,90.63815),278.00000]
	4606.95906	   0.01451	[mu,kappa]: [(39.42539,88.11819),278.00000]
	3196.45711	   0.01007	[mu,kappa]: [(42.24236,86.94044),278.00000]
	3611.77260	   0.01137	[mu,kappa]: [(38.80935,88.37067),278.00000]
	4089.34630	   0.01288	[mu,kappa]: [(41.06444,87.43818),278.00000]
	4397.70558	   0.01385	[mu,kappa]: [(40.71058,87.58568),278.00000]
	4690.83911	   0.01477	[mu,kappa]: [(40.29031,87.76042),278.00000]
	4251.26092	   0.01339	[mu,kappa]: [(41.53934,87.23992),278.00000]
	4450.16969	   0.01401	[mu,kappa]: [(40.15077,87.81831),278.00000]
	4413.10591	   0.01390	[mu,kappa]: [(40.06811,87.85258),278.00000]
	3974.40156	   0.01252	[mu,kappa]: [(40.80586,87.54596),278.00000]
	4362.95473	   0.01374	[mu,kappa]: [(39.60419,88.04444),278.00000]
	4094.78752	   0.01289	[mu,kappa]: [(41.70827,87.16926),278.00000]
	3616.32111	   0.01139	[mu,kappa]: [(41.22744,87.36983),278.00000]
	4213.66740	   0.01327	[mu,kappa]: [(39.35321,88.14790),278.00000]
	4643.13605	   0.01462	[mu,kappa]: [(38.73603,88.40123),278.00000]
	3522.72624	   0.01109	[mu,kappa]: [(43.65781,86.34382),278.00000]
			msglen: 5219213.16734 bits.
Iteration #: 15
	3981.61195	   0.01254	[mu,kappa]: [(41.54608,87.23420),278.00000]
	2346.97187	   0.00739	[mu,kappa]: [(35.92099,89.43838),278.00000]
	3914.44042	   0.01233	[mu,kappa]: [(40.75655,87.56423),278.00000]
	2045.80309	   0.00644	[mu,kappa]: [(41.96020,87.01166),278.00000]
	3819.41052	   0.01203	[mu,kappa]: [(41.62384,87.20153),278.00000]
	3765.14264	   0.01186	[mu,kappa]: [(40.89866,87.50491),278.00000]
	3590.62571	   0.01131	[mu,kappa]: [(41.10243,87.41974),278.00000]
	4162.32077	   0.01311	[mu,kappa]: [(39.05602,88.26696),278.00000]
	3702.23992	   0.01166	[mu,kappa]: [(40.13129,87.82404),278.00000]
	1582.78852	   0.00499	[mu,kappa]: [(44.75955,85.41325),278.00000]
	3942.86631	   0.01242	[mu,kappa]: [(40.33195,87.74089),278.00000]
	2662.26090	   0.00838	[mu,kappa]: [(18.30865,66.58945),5.87704]
	1767.90551	   0.00557	[mu,kappa]: [(30.95391,88.25869),157.32832]
	3355.23412	   0.01057	[mu,kappa]: [(37.88740,88.73860),278.00000]
	4844.95474	   0.01526	[mu,kappa]: [(38.96501,88.30419),278.00000]
	3654.87766	   0.01151	[mu,kappa]: [(43.27335,86.50690),278.00000]
	4582.51656	   0.01443	[mu,kappa]: [(40.53305,87.65733),278.00000]
	5045.96473	   0.01589	[mu,kappa]: [(44.86873,85.83938),278.00000]
	3205.31344	   0.01009	[mu,kappa]: [(44.17497,86.11030),278.00000]
	4324.95869	   0.01362	[mu,kappa]: [(40.00370,87.87698),278.00000]
	4255.71000	   0.01340	[mu,kappa]: [(39.38060,88.13391),278.00000]
	4234.15407	   0.01333	[mu,kappa]: [(38.88026,88.33878),278.00000]
	4753.72197	   0.01497	[mu,kappa]: [(39.33036,88.15455),278.00000]
	3976.26722	   0.01252	[mu,kappa]: [(37.17005,89.02748),278.00000]
	5405.33406	   0.01702	[mu,kappa]: [(35.01167,89.86639),278.00000]
	7073.16568	   0.02227	[mu,kappa]: [(52.01572,79.72697),182.91196]
	3979.93454	   0.01253	[mu,kappa]: [(42.54911,86.81303),278.00000]
	3823.45357	   0.01204	[mu,kappa]: [(43.04111,86.60599),278.00000]
	4507.16424	   0.01419	[mu,kappa]: [(40.92070,87.49579),278.00000]
	4232.82913	   0.01333	[mu,kappa]: [(41.68130,87.17753),278.00000]
	3959.11169	   0.01247	[mu,kappa]: [(40.23095,87.78281),278.00000]
	4582.85487	   0.01443	[mu,kappa]: [(39.77146,87.97297),278.00000]
	4788.28341	   0.01508	[mu,kappa]: [(40.12995,87.82471),278.00000]
	4570.93142	   0.01439	[mu,kappa]: [(40.89553,87.50630),278.00000]
	4147.32079	   0.01306	[mu,kappa]: [(39.50618,88.08227),278.00000]
	3966.05361	   0.01249	[mu,kappa]: [(40.62083,87.62077),278.00000]
	5669.86100	   0.01785	[mu,kappa]: [(58.21931,77.26717),81.35020]
	3850.64711	   0.01213	[mu,kappa]: [(36.70702,89.20943),278.00000]
	4273.95606	   0.01346	[mu,kappa]: [(39.67703,88.01192),278.00000]
	4892.57863	   0.01541	[mu,kappa]: [(39.84934,87.94081),278.00000]
	9329.73584	   0.02938	[mu,kappa]: [(27.65749,90.97121),209.88375]
	4359.11350	   0.01373	[mu,kappa]: [(48.67124,83.30732),278.00000]
	4741.38533	   0.01493	[mu,kappa]: [(38.93071,88.31820),278.00000]
	10458.43123	   0.03293	[mu,kappa]: [(47.79154,84.45550),278.00000]
	4434.83393	   0.01397	[mu,kappa]: [(39.57258,88.05496),278.00000]
	4278.27020	   0.01347	[mu,kappa]: [(39.21844,88.20045),278.00000]
	3779.89591	   0.01190	[mu,kappa]: [(42.97613,86.63288),278.00000]
	4309.99079	   0.01357	[mu,kappa]: [(39.28387,88.17362),278.00000]
	3270.56419	   0.01030	[mu,kappa]: [(39.81010,87.95641),278.00000]
	3936.06945	   0.01240	[mu,kappa]: [(41.27870,87.34615),278.00000]
	4479.41218	   0.01411	[mu,kappa]: [(39.94240,87.90234),278.00000]
	3887.89211	   0.01224	[mu,kappa]: [(41.59388,87.21408),278.00000]
	4319.75797	   0.01360	[mu,kappa]: [(40.93528,87.48970),278.00000]
	4233.52652	   0.01333	[mu,kappa]: [(41.36371,87.31060),278.00000]
	4126.15359	   0.01299	[mu,kappa]: [(40.80106,87.54569),278.00000]
	4248.86594	   0.01338	[mu,kappa]: [(40.44633,87.69339),278.00000]
	4493.93007	   0.01415	[mu,kappa]: [(39.04155,88.27290),278.00000]
	7569.36443	   0.02384	[mu,kappa]: [(32.82188,90.62005),278.00000]
	4600.68938	   0.01449	[mu,kappa]: [(39.38016,88.13410),278.00000]
	3199.34016	   0.01008	[mu,kappa]: [(42.30220,86.91406),278.00000]
	3618.09866	   0.01139	[mu,kappa]: [(38.74303,88.39448),278.00000]
	4075.53130	   0.01283	[mu,kappa]: [(41.08196,87.42842),278.00000]
	4381.25044	   0.01380	[mu,kappa]: [(40.71443,87.58181),278.00000]
	4673.95927	   0.01472	[mu,kappa]: [(40.27780,87.76340),278.00000]
	4241.80411	   0.01336	[mu,kappa]: [(41.57462,87.22227),278.00000]
	4435.01354	   0.01397	[mu,kappa]: [(40.13285,87.82350),278.00000]
	4398.71019	   0.01385	[mu,kappa]: [(40.04700,87.85906),278.00000]
	3959.78634	   0.01247	[mu,kappa]: [(40.81341,87.54052),278.00000]
	4354.12262	   0.01371	[mu,kappa]: [(39.56552,88.05786),278.00000]
	4088.13712	   0.01287	[mu,kappa]: [(41.74964,87.14887),278.00000]
	3605.28495	   0.01135	[mu,kappa]: [(41.25118,87.35751),278.00000]
	4209.23890	   0.01326	[mu,kappa]: [(39.30538,88.16479),278.00000]
	4653.18336	   0.01465	[mu,kappa]: [(38.66734,88.42557),278.00000]
	3562.11537	   0.01122	[mu,kappa]: [(43.75138,86.30265),278.00000]
			msglen: 5218730.33573 bits.
			N: 317555
		16.43410 bpr
Null model msglen: 7488920.11043 bits.	(23.58306 bpr)
