Iteration #: 0
	3974.00000	   0.01251	[mu,kappa]: [(40.48437,87.10533),110.99405]
	4107.00000	   0.01293	[mu,kappa]: [(40.40848,87.29590),115.58428]
	4021.00000	   0.01266	[mu,kappa]: [(40.41513,87.01871),112.33635]
	4115.00000	   0.01296	[mu,kappa]: [(40.37383,87.12686),110.68416]
	4175.00000	   0.01315	[mu,kappa]: [(40.60958,87.12369),115.40019]
	4123.00000	   0.01298	[mu,kappa]: [(40.61026,87.16285),125.14777]
	4140.00000	   0.01304	[mu,kappa]: [(40.39109,87.19785),113.49876]
	3992.00000	   0.01257	[mu,kappa]: [(40.40334,87.13945),115.91981]
	4109.00000	   0.01294	[mu,kappa]: [(40.54928,87.09720),122.08526]
	4056.00000	   0.01277	[mu,kappa]: [(40.49417,87.03411),122.99319]
	4106.00000	   0.01293	[mu,kappa]: [(40.46980,86.98719),111.31929]
	4068.00000	   0.01281	[mu,kappa]: [(40.37596,87.24176),122.99649]
	4121.00000	   0.01298	[mu,kappa]: [(40.62933,87.02334),119.53755]
	3969.00000	   0.01250	[mu,kappa]: [(40.42659,87.20966),112.35970]
	4161.00000	   0.01310	[mu,kappa]: [(40.51177,87.15331),122.16555]
	3982.00000	   0.01254	[mu,kappa]: [(40.64128,87.16493),108.10814]
	4082.00000	   0.01285	[mu,kappa]: [(40.46572,87.09111),115.61054]
	4148.00000	   0.01306	[mu,kappa]: [(40.33291,87.23086),115.36235]
	4122.00000	   0.01298	[mu,kappa]: [(40.28137,87.29860),107.84063]
	4167.00000	   0.01312	[mu,kappa]: [(40.58253,87.18055),111.35758]
	4127.00000	   0.01300	[mu,kappa]: [(40.37072,87.11593),121.51197]
	4074.00000	   0.01283	[mu,kappa]: [(40.47750,87.19920),112.56265]
	4073.00000	   0.01283	[mu,kappa]: [(40.40618,87.01958),106.77556]
	4099.00000	   0.01291	[mu,kappa]: [(40.62361,86.98584),102.20105]
	4031.00000	   0.01269	[mu,kappa]: [(40.52441,87.14132),125.77138]
	4127.00000	   0.01300	[mu,kappa]: [(40.59503,87.03196),103.21397]
	4124.00000	   0.01299	[mu,kappa]: [(40.46200,87.16340),120.45737]
	4077.00000	   0.01284	[mu,kappa]: [(40.60094,87.08019),121.50215]
	3985.00000	   0.01255	[mu,kappa]: [(40.33182,87.09625),107.17915]
	4062.00000	   0.01279	[mu,kappa]: [(40.53762,87.09839),117.56440]
	4077.00000	   0.01284	[mu,kappa]: [(40.59582,87.11189),116.71065]
	4102.00000	   0.01292	[mu,kappa]: [(40.50397,87.20518),109.18817]
	4130.00000	   0.01301	[mu,kappa]: [(40.46420,87.06107),116.61069]
	4039.00000	   0.01272	[mu,kappa]: [(40.37208,87.15859),121.89644]
	3981.00000	   0.01254	[mu,kappa]: [(40.68357,86.99119),116.70002]
	4029.00000	   0.01269	[mu,kappa]: [(40.42880,87.16766),131.67948]
	4133.00000	   0.01302	[mu,kappa]: [(40.58994,86.97741),122.50362]
	4089.00000	   0.01288	[mu,kappa]: [(40.39385,87.25055),129.57181]
	4124.00000	   0.01299	[mu,kappa]: [(40.55604,87.03050),124.82842]
	4105.00000	   0.01293	[mu,kappa]: [(40.51968,87.13150),111.67824]
	4086.00000	   0.01287	[mu,kappa]: [(40.43421,87.24243),142.75711]
	4088.00000	   0.01287	[mu,kappa]: [(40.50761,87.24144),135.50047]
	3997.00000	   0.01259	[mu,kappa]: [(40.58467,87.07987),109.63459]
	4068.00000	   0.01281	[mu,kappa]: [(40.39137,87.16954),114.44458]
	4073.00000	   0.01283	[mu,kappa]: [(40.64628,87.10214),113.87899]
	4038.00000	   0.01272	[mu,kappa]: [(40.41850,87.10217),117.56000]
	3988.00000	   0.01256	[mu,kappa]: [(40.55055,87.02847),121.26805]
	4000.00000	   0.01260	[mu,kappa]: [(40.55976,87.05509),118.02901]
	4078.00000	   0.01284	[mu,kappa]: [(40.57129,87.00351),109.77969]
	4006.00000	   0.01262	[mu,kappa]: [(40.42562,87.09831),109.61311]
	4078.00000	   0.01284	[mu,kappa]: [(40.48855,87.13925),117.22159]
	4188.00000	   0.01319	[mu,kappa]: [(40.55026,86.99550),115.92881]
	4072.00000	   0.01282	[mu,kappa]: [(40.63465,87.04568),126.06660]
	3982.00000	   0.01254	[mu,kappa]: [(40.57121,87.07721),98.61404]
	4061.00000	   0.01279	[mu,kappa]: [(40.23082,87.19923),118.51194]
	4093.00000	   0.01289	[mu,kappa]: [(40.42020,87.21029),104.82455]
	4137.00000	   0.01303	[mu,kappa]: [(40.51951,87.02976),103.38485]
	3975.00000	   0.01252	[mu,kappa]: [(40.35244,87.07719),117.25960]
	4094.00000	   0.01289	[mu,kappa]: [(40.50402,87.15122),130.88100]
	4133.00000	   0.01302	[mu,kappa]: [(40.40487,87.17804),117.21106]
	4082.00000	   0.01285	[mu,kappa]: [(40.40452,87.09995),118.21199]
	3964.00000	   0.01248	[mu,kappa]: [(40.42746,87.16732),126.72104]
	4085.00000	   0.01286	[mu,kappa]: [(40.28843,87.21612),128.95385]
	3991.00000	   0.01257	[mu,kappa]: [(40.58117,87.01405),131.76573]
	4046.00000	   0.01274	[mu,kappa]: [(40.45723,86.99176),123.46824]
	4018.00000	   0.01265	[mu,kappa]: [(40.55449,87.10941),114.26709]
	4132.00000	   0.01301	[mu,kappa]: [(40.51498,86.99705),112.69930]
	4142.00000	   0.01304	[mu,kappa]: [(40.57063,86.97779),119.40304]
	4105.00000	   0.01293	[mu,kappa]: [(40.59493,87.08017),126.44818]
	4044.00000	   0.01273	[mu,kappa]: [(40.43641,87.13399),115.66876]
	4036.00000	   0.01271	[mu,kappa]: [(40.50360,87.14506),114.71289]
	4049.00000	   0.01275	[mu,kappa]: [(40.51015,87.06392),122.85311]
	4011.00000	   0.01263	[mu,kappa]: [(40.43015,87.07633),108.99720]
	4005.00000	   0.01261	[mu,kappa]: [(40.45791,87.25940),121.18759]
	4106.00000	   0.01293	[mu,kappa]: [(40.42417,87.17687),126.75176]
	4018.00000	   0.01265	[mu,kappa]: [(40.41356,87.04388),115.09837]
	4092.00000	   0.01289	[mu,kappa]: [(40.40047,87.00335),113.43790]
	4068.00000	   0.01281	[mu,kappa]: [(40.47274,87.13234),110.99882]
			msglen: 0.00000 bits.
Iteration #: 1
	3916.16742	   0.01233	[mu,kappa]: [(40.52890,87.01249),116.71950]
	4067.61476	   0.01281	[mu,kappa]: [(40.40287,87.25865),143.29680]
	3965.67263	   0.01249	[mu,kappa]: [(40.45253,87.05922),123.90573]
	4054.29517	   0.01277	[mu,kappa]: [(40.35877,87.05767),114.46961]
	4134.92927	   0.01302	[mu,kappa]: [(40.68135,87.10880),140.72716]
	4168.56234	   0.01313	[mu,kappa]: [(40.61794,87.30625),180.88403]
	4087.97327	   0.01287	[mu,kappa]: [(40.39307,87.17446),131.73762]
	3955.79035	   0.01246	[mu,kappa]: [(40.42252,87.21194),143.80414]
	4123.35652	   0.01298	[mu,kappa]: [(40.57749,87.26074),169.51355]
	4077.69885	   0.01284	[mu,kappa]: [(40.52410,87.27253),172.73553]
	4047.06535	   0.01274	[mu,kappa]: [(40.53172,86.98514),117.76636]
	4092.14168	   0.01289	[mu,kappa]: [(40.36851,87.38500),174.53878]
	4112.31932	   0.01295	[mu,kappa]: [(40.69223,87.15927),158.37586]
	3914.29288	   0.01233	[mu,kappa]: [(40.43394,87.12841),125.50202]
	4176.73504	   0.01315	[mu,kappa]: [(40.52831,87.29504),170.39452]
	3926.68996	   0.01237	[mu,kappa]: [(40.75056,86.82049),98.63354]
	4042.97279	   0.01273	[mu,kappa]: [(40.50780,87.16171),141.90023]
	4106.83480	   0.01293	[mu,kappa]: [(40.31971,87.25939),141.62967]
	4065.33184	   0.01280	[mu,kappa]: [(40.09361,87.03128),94.78107]
	4107.36776	   0.01293	[mu,kappa]: [(40.65624,87.01185),119.59053]
	4135.65781	   0.01302	[mu,kappa]: [(40.38301,87.32239),168.00539]
	4018.79650	   0.01266	[mu,kappa]: [(40.50605,87.10933),126.68026]
	4025.97969	   0.01268	[mu,kappa]: [(40.32641,86.78867),86.17715]
	4150.60958	   0.01307	[mu,kappa]: [(40.49211,86.15119),50.02904]
	4081.53966	   0.01285	[mu,kappa]: [(40.53042,87.33636),183.34742]
	4140.97994	   0.01304	[mu,kappa]: [(40.50738,86.34663),59.01954]
	4123.58629	   0.01299	[mu,kappa]: [(40.47832,87.28900),163.93185]
	4085.93423	   0.01287	[mu,kappa]: [(40.63911,87.22626),166.86450]
	3935.86889	   0.01239	[mu,kappa]: [(40.18964,86.88392),88.94935]
	4037.46259	   0.01271	[mu,kappa]: [(40.58606,87.18138),150.90716]
	4046.57031	   0.01274	[mu,kappa]: [(40.65778,87.14336),146.89488]
	4040.69394	   0.01272	[mu,kappa]: [(40.52507,86.96341),105.89345]
	4097.20750	   0.01290	[mu,kappa]: [(40.50851,87.17548),146.46742]
	4051.58245	   0.01276	[mu,kappa]: [(40.37775,87.34236),169.79462]
	3951.85621	   0.01244	[mu,kappa]: [(40.78478,87.06186),145.40953]
	4142.99680	   0.01305	[mu,kappa]: [(40.41833,87.43748),203.03288]
	4150.09579	   0.01307	[mu,kappa]: [(40.63743,87.21061),170.00248]
	4182.66347	   0.01317	[mu,kappa]: [(40.37677,87.45652),197.11792]
	4164.45866	   0.01311	[mu,kappa]: [(40.58241,87.27540),179.09980]
	4046.93974	   0.01274	[mu,kappa]: [(40.57632,87.03338),121.09540]
	4331.58035	   0.01364	[mu,kappa]: [(40.40266,87.53593),234.33935]
	4248.21439	   0.01338	[mu,kappa]: [(40.47762,87.46849),214.48437]
	3939.01181	   0.01240	[mu,kappa]: [(40.68105,86.89488),108.12833]
	4021.92380	   0.01267	[mu,kappa]: [(40.40110,87.19044),136.58714]
	4025.73837	   0.01268	[mu,kappa]: [(40.74355,87.04059),132.76588]
	4012.96195	   0.01264	[mu,kappa]: [(40.44529,87.22916),151.21074]
	3993.82066	   0.01258	[mu,kappa]: [(40.59329,87.22278),165.82889]
	3979.26974	   0.01253	[mu,kappa]: [(40.61673,87.16700),152.54802]
	4019.25022	   0.01266	[mu,kappa]: [(40.67645,86.87680),108.45258]
	3946.70971	   0.01243	[mu,kappa]: [(40.42787,86.97653),107.54011]
	4050.66149	   0.01276	[mu,kappa]: [(40.52281,87.20800),149.81717]
	4150.29090	   0.01307	[mu,kappa]: [(40.62738,87.09966),142.50924]
	4124.96829	   0.01299	[mu,kappa]: [(40.65561,87.26966),183.07771]
	4445.08665	   0.01400	[mu,kappa]: [(39.65103,84.54872),11.84836]
	4044.11807	   0.01274	[mu,kappa]: [(40.21242,87.35172),156.05062]
	4067.34789	   0.01281	[mu,kappa]: [(40.18241,86.70774),71.72397]
	4147.40424	   0.01306	[mu,kappa]: [(40.31972,86.40917),59.62575]
	3947.71397	   0.01243	[mu,kappa]: [(40.37133,87.23925),149.69199]
	4200.47899	   0.01323	[mu,kappa]: [(40.49455,87.40138),200.20053]
	4105.09274	   0.01293	[mu,kappa]: [(40.41747,87.25420),150.18431]
	4061.73442	   0.01279	[mu,kappa]: [(40.42828,87.24698),154.12545]
	4023.66187	   0.01267	[mu,kappa]: [(40.42578,87.38875),187.14149]
	4171.46267	   0.01314	[mu,kappa]: [(40.27819,87.47242),195.10753]
	4101.60272	   0.01292	[mu,kappa]: [(40.58470,87.33957),201.60209]
	4071.30747	   0.01282	[mu,kappa]: [(40.48942,87.27786),174.33975]
	3972.35134	   0.01251	[mu,kappa]: [(40.62097,87.09511),135.13296]
	4077.21871	   0.01284	[mu,kappa]: [(40.59460,87.01956),125.91198]
	4131.11930	   0.01301	[mu,kappa]: [(40.63391,87.16305),157.79401]
	4162.74686	   0.01311	[mu,kappa]: [(40.60842,87.29996),184.87698]
	4005.73609	   0.01261	[mu,kappa]: [(40.46424,87.19072),142.53098]
	3992.24650	   0.01257	[mu,kappa]: [(40.54806,87.14257),137.78197]
	4069.82580	   0.01282	[mu,kappa]: [(40.53727,87.27508),172.35851]
	3952.61695	   0.01245	[mu,kappa]: [(40.42872,86.93531),103.19858]
	4011.77822	   0.01263	[mu,kappa]: [(40.45730,87.33574),167.53178]
	4168.24940	   0.01313	[mu,kappa]: [(40.42109,87.39337),187.32254]
	3975.89165	   0.01252	[mu,kappa]: [(40.45125,87.15233),139.03071]
	4039.92907	   0.01272	[mu,kappa]: [(40.43925,87.09550),129.97592]
	4008.58472	   0.01262	[mu,kappa]: [(40.50676,87.02863),116.92505]
			msglen: 5323913.87308 bits.
Iteration #: 2
	3630.04146	   0.01143	[mu,kappa]: [(40.54787,87.14847),152.43471]
	3991.02323	   0.01257	[mu,kappa]: [(40.34223,87.48756),206.24938]
	3730.97499	   0.01175	[mu,kappa]: [(40.43877,87.26581),167.08142]
	3741.38488	   0.01178	[mu,kappa]: [(40.34804,87.20636),148.47312]
	4030.38629	   0.01269	[mu,kappa]: [(40.65257,87.32792),199.87108]
	4411.87625	   0.01389	[mu,kappa]: [(40.54234,87.57752),276.04807]
	3912.02384	   0.01232	[mu,kappa]: [(40.34839,87.39047),183.22373]
	3884.50987	   0.01223	[mu,kappa]: [(40.36846,87.46720),206.98002]
	4268.22103	   0.01344	[mu,kappa]: [(40.51037,87.54097),255.38062]
	4248.94873	   0.01338	[mu,kappa]: [(40.45743,87.56997),261.43995]
	3759.05106	   0.01184	[mu,kappa]: [(40.55272,87.14870),154.40107]
	4284.59999	   0.01349	[mu,kappa]: [(40.29614,87.65911),265.55066]
	4158.70342	   0.01310	[mu,kappa]: [(40.63914,87.43089),233.85862]
	3695.83413	   0.01164	[mu,kappa]: [(40.40551,87.31150),170.58106]
	4332.66431	   0.01364	[mu,kappa]: [(40.45892,87.57013),257.29139]
	3525.18570	   0.01110	[mu,kappa]: [(40.94831,86.70747),115.87212]
	3952.49534	   0.01245	[mu,kappa]: [(40.46406,87.41123),202.87582]
	4016.10979	   0.01265	[mu,kappa]: [(40.25650,87.50579),203.13106]
	3621.83060	   0.01141	[mu,kappa]: [(40.06361,87.01613),110.22328]
	3829.80801	   0.01206	[mu,kappa]: [(40.68551,87.13010),157.82018]
	4272.61961	   0.01345	[mu,kappa]: [(40.31554,87.61442),253.30724]
	3803.45242	   0.01198	[mu,kappa]: [(40.48610,87.28845),172.69318]
	3551.61525	   0.01118	[mu,kappa]: [(40.47977,86.61005),93.41434]
	3899.77945	   0.01228	[mu,kappa]: [(41.80357,84.32697),40.04627]
	4342.42415	   0.01367	[mu,kappa]: [(40.45651,87.61843),278.00000]
	3740.28355	   0.01178	[mu,kappa]: [(41.40822,85.09840),50.57655]
	4223.16741	   0.01330	[mu,kappa]: [(40.41152,87.56202),245.46511]
	4205.55073	   0.01324	[mu,kappa]: [(40.57466,87.50216),250.16376]
	3480.13386	   0.01096	[mu,kappa]: [(40.24658,86.78751),98.83181]
	4022.21327	   0.01267	[mu,kappa]: [(40.53538,87.43928),220.14367]
	3996.35272	   0.01258	[mu,kappa]: [(40.61625,87.38304),212.05420]
	3668.17460	   0.01155	[mu,kappa]: [(40.58973,86.99058),130.86829]
	4044.55916	   0.01274	[mu,kappa]: [(40.46016,87.44022),211.78616]
	4201.33627	   0.01323	[mu,kappa]: [(40.30857,87.62829),256.69240]
	3888.57992	   0.01225	[mu,kappa]: [(40.75897,87.30408),208.34409]
	4574.11312	   0.01440	[mu,kappa]: [(40.34556,87.72252),278.00000]
	4297.81995	   0.01353	[mu,kappa]: [(40.57393,87.50701),255.83928]
	4571.14322	   0.01439	[mu,kappa]: [(40.30344,87.73052),278.00000]
	4392.29448	   0.01383	[mu,kappa]: [(40.51238,87.57166),272.78617]
	3785.02650	   0.01192	[mu,kappa]: [(40.58722,87.18393),161.10743]
	5039.22805	   0.01587	[mu,kappa]: [(40.33096,87.80193),278.00000]
	4782.84070	   0.01506	[mu,kappa]: [(40.39960,87.73554),278.00000]
	3591.81909	   0.01131	[mu,kappa]: [(40.78227,86.93181),134.64537]
	3889.04786	   0.01225	[mu,kappa]: [(40.35191,87.42547),192.83540]
	3857.84524	   0.01215	[mu,kappa]: [(40.74233,87.22726),183.75243]
	4002.72862	   0.01260	[mu,kappa]: [(40.38752,87.50165),221.27633]
	4102.78228	   0.01292	[mu,kappa]: [(40.53097,87.51084),248.36159]
	3977.20115	   0.01252	[mu,kappa]: [(40.56698,87.43202),223.11269]
	3667.04779	   0.01155	[mu,kappa]: [(40.77821,86.93167),135.22691]
	3593.17717	   0.01132	[mu,kappa]: [(40.46184,87.06074),134.33395]
	4027.33140	   0.01268	[mu,kappa]: [(40.46877,87.46361),218.34836]
	4060.66199	   0.01279	[mu,kappa]: [(40.59560,87.35303),203.45372]
	4382.16124	   0.01380	[mu,kappa]: [(40.58180,87.55912),278.00000]
	6954.12651	   0.02190	[mu,kappa]: [(40.19364,76.78695),7.53009]
	4080.37930	   0.01285	[mu,kappa]: [(40.14073,87.63535),231.31475]
	3573.83962	   0.01125	[mu,kappa]: [(40.43401,86.15587),69.06348]
	3727.51047	   0.01174	[mu,kappa]: [(41.01687,85.29099),51.40106]
	3926.12901	   0.01236	[mu,kappa]: [(40.31188,87.52147),218.53983]
	4611.66943	   0.01452	[mu,kappa]: [(40.41868,87.68497),278.00000]
	4086.64915	   0.01287	[mu,kappa]: [(40.35650,87.51468),219.48662]
	4076.64609	   0.01284	[mu,kappa]: [(40.36786,87.52561),226.94315]
	4314.84580	   0.01359	[mu,kappa]: [(40.35325,87.67408),278.00000]
	4544.78573	   0.01431	[mu,kappa]: [(40.20983,87.75851),278.00000]
	4510.26113	   0.01420	[mu,kappa]: [(40.50839,87.64111),278.00000]
	4256.28297	   0.01340	[mu,kappa]: [(40.42369,87.58612),264.44593]
	3826.61374	   0.01205	[mu,kappa]: [(40.59922,87.30701),189.04007]
	3851.37916	   0.01213	[mu,kappa]: [(40.59856,87.21696),170.56453]
	4173.47099	   0.01314	[mu,kappa]: [(40.58137,87.44765),232.96802]
	4439.03912	   0.01398	[mu,kappa]: [(40.53390,87.58737),278.00000]
	3922.19222	   0.01235	[mu,kappa]: [(40.41477,87.43934),204.33120]
	3868.42739	   0.01218	[mu,kappa]: [(40.51221,87.36647),194.65123]
	4237.48494	   0.01334	[mu,kappa]: [(40.46976,87.56609),260.73959]
	3570.41052	   0.01124	[mu,kappa]: [(40.48654,86.97917),125.68869]
	4139.95716	   0.01304	[mu,kappa]: [(40.38567,87.59647),252.39026]
	4471.61515	   0.01408	[mu,kappa]: [(40.34841,87.67739),278.00000]
	3863.58663	   0.01217	[mu,kappa]: [(40.40842,87.40990),197.35494]
	3850.20225	   0.01212	[mu,kappa]: [(40.41102,87.33317),179.30781]
	3717.31034	   0.01171	[mu,kappa]: [(40.51914,87.16530),152.95843]
			msglen: 5284190.96253 bits.
Iteration #: 3
	3434.45506	   0.01082	[mu,kappa]: [(40.52838,87.17241),160.21495]
	3899.77300	   0.01228	[mu,kappa]: [(40.23406,87.62780),242.06821]
	3552.90373	   0.01119	[mu,kappa]: [(40.36268,87.35409),182.15378]
	3538.04645	   0.01114	[mu,kappa]: [(40.22546,87.26523),154.63430]
	3914.23100	   0.01233	[mu,kappa]: [(40.64451,87.42303),231.67583]
	4538.33673	   0.01429	[mu,kappa]: [(40.48999,87.72086),278.00000]
	3762.24022	   0.01185	[mu,kappa]: [(40.23542,87.51356),206.81316]
	3796.76431	   0.01196	[mu,kappa]: [(40.27034,87.61082),243.08603]
	4323.27533	   0.01361	[mu,kappa]: [(40.45321,87.68743),278.00000]
	4325.12086	   0.01362	[mu,kappa]: [(40.39074,87.72568),278.00000]
	3558.82778	   0.01121	[mu,kappa]: [(40.53590,87.18248),163.08125]
	4381.64413	   0.01380	[mu,kappa]: [(40.19756,87.82192),278.00000]
	4141.13660	   0.01304	[mu,kappa]: [(40.61431,87.55874),278.00000]
	3526.60741	   0.01111	[mu,kappa]: [(40.31241,87.40488),187.53102]
	4396.57875	   0.01384	[mu,kappa]: [(40.39093,87.71983),278.00000]
	3351.75396	   0.01056	[mu,kappa]: [(41.27306,86.41862),108.92173]
	3849.27608	   0.01212	[mu,kappa]: [(40.39550,87.53976),236.63314]
	3918.38289	   0.01234	[mu,kappa]: [(40.12107,87.65954),237.38869]
	3453.35582	   0.01088	[mu,kappa]: [(39.72641,86.98239),102.10490]
	3630.64754	   0.01143	[mu,kappa]: [(40.72730,87.13546),168.03243]
	4327.59938	   0.01363	[mu,kappa]: [(40.21828,87.78023),278.00000]
	3632.09960	   0.01144	[mu,kappa]: [(40.42699,87.37024),190.61345]
	3447.57969	   0.01086	[mu,kappa]: [(40.52542,86.28446),81.31037]
	4774.54946	   0.01504	[mu,kappa]: [(44.08337,82.65534),34.37384]
	4476.22823	   0.01410	[mu,kappa]: [(40.38915,87.76801),278.00000]
	4266.92026	   0.01344	[mu,kappa]: [(43.00034,83.67958),41.42526]
	4248.36733	   0.01338	[mu,kappa]: [(40.33223,87.71426),278.00000]
	4241.30954	   0.01336	[mu,kappa]: [(40.53127,87.64122),278.00000]
	3351.90192	   0.01056	[mu,kappa]: [(40.06612,86.60650),87.77889]
	3965.73290	   0.01249	[mu,kappa]: [(40.48630,87.56962),262.84984]
	3915.49080	   0.01233	[mu,kappa]: [(40.59161,87.49593),250.34169]
	3460.75371	   0.01090	[mu,kappa]: [(40.61844,86.91221),129.24307]
	3964.58373	   0.01248	[mu,kappa]: [(40.39091,87.57726),250.24866]
	4266.83875	   0.01344	[mu,kappa]: [(40.21049,87.79320),278.00000]
	3798.89866	   0.01196	[mu,kappa]: [(40.77996,87.39796),244.27197]
	4720.99849	   0.01487	[mu,kappa]: [(40.25196,87.84983),278.00000]
	4352.96695	   0.01371	[mu,kappa]: [(40.53085,87.65219),278.00000]
	4719.73219	   0.01486	[mu,kappa]: [(40.20377,87.86615),278.00000]
	4507.79071	   0.01420	[mu,kappa]: [(40.45627,87.72343),278.00000]
	3592.84128	   0.01131	[mu,kappa]: [(40.57955,87.22240),173.03487]
	5203.21391	   0.01638	[mu,kappa]: [(40.22579,87.89110),278.00000]
	4934.61385	   0.01554	[mu,kappa]: [(40.31088,87.83972),278.00000]
	3390.63478	   0.01068	[mu,kappa]: [(40.92421,86.82334),134.37375]
	3763.81531	   0.01185	[mu,kappa]: [(40.24383,87.55934),221.48038]
	3706.96469	   0.01167	[mu,kappa]: [(40.77858,87.28496),206.92019]
	3953.51588	   0.01245	[mu,kappa]: [(40.29873,87.65192),264.87109]
	4132.88848	   0.01301	[mu,kappa]: [(40.47907,87.65650),278.00000]
	3929.50145	   0.01237	[mu,kappa]: [(40.52634,87.56181),267.27273]
	3461.54371	   0.01090	[mu,kappa]: [(40.91741,86.83061),135.17859]
	3389.47462	   0.01067	[mu,kappa]: [(40.40835,87.03984),134.17680]
	3966.90576	   0.01249	[mu,kappa]: [(40.40120,87.60005),260.27335]
	3953.96658	   0.01245	[mu,kappa]: [(40.56937,87.46631),237.22315]
	4513.10268	   0.01421	[mu,kappa]: [(40.53692,87.70255),278.00000]
	8025.18388	   0.02527	[mu,kappa]: [(39.37811,77.88401),8.35892]
	4071.47739	   0.01282	[mu,kappa]: [(39.99228,87.81488),278.00000]
	3688.70575	   0.01162	[mu,kappa]: [(40.59316,85.49824),56.03382]
	4194.17885	   0.01321	[mu,kappa]: [(42.13992,84.05275),41.51087]
	3872.27780	   0.01219	[mu,kappa]: [(40.20206,87.68161),260.80794]
	4756.40322	   0.01498	[mu,kappa]: [(40.33851,87.81044),278.00000]
	4032.03979	   0.01270	[mu,kappa]: [(40.25803,87.66495),262.22788]
	4044.49696	   0.01274	[mu,kappa]: [(40.27528,87.68072),273.52919]
	4452.11402	   0.01402	[mu,kappa]: [(40.26654,87.82497),278.00000]
	4697.15410	   0.01479	[mu,kappa]: [(40.09538,87.90714),278.00000]
	4648.38698	   0.01464	[mu,kappa]: [(40.44444,87.76305),278.00000]
	4343.53617	   0.01368	[mu,kappa]: [(40.35134,87.74742),278.00000]
	3689.52161	   0.01162	[mu,kappa]: [(40.57896,87.39790),215.24894]
	3672.53024	   0.01157	[mu,kappa]: [(40.59064,87.28100),187.17178]
	4153.88332	   0.01308	[mu,kappa]: [(40.54336,87.58416),278.00000]
	4573.25066	   0.01440	[mu,kappa]: [(40.47972,87.73022),278.00000]
	3824.95683	   0.01205	[mu,kappa]: [(40.33038,87.57455),238.95906]
	3744.93423	   0.01179	[mu,kappa]: [(40.45939,87.47723),223.98943]
	4310.82544	   0.01357	[mu,kappa]: [(40.40508,87.71913),278.00000]
	3371.32131	   0.01062	[mu,kappa]: [(40.45799,86.90918),122.14344]
	4187.90341	   0.01319	[mu,kappa]: [(40.30107,87.74847),278.00000]
	4614.09781	   0.01453	[mu,kappa]: [(40.26071,87.82796),278.00000]
	3749.24829	   0.01181	[mu,kappa]: [(40.32207,87.54428),228.26419]
	3692.11802	   0.01163	[mu,kappa]: [(40.32379,87.44823),200.69881]
	3517.77098	   0.01108	[mu,kappa]: [(40.48427,87.19644),161.02845]
			msglen: 5275932.77727 bits.
Iteration #: 4
	3287.83172	   0.01035	[mu,kappa]: [(40.52345,87.16822),163.94689]
	3863.37575	   0.01217	[mu,kappa]: [(40.14242,87.73369),277.88980]
	3420.92089	   0.01077	[mu,kappa]: [(40.28654,87.41394),193.48855]
	3389.55859	   0.01067	[mu,kappa]: [(40.04320,87.32389),156.41822]
	3851.71006	   0.01213	[mu,kappa]: [(40.68653,87.46995),263.06190]
	4581.77547	   0.01443	[mu,kappa]: [(40.46315,87.74418),278.00000]
	3661.28276	   0.01153	[mu,kappa]: [(40.12188,87.61031),227.83251]
	3762.32009	   0.01185	[mu,kappa]: [(40.19136,87.71444),278.00000]
	4364.86601	   0.01375	[mu,kappa]: [(40.42363,87.73965),278.00000]
	4367.92340	   0.01375	[mu,kappa]: [(40.34366,87.77846),278.00000]
	3408.43893	   0.01073	[mu,kappa]: [(40.53689,87.18291),167.75745]
	4431.14187	   0.01395	[mu,kappa]: [(40.09914,87.88750),278.00000]
	4179.57631	   0.01316	[mu,kappa]: [(40.63383,87.62459),278.00000]
	3402.91527	   0.01072	[mu,kappa]: [(40.21608,87.47613),200.90323]
	4440.02685	   0.01398	[mu,kappa]: [(40.34467,87.77554),278.00000]
	3270.40963	   0.01030	[mu,kappa]: [(41.78463,86.05869),102.07882]
	3798.47010	   0.01196	[mu,kappa]: [(40.35493,87.62513),270.12906]
	3876.19036	   0.01221	[mu,kappa]: [(39.99010,87.78133),271.18468]
	3400.32609	   0.01071	[mu,kappa]: [(38.99203,87.10304),93.52038]
	3482.46429	   0.01097	[mu,kappa]: [(40.82793,87.09867),174.60280]
	4375.30882	   0.01378	[mu,kappa]: [(40.12956,87.86055),278.00000]
	3506.87805	   0.01104	[mu,kappa]: [(40.38434,87.42244),205.23385]
	3453.11053	   0.01087	[mu,kappa]: [(40.39381,86.06430),71.89666]
	5574.23780	   0.01755	[mu,kappa]: [(46.69010,81.72706),36.87396]
	4520.82498	   0.01424	[mu,kappa]: [(40.33607,87.79963),278.00000]
	4816.43407	   0.01517	[mu,kappa]: [(44.93384,82.75883),40.85584]
	4291.41140	   0.01351	[mu,kappa]: [(40.27506,87.79171),278.00000]
	4281.22902	   0.01348	[mu,kappa]: [(40.52331,87.69189),278.00000]
	3335.97445	   0.01051	[mu,kappa]: [(39.54519,86.57494),78.26528]
	3968.94496	   0.01250	[mu,kappa]: [(40.47515,87.65084),278.00000]
	3891.34665	   0.01225	[mu,kappa]: [(40.61212,87.55957),278.00000]
	3319.01192	   0.01045	[mu,kappa]: [(40.65084,86.81783),124.55678]
	3941.28795	   0.01241	[mu,kappa]: [(40.35156,87.66782),278.00000]
	4314.29570	   0.01359	[mu,kappa]: [(40.11848,87.86937),278.00000]
	3765.23729	   0.01186	[mu,kappa]: [(40.86043,87.43548),278.00000]
	4772.44380	   0.01503	[mu,kappa]: [(40.16069,87.88356),278.00000]
	4394.00787	   0.01384	[mu,kappa]: [(40.52131,87.69741),278.00000]
	4773.15245	   0.01503	[mu,kappa]: [(40.10071,87.90698),278.00000]
	4551.34530	   0.01433	[mu,kappa]: [(40.42244,87.75628),278.00000]
	3448.67920	   0.01086	[mu,kappa]: [(40.60470,87.22570),181.19354]
	5261.19406	   0.01657	[mu,kappa]: [(40.12380,87.91200),278.00000]
	4986.21436	   0.01570	[mu,kappa]: [(40.23268,87.85971),278.00000]
	3253.95691	   0.01025	[mu,kappa]: [(41.16011,86.66141),131.34425]
	3688.41948	   0.01162	[mu,kappa]: [(40.14425,87.66072),248.57687]
	3605.92630	   0.01136	[mu,kappa]: [(40.88108,87.29149),228.15795]
	3964.37265	   0.01248	[mu,kappa]: [(40.23596,87.75605),278.00000]
	4172.18583	   0.01314	[mu,kappa]: [(40.45875,87.71618),278.00000]
	3942.17171	   0.01241	[mu,kappa]: [(40.52604,87.64007),278.00000]
	3321.25832	   0.01046	[mu,kappa]: [(41.14877,86.67411),132.32548]
	3247.25063	   0.01023	[mu,kappa]: [(40.30553,87.01750),130.41118]
	3965.44314	   0.01249	[mu,kappa]: [(40.36593,87.69040),278.00000]
	3901.75014	   0.01229	[mu,kappa]: [(40.58593,87.52901),270.93241]
	4555.86285	   0.01435	[mu,kappa]: [(40.52177,87.72014),278.00000]
	7824.62868	   0.02464	[mu,kappa]: [(36.66243,79.05505),8.67770]
	4125.88487	   0.01299	[mu,kappa]: [(39.85324,87.95017),278.00000]
	3895.22548	   0.01227	[mu,kappa]: [(40.44288,85.19126),49.43613]
	4646.70243	   0.01463	[mu,kappa]: [(43.36986,83.34137),39.27085]
	3876.94176	   0.01221	[mu,kappa]: [(40.11085,87.79741),278.00000]
	4805.21973	   0.01513	[mu,kappa]: [(40.26971,87.83659),278.00000]
	4038.29308	   0.01272	[mu,kappa]: [(40.18277,87.77248),278.00000]
	4076.06840	   0.01284	[mu,kappa]: [(40.20867,87.78851),278.00000]
	4500.02071	   0.01417	[mu,kappa]: [(40.18150,87.86679),278.00000]
	4755.71984	   0.01498	[mu,kappa]: [(39.96514,87.96170),278.00000]
	4693.62340	   0.01478	[mu,kappa]: [(40.40294,87.77944),278.00000]
	4387.46493	   0.01382	[mu,kappa]: [(40.29354,87.80175),278.00000]
	3600.34104	   0.01134	[mu,kappa]: [(40.60171,87.44436),239.81455]
	3540.94423	   0.01115	[mu,kappa]: [(40.62191,87.30184),200.54764]
	4192.43825	   0.01320	[mu,kappa]: [(40.54548,87.65996),278.00000]
	4617.16850	   0.01454	[mu,kappa]: [(40.44959,87.75206),278.00000]
	3780.36847	   0.01190	[mu,kappa]: [(40.26905,87.66906),273.44447]
	3670.55580	   0.01156	[mu,kappa]: [(40.43830,87.54707),252.17148]
	4353.19716	   0.01371	[mu,kappa]: [(40.36171,87.77065),278.00000]
	3242.09704	   0.01021	[mu,kappa]: [(40.36987,86.84426),115.86661]
	4231.41528	   0.01332	[mu,kappa]: [(40.23313,87.81844),278.00000]
	4663.94680	   0.01469	[mu,kappa]: [(40.17411,87.87012),278.00000]
	3684.85786	   0.01160	[mu,kappa]: [(40.25441,87.63808),258.21201]
	3581.07075	   0.01128	[mu,kappa]: [(40.24294,87.52957),219.24523]
	3368.11246	   0.01061	[mu,kappa]: [(40.45541,87.20324),164.99226]
			msglen: 5271431.43226 bits.
Iteration #: 5
	3163.40634	   0.00996	[mu,kappa]: [(40.52590,87.16688),167.26607]
	3884.42484	   0.01223	[mu,kappa]: [(40.06741,87.83403),278.00000]
	3315.16598	   0.01044	[mu,kappa]: [(40.20411,87.47971),205.22021]
	3270.61233	   0.01030	[mu,kappa]: [(39.75403,87.42801),157.04897]
	3843.54816	   0.01210	[mu,kappa]: [(40.77337,87.50064),278.00000]
	4602.18329	   0.01449	[mu,kappa]: [(40.46097,87.73368),278.00000]
	3597.71661	   0.01133	[mu,kappa]: [(40.00543,87.71175),251.43217]
	3781.72226	   0.01191	[mu,kappa]: [(40.13054,87.80841),278.00000]
	4384.42658	   0.01381	[mu,kappa]: [(40.41307,87.74441),278.00000]
	4388.20989	   0.01382	[mu,kappa]: [(40.30942,87.79003),278.00000]
	3281.20449	   0.01033	[mu,kappa]: [(40.55143,87.18253),172.14882]
	4458.57102	   0.01404	[mu,kappa]: [(39.99316,87.92468),278.00000]
	4199.93081	   0.01323	[mu,kappa]: [(40.68686,87.61791),278.00000]
	3307.06304	   0.01041	[mu,kappa]: [(40.10974,87.55638),215.01148]
	4460.62138	   0.01405	[mu,kappa]: [(40.31107,87.78824),278.00000]
	3233.25854	   0.01018	[mu,kappa]: [(42.51462,85.65767),99.22301]
	3800.69074	   0.01197	[mu,kappa]: [(40.34066,87.70002),278.00000]
	3890.49161	   0.01225	[mu,kappa]: [(39.86563,87.90109),278.00000]
	3475.80983	   0.01095	[mu,kappa]: [(37.50809,87.54952),88.27867]
	3361.78383	   0.01059	[mu,kappa]: [(40.99726,87.04296),181.76499]
	4401.10025	   0.01386	[mu,kappa]: [(40.03438,87.90131),278.00000]
	3410.44465	   0.01074	[mu,kappa]: [(40.35641,87.47422),221.13365]
	3480.74221	   0.01096	[mu,kappa]: [(39.81876,86.09384),65.92991]
	6331.11576	   0.01994	[mu,kappa]: [(49.48994,80.99527),46.77396]
	4541.93594	   0.01430	[mu,kappa]: [(40.29716,87.80304),278.00000]
	5246.28941	   0.01652	[mu,kappa]: [(47.08273,82.08606),46.42683]
	4312.46594	   0.01358	[mu,kappa]: [(40.22317,87.81920),278.00000]
	4300.57024	   0.01354	[mu,kappa]: [(40.54204,87.68784),278.00000]
	3395.66418	   0.01069	[mu,kappa]: [(38.32629,86.87156),72.33627]
	3986.56854	   0.01255	[mu,kappa]: [(40.48862,87.68316),278.00000]
	3909.81811	   0.01231	[mu,kappa]: [(40.66931,87.59242),278.00000]
	3202.76593	   0.01009	[mu,kappa]: [(40.65148,86.74673),119.96439]
	3958.98439	   0.01247	[mu,kappa]: [(40.33434,87.73233),278.00000]
	4340.18240	   0.01367	[mu,kappa]: [(40.01951,87.90933),278.00000]
	3790.17294	   0.01194	[mu,kappa]: [(40.99040,87.44845),278.00000]
	4799.47100	   0.01511	[mu,kappa]: [(40.06966,87.90242),278.00000]
	4413.82747	   0.01390	[mu,kappa]: [(40.53883,87.69125),278.00000]
	4802.69633	   0.01512	[mu,kappa]: [(39.99245,87.93379),278.00000]
	4571.72764	   0.01440	[mu,kappa]: [(40.40931,87.75308),278.00000]
	3329.53333	   0.01049	[mu,kappa]: [(40.66459,87.22156),189.69060]
	5292.63472	   0.01667	[mu,kappa]: [(40.02026,87.92866),278.00000]
	5011.90657	   0.01578	[mu,kappa]: [(40.16164,87.86689),278.00000]
	3147.70272	   0.00991	[mu,kappa]: [(41.50926,86.46898),129.46052]
	3657.06068	   0.01152	[mu,kappa]: [(40.05317,87.76071),278.00000]
	3547.61076	   0.01117	[mu,kappa]: [(41.05058,87.27607),253.19564]
	3984.35647	   0.01255	[mu,kappa]: [(40.17987,87.81438),278.00000]
	4190.82683	   0.01320	[mu,kappa]: [(40.45945,87.72117),278.00000]
	3959.97972	   0.01247	[mu,kappa]: [(40.55258,87.66104),278.00000]
	3211.77557	   0.01011	[mu,kappa]: [(41.49163,86.48657),130.56954]
	3132.59777	   0.00987	[mu,kappa]: [(40.09094,87.04454),126.06692]
	3983.34203	   0.01254	[mu,kappa]: [(40.34893,87.73886),278.00000]
	3906.24135	   0.01230	[mu,kappa]: [(40.64064,87.57589),278.00000]
	4576.35258	   0.01441	[mu,kappa]: [(40.53623,87.70244),278.00000]
	7166.77509	   0.02257	[mu,kappa]: [(33.09839,79.92668),8.79942]
	4164.04338	   0.01311	[mu,kappa]: [(39.68044,88.03691),278.00000]
	4042.32081	   0.01273	[mu,kappa]: [(39.57762,85.36056),46.83292]
	4883.54857	   0.01538	[mu,kappa]: [(44.55235,82.95141),40.88290]
	3899.91106	   0.01228	[mu,kappa]: [(40.01986,87.87621),278.00000]
	4828.98650	   0.01521	[mu,kappa]: [(40.21043,87.84323),278.00000]
	4059.94355	   0.01279	[mu,kappa]: [(40.11204,87.84009),278.00000]
	4097.43691	   0.01290	[mu,kappa]: [(40.14180,87.83950),278.00000]
	4524.78615	   0.01425	[mu,kappa]: [(40.09761,87.88726),278.00000]
	4792.49241	   0.01509	[mu,kappa]: [(39.81748,88.00558),278.00000]
	4714.73630	   0.01485	[mu,kappa]: [(40.38216,87.77101),278.00000]
	4408.66682	   0.01388	[mu,kappa]: [(40.24454,87.81810),278.00000]
	3552.32339	   0.01119	[mu,kappa]: [(40.66662,87.47719),268.62424]
	3438.75987	   0.01083	[mu,kappa]: [(40.69611,87.31000),215.34010]
	4211.57229	   0.01326	[mu,kappa]: [(40.57367,87.66461),278.00000]
	4637.73940	   0.01460	[mu,kappa]: [(40.44324,87.74206),278.00000]
	3789.77871	   0.01193	[mu,kappa]: [(40.22985,87.75474),278.00000]
	3641.01585	   0.01147	[mu,kappa]: [(40.44754,87.60703),278.00000]
	4373.19335	   0.01377	[mu,kappa]: [(40.33270,87.78020),278.00000]
	3142.79409	   0.00990	[mu,kappa]: [(40.13579,86.84578),109.74124]
	4253.17522	   0.01339	[mu,kappa]: [(40.16785,87.84628),278.00000]
	4689.85620	   0.01477	[mu,kappa]: [(40.08804,87.89135),278.00000]
	3667.34094	   0.01155	[mu,kappa]: [(40.20544,87.72466),278.00000]
	3503.24519	   0.01103	[mu,kappa]: [(40.16681,87.61130),239.86982]
	3241.25194	   0.01021	[mu,kappa]: [(40.42178,87.21757),168.44240]
			msglen: 5266383.31537 bits.
Iteration #: 6
	3039.11934	   0.00957	[mu,kappa]: [(40.54326,87.17575),173.41601]
	3901.55364	   0.01229	[mu,kappa]: [(39.98350,87.89254),278.00000]
	3223.39179	   0.01015	[mu,kappa]: [(40.12136,87.55816),221.16264]
	3162.87490	   0.00996	[mu,kappa]: [(39.31986,87.60103),159.40623]
	3864.41885	   0.01217	[mu,kappa]: [(40.89973,87.49391),278.00000]
	4617.43681	   0.01454	[mu,kappa]: [(40.48383,87.71319),278.00000]
	3570.81515	   0.01124	[mu,kappa]: [(39.89399,87.82151),278.00000]
	3796.71646	   0.01196	[mu,kappa]: [(40.06529,87.85897),278.00000]
	4398.66177	   0.01385	[mu,kappa]: [(40.42333,87.73423),278.00000]
	4402.61606	   0.01386	[mu,kappa]: [(40.28916,87.79102),278.00000]
	3155.94257	   0.00994	[mu,kappa]: [(40.58913,87.18854),179.61003]
	4481.61770	   0.01411	[mu,kappa]: [(39.87903,87.96217),278.00000]
	4218.96068	   0.01329	[mu,kappa]: [(40.77744,87.58134),278.00000]
	3229.45557	   0.01017	[mu,kappa]: [(39.99918,87.65092),233.87622]
	4475.24424	   0.01409	[mu,kappa]: [(40.29144,87.78958),278.00000]
	3194.70713	   0.01006	[mu,kappa]: [(43.48308,85.24799),104.51725]
	3812.90796	   0.01201	[mu,kappa]: [(40.34008,87.73569),278.00000]
	3915.85649	   0.01233	[mu,kappa]: [(39.72352,87.99254),278.00000]
	3811.84366	   0.01200	[mu,kappa]: [(35.03677,88.45985),93.41820]
	3254.50339	   0.01025	[mu,kappa]: [(41.25350,86.97149),193.61092]
	4422.06935	   0.01393	[mu,kappa]: [(39.93338,87.93696),278.00000]
	3334.67705	   0.01050	[mu,kappa]: [(40.35079,87.53014),242.64907]
	3460.18309	   0.01090	[mu,kappa]: [(38.54923,86.48111),64.14826]
	7336.88500	   0.02310	[mu,kappa]: [(51.95424,80.37026),69.46482]
	4556.93517	   0.01435	[mu,kappa]: [(40.27224,87.80155),278.00000]
	5575.27320	   0.01756	[mu,kappa]: [(49.27632,81.53090),61.47753]
	4327.68856	   0.01363	[mu,kappa]: [(40.17855,87.83390),278.00000]
	4316.05914	   0.01359	[mu,kappa]: [(40.58992,87.66371),278.00000]
	3562.80328	   0.01122	[mu,kappa]: [(36.10999,87.64490),73.50056]
	4000.21385	   0.01260	[mu,kappa]: [(40.52484,87.67879),278.00000]
	3927.14114	   0.01237	[mu,kappa]: [(40.75946,87.57417),278.00000]
	3068.70495	   0.00966	[mu,kappa]: [(40.59940,86.72186),118.02175]
	3971.82709	   0.01251	[mu,kappa]: [(40.32785,87.75396),278.00000]
	4361.47791	   0.01373	[mu,kappa]: [(39.91383,87.94585),278.00000]
	3821.74896	   0.01204	[mu,kappa]: [(41.17214,87.39716),278.00000]
	4820.90787	   0.01518	[mu,kappa]: [(39.97701,87.92589),278.00000]
	4429.64109	   0.01395	[mu,kappa]: [(40.58550,87.66647),278.00000]
	4827.57059	   0.01520	[mu,kappa]: [(39.87690,87.96694),278.00000]
	4586.51954	   0.01444	[mu,kappa]: [(40.41750,87.73981),278.00000]
	3220.26507	   0.01014	[mu,kappa]: [(40.77186,87.21446),202.35706]
	5318.57003	   0.01675	[mu,kappa]: [(39.91215,87.95522),278.00000]
	5031.06729	   0.01584	[mu,kappa]: [(40.09587,87.87792),278.00000]
	3040.91365	   0.00958	[mu,kappa]: [(42.00433,86.25458),132.58323]
	3672.82796	   0.01157	[mu,kappa]: [(39.97572,87.86063),278.00000]
	3539.84675	   0.01115	[mu,kappa]: [(41.28205,87.24732),278.00000]
	3999.16619	   0.01259	[mu,kappa]: [(40.12561,87.84572),278.00000]
	4204.78111	   0.01324	[mu,kappa]: [(40.48368,87.70741),278.00000]
	3974.53488	   0.01252	[mu,kappa]: [(40.60659,87.64679),278.00000]
	3102.05551	   0.00977	[mu,kappa]: [(41.97863,86.27666),133.77210]
	3012.99563	   0.00949	[mu,kappa]: [(39.70684,87.15486),123.68661]
	3996.25119	   0.01258	[mu,kappa]: [(40.34496,87.75245),278.00000]
	3922.73506	   0.01235	[mu,kappa]: [(40.72656,87.57516),278.00000]
	4592.63425	   0.01446	[mu,kappa]: [(40.58076,87.67294),278.00000]
	6256.21780	   0.01970	[mu,kappa]: [(29.65359,80.28951),8.74636]
	4204.30821	   0.01324	[mu,kappa]: [(39.47429,88.12125),278.00000]
	4066.18103	   0.01280	[mu,kappa]: [(37.71871,86.05193),48.08757]
	4785.68332	   0.01507	[mu,kappa]: [(45.74218,82.70974),46.10538]
	3918.88272	   0.01234	[mu,kappa]: [(39.91875,87.92924),278.00000]
	4846.26557	   0.01526	[mu,kappa]: [(40.15950,87.85008),278.00000]
	4076.65369	   0.01284	[mu,kappa]: [(40.03805,87.88087),278.00000]
	4113.56617	   0.01295	[mu,kappa]: [(40.07503,87.87078),278.00000]
	4544.02384	   0.01431	[mu,kappa]: [(40.01375,87.90914),278.00000]
	4827.93707	   0.01520	[mu,kappa]: [(39.64950,88.06037),278.00000]
	4729.89408	   0.01489	[mu,kappa]: [(40.38155,87.75768),278.00000]
	4423.88058	   0.01393	[mu,kappa]: [(40.20513,87.82633),278.00000]
	3552.15482	   0.01119	[mu,kappa]: [(40.77197,87.50341),278.00000]
	3358.53997	   0.01058	[mu,kappa]: [(40.82223,87.31114),235.99792]
	4227.43298	   0.01331	[mu,kappa]: [(40.63202,87.64171),278.00000]
	4652.93873	   0.01465	[mu,kappa]: [(40.46083,87.72319),278.00000]
	3802.87625	   0.01198	[mu,kappa]: [(40.19560,87.79948),278.00000]
	3652.84650	   0.01150	[mu,kappa]: [(40.48470,87.65393),278.00000]
	4387.40723	   0.01382	[mu,kappa]: [(40.31925,87.77847),278.00000]
	3032.36841	   0.00955	[mu,kappa]: [(39.66867,86.96182),106.08280]
	4269.32204	   0.01344	[mu,kappa]: [(40.10637,87.86560),278.00000]
	4710.11699	   0.01483	[mu,kappa]: [(40.00132,87.91432),278.00000]
	3680.07861	   0.01159	[mu,kappa]: [(40.16949,87.79244),278.00000]
	3454.92327	   0.01088	[mu,kappa]: [(40.10272,87.69883),267.31949]
	3114.88457	   0.00981	[mu,kappa]: [(40.38730,87.24766),174.55590]
			msglen: 5258111.07366 bits.
Iteration #: 7
	2899.94265	   0.00913	[mu,kappa]: [(40.61444,87.18845),186.36947]
	3910.72584	   0.01232	[mu,kappa]: [(39.90157,87.93540),278.00000]
	3140.84790	   0.00989	[mu,kappa]: [(40.06430,87.64305),245.66582]
	3048.76173	   0.00960	[mu,kappa]: [(38.77486,87.83904),167.79948]
	3887.78748	   0.01224	[mu,kappa]: [(41.07189,87.44272),278.00000]
	4625.34874	   0.01457	[mu,kappa]: [(40.53786,87.68525),278.00000]
	3580.96019	   0.01128	[mu,kappa]: [(39.80071,87.92866),278.00000]
	3803.63767	   0.01198	[mu,kappa]: [(40.00650,87.89230),278.00000]
	4405.10984	   0.01387	[mu,kappa]: [(40.46130,87.71510),278.00000]
	4407.99759	   0.01388	[mu,kappa]: [(40.28985,87.78648),278.00000]
	3019.72504	   0.00951	[mu,kappa]: [(40.68608,87.19518),194.18745]
	4496.44523	   0.01416	[mu,kappa]: [(39.76382,88.00384),278.00000]
	4236.98979	   0.01334	[mu,kappa]: [(40.91220,87.52564),278.00000]
	3167.83754	   0.00998	[mu,kappa]: [(39.90891,87.75288),262.04055]
	4480.70822	   0.01411	[mu,kappa]: [(40.29283,87.78503),278.00000]
	3149.15362	   0.00992	[mu,kappa]: [(44.60222,84.90443),125.07956]
	3817.79256	   0.01202	[mu,kappa]: [(40.35948,87.74238),278.00000]
	3936.10347	   0.01240	[mu,kappa]: [(39.56809,88.06917),278.00000]
	4687.22098	   0.01476	[mu,kappa]: [(32.27357,89.63133),123.15349]
	3162.67619	   0.00996	[mu,kappa]: [(41.61382,86.88495),214.90355]
	4434.37130	   0.01396	[mu,kappa]: [(39.83405,87.97374),278.00000]
	3281.36427	   0.01033	[mu,kappa]: [(40.38405,87.58577),274.42113]
	3338.05874	   0.01051	[mu,kappa]: [(36.72790,87.18473),69.21066]
	8732.21598	   0.02750	[mu,kappa]: [(53.12904,80.03805),99.11809]
	4562.49261	   0.01437	[mu,kappa]: [(40.26775,87.79717),278.00000]
	5934.08285	   0.01869	[mu,kappa]: [(50.78795,81.23020),89.99659]
	4333.59129	   0.01365	[mu,kappa]: [(40.14875,87.84340),278.00000]
	4326.40412	   0.01362	[mu,kappa]: [(40.67361,87.62660),278.00000]
	3930.84116	   0.01238	[mu,kappa]: [(33.35404,88.76807),89.82012]
	4008.10623	   0.01262	[mu,kappa]: [(40.59242,87.65486),278.00000]
	3943.21184	   0.01242	[mu,kappa]: [(40.89140,87.52766),278.00000]
	2872.81565	   0.00905	[mu,kappa]: [(40.55389,86.74116),122.13854]
	3976.83592	   0.01252	[mu,kappa]: [(40.34210,87.75548),278.00000]
	4374.40661	   0.01378	[mu,kappa]: [(39.80882,87.98448),278.00000]
	3864.13260	   0.01217	[mu,kappa]: [(41.41283,87.30829),278.00000]
	4832.54752	   0.01522	[mu,kappa]: [(39.88918,87.95417),278.00000]
	4440.09125	   0.01398	[mu,kappa]: [(40.66787,87.62939),278.00000]
	4843.63711	   0.01525	[mu,kappa]: [(39.76058,88.00691),278.00000]
	4593.12019	   0.01446	[mu,kappa]: [(40.45344,87.71977),278.00000]
	3117.24586	   0.00982	[mu,kappa]: [(40.95023,87.20068),223.54042]
	5334.36937	   0.01680	[mu,kappa]: [(39.80552,87.98970),278.00000]
	5039.41892	   0.01587	[mu,kappa]: [(40.04152,87.89197),278.00000]
	2920.84907	   0.00920	[mu,kappa]: [(42.67087,86.03505),146.18252]
	3681.47420	   0.01159	[mu,kappa]: [(39.89620,87.92193),278.00000]
	3589.22217	   0.01130	[mu,kappa]: [(41.56485,87.19707),278.00000]
	4005.33830	   0.01261	[mu,kappa]: [(40.08228,87.86630),278.00000]
	4212.05085	   0.01326	[mu,kappa]: [(40.53846,87.68238),278.00000]
	3984.67244	   0.01255	[mu,kappa]: [(40.69615,87.61276),278.00000]
	2979.49973	   0.00938	[mu,kappa]: [(42.63593,86.06056),147.38460]
	2852.03896	   0.00898	[mu,kappa]: [(39.19477,87.34850),126.95915]
	4001.38183	   0.01260	[mu,kappa]: [(40.36321,87.74926),278.00000]
	3937.37813	   0.01240	[mu,kappa]: [(40.85141,87.53853),278.00000]
	4603.25995	   0.01450	[mu,kappa]: [(40.66123,87.63417),278.00000]
	5102.94537	   0.01607	[mu,kappa]: [(27.32736,79.20306),7.94802]
	4244.80689	   0.01337	[mu,kappa]: [(39.24313,88.21386),278.00000]
	3959.87836	   0.01247	[mu,kappa]: [(35.18598,87.11801),55.85288]
	4340.62837	   0.01367	[mu,kappa]: [(47.00067,82.55204),57.01134]
	3930.28645	   0.01238	[mu,kappa]: [(39.81707,87.97460),278.00000]
	4853.09691	   0.01528	[mu,kappa]: [(40.12325,87.85762),278.00000]
	4084.74403	   0.01286	[mu,kappa]: [(39.97015,87.91202),278.00000]
	4120.87425	   0.01298	[mu,kappa]: [(40.01689,87.89509),278.00000]
	4553.78782	   0.01434	[mu,kappa]: [(39.93655,87.93398),278.00000]
	4858.70700	   0.01530	[mu,kappa]: [(39.46781,88.12689),278.00000]
	4736.18661	   0.01491	[mu,kappa]: [(40.40718,87.74022),278.00000]
	4429.63347	   0.01395	[mu,kappa]: [(40.18232,87.83109),278.00000]
	3567.54231	   0.01123	[mu,kappa]: [(40.91612,87.48773),278.00000]
	3306.04208	   0.01041	[mu,kappa]: [(41.00929,87.30464),267.15892]
	4239.05476	   0.01335	[mu,kappa]: [(40.72772,87.60214),278.00000]
	4660.40312	   0.01468	[mu,kappa]: [(40.50850,87.69761),278.00000]
	3807.91293	   0.01199	[mu,kappa]: [(40.17422,87.82066),278.00000]
	3659.32942	   0.01152	[mu,kappa]: [(40.54689,87.65505),278.00000]
	4392.83845	   0.01383	[mu,kappa]: [(40.32832,87.77056),278.00000]
	2863.42449	   0.00902	[mu,kappa]: [(39.01354,87.19598),108.30739]
	4276.25812	   0.01347	[mu,kappa]: [(40.05604,87.88243),278.00000]
	4720.63225	   0.01487	[mu,kappa]: [(39.92059,87.94056),278.00000]
	3685.13793	   0.01160	[mu,kappa]: [(40.14316,87.82550),278.00000]
	3441.76515	   0.01084	[mu,kappa]: [(40.06634,87.78744),278.00000]
	2972.78412	   0.00936	[mu,kappa]: [(40.39075,87.28659),187.24202]
			msglen: 5247319.51228 bits.
Iteration #: 8
	2752.54540	   0.00867	[mu,kappa]: [(40.78142,87.19058),210.18503]
	3904.82262	   0.01230	[mu,kappa]: [(39.83674,87.96738),278.00000]
	3078.24118	   0.00969	[mu,kappa]: [(40.05551,87.72557),278.00000]
	2912.29125	   0.00917	[mu,kappa]: [(38.26192,88.09862),188.27557]
	3913.97096	   0.01233	[mu,kappa]: [(41.29045,87.36306),278.00000]
	4621.63369	   0.01455	[mu,kappa]: [(40.62775,87.64698),278.00000]
	3577.82168	   0.01127	[mu,kappa]: [(39.71674,87.99493),278.00000]
	3796.01649	   0.01195	[mu,kappa]: [(39.96776,87.91353),278.00000]
	4399.13921	   0.01385	[mu,kappa]: [(40.53291,87.68532),278.00000]
	4398.55440	   0.01385	[mu,kappa]: [(40.31960,87.77357),278.00000]
	2881.91568	   0.00908	[mu,kappa]: [(40.87449,87.19125),219.99255]
	4494.28910	   0.01415	[mu,kappa]: [(39.66315,88.04404),278.00000]
	4253.07149	   0.01339	[mu,kappa]: [(41.09161,87.45310),278.00000]
	3134.66190	   0.00987	[mu,kappa]: [(39.86014,87.85345),278.00000]
	4471.13793	   0.01408	[mu,kappa]: [(40.32334,87.77193),278.00000]
	3208.77741	   0.01010	[mu,kappa]: [(45.62211,84.69842),167.43512]
	3810.63460	   0.01200	[mu,kappa]: [(40.40821,87.73006),278.00000]
	3942.84077	   0.01242	[mu,kappa]: [(39.42027,88.13694),278.00000]
	6286.45985	   0.01980	[mu,kappa]: [(30.54703,90.52283),184.23821]
	3115.75059	   0.00981	[mu,kappa]: [(42.05534,86.79036),249.76405]
	4429.66935	   0.01395	[mu,kappa]: [(39.75107,88.00737),278.00000]
	3269.03926	   0.01029	[mu,kappa]: [(40.45730,87.63820),278.00000]
	3094.32090	   0.00974	[mu,kappa]: [(35.03489,87.87982),82.59645]
	9778.84278	   0.03079	[mu,kappa]: [(53.39852,79.89248),116.26263]
	4552.45115	   0.01434	[mu,kappa]: [(40.29189,87.78572),278.00000]
	6372.98206	   0.02007	[mu,kappa]: [(51.20271,81.25019),122.77849]
	4323.62402	   0.01362	[mu,kappa]: [(40.14397,87.84537),278.00000]
	4328.63790	   0.01363	[mu,kappa]: [(40.79640,87.57617),278.00000]
	4524.69741	   0.01425	[mu,kappa]: [(31.25698,89.74245),127.01431]
	4006.91271	   0.01262	[mu,kappa]: [(40.69645,87.61504),278.00000]
	3956.96018	   0.01246	[mu,kappa]: [(41.06680,87.46033),278.00000]
	2610.12659	   0.00822	[mu,kappa]: [(40.66081,86.75162),135.23188]
	3969.06591	   0.01250	[mu,kappa]: [(40.38583,87.74198),278.00000]
	4370.63353	   0.01376	[mu,kappa]: [(39.71950,88.02050),278.00000]
	3920.89641	   0.01235	[mu,kappa]: [(41.70711,87.19362),278.00000]
	4825.56608	   0.01520	[mu,kappa]: [(39.81955,87.98062),278.00000]
	4442.08510	   0.01399	[mu,kappa]: [(40.78923,87.57933),278.00000]
	4841.43039	   0.01525	[mu,kappa]: [(39.65888,88.04657),278.00000]
	4586.63586	   0.01444	[mu,kappa]: [(40.52296,87.69007),278.00000]
	3038.42005	   0.00957	[mu,kappa]: [(41.20152,87.17815),257.44965]
	5329.82637	   0.01678	[mu,kappa]: [(39.71488,88.02414),278.00000]
	5028.63387	   0.01584	[mu,kappa]: [(40.00968,87.90265),278.00000]
	2834.24378	   0.00893	[mu,kappa]: [(43.45681,85.83227),175.25543]
	3675.99160	   0.01158	[mu,kappa]: [(39.83201,87.96225),278.00000]
	3658.35402	   0.01152	[mu,kappa]: [(41.89833,87.09167),278.00000]
	3996.46922	   0.01259	[mu,kappa]: [(40.06165,87.87724),278.00000]
	4208.74782	   0.01325	[mu,kappa]: [(40.62883,87.64534),278.00000]
	3987.82338	   0.01256	[mu,kappa]: [(40.82489,87.56233),278.00000]
	2890.91984	   0.00910	[mu,kappa]: [(43.41352,85.85954),176.37835]
	2625.23494	   0.00827	[mu,kappa]: [(38.75416,87.55748),139.73223]
	3993.90263	   0.01258	[mu,kappa]: [(40.41178,87.73241),278.00000]
	3948.72576	   0.01243	[mu,kappa]: [(41.01816,87.47784),278.00000]
	4604.95808	   0.01450	[mu,kappa]: [(40.78074,87.58376),278.00000]
	4013.35061	   0.01264	[mu,kappa]: [(26.75581,75.91775),6.48551]
	4275.88250	   0.01346	[mu,kappa]: [(39.01239,88.30918),278.00000]
	3765.37570	   0.01186	[mu,kappa]: [(32.87039,88.06567),71.10771]
	3850.25513	   0.01212	[mu,kappa]: [(48.18579,82.42488),75.07650]
	3926.65697	   0.01237	[mu,kappa]: [(39.73061,88.01301),278.00000]
	4841.96566	   0.01525	[mu,kappa]: [(40.11171,87.86034),278.00000]
	4077.12917	   0.01284	[mu,kappa]: [(39.92177,87.93460),278.00000]
	4112.44676	   0.01295	[mu,kappa]: [(39.97982,87.91176),278.00000]
	4546.00284	   0.01432	[mu,kappa]: [(39.87879,87.95594),278.00000]
	4874.22097	   0.01535	[mu,kappa]: [(39.29280,88.19666),278.00000]
	4728.21085	   0.01489	[mu,kappa]: [(40.46530,87.71448),278.00000]
	4419.42527	   0.01392	[mu,kappa]: [(40.18562,87.82891),278.00000]
	3581.69366	   0.01128	[mu,kappa]: [(41.10113,87.43245),278.00000]
	3305.76987	   0.01041	[mu,kappa]: [(41.24012,87.29371),278.00000]
	4243.95660	   0.01336	[mu,kappa]: [(40.86365,87.54743),278.00000]
	4655.58389	   0.01466	[mu,kappa]: [(40.59127,87.66214),278.00000]
	3799.19698	   0.01196	[mu,kappa]: [(40.17728,87.82611),278.00000]
	3656.87997	   0.01152	[mu,kappa]: [(40.64235,87.62888),278.00000]
	4383.95662	   0.01381	[mu,kappa]: [(40.36749,87.75381),278.00000]
	2606.32155	   0.00821	[mu,kappa]: [(38.43978,87.44934),119.50459]
	4267.01054	   0.01344	[mu,kappa]: [(40.02825,87.89340),278.00000]
	4712.94745	   0.01484	[mu,kappa]: [(39.85887,87.96415),278.00000]
	3676.72725	   0.01158	[mu,kappa]: [(40.13956,87.83803),278.00000]
	3433.98210	   0.01081	[mu,kappa]: [(40.05255,87.84227),278.00000]
	2818.64590	   0.00888	[mu,kappa]: [(40.48199,87.31742),210.67334]
			msglen: 5237077.32801 bits.
Iteration #: 9
	2630.51718	   0.00828	[mu,kappa]: [(40.98986,87.19514),246.74376]
	3885.83532	   0.01224	[mu,kappa]: [(39.77572,87.99601),278.00000]
	3060.20258	   0.00964	[mu,kappa]: [(40.05588,87.80986),278.00000]
	2780.32347	   0.00876	[mu,kappa]: [(37.87614,88.35188),227.30447]
	3937.94065	   0.01240	[mu,kappa]: [(41.51726,87.27348),278.00000]
	4604.78046	   0.01450	[mu,kappa]: [(40.72393,87.60637),278.00000]
	3563.18280	   0.01122	[mu,kappa]: [(39.63454,88.04435),278.00000]
	3775.40301	   0.01189	[mu,kappa]: [(39.93276,87.93110),278.00000]
	4379.85767	   0.01379	[mu,kappa]: [(40.61029,87.65301),278.00000]
	4374.53554	   0.01378	[mu,kappa]: [(40.35431,87.75904),278.00000]
	2776.45425	   0.00874	[mu,kappa]: [(41.09434,87.19208),258.98597]
	4477.91648	   0.01410	[mu,kappa]: [(39.56728,88.08461),278.00000]
	4263.02941	   0.01342	[mu,kappa]: [(41.27931,87.37558),278.00000]
	3118.53827	   0.00982	[mu,kappa]: [(39.81593,87.93126),278.00000]
	4446.76755	   0.01400	[mu,kappa]: [(40.35881,87.75713),278.00000]
	3501.16669	   0.01103	[mu,kappa]: [(46.34677,84.62860),228.92812]
	3791.23681	   0.01194	[mu,kappa]: [(40.46148,87.71146),278.00000]
	3938.80594	   0.01240	[mu,kappa]: [(39.27791,88.20103),278.00000]
	8039.56024	   0.02532	[mu,kappa]: [(30.04078,90.96594),253.64182]
	3148.87352	   0.00992	[mu,kappa]: [(42.48049,86.71355),278.00000]
	4410.47740	   0.01389	[mu,kappa]: [(39.67256,88.04085),278.00000]
	3253.34628	   0.01025	[mu,kappa]: [(40.52897,87.65018),278.00000]
	2768.09128	   0.00872	[mu,kappa]: [(33.87803,88.30411),101.58004]
	10179.22082	   0.03205	[mu,kappa]: [(53.55348,79.71426),118.29888]
	4527.21035	   0.01426	[mu,kappa]: [(40.32096,87.77316),278.00000]
	6732.34293	   0.02120	[mu,kappa]: [(51.02403,81.44284),153.99814]
	4298.85202	   0.01354	[mu,kappa]: [(40.14361,87.84592),278.00000]
	4320.34990	   0.01360	[mu,kappa]: [(40.92617,87.52215),278.00000]
	5115.67654	   0.01611	[mu,kappa]: [(30.29294,90.29636),171.41385]
	3994.95340	   0.01258	[mu,kappa]: [(40.80671,87.57045),278.00000]
	3964.63958	   0.01248	[mu,kappa]: [(41.25005,87.38625),278.00000]
	2340.67103	   0.00737	[mu,kappa]: [(40.92508,86.72426),157.26609]
	3948.43084	   0.01243	[mu,kappa]: [(40.43430,87.72395),278.00000]
	4352.71952	   0.01371	[mu,kappa]: [(39.63475,88.05655),278.00000]
	3984.59943	   0.01255	[mu,kappa]: [(42.01067,87.07100),278.00000]
	4802.48506	   0.01512	[mu,kappa]: [(39.75441,88.00766),278.00000]
	4433.19324	   0.01396	[mu,kappa]: [(40.91756,87.52581),278.00000]
	4823.93911	   0.01519	[mu,kappa]: [(39.56209,88.08711),278.00000]
	4566.19353	   0.01438	[mu,kappa]: [(40.59827,87.65828),278.00000]
	3015.53614	   0.00950	[mu,kappa]: [(41.45251,87.16715),278.00000]
	5308.07182	   0.01671	[mu,kappa]: [(39.62902,88.05971),278.00000]
	5000.58612	   0.01575	[mu,kappa]: [(39.98228,87.91356),278.00000]
	2854.95233	   0.00899	[mu,kappa]: [(44.19659,85.67587),219.34998]
	3658.21556	   0.01152	[mu,kappa]: [(39.77088,87.99475),278.00000]
	3738.97940	   0.01177	[mu,kappa]: [(42.23835,86.96590),278.00000]
	3973.86304	   0.01251	[mu,kappa]: [(40.04509,87.88573),278.00000]
	4193.49153	   0.01321	[mu,kappa]: [(40.72537,87.60521),278.00000]
	3981.60691	   0.01254	[mu,kappa]: [(40.96054,87.50697),278.00000]
	2910.22212	   0.00916	[mu,kappa]: [(44.14790,85.70343),220.32064]
	2367.09497	   0.00745	[mu,kappa]: [(38.49616,87.73122),164.26419]
	3973.60528	   0.01251	[mu,kappa]: [(40.46530,87.71165),278.00000]
	3953.30784	   0.01245	[mu,kappa]: [(41.19228,87.40892),278.00000]
	4595.26298	   0.01447	[mu,kappa]: [(40.90728,87.53050),278.00000]
	3387.07561	   0.01067	[mu,kappa]: [(27.21872,72.34461),5.47313]
	4300.22459	   0.01354	[mu,kappa]: [(38.79235,88.40375),278.00000]
	3537.15846	   0.01114	[mu,kappa]: [(31.08365,88.55974),87.26703]
	3557.57786	   0.01120	[mu,kappa]: [(48.91997,82.37373),98.65820]
	3910.27024	   0.01231	[mu,kappa]: [(39.64839,88.04956),278.00000]
	4814.21636	   0.01516	[mu,kappa]: [(40.10470,87.86279),278.00000]
	4055.63382	   0.01277	[mu,kappa]: [(39.87737,87.95499),278.00000]
	4089.92779	   0.01288	[mu,kappa]: [(39.94685,87.92674),278.00000]
	4522.85192	   0.01424	[mu,kappa]: [(39.82543,87.97816),278.00000]
	4877.91204	   0.01536	[mu,kappa]: [(39.12516,88.26751),278.00000]
	4705.40844	   0.01482	[mu,kappa]: [(40.52902,87.68722),278.00000]
	4394.15500	   0.01384	[mu,kappa]: [(40.19351,87.82561),278.00000]
	3590.90664	   0.01131	[mu,kappa]: [(41.29270,87.36214),278.00000]
	3323.44304	   0.01047	[mu,kappa]: [(41.46827,87.25080),278.00000]
	4239.37305	   0.01335	[mu,kappa]: [(41.00680,87.48835),278.00000]
	4637.18278	   0.01460	[mu,kappa]: [(40.68017,87.62452),278.00000]
	3777.52372	   0.01190	[mu,kappa]: [(40.18424,87.82655),278.00000]
	3644.18119	   0.01148	[mu,kappa]: [(40.74289,87.59288),278.00000]
	4360.76579	   0.01373	[mu,kappa]: [(40.41177,87.73525),278.00000]
	2303.35961	   0.00725	[mu,kappa]: [(38.11635,87.63559),140.85227]
	4243.10242	   0.01336	[mu,kappa]: [(40.00474,87.90353),278.00000]
	4689.39533	   0.01477	[mu,kappa]: [(39.80156,87.98803),278.00000]
	3655.73354	   0.01151	[mu,kappa]: [(40.13941,87.84343),278.00000]
	3414.59083	   0.01075	[mu,kappa]: [(40.03875,87.87047),278.00000]
	2685.91381	   0.00846	[mu,kappa]: [(40.61786,87.35055),247.23146]
			msglen: 5230043.50176 bits.
Iteration #: 10
	2567.49031	   0.00809	[mu,kappa]: [(41.14944,87.23269),278.00000]
	3866.01102	   0.01217	[mu,kappa]: [(39.69284,88.02983),278.00000]
	3039.72210	   0.00957	[mu,kappa]: [(40.02352,87.85890),278.00000]
	2737.76871	   0.00862	[mu,kappa]: [(37.57826,88.61633),278.00000]
	3951.66529	   0.01244	[mu,kappa]: [(41.70980,87.19158),278.00000]
	4577.65799	   0.01442	[mu,kappa]: [(40.78962,87.57494),278.00000]
	3549.21413	   0.01118	[mu,kappa]: [(39.53175,88.09222),278.00000]
	3752.37918	   0.01182	[mu,kappa]: [(39.87368,87.95453),278.00000]
	4351.52122	   0.01370	[mu,kappa]: [(40.65776,87.62951),278.00000]
	4343.45838	   0.01368	[mu,kappa]: [(40.36085,87.75293),278.00000]
	2735.75227	   0.00862	[mu,kappa]: [(41.25980,87.22620),278.00000]
	4463.26965	   0.01405	[mu,kappa]: [(39.45333,88.13075),278.00000]
	4261.73211	   0.01342	[mu,kappa]: [(41.43409,87.30737),278.00000]
	3101.60664	   0.00977	[mu,kappa]: [(39.74431,87.98571),278.00000]
	4415.18249	   0.01390	[mu,kappa]: [(40.36607,87.75074),278.00000]
	4024.81326	   0.01267	[mu,kappa]: [(46.79363,84.64881),278.00000]
	3764.94649	   0.01186	[mu,kappa]: [(40.48546,87.69960),278.00000]
	3939.77636	   0.01241	[mu,kappa]: [(39.12331,88.26681),278.00000]
	9180.25050	   0.02891	[mu,kappa]: [(30.13887,91.14870),278.00000]
	3235.98842	   0.01019	[mu,kappa]: [(42.82928,86.64741),278.00000]
	4391.62639	   0.01383	[mu,kappa]: [(39.57407,88.08033),278.00000]
	3231.47565	   0.01018	[mu,kappa]: [(40.56750,87.64960),278.00000]
	2469.66197	   0.00778	[mu,kappa]: [(33.14579,88.53846),122.10914]
	10198.62419	   0.03211	[mu,kappa]: [(53.91163,79.40016),112.01219]
	4494.97076	   0.01415	[mu,kappa]: [(40.32218,87.76917),278.00000]
	7008.59982	   0.02207	[mu,kappa]: [(50.66200,81.69193),186.62225]
	4269.10197	   0.01344	[mu,kappa]: [(40.11697,87.85423),278.00000]
	4301.45028	   0.01355	[mu,kappa]: [(41.02446,87.47727),278.00000]
	5427.16833	   0.01709	[mu,kappa]: [(30.00119,90.56294),204.44786]
	3973.67426	   0.01251	[mu,kappa]: [(40.88592,87.53419),278.00000]
	3961.87092	   0.01248	[mu,kappa]: [(41.40036,87.32063),278.00000]
	2123.90521	   0.00669	[mu,kappa]: [(41.19735,86.70965),185.96289]
	3920.81467	   0.01235	[mu,kappa]: [(40.45380,87.71335),278.00000]
	4335.61890	   0.01365	[mu,kappa]: [(39.53067,88.09844),278.00000]
	4039.96912	   0.01272	[mu,kappa]: [(42.27721,86.95834),278.00000]
	4778.65958	   0.01505	[mu,kappa]: [(39.66803,88.04149),278.00000]
	4413.44766	   0.01390	[mu,kappa]: [(41.01445,87.48146),278.00000]
	4808.38221	   0.01514	[mu,kappa]: [(39.44734,88.13341),278.00000]
	4536.39661	   0.01429	[mu,kappa]: [(40.64378,87.63546),278.00000]
	3023.52602	   0.00952	[mu,kappa]: [(41.65006,87.15078),278.00000]
	5287.39979	   0.01665	[mu,kappa]: [(39.52402,88.10159),278.00000]
	4968.71347	   0.01565	[mu,kappa]: [(39.93049,87.93227),278.00000]
	3000.55283	   0.00945	[mu,kappa]: [(44.77389,85.58780),275.24389]
	3639.69982	   0.01146	[mu,kappa]: [(39.68762,88.03047),278.00000]
	3813.45518	   0.01201	[mu,kappa]: [(42.53827,86.84540),278.00000]
	3947.59041	   0.01243	[mu,kappa]: [(40.00320,87.90113),278.00000]
	4168.87475	   0.01313	[mu,kappa]: [(40.79136,87.57396),278.00000]
	3965.49158	   0.01249	[mu,kappa]: [(41.06446,87.46022),278.00000]
	3055.25589	   0.00962	[mu,kappa]: [(44.72269,85.61472),276.05543]
	2157.99647	   0.00680	[mu,kappa]: [(38.31396,87.91988),201.44672]
	3946.05686	   0.01243	[mu,kappa]: [(40.48969,87.69869),278.00000]
	3947.53145	   0.01243	[mu,kappa]: [(41.33354,87.34770),278.00000]
	4574.36179	   0.01440	[mu,kappa]: [(41.00247,87.48664),278.00000]
	3137.39580	   0.00988	[mu,kappa]: [(27.09755,70.51509),5.12447]
	4336.65891	   0.01366	[mu,kappa]: [(38.57451,88.49668),278.00000]
	3398.37952	   0.01070	[mu,kappa]: [(29.41992,88.67511),94.37711]
	3417.92021	   0.01076	[mu,kappa]: [(49.17382,82.44266),126.39685]
	3894.45727	   0.01226	[mu,kappa]: [(39.54647,88.09123),278.00000]
	4781.33396	   0.01506	[mu,kappa]: [(40.07189,87.87336),278.00000]
	4032.14233	   0.01270	[mu,kappa]: [(39.80974,87.98162),278.00000]
	4064.64963	   0.01280	[mu,kappa]: [(39.88978,87.94852),278.00000]
	4498.11139	   0.01416	[mu,kappa]: [(39.74974,88.00740),278.00000]
	4890.16139	   0.01540	[mu,kappa]: [(38.94954,88.34084),278.00000]
	4673.49722	   0.01472	[mu,kappa]: [(40.56339,87.66898),278.00000]
	4363.29567	   0.01374	[mu,kappa]: [(40.17464,87.83039),278.00000]
	3590.64599	   0.01131	[mu,kappa]: [(41.45050,87.29673),278.00000]
	3332.66664	   0.01050	[mu,kappa]: [(41.65807,87.19187),278.00000]
	4224.09591	   0.01330	[mu,kappa]: [(41.11810,87.43824),278.00000]
	4608.71723	   0.01451	[mu,kappa]: [(40.73882,87.59605),278.00000]
	3751.12229	   0.01181	[mu,kappa]: [(40.16424,87.83335),278.00000]
	3623.26616	   0.01141	[mu,kappa]: [(40.81227,87.56284),278.00000]
	4330.05097	   0.01364	[mu,kappa]: [(40.42746,87.72524),278.00000]
	2047.60797	   0.00645	[mu,kappa]: [(37.91704,87.81615),172.44990]
	4215.70649	   0.01328	[mu,kappa]: [(39.95649,87.92110),278.00000]
	4664.50196	   0.01469	[mu,kappa]: [(39.72226,88.01884),278.00000]
	3630.53990	   0.01143	[mu,kappa]: [(40.11257,87.85406),278.00000]
	3392.12478	   0.01068	[mu,kappa]: [(39.99785,87.89491),278.00000]
	2613.81902	   0.00823	[mu,kappa]: [(40.71242,87.41590),278.00000]
			msglen: 5225541.84362 bits.
Iteration #: 11
	2553.04518	   0.00804	[mu,kappa]: [(41.25161,87.27970),278.00000]
	3849.33731	   0.01212	[mu,kappa]: [(39.59169,88.06669),278.00000]
	3019.31466	   0.00951	[mu,kappa]: [(39.96506,87.89465),278.00000]
	2827.02552	   0.00890	[mu,kappa]: [(37.33051,88.87039),278.00000]
	3953.08818	   0.01245	[mu,kappa]: [(41.86295,87.12175),278.00000]
	4542.76921	   0.01431	[mu,kappa]: [(40.82460,87.55304),278.00000]
	3539.56115	   0.01115	[mu,kappa]: [(39.41282,88.13926),278.00000]
	3730.73120	   0.01175	[mu,kappa]: [(39.79374,87.98223),278.00000]
	4316.95393	   0.01359	[mu,kappa]: [(40.67570,87.61489),278.00000]
	4308.95116	   0.01357	[mu,kappa]: [(40.34081,87.75441),278.00000]
	2723.02461	   0.00858	[mu,kappa]: [(41.37206,87.24909),278.00000]
	4454.92439	   0.01403	[mu,kappa]: [(39.32515,88.17875),278.00000]
	4248.61558	   0.01338	[mu,kappa]: [(41.55236,87.25097),278.00000]
	3086.83380	   0.00972	[mu,kappa]: [(39.65143,88.03084),278.00000]
	4380.05876	   0.01379	[mu,kappa]: [(40.34670,87.75194),278.00000]
	4648.69969	   0.01464	[mu,kappa]: [(47.05327,84.69763),278.00000]
	3734.63884	   0.01176	[mu,kappa]: [(40.48144,87.69506),278.00000]
	3949.47869	   0.01244	[mu,kappa]: [(38.96073,88.33063),278.00000]
	9764.85550	   0.03075	[mu,kappa]: [(30.40255,91.18713),278.00000]
	3311.41911	   0.01043	[mu,kappa]: [(43.11541,86.56340),278.00000]
	4377.65607	   0.01379	[mu,kappa]: [(39.45930,88.12256),278.00000]
	3205.59584	   0.01009	[mu,kappa]: [(40.57566,87.64807),278.00000]
	2233.79283	   0.00704	[mu,kappa]: [(32.75815,88.75715),146.91468]
	10008.14865	   0.03151	[mu,kappa]: [(54.45526,78.98847),104.59565]
	4459.57648	   0.01404	[mu,kappa]: [(40.29723,87.77265),278.00000]
	7285.66002	   0.02294	[mu,kappa]: [(50.31062,81.92171),220.30731]
	4238.39954	   0.01335	[mu,kappa]: [(40.06644,87.86880),278.00000]
	4273.37657	   0.01346	[mu,kappa]: [(41.08993,87.44270),278.00000]
	5498.49830	   0.01731	[mu,kappa]: [(30.01712,90.70434),234.34978]
	3944.91877	   0.01242	[mu,kappa]: [(40.93347,87.50741),278.00000]
	3948.29877	   0.01243	[mu,kappa]: [(41.51440,87.26633),278.00000]
	1970.11163	   0.00620	[mu,kappa]: [(41.41180,86.74634),221.71861]
	3889.28770	   0.01225	[mu,kappa]: [(40.44567,87.71024),278.00000]
	4323.80557	   0.01362	[mu,kappa]: [(39.41104,88.14277),278.00000]
	4080.86661	   0.01285	[mu,kappa]: [(42.49759,86.86105),278.00000]
	4759.02627	   0.01499	[mu,kappa]: [(39.56390,88.07896),278.00000]
	4384.36697	   0.01381	[mu,kappa]: [(41.07862,87.44741),278.00000]
	4799.68591	   0.01511	[mu,kappa]: [(39.31849,88.18162),278.00000]
	4500.23545	   0.01417	[mu,kappa]: [(40.65991,87.62153),278.00000]
	3022.64768	   0.00952	[mu,kappa]: [(41.80273,87.11350),278.00000]
	5273.26427	   0.01661	[mu,kappa]: [(39.40361,88.14606),278.00000]
	4937.97301	   0.01555	[mu,kappa]: [(39.85721,87.95638),278.00000]
	3259.60146	   0.01026	[mu,kappa]: [(45.17536,85.56188),278.00000]
	3624.19614	   0.01141	[mu,kappa]: [(39.58603,88.06833),278.00000]
	3873.80535	   0.01220	[mu,kappa]: [(42.78755,86.73938),278.00000]
	3921.51604	   0.01235	[mu,kappa]: [(39.93879,87.92188),278.00000]
	4137.17031	   0.01303	[mu,kappa]: [(40.82659,87.55209),278.00000]
	3940.64243	   0.01241	[mu,kappa]: [(41.13517,87.42369),278.00000]
	3315.05148	   0.01044	[mu,kappa]: [(45.12355,85.58780),278.00000]
	2040.45910	   0.00643	[mu,kappa]: [(38.12958,88.16886),254.10772]
	3914.26273	   0.01233	[mu,kappa]: [(40.48611,87.69352),278.00000]
	3931.36801	   0.01238	[mu,kappa]: [(41.43909,87.29720),278.00000]
	4543.88250	   0.01431	[mu,kappa]: [(41.06506,87.45314),278.00000]
	2921.93778	   0.00920	[mu,kappa]: [(26.17594,69.39542),4.97072]
	4387.89306	   0.01382	[mu,kappa]: [(38.36228,88.58194),278.00000]
	3391.90585	   0.01068	[mu,kappa]: [(27.58077,88.56448),94.15351]
	3371.19181	   0.01062	[mu,kappa]: [(49.18550,82.57403),157.87483]
	3883.23947	   0.01223	[mu,kappa]: [(39.42867,88.13509),278.00000]
	4747.90133	   0.01495	[mu,kappa]: [(40.01578,87.89012),278.00000]
	4010.76666	   0.01263	[mu,kappa]: [(39.72218,88.01237),278.00000]
	4040.70205	   0.01272	[mu,kappa]: [(39.81168,87.97507),278.00000]
	4476.40205	   0.01410	[mu,kappa]: [(39.65506,88.04080),278.00000]
	4915.22694	   0.01548	[mu,kappa]: [(38.76998,88.41131),278.00000]
	4635.81835	   0.01460	[mu,kappa]: [(40.56916,87.65938),278.00000]
	4330.86700	   0.01364	[mu,kappa]: [(40.13124,87.84183),278.00000]
	3580.34526	   0.01127	[mu,kappa]: [(41.57127,87.24122),278.00000]
	3331.74377	   0.01049	[mu,kappa]: [(41.80702,87.13418),278.00000]
	4199.13213	   0.01322	[mu,kappa]: [(41.19573,87.39870),278.00000]
	4572.89545	   0.01440	[mu,kappa]: [(40.76722,87.57692),278.00000]
	3723.46149	   0.01173	[mu,kappa]: [(40.11969,87.84599),278.00000]
	3596.04073	   0.01132	[mu,kappa]: [(40.85047,87.54097),278.00000]
	4295.27105	   0.01353	[mu,kappa]: [(40.41587,87.72312),278.00000]
	1882.20163	   0.00593	[mu,kappa]: [(37.72849,88.07166),216.72510]
	4189.00231	   0.01319	[mu,kappa]: [(39.88637,87.94403),278.00000]
	4643.07061	   0.01462	[mu,kappa]: [(39.62439,88.05363),278.00000]
	3604.57156	   0.01135	[mu,kappa]: [(40.06171,87.86981),278.00000]
	3369.87047	   0.01061	[mu,kappa]: [(39.93365,87.91997),278.00000]
	2593.06623	   0.00817	[mu,kappa]: [(40.75761,87.48712),278.00000]
			msglen: 5222616.35146 bits.
Iteration #: 12
	2541.35763	   0.00800	[mu,kappa]: [(41.33299,87.28565),278.00000]
	3837.42382	   0.01208	[mu,kappa]: [(39.49909,88.09821),278.00000]
	3002.50271	   0.00946	[mu,kappa]: [(39.90881,87.91915),278.00000]
	2916.14890	   0.00918	[mu,kappa]: [(37.12060,89.02238),278.00000]
	3957.13234	   0.01246	[mu,kappa]: [(41.99445,87.05966),278.00000]
	4512.35353	   0.01421	[mu,kappa]: [(40.85282,87.53352),278.00000]
	3534.31290	   0.01113	[mu,kappa]: [(39.30468,88.17846),278.00000]
	3713.61368	   0.01169	[mu,kappa]: [(39.71968,88.00598),278.00000]
	4286.80795	   0.01350	[mu,kappa]: [(40.68872,87.60179),278.00000]
	4279.21791	   0.01348	[mu,kappa]: [(40.31991,87.75554),278.00000]
	2712.91320	   0.00854	[mu,kappa]: [(41.46357,87.24106),278.00000]
	4452.11925	   0.01402	[mu,kappa]: [(39.20928,88.21973),278.00000]
	4238.77967	   0.01335	[mu,kappa]: [(41.65398,87.20084),278.00000]
	3075.86699	   0.00969	[mu,kappa]: [(39.56528,88.06527),278.00000]
	4349.78175	   0.01370	[mu,kappa]: [(40.32639,87.75284),278.00000]
	5177.16253	   0.01630	[mu,kappa]: [(47.18597,84.73295),278.00000]
	3708.34034	   0.01168	[mu,kappa]: [(40.47478,87.69059),278.00000]
	3963.90293	   0.01248	[mu,kappa]: [(38.81593,88.38404),278.00000]
	10066.01983	   0.03170	[mu,kappa]: [(30.67098,91.15779),278.00000]
	3386.35985	   0.01066	[mu,kappa]: [(43.34996,86.47959),278.00000]
	4369.13071	   0.01376	[mu,kappa]: [(39.35493,88.15876),278.00000]
	3183.08008	   0.01002	[mu,kappa]: [(40.57934,87.64320),278.00000]
	2057.82378	   0.00648	[mu,kappa]: [(32.63291,89.03217),180.64306]
	9652.27604	   0.03039	[mu,kappa]: [(55.06367,78.55989),99.31140]
	4429.16863	   0.01395	[mu,kappa]: [(40.27196,87.77559),278.00000]
	7550.60713	   0.02378	[mu,kappa]: [(50.02612,82.09765),250.26750]
	4212.64705	   0.01327	[mu,kappa]: [(40.01840,87.88138),278.00000]
	4249.19711	   0.01338	[mu,kappa]: [(41.14523,87.41187),278.00000]
	5482.88190	   0.01727	[mu,kappa]: [(30.18200,90.80814),271.28391]
	3919.92988	   0.01234	[mu,kappa]: [(40.97285,87.48339),278.00000]
	3937.82314	   0.01240	[mu,kappa]: [(41.61233,87.21791),278.00000]
	1880.98167	   0.00592	[mu,kappa]: [(41.57891,86.83279),269.69466]
	3861.97069	   0.01216	[mu,kappa]: [(40.43537,87.70716),278.00000]
	4317.37383	   0.01360	[mu,kappa]: [(39.30249,88.18071),278.00000]
	4123.20234	   0.01298	[mu,kappa]: [(42.68439,86.77608),278.00000]
	4745.28860	   0.01494	[mu,kappa]: [(39.46875,88.11122),278.00000]
	4359.29581	   0.01373	[mu,kappa]: [(41.13277,87.41706),278.00000]
	4796.95744	   0.01511	[mu,kappa]: [(39.20206,88.22279),278.00000]
	4468.70212	   0.01407	[mu,kappa]: [(40.67131,87.60908),278.00000]
	3023.90363	   0.00952	[mu,kappa]: [(41.93188,87.06848),278.00000]
	5265.69259	   0.01658	[mu,kappa]: [(39.29441,88.18417),278.00000]
	4913.18422	   0.01547	[mu,kappa]: [(39.78905,87.97730),278.00000]
	3505.37809	   0.01104	[mu,kappa]: [(45.45445,85.52360),278.00000]
	3613.17544	   0.01138	[mu,kappa]: [(39.49299,88.10041),278.00000]
	3934.70109	   0.01239	[mu,kappa]: [(42.99658,86.64681),278.00000]
	3900.11455	   0.01228	[mu,kappa]: [(39.87843,87.93975),278.00000]
	4109.53691	   0.01294	[mu,kappa]: [(40.85502,87.53253),278.00000]
	3919.33313	   0.01234	[mu,kappa]: [(41.19509,87.39105),278.00000]
	3560.48339	   0.01121	[mu,kappa]: [(45.40406,85.54738),278.00000]
	2026.92897	   0.00638	[mu,kappa]: [(37.96762,88.44556),278.00000]
	3886.66658	   0.01224	[mu,kappa]: [(40.47989,87.68866),278.00000]
	3918.38074	   0.01234	[mu,kappa]: [(41.52960,87.25203),278.00000]
	4517.57625	   0.01423	[mu,kappa]: [(41.11782,87.42332),278.00000]
	2617.10201	   0.00824	[mu,kappa]: [(24.94643,67.81688),4.74399]
	4443.08569	   0.01399	[mu,kappa]: [(38.17829,88.65126),278.00000]
	3502.70102	   0.01103	[mu,kappa]: [(25.62095,88.34071),93.83262]
	3381.54993	   0.01065	[mu,kappa]: [(49.12224,82.69704),189.37008]
	3876.85393	   0.01221	[mu,kappa]: [(39.32166,88.17254),278.00000]
	4720.06089	   0.01486	[mu,kappa]: [(39.96280,87.90469),278.00000]
	3994.29908	   0.01258	[mu,kappa]: [(39.64144,88.03879),278.00000]
	4021.65149	   0.01266	[mu,kappa]: [(39.73927,87.99795),278.00000]
	4460.20401	   0.01405	[mu,kappa]: [(39.56814,88.06963),278.00000]
	4945.87404	   0.01557	[mu,kappa]: [(38.61140,88.47004),278.00000]
	4603.01547	   0.01449	[mu,kappa]: [(40.57131,87.65077),278.00000]
	4303.43921	   0.01355	[mu,kappa]: [(40.08953,87.85171),278.00000]
	3572.78537	   0.01125	[mu,kappa]: [(41.67494,87.19119),278.00000]
	3333.10191	   0.01050	[mu,kappa]: [(41.93433,87.07901),278.00000]
	4177.86757	   0.01316	[mu,kappa]: [(41.26177,87.36343),278.00000]
	4541.64683	   0.01430	[mu,kappa]: [(40.78958,87.55984),278.00000]
	3700.10815	   0.01165	[mu,kappa]: [(40.07691,87.85666),278.00000]
	3572.32913	   0.01125	[mu,kappa]: [(40.88147,87.52094),278.00000]
	4265.17272	   0.01343	[mu,kappa]: [(40.40252,87.72109),278.00000]
	1812.03022	   0.00571	[mu,kappa]: [(37.55860,88.38397),278.00000]
	4167.32711	   0.01312	[mu,kappa]: [(39.82099,87.96387),278.00000]
	4627.36919	   0.01457	[mu,kappa]: [(39.53468,88.08362),278.00000]
	3582.81513	   0.01128	[mu,kappa]: [(40.01330,87.88304),278.00000]
	3351.63307	   0.01055	[mu,kappa]: [(39.87320,87.93996),278.00000]
	2575.46554	   0.00811	[mu,kappa]: [(40.78841,87.51388),278.00000]
			msglen: 5220169.86006 bits.
Iteration #: 13
	2530.20192	   0.00797	[mu,kappa]: [(41.40110,87.27469),278.00000]
	3824.72675	   0.01204	[mu,kappa]: [(39.42130,88.12355),278.00000]
	2985.79427	   0.00940	[mu,kappa]: [(39.86149,87.93619),278.00000]
	2992.90183	   0.00943	[mu,kappa]: [(36.95336,89.11387),278.00000]
	3960.51667	   0.01247	[mu,kappa]: [(42.10636,87.00693),278.00000]
	4483.02824	   0.01412	[mu,kappa]: [(40.87863,87.51640),278.00000]
	3527.81492	   0.01111	[mu,kappa]: [(39.21376,88.20955),278.00000]
	3696.26029	   0.01164	[mu,kappa]: [(39.65762,88.02501),278.00000]
	4257.68374	   0.01341	[mu,kappa]: [(40.70150,87.59010),278.00000]
	4250.25910	   0.01338	[mu,kappa]: [(40.30350,87.75588),278.00000]
	2703.20306	   0.00851	[mu,kappa]: [(41.54071,87.22154),278.00000]
	4447.37296	   0.01400	[mu,kappa]: [(39.11201,88.25264),278.00000]
	4229.12637	   0.01332	[mu,kappa]: [(41.74162,87.15803),278.00000]
	3064.41117	   0.00965	[mu,kappa]: [(39.49261,88.09125),278.00000]
	4320.29896	   0.01360	[mu,kappa]: [(40.31048,87.75297),278.00000]
	5591.79960	   0.01761	[mu,kappa]: [(47.24512,84.76195),278.00000]
	3682.83262	   0.01160	[mu,kappa]: [(40.47061,87.68608),278.00000]
	3974.96827	   0.01252	[mu,kappa]: [(38.69500,88.42627),278.00000]
	10238.88818	   0.03224	[mu,kappa]: [(30.89087,91.10831),278.00000]
	3454.20373	   0.01088	[mu,kappa]: [(43.53634,86.40678),278.00000]
	4359.24011	   0.01373	[mu,kappa]: [(39.26725,88.18790),278.00000]
	3161.28849	   0.00996	[mu,kappa]: [(40.58383,87.63703),278.00000]
	1954.15097	   0.00615	[mu,kappa]: [(32.64119,89.34395),224.33043]
	9286.92988	   0.02924	[mu,kappa]: [(55.63643,78.18311),96.57571]
	4399.50700	   0.01385	[mu,kappa]: [(40.25179,87.77745),278.00000]
	7800.06965	   0.02456	[mu,kappa]: [(49.82323,82.21545),272.59453]
	4187.24154	   0.01319	[mu,kappa]: [(39.97862,87.89128),278.00000]
	4225.91890	   0.01331	[mu,kappa]: [(41.19413,87.38520),278.00000]
	5507.23657	   0.01734	[mu,kappa]: [(30.38646,90.90534),278.00000]
	3895.86196	   0.01227	[mu,kappa]: [(41.00819,87.46242),278.00000]
	3927.59547	   0.01237	[mu,kappa]: [(41.69692,87.17646),278.00000]
	1863.35643	   0.00587	[mu,kappa]: [(41.70157,86.95426),278.00000]
	3835.45005	   0.01208	[mu,kappa]: [(40.42807,87.70387),278.00000]
	4309.40822	   0.01357	[mu,kappa]: [(39.21131,88.21123),278.00000]
	4161.85801	   0.01311	[mu,kappa]: [(42.83883,86.70556),278.00000]
	4730.47960	   0.01490	[mu,kappa]: [(39.38882,88.13725),278.00000]
	4335.15897	   0.01365	[mu,kappa]: [(41.18069,87.39079),278.00000]
	4792.10630	   0.01509	[mu,kappa]: [(39.10432,88.25586),278.00000]
	4438.22896	   0.01398	[mu,kappa]: [(40.68270,87.59795),278.00000]
	3024.79201	   0.00953	[mu,kappa]: [(42.04108,87.02503),278.00000]
	5256.21476	   0.01655	[mu,kappa]: [(39.20268,88.21487),278.00000]
	4888.27265	   0.01539	[mu,kappa]: [(39.73204,87.99414),278.00000]
	3713.87835	   0.01170	[mu,kappa]: [(45.64055,85.48867),278.00000]
	3601.40111	   0.01134	[mu,kappa]: [(39.41480,88.12609),278.00000]
	3990.14507	   0.01257	[mu,kappa]: [(43.16672,86.57051),278.00000]
	3878.79170	   0.01221	[mu,kappa]: [(39.82809,87.95399),278.00000]
	4082.89598	   0.01286	[mu,kappa]: [(40.88102,87.51538),278.00000]
	3898.81668	   0.01228	[mu,kappa]: [(41.24789,87.36281),278.00000]
	3769.11282	   0.01187	[mu,kappa]: [(45.59216,85.51063),278.00000]
	2052.29438	   0.00646	[mu,kappa]: [(37.83181,88.63987),278.00000]
	3859.90297	   0.01216	[mu,kappa]: [(40.47610,87.68389),278.00000]
	3905.78206	   0.01230	[mu,kappa]: [(41.60804,87.21322),278.00000]
	4492.24987	   0.01415	[mu,kappa]: [(41.16456,87.39751),278.00000]
	2280.33694	   0.00718	[mu,kappa]: [(23.76646,65.52945),4.42941]
	4490.28088	   0.01414	[mu,kappa]: [(38.02729,88.70435),278.00000]
	3665.30912	   0.01154	[mu,kappa]: [(23.92201,88.09647),96.55356]
	3430.60138	   0.01080	[mu,kappa]: [(49.06458,82.78608),216.34011]
	3869.15236	   0.01218	[mu,kappa]: [(39.23177,88.20263),278.00000]
	4692.49920	   0.01478	[mu,kappa]: [(39.91879,87.91626),278.00000]
	3977.39208	   0.01253	[mu,kappa]: [(39.57371,88.06005),278.00000]
	4002.39043	   0.01260	[mu,kappa]: [(39.67862,88.01633),278.00000]
	4443.30632	   0.01399	[mu,kappa]: [(39.49516,88.09290),278.00000]
	4971.02490	   0.01565	[mu,kappa]: [(38.47958,88.51618),278.00000]
	4571.26046	   0.01439	[mu,kappa]: [(40.57475,87.64291),278.00000]
	4276.48450	   0.01347	[mu,kappa]: [(40.05520,87.85937),278.00000]
	3565.34042	   0.01123	[mu,kappa]: [(41.76421,87.14817),278.00000]
	3334.04383	   0.01050	[mu,kappa]: [(42.04261,87.03042),278.00000]
	4157.38489	   0.01309	[mu,kappa]: [(41.31974,87.33300),278.00000]
	4511.49753	   0.01421	[mu,kappa]: [(40.81037,87.54481),278.00000]
	3677.14349	   0.01158	[mu,kappa]: [(40.04164,87.86486),278.00000]
	3549.47627	   0.01118	[mu,kappa]: [(40.90962,87.50319),278.00000]
	4235.92665	   0.01334	[mu,kappa]: [(40.39260,87.71875),278.00000]
	1842.36836	   0.00580	[mu,kappa]: [(37.42772,88.68870),278.00000]
	4145.61698	   0.01305	[mu,kappa]: [(39.76636,87.97979),278.00000]
	4610.83778	   0.01452	[mu,kappa]: [(39.45935,88.10783),278.00000]
	3561.34556	   0.01122	[mu,kappa]: [(39.97319,87.89331),278.00000]
	3333.45345	   0.01050	[mu,kappa]: [(39.82265,87.95529),278.00000]
	2558.59607	   0.00806	[mu,kappa]: [(40.81358,87.52028),278.00000]
			msglen: 5218754.28084 bits.
Iteration #: 14
	2521.33220	   0.00794	[mu,kappa]: [(41.45654,87.25937),278.00000]
	3814.43796	   0.01201	[mu,kappa]: [(39.35761,88.14382),278.00000]
	2971.87474	   0.00936	[mu,kappa]: [(39.82280,87.94892),278.00000]
	3058.00966	   0.00963	[mu,kappa]: [(36.82234,89.16814),278.00000]
	3964.85112	   0.01249	[mu,kappa]: [(42.19718,86.96486),278.00000]
	4458.68004	   0.01404	[mu,kappa]: [(40.90090,87.50281),278.00000]
	3522.85895	   0.01109	[mu,kappa]: [(39.13929,88.23404),278.00000]
	3681.90301	   0.01159	[mu,kappa]: [(39.60692,88.04041),278.00000]
	4233.38635	   0.01333	[mu,kappa]: [(40.71301,87.58090),278.00000]
	4225.98515	   0.01331	[mu,kappa]: [(40.29077,87.75643),278.00000]
	2695.66939	   0.00849	[mu,kappa]: [(41.60363,87.20071),278.00000]
	4444.09916	   0.01399	[mu,kappa]: [(39.03240,88.27863),278.00000]
	4222.17014	   0.01330	[mu,kappa]: [(41.81374,87.12376),278.00000]
	3055.06440	   0.00962	[mu,kappa]: [(39.43299,88.11130),278.00000]
	4295.58491	   0.01353	[mu,kappa]: [(40.29818,87.75335),278.00000]
	5896.73647	   0.01857	[mu,kappa]: [(47.26227,84.78692),278.00000]
	3661.48379	   0.01153	[mu,kappa]: [(40.46805,87.68265),278.00000]
	3985.29056	   0.01255	[mu,kappa]: [(38.59644,88.45884),278.00000]
	10387.57658	   0.03271	[mu,kappa]: [(31.05002,91.05020),278.00000]
	3512.59158	   0.01106	[mu,kappa]: [(43.67724,86.34903),278.00000]
	4351.48492	   0.01370	[mu,kappa]: [(39.19545,88.21109),278.00000]
	3143.08708	   0.00990	[mu,kappa]: [(40.58835,87.63169),278.00000]
	1927.38037	   0.00607	[mu,kappa]: [(32.70607,89.66808),278.00000]
	8967.02632	   0.02824	[mu,kappa]: [(56.11509,77.88602),95.60150]
	4374.64006	   0.01378	[mu,kappa]: [(40.23593,87.77923),278.00000]
	7996.95761	   0.02518	[mu,kappa]: [(49.68394,82.28715),278.00000]
	4165.99192	   0.01312	[mu,kappa]: [(39.94645,87.89949),278.00000]
	4206.90287	   0.01325	[mu,kappa]: [(41.23526,87.36385),278.00000]
	5550.02168	   0.01748	[mu,kappa]: [(30.54130,90.95466),278.00000]
	3875.99298	   0.01221	[mu,kappa]: [(41.03827,87.44567),278.00000]
	3920.02992	   0.01234	[mu,kappa]: [(41.76663,87.14324),278.00000]
	1859.85137	   0.00586	[mu,kappa]: [(41.79173,87.01776),278.00000]
	3813.24161	   0.01201	[mu,kappa]: [(40.42292,87.70144),278.00000]
	4303.31602	   0.01355	[mu,kappa]: [(39.13666,88.23545),278.00000]
	4196.44879	   0.01321	[mu,kappa]: [(42.96034,86.65030),278.00000]
	4718.51696	   0.01486	[mu,kappa]: [(39.32338,88.15809),278.00000]
	4315.42026	   0.01359	[mu,kappa]: [(41.22103,87.36977),278.00000]
	4788.80186	   0.01508	[mu,kappa]: [(39.02433,88.28198),278.00000]
	4412.79238	   0.01390	[mu,kappa]: [(40.69306,87.58921),278.00000]
	3026.64297	   0.00953	[mu,kappa]: [(42.12951,86.98817),278.00000]
	5248.97634	   0.01653	[mu,kappa]: [(39.12759,88.23923),278.00000]
	4867.56219	   0.01533	[mu,kappa]: [(39.68554,88.00785),278.00000]
	3878.52034	   0.01221	[mu,kappa]: [(45.75761,85.46296),278.00000]
	3591.87431	   0.01131	[mu,kappa]: [(39.35078,88.14657),278.00000]
	4038.70901	   0.01272	[mu,kappa]: [(43.29838,86.51124),278.00000]
	3861.02294	   0.01216	[mu,kappa]: [(39.78712,87.96563),278.00000]
	4060.78567	   0.01279	[mu,kappa]: [(40.90343,87.50174),278.00000]
	3882.13403	   0.01223	[mu,kappa]: [(41.29219,87.34018),278.00000]
	3934.19864	   0.01239	[mu,kappa]: [(45.71121,85.48343),278.00000]
	2075.18542	   0.00654	[mu,kappa]: [(37.71651,88.74854),278.00000]
	3837.50059	   0.01208	[mu,kappa]: [(40.47387,87.68028),278.00000]
	3896.12113	   0.01227	[mu,kappa]: [(41.67289,87.18208),278.00000]
	4471.51224	   0.01408	[mu,kappa]: [(41.20395,87.37687),278.00000]
	1996.65826	   0.00629	[mu,kappa]: [(22.66353,62.80899),4.12353]
	4531.58750	   0.01427	[mu,kappa]: [(37.90588,88.74347),278.00000]
	3742.27030	   0.01178	[mu,kappa]: [(22.72534,87.86125),99.63614]
	3486.72943	   0.01098	[mu,kappa]: [(49.02361,82.84584),236.96708]
	3863.21176	   0.01217	[mu,kappa]: [(39.15816,88.22651),278.00000]
	4669.46215	   0.01470	[mu,kappa]: [(39.88310,87.92582),278.00000]
	3963.47207	   0.01248	[mu,kappa]: [(39.51832,88.07720),278.00000]
	3986.43044	   0.01255	[mu,kappa]: [(39.62910,88.03124),278.00000]
	4429.47729	   0.01395	[mu,kappa]: [(39.43545,88.11162),278.00000]
	4993.64581	   0.01572	[mu,kappa]: [(38.37252,88.55135),278.00000]
	4544.69939	   0.01431	[mu,kappa]: [(40.57853,87.63682),278.00000]
	4253.91372	   0.01340	[mu,kappa]: [(40.02756,87.86580),278.00000]
	3560.09359	   0.01121	[mu,kappa]: [(41.83758,87.11361),278.00000]
	3336.04464	   0.01051	[mu,kappa]: [(42.13056,86.99091),278.00000]
	4140.83509	   0.01304	[mu,kappa]: [(41.36823,87.30861),278.00000]
	4486.41042	   0.01413	[mu,kappa]: [(40.82849,87.53291),278.00000]
	3657.92776	   0.01152	[mu,kappa]: [(40.01321,87.87169),278.00000]
	3530.53988	   0.01112	[mu,kappa]: [(40.93379,87.48898),278.00000]
	4211.42155	   0.01326	[mu,kappa]: [(40.38529,87.71714),278.00000]
	1870.68771	   0.00589	[mu,kappa]: [(37.31371,88.85260),278.00000]
	4127.55688	   0.01300	[mu,kappa]: [(39.72183,87.99277),278.00000]
	4597.35694	   0.01448	[mu,kappa]: [(39.39769,88.12727),278.00000]
	3543.40132	   0.01116	[mu,kappa]: [(39.94071,87.90176),278.00000]
	3318.31723	   0.01045	[mu,kappa]: [(39.78146,87.96751),278.00000]
	2544.61189	   0.00801	[mu,kappa]: [(40.83404,87.51895),278.00000]
			msglen: 5217953.71240 bits.
Iteration #: 15
	2514.61734	   0.00792	[mu,kappa]: [(41.50379,87.24351),278.00000]
	3804.84230	   0.01198	[mu,kappa]: [(39.30862,88.15977),278.00000]
	2959.72100	   0.00932	[mu,kappa]: [(39.79415,87.95844),278.00000]
	3109.16926	   0.00979	[mu,kappa]: [(36.72272,89.20024),278.00000]
	3970.37808	   0.01250	[mu,kappa]: [(42.27213,86.93087),278.00000]
	4438.71300	   0.01398	[mu,kappa]: [(40.92218,87.49170),278.00000]
	3517.68412	   0.01108	[mu,kappa]: [(39.08156,88.25310),278.00000]
	3669.09573	   0.01155	[mu,kappa]: [(39.56853,88.05258),278.00000]
	4213.21134	   0.01327	[mu,kappa]: [(40.72556,87.57336),278.00000]
	4205.35481	   0.01324	[mu,kappa]: [(40.28352,87.75678),278.00000]
	2690.23813	   0.00847	[mu,kappa]: [(41.65685,87.18110),278.00000]
	4439.96717	   0.01398	[mu,kappa]: [(38.97055,88.29888),278.00000]
	4217.93551	   0.01328	[mu,kappa]: [(41.87453,87.09595),278.00000]
	3046.50673	   0.00959	[mu,kappa]: [(39.38726,88.12674),278.00000]
	4274.58755	   0.01346	[mu,kappa]: [(40.29127,87.75357),278.00000]
	6125.76495	   0.01929	[mu,kappa]: [(47.26063,84.80283),278.00000]
	3643.51887	   0.01147	[mu,kappa]: [(40.46912,87.67976),278.00000]
	3992.39520	   0.01257	[mu,kappa]: [(38.51953,88.48371),278.00000]
	10526.97952	   0.03315	[mu,kappa]: [(31.14518,90.99576),278.00000]
	3562.97023	   0.01122	[mu,kappa]: [(43.78473,86.30270),278.00000]
	4343.74592	   0.01368	[mu,kappa]: [(39.13990,88.22926),278.00000]
	3127.88273	   0.00985	[mu,kappa]: [(40.59515,87.62699),278.00000]
	1973.51519	   0.00622	[mu,kappa]: [(32.79540,89.97092),278.00000]
	8686.51469	   0.02735	[mu,kappa]: [(56.48730,77.66725),95.47435]
	4353.44166	   0.01371	[mu,kappa]: [(40.22611,87.78058),278.00000]
	8148.07864	   0.02566	[mu,kappa]: [(49.59476,82.31888),278.00000]
	4147.57400	   0.01306	[mu,kappa]: [(39.92324,87.90600),278.00000]
	4191.81520	   0.01320	[mu,kappa]: [(41.27172,87.34644),278.00000]
	5602.84487	   0.01764	[mu,kappa]: [(30.62756,90.97364),278.00000]
	3859.89383	   0.01216	[mu,kappa]: [(41.06586,87.43198),278.00000]
	3915.12306	   0.01233	[mu,kappa]: [(41.82556,87.11627),278.00000]
	1858.05676	   0.00585	[mu,kappa]: [(41.86191,87.04080),278.00000]
	3794.50509	   0.01195	[mu,kappa]: [(40.42187,87.69938),278.00000]
	4296.94327	   0.01353	[mu,kappa]: [(39.07880,88.25439),278.00000]
	4227.79700	   0.01331	[mu,kappa]: [(43.05689,86.60632),278.00000]
	4707.24168	   0.01482	[mu,kappa]: [(39.27298,88.17448),278.00000]
	4299.72768	   0.01354	[mu,kappa]: [(41.25685,87.35262),278.00000]
	4784.52379	   0.01507	[mu,kappa]: [(38.96217,88.30233),278.00000]
	4391.64228	   0.01383	[mu,kappa]: [(40.70467,87.58204),278.00000]
	3029.61219	   0.00954	[mu,kappa]: [(42.20251,86.95726),278.00000]
	5241.33902	   0.01650	[mu,kappa]: [(39.06938,88.25827),278.00000]
	4849.22672	   0.01527	[mu,kappa]: [(39.65060,88.01873),278.00000]
	4008.91504	   0.01262	[mu,kappa]: [(45.83243,85.44116),278.00000]
	3582.97445	   0.01128	[mu,kappa]: [(39.30152,88.16265),278.00000]
	4081.53101	   0.01285	[mu,kappa]: [(43.40115,86.46436),278.00000]
	3845.44712	   0.01211	[mu,kappa]: [(39.75670,87.97486),278.00000]
	4042.66510	   0.01273	[mu,kappa]: [(40.92483,87.49059),278.00000]
	3869.01132	   0.01218	[mu,kappa]: [(41.33116,87.32172),278.00000]
	4065.17145	   0.01280	[mu,kappa]: [(45.78778,85.46053),278.00000]
	2093.27028	   0.00659	[mu,kappa]: [(37.62439,88.81134),278.00000]
	3818.65135	   0.01203	[mu,kappa]: [(40.47521,87.67726),278.00000]
	3889.34234	   0.01225	[mu,kappa]: [(41.72805,87.15675),278.00000]
	4454.98661	   0.01403	[mu,kappa]: [(41.23901,87.36004),278.00000]
	1800.06593	   0.00567	[mu,kappa]: [(21.66988,60.22599),3.89807]
	4563.64098	   0.01437	[mu,kappa]: [(37.81167,88.77201),278.00000]
	3736.64516	   0.01177	[mu,kappa]: [(21.92220,87.62778),100.98971]
	3541.01315	   0.01115	[mu,kappa]: [(48.99612,82.88568),252.71231]
	3857.11762	   0.01215	[mu,kappa]: [(39.10114,88.24518),278.00000]
	4649.40149	   0.01464	[mu,kappa]: [(39.85700,87.93341),278.00000]
	3950.90265	   0.01244	[mu,kappa]: [(39.47610,88.09073),278.00000]
	3972.22562	   0.01251	[mu,kappa]: [(39.59167,88.04304),278.00000]
	4416.80420	   0.01391	[mu,kappa]: [(39.38971,88.12638),278.00000]
	5010.41017	   0.01578	[mu,kappa]: [(38.28903,88.57789),278.00000]
	4522.46453	   0.01424	[mu,kappa]: [(40.58478,87.63182),278.00000]
	4234.44830	   0.01333	[mu,kappa]: [(40.00807,87.87090),278.00000]
	3557.07803	   0.01120	[mu,kappa]: [(41.89933,87.08551),278.00000]
	3339.27682	   0.01052	[mu,kappa]: [(42.20332,86.95861),278.00000]
	4127.97385	   0.01300	[mu,kappa]: [(41.41053,87.28874),278.00000]
	4465.73015	   0.01406	[mu,kappa]: [(40.84642,87.52317),278.00000]
	3641.35061	   0.01147	[mu,kappa]: [(39.99307,87.87707),278.00000]
	3515.06815	   0.01107	[mu,kappa]: [(40.95660,87.47732),278.00000]
	4190.69842	   0.01320	[mu,kappa]: [(40.38246,87.71575),278.00000]
	1893.45651	   0.00596	[mu,kappa]: [(37.22145,88.94237),278.00000]
	4111.63187	   0.01295	[mu,kappa]: [(39.68849,88.00307),278.00000]
	4584.90163	   0.01444	[mu,kappa]: [(39.35037,88.14260),278.00000]
	3527.85199	   0.01111	[mu,kappa]: [(39.91725,87.90843),278.00000]
	3305.05102	   0.01041	[mu,kappa]: [(39.75082,87.97706),278.00000]
	2533.12894	   0.00798	[mu,kappa]: [(40.85327,87.51446),278.00000]
			msglen: 5217593.10841 bits.
			N: 317555
		16.43052 bpr
Null model msglen: 7488920.11043 bits.	(23.58306 bpr)
