Iteration #: 0
	4014.00000	   0.01264	[mu,kappa]: [(40.63050,87.06871),117.67898]
	3833.00000	   0.01207	[mu,kappa]: [(40.67214,86.95965),119.63648]
	3893.00000	   0.01226	[mu,kappa]: [(40.66440,87.16637),133.28923]
	3785.00000	   0.01192	[mu,kappa]: [(40.45676,87.17140),119.54134]
	3847.00000	   0.01211	[mu,kappa]: [(40.50975,87.26036),126.13057]
	3859.00000	   0.01215	[mu,kappa]: [(40.42734,87.19835),115.36575]
	3805.00000	   0.01198	[mu,kappa]: [(40.58356,87.19659),116.02075]
	3787.00000	   0.01193	[mu,kappa]: [(40.39790,87.18565),117.47170]
	3988.00000	   0.01256	[mu,kappa]: [(40.69614,87.23015),104.34162]
	3957.00000	   0.01246	[mu,kappa]: [(40.59705,87.09330),113.03423]
	3861.00000	   0.01216	[mu,kappa]: [(40.54157,87.17717),134.10478]
	3784.00000	   0.01192	[mu,kappa]: [(40.47009,87.32826),116.75310]
	3744.00000	   0.01179	[mu,kappa]: [(40.41705,87.06133),127.08988]
	3893.00000	   0.01226	[mu,kappa]: [(40.41483,87.06904),110.49261]
	3849.00000	   0.01212	[mu,kappa]: [(40.62631,87.10453),121.06194]
	3868.00000	   0.01218	[mu,kappa]: [(40.58535,86.97547),115.20225]
	3898.00000	   0.01228	[mu,kappa]: [(40.45974,87.01796),109.39057]
	3924.00000	   0.01236	[mu,kappa]: [(40.38466,87.15668),121.83380]
	3815.00000	   0.01201	[mu,kappa]: [(40.51852,87.14176),113.52094]
	3781.00000	   0.01191	[mu,kappa]: [(40.35522,87.13280),115.39566]
	3805.00000	   0.01198	[mu,kappa]: [(40.64538,87.11790),109.61899]
	3911.00000	   0.01232	[mu,kappa]: [(40.53712,86.96203),118.12263]
	3885.00000	   0.01223	[mu,kappa]: [(40.64881,87.14700),125.97648]
	3894.00000	   0.01226	[mu,kappa]: [(40.50386,87.09661),112.25162]
	3912.00000	   0.01232	[mu,kappa]: [(40.39356,87.13261),127.75783]
	3826.00000	   0.01205	[mu,kappa]: [(40.41169,87.07164),115.59786]
	3794.00000	   0.01195	[mu,kappa]: [(40.16604,87.16359),120.82308]
	3830.00000	   0.01206	[mu,kappa]: [(40.50806,87.06317),128.70931]
	3781.00000	   0.01191	[mu,kappa]: [(40.36267,87.18728),115.10369]
	3815.00000	   0.01201	[mu,kappa]: [(40.44268,87.12807),114.20482]
	3903.00000	   0.01229	[mu,kappa]: [(40.64673,87.03269),109.32629]
	3866.00000	   0.01217	[mu,kappa]: [(40.33375,87.11879),113.80076]
	3934.00000	   0.01239	[mu,kappa]: [(40.62941,87.11656),117.64291]
	3952.00000	   0.01245	[mu,kappa]: [(40.39237,87.14685),111.50604]
	3904.00000	   0.01229	[mu,kappa]: [(40.49686,87.20050),121.47384]
	3873.00000	   0.01220	[mu,kappa]: [(40.39804,87.21005),121.62367]
	3794.00000	   0.01195	[mu,kappa]: [(40.43815,87.08244),111.52723]
	3764.00000	   0.01185	[mu,kappa]: [(40.45132,87.20323),130.99236]
	3846.00000	   0.01211	[mu,kappa]: [(40.62450,87.12902),121.88477]
	3793.00000	   0.01194	[mu,kappa]: [(40.41301,87.09300),116.36865]
	3896.00000	   0.01227	[mu,kappa]: [(40.32259,87.16029),116.29909]
	3881.00000	   0.01222	[mu,kappa]: [(40.49776,86.94426),106.72770]
	3896.00000	   0.01227	[mu,kappa]: [(40.59650,87.07823),111.27530]
	3860.00000	   0.01216	[mu,kappa]: [(40.39604,87.10441),114.69368]
	3887.00000	   0.01224	[mu,kappa]: [(40.47765,87.22484),109.41393]
	3872.00000	   0.01219	[mu,kappa]: [(40.48258,87.03592),116.85417]
	3824.00000	   0.01204	[mu,kappa]: [(40.26106,87.22093),126.18139]
	3841.00000	   0.01210	[mu,kappa]: [(40.38414,87.22004),129.05778]
	3808.00000	   0.01199	[mu,kappa]: [(40.37199,87.05765),112.27702]
	3963.00000	   0.01248	[mu,kappa]: [(40.62864,86.91782),104.48592]
	3772.00000	   0.01188	[mu,kappa]: [(40.54645,87.08580),124.41643]
	3900.00000	   0.01228	[mu,kappa]: [(40.40732,87.07347),106.86876]
	4037.00000	   0.01271	[mu,kappa]: [(40.52219,87.04744),121.45821]
	3793.00000	   0.01194	[mu,kappa]: [(40.57618,87.04792),111.97881]
	3948.00000	   0.01243	[mu,kappa]: [(40.54965,86.98485),108.13036]
	3929.00000	   0.01237	[mu,kappa]: [(40.45326,87.15784),104.44677]
	3895.00000	   0.01227	[mu,kappa]: [(40.72428,86.89403),113.32838]
	3953.00000	   0.01245	[mu,kappa]: [(40.43315,87.18419),110.59178]
	3857.00000	   0.01215	[mu,kappa]: [(40.45565,87.04517),110.66190]
	3914.00000	   0.01233	[mu,kappa]: [(40.48043,87.14687),122.41480]
	3862.00000	   0.01216	[mu,kappa]: [(40.43491,87.07271),114.69645]
	3842.00000	   0.01210	[mu,kappa]: [(40.45798,87.04779),113.68154]
	3879.00000	   0.01222	[mu,kappa]: [(40.33282,87.23796),123.91481]
	3923.00000	   0.01235	[mu,kappa]: [(40.49524,87.07901),118.59099]
	3897.00000	   0.01227	[mu,kappa]: [(40.47432,87.17142),115.97709]
	3818.00000	   0.01202	[mu,kappa]: [(40.53693,87.13263),115.53885]
	3991.00000	   0.01257	[mu,kappa]: [(40.42732,87.08023),107.66950]
	3854.00000	   0.01214	[mu,kappa]: [(40.52000,86.99131),108.05371]
	3839.00000	   0.01209	[mu,kappa]: [(40.35061,87.09694),110.88322]
	3915.00000	   0.01233	[mu,kappa]: [(40.69068,87.02655),118.68871]
	3754.00000	   0.01182	[mu,kappa]: [(40.58646,87.11349),130.80997]
	3879.00000	   0.01222	[mu,kappa]: [(40.58379,87.04096),117.02067]
	3975.00000	   0.01252	[mu,kappa]: [(40.28885,87.28681),130.99825]
	4007.00000	   0.01262	[mu,kappa]: [(40.48067,87.03342),122.14319]
	4004.00000	   0.01261	[mu,kappa]: [(40.37553,87.19096),132.97496]
	3958.00000	   0.01246	[mu,kappa]: [(40.48609,87.12922),129.54796]
	3874.00000	   0.01220	[mu,kappa]: [(40.54600,87.08968),106.34304]
	3900.00000	   0.01228	[mu,kappa]: [(40.34060,87.15071),122.87917]
	3745.00000	   0.01179	[mu,kappa]: [(40.23459,87.25412),113.05650]
	3799.00000	   0.01196	[mu,kappa]: [(40.47496,87.15319),111.40671]
	3840.00000	   0.01209	[mu,kappa]: [(40.66090,86.98629),108.53997]
	4007.00000	   0.01262	[mu,kappa]: [(40.41693,87.19199),123.33014]
			msglen: 0.00000 bits.
Iteration #: 1
	3994.22953	   0.01258	[mu,kappa]: [(40.69723,87.12927),148.66508]
	3827.89730	   0.01205	[mu,kappa]: [(40.75000,87.11633),156.44427]
	4020.81961	   0.01266	[mu,kappa]: [(40.64007,87.37718),206.49282]
	3779.49749	   0.01190	[mu,kappa]: [(40.47045,87.27322),158.54424]
	3901.37190	   0.01229	[mu,kappa]: [(40.49725,87.38417),184.80249]
	3824.81145	   0.01204	[mu,kappa]: [(40.43081,87.20081),138.16809]
	3775.51295	   0.01189	[mu,kappa]: [(40.62701,87.15415),141.61979]
	3766.33351	   0.01186	[mu,kappa]: [(40.40071,87.25862),149.02156]
	4075.21018	   0.01283	[mu,kappa]: [(40.86170,86.11512),27.41072]
	3912.66283	   0.01232	[mu,kappa]: [(40.67261,87.01563),123.85184]
	3997.10798	   0.01259	[mu,kappa]: [(40.52016,87.42564),209.64033]
	3758.57972	   0.01184	[mu,kappa]: [(40.46411,87.26584),146.50874]
	3803.55131	   0.01198	[mu,kappa]: [(40.42826,87.35923),187.07816]
	3846.55641	   0.01211	[mu,kappa]: [(40.37620,86.97916),105.00023]
	3856.00392	   0.01214	[mu,kappa]: [(40.66500,87.21401),163.89481]
	3833.33525	   0.01207	[mu,kappa]: [(40.67217,87.04724),135.50934]
	3855.21203	   0.01214	[mu,kappa]: [(40.42621,86.87769),96.01704]
	3937.59610	   0.01240	[mu,kappa]: [(40.38919,87.33327),168.26134]
	3773.11595	   0.01188	[mu,kappa]: [(40.55566,87.08616),127.17279]
	3747.54419	   0.01180	[mu,kappa]: [(40.34974,87.20615),137.63229]
	3761.88926	   0.01185	[mu,kappa]: [(40.73035,86.84458),100.08897]
	3893.25560	   0.01226	[mu,kappa]: [(40.60173,87.13795),150.29188]
	3937.34249	   0.01240	[mu,kappa]: [(40.65602,87.29645),182.75112]
	3847.76800	   0.01212	[mu,kappa]: [(40.53725,87.02858),118.64576]
	3982.22765	   0.01254	[mu,kappa]: [(40.39391,87.39814),189.90405]
	3793.00026	   0.01194	[mu,kappa]: [(40.43282,87.16656),138.45655]
	3798.91720	   0.01196	[mu,kappa]: [(40.14555,87.39629),163.82813]
	3907.12895	   0.01230	[mu,kappa]: [(40.51554,87.34781),192.21240]
	3746.17353	   0.01180	[mu,kappa]: [(40.34853,87.21539),136.41445]
	3775.56326	   0.01189	[mu,kappa]: [(40.45837,87.13503),131.01548]
	3861.11672	   0.01216	[mu,kappa]: [(40.74819,86.78969),97.02617]
	3824.43663	   0.01204	[mu,kappa]: [(40.30973,87.16346),127.96339]
	3914.50070	   0.01233	[mu,kappa]: [(40.68794,87.14645),148.87609]
	3903.97516	   0.01229	[mu,kappa]: [(40.35181,87.06639),113.08495]
	3914.82900	   0.01233	[mu,kappa]: [(40.50588,87.30261),166.86464]
	3885.07713	   0.01223	[mu,kappa]: [(40.39617,87.34365),167.76094]
	3748.03507	   0.01180	[mu,kappa]: [(40.43358,87.02206),113.12060]
	3865.11586	   0.01217	[mu,kappa]: [(40.43646,87.43514),200.70747]
	3860.12640	   0.01216	[mu,kappa]: [(40.65442,87.23777),167.43054]
	3764.79684	   0.01186	[mu,kappa]: [(40.43263,87.19366),142.74673]
	3866.91980	   0.01218	[mu,kappa]: [(40.30924,87.25157),142.65939]
	3868.23455	   0.01218	[mu,kappa]: [(40.36103,86.61493),68.80776]
	3849.43067	   0.01212	[mu,kappa]: [(40.67231,86.93741),112.08074]
	3822.18960	   0.01204	[mu,kappa]: [(40.40331,87.15987),133.56023]
	3841.87575	   0.01210	[mu,kappa]: [(40.41780,86.95760),97.97341]
	3846.17589	   0.01211	[mu,kappa]: [(40.52771,87.15704),144.81131]
	3878.56507	   0.01221	[mu,kappa]: [(40.24903,87.45327),185.19775]
	3924.51930	   0.01236	[mu,kappa]: [(40.37137,87.44347),194.81821]
	3762.78218	   0.01185	[mu,kappa]: [(40.35220,87.07123),117.72629]
	4050.52000	   0.01276	[mu,kappa]: [(40.64679,86.01093),29.05317]
	3807.49139	   0.01199	[mu,kappa]: [(40.56564,87.28988),177.23829]
	3884.45586	   0.01223	[mu,kappa]: [(40.13717,86.73141),70.12337]
	4046.70690	   0.01274	[mu,kappa]: [(40.55703,87.23959),165.59137]
	3748.23572	   0.01180	[mu,kappa]: [(40.65071,86.96553),116.63767]
	3913.83112	   0.01232	[mu,kappa]: [(40.55026,86.73537),85.24426]
	4013.90680	   0.01264	[mu,kappa]: [(39.91399,86.22374),29.63532]
	3854.68701	   0.01214	[mu,kappa]: [(40.88718,86.88875),123.69890]
	3904.78798	   0.01230	[mu,kappa]: [(40.38697,87.02252),106.83946]
	3810.72807	   0.01200	[mu,kappa]: [(40.45094,86.95966),106.52174]
	3932.79748	   0.01238	[mu,kappa]: [(40.49332,87.30488),170.30619]
	3824.16367	   0.01204	[mu,kappa]: [(40.45973,87.13223),133.44829]
	3800.17535	   0.01197	[mu,kappa]: [(40.49057,87.08136),127.27881]
	3912.40337	   0.01232	[mu,kappa]: [(40.32088,87.40825),177.00786]
	3909.37357	   0.01231	[mu,kappa]: [(40.53166,87.20691),153.48844]
	3866.06382	   0.01217	[mu,kappa]: [(40.49548,87.18814),141.32419]
	3785.46020	   0.01192	[mu,kappa]: [(40.58124,87.13658),138.66049]
	3961.59227	   0.01248	[mu,kappa]: [(40.25603,86.79906),79.66284]
	3821.37911	   0.01203	[mu,kappa]: [(40.48703,86.74688),84.22249]
	3792.99837	   0.01194	[mu,kappa]: [(40.27933,87.03684),107.56361]
	3903.34610	   0.01229	[mu,kappa]: [(40.76784,87.11273),152.65981]
	3851.37882	   0.01213	[mu,kappa]: [(40.57977,87.36092),198.94817]
	3854.99283	   0.01214	[mu,kappa]: [(40.64968,87.12206),145.45178]
	4083.58897	   0.01286	[mu,kappa]: [(40.26866,87.51256),201.58729]
	4022.37278	   0.01267	[mu,kappa]: [(40.51129,87.26113),168.40526]
	4133.30489	   0.01302	[mu,kappa]: [(40.36272,87.47139),206.92334]
	4047.63622	   0.01275	[mu,kappa]: [(40.48288,87.38576),195.49986]
	3865.65599	   0.01217	[mu,kappa]: [(40.41424,86.61670),65.12114]
	3922.86319	   0.01235	[mu,kappa]: [(40.34173,87.36203),172.43072]
	3703.20794	   0.01166	[mu,kappa]: [(40.13664,87.22944),123.20907]
	3752.55400	   0.01182	[mu,kappa]: [(40.47433,87.02881),113.05505]
	3804.16469	   0.01198	[mu,kappa]: [(40.77332,86.70953),89.92921]
	4035.25735	   0.01271	[mu,kappa]: [(40.41677,87.35611),174.35615]
			msglen: 5336824.22305 bits.
Iteration #: 2
	4017.83999	   0.01265	[mu,kappa]: [(40.65180,87.40321),225.63055]
	3917.93810	   0.01234	[mu,kappa]: [(40.69849,87.41441),239.81400]
	4559.55025	   0.01436	[mu,kappa]: [(40.56128,87.65469),278.00000]
	3892.90910	   0.01226	[mu,kappa]: [(40.41495,87.55688),245.14944]
	4249.35124	   0.01338	[mu,kappa]: [(40.42951,87.65637),278.00000]
	3757.05809	   0.01183	[mu,kappa]: [(40.38869,87.45925),206.69005]
	3737.11766	   0.01177	[mu,kappa]: [(40.58579,87.40024),212.65544]
	3796.77660	   0.01196	[mu,kappa]: [(40.35048,87.53741),227.54954]
	4857.68047	   0.01530	[mu,kappa]: [(42.05922,79.74228),9.23296]
	3708.45058	   0.01168	[mu,kappa]: [(40.67347,87.22455),177.63693]
	4562.42294	   0.01437	[mu,kappa]: [(40.45023,87.70636),278.00000]
	3766.47786	   0.01186	[mu,kappa]: [(40.41100,87.51086),222.76858]
	4161.79624	   0.01311	[mu,kappa]: [(40.37004,87.66977),278.00000]
	3479.96122	   0.01096	[mu,kappa]: [(40.39829,87.13066),140.97047]
	4014.96644	   0.01264	[mu,kappa]: [(40.60352,87.49852),254.15790]
	3737.66842	   0.01177	[mu,kappa]: [(40.65041,87.31550),200.36704]
	3414.11835	   0.01075	[mu,kappa]: [(40.50167,86.94465),122.95350]
	4145.09332	   0.01305	[mu,kappa]: [(40.33309,87.62902),263.16588]
	3606.43139	   0.01136	[mu,kappa]: [(40.53768,87.31330),184.69750]
	3677.05578	   0.01158	[mu,kappa]: [(40.30791,87.48333),205.79890]
	3365.74471	   0.01060	[mu,kappa]: [(40.84667,86.87361),130.21834]
	3931.83645	   0.01238	[mu,kappa]: [(40.55787,87.44149),228.96533]
	4265.91823	   0.01343	[mu,kappa]: [(40.58307,87.57930),278.00000]
	3600.69588	   0.01134	[mu,kappa]: [(40.53940,87.23240),167.79654]
	4383.14979	   0.01380	[mu,kappa]: [(40.33560,87.69759),278.00000]
	3727.76804	   0.01174	[mu,kappa]: [(40.39492,87.44829),207.08517]
	3965.07872	   0.01249	[mu,kappa]: [(40.09759,87.70542),255.58683]
	4316.21444	   0.01359	[mu,kappa]: [(40.45099,87.65261),278.00000]
	3665.10916	   0.01154	[mu,kappa]: [(40.30570,87.48058),203.50339]
	3643.87001	   0.01147	[mu,kappa]: [(40.42837,87.38738),192.57001]
	3430.64955	   0.01080	[mu,kappa]: [(40.89596,86.79555),124.05607]
	3664.64687	   0.01154	[mu,kappa]: [(40.27504,87.42588),186.97339]
	3939.98240	   0.01241	[mu,kappa]: [(40.64057,87.41293),226.13504]
	3603.71800	   0.01135	[mu,kappa]: [(40.34365,87.25961),157.29316]
	4106.59531	   0.01293	[mu,kappa]: [(40.44470,87.58261),260.33397]
	4085.61312	   0.01287	[mu,kappa]: [(40.33832,87.62942),262.31093]
	3459.65479	   0.01089	[mu,kappa]: [(40.43897,87.21516),157.06937]
	4342.78396	   0.01368	[mu,kappa]: [(40.37275,87.71780),278.00000]
	4050.61609	   0.01276	[mu,kappa]: [(40.59001,87.52047),260.67710]
	3738.46900	   0.01177	[mu,kappa]: [(40.39008,87.47859),215.37906]
	3841.14147	   0.01210	[mu,kappa]: [(40.26243,87.53526),215.63442]
	3271.19795	   0.01030	[mu,kappa]: [(40.69128,86.13870),72.41904]
	3544.09524	   0.01116	[mu,kappa]: [(40.71447,87.08732),154.21009]
	3712.44745	   0.01169	[mu,kappa]: [(40.36827,87.42868),197.69261]
	3417.88236	   0.01076	[mu,kappa]: [(40.47038,87.00827),127.02916]
	3836.41068	   0.01208	[mu,kappa]: [(40.48656,87.44667),218.94360]
	4233.32568	   0.01333	[mu,kappa]: [(40.19718,87.74568),278.00000]
	4362.38800	   0.01374	[mu,kappa]: [(40.31199,87.72785),278.00000]
	3513.79442	   0.01107	[mu,kappa]: [(40.33809,87.30368),166.47122]
	4458.46870	   0.01404	[mu,kappa]: [(41.55051,81.00011),14.84956]
	4080.74271	   0.01285	[mu,kappa]: [(40.50137,87.58853),278.00000]
	3283.13314	   0.01034	[mu,kappa]: [(40.31454,86.35524),74.97721]
	4231.00166	   0.01332	[mu,kappa]: [(40.49948,87.54274),257.62389]
	3489.79663	   0.01099	[mu,kappa]: [(40.67384,87.15173),163.33600]
	3389.42635	   0.01067	[mu,kappa]: [(40.74781,86.61998),101.79422]
	4318.09866	   0.01360	[mu,kappa]: [(39.26496,81.59603),15.53747]
	3650.99499	   0.01150	[mu,kappa]: [(40.91542,87.10440),176.12998]
	3548.87153	   0.01118	[mu,kappa]: [(40.39956,87.16416),144.73673]
	3460.42467	   0.01090	[mu,kappa]: [(40.48193,87.11408),143.78579]
	4156.04151	   0.01309	[mu,kappa]: [(40.43293,87.59616),266.52725]
	3712.60431	   0.01169	[mu,kappa]: [(40.42852,87.40062),197.26344]
	3633.33865	   0.01144	[mu,kappa]: [(40.47151,87.33388),185.01768]
	4197.82178	   0.01322	[mu,kappa]: [(40.26434,87.69461),278.00000]
	3979.10347	   0.01253	[mu,kappa]: [(40.48140,87.49854),235.40235]
	3825.57448	   0.01205	[mu,kappa]: [(40.45275,87.45085),212.54516]
	3720.77405	   0.01172	[mu,kappa]: [(40.54530,87.39298),207.04595]
	3392.00199	   0.01068	[mu,kappa]: [(40.38885,86.63627),91.94524]
	3301.91901	   0.01040	[mu,kappa]: [(40.67176,86.62840),99.99774]
	3453.48768	   0.01088	[mu,kappa]: [(40.27572,87.21777),146.35936]
	3961.25710	   0.01247	[mu,kappa]: [(40.71859,87.39320),232.75867]
	4308.36056	   0.01357	[mu,kappa]: [(40.50824,87.65235),278.00000]
	3849.37742	   0.01212	[mu,kappa]: [(40.60905,87.40058),219.69398]
	4601.01589	   0.01449	[mu,kappa]: [(40.21527,87.78854),278.00000]
	4232.13841	   0.01333	[mu,kappa]: [(40.45440,87.57083),262.87791]
	4699.62951	   0.01480	[mu,kappa]: [(40.30504,87.75796),278.00000]
	4501.31689	   0.01417	[mu,kappa]: [(40.41825,87.68014),278.00000]
	3264.57033	   0.01028	[mu,kappa]: [(40.83134,85.94321),66.31223]
	4167.60414	   0.01312	[mu,kappa]: [(40.28707,87.66238),270.78563]
	3508.74197	   0.01105	[mu,kappa]: [(40.08790,87.47316),178.07142]
	3463.35720	   0.01091	[mu,kappa]: [(40.48233,87.20215),156.89492]
	3329.38273	   0.01048	[mu,kappa]: [(40.99600,86.61665),110.17819]
	4303.16008	   0.01355	[mu,kappa]: [(40.35725,87.64484),274.09135]
			msglen: 5283524.75539 bits.
Iteration #: 3
	3990.70670	   0.01257	[mu,kappa]: [(40.64749,87.51425),269.56926]
	3931.99663	   0.01238	[mu,kappa]: [(40.70016,87.53282),278.00000]
	4710.85511	   0.01483	[mu,kappa]: [(40.51179,87.74612),278.00000]
	3927.27028	   0.01237	[mu,kappa]: [(40.34795,87.70164),278.00000]
	4393.25751	   0.01383	[mu,kappa]: [(40.36323,87.78668),278.00000]
	3684.66288	   0.01160	[mu,kappa]: [(40.31237,87.58795),241.64102]
	3677.70976	   0.01158	[mu,kappa]: [(40.56764,87.50500),250.22865]
	3781.85075	   0.01191	[mu,kappa]: [(40.26578,87.68364),273.22494]
	5174.75619	   0.01630	[mu,kappa]: [(41.26589,78.27190),7.90645]
	3566.44449	   0.01123	[mu,kappa]: [(40.71373,87.27079),197.24729]
	4717.28381	   0.01485	[mu,kappa]: [(40.38030,87.80386),278.00000]
	3736.97511	   0.01177	[mu,kappa]: [(40.34023,87.64109),265.95068]
	4304.55880	   0.01356	[mu,kappa]: [(40.29456,87.81090),278.00000]
	3298.54983	   0.01039	[mu,kappa]: [(40.34791,87.13543),144.15382]
	4073.65602	   0.01283	[mu,kappa]: [(40.57739,87.62765),278.00000]
	3646.28588	   0.01148	[mu,kappa]: [(40.66212,87.40710),231.43096]
	3238.02120	   0.01020	[mu,kappa]: [(40.54845,86.83359),119.39742]
	4241.17085	   0.01336	[mu,kappa]: [(40.25143,87.78625),278.00000]
	3482.98206	   0.01097	[mu,kappa]: [(40.51835,87.39532),208.11171]
	3605.88735	   0.01136	[mu,kappa]: [(40.20714,87.62610),240.41145]
	3195.22662	   0.01006	[mu,kappa]: [(41.08978,86.69944),128.88392]
	3915.71908	   0.01233	[mu,kappa]: [(40.52908,87.57139),274.79930]
	4405.87879	   0.01387	[mu,kappa]: [(40.54584,87.70403),278.00000]
	3444.42011	   0.01085	[mu,kappa]: [(40.53382,87.28380),182.84396]
	4535.14517	   0.01428	[mu,kappa]: [(40.25231,87.83430),278.00000]
	3656.70758	   0.01152	[mu,kappa]: [(40.32200,87.58167),242.18067]
	4044.04996	   0.01273	[mu,kappa]: [(39.96538,87.88632),278.00000]
	4461.77652	   0.01405	[mu,kappa]: [(40.38789,87.77843),278.00000]
	3588.44804	   0.01130	[mu,kappa]: [(40.20301,87.61977),236.95943]
	3538.23697	   0.01114	[mu,kappa]: [(40.36667,87.49942),220.18451]
	3262.59954	   0.01027	[mu,kappa]: [(41.20068,86.56973),120.63731]
	3548.82332	   0.01118	[mu,kappa]: [(40.15801,87.55788),212.00304]
	3914.95584	   0.01233	[mu,kappa]: [(40.63252,87.52376),270.37781]
	3432.78217	   0.01081	[mu,kappa]: [(40.25336,87.32572),167.70589]
	4189.41856	   0.01319	[mu,kappa]: [(40.38437,87.72610),278.00000]
	4177.55658	   0.01316	[mu,kappa]: [(40.25697,87.78375),278.00000]
	3294.11926	   0.01037	[mu,kappa]: [(40.39591,87.26195),167.21268]
	4492.62819	   0.01415	[mu,kappa]: [(40.29164,87.83256),278.00000]
	4130.01913	   0.01301	[mu,kappa]: [(40.55946,87.65185),278.00000]
	3689.33417	   0.01162	[mu,kappa]: [(40.31580,87.61743),254.74174]
	3795.14592	   0.01195	[mu,kappa]: [(40.15081,87.68905),255.38223]
	3312.81420	   0.01043	[mu,kappa]: [(41.25563,85.41958),61.87758]
	3372.02603	   0.01062	[mu,kappa]: [(40.81096,87.06206),162.65575]
	3618.46039	   0.01139	[mu,kappa]: [(40.28605,87.55681),228.03151]
	3238.73384	   0.01020	[mu,kappa]: [(40.48308,86.92189),124.89381]
	3793.78647	   0.01195	[mu,kappa]: [(40.44004,87.57685),259.90276]
	4386.09199	   0.01381	[mu,kappa]: [(40.09034,87.89842),278.00000]
	4515.08384	   0.01422	[mu,kappa]: [(40.22196,87.85555),278.00000]
	3361.16132	   0.01058	[mu,kappa]: [(40.24479,87.39527),181.19739]
	4993.04520	   0.01572	[mu,kappa]: [(43.09290,80.57674),17.69403]
	4216.08876	   0.01328	[mu,kappa]: [(40.45266,87.73310),278.00000]
	3291.07726	   0.01036	[mu,kappa]: [(40.47329,85.83158),64.21194]
	4305.90567	   0.01356	[mu,kappa]: [(40.45189,87.68651),278.00000]
	3331.78652	   0.01049	[mu,kappa]: [(40.73468,87.16541),176.01957]
	3262.24203	   0.01027	[mu,kappa]: [(41.07501,86.25648),92.84251]
	4815.41870	   0.01516	[mu,kappa]: [(39.64079,81.39560),17.38647]
	3512.20854	   0.01106	[mu,kappa]: [(41.05850,87.10845),194.44121]
	3366.31121	   0.01060	[mu,kappa]: [(40.34453,87.17781),149.51083]
	3281.38073	   0.01033	[mu,kappa]: [(40.47522,87.10910),148.01573]
	4259.69904	   0.01341	[mu,kappa]: [(40.37109,87.74407),278.00000]
	3616.31478	   0.01139	[mu,kappa]: [(40.36690,87.52005),227.25941]
	3510.21435	   0.01105	[mu,kappa]: [(40.42841,87.43206),208.69099]
	4345.63807	   0.01368	[mu,kappa]: [(40.17236,87.85438),278.00000]
	3983.28195	   0.01254	[mu,kappa]: [(40.43106,87.63614),278.00000]
	3766.26349	   0.01186	[mu,kappa]: [(40.39584,87.57569),250.36208]
	3647.37404	   0.01149	[mu,kappa]: [(40.51803,87.50137),241.82547]
	3294.73259	   0.01038	[mu,kappa]: [(40.47542,86.30056),81.68886]
	3181.39320	   0.01002	[mu,kappa]: [(40.94901,86.27431),90.73867]
	3278.81283	   0.01033	[mu,kappa]: [(40.15402,87.27113),151.98137]
	3954.82596	   0.01245	[mu,kappa]: [(40.72808,87.50211),278.00000]
	4452.37236	   0.01402	[mu,kappa]: [(40.45238,87.76103),278.00000]
	3807.13962	   0.01199	[mu,kappa]: [(40.59627,87.51428),260.73258]
	4767.21051	   0.01501	[mu,kappa]: [(40.10546,87.91295),278.00000]
	4325.10735	   0.01362	[mu,kappa]: [(40.39779,87.72092),278.00000]
	4864.97746	   0.01532	[mu,kappa]: [(40.21039,87.87170),278.00000]
	4654.52179	   0.01466	[mu,kappa]: [(40.34758,87.80122),278.00000]
	3370.10542	   0.01061	[mu,kappa]: [(41.62322,85.05971),56.50859]
	4290.23697	   0.01351	[mu,kappa]: [(40.19842,87.82484),278.00000]
	3385.44954	   0.01066	[mu,kappa]: [(39.89191,87.62288),198.93309]
	3297.16242	   0.01038	[mu,kappa]: [(40.45947,87.23577),166.91070]
	3192.75534	   0.01005	[mu,kappa]: [(41.45672,86.24676),102.98112]
	4437.91546	   0.01398	[mu,kappa]: [(40.28170,87.79887),278.00000]
			msglen: 5276971.88072 bits.
Iteration #: 4
	4011.61167	   0.01263	[mu,kappa]: [(40.67634,87.58031),278.00000]
	3971.82544	   0.01251	[mu,kappa]: [(40.73672,87.58442),278.00000]
	4759.21191	   0.01499	[mu,kappa]: [(40.48245,87.74992),278.00000]
	3969.74052	   0.01250	[mu,kappa]: [(40.29224,87.78090),278.00000]
	4441.09892	   0.01399	[mu,kappa]: [(40.29915,87.81749),278.00000]
	3650.29935	   0.01150	[mu,kappa]: [(40.24413,87.68602),277.15527]
	3657.52116	   0.01152	[mu,kappa]: [(40.57857,87.57175),278.00000]
	3814.04196	   0.01201	[mu,kappa]: [(40.19336,87.79303),278.00000]
	4976.36108	   0.01567	[mu,kappa]: [(38.09669,78.05609),7.28431]
	3457.13412	   0.01089	[mu,kappa]: [(40.80007,87.27592),214.08513]
	4768.24820	   0.01502	[mu,kappa]: [(40.31729,87.82038),278.00000]
	3751.57127	   0.01181	[mu,kappa]: [(40.28545,87.73869),278.00000]
	4353.40662	   0.01371	[mu,kappa]: [(40.21363,87.85138),278.00000]
	3162.55501	   0.00996	[mu,kappa]: [(40.25365,87.13270),142.31165]
	4114.79309	   0.01296	[mu,kappa]: [(40.57698,87.67072),278.00000]
	3590.58472	   0.01131	[mu,kappa]: [(40.71009,87.45414),262.37432]
	3128.22195	   0.00985	[mu,kappa]: [(40.59397,86.69718),111.92071]
	4290.41257	   0.01351	[mu,kappa]: [(40.16519,87.85325),278.00000]
	3390.45121	   0.01068	[mu,kappa]: [(40.52001,87.44530),229.38623]
	3572.72398	   0.01125	[mu,kappa]: [(40.10497,87.73936),275.41723]
	3089.96588	   0.00973	[mu,kappa]: [(41.50002,86.43917),123.88725]
	3947.75905	   0.01243	[mu,kappa]: [(40.52624,87.65443),278.00000]
	4450.78098	   0.01402	[mu,kappa]: [(40.52888,87.71837),278.00000]
	3319.75067	   0.01045	[mu,kappa]: [(40.54643,87.30498),194.04207]
	4588.15771	   0.01445	[mu,kappa]: [(40.15984,87.87635),278.00000]
	3623.40821	   0.01141	[mu,kappa]: [(40.25753,87.68051),277.90308]
	4104.31494	   0.01292	[mu,kappa]: [(39.80825,87.99391),278.00000]
	4509.74431	   0.01420	[mu,kappa]: [(40.32980,87.80554),278.00000]
	3549.03595	   0.01118	[mu,kappa]: [(40.09743,87.73207),270.49662]
	3465.37857	   0.01091	[mu,kappa]: [(40.31145,87.58235),246.53911]
	3174.16524	   0.01000	[mu,kappa]: [(41.71808,86.23834),114.25618]
	3467.36746	   0.01092	[mu,kappa]: [(40.01976,87.67086),234.97089]
	3937.19109	   0.01240	[mu,kappa]: [(40.65695,87.59109),278.00000]
	3298.38922	   0.01039	[mu,kappa]: [(40.12065,87.38597),173.37101]
	4234.23611	   0.01333	[mu,kappa]: [(40.33261,87.78112),278.00000]
	4225.87341	   0.01331	[mu,kappa]: [(40.17217,87.85025),278.00000]
	3162.51014	   0.00996	[mu,kappa]: [(40.33884,87.29048),172.67391]
	4543.80357	   0.01431	[mu,kappa]: [(40.20723,87.86285),278.00000]
	4171.88596	   0.01314	[mu,kappa]: [(40.55225,87.68839),278.00000]
	3681.10712	   0.01159	[mu,kappa]: [(40.25266,87.71972),278.00000]
	3793.21014	   0.01195	[mu,kappa]: [(40.03923,87.81129),278.00000]
	3514.35892	   0.01107	[mu,kappa]: [(42.15537,84.70662),54.88072]
	3238.68189	   0.01020	[mu,kappa]: [(40.97830,86.98721),166.70987]
	3559.64972	   0.01121	[mu,kappa]: [(40.20470,87.65582),257.73261]
	3119.79903	   0.00982	[mu,kappa]: [(40.47645,86.82331),118.42521]
	3793.90873	   0.01195	[mu,kappa]: [(40.41363,87.66562),278.00000]
	4444.75192	   0.01400	[mu,kappa]: [(39.95693,87.95956),278.00000]
	4569.14025	   0.01439	[mu,kappa]: [(40.12060,87.89644),278.00000]
	3241.15617	   0.01021	[mu,kappa]: [(40.11932,87.47364),191.78591]
	5473.46861	   0.01724	[mu,kappa]: [(44.91076,80.86953),21.70092]
	4260.11580	   0.01342	[mu,kappa]: [(40.41345,87.76257),278.00000]
	3440.22240	   0.01083	[mu,kappa]: [(40.60574,85.42144),56.07847]
	4350.57145	   0.01370	[mu,kappa]: [(40.41881,87.74002),278.00000]
	3206.96802	   0.01010	[mu,kappa]: [(40.84801,87.13531),184.70856]
	3249.92772	   0.01023	[mu,kappa]: [(41.61357,85.80238),83.32113]
	5187.58019	   0.01634	[mu,kappa]: [(39.55088,82.12653),19.78719]
	3412.46702	   0.01075	[mu,kappa]: [(41.29558,87.04879),210.19384]
	3226.74217	   0.01016	[mu,kappa]: [(40.25035,87.18585),149.22723]
	3144.46547	   0.00990	[mu,kappa]: [(40.46063,87.08238),147.28175]
	4305.66591	   0.01356	[mu,kappa]: [(40.31429,87.79417),278.00000]
	3554.46285	   0.01119	[mu,kappa]: [(40.31365,87.60714),256.60360]
	3418.35047	   0.01076	[mu,kappa]: [(40.39497,87.49916),230.21507]
	4399.63253	   0.01385	[mu,kappa]: [(40.06125,87.91182),278.00000]
	4024.36219	   0.01267	[mu,kappa]: [(40.40063,87.72205),278.00000]
	3747.23479	   0.01180	[mu,kappa]: [(40.35533,87.66541),278.00000]
	3610.97233	   0.01137	[mu,kappa]: [(40.51537,87.57221),277.29650]
	3320.89332	   0.01046	[mu,kappa]: [(40.52174,85.99475),71.71506]
	3172.52137	   0.00999	[mu,kappa]: [(41.38840,85.85105),80.97272]
	3147.22889	   0.00991	[mu,kappa]: [(39.94848,87.33305),152.50239]
	3995.03076	   0.01258	[mu,kappa]: [(40.77430,87.56022),278.00000]
	4498.94272	   0.01417	[mu,kappa]: [(40.40935,87.77631),278.00000]
	3808.15903	   0.01199	[mu,kappa]: [(40.61376,87.58388),278.00000]
	4830.23888	   0.01521	[mu,kappa]: [(39.97317,87.96174),278.00000]
	4371.06866	   0.01376	[mu,kappa]: [(40.34938,87.77427),278.00000]
	4923.78970	   0.01550	[mu,kappa]: [(40.10457,87.90800),278.00000]
	4705.66386	   0.01482	[mu,kappa]: [(40.27845,87.82961),278.00000]
	3651.13810	   0.01150	[mu,kappa]: [(42.90683,84.20293),51.14099]
	4342.25777	   0.01367	[mu,kappa]: [(40.09645,87.88909),278.00000]
	3300.71117	   0.01039	[mu,kappa]: [(39.62799,87.77562),216.61678]
	3164.80047	   0.00997	[mu,kappa]: [(40.43568,87.24850),172.27448]
	3169.47708	   0.00998	[mu,kappa]: [(42.25282,85.73117),94.93441]
	4488.57118	   0.01413	[mu,kappa]: [(40.19980,87.84966),278.00000]
			msglen: 5272964.02143 bits.
Iteration #: 5
	4033.72243	   0.01270	[mu,kappa]: [(40.73205,87.58854),278.00000]
	3994.98305	   0.01258	[mu,kappa]: [(40.80503,87.57091),278.00000]
	4783.49961	   0.01506	[mu,kappa]: [(40.47199,87.73639),278.00000]
	3992.29277	   0.01257	[mu,kappa]: [(40.23494,87.81401),278.00000]
	4466.24652	   0.01406	[mu,kappa]: [(40.23841,87.82985),278.00000]
	3669.59002	   0.01156	[mu,kappa]: [(40.18824,87.78180),278.00000]
	3676.31201	   0.01158	[mu,kappa]: [(40.61396,87.61620),278.00000]
	3838.02599	   0.01209	[mu,kappa]: [(40.11196,87.85245),278.00000]
	4544.97945	   0.01431	[mu,kappa]: [(33.69803,77.88881),6.85799]
	3376.13488	   0.01063	[mu,kappa]: [(40.92929,87.27339),234.69284]
	4794.78294	   0.01510	[mu,kappa]: [(40.26025,87.82534),278.00000]
	3772.77905	   0.01188	[mu,kappa]: [(40.23237,87.79532),278.00000]
	4380.45979	   0.01379	[mu,kappa]: [(40.12891,87.87463),278.00000]
	3042.48938	   0.00958	[mu,kappa]: [(40.04330,87.18558),140.04899]
	4136.14634	   0.01302	[mu,kappa]: [(40.59836,87.66612),278.00000]
	3582.86682	   0.01128	[mu,kappa]: [(40.79067,87.49122),278.00000]
	3034.11690	   0.00955	[mu,kappa]: [(40.53827,86.61615),105.16356]
	4318.68563	   0.01360	[mu,kappa]: [(40.06919,87.89145),278.00000]
	3328.56410	   0.01048	[mu,kappa]: [(40.54057,87.49536),255.15630]
	3592.44163	   0.01131	[mu,kappa]: [(40.00821,87.85222),278.00000]
	3012.44075	   0.00949	[mu,kappa]: [(42.08322,86.13246),121.22271]
	3967.96074	   0.01250	[mu,kappa]: [(40.53866,87.67458),278.00000]
	4473.53840	   0.01409	[mu,kappa]: [(40.53306,87.70554),278.00000]
	3213.93513	   0.01012	[mu,kappa]: [(40.56850,87.33236),207.06207]
	4618.68726	   0.01454	[mu,kappa]: [(40.05947,87.90461),278.00000]
	3643.61686	   0.01147	[mu,kappa]: [(40.20595,87.77550),278.00000]
	4150.92698	   0.01307	[mu,kappa]: [(39.61051,88.07807),278.00000]
	4534.59037	   0.01428	[mu,kappa]: [(40.27760,87.81390),278.00000]
	3560.18875	   0.01121	[mu,kappa]: [(39.99524,87.84580),278.00000]
	3430.57278	   0.01080	[mu,kappa]: [(40.26384,87.66743),278.00000]
	3122.62252	   0.00983	[mu,kappa]: [(42.46094,85.84518),111.06911]
	3422.94437	   0.01078	[mu,kappa]: [(39.86031,87.79749),262.11743]
	3958.57190	   0.01247	[mu,kappa]: [(40.70693,87.60026),278.00000]
	3183.17153	   0.01002	[mu,kappa]: [(39.90784,87.48745),179.09116]
	4257.49263	   0.01341	[mu,kappa]: [(40.28439,87.80089),278.00000]
	4253.47373	   0.01339	[mu,kappa]: [(40.07817,87.88768),278.00000]
	3045.73610	   0.00959	[mu,kappa]: [(40.23998,87.34531),178.42424]
	4572.27040	   0.01440	[mu,kappa]: [(40.11949,87.88240),278.00000]
	4193.36269	   0.01321	[mu,kappa]: [(40.56573,87.68300),278.00000]
	3702.32991	   0.01166	[mu,kappa]: [(40.19471,87.79667),278.00000]
	3822.24891	   0.01204	[mu,kappa]: [(39.91990,87.91213),278.00000]
	3697.86441	   0.01164	[mu,kappa]: [(43.25105,84.10151),52.26063]
	3122.70698	   0.00983	[mu,kappa]: [(41.21205,86.89912),172.10370]
	3545.18939	   0.01116	[mu,kappa]: [(40.12789,87.75652),278.00000]
	3016.65355	   0.00950	[mu,kappa]: [(40.35141,86.78645),112.26883]
	3813.42917	   0.01201	[mu,kappa]: [(40.39941,87.71701),278.00000]
	4484.79066	   0.01412	[mu,kappa]: [(39.79858,88.01225),278.00000]
	4601.25953	   0.01449	[mu,kappa]: [(40.00854,87.92739),278.00000]
	3142.55748	   0.00990	[mu,kappa]: [(39.94108,87.58089),203.38219]
	5862.90533	   0.01846	[mu,kappa]: [(47.14007,80.80451),26.38688]
	4282.37260	   0.01349	[mu,kappa]: [(40.38590,87.76522),278.00000]
	3566.05429	   0.01123	[mu,kappa]: [(40.37441,85.29786),51.42132]
	4373.21381	   0.01377	[mu,kappa]: [(40.39555,87.75228),278.00000]
	3100.68126	   0.00976	[mu,kappa]: [(41.00929,87.09742),195.27920]
	3261.77633	   0.01027	[mu,kappa]: [(42.30998,85.34496),77.53889]
	5376.41108	   0.01693	[mu,kappa]: [(38.58735,83.04453),22.17475]
	3352.42833	   0.01056	[mu,kappa]: [(41.62275,86.96258),230.54507]
	3102.90842	   0.00977	[mu,kappa]: [(40.05566,87.24439),148.52551]
	3020.04708	   0.00951	[mu,kappa]: [(40.39067,87.08786),146.35683]
	4329.68783	   0.01363	[mu,kappa]: [(40.26016,87.81335),278.00000]
	3535.78758	   0.01113	[mu,kappa]: [(40.27107,87.69359),278.00000]
	3357.56506	   0.01057	[mu,kappa]: [(40.36987,87.56909),256.10136]
	4433.32946	   0.01396	[mu,kappa]: [(39.93348,87.95446),278.00000]
	4045.44299	   0.01274	[mu,kappa]: [(40.37576,87.74931),278.00000]
	3766.90463	   0.01186	[mu,kappa]: [(40.32803,87.73601),278.00000]
	3627.71640	   0.01142	[mu,kappa]: [(40.53648,87.63621),278.00000]
	3358.42210	   0.01058	[mu,kappa]: [(40.26552,85.88201),64.90696]
	3180.39875	   0.01002	[mu,kappa]: [(41.90118,85.45819),74.61763]
	3038.80769	   0.00957	[mu,kappa]: [(39.58034,87.46796),152.46466]
	4019.31270	   0.01266	[mu,kappa]: [(40.85413,87.54655),278.00000]
	4522.46417	   0.01424	[mu,kappa]: [(40.37899,87.77338),278.00000]
	3828.19944	   0.01206	[mu,kappa]: [(40.65525,87.61076),278.00000]
	4872.67814	   0.01534	[mu,kappa]: [(39.81830,88.00798),278.00000]
	4394.75517	   0.01384	[mu,kappa]: [(40.30586,87.79200),278.00000]
	4959.19396	   0.01562	[mu,kappa]: [(39.98727,87.93835),278.00000]
	4732.83364	   0.01490	[mu,kappa]: [(40.21139,87.84263),278.00000]
	3927.89451	   0.01237	[mu,kappa]: [(44.56628,83.43270),50.81433]
	4373.78557	   0.01377	[mu,kappa]: [(39.97984,87.93170),278.00000]
	3257.27537	   0.01026	[mu,kappa]: [(39.28317,87.96716),236.47647]
	3046.44882	   0.00959	[mu,kappa]: [(40.38701,87.28201),178.05472]
	3206.14854	   0.01010	[mu,kappa]: [(43.40425,85.12915),92.22248]
	4516.89577	   0.01422	[mu,kappa]: [(40.11218,87.87832),278.00000]
			msglen: 5269485.33655 bits.
Iteration #: 6
	4054.20271	   0.01277	[mu,kappa]: [(40.82176,87.55937),278.00000]
	4017.81293	   0.01265	[mu,kappa]: [(40.91317,87.52693),278.00000]
	4801.75266	   0.01512	[mu,kappa]: [(40.48313,87.71781),278.00000]
	4009.33072	   0.01263	[mu,kappa]: [(40.18080,87.83386),278.00000]
	4485.21373	   0.01412	[mu,kappa]: [(40.18293,87.84060),278.00000]
	3685.97730	   0.01161	[mu,kappa]: [(40.12752,87.83313),278.00000]
	3692.20836	   0.01163	[mu,kappa]: [(40.67363,87.61151),278.00000]
	3857.43340	   0.01215	[mu,kappa]: [(40.02361,87.89328),278.00000]
	4035.29717	   0.01271	[mu,kappa]: [(29.30147,77.64245),6.65293]
	3330.92498	   0.01049	[mu,kappa]: [(41.11142,87.26243),263.28021]
	4814.63495	   0.01516	[mu,kappa]: [(40.21048,87.83121),278.00000]
	3788.88922	   0.01193	[mu,kappa]: [(40.18018,87.82540),278.00000]
	4402.09668	   0.01386	[mu,kappa]: [(40.04158,87.89873),278.00000]
	2932.14748	   0.00923	[mu,kappa]: [(39.63738,87.32477),138.24761]
	4153.56177	   0.01308	[mu,kappa]: [(40.64766,87.64161),278.00000]
	3603.13091	   0.01135	[mu,kappa]: [(40.90670,87.49138),278.00000]
	2934.36368	   0.00924	[mu,kappa]: [(40.25967,86.64083),99.81560]
	4342.19170	   0.01367	[mu,kappa]: [(39.96538,87.92668),278.00000]
	3305.03847	   0.01041	[mu,kappa]: [(40.59109,87.54360),278.00000]
	3613.82434	   0.01138	[mu,kappa]: [(39.89509,87.92726),278.00000]
	2954.30545	   0.00930	[mu,kappa]: [(42.87172,85.78190),124.07359]
	3983.82417	   0.01255	[mu,kappa]: [(40.57338,87.66522),278.00000]
	4491.21097	   0.01414	[mu,kappa]: [(40.56226,87.68254),278.00000]
	3124.84068	   0.00984	[mu,kappa]: [(40.61165,87.36452),224.74821]
	4644.26593	   0.01462	[mu,kappa]: [(39.95157,87.93640),278.00000]
	3659.53267	   0.01152	[mu,kappa]: [(40.15025,87.82419),278.00000]
	4203.15423	   0.01324	[mu,kappa]: [(39.36940,88.17034),278.00000]
	4553.06817	   0.01434	[mu,kappa]: [(40.23343,87.81984),278.00000]
	3581.76909	   0.01128	[mu,kappa]: [(39.87985,87.92834),278.00000]
	3444.01828	   0.01085	[mu,kappa]: [(40.23637,87.75131),278.00000]
	3101.23973	   0.00977	[mu,kappa]: [(43.45993,85.39950),114.57307]
	3423.32925	   0.01078	[mu,kappa]: [(39.69553,87.93404),278.00000]
	3977.90612	   0.01253	[mu,kappa]: [(40.78947,87.57339),278.00000]
	3084.56387	   0.00971	[mu,kappa]: [(39.58930,87.64080),186.17440]
	4274.75203	   0.01346	[mu,kappa]: [(40.24357,87.81115),278.00000]
	4276.28071	   0.01347	[mu,kappa]: [(39.97701,87.92186),278.00000]
	2937.44421	   0.00925	[mu,kappa]: [(40.08936,87.43230),186.03178]
	4595.18735	   0.01447	[mu,kappa]: [(40.02887,87.90567),278.00000]
	4210.43654	   0.01326	[mu,kappa]: [(40.60539,87.66065),278.00000]
	3718.82545	   0.01171	[mu,kappa]: [(40.13349,87.83841),278.00000]
	3849.22943	   0.01212	[mu,kappa]: [(39.77738,87.98605),278.00000]
	3786.20034	   0.01192	[mu,kappa]: [(44.48074,83.58375),53.36372]
	3020.22578	   0.00951	[mu,kappa]: [(41.53288,86.79513),181.73529]
	3562.02553	   0.01122	[mu,kappa]: [(40.05630,87.84034),278.00000]
	2913.72119	   0.00918	[mu,kappa]: [(39.98647,86.85872),107.18553]
	3827.98910	   0.01205	[mu,kappa]: [(40.39662,87.73177),278.00000]
	4525.03039	   0.01425	[mu,kappa]: [(39.61298,88.07562),278.00000]
	4629.16895	   0.01458	[mu,kappa]: [(39.88537,87.96443),278.00000]
	3064.24826	   0.00965	[mu,kappa]: [(39.70693,87.72046),217.92934]
	6216.55010	   0.01958	[mu,kappa]: [(49.89896,80.32035),33.06502]
	4298.73466	   0.01354	[mu,kappa]: [(40.37341,87.76024),278.00000]
	3623.80405	   0.01141	[mu,kappa]: [(39.36869,85.57496),49.28387]
	4389.88146	   0.01382	[mu,kappa]: [(40.38705,87.75064),278.00000]
	3012.15466	   0.00949	[mu,kappa]: [(41.23492,87.04977),210.90278]
	3246.24123	   0.01022	[mu,kappa]: [(43.13434,84.91472),76.18282]
	5475.04835	   0.01724	[mu,kappa]: [(36.25316,84.33060),25.42070]
	3351.93134	   0.01056	[mu,kappa]: [(42.03992,86.85470),260.42718]
	2988.45363	   0.00941	[mu,kappa]: [(39.69944,87.37659),148.34739]
	2896.69512	   0.00912	[mu,kappa]: [(40.22817,87.14164),146.33336]
	4347.64820	   0.01369	[mu,kappa]: [(40.21200,87.82528),278.00000]
	3549.81776	   0.01118	[mu,kappa]: [(40.24175,87.76201),278.00000]
	3334.75685	   0.01050	[mu,kappa]: [(40.36581,87.63990),278.00000]
	4464.20751	   0.01406	[mu,kappa]: [(39.78855,88.00255),278.00000]
	4060.96969	   0.01279	[mu,kappa]: [(40.36313,87.75561),278.00000]
	3781.62845	   0.01191	[mu,kappa]: [(40.30619,87.76456),278.00000]
	3642.23496	   0.01147	[mu,kappa]: [(40.57599,87.64671),278.00000]
	3372.47455	   0.01062	[mu,kappa]: [(39.35205,86.09494),60.91969]
	3148.29883	   0.00991	[mu,kappa]: [(42.41046,85.13818),71.76252]
	2959.89716	   0.00932	[mu,kappa]: [(38.95761,87.71063),152.86656]
	4044.37215	   0.01274	[mu,kappa]: [(40.97633,87.49883),278.00000]
	4539.74432	   0.01430	[mu,kappa]: [(40.36380,87.76656),278.00000]
	3845.60596	   0.01211	[mu,kappa]: [(40.72488,87.59539),278.00000]
	4914.81356	   0.01548	[mu,kappa]: [(39.63812,88.06700),278.00000]
	4412.24071	   0.01389	[mu,kappa]: [(40.27125,87.79971),278.00000]
	4990.44035	   0.01571	[mu,kappa]: [(39.85751,87.97686),278.00000]
	4753.57392	   0.01497	[mu,kappa]: [(40.14784,87.85580),278.00000]
	4165.65691	   0.01312	[mu,kappa]: [(46.56000,82.69405),56.21304]
	4401.72033	   0.01386	[mu,kappa]: [(39.84918,87.97601),278.00000]
	3266.94903	   0.01029	[mu,kappa]: [(38.86083,88.19703),260.76467]
	2934.91560	   0.00924	[mu,kappa]: [(40.30968,87.33973),185.97703]
	3305.93120	   0.01041	[mu,kappa]: [(44.90494,84.47492),98.88716]
	4539.78036	   0.01430	[mu,kappa]: [(40.02038,87.90605),278.00000]
			msglen: 5264330.49862 bits.
Iteration #: 7
	4073.00738	   0.01283	[mu,kappa]: [(40.95413,87.50658),278.00000]
	4041.22588	   0.01273	[mu,kappa]: [(41.06899,87.46137),278.00000]
	4811.11240	   0.01515	[mu,kappa]: [(40.52103,87.69391),278.00000]
	4017.55152	   0.01265	[mu,kappa]: [(40.13468,87.84908),278.00000]
	4494.32746	   0.01415	[mu,kappa]: [(40.13640,87.85176),278.00000]
	3694.44147	   0.01163	[mu,kappa]: [(40.06912,87.86593),278.00000]
	3703.83944	   0.01166	[mu,kappa]: [(40.76746,87.57979),278.00000]
	3869.07914	   0.01218	[mu,kappa]: [(39.93279,87.92956),278.00000]
	3423.84099	   0.01078	[mu,kappa]: [(25.63868,76.74675),6.36082]
	3337.48426	   0.01051	[mu,kappa]: [(41.34873,87.24170),278.00000]
	4823.88749	   0.01519	[mu,kappa]: [(40.17156,87.83818),278.00000]
	3796.67501	   0.01196	[mu,kappa]: [(40.13505,87.84506),278.00000]
	4414.74652	   0.01390	[mu,kappa]: [(39.95426,87.92646),278.00000]
	2832.68488	   0.00892	[mu,kappa]: [(38.96472,87.57569),138.05786]
	4165.61289	   0.01312	[mu,kappa]: [(40.73182,87.60319),278.00000]
	3624.12849	   0.01141	[mu,kappa]: [(41.06603,87.44539),278.00000]
	2812.61533	   0.00886	[mu,kappa]: [(39.65438,86.81382),96.78015]
	4357.56773	   0.01372	[mu,kappa]: [(39.85628,87.96509),278.00000]
	3313.44947	   0.01043	[mu,kappa]: [(40.67623,87.57181),278.00000]
	3629.24008	   0.01143	[mu,kappa]: [(39.76906,87.98823),278.00000]
	2929.87736	   0.00923	[mu,kappa]: [(43.88210,85.40037),137.38366]
	3993.42713	   0.01258	[mu,kappa]: [(40.63823,87.63871),278.00000]
	4501.62824	   0.01418	[mu,kappa]: [(40.62233,87.65095),278.00000]
	3053.56146	   0.00962	[mu,kappa]: [(40.69653,87.39419),250.24818]
	4661.34236	   0.01468	[mu,kappa]: [(39.83788,87.97441),278.00000]
	3667.51547	   0.01155	[mu,kappa]: [(40.09834,87.85412),278.00000]
	4262.95422	   0.01342	[mu,kappa]: [(39.08051,88.28099),278.00000]
	4561.52017	   0.01436	[mu,kappa]: [(40.20132,87.82511),278.00000]
	3597.65287	   0.01133	[mu,kappa]: [(39.75001,87.99373),278.00000]
	3450.32765	   0.01087	[mu,kappa]: [(40.21412,87.78990),278.00000]
	3136.93522	   0.00988	[mu,kappa]: [(44.69343,84.93321),130.57622]
	3446.77599	   0.01085	[mu,kappa]: [(39.51985,88.05669),278.00000]
	3994.86839	   0.01258	[mu,kappa]: [(40.91313,87.52386),278.00000]
	3001.91260	   0.00945	[mu,kappa]: [(39.15733,87.84766),195.90548]
	4282.59909	   0.01349	[mu,kappa]: [(40.21495,87.81750),278.00000]
	4290.95136	   0.01351	[mu,kappa]: [(39.87132,87.95891),278.00000]
	2831.47229	   0.00892	[mu,kappa]: [(39.89748,87.54741),197.02569]
	4608.84256	   0.01451	[mu,kappa]: [(39.93764,87.93403),278.00000]
	4221.36109	   0.01329	[mu,kappa]: [(40.67782,87.62621),278.00000]
	3727.27249	   0.01174	[mu,kappa]: [(40.07578,87.86663),278.00000]
	3871.67255	   0.01219	[mu,kappa]: [(39.61501,88.05582),278.00000]
	3729.40831	   0.01174	[mu,kappa]: [(45.87186,83.12935),59.92996]
	2937.30617	   0.00925	[mu,kappa]: [(41.96803,86.66923),199.18000]
	3571.70329	   0.01125	[mu,kappa]: [(39.98024,87.89258),278.00000]
	2802.93596	   0.00883	[mu,kappa]: [(39.26976,87.08359),104.25730]
	3834.76053	   0.01208	[mu,kappa]: [(40.41338,87.72860),278.00000]
	4564.28873	   0.01437	[mu,kappa]: [(39.39819,88.15404),278.00000]
	4649.58774	   0.01464	[mu,kappa]: [(39.75207,88.00988),278.00000]
	3005.06221	   0.00946	[mu,kappa]: [(39.43130,87.88643),237.40104]
	6639.11769	   0.02091	[mu,kappa]: [(52.91132,79.58451),45.94868]
	4306.14552	   0.01356	[mu,kappa]: [(40.38112,87.75030),278.00000]
	3624.99374	   0.01142	[mu,kappa]: [(37.33728,86.35217),51.12056]
	4397.50345	   0.01385	[mu,kappa]: [(40.39912,87.74112),278.00000]
	2948.49604	   0.00929	[mu,kappa]: [(41.54343,86.98721),235.22613]
	3164.41530	   0.00997	[mu,kappa]: [(44.11854,84.52047),81.16180]
	5636.06155	   0.01775	[mu,kappa]: [(32.59805,86.18518),33.21686]
	3447.98023	   0.01086	[mu,kappa]: [(42.52208,86.73462),278.00000]
	2882.03409	   0.00908	[mu,kappa]: [(39.13337,87.59891),149.75593]
	2763.95063	   0.00870	[mu,kappa]: [(39.95855,87.24930),148.24635]
	4356.02299	   0.01372	[mu,kappa]: [(40.17423,87.83473),278.00000]
	3556.31647	   0.01120	[mu,kappa]: [(40.21930,87.79352),278.00000]
	3340.28283	   0.01052	[mu,kappa]: [(40.38798,87.69239),278.00000]
	4489.63207	   0.01414	[mu,kappa]: [(39.62673,88.06037),278.00000]
	4067.97887	   0.01281	[mu,kappa]: [(40.36914,87.75128),278.00000]
	3788.21157	   0.01193	[mu,kappa]: [(40.29812,87.77405),278.00000]
	3651.16485	   0.01150	[mu,kappa]: [(40.64391,87.62857),278.00000]
	3375.58652	   0.01063	[mu,kappa]: [(37.51518,86.74785),61.34763]
	3023.48269	   0.00952	[mu,kappa]: [(42.92645,84.90143),73.15657]
	2934.80743	   0.00924	[mu,kappa]: [(37.99266,88.09251),155.54384]
	4071.78534	   0.01282	[mu,kappa]: [(41.14896,87.42729),278.00000]
	4547.50956	   0.01432	[mu,kappa]: [(40.36849,87.75655),278.00000]
	3859.45594	   0.01215	[mu,kappa]: [(40.83187,87.55541),278.00000]
	4955.07826	   0.01560	[mu,kappa]: [(39.43072,88.14153),278.00000]
	4420.06067	   0.01392	[mu,kappa]: [(40.25049,87.80287),278.00000]
	5014.13569	   0.01579	[mu,kappa]: [(39.71584,88.02513),278.00000]
	4763.96429	   0.01500	[mu,kappa]: [(40.09114,87.87067),278.00000]
	4416.47168	   0.01391	[mu,kappa]: [(48.68942,82.01408),72.49763]
	4423.11644	   0.01393	[mu,kappa]: [(39.70561,88.02742),278.00000]
	3343.45478	   0.01053	[mu,kappa]: [(38.38155,88.45572),278.00000]
	2823.47879	   0.00889	[mu,kappa]: [(40.22071,87.41554),197.77904]
	3542.68270	   0.01116	[mu,kappa]: [(46.56227,83.86050),122.57312]
	4553.58000	   0.01434	[mu,kappa]: [(39.92708,87.93697),278.00000]
			msglen: 5255135.32743 bits.
Iteration #: 8
	4090.61979	   0.01288	[mu,kappa]: [(41.12853,87.43793),278.00000]
	4066.59513	   0.01281	[mu,kappa]: [(41.26968,87.38062),278.00000]
	4808.67827	   0.01514	[mu,kappa]: [(40.58991,87.66370),278.00000]
	4012.73066	   0.01264	[mu,kappa]: [(40.10562,87.86047),278.00000]
	4488.86074	   0.01414	[mu,kappa]: [(40.10735,87.86127),278.00000]
	3690.84197	   0.01162	[mu,kappa]: [(40.02417,87.88924),278.00000]
	3710.38636	   0.01168	[mu,kappa]: [(40.89816,87.53123),278.00000]
	3868.35585	   0.01218	[mu,kappa]: [(39.85070,87.96346),278.00000]
	2676.81063	   0.00843	[mu,kappa]: [(22.64555,73.49833),5.55973]
	3379.41049	   0.01064	[mu,kappa]: [(41.62569,87.18534),278.00000]
	4817.61535	   0.01517	[mu,kappa]: [(40.15155,87.84359),278.00000]
	3792.13668	   0.01194	[mu,kappa]: [(40.10658,87.85834),278.00000]
	4413.19895	   0.01390	[mu,kappa]: [(39.87718,87.95521),278.00000]
	2731.82748	   0.00860	[mu,kappa]: [(38.06236,87.93647),144.32193]
	4171.16155	   0.01314	[mu,kappa]: [(40.85281,87.55384),278.00000]
	3646.91024	   0.01148	[mu,kappa]: [(41.26828,87.37337),278.00000]
	2627.61958	   0.00828	[mu,kappa]: [(38.77798,87.13628),99.53969]
	4359.49496	   0.01373	[mu,kappa]: [(39.75313,88.00508),278.00000]
	3316.25589	   0.01044	[mu,kappa]: [(40.79080,87.55485),278.00000]
	3634.12076	   0.01144	[mu,kappa]: [(39.64389,88.04393),278.00000]
	2974.13845	   0.00937	[mu,kappa]: [(44.94752,85.07215),169.36274]
	3995.07373	   0.01258	[mu,kappa]: [(40.73688,87.60017),278.00000]
	4502.76123	   0.01418	[mu,kappa]: [(40.71636,87.61118),278.00000]
	3010.85889	   0.00948	[mu,kappa]: [(40.83124,87.42022),278.00000]
	4664.19622	   0.01469	[mu,kappa]: [(39.72954,88.01548),278.00000]
	3663.54130	   0.01154	[mu,kappa]: [(40.06104,87.87426),278.00000]
	4327.88023	   0.01363	[mu,kappa]: [(38.75996,88.40707),278.00000]
	4555.42361	   0.01435	[mu,kappa]: [(40.18914,87.82784),278.00000]
	3603.27390	   0.01135	[mu,kappa]: [(39.61995,88.05264),278.00000]
	3445.76512	   0.01085	[mu,kappa]: [(40.20911,87.80625),278.00000]
	3285.80906	   0.01035	[mu,kappa]: [(45.88130,84.56967),167.77847]
	3463.50705	   0.01091	[mu,kappa]: [(39.33018,88.15639),278.00000]
	4009.63061	   0.01263	[mu,kappa]: [(41.07789,87.45900),278.00000]
	2928.78085	   0.00922	[mu,kappa]: [(38.65978,88.09475),213.08930]
	4276.85232	   0.01347	[mu,kappa]: [(40.20655,87.81981),278.00000]
	4292.26961	   0.01352	[mu,kappa]: [(39.77223,87.99730),278.00000]
	2718.68065	   0.00856	[mu,kappa]: [(39.70740,87.67962),216.11838]
	4607.75391	   0.01451	[mu,kappa]: [(39.85602,87.96418),278.00000]
	4224.60912	   0.01330	[mu,kappa]: [(40.78563,87.58184),278.00000]
	3723.54584	   0.01173	[mu,kappa]: [(40.03214,87.88752),278.00000]
	3884.80889	   0.01223	[mu,kappa]: [(39.44699,88.12597),278.00000]
	3507.90068	   0.01105	[mu,kappa]: [(47.25573,82.80083),77.26487]
	2891.62179	   0.00911	[mu,kappa]: [(42.49033,86.53948),230.94308]
	3569.84208	   0.01124	[mu,kappa]: [(39.91305,87.93021),278.00000]
	2653.81546	   0.00836	[mu,kappa]: [(38.24764,87.46437),107.60015]
	3830.86352	   0.01206	[mu,kappa]: [(40.45657,87.71411),278.00000]
	4597.60742	   0.01448	[mu,kappa]: [(39.16835,88.24323),278.00000]
	4656.74123	   0.01466	[mu,kappa]: [(39.62041,88.06004),278.00000]
	2964.20694	   0.00933	[mu,kappa]: [(39.15882,88.06449),267.25826]
	7182.18959	   0.02262	[mu,kappa]: [(55.03244,78.92551),66.00416]
	4301.20676	   0.01354	[mu,kappa]: [(40.41507,87.73491),278.00000]
	3557.08981	   0.01120	[mu,kappa]: [(34.75945,87.50203),61.74572]
	4392.71451	   0.01383	[mu,kappa]: [(40.43784,87.72477),278.00000]
	2928.91457	   0.00922	[mu,kappa]: [(41.91321,86.92117),274.65975]
	2991.16150	   0.00942	[mu,kappa]: [(45.21122,84.20819),97.74242]
	6047.89396	   0.01904	[mu,kappa]: [(29.09296,88.16008),53.14640]
	3638.75580	   0.01146	[mu,kappa]: [(43.03028,86.58694),278.00000]
	2770.02559	   0.00872	[mu,kappa]: [(38.39683,87.90589),157.32501]
	2599.51255	   0.00819	[mu,kappa]: [(39.62928,87.40275),155.97434]
	4350.38541	   0.01370	[mu,kappa]: [(40.15522,87.84103),278.00000]
	3551.59775	   0.01118	[mu,kappa]: [(40.21488,87.80646),278.00000]
	3336.65191	   0.01051	[mu,kappa]: [(40.43078,87.70371),278.00000]
	4504.08755	   0.01418	[mu,kappa]: [(39.46078,88.12455),278.00000]
	4063.20462	   0.01280	[mu,kappa]: [(40.40057,87.73909),278.00000]
	3783.26123	   0.01191	[mu,kappa]: [(40.31229,87.77237),278.00000]
	3652.93724	   0.01150	[mu,kappa]: [(40.74497,87.59333),278.00000]
	3358.24195	   0.01058	[mu,kappa]: [(35.11446,87.76062),71.58937]
	2750.16742	   0.00866	[mu,kappa]: [(43.52694,84.74787),81.86639]
	2987.86838	   0.00941	[mu,kappa]: [(36.74353,88.60476),167.63497]
	4103.58455	   0.01292	[mu,kappa]: [(41.36802,87.33947),278.00000]
	4542.09458	   0.01430	[mu,kappa]: [(40.39911,87.74193),278.00000]
	3869.34253	   0.01218	[mu,kappa]: [(40.97767,87.49944),278.00000]
	4987.93448	   0.01571	[mu,kappa]: [(39.20996,88.22672),278.00000]
	4414.06183	   0.01390	[mu,kappa]: [(40.25126,87.80151),278.00000]
	5024.04742	   0.01582	[mu,kappa]: [(39.57423,88.07900),278.00000]
	4758.81298	   0.01499	[mu,kappa]: [(40.05021,87.88477),278.00000]
	4769.37990	   0.01502	[mu,kappa]: [(50.16873,81.60654),106.52268]
	4432.48486	   0.01396	[mu,kappa]: [(39.56144,88.08335),278.00000]
	3482.95943	   0.01097	[mu,kappa]: [(37.86599,88.71680),278.00000]
	2704.42150	   0.00852	[mu,kappa]: [(40.15904,87.50023),218.32565]
	4029.75564	   0.01269	[mu,kappa]: [(47.80756,83.48788),170.56108]
	4552.86120	   0.01434	[mu,kappa]: [(39.84283,87.96894),278.00000]
			msglen: 5242548.65928 bits.
Iteration #: 9
	4105.05900	   0.01293	[mu,kappa]: [(41.32566,87.36299),278.00000]
	4091.85700	   0.01289	[mu,kappa]: [(41.49186,87.29499),278.00000]
	4791.31162	   0.01509	[mu,kappa]: [(40.68448,87.62804),278.00000]
	3990.44476	   0.01257	[mu,kappa]: [(40.10107,87.86554),278.00000]
	4463.86920	   0.01406	[mu,kappa]: [(40.10298,87.86545),278.00000]
	3670.74592	   0.01156	[mu,kappa]: [(40.00281,87.90351),278.00000]
	3709.96355	   0.01168	[mu,kappa]: [(41.05299,87.47432),278.00000]
	3849.74548	   0.01212	[mu,kappa]: [(39.79143,87.99102),278.00000]
	2085.02263	   0.00657	[mu,kappa]: [(20.23824,66.32795),4.59738]
	3428.86146	   0.01080	[mu,kappa]: [(41.91386,87.09817),278.00000]
	4790.75561	   0.01509	[mu,kappa]: [(40.15648,87.84383),278.00000]
	3771.10038	   0.01188	[mu,kappa]: [(40.10244,87.86420),278.00000]
	4391.30988	   0.01383	[mu,kappa]: [(39.82338,87.97919),278.00000]
	2613.15871	   0.00823	[mu,kappa]: [(37.16302,88.34090),163.70664]
	4168.03290	   0.01313	[mu,kappa]: [(40.99859,87.49847),278.00000]
	3669.60232	   0.01156	[mu,kappa]: [(41.49115,87.29164),278.00000]
	2359.59553	   0.00743	[mu,kappa]: [(37.93635,87.50287),111.67970]
	4341.15961	   0.01367	[mu,kappa]: [(39.67222,88.04026),278.00000]
	3311.41365	   0.01043	[mu,kappa]: [(40.92769,87.51629),278.00000]
	3622.21462	   0.01141	[mu,kappa]: [(39.53939,88.09159),278.00000]
	3140.36656	   0.00989	[mu,kappa]: [(45.74220,84.90815),222.66305]
	3986.49785	   0.01255	[mu,kappa]: [(40.86061,87.55445),278.00000]
	4492.00463	   0.01415	[mu,kappa]: [(40.83580,87.56580),278.00000]
	3008.19148	   0.00947	[mu,kappa]: [(40.99002,87.43622),278.00000]
	4645.37783	   0.01463	[mu,kappa]: [(39.64331,88.05235),278.00000]
	3643.37584	   0.01147	[mu,kappa]: [(40.04754,87.88533),278.00000]
	4385.11251	   0.01381	[mu,kappa]: [(38.44979,88.53339),278.00000]
	4530.18381	   0.01427	[mu,kappa]: [(40.20201,87.82510),278.00000]
	3592.30348	   0.01131	[mu,kappa]: [(39.51021,88.10295),278.00000]
	3426.88629	   0.01079	[mu,kappa]: [(40.22776,87.80850),278.00000]
	3600.95270	   0.01134	[mu,kappa]: [(46.64356,84.42945),225.92700]
	3465.78831	   0.01091	[mu,kappa]: [(39.15629,88.23984),278.00000]
	4020.25619	   0.01266	[mu,kappa]: [(41.26581,87.38770),278.00000]
	2864.52244	   0.00902	[mu,kappa]: [(38.20719,88.34915),244.89114]
	4253.28247	   0.01339	[mu,kappa]: [(40.22317,87.81606),278.00000]
	4273.64229	   0.01346	[mu,kappa]: [(39.69552,88.03080),278.00000]
	2606.29970	   0.00821	[mu,kappa]: [(39.57559,87.81288),249.86448]
	4585.37307	   0.01444	[mu,kappa]: [(39.79757,87.98983),278.00000]
	4217.87275	   0.01328	[mu,kappa]: [(40.91854,87.53148),278.00000]
	3703.21298	   0.01166	[mu,kappa]: [(40.01231,87.90034),278.00000]
	3880.82385	   0.01222	[mu,kappa]: [(39.29785,88.19030),278.00000]
	3277.01995	   0.01032	[mu,kappa]: [(48.18739,82.67188),108.39283]
	2920.60929	   0.00920	[mu,kappa]: [(42.98601,86.44806),278.00000]
	3551.62382	   0.01118	[mu,kappa]: [(39.86828,87.95624),278.00000]
	2442.54579	   0.00769	[mu,kappa]: [(37.24182,87.89871),121.93330]
	3813.42652	   0.01201	[mu,kappa]: [(40.52498,87.69133),278.00000]
	4613.82607	   0.01453	[mu,kappa]: [(38.95451,88.33087),278.00000]
	4642.45485	   0.01462	[mu,kappa]: [(39.50988,88.10651),278.00000]
	2955.13270	   0.00931	[mu,kappa]: [(38.94738,88.23547),278.00000]
	7462.59640	   0.02350	[mu,kappa]: [(56.06882,78.38626),80.17312]
	4280.53830	   0.01348	[mu,kappa]: [(40.47463,87.71364),278.00000]
	3421.21207	   0.01077	[mu,kappa]: [(32.74327,88.55056),86.02441]
	4372.15085	   0.01377	[mu,kappa]: [(40.50212,87.70204),278.00000]
	2990.45205	   0.00942	[mu,kappa]: [(42.26616,86.87871),278.00000]
	2816.00014	   0.00887	[mu,kappa]: [(46.13286,84.03950),129.87511]
	6795.83944	   0.02140	[mu,kappa]: [(27.21450,89.46191),87.51303]
	3877.78724	   0.01221	[mu,kappa]: [(43.50647,86.42742),278.00000]
	2639.23659	   0.00831	[mu,kappa]: [(37.67244,88.24557),177.46567]
	2397.35348	   0.00755	[mu,kappa]: [(39.35217,87.56962),174.39860]
	4326.18590	   0.01362	[mu,kappa]: [(40.16104,87.84149),278.00000]
	3532.15675	   0.01112	[mu,kappa]: [(40.23444,87.80695),278.00000]
	3321.06402	   0.01046	[mu,kappa]: [(40.49650,87.69340),278.00000]
	4498.60001	   0.01417	[mu,kappa]: [(39.31428,88.18554),278.00000]
	4043.40715	   0.01273	[mu,kappa]: [(40.45739,87.71988),278.00000]
	3763.45034	   0.01185	[mu,kappa]: [(40.35137,87.76187),278.00000]
	3645.48946	   0.01148	[mu,kappa]: [(40.87068,87.54871),278.00000]
	3301.73200	   0.01040	[mu,kappa]: [(33.16997,88.73484),97.65784]
	2398.78681	   0.00755	[mu,kappa]: [(44.21578,84.64082),100.77222]
	3121.58954	   0.00983	[mu,kappa]: [(35.54482,89.15081),199.63160]
	4137.55049	   0.01303	[mu,kappa]: [(41.60737,87.24714),278.00000]
	4519.86466	   0.01423	[mu,kappa]: [(40.45536,87.72173),278.00000]
	3873.36468	   0.01220	[mu,kappa]: [(41.14725,87.43604),278.00000]
	5001.57564	   0.01575	[mu,kappa]: [(39.00576,88.31036),278.00000]
	4390.08852	   0.01382	[mu,kappa]: [(40.27720,87.79402),278.00000]
	5011.01326	   0.01578	[mu,kappa]: [(39.45331,88.12951),278.00000]
	4732.55248	   0.01490	[mu,kappa]: [(40.03368,87.89374),278.00000]
	5180.81417	   0.01631	[mu,kappa]: [(50.59462,81.53223),149.11232]
	4421.66161	   0.01392	[mu,kappa]: [(39.43775,88.13543),278.00000]
	3648.12641	   0.01149	[mu,kappa]: [(37.34450,88.95252),278.00000]
	2589.80414	   0.00816	[mu,kappa]: [(40.15724,87.58551),254.11381]
	4747.69080	   0.01495	[mu,kappa]: [(48.33940,83.43011),233.46170]
	4531.07475	   0.01427	[mu,kappa]: [(39.78156,87.99605),278.00000]
			msglen: 5231591.11593 bits.
Iteration #: 10
	4112.62936	   0.01295	[mu,kappa]: [(41.50150,87.29473),278.00000]
	4110.84818	   0.01295	[mu,kappa]: [(41.68722,87.21874),278.00000]
	4762.65800	   0.01500	[mu,kappa]: [(40.77697,87.59225),278.00000]
	3956.14326	   0.01246	[mu,kappa]: [(40.10862,87.86453),278.00000]
	4425.44488	   0.01394	[mu,kappa]: [(40.11075,87.86398),278.00000]
	3639.24023	   0.01146	[mu,kappa]: [(39.99551,87.90963),278.00000]
	3702.33446	   0.01166	[mu,kappa]: [(41.19498,87.41999),278.00000]
	3818.45013	   0.01202	[mu,kappa]: [(39.75084,88.00983),278.00000]
	1864.86020	   0.00587	[mu,kappa]: [(18.27943,59.31856),4.25637]
	3474.00749	   0.01094	[mu,kappa]: [(42.15727,87.01449),278.00000]
	4749.74639	   0.01496	[mu,kappa]: [(40.17236,87.83898),278.00000]
	3738.71507	   0.01177	[mu,kappa]: [(40.11029,87.86349),278.00000]
	4355.06322	   0.01371	[mu,kappa]: [(39.78773,87.99538),278.00000]
	2505.24038	   0.00789	[mu,kappa]: [(36.46745,88.71801),199.98630]
	4156.56198	   0.01309	[mu,kappa]: [(41.13336,87.44609),278.00000]
	3686.67697	   0.01161	[mu,kappa]: [(41.68682,87.21715),278.00000]
	2073.14668	   0.00653	[mu,kappa]: [(37.32796,87.79245),133.13838]
	4308.14413	   0.01357	[mu,kappa]: [(39.61249,88.06641),278.00000]
	3299.71666	   0.01039	[mu,kappa]: [(41.05439,87.47307),278.00000]
	3597.78283	   0.01133	[mu,kappa]: [(39.45841,88.12776),278.00000]
	3410.06977	   0.01074	[mu,kappa]: [(46.15706,84.90869),278.00000]
	3969.33618	   0.01250	[mu,kappa]: [(40.97724,87.50968),278.00000]
	4471.44572	   0.01408	[mu,kappa]: [(40.94897,87.52180),278.00000]
	2999.99938	   0.00945	[mu,kappa]: [(41.13080,87.41591),278.00000]
	4610.76412	   0.01452	[mu,kappa]: [(39.57889,88.08022),278.00000]
	3612.04534	   0.01137	[mu,kappa]: [(40.04713,87.88864),278.00000]
	4429.88143	   0.01395	[mu,kappa]: [(38.18358,88.64379),278.00000]
	4491.78399	   0.01414	[mu,kappa]: [(40.22476,87.81755),278.00000]
	3568.86172	   0.01124	[mu,kappa]: [(39.42452,88.14129),278.00000]
	3398.15770	   0.01070	[mu,kappa]: [(40.25504,87.80237),278.00000]
	4012.78623	   0.01264	[mu,kappa]: [(46.97502,84.46841),278.00000]
	3455.83461	   0.01088	[mu,kappa]: [(39.01243,88.30528),278.00000]
	4023.93155	   0.01267	[mu,kappa]: [(41.43438,87.32229),278.00000]
	2843.75939	   0.00896	[mu,kappa]: [(37.87200,88.58508),278.00000]
	4217.45461	   0.01328	[mu,kappa]: [(40.24915,87.80742),278.00000]
	4240.63017	   0.01335	[mu,kappa]: [(39.63953,88.05543),278.00000]
	2536.27044	   0.00799	[mu,kappa]: [(39.50571,87.94299),278.00000]
	4547.90481	   0.01432	[mu,kappa]: [(39.75781,88.00760),278.00000]
	4202.32412	   0.01323	[mu,kappa]: [(41.04279,87.48323),278.00000]
	3671.40251	   0.01156	[mu,kappa]: [(40.00639,87.90552),278.00000]
	3863.12178	   0.01217	[mu,kappa]: [(39.17692,88.24225),278.00000]
	3174.03371	   0.01000	[mu,kappa]: [(48.61290,82.64759),142.61881]
	3045.10653	   0.00959	[mu,kappa]: [(43.33628,86.42075),278.00000]
	3521.93300	   0.01109	[mu,kappa]: [(39.84021,87.97187),278.00000]
	2217.20135	   0.00698	[mu,kappa]: [(36.49206,88.27283),148.53217]
	3786.30283	   0.01192	[mu,kappa]: [(40.59526,87.66555),278.00000]
	4614.06555	   0.01453	[mu,kappa]: [(38.77539,88.40549),278.00000]
	4612.04724	   0.01452	[mu,kappa]: [(39.42376,88.14318),278.00000]
	2954.84588	   0.00931	[mu,kappa]: [(38.77735,88.35942),278.00000]
	7361.19215	   0.02318	[mu,kappa]: [(56.80764,77.85841),86.05505]
	4248.74472	   0.01338	[mu,kappa]: [(40.53750,87.68993),278.00000]
	3298.91111	   0.01039	[mu,kappa]: [(31.68393,89.25803),124.73309]
	4340.36349	   0.01367	[mu,kappa]: [(40.56898,87.67691),278.00000]
	3055.68096	   0.00962	[mu,kappa]: [(42.55053,86.81560),278.00000]
	2738.94647	   0.00863	[mu,kappa]: [(46.69676,83.99041),169.22526]
	7453.77061	   0.02347	[mu,kappa]: [(26.60167,90.09758),120.59272]
	4106.56035	   0.01293	[mu,kappa]: [(43.86254,86.30461),278.00000]
	2520.36449	   0.00794	[mu,kappa]: [(37.10804,88.56601),214.06499]
	2199.95739	   0.00693	[mu,kappa]: [(39.17031,87.72650),206.06544]
	4289.23004	   0.01351	[mu,kappa]: [(40.17766,87.83660),278.00000]
	3502.58640	   0.01103	[mu,kappa]: [(40.26259,87.79984),278.00000]
	3296.95558	   0.01038	[mu,kappa]: [(40.56375,87.67394),278.00000]
	4477.22080	   0.01410	[mu,kappa]: [(39.19588,88.23543),278.00000]
	4013.02154	   0.01264	[mu,kappa]: [(40.51787,87.69757),278.00000]
	3733.33077	   0.01176	[mu,kappa]: [(40.39656,87.74645),278.00000]
	3630.23449	   0.01143	[mu,kappa]: [(40.98883,87.50418),278.00000]
	3267.23660	   0.01029	[mu,kappa]: [(32.11888,89.43883),141.77479]
	2118.43545	   0.00667	[mu,kappa]: [(44.84763,84.52343),126.32682]
	3352.65876	   0.01056	[mu,kappa]: [(34.69453,89.62894),257.46511]
	4165.52859	   0.01312	[mu,kappa]: [(41.81584,87.16582),278.00000]
	4485.78716	   0.01413	[mu,kappa]: [(40.51544,87.69904),278.00000]
	3870.24089	   0.01219	[mu,kappa]: [(41.30117,87.37670),278.00000]
	4997.76325	   0.01574	[mu,kappa]: [(38.83536,88.38134),278.00000]
	4353.72316	   0.01371	[mu,kappa]: [(40.31124,87.78211),278.00000]
	4980.46112	   0.01568	[mu,kappa]: [(39.35790,88.16991),278.00000]
	4691.72083	   0.01477	[mu,kappa]: [(40.03083,87.89655),278.00000]
	5474.98098	   0.01724	[mu,kappa]: [(50.58103,81.53555),183.16149]
	4395.35579	   0.01384	[mu,kappa]: [(39.33982,88.17706),278.00000]
	3819.48607	   0.01203	[mu,kappa]: [(36.89064,89.15144),278.00000]
	2524.01420	   0.00795	[mu,kappa]: [(40.19089,87.67589),278.00000]
	5455.50080	   0.01718	[mu,kappa]: [(48.45166,83.53463),278.00000]
	4494.32282	   0.01415	[mu,kappa]: [(39.73930,88.01500),278.00000]
			msglen: 5224804.76990 bits.
Iteration #: 11
	4116.40188	   0.01296	[mu,kappa]: [(41.63696,87.23611),278.00000]
	4124.49452	   0.01299	[mu,kappa]: [(41.83521,87.15506),278.00000]
	4733.13199	   0.01490	[mu,kappa]: [(40.85509,87.55637),278.00000]
	3920.34395	   0.01235	[mu,kappa]: [(40.12355,87.85488),278.00000]
	4385.35276	   0.01381	[mu,kappa]: [(40.12586,87.85409),278.00000]
	3605.99095	   0.01136	[mu,kappa]: [(39.99897,87.90522),278.00000]
	3692.94886	   0.01163	[mu,kappa]: [(41.30782,87.37063),278.00000]
	3784.28111	   0.01192	[mu,kappa]: [(39.72848,88.01577),278.00000]
	1872.50097	   0.00590	[mu,kappa]: [(16.93910,56.72589),4.40122]
	3510.01987	   0.01105	[mu,kappa]: [(42.33384,86.94520),278.00000]
	4707.17212	   0.01482	[mu,kappa]: [(40.19365,87.82648),278.00000]
	3704.91963	   0.01167	[mu,kappa]: [(40.12542,87.85394),278.00000]
	4315.73755	   0.01359	[mu,kappa]: [(39.76926,87.99942),278.00000]
	2460.60620	   0.00775	[mu,kappa]: [(36.00255,89.05231),252.93432]
	4143.39049	   0.01305	[mu,kappa]: [(41.24127,87.39828),278.00000]
	3698.96238	   0.01165	[mu,kappa]: [(41.83495,87.15429),278.00000]
	1839.97160	   0.00580	[mu,kappa]: [(36.91137,88.01222),161.56636]
	4271.09319	   0.01345	[mu,kappa]: [(39.57510,88.07840),278.00000]
	3286.91379	   0.01035	[mu,kappa]: [(41.15650,87.43035),278.00000]
	3569.16734	   0.01124	[mu,kappa]: [(39.40413,88.14740),278.00000]
	3697.89939	   0.01164	[mu,kappa]: [(46.31232,84.99638),278.00000]
	3951.06781	   0.01244	[mu,kappa]: [(41.07251,87.46715),278.00000]
	4449.72161	   0.01401	[mu,kappa]: [(41.04184,87.47997),278.00000]
	2990.69447	   0.00942	[mu,kappa]: [(41.24157,87.38289),278.00000]
	4571.61207	   0.01440	[mu,kappa]: [(39.53781,88.09365),278.00000]
	3579.15807	   0.01127	[mu,kappa]: [(40.05589,87.88203),278.00000]
	4459.32257	   0.01404	[mu,kappa]: [(37.98003,88.72530),278.00000]
	4452.06553	   0.01402	[mu,kappa]: [(40.25129,87.80293),278.00000]
	3541.08270	   0.01115	[mu,kappa]: [(39.36648,88.16261),278.00000]
	3368.49898	   0.01061	[mu,kappa]: [(40.28484,87.78789),278.00000]
	4380.09835	   0.01379	[mu,kappa]: [(47.06564,84.58153),278.00000]
	3439.26706	   0.01083	[mu,kappa]: [(38.90760,88.34766),278.00000]
	4024.35916	   0.01267	[mu,kappa]: [(41.56508,87.26556),278.00000]
	2878.26643	   0.00906	[mu,kappa]: [(37.64795,88.77198),278.00000]
	4180.45341	   0.01316	[mu,kappa]: [(40.27810,87.79190),278.00000]
	4203.80485	   0.01324	[mu,kappa]: [(39.60510,88.06619),278.00000]
	2514.87265	   0.00792	[mu,kappa]: [(39.47290,88.04106),278.00000]
	4507.05333	   0.01419	[mu,kappa]: [(39.73613,88.01294),278.00000]
	4185.39941	   0.01318	[mu,kappa]: [(41.14342,87.43834),278.00000]
	3637.87085	   0.01146	[mu,kappa]: [(40.01094,87.90050),278.00000]
	3839.14327	   0.01209	[mu,kappa]: [(39.09075,88.27496),278.00000]
	3137.37378	   0.00988	[mu,kappa]: [(48.80379,82.62762),168.66807]
	3144.12802	   0.00990	[mu,kappa]: [(43.56199,86.38248),278.00000]
	3489.97460	   0.01099	[mu,kappa]: [(39.82753,87.97465),278.00000]
	2045.53317	   0.00644	[mu,kappa]: [(35.98294,88.59168),185.84547]
	3758.56671	   0.01184	[mu,kappa]: [(40.65720,87.63678),278.00000]
	4603.44233	   0.01450	[mu,kappa]: [(38.64233,88.45733),278.00000]
	4576.02650	   0.01441	[mu,kappa]: [(39.36548,88.16376),278.00000]
	2947.87616	   0.00928	[mu,kappa]: [(38.64887,88.43337),278.00000]
	7154.42615	   0.02253	[mu,kappa]: [(57.40407,77.43119),88.80463]
	4216.23959	   0.01328	[mu,kappa]: [(40.59404,87.66297),278.00000]
	3271.09238	   0.01030	[mu,kappa]: [(31.25964,89.77113),175.34238]
	4307.86584	   0.01357	[mu,kappa]: [(40.62844,87.64884),278.00000]
	3108.25920	   0.00979	[mu,kappa]: [(42.74859,86.75585),278.00000]
	2724.92473	   0.00858	[mu,kappa]: [(46.98301,84.01589),205.61916]
	7677.97847	   0.02418	[mu,kappa]: [(26.36827,90.33739),140.03722]
	4283.49626	   0.01349	[mu,kappa]: [(44.08303,86.22398),278.00000]
	2464.15587	   0.00776	[mu,kappa]: [(36.72903,88.85421),267.71816]
	2058.39759	   0.00648	[mu,kappa]: [(39.07033,87.88134),252.91971]
	4250.87716	   0.01339	[mu,kappa]: [(40.19951,87.82398),278.00000]
	3472.07226	   0.01093	[mu,kappa]: [(40.29307,87.78479),278.00000]
	3272.31289	   0.01030	[mu,kappa]: [(40.62323,87.64851),278.00000]
	4448.71239	   0.01401	[mu,kappa]: [(39.11180,88.26682),278.00000]
	3981.95123	   0.01254	[mu,kappa]: [(40.57262,87.67154),278.00000]
	3702.44719	   0.01166	[mu,kappa]: [(40.43991,87.72543),278.00000]
	3613.93900	   0.01138	[mu,kappa]: [(41.08514,87.46162),278.00000]
	3339.90669	   0.01052	[mu,kappa]: [(31.67627,89.96933),201.76397]
	1939.14620	   0.00611	[mu,kappa]: [(45.31855,84.42215),152.37279]
	3723.13235	   0.01172	[mu,kappa]: [(34.19358,90.00750),278.00000]
	4186.80214	   0.01318	[mu,kappa]: [(41.97199,87.09901),278.00000]
	4450.94211	   0.01402	[mu,kappa]: [(40.56991,87.67287),278.00000]
	3864.77022	   0.01217	[mu,kappa]: [(41.42211,87.32397),278.00000]
	4982.74517	   0.01569	[mu,kappa]: [(38.70937,88.43018),278.00000]
	4316.29918	   0.01359	[mu,kappa]: [(40.34627,87.76408),278.00000]
	4943.32602	   0.01557	[mu,kappa]: [(39.29223,88.19356),278.00000]
	4648.79641	   0.01464	[mu,kappa]: [(40.03780,87.89001),278.00000]
	5622.42735	   0.01770	[mu,kappa]: [(50.52577,81.47721),203.09475]
	4363.11141	   0.01374	[mu,kappa]: [(39.27212,88.20165),278.00000]
	3970.94910	   0.01250	[mu,kappa]: [(36.54019,89.30059),278.00000]
	2501.38609	   0.00788	[mu,kappa]: [(40.22942,87.73754),278.00000]
	5939.95413	   0.01870	[mu,kappa]: [(48.41263,83.67451),278.00000]
	4454.12283	   0.01403	[mu,kappa]: [(39.71565,88.02122),278.00000]
			msglen: 5221407.33846 bits.
Iteration #: 12
	4126.08256	   0.01299	[mu,kappa]: [(41.74280,87.18379),278.00000]
	4142.46508	   0.01304	[mu,kappa]: [(41.94845,87.09954),278.00000]
	4714.09939	   0.01484	[mu,kappa]: [(40.92395,87.51962),278.00000]
	3892.11467	   0.01226	[mu,kappa]: [(40.14796,87.83710),278.00000]
	4353.73921	   0.01371	[mu,kappa]: [(40.15042,87.83617),278.00000]
	3579.20174	   0.01127	[mu,kappa]: [(40.01504,87.89120),278.00000]
	3690.60622	   0.01162	[mu,kappa]: [(41.39958,87.32441),278.00000]
	3755.42502	   0.01183	[mu,kappa]: [(39.72558,88.00957),278.00000]
	1937.22935	   0.00610	[mu,kappa]: [(16.43860,56.84557),4.62668]
	3545.07701	   0.01116	[mu,kappa]: [(42.46240,86.88590),278.00000]
	4674.00470	   0.01472	[mu,kappa]: [(40.22268,87.80665),278.00000]
	3678.28519	   0.01158	[mu,kappa]: [(40.14997,87.83619),278.00000]
	4282.75451	   0.01349	[mu,kappa]: [(39.76925,87.99187),278.00000]
	2505.30514	   0.00789	[mu,kappa]: [(35.72909,89.34286),278.00000]
	4138.41082	   0.01303	[mu,kappa]: [(41.32988,87.35319),278.00000]
	3715.12747	   0.01170	[mu,kappa]: [(41.94826,87.09916),278.00000]
	1674.16204	   0.00527	[mu,kappa]: [(36.63242,88.24796),197.45195]
	4238.88947	   0.01335	[mu,kappa]: [(39.56105,88.07678),278.00000]
	3280.86144	   0.01033	[mu,kappa]: [(41.24126,87.38822),278.00000]
	3543.38884	   0.01116	[mu,kappa]: [(39.37741,88.15138),278.00000]
	3891.17299	   0.01225	[mu,kappa]: [(46.36404,85.06043),278.00000]
	3941.16146	   0.01241	[mu,kappa]: [(41.15286,87.42567),278.00000]
	4437.50203	   0.01397	[mu,kappa]: [(41.12059,87.43902),278.00000]
	2987.31617	   0.00941	[mu,kappa]: [(41.33160,87.34486),278.00000]
	4537.32551	   0.01429	[mu,kappa]: [(39.52100,88.09315),278.00000]
	3552.92204	   0.01119	[mu,kappa]: [(40.07582,87.86637),278.00000]
	4473.55873	   0.01409	[mu,kappa]: [(37.83987,88.77606),278.00000]
	4421.46310	   0.01392	[mu,kappa]: [(40.28406,87.78153),278.00000]
	3515.83384	   0.01107	[mu,kappa]: [(39.33693,88.16783),278.00000]
	3345.82535	   0.01054	[mu,kappa]: [(40.31990,87.76622),278.00000]
	4610.43238	   0.01452	[mu,kappa]: [(47.06864,84.67087),278.00000]
	3421.27848	   0.01077	[mu,kappa]: [(38.84256,88.36839),278.00000]
	4031.05025	   0.01269	[mu,kappa]: [(41.66803,87.21445),278.00000]
	2900.12649	   0.00913	[mu,kappa]: [(37.48840,88.87566),278.00000]
	4152.09970	   0.01308	[mu,kappa]: [(40.31261,87.76981),278.00000]
	4171.98304	   0.01314	[mu,kappa]: [(39.59325,88.06365),278.00000]
	2496.36029	   0.00786	[mu,kappa]: [(39.45852,88.08065),278.00000]
	4472.58632	   0.01408	[mu,kappa]: [(39.73376,88.00637),278.00000]
	4177.11531	   0.01315	[mu,kappa]: [(41.22729,87.39525),278.00000]
	3610.90902	   0.01137	[mu,kappa]: [(40.02781,87.88606),278.00000]
	3815.42709	   0.01202	[mu,kappa]: [(39.03997,88.28889),278.00000]
	3103.87906	   0.00977	[mu,kappa]: [(48.90237,82.59901),187.14457]
	3225.54827	   0.01016	[mu,kappa]: [(43.70665,86.34258),278.00000]
	3463.45757	   0.01091	[mu,kappa]: [(39.83175,87.96586),278.00000]
	1946.59550	   0.00613	[mu,kappa]: [(35.65786,88.90635),234.39448]
	3739.22238	   0.01178	[mu,kappa]: [(40.71494,87.60500),278.00000]
	4587.37854	   0.01445	[mu,kappa]: [(38.55589,88.48585),278.00000]
	4543.26537	   0.01431	[mu,kappa]: [(39.33579,88.16865),278.00000]
	2937.55275	   0.00925	[mu,kappa]: [(38.56485,88.47198),278.00000]
	6910.28776	   0.02176	[mu,kappa]: [(57.85474,77.14214),90.57700]
	4193.10688	   0.01320	[mu,kappa]: [(40.64804,87.63258),278.00000]
	3340.51431	   0.01052	[mu,kappa]: [(31.13003,90.20421),236.36906]
	4284.97127	   0.01349	[mu,kappa]: [(40.68448,87.61762),278.00000]
	3155.41203	   0.00994	[mu,kappa]: [(42.88676,86.70155),278.00000]
	2733.07589	   0.00861	[mu,kappa]: [(47.10741,84.09321),240.34965]
	7558.62136	   0.02380	[mu,kappa]: [(26.14969,90.34264),147.54463]
	4422.76387	   0.01393	[mu,kappa]: [(44.21687,86.16475),278.00000]
	2499.88157	   0.00787	[mu,kappa]: [(36.51129,89.10761),278.00000]
	2002.34129	   0.00631	[mu,kappa]: [(39.03872,88.04909),278.00000]
	4221.04133	   0.01329	[mu,kappa]: [(40.22893,87.80404),278.00000]
	3448.77913	   0.01086	[mu,kappa]: [(40.32863,87.76277),278.00000]
	3254.96245	   0.01025	[mu,kappa]: [(40.67919,87.61858),278.00000]
	4420.74261	   0.01392	[mu,kappa]: [(39.06263,88.27986),278.00000]
	3959.71271	   0.01247	[mu,kappa]: [(40.62537,87.64177),278.00000]
	3679.59503	   0.01159	[mu,kappa]: [(40.48465,87.69922),278.00000]
	3605.26092	   0.01135	[mu,kappa]: [(41.16616,87.42003),278.00000]
	3530.43536	   0.01112	[mu,kappa]: [(31.51789,90.39627),274.42579]
	1823.66068	   0.00574	[mu,kappa]: [(45.64032,84.38443),178.86244]
	4070.91435	   0.01282	[mu,kappa]: [(33.88865,90.23638),278.00000]
	4211.15708	   0.01326	[mu,kappa]: [(42.08985,87.04154),278.00000]
	4425.96630	   0.01394	[mu,kappa]: [(40.62248,87.64306),278.00000]
	3866.12936	   0.01217	[mu,kappa]: [(41.51900,87.27550),278.00000]
	4962.84187	   0.01563	[mu,kappa]: [(38.62832,88.45645),278.00000]
	4288.01059	   0.01350	[mu,kappa]: [(40.38512,87.74015),278.00000]
	4908.91154	   0.01546	[mu,kappa]: [(39.25696,88.20077),278.00000]
	4614.41535	   0.01453	[mu,kappa]: [(40.05644,87.87458),278.00000]
	5665.65760	   0.01784	[mu,kappa]: [(50.49454,81.36383),213.66322]
	4333.06855	   0.01364	[mu,kappa]: [(39.23533,88.20954),278.00000]
	4085.03882	   0.01286	[mu,kappa]: [(36.29285,89.39796),278.00000]
	2484.26625	   0.00782	[mu,kappa]: [(40.26768,87.75214),278.00000]
	6195.79468	   0.01951	[mu,kappa]: [(48.33286,83.79002),278.00000]
	4420.08231	   0.01392	[mu,kappa]: [(39.71181,88.01530),278.00000]
			msglen: 5219433.76930 bits.
Iteration #: 13
	4135.23693	   0.01302	[mu,kappa]: [(41.81732,87.14455),278.00000]
	4157.71208	   0.01309	[mu,kappa]: [(42.02707,87.05835),278.00000]
	4701.60980	   0.01481	[mu,kappa]: [(40.97587,87.49040),278.00000]
	3871.26185	   0.01219	[mu,kappa]: [(40.17056,87.82045),278.00000]
	4330.37685	   0.01364	[mu,kappa]: [(40.17311,87.81944),278.00000]
	3559.17092	   0.01121	[mu,kappa]: [(40.03198,87.87702),278.00000]
	3690.57330	   0.01162	[mu,kappa]: [(41.46580,87.28900),278.00000]
	3733.24398	   0.01176	[mu,kappa]: [(39.72959,88.00062),278.00000]
	1983.35873	   0.00625	[mu,kappa]: [(16.42096,57.52099),4.75861]
	3572.23727	   0.01125	[mu,kappa]: [(42.54856,86.84243),278.00000]
	4649.65761	   0.01464	[mu,kappa]: [(40.24838,87.78865),278.00000]
	3658.62131	   0.01152	[mu,kappa]: [(40.17266,87.81954),278.00000]
	4257.49208	   0.01341	[mu,kappa]: [(39.77524,87.98204),278.00000]
	2571.43414	   0.00810	[mu,kappa]: [(35.56831,89.52690),278.00000]
	4136.56981	   0.01303	[mu,kappa]: [(41.39419,87.31854),278.00000]
	3728.85083	   0.01174	[mu,kappa]: [(42.02692,87.05818),278.00000]
	1571.60665	   0.00495	[mu,kappa]: [(36.46588,88.53580),245.24845]
	4213.70480	   0.01327	[mu,kappa]: [(39.55741,88.07089),278.00000]
	3277.81392	   0.01032	[mu,kappa]: [(41.30316,87.35529),278.00000]
	3522.81822	   0.01109	[mu,kappa]: [(39.36503,88.14915),278.00000]
	4008.63170	   0.01262	[mu,kappa]: [(46.37039,85.10927),278.00000]
	3935.44414	   0.01239	[mu,kappa]: [(41.21204,87.39334),278.00000]
	4430.22372	   0.01395	[mu,kappa]: [(41.17879,87.40706),278.00000]
	2986.18450	   0.00940	[mu,kappa]: [(41.39663,87.31368),278.00000]
	4510.38882	   0.01420	[mu,kappa]: [(39.51546,88.08801),278.00000]
	3533.41811	   0.01113	[mu,kappa]: [(40.09537,87.85110),278.00000]
	4478.28779	   0.01410	[mu,kappa]: [(37.74911,88.80367),278.00000]
	4399.14534	   0.01385	[mu,kappa]: [(40.31228,87.76248),278.00000]
	3495.58321	   0.01101	[mu,kappa]: [(39.32258,88.16640),278.00000]
	3329.38447	   0.01048	[mu,kappa]: [(40.34962,87.74687),278.00000]
	4741.70358	   0.01493	[mu,kappa]: [(47.04236,84.74165),278.00000]
	3405.44035	   0.01072	[mu,kappa]: [(38.80360,88.37698),278.00000]
	4037.94587	   0.01272	[mu,kappa]: [(41.74089,87.17598),278.00000]
	2912.19861	   0.00917	[mu,kappa]: [(37.38323,88.92975),278.00000]
	4131.49170	   0.01301	[mu,kappa]: [(40.34199,87.75029),278.00000]
	4147.18274	   0.01306	[mu,kappa]: [(39.59112,88.05715),278.00000]
	2481.82936	   0.00782	[mu,kappa]: [(39.45329,88.09487),278.00000]
	4446.09186	   0.01400	[mu,kappa]: [(39.73813,87.99720),278.00000]
	4172.75982	   0.01314	[mu,kappa]: [(41.28868,87.36190),278.00000]
	3590.77226	   0.01131	[mu,kappa]: [(40.04530,87.87161),278.00000]
	3795.49097	   0.01195	[mu,kappa]: [(39.01093,88.29320),278.00000]
	3067.96537	   0.00966	[mu,kappa]: [(48.99261,82.55426),199.32382]
	3283.53168	   0.01034	[mu,kappa]: [(43.79389,86.31180),278.00000]
	3443.28993	   0.01084	[mu,kappa]: [(39.84062,87.95511),278.00000]
	1922.06435	   0.00605	[mu,kappa]: [(35.47988,89.21198),278.00000]
	3725.91889	   0.01173	[mu,kappa]: [(40.75967,87.57902),278.00000]
	4571.29647	   0.01440	[mu,kappa]: [(38.50213,88.49963),278.00000]
	4516.95771	   0.01422	[mu,kappa]: [(39.32136,88.16708),278.00000]
	2927.29457	   0.00922	[mu,kappa]: [(38.51240,88.49049),278.00000]
	6717.48142	   0.02115	[mu,kappa]: [(58.17485,76.97149),92.15494]
	4176.99557	   0.01315	[mu,kappa]: [(40.69034,87.60755),278.00000]
	3494.88914	   0.01101	[mu,kappa]: [(31.10872,90.56294),278.00000]
	4269.11823	   0.01344	[mu,kappa]: [(40.72810,87.59204),278.00000]
	3190.66667	   0.01005	[mu,kappa]: [(42.97640,86.66094),278.00000]
	2750.26654	   0.00866	[mu,kappa]: [(47.14998,84.20777),274.62566]
	7277.92419	   0.02292	[mu,kappa]: [(25.86923,90.22250),148.60904]
	4519.19064	   0.01423	[mu,kappa]: [(44.29304,86.12506),278.00000]
	2537.62130	   0.00799	[mu,kappa]: [(36.37286,89.25086),278.00000]
	1991.13110	   0.00627	[mu,kappa]: [(39.02982,88.16810),278.00000]
	4199.16611	   0.01322	[mu,kappa]: [(40.25489,87.78596),278.00000]
	3431.90088	   0.01081	[mu,kappa]: [(40.35870,87.74321),278.00000]
	3242.97398	   0.01021	[mu,kappa]: [(40.72273,87.59365),278.00000]
	4397.31974	   0.01385	[mu,kappa]: [(39.03471,88.28364),278.00000]
	3944.17729	   0.01242	[mu,kappa]: [(40.66683,87.61714),278.00000]
	3663.32612	   0.01154	[mu,kappa]: [(40.52083,87.67693),278.00000]
	3600.33770	   0.01134	[mu,kappa]: [(41.22576,87.38761),278.00000]
	3820.87147	   0.01203	[mu,kappa]: [(31.47631,90.72095),278.00000]
	1745.25787	   0.00550	[mu,kappa]: [(45.86248,84.42014),206.48419]
	4310.55517	   0.01357	[mu,kappa]: [(33.70938,90.34150),278.00000]
	4231.06967	   0.01332	[mu,kappa]: [(42.17091,86.99920),278.00000]
	4408.49343	   0.01388	[mu,kappa]: [(40.66383,87.61843),278.00000]
	3868.96792	   0.01218	[mu,kappa]: [(41.58831,87.23868),278.00000]
	4943.77091	   0.01557	[mu,kappa]: [(38.57829,88.46880),278.00000]
	4267.60758	   0.01344	[mu,kappa]: [(40.41740,87.71941),278.00000]
	4880.97362	   0.01537	[mu,kappa]: [(39.23868,88.20072),278.00000]
	4588.77217	   0.01445	[mu,kappa]: [(40.07514,87.85951),278.00000]
	5682.84686	   0.01789	[mu,kappa]: [(50.52542,81.19460),218.02030]
	4308.61452	   0.01357	[mu,kappa]: [(39.21599,88.20994),278.00000]
	4161.35056	   0.01310	[mu,kappa]: [(36.13239,89.45062),278.00000]
	2471.87044	   0.00778	[mu,kappa]: [(40.29841,87.75043),278.00000]
	6314.36115	   0.01988	[mu,kappa]: [(48.25929,83.88428),278.00000]
	4393.86104	   0.01384	[mu,kappa]: [(39.71518,88.00655),278.00000]
			msglen: 5218537.83451 bits.
Iteration #: 14
	4142.02928	   0.01304	[mu,kappa]: [(41.86671,87.11749),278.00000]
	4168.64990	   0.01313	[mu,kappa]: [(42.07884,87.03002),278.00000]
	4693.52576	   0.01478	[mu,kappa]: [(41.01085,87.47006),278.00000]
	3857.28573	   0.01215	[mu,kappa]: [(40.18545,87.80854),278.00000]
	4314.69984	   0.01359	[mu,kappa]: [(40.18807,87.80749),278.00000]
	3545.74760	   0.01117	[mu,kappa]: [(40.04290,87.86674),278.00000]
	3691.02626	   0.01162	[mu,kappa]: [(41.51009,87.26448),278.00000]
	3718.39480	   0.01171	[mu,kappa]: [(39.73139,87.99381),278.00000]
	1993.43733	   0.00628	[mu,kappa]: [(16.55367,57.88140),4.78107]
	3591.08543	   0.01131	[mu,kappa]: [(42.60405,86.81253),278.00000]
	4633.32167	   0.01459	[mu,kappa]: [(40.26544,87.77585),278.00000]
	3645.45125	   0.01148	[mu,kappa]: [(40.18761,87.80764),278.00000]
	4240.54791	   0.01335	[mu,kappa]: [(39.77845,87.97467),278.00000]
	2623.75224	   0.00826	[mu,kappa]: [(35.45132,89.61716),278.00000]
	4135.81455	   0.01302	[mu,kappa]: [(41.43726,87.29454),278.00000]
	3738.71031	   0.01177	[mu,kappa]: [(42.07870,87.02995),278.00000]
	1540.52856	   0.00485	[mu,kappa]: [(36.37777,88.84726),278.00000]
	4196.87736	   0.01322	[mu,kappa]: [(39.55376,88.06610),278.00000]
	3276.14943	   0.01032	[mu,kappa]: [(41.34469,87.33234),278.00000]
	3509.18283	   0.01105	[mu,kappa]: [(39.35513,88.14670),278.00000]
	4076.05032	   0.01284	[mu,kappa]: [(46.35895,85.14720),278.00000]
	3931.99037	   0.01238	[mu,kappa]: [(41.25182,87.37089),278.00000]
	4425.73286	   0.01394	[mu,kappa]: [(41.21791,87.38487),278.00000]
	2985.81730	   0.00940	[mu,kappa]: [(41.44007,87.29141),278.00000]
	4492.39833	   0.01415	[mu,kappa]: [(39.51046,88.08371),278.00000]
	3520.35268	   0.01109	[mu,kappa]: [(40.10813,87.84010),278.00000]
	4484.56260	   0.01412	[mu,kappa]: [(37.68281,88.81900),278.00000]
	4384.19394	   0.01381	[mu,kappa]: [(40.33109,87.74898),278.00000]
	3482.18492	   0.01097	[mu,kappa]: [(39.31128,88.16447),278.00000]
	3318.41728	   0.01045	[mu,kappa]: [(40.36947,87.73311),278.00000]
	4811.51273	   0.01515	[mu,kappa]: [(47.00968,84.79856),278.00000]
	3395.41615	   0.01069	[mu,kappa]: [(38.77459,88.38132),278.00000]
	4043.18608	   0.01273	[mu,kappa]: [(41.78928,87.14942),278.00000]
	2923.18712	   0.00921	[mu,kappa]: [(37.30595,88.95816),278.00000]
	4117.70299	   0.01297	[mu,kappa]: [(40.36160,87.73648),278.00000]
	4130.60198	   0.01301	[mu,kappa]: [(39.58855,88.05196),278.00000]
	2472.22232	   0.00779	[mu,kappa]: [(39.44781,88.10012),278.00000]
	4428.32195	   0.01394	[mu,kappa]: [(39.74019,87.99026),278.00000]
	4170.27010	   0.01313	[mu,kappa]: [(41.32988,87.33877),278.00000]
	3577.27706	   0.01127	[mu,kappa]: [(40.05660,87.86116),278.00000]
	3782.54550	   0.01191	[mu,kappa]: [(38.98908,88.29493),278.00000]
	3031.25559	   0.00955	[mu,kappa]: [(49.09167,82.49829),207.08378]
	3321.93456	   0.01046	[mu,kappa]: [(43.84518,86.28996),278.00000]
	3429.78583	   0.01080	[mu,kappa]: [(39.84584,87.94709),278.00000]
	1959.96009	   0.00617	[mu,kappa]: [(35.38009,89.45453),278.00000]
	3717.17333	   0.01171	[mu,kappa]: [(40.78982,87.56084),278.00000]
	4561.76481	   0.01436	[mu,kappa]: [(38.46245,88.50717),278.00000]
	4499.50414	   0.01417	[mu,kappa]: [(39.31000,88.16508),278.00000]
	2921.26311	   0.00920	[mu,kappa]: [(38.47348,88.50030),278.00000]
	6559.73291	   0.02066	[mu,kappa]: [(58.39538,76.87958),93.36948]
	4166.33915	   0.01312	[mu,kappa]: [(40.71883,87.59003),278.00000]
	3695.48994	   0.01164	[mu,kappa]: [(31.11631,90.80273),278.00000]
	4258.65086	   0.01341	[mu,kappa]: [(40.75749,87.57415),278.00000]
	3214.72773	   0.01012	[mu,kappa]: [(43.03273,86.63261),278.00000]
	2779.45853	   0.00875	[mu,kappa]: [(47.14235,84.34950),278.00000]
	6908.05532	   0.02175	[mu,kappa]: [(25.57739,90.06126),147.40644]
	4581.73577	   0.01443	[mu,kappa]: [(44.33497,86.09909),278.00000]
	2568.24198	   0.00809	[mu,kappa]: [(36.27053,89.32271),278.00000]
	1984.27737	   0.00625	[mu,kappa]: [(39.01814,88.22561),278.00000]
	4184.50572	   0.01318	[mu,kappa]: [(40.27213,87.77310),278.00000]
	3420.63911	   0.01077	[mu,kappa]: [(40.37878,87.72933),278.00000]
	3235.09610	   0.01019	[mu,kappa]: [(40.75205,87.57609),278.00000]
	4382.05168	   0.01380	[mu,kappa]: [(39.01367,88.28504),278.00000]
	3933.89883	   0.01239	[mu,kappa]: [(40.69476,87.59989),278.00000]
	3652.50921	   0.01150	[mu,kappa]: [(40.54513,87.66123),278.00000]
	3597.40385	   0.01133	[mu,kappa]: [(41.26580,87.36508),278.00000]
	4042.18009	   0.01273	[mu,kappa]: [(31.45633,90.87142),278.00000]
	1693.51658	   0.00533	[mu,kappa]: [(46.00927,84.51565),236.93295]
	4490.90358	   0.01414	[mu,kappa]: [(33.58901,90.37538),278.00000]
	4245.16884	   0.01337	[mu,kappa]: [(42.22400,86.97013),278.00000]
	4396.91166	   0.01385	[mu,kappa]: [(40.69168,87.60118),278.00000]
	3871.41209	   0.01219	[mu,kappa]: [(41.63453,87.21321),278.00000]
	4932.17049	   0.01553	[mu,kappa]: [(38.54131,88.47548),278.00000]
	4253.97303	   0.01340	[mu,kappa]: [(40.43902,87.70477),278.00000]
	4862.49731	   0.01531	[mu,kappa]: [(39.22456,88.19971),278.00000]
	4571.54359	   0.01440	[mu,kappa]: [(40.08731,87.84867),278.00000]
	5707.12197	   0.01797	[mu,kappa]: [(50.60787,80.98233),218.95485]
	4292.48130	   0.01352	[mu,kappa]: [(39.20111,88.20920),278.00000]
	4221.74434	   0.01329	[mu,kappa]: [(36.01763,89.47567),278.00000]
	2463.64137	   0.00776	[mu,kappa]: [(40.31836,87.74543),278.00000]
	6357.83390	   0.02002	[mu,kappa]: [(48.20143,83.96418),278.00000]
	4376.28172	   0.01378	[mu,kappa]: [(39.71652,87.99989),278.00000]
			msglen: 5218169.95697 bits.
			N: 317555
		16.43233 bpr
Null model msglen: 7488920.11043 bits.	(23.58306 bpr)
