Iteration #: 0
	8282.00000	   0.03295	[mu,kappa]: [(99.89422,328.00160),1.58856]
	8261.00000	   0.03287	[mu,kappa]: [(100.18158,326.96763),1.67237]
	8470.00000	   0.03370	[mu,kappa]: [(98.61343,328.79960),1.60007]
	8305.00000	   0.03304	[mu,kappa]: [(100.77269,328.78252),1.58323]
	8497.00000	   0.03381	[mu,kappa]: [(100.79844,327.55756),1.64673]
	8383.00000	   0.03335	[mu,kappa]: [(100.37200,328.70193),1.62716]
	8453.00000	   0.03363	[mu,kappa]: [(100.04811,328.16224),1.62340]
	8203.00000	   0.03264	[mu,kappa]: [(99.81154,326.95198),1.67095]
	8382.00000	   0.03335	[mu,kappa]: [(100.13310,327.88583),1.63070]
	8460.00000	   0.03366	[mu,kappa]: [(99.39691,327.89344),1.63080]
	8409.00000	   0.03346	[mu,kappa]: [(99.98268,326.94803),1.65753]
	8383.00000	   0.03335	[mu,kappa]: [(99.49243,327.30584),1.66512]
	8302.00000	   0.03303	[mu,kappa]: [(100.66269,327.27201),1.66358]
	8443.00000	   0.03359	[mu,kappa]: [(100.00925,328.77635),1.61132]
	8394.00000	   0.03340	[mu,kappa]: [(99.12658,328.17814),1.60432]
	8332.00000	   0.03315	[mu,kappa]: [(98.45602,327.98792),1.59924]
	8502.00000	   0.03383	[mu,kappa]: [(100.49839,327.99699),1.64875]
	8452.00000	   0.03363	[mu,kappa]: [(100.04058,328.04443),1.61230]
	8414.00000	   0.03348	[mu,kappa]: [(99.02522,328.25567),1.64313]
	8436.00000	   0.03356	[mu,kappa]: [(101.59548,326.78261),1.66986]
	8324.00000	   0.03312	[mu,kappa]: [(100.08258,329.09859),1.61554]
	8376.00000	   0.03332	[mu,kappa]: [(99.91314,328.77739),1.58561]
	8343.00000	   0.03319	[mu,kappa]: [(99.16696,328.42528),1.60789]
	8265.00000	   0.03288	[mu,kappa]: [(101.13572,327.77921),1.62853]
	8401.00000	   0.03342	[mu,kappa]: [(100.38013,326.71310),1.66617]
	8324.00000	   0.03312	[mu,kappa]: [(98.87367,328.03675),1.65706]
	8353.00000	   0.03323	[mu,kappa]: [(99.59396,328.09280),1.62536]
	8336.00000	   0.03317	[mu,kappa]: [(100.47234,329.12270),1.58343]
	8496.00000	   0.03380	[mu,kappa]: [(99.86426,328.05799),1.61247]
	8365.00000	   0.03328	[mu,kappa]: [(99.61082,327.03213),1.66600]
			msglen: 1695397.84175 bits.
Iteration #: 1
	8281.37102	   0.03295	[mu,kappa]: [(99.33016,328.87905),1.58361]
	8262.24781	   0.03287	[mu,kappa]: [(100.96797,326.22994),1.70361]
	8471.78746	   0.03371	[mu,kappa]: [(97.80369,329.66316),1.56189]
	8304.43838	   0.03304	[mu,kappa]: [(100.03334,329.42143),1.57309]
	8497.05184	   0.03381	[mu,kappa]: [(101.19566,327.05553),1.66995]
	8381.95566	   0.03335	[mu,kappa]: [(100.20240,328.50375),1.61621]
	8452.15041	   0.03363	[mu,kappa]: [(99.92948,328.21805),1.61964]
	8203.62523	   0.03264	[mu,kappa]: [(100.55316,326.33593),1.69668]
	8381.17366	   0.03335	[mu,kappa]: [(100.18797,327.81538),1.63497]
	8459.14247	   0.03366	[mu,kappa]: [(99.36650,328.01306),1.62445]
	8409.24766	   0.03346	[mu,kappa]: [(100.58107,326.55574),1.68412]
	8382.62200	   0.03335	[mu,kappa]: [(100.04974,326.81070),1.67698]
	8303.04769	   0.03303	[mu,kappa]: [(101.31608,326.52532),1.69369]
	8442.55948	   0.03359	[mu,kappa]: [(99.56478,329.00196),1.59267]
	8394.05361	   0.03340	[mu,kappa]: [(98.63145,328.89106),1.58626]
	8332.62131	   0.03315	[mu,kappa]: [(97.84743,329.03317),1.57602]
	8501.44769	   0.03382	[mu,kappa]: [(100.79075,327.44178),1.65763]
	8451.15633	   0.03362	[mu,kappa]: [(99.80491,328.35891),1.61014]
	8412.91583	   0.03347	[mu,kappa]: [(99.00966,328.15731),1.62432]
	8439.86815	   0.03358	[mu,kappa]: [(102.48496,325.81072),1.72696]
	8323.44012	   0.03312	[mu,kappa]: [(99.61843,329.16597),1.59106]
	8376.57693	   0.03333	[mu,kappa]: [(99.09973,329.59538),1.56441]
	8343.18484	   0.03319	[mu,kappa]: [(98.65747,329.01080),1.58525]
	8264.37478	   0.03288	[mu,kappa]: [(101.28403,327.52458),1.64935]
	8402.54224	   0.03343	[mu,kappa]: [(101.16653,326.10616),1.70556]
	8322.59863	   0.03311	[mu,kappa]: [(99.07315,327.73021),1.64208]
	8352.24260	   0.03323	[mu,kappa]: [(99.46476,328.23958),1.61692]
	8336.25806	   0.03317	[mu,kappa]: [(99.60798,329.78823),1.56218]
	8495.24071	   0.03380	[mu,kappa]: [(99.60672,328.41302),1.60759]
	8365.05742	   0.03328	[mu,kappa]: [(100.25640,326.54630),1.68614]
			msglen: 1958329.89803 bits.
Iteration #: 2
	8280.19030	   0.03294	[mu,kappa]: [(98.38664,329.88392),1.55320]
	8266.56701	   0.03289	[mu,kappa]: [(102.31607,324.89061),1.77115]
	8478.20078	   0.03373	[mu,kappa]: [(96.02428,331.54848),1.49714]
	8303.47308	   0.03304	[mu,kappa]: [(98.88669,330.39611),1.54022]
	8496.83470	   0.03381	[mu,kappa]: [(102.01563,326.10222),1.71489]
	8378.26632	   0.03333	[mu,kappa]: [(99.92881,328.60793),1.60703]
	8448.43576	   0.03361	[mu,kappa]: [(99.74280,328.36823),1.61324]
	8205.82434	   0.03265	[mu,kappa]: [(101.78340,325.19053),1.75356]
	8377.52698	   0.03333	[mu,kappa]: [(100.32937,327.64868),1.64257]
	8455.46616	   0.03364	[mu,kappa]: [(99.22748,328.24688),1.61508]
	8409.95074	   0.03346	[mu,kappa]: [(101.62838,325.58689),1.73387]
	8381.30235	   0.03335	[mu,kappa]: [(100.92200,326.04465),1.71115]
	8306.45959	   0.03305	[mu,kappa]: [(102.51571,325.21930),1.75760]
	8440.66469	   0.03358	[mu,kappa]: [(98.74975,329.72025),1.56299]
	8393.95035	   0.03340	[mu,kappa]: [(97.61181,330.03856),1.54672]
	8335.38131	   0.03316	[mu,kappa]: [(96.49557,330.63733),1.52383]
	8499.22286	   0.03381	[mu,kappa]: [(101.35381,326.74060),1.68542]
	8447.71908	   0.03361	[mu,kappa]: [(99.43944,328.72290),1.59826]
	8409.46387	   0.03346	[mu,kappa]: [(98.78309,328.46762),1.60680]
	8454.26769	   0.03364	[mu,kappa]: [(104.18674,323.85606),1.83554]
	8321.79466	   0.03311	[mu,kappa]: [(98.74191,329.88345),1.55856]
	8378.77865	   0.03334	[mu,kappa]: [(97.62367,331.02317),1.51641]
	8343.35404	   0.03319	[mu,kappa]: [(97.59147,330.15848),1.54356]
	8262.20098	   0.03287	[mu,kappa]: [(101.76670,326.85544),1.68142]
	8408.09776	   0.03345	[mu,kappa]: [(102.56789,324.72024),1.77982]
	8318.72153	   0.03310	[mu,kappa]: [(99.19929,327.72437),1.63624]
	8348.84028	   0.03322	[mu,kappa]: [(99.17840,328.56928),1.60340]
	8337.78012	   0.03317	[mu,kappa]: [(98.12537,331.09672),1.51653]
	8492.03776	   0.03379	[mu,kappa]: [(99.16685,328.87729),1.59170]
	8365.22625	   0.03328	[mu,kappa]: [(101.30670,325.61651),1.73135]
			msglen: 1957871.79374 bits.
Iteration #: 3
	8275.46023	   0.03292	[mu,kappa]: [(96.56096,331.73575),1.49324]
	8283.06754	   0.03295	[mu,kappa]: [(104.59304,322.48611),1.91518]
	8502.05298	   0.03383	[mu,kappa]: [(92.09341,335.56591),1.38908]
	8300.20626	   0.03302	[mu,kappa]: [(96.78774,332.36092),1.47678]
	8496.25844	   0.03380	[mu,kappa]: [(103.56451,324.35640),1.80720]
	8364.33896	   0.03328	[mu,kappa]: [(99.50687,328.94014),1.59320]
	8434.24860	   0.03356	[mu,kappa]: [(99.44408,328.65463),1.60247]
	8214.50991	   0.03268	[mu,kappa]: [(103.85762,323.08192),1.87517]
	8363.70400	   0.03328	[mu,kappa]: [(100.65206,327.29923),1.65879]
	8441.44703	   0.03358	[mu,kappa]: [(98.91862,328.65377),1.60001]
	8412.90763	   0.03347	[mu,kappa]: [(103.44779,323.72778),1.83739]
	8376.77717	   0.03333	[mu,kappa]: [(102.40834,324.60862),1.78606]
	8319.44295	   0.03310	[mu,kappa]: [(104.62049,322.89840),1.89239]
	8433.23746	   0.03355	[mu,kappa]: [(97.19413,331.24288),1.51023]
	8393.13246	   0.03339	[mu,kappa]: [(95.47459,332.28473),1.47532]
	8345.62849	   0.03320	[mu,kappa]: [(93.50826,333.80434),1.43178]
	8490.99439	   0.03378	[mu,kappa]: [(102.44848,325.51079),1.74506]
	8434.54566	   0.03356	[mu,kappa]: [(98.80061,329.36360),1.57499]
	8396.39764	   0.03341	[mu,kappa]: [(98.23789,329.14413),1.58058]
	8508.36171	   0.03385	[mu,kappa]: [(107.02840,320.52184),2.06543]
	8315.38431	   0.03308	[mu,kappa]: [(97.06607,331.49703),1.50259]
	8386.81025	   0.03337	[mu,kappa]: [(94.64514,333.96355),1.42980]
	8343.51720	   0.03320	[mu,kappa]: [(95.35826,332.47975),1.46989]
	8254.44467	   0.03284	[mu,kappa]: [(102.81413,325.58420),1.74401]
	8429.23266	   0.03354	[mu,kappa]: [(104.94022,322.18653),1.93565]
	8304.41968	   0.03304	[mu,kappa]: [(99.30142,327.78206),1.63381]
	8335.73237	   0.03316	[mu,kappa]: [(98.61601,329.19279),1.58014]
	8343.70306	   0.03320	[mu,kappa]: [(95.23884,333.85893),1.43374]
	8479.68616	   0.03374	[mu,kappa]: [(98.35281,329.71888),1.56138]
	8366.35010	   0.03329	[mu,kappa]: [(103.08963,323.85757),1.82803]
			msglen: 1956172.46919 bits.
Iteration #: 4
	8255.53668	   0.03285	[mu,kappa]: [(92.83954,335.49334),1.39420]
	8347.28473	   0.03321	[mu,kappa]: [(108.08127,318.54746),2.23518]
	8588.27302	   0.03417	[mu,kappa]: [(83.07487,344.63208),1.24494]
	8286.04345	   0.03297	[mu,kappa]: [(92.58819,336.47467),1.37253]
	8496.99111	   0.03381	[mu,kappa]: [(106.23174,321.32263),2.00712]
	8312.20158	   0.03307	[mu,kappa]: [(98.88301,329.54344),1.57310]
	8381.17920	   0.03335	[mu,kappa]: [(99.01518,329.11496),1.58797]
	8249.89221	   0.03282	[mu,kappa]: [(107.11962,319.51303),2.14415]
	8313.08530	   0.03307	[mu,kappa]: [(101.38507,326.54320),1.69703]
	8388.88074	   0.03338	[mu,kappa]: [(98.38245,329.31358),1.57848]
	8426.93162	   0.03353	[mu,kappa]: [(106.41648,320.49404),2.06412]
	8362.73277	   0.03327	[mu,kappa]: [(104.91681,322.00103),1.95080]
	8370.56477	   0.03330	[mu,kappa]: [(107.93836,319.07758),2.18967]
	8403.57400	   0.03343	[mu,kappa]: [(94.11459,334.34025),1.42301]
	8387.43330	   0.03337	[mu,kappa]: [(90.89949,336.94726),1.36180]
	8381.05300	   0.03334	[mu,kappa]: [(86.76799,340.64387),1.29612]
	8462.65451	   0.03367	[mu,kappa]: [(104.46795,323.27756),1.87438]
	8384.69240	   0.03336	[mu,kappa]: [(97.69083,330.52053),1.53687]
	8347.00426	   0.03321	[mu,kappa]: [(97.17832,330.36821),1.53990]
	8709.57632	   0.03465	[mu,kappa]: [(110.97691,315.58668),2.58672]
	8289.44667	   0.03298	[mu,kappa]: [(93.73010,334.82957),1.41079]
	8413.83698	   0.03348	[mu,kappa]: [(88.19222,340.36175),1.29893]
	8341.40582	   0.03319	[mu,kappa]: [(90.56549,337.34376),1.35371]
	8228.00167	   0.03274	[mu,kappa]: [(104.81060,323.28083),1.87737]
	8510.56417	   0.03386	[mu,kappa]: [(108.52618,318.08319),2.28217]
	8251.62196	   0.03283	[mu,kappa]: [(99.48925,327.76566),1.63846]
	8286.13094	   0.03297	[mu,kappa]: [(97.60004,330.30817),1.54318]
	8363.20493	   0.03327	[mu,kappa]: [(89.11253,339.87457),1.30657]
	8432.57030	   0.03355	[mu,kappa]: [(96.85599,331.28521),1.51097]
	8373.63156	   0.03332	[mu,kappa]: [(105.99603,320.76512),2.04071]
			msglen: 1950114.21927 bits.
Iteration #: 5
	8170.46293	   0.03251	[mu,kappa]: [(85.23452,343.21190),1.26910]
	8592.31979	   0.03419	[mu,kappa]: [(112.37711,313.19174),2.98563]
	8877.60258	   0.03532	[mu,kappa]: [(64.82040,5.45053),1.22060]
	8220.56791	   0.03271	[mu,kappa]: [(83.98720,345.11416),1.24580]
	8518.27040	   0.03389	[mu,kappa]: [(110.12202,316.67413),2.46439]
	8126.04251	   0.03233	[mu,kappa]: [(98.19112,330.35312),1.55591]
	8192.55536	   0.03259	[mu,kappa]: [(98.65592,329.62392),1.58136]
	8394.03201	   0.03340	[mu,kappa]: [(111.37454,314.40555),2.76972]
	8140.32444	   0.03239	[mu,kappa]: [(103.02971,324.89416),1.79438]
	8201.08685	   0.03263	[mu,kappa]: [(97.74835,330.17532),1.55979]
	8495.79284	   0.03380	[mu,kappa]: [(110.52153,315.65637),2.58699]
	8330.41770	   0.03314	[mu,kappa]: [(108.69733,317.78443),2.32887]
	8569.82026	   0.03410	[mu,kappa]: [(112.15925,313.78646),2.88243]
	8285.76507	   0.03297	[mu,kappa]: [(88.04409,340.51757),1.30685]
	8350.49072	   0.03322	[mu,kappa]: [(81.19814,346.85890),1.23315]
	8488.18761	   0.03377	[mu,kappa]: [(72.30015,356.00501),1.19765]
	8377.63647	   0.03333	[mu,kappa]: [(107.79520,319.51568),2.16930]
	8203.72137	   0.03264	[mu,kappa]: [(95.98495,332.40246),1.48823]
	8167.54005	   0.03250	[mu,kappa]: [(95.46114,332.35267),1.48830]
	9421.58125	   0.03748	[mu,kappa]: [(114.98558,309.89795),3.84734]
	8184.23300	   0.03256	[mu,kappa]: [(87.07489,341.57353),1.29072]
	8490.81716	   0.03378	[mu,kappa]: [(74.44470,354.66015),1.19242]
	8316.87299	   0.03309	[mu,kappa]: [(80.37041,347.76519),1.22587]
	8149.55010	   0.03242	[mu,kappa]: [(108.12414,319.43869),2.18001]
	8815.29328	   0.03507	[mu,kappa]: [(112.81934,312.63547),3.09836]
	8067.09198	   0.03210	[mu,kappa]: [(100.13925,327.34725),1.67024]
	8106.35286	   0.03225	[mu,kappa]: [(96.03591,332.08881),1.49707]
	8413.89504	   0.03348	[mu,kappa]: [(76.11105,353.23632),1.19346]
	8259.24606	   0.03286	[mu,kappa]: [(94.31835,334.01199),1.44248]
	8418.42940	   0.03349	[mu,kappa]: [(110.07352,316.05608),2.53103]
			msglen: 1931155.90566 bits.
Iteration #: 6
	7853.10387	   0.03124	[mu,kappa]: [(72.15497,357.69763),1.21828]
	9393.22928	   0.03737	[mu,kappa]: [(115.89438,308.05630),4.70083]
	9700.87904	   0.03860	[mu,kappa]: [(48.39213,38.41608),1.78696]
	7957.63011	   0.03166	[mu,kappa]: [(69.42079,1.54316),1.22047]
	8661.54517	   0.03446	[mu,kappa]: [(114.24032,311.27529),3.50446]
	7564.45981	   0.03010	[mu,kappa]: [(98.23297,330.83870),1.57666]
	7627.63302	   0.03035	[mu,kappa]: [(99.20808,329.59518),1.62128]
	8901.39330	   0.03541	[mu,kappa]: [(115.21368,309.11833),4.20270]
	7654.81374	   0.03046	[mu,kappa]: [(106.22077,321.77142),2.03775]
	7634.26142	   0.03037	[mu,kappa]: [(97.80832,330.71472),1.57887]
	8781.99536	   0.03494	[mu,kappa]: [(114.57631,310.28949),3.78155]
	8308.90118	   0.03306	[mu,kappa]: [(113.00913,312.52237),3.18965]
	9238.26254	   0.03675	[mu,kappa]: [(115.78012,308.54838),4.46596]
	7877.87901	   0.03134	[mu,kappa]: [(77.69911,351.69810),1.22838]
	8168.19491	   0.03250	[mu,kappa]: [(65.15847,5.88482),1.24830]
	8737.07322	   0.03476	[mu,kappa]: [(53.79936,24.11467),1.45865]
	8191.35107	   0.03259	[mu,kappa]: [(112.04831,314.44882),2.83911]
	7644.70303	   0.03042	[mu,kappa]: [(94.21946,334.77294),1.45735]
	7612.20861	   0.03029	[mu,kappa]: [(93.59082,334.88421),1.45373]
	11521.25332	   0.04584	[mu,kappa]: [(117.29703,305.63862),6.55391]
	7811.37691	   0.03108	[mu,kappa]: [(75.65678,353.97934),1.22045]
	8646.24072	   0.03440	[mu,kappa]: [(55.81014,21.21481),1.40087]
	8170.85475	   0.03251	[mu,kappa]: [(63.79734,7.79092),1.26010]
	7981.77358	   0.03176	[mu,kappa]: [(112.34265,314.31910),2.86594]
	9788.76600	   0.03895	[mu,kappa]: [(116.16875,307.60066),4.95771]
	7527.85405	   0.02995	[mu,kappa]: [(102.10562,325.84788),1.78374]
	7552.35192	   0.03005	[mu,kappa]: [(94.49315,334.25952),1.47044]
	8490.01215	   0.03378	[mu,kappa]: [(57.60456,18.36126),1.35674]
	7713.79916	   0.03069	[mu,kappa]: [(90.96051,337.98481),1.38386]
	8632.19975	   0.03434	[mu,kappa]: [(114.21664,310.69836),3.65102]
			msglen: 1889719.31162 bits.
Iteration #: 7
	7107.51433	   0.02828	[mu,kappa]: [(59.65922,16.43946),1.39775]
	11005.52526	   0.04379	[mu,kappa]: [(117.24126,305.20331),7.13430]
	11503.30802	   0.04577	[mu,kappa]: [(44.20179,60.02666),3.35140]
	7312.78181	   0.02909	[mu,kappa]: [(56.65415,22.21833),1.47686]
	9102.11983	   0.03621	[mu,kappa]: [(116.88141,307.42888),5.21021]
	6475.61068	   0.02576	[mu,kappa]: [(100.51906,330.28624),1.68090]
	6542.21624	   0.02603	[mu,kappa]: [(101.98839,328.44706),1.75590]
	10003.04321	   0.03980	[mu,kappa]: [(117.05126,305.87943),6.37470]
	6798.89058	   0.02705	[mu,kappa]: [(110.63382,317.87526),2.50570]
	6534.32490	   0.02600	[mu,kappa]: [(100.05981,330.20442),1.68123]
	9488.08890	   0.03775	[mu,kappa]: [(116.88751,306.69350),5.68661]
	8432.16785	   0.03355	[mu,kappa]: [(116.11575,308.43044),4.65052]
	10622.85979	   0.04226	[mu,kappa]: [(117.33551,305.51185),6.77826]
	6968.62978	   0.02773	[mu,kappa]: [(66.84604,6.32963),1.29919]
	7678.60138	   0.03055	[mu,kappa]: [(52.83729,28.73820),1.61800]
	9166.44888	   0.03647	[mu,kappa]: [(46.06375,49.02319),2.37140]
	7989.15611	   0.03179	[mu,kappa]: [(115.64135,310.09873),4.00590]
	6529.23236	   0.02598	[mu,kappa]: [(94.34169,336.59143),1.48556]
	6501.58798	   0.02587	[mu,kappa]: [(93.51471,336.89998),1.47755]
	15176.62872	   0.06038	[mu,kappa]: [(117.39301,303.89019),9.61603]
	6965.40684	   0.02771	[mu,kappa]: [(63.98605,10.22637),1.32797]
	8864.86322	   0.03527	[mu,kappa]: [(47.03821,46.17654),2.20070]
	7754.20053	   0.03085	[mu,kappa]: [(51.77353,31.26442),1.67736]
	7812.10408	   0.03108	[mu,kappa]: [(115.88055,309.97457),4.05660]
	11695.26372	   0.04653	[mu,kappa]: [(117.29370,304.93158),7.50683]
	6524.06270	   0.02596	[mu,kappa]: [(105.99168,323.18757),2.03828]
	6449.97043	   0.02566	[mu,kappa]: [(94.87512,335.80235),1.50472]
	8535.75328	   0.03396	[mu,kappa]: [(47.94787,43.28414),2.06057]
	6602.06214	   0.02627	[mu,kappa]: [(88.90320,342.03594),1.37893]
	9203.57645	   0.03662	[mu,kappa]: [(116.69767,306.99359),5.46578]
			msglen: 1844615.28311 bits.
Iteration #: 8
	6189.38656	   0.02463	[mu,kappa]: [(55.15185,27.74007),1.68619]
	12381.20840	   0.04926	[mu,kappa]: [(116.93690,304.30130),8.58002]
	14340.93241	   0.05706	[mu,kappa]: [(42.88064,68.72073),6.11792]
	6484.58097	   0.02580	[mu,kappa]: [(52.31635,34.17502),1.86009]
	9655.42022	   0.03841	[mu,kappa]: [(117.92543,305.89793),6.38228]
	5486.21810	   0.02183	[mu,kappa]: [(105.94711,328.87682),1.86300]
	5573.71908	   0.02218	[mu,kappa]: [(107.47231,326.72561),1.96866]
	11028.20641	   0.04388	[mu,kappa]: [(117.16766,304.75473),7.72777]
	6164.57408	   0.02453	[mu,kappa]: [(115.21052,315.26609),3.00968]
	5532.59013	   0.02201	[mu,kappa]: [(105.39392,328.78690),1.86138]
	10237.24271	   0.04073	[mu,kappa]: [(117.49387,305.33686),6.94075]
	8734.70521	   0.03475	[mu,kappa]: [(117.61813,306.65642),5.73525]
	11842.36955	   0.04711	[mu,kappa]: [(117.25284,304.51228),8.16932]
	5918.04422	   0.02355	[mu,kappa]: [(62.95377,15.45402),1.45174]
	7005.41082	   0.02787	[mu,kappa]: [(49.00701,41.16031),2.14873]
	9676.37685	   0.03850	[mu,kappa]: [(44.12242,59.79619),3.74649]
	8020.30993	   0.03191	[mu,kappa]: [(117.92977,308.04224),4.94963]
	5456.53696	   0.02171	[mu,kappa]: [(98.83047,336.56933),1.58524]
	5428.50663	   0.02160	[mu,kappa]: [(97.80764,336.97716),1.57225]
	17927.42810	   0.07132	[mu,kappa]: [(116.17787,303.51486),11.34732]
	5965.14206	   0.02373	[mu,kappa]: [(59.69147,20.29981),1.52641]
	9069.32620	   0.03608	[mu,kappa]: [(44.79058,57.32408),3.37140]
	7160.71559	   0.02849	[mu,kappa]: [(48.16812,43.68751),2.27095]
	7866.55885	   0.03130	[mu,kappa]: [(118.13909,307.94791),5.00955]
	13273.34881	   0.05281	[mu,kappa]: [(116.81091,304.12634),8.99646]
	5684.59006	   0.02262	[mu,kappa]: [(111.25324,320.81123),2.36405]
	5395.35017	   0.02147	[mu,kappa]: [(99.47008,335.59130),1.61139]
	8504.76250	   0.03384	[mu,kappa]: [(45.41802,54.79103),3.07069]
	5489.49274	   0.02184	[mu,kappa]: [(91.93742,343.53242),1.43869]
	9852.94570	   0.03920	[mu,kappa]: [(117.45940,305.55300),6.69046]
			msglen: 1820169.09976 bits.
Iteration #: 9
	5439.28539	   0.02164	[mu,kappa]: [(55.61867,28.91058),1.84705]
	12951.48106	   0.05153	[mu,kappa]: [(115.80643,304.09153),9.02205]
	17617.11194	   0.07009	[mu,kappa]: [(41.76926,73.84182),10.19127]
	5743.29225	   0.02285	[mu,kappa]: [(52.22746,35.79705),2.08670]
	9953.49739	   0.03960	[mu,kappa]: [(118.39023,305.52143),6.66396]
	5097.64646	   0.02028	[mu,kappa]: [(112.48502,328.31557),2.02993]
	5211.74911	   0.02074	[mu,kappa]: [(113.74506,326.14407),2.14666]
	11472.53934	   0.04564	[mu,kappa]: [(116.48817,304.46480),8.10088]
	6041.37828	   0.02404	[mu,kappa]: [(119.65357,314.75299),3.25225]
	5134.96013	   0.02043	[mu,kappa]: [(111.74911,328.13735),2.02627]
	10592.95134	   0.04214	[mu,kappa]: [(117.38488,304.98337),7.25886]
	8955.75256	   0.03563	[mu,kappa]: [(118.49636,306.20794),6.01589]
	12350.05443	   0.04913	[mu,kappa]: [(116.40550,304.27002),8.55707]
	5173.06934	   0.02058	[mu,kappa]: [(65.14243,15.87925),1.53612]
	6307.68045	   0.02510	[mu,kappa]: [(48.36564,43.30813),2.49948]
	9867.69497	   0.03926	[mu,kappa]: [(43.09411,63.69903),5.15573]
	8165.80784	   0.03249	[mu,kappa]: [(119.80286,307.58770),5.21252]
	4965.37381	   0.01976	[mu,kappa]: [(105.70099,335.95004),1.71142]
	4930.19186	   0.01962	[mu,kappa]: [(104.50699,336.27389),1.69466]
	19098.81631	   0.07598	[mu,kappa]: [(114.12510,303.55729),12.13644]
	5218.33620	   0.02076	[mu,kappa]: [(61.14836,21.00570),1.63322]
	8966.82670	   0.03568	[mu,kappa]: [(43.75268,60.89729),4.47496]
	6499.75066	   0.02586	[mu,kappa]: [(47.41320,46.03514),2.67998]
	8018.07005	   0.03190	[mu,kappa]: [(120.03384,307.51608),5.26968]
	13922.51956	   0.05539	[mu,kappa]: [(115.49061,303.95586),9.48014]
	5423.71235	   0.02158	[mu,kappa]: [(116.58876,320.18310),2.57351]
	4918.44908	   0.01957	[mu,kappa]: [(106.24114,334.93532),1.74140]
	8204.39084	   0.03264	[mu,kappa]: [(44.39698,58.08383),3.95381]
	4925.96199	   0.01960	[mu,kappa]: [(98.67856,342.92685),1.53463]
	10177.64831	   0.04049	[mu,kappa]: [(117.50022,305.17379),7.00235]
			msglen: 1807223.13698 bits.
Iteration #: 10
	4993.20826	   0.01987	[mu,kappa]: [(57.30419,24.86843),1.91127]
	13090.06635	   0.05208	[mu,kappa]: [(114.13476,303.98049),9.21009]
	20841.73822	   0.08292	[mu,kappa]: [(40.86339,78.26246),16.63391]
	5248.48214	   0.02088	[mu,kappa]: [(53.31845,31.91766),2.16851]
	10009.41835	   0.03982	[mu,kappa]: [(118.82460,305.44944),6.60953]
	5062.15627	   0.02014	[mu,kappa]: [(118.49574,329.60620),2.11766]
	5191.93414	   0.02066	[mu,kappa]: [(119.59619,327.43075),2.23267]
	11553.46705	   0.04597	[mu,kappa]: [(115.36404,304.31606),8.17195]
	6125.57887	   0.02437	[mu,kappa]: [(124.56529,315.78810),3.31351]
	5091.15440	   0.02026	[mu,kappa]: [(117.43069,329.23748),2.10954]
	10648.32671	   0.04236	[mu,kappa]: [(117.00893,304.84396),7.24691]
	9014.43577	   0.03586	[mu,kappa]: [(119.39474,306.17072),5.96762]
	12446.40698	   0.04952	[mu,kappa]: [(115.10374,304.14313),8.65737]
	4805.44595	   0.01912	[mu,kappa]: [(68.38247,12.49856),1.58654]
	5753.12792	   0.02289	[mu,kappa]: [(48.67743,39.79905),2.63133]
	9503.94466	   0.03781	[mu,kappa]: [(42.72208,64.73382),6.11838]
	8254.99031	   0.03284	[mu,kappa]: [(122.05947,307.79239),5.17697]
	4862.04741	   0.01934	[mu,kappa]: [(111.58289,336.70586),1.79351]
	4818.21898	   0.01917	[mu,kappa]: [(110.07630,336.80401),1.77415]
	19705.42851	   0.07840	[mu,kappa]: [(111.48420,303.67323),12.93210]
	4823.31531	   0.01919	[mu,kappa]: [(63.80431,17.29549),1.68558]
	8456.64312	   0.03365	[mu,kappa]: [(43.45342,60.95232),5.11857]
	5930.90132	   0.02360	[mu,kappa]: [(47.56375,42.84709),2.83776]
	8110.17238	   0.03227	[mu,kappa]: [(122.36633,307.74174),5.23197]
	14105.56629	   0.05612	[mu,kappa]: [(113.59769,303.87224),9.74047]
	5446.56558	   0.02167	[mu,kappa]: [(121.82296,321.30926),2.64792]
	4821.21461	   0.01918	[mu,kappa]: [(111.99752,335.68098),1.82302]
	7632.70843	   0.03037	[mu,kappa]: [(44.16484,57.29650),4.40787]
	4768.67441	   0.01897	[mu,kappa]: [(104.37350,343.01462),1.61020]
	10230.66130	   0.04070	[mu,kappa]: [(117.30283,305.03727),6.98152]
			msglen: 1795725.02527 bits.
Iteration #: 11
	4814.88051	   0.01916	[mu,kappa]: [(57.52949,19.35792),1.97485]
	13085.26149	   0.05206	[mu,kappa]: [(112.09700,303.82168),9.48410]
	23903.91097	   0.09510	[mu,kappa]: [(40.05900,81.77291),28.08914]
	5024.42016	   0.01999	[mu,kappa]: [(53.59440,26.16735),2.22204]
	9910.32072	   0.03943	[mu,kappa]: [(119.53118,305.37658),6.53532]
	5103.61605	   0.02031	[mu,kappa]: [(124.39804,332.42733),2.17077]
	5241.83658	   0.02086	[mu,kappa]: [(125.52758,330.18736),2.28728]
	11468.01048	   0.04563	[mu,kappa]: [(113.96794,304.10367),8.26357]
	6244.91473	   0.02485	[mu,kappa]: [(130.58135,317.85891),3.40063]
	5120.07040	   0.02037	[mu,kappa]: [(122.83406,331.72105),2.15090]
	10531.89963	   0.04190	[mu,kappa]: [(116.58533,304.65361),7.21842]
	8944.27781	   0.03559	[mu,kappa]: [(120.67248,306.18746),5.89779]
	12373.96196	   0.04923	[mu,kappa]: [(113.51579,303.95352),8.79931]
	4678.02966	   0.01861	[mu,kappa]: [(69.00535,8.65532),1.64566]
	5451.67666	   0.02169	[mu,kappa]: [(48.80024,33.73517),2.67360]
	8628.64987	   0.03433	[mu,kappa]: [(43.42480,63.58606),6.32284]
	8274.50195	   0.03292	[mu,kappa]: [(125.20087,308.25491),5.15625]
	4858.66013	   0.01933	[mu,kappa]: [(116.30650,338.83828),1.82748]
	4805.83700	   0.01912	[mu,kappa]: [(114.23417,338.56268),1.80246]
	20432.79422	   0.08129	[mu,kappa]: [(108.58168,303.84551),14.16298]
	4679.49573	   0.01862	[mu,kappa]: [(64.27816,12.77093),1.74713]
	7694.75385	   0.03061	[mu,kappa]: [(44.25688,58.48929),5.16028]
	5592.57405	   0.02225	[mu,kappa]: [(47.75627,36.98151),2.87002]
	8138.57371	   0.03238	[mu,kappa]: [(125.64087,308.23566),5.21688]
	14165.13758	   0.05636	[mu,kappa]: [(111.32151,303.75486),10.12819]
	5513.46765	   0.02194	[mu,kappa]: [(127.58736,323.64549),2.70263]
	4818.71653	   0.01917	[mu,kappa]: [(116.63847,337.76176),1.85536]
	6990.87246	   0.02781	[mu,kappa]: [(44.93211,53.82063),4.40604]
	4736.43512	   0.01885	[mu,kappa]: [(107.98918,344.26360),1.63986]
	10118.44235	   0.04026	[mu,kappa]: [(117.10367,304.85975),6.93889]
			msglen: 1782386.66438 bits.
Iteration #: 12
	4799.21924	   0.01909	[mu,kappa]: [(54.98869,13.45753),2.08399]
	13050.98295	   0.05192	[mu,kappa]: [(109.84078,303.62222),9.90175]
	26173.72853	   0.10413	[mu,kappa]: [(39.29498,83.75460),44.85511]
	4993.22764	   0.01987	[mu,kappa]: [(51.68590,20.10937),2.31184]
	9707.56458	   0.03862	[mu,kappa]: [(120.71827,305.21185),6.55634]
	5098.33557	   0.02028	[mu,kappa]: [(130.65339,336.48837),2.25459]
	5245.68542	   0.02087	[mu,kappa]: [(131.94708,334.12301),2.38593]
	11295.72893	   0.04494	[mu,kappa]: [(112.40923,303.79747),8.44238]
	6383.87005	   0.02540	[mu,kappa]: [(137.72186,320.77660),3.69629]
	5092.60383	   0.02026	[mu,kappa]: [(128.46575,335.22867),2.20852]
	10300.29031	   0.04098	[mu,kappa]: [(116.24806,304.34321),7.25831]
	8782.18153	   0.03494	[mu,kappa]: [(122.56409,306.14181),5.93530]
	12226.21855	   0.04864	[mu,kappa]: [(111.76256,303.68503),9.04437]
	4647.36183	   0.01849	[mu,kappa]: [(66.00014,4.68924),1.73060]
	5388.41280	   0.02144	[mu,kappa]: [(47.47448,27.14982),2.73220]
	7736.19181	   0.03078	[mu,kappa]: [(45.73079,61.16737),5.96801]
	8273.05944	   0.03292	[mu,kappa]: [(129.48251,308.85293),5.33888]
	4803.33254	   0.01911	[mu,kappa]: [(120.47289,341.94331),1.84177]
	4739.95413	   0.01886	[mu,kappa]: [(117.53824,341.07792),1.80362]
	21544.29819	   0.08571	[mu,kappa]: [(105.76890,304.14537),15.89538]
	4656.03985	   0.01853	[mu,kappa]: [(61.40697,8.04349),1.84394]
	7083.33537	   0.02818	[mu,kappa]: [(46.33096,55.16194),4.87789]
	5500.14701	   0.02188	[mu,kappa]: [(46.80745,30.64152),2.90044]
	8159.49922	   0.03246	[mu,kappa]: [(130.10233,308.88651),5.42265]
	14236.13940	   0.05664	[mu,kappa]: [(108.84165,303.62694),10.69861]
	5541.29760	   0.02205	[mu,kappa]: [(134.15774,326.89960),2.84571]
	4762.41267	   0.01895	[mu,kappa]: [(120.75497,340.75399),1.86854]
	6567.83562	   0.02613	[mu,kappa]: [(46.47356,49.81015),4.20821]
	4665.72706	   0.01856	[mu,kappa]: [(109.98180,346.22094),1.63390]
	9891.31831	   0.03935	[mu,kappa]: [(117.04655,304.56214),6.96495]
			msglen: 1769778.18359 bits.
Iteration #: 13
	4907.36338	   0.01953	[mu,kappa]: [(50.13419,6.70583),2.29231]
	13027.93840	   0.05183	[mu,kappa]: [(107.47607,303.40131),10.42058]
	26731.67613	   0.10635	[mu,kappa]: [(38.70242,84.63418),50.00000]
	5111.08665	   0.02034	[mu,kappa]: [(47.65003,13.58213),2.48818]
	9429.53241	   0.03752	[mu,kappa]: [(122.43065,304.91378),6.75190]
	5003.10489	   0.01991	[mu,kappa]: [(137.03291,341.94643),2.41701]
	5166.09276	   0.02055	[mu,kappa]: [(138.55154,339.35482),2.58564]
	11066.80556	   0.04403	[mu,kappa]: [(110.72320,303.39388),8.70262]
	6607.25281	   0.02629	[mu,kappa]: [(145.03666,324.42543),4.41496]
	4959.73862	   0.01973	[mu,kappa]: [(134.24138,339.84584),2.32044]
	9973.80083	   0.03968	[mu,kappa]: [(116.01868,303.88276),7.39706]
	8556.23655	   0.03404	[mu,kappa]: [(125.09329,305.97993),6.17856]
	12035.84905	   0.04788	[mu,kappa]: [(109.90494,303.34086),9.37454]
	4667.28007	   0.01857	[mu,kappa]: [(60.02173,0.00412),1.88762]
	5528.34445	   0.02200	[mu,kappa]: [(44.32214,20.41110),2.87055]
	7423.14574	   0.02953	[mu,kappa]: [(49.52706,60.12979),5.65373]
	8331.17265	   0.03315	[mu,kappa]: [(134.64959,309.53719),5.93053]
	4634.70897	   0.01844	[mu,kappa]: [(124.19858,346.09153),1.85448]
	4558.73019	   0.01814	[mu,kappa]: [(120.09271,344.31683),1.79188]
	23060.30795	   0.09174	[mu,kappa]: [(103.32544,304.60981),17.99701]
	4709.47746	   0.01874	[mu,kappa]: [(55.82497,2.53965),2.02450]
	6932.86457	   0.02758	[mu,kappa]: [(49.13213,53.85665),4.65365]
	5622.21283	   0.02237	[mu,kappa]: [(44.15132,24.53073),2.99769]
	8264.43600	   0.03288	[mu,kappa]: [(135.44440,309.65233),6.07298]
	14362.19255	   0.05714	[mu,kappa]: [(106.31149,303.51642),11.38870]
	5516.49370	   0.02195	[mu,kappa]: [(141.06248,331.04943),3.17023]
	4592.16307	   0.01827	[mu,kappa]: [(124.45817,344.70263),1.88066]
	6505.86609	   0.02588	[mu,kappa]: [(48.01168,47.93557),4.05324]
	4492.04080	   0.01787	[mu,kappa]: [(110.40181,348.79367),1.60451]
	9568.08488	   0.03807	[mu,kappa]: [(117.15298,304.10887),7.09827]
			msglen: 1760471.36994 bits.
Iteration #: 14
	5068.65856	   0.02017	[mu,kappa]: [(45.34893,357.82835),2.67059]
	13037.15633	   0.05187	[mu,kappa]: [(105.12499,303.14745),10.97077]
	26864.02807	   0.10688	[mu,kappa]: [(38.37923,84.87423),50.00000]
	5271.31729	   0.02097	[mu,kappa]: [(43.44056,5.14035),2.80323]
	9096.37945	   0.03619	[mu,kappa]: [(124.49286,304.43098),7.23600]
	4795.74099	   0.01908	[mu,kappa]: [(142.86512,349.16338),2.70104]
	4985.07442	   0.01983	[mu,kappa]: [(144.58419,346.14361),2.93883]
	10805.54546	   0.04299	[mu,kappa]: [(108.93468,302.87354),9.04560]
	7019.66770	   0.02793	[mu,kappa]: [(151.02260,328.26622),5.84871]
	4693.83605	   0.01868	[mu,kappa]: [(139.72079,345.91888),2.51878]
	9564.88447	   0.03805	[mu,kappa]: [(115.83608,303.23399),7.68685]
	8289.55797	   0.03298	[mu,kappa]: [(127.99073,305.63652),6.76247]
	11826.79352	   0.04705	[mu,kappa]: [(108.00148,302.90297),9.77226]
	4687.08035	   0.01865	[mu,kappa]: [(53.62504,353.54966),2.18386]
	5718.45151	   0.02275	[mu,kappa]: [(40.82397,12.01146),3.13096]
	7482.23738	   0.02977	[mu,kappa]: [(54.72102,61.27173),5.65278]
	8554.12178	   0.03403	[mu,kappa]: [(139.76973,310.19044),7.21795]
	4317.91833	   0.01718	[mu,kappa]: [(127.47031,351.65859),1.88597]
	4226.59561	   0.01682	[mu,kappa]: [(121.97976,348.50741),1.78425]
	24826.12845	   0.09877	[mu,kappa]: [(101.42127,305.21679),20.24564]
	4783.05156	   0.01903	[mu,kappa]: [(50.07490,355.11864),2.35692]
	6961.86670	   0.02770	[mu,kappa]: [(52.88658,54.93085),4.59627]
	5778.86708	   0.02299	[mu,kappa]: [(40.99800,17.23621),3.19144]
	8574.11781	   0.03411	[mu,kappa]: [(140.64591,310.41071),7.47660]
	14551.60407	   0.05789	[mu,kappa]: [(103.89065,303.41316),12.08573]
	5442.20196	   0.02165	[mu,kappa]: [(147.33356,336.01506),3.77932]
	4273.59990	   0.01700	[mu,kappa]: [(127.73558,349.95514),1.91083]
	6513.35840	   0.02591	[mu,kappa]: [(49.97858,48.20071),3.98023]
	4177.06529	   0.01662	[mu,kappa]: [(109.46863,352.04759),1.57398]
	9159.09354	   0.03644	[mu,kappa]: [(117.34365,303.45729),7.39922]
			msglen: 1749678.68360 bits.
Iteration #: 15
	5257.53424	   0.02092	[mu,kappa]: [(42.29877,347.40165),3.31008]
	13080.75294	   0.05204	[mu,kappa]: [(102.97562,302.82719),11.48813]
	27076.25995	   0.10772	[mu,kappa]: [(38.20459,84.91976),50.00000]
	5415.43353	   0.02155	[mu,kappa]: [(40.52916,354.96302),3.32467]
	8733.14340	   0.03475	[mu,kappa]: [(126.48773,303.69881),8.16038]
	4486.99896	   0.01785	[mu,kappa]: [(147.33232,358.77250),3.12507]
	4710.14903	   0.01874	[mu,kappa]: [(149.23362,354.92338),3.46828]
	10539.77838	   0.04193	[mu,kappa]: [(107.16047,302.21455),9.49952]
	7679.68201	   0.03055	[mu,kappa]: [(154.74483,331.30428),8.11699]
	4304.66216	   0.01713	[mu,kappa]: [(144.28273,354.23411),2.81456]
	9096.77660	   0.03619	[mu,kappa]: [(115.62780,302.36226),8.21977]
	8007.78936	   0.03186	[mu,kappa]: [(130.67266,305.02070),7.85263]
	11623.18427	   0.04624	[mu,kappa]: [(106.19312,302.34497),10.24375]
	4686.28353	   0.01865	[mu,kappa]: [(48.80687,345.57466),2.67934]
	5868.38955	   0.02335	[mu,kappa]: [(38.25629,1.84871),3.57440]
	7851.19154	   0.03124	[mu,kappa]: [(61.21314,63.75113),6.10609]
	9017.65034	   0.03588	[mu,kappa]: [(143.60019,310.56801),9.39806]
	3868.49234	   0.01539	[mu,kappa]: [(130.13509,359.65005),1.95065]
	3756.18021	   0.01495	[mu,kappa]: [(123.33777,354.48836),1.78992]
	26570.64027	   0.10571	[mu,kappa]: [(100.12609,305.90805),22.48421]
	4854.27849	   0.01931	[mu,kappa]: [(46.00634,346.15262),2.91201]
	7056.29942	   0.02807	[mu,kappa]: [(58.13013,57.60519),4.78700]
	5856.22851	   0.02330	[mu,kappa]: [(38.44081,8.43076),3.52288]
	9170.97235	   0.03649	[mu,kappa]: [(144.42852,310.89715),9.81182]
	14776.67036	   0.05879	[mu,kappa]: [(101.77077,303.27697),12.67564]
	5324.52629	   0.02118	[mu,kappa]: [(152.11455,341.54355),4.74198]
	3821.11981	   0.01520	[mu,kappa]: [(130.46637,357.48874),1.97069]
	6440.77461	   0.02563	[mu,kappa]: [(53.18832,50.12902),4.02256]
	3729.13243	   0.01484	[mu,kappa]: [(107.68342,356.63447),1.55656]
	8685.02511	   0.03455	[mu,kappa]: [(117.49849,302.56701),7.96719]
			msglen: 1736541.89723 bits.
Iteration #: 16
	5465.32607	   0.02174	[mu,kappa]: [(41.17599,337.64575),4.33616]
	13134.61770	   0.05226	[mu,kappa]: [(101.26428,302.42910),11.90780]
	27380.37941	   0.10893	[mu,kappa]: [(38.04945,84.93356),50.00000]
	5509.43229	   0.02192	[mu,kappa]: [(39.21769,344.94989),4.14855]
	8427.76362	   0.03353	[mu,kappa]: [(127.97267,302.72383),9.65126]
	4129.98158	   0.01643	[mu,kappa]: [(149.80386,10.50109),3.71769]
	4384.74932	   0.01745	[mu,kappa]: [(152.00791,5.45523),4.18910]
	10307.58562	   0.04101	[mu,kappa]: [(105.67782,301.44618),10.06842]
	8435.49007	   0.03356	[mu,kappa]: [(156.53948,333.21282),10.72417]
	3850.44883	   0.01532	[mu,kappa]: [(147.30104,4.99723),3.23441]
	8649.77042	   0.03441	[mu,kappa]: [(115.45815,301.31095),9.08740]
	7786.19565	   0.03098	[mu,kappa]: [(132.53681,304.10669),9.55301]
	11450.94032	   0.04556	[mu,kappa]: [(104.74127,301.68325),10.77553]
	4646.31445	   0.01849	[mu,kappa]: [(46.09561,337.41575),3.44941]
	5928.57925	   0.02359	[mu,kappa]: [(36.97608,351.64996),4.28887]
	8607.75894	   0.03425	[mu,kappa]: [(67.55912,66.16169),7.09206]
	9656.82788	   0.03842	[mu,kappa]: [(145.57602,310.48781),12.11675]
	3348.41052	   0.01332	[mu,kappa]: [(131.88303,10.33652),2.09355]
	3202.48880	   0.01274	[mu,kappa]: [(124.40624,2.68487),1.84122]
	28032.27156	   0.11152	[mu,kappa]: [(99.41469,306.62539),24.69988]
	4907.38121	   0.01953	[mu,kappa]: [(43.98283,337.31854),3.78575]
	7241.16776	   0.02881	[mu,kappa]: [(64.10859,60.48943),5.34343]
	5789.69654	   0.02304	[mu,kappa]: [(36.81738,359.30995),4.05911]
	9956.70998	   0.03961	[mu,kappa]: [(146.31253,310.91913),12.62892]
	14973.18057	   0.05957	[mu,kappa]: [(100.13885,303.07982),13.07038]
	5170.88138	   0.02057	[mu,kappa]: [(155.18654,347.15201),6.02202]
	3295.58500	   0.01311	[mu,kappa]: [(132.39652,7.67709),2.10088]
	6260.24331	   0.02491	[mu,kappa]: [(57.52181,52.84170),4.26670]
	3187.11914	   0.01268	[mu,kappa]: [(105.99879,2.79246),1.57620]
	8228.70281	   0.03274	[mu,kappa]: [(117.61421,301.47825),8.90538]
			msglen: 1723209.06779 bits.
Iteration #: 17
	5679.74563	   0.02260	[mu,kappa]: [(41.31486,330.69253),5.72717]
	13156.41781	   0.05234	[mu,kappa]: [(100.04962,301.98062),12.16650]
	27882.86723	   0.11093	[mu,kappa]: [(37.84267,84.93481),50.00000]
	5543.60947	   0.02206	[mu,kappa]: [(39.02303,337.41418),5.26630]
	8312.44370	   0.03307	[mu,kappa]: [(128.81788,301.69592),11.65650]
	3814.50065	   0.01518	[mu,kappa]: [(150.30882,22.19157),4.55516]
	4091.88119	   0.01628	[mu,kappa]: [(153.00713,16.16402),5.14803]
	10129.38392	   0.04030	[mu,kappa]: [(104.68301,300.66043),10.66598]
	9026.81913	   0.03591	[mu,kappa]: [(157.36860,334.63263),13.03833]
	3425.09153	   0.01363	[mu,kappa]: [(148.53000,16.55894),3.84756]
	8330.95605	   0.03315	[mu,kappa]: [(115.48665,300.25235),10.26867]
	7731.75190	   0.03076	[mu,kappa]: [(133.43503,303.07457),11.73078]
	11314.34431	   0.04501	[mu,kappa]: [(103.79165,300.99044),11.28375]
	4573.02310	   0.01820	[mu,kappa]: [(45.05341,330.80881),4.52460]
	5889.30380	   0.02343	[mu,kappa]: [(36.63372,343.86373),5.26269]
	9528.54639	   0.03791	[mu,kappa]: [(71.98625,67.47811),8.23548]
	10263.74335	   0.04083	[mu,kappa]: [(146.17989,310.06411),14.59373]
	2843.07702	   0.01131	[mu,kappa]: [(132.47104,21.78133),2.38297]
	2645.95071	   0.01053	[mu,kappa]: [(125.28332,12.04852),1.98579]
	29102.71396	   0.11578	[mu,kappa]: [(99.11539,307.33005),26.95894]
	4942.72435	   0.01967	[mu,kappa]: [(43.46746,330.53773),4.99806]
	7468.66444	   0.02971	[mu,kappa]: [(69.02273,62.07708),6.18504]
	5583.71409	   0.02222	[mu,kappa]: [(35.95138,352.01033),4.81003]
	10669.57872	   0.04245	[mu,kappa]: [(146.86400,310.58918),15.09810]
	15075.56257	   0.05998	[mu,kappa]: [(98.98943,302.82745),13.22913]
	5011.93885	   0.01994	[mu,kappa]: [(156.95486,352.50712),7.48242]
	2782.38602	   0.01107	[mu,kappa]: [(133.26515,18.86071),2.36583]
	5999.84348	   0.02387	[mu,kappa]: [(61.75377,54.84029),4.76679]
	2616.99820	   0.01041	[mu,kappa]: [(105.16793,9.72361),1.65748]
	7908.41844	   0.03146	[mu,kappa]: [(117.81646,300.37571),10.20880]
			msglen: 1712464.25547 bits.
Iteration #: 18
	5834.25440	   0.02321	[mu,kappa]: [(42.00845,326.79930),7.07638]
	13130.42379	   0.05224	[mu,kappa]: [(99.13305,301.51990),12.24882]
	28564.49601	   0.11364	[mu,kappa]: [(37.59871,84.91653),50.00000]
	5511.82124	   0.02193	[mu,kappa]: [(39.24139,333.16375),6.37477]
	8423.26395	   0.03351	[mu,kappa]: [(129.19918,300.88175),13.86794]
	3604.03197	   0.01434	[mu,kappa]: [(149.61154,31.67510),5.69517]
	3891.40195	   0.01548	[mu,kappa]: [(152.85843,25.23878),6.37635]
	9989.26559	   0.03974	[mu,kappa]: [(104.06593,299.94372),11.17281]
	9389.41240	   0.03736	[mu,kappa]: [(157.85189,335.87754),14.93117]
	3094.52380	   0.01231	[mu,kappa]: [(148.40154,26.65981),4.70933]
	8167.61368	   0.03250	[mu,kappa]: [(115.73823,299.37968),11.59977]
	7863.44762	   0.03129	[mu,kappa]: [(133.67405,302.20763),13.99691]
	11192.90483	   0.04453	[mu,kappa]: [(103.20122,300.33932),11.67377]
	4490.81067	   0.01787	[mu,kappa]: [(44.98570,326.56082),5.71093]
	5774.13493	   0.02297	[mu,kappa]: [(36.55288,339.65353),6.23217]
	10199.95885	   0.04058	[mu,kappa]: [(74.27170,67.86109),8.96690]
	10705.54598	   0.04259	[mu,kappa]: [(146.15187,309.53700),16.40131]
	2421.83677	   0.00964	[mu,kappa]: [(132.00240,31.73268),2.84789]
	2160.79661	   0.00860	[mu,kappa]: [(125.63678,21.15651),2.23521]
	29865.10381	   0.11882	[mu,kappa]: [(98.98462,307.99664),29.31204]
	4954.45123	   0.01971	[mu,kappa]: [(43.76313,326.42663),6.27319]
	7668.36056	   0.03051	[mu,kappa]: [(71.95367,62.17612),6.96401]
	5326.09593	   0.02119	[mu,kappa]: [(35.31451,348.10974),5.61903]
	11164.46996	   0.04442	[mu,kappa]: [(146.82530,310.13977),16.83361]
	15079.75439	   0.05999	[mu,kappa]: [(98.09949,302.54308),13.17878]
	4875.55246	   0.01940	[mu,kappa]: [(157.95216,357.22791),9.02684]
	2350.66817	   0.00935	[mu,kappa]: [(133.06294,28.90272),2.79266]
	5787.67277	   0.02303	[mu,kappa]: [(64.67403,55.43333),5.44969]
	2102.45087	   0.00837	[mu,kappa]: [(104.70427,16.71864),1.79910]
	7761.47482	   0.03088	[mu,kappa]: [(118.15479,299.47686),11.71349]
			msglen: 1705444.04796 bits.
Iteration #: 19
	5881.21587	   0.02340	[mu,kappa]: [(42.87616,324.77800),8.03905]
	13069.50517	   0.05200	[mu,kappa]: [(98.28850,301.08220),12.18144]
	29185.46804	   0.11611	[mu,kappa]: [(37.37958,84.88685),50.00000]
	5423.86720	   0.02158	[mu,kappa]: [(39.44446,331.27352),7.17854]
	8682.57498	   0.03454	[mu,kappa]: [(129.33101,300.42010),15.89607]
	3493.67391	   0.01390	[mu,kappa]: [(148.54485,38.42981),7.06176]
	3774.43182	   0.01502	[mu,kappa]: [(152.27312,31.87334),7.78961]
	9858.02756	   0.03922	[mu,kappa]: [(103.62047,299.33883),11.52667]
	9611.36837	   0.03824	[mu,kappa]: [(158.19233,336.76598),16.54098]
	2864.22763	   0.01140	[mu,kappa]: [(147.62255,34.28587),5.79089]
	8110.05837	   0.03227	[mu,kappa]: [(116.13261,298.78152),12.91717]
	8107.67247	   0.03226	[mu,kappa]: [(133.61289,301.66757),15.94399]
	11063.40458	   0.04402	[mu,kappa]: [(102.75826,299.77074),11.90796]
	4414.75727	   0.01757	[mu,kappa]: [(45.41741,324.08224),6.73225]
	5631.77089	   0.02241	[mu,kappa]: [(36.28489,338.27536),6.95022]
	10538.66873	   0.04193	[mu,kappa]: [(75.24409,67.92092),9.21639]
	11004.08848	   0.04378	[mu,kappa]: [(145.95280,309.07690),17.54712]
	2107.82398	   0.00839	[mu,kappa]: [(130.82950,39.50095),3.47847]
	1778.44130	   0.00708	[mu,kappa]: [(125.17026,29.25783),2.57237]
	30430.31344	   0.12106	[mu,kappa]: [(98.86661,308.59471),31.72572]
	4932.90688	   0.01963	[mu,kappa]: [(44.43028,324.14015),7.29159]
	7827.04825	   0.03114	[mu,kappa]: [(73.31983,61.55086),7.45279]
	5118.27954	   0.02036	[mu,kappa]: [(34.49107,347.33204),6.32191]
	11482.85166	   0.04568	[mu,kappa]: [(146.63642,309.73515),17.89477]
	15023.30735	   0.05977	[mu,kappa]: [(97.24696,302.25573),12.97512]
	4762.55137	   0.01895	[mu,kappa]: [(158.54245,0.62591),10.62186]
	2023.43192	   0.00805	[mu,kappa]: [(132.06498,36.97157),3.37122]
	5713.70889	   0.02273	[mu,kappa]: [(66.11590,55.05690),6.15432]
	1691.28593	   0.00673	[mu,kappa]: [(103.69058,23.45554),1.98709]
	7739.26813	   0.03079	[mu,kappa]: [(118.58292,298.88447),13.23004]
			msglen: 1701148.55490 bits.
Iteration #: 20
	5856.50842	   0.02330	[mu,kappa]: [(43.76821,323.58257),8.65203]
	12982.16630	   0.05165	[mu,kappa]: [(97.43799,300.68884),12.02785]
	29576.43683	   0.11767	[mu,kappa]: [(37.22555,84.86634),50.00000]
	5313.34098	   0.02114	[mu,kappa]: [(39.48041,330.62327),7.67592]
	8995.30631	   0.03579	[mu,kappa]: [(129.32085,300.29261),17.50036]
	3435.29369	   0.01367	[mu,kappa]: [(147.54522,42.97384),8.44628]
	3692.99084	   0.01469	[mu,kappa]: [(151.69061,36.25918),9.19742]
	9714.52321	   0.03865	[mu,kappa]: [(103.26395,298.84471),11.75581]
	9786.79173	   0.03894	[mu,kappa]: [(158.43561,337.18373),17.93921]
	2705.39804	   0.01076	[mu,kappa]: [(146.67907,39.56026),6.95815]
	8111.55735	   0.03227	[mu,kappa]: [(116.59184,298.43905),14.17173]
	8381.51037	   0.03335	[mu,kappa]: [(133.44125,301.45149),17.35980]
	10911.42940	   0.04341	[mu,kappa]: [(102.38254,299.28935),12.02653]
	4350.07869	   0.01731	[mu,kappa]: [(46.09618,322.50509),7.52592]
	5509.41227	   0.02192	[mu,kappa]: [(35.70134,338.57934),7.42318]
	10695.74482	   0.04255	[mu,kappa]: [(75.64273,68.01989),9.22584]
	11224.57030	   0.04466	[mu,kappa]: [(145.77901,308.75591),18.16349]
	1891.53578	   0.00753	[mu,kappa]: [(129.31571,45.27258),4.26082]
	1493.24105	   0.00594	[mu,kappa]: [(124.02989,36.08312),2.99776]
	30847.36323	   0.12272	[mu,kappa]: [(98.72723,309.08813),34.11024]
	4891.42606	   0.01946	[mu,kappa]: [(45.25162,322.71753),8.02644]
	7953.10495	   0.03164	[mu,kappa]: [(73.84888,60.79020),7.68661]
	5005.82485	   0.01992	[mu,kappa]: [(33.39356,348.60824),6.91143]
	11709.77648	   0.04659	[mu,kappa]: [(146.48030,309.44850),18.44069]
	14931.82342	   0.05941	[mu,kappa]: [(96.35806,301.98549),12.69382]
	4667.04702	   0.01857	[mu,kappa]: [(158.93162,2.35002),12.22012]
	1791.72983	   0.00713	[mu,kappa]: [(130.62741,43.09606),4.09192]
	5748.82018	   0.02287	[mu,kappa]: [(66.60551,54.31765),6.76626]
	1381.65992	   0.00550	[mu,kappa]: [(102.04881,29.68996),2.22327]
	7789.58767	   0.03099	[mu,kappa]: [(119.03009,298.57907),14.67054]
			msglen: 1698395.49193 bits.
Iteration #: 21
	5801.84992	   0.02308	[mu,kappa]: [(44.66506,322.69707),9.07894]
	12874.94039	   0.05122	[mu,kappa]: [(96.59869,300.34905),11.85311]
	29761.83686	   0.11840	[mu,kappa]: [(37.13767,84.86164),50.00000]
	5198.99663	   0.02069	[mu,kappa]: [(39.35113,330.55804),7.98663]
	9300.69542	   0.03700	[mu,kappa]: [(129.20385,300.40444),18.64360]
	3385.52595	   0.01347	[mu,kappa]: [(146.73976,46.04023),9.66731]
	3610.78271	   0.01437	[mu,kappa]: [(151.26983,39.01548),10.44709]
	9557.01978	   0.03802	[mu,kappa]: [(102.99590,298.43538),11.92217]
	9964.31621	   0.03964	[mu,kappa]: [(158.60602,337.28179),19.08629]
	2587.02405	   0.01029	[mu,kappa]: [(145.79748,43.07631),8.04618]
	8156.97213	   0.03245	[mu,kappa]: [(117.04417,298.28670),15.37529]
	8632.82226	   0.03435	[mu,kappa]: [(133.22134,301.46814),18.24924]
	10739.55499	   0.04273	[mu,kappa]: [(102.07773,298.87777),12.09369]
	4296.54202	   0.01710	[mu,kappa]: [(46.92728,321.31849),8.17398]
	5422.02564	   0.02157	[mu,kappa]: [(34.85213,339.82524),7.75948]
	10772.99886	   0.04286	[mu,kappa]: [(75.84914,68.25563),9.18271]
	11400.28458	   0.04536	[mu,kappa]: [(145.68232,308.56516),18.38610]
	1756.56185	   0.00699	[mu,kappa]: [(127.73181,49.39393),5.15128]
	1290.69712	   0.00514	[mu,kappa]: [(122.55442,41.55054),3.53066]
	31139.61587	   0.12389	[mu,kappa]: [(98.57765,309.46284),36.35621]
	4844.87540	   0.01928	[mu,kappa]: [(46.16173,321.64388),8.59665]
	8045.53409	   0.03201	[mu,kappa]: [(74.01664,60.09407),7.77446]
	4985.42431	   0.01984	[mu,kappa]: [(32.13157,351.07215),7.45145]
	11888.73890	   0.04730	[mu,kappa]: [(146.40330,309.27728),18.61262]
	14820.69575	   0.05896	[mu,kappa]: [(95.45058,301.74530),12.40400]
	4594.76878	   0.01828	[mu,kappa]: [(159.21095,2.72445),13.75565]
	1640.21752	   0.00653	[mu,kappa]: [(129.04119,47.53273),4.92609]
	5830.87525	   0.02320	[mu,kappa]: [(66.64531,53.50402),7.25694]
	1155.33685	   0.00460	[mu,kappa]: [(100.25059,35.21377),2.52449]
	7888.46990	   0.03139	[mu,kappa]: [(119.42277,298.48725),16.01284]
			msglen: 1696515.69856 bits.
		6.74972 bpr
Null model msglen: 2203606.00100 bits.	(8.76722 bpr)
