Iteration #: 0
	6242.00000	   0.02483	[mu,kappa]: [(98.84260,328.10264),1.60857]
	6289.00000	   0.02502	[mu,kappa]: [(100.37914,327.15774),1.67023]
	6147.00000	   0.02446	[mu,kappa]: [(100.37741,328.88083),1.58390]
	6217.00000	   0.02473	[mu,kappa]: [(99.81757,327.35275),1.65761]
	6222.00000	   0.02475	[mu,kappa]: [(101.75288,327.49451),1.63767]
	6208.00000	   0.02470	[mu,kappa]: [(98.89592,327.72596),1.60518]
	6220.00000	   0.02475	[mu,kappa]: [(99.30139,327.41616),1.61372]
	6218.00000	   0.02474	[mu,kappa]: [(99.38894,327.62636),1.68070]
	6410.00000	   0.02550	[mu,kappa]: [(100.99849,327.00304),1.65175]
	6230.00000	   0.02479	[mu,kappa]: [(100.37838,326.26116),1.68549]
	6201.00000	   0.02467	[mu,kappa]: [(98.81965,328.84138),1.59617]
	6335.00000	   0.02520	[mu,kappa]: [(100.27644,327.51212),1.68812]
	6430.00000	   0.02558	[mu,kappa]: [(99.56196,329.28300),1.56177]
	6283.00000	   0.02500	[mu,kappa]: [(99.13084,328.37291),1.58275]
	6181.00000	   0.02459	[mu,kappa]: [(100.60600,327.86195),1.64887]
	6302.00000	   0.02507	[mu,kappa]: [(99.99330,327.61331),1.65268]
	6439.00000	   0.02562	[mu,kappa]: [(100.63849,327.49664),1.68057]
	6311.00000	   0.02511	[mu,kappa]: [(100.88633,328.80809),1.60924]
	6309.00000	   0.02510	[mu,kappa]: [(100.62203,327.96548),1.62037]
	6346.00000	   0.02525	[mu,kappa]: [(100.84035,328.18130),1.63734]
	6346.00000	   0.02525	[mu,kappa]: [(100.97916,326.62929),1.63913]
	6256.00000	   0.02489	[mu,kappa]: [(100.41442,327.42588),1.63268]
	6401.00000	   0.02547	[mu,kappa]: [(100.49981,327.21763),1.65966]
	6187.00000	   0.02462	[mu,kappa]: [(99.03886,328.05546),1.64610]
	6484.00000	   0.02580	[mu,kappa]: [(100.15917,328.47620),1.60693]
	6334.00000	   0.02520	[mu,kappa]: [(100.00296,327.96930),1.64124]
	6410.00000	   0.02550	[mu,kappa]: [(100.19208,328.61465),1.62800]
	6420.00000	   0.02554	[mu,kappa]: [(97.85254,328.57301),1.61653]
	6282.00000	   0.02499	[mu,kappa]: [(100.80427,329.07344),1.60532]
	6193.00000	   0.02464	[mu,kappa]: [(99.31673,330.86746),1.56513]
	6272.00000	   0.02495	[mu,kappa]: [(100.24780,328.45250),1.59406]
	6145.00000	   0.02445	[mu,kappa]: [(100.13789,327.66432),1.63314]
	6208.00000	   0.02470	[mu,kappa]: [(99.42422,327.78297),1.61685]
	6249.00000	   0.02486	[mu,kappa]: [(100.96955,326.64026),1.67478]
	6281.00000	   0.02499	[mu,kappa]: [(98.85199,328.30871),1.63059]
	6316.00000	   0.02513	[mu,kappa]: [(100.11585,327.23938),1.62460]
	6309.00000	   0.02510	[mu,kappa]: [(101.04615,326.42514),1.67766]
	6293.00000	   0.02504	[mu,kappa]: [(97.27547,327.83923),1.59950]
	6204.00000	   0.02468	[mu,kappa]: [(99.66002,330.21111),1.57149]
	6216.00000	   0.02473	[mu,kappa]: [(98.60937,327.62575),1.66004]
			msglen: 1696515.69856 bits.
Iteration #: 1
	6241.60588	   0.02483	[mu,kappa]: [(98.39203,328.80758),1.58864]
	6289.47710	   0.02502	[mu,kappa]: [(101.11814,326.36655),1.69983]
	6146.62629	   0.02445	[mu,kappa]: [(99.57832,329.58804),1.56663]
	6216.40778	   0.02473	[mu,kappa]: [(100.31048,326.90879),1.67248]
	6221.87165	   0.02475	[mu,kappa]: [(102.12810,326.95913),1.67534]
	6207.25435	   0.02470	[mu,kappa]: [(98.51137,328.55155),1.59383]
	6218.75943	   0.02474	[mu,kappa]: [(99.16623,328.00179),1.61525]
	6217.08896	   0.02474	[mu,kappa]: [(100.04745,326.77989),1.68540]
	6410.41576	   0.02550	[mu,kappa]: [(101.59968,326.46424),1.69169]
	6232.40535	   0.02480	[mu,kappa]: [(101.48700,325.38375),1.73900]
	6201.86958	   0.02467	[mu,kappa]: [(97.98168,329.71791),1.55981]
	6335.42723	   0.02521	[mu,kappa]: [(101.13423,326.32315),1.71019]
	6432.17934	   0.02559	[mu,kappa]: [(98.21143,330.67116),1.52532]
	6283.40837	   0.02500	[mu,kappa]: [(98.28592,329.52569),1.55983]
	6180.36242	   0.02459	[mu,kappa]: [(100.94665,327.29670),1.66258]
	6301.25236	   0.02507	[mu,kappa]: [(100.38082,327.17223),1.66356]
	6439.68906	   0.02562	[mu,kappa]: [(101.44285,326.36963),1.70757]
	6309.75743	   0.02510	[mu,kappa]: [(100.51595,328.83525),1.60189]
	6307.84573	   0.02510	[mu,kappa]: [(100.57941,327.96606),1.62893]
	6344.99972	   0.02524	[mu,kappa]: [(100.98407,327.73395),1.64589]
	6345.87390	   0.02525	[mu,kappa]: [(101.50864,326.43215),1.68548]
	6255.11009	   0.02489	[mu,kappa]: [(100.63887,327.32481),1.65170]
	6401.12665	   0.02547	[mu,kappa]: [(101.11028,326.59280),1.68821]
	6185.76231	   0.02461	[mu,kappa]: [(99.12183,327.91861),1.63234]
	6483.06232	   0.02579	[mu,kappa]: [(99.75880,328.79593),1.59675]
	6332.95512	   0.02520	[mu,kappa]: [(100.16194,327.69187),1.64291]
	6408.80066	   0.02550	[mu,kappa]: [(100.03960,328.45301),1.61669]
	6420.49428	   0.02554	[mu,kappa]: [(97.21782,329.32504),1.57362]
	6280.88990	   0.02499	[mu,kappa]: [(100.30388,329.16630),1.59077]
	6198.00089	   0.02466	[mu,kappa]: [(97.48503,332.10388),1.49386]
	6271.18856	   0.02495	[mu,kappa]: [(99.68869,329.03351),1.58473]
	6144.03874	   0.02444	[mu,kappa]: [(100.28388,327.57654),1.64282]
	6206.98759	   0.02470	[mu,kappa]: [(99.24882,328.20274),1.61233]
	6251.13432	   0.02487	[mu,kappa]: [(101.91408,325.74086),1.72656]
	6280.12033	   0.02499	[mu,kappa]: [(98.64013,328.50598),1.60751]
	6314.79785	   0.02512	[mu,kappa]: [(100.25449,327.41792),1.64259]
	6311.76905	   0.02511	[mu,kappa]: [(102.07180,325.50522),1.73633]
	6293.85186	   0.02504	[mu,kappa]: [(96.52835,329.24687),1.56404]
	6206.77866	   0.02469	[mu,kappa]: [(98.19226,331.24667),1.51737]
	6214.55315	   0.02473	[mu,kappa]: [(98.92539,327.39778),1.65100]
			msglen: 1958452.23310 bits.
Iteration #: 2
	6239.66496	   0.02483	[mu,kappa]: [(97.40512,329.97020),1.54827]
	6290.72437	   0.02503	[mu,kappa]: [(102.41455,325.02031),1.76620]
	6145.30199	   0.02445	[mu,kappa]: [(98.23136,330.80919),1.52508]
	6213.67959	   0.02472	[mu,kappa]: [(101.13911,326.13541),1.70817]
	6221.76610	   0.02475	[mu,kappa]: [(103.08519,325.71057),1.73852]
	6204.55201	   0.02469	[mu,kappa]: [(97.69448,329.59656),1.56039]
	6214.36899	   0.02472	[mu,kappa]: [(98.89447,328.47625),1.60320]
	6214.75549	   0.02473	[mu,kappa]: [(101.03220,325.84947),1.72209]
	6411.75186	   0.02551	[mu,kappa]: [(102.81009,325.14091),1.76179]
	6241.18071	   0.02483	[mu,kappa]: [(103.37403,323.52959),1.84522]
	6204.50288	   0.02469	[mu,kappa]: [(96.20311,331.57530),1.49662]
	6337.69784	   0.02522	[mu,kappa]: [(102.54979,324.79447),1.77999]
	6440.48956	   0.02562	[mu,kappa]: [(95.60799,333.22426),1.44892]
	6284.93592	   0.02501	[mu,kappa]: [(96.62977,331.30383),1.50400]
	6177.47974	   0.02458	[mu,kappa]: [(101.62215,326.48133),1.69733]
	6297.89719	   0.02506	[mu,kappa]: [(101.05181,326.49864),1.69282]
	6442.36074	   0.02563	[mu,kappa]: [(102.83456,324.81081),1.78073]
	6305.18308	   0.02509	[mu,kappa]: [(100.01305,329.10185),1.58933]
	6303.18659	   0.02508	[mu,kappa]: [(100.65784,327.78660),1.63864]
	6340.96294	   0.02523	[mu,kappa]: [(101.36503,327.15205),1.66872]
	6346.54373	   0.02525	[mu,kappa]: [(102.65387,325.25259),1.75368]
	6251.43161	   0.02487	[mu,kappa]: [(101.15479,326.79257),1.67963]
	6400.99522	   0.02547	[mu,kappa]: [(102.23507,325.40887),1.74669]
	6181.15203	   0.02459	[mu,kappa]: [(99.09099,328.05727),1.62269]
	6479.07552	   0.02578	[mu,kappa]: [(99.09847,329.38551),1.57466]
	6328.47461	   0.02518	[mu,kappa]: [(100.44121,327.38080),1.65429]
	6404.09667	   0.02548	[mu,kappa]: [(99.77772,328.58627),1.60693]
	6422.70506	   0.02555	[mu,kappa]: [(95.62442,331.14242),1.50860]
	6276.95585	   0.02497	[mu,kappa]: [(99.53235,329.68677),1.56772]
	6218.24248	   0.02474	[mu,kappa]: [(93.63484,335.68742),1.38892]
	6268.05182	   0.02494	[mu,kappa]: [(98.78317,329.87738),1.55625]
	6139.80880	   0.02443	[mu,kappa]: [(100.60152,327.25928),1.65858]
	6202.75089	   0.02468	[mu,kappa]: [(98.89445,328.68414),1.59687]
	6258.63011	   0.02490	[mu,kappa]: [(103.62495,323.91580),1.82774]
	6276.62276	   0.02497	[mu,kappa]: [(98.04729,329.21775),1.57712]
	6310.48398	   0.02511	[mu,kappa]: [(100.60417,327.14429),1.66155]
	6321.79191	   0.02515	[mu,kappa]: [(103.91935,323.54710),1.84874]
	6298.30589	   0.02506	[mu,kappa]: [(94.66811,331.52736),1.49292]
	6217.65677	   0.02474	[mu,kappa]: [(95.24726,333.98182),1.43104]
	6209.78175	   0.02471	[mu,kappa]: [(99.24302,327.29943),1.65187]
			msglen: 1957689.49592 bits.
Iteration #: 3
	6231.73558	   0.02479	[mu,kappa]: [(95.31955,332.21186),1.47755]
	6295.76367	   0.02505	[mu,kappa]: [(104.64714,322.62152),1.90892]
	6139.94449	   0.02443	[mu,kappa]: [(95.66319,333.29066),1.44955]
	6203.66951	   0.02468	[mu,kappa]: [(102.61121,324.66194),1.78564]
	6222.15430	   0.02476	[mu,kappa]: [(104.95593,323.44282),1.86671]
	6193.88110	   0.02464	[mu,kappa]: [(95.98259,331.48588),1.49946]
	6197.58614	   0.02466	[mu,kappa]: [(98.35256,329.16599),1.57999]
	6206.53741	   0.02469	[mu,kappa]: [(102.69629,324.22575),1.80797]
	6417.20148	   0.02553	[mu,kappa]: [(104.97997,322.70648),1.90697]
	6274.52382	   0.02496	[mu,kappa]: [(106.38873,320.28400),2.07462]
	6213.53817	   0.02472	[mu,kappa]: [(92.36118,335.48797),1.39148]
	6346.68079	   0.02525	[mu,kappa]: [(104.93244,322.22155),1.93540]
	6471.20418	   0.02575	[mu,kappa]: [(90.00851,338.73453),1.32410]
	6289.87281	   0.02502	[mu,kappa]: [(93.13962,334.86536),1.40616]
	6166.82475	   0.02454	[mu,kappa]: [(102.93377,325.01435),1.77179]
	6285.42920	   0.02501	[mu,kappa]: [(102.28705,325.23308),1.75685]
	6452.80252	   0.02567	[mu,kappa]: [(105.21446,322.17193),1.94107]
	6288.10027	   0.02502	[mu,kappa]: [(99.26402,329.69518),1.56709]
	6285.70953	   0.02501	[mu,kappa]: [(100.96252,327.38211),1.65795]
	6326.04057	   0.02517	[mu,kappa]: [(102.21800,326.11908),1.71761]
	6349.55883	   0.02526	[mu,kappa]: [(104.73696,322.94508),1.89077]
	6237.72079	   0.02482	[mu,kappa]: [(102.19204,325.68076),1.73573]
	6400.84279	   0.02547	[mu,kappa]: [(104.23281,323.24740),1.87046]
	6163.68494	   0.02452	[mu,kappa]: [(98.95206,328.34001),1.61221]
	6463.70194	   0.02572	[mu,kappa]: [(97.92184,330.53301),1.53462]
	6311.57044	   0.02511	[mu,kappa]: [(101.01031,326.79548),1.68168]
	6386.18448	   0.02541	[mu,kappa]: [(99.37801,328.93353),1.59341]
	6430.65762	   0.02558	[mu,kappa]: [(92.00323,334.96618),1.40343]
	6262.19480	   0.02491	[mu,kappa]: [(98.23505,330.83246),1.52692]
	6294.75695	   0.02504	[mu,kappa]: [(84.93580,344.17665),1.24399]
	6255.84689	   0.02489	[mu,kappa]: [(97.12677,331.49534),1.50279]
	6123.84700	   0.02436	[mu,kappa]: [(101.26179,326.57645),1.69175]
	6186.41588	   0.02461	[mu,kappa]: [(98.20630,329.48261),1.56904]
	6287.02366	   0.02501	[mu,kappa]: [(106.45446,320.74287),2.04402]
	6263.02831	   0.02492	[mu,kappa]: [(96.77525,330.64527),1.52744]
	6294.32219	   0.02504	[mu,kappa]: [(101.32493,326.42731),1.69791]
	6359.61171	   0.02530	[mu,kappa]: [(106.92000,320.16659),2.08959]
	6315.25729	   0.02513	[mu,kappa]: [(90.33003,336.14504),1.37611]
	6258.28849	   0.02490	[mu,kappa]: [(88.83271,340.22340),1.29853]
	6192.28472	   0.02464	[mu,kappa]: [(99.68625,327.07907),1.66308]
			msglen: 1954854.95646 bits.
Iteration #: 4
	6198.22098	   0.02466	[mu,kappa]: [(90.99106,336.69325),1.36979]
	6318.69593	   0.02514	[mu,kappa]: [(108.12173,318.67647),2.22925]
	6115.71194	   0.02433	[mu,kappa]: [(90.47338,338.43950),1.33479]
	6169.99360	   0.02455	[mu,kappa]: [(105.16857,321.96296),1.95934]
	6227.97575	   0.02478	[mu,kappa]: [(108.08140,319.67770),2.14929]
	6150.85940	   0.02447	[mu,kappa]: [(92.51454,335.13394),1.40485]
	6134.27151	   0.02441	[mu,kappa]: [(97.44614,330.24913),1.54730]
	6179.88386	   0.02459	[mu,kappa]: [(105.48259,321.32072),2.00260]
	6441.74211	   0.02563	[mu,kappa]: [(108.40191,318.71230),2.23048]
	6400.83718	   0.02547	[mu,kappa]: [(110.50571,315.42126),2.60121]
	6240.92084	   0.02483	[mu,kappa]: [(83.83798,344.07249),1.25280]
	6384.24011	   0.02540	[mu,kappa]: [(108.55033,318.08806),2.28680]
	6578.47652	   0.02617	[mu,kappa]: [(77.45545,351.44950),1.19419]
	6302.27891	   0.02507	[mu,kappa]: [(85.51741,342.53225),1.27091]
	6130.58132	   0.02439	[mu,kappa]: [(105.32195,322.36378),1.93737]
	6242.26324	   0.02484	[mu,kappa]: [(104.52842,322.86487),1.90092]
	6495.77228	   0.02584	[mu,kappa]: [(108.83201,317.96193),2.30269]
	6223.93329	   0.02476	[mu,kappa]: [(98.16892,330.74028),1.53500]
	6222.18852	   0.02476	[mu,kappa]: [(101.79674,326.47199),1.70590]
	6273.34577	   0.02496	[mu,kappa]: [(103.96151,324.16540),1.82746]
	6365.02910	   0.02532	[mu,kappa]: [(108.07134,319.08777),2.19467]
	6189.61651	   0.02463	[mu,kappa]: [(104.17625,323.54580),1.86080]
	6404.55393	   0.02548	[mu,kappa]: [(107.46331,319.59905),2.14646]
	6098.72476	   0.02426	[mu,kappa]: [(98.80196,328.67201),1.60541]
	6404.47054	   0.02548	[mu,kappa]: [(95.83436,332.66964),1.47205]
	6250.52737	   0.02487	[mu,kappa]: [(102.22796,325.55919),1.74808]
	6319.26523	   0.02514	[mu,kappa]: [(98.87852,329.46103),1.57884]
	6454.30738	   0.02568	[mu,kappa]: [(83.84452,343.28626),1.26412]
	6205.47586	   0.02469	[mu,kappa]: [(95.99210,333.03521),1.46277]
	6575.80702	   0.02616	[mu,kappa]: [(66.39990,4.59709),1.19836]
	6207.52574	   0.02470	[mu,kappa]: [(94.00670,334.64360),1.41821]
	6066.44489	   0.02414	[mu,kappa]: [(102.63982,325.15468),1.76922]
	6124.44200	   0.02437	[mu,kappa]: [(97.02414,330.81883),1.52830]
	6395.24406	   0.02544	[mu,kappa]: [(110.43093,315.94993),2.53693]
	6209.95226	   0.02471	[mu,kappa]: [(94.28138,333.33259),1.45126]
	6236.39899	   0.02481	[mu,kappa]: [(102.79685,324.91835),1.78128]
	6501.91750	   0.02587	[mu,kappa]: [(111.00130,315.18289),2.64202]
	6372.40859	   0.02535	[mu,kappa]: [(80.34739,346.39460),1.23474]
	6402.98243	   0.02547	[mu,kappa]: [(74.50762,354.92128),1.18259]
	6128.71278	   0.02438	[mu,kappa]: [(100.54581,326.43407),1.69966]
			msglen: 1944868.85699 bits.
Iteration #: 5
	6057.45355	   0.02410	[mu,kappa]: [(82.69385,345.34290),1.25659]
	6424.06200	   0.02556	[mu,kappa]: [(112.42010,313.32907),2.98358]
	6004.09403	   0.02389	[mu,kappa]: [(80.47893,348.72629),1.22435]
	6076.42377	   0.02418	[mu,kappa]: [(109.06439,317.60405),2.36825]
	6274.06719	   0.02496	[mu,kappa]: [(112.21169,314.41552),2.80872]
	5981.77358	   0.02380	[mu,kappa]: [(86.13136,341.85192),1.29791]
	5911.17455	   0.02352	[mu,kappa]: [(96.48733,331.56163),1.52458]
	6111.87474	   0.02432	[mu,kappa]: [(109.54435,316.76301),2.46082]
	6553.01035	   0.02607	[mu,kappa]: [(112.64670,313.32623),2.99070]
	6851.12904	   0.02726	[mu,kappa]: [(114.61741,309.84529),3.87056]
	6295.75911	   0.02505	[mu,kappa]: [(67.44182,2.44637),1.21387]
	6539.66040	   0.02602	[mu,kappa]: [(112.86027,312.65057),3.11759]
	6903.51775	   0.02747	[mu,kappa]: [(57.24583,18.22828),1.33701]
	6307.24542	   0.02509	[mu,kappa]: [(70.58682,358.76427),1.20349]
	6027.36386	   0.02398	[mu,kappa]: [(109.08079,318.06275),2.32610]
	6114.09076	   0.02433	[mu,kappa]: [(108.16606,318.86135),2.24226]
	6669.87646	   0.02654	[mu,kappa]: [(113.10632,312.48246),3.15754]
	5997.79137	   0.02386	[mu,kappa]: [(97.02998,332.06960),1.51175]
	6012.88681	   0.02392	[mu,kappa]: [(103.84044,324.40891),1.83754]
	6109.24741	   0.02431	[mu,kappa]: [(107.12881,320.66877),2.09119]
	6444.94797	   0.02564	[mu,kappa]: [(112.30913,313.77815),2.90721]
	6042.54517	   0.02404	[mu,kappa]: [(107.57882,319.81293),2.15873]
	6444.18456	   0.02564	[mu,kappa]: [(111.70111,314.42993),2.79334]
	5875.38355	   0.02338	[mu,kappa]: [(99.19501,328.60617),1.63051]
	6187.65621	   0.02462	[mu,kappa]: [(92.61798,336.15098),1.40093]
	6052.46661	   0.02408	[mu,kappa]: [(104.75256,323.00378),1.91955]
	6087.36167	   0.02422	[mu,kappa]: [(98.76906,329.79577),1.58784]
	6495.93792	   0.02584	[mu,kappa]: [(67.95738,1.05381),1.21514]
	5997.27146	   0.02386	[mu,kappa]: [(92.53402,336.69549),1.38906]
	7528.05401	   0.02995	[mu,kappa]: [(48.23206,39.97447),1.78689]
	6022.54647	   0.02396	[mu,kappa]: [(88.57390,340.30790),1.31993]
	5881.90785	   0.02340	[mu,kappa]: [(105.36895,322.33711),1.96392]
	5904.13212	   0.02349	[mu,kappa]: [(95.55135,332.63437),1.49179]
	6785.78385	   0.02700	[mu,kappa]: [(114.54232,310.33480),3.71884]
	6011.50669	   0.02392	[mu,kappa]: [(90.03883,337.93195),1.36305]
	6051.20581	   0.02408	[mu,kappa]: [(105.63678,321.97468),1.98852]
	7004.41090	   0.02787	[mu,kappa]: [(114.99973,309.58595),3.97422]
	6527.41269	   0.02597	[mu,kappa]: [(62.07229,8.47989),1.25802]
	6860.88787	   0.02730	[mu,kappa]: [(53.97359,24.81525),1.43150]
	5917.89448	   0.02354	[mu,kappa]: [(102.50616,324.72140),1.81141]
			msglen: 1915610.41159 bits.
Iteration #: 6
	5581.00823	   0.02220	[mu,kappa]: [(71.51672,358.62715),1.24959]
	6798.08588	   0.02705	[mu,kappa]: [(115.83842,308.38984),4.60588]
	5593.07683	   0.02225	[mu,kappa]: [(67.30548,4.86796),1.26121]
	5911.69295	   0.02352	[mu,kappa]: [(113.32471,312.45502),3.27116]
	6490.26371	   0.02582	[mu,kappa]: [(115.79025,309.29657),4.23212]
	5448.76298	   0.02168	[mu,kappa]: [(77.80210,351.60773),1.25964]
	5300.18750	   0.02109	[mu,kappa]: [(97.01803,332.02640),1.57136]
	6019.22910	   0.02395	[mu,kappa]: [(113.73418,311.59841),3.46882]
	6943.88130	   0.02763	[mu,kappa]: [(116.01679,308.37716),4.62257]
	8091.70959	   0.03219	[mu,kappa]: [(116.88334,305.80548),6.41204]
	6280.97823	   0.02499	[mu,kappa]: [(52.20952,29.15506),1.58669]
	7044.33671	   0.02803	[mu,kappa]: [(116.09124,307.83542),4.89238]
	7600.64844	   0.03024	[mu,kappa]: [(46.54418,47.78408),2.20590]
	6166.34814	   0.02453	[mu,kappa]: [(54.93860,23.38620),1.47326]
	5834.39138	   0.02321	[mu,kappa]: [(113.32570,312.90580),3.18470]
	5851.17865	   0.02328	[mu,kappa]: [(112.50516,313.81202),3.00318]
	7224.00325	   0.02874	[mu,kappa]: [(116.25821,307.69674),4.97768]
	5377.69863	   0.02140	[mu,kappa]: [(97.41381,332.60351),1.55612]
	5494.67953	   0.02186	[mu,kappa]: [(107.67612,320.70401),2.17108]
	5739.91790	   0.02284	[mu,kappa]: [(111.43168,315.85310),2.68996]
	6752.83098	   0.02687	[mu,kappa]: [(115.80359,308.76055),4.44268]
	5722.89122	   0.02277	[mu,kappa]: [(111.91982,314.87563),2.82869]
	6646.63733	   0.02644	[mu,kappa]: [(115.38410,309.33858),4.19498]
	5285.10894	   0.02103	[mu,kappa]: [(101.46239,327.14159),1.76220]
	5561.74729	   0.02213	[mu,kappa]: [(89.70257,340.13267),1.37551]
	5574.34547	   0.02218	[mu,kappa]: [(108.87015,318.85893),2.33296]
	5467.30695	   0.02175	[mu,kappa]: [(100.48953,328.88904),1.68893]
	6443.14630	   0.02563	[mu,kappa]: [(52.64737,27.32476),1.55701]
	5393.47883	   0.02146	[mu,kappa]: [(89.27195,341.00343),1.36044]
	10121.80754	   0.04027	[mu,kappa]: [(44.03995,63.74949),3.74613]
	5457.32927	   0.02171	[mu,kappa]: [(81.91465,348.15992),1.27637]
	5443.31234	   0.02166	[mu,kappa]: [(109.57711,317.98300),2.42370]
	5293.28502	   0.02106	[mu,kappa]: [(95.34551,333.86982),1.51586]
	7879.33063	   0.03135	[mu,kappa]: [(116.94898,306.12540),6.11939]
	5422.56654	   0.02157	[mu,kappa]: [(85.28583,343.83767),1.32206]
	5614.98698	   0.02234	[mu,kappa]: [(109.88858,317.52575),2.47367]
	8371.76735	   0.03331	[mu,kappa]: [(117.11061,305.63813),6.60396]
	6769.78400	   0.02693	[mu,kappa]: [(48.60621,37.69526),1.82529]
	7942.23573	   0.03160	[mu,kappa]: [(45.46728,53.47787),2.55336]
	5390.02235	   0.02144	[mu,kappa]: [(106.27032,321.34259),2.10884]
			msglen: 1862551.26777 bits.
Iteration #: 7
	4702.48116	   0.01871	[mu,kappa]: [(65.59350,9.60470),1.38934]
	7443.98465	   0.02962	[mu,kappa]: [(117.08384,305.79112),6.53660]
	4784.05888	   0.01903	[mu,kappa]: [(60.65226,17.97051),1.47723]
	5799.04865	   0.02307	[mu,kappa]: [(116.09359,308.96318),4.50424]
	6919.43089	   0.02753	[mu,kappa]: [(117.39808,306.44606),5.98364]
	4526.91574	   0.01801	[mu,kappa]: [(73.84232,359.42065),1.33427]
	4391.97923	   0.01747	[mu,kappa]: [(100.63875,331.02633),1.73030]
	6013.44975	   0.02393	[mu,kappa]: [(116.23314,308.23765),4.82116]
	7613.88674	   0.03029	[mu,kappa]: [(117.24849,305.78627),6.55599]
	9819.70997	   0.03907	[mu,kappa]: [(116.88933,304.17771),8.96129]
	5955.53668	   0.02369	[mu,kappa]: [(47.88893,45.31565),2.31381]
	7863.85177	   0.03129	[mu,kappa]: [(117.08925,305.41498),6.94285]
	8368.95526	   0.03330	[mu,kappa]: [(44.68191,60.58355),3.74769]
	5667.94755	   0.02255	[mu,kappa]: [(49.70089,39.71473),2.04851]
	5678.45641	   0.02259	[mu,kappa]: [(116.21751,309.35518),4.36395]
	5591.53574	   0.02225	[mu,kappa]: [(115.66604,310.16309),4.06947]
	8109.58377	   0.03226	[mu,kappa]: [(117.18804,305.32589),7.05834]
	4454.95016	   0.01772	[mu,kappa]: [(101.04053,331.69965),1.71085]
	4813.75830	   0.01915	[mu,kappa]: [(112.09955,317.09224),2.70211]
	5314.15781	   0.02114	[mu,kappa]: [(115.08216,312.07336),3.55621]
	7310.42050	   0.02908	[mu,kappa]: [(117.20168,306.05409),6.29740]
	5373.81513	   0.02138	[mu,kappa]: [(115.35005,311.14414),3.78384]
	7062.46477	   0.02810	[mu,kappa]: [(117.02821,306.46919),5.93567]
	4443.93467	   0.01768	[mu,kappa]: [(105.87932,324.70070),2.03302]
	4573.87260	   0.01820	[mu,kappa]: [(90.73509,342.31554),1.44160]
	4966.20199	   0.01976	[mu,kappa]: [(113.07430,315.11905),2.96702]
	4571.66370	   0.01819	[mu,kappa]: [(104.76448,326.85681),1.91872]
	6055.53261	   0.02409	[mu,kappa]: [(48.11616,43.67967),2.24068]
	4435.79966	   0.01765	[mu,kappa]: [(90.04361,343.51856),1.42259]
	14806.59186	   0.05891	[mu,kappa]: [(43.00532,71.98540),7.68807]
	4509.78683	   0.01794	[mu,kappa]: [(79.49597,354.14675),1.33217]
	4896.94144	   0.01948	[mu,kappa]: [(113.64636,314.20689),3.11664]
	4372.19017	   0.01740	[mu,kappa]: [(98.50008,333.51851),1.64487]
	9429.34524	   0.03751	[mu,kappa]: [(117.11463,304.36142),8.57651]
	4464.38099	   0.01776	[mu,kappa]: [(84.53973,347.87135),1.37383]
	5078.11596	   0.02020	[mu,kappa]: [(113.88052,313.73998),3.19893]
	10247.89484	   0.04077	[mu,kappa]: [(117.02508,304.09007),9.19152]
	6813.86423	   0.02711	[mu,kappa]: [(45.70667,52.86994),2.85447]
	9413.72504	   0.03745	[mu,kappa]: [(44.06845,64.70170),4.59375]
	4685.77865	   0.01864	[mu,kappa]: [(110.73785,317.84145),2.59571]
			msglen: 1820510.46510 bits.
Iteration #: 8
	4024.79331	   0.01601	[mu,kappa]: [(67.49731,12.28413),1.51972]
	7839.39849	   0.03119	[mu,kappa]: [(116.87347,304.88052),7.57371]
	4115.38704	   0.01637	[mu,kappa]: [(62.15712,20.89984),1.64686]
	5780.64993	   0.02300	[mu,kappa]: [(117.37653,307.57924),5.18994]
	7194.62266	   0.02862	[mu,kappa]: [(117.64062,305.42217),6.91098]
	3866.83227	   0.01539	[mu,kappa]: [(76.66467,1.59114),1.43215]
	3851.76344	   0.01533	[mu,kappa]: [(105.40543,330.68295),1.87868]
	6054.72912	   0.02409	[mu,kappa]: [(117.18870,306.91615),5.57003]
	8021.15545	   0.03191	[mu,kappa]: [(117.06967,304.88406),7.58634]
	10820.12537	   0.04305	[mu,kappa]: [(115.61259,303.73804),10.39321]
	5423.40334	   0.02158	[mu,kappa]: [(48.22399,47.73203),2.82193]
	8353.89594	   0.03324	[mu,kappa]: [(116.65032,304.59304),8.04647]
	8505.00096	   0.03384	[mu,kappa]: [(44.37875,63.11670),5.04845]
	5061.06690	   0.02014	[mu,kappa]: [(50.22238,42.28822),2.44341]
	5635.84431	   0.02242	[mu,kappa]: [(117.71509,307.95890),5.01800]
	5490.64768	   0.02185	[mu,kappa]: [(117.41154,308.70322),4.66962]
	8634.52057	   0.03435	[mu,kappa]: [(116.71403,304.53034),8.17331]
	3906.82022	   0.01554	[mu,kappa]: [(106.06234,331.50649),1.85690]
	4458.75292	   0.01774	[mu,kappa]: [(115.67680,315.70686),3.03217]
	5118.15957	   0.02036	[mu,kappa]: [(117.50993,310.58050),4.05258]
	7657.10779	   0.03046	[mu,kappa]: [(117.17314,305.09353),7.28756]
	5221.36967	   0.02077	[mu,kappa]: [(117.45276,309.65529),4.32634]
	7334.26394	   0.02918	[mu,kappa]: [(117.20457,305.42201),6.87203]
	3966.53173	   0.01578	[mu,kappa]: [(110.29043,323.77693),2.23678]
	3942.66103	   0.01569	[mu,kappa]: [(95.38324,343.13638),1.54037]
	4657.81464	   0.01853	[mu,kappa]: [(116.19749,313.63705),3.34871]
	4056.97384	   0.01614	[mu,kappa]: [(109.48527,326.17185),2.10214]
	5483.25819	   0.02182	[mu,kappa]: [(48.47856,46.13851),2.71655]
	3820.54786	   0.01520	[mu,kappa]: [(94.73075,344.49707),1.51881]
	19511.96606	   0.07763	[mu,kappa]: [(41.80662,76.33012),13.02557]
	3857.18467	   0.01535	[mu,kappa]: [(83.09432,356.02147),1.42112]
	4625.19968	   0.01840	[mu,kappa]: [(116.57049,312.70540),3.52761]
	3815.10617	   0.01518	[mu,kappa]: [(103.31856,333.42599),1.77795]
	10320.17954	   0.04106	[mu,kappa]: [(116.00366,303.85701),9.92591]
	3827.83290	   0.01523	[mu,kappa]: [(88.52857,349.14082),1.46353]
	4813.93904	   0.01915	[mu,kappa]: [(116.68438,312.22812),3.62628]
	11326.46352	   0.04506	[mu,kappa]: [(115.71474,303.68753),10.63962]
	6466.95475	   0.02573	[mu,kappa]: [(45.75518,55.19570),3.62343]
	10172.13288	   0.04047	[mu,kappa]: [(43.49810,67.66677),6.51649]
	4310.94262	   0.01715	[mu,kappa]: [(114.24718,316.42515),2.90576]
			msglen: 1803922.78569 bits.
Iteration #: 9
	3799.81723	   0.01512	[mu,kappa]: [(70.55683,11.59479),1.59395]
	7935.85615	   0.03157	[mu,kappa]: [(116.05382,304.50672),7.98462]
	3872.41097	   0.01541	[mu,kappa]: [(65.23643,19.58478),1.72708]
	5750.85031	   0.02288	[mu,kappa]: [(118.25707,307.13092),5.36398]
	7244.31171	   0.02882	[mu,kappa]: [(117.43870,305.02500),7.21654]
	3668.19896	   0.01460	[mu,kappa]: [(79.93417,1.93073),1.49462]
	3717.83204	   0.01479	[mu,kappa]: [(109.20315,332.02296),1.90841]
	6039.01546	   0.02403	[mu,kappa]: [(117.65937,306.43838),5.78009]
	8117.97702	   0.03230	[mu,kappa]: [(116.32045,304.51798),7.98453]
	11225.50542	   0.04466	[mu,kappa]: [(113.62359,303.63598),11.27094]
	5049.95986	   0.02009	[mu,kappa]: [(49.70537,44.36604),2.96271]
	8488.95861	   0.03377	[mu,kappa]: [(115.56640,304.25929),8.52215]
	7998.92625	   0.03182	[mu,kappa]: [(44.83386,61.78450),5.46720]
	4719.88462	   0.01878	[mu,kappa]: [(52.03873,39.01946),2.56370]
	5602.60959	   0.02229	[mu,kappa]: [(118.91762,307.55777),5.17326]
	5443.26119	   0.02166	[mu,kappa]: [(118.83498,308.32167),4.80310]
	8780.58594	   0.03493	[mu,kappa]: [(115.60932,304.21085),8.65650]
	3774.79991	   0.01502	[mu,kappa]: [(110.36435,333.13854),1.88818]
	4369.00157	   0.01738	[mu,kappa]: [(119.00690,316.04357),3.07878]
	5056.04664	   0.02012	[mu,kappa]: [(119.77233,310.39490),4.14504]
	7732.48387	   0.03076	[mu,kappa]: [(116.59526,304.70468),7.65157]
	5165.49784	   0.02055	[mu,kappa]: [(119.30932,309.36156),4.43573]
	7384.71839	   0.02938	[mu,kappa]: [(116.84265,305.00075),7.19698]
	3848.53010	   0.01531	[mu,kappa]: [(113.91239,324.70238),2.26523]
	3778.44070	   0.01503	[mu,kappa]: [(99.33394,344.77121),1.58063]
	4573.50036	   0.01820	[mu,kappa]: [(119.04215,313.71031),3.40657]
	3933.18247	   0.01565	[mu,kappa]: [(113.51604,327.41240),2.13138]
	5107.74012	   0.02032	[mu,kappa]: [(49.96991,42.69441),2.85263]
	3660.50683	   0.01456	[mu,kappa]: [(98.86724,346.23974),1.56016]
	22782.39161	   0.09064	[mu,kappa]: [(40.63443,80.05505),21.12799]
	3671.33664	   0.01461	[mu,kappa]: [(86.81924,357.08505),1.47505]
	4548.32753	   0.01810	[mu,kappa]: [(119.24188,312.68863),3.59338]
	3676.00993	   0.01463	[mu,kappa]: [(107.16070,334.88330),1.80951]
	10650.06113	   0.04237	[mu,kappa]: [(114.20910,303.70766),10.68586]
	3653.27547	   0.01454	[mu,kappa]: [(91.99722,350.33058),1.51156]
	4737.14143	   0.01885	[mu,kappa]: [(119.22917,312.15761),3.69680]
	11763.78400	   0.04680	[mu,kappa]: [(113.71711,303.60826),11.53458]
	6022.41327	   0.02396	[mu,kappa]: [(46.69840,52.21279),3.82364]
	9789.66807	   0.03895	[mu,kappa]: [(43.45622,68.00540),7.44124]
	4211.18075	   0.01676	[mu,kappa]: [(117.20043,316.67269),2.94651]
			msglen: 1793349.16194 bits.
Iteration #: 10
	3778.06748	   0.01503	[mu,kappa]: [(71.05566,10.42694),1.63757]
	7910.13099	   0.03147	[mu,kappa]: [(114.98911,304.23401),8.23051]
	3842.34891	   0.01529	[mu,kappa]: [(66.11119,17.87439),1.77138]
	5690.10114	   0.02264	[mu,kappa]: [(119.38749,306.95825),5.38587]
	7189.67763	   0.02860	[mu,kappa]: [(117.22713,304.75830),7.33669]
	3652.09451	   0.01453	[mu,kappa]: [(80.63177,2.00943),1.52300]
	3704.52795	   0.01474	[mu,kappa]: [(112.41338,334.16181),1.88248]
	5974.49418	   0.02377	[mu,kappa]: [(118.23021,306.18089),5.82579]
	8086.95140	   0.03217	[mu,kappa]: [(115.36501,304.25200),8.21236]
	11508.44650	   0.04579	[mu,kappa]: [(111.22769,303.63937),12.19296]
	4903.67431	   0.01951	[mu,kappa]: [(50.66942,39.93038),2.96594]
	8491.36756	   0.03378	[mu,kappa]: [(114.17227,304.01833),8.85221]
	7339.30057	   0.02920	[mu,kappa]: [(46.33216,58.53175),5.26818]
	4621.06362	   0.01839	[mu,kappa]: [(52.85137,34.87593),2.59291]
	5549.18087	   0.02208	[mu,kappa]: [(120.52321,307.47881),5.18622]
	5390.22696	   0.02145	[mu,kappa]: [(120.67852,308.30813),4.80530]
	8786.88600	   0.03496	[mu,kappa]: [(114.20094,303.98126),8.99543]
	3768.98672	   0.01500	[mu,kappa]: [(114.37615,335.77325),1.86849]
	4352.59049	   0.01732	[mu,kappa]: [(123.03799,317.22666),3.05803]
	5022.48678	   0.01998	[mu,kappa]: [(122.72801,310.75307),4.13820]
	7690.28497	   0.03060	[mu,kappa]: [(115.85729,304.42558),7.83880]
	5122.20631	   0.02038	[mu,kappa]: [(121.72579,309.52143),4.43058]
	7331.56234	   0.02917	[mu,kappa]: [(116.37050,304.70658),7.34229]
	3831.60206	   0.01525	[mu,kappa]: [(117.49280,326.50161),2.23234]
	3767.87901	   0.01499	[mu,kappa]: [(101.85480,346.93800),1.57358]
	4546.52022	   0.01809	[mu,kappa]: [(122.52856,314.48918),3.38442]
	3923.29674	   0.01561	[mu,kappa]: [(117.55783,329.64644),2.10530]
	4973.43207	   0.01979	[mu,kappa]: [(50.76111,38.14831),2.86665]
	3651.96631	   0.01453	[mu,kappa]: [(101.62422,348.56911),1.55529]
	25173.44610	   0.10015	[mu,kappa]: [(39.63083,82.80092),34.73254]
	3658.13403	   0.01456	[mu,kappa]: [(88.35386,358.24181),1.48938]
	4519.64474	   0.01798	[mu,kappa]: [(122.56744,313.32877),3.57404]
	3663.81904	   0.01458	[mu,kappa]: [(110.20984,337.08926),1.78741]
	10837.60585	   0.04312	[mu,kappa]: [(112.02062,303.65151),11.42700]
	3639.74798	   0.01448	[mu,kappa]: [(93.35762,351.64697),1.51691]
	4705.01457	   0.01872	[mu,kappa]: [(122.40963,312.71050),3.67823]
	12070.28566	   0.04802	[mu,kappa]: [(111.32821,303.63089),12.48302]
	5733.43932	   0.02281	[mu,kappa]: [(47.86715,47.66586),3.75129]
	8761.54572	   0.03486	[mu,kappa]: [(44.50367,66.57120),7.36202]
	4181.96243	   0.01664	[mu,kappa]: [(120.49012,317.65634),2.91101]
			msglen: 1782452.79912 bits.
Iteration #: 11
	3804.69021	   0.01514	[mu,kappa]: [(68.41441,8.64952),1.68184]
	7833.76440	   0.03117	[mu,kappa]: [(113.81358,303.95865),8.46042]
	3873.81350	   0.01541	[mu,kappa]: [(64.02405,15.93187),1.81518]
	5605.43158	   0.02230	[mu,kappa]: [(121.09795,306.86865),5.41512]
	7083.00135	   0.02818	[mu,kappa]: [(117.20673,304.49097),7.42440]
	3662.95218	   0.01457	[mu,kappa]: [(78.40681,1.47445),1.54207]
	3682.82233	   0.01465	[mu,kappa]: [(115.43236,336.53320),1.85172]
	5875.81211	   0.02338	[mu,kappa]: [(119.17311,305.96336),5.86005]
	8001.06286	   0.03183	[mu,kappa]: [(114.34407,303.98048),8.41896]
	11872.97679	   0.04724	[mu,kappa]: [(108.63375,303.74237),13.37096]
	4925.20152	   0.01960	[mu,kappa]: [(49.87414,36.05223),2.96394]
	8450.50621	   0.03362	[mu,kappa]: [(112.59342,303.78545),9.19020]
	6975.80000	   0.02775	[mu,kappa]: [(48.48869,55.57757),4.94730]
	4663.31681	   0.01855	[mu,kappa]: [(51.46678,31.03368),2.62573]
	5482.36949	   0.02181	[mu,kappa]: [(122.90947,307.53114),5.22611]
	5326.64459	   0.02119	[mu,kappa]: [(123.33465,308.45158),4.84065]
	8748.57570	   0.03481	[mu,kappa]: [(112.61489,303.75990),9.34448]
	3758.98228	   0.01496	[mu,kappa]: [(118.57437,338.93082),1.85225]
	4346.54773	   0.01729	[mu,kappa]: [(128.23795,318.95051),3.10242]
	4999.25099	   0.01989	[mu,kappa]: [(126.83186,311.43132),4.20293]
	7593.27491	   0.03021	[mu,kappa]: [(115.11338,304.13960),7.99774]
	5079.10537	   0.02021	[mu,kappa]: [(125.13328,309.91441),4.47874]
	7225.58298	   0.02875	[mu,kappa]: [(115.96212,304.40833),7.45632]
	3806.70934	   0.01515	[mu,kappa]: [(121.47714,328.67924),2.21207]
	3756.65746	   0.01495	[mu,kappa]: [(103.16705,349.10443),1.54800]
	4526.11031	   0.01801	[mu,kappa]: [(127.11927,315.68050),3.42395]
	3908.74764	   0.01555	[mu,kappa]: [(122.08867,332.40716),2.09395]
	5007.58966	   0.01992	[mu,kappa]: [(49.61404,33.96899),2.88108]
	3643.97660	   0.01450	[mu,kappa]: [(103.24756,350.99722),1.53184]
	26460.34965	   0.10527	[mu,kappa]: [(38.84941,84.22763),50.00000]
	3659.44745	   0.01456	[mu,kappa]: [(87.56002,359.10556),1.48497]
	4497.95300	   0.01790	[mu,kappa]: [(127.00758,314.35086),3.61890]
	3644.30008	   0.01450	[mu,kappa]: [(112.83300,339.46784),1.75597]
	11056.60542	   0.04399	[mu,kappa]: [(109.61164,303.66682),12.34152]
	3633.71346	   0.01446	[mu,kappa]: [(92.56005,352.54891),1.50432]
	4678.87843	   0.01862	[mu,kappa]: [(126.68285,313.61764),3.72227]
	12463.85306	   0.04959	[mu,kappa]: [(108.75683,303.75208),13.70022]
	5671.91657	   0.02257	[mu,kappa]: [(48.14116,43.82021),3.65020]
	7910.39007	   0.03147	[mu,kappa]: [(47.01119,64.44681),6.83336]
	4147.31591	   0.01650	[mu,kappa]: [(124.55796,318.98716),2.90918]
			msglen: 1773919.77449 bits.
Iteration #: 12
	3846.11956	   0.01530	[mu,kappa]: [(62.99981,5.50673),1.77597]
	7720.86527	   0.03072	[mu,kappa]: [(112.53979,303.64589),8.69816]
	3928.69901	   0.01563	[mu,kappa]: [(59.36554,12.96410),1.90353]
	5503.50785	   0.02190	[mu,kappa]: [(123.52430,306.80702),5.53240]
	6934.04499	   0.02759	[mu,kappa]: [(117.44839,304.17313),7.52702]
	3663.54286	   0.01458	[mu,kappa]: [(73.29513,359.78482),1.59124]
	3610.73384	   0.01437	[mu,kappa]: [(118.25291,339.08466),1.83157]
	5746.68038	   0.02286	[mu,kappa]: [(120.58375,305.72459),5.94626]
	7873.56953	   0.03133	[mu,kappa]: [(113.27820,303.66598),8.63002]
	12388.75558	   0.04929	[mu,kappa]: [(106.02610,303.97506),14.82488]
	5063.25537	   0.02014	[mu,kappa]: [(47.19609,32.23011),3.00866]
	8387.19017	   0.03337	[mu,kappa]: [(110.85163,303.53873),9.55445]
	6965.05476	   0.02771	[mu,kappa]: [(50.60055,54.58738),4.74587]
	4802.63573	   0.01911	[mu,kappa]: [(48.00146,26.67772),2.71379]
	5416.05009	   0.02155	[mu,kappa]: [(126.23393,307.67551),5.39478]
	5262.49008	   0.02094	[mu,kappa]: [(126.95169,308.70895),5.00772]
	8687.33491	   0.03456	[mu,kappa]: [(110.87773,303.52593),9.72133]
	3703.82545	   0.01474	[mu,kappa]: [(123.01853,342.70765),1.86130]
	4347.36154	   0.01730	[mu,kappa]: [(134.57713,321.26469),3.29977]
	5005.00976	   0.01991	[mu,kappa]: [(132.15926,312.42934),4.46500]
	7452.08839	   0.02965	[mu,kappa]: [(114.38944,303.80324),8.15919]
	5049.92492	   0.02009	[mu,kappa]: [(129.65864,310.51515),4.69273]
	7074.98337	   0.02815	[mu,kappa]: [(115.65196,304.05627),7.57665]
	3738.83672	   0.01488	[mu,kappa]: [(125.91759,331.21506),2.23112]
	3697.34071	   0.01471	[mu,kappa]: [(103.13088,351.15084),1.51871]
	4511.67119	   0.01795	[mu,kappa]: [(132.85187,317.28498),3.61720]
	3853.04010	   0.01533	[mu,kappa]: [(127.16100,335.76322),2.12624]
	5163.28204	   0.02054	[mu,kappa]: [(46.48624,29.48465),2.95110]
	3589.81474	   0.01428	[mu,kappa]: [(103.65357,353.45024),1.50475]
	26507.07118	   0.10545	[mu,kappa]: [(38.36068,84.85198),50.00000]
	3631.07609	   0.01445	[mu,kappa]: [(84.30025,359.35297),1.48746]
	4487.02151	   0.01785	[mu,kappa]: [(132.61202,315.75103),3.82798]
	3574.23762	   0.01422	[mu,kappa]: [(114.98853,341.95285),1.72917]
	11360.69352	   0.04520	[mu,kappa]: [(107.12071,303.77386),13.44445]
	3592.88046	   0.01430	[mu,kappa]: [(89.32414,352.71566),1.49797]
	4663.50772	   0.01855	[mu,kappa]: [(132.11360,314.86797),3.93000]
	13016.60155	   0.05179	[mu,kappa]: [(106.18908,304.00198),15.20928]
	5782.89176	   0.02301	[mu,kappa]: [(47.01271,40.99380),3.59416]
	7655.78439	   0.03046	[mu,kappa]: [(50.57407,63.57432),6.49737]
	4086.52528	   0.01626	[mu,kappa]: [(129.47249,320.61603),2.99283]
			msglen: 1768372.09929 bits.
Iteration #: 13
	3878.71027	   0.01543	[mu,kappa]: [(56.60597,359.81643),1.97879]
	7574.04491	   0.03013	[mu,kappa]: [(111.12945,303.25196),8.95445]
	3967.89152	   0.01579	[mu,kappa]: [(53.83050,7.62466),2.08105]
	5384.83073	   0.02142	[mu,kappa]: [(126.59407,306.71723),5.83405]
	6739.68125	   0.02681	[mu,kappa]: [(117.92541,303.74662),7.69882]
	3630.71736	   0.01445	[mu,kappa]: [(66.56902,356.09213),1.72097]
	3459.98956	   0.01377	[mu,kappa]: [(120.90744,341.98452),1.83035]
	5580.85715	   0.02220	[mu,kappa]: [(122.40691,305.39829),6.15415]
	7705.09762	   0.03065	[mu,kappa]: [(112.13184,303.26142),8.86167]
	13065.31436	   0.05198	[mu,kappa]: [(103.60091,304.34316),16.45245]
	5190.97195	   0.02065	[mu,kappa]: [(43.81216,26.62031),3.11365]
	8309.44337	   0.03306	[mu,kappa]: [(108.94379,303.24616),9.93678]
	6971.64827	   0.02774	[mu,kappa]: [(53.27428,55.03386),4.64707]
	4948.78285	   0.01969	[mu,kappa]: [(43.89070,19.86533),2.88873]
	5364.01150	   0.02134	[mu,kappa]: [(130.35804,307.87639),5.82519]
	5208.84748	   0.02072	[mu,kappa]: [(131.36404,309.04409),5.43255]
	8610.82501	   0.03426	[mu,kappa]: [(108.99342,303.24780),10.11613]
	3578.19762	   0.01424	[mu,kappa]: [(127.71126,347.53273),1.91347]
	4369.09824	   0.01738	[mu,kappa]: [(141.47665,324.34853),3.76090]
	5075.33146	   0.02019	[mu,kappa]: [(138.23794,313.76897),5.10208]
	7264.91746	   0.02890	[mu,kappa]: [(113.64099,303.36391),8.34962]
	5056.95859	   0.02012	[mu,kappa]: [(135.00262,311.31342),5.22444]
	6875.59258	   0.02735	[mu,kappa]: [(115.38729,303.59242),7.74029]
	3604.05633	   0.01434	[mu,kappa]: [(130.74558,334.33566),2.30648]
	3558.39700	   0.01416	[mu,kappa]: [(101.91576,353.01719),1.50073]
	4516.48380	   0.01797	[mu,kappa]: [(139.26730,319.38097),4.08125]
	3733.80303	   0.01486	[mu,kappa]: [(132.66213,340.10380),2.22494]
	5327.29732	   0.02120	[mu,kappa]: [(42.68018,22.69302),3.10307]
	3458.09067	   0.01376	[mu,kappa]: [(103.09453,355.93681),1.48905]
	26721.55863	   0.10631	[mu,kappa]: [(38.12124,84.95218),50.00000]
	3542.12892	   0.01409	[mu,kappa]: [(79.24784,358.47145),1.52755]
	4504.32754	   0.01792	[mu,kappa]: [(138.92257,317.58305),4.33250]
	3424.83908	   0.01363	[mu,kappa]: [(116.72591,344.67030),1.71559]
	11760.43984	   0.04679	[mu,kappa]: [(104.70760,303.97355),14.65250]
	3491.12022	   0.01389	[mu,kappa]: [(84.01617,351.69511),1.53006]
	4676.71090	   0.01861	[mu,kappa]: [(138.27445,316.49925),4.43423]
	13735.63482	   0.05465	[mu,kappa]: [(103.82147,304.38598),16.91332]
	5855.54136	   0.02330	[mu,kappa]: [(45.32521,37.76283),3.56633]
	7637.69263	   0.03039	[mu,kappa]: [(55.24089,64.17767),6.48304]
	3986.11677	   0.01586	[mu,kappa]: [(135.02239,322.62238),3.20975]
			msglen: 1760597.99639 bits.
Iteration #: 14
	3935.66649	   0.01566	[mu,kappa]: [(50.77462,351.71354),2.35168]
	7403.39471	   0.02945	[mu,kappa]: [(109.55178,302.71872),9.26219]
	4011.83188	   0.01596	[mu,kappa]: [(48.66195,359.90770),2.39134]
	5242.72920	   0.02086	[mu,kappa]: [(129.92135,306.49387),6.45700]
	6495.41254	   0.02584	[mu,kappa]: [(118.50403,303.13520),8.03406]
	3584.41121	   0.01426	[mu,kappa]: [(59.57033,350.49529),1.97422]
	3221.81539	   0.01282	[mu,kappa]: [(123.36908,346.03097),1.83704]
	5364.74578	   0.02134	[mu,kappa]: [(124.39257,304.88251),6.58523]
	7503.09347	   0.02985	[mu,kappa]: [(110.86257,302.70548),9.15703]
	13853.44202	   0.05511	[mu,kappa]: [(101.54120,304.81773),18.06537]
	5306.10137	   0.02111	[mu,kappa]: [(40.47991,18.79358),3.31427]
	8232.84998	   0.03275	[mu,kappa]: [(106.90318,302.85805),10.33397]
	6998.88498	   0.02785	[mu,kappa]: [(57.21509,56.77175),4.69239]
	5120.47123	   0.02037	[mu,kappa]: [(40.15678,10.22192),3.20586]
	5336.53123	   0.02123	[mu,kappa]: [(134.68431,308.03216),6.70660]
	5173.42309	   0.02058	[mu,kappa]: [(135.93860,309.34719),6.29357]
	8534.10393	   0.03395	[mu,kappa]: [(107.00154,302.87583),10.52340]
	3379.60547	   0.01345	[mu,kappa]: [(132.36998,354.66770),2.01242]
	4432.73069	   0.01764	[mu,kappa]: [(147.85342,328.35262),4.62191]
	5254.27411	   0.02090	[mu,kappa]: [(143.94724,315.32085),6.36120]
	7034.45194	   0.02799	[mu,kappa]: [(112.79253,302.75469),8.62706]
	5124.49722	   0.02039	[mu,kappa]: [(140.28646,312.19433),6.28821]
	6624.45373	   0.02636	[mu,kappa]: [(115.05478,302.94269),8.01753]
	3389.51300	   0.01349	[mu,kappa]: [(135.73838,338.76171),2.43524]
	3338.22944	   0.01328	[mu,kappa]: [(99.61566,355.38582),1.49174]
	4557.75874	   0.01813	[mu,kappa]: [(145.37367,321.96874),4.96859]
	3544.61703	   0.01410	[mu,kappa]: [(138.20329,346.49167),2.39614]
	5514.53606	   0.02194	[mu,kappa]: [(39.14511,13.11571),3.39224]
	3247.99638	   0.01292	[mu,kappa]: [(101.72644,359.29410),1.48319]
	26928.98332	   0.10713	[mu,kappa]: [(38.00776,84.97035),50.00000]
	3397.35694	   0.01352	[mu,kappa]: [(73.05463,356.75748),1.61964]
	4571.70312	   0.01819	[mu,kappa]: [(144.91707,319.79227),5.30898]
	3189.29538	   0.01269	[mu,kappa]: [(118.03851,348.40318),1.70512]
	12232.82863	   0.04867	[mu,kappa]: [(102.55070,304.23541),15.80795]
	3334.82726	   0.01327	[mu,kappa]: [(77.15352,349.69118),1.62016]
	4740.13224	   0.01886	[mu,kappa]: [(144.17073,318.43922),5.41549]
	14566.77545	   0.05795	[mu,kappa]: [(101.83570,304.87524),18.63443]
	5855.96336	   0.02330	[mu,kappa]: [(43.60141,33.95343),3.57426]
	7933.51769	   0.03156	[mu,kappa]: [(61.07349,65.95578),6.90023]
	3833.04430	   0.01525	[mu,kappa]: [(140.69086,325.19607),3.60122]
			msglen: 1749962.18528 bits.
Iteration #: 15
	4016.04127	   0.01598	[mu,kappa]: [(46.89582,342.24824),2.97799]
	7239.33068	   0.02880	[mu,kappa]: [(107.91753,302.00862),9.67836]
	4038.43784	   0.01607	[mu,kappa]: [(45.00703,350.58590),2.89071]
	5082.70394	   0.02022	[mu,kappa]: [(132.84707,305.99008),7.57074]
	6220.29944	   0.02475	[mu,kappa]: [(119.02335,302.28364),8.67007]
	3511.80730	   0.01397	[mu,kappa]: [(53.98239,343.47594),2.39646]
	2898.71090	   0.01153	[mu,kappa]: [(125.88641,352.36778),1.86267]
	5102.74909	   0.02030	[mu,kappa]: [(126.15771,304.07007),7.37973]
	7298.02877	   0.02904	[mu,kappa]: [(109.54920,301.95942),9.58878]
	14652.45191	   0.05829	[mu,kappa]: [(99.99535,305.35335),19.50090]
	5352.90073	   0.02130	[mu,kappa]: [(37.90369,9.21743),3.66791]
	8186.31720	   0.03257	[mu,kappa]: [(104.90347,302.33361),10.75287]
	7076.38577	   0.02815	[mu,kappa]: [(62.59387,59.25593),4.98514]
	5288.45906	   0.02104	[mu,kappa]: [(37.74377,358.70279),3.75164]
	5346.96170	   0.02127	[mu,kappa]: [(138.26234,307.94973),8.23347]
	5166.50757	   0.02056	[mu,kappa]: [(139.70135,309.39587),7.77550]
	8486.03783	   0.03376	[mu,kappa]: [(105.07474,302.36842),10.94829]
	3123.80565	   0.01243	[mu,kappa]: [(136.39550,5.64627),2.19578]
	4547.40012	   0.01809	[mu,kappa]: [(152.66715,333.06830),5.96473]
	5564.85359	   0.02214	[mu,kappa]: [(148.04772,316.64765),8.38607]
	6787.44947	   0.02700	[mu,kappa]: [(111.86716,301.93430),9.08446]
	5268.86000	   0.02096	[mu,kappa]: [(144.34978,312.84361),8.06025]
	6342.74215	   0.02524	[mu,kappa]: [(114.60702,302.05877),8.51666]
	3097.22829	   0.01232	[mu,kappa]: [(140.60871,345.65156),2.62755]
	3029.32593	   0.01205	[mu,kappa]: [(97.17179,359.00199),1.50083]
	4642.37161	   0.01847	[mu,kappa]: [(150.08620,324.72659),6.38964]
	3296.61003	   0.01312	[mu,kappa]: [(143.10950,356.43764),2.66655]
	5689.74705	   0.02264	[mu,kappa]: [(36.79207,1.60205),3.90552]
	2954.90832	   0.01176	[mu,kappa]: [(100.49888,4.43143),1.50141]
	27177.63673	   0.10812	[mu,kappa]: [(37.93102,84.97030),50.00000]
	3174.38371	   0.01263	[mu,kappa]: [(67.12737,354.49734),1.77103]
	4698.95522	   0.01870	[mu,kappa]: [(149.46247,321.99396),6.88310]
	2868.65645	   0.01141	[mu,kappa]: [(119.35239,354.20278),1.70904]
	12722.20326	   0.05061	[mu,kappa]: [(100.83345,304.51307),16.75299]
	3108.32193	   0.01237	[mu,kappa]: [(70.27671,346.89216),1.78629]
	4864.06051	   0.01935	[mu,kappa]: [(148.66175,320.30716),7.00794]
	15406.42802	   0.06129	[mu,kappa]: [(100.37696,305.42498),20.22498]
	5700.21671	   0.02268	[mu,kappa]: [(42.20295,29.88345),3.64273]
	8695.26227	   0.03459	[mu,kappa]: [(67.23760,68.09080),7.84902]
	3620.44196	   0.01441	[mu,kappa]: [(145.82919,328.52597),4.20310]
			msglen: 1737253.73528 bits.
Iteration #: 16
	4120.74674	   0.01640	[mu,kappa]: [(45.19731,333.36844),3.96667]
	7120.68009	   0.02833	[mu,kappa]: [(106.51161,301.14935),10.21648]
	4028.13133	   0.01603	[mu,kappa]: [(43.16060,341.37426),3.65095]
	4946.26051	   0.01968	[mu,kappa]: [(134.73620,305.10791),9.28089]
	5980.21698	   0.02379	[mu,kappa]: [(119.42060,301.22747),9.73441]
	3400.35264	   0.01353	[mu,kappa]: [(50.51848,336.09212),3.03894]
	2533.51960	   0.01008	[mu,kappa]: [(128.57947,1.94257),1.95590]
	4850.78258	   0.01930	[mu,kappa]: [(127.36028,302.93991),8.67732]
	7136.84369	   0.02839	[mu,kappa]: [(108.44210,301.05611),10.19089]
	15330.38064	   0.06099	[mu,kappa]: [(99.02175,305.91434),20.71408]
	5289.36749	   0.02104	[mu,kappa]: [(36.41754,359.56118),4.23506]
	8188.06268	   0.03258	[mu,kappa]: [(103.23087,301.67629),11.16268]
	7235.05506	   0.02878	[mu,kappa]: [(68.36133,61.18563),5.57850]
	5428.58341	   0.02160	[mu,kappa]: [(36.90829,347.80045),4.61149]
	5406.74490	   0.02151	[mu,kappa]: [(140.34076,307.44127),10.38416]
	5195.38076	   0.02067	[mu,kappa]: [(141.90160,308.95886),9.84878]
	8485.07411	   0.03376	[mu,kappa]: [(103.48935,301.72757),11.36066]
	2878.44715	   0.01145	[mu,kappa]: [(138.56802,20.40373),2.56597]
	4681.63453	   0.01863	[mu,kappa]: [(155.66537,338.17804),7.55749]
	5924.47924	   0.02357	[mu,kappa]: [(150.15374,317.29572),10.79710]
	6578.02096	   0.02617	[mu,kappa]: [(111.06869,300.94326),9.78332]
	5456.59873	   0.02171	[mu,kappa]: [(146.55761,312.90793),10.34219]
	6090.04032	   0.02423	[mu,kappa]: [(114.17446,300.98316),9.32590]
	2777.62940	   0.01105	[mu,kappa]: [(144.74002,356.33422),2.92294]
	2647.01434	   0.01053	[mu,kappa]: [(95.94421,4.22489),1.54510]
	4735.59075	   0.01884	[mu,kappa]: [(152.99580,327.18956),8.13014]
	3054.53736	   0.01215	[mu,kappa]: [(146.18876,10.77095),3.11026]
	5823.51191	   0.02317	[mu,kappa]: [(35.92572,350.61229),4.72314]
	2598.87220	   0.01034	[mu,kappa]: [(100.66521,11.65671),1.57564]
	27580.63539	   0.10973	[mu,kappa]: [(37.84234,84.95670),50.00000]
	2857.56646	   0.01137	[mu,kappa]: [(62.48158,351.90873),1.97614]
	4841.96076	   0.01926	[mu,kappa]: [(152.13726,323.68712),8.80722]
	2499.48338	   0.00995	[mu,kappa]: [(121.17948,2.83049),1.77089]
	13137.67563	   0.05227	[mu,kappa]: [(99.66955,304.77124),17.39983]
	2802.28366	   0.01115	[mu,kappa]: [(64.73343,343.47613),2.03195]
	5005.41423	   0.01991	[mu,kappa]: [(151.27907,321.61297),8.97633]
	16124.84801	   0.06415	[mu,kappa]: [(99.49957,305.99972),21.65636]
	5342.31239	   0.02126	[mu,kappa]: [(41.24142,26.15911),3.81338]
	9859.94240	   0.03923	[mu,kappa]: [(72.15774,69.61745),9.02902]
	3371.31760	   0.01341	[mu,kappa]: [(149.94899,332.80735),4.98795]
			msglen: 1725140.61741 bits.
Iteration #: 17
	4273.86461	   0.01700	[mu,kappa]: [(45.05614,326.65772),5.32835]
	7065.27457	   0.02811	[mu,kappa]: [(105.55302,300.24618),10.77661]
	4002.94510	   0.01593	[mu,kappa]: [(42.64705,334.03586),4.67366]
	4904.90025	   0.01951	[mu,kappa]: [(135.47812,303.97787),11.50445]
	5864.76151	   0.02333	[mu,kappa]: [(119.80255,300.15809),11.23093]
	3277.84994	   0.01304	[mu,kappa]: [(48.84311,329.63785),3.93050]
	2192.58398	   0.00872	[mu,kappa]: [(130.80460,13.95050),2.19080]
	4705.98311	   0.01872	[mu,kappa]: [(127.97811,301.68669),10.52387]
	7050.50070	   0.02805	[mu,kappa]: [(107.76193,300.11779),10.87366]
	15794.88045	   0.06284	[mu,kappa]: [(98.50746,306.49232),21.76335]
	5141.98132	   0.02046	[mu,kappa]: [(35.78011,352.06378),4.97827]
	8226.97044	   0.03273	[mu,kappa]: [(102.02331,300.94521),11.46800]
	7476.90766	   0.02975	[mu,kappa]: [(72.86181,61.58495),6.32209]
	5541.49443	   0.02205	[mu,kappa]: [(37.10780,339.80945),5.70488]
	5521.63581	   0.02197	[mu,kappa]: [(140.97119,306.56366),12.81500]
	5260.52354	   0.02093	[mu,kappa]: [(142.60629,308.06631),12.17339]
	8519.98484	   0.03390	[mu,kappa]: [(102.37418,301.01169),11.66692]
	2739.57411	   0.01090	[mu,kappa]: [(138.27076,34.85370),3.28891]
	4778.30657	   0.01901	[mu,kappa]: [(157.39792,343.76013),9.01596]
	6177.98840	   0.02458	[mu,kappa]: [(150.87790,317.26860),12.95624]
	6455.49858	   0.02568	[mu,kappa]: [(110.63326,299.93021),10.65331]
	5611.39000	   0.02233	[mu,kappa]: [(147.25321,312.36896),12.60480]
	5935.13692	   0.02361	[mu,kappa]: [(113.99047,299.89053),10.40604]
	2509.53297	   0.00999	[mu,kappa]: [(147.11538,10.38135),3.41225]
	2241.08016	   0.00892	[mu,kappa]: [(96.31123,10.70265),1.64177]
	4769.34646	   0.01898	[mu,kappa]: [(154.58760,329.23401),9.75281]
	2917.00296	   0.01161	[mu,kappa]: [(146.48164,26.57665),3.88180]
	5914.28583	   0.02353	[mu,kappa]: [(36.05148,342.54973),5.75644]
	2232.01621	   0.00888	[mu,kappa]: [(102.30122,20.08938),1.74339]
	28199.67046	   0.11219	[mu,kappa]: [(37.74030,84.91894),50.00000]
	2481.57480	   0.00987	[mu,kappa]: [(58.99662,349.38128),2.22374]
	4914.39737	   0.01955	[mu,kappa]: [(153.45739,324.76645),10.58931]
	2142.46482	   0.00853	[mu,kappa]: [(123.23301,13.54835),1.95079]
	13399.26263	   0.05331	[mu,kappa]: [(98.98452,305.00577),17.73795]
	2449.80535	   0.00975	[mu,kappa]: [(60.66494,339.81690),2.34875]
	5078.11532	   0.02020	[mu,kappa]: [(152.50182,322.24820),10.82513]
	16634.09814	   0.06618	[mu,kappa]: [(99.08905,306.58936),22.99959]
	4871.89061	   0.01938	[mu,kappa]: [(40.67630,23.82829),4.12228]
	10940.33587	   0.04353	[mu,kappa]: [(74.97947,70.19598),9.83902]
	3130.18324	   0.01245	[mu,kappa]: [(152.96323,338.06382),5.87105]
			msglen: 1715664.58544 bits.
Iteration #: 18
	4464.21757	   0.01776	[mu,kappa]: [(45.87531,322.22450),6.81687]
	7050.54335	   0.02805	[mu,kappa]: [(104.94999,299.40093),11.22794]
	3980.94043	   0.01584	[mu,kappa]: [(42.90445,329.03989),5.78457]
	4991.35120	   0.01986	[mu,kappa]: [(135.48413,302.92900),13.92873]
	5898.32704	   0.02347	[mu,kappa]: [(120.26077,299.31283),12.98071]
	3184.76223	   0.01267	[mu,kappa]: [(48.40363,324.72583),5.00607]
	1909.47597	   0.00760	[mu,kappa]: [(131.71095,25.58176),2.60528]
	4717.04237	   0.01877	[mu,kappa]: [(128.25260,300.63481),12.74380]
	7019.62463	   0.02793	[mu,kappa]: [(107.44790,299.26762),11.48936]
	16058.38886	   0.06389	[mu,kappa]: [(98.22033,307.09219),22.77389]
	4957.68643	   0.01972	[mu,kappa]: [(35.44330,347.73253),5.72742]
	8276.26230	   0.03293	[mu,kappa]: [(101.11260,300.20002),11.60352]
	7781.84847	   0.03096	[mu,kappa]: [(75.33334,60.73092),6.98151]
	5595.52612	   0.02226	[mu,kappa]: [(37.67873,334.99381),6.73914]
	5685.35972	   0.02262	[mu,kappa]: [(140.76560,305.62037),15.11159]
	5357.78451	   0.02132	[mu,kappa]: [(142.44194,307.03249),14.36847]
	8562.80585	   0.03407	[mu,kappa]: [(101.55989,300.28138),11.80154]
	2751.30143	   0.01095	[mu,kappa]: [(136.82495,45.01139),4.50089]
	4824.58587	   0.01920	[mu,kappa]: [(158.43026,349.59954),10.33059]
	6280.30631	   0.02499	[mu,kappa]: [(150.96447,316.85440),14.62803]
	6411.22486	   0.02551	[mu,kappa]: [(110.55616,299.05089),11.52863]
	5703.21443	   0.02269	[mu,kappa]: [(147.16069,311.52451),14.51417]
	5884.67425	   0.02341	[mu,kappa]: [(114.11413,298.97599),11.58627]
	2327.19138	   0.00926	[mu,kappa]: [(147.38804,24.06076),4.20226]
	1863.45585	   0.00742	[mu,kappa]: [(96.96297,17.65058),1.79507]
	4722.95321	   0.01879	[mu,kappa]: [(155.51852,330.88793),11.13959]
	2932.36129	   0.01167	[mu,kappa]: [(144.93294,38.83482),5.15398]
	5934.02822	   0.02361	[mu,kappa]: [(36.49484,337.79462),6.72007]
	1901.61980	   0.00757	[mu,kappa]: [(103.83142,28.26302),2.01656]
	28898.06058	   0.11497	[mu,kappa]: [(37.63501,84.86137),50.00000]
	2113.72273	   0.00841	[mu,kappa]: [(55.90151,347.38115),2.50540]
	4890.94052	   0.01946	[mu,kappa]: [(154.11676,325.37318),12.07300]
	1833.67773	   0.00730	[mu,kappa]: [(124.45702,24.12282),2.27140]
	13498.16943	   0.05370	[mu,kappa]: [(98.54530,305.22745),17.82949]
	2110.85667	   0.00840	[mu,kappa]: [(57.46308,336.34692),2.72643]
	5056.22250	   0.02012	[mu,kappa]: [(153.03067,322.38965),12.36902]
	16949.52996	   0.06743	[mu,kappa]: [(98.91587,307.19347),24.38873]
	4452.75665	   0.01772	[mu,kappa]: [(40.35098,23.71666),4.58755]
	11596.45532	   0.04614	[mu,kappa]: [(76.01951,70.12844),10.14538]
	2916.74395	   0.01161	[mu,kappa]: [(155.04045,343.66927),6.83836]
			msglen: 1708792.56876 bits.
Iteration #: 19
	4649.66747	   0.01850	[mu,kappa]: [(47.22605,319.33317),8.15395]
	7040.45619	   0.02801	[mu,kappa]: [(104.49706,298.65257),11.52469]
	3956.22294	   0.01574	[mu,kappa]: [(43.55185,325.82064),6.77031]
	5171.53538	   0.02058	[mu,kappa]: [(135.19583,302.20240),16.13035]
	6033.38184	   0.02400	[mu,kappa]: [(120.76464,298.80455),14.75257]
	3136.64158	   0.01248	[mu,kappa]: [(48.79483,321.19859),6.12563]
	1677.96751	   0.00668	[mu,kappa]: [(131.42418,34.67490),3.18310]
	4851.72184	   0.01930	[mu,kappa]: [(128.38355,299.97453),14.97339]
	7000.91413	   0.02785	[mu,kappa]: [(107.31766,298.55557),11.96615]
	16182.37010	   0.06438	[mu,kappa]: [(97.99334,307.70450),23.88211]
	4778.69322	   0.01901	[mu,kappa]: [(34.98680,346.12744),6.35522]
	8317.16054	   0.03309	[mu,kappa]: [(100.26933,299.46507),11.59104]
	8109.23997	   0.03226	[mu,kappa]: [(76.13876,59.36091),7.47620]
	5568.85621	   0.02216	[mu,kappa]: [(38.21569,332.41456),7.50206]
	5875.47830	   0.02338	[mu,kappa]: [(140.26584,304.87760),16.97340]
	5477.14072	   0.02179	[mu,kappa]: [(141.96610,306.15982),16.16916]
	8593.16509	   0.03419	[mu,kappa]: [(100.81885,299.56175),11.78490]
	2876.82811	   0.01145	[mu,kappa]: [(135.68783,50.96600),6.13262]
	4844.96671	   0.01928	[mu,kappa]: [(159.04770,354.75670),11.72283]
	6292.12607	   0.02503	[mu,kappa]: [(150.85237,316.32530),15.87724]
	6398.73310	   0.02546	[mu,kappa]: [(110.69004,298.37057),12.30059]
	5756.14845	   0.02290	[mu,kappa]: [(146.80233,310.68796),15.98342]
	5892.78455	   0.02345	[mu,kappa]: [(114.44386,298.32534),12.71866]
	2211.96329	   0.00880	[mu,kappa]: [(146.57901,34.05387),5.33660]
	1539.24125	   0.00613	[mu,kappa]: [(96.51663,24.25417),1.99819]
	4634.87574	   0.01844	[mu,kappa]: [(156.14383,332.07416),12.43237]
	3068.89436	   0.01221	[mu,kappa]: [(143.36429,46.29833),6.91454]
	5872.45891	   0.02336	[mu,kappa]: [(36.83289,335.44230),7.41994]
	1623.11124	   0.00646	[mu,kappa]: [(104.03054,35.14098),2.37761]
	29442.18634	   0.11713	[mu,kappa]: [(37.52666,84.81261),50.00000]
	1802.53211	   0.00717	[mu,kappa]: [(52.70898,346.04514),2.82432]
	4816.89122	   0.01916	[mu,kappa]: [(154.50688,325.62676),13.36954]
	1574.13683	   0.00626	[mu,kappa]: [(124.44585,32.76889),2.70916]
	13466.70173	   0.05358	[mu,kappa]: [(98.16485,305.43547),17.76458]
	1828.52860	   0.00728	[mu,kappa]: [(54.71422,333.24689),3.16356]
	4984.92139	   0.01983	[mu,kappa]: [(153.28618,322.23380),13.68546]
	17135.81747	   0.06817	[mu,kappa]: [(98.81708,307.79311),25.96887]
	4193.90787	   0.01669	[mu,kappa]: [(40.06722,25.35901),5.22668]
	11937.67752	   0.04749	[mu,kappa]: [(75.99743,69.86094),10.20905]
	2729.95411	   0.01086	[mu,kappa]: [(156.40911,348.46670),7.96474]
			msglen: 1703875.73339 bits.
Iteration #: 20
	4814.95725	   0.01916	[mu,kappa]: [(48.80764,317.31858),9.27527]
	7014.15342	   0.02791	[mu,kappa]: [(104.08597,297.99260),11.70100]
	3922.59494	   0.01561	[mu,kappa]: [(44.35606,323.66419),7.56171]
	5385.03610	   0.02143	[mu,kappa]: [(134.83347,301.83148),17.81432]
	6215.97373	   0.02473	[mu,kappa]: [(121.23442,298.61525),16.39722]
	3125.86922	   0.01244	[mu,kappa]: [(49.70317,318.64434),7.19197]
	1489.86438	   0.00593	[mu,kappa]: [(130.49015,40.98170),3.88936]
	5047.09022	   0.02008	[mu,kappa]: [(128.42965,299.69751),16.89038]
	6967.22956	   0.02772	[mu,kappa]: [(107.26759,297.97146),12.32321]
	16213.10945	   0.06450	[mu,kappa]: [(97.77446,308.30017),25.17915]
	4635.39686	   0.01844	[mu,kappa]: [(34.24503,346.37610),6.86650]
	8343.71969	   0.03320	[mu,kappa]: [(99.39105,298.74187),11.49818]
	8436.35620	   0.03356	[mu,kappa]: [(76.08100,57.90522),7.83486]
	5483.57579	   0.02182	[mu,kappa]: [(38.54549,331.13973),7.99842]
	6061.09391	   0.02411	[mu,kappa]: [(139.73596,304.41852),18.25829]
	5599.93463	   0.02228	[mu,kappa]: [(141.45909,305.56323),17.43716]
	8604.58984	   0.03423	[mu,kappa]: [(100.04810,298.85357),11.68369]
	3028.32735	   0.01205	[mu,kappa]: [(135.14644,54.35449),7.78014]
	4867.94563	   0.01937	[mu,kappa]: [(159.41987,358.47845),13.29320]
	6276.88783	   0.02497	[mu,kappa]: [(150.73449,315.85909),16.76954]
	6384.80043	   0.02540	[mu,kappa]: [(110.93315,297.87621),12.96476]
	5794.73781	   0.02305	[mu,kappa]: [(146.43058,310.02777),16.99394]
	5920.39711	   0.02355	[mu,kappa]: [(114.87709,297.92299),13.76218]
	2135.08710	   0.00850	[mu,kappa]: [(145.73291,40.11177),6.70201]
	1277.34398	   0.00508	[mu,kappa]: [(94.88761,30.11651),2.25551]
	4554.14228	   0.01812	[mu,kappa]: [(156.60309,332.82607),13.70501]
	3241.82648	   0.01290	[mu,kappa]: [(142.52376,50.44656),8.80308]
	5761.58166	   0.02292	[mu,kappa]: [(36.89269,334.54208),7.87160]
	1400.05132	   0.00557	[mu,kappa]: [(103.01976,40.50402),2.81977]
	29734.00734	   0.11829	[mu,kappa]: [(37.42405,84.79581),50.00000]
	1560.32551	   0.00621	[mu,kappa]: [(49.48905,345.31871),3.18397]
	4745.03789	   0.01888	[mu,kappa]: [(154.79074,325.68540),14.53684]
	1361.34462	   0.00542	[mu,kappa]: [(123.52016,39.15354),3.24143]
	13333.23610	   0.05305	[mu,kappa]: [(97.77844,305.61321),17.61040]
	1612.33135	   0.00642	[mu,kappa]: [(52.41146,330.55244),3.65773]
	4915.62656	   0.01956	[mu,kappa]: [(153.45496,321.98100),14.81481]
	17243.76685	   0.06860	[mu,kappa]: [(98.74381,308.34758),27.83381]
	4110.99329	   0.01636	[mu,kappa]: [(39.73894,27.56080),6.01630]
	12148.79888	   0.04833	[mu,kappa]: [(75.57370,69.69457),10.21799]
	2576.85743	   0.01025	[mu,kappa]: [(157.29190,351.70910),9.28825]
			msglen: 1700430.31482 bits.
Iteration #: 21
	4970.11031	   0.01977	[mu,kappa]: [(50.45192,315.84802),10.24057]
	6968.75685	   0.02773	[mu,kappa]: [(103.70009,297.40158),11.81310]
	3881.25848	   0.01544	[mu,kappa]: [(45.21636,322.10504),8.20379]
	5588.33689	   0.02223	[mu,kappa]: [(134.46146,301.72949),18.93173]
	6417.44804	   0.02553	[mu,kappa]: [(121.61047,298.67220),17.85998]
	3141.67952	   0.01250	[mu,kappa]: [(50.90254,316.74956),8.19314]
	1348.27178	   0.00537	[mu,kappa]: [(129.25731,45.10933),4.67476]
	5255.68470	   0.02091	[mu,kappa]: [(128.39297,299.70425),18.36905]
	6914.59349	   0.02751	[mu,kappa]: [(107.27406,297.48565),12.61241]
	16180.88430	   0.06437	[mu,kappa]: [(97.55925,308.85091),26.68833]
	4538.58463	   0.01806	[mu,kappa]: [(33.24580,347.71952),7.32571]
	8358.32300	   0.03325	[mu,kappa]: [(98.47789,298.03617),11.38945]
	8750.07525	   0.03481	[mu,kappa]: [(75.82217,56.50697),8.08382]
	5369.34175	   0.02136	[mu,kappa]: [(38.64677,330.57671),8.32809]
	6220.37332	   0.02475	[mu,kappa]: [(139.25176,304.18874),18.99899]
	5708.70429	   0.02271	[mu,kappa]: [(141.00474,305.19979),18.18637]
	8600.26248	   0.03422	[mu,kappa]: [(99.24458,298.16047),11.56243]
	3128.84207	   0.01245	[mu,kappa]: [(134.91004,56.44483),9.05148]
	4916.09823	   0.01956	[mu,kappa]: [(159.65065,0.86421),14.94946]
	6260.31422	   0.02491	[mu,kappa]: [(150.66423,315.50785),17.33187]
	6362.59394	   0.02531	[mu,kappa]: [(111.24617,297.52588),13.56538]
	5825.08945	   0.02318	[mu,kappa]: [(146.12119,309.55108),17.57826]
	5955.51619	   0.02369	[mu,kappa]: [(115.35054,297.71381),14.73900]
	2076.67652	   0.00826	[mu,kappa]: [(145.20652,43.41252),8.05035]
	1079.87642	   0.00430	[mu,kappa]: [(92.87807,35.18697),2.58624]
	4505.70981	   0.01793	[mu,kappa]: [(156.95737,333.34405),14.88212]
	3369.78544	   0.01341	[mu,kappa]: [(142.28664,52.79521),10.42269]
	5634.32102	   0.02242	[mu,kappa]: [(36.66484,334.46109),8.17707]
	1237.20545	   0.00492	[mu,kappa]: [(101.56207,44.55315),3.36083]
	29826.46719	   0.11866	[mu,kappa]: [(37.34095,84.80945),50.00000]
	1377.09419	   0.00548	[mu,kappa]: [(46.46000,345.06868),3.58180]
	4698.33340	   0.01869	[mu,kappa]: [(155.02897,325.71156),15.51908]
	1200.93171	   0.00478	[mu,kappa]: [(122.11503,43.67436),3.86468]
	13121.07669	   0.05220	[mu,kappa]: [(97.38318,305.74724),17.39947]
	1451.07527	   0.00577	[mu,kappa]: [(50.63156,328.23003),4.20258]
	4868.90087	   0.01937	[mu,kappa]: [(153.60425,321.77113),15.71188]
	17305.83168	   0.06885	[mu,kappa]: [(98.69584,308.81811),29.99178]
	4158.38489	   0.01655	[mu,kappa]: [(39.34082,29.38823),6.86264]
	12304.02714	   0.04895	[mu,kappa]: [(75.17413,69.76432),10.22817]
	2469.15916	   0.00982	[mu,kappa]: [(157.86125,353.58228),10.73747]
			msglen: 1698016.13624 bits.
Iteration #: 22
	5125.92957	   0.02039	[mu,kappa]: [(52.06335,314.79966),11.09842]
	6907.85343	   0.02748	[mu,kappa]: [(103.35617,296.86786),11.90490]
	3836.32506	   0.01526	[mu,kappa]: [(46.09663,320.92116),8.75541]
	5766.82446	   0.02294	[mu,kappa]: [(134.09766,301.79549),19.59264]
	6627.79423	   0.02637	[mu,kappa]: [(121.87233,298.90431),19.14366]
	3177.95541	   0.01264	[mu,kappa]: [(52.23516,315.36156),9.14064]
	1252.45337	   0.00498	[mu,kappa]: [(127.93530,47.70364),5.46019]
	5456.06321	   0.02171	[mu,kappa]: [(128.28319,299.89652),19.44301]
	6848.70394	   0.02725	[mu,kappa]: [(107.34230,297.07311),12.87752]
	16106.87795	   0.06408	[mu,kappa]: [(97.34208,309.34282),28.37418]
	4488.33821	   0.01786	[mu,kappa]: [(32.09914,349.62587),7.78124]
	8362.86492	   0.03327	[mu,kappa]: [(97.56774,297.36677),11.30664]
	9028.78536	   0.03592	[mu,kappa]: [(75.65211,55.18529),8.25374]
	5245.01184	   0.02087	[mu,kappa]: [(38.55956,330.41164),8.57614]
	6350.69821	   0.02527	[mu,kappa]: [(138.82335,304.09723),19.33486]
	5799.23126	   0.02307	[mu,kappa]: [(140.61273,304.97630),18.53949]
	8583.47085	   0.03415	[mu,kappa]: [(98.44186,297.49899),11.46371]
	3162.75102	   0.01258	[mu,kappa]: [(134.74387,57.88872),9.88138]
	4992.57816	   0.01986	[mu,kappa]: [(159.78163,2.42993),16.51392]
	6245.87491	   0.02485	[mu,kappa]: [(150.63112,315.22431),17.61956]
	6337.73815	   0.02522	[mu,kappa]: [(111.61450,297.28048),14.14489]
	5848.60583	   0.02327	[mu,kappa]: [(145.87385,309.18345),17.83587]
	6000.31617	   0.02387	[mu,kappa]: [(115.82636,297.64471),15.67740]
	2026.01396	   0.00806	[mu,kappa]: [(144.97681,45.09827),9.20410]
	 939.96499	   0.00374	[mu,kappa]: [(91.22801,39.45713),3.00642]
	4485.79326	   0.01785	[mu,kappa]: [(157.23259,333.77324),15.85543]
	3430.18180	   0.01365	[mu,kappa]: [(142.38163,54.22915),11.67314]
	5509.31196	   0.02192	[mu,kappa]: [(36.20877,334.84429),8.41982]
	1132.10401	   0.00451	[mu,kappa]: [(100.29390,47.50639),4.00985]
	29816.75736	   0.11862	[mu,kappa]: [(37.28617,84.83735),50.00000]
	1238.41933	   0.00493	[mu,kappa]: [(43.72086,345.14954),4.01775]
	4672.83127	   0.01859	[mu,kappa]: [(155.23215,325.75340),16.25955]
	1093.37793	   0.00435	[mu,kappa]: [(120.59052,46.77502),4.56454]
	12851.33945	   0.05113	[mu,kappa]: [(96.98387,305.83799),17.14551]
	1330.31122	   0.00529	[mu,kappa]: [(49.36526,326.24707),4.79245]
	4840.70936	   0.01926	[mu,kappa]: [(153.74073,321.61555),16.34927]
	17339.01724	   0.06898	[mu,kappa]: [(98.67570,309.18407),32.37110]
	4274.45565	   0.01701	[mu,kappa]: [(38.88039,30.49932),7.65102]
	12405.96301	   0.04936	[mu,kappa]: [(74.93585,70.08260),10.26923]
	2406.40266	   0.00958	[mu,kappa]: [(158.22417,354.68015),12.16675]
			msglen: 1696251.94626 bits.
		6.74867 bpr
Null model msglen: 2203606.00100 bits.	(8.76722 bpr)
