Iteration #: 0
	8461.00000	   0.25111	[mu,kappa]: [(89.44287,357.13251),0.94465]
	8318.00000	   0.24687	[mu,kappa]: [(92.19924,359.05181),0.95954]
	8468.00000	   0.25132	[mu,kappa]: [(89.32929,0.14347),0.94225]
	8447.00000	   0.25070	[mu,kappa]: [(90.93425,356.96861),0.95050]
			msglen: 0.00000 bits.
Iteration #: 1
	8460.90218	   0.25111	[mu,kappa]: [(88.76359,357.26874),0.94810]
	8318.38843	   0.24688	[mu,kappa]: [(93.40233,358.93469),0.95324]
	8467.96460	   0.25132	[mu,kappa]: [(88.47294,0.03006),0.94725]
	8446.74479	   0.25069	[mu,kappa]: [(91.30096,357.06067),0.94976]
			msglen: 787999.17185 bits.
Iteration #: 2
	8460.57641	   0.25110	[mu,kappa]: [(87.60374,357.41229),0.94983]
	8319.53463	   0.24691	[mu,kappa]: [(95.43256,358.78649),0.95371]
	8467.98353	   0.25132	[mu,kappa]: [(87.02056,359.95824),0.94984]
	8445.90544	   0.25066	[mu,kappa]: [(91.92033,357.13416),0.94977]
			msglen: 787987.79238 bits.
Iteration #: 3
	8459.62671	   0.25107	[mu,kappa]: [(85.63314,357.58155),0.95247]
	8322.78018	   0.24701	[mu,kappa]: [(98.84747,358.58202),0.96056]
	8468.12457	   0.25132	[mu,kappa]: [(84.56531,359.94205),0.95388]
	8443.46853	   0.25059	[mu,kappa]: [(92.96797,357.18122),0.95052]
			msglen: 787955.04812 bits.
Iteration #: 4
	8456.88464	   0.25099	[mu,kappa]: [(82.31284,357.80195),0.95953]
	8332.08200	   0.24729	[mu,kappa]: [(104.48729,358.27858),0.98157]
	8468.60390	   0.25134	[mu,kappa]: [(80.45650,0.00999),0.96461]
	8436.42946	   0.25038	[mu,kappa]: [(94.73541,357.18928),0.95290]
			msglen: 787860.94766 bits.
Iteration #: 5
	8449.04492	   0.25076	[mu,kappa]: [(76.83528,358.11332),0.97971]
	8358.68939	   0.24808	[mu,kappa]: [(113.33818,357.80661),1.04007]
	8470.06494	   0.25138	[mu,kappa]: [(73.77640,0.21072),0.99494]
	8416.20075	   0.24978	[mu,kappa]: [(97.68597,357.13730),0.95971]
			msglen: 787593.89820 bits.
Iteration #: 6
	8427.14392	   0.25011	[mu,kappa]: [(68.28921,358.57583),1.03569]
	8433.45471	   0.25030	[mu,kappa]: [(125.64179,357.06217),1.19266]
	8474.44233	   0.25151	[mu,kappa]: [(63.70562,0.61988),1.07757]
	8358.95903	   0.24808	[mu,kappa]: [(102.46448,356.99189),0.97857]
			msglen: 786863.76257 bits.
Iteration #: 7
	8369.62102	   0.24840	[mu,kappa]: [(56.61151,359.26301),1.17881]
	8632.65674	   0.25621	[mu,kappa]: [(139.26276,355.93114),1.54821]
	8487.66991	   0.25190	[mu,kappa]: [(50.85727,1.33126),1.28230]
	8204.05233	   0.24349	[mu,kappa]: [(109.60972,356.70944),1.02772]
			msglen: 785060.12102 bits.
Iteration #: 8
	8240.36021	   0.24456	[mu,kappa]: [(44.20998,0.19727),1.48941]
	9094.37122	   0.26991	[mu,kappa]: [(150.31194,354.43324),2.25502]
	8526.83857	   0.25307	[mu,kappa]: [(38.48654,2.37689),1.71011]
	7832.43000	   0.23246	[mu,kappa]: [(118.48218,356.26765),1.13805]
			msglen: 781582.81039 bits.
Iteration #: 9
	8032.27742	   0.23839	[mu,kappa]: [(35.01154,1.18291),1.99413]
	9877.28728	   0.29314	[mu,kappa]: [(156.77502,352.97314),3.36713]
	8621.68551	   0.25588	[mu,kappa]: [(30.08692,3.54276),2.39127]
	7162.74979	   0.21258	[mu,kappa]: [(126.18146,355.75051),1.32068]
			msglen: 777543.61394 bits.
Iteration #: 10
	7830.57306	   0.23240	[mu,kappa]: [(30.48878,1.81428),2.49702]
	10641.93375	   0.31584	[mu,kappa]: [(159.60666,352.06949),4.49148]
	8750.56992	   0.25971	[mu,kappa]: [(25.99871,4.44983),3.08830]
	6470.92327	   0.19205	[mu,kappa]: [(129.78857,355.35101),1.50163]
			msglen: 775424.95334 bits.
Iteration #: 11
	7693.52830	   0.22834	[mu,kappa]: [(29.03753,1.97405),2.75678]
	11005.26628	   0.32662	[mu,kappa]: [(160.73850,351.69525),5.18058]
	8814.85712	   0.26161	[mu,kappa]: [(24.28109,5.06867),3.52791]
	6180.34831	   0.18343	[mu,kappa]: [(129.81747,355.12076),1.58953]
			msglen: 774915.57105 bits.
Iteration #: 12
	7592.55266	   0.22534	[mu,kappa]: [(28.86669,1.86022),2.81936]
	11056.51187	   0.32814	[mu,kappa]: [(161.30331,351.58943),5.54422]
	8801.36087	   0.26121	[mu,kappa]: [(23.38828,5.59631),3.77642]
	6243.57460	   0.18531	[mu,kappa]: [(128.41837,354.93975),1.60059]
			msglen: 774787.81547 bits.
Iteration #: 13
	7501.56339	   0.22264	[mu,kappa]: [(29.19050,1.62384),2.79611]
	10970.27150	   0.32558	[mu,kappa]: [(161.69143,351.61121),5.78196]
	8748.21685	   0.25964	[mu,kappa]: [(22.70650,6.14322),3.96836]
	6473.94826	   0.19214	[mu,kappa]: [(126.76722,354.73566),1.58245]
			msglen: 774699.19664 bits.
Iteration #: 14
	7410.71611	   0.21994	[mu,kappa]: [(29.76924,1.33083),2.73793]
	10827.12430	   0.32133	[mu,kappa]: [(162.02358,351.70506),5.98587]
	8679.55276	   0.25760	[mu,kappa]: [(22.04309,6.73817),4.16960]
	6776.60682	   0.20112	[mu,kappa]: [(125.21505,354.50522),1.55824]
			msglen: 774601.85115 bits.
Iteration #: 15
	7318.05996	   0.21719	[mu,kappa]: [(30.55400,1.01653),2.66120]
	10654.94838	   0.31622	[mu,kappa]: [(162.34221,351.84262),6.18974]
	8606.31849	   0.25543	[mu,kappa]: [(21.34404,7.36896),4.40742]
	7114.67317	   0.21116	[mu,kappa]: [(123.82681,354.27368),1.53537]
			msglen: 774487.76056 bits.
Iteration #: 16
	7225.31636	   0.21444	[mu,kappa]: [(31.55581,0.71472),2.57113]
	10463.01388	   0.31053	[mu,kappa]: [(162.66492,351.99979),6.40754]
	8533.53325	   0.25327	[mu,kappa]: [(20.60126,7.99686),4.69555]
	7472.13650	   0.22177	[mu,kappa]: [(122.59292,354.07518),1.51553]
			msglen: 774353.88623 bits.
Iteration #: 17
	7136.49617	   0.21181	[mu,kappa]: [(32.79933,0.46854),2.47066]
	10255.08490	   0.30436	[mu,kappa]: [(162.99989,352.14922),6.64716]
	8463.35956	   0.25118	[mu,kappa]: [(19.82498,8.56339),5.04185]
	7839.05937	   0.23266	[mu,kappa]: [(121.48653,353.94094),1.49860]
			msglen: 774199.82142 bits.
Iteration #: 18
	7057.33631	   0.20946	[mu,kappa]: [(34.29976,0.33283),2.36337]
	10033.98435	   0.29779	[mu,kappa]: [(163.35046,352.26069),6.91427]
	8395.87985	   0.24918	[mu,kappa]: [(19.03502,9.00075),5.44856]
	8206.79949	   0.24357	[mu,kappa]: [(120.47771,353.88666),1.48393]
			msglen: 774028.95404 bits.
Iteration #: 19
	6994.51241	   0.20759	[mu,kappa]: [(36.04476,0.37103),2.25418]
	9803.24725	   0.29095	[mu,kappa]: [(163.71640,352.30746),7.21269]
	8329.22072	   0.24720	[mu,kappa]: [(18.25642,9.24838),5.90997]
	8567.01961	   0.25426	[mu,kappa]: [(119.53846,353.90001),1.47088]
			msglen: 773849.15686 bits.
Iteration #: 20
	6954.19483	   0.20640	[mu,kappa]: [(37.98196,0.64992),2.14877]
	9567.58234	   0.28395	[mu,kappa]: [(164.09416,352.27587),7.54350]
	8260.02592	   0.24515	[mu,kappa]: [(17.51500,9.27024),6.41091]
	8912.19690	   0.26450	[mu,kappa]: [(118.64724,353.93308),1.45901]
			msglen: 773671.46812 bits.
Iteration #: 21
	6940.20449	   0.20598	[mu,kappa]: [(40.02069,1.23838),2.05243]
	9332.56767	   0.27698	[mu,kappa]: [(164.47738,352.17354),7.90428]
	8184.73046	   0.24291	[mu,kappa]: [(16.83234,9.06316),6.92871]
	9236.49738	   0.27413	[mu,kappa]: [(117.79320,353.90363),1.44819]
			msglen: 773506.64769 bits.
Iteration #: 22
	6952.69392	   0.20635	[mu,kappa]: [(42.05370,2.21539),1.96887]
	9103.82998	   0.27019	[mu,kappa]: [(164.85822,352.03118),8.28899]
	8101.24902	   0.24044	[mu,kappa]: [(16.22183,8.65020),7.43901]
	9536.22708	   0.28302	[mu,kappa]: [(116.97809,353.70291),1.43862]
			msglen: 773361.50554 bits.
Iteration #: 23
	6988.24726	   0.20741	[mu,kappa]: [(43.99161,3.68715),1.89994]
	8886.13032	   0.26373	[mu,kappa]: [(165.22905,351.89747),8.68898]
	8010.04842	   0.23773	[mu,kappa]: [(15.68761,8.06271),7.92218]
	9809.57400	   0.29113	[mu,kappa]: [(116.21251,353.20321),1.43081]
			msglen: 773237.12159 bits.
Iteration #: 24
	7041.35994	   0.20898	[mu,kappa]: [(45.79441,5.80635),1.84627]
	8682.80425	   0.25770	[mu,kappa]: [(165.58382,351.83097),9.09474]
	7913.95409	   0.23488	[mu,kappa]: [(15.22636,7.32058),8.36674]
	10055.88172	   0.29844	[mu,kappa]: [(115.50636,352.25880),1.42563]
			msglen: 773128.92236 bits.
Iteration #: 25
	7106.37240	   0.21091	[mu,kappa]: [(47.49282,8.78326),1.80863]
	8495.76937	   0.25214	[mu,kappa]: [(165.91866,351.89433),9.49751]
	7817.10681	   0.23200	[mu,kappa]: [(14.83052,6.41803),8.76891]
	10274.75142	   0.30494	[mu,kappa]: [(114.85550,350.70007),1.42448]
			msglen: 773026.77993 bits.
Iteration #: 26
	7178.96753	   0.21307	[mu,kappa]: [(49.20544,12.87325),1.78974]
	8326.04953	   0.24711	[mu,kappa]: [(166.23158,352.15339),9.89032]
	7724.03591	   0.22924	[mu,kappa]: [(14.49159,5.31653),9.13026]
	10464.94703	   0.31058	[mu,kappa]: [(114.22627,348.32765),1.42981]
			msglen: 772913.36757 bits.
Iteration #: 27
	7256.96056	   0.21538	[mu,kappa]: [(51.15746,18.31085),1.79644]
	8174.69599	   0.24262	[mu,kappa]: [(166.52136,352.68028),10.26813]
	7639.54369	   0.22673	[mu,kappa]: [(14.20287,3.94454),9.45539]
	10622.79977	   0.31527	[mu,kappa]: [(113.53810,344.92201),1.44605]
			msglen: 772759.96557 bits.
Iteration #: 28
	7340.48037	   0.21786	[mu,kappa]: [(53.67755,25.14950),1.84262]
	8044.11177	   0.23874	[mu,kappa]: [(166.78572,353.55661),10.62704]
	7569.64457	   0.22466	[mu,kappa]: [(13.96225,2.20783),9.75036]
	10739.76328	   0.31874	[mu,kappa]: [(112.64740,340.29666),1.48121]
			msglen: 772520.68002 bits.
Iteration #: 29
	7431.33010	   0.22056	[mu,kappa]: [(57.09876,33.02035),1.95151]
	7939.91859	   0.23565	[mu,kappa]: [(167.01834,354.86796),10.96244]
	7523.53522	   0.22329	[mu,kappa]: [(13.77518,0.02508),10.02152]
	10799.21609	   0.32050	[mu,kappa]: [(111.35362,334.43007),1.54854]
			msglen: 772131.32473 bits.
Iteration #: 30
	7530.28922	   0.22349	[mu,kappa]: [(61.50377,41.01333),2.15374]
	7873.27029	   0.23367	[mu,kappa]: [(167.20490,356.67368),11.26580]
	7516.04613	   0.22307	[mu,kappa]: [(13.65636,357.41687),10.27343]
	10774.39436	   0.31977	[mu,kappa]: [(109.47562,327.66255),1.66687]
			msglen: 771530.52329 bits.
Iteration #: 31
	7630.45439	   0.22646	[mu,kappa]: [(66.49078,47.98027),2.47392]
	7862.17545	   0.23334	[mu,kappa]: [(167.32020,358.93027),11.52032]
	7568.24507	   0.22462	[mu,kappa]: [(13.62407,354.65908),10.50326]
	10633.12509	   0.31558	[mu,kappa]: [(107.01798,320.78185),1.85585]
			msglen: 770722.52426 bits.
Iteration #: 32
	7709.03312	   0.22880	[mu,kappa]: [(71.32104,53.13219),2.90226]
	7927.53992	   0.23528	[mu,kappa]: [(167.33273,1.37892),11.69779]
	7701.14051	   0.22856	[mu,kappa]: [(13.68259,352.38368),10.69005]
	10356.28645	   0.30736	[mu,kappa]: [(104.28399,314.73469),2.12356]
			msglen: 769840.94153 bits.
Iteration #: 33
	7732.04282	   0.22948	[mu,kappa]: [(75.38423,56.36687),3.37081]
	8079.45006	   0.23979	[mu,kappa]: [(167.22345,3.51661),11.76312]
	7920.13766	   0.23506	[mu,kappa]: [(13.81196,351.33047),10.78702]
	9962.36946	   0.29567	[mu,kappa]: [(101.72073,310.08544),2.45362]
			msglen: 769083.25100 bits.
Iteration #: 34
	7681.62657	   0.22798	[mu,kappa]: [(78.49050,58.10937),3.78446]
	8301.99163	   0.24639	[mu,kappa]: [(167.00701,4.81849),11.69388]
	8203.12485	   0.24346	[mu,kappa]: [(13.99389,351.74328),10.74438]
	9507.25696	   0.28216	[mu,kappa]: [(99.61498,306.79005),2.80857]
			msglen: 768539.41122 bits.
Iteration #: 35
	7573.31459	   0.22477	[mu,kappa]: [(80.79095,58.93981),4.09434]
	8558.96347	   0.25402	[mu,kappa]: [(166.72695,5.08002),11.50373]
	8511.75557	   0.25262	[mu,kappa]: [(14.23133,353.14181),10.55814]
	9049.96638	   0.26859	[mu,kappa]: [(97.98848,304.47720),3.15171]
			msglen: 768167.88759 bits.
Iteration #: 36
	7436.15021	   0.22070	[mu,kappa]: [(82.53730,59.32107),4.31251]
	8817.43667	   0.26169	[mu,kappa]: [(166.42696,4.48411),11.23833]
	8815.08485	   0.26162	[mu,kappa]: [(14.52186,354.82275),10.27699]
	8625.32828	   0.25599	[mu,kappa]: [(96.72591,302.80208),3.46342]
			msglen: 767903.31012 bits.
Iteration #: 37
	7291.14917	   0.21640	[mu,kappa]: [(83.92692,59.52445),4.47119]
	9059.22102	   0.26887	[mu,kappa]: [(166.13368,3.37218),10.94691]
	9097.59579	   0.27001	[mu,kappa]: [(14.84254,356.35104),9.96089]
	8246.03402	   0.24473	[mu,kappa]: [(95.71202,301.55080),3.73948]
			msglen: 767706.35000 bits.
Iteration #: 38
	7149.24297	   0.21218	[mu,kappa]: [(85.07729,59.67430),4.59591]
	9277.00209	   0.27533	[mu,kappa]: [(165.85916,2.04098),10.66313]
	9353.56115	   0.27760	[mu,kappa]: [(15.16513,357.59859),9.65164]
	7914.19379	   0.23489	[mu,kappa]: [(94.87396,300.59767),3.98245]
			msglen: 767557.17272 bits.
Iteration #: 39
	7015.64553	   0.20822	[mu,kappa]: [(86.05284,59.81447),4.70134]
	9468.89501	   0.28102	[mu,kappa]: [(165.60795,0.68419),10.40396]
	9581.58286	   0.28437	[mu,kappa]: [(15.46944,358.58931),9.37006]
	7627.87659	   0.22639	[mu,kappa]: [(94.17021,299.86146),4.19607]
			msglen: 767444.27475 bits.
Iteration #: 40
	6892.74320	   0.20457	[mu,kappa]: [(86.89053,59.95432),4.79466]
	9635.58858	   0.28597	[mu,kappa]: [(165.38132,359.40803),10.17538]
	9782.23079	   0.29032	[mu,kappa]: [(15.74523,359.38503),9.12324]
	7383.43743	   0.21913	[mu,kappa]: [(93.57476,299.28587),4.38339]
			msglen: 767359.49583 bits.
Iteration #: 41
	6781.43461	   0.20127	[mu,kappa]: [(87.61405,60.09195),4.87902]
	9778.99236	   0.29023	[mu,kappa]: [(165.17913,358.26077),9.97769]
	9957.12334	   0.29551	[mu,kappa]: [(15.98922,0.04082),8.91117]
	7176.44968	   0.21299	[mu,kappa]: [(93.06886,298.83103),4.54681]
			msglen: 767296.40783 bits.
			N: 33694
		22.77249 bpr
Null model msglen: 794607.78196 bits.	(23.58306 bpr)
