Iteration #: 0
	 793.00000	   0.02354	[mu,kappa]: [(83.18474,358.79923),0.96978]
	 817.00000	   0.02425	[mu,kappa]: [(94.86059,0.45903),0.94845]
	 860.00000	   0.02552	[mu,kappa]: [(89.69179,359.50051),0.98156]
	 834.00000	   0.02475	[mu,kappa]: [(96.88234,355.55344),0.96546]
	 754.00000	   0.02238	[mu,kappa]: [(91.62745,9.29458),0.96814]
	 835.00000	   0.02478	[mu,kappa]: [(90.87506,357.73092),0.99539]
	 938.00000	   0.02784	[mu,kappa]: [(97.78629,356.95959),0.94878]
	 883.00000	   0.02621	[mu,kappa]: [(81.64777,354.64244),0.93338]
	 915.00000	   0.02715	[mu,kappa]: [(91.40753,359.18018),0.99210]
	 844.00000	   0.02505	[mu,kappa]: [(95.63420,357.10835),0.87537]
	 837.00000	   0.02484	[mu,kappa]: [(88.75916,355.77965),0.93870]
	 854.00000	   0.02535	[mu,kappa]: [(95.44861,357.95046),0.94529]
	 829.00000	   0.02460	[mu,kappa]: [(91.66229,359.81591),0.94210]
	 857.00000	   0.02543	[mu,kappa]: [(90.85882,353.86059),0.95781]
	 825.00000	   0.02449	[mu,kappa]: [(90.87637,353.97312),0.86465]
	 851.00000	   0.02526	[mu,kappa]: [(84.59593,358.00949),0.90388]
	 838.00000	   0.02487	[mu,kappa]: [(96.88433,356.30199),0.90912]
	 848.00000	   0.02517	[mu,kappa]: [(93.69142,355.47234),0.88324]
	 851.00000	   0.02526	[mu,kappa]: [(93.13513,356.91387),0.93910]
	 837.00000	   0.02484	[mu,kappa]: [(80.59606,2.55673),0.92348]
	 812.00000	   0.02410	[mu,kappa]: [(87.43243,355.80813),0.97583]
	 846.00000	   0.02511	[mu,kappa]: [(88.82476,354.15311),0.96430]
	 837.00000	   0.02484	[mu,kappa]: [(81.57481,355.99575),1.01546]
	 855.00000	   0.02538	[mu,kappa]: [(91.03224,2.02988),0.90212]
	 835.00000	   0.02478	[mu,kappa]: [(89.68258,355.41590),0.95504]
	 804.00000	   0.02386	[mu,kappa]: [(90.65811,0.17030),0.93205]
	 833.00000	   0.02472	[mu,kappa]: [(84.86956,4.36529),0.91774]
	 826.00000	   0.02452	[mu,kappa]: [(96.09809,357.98477),0.94912]
	 863.00000	   0.02561	[mu,kappa]: [(91.42402,1.27875),0.97630]
	 775.00000	   0.02300	[mu,kappa]: [(85.23404,358.21460),0.91863]
	 819.00000	   0.02431	[mu,kappa]: [(92.01906,359.49766),1.00225]
	 899.00000	   0.02668	[mu,kappa]: [(88.44558,3.99179),0.96474]
	 851.00000	   0.02526	[mu,kappa]: [(92.98216,355.73779),0.94383]
	 848.00000	   0.02517	[mu,kappa]: [(95.24914,1.50000),0.93814]
	 848.00000	   0.02517	[mu,kappa]: [(92.04989,359.33287),0.95238]
	 830.00000	   0.02463	[mu,kappa]: [(92.08304,356.56623),0.95183]
	 868.00000	   0.02576	[mu,kappa]: [(96.18397,0.19662),0.96817]
	 823.00000	   0.02443	[mu,kappa]: [(87.13092,358.63206),0.99035]
	 897.00000	   0.02662	[mu,kappa]: [(88.75038,351.71613),0.93125]
	 825.00000	   0.02449	[mu,kappa]: [(86.39215,1.33423),0.95561]
			msglen: 763768.31799 bits.
Iteration #: 1
	 794.00767	   0.02357	[mu,kappa]: [(78.13171,358.99797),0.97147]
	 817.09781	   0.02425	[mu,kappa]: [(97.79320,0.12820),0.95193]
	 859.56672	   0.02551	[mu,kappa]: [(89.08702,359.43581),0.95471]
	 834.73444	   0.02477	[mu,kappa]: [(101.39873,355.54531),0.96817]
	 753.40862	   0.02236	[mu,kappa]: [(92.07101,8.38428),0.95892]
	 834.50675	   0.02477	[mu,kappa]: [(91.20569,357.72148),0.95880]
	 939.05326	   0.02787	[mu,kappa]: [(102.70717,356.83770),0.96738]
	 884.38112	   0.02625	[mu,kappa]: [(76.12456,355.31936),0.96992]
	 914.45095	   0.02714	[mu,kappa]: [(92.08280,359.07757),0.95856]
	 843.66295	   0.02504	[mu,kappa]: [(98.72377,357.14379),0.93230]
	 836.66855	   0.02483	[mu,kappa]: [(87.67259,356.06807),0.94318]
	 854.25197	   0.02535	[mu,kappa]: [(98.83297,357.81720),0.95373]
	 828.66621	   0.02459	[mu,kappa]: [(92.42657,359.64578),0.94286]
	 856.57460	   0.02542	[mu,kappa]: [(91.27814,354.19354),0.94990]
	 823.92951	   0.02445	[mu,kappa]: [(91.22873,354.62305),0.92102]
	 851.19238	   0.02526	[mu,kappa]: [(80.91000,358.25838),0.94312]
	 838.39912	   0.02488	[mu,kappa]: [(100.96233,356.34440),0.94888]
	 847.41504	   0.02515	[mu,kappa]: [(95.72953,355.77040),0.92979]
	 850.79178	   0.02525	[mu,kappa]: [(94.98691,356.95471),0.94502]
	 838.84208	   0.02490	[mu,kappa]: [(74.35011,2.43091),0.97401]
	 811.84047	   0.02410	[mu,kappa]: [(85.33354,356.06049),0.95679]
	 845.63497	   0.02510	[mu,kappa]: [(87.79879,354.50867),0.95222]
	 838.63234	   0.02489	[mu,kappa]: [(75.21389,356.37956),0.99892]
	 854.36082	   0.02536	[mu,kappa]: [(91.25489,1.60504),0.93113]
	 834.63353	   0.02477	[mu,kappa]: [(89.22603,355.66701),0.94760]
	 803.63338	   0.02385	[mu,kappa]: [(90.71656,359.99537),0.93906]
	 833.20889	   0.02473	[mu,kappa]: [(81.07950,3.90796),0.94917]
	 826.44070	   0.02453	[mu,kappa]: [(99.92741,357.82447),0.95747]
	 862.56487	   0.02560	[mu,kappa]: [(92.01969,1.03903),0.95369]
	 775.20008	   0.02301	[mu,kappa]: [(81.83852,358.41087),0.94460]
	 818.53024	   0.02429	[mu,kappa]: [(93.15641,359.35984),0.96158]
	 898.61741	   0.02667	[mu,kappa]: [(86.82389,3.63047),0.95357]
	 850.77590	   0.02525	[mu,kappa]: [(94.78198,355.88106),0.94681]
	 848.10554	   0.02517	[mu,kappa]: [(98.34485,1.04920),0.95052]
	 847.68982	   0.02516	[mu,kappa]: [(93.11675,359.19359),0.94659]
	 829.71507	   0.02463	[mu,kappa]: [(93.26192,356.65074),0.94702]
	 868.45202	   0.02577	[mu,kappa]: [(100.12313,359.85531),0.96410]
	 822.85779	   0.02442	[mu,kappa]: [(84.66925,358.70448),0.96140]
	 896.42590	   0.02660	[mu,kappa]: [(87.81225,352.43694),0.94495]
	 825.07871	   0.02449	[mu,kappa]: [(83.46229,1.22489),0.95337]
			msglen: 788555.98346 bits.
Iteration #: 2
	 796.50943	   0.02364	[mu,kappa]: [(70.17725,359.35120),1.01124]
	 817.05824	   0.02425	[mu,kappa]: [(102.62729,359.72789),0.96727]
	 858.21566	   0.02547	[mu,kappa]: [(88.08051,359.38970),0.94773]
	 836.51481	   0.02483	[mu,kappa]: [(108.60424,355.41066),1.00121]
	 751.99605	   0.02232	[mu,kappa]: [(92.83662,7.49579),0.95558]
	 833.17315	   0.02473	[mu,kappa]: [(91.73990,357.73476),0.94853]
	 941.82859	   0.02795	[mu,kappa]: [(110.55826,356.55608),1.01247]
	 888.34980	   0.02636	[mu,kappa]: [(67.36285,356.07113),1.03138]
	 912.99393	   0.02710	[mu,kappa]: [(93.18689,358.95950),0.94976]
	 843.88491	   0.02505	[mu,kappa]: [(104.02768,357.00158),0.96712]
	 835.47137	   0.02480	[mu,kappa]: [(85.83503,356.35740),0.94690]
	 854.66150	   0.02537	[mu,kappa]: [(104.38252,357.58236),0.97512]
	 827.40412	   0.02456	[mu,kappa]: [(93.71310,359.46736),0.94477]
	 855.15190	   0.02538	[mu,kappa]: [(91.96573,354.50938),0.94814]
	 822.48726	   0.02441	[mu,kappa]: [(91.83463,354.99019),0.93858]
	 852.05479	   0.02529	[mu,kappa]: [(74.76967,358.58629),0.97792]
	 839.78200	   0.02492	[mu,kappa]: [(107.70025,356.19001),0.98956]
	 846.65403	   0.02513	[mu,kappa]: [(99.24439,355.86009),0.95160]
	 849.92191	   0.02522	[mu,kappa]: [(98.08116,356.92558),0.95294]
	 844.26203	   0.02506	[mu,kappa]: [(64.62127,2.59030),1.05459]
	 811.15811	   0.02407	[mu,kappa]: [(81.87484,356.40647),0.95801]
	 844.38029	   0.02506	[mu,kappa]: [(86.07673,354.90659),0.95049]
	 843.49772	   0.02503	[mu,kappa]: [(65.62448,357.02810),1.05378]
	 852.90066	   0.02531	[mu,kappa]: [(91.66300,1.27622),0.94056]
	 833.29441	   0.02473	[mu,kappa]: [(88.45113,355.92893),0.94619]
	 802.33041	   0.02381	[mu,kappa]: [(90.82117,359.84164),0.94187]
	 834.05859	   0.02475	[mu,kappa]: [(74.83608,3.70798),0.98178]
	 827.35405	   0.02456	[mu,kappa]: [(106.15099,357.55121),0.98385]
	 861.18603	   0.02556	[mu,kappa]: [(93.00384,0.76806),0.94802]
	 775.66856	   0.02302	[mu,kappa]: [(76.20803,358.69223),0.97145]
	 817.38788	   0.02426	[mu,kappa]: [(95.00828,359.18486),0.95182]
	 897.45311	   0.02663	[mu,kappa]: [(84.13710,3.31698),0.95425]
	 849.86383	   0.02522	[mu,kappa]: [(97.78156,355.94982),0.95341]
	 848.21509	   0.02517	[mu,kappa]: [(103.47216,0.54663),0.97037]
	 846.47753	   0.02512	[mu,kappa]: [(94.89792,359.03140),0.94737]
	 828.56977	   0.02459	[mu,kappa]: [(95.22374,356.69886),0.94840]
	 869.46870	   0.02580	[mu,kappa]: [(106.46845,359.40088),0.98752]
	 822.39434	   0.02441	[mu,kappa]: [(80.65470,358.86164),0.96194]
	 894.96797	   0.02656	[mu,kappa]: [(86.19467,353.04973),0.95052]
	 824.99748	   0.02449	[mu,kappa]: [(78.65531,1.21302),0.96608]
			msglen: 788407.31007 bits.
Iteration #: 3
	 803.38745	   0.02384	[mu,kappa]: [(58.71867,359.94431),1.12660]
	 816.86976	   0.02424	[mu,kappa]: [(110.28043,359.20366),1.01079]
	 854.33801	   0.02536	[mu,kappa]: [(86.41296,359.38094),0.94886]
	 841.47702	   0.02497	[mu,kappa]: [(119.28001,355.04567),1.09695]
	 748.39577	   0.02221	[mu,kappa]: [(94.13724,6.66494),0.95613]
	 829.32032	   0.02461	[mu,kappa]: [(92.61983,357.73917),0.94768]
	 949.72606	   0.02818	[mu,kappa]: [(121.96311,356.02268),1.13004]
	 899.60438	   0.02670	[mu,kappa]: [(55.08250,357.04499),1.18115]
	 908.87460	   0.02697	[mu,kappa]: [(95.01207,358.81781),0.95084]
	 844.64858	   0.02507	[mu,kappa]: [(112.41296,356.67244),1.02572]
	 832.05898	   0.02469	[mu,kappa]: [(82.78164,356.67413),0.95482]
	 855.75793	   0.02540	[mu,kappa]: [(113.02458,357.18081),1.03256]
	 823.77525	   0.02445	[mu,kappa]: [(95.85583,359.26627),0.94981]
	 851.16862	   0.02526	[mu,kappa]: [(93.09860,354.77557),0.94988]
	 818.64827	   0.02430	[mu,kappa]: [(92.84648,355.24561),0.94609]
	 854.50793	   0.02536	[mu,kappa]: [(65.32101,359.08461),1.05062]
	 843.71556	   0.02504	[mu,kappa]: [(117.89180,355.80067),1.07858]
	 844.63731	   0.02507	[mu,kappa]: [(104.99734,355.79237),0.97981]
	 847.41968	   0.02515	[mu,kappa]: [(103.13691,356.79422),0.97217]
	 859.57716	   0.02551	[mu,kappa]: [(51.56128,3.09675),1.24521]
	 809.13745	   0.02401	[mu,kappa]: [(76.27500,356.84369),0.97812]
	 840.84514	   0.02496	[mu,kappa]: [(83.21662,355.32965),0.95598]
	 857.12675	   0.02544	[mu,kappa]: [(52.72384,357.97701),1.22398]
	 848.88722	   0.02519	[mu,kappa]: [(92.36146,0.98642),0.94543]
	 829.46985	   0.02462	[mu,kappa]: [(87.15255,356.19321),0.94831]
	 798.58329	   0.02370	[mu,kappa]: [(91.00075,359.70375),0.94454]
	 836.57749	   0.02483	[mu,kappa]: [(65.27656,3.76547),1.05490]
	 829.84030	   0.02463	[mu,kappa]: [(115.66409,357.09050),1.05587]
	 857.27338	   0.02544	[mu,kappa]: [(94.64005,0.48541),0.94961]
	 776.88586	   0.02306	[mu,kappa]: [(67.44570,359.13265),1.03132]
	 814.06890	   0.02416	[mu,kappa]: [(98.04883,358.96478),0.95597]
	 894.30518	   0.02654	[mu,kappa]: [(79.74389,3.11765),0.96661]
	 847.25767	   0.02515	[mu,kappa]: [(102.68379,355.91011),0.97120]
	 848.52740	   0.02518	[mu,kappa]: [(111.55253,359.92243),1.02026]
	 842.98860	   0.02502	[mu,kappa]: [(97.84757,358.82765),0.95444]
	 825.25960	   0.02449	[mu,kappa]: [(98.46125,356.67931),0.95660]
	 872.29791	   0.02589	[mu,kappa]: [(116.12016,358.76893),1.06081]
	 820.96866	   0.02437	[mu,kappa]: [(74.23410,359.13929),0.98803]
	 891.09354	   0.02645	[mu,kappa]: [(83.48223,353.63039),0.95752]
	 824.69719	   0.02448	[mu,kappa]: [(71.05996,1.36226),1.00694]
			msglen: 787996.29836 bits.
Iteration #: 4
	 822.03117	   0.02440	[mu,kappa]: [(45.04238,0.88938),1.40788]
	 816.31828	   0.02423	[mu,kappa]: [(121.23927,358.47772),1.12438]
	 843.65524	   0.02504	[mu,kappa]: [(83.73058,359.43093),0.95820]
	 855.19791	   0.02538	[mu,kappa]: [(132.67864,354.32624),1.33583]
	 738.82239	   0.02193	[mu,kappa]: [(96.29001,5.91485),0.96320]
	 818.68129	   0.02430	[mu,kappa]: [(94.06328,357.71694),0.95367]
	 971.74805	   0.02884	[mu,kappa]: [(135.69934,355.11044),1.41601]
	 930.48804	   0.02761	[mu,kappa]: [(41.22756,358.37438),1.53280]
	 897.58622	   0.02664	[mu,kappa]: [(97.98070,358.63715),0.96139]
	 846.78063	   0.02513	[mu,kappa]: [(124.12193,356.07896),1.16615]
	 822.65685	   0.02442	[mu,kappa]: [(77.91239,357.04550),0.97606]
	 858.77591	   0.02549	[mu,kappa]: [(124.95098,356.51945),1.17947]
	 813.77440	   0.02415	[mu,kappa]: [(99.33548,359.02436),0.96355]
	 840.28321	   0.02494	[mu,kappa]: [(94.94706,354.96496),0.95722]
	 808.15945	   0.02399	[mu,kappa]: [(94.50646,355.41497),0.95484]
	 861.12154	   0.02556	[mu,kappa]: [(52.76435,359.85306),1.22781]
	 854.60157	   0.02536	[mu,kappa]: [(131.01285,355.07461),1.29497]
	 839.12800	   0.02490	[mu,kappa]: [(113.74762,355.52677),1.04581]
	 840.52945	   0.02495	[mu,kappa]: [(110.94433,356.50743),1.02296]
	 901.62674	   0.02676	[mu,kappa]: [(37.76364,4.05986),1.68178]
	 803.48674	   0.02385	[mu,kappa]: [(67.78573,357.41093),1.03701]
	 831.15145	   0.02467	[mu,kappa]: [(78.64434,355.78742),0.97466]
	 894.44609	   0.02655	[mu,kappa]: [(38.84586,359.32948),1.62818]
	 837.92028	   0.02487	[mu,kappa]: [(93.52739,0.72327),0.95270]
	 818.94744	   0.02431	[mu,kappa]: [(85.05119,356.46228),0.95632]
	 788.24061	   0.02340	[mu,kappa]: [(91.31386,359.58309),0.95043]
	 843.46279	   0.02503	[mu,kappa]: [(52.63424,4.16396),1.23518]
	 836.66651	   0.02483	[mu,kappa]: [(128.30707,356.33845),1.23785]
	 846.54201	   0.02512	[mu,kappa]: [(97.31261,0.18987),0.95931]
	 780.02806	   0.02315	[mu,kappa]: [(55.46167,359.82204),1.18025]
	 804.88288	   0.02389	[mu,kappa]: [(102.91304,358.67501),0.97651]
	 885.77613	   0.02629	[mu,kappa]: [(72.90622,3.09795),1.00389]
	 840.09666	   0.02493	[mu,kappa]: [(110.27801,355.70750),1.01900]
	 849.42192	   0.02521	[mu,kappa]: [(122.95237,359.09148),1.14808]
	 833.38067	   0.02473	[mu,kappa]: [(102.58429,358.55520),0.97512]
	 816.12972	   0.02422	[mu,kappa]: [(103.63221,356.55374),0.98025]
	 880.13674	   0.02612	[mu,kappa]: [(128.86605,357.85841),1.24832]
	 816.91759	   0.02425	[mu,kappa]: [(64.72151,359.59872),1.06424]
	 880.63788	   0.02614	[mu,kappa]: [(79.12379,354.20846),0.97537]
	 823.76150	   0.02445	[mu,kappa]: [(60.20717,1.75550),1.11513]
			msglen: 786913.25593 bits.
Iteration #: 5
	 868.87847	   0.02579	[mu,kappa]: [(32.71994,2.23700),2.00258]
	 814.99682	   0.02419	[mu,kappa]: [(134.05325,357.48043),1.38820]
	 816.26710	   0.02423	[mu,kappa]: [(79.78066,359.56623),0.98420]
	 891.12002	   0.02645	[mu,kappa]: [(145.56523,353.15354),1.85875]
	 714.58815	   0.02121	[mu,kappa]: [(99.66558,5.30904),0.98547]
	 791.46015	   0.02349	[mu,kappa]: [(96.35678,357.65224),0.97205]
	1029.74379	   0.03056	[mu,kappa]: [(148.22897,353.73010),2.03451]
	1009.03692	   0.02994	[mu,kappa]: [(29.54753,0.08554),2.26617]
	 868.79506	   0.02578	[mu,kappa]: [(102.53847,358.40380),0.99122]
	 852.44176	   0.02530	[mu,kappa]: [(137.19282,355.13582),1.48418]
	 798.46265	   0.02370	[mu,kappa]: [(70.91363,357.48706),1.02976]
	 866.73549	   0.02572	[mu,kappa]: [(138.07135,355.51044),1.51338]
	 788.20976	   0.02339	[mu,kappa]: [(104.62402,358.72833),0.99927]
	 812.51869	   0.02412	[mu,kappa]: [(97.84464,355.03385),0.97785]
	 781.37762	   0.02319	[mu,kappa]: [(97.12443,355.47360),0.97495]
	 877.25861	   0.02604	[mu,kappa]: [(39.79344,0.95845),1.61549]
	 883.08194	   0.02621	[mu,kappa]: [(144.03088,353.91838),1.77028]
	 825.10289	   0.02449	[mu,kappa]: [(125.15197,354.99350),1.20338]
	 822.94596	   0.02442	[mu,kappa]: [(121.49316,356.00280),1.14775]
	1009.30091	   0.02995	[mu,kappa]: [(26.88537,5.47421),2.58471]
	 788.64905	   0.02341	[mu,kappa]: [(56.78625,358.14180),1.17987]
	 806.26067	   0.02393	[mu,kappa]: [(72.03535,356.27852),1.02346]
	 989.72683	   0.02937	[mu,kappa]: [(27.67603,1.08517),2.46878]
	 809.93071	   0.02404	[mu,kappa]: [(95.41186,0.50003),0.97041]
	 791.98818	   0.02351	[mu,kappa]: [(81.95046,356.72926),0.97804]
	 761.75519	   0.02261	[mu,kappa]: [(91.89199,359.49024),0.96573]
	 860.35799	   0.02553	[mu,kappa]: [(39.65183,4.98989),1.62984]
	 854.49278	   0.02536	[mu,kappa]: [(141.45139,355.20335),1.64411]
	 819.15321	   0.02431	[mu,kappa]: [(101.44298,359.88628),0.98641]
	 787.30860	   0.02337	[mu,kappa]: [(42.52033,0.82756),1.51128]
	 781.38245	   0.02319	[mu,kappa]: [(110.07860,358.29115),1.03168]
	 863.83743	   0.02564	[mu,kappa]: [(63.53790,3.34165),1.09734]
	 821.83115	   0.02439	[mu,kappa]: [(120.61641,355.27414),1.13716]
	 851.90254	   0.02528	[mu,kappa]: [(135.93471,357.98358),1.44186]
	 808.83707	   0.02401	[mu,kappa]: [(109.58908,358.18859),1.02855]
	 792.79475	   0.02353	[mu,kappa]: [(111.19482,356.27537),1.04106]
	 900.68211	   0.02673	[mu,kappa]: [(142.00133,356.58457),1.66669]
	 806.07357	   0.02392	[mu,kappa]: [(52.90820,0.29920),1.24577]
	 853.92824	   0.02534	[mu,kappa]: [(72.79154,354.77355),1.02119]
	 820.78470	   0.02436	[mu,kappa]: [(47.60021,2.47418),1.36382]
			msglen: 784431.26554 bits.
Iteration #: 6
	 965.31298	   0.02865	[mu,kappa]: [(24.60373,3.73261),3.05940]
	 812.68770	   0.02412	[mu,kappa]: [(145.04786,356.28468),1.89041]
	 757.57185	   0.02249	[mu,kappa]: [(75.07370,359.80847),1.04210]
	 972.10202	   0.02885	[mu,kappa]: [(154.68592,351.65153),2.83992]
	 663.14749	   0.01968	[mu,kappa]: [(104.21926,5.04493),1.03955]
	 733.47380	   0.02177	[mu,kappa]: [(99.57307,357.54027),1.01612]
	1161.60069	   0.03447	[mu,kappa]: [(156.71517,352.06348),3.20514]
	1174.24594	   0.03484	[mu,kappa]: [(22.24664,1.80549),3.57950]
	 807.57714	   0.02397	[mu,kappa]: [(108.48407,358.14098),1.05981]
	 865.50044	   0.02569	[mu,kappa]: [(147.83865,353.89661),2.08284]
	 746.19421	   0.02215	[mu,kappa]: [(62.94382,357.94800),1.14186]
	 884.88148	   0.02626	[mu,kappa]: [(148.60258,354.21893),2.14120]
	 733.80987	   0.02178	[mu,kappa]: [(111.37646,358.41242),1.07959]
	 753.44556	   0.02236	[mu,kappa]: [(101.80672,354.91221),1.02686]
	 724.36257	   0.02150	[mu,kappa]: [(100.74153,355.36562),1.02171]
	 908.02173	   0.02695	[mu,kappa]: [(30.16801,2.25394),2.30687]
	 947.13165	   0.02811	[mu,kappa]: [(153.49223,352.44126),2.65941]
	 795.36146	   0.02361	[mu,kappa]: [(136.37076,354.18246),1.51562]
	 785.57548	   0.02332	[mu,kappa]: [(132.44353,355.27922),1.40058]
	1239.77125	   0.03679	[mu,kappa]: [(20.39070,6.95247),4.21499]
	 755.33680	   0.02242	[mu,kappa]: [(46.15846,358.95740),1.45491]
	 752.58632	   0.02234	[mu,kappa]: [(64.43514,356.72198),1.12653]
	1192.44807	   0.03538	[mu,kappa]: [(20.91433,2.82211),3.98350]
	 750.34247	   0.02227	[mu,kappa]: [(98.11901,0.38430),1.01210]
	 734.28559	   0.02179	[mu,kappa]: [(78.26161,356.94412),1.02721]
	 705.26655	   0.02093	[mu,kappa]: [(92.91690,359.46288),1.00213]
	 892.79702	   0.02650	[mu,kappa]: [(30.07404,6.17034),2.33342]
	 894.52424	   0.02655	[mu,kappa]: [(151.42864,353.77709),2.40393]
	 760.89329	   0.02258	[mu,kappa]: [(106.89621,359.63501),1.04913]
	 799.67675	   0.02373	[mu,kappa]: [(32.47725,2.03332),2.10576]
	 731.36933	   0.02171	[mu,kappa]: [(118.70120,357.84407),1.15212]
	 815.93062	   0.02422	[mu,kappa]: [(53.69288,3.92871),1.28459]
	 783.01098	   0.02324	[mu,kappa]: [(131.47494,354.59035),1.37786]
	 857.99031	   0.02546	[mu,kappa]: [(146.74458,356.68977),1.99762]
	 756.63079	   0.02246	[mu,kappa]: [(118.06860,357.75525),1.14506]
	 743.14812	   0.02206	[mu,kappa]: [(120.16857,355.82736),1.17231]
	 946.88715	   0.02810	[mu,kappa]: [(151.88827,355.06368),2.44937]
	 780.86758	   0.02318	[mu,kappa]: [(42.12921,1.19594),1.58774]
	 796.46990	   0.02364	[mu,kappa]: [(65.45752,355.20866),1.11863]
	 811.76281	   0.02409	[mu,kappa]: [(37.00767,3.48730),1.81969]
			msglen: 780350.64321 bits.
Iteration #: 7
	1095.49506	   0.03251	[mu,kappa]: [(20.68926,4.78405),4.39206]
	 808.92009	   0.02401	[mu,kappa]: [(151.59637,355.27455),2.57564]
	 672.70010	   0.01997	[mu,kappa]: [(71.17831,0.17764),1.13713]
	1103.35921	   0.03274	[mu,kappa]: [(159.67125,350.26553),4.28042]
	 588.95770	   0.01748	[mu,kappa]: [(108.12206,5.61059),1.13127]
	 649.77201	   0.01929	[mu,kappa]: [(102.39256,357.43455),1.09242]
	1380.67552	   0.04097	[mu,kappa]: [(161.31662,350.62697),4.96819]
	1405.65038	   0.04171	[mu,kappa]: [(18.74725,2.79472),5.24040]
	 718.99024	   0.02134	[mu,kappa]: [(113.48972,357.99180),1.16928]
	 885.42650	   0.02628	[mu,kappa]: [(153.99530,352.70758),2.90921]
	 669.92034	   0.01989	[mu,kappa]: [(56.93734,358.24376),1.30615]
	 912.77603	   0.02709	[mu,kappa]: [(154.64931,353.01688),3.01167]
	 654.95254	   0.01944	[mu,kappa]: [(116.95018,358.25314),1.20448]
	 668.16337	   0.01983	[mu,kappa]: [(105.23693,354.52426),1.11026]
	 642.05778	   0.01906	[mu,kappa]: [(103.88694,355.03412),1.10173]
	 943.66639	   0.02801	[mu,kappa]: [(25.27287,3.24969),3.17013]
	1049.67329	   0.03115	[mu,kappa]: [(158.70393,351.07630),3.94610]
	 750.94829	   0.02229	[mu,kappa]: [(143.68409,353.27446),1.94120]
	 730.22919	   0.02167	[mu,kappa]: [(139.89583,354.52249),1.74881]
	1572.62520	   0.04666	[mu,kappa]: [(17.23793,7.97280),6.26179]
	 704.17148	   0.02090	[mu,kappa]: [(39.53270,359.53664),1.81372]
	 674.41156	   0.02002	[mu,kappa]: [(58.62311,356.87633),1.27985]
	1482.33997	   0.04398	[mu,kappa]: [(17.65487,3.82860),5.89320]
	 664.38956	   0.01972	[mu,kappa]: [(100.51258,0.57745),1.08517]
	 650.94589	   0.01932	[mu,kappa]: [(75.14955,356.98687),1.11070]
	 623.80293	   0.01852	[mu,kappa]: [(93.84465,359.61967),1.06790]
	 930.94536	   0.02763	[mu,kappa]: [(25.23477,7.40019),3.21175]
	 957.42495	   0.02841	[mu,kappa]: [(157.01415,352.47848),3.48004]
	 676.64024	   0.02008	[mu,kappa]: [(111.52976,359.65013),1.15072]
	 810.38514	   0.02405	[mu,kappa]: [(27.22628,3.00476),2.84726]
	 658.51402	   0.01955	[mu,kappa]: [(125.42219,357.53014),1.32975]
	 744.89276	   0.02211	[mu,kappa]: [(47.01654,4.91569),1.54060]
	 725.61846	   0.02154	[mu,kappa]: [(138.93410,353.79977),1.71056]
	 867.11029	   0.02573	[mu,kappa]: [(153.07478,355.63519),2.76062]
	 680.63382	   0.02020	[mu,kappa]: [(124.71667,357.44242),1.31755]
	 670.74246	   0.01991	[mu,kappa]: [(127.06305,355.31317),1.36401]
	1019.79222	   0.03026	[mu,kappa]: [(157.40579,353.76396),3.56249]
	 740.37011	   0.02198	[mu,kappa]: [(35.75440,2.02497),2.02501]
	 712.93183	   0.02116	[mu,kappa]: [(59.79229,355.19534),1.26540]
	 792.97774	   0.02354	[mu,kappa]: [(31.15770,4.54782),2.39224]
			msglen: 776696.87423 bits.
Iteration #: 8
	1186.77743	   0.03522	[mu,kappa]: [(19.22672,5.20161),5.35380]
	 797.63112	   0.02367	[mu,kappa]: [(154.31143,354.80034),3.14299]
	 608.06250	   0.01805	[mu,kappa]: [(68.84849,0.72243),1.23930]
	1231.44001	   0.03654	[mu,kappa]: [(162.24929,349.22742),5.79799]
	 530.07758	   0.01574	[mu,kappa]: [(108.48910,7.69241),1.21841]
	 583.58472	   0.01732	[mu,kappa]: [(102.31028,357.40051),1.16723]
	1611.78691	   0.04782	[mu,kappa]: [(163.87132,349.65559),6.93318]
	1578.77363	   0.04684	[mu,kappa]: [(17.24277,2.84625),6.49433]
	 647.30203	   0.01921	[mu,kappa]: [(114.44906,358.14191),1.25928]
	 895.21100	   0.02657	[mu,kappa]: [(156.67295,351.82741),3.63451]
	 612.14626	   0.01817	[mu,kappa]: [(54.35241,358.14644),1.45332]
	 929.96486	   0.02760	[mu,kappa]: [(157.32190,352.18300),3.78898]
	 590.55362	   0.01753	[mu,kappa]: [(118.19375,358.48053),1.30258]
	 600.42544	   0.01782	[mu,kappa]: [(105.39821,353.74169),1.18906]
	 576.83630	   0.01712	[mu,kappa]: [(103.92383,354.37863),1.17881]
	 962.94319	   0.02858	[mu,kappa]: [(23.74495,3.64848),3.76234]
	1144.80748	   0.03397	[mu,kappa]: [(161.30077,350.07253),5.25534]
	 707.12465	   0.02099	[mu,kappa]: [(146.34395,352.42071),2.25728]
	 678.77069	   0.02015	[mu,kappa]: [(142.48558,353.91349),2.00070]
	1836.66437	   0.05449	[mu,kappa]: [(15.67114,8.62048),7.88686]
	 664.05717	   0.01971	[mu,kappa]: [(37.37773,359.53503),2.07549]
	 615.23568	   0.01826	[mu,kappa]: [(56.03950,356.42576),1.42094]
	1707.89954	   0.05067	[mu,kappa]: [(16.10916,4.00893),7.38376]
	 596.70924	   0.01771	[mu,kappa]: [(100.26238,1.36563),1.15966]
	 587.28088	   0.01743	[mu,kappa]: [(72.97918,356.69376),1.20459]
	 560.26975	   0.01663	[mu,kappa]: [(92.99139,0.13066),1.14112]
	 952.28195	   0.02826	[mu,kappa]: [(23.76325,8.63003),3.81447]
	1009.91302	   0.02997	[mu,kappa]: [(159.64601,351.58801),4.51234]
	 608.82136	   0.01807	[mu,kappa]: [(112.30236,0.22445),1.23693]
	 812.55270	   0.02412	[mu,kappa]: [(25.63619,3.45019),3.35258]
	 597.25553	   0.01773	[mu,kappa]: [(127.31357,357.59377),1.45919]
	 690.86515	   0.02051	[mu,kappa]: [(44.69146,6.46227),1.74371]
	 672.83483	   0.01997	[mu,kappa]: [(141.48450,353.02702),1.95043]
	 866.92717	   0.02573	[mu,kappa]: [(155.77957,355.19826),3.41362]
	 616.91752	   0.01831	[mu,kappa]: [(126.56531,357.48257),1.44388]
	 609.41375	   0.01809	[mu,kappa]: [(129.04992,354.83647),1.50274]
	1082.12923	   0.03211	[mu,kappa]: [(160.03793,353.01142),4.64318]
	 707.34713	   0.02100	[mu,kappa]: [(33.78056,2.56503),2.33346]
	 649.78245	   0.01929	[mu,kappa]: [(57.22170,354.30145),1.40380]
	 774.62218	   0.02299	[mu,kappa]: [(29.42785,5.53010),2.78518]
			msglen: 775056.71280 bits.
Iteration #: 9
	1213.71687	   0.03602	[mu,kappa]: [(18.75148,5.27355),5.79786]
	 775.39764	   0.02301	[mu,kappa]: [(154.98903,354.77868),3.42494]
	 585.40371	   0.01738	[mu,kappa]: [(67.80779,1.49115),1.30766]
	1312.12980	   0.03893	[mu,kappa]: [(163.84484,348.45409),7.15508]
	 506.20499	   0.01503	[mu,kappa]: [(106.05433,11.76960),1.27555]
	 556.43802	   0.01652	[mu,kappa]: [(99.96377,357.31232),1.20979]
	1789.13035	   0.05308	[mu,kappa]: [(165.66189,349.05814),8.88663]
	1645.49735	   0.04882	[mu,kappa]: [(16.48632,2.27075),7.20861]
	 615.40357	   0.01827	[mu,kappa]: [(112.24202,358.53940),1.29294]
	 883.28436	   0.02621	[mu,kappa]: [(157.59938,351.11299),4.06334]
	 592.74869	   0.01760	[mu,kappa]: [(54.05315,357.51478),1.52913]
	 922.16720	   0.02737	[mu,kappa]: [(158.32806,351.58997),4.27041]
	 561.05503	   0.01666	[mu,kappa]: [(116.08838,359.07278),1.33413]
	 572.30179	   0.01699	[mu,kappa]: [(102.96802,352.20892),1.23282]
	 549.96191	   0.01633	[mu,kappa]: [(101.50843,353.08049),1.22275]
	 962.33977	   0.02856	[mu,kappa]: [(23.72452,3.66509),3.95415]
	1195.81358	   0.03548	[mu,kappa]: [(162.77949,349.33571),6.34885]
	 674.09757	   0.02001	[mu,kappa]: [(146.14745,351.37432),2.35765]
	 644.87802	   0.01914	[mu,kappa]: [(141.94814,353.24853),2.06803]
	1961.42656	   0.05819	[mu,kappa]: [(14.65740,9.20220),9.00321]
	 649.77798	   0.01929	[mu,kappa]: [(37.65045,358.90327),2.16190]
	 595.42160	   0.01768	[mu,kappa]: [(55.66914,355.11755),1.49795]
	1807.84578	   0.05364	[mu,kappa]: [(15.17260,3.70215),8.34798]
	 569.44117	   0.01691	[mu,kappa]: [(97.97909,2.88171),1.20608]
	 564.64181	   0.01676	[mu,kappa]: [(71.66577,355.84654),1.27143]
	 535.55938	   0.01590	[mu,kappa]: [(90.84495,1.03683),1.19205]
	 952.88838	   0.02828	[mu,kappa]: [(23.83661,10.23231),4.01239]
	1026.81820	   0.03047	[mu,kappa]: [(160.92549,350.99790),5.27320]
	 579.23907	   0.01720	[mu,kappa]: [(110.04520,1.43722),1.27300]
	 807.85016	   0.02398	[mu,kappa]: [(25.74098,3.56631),3.50335]
	 566.51213	   0.01682	[mu,kappa]: [(125.64088,357.98015),1.48967]
	 673.24699	   0.01998	[mu,kappa]: [(45.03107,8.93885),1.82900]
	 639.01047	   0.01897	[mu,kappa]: [(140.83020,352.01495),2.01306]
	 849.45295	   0.02521	[mu,kappa]: [(156.62190,355.31269),3.77316]
	 585.20340	   0.01737	[mu,kappa]: [(124.85400,357.81189),1.47428]
	 577.96977	   0.01716	[mu,kappa]: [(127.44526,354.17735),1.53496]
	1105.39333	   0.03280	[mu,kappa]: [(161.36913,352.71254),5.46138]
	 694.48121	   0.02061	[mu,kappa]: [(34.09260,2.95055),2.42613]
	 628.85854	   0.01867	[mu,kappa]: [(56.83239,352.14233),1.48451]
	 764.99085	   0.02271	[mu,kappa]: [(29.73781,6.72138),2.89767]
			msglen: 774461.49264 bits.
Iteration #: 10
	1203.59997	   0.03572	[mu,kappa]: [(18.63520,5.20503),5.96870]
	 748.75008	   0.02222	[mu,kappa]: [(154.68955,355.03363),3.49644]
	 587.01538	   0.01743	[mu,kappa]: [(67.69972,2.58427),1.33873]
	1352.59907	   0.04013	[mu,kappa]: [(165.01966,347.89695),8.38049]
	 506.36441	   0.01503	[mu,kappa]: [(103.10445,18.21601),1.33645]
	 553.85432	   0.01644	[mu,kappa]: [(97.44514,356.99340),1.22915]
	1921.46525	   0.05701	[mu,kappa]: [(167.15308,348.77637),10.91303]
	1649.81362	   0.04895	[mu,kappa]: [(15.99798,1.28837),7.65712]
	 609.74795	   0.01810	[mu,kappa]: [(109.32564,359.07734),1.29652]
	 857.73547	   0.02546	[mu,kappa]: [(157.66940,350.35279),4.25403]
	 594.99752	   0.01766	[mu,kappa]: [(54.76340,356.23570),1.54851]
	 897.76615	   0.02664	[mu,kappa]: [(158.52502,351.05114),4.50864]
	 555.02476	   0.01648	[mu,kappa]: [(113.12020,359.95331),1.33196]
	 569.70244	   0.01691	[mu,kappa]: [(100.15342,349.47209),1.25798]
	 547.58481	   0.01626	[mu,kappa]: [(98.79487,350.72864),1.24719]
	 951.26565	   0.02823	[mu,kappa]: [(24.22895,3.52096),3.93440]
	1210.35389	   0.03592	[mu,kappa]: [(163.75674,348.78961),7.24875]
	 652.84730	   0.01938	[mu,kappa]: [(144.61702,349.73657),2.32906]
	 626.76314	   0.01861	[mu,kappa]: [(140.04367,352.17755),2.03170]
	2005.19209	   0.05949	[mu,kappa]: [(13.82896,9.85723),9.93504]
	 649.95901	   0.01929	[mu,kappa]: [(38.77541,357.65018),2.14549]
	 598.04797	   0.01775	[mu,kappa]: [(56.34453,352.70601),1.52416]
	1834.15934	   0.05442	[mu,kappa]: [(14.44363,3.13423),9.08866]
	 567.59236	   0.01685	[mu,kappa]: [(95.65724,5.27256),1.23271]
	 566.01485	   0.01680	[mu,kappa]: [(71.18804,354.20782),1.30655]
	 534.62756	   0.01587	[mu,kappa]: [(88.95899,2.38834),1.22070]
	 943.00033	   0.02799	[mu,kappa]: [(24.52746,12.56999),3.99905]
	1016.34221	   0.03016	[mu,kappa]: [(161.56724,350.58171),5.79324]
	 574.73547	   0.01706	[mu,kappa]: [(107.18045,3.34874),1.28279]
	 799.94705	   0.02374	[mu,kappa]: [(26.42790,3.58228),3.46670]
	 557.52919	   0.01655	[mu,kappa]: [(122.78931,358.55164),1.47111]
	 676.59999	   0.02008	[mu,kappa]: [(46.57755,12.82211),1.84288]
	 621.82712	   0.01846	[mu,kappa]: [(138.76383,350.35130),1.97837]
	 822.33456	   0.02441	[mu,kappa]: [(156.56687,355.83261),3.90544]
	 576.17177	   0.01710	[mu,kappa]: [(121.98383,358.28279),1.45713]
	 568.23395	   0.01687	[mu,kappa]: [(124.56668,352.98767),1.51498]
	1098.11427	   0.03259	[mu,kappa]: [(162.09456,352.75072),6.04536]
	 693.00276	   0.02057	[mu,kappa]: [(35.19162,3.40230),2.39745]
	 632.45310	   0.01877	[mu,kappa]: [(57.57340,348.33766),1.52197]
	 760.86385	   0.02258	[mu,kappa]: [(30.79101,8.48844),2.86048]
			msglen: 774110.92133 bits.
Iteration #: 11
	1178.84297	   0.03498	[mu,kappa]: [(18.67489,5.05479),6.03578]
	 723.76906	   0.02148	[mu,kappa]: [(153.90447,355.49720),3.46118]
	 596.53476	   0.01771	[mu,kappa]: [(68.17738,4.19459),1.34938]
	1368.52368	   0.04061	[mu,kappa]: [(165.95035,347.54424),9.51974]
	 520.24360	   0.01545	[mu,kappa]: [(100.60540,27.24805),1.45426]
	 560.63509	   0.01664	[mu,kappa]: [(95.58972,356.33751),1.23875]
	2032.19829	   0.06029	[mu,kappa]: [(168.48236,348.77569),13.13722]
	1629.29913	   0.04834	[mu,kappa]: [(15.64099,359.95585),8.01571]
	 614.94877	   0.01825	[mu,kappa]: [(106.88964,359.78320),1.29303]
	 828.34485	   0.02458	[mu,kappa]: [(157.24541,349.38176),4.30126]
	 603.97558	   0.01793	[mu,kappa]: [(55.86142,354.12389),1.54400]
	 867.49461	   0.02575	[mu,kappa]: [(158.25072,350.43767),4.59316]
	 559.04475	   0.01660	[mu,kappa]: [(110.54379,1.20361),1.32368]
	 577.89652	   0.01716	[mu,kappa]: [(97.86292,345.07975),1.28736]
	 555.26045	   0.01648	[mu,kappa]: [(96.65261,346.91129),1.27208]
	 936.31728	   0.02779	[mu,kappa]: [(24.88858,3.28244),3.84683]
	1203.11284	   0.03570	[mu,kappa]: [(164.43023,348.40672),7.99657]
	 640.95725	   0.01903	[mu,kappa]: [(142.53177,347.12956),2.26244]
	 618.85914	   0.01837	[mu,kappa]: [(137.72997,350.39965),1.96946]
	2019.88961	   0.05993	[mu,kappa]: [(13.08306,10.63813),10.88924]
	 654.41820	   0.01943	[mu,kappa]: [(40.11949,355.64073),2.09669]
	 608.18555	   0.01805	[mu,kappa]: [(57.52151,348.84900),1.53333]
	1832.37874	   0.05437	[mu,kappa]: [(13.81007,2.39078),9.79602]
	 575.79939	   0.01709	[mu,kappa]: [(94.06915,8.88063),1.25613]
	 575.57796	   0.01709	[mu,kappa]: [(71.32186,351.50337),1.32604]
	 542.41416	   0.01610	[mu,kappa]: [(87.82856,4.38532),1.23818]
	 930.23835	   0.02761	[mu,kappa]: [(25.54899,15.92750),3.92346]
	 991.51721	   0.02942	[mu,kappa]: [(161.81738,350.27543),6.13373]
	 580.72719	   0.01724	[mu,kappa]: [(104.84085,6.21959),1.28959]
	 790.73058	   0.02347	[mu,kappa]: [(27.26818,3.58595),3.37260]
	 558.75724	   0.01659	[mu,kappa]: [(120.05915,359.31788),1.44457]
	 688.04512	   0.02042	[mu,kappa]: [(48.89444,18.59522),1.84643]
	 615.25843	   0.01826	[mu,kappa]: [(136.23828,347.65031),1.92287]
	 793.95536	   0.02356	[mu,kappa]: [(156.03271,356.73209),3.91053]
	 577.68111	   0.01715	[mu,kappa]: [(119.25749,358.88837),1.43212]
	 569.10096	   0.01690	[mu,kappa]: [(121.66431,350.96737),1.48872]
	1074.30924	   0.03188	[mu,kappa]: [(162.44941,353.09214),6.45175]
	 694.73078	   0.02062	[mu,kappa]: [(36.47674,4.06663),2.33097]
	 645.38499	   0.01916	[mu,kappa]: [(59.02320,342.44941),1.55588]
	 758.64117	   0.02252	[mu,kappa]: [(32.12268,11.14838),2.78169]
			msglen: 773792.92625 bits.
Iteration #: 12
	1149.81274	   0.03412	[mu,kappa]: [(18.81057,4.80505),6.06431]
	 702.87682	   0.02086	[mu,kappa]: [(152.92185,356.20743),3.38773]
	 606.07641	   0.01799	[mu,kappa]: [(68.98850,6.58698),1.35467]
	1368.49266	   0.04061	[mu,kappa]: [(166.68853,347.37376),10.57053]
	 547.45317	   0.01625	[mu,kappa]: [(98.64497,38.23823),1.70554]
	 568.56520	   0.01688	[mu,kappa]: [(94.41313,355.24934),1.24586]
	2135.09779	   0.06334	[mu,kappa]: [(169.68722,348.99670),15.64942]
	1600.94369	   0.04750	[mu,kappa]: [(15.38890,358.23308),8.33781]
	 622.16287	   0.01847	[mu,kappa]: [(105.17624,0.78237),1.29099]
	 800.66838	   0.02376	[mu,kappa]: [(156.51359,348.05396),4.27444]
	 612.82003	   0.01819	[mu,kappa]: [(57.09504,350.88313),1.53860]
	 837.70446	   0.02486	[mu,kappa]: [(157.67596,349.65085),4.59011]
	 565.25635	   0.01678	[mu,kappa]: [(108.66453,3.03465),1.31967]
	 589.86022	   0.01751	[mu,kappa]: [(96.10908,338.61721),1.34425]
	 565.86630	   0.01680	[mu,kappa]: [(95.08296,341.21004),1.31664]
	 920.27891	   0.02731	[mu,kappa]: [(25.56552,2.91660),3.75372]
	1182.82331	   0.03510	[mu,kappa]: [(164.85937,348.16167),8.59570]
	 635.33960	   0.01886	[mu,kappa]: [(140.22131,343.18624),2.20676]
	 616.21039	   0.01829	[mu,kappa]: [(135.43942,347.63201),1.91796]
	2028.71235	   0.06019	[mu,kappa]: [(12.39197,11.58416),11.93652]
	 658.52018	   0.01955	[mu,kappa]: [(41.48638,352.59294),2.05143]
	 619.55217	   0.01839	[mu,kappa]: [(59.05775,343.12019),1.55546]
	1822.62230	   0.05408	[mu,kappa]: [(13.24454,1.48483),10.52585]
	 586.45808	   0.01741	[mu,kappa]: [(93.21921,14.17538),1.29316]
	 585.89784	   0.01739	[mu,kappa]: [(71.83545,347.37501),1.34777]
	 551.21480	   0.01636	[mu,kappa]: [(87.36226,7.34717),1.25487]
	 918.72524	   0.02727	[mu,kappa]: [(26.90082,20.54159),3.85596]
	 960.65382	   0.02851	[mu,kappa]: [(161.76984,350.03865),6.33225]
	 589.31574	   0.01749	[mu,kappa]: [(103.20497,10.47059),1.30730]
	 780.76129	   0.02317	[mu,kappa]: [(28.10106,3.57588),3.27751]
	 562.82380	   0.01671	[mu,kappa]: [(117.89848,0.40816),1.42457]
	 703.84016	   0.02089	[mu,kappa]: [(52.12655,26.53466),1.89058]
	 614.38354	   0.01824	[mu,kappa]: [(133.62154,343.53609),1.88453]
	 768.62192	   0.02281	[mu,kappa]: [(155.25215,358.10357),3.85904]
	 582.03537	   0.01728	[mu,kappa]: [(117.11453,359.73187),1.41314]
	 573.50843	   0.01703	[mu,kappa]: [(119.13652,347.81474),1.47534]
	1042.88533	   0.03095	[mu,kappa]: [(162.51829,353.74927),6.71130]
	 695.68555	   0.02065	[mu,kappa]: [(37.73295,5.04804),2.26512]
	 662.66825	   0.01967	[mu,kappa]: [(61.19076,334.17520),1.63128]
	 756.80453	   0.02246	[mu,kappa]: [(33.65132,15.00493),2.71237]
			msglen: 773433.20756 bits.
Iteration #: 13
	1120.85945	   0.03326	[mu,kappa]: [(19.02103,4.39511),6.08039]
	 685.74466	   0.02035	[mu,kappa]: [(151.95471,357.28869),3.31956]
	 611.37553	   0.01815	[mu,kappa]: [(69.99497,10.04386),1.36674]
	1356.44360	   0.04025	[mu,kappa]: [(167.24169,347.35631),11.49684]
	 599.10657	   0.01779	[mu,kappa]: [(97.19515,49.26622),2.21069]
	 572.73833	   0.01700	[mu,kappa]: [(93.73044,353.58494),1.25541]
	2235.74305	   0.06633	[mu,kappa]: [(170.77162,349.35594),18.49746]
	1571.56372	   0.04663	[mu,kappa]: [(15.25161,356.03395),8.62797]
	 625.85512	   0.01858	[mu,kappa]: [(104.11683,2.23242),1.29424]
	 776.95632	   0.02306	[mu,kappa]: [(155.61146,346.23745),4.22689]
	 618.12081	   0.01835	[mu,kappa]: [(58.38956,346.13453),1.55051]
	 811.33621	   0.02408	[mu,kappa]: [(156.93334,348.61557),4.55246]
	 568.74382	   0.01688	[mu,kappa]: [(107.44409,5.71345),1.32541]
	 603.55393	   0.01792	[mu,kappa]: [(94.66250,329.99241),1.46451]
	 576.67738	   0.01712	[mu,kappa]: [(93.85528,333.39282),1.40953]
	 903.62049	   0.02682	[mu,kappa]: [(26.18735,2.31987),3.68400]
	1154.62783	   0.03426	[mu,kappa]: [(165.05798,348.03089),9.03383]
	 633.09771	   0.01879	[mu,kappa]: [(137.71520,337.59879),2.19163]
	 614.66189	   0.01825	[mu,kappa]: [(133.29106,343.58515),1.89516]
	2039.91982	   0.06052	[mu,kappa]: [(11.75000,12.74289),13.08995]
	 659.84310	   0.01959	[mu,kappa]: [(42.85774,348.12380),2.03126]
	 630.31697	   0.01871	[mu,kappa]: [(61.03877,335.23749),1.62457]
	1811.93444	   0.05376	[mu,kappa]: [(12.74471,0.40041),11.27577]
	 596.32811	   0.01770	[mu,kappa]: [(92.94021,21.49852),1.36851]
	 593.53640	   0.01762	[mu,kappa]: [(72.60112,341.44287),1.39219]
	 556.83464	   0.01653	[mu,kappa]: [(87.38919,11.62341),1.28205]
	 911.11522	   0.02704	[mu,kappa]: [(28.71667,26.49626),3.84007]
	 928.92727	   0.02757	[mu,kappa]: [(161.48162,349.85054),6.42274]
	 596.37849	   0.01770	[mu,kappa]: [(102.13300,16.51391),1.35226]
	 769.45805	   0.02284	[mu,kappa]: [(28.84092,3.48658),3.20700]
	 564.73047	   0.01677	[mu,kappa]: [(116.38876,2.00195),1.41595]
	 726.26988	   0.02156	[mu,kappa]: [(56.54975,36.21229),2.03599]
	 615.63430	   0.01828	[mu,kappa]: [(130.91114,337.69217),1.88710]
	 747.51390	   0.02219	[mu,kappa]: [(154.39540,0.14239),3.80135]
	 584.03075	   0.01734	[mu,kappa]: [(115.62976,0.95782),1.40454]
	 576.96049	   0.01713	[mu,kappa]: [(116.96270,343.20699),1.48654]
	1009.49306	   0.02996	[mu,kappa]: [(162.34488,354.77375),6.85046]
	 693.19664	   0.02058	[mu,kappa]: [(38.85768,6.41828),2.21754]
	 686.15537	   0.02037	[mu,kappa]: [(64.20613,323.90760),1.81070]
	 754.59622	   0.02240	[mu,kappa]: [(35.46494,20.27984),2.68199]
			msglen: 772942.98919 bits.
Iteration #: 14
	1093.78362	   0.03246	[mu,kappa]: [(19.28972,3.75313),6.10837]
	 670.07414	   0.01989	[mu,kappa]: [(151.16926,358.90463),3.29085]
	 608.14284	   0.01805	[mu,kappa]: [(71.14148,14.70648),1.39905]
	1335.27983	   0.03962	[mu,kappa]: [(167.60185,347.47713),12.24793]
	 701.89983	   0.02083	[mu,kappa]: [(96.34890,58.11238),3.14565]
	 568.31292	   0.01687	[mu,kappa]: [(93.37344,351.12704),1.27372]
	2335.00418	   0.06927	[mu,kappa]: [(171.72978,349.76376),21.67162]
	1544.65097	   0.04583	[mu,kappa]: [(15.25368,353.28886),8.88503]
	 620.51275	   0.01842	[mu,kappa]: [(103.61910,4.22842),1.30763]
	 757.10898	   0.02247	[mu,kappa]: [(154.65822,343.83408),4.20680]
	 616.82756	   0.01831	[mu,kappa]: [(59.78544,339.59893),1.60300]
	 788.90454	   0.02341	[mu,kappa]: [(156.15179,347.28868),4.53006]
	 564.71879	   0.01677	[mu,kappa]: [(106.79157,9.42664),1.34883]
	 620.04473	   0.01841	[mu,kappa]: [(93.35847,319.99031),1.70616]
	 587.17617	   0.01743	[mu,kappa]: [(92.77849,323.91041),1.59807]
	 884.85377	   0.02626	[mu,kappa]: [(26.69101,1.33628),3.66224]
	1122.99015	   0.03332	[mu,kappa]: [(165.03048,348.01238),9.30813]
	 631.57627	   0.01875	[mu,kappa]: [(134.86121,330.35019),2.24984]
	 610.04413	   0.01811	[mu,kappa]: [(131.22397,338.05338),1.91937]
	2056.77496	   0.06102	[mu,kappa]: [(11.15935,14.18781),14.34710]
	 655.90439	   0.01947	[mu,kappa]: [(44.32793,341.92132),2.06063]
	 640.70168	   0.01902	[mu,kappa]: [(63.58719,325.60339),1.79158]
	1802.90214	   0.05349	[mu,kappa]: [(12.31616,359.13472),12.02744]
	 603.70221	   0.01792	[mu,kappa]: [(93.07915,30.53034),1.52160]
	 596.02279	   0.01769	[mu,kappa]: [(73.59006,333.60370),1.48986]
	 555.38017	   0.01649	[mu,kappa]: [(87.79825,17.37083),1.33592]
	 909.43139	   0.02699	[mu,kappa]: [(31.14684,33.48697),3.92621]
	 899.93500	   0.02671	[mu,kappa]: [(161.01708,349.72391),6.45120]
	 598.75341	   0.01777	[mu,kappa]: [(101.44671,24.35471),1.45173]
	 754.66641	   0.02240	[mu,kappa]: [(29.40786,3.19011),3.18206]
	 559.46439	   0.01661	[mu,kappa]: [(115.52248,4.22746),1.42391]
	 762.20934	   0.02262	[mu,kappa]: [(61.91981,46.12072),2.36845]
	 616.15335	   0.01829	[mu,kappa]: [(127.91661,330.12006),1.96085]
	 729.67118	   0.02166	[mu,kappa]: [(153.58787,3.09080),3.78155]
	 578.43270	   0.01717	[mu,kappa]: [(114.79526,2.65972),1.41084]
	 575.51761	   0.01709	[mu,kappa]: [(114.96151,336.93866),1.53999]
	 978.44019	   0.02904	[mu,kappa]: [(161.97288,356.26286),6.91003]
	 683.59602	   0.02029	[mu,kappa]: [(39.75682,8.16791),2.20204]
	 723.72556	   0.02148	[mu,kappa]: [(67.82568,313.23488),2.18770]
	 750.70893	   0.02228	[mu,kappa]: [(37.70328,26.87200),2.72259]
			msglen: 772187.91722 bits.
Iteration #: 15
	1069.48991	   0.03174	[mu,kappa]: [(19.59893,2.87869),6.18477]
	 652.37145	   0.01936	[mu,kappa]: [(150.69228,1.15148),3.34051]
	 590.38959	   0.01753	[mu,kappa]: [(72.35671,20.25861),1.46819]
	1309.22699	   0.03885	[mu,kappa]: [(167.75984,347.76933),12.77488]
	 896.15875	   0.02660	[mu,kappa]: [(96.20335,63.75992),4.64091]
	 549.19658	   0.01630	[mu,kappa]: [(93.23913,347.65170),1.31111]
	2431.26159	   0.07213	[mu,kappa]: [(172.55732,350.15324),25.08302]
	1523.50479	   0.04520	[mu,kappa]: [(15.42462,350.05170),9.11848]
	 599.09530	   0.01778	[mu,kappa]: [(103.66272,6.63405),1.33894]
	 739.57819	   0.02195	[mu,kappa]: [(153.75930,340.84496),4.26530]
	 605.26406	   0.01797	[mu,kappa]: [(61.33779,331.57012),1.73087]
	 769.35406	   0.02283	[mu,kappa]: [(155.45643,345.68881),4.57565]
	 547.08471	   0.01624	[mu,kappa]: [(106.67599,14.00479),1.40251]
	 642.85106	   0.01908	[mu,kappa]: [(92.23561,310.42288),2.14390]
	 598.25251	   0.01776	[mu,kappa]: [(91.83152,314.28141),1.94546]
	 861.02851	   0.02555	[mu,kappa]: [(27.01162,359.84508),3.72337]
	1093.16680	   0.03244	[mu,kappa]: [(164.79149,348.15888),9.43933]
	 628.49295	   0.01866	[mu,kappa]: [(131.60880,322.10960),2.43061]
	 597.79851	   0.01775	[mu,kappa]: [(129.16111,331.20851),2.01975]
	2082.44876	   0.06178	[mu,kappa]: [(10.62720,16.04503),15.69910]
	 643.57094	   0.01910	[mu,kappa]: [(46.01647,334.20453),2.17735]
	 652.31055	   0.01936	[mu,kappa]: [(66.47180,315.76675),2.12612]
	1797.75250	   0.05334	[mu,kappa]: [(11.96653,357.75247),12.75932]
	 606.46615	   0.01800	[mu,kappa]: [(93.51768,39.80448),1.80049]
	 590.82712	   0.01754	[mu,kappa]: [(74.75921,324.58731),1.68463]
	 541.62102	   0.01608	[mu,kappa]: [(88.51211,24.13693),1.43766]
	 915.37033	   0.02717	[mu,kappa]: [(34.11499,40.64687),4.19008]
	 876.36160	   0.02601	[mu,kappa]: [(160.46094,349.72879),6.47767]
	 592.48204	   0.01759	[mu,kappa]: [(101.06819,33.02411),1.64235]
	 732.77443	   0.02175	[mu,kappa]: [(29.70719,2.54251),3.23300]
	 540.77297	   0.01605	[mu,kappa]: [(115.33844,6.97637),1.45792]
	 820.57008	   0.02435	[mu,kappa]: [(67.03733,54.30057),2.98406]
	 613.52857	   0.01821	[mu,kappa]: [(124.59704,321.57066),2.15271]
	 712.99093	   0.02116	[mu,kappa]: [(152.90273,7.08048),3.85087]
	 558.71024	   0.01659	[mu,kappa]: [(114.65364,4.72279),1.44042]
	 564.91654	   0.01677	[mu,kappa]: [(113.00245,329.30368),1.66530]
	 953.56198	   0.02830	[mu,kappa]: [(161.45659,358.35971),6.94986]
	 661.42267	   0.01963	[mu,kappa]: [(40.28258,10.12101),2.23808]
	 789.40445	   0.02343	[mu,kappa]: [(71.17917,304.30371),2.87860]
	 742.56983	   0.02204	[mu,kappa]: [(40.32110,34.04511),2.88119]
			msglen: 771069.54745 bits.
Iteration #: 16
	1049.67032	   0.03115	[mu,kappa]: [(19.94295,1.97185),6.34681]
	 630.78833	   0.01872	[mu,kappa]: [(150.59700,4.00933),3.51659]
	 553.15789	   0.01642	[mu,kappa]: [(73.42768,25.81682),1.58817]
	1284.38842	   0.03811	[mu,kappa]: [(167.71467,348.32508),13.03865]
	1192.03249	   0.03537	[mu,kappa]: [(96.76508,66.63456),6.32542]
	 511.01283	   0.01517	[mu,kappa]: [(93.30614,343.30896),1.37992]
	2520.69278	   0.07478	[mu,kappa]: [(173.25654,350.47823),28.55547]
	1512.12825	   0.04487	[mu,kappa]: [(15.78776,346.57081),9.34112]
	 556.27805	   0.01651	[mu,kappa]: [(104.30558,9.07413),1.39711]
	 723.68920	   0.02148	[mu,kappa]: [(153.01506,337.50054),4.45252]
	 581.18865	   0.01725	[mu,kappa]: [(62.86648,323.40864),1.96991]
	 752.26964	   0.02233	[mu,kappa]: [(154.95470,343.98035),4.73833]
	 511.11817	   0.01518	[mu,kappa]: [(107.15545,18.79096),1.49969]
	 675.87869	   0.02006	[mu,kappa]: [(91.48936,303.07600),2.82759]
	 611.50102	   0.01815	[mu,kappa]: [(91.17027,306.41483),2.49681]
	 830.86509	   0.02466	[mu,kappa]: [(27.11090,358.02007),3.91182]
	1071.31164	   0.03179	[mu,kappa]: [(164.37575,348.59575),9.46245]
	 623.51916	   0.01851	[mu,kappa]: [(128.45156,314.29048),2.79261]
	 575.25092	   0.01708	[mu,kappa]: [(127.29193,323.98012),2.23260]
	2120.73087	   0.06292	[mu,kappa]: [(10.16521,18.47133),17.11409]
	 621.24851	   0.01844	[mu,kappa]: [(47.78200,326.25249),2.42656]
	 667.44766	   0.01981	[mu,kappa]: [(68.93964,307.74899),2.68393]
	1799.15879	   0.05338	[mu,kappa]: [(11.70332,356.38002),13.43698]
	 601.68542	   0.01786	[mu,kappa]: [(94.18609,47.35471),2.23052]
	 576.60121	   0.01712	[mu,kappa]: [(75.88359,316.13596),2.01411]
	 511.08528	   0.01517	[mu,kappa]: [(89.41772,30.74009),1.60306]
	 932.29427	   0.02767	[mu,kappa]: [(37.08245,46.87552),4.72995]
	 860.83523	   0.02555	[mu,kappa]: [(159.90545,350.02091),6.55759]
	 573.82831	   0.01704	[mu,kappa]: [(101.09965,40.74145),1.94952]
	 701.82909	   0.02083	[mu,kappa]: [(29.66667,1.61596),3.40107]
	 504.00200	   0.01496	[mu,kappa]: [(115.95545,9.86444),1.53043]
	 903.02757	   0.02680	[mu,kappa]: [(70.46741,59.65134),3.90457]
	 607.12518	   0.01802	[mu,kappa]: [(121.50553,313.57581),2.51428]
	 697.08599	   0.02069	[mu,kappa]: [(152.35507,11.98064),4.07197]
	 520.02492	   0.01544	[mu,kappa]: [(115.32633,6.82673),1.50465]
	 542.51851	   0.01611	[mu,kappa]: [(111.28594,321.49069),1.89404]
	 939.07170	   0.02787	[mu,kappa]: [(160.84546,1.24513),7.03206]
	 622.86616	   0.01849	[mu,kappa]: [(40.24055,12.02397),2.35346]
	 896.23908	   0.02660	[mu,kappa]: [(73.38791,298.31427),3.94413]
	 728.55267	   0.02162	[mu,kappa]: [(42.81059,40.57555),3.21791]
			msglen: 769735.81353 bits.
Iteration #: 17
	1037.39566	   0.03079	[mu,kappa]: [(20.34567,1.26290),6.59279]
	 609.63842	   0.01810	[mu,kappa]: [(150.80871,7.49504),3.85063]
	 500.83408	   0.01487	[mu,kappa]: [(74.12958,30.62585),1.76245]
	1265.97911	   0.03757	[mu,kappa]: [(167.48127,349.11924),13.02320]
	1503.46486	   0.04461	[mu,kappa]: [(97.96020,67.79995),7.53518]
	 457.75093	   0.01359	[mu,kappa]: [(93.63556,339.05387),1.48169]
	2594.84711	   0.07698	[mu,kappa]: [(173.83805,350.57491),31.88792]
	1513.79590	   0.04492	[mu,kappa]: [(16.36070,343.02701),9.55099]
	 496.94272	   0.01475	[mu,kappa]: [(105.58111,11.46087),1.48761]
	 712.43344	   0.02115	[mu,kappa]: [(152.48538,334.14762),4.78612]
	 547.40568	   0.01625	[mu,kappa]: [(63.87217,316.86267),2.32300]
	 740.35371	   0.02197	[mu,kappa]: [(154.68817,342.39380),5.02846]
	 461.16656	   0.01369	[mu,kappa]: [(108.26109,23.23287),1.64791]
	 716.45108	   0.02127	[mu,kappa]: [(91.29501,298.45073),3.69838]
	 626.04454	   0.01858	[mu,kappa]: [(90.97546,301.18606),3.21621]
	 799.35935	   0.02372	[mu,kappa]: [(27.04529,356.38121),4.24982]
	1062.11170	   0.03152	[mu,kappa]: [(163.83541,349.34211),9.40194]
	 620.54746	   0.01842	[mu,kappa]: [(126.31100,308.08863),3.37609]
	 545.82601	   0.01620	[mu,kappa]: [(126.16070,317.68136),2.57816]
	2170.75095	   0.06440	[mu,kappa]: [(9.77652,21.45093),18.52960]
	 592.52446	   0.01759	[mu,kappa]: [(49.05911,319.79303),2.83124]
	 685.67976	   0.02035	[mu,kappa]: [(70.29607,302.50627),3.44153]
	1807.20529	   0.05362	[mu,kappa]: [(11.53411,354.94947),14.00538]
	 590.17735	   0.01752	[mu,kappa]: [(95.09413,52.29475),2.78229]
	 554.88975	   0.01647	[mu,kappa]: [(76.63023,309.83314),2.46642]
	 467.43392	   0.01388	[mu,kappa]: [(90.40272,36.17528),1.83143]
	 969.73971	   0.02878	[mu,kappa]: [(39.40074,51.62382),5.61126]
	 855.98607	   0.02540	[mu,kappa]: [(159.41403,350.70123),6.70184]
	 545.72564	   0.01620	[mu,kappa]: [(101.69828,46.34752),2.36663]
	 666.75184	   0.01979	[mu,kappa]: [(29.34988,0.85432),3.71286]
	 453.51460	   0.01347	[mu,kappa]: [(117.41153,12.74009),1.65112]
	 995.10774	   0.02953	[mu,kappa]: [(71.68522,62.45420),4.95521]
	 599.97017	   0.01781	[mu,kappa]: [(119.59015,307.39271),3.06858]
	 687.39831	   0.02040	[mu,kappa]: [(151.85373,17.51068),4.48885]
	 466.87565	   0.01386	[mu,kappa]: [(116.85902,8.95065),1.61219]
	 511.01751	   0.01517	[mu,kappa]: [(110.35979,315.00853),2.22950]
	 939.16076	   0.02787	[mu,kappa]: [(160.15631,5.00273),7.18032]
	 573.30428	   0.01702	[mu,kappa]: [(39.61485,13.91573),2.57257]
	1033.80767	   0.03068	[mu,kappa]: [(74.19155,295.00384),5.20256]
	 714.63025	   0.02121	[mu,kappa]: [(44.53864,45.64199),3.78082]
			msglen: 768501.79952 bits.
Iteration #: 18
	1033.59169	   0.03067	[mu,kappa]: [(20.84805,0.53351),6.86827]
	 595.70609	   0.01768	[mu,kappa]: [(151.08093,11.47001),4.32128]
	 445.61084	   0.01323	[mu,kappa]: [(74.39713,34.46116),1.98273]
	1253.89029	   0.03721	[mu,kappa]: [(167.10028,349.84181),12.77789]
	1733.76508	   0.05144	[mu,kappa]: [(99.67795,68.08346),8.16309]
	 400.01550	   0.01188	[mu,kappa]: [(94.20943,335.69906),1.60347]
	2642.06145	   0.07838	[mu,kappa]: [(174.31914,350.14708),34.99040]
	1528.42329	   0.04535	[mu,kappa]: [(17.17499,339.23795),9.73725]
	 434.04097	   0.01289	[mu,kappa]: [(107.30987,13.91008),1.60868]
	 709.73211	   0.02107	[mu,kappa]: [(152.07177,330.69089),5.23531]
	 510.76438	   0.01516	[mu,kappa]: [(63.98843,312.47944),2.76210]
	 736.10183	   0.02185	[mu,kappa]: [(154.56885,340.75643),5.39966]
	 408.82409	   0.01214	[mu,kappa]: [(109.80568,27.15343),1.84541]
	 752.17016	   0.02233	[mu,kappa]: [(91.68770,295.90427),4.56712]
	 636.61419	   0.01890	[mu,kappa]: [(91.29444,298.16187),3.97520]
	 774.65890	   0.02299	[mu,kappa]: [(26.97916,355.02128),4.70478]
	1064.19404	   0.03158	[mu,kappa]: [(163.23342,350.08608),9.28063]
	 627.40518	   0.01862	[mu,kappa]: [(125.59022,303.53413),4.21200]
	 517.75534	   0.01537	[mu,kappa]: [(126.04189,312.74518),3.06177]
	2221.23896	   0.06590	[mu,kappa]: [(9.44008,24.72662),19.90913]
	 565.48906	   0.01679	[mu,kappa]: [(49.42594,315.38750),3.39279]
	 702.19100	   0.02084	[mu,kappa]: [(70.38586,299.60928),4.28240]
	1815.55905	   0.05387	[mu,kappa]: [(11.46619,353.04387),14.42126]
	 576.76184	   0.01712	[mu,kappa]: [(96.25640,55.06687),3.38345]
	 529.05705	   0.01571	[mu,kappa]: [(76.82365,305.85159),2.98314]
	 421.24052	   0.01251	[mu,kappa]: [(91.37952,40.22658),2.10768]
	1038.16242	   0.03081	[mu,kappa]: [(40.91298,55.11034),6.77489]
	 860.74281	   0.02555	[mu,kappa]: [(158.99960,351.51192),6.87349]
	 517.10091	   0.01535	[mu,kappa]: [(102.84846,49.93916),2.86314]
	 636.52635	   0.01890	[mu,kappa]: [(28.97209,0.37006),4.14842]
	 400.66544	   0.01190	[mu,kappa]: [(119.43678,15.65183),1.82044]
	1075.73608	   0.03192	[mu,kappa]: [(71.19549,63.72885),5.90732]
	 598.17105	   0.01776	[mu,kappa]: [(119.24082,303.03565),3.81895]
	 691.01496	   0.02051	[mu,kappa]: [(151.22030,23.27003),5.08687]
	 410.99264	   0.01221	[mu,kappa]: [(118.99317,11.24218),1.76275]
	 477.22516	   0.01417	[mu,kappa]: [(110.51184,310.30270),2.64951]
	 953.33799	   0.02829	[mu,kappa]: [(159.38581,9.37895),7.37444]
	 524.92042	   0.01558	[mu,kappa]: [(38.67072,15.82332),2.89849]
	1160.50313	   0.03444	[mu,kappa]: [(73.81828,293.42177),6.29124]
	 712.03777	   0.02113	[mu,kappa]: [(45.39772,49.24878),4.56774]
			msglen: 767494.40216 bits.
Iteration #: 19
	1033.96288	   0.03068	[mu,kappa]: [(21.47678,359.41497),7.11548]
	 589.87619	   0.01751	[mu,kappa]: [(151.18626,15.62151),4.86903]
	 395.86273	   0.01176	[mu,kappa]: [(74.27015,37.36499),2.23690]
	1243.20871	   0.03689	[mu,kappa]: [(166.63948,350.20457),12.42331]
	1874.56900	   0.05562	[mu,kappa]: [(101.71058,67.95481),8.46937]
	 346.14957	   0.01028	[mu,kappa]: [(94.82649,333.18988),1.73558]
	2657.47380	   0.07884	[mu,kappa]: [(174.71865,349.07638),37.92107]
	1551.68491	   0.04604	[mu,kappa]: [(18.24578,335.09224),9.90806]
	 376.60380	   0.01119	[mu,kappa]: [(109.12044,16.29293),1.75339]
	 715.32608	   0.02123	[mu,kappa]: [(151.57298,326.82012),5.75788]
	 478.06974	   0.01419	[mu,kappa]: [(63.27048,309.76782),3.27040]
	 736.86558	   0.02187	[mu,kappa]: [(154.44978,338.68157),5.79363]
	 361.86464	   0.01075	[mu,kappa]: [(111.44287,30.48034),2.08419]
	 772.23369	   0.02292	[mu,kappa]: [(92.55512,294.60048),5.27362]
	 638.75932	   0.01896	[mu,kappa]: [(92.02632,296.54131),4.64577]
	 759.62422	   0.02255	[mu,kappa]: [(27.08886,353.54389),5.20424]
	1069.87441	   0.03175	[mu,kappa]: [(162.63958,350.49976),9.14383]
	 653.25084	   0.01939	[mu,kappa]: [(125.91841,300.08085),5.33897]
	 498.42798	   0.01480	[mu,kappa]: [(126.60328,308.81007),3.70199]
	2258.44737	   0.06700	[mu,kappa]: [(9.12903,28.15132),21.32176]
	 548.39111	   0.01628	[mu,kappa]: [(49.04012,312.52865),4.12050]
	 713.63684	   0.02118	[mu,kappa]: [(69.44620,298.21470),5.08578]
	1814.43384	   0.05383	[mu,kappa]: [(11.49840,350.38125),14.70733]
	 563.74077	   0.01674	[mu,kappa]: [(97.58534,56.48172),3.97214]
	 502.82016	   0.01493	[mu,kappa]: [(76.47900,303.55173),3.51076]
	 379.53118	   0.01127	[mu,kappa]: [(92.24915,43.11630),2.41463]
	1135.50828	   0.03370	[mu,kappa]: [(41.83779,57.81139),8.03221]
	 868.34134	   0.02577	[mu,kappa]: [(158.65641,352.10410),7.04079]
	 493.31934	   0.01465	[mu,kappa]: [(104.34200,52.13086),3.41011]
	 615.30280	   0.01827	[mu,kappa]: [(28.76077,359.76326),4.64493]
	 353.09351	   0.01049	[mu,kappa]: [(121.56051,18.45857),2.03064]
	1137.49161	   0.03375	[mu,kappa]: [(69.84392,64.33880),6.71447]
	 608.84461	   0.01807	[mu,kappa]: [(120.07147,299.90421),4.78188]
	 708.63610	   0.02103	[mu,kappa]: [(150.35094,28.86005),5.81848]
	 360.37077	   0.01070	[mu,kappa]: [(121.25164,13.56436),1.94839]
	 447.41810	   0.01329	[mu,kappa]: [(111.49649,306.93435),3.14443]
	 974.53049	   0.02892	[mu,kappa]: [(158.54516,14.01998),7.60226]
	 485.49673	   0.01442	[mu,kappa]: [(37.74478,17.46055),3.30988]
	1245.47440	   0.03696	[mu,kappa]: [(72.62934,292.76656),7.06294]
	 725.48256	   0.02153	[mu,kappa]: [(45.73280,51.79590),5.50316]
			msglen: 766654.49927 bits.
Iteration #: 20
	1032.55710	   0.03064	[mu,kappa]: [(22.23862,357.98623),7.31843]
	 588.34412	   0.01747	[mu,kappa]: [(151.03077,19.75757),5.45068]
	 354.19058	   0.01052	[mu,kappa]: [(73.85497,39.50165),2.52035]
	1229.33131	   0.03648	[mu,kappa]: [(166.16632,350.22453),12.09327]
	1958.27337	   0.05810	[mu,kappa]: [(103.76174,67.66886),8.66480]
	 299.29412	   0.00889	[mu,kappa]: [(95.25294,331.29263),1.87678]
	2649.08939	   0.07859	[mu,kappa]: [(175.05201,347.52798),40.77533]
	1577.23427	   0.04680	[mu,kappa]: [(19.50458,330.94614),10.09041]
	 327.30238	   0.00972	[mu,kappa]: [(110.65388,18.49264),1.91657]
	 725.35221	   0.02153	[mu,kappa]: [(150.89343,322.69446),6.33691]
	 452.80068	   0.01345	[mu,kappa]: [(62.03079,308.16563),3.84535]
	 737.00841	   0.02188	[mu,kappa]: [(154.24223,336.18933),6.18755]
	 322.34561	   0.00958	[mu,kappa]: [(112.85545,33.24743),2.35859]
	 775.37623	   0.02301	[mu,kappa]: [(93.67402,293.97567),5.81221]
	 631.81134	   0.01876	[mu,kappa]: [(92.97172,295.73649),5.19387]
	 751.02762	   0.02229	[mu,kappa]: [(27.45550,351.89281),5.68408]
	1071.02662	   0.03178	[mu,kappa]: [(162.10365,350.59346),9.04995]
	 702.50362	   0.02085	[mu,kappa]: [(126.71991,297.35575),6.71664]
	 490.67440	   0.01457	[mu,kappa]: [(127.36867,305.61432),4.51496]
	2280.34867	   0.06765	[mu,kappa]: [(8.84037,31.81718),22.91595]
	 545.07651	   0.01618	[mu,kappa]: [(48.33144,310.64205),5.00370]
	 720.54266	   0.02139	[mu,kappa]: [(67.89892,297.66039),5.81013]
	1798.41711	   0.05336	[mu,kappa]: [(11.61406,347.19439),14.94538]
	 551.44612	   0.01637	[mu,kappa]: [(98.89583,57.12427),4.52336]
	 478.31327	   0.01420	[mu,kappa]: [(75.72016,302.34305),4.02339]
	 344.28702	   0.01023	[mu,kappa]: [(92.91411,45.14582),2.74435]
	1246.86800	   0.03700	[mu,kappa]: [(42.37437,60.02592),9.17292]
	 871.08358	   0.02585	[mu,kappa]: [(158.37144,352.45976),7.20873]
	 475.30478	   0.01411	[mu,kappa]: [(105.89579,53.44048),3.98851]
	 601.07481	   0.01784	[mu,kappa]: [(28.83928,358.90721),5.13604]
	 312.71882	   0.00929	[mu,kappa]: [(123.37384,21.05489),2.27383]
	1185.42366	   0.03518	[mu,kappa]: [(68.32378,64.70831),7.40539]
	 635.43237	   0.01886	[mu,kappa]: [(121.42831,297.55491),5.93893]
	 736.79158	   0.02187	[mu,kappa]: [(149.29114,34.01461),6.65952]
	 317.10181	   0.00942	[mu,kappa]: [(123.20594,15.78504),2.16108]
	 424.18110	   0.01260	[mu,kappa]: [(112.86377,304.49581),3.71676]
	 995.20212	   0.02953	[mu,kappa]: [(157.64558,18.72383),7.88725]
	 456.02918	   0.01354	[mu,kappa]: [(37.10188,18.67800),3.77208]
	1291.69945	   0.03833	[mu,kappa]: [(70.99368,292.56759),7.60992]
	 751.11396	   0.02229	[mu,kappa]: [(45.88845,53.60290),6.44792]
			msglen: 765935.56833 bits.
Iteration #: 21
	1026.46815	   0.03046	[mu,kappa]: [(23.12060,356.65728),7.48791]
	 588.19088	   0.01746	[mu,kappa]: [(150.64010,23.67943),6.05410]
	 321.09027	   0.00954	[mu,kappa]: [(73.26864,41.03749),2.83476]
	1210.60296	   0.03592	[mu,kappa]: [(165.72329,350.06924),11.87597]
	2008.03140	   0.05958	[mu,kappa]: [(105.55693,67.36766),8.81855]
	 259.97032	   0.00773	[mu,kappa]: [(95.36703,329.91529),2.02868]
	2630.52703	   0.07804	[mu,kappa]: [(175.33087,345.71845),43.57945]
	1599.03530	   0.04744	[mu,kappa]: [(20.79917,327.26413),10.29789]
	 286.28289	   0.00851	[mu,kappa]: [(111.69408,20.46633),2.09521]
	 736.10869	   0.02185	[mu,kappa]: [(150.09871,318.83740),6.96834]
	 435.44404	   0.01293	[mu,kappa]: [(60.67012,307.27717),4.46991]
	 732.88725	   0.02175	[mu,kappa]: [(153.92558,333.65545),6.58709]
	 290.19185	   0.00862	[mu,kappa]: [(113.86112,35.50415),2.66355]
	 767.05936	   0.02277	[mu,kappa]: [(94.77502,293.73563),6.25500]
	 618.60979	   0.01836	[mu,kappa]: [(93.89709,295.41686),5.65751]
	 744.79832	   0.02211	[mu,kappa]: [(28.05050,350.41955),6.11168]
	1063.73599	   0.03157	[mu,kappa]: [(161.63454,350.56386),9.03885]
	 769.18507	   0.02283	[mu,kappa]: [(127.60525,295.19479),8.12613]
	 493.08754	   0.01464	[mu,kappa]: [(128.04961,303.15526),5.45540]
	2295.34540	   0.06810	[mu,kappa]: [(8.58960,35.76208),24.79969]
	 553.72388	   0.01644	[mu,kappa]: [(47.64956,309.35568),5.95010]
	 725.31567	   0.02153	[mu,kappa]: [(66.22474,297.51370),6.45532]
	1768.37186	   0.05247	[mu,kappa]: [(11.78139,343.92177),15.21386]
	 540.31875	   0.01604	[mu,kappa]: [(99.97606,57.32265),5.02615]
	 456.65203	   0.01356	[mu,kappa]: [(74.76563,301.82443),4.51616]
	 315.78242	   0.00938	[mu,kappa]: [(93.28953,46.53766),3.09337]
	1354.60098	   0.04019	[mu,kappa]: [(42.62274,61.85858),10.06748]
	 865.37869	   0.02568	[mu,kappa]: [(158.11084,352.75196),7.39797]
	 462.42445	   0.01373	[mu,kappa]: [(107.25293,54.18034),4.56996]
	 590.58576	   0.01753	[mu,kappa]: [(29.21395,358.08384),5.58366]
	 279.33309	   0.00830	[mu,kappa]: [(124.66383,23.38561),2.54349]
	1224.99830	   0.03635	[mu,kappa]: [(67.04465,64.96604),7.96975]
	 674.20329	   0.02001	[mu,kappa]: [(122.77619,295.78006),7.14486]
	 772.82853	   0.02294	[mu,kappa]: [(148.21647,38.50831),7.59649]
	 281.03757	   0.00835	[mu,kappa]: [(124.62055,17.83885),2.39453]
	 407.30434	   0.01210	[mu,kappa]: [(114.20121,302.81001),4.35394]
	1012.42977	   0.03004	[mu,kappa]: [(156.70670,23.27270),8.25803]
	 434.96276	   0.01292	[mu,kappa]: [(36.87463,19.56964),4.25167]
	1315.34523	   0.03903	[mu,kappa]: [(69.29680,292.54614),8.04340]
	 781.75015	   0.02320	[mu,kappa]: [(46.01177,54.79206),7.25658]
			msglen: 765355.23476 bits.
Iteration #: 22
	1016.45902	   0.03016	[mu,kappa]: [(24.08894,355.75921),7.63514]
	 588.86651	   0.01748	[mu,kappa]: [(150.12494,27.11438),6.66571]
	 296.42253	   0.00881	[mu,kappa]: [(72.60810,42.11304),3.17945]
	1188.15922	   0.03526	[mu,kappa]: [(165.32524,349.81303),11.79417]
	2033.91316	   0.06034	[mu,kappa]: [(106.93951,67.13011),8.93014]
	 228.19174	   0.00678	[mu,kappa]: [(95.20979,328.95025),2.19305]
	2612.07305	   0.07749	[mu,kappa]: [(175.56340,343.76644),46.27623]
	1613.45488	   0.04787	[mu,kappa]: [(21.97529,324.22032),10.52412]
	 253.17856	   0.00752	[mu,kappa]: [(112.22132,22.14211),2.28392]
	 746.29408	   0.02215	[mu,kappa]: [(149.32614,315.66082),7.63096]
	 424.99045	   0.01262	[mu,kappa]: [(59.52736,306.81450),5.09033]
	 724.90474	   0.02152	[mu,kappa]: [(153.50985,331.42287),6.99638]
	 264.85716	   0.00787	[mu,kappa]: [(114.44292,37.26820),2.98740]
	 755.00482	   0.02241	[mu,kappa]: [(95.65294,293.73816),6.65573]
	 604.24722	   0.01794	[mu,kappa]: [(94.63364,295.40938),6.07764]
	 738.99993	   0.02193	[mu,kappa]: [(28.78708,349.44103),6.47691]
	1049.00557	   0.03113	[mu,kappa]: [(161.20928,350.50886),9.11300]
	 838.31687	   0.02488	[mu,kappa]: [(128.43029,293.49030),9.28892]
	 501.83956	   0.01490	[mu,kappa]: [(128.56120,301.46292),6.38325]
	2311.56553	   0.06858	[mu,kappa]: [(8.38820,39.77128),26.95728]
	 568.50059	   0.01688	[mu,kappa]: [(47.12996,308.42805),6.80345]
	 729.61513	   0.02166	[mu,kappa]: [(64.80169,297.51017),6.99429]
	1729.05830	   0.05130	[mu,kappa]: [(11.97060,340.78703),15.55612]
	 530.81432	   0.01576	[mu,kappa]: [(100.68107,57.27129),5.46746]
	 439.23082	   0.01304	[mu,kappa]: [(73.88873,301.71313),4.98375]
	 293.83214	   0.00873	[mu,kappa]: [(93.33921,47.45622),3.45412]
	1446.87595	   0.04293	[mu,kappa]: [(42.65034,63.35611),10.69832]
	 852.61422	   0.02530	[mu,kappa]: [(157.82824,353.04539),7.61483]
	 453.40114	   0.01346	[mu,kappa]: [(108.25577,54.54945),5.11001]
	 582.25814	   0.01729	[mu,kappa]: [(29.81690,357.59104),5.97713]
	 252.46874	   0.00750	[mu,kappa]: [(125.43846,25.34760),2.83006]
	1258.75083	   0.03735	[mu,kappa]: [(66.16067,65.12746),8.38059]
	 715.37916	   0.02123	[mu,kappa]: [(123.86102,294.47301),8.16599]
	 814.67363	   0.02418	[mu,kappa]: [(147.33542,42.23780),8.57933]
	 251.77527	   0.00748	[mu,kappa]: [(125.48656,19.60758),2.64083]
	 396.06792	   0.01176	[mu,kappa]: [(115.23293,301.79474),5.00898]
	1027.13620	   0.03048	[mu,kappa]: [(155.79108,27.38161),8.71016]
	 420.86123	   0.01250	[mu,kappa]: [(37.05017,20.27335),4.72654]
	1328.52723	   0.03942	[mu,kappa]: [(67.85560,292.52672),8.39204]
	 811.41442	   0.02408	[mu,kappa]: [(46.13193,55.41753),7.84819]
			msglen: 764933.03611 bits.
Iteration #: 23
	1005.07113	   0.02983	[mu,kappa]: [(25.10001,355.37251),7.76714]
	 590.56417	   0.01753	[mu,kappa]: [(149.61045,29.89211),7.25287]
	 279.31674	   0.00830	[mu,kappa]: [(71.95153,42.86731),3.54726]
	1164.54135	   0.03456	[mu,kappa]: [(164.96884,349.41164),11.82186]
	2041.51753	   0.06057	[mu,kappa]: [(107.88745,66.98660),8.99587]
	 203.57587	   0.00605	[mu,kappa]: [(94.93553,328.21836),2.36994]
	2597.79481	   0.07707	[mu,kappa]: [(175.75501,341.75830),48.77282]
	1620.53855	   0.04808	[mu,kappa]: [(22.94829,321.71282),10.76037]
	 227.17738	   0.00675	[mu,kappa]: [(112.37472,23.46604),2.47422]
	 756.58753	   0.02246	[mu,kappa]: [(148.68724,313.26089),8.28369]
	 419.45483	   0.01246	[mu,kappa]: [(58.74519,306.58526),5.63523]
	 716.00269	   0.02125	[mu,kappa]: [(153.01564,329.62452),7.40531]
	 245.42194	   0.00729	[mu,kappa]: [(114.69950,38.58344),3.31330]
	 745.60797	   0.02213	[mu,kappa]: [(96.24069,293.89898),7.02728]
	 593.37516	   0.01762	[mu,kappa]: [(95.13497,295.60696),6.46776]
	 733.55694	   0.02177	[mu,kappa]: [(29.57707,349.02371),6.78305]
	1030.55117	   0.03058	[mu,kappa]: [(160.79646,350.38362),9.24495]
	 896.32206	   0.02660	[mu,kappa]: [(129.18632,292.13901),10.08502]
	 512.45384	   0.01521	[mu,kappa]: [(128.93017,300.46322),7.14083]
	2330.68091	   0.06915	[mu,kappa]: [(8.23488,43.50875),29.25599]
	 583.29554	   0.01732	[mu,kappa]: [(46.74788,307.70402),7.45477]
	 733.31008	   0.02177	[mu,kappa]: [(63.77847,297.51850),7.38945]
	1686.61841	   0.05004	[mu,kappa]: [(12.16965,337.74765),15.98969]
	 523.10699	   0.01553	[mu,kappa]: [(100.98886,57.09363),5.83859]
	 426.90449	   0.01268	[mu,kappa]: [(73.29075,301.81604),5.40765]
	 277.75207	   0.00825	[mu,kappa]: [(93.10662,48.05211),3.81575]
	1520.10695	   0.04510	[mu,kappa]: [(42.51496,64.58210),11.12846]
	 836.68358	   0.02483	[mu,kappa]: [(157.48788,353.26127),7.84527]
	 446.76440	   0.01327	[mu,kappa]: [(108.87394,54.68633),5.56989]
	 575.93180	   0.01710	[mu,kappa]: [(30.55450,357.51643),6.32153]
	 231.44605	   0.00688	[mu,kappa]: [(125.84793,26.86152),3.12099]
	1287.52591	   0.03820	[mu,kappa]: [(65.65858,65.19980),8.63816]
	 749.53235	   0.02225	[mu,kappa]: [(124.66117,293.54863),8.86075]
	 859.30420	   0.02550	[mu,kappa]: [(146.76215,45.30145),9.53289]
	 228.69717	   0.00680	[mu,kappa]: [(125.95411,20.98113),2.89025]
	 389.74189	   0.01158	[mu,kappa]: [(115.86308,301.35652),5.61109]
	1040.93699	   0.03089	[mu,kappa]: [(154.98139,30.87965),9.20573]
	 412.63843	   0.01225	[mu,kappa]: [(37.51362,20.86361),5.18744]
	1336.48506	   0.03966	[mu,kappa]: [(66.80276,292.42410),8.64137]
	 837.10505	   0.02484	[mu,kappa]: [(46.24756,55.56602),8.22475]
			msglen: 764647.01103 bits.
Iteration #: 24
	 994.61172	   0.02952	[mu,kappa]: [(26.11253,355.41245),7.89093]
	 593.07518	   0.01761	[mu,kappa]: [(149.16682,32.02010),7.78031]
	 268.26331	   0.00797	[mu,kappa]: [(71.35596,43.42836),3.92660]
	1141.90887	   0.03389	[mu,kappa]: [(164.64501,348.81627),11.91744]
	2036.24401	   0.06041	[mu,kappa]: [(108.46439,66.93061),9.02707]
	 185.07916	   0.00550	[mu,kappa]: [(94.70212,327.55438),2.55647]
	2587.36870	   0.07676	[mu,kappa]: [(175.91047,339.81751),50.99666]
	1622.61611	   0.04814	[mu,kappa]: [(23.70635,319.55639),11.00526]
	 207.00172	   0.00615	[mu,kappa]: [(112.34351,24.46866),2.65868]
	 767.75901	   0.02279	[mu,kappa]: [(148.23381,311.51017),8.88585]
	 416.59170	   0.01237	[mu,kappa]: [(58.29020,306.48657),6.06235]
	 708.83577	   0.02104	[mu,kappa]: [(152.47362,328.24813),7.79493]
	 230.69872	   0.00686	[mu,kappa]: [(114.75929,39.53773),3.62785]
	 741.67880	   0.02201	[mu,kappa]: [(96.58134,294.14855),7.35940]
	 587.98092	   0.01746	[mu,kappa]: [(95.44347,295.92549),6.82033]
	 728.96945	   0.02164	[mu,kappa]: [(30.35776,349.06227),7.04228]
	1011.80519	   0.03003	[mu,kappa]: [(160.37399,350.12998),9.39963]
	 938.39056	   0.02785	[mu,kappa]: [(129.89497,291.04441),10.57227]
	 521.71954	   0.01549	[mu,kappa]: [(129.20235,300.00329),7.66107]
	2349.32314	   0.06970	[mu,kappa]: [(8.12213,46.74011),31.52012]
	 594.79219	   0.01766	[mu,kappa]: [(46.44231,307.09423),7.89548]
	 735.58168	   0.02183	[mu,kappa]: [(63.11711,297.50281),7.63927]
	1646.43205	   0.04885	[mu,kappa]: [(12.37819,334.68621),16.52518]
	 517.14981	   0.01535	[mu,kappa]: [(100.97612,56.85970),6.14238]
	 419.17024	   0.01245	[mu,kappa]: [(73.02155,302.02262),5.76813]
	 266.45498	   0.00792	[mu,kappa]: [(92.69358,48.45521),4.16952]
	1576.38357	   0.04677	[mu,kappa]: [(42.25941,65.61866),11.44639]
	 820.97023	   0.02437	[mu,kappa]: [(157.07541,353.32220),8.06798]
	 441.43675	   0.01311	[mu,kappa]: [(109.16863,54.67675),5.93660]
	 571.74803	   0.01697	[mu,kappa]: [(31.34054,357.78691),6.62957]
	 215.28415	   0.00640	[mu,kappa]: [(126.06092,27.94527),3.40635]
	1311.61885	   0.03892	[mu,kappa]: [(65.45407,65.20941),8.77331]
	 772.88564	   0.02294	[mu,kappa]: [(125.24121,292.92406),9.24668]
	 903.58591	   0.02682	[mu,kappa]: [(146.48937,47.89549),10.40684]
	 210.82696	   0.00627	[mu,kappa]: [(126.20729,21.95166),3.13536]
	 387.20459	   0.01150	[mu,kappa]: [(116.13544,301.36656),6.10476]
	1054.44625	   0.03129	[mu,kappa]: [(154.32598,33.78123),9.70237]
	 409.19120	   0.01215	[mu,kappa]: [(38.12021,21.36626),5.63420]
	1340.72280	   0.03978	[mu,kappa]: [(66.10469,292.22863),8.79497]
	 858.19257	   0.02547	[mu,kappa]: [(46.35141,55.35673),8.43595]
			msglen: 764452.90473 bits.
Iteration #: 25
	 986.30072	   0.02927	[mu,kappa]: [(27.09592,355.75634),8.01443]
	 595.88647	   0.01769	[mu,kappa]: [(148.80206,33.59272),8.22766]
	 261.58974	   0.00777	[mu,kappa]: [(70.85281,43.88739),4.30539]
	1121.28375	   0.03327	[mu,kappa]: [(164.34588,348.03025),12.04759]
	2023.13749	   0.06002	[mu,kappa]: [(108.75947,66.93820),9.04125]
	 171.30839	   0.00510	[mu,kappa]: [(94.60017,326.86248),2.74825]
	2579.23059	   0.07652	[mu,kappa]: [(176.03522,338.07119),52.92113]
	1621.91536	   0.04812	[mu,kappa]: [(24.27881,317.60597),11.26143]
	 191.26701	   0.00569	[mu,kappa]: [(112.28088,25.23729),2.83398]
	 779.69682	   0.02314	[mu,kappa]: [(147.96997,310.21171),9.41393]
	 414.77234	   0.01232	[mu,kappa]: [(58.06884,306.47230),6.37338]
	 704.45411	   0.02091	[mu,kappa]: [(151.91926,327.23637),8.14668]
	 219.54968	   0.00653	[mu,kappa]: [(114.72552,40.22537),3.92584]
	 743.02046	   0.02205	[mu,kappa]: [(96.75491,294.42701),7.63993]
	 587.66213	   0.01745	[mu,kappa]: [(95.62563,296.29745),7.12344]
	 725.53166	   0.02154	[mu,kappa]: [(31.09524,349.41417),7.27013]
	 994.61336	   0.02952	[mu,kappa]: [(159.93156,349.74940),9.55084]
	 966.37349	   0.02868	[mu,kappa]: [(130.56977,290.12225),10.87262]
	 528.41558	   0.01569	[mu,kappa]: [(129.40420,299.92481),7.96857]
	2363.56648	   0.07012	[mu,kappa]: [(8.04340,49.40410),33.61012]
	 602.40095	   0.01788	[mu,kappa]: [(46.17789,306.55597),8.17599]
	 736.06813	   0.02185	[mu,kappa]: [(62.71742,297.47307),7.77728]
	1611.91743	   0.04783	[mu,kappa]: [(12.59423,331.55114),17.17612]
	 512.79332	   0.01522	[mu,kappa]: [(100.75333,56.60207),6.38989]
	 414.76689	   0.01232	[mu,kappa]: [(73.02485,302.28072),6.05915]
	 258.78028	   0.00769	[mu,kappa]: [(92.20878,48.75533),4.51074]
	1619.71403	   0.04806	[mu,kappa]: [(41.91239,66.54271),11.72706]
	 807.22284	   0.02396	[mu,kappa]: [(156.59077,353.22653),8.26725]
	 436.91643	   0.01297	[mu,kappa]: [(109.23187,54.56472),6.21996]
	 569.61751	   0.01691	[mu,kappa]: [(32.11361,358.28688),6.91597]
	 202.94048	   0.00603	[mu,kappa]: [(126.19424,28.68117),3.68265]
	1331.28614	   0.03950	[mu,kappa]: [(65.45813,65.19079),8.82766]
	 786.39803	   0.02334	[mu,kappa]: [(125.66308,292.52106),9.41798]
	 945.56649	   0.02806	[mu,kappa]: [(146.44837,50.18925),11.19437]
	 197.06805	   0.00586	[mu,kappa]: [(126.38174,22.59327),3.37397]
	 387.19581	   0.01150	[mu,kappa]: [(116.14582,301.68692),6.47474]
	1067.43897	   0.03168	[mu,kappa]: [(153.82622,36.18853),10.17374]
	 409.37890	   0.01216	[mu,kappa]: [(38.75248,21.78999),6.07117]
	1341.86915	   0.03982	[mu,kappa]: [(65.66564,291.96773),8.88154]
	 875.08456	   0.02597	[mu,kappa]: [(46.43675,54.90376),8.53836]
			msglen: 764312.86632 bits.
Iteration #: 26
	 980.44930	   0.02910	[mu,kappa]: [(28.03367,356.29986),8.14536]
	 598.51325	   0.01777	[mu,kappa]: [(148.49199,34.70314),8.59053]
	 257.85098	   0.00766	[mu,kappa]: [(70.45195,44.29472),4.67359]
	1102.85409	   0.03273	[mu,kappa]: [(164.06639,347.08962),12.19341]
	2006.03220	   0.05952	[mu,kappa]: [(108.85264,66.98584),9.05251]
	 160.96916	   0.00479	[mu,kappa]: [(94.65086,326.10664),2.94159]
	2572.42149	   0.07632	[mu,kappa]: [(176.13507,336.59703),54.55822]
	1619.50089	   0.04805	[mu,kappa]: [(24.70963,315.78120),11.53033]
	 178.79959	   0.00532	[mu,kappa]: [(112.27980,25.86273),3.00061]
	 791.72147	   0.02350	[mu,kappa]: [(147.87533,309.18941),9.86459]
	 413.18615	   0.01227	[mu,kappa]: [(58.00034,306.52270),6.59405]
	 702.65672	   0.02086	[mu,kappa]: [(151.38200,326.53186),8.44810]
	 211.08193	   0.00628	[mu,kappa]: [(114.66400,40.71994),4.20847]
	 748.23617	   0.02221	[mu,kappa]: [(96.83063,294.68975),7.86448]
	 591.06278	   0.01755	[mu,kappa]: [(95.73502,296.67499),7.37094]
	 723.24633	   0.02147	[mu,kappa]: [(31.77816,349.96257),7.48114]
	 979.56086	   0.02907	[mu,kappa]: [(159.46595,349.28555),9.68487]
	 984.10651	   0.02920	[mu,kappa]: [(131.21447,289.30370),11.09129]
	 532.58167	   0.01581	[mu,kappa]: [(129.54505,300.10341),8.12135]
	2371.63068	   0.07036	[mu,kappa]: [(7.99436,51.55638),35.45779]
	 606.77086	   0.01801	[mu,kappa]: [(45.94686,306.07546),8.35495]
	 734.95586	   0.02181	[mu,kappa]: [(62.49115,297.44973),7.84484]
	1584.49448	   0.04701	[mu,kappa]: [(12.80968,328.36879),17.95885]
	 509.83942	   0.01514	[mu,kappa]: [(100.41813,56.33407),6.59336]
	 412.51252	   0.01225	[mu,kappa]: [(73.21547,302.56748),6.28802]
	 253.73719	   0.00754	[mu,kappa]: [(91.73331,49.00344),4.83739]
	1653.66549	   0.04906	[mu,kappa]: [(41.49583,67.41026),12.02005]
	 795.97440	   0.02362	[mu,kappa]: [(156.03899,353.02359),8.43649]
	 433.07386	   0.01286	[mu,kappa]: [(109.14748,54.37149),6.43893]
	 569.25289	   0.01690	[mu,kappa]: [(32.84000,358.91779),7.19404]
	 193.53788	   0.00576	[mu,kappa]: [(126.30851,29.15959),3.95174]
	1346.94960	   0.03997	[mu,kappa]: [(65.60422,65.17401),8.83825]
	 792.58071	   0.02352	[mu,kappa]: [(125.96578,292.27305),9.46557]
	 984.48604	   0.02922	[mu,kappa]: [(146.56416,52.28735),11.91735]
	 186.46610	   0.00555	[mu,kappa]: [(126.55197,23.00009),3.60828]
	 388.73120	   0.01155	[mu,kappa]: [(115.98238,302.20020),6.73667]
	1079.37281	   0.03203	[mu,kappa]: [(153.45833,38.19928),10.60978]
	 412.18663	   0.01224	[mu,kappa]: [(39.33998,22.13661),6.50404]
	1340.60667	   0.03978	[mu,kappa]: [(65.39795,291.67288),8.93408]
	 888.34317	   0.02636	[mu,kappa]: [(46.50283,54.29327),8.57615]
			msglen: 764202.96228 bits.
Iteration #: 27
	 976.92566	   0.02899	[mu,kappa]: [(28.92013,356.96296),8.29043]
	 600.62903	   0.01783	[mu,kappa]: [(148.20492,35.41815),8.87403]
	 255.95982	   0.00761	[mu,kappa]: [(70.14994,44.67363),5.02435]
	1086.46189	   0.03224	[mu,kappa]: [(163.80419,346.03582),12.34701]
	1987.45004	   0.05897	[mu,kappa]: [(108.80589,67.05859),9.06898]
	 153.06357	   0.00455	[mu,kappa]: [(94.83389,325.28313),3.13449]
	2566.80151	   0.07615	[mu,kappa]: [(176.21524,335.41362),55.93898]
	1615.48087	   0.04793	[mu,kappa]: [(25.04334,314.04804),11.81058]
	 168.72575	   0.00502	[mu,kappa]: [(112.38449,26.41500),3.16112]
	 803.13345	   0.02384	[mu,kappa]: [(147.92216,308.31406),10.24940]
	 411.57145	   0.01222	[mu,kappa]: [(58.03089,306.62831),6.75344]
	 702.72461	   0.02086	[mu,kappa]: [(150.87959,326.08686),8.69414]
	 204.65820	   0.00609	[mu,kappa]: [(114.61160,41.07242),4.47969]
	 755.90948	   0.02244	[mu,kappa]: [(96.85471,294.90877),8.03647]
	 596.84154	   0.01772	[mu,kappa]: [(95.80552,297.02885),7.56404]
	 721.99133	   0.02143	[mu,kappa]: [(32.40796,350.62324),7.68729]
	 966.62769	   0.02869	[mu,kappa]: [(158.97752,348.79173),9.79713]
	 994.96912	   0.02953	[mu,kappa]: [(131.82895,288.53675),11.29685]
	 534.67050	   0.01587	[mu,kappa]: [(129.62661,300.45437),8.17306]
	2373.92955	   0.07043	[mu,kappa]: [(7.97155,53.29548),37.05727]
	 608.77164	   0.01807	[mu,kappa]: [(45.75458,305.65305),8.47718]
	 732.65863	   0.02175	[mu,kappa]: [(62.37767,297.44908),7.87427]
	1564.17814	   0.04641	[mu,kappa]: [(13.01342,325.20301),18.88879]
	 508.06210	   0.01508	[mu,kappa]: [(100.04057,56.06191),6.76245]
	 411.60309	   0.01222	[mu,kappa]: [(73.51949,302.87172),6.46755]
	 250.56942	   0.00745	[mu,kappa]: [(91.31354,49.22489),5.14822]
	1680.64711	   0.04986	[mu,kappa]: [(41.03011,68.25444),12.35343]
	 787.19739	   0.02336	[mu,kappa]: [(155.42650,352.77424),8.57602]
	 429.91661	   0.01277	[mu,kappa]: [(108.97976,54.11014),6.61188]
	 570.32975	   0.01693	[mu,kappa]: [(33.50630,359.60768),7.47452]
	 186.42174	   0.00554	[mu,kappa]: [(126.42889,29.45443),4.21799]
	1359.23465	   0.04033	[mu,kappa]: [(65.84941,65.18099),8.83270]
	 793.69216	   0.02356	[mu,kappa]: [(126.17049,292.12952),9.45113]
	1020.19301	   0.03028	[mu,kappa]: [(146.77738,54.24441),12.60716]
	 178.29390	   0.00530	[mu,kappa]: [(126.75031,23.25306),3.84252]
	 391.18098	   0.01162	[mu,kappa]: [(115.70855,302.82047),6.91728]
	1089.64945	   0.03234	[mu,kappa]: [(153.19359,39.88072),11.00926]
	 416.81426	   0.01238	[mu,kappa]: [(39.85157,22.40441),6.93811]
	1337.65526	   0.03969	[mu,kappa]: [(65.23999,291.36584),8.97674]
	 898.40567	   0.02666	[mu,kappa]: [(46.55606,53.58224),8.57891]
			msglen: 764109.57534 bits.
Iteration #: 28
	 975.47430	   0.02895	[mu,kappa]: [(29.75411,357.68362),8.45522]
	 602.07929	   0.01787	[mu,kappa]: [(147.91234,35.78489),9.08747]
	 255.16179	   0.00758	[mu,kappa]: [(69.93653,45.03456),5.35415]
	1071.87743	   0.03181	[mu,kappa]: [(163.55930,344.90453),12.50687]
	1968.90537	   0.05842	[mu,kappa]: [(108.66606,67.15020),9.09418]
	 146.88636	   0.00437	[mu,kappa]: [(95.11270,324.40094),3.32650]
	2562.62567	   0.07603	[mu,kappa]: [(176.28001,334.50078),57.09824]
	1609.55386	   0.04776	[mu,kappa]: [(25.31888,312.39638),12.09854]
	 160.42788	   0.00477	[mu,kappa]: [(112.60825,26.94199),3.31870]
	 813.47727	   0.02414	[mu,kappa]: [(148.08403,307.49893),10.58822]
	 409.92737	   0.01217	[mu,kappa]: [(58.12602,306.78306),6.87493]
	 703.88517	   0.02089	[mu,kappa]: [(150.41865,325.86252),8.88608]
	 199.83171	   0.00594	[mu,kappa]: [(114.58720,41.31820),4.74385]
	 764.98799	   0.02271	[mu,kappa]: [(96.85494,295.06933),8.16400]
	 603.98876	   0.01793	[mu,kappa]: [(95.85677,297.34379),7.70887]
	 721.63928	   0.02142	[mu,kappa]: [(32.98964,351.33528),7.89791]
	 955.58800	   0.02836	[mu,kappa]: [(158.46882,348.31439),9.88806]
	1001.36727	   0.02972	[mu,kappa]: [(132.41300,287.78535),11.52890]
	 535.14760	   0.01589	[mu,kappa]: [(129.64819,300.92450),8.16300]
	2371.99832	   0.07037	[mu,kappa]: [(7.97136,54.71774),38.43828]
	 609.14051	   0.01808	[mu,kappa]: [(45.60824,305.29289),8.57122]
	 729.59173	   0.02166	[mu,kappa]: [(62.33746,297.48059),7.88580]
	1550.23422	   0.04600	[mu,kappa]: [(13.19487,322.12315),19.97702]
	 507.21909	   0.01506	[mu,kappa]: [(99.66530,55.78946),6.90366]
	 411.55715	   0.01222	[mu,kappa]: [(73.88308,303.18690),6.61013]
	 248.72290	   0.00739	[mu,kappa]: [(90.96813,49.43095),5.44200]
	1702.05961	   0.05050	[mu,kappa]: [(40.53510,69.09064),12.74092]
	 780.68180	   0.02317	[mu,kappa]: [(154.76096,352.53086),8.68994]
	 427.46191	   0.01269	[mu,kappa]: [(108.77528,53.79208),6.75328]
	 572.57128	   0.01700	[mu,kappa]: [(34.10910,0.30581),7.76549]
	 181.12121	   0.00539	[mu,kappa]: [(126.56303,29.62155),4.48621]
	1368.92254	   0.04062	[mu,kappa]: [(66.16623,65.22660),8.82987]
	 791.31970	   0.02349	[mu,kappa]: [(126.28805,292.05598),9.41026]
	1052.73373	   0.03124	[mu,kappa]: [(147.04680,56.08711),13.29352]
	 172.02271	   0.00512	[mu,kappa]: [(126.98637,23.41338),4.08126]
	 394.17103	   0.01171	[mu,kappa]: [(115.36611,303.49008),7.04242]
	1097.72321	   0.03257	[mu,kappa]: [(153.00706,41.27610),11.37411]
	 422.66975	   0.01255	[mu,kappa]: [(40.28012,22.59264),7.37754]
	1333.63565	   0.03957	[mu,kappa]: [(65.15131,291.05753),9.02315]
	 905.60959	   0.02688	[mu,kappa]: [(46.60737,52.80706),8.56548]
			msglen: 764025.14285 bits.
Iteration #: 29
	 975.83779	   0.02896	[mu,kappa]: [(30.53357,358.41342),8.64387]
	 602.86438	   0.01790	[mu,kappa]: [(147.59166,35.84252),9.24185]
	 254.96793	   0.00758	[mu,kappa]: [(69.79876,45.38253),5.66267]
	1058.89056	   0.03142	[mu,kappa]: [(163.33363,343.72410),12.67464]
	1951.21832	   0.05789	[mu,kappa]: [(108.46958,67.25982),9.12907]
	 141.95551	   0.00423	[mu,kappa]: [(95.44893,323.47254),3.51819]
	2560.18045	   0.07595	[mu,kappa]: [(176.33263,333.82273),58.06740]
	1601.42332	   0.04752	[mu,kappa]: [(25.56753,310.82519),12.38952]
	 153.47292	   0.00457	[mu,kappa]: [(112.94619,27.47485),3.47648]
	 822.56983	   0.02441	[mu,kappa]: [(148.33870,306.68775),10.90412]
	 408.34350	   0.01213	[mu,kappa]: [(58.26216,306.98173),6.97488]
	 705.49718	   0.02094	[mu,kappa]: [(149.99785,325.82665),9.02958]
	 196.28119	   0.00584	[mu,kappa]: [(114.59911,41.48311),5.00476]
	 774.79116	   0.02300	[mu,kappa]: [(96.84784,295.16549),8.25687]
	 611.82971	   0.01816	[mu,kappa]: [(95.90040,297.61359),7.81383]
	 722.08560	   0.02143	[mu,kappa]: [(33.52603,352.05301),8.11980]
	 946.16870	   0.02808	[mu,kappa]: [(157.94395,347.88863),9.96046]
	1004.90332	   0.02982	[mu,kappa]: [(132.96728,287.02724),11.80948]
	 534.38993	   0.01587	[mu,kappa]: [(129.60869,301.48155),8.11775]
	2367.55971	   0.07024	[mu,kappa]: [(7.98968,55.89937),39.64245]
	 608.44200	   0.01806	[mu,kappa]: [(45.51152,304.99760),8.65345]
	 726.08679	   0.02155	[mu,kappa]: [(62.34375,297.54841),7.89035]
	1541.62845	   0.04574	[mu,kappa]: [(13.34575,319.19086),21.22783]
	 507.06483	   0.01506	[mu,kappa]: [(99.31806,55.51910),7.02134]
	 412.08958	   0.01224	[mu,kappa]: [(74.26989,303.50883),6.72556]
	 247.79462	   0.00736	[mu,kappa]: [(90.69738,49.62527),5.71746]
	1718.65199	   0.05099	[mu,kappa]: [(40.02922,69.92244),13.18734]
	 776.17737	   0.02304	[mu,kappa]: [(154.05165,352.33146),8.78396]
	 425.69315	   0.01264	[mu,kappa]: [(108.56703,53.42852),6.87369]
	 575.75472	   0.01709	[mu,kappa]: [(34.64775,0.97710),8.07243]
	 177.29308	   0.00527	[mu,kappa]: [(126.71092,29.70336),4.76073]
	1376.87561	   0.04085	[mu,kappa]: [(66.53470,65.32047),8.84201]
	 786.49487	   0.02334	[mu,kappa]: [(126.32361,292.03097),9.36168]
	1082.20270	   0.03211	[mu,kappa]: [(147.34563,57.82859),14.00021]
	 167.26653	   0.00498	[mu,kappa]: [(127.25867,23.52572),4.32857]
	 397.48250	   0.01180	[mu,kappa]: [(114.98219,304.17174),7.13300]
	1103.16373	   0.03274	[mu,kappa]: [(152.87911,42.41534),11.70672]
	 429.32298	   0.01275	[mu,kappa]: [(40.63031,22.70544),7.82510]
	1329.00608	   0.03943	[mu,kappa]: [(65.10482,290.75146),9.07923]
	 910.27741	   0.02701	[mu,kappa]: [(46.66889,51.99277),8.54798]
			msglen: 763945.53349 bits.
Iteration #: 30
	 977.76817	   0.02902	[mu,kappa]: [(31.25355,359.11585),8.85876]
	 603.10967	   0.01790	[mu,kappa]: [(147.22651,35.63046),9.34898]
	 255.09174	   0.00758	[mu,kappa]: [(69.72308,45.71951),5.95219]
	1047.32058	   0.03108	[mu,kappa]: [(163.13031,342.51661),12.85353]
	1934.74292	   0.05740	[mu,kappa]: [(108.24578,67.38877),9.17350]
	 137.94497	   0.00411	[mu,kappa]: [(95.80890,322.51062),3.71071]
	2559.62391	   0.07594	[mu,kappa]: [(176.37564,333.34324),58.87285]
	1591.02199	   0.04721	[mu,kappa]: [(25.81301,309.33460),12.67904]
	 147.55408	   0.00439	[mu,kappa]: [(113.38278,28.03310),3.63728]
	 830.43874	   0.02465	[mu,kappa]: [(148.66843,305.84440),11.22039]
	 406.92144	   0.01208	[mu,kappa]: [(58.42171,307.21949),7.06396]
	 707.08764	   0.02099	[mu,kappa]: [(149.61114,325.95180),9.13271]
	 193.76607	   0.00576	[mu,kappa]: [(114.64904,41.58706),5.26552]
	 784.91825	   0.02330	[mu,kappa]: [(96.84379,295.19639),8.32476]
	 619.94324	   0.01840	[mu,kappa]: [(95.94398,297.83717),7.88760]
	 723.23182	   0.02147	[mu,kappa]: [(34.01601,352.74173),8.35721]
	 938.09340	   0.02784	[mu,kappa]: [(157.40799,347.53814),10.01807]
	1006.63103	   0.02987	[mu,kappa]: [(133.49294,286.25123),12.15097]
	 532.69134	   0.01582	[mu,kappa]: [(129.50709,302.10549),8.05494]
	2362.06090	   0.07008	[mu,kappa]: [(8.02201,56.89389),40.70908]
	 607.10823	   0.01802	[mu,kappa]: [(45.46316,304.76673),8.73257]
	 722.37665	   0.02144	[mu,kappa]: [(62.37718,297.65384),7.89292]
	1537.24666	   0.04561	[mu,kappa]: [(13.46041,316.45705),22.63662]
	 507.36631	   0.01506	[mu,kappa]: [(99.01161,55.25148),7.11869]
	 413.01938	   0.01227	[mu,kappa]: [(74.65651,303.83516),6.82097]
	 247.49196	   0.00736	[mu,kappa]: [(90.49103,49.80694),5.97355]
	1730.81466	   0.05135	[mu,kappa]: [(39.52823,70.74629),13.69182]
	 773.42670	   0.02296	[mu,kappa]: [(153.30952,352.19938),8.86423]
	 424.55700	   0.01261	[mu,kappa]: [(108.37769,53.03026),6.98068]
	 579.68671	   0.01721	[mu,kappa]: [(35.12102,1.59863),8.39810]
	 174.67703	   0.00520	[mu,kappa]: [(126.86916,29.73315),5.04502]
	1383.96218	   0.04106	[mu,kappa]: [(66.93723,65.46793),8.87660]
	 779.89180	   0.02315	[mu,kappa]: [(126.27903,292.04229),9.31457]
	1108.71618	   0.03290	[mu,kappa]: [(147.65721,59.47511),14.74414]
	 163.73473	   0.00487	[mu,kappa]: [(127.56030,23.62254),4.58763]
	 400.98926	   0.01191	[mu,kappa]: [(114.57472,304.84151),7.20476]
	1105.69297	   0.03281	[mu,kappa]: [(152.79464,43.32185),12.00925]
	 436.45777	   0.01296	[mu,kappa]: [(40.91152,22.75335),8.28191]
	1324.05173	   0.03929	[mu,kappa]: [(65.08149,290.44744),9.14639]
	 912.77019	   0.02709	[mu,kappa]: [(46.75141,51.15918),8.53439]
			msglen: 763868.63146 bits.
Iteration #: 31
	 981.00791	   0.02911	[mu,kappa]: [(31.90669,359.76552),9.10003]
	 603.02490	   0.01790	[mu,kappa]: [(146.80681,35.19279),9.42116]
	 255.39805	   0.00759	[mu,kappa]: [(69.69639,46.04417),6.22688]
	1037.00495	   0.03077	[mu,kappa]: [(162.95285,341.29930),13.04737]
	1919.53089	   0.05695	[mu,kappa]: [(108.01883,67.53853),9.22709]
	 134.63545	   0.00401	[mu,kappa]: [(96.16570,321.52765),3.90553]
	2560.95510	   0.07598	[mu,kappa]: [(176.41105,333.03278),59.53688]
	1578.60154	   0.04684	[mu,kappa]: [(26.07220,307.92226),12.96383]
	 142.45077	   0.00424	[mu,kappa]: [(113.89629,28.62829),3.80352]
	 837.25352	   0.02485	[mu,kappa]: [(149.05932,304.94591),11.55935]
	 405.74490	   0.01205	[mu,kappa]: [(58.59083,307.49236),7.14885]
	 708.33344	   0.02102	[mu,kappa]: [(149.25015,326.21385),9.20455]
	 192.09897	   0.00571	[mu,kappa]: [(114.73437,41.64626),5.52859]
	 795.15589	   0.02360	[mu,kappa]: [(96.84991,295.16357),8.37624]
	 628.07940	   0.01864	[mu,kappa]: [(95.99310,298.01609),7.93805]
	 724.96621	   0.02152	[mu,kappa]: [(34.45533,353.37582),8.61172]
	 931.09068	   0.02763	[mu,kappa]: [(156.86634,347.27641),10.06494]
	1007.23786	   0.02989	[mu,kappa]: [(133.99101,285.45480),12.56033]
	 530.28962	   0.01574	[mu,kappa]: [(129.34280,302.78245),7.98651]
	2356.54843	   0.06991	[mu,kappa]: [(8.06367,57.73618),41.66885]
	 605.47641	   0.01797	[mu,kappa]: [(45.45752,304.59735),8.81277]
	 718.60457	   0.02133	[mu,kappa]: [(62.42324,297.79723),7.89517]
	1535.97106	   0.04557	[mu,kappa]: [(13.53563,313.96142),24.18840]
	 507.91830	   0.01508	[mu,kappa]: [(98.75012,54.98560),7.19852]
	 414.21904	   0.01230	[mu,kappa]: [(75.02868,304.16502),6.90138]
	 247.60479	   0.00736	[mu,kappa]: [(90.33374,49.97212),6.20970]
	1738.77104	   0.05159	[mu,kappa]: [(39.04450,71.55472),14.24950]
	 772.16480	   0.02292	[mu,kappa]: [(152.54686,352.14488),8.93678]
	 423.97505	   0.01259	[mu,kappa]: [(108.22170,52.60729),7.07985]
	 584.18044	   0.01734	[mu,kappa]: [(35.52675,2.15728),8.74245]
	 173.06521	   0.00515	[mu,kappa]: [(127.03276,29.73795),5.34161]
	1390.98779	   0.04127	[mu,kappa]: [(67.35630,65.67057),8.93762]
	 771.98198	   0.02291	[mu,kappa]: [(126.15415,292.08361),9.27313]
	1132.41253	   0.03360	[mu,kappa]: [(147.97151,61.02855),15.53542]
	 161.19870	   0.00480	[mu,kappa]: [(127.88176,23.72752),4.86057]
	 404.62271	   0.01202	[mu,kappa]: [(114.15618,305.48383),7.26915]
	1105.20011	   0.03280	[mu,kappa]: [(152.74185,44.01604),12.28364]
	 443.83587	   0.01318	[mu,kappa]: [(41.13434,22.75253),8.74723]
	1318.89730	   0.03913	[mu,kappa]: [(65.06764,290.14413),9.22378]
	 913.50385	   0.02711	[mu,kappa]: [(46.86327,50.32401),8.53014]
			msglen: 763793.55240 bits.
			N: 33694
		22.66853 bpr
Null model msglen: 794607.78196 bits.	(23.58306 bpr)
