Iteration #: 0
	 753.00000	   0.02235	[mu,kappa]: [(91.91895,4.53307),0.96201]
	 737.00000	   0.02187	[mu,kappa]: [(92.16644,351.23376),0.90019]
	 779.00000	   0.02312	[mu,kappa]: [(90.70663,355.45340),0.96788]
	 767.00000	   0.02276	[mu,kappa]: [(85.88031,354.06664),0.88801]
	 764.00000	   0.02267	[mu,kappa]: [(91.33519,9.71288),1.02462]
	 758.00000	   0.02250	[mu,kappa]: [(90.17585,4.24878),0.95289]
	 753.00000	   0.02235	[mu,kappa]: [(87.37124,357.72416),0.92207]
	 748.00000	   0.02220	[mu,kappa]: [(94.33195,359.95697),0.95793]
	 711.00000	   0.02110	[mu,kappa]: [(95.77510,359.74496),0.93380]
	 777.00000	   0.02306	[mu,kappa]: [(82.12149,354.83403),0.99666]
	 796.00000	   0.02362	[mu,kappa]: [(91.51553,358.69253),0.99056]
	 757.00000	   0.02247	[mu,kappa]: [(92.27474,353.13717),1.04581]
	 773.00000	   0.02294	[mu,kappa]: [(89.89426,0.25346),0.91530]
	 705.00000	   0.02092	[mu,kappa]: [(92.09670,0.68555),0.93236]
	 702.00000	   0.02084	[mu,kappa]: [(92.59591,2.00128),0.89663]
	 776.00000	   0.02303	[mu,kappa]: [(93.86248,359.33672),0.90286]
	 686.00000	   0.02036	[mu,kappa]: [(96.01571,354.02027),0.88484]
	 735.00000	   0.02181	[mu,kappa]: [(85.34907,0.20610),0.95194]
	 741.00000	   0.02199	[mu,kappa]: [(87.38792,357.24198),0.93891]
	 751.00000	   0.02229	[mu,kappa]: [(83.74897,1.39686),0.89870]
	 736.00000	   0.02184	[mu,kappa]: [(99.20731,350.37107),0.95444]
	 734.00000	   0.02178	[mu,kappa]: [(88.80532,354.21001),0.88384]
	 747.00000	   0.02217	[mu,kappa]: [(99.99323,1.64265),0.99089]
	 772.00000	   0.02291	[mu,kappa]: [(83.43980,357.84212),0.91319]
	 767.00000	   0.02276	[mu,kappa]: [(83.49845,354.21220),0.99363]
	 808.00000	   0.02398	[mu,kappa]: [(87.37782,354.48605),0.97787]
	 738.00000	   0.02190	[mu,kappa]: [(89.14613,358.66814),1.00366]
	 787.00000	   0.02336	[mu,kappa]: [(93.97768,357.76981),0.90359]
	 703.00000	   0.02087	[mu,kappa]: [(95.90105,353.53500),0.91888]
	 750.00000	   0.02226	[mu,kappa]: [(88.20791,355.90422),1.00481]
	 718.00000	   0.02131	[mu,kappa]: [(87.01422,357.44683),0.96140]
	 748.00000	   0.02220	[mu,kappa]: [(92.61996,357.43903),0.87796]
	 737.00000	   0.02187	[mu,kappa]: [(95.24649,1.95844),0.98361]
	 750.00000	   0.02226	[mu,kappa]: [(94.61000,352.86024),0.96753]
	 755.00000	   0.02241	[mu,kappa]: [(92.05994,0.47271),0.88027]
	 737.00000	   0.02187	[mu,kappa]: [(87.44827,5.09633),0.96915]
	 741.00000	   0.02199	[mu,kappa]: [(92.93004,2.06347),0.95940]
	 730.00000	   0.02167	[mu,kappa]: [(98.78202,0.52578),0.90176]
	 756.00000	   0.02244	[mu,kappa]: [(87.88423,350.64725),0.98099]
	 754.00000	   0.02238	[mu,kappa]: [(85.26520,0.23255),0.92442]
	 715.00000	   0.02122	[mu,kappa]: [(87.90894,359.52096),0.92345]
	 759.00000	   0.02253	[mu,kappa]: [(88.87678,2.62350),0.94028]
	 753.00000	   0.02235	[mu,kappa]: [(87.96848,2.06117),0.95697]
	 754.00000	   0.02238	[mu,kappa]: [(87.08033,357.85009),1.02537]
	 776.00000	   0.02303	[mu,kappa]: [(92.46373,356.29449),0.94787]
			msglen: 763623.80781 bits.
Iteration #: 1
	 752.69312	   0.02234	[mu,kappa]: [(92.73313,3.99881),0.95103]
	 736.46919	   0.02186	[mu,kappa]: [(93.44560,352.06737),0.93527]
	 778.71365	   0.02311	[mu,kappa]: [(90.97516,355.63774),0.95111]
	 766.72200	   0.02276	[mu,kappa]: [(83.19351,354.79174),0.93426]
	 763.16775	   0.02265	[mu,kappa]: [(91.61629,9.14828),0.97828]
	 757.67461	   0.02249	[mu,kappa]: [(89.77215,3.76673),0.94732]
	 752.89434	   0.02234	[mu,kappa]: [(85.33988,357.89721),0.93918]
	 748.09572	   0.02220	[mu,kappa]: [(96.97307,359.69128),0.95264]
	 711.33444	   0.02111	[mu,kappa]: [(99.24444,359.43664),0.94979]
	 778.35463	   0.02310	[mu,kappa]: [(76.32132,355.30449),0.98847]
	 795.64881	   0.02361	[mu,kappa]: [(92.28726,358.61240),0.95742]
	 756.26345	   0.02244	[mu,kappa]: [(93.90301,353.15255),0.97923]
	 772.63984	   0.02293	[mu,kappa]: [(89.44335,0.08105),0.93399]
	 704.81637	   0.02092	[mu,kappa]: [(93.11010,0.41261),0.93942]
	 701.62143	   0.02082	[mu,kappa]: [(93.80150,1.51364),0.92961]
	 775.77362	   0.02302	[mu,kappa]: [(95.97276,359.12801),0.93446]
	 685.99559	   0.02036	[mu,kappa]: [(99.46965,354.44509),0.93738]
	 735.38048	   0.02183	[mu,kappa]: [(81.77789,0.21662),0.95484]
	 740.96202	   0.02199	[mu,kappa]: [(85.32815,357.44375),0.94431]
	 751.43273	   0.02230	[mu,kappa]: [(79.50495,1.26593),0.94519]
	 737.44379	   0.02189	[mu,kappa]: [(105.14236,350.84313),0.98419]
	 733.40756	   0.02177	[mu,kappa]: [(87.89655,354.82789),0.92653]
	 748.84266	   0.02222	[mu,kappa]: [(106.50105,1.07881),0.99494]
	 772.64474	   0.02293	[mu,kappa]: [(79.01225,358.14349),0.95097]
	 767.79860	   0.02279	[mu,kappa]: [(78.64766,354.67435),0.97917]
	 807.86073	   0.02398	[mu,kappa]: [(85.28491,354.82795),0.95860]
	 737.64724	   0.02189	[mu,kappa]: [(88.14564,358.66673),0.96095]
	 786.79765	   0.02335	[mu,kappa]: [(96.21270,357.73863),0.93537]
	 703.27348	   0.02087	[mu,kappa]: [(99.52694,353.89702),0.94874]
	 749.69561	   0.02225	[mu,kappa]: [(86.59702,356.06519),0.96371]
	 718.05806	   0.02131	[mu,kappa]: [(84.61537,357.61945),0.95192]
	 747.43512	   0.02218	[mu,kappa]: [(93.93619,357.51932),0.92436]
	 737.20753	   0.02188	[mu,kappa]: [(98.57594,1.54736),0.96438]
	 750.14647	   0.02226	[mu,kappa]: [(97.69338,353.12953),0.96089]
	 754.39458	   0.02239	[mu,kappa]: [(92.94455,0.17116),0.92413]
	 736.91303	   0.02187	[mu,kappa]: [(85.08664,4.69179),0.95693]
	 740.86083	   0.02199	[mu,kappa]: [(94.53522,1.68353),0.94995]
	 730.83776	   0.02169	[mu,kappa]: [(103.75332,0.00547),0.95444]
	 755.70723	   0.02243	[mu,kappa]: [(86.28977,351.24676),0.96239]
	 754.28748	   0.02239	[mu,kappa]: [(81.79435,0.21953),0.94656]
	 714.87838	   0.02122	[mu,kappa]: [(86.16522,359.49399),0.93800]
	 758.76971	   0.02252	[mu,kappa]: [(87.64344,2.29183),0.94325]
	 752.89648	   0.02235	[mu,kappa]: [(86.09367,1.84444),0.94949]
	 753.70615	   0.02237	[mu,kappa]: [(84.49124,357.94240),0.97214]
	 775.83537	   0.02303	[mu,kappa]: [(93.90647,356.39738),0.94624]
			msglen: 788639.03225 bits.
Iteration #: 2
	 751.58729	   0.02231	[mu,kappa]: [(94.09710,3.44778),0.94901]
	 735.47813	   0.02183	[mu,kappa]: [(95.61616,352.58510),0.94850]
	 777.54234	   0.02308	[mu,kappa]: [(91.40838,355.83774),0.94666]
	 766.61795	   0.02275	[mu,kappa]: [(78.58034,355.38914),0.96086]
	 761.72030	   0.02261	[mu,kappa]: [(92.06503,8.32158),0.96296]
	 756.49325	   0.02245	[mu,kappa]: [(89.10454,3.32675),0.94608]
	 752.34371	   0.02233	[mu,kappa]: [(81.91727,358.10951),0.95143]
	 747.92495	   0.02220	[mu,kappa]: [(101.31337,359.35616),0.96256]
	 711.91212	   0.02113	[mu,kappa]: [(104.95060,359.04432),0.97473]
	 782.03263	   0.02321	[mu,kappa]: [(67.40388,356.01039),1.03667]
	 794.53031	   0.02358	[mu,kappa]: [(93.54617,358.52279),0.94894]
	 755.38318	   0.02242	[mu,kappa]: [(96.52634,353.36991),0.96271]
	 771.48073	   0.02290	[mu,kappa]: [(88.68272,359.95750),0.94057]
	 703.91754	   0.02089	[mu,kappa]: [(94.82165,0.14025),0.94392]
	 700.75279	   0.02080	[mu,kappa]: [(95.89704,1.10145),0.94269]
	 775.24485	   0.02301	[mu,kappa]: [(99.57184,358.87515),0.95224]
	 686.61332	   0.02038	[mu,kappa]: [(105.30442,354.55197),0.97436]
	 736.01132	   0.02184	[mu,kappa]: [(75.96470,0.34314),0.97565]
	 740.44184	   0.02198	[mu,kappa]: [(81.88496,357.69273),0.95306]
	 752.99053	   0.02235	[mu,kappa]: [(72.50309,1.35095),0.98961]
	 741.46146	   0.02201	[mu,kappa]: [(114.38507,351.02925),1.05034]
	 732.36908	   0.02174	[mu,kappa]: [(86.29760,355.26982),0.94118]
	 753.79880	   0.02237	[mu,kappa]: [(116.32809,0.29451),1.06238]
	 774.48147	   0.02299	[mu,kappa]: [(71.77268,358.54624),0.99509]
	 769.90836	   0.02285	[mu,kappa]: [(71.01971,355.34959),1.01002]
	 807.22933	   0.02396	[mu,kappa]: [(81.83007,355.27457),0.95959]
	 736.69663	   0.02186	[mu,kappa]: [(86.49599,358.71045),0.94999]
	 786.33665	   0.02334	[mu,kappa]: [(100.01141,357.61076),0.95406]
	 703.99404	   0.02089	[mu,kappa]: [(105.51669,354.02049),0.97969]
	 748.91191	   0.02223	[mu,kappa]: [(83.95626,356.35379),0.95537]
	 717.75845	   0.02130	[mu,kappa]: [(80.66037,357.87090),0.95823]
	 746.52565	   0.02216	[mu,kappa]: [(96.22869,357.49668),0.94205]
	 737.54400	   0.02189	[mu,kappa]: [(103.94709,1.01040),0.97582]
	 750.25644	   0.02227	[mu,kappa]: [(102.71715,353.32271),0.97360]
	 753.32632	   0.02236	[mu,kappa]: [(94.50560,359.91503),0.93943]
	 736.46125	   0.02186	[mu,kappa]: [(81.20421,4.34528),0.96140]
	 740.08542	   0.02197	[mu,kappa]: [(97.19999,1.26355),0.95169]
	 733.52371	   0.02177	[mu,kappa]: [(111.86051,359.39859),1.01413]
	 754.81045	   0.02240	[mu,kappa]: [(83.63185,351.94949),0.96022]
	 754.86961	   0.02240	[mu,kappa]: [(76.06628,0.33785),0.97281]
	 714.22746	   0.02120	[mu,kappa]: [(83.23087,359.53353),0.94772]
	 757.80259	   0.02249	[mu,kappa]: [(85.58170,2.04006),0.94683]
	 752.22180	   0.02233	[mu,kappa]: [(82.98664,1.69276),0.95287]
	 753.42940	   0.02236	[mu,kappa]: [(80.31733,358.15775),0.96581]
	 774.95062	   0.02300	[mu,kappa]: [(96.30618,356.44934),0.94962]
			msglen: 788501.49463 bits.
Iteration #: 3
	 748.53004	   0.02222	[mu,kappa]: [(96.36079,2.90140),0.95270]
	 732.86002	   0.02175	[mu,kappa]: [(99.19810,352.92544),0.96100]
	 774.18228	   0.02298	[mu,kappa]: [(92.10716,356.01438),0.94715]
	 766.46462	   0.02275	[mu,kappa]: [(71.16430,356.04352),1.00438]
	 758.20427	   0.02250	[mu,kappa]: [(92.81208,7.47963),0.95877]
	 753.22089	   0.02235	[mu,kappa]: [(87.99233,2.95476),0.94763]
	 750.73447	   0.02228	[mu,kappa]: [(76.32529,358.41234),0.97482]
	 747.32519	   0.02218	[mu,kappa]: [(108.23442,358.90755),0.99682]
	 713.41103	   0.02117	[mu,kappa]: [(113.79908,358.49579),1.03630]
	 792.36354	   0.02352	[mu,kappa]: [(55.02893,356.98608),1.18316]
	 791.29865	   0.02348	[mu,kappa]: [(95.61174,358.40514),0.95051]
	 752.97756	   0.02235	[mu,kappa]: [(100.76356,353.55794),0.96918]
	 768.20502	   0.02280	[mu,kappa]: [(87.40212,359.87914),0.94503]
	 701.27022	   0.02081	[mu,kappa]: [(97.65571,359.84352),0.95159]
	 698.30121	   0.02073	[mu,kappa]: [(99.38325,0.68145),0.95536]
	 773.76335	   0.02296	[mu,kappa]: [(105.43394,358.52846),0.98008]
	 688.37592	   0.02043	[mu,kappa]: [(114.37168,354.40503),1.04290]
	 737.67152	   0.02189	[mu,kappa]: [(66.98245,0.65535),1.03612]
	 738.87807	   0.02193	[mu,kappa]: [(76.27324,358.03127),0.97548]
	 757.42211	   0.02248	[mu,kappa]: [(61.99683,1.68696),1.08441]
	 752.94664	   0.02235	[mu,kappa]: [(127.08599,350.85869),1.21874]
	 729.53768	   0.02165	[mu,kappa]: [(83.59514,355.68126),0.95105]
	 767.75456	   0.02279	[mu,kappa]: [(129.43098,359.20204),1.25125]
	 779.65213	   0.02314	[mu,kappa]: [(61.00568,359.15553),1.09555]
	 775.82698	   0.02303	[mu,kappa]: [(59.89869,356.24803),1.11346]
	 805.46283	   0.02390	[mu,kappa]: [(76.21534,355.80886),0.97947]
	 733.88940	   0.02178	[mu,kappa]: [(83.76678,358.80973),0.95229]
	 785.05099	   0.02330	[mu,kappa]: [(106.17473,357.36070),0.98448]
	 705.99045	   0.02095	[mu,kappa]: [(114.75013,353.90308),1.04853]
	 746.61695	   0.02216	[mu,kappa]: [(79.63241,356.72654),0.96476]
	 716.76332	   0.02127	[mu,kappa]: [(74.29312,358.23381),0.98558]
	 744.01782	   0.02208	[mu,kappa]: [(100.03511,357.38643),0.95753]
	 738.40188	   0.02192	[mu,kappa]: [(112.30160,0.33001),1.02619]
	 750.55240	   0.02228	[mu,kappa]: [(110.60557,353.34066),1.01821]
	 750.39115	   0.02227	[mu,kappa]: [(97.11902,359.64614),0.94970]
	 735.25059	   0.02182	[mu,kappa]: [(74.95692,4.15258),0.98658]
	 737.82971	   0.02190	[mu,kappa]: [(101.56266,0.79406),0.96494]
	 741.11673	   0.02200	[mu,kappa]: [(123.55424,358.56416),1.14661]
	 752.44221	   0.02233	[mu,kappa]: [(79.24789,352.69599),0.97127]
	 756.46107	   0.02245	[mu,kappa]: [(67.16620,0.64467),1.03400]
	 712.29372	   0.02114	[mu,kappa]: [(78.40827,359.67066),0.96542]
	 755.07288	   0.02241	[mu,kappa]: [(82.16800,1.88909),0.95571]
	 750.26944	   0.02227	[mu,kappa]: [(77.91615,1.65914),0.96990]
	 752.56371	   0.02234	[mu,kappa]: [(73.67267,358.50503),0.99140]
	 772.38479	   0.02292	[mu,kappa]: [(100.24140,356.41780),0.96122]
			msglen: 788121.31481 bits.
Iteration #: 4
	 740.17192	   0.02197	[mu,kappa]: [(99.98553,2.36023),0.96615]
	 725.71310	   0.02154	[mu,kappa]: [(104.84594,353.08450),0.98864]
	 764.91715	   0.02270	[mu,kappa]: [(93.19411,356.14808),0.95256]
	 766.09465	   0.02274	[mu,kappa]: [(60.40580,356.86182),1.11064]
	 748.98186	   0.02223	[mu,kappa]: [(94.00663,6.71757),0.96193]
	 744.29195	   0.02209	[mu,kappa]: [(86.14598,2.68086),0.95423]
	 746.27064	   0.02215	[mu,kappa]: [(67.76247,358.86816),1.03486]
	 745.54295	   0.02213	[mu,kappa]: [(118.35476,358.27688),1.08830]
	 717.36818	   0.02129	[mu,kappa]: [(125.87708,357.69533),1.19110]
	 820.88509	   0.02436	[mu,kappa]: [(41.08915,358.34132),1.53668]
	 782.35413	   0.02322	[mu,kappa]: [(98.90569,358.23975),0.96212]
	 746.33826	   0.02215	[mu,kappa]: [(107.34449,353.59958),1.00262]
	 759.18765	   0.02253	[mu,kappa]: [(85.27185,359.86230),0.95340]
	 693.87284	   0.02059	[mu,kappa]: [(102.16642,359.49826),0.97089]
	 691.47433	   0.02052	[mu,kappa]: [(104.90203,0.21095),0.98266]
	 769.61465	   0.02284	[mu,kappa]: [(114.28500,358.02749),1.04751]
	 693.09148	   0.02057	[mu,kappa]: [(126.64845,353.93679),1.20802]
	 742.16374	   0.02203	[mu,kappa]: [(54.74738,1.25084),1.19190]
	 734.51999	   0.02180	[mu,kappa]: [(67.69003,358.51869),1.03549]
	 769.61206	   0.02284	[mu,kappa]: [(48.68197,2.37504),1.31276]
	 784.92257	   0.02329	[mu,kappa]: [(141.05335,350.20503),1.61673]
	 721.76029	   0.02142	[mu,kappa]: [(79.18595,356.11801),0.96965]
	 806.55743	   0.02394	[mu,kappa]: [(143.30606,357.65356),1.69676]
	 793.87816	   0.02356	[mu,kappa]: [(47.55684,0.09065),1.33838]
	 792.14215	   0.02351	[mu,kappa]: [(46.28802,357.46227),1.37299]
	 800.66457	   0.02376	[mu,kappa]: [(67.62783,356.46822),1.03867]
	 726.08032	   0.02155	[mu,kappa]: [(79.34685,358.99281),0.96868]
	 781.44526	   0.02319	[mu,kappa]: [(115.40608,356.92939),1.05858]
	 711.36944	   0.02111	[mu,kappa]: [(127.15946,353.45977),1.21884]
	 740.25497	   0.02197	[mu,kappa]: [(72.82594,357.20315),1.00045]
	 713.92924	   0.02119	[mu,kappa]: [(64.76874,358.77105),1.06149]
	 737.04964	   0.02188	[mu,kappa]: [(106.03192,357.16094),0.98930]
	 740.64645	   0.02198	[mu,kappa]: [(123.92270,359.43309),1.16091]
	 751.31519	   0.02230	[mu,kappa]: [(121.77819,353.08255),1.13699]
	 742.28191	   0.02203	[mu,kappa]: [(101.29928,359.33405),0.96803]
	 731.99929	   0.02173	[mu,kappa]: [(65.58227,4.20514),1.05862]
	 731.55063	   0.02171	[mu,kappa]: [(108.35691,0.24355),1.00302]
	 762.04773	   0.02262	[mu,kappa]: [(137.33391,357.35741),1.45924]
	 746.09115	   0.02214	[mu,kappa]: [(72.33486,353.49412),1.00828]
	 760.80282	   0.02258	[mu,kappa]: [(54.99165,1.23390),1.18785]
	 706.89772	   0.02098	[mu,kappa]: [(70.88810,359.95880),1.01091]
	 747.58879	   0.02219	[mu,kappa]: [(76.69575,1.88334),0.98034]
	 744.89365	   0.02211	[mu,kappa]: [(70.06393,1.80906),1.01869]
	 750.10564	   0.02226	[mu,kappa]: [(63.83178,359.04133),1.07207]
	 765.25837	   0.02271	[mu,kappa]: [(106.41046,356.25950),0.99308]
			msglen: 787110.98015 bits.
Iteration #: 5
	 718.53635	   0.02133	[mu,kappa]: [(105.28427,1.84608),1.00163]
	 707.11362	   0.02099	[mu,kappa]: [(112.83826,353.00156),1.05646]
	 740.96912	   0.02199	[mu,kappa]: [(94.70835,356.21853),0.96813]
	 765.16005	   0.02271	[mu,kappa]: [(47.61028,357.91556),1.35801]
	 725.49379	   0.02153	[mu,kappa]: [(95.71229,6.13197),0.97677]
	 721.33421	   0.02141	[mu,kappa]: [(83.17975,2.56441),0.97343]
	 734.74496	   0.02181	[mu,kappa]: [(56.44002,359.54260),1.18170]
	 740.45144	   0.02198	[mu,kappa]: [(130.64312,357.40056),1.30275]
	 727.02762	   0.02158	[mu,kappa]: [(138.93484,356.55987),1.53858]
	 895.25771	   0.02657	[mu,kappa]: [(29.27772,0.12102),2.28565]
	 759.14555	   0.02253	[mu,kappa]: [(103.72224,358.01217),0.99361]
	 728.96902	   0.02164	[mu,kappa]: [(116.44195,353.40165),1.08996]
	 735.94296	   0.02184	[mu,kappa]: [(81.87065,359.94140),0.97497]
	 674.55370	   0.02002	[mu,kappa]: [(108.68353,359.09254),1.01888]
	 673.60274	   0.01999	[mu,kappa]: [(112.73819,359.67312),1.04866]
	 758.50512	   0.02251	[mu,kappa]: [(125.65735,357.31620),1.20685]
	 704.72766	   0.02092	[mu,kappa]: [(139.72923,353.05467),1.57547]
	 753.67869	   0.02237	[mu,kappa]: [(41.54240,2.22286),1.54396]
	 723.25139	   0.02147	[mu,kappa]: [(56.35284,359.21733),1.18290]
	 801.13275	   0.02378	[mu,kappa]: [(35.74237,3.50195),1.80895]
	 868.96813	   0.02579	[mu,kappa]: [(152.56131,349.00960),2.46730]
	 701.72640	   0.02083	[mu,kappa]: [(72.52213,356.60587),1.01654]
	 909.06042	   0.02698	[mu,kappa]: [(154.32409,355.59676),2.64887]
	 830.71627	   0.02465	[mu,kappa]: [(34.72781,1.43247),1.86385]
	 834.45922	   0.02476	[mu,kappa]: [(33.59712,359.05421),1.93465]
	 788.37673	   0.02340	[mu,kappa]: [(56.27975,357.29462),1.18615]
	 705.91462	   0.02095	[mu,kappa]: [(72.68342,359.30027),1.01477]
	 771.72098	   0.02290	[mu,kappa]: [(127.08558,356.25193),1.23291]
	 724.74813	   0.02151	[mu,kappa]: [(140.25652,352.59136),1.59834]
	 723.84987	   0.02148	[mu,kappa]: [(63.23021,357.81825),1.09404]
	 706.54370	   0.02097	[mu,kappa]: [(52.70391,359.55056),1.24531]
	 718.79879	   0.02133	[mu,kappa]: [(114.45894,356.78195),1.06518]
	 745.92209	   0.02214	[mu,kappa]: [(136.89320,358.25314),1.46855]
	 752.81683	   0.02234	[mu,kappa]: [(134.61817,352.44214),1.41105]
	 721.18680	   0.02140	[mu,kappa]: [(107.37391,358.96571),1.01150]
	 723.67775	   0.02148	[mu,kappa]: [(53.61713,4.61480),1.23492]
	 715.05603	   0.02122	[mu,kappa]: [(117.70605,359.59099),1.09722]
	 816.36311	   0.02423	[mu,kappa]: [(149.56413,355.69140),2.12865]
	 729.86924	   0.02166	[mu,kappa]: [(62.61429,354.34808),1.10514]
	 771.96223	   0.02291	[mu,kappa]: [(41.78981,2.19799),1.53515]
	 692.93684	   0.02057	[mu,kappa]: [(60.54300,0.46511),1.12418]
	 728.34518	   0.02162	[mu,kappa]: [(68.66590,2.09458),1.04458]
	 731.05405	   0.02170	[mu,kappa]: [(59.39088,2.22747),1.14122]
	 743.71887	   0.02207	[mu,kappa]: [(51.55030,359.83558),1.26881]
	 746.60929	   0.02216	[mu,kappa]: [(115.03939,355.92424),1.07208]
			msglen: 784742.38673 bits.
Iteration #: 6
	 670.75961	   0.01991	[mu,kappa]: [(111.51824,1.47713),1.07815]
	 665.55220	   0.01975	[mu,kappa]: [(121.74237,352.59703),1.19615]
	 688.51339	   0.02044	[mu,kappa]: [(96.27099,356.19617),1.00489]
	 763.01777	   0.02265	[mu,kappa]: [(36.43167,359.12315),1.83252]
	 674.25919	   0.02001	[mu,kappa]: [(97.54515,5.94286),1.01454]
	 671.35744	   0.01993	[mu,kappa]: [(78.92868,2.71986),1.02100]
	 709.58400	   0.02106	[mu,kappa]: [(45.06175,0.42396),1.47849]
	 727.09257	   0.02158	[mu,kappa]: [(141.61194,356.33932),1.70999]
	 745.66299	   0.02213	[mu,kappa]: [(149.16903,355.18322),2.18293]
	1062.44178	   0.03153	[mu,kappa]: [(21.73941,2.01490),3.68263]
	 707.93651	   0.02101	[mu,kappa]: [(109.40581,357.74560),1.06199]
	 689.83173	   0.02047	[mu,kappa]: [(126.21187,352.89206),1.26806]
	 685.31662	   0.02034	[mu,kappa]: [(77.07605,0.16544),1.02698]
	 631.60728	   0.01875	[mu,kappa]: [(116.21011,358.68088),1.11937]
	 633.61506	   0.01881	[mu,kappa]: [(121.50965,359.13963),1.18397]
	 732.32502	   0.02173	[mu,kappa]: [(136.57465,356.43683),1.51532]
	 727.77230	   0.02160	[mu,kappa]: [(149.82668,351.80679),2.25583]
	 778.72489	   0.02311	[mu,kappa]: [(31.15734,3.51175),2.20134]
	 698.63564	   0.02074	[mu,kappa]: [(44.97397,0.10812),1.48083]
	 870.63454	   0.02584	[mu,kappa]: [(26.52847,4.94138),2.72439]
	1059.13011	   0.03143	[mu,kappa]: [(159.72555,347.55226),4.10905]
	 658.15160	   0.01953	[mu,kappa]: [(64.13943,357.10472),1.12261]
	1143.97759	   0.03394	[mu,kappa]: [(161.01335,353.43688),4.50802]
	 912.15824	   0.02707	[mu,kappa]: [(25.73851,3.01246),2.83354]
	 928.28223	   0.02755	[mu,kappa]: [(24.87065,0.80438),2.97295]
	 761.63867	   0.02260	[mu,kappa]: [(44.88785,358.22688),1.48508]
	 662.02751	   0.01965	[mu,kappa]: [(64.30534,359.75307),1.12018]
	 748.43867	   0.02221	[mu,kappa]: [(138.06550,355.35303),1.56840]
	 751.60472	   0.02231	[mu,kappa]: [(150.27318,351.34362),2.30119]
	 688.14286	   0.02042	[mu,kappa]: [(52.56031,358.53950),1.29327]
	 690.30608	   0.02049	[mu,kappa]: [(41.27330,0.54523),1.60834]
	 677.83738	   0.02012	[mu,kappa]: [(123.72889,356.25782),1.21929]
	 754.94719	   0.02241	[mu,kappa]: [(147.40501,356.89877),2.04192]
	 753.65952	   0.02237	[mu,kappa]: [(145.35620,351.40765),1.92500]
	 674.42666	   0.02002	[mu,kappa]: [(114.45061,358.59064),1.10263]
	 705.50664	   0.02094	[mu,kappa]: [(42.16838,5.46155),1.58535]
	 677.74743	   0.02012	[mu,kappa]: [(127.65018,358.91367),1.28680]
	 936.14142	   0.02778	[mu,kappa]: [(157.60312,353.80964),3.39187]
	 694.65576	   0.02062	[mu,kappa]: [(51.87714,355.14602),1.31130]
	 796.25298	   0.02363	[mu,kappa]: [(31.36175,3.47938),2.18406]
	 662.48451	   0.01966	[mu,kappa]: [(49.49582,1.21069),1.35936]
	 686.52413	   0.02038	[mu,kappa]: [(59.08427,2.60156),1.18636]
	 700.91333	   0.02080	[mu,kappa]: [(48.20290,2.97038),1.39414]
	 729.67873	   0.02166	[mu,kappa]: [(40.13387,0.86024),1.65537]
	 704.72552	   0.02092	[mu,kappa]: [(124.46958,355.40032),1.23294]
			msglen: 780653.27253 bits.
Iteration #: 7
	 597.27588	   0.01773	[mu,kappa]: [(116.15919,1.56187),1.19527]
	 600.29250	   0.01782	[mu,kappa]: [(128.04791,351.78892),1.39446]
	 608.99748	   0.01808	[mu,kappa]: [(96.97533,356.00756),1.07151]
	 758.60032	   0.02251	[mu,kappa]: [(29.73359,0.05327),2.48136]
	 596.72954	   0.01771	[mu,kappa]: [(98.50921,6.60684),1.08461]
	 596.18867	   0.01770	[mu,kappa]: [(74.55212,3.31520),1.10892]
	 670.88986	   0.01991	[mu,kappa]: [(37.44689,1.26551),1.89537]
	 700.36922	   0.02079	[mu,kappa]: [(148.05572,355.43991),2.24906]
	 766.20467	   0.02274	[mu,kappa]: [(154.69302,354.02061),3.04871]
	1334.61094	   0.03960	[mu,kappa]: [(17.79943,3.38016),5.67133]
	 629.35456	   0.01868	[mu,kappa]: [(113.63397,357.53364),1.16828]
	 627.47285	   0.01863	[mu,kappa]: [(132.89735,352.04409),1.51504]
	 609.15386	   0.01808	[mu,kappa]: [(72.25566,0.55566),1.12103]
	 564.97544	   0.01677	[mu,kappa]: [(121.74503,358.45522),1.26663]
	 570.84418	   0.01695	[mu,kappa]: [(127.77278,358.86778),1.37559]
	 687.30714	   0.02040	[mu,kappa]: [(143.35748,355.66426),1.92634]
	 755.25087	   0.02241	[mu,kappa]: [(155.22098,350.52833),3.17358]
	 815.91641	   0.02421	[mu,kappa]: [(25.33747,4.74679),3.10164]
	 660.75924	   0.01961	[mu,kappa]: [(37.36616,0.92863),1.89915]
	 978.41506	   0.02903	[mu,kappa]: [(21.60558,6.24776),4.00086]
	1365.35269	   0.04051	[mu,kappa]: [(163.37361,346.36569),6.48460]
	 592.55609	   0.01759	[mu,kappa]: [(56.97903,357.38743),1.29303]
	1531.66745	   0.04544	[mu,kappa]: [(164.45845,351.97639),7.20501]
	1039.29505	   0.03084	[mu,kappa]: [(20.96114,4.30325),4.19138]
	1075.87555	   0.03192	[mu,kappa]: [(20.26070,2.09439),4.43394]
	 720.56549	   0.02139	[mu,kappa]: [(37.27019,358.91404),1.90538]
	 595.94936	   0.01769	[mu,kappa]: [(57.14757,0.26082),1.28969]
	 707.34783	   0.02099	[mu,kappa]: [(144.77060,354.47598),2.01419]
	 784.72697	   0.02329	[mu,kappa]: [(155.59627,350.04655),3.25201]
	 634.00831	   0.01882	[mu,kappa]: [(44.68064,359.11379),1.58590]
	 664.82715	   0.01973	[mu,kappa]: [(33.99346,1.46112),2.11016]
	 613.12957	   0.01820	[mu,kappa]: [(130.23526,355.71369),1.43493]
	 760.88496	   0.02258	[mu,kappa]: [(153.19406,355.85605),2.80715]
	 747.47621	   0.02218	[mu,kappa]: [(151.36791,350.17780),2.60813]
	 602.13248	   0.01787	[mu,kappa]: [(119.69435,358.38299),1.23796]
	 677.21156	   0.02010	[mu,kappa]: [(34.84133,6.68023),2.07143]
	 617.97013	   0.01834	[mu,kappa]: [(134.41349,358.51150),1.54732]
	1119.51655	   0.03322	[mu,kappa]: [(161.66611,352.40139),5.20153]
	 641.29820	   0.01904	[mu,kappa]: [(44.01400,355.46249),1.61366]
	 832.25320	   0.02470	[mu,kappa]: [(25.50386,4.71103),3.07242]
	 616.09265	   0.01829	[mu,kappa]: [(41.67219,2.03971),1.69750]
	 623.47130	   0.01851	[mu,kappa]: [(51.43235,3.41442),1.40458]
	 654.93375	   0.01944	[mu,kappa]: [(40.42762,3.94933),1.75528]
	 707.43166	   0.02100	[mu,kappa]: [(32.97167,1.81730),2.18802]
	 638.41714	   0.01895	[mu,kappa]: [(131.04571,354.77453),1.45747]
			msglen: 776722.85844 bits.
Iteration #: 8
	 535.62251	   0.01590	[mu,kappa]: [(117.53045,2.46467),1.30476]
	 543.99351	   0.01615	[mu,kappa]: [(129.87024,350.34106),1.55558]
	 543.30301	   0.01613	[mu,kappa]: [(96.86721,355.45046),1.15016]
	 749.14496	   0.02223	[mu,kappa]: [(27.07536,0.21482),3.00054]
	 533.04889	   0.01582	[mu,kappa]: [(98.52864,8.70671),1.17157]
	 534.07152	   0.01585	[mu,kappa]: [(72.59464,4.52627),1.20338]
	 634.54169	   0.01883	[mu,kappa]: [(34.52551,1.73227),2.21792]
	 669.08693	   0.01986	[mu,kappa]: [(150.04578,355.02342),2.64706]
	 771.14605	   0.02289	[mu,kappa]: [(156.54033,353.43829),3.72318]
	1607.06947	   0.04768	[mu,kappa]: [(15.63461,4.06550),7.66034]
	 563.55433	   0.01673	[mu,kappa]: [(114.86798,357.41752),1.26999]
	 572.47843	   0.01699	[mu,kappa]: [(134.85048,350.69822),1.70695]
	 546.03514	   0.01621	[mu,kappa]: [(70.09891,1.06938),1.21805]
	 508.39883	   0.01509	[mu,kappa]: [(123.41975,358.59883),1.39314]
	 516.65316	   0.01534	[mu,kappa]: [(129.68047,359.13275),1.52992]
	 642.96551	   0.01908	[mu,kappa]: [(145.42097,355.25075),2.22866]
	 766.27254	   0.02274	[mu,kappa]: [(157.02303,349.40378),3.89532]
	 842.63234	   0.02501	[mu,kappa]: [(22.89995,5.64832),3.86401]
	 625.13647	   0.01856	[mu,kappa]: [(34.44638,1.32143),2.22277]
	1072.58329	   0.03183	[mu,kappa]: [(19.33064,7.21206),5.16806]
	1649.58548	   0.04894	[mu,kappa]: [(165.29936,345.53089),8.74807]
	 537.23044	   0.01595	[mu,kappa]: [(54.07557,357.05600),1.44013]
	1908.70428	   0.05663	[mu,kappa]: [(166.42573,351.44556),9.86160]
	1152.76651	   0.03420	[mu,kappa]: [(18.69932,5.03668),5.45074]
	1210.80690	   0.03593	[mu,kappa]: [(18.01998,2.60016),5.81094]
	 681.94829	   0.02024	[mu,kappa]: [(34.33954,358.86777),2.23142]
	 540.19654	   0.01604	[mu,kappa]: [(54.24845,0.63320),1.43565]
	 665.47714	   0.01975	[mu,kappa]: [(146.80654,353.81611),2.34198]
	 800.10432	   0.02375	[mu,kappa]: [(157.38956,348.86871),4.00460]
	 586.43267	   0.01741	[mu,kappa]: [(41.63195,359.14630),1.81623]
	 638.85404	   0.01896	[mu,kappa]: [(31.18133,1.93292),2.50072]
	 556.71424	   0.01653	[mu,kappa]: [(132.20757,355.21961),1.60474]
	 753.95161	   0.02238	[mu,kappa]: [(155.08110,355.57063),3.39233]
	 731.29272	   0.02170	[mu,kappa]: [(153.22147,348.81745),3.12351]
	 541.01240	   0.01606	[mu,kappa]: [(121.28103,358.50151),1.35731]
	 649.07781	   0.01927	[mu,kappa]: [(32.08918,8.22861),2.45002]
	 564.75090	   0.01676	[mu,kappa]: [(136.47560,358.71095),1.74624]
	1273.83388	   0.03780	[mu,kappa]: [(163.51490,351.82520),6.83695]
	 594.36773	   0.01764	[mu,kappa]: [(41.00424,354.64978),1.85280]
	 857.73020	   0.02545	[mu,kappa]: [(23.05775,5.61244),3.82271]
	 574.47307	   0.01705	[mu,kappa]: [(38.68131,2.72071),1.96024]
	 569.58696	   0.01691	[mu,kappa]: [(48.45412,4.50858),1.58382]
	 613.26028	   0.01820	[mu,kappa]: [(37.48095,5.04116),2.03567]
	 683.69125	   0.02029	[mu,kappa]: [(30.19274,2.35007),2.60462]
	 580.41177	   0.01723	[mu,kappa]: [(133.02996,354.05803),1.63344]
			msglen: 774876.60008 bits.
Iteration #: 9
	 509.79340	   0.01513	[mu,kappa]: [(116.94034,4.43448),1.36766]
	 519.39396	   0.01542	[mu,kappa]: [(128.86659,347.76803),1.62764]
	 515.99957	   0.01532	[mu,kappa]: [(96.79264,354.27039),1.20714]
	 733.56256	   0.02177	[mu,kappa]: [(26.52101,359.57159),3.22889]
	 507.79485	   0.01508	[mu,kappa]: [(98.47096,12.79094),1.24914]
	 507.46502	   0.01507	[mu,kappa]: [(73.26798,6.64613),1.25975]
	 610.65397	   0.01813	[mu,kappa]: [(34.39917,1.84304),2.32915]
	 646.67741	   0.01919	[mu,kappa]: [(149.66091,354.96119),2.77652]
	 758.85729	   0.02252	[mu,kappa]: [(156.56694,353.26970),3.99509]
	1797.54025	   0.05333	[mu,kappa]: [(14.11425,4.37942),9.43184]
	 535.82445	   0.01591	[mu,kappa]: [(114.35390,357.30828),1.32805]
	 547.31508	   0.01625	[mu,kappa]: [(133.90016,348.40661),1.78210]
	 518.50684	   0.01539	[mu,kappa]: [(70.68822,1.77756),1.26948]
	 484.04343	   0.01437	[mu,kappa]: [(122.74572,359.12070),1.45325]
	 492.61850	   0.01463	[mu,kappa]: [(128.94999,359.99314),1.59369]
	 617.85733	   0.01834	[mu,kappa]: [(144.86303,355.05995),2.32472]
	 756.79456	   0.02246	[mu,kappa]: [(157.03471,348.14628),4.19731]
	 844.38740	   0.02506	[mu,kappa]: [(22.06274,6.37445),4.28500]
	 601.66481	   0.01786	[mu,kappa]: [(34.31450,1.28380),2.33448]
	1116.57032	   0.03313	[mu,kappa]: [(18.17695,8.03503),5.98560]
	1808.41115	   0.05365	[mu,kappa]: [(166.55853,344.86379),10.53998]
	 511.20589	   0.01518	[mu,kappa]: [(54.59527,355.89075),1.49618]
	2145.41811	   0.06365	[mu,kappa]: [(167.85095,351.57416),12.15637]
	1210.04489	   0.03590	[mu,kappa]: [(17.47541,5.41374),6.36769]
	1284.60849	   0.03812	[mu,kappa]: [(16.73212,2.53708),6.85782]
	 656.50618	   0.01949	[mu,kappa]: [(34.19832,357.95737),2.34582]
	 513.89117	   0.01526	[mu,kappa]: [(54.77354,0.87668),1.48975]
	 640.48628	   0.01901	[mu,kappa]: [(146.26940,353.16301),2.44648]
	 791.89734	   0.02350	[mu,kappa]: [(157.43065,347.51665),4.32708]
	 560.57415	   0.01664	[mu,kappa]: [(41.80758,358.52410),1.89118]
	 618.33967	   0.01835	[mu,kappa]: [(30.88112,1.98467),2.64680]
	 531.17936	   0.01577	[mu,kappa]: [(131.44203,354.58612),1.67081]
	 737.52930	   0.02189	[mu,kappa]: [(154.99990,355.95291),3.61229]
	 712.64035	   0.02115	[mu,kappa]: [(152.87375,346.95217),3.30866]
	 514.87622	   0.01529	[mu,kappa]: [(120.65016,358.94438),1.41695]
	 628.11425	   0.01864	[mu,kappa]: [(32.00917,10.41308),2.59246]
	 539.68047	   0.01602	[mu,kappa]: [(135.76627,359.56002),1.81736]
	1338.76526	   0.03972	[mu,kappa]: [(164.44037,351.88719),7.93023]
	 568.96055	   0.01689	[mu,kappa]: [(41.25661,352.34855),1.93595]
	 858.50326	   0.02548	[mu,kappa]: [(22.23245,6.34061),4.23320]
	 550.39861	   0.01634	[mu,kappa]: [(38.77448,3.33867),2.04585]
	 542.97419	   0.01612	[mu,kappa]: [(48.95876,6.10876),1.64632]
	 588.44632	   0.01747	[mu,kappa]: [(37.57730,6.44915),2.12957]
	 663.21082	   0.01969	[mu,kappa]: [(29.83391,2.50100),2.76586]
	 554.01675	   0.01645	[mu,kappa]: [(132.23650,352.99066),1.70148]
			msglen: 774231.30649 bits.
Iteration #: 10
	 506.82087	   0.01505	[mu,kappa]: [(115.87126,7.78194),1.39903]
	 516.20477	   0.01532	[mu,kappa]: [(126.85345,343.57246),1.65317]
	 512.42537	   0.01521	[mu,kappa]: [(96.87412,352.25235),1.23955]
	 715.78415	   0.02124	[mu,kappa]: [(26.84346,358.20508),3.27189]
	 507.90116	   0.01508	[mu,kappa]: [(98.51271,19.34896),1.33146]
	 503.27437	   0.01494	[mu,kappa]: [(75.05057,10.10676),1.28916]
	 596.37981	   0.01770	[mu,kappa]: [(35.38622,1.76715),2.31385]
	 634.20433	   0.01882	[mu,kappa]: [(148.48097,355.05688),2.75432]
	 740.86472	   0.02199	[mu,kappa]: [(155.87728,353.28348),4.01811]
	1927.16020	   0.05717	[mu,kappa]: [(12.85820,4.56470),11.14482]
	 531.86243	   0.01579	[mu,kappa]: [(113.48026,357.14532),1.34999]
	 542.84526	   0.01612	[mu,kappa]: [(131.92208,344.68432),1.79545]
	 513.12468	   0.01523	[mu,kappa]: [(72.34320,2.88758),1.28483]
	 480.23011	   0.01426	[mu,kappa]: [(121.50971,0.05739),1.46793]
	 488.32719	   0.01450	[mu,kappa]: [(127.52674,1.52710),1.60192]
	 608.14294	   0.01805	[mu,kappa]: [(143.48565,354.89589),2.30577]
	 739.48108	   0.02195	[mu,kappa]: [(156.27806,346.42316),4.23726]
	 830.10382	   0.02463	[mu,kappa]: [(21.91018,7.13070),4.47212]
	 587.59450	   0.01744	[mu,kappa]: [(35.29232,0.96118),2.31934]
	1124.36946	   0.03336	[mu,kappa]: [(17.50183,8.87906),6.55677]
	1872.27742	   0.05554	[mu,kappa]: [(167.50193,344.28794),12.01927]
	 504.11144	   0.01497	[mu,kappa]: [(56.43378,353.78958),1.49661]
	2274.41171	   0.06747	[mu,kappa]: [(169.01987,352.14183),14.29662]
	1226.24703	   0.03638	[mu,kappa]: [(16.68725,5.61272),7.04612]
	1313.20806	   0.03896	[mu,kappa]: [(15.84254,2.11635),7.68099]
	 641.38048	   0.01904	[mu,kappa]: [(35.18745,356.19021),2.33463]
	 506.46715	   0.01504	[mu,kappa]: [(56.60173,1.14600),1.48567]
	 629.85963	   0.01870	[mu,kappa]: [(144.89110,352.23310),2.42675]
	 773.96827	   0.02297	[mu,kappa]: [(156.70408,345.65904),4.37848]
	 549.65775	   0.01632	[mu,kappa]: [(43.24420,357.27561),1.87475]
	 603.06778	   0.01790	[mu,kappa]: [(31.59515,1.77971),2.64338]
	 526.10841	   0.01562	[mu,kappa]: [(129.91462,353.59185),1.67456]
	 720.50617	   0.02138	[mu,kappa]: [(154.18079,356.84628),3.61375]
	 698.12720	   0.02072	[mu,kappa]: [(151.60804,344.14845),3.30486]
	 510.89596	   0.01517	[mu,kappa]: [(119.50611,359.74045),1.43389]
	 613.99246	   0.01823	[mu,kappa]: [(33.16103,13.66353),2.59548]
	 533.90310	   0.01585	[mu,kappa]: [(134.27244,1.10461),1.81532]
	1341.52496	   0.03980	[mu,kappa]: [(164.92668,352.40352),8.61565]
	 558.98616	   0.01659	[mu,kappa]: [(42.92981,348.35351),1.93374]
	 843.50754	   0.02503	[mu,kappa]: [(22.10009,7.10293),4.41148]
	 538.80040	   0.01600	[mu,kappa]: [(40.09686,4.14343),2.02687]
	 534.48327	   0.01587	[mu,kappa]: [(50.89901,8.61271),1.64078]
	 575.99786	   0.01710	[mu,kappa]: [(38.94938,8.54445),2.11458]
	 646.65079	   0.01919	[mu,kappa]: [(30.45721,2.44808),2.76946]
	 548.75781	   0.01629	[mu,kappa]: [(130.62930,351.26896),1.70619]
			msglen: 773869.08020 bits.
Iteration #: 11
	 512.66578	   0.01522	[mu,kappa]: [(114.75482,12.95715),1.43035]
	 522.47708	   0.01551	[mu,kappa]: [(124.35507,337.35809),1.68573]
	 517.12810	   0.01535	[mu,kappa]: [(96.92615,349.12520),1.26315]
	 699.18059	   0.02075	[mu,kappa]: [(27.53351,356.00553),3.24322]
	 521.24594	   0.01547	[mu,kappa]: [(98.43467,28.52420),1.46943]
	 507.98332	   0.01508	[mu,kappa]: [(77.09411,15.37493),1.32276]
	 587.26190	   0.01743	[mu,kappa]: [(36.68063,1.56039),2.25907]
	 627.67823	   0.01863	[mu,kappa]: [(147.22983,355.28968),2.68965]
	 724.32928	   0.02150	[mu,kappa]: [(154.97960,353.42427),3.95201]
	2029.56961	   0.06021	[mu,kappa]: [(11.76834,4.74115),12.93112]
	 535.90775	   0.01591	[mu,kappa]: [(112.71046,356.92008),1.35550]
	 547.56465	   0.01626	[mu,kappa]: [(129.51649,339.12577),1.80758]
	 515.59117	   0.01531	[mu,kappa]: [(74.09125,4.63062),1.28780]
	 483.58581	   0.01436	[mu,kappa]: [(120.38618,1.57368),1.46638]
	 491.28739	   0.01459	[mu,kappa]: [(126.17019,3.98380),1.59451]
	 605.48064	   0.01797	[mu,kappa]: [(142.09050,354.70836),2.25577]
	 723.18166	   0.02146	[mu,kappa]: [(155.18866,344.00343),4.18301]
	 809.99148	   0.02404	[mu,kappa]: [(22.10362,8.02149),4.54285]
	 578.59494	   0.01718	[mu,kappa]: [(36.57646,0.37202),2.26471]
	1114.51463	   0.03307	[mu,kappa]: [(17.10960,9.80778),6.98056]
	1887.07080	   0.05598	[mu,kappa]: [(168.22531,343.75823),13.32287]
	 504.55038	   0.01498	[mu,kappa]: [(58.49229,350.50351),1.48654]
	2350.09858	   0.06972	[mu,kappa]: [(170.00758,353.01616),16.46035]
	1221.86433	   0.03625	[mu,kappa]: [(16.15574,5.68778),7.58082]
	1318.79826	   0.03913	[mu,kappa]: [(15.19316,1.39862),8.37209]
	 632.14743	   0.01876	[mu,kappa]: [(36.54918,353.38209),2.28767]
	 506.18252	   0.01503	[mu,kappa]: [(58.59374,1.54854),1.46483]
	 626.29473	   0.01859	[mu,kappa]: [(143.43478,350.85559),2.37426]
	 756.53243	   0.02245	[mu,kappa]: [(155.62133,343.06239),4.33012]
	 545.39874	   0.01619	[mu,kappa]: [(44.96568,355.27616),1.83454]
	 591.47604	   0.01756	[mu,kappa]: [(32.63096,1.35244),2.58904]
	 528.55999	   0.01569	[mu,kappa]: [(128.41664,352.07504),1.65969]
	 706.83854	   0.02098	[mu,kappa]: [(153.18807,358.31909),3.54439]
	 689.42231	   0.02046	[mu,kappa]: [(149.92677,340.07270),3.25285]
	 514.56294	   0.01528	[mu,kappa]: [(118.47948,1.03463),1.43455]
	 605.32256	   0.01797	[mu,kappa]: [(35.00601,18.36248),2.56274]
	 535.67543	   0.01590	[mu,kappa]: [(132.80519,3.58601),1.79470]
	1316.02297	   0.03905	[mu,kappa]: [(165.11708,353.32433),9.03842]
	 557.37600	   0.01655	[mu,kappa]: [(45.27084,342.31677),1.92647]
	 822.89901	   0.02442	[mu,kappa]: [(22.31520,8.00622),4.47528]
	 533.06175	   0.01582	[mu,kappa]: [(41.74175,5.32684),1.97815]
	 533.79493	   0.01585	[mu,kappa]: [(53.28925,12.42603),1.62379]
	 569.92064	   0.01692	[mu,kappa]: [(40.79556,11.67794),2.07192]
	 633.38587	   0.01880	[mu,kappa]: [(31.40693,2.24596),2.71748]
	 551.52288	   0.01637	[mu,kappa]: [(128.96965,348.62734),1.69462]
			msglen: 773548.71606 bits.
Iteration #: 12
	 521.59396	   0.01548	[mu,kappa]: [(113.48977,20.36238),1.49497]
	 533.97691	   0.01585	[mu,kappa]: [(121.17351,329.01959),1.77312]
	 522.93111	   0.01552	[mu,kappa]: [(96.78780,344.52429),1.29482]
	 685.24166	   0.02034	[mu,kappa]: [(28.39766,352.67675),3.20417]
	 547.62055	   0.01626	[mu,kappa]: [(98.06352,39.47706),1.74379]
	 516.11338	   0.01532	[mu,kappa]: [(79.21413,22.78244),1.39348]
	 580.25897	   0.01722	[mu,kappa]: [(37.91716,1.16131),2.20538]
	 623.48198	   0.01851	[mu,kappa]: [(146.18940,355.76162),2.63069]
	 711.10259	   0.02111	[mu,kappa]: [(154.12612,353.77122),3.87727]
	2120.16388	   0.06290	[mu,kappa]: [(10.81311,4.98283),14.83323]
	 540.10117	   0.01603	[mu,kappa]: [(112.11414,356.62275),1.35653]
	 556.84093	   0.01653	[mu,kappa]: [(126.53354,331.52283),1.86329]
	 518.83687	   0.01540	[mu,kappa]: [(75.62881,7.25144),1.29270]
	 487.41288	   0.01447	[mu,kappa]: [(119.50497,3.92472),1.46518]
	 495.25677	   0.01470	[mu,kappa]: [(125.01017,7.73702),1.59410]
	 604.45628	   0.01794	[mu,kappa]: [(140.95176,354.53104),2.21070]
	 711.02190	   0.02110	[mu,kappa]: [(153.94106,340.71480),4.12381]
	 789.42418	   0.02343	[mu,kappa]: [(22.50058,9.10406),4.55993]
	 571.72014	   0.01697	[mu,kappa]: [(37.80542,359.39872),2.21156]
	1096.74930	   0.03254	[mu,kappa]: [(16.94001,10.85980),7.29171]
	1876.76210	   0.05568	[mu,kappa]: [(168.76510,343.21492),14.47634]
	 506.98421	   0.01505	[mu,kappa]: [(60.43034,345.62470),1.49273]
	2400.51340	   0.07121	[mu,kappa]: [(170.84963,354.09941),18.70350]
	1207.39017	   0.03582	[mu,kappa]: [(15.82630,5.63800),7.99772]
	1312.41123	   0.03894	[mu,kappa]: [(14.74003,0.35981),8.94840]
	 626.17979	   0.01859	[mu,kappa]: [(38.02555,349.14956),2.25128]
	 506.85237	   0.01505	[mu,kappa]: [(60.31878,2.13157),1.44587]
	 624.81349	   0.01855	[mu,kappa]: [(142.14432,348.90109),2.32908]
	 743.51181	   0.02207	[mu,kappa]: [(154.34291,339.55203),4.27493]
	 543.19457	   0.01613	[mu,kappa]: [(46.59644,352.22034),1.80304]
	 582.04135	   0.01728	[mu,kappa]: [(33.66788,0.60833),2.53164]
	 531.76201	   0.01579	[mu,kappa]: [(127.11469,349.86009),1.64727]
	 696.80346	   0.02068	[mu,kappa]: [(152.26410,0.63007),3.47700]
	 686.45080	   0.02037	[mu,kappa]: [(147.89175,334.50256),3.22688]
	 518.62658	   0.01540	[mu,kappa]: [(117.68983,3.05039),1.43421]
	 601.75252	   0.01786	[mu,kappa]: [(37.51143,24.76316),2.55536]
	 538.87745	   0.01600	[mu,kappa]: [(131.52731,7.39088),1.78353]
	1280.93147	   0.03801	[mu,kappa]: [(165.06443,354.69239),9.26705]
	 561.87090	   0.01668	[mu,kappa]: [(48.26302,333.96160),1.97134]
	 801.99887	   0.02380	[mu,kappa]: [(22.73154,9.10985),4.48759]
	 529.20643	   0.01571	[mu,kappa]: [(43.33354,7.03161),1.93400]
	 535.91472	   0.01591	[mu,kappa]: [(55.89372,17.91380),1.62831]
	 566.86818	   0.01683	[mu,kappa]: [(42.88152,16.17056),2.04329]
	 622.35294	   0.01847	[mu,kappa]: [(32.37647,1.83199),2.66004]
	 555.62376	   0.01649	[mu,kappa]: [(127.35745,344.77472),1.69169]
			msglen: 773189.95915 bits.
Iteration #: 13
	 532.84375	   0.01582	[mu,kappa]: [(111.83625,29.85570),1.63923]
	 552.14681	   0.01639	[mu,kappa]: [(117.03543,319.20461),1.97783]
	 526.63129	   0.01563	[mu,kappa]: [(96.31733,338.12000),1.35549]
	 674.20707	   0.02001	[mu,kappa]: [(29.40562,347.83490),3.19329]
	 598.39582	   0.01776	[mu,kappa]: [(97.46904,50.17694),2.27454]
	 526.90161	   0.01564	[mu,kappa]: [(81.43374,32.09147),1.54614]
	 572.62112	   0.01700	[mu,kappa]: [(38.89892,0.41993),2.17109]
	 618.38997	   0.01836	[mu,kappa]: [(145.46527,356.63712),2.59820]
	 700.28701	   0.02078	[mu,kappa]: [(153.45261,354.49089),3.83339]
	2203.67005	   0.06537	[mu,kappa]: [(9.97714,5.36383),16.84900]
	 539.94689	   0.01603	[mu,kappa]: [(111.68084,356.21112),1.35978]
	 570.92652	   0.01695	[mu,kappa]: [(122.62377,322.25935),2.01496]
	 518.91062	   0.01541	[mu,kappa]: [(76.91785,10.97846),1.30972]
	 488.01430	   0.01449	[mu,kappa]: [(118.84386,7.39233),1.47584]
	 497.05597	   0.01476	[mu,kappa]: [(123.94892,13.15472),1.61910]
	 601.17152	   0.01785	[mu,kappa]: [(140.15735,354.42416),2.18551]
	 703.23194	   0.02087	[mu,kappa]: [(152.57413,336.46612),4.10881]
	 770.56989	   0.02287	[mu,kappa]: [(23.00959,10.42313),4.56310]
	 564.33604	   0.01675	[mu,kappa]: [(38.79280,357.81882),2.17890]
	1076.00459	   0.03193	[mu,kappa]: [(16.96669,12.08289),7.50628]
	1852.80878	   0.05497	[mu,kappa]: [(169.14299,342.60768),15.46013]
	 508.89838	   0.01511	[mu,kappa]: [(62.26268,338.77231),1.53994]
	2437.92662	   0.07232	[mu,kappa]: [(171.57292,355.31377),21.02540]
	1187.92912	   0.03525	[mu,kappa]: [(15.67538,5.45297),8.30152]
	1299.14969	   0.03855	[mu,kappa]: [(14.47024,358.94909),9.40214]
	 621.83686	   0.01846	[mu,kappa]: [(39.64137,343.05879),2.25597]
	 504.58937	   0.01498	[mu,kappa]: [(61.61549,2.89296),1.43643]
	 621.75867	   0.01846	[mu,kappa]: [(141.05726,346.24141),2.30904]
	 735.61554	   0.02183	[mu,kappa]: [(152.89822,335.04659),4.26575]
	 540.13603	   0.01603	[mu,kappa]: [(48.04522,347.69409),1.79906]
	 572.81249	   0.01700	[mu,kappa]: [(34.52691,359.35677),2.49443]
	 531.78955	   0.01579	[mu,kappa]: [(125.96836,346.73308),1.64892]
	 689.14810	   0.02045	[mu,kappa]: [(151.47827,4.14530),3.44941]
	 689.30504	   0.02046	[mu,kappa]: [(145.32853,327.48988),3.27635]
	 519.04692	   0.01541	[mu,kappa]: [(117.12473,6.03606),1.44311]
	 604.01636	   0.01793	[mu,kappa]: [(40.87564,32.72785),2.62392]
	 540.31869	   0.01604	[mu,kappa]: [(130.33868,12.90913),1.80231]
	1246.29043	   0.03698	[mu,kappa]: [(164.80165,356.62751),9.34912]
	 574.46998	   0.01705	[mu,kappa]: [(52.16313,323.70583),2.13451]
	 782.90100	   0.02323	[mu,kappa]: [(23.25541,10.45995),4.48812]
	 524.21915	   0.01556	[mu,kappa]: [(44.71108,9.36577),1.90983]
	 538.65846	   0.01599	[mu,kappa]: [(58.81461,25.20265),1.68299]
	 564.78291	   0.01677	[mu,kappa]: [(45.25123,22.21062),2.05584]
	 611.74905	   0.01816	[mu,kappa]: [(33.18740,1.05867),2.62183]
	 557.58003	   0.01655	[mu,kappa]: [(125.63401,339.43904),1.71554]
			msglen: 772691.40663 bits.
Iteration #: 14
	 548.31520	   0.01628	[mu,kappa]: [(109.78208,40.15730),1.93059]
	 583.06564	   0.01731	[mu,kappa]: [(112.22393,309.51105),2.39007]
	 525.99114	   0.01562	[mu,kappa]: [(95.40088,329.99261),1.47756]
	 665.52541	   0.01975	[mu,kappa]: [(30.66090,341.26260),3.25155]
	 698.30987	   0.02073	[mu,kappa]: [(96.94591,58.55608),3.22270]
	 541.97864	   0.01609	[mu,kappa]: [(83.65170,42.02183),1.84314]
	 560.69141	   0.01664	[mu,kappa]: [(39.48633,359.12465),2.17080]
	 608.56697	   0.01806	[mu,kappa]: [(145.10564,358.08633),2.60975]
	 689.43388	   0.02046	[mu,kappa]: [(153.02767,355.79607),3.85118]
	2281.75130	   0.06769	[mu,kappa]: [(9.25037,5.97973),18.95382]
	 530.80833	   0.01576	[mu,kappa]: [(111.40952,355.58827),1.37138]
	 593.60035	   0.01762	[mu,kappa]: [(117.83522,312.65044),2.33874]
	 511.79565	   0.01519	[mu,kappa]: [(77.99136,15.87395),1.35113]
	 481.74343	   0.01430	[mu,kappa]: [(118.35423,12.12514),1.51244]
	 493.91874	   0.01466	[mu,kappa]: [(122.81942,20.27535),1.69512]
	 591.29400	   0.01755	[mu,kappa]: [(139.75785,354.44013),2.19269]
	 698.61199	   0.02074	[mu,kappa]: [(151.05912,331.36648),4.17967]
	 753.55003	   0.02236	[mu,kappa]: [(23.55087,12.02409),4.59121]
	 552.98774	   0.01642	[mu,kappa]: [(39.42558,355.35474),2.18279]
	1055.58724	   0.03132	[mu,kappa]: [(17.16972,13.55637),7.65087]
	1822.64077	   0.05407	[mu,kappa]: [(169.37438,341.91751),16.25204]
	 508.76530	   0.01510	[mu,kappa]: [(64.13343,330.05343),1.66590]
	2469.45829	   0.07326	[mu,kappa]: [(172.19892,356.59699),23.40697]
	1166.98456	   0.03463	[mu,kappa]: [(15.68531,5.15392),8.50634]
	1282.65065	   0.03806	[mu,kappa]: [(14.38034,357.14233),9.73310]
	 617.76922	   0.01834	[mu,kappa]: [(41.61101,335.01617),2.34016]
	 495.13935	   0.01470	[mu,kappa]: [(62.38453,3.75482),1.44249]
	 613.08576	   0.01820	[mu,kappa]: [(140.14605,342.79414),2.32995]
	 732.04014	   0.02173	[mu,kappa]: [(151.25356,329.68862),4.34811]
	 533.32253	   0.01583	[mu,kappa]: [(49.38534,341.39130),1.84545]
	 560.77306	   0.01665	[mu,kappa]: [(35.08866,357.35679),2.49666]
	 524.72642	   0.01558	[mu,kappa]: [(124.87930,342.51498),1.67737]
	 681.90716	   0.02024	[mu,kappa]: [(150.77502,9.16771),3.49823]
	 698.80429	   0.02074	[mu,kappa]: [(142.06024,319.63419),3.45837]
	 511.78007	   0.01519	[mu,kappa]: [(116.75767,10.13339),1.47330]
	 613.86668	   0.01822	[mu,kappa]: [(45.15613,41.39749),2.83504]
	 537.28862	   0.01595	[mu,kappa]: [(129.04077,20.19164),1.87918]
	1218.61899	   0.03616	[mu,kappa]: [(164.35336,359.30708),9.34349]
	 601.84616	   0.01787	[mu,kappa]: [(56.82185,313.16204),2.51687]
	 765.61073	   0.02272	[mu,kappa]: [(23.80568,12.10143),4.51542]
	 514.40623	   0.01527	[mu,kappa]: [(45.77683,12.34806),1.91846]
	 540.54014	   0.01605	[mu,kappa]: [(62.13847,33.77101),1.82666]
	 561.52645	   0.01667	[mu,kappa]: [(48.01295,29.56548),2.14178]
	 598.51903	   0.01777	[mu,kappa]: [(33.71032,359.72955),2.62297]
	 554.40244	   0.01646	[mu,kappa]: [(123.56043,332.60548),1.79019]
			msglen: 771908.77326 bits.
Iteration #: 15
	 570.67910	   0.01694	[mu,kappa]: [(107.84322,49.14311),2.44267]
	 636.18105	   0.01888	[mu,kappa]: [(107.72826,301.69860),3.11119]
	 518.80782	   0.01540	[mu,kappa]: [(94.07014,321.13454),1.70415]
	 658.52524	   0.01955	[mu,kappa]: [(32.30767,333.40831),3.43625]
	 879.17191	   0.02609	[mu,kappa]: [(96.74661,63.82203),4.66563]
	 563.30301	   0.01672	[mu,kappa]: [(85.52485,50.61345),2.34716]
	 539.86962	   0.01603	[mu,kappa]: [(39.55502,357.11485),2.22538]
	 589.59791	   0.01750	[mu,kappa]: [(145.15506,0.19464),2.69321]
	 675.67329	   0.02005	[mu,kappa]: [(152.87287,357.87572),3.97224]
	2356.17337	   0.06990	[mu,kappa]: [(8.62489,6.95340),21.09880]
	 506.98132	   0.01505	[mu,kappa]: [(111.34466,354.62031),1.39971]
	 630.95573	   0.01873	[mu,kappa]: [(113.02950,304.46582),2.92444]
	 492.35217	   0.01462	[mu,kappa]: [(78.83238,21.56106),1.43236]
	 464.07709	   0.01378	[mu,kappa]: [(118.04305,17.82933),1.59468]
	 482.50968	   0.01433	[mu,kappa]: [(121.59657,28.31331),1.85783]
	 569.68967	   0.01691	[mu,kappa]: [(139.83406,354.60583),2.25193]
	 695.40980	   0.02064	[mu,kappa]: [(149.41771,325.89579),4.38687]
	 737.40115	   0.02189	[mu,kappa]: [(24.05598,13.97947),4.69177]
	 533.38690	   0.01583	[mu,kappa]: [(39.62800,351.85338),2.24651]
	1038.58088	   0.03082	[mu,kappa]: [(17.53431,15.42710),7.76879]
	1793.13545	   0.05320	[mu,kappa]: [(169.47017,341.16473),16.83667]
	 505.52271	   0.01501	[mu,kappa]: [(66.02272,320.63686),1.92408]
	2501.37590	   0.07420	[mu,kappa]: [(172.74430,357.89925),25.81179]
	1147.94622	   0.03406	[mu,kappa]: [(15.83910,4.86092),8.64283]
	1266.78275	   0.03759	[mu,kappa]: [(14.46834,355.01754),9.95815]
	 613.08673	   0.01820	[mu,kappa]: [(44.07949,325.89284),2.56213]
	 473.19211	   0.01405	[mu,kappa]: [(62.48939,4.53772),1.47261]
	 594.02000	   0.01763	[mu,kappa]: [(139.41747,338.68897),2.41535]
	 731.43192	   0.02171	[mu,kappa]: [(149.43878,324.00861),4.57639]
	 519.58769	   0.01543	[mu,kappa]: [(50.73097,333.61569),1.97777]
	 542.04002	   0.01609	[mu,kappa]: [(35.26705,354.47635),2.56483]
	 505.90286	   0.01502	[mu,kappa]: [(123.79322,337.30049),1.75139]
	 673.37632	   0.01999	[mu,kappa]: [(150.03093,15.57804),3.68081]
	 716.36063	   0.02126	[mu,kappa]: [(138.30722,312.11888),3.84816]
	 491.80051	   0.01460	[mu,kappa]: [(116.61351,15.11869),1.54145]
	 633.78774	   0.01881	[mu,kappa]: [(49.71475,49.31882),3.27996]
	 526.67660	   0.01564	[mu,kappa]: [(127.58056,28.42626),2.05537]
	1203.40753	   0.03571	[mu,kappa]: [(163.72610,2.90831),9.32376]
	 655.90111	   0.01947	[mu,kappa]: [(61.19166,304.43598),3.25353]
	 749.02202	   0.02223	[mu,kappa]: [(24.31290,14.10252),4.61661]
	 495.05142	   0.01470	[mu,kappa]: [(46.39212,15.80412),1.97802]
	 539.56320	   0.01602	[mu,kappa]: [(65.48923,42.23648),2.10638]
	 554.32559	   0.01646	[mu,kappa]: [(50.98675,37.29957),2.34548]
	 578.63896	   0.01718	[mu,kappa]: [(33.84005,357.72600),2.69054]
	 542.73729	   0.01611	[mu,kappa]: [(121.06470,324.92019),1.94947]
			msglen: 770754.37383 bits.
Iteration #: 16
	 599.94468	   0.01781	[mu,kappa]: [(106.75467,55.31106),3.19935]
	 716.43512	   0.02126	[mu,kappa]: [(104.49153,296.55095),4.16197]
	 503.77992	   0.01496	[mu,kappa]: [(92.59806,313.29978),2.06488]
	 653.77327	   0.01941	[mu,kappa]: [(34.25458,325.65485),3.81362]
	1135.99151	   0.03371	[mu,kappa]: [(96.92081,66.50440),6.20987]
	 589.58510	   0.01750	[mu,kappa]: [(86.69279,56.53956),3.06533]
	 507.59600	   0.01507	[mu,kappa]: [(39.03272,354.62044),2.36173]
	 559.86074	   0.01662	[mu,kappa]: [(145.64204,2.94090),2.89010]
	 658.81868	   0.01955	[mu,kappa]: [(152.94948,0.82782),4.25044]
	2428.01762	   0.07203	[mu,kappa]: [(8.09229,8.37398),23.20351]
	 465.16705	   0.01381	[mu,kappa]: [(111.60447,353.37274),1.45435]
	 686.00842	   0.02036	[mu,kappa]: [(109.36340,298.77933),3.80860]
	 457.25846	   0.01358	[mu,kappa]: [(79.31713,27.20477),1.56562]
	 432.38345	   0.01284	[mu,kappa]: [(118.05804,23.66363),1.74301]
	 460.94502	   0.01369	[mu,kappa]: [(120.63976,35.72905),2.14079]
	 533.87846	   0.01585	[mu,kappa]: [(140.49151,355.03471),2.39190]
	 692.95485	   0.02057	[mu,kappa]: [(147.86369,320.87414),4.78239]
	 722.19754	   0.02143	[mu,kappa]: [(24.50297,16.44986),4.91290]
	 503.18870	   0.01494	[mu,kappa]: [(39.36618,347.70501),2.39941]
	1028.42774	   0.03052	[mu,kappa]: [(18.06306,17.91443),7.90429]
	1770.56707	   0.05253	[mu,kappa]: [(169.43709,340.36233),17.19726]
	 499.13708	   0.01482	[mu,kappa]: [(67.51163,312.46939),2.35988]
	2538.08437	   0.07529	[mu,kappa]: [(173.22292,359.14374),28.17371]
	1134.13493	   0.03365	[mu,kappa]: [(16.12171,4.82594),8.74412]
	1255.35017	   0.03725	[mu,kappa]: [(14.72569,352.77938),10.10273]
	 608.48978	   0.01806	[mu,kappa]: [(46.65965,317.54029),2.98772]
	 435.58805	   0.01293	[mu,kappa]: [(61.78221,5.14404),1.53766]
	 562.02541	   0.01668	[mu,kappa]: [(139.02069,334.52631),2.59469]
	 733.37034	   0.02177	[mu,kappa]: [(147.69561,318.84899),5.00524]
	 497.47103	   0.01477	[mu,kappa]: [(51.97302,325.72900),2.23518]
	 514.51518	   0.01527	[mu,kappa]: [(35.02538,351.06403),2.73164]
	 472.58512	   0.01403	[mu,kappa]: [(122.86654,331.82308),1.89064]
	 665.29895	   0.01975	[mu,kappa]: [(149.17987,22.56112),4.08092]
	 742.93863	   0.02205	[mu,kappa]: [(134.91063,306.12097),4.51241]
	 456.18169	   0.01354	[mu,kappa]: [(116.82410,20.31463),1.66530]
	 666.93153	   0.01980	[mu,kappa]: [(53.22393,55.32814),4.05212]
	 507.09686	   0.01505	[mu,kappa]: [(126.35289,36.00842),2.37500]
	1206.58082	   0.03580	[mu,kappa]: [(162.89503,7.48457),9.35914]
	 748.88593	   0.02223	[mu,kappa]: [(64.02819,298.62054),4.44222]
	 733.14378	   0.02176	[mu,kappa]: [(24.75466,16.61639),4.83993]
	 463.43258	   0.01376	[mu,kappa]: [(46.37462,19.43002),2.11247]
	 533.84788	   0.01585	[mu,kappa]: [(67.97258,49.06586),2.55343]
	 541.73536	   0.01608	[mu,kappa]: [(53.46894,44.11316),2.71493]
	 549.93940	   0.01633	[mu,kappa]: [(33.52670,355.32897),2.85776]
	 520.45573	   0.01545	[mu,kappa]: [(118.57524,317.77780),2.22206]
			msglen: 769380.46391 bits.
Iteration #: 17
	 631.42829	   0.01874	[mu,kappa]: [(106.85574,58.68312),4.09907]
	 809.23436	   0.02402	[mu,kappa]: [(102.76148,293.68213),5.34369]
	 481.62266	   0.01430	[mu,kappa]: [(91.31310,307.71753),2.54058]
	 653.94993	   0.01941	[mu,kappa]: [(36.08466,319.38497),4.42624]
	1383.79298	   0.04106	[mu,kappa]: [(97.38559,67.63722),7.29268]
	 614.60420	   0.01824	[mu,kappa]: [(87.05096,59.85914),3.88005]
	 467.63615	   0.01388	[mu,kappa]: [(38.01843,352.41418),2.59626]
	 525.34220	   0.01560	[mu,kappa]: [(146.45053,6.26341),3.23784]
	 644.29688	   0.01912	[mu,kappa]: [(153.10673,4.55050),4.71447]
	2493.65366	   0.07397	[mu,kappa]: [(7.63829,10.12770),25.17995]
	 410.39049	   0.01219	[mu,kappa]: [(112.34083,352.37532),1.53979]
	 749.09522	   0.02223	[mu,kappa]: [(107.37240,295.46071),4.86813]
	 410.99229	   0.01220	[mu,kappa]: [(79.35973,32.11527),1.75257]
	 391.31945	   0.01162	[mu,kappa]: [(118.57158,28.82039),1.96906]
	 433.45035	   0.01287	[mu,kappa]: [(120.43066,41.39086),2.55786]
	 489.39843	   0.01453	[mu,kappa]: [(141.70738,356.02870),2.63766]
	 693.58776	   0.02059	[mu,kappa]: [(146.68554,316.88569),5.38779]
	 710.58613	   0.02109	[mu,kappa]: [(24.96229,19.56473),5.26738]
	 465.85695	   0.01383	[mu,kappa]: [(38.69592,343.91041),2.65831]
	1027.42843	   0.03049	[mu,kappa]: [(18.77071,21.09744),8.07415]
	1756.61967	   0.05211	[mu,kappa]: [(169.27880,339.34259),17.32693]
	 490.66563	   0.01457	[mu,kappa]: [(68.12771,306.77906),2.97225]
	2576.01010	   0.07642	[mu,kappa]: [(173.65199,0.09273),30.43442]
	1126.80852	   0.03343	[mu,kappa]: [(16.51511,5.21118),8.82551]
	1249.85517	   0.03708	[mu,kappa]: [(15.13167,350.53992),10.19107]
	 606.79869	   0.01801	[mu,kappa]: [(48.57363,311.38648),3.65478]
	 386.80022	   0.01149	[mu,kappa]: [(60.32512,5.88158),1.64476]
	 521.38879	   0.01548	[mu,kappa]: [(139.18459,331.17274),2.88635]
	 740.11962	   0.02197	[mu,kappa]: [(146.34597,314.76249),5.65699]
	 469.71930	   0.01395	[mu,kappa]: [(52.72755,319.36287),2.63312]
	 481.38182	   0.01429	[mu,kappa]: [(34.43573,347.99843),3.01530]
	 428.39584	   0.01272	[mu,kappa]: [(122.48466,327.22944),2.09903]
	 666.31844	   0.01978	[mu,kappa]: [(148.25792,29.04938),4.77221]
	 778.27911	   0.02310	[mu,kappa]: [(132.74513,301.99857),5.45885]
	 409.95464	   0.01217	[mu,kappa]: [(117.51746,25.07229),1.85568]
	 719.10812	   0.02134	[mu,kappa]: [(54.81343,59.32611),5.19121]
	 483.60677	   0.01436	[mu,kappa]: [(125.91656,41.76436),2.86609]
	1232.44547	   0.03657	[mu,kappa]: [(161.82596,12.75755),9.47956]
	 878.67245	   0.02608	[mu,kappa]: [(64.94639,295.36787),5.95844]
	 720.77132	   0.02139	[mu,kappa]: [(25.20417,19.76857),5.19888]
	 423.92011	   0.01259	[mu,kappa]: [(45.75226,23.09390),2.34173]
	 525.29190	   0.01559	[mu,kappa]: [(68.94505,53.70648),3.15806]
	 528.26656	   0.01568	[mu,kappa]: [(54.78783,49.29894),3.28369]
	 515.78281	   0.01531	[mu,kappa]: [(32.86211,353.28479),3.14284]
	 489.35209	   0.01453	[mu,kappa]: [(116.84149,312.40070),2.60355]
			msglen: 768072.19056 bits.
Iteration #: 18
	 657.82411	   0.01953	[mu,kappa]: [(107.96041,60.20352),4.97145]
	 885.85060	   0.02629	[mu,kappa]: [(102.20531,292.24362),6.37885]
	 455.15314	   0.01351	[mu,kappa]: [(90.35089,304.31350),3.07928]
	 662.68118	   0.01967	[mu,kappa]: [(37.49654,314.86724),5.27148]
	1543.54737	   0.04580	[mu,kappa]: [(98.05677,67.98716),7.84769]
	 630.15563	   0.01870	[mu,kappa]: [(86.75632,61.44319),4.61579]
	 427.52377	   0.01269	[mu,kappa]: [(36.81582,350.96314),2.92130]
	 495.27148	   0.01470	[mu,kappa]: [(147.27202,9.82501),3.73733]
	 637.61245	   0.01893	[mu,kappa]: [(153.13360,8.55301),5.31808]
	2543.81297	   0.07546	[mu,kappa]: [(7.24088,11.89973),26.99421]
	 353.23450	   0.01049	[mu,kappa]: [(113.53082,351.96301),1.65328]
	 801.96336	   0.02380	[mu,kappa]: [(106.80390,293.73411),5.88012]
	 363.14317	   0.01079	[mu,kappa]: [(79.01977,36.03407),1.98405]
	 349.98270	   0.01039	[mu,kappa]: [(119.53603,32.92853),2.27018]
	 407.82625	   0.01211	[mu,kappa]: [(121.04040,45.21728),3.10220]
	 446.19587	   0.01325	[mu,kappa]: [(143.16990,357.56324),2.99199]
	 701.18994	   0.02081	[mu,kappa]: [(145.88832,313.80189),6.17246]
	 704.31345	   0.02090	[mu,kappa]: [(25.52939,23.06907),5.71093]
	 428.39222	   0.01272	[mu,kappa]: [(37.83444,341.05093),3.01546]
	1033.18617	   0.03066	[mu,kappa]: [(19.63691,24.68274),8.26787]
	1744.67519	   0.05176	[mu,kappa]: [(169.00784,337.77163),17.28092]
	 481.87492	   0.01431	[mu,kappa]: [(67.87480,303.38984),3.71749]
	2602.45010	   0.07720	[mu,kappa]: [(174.05510,0.40330),32.64687]
	1122.45352	   0.03331	[mu,kappa]: [(16.98471,5.83060),8.88985]
	1247.42947	   0.03701	[mu,kappa]: [(15.65595,348.13295),10.25461]
	 611.93419	   0.01816	[mu,kappa]: [(49.50782,307.44330),4.55661]
	 336.29976	   0.00999	[mu,kappa]: [(58.46353,6.98469),1.79259]
	 480.87190	   0.01428	[mu,kappa]: [(139.82512,328.85037),3.28783]
	 755.39056	   0.02242	[mu,kappa]: [(145.42131,311.59696),6.49986]
	 442.03241	   0.01313	[mu,kappa]: [(52.85409,314.98478),3.16272]
	 448.76763	   0.01332	[mu,kappa]: [(33.72009,345.75018),3.40348]
	 381.69731	   0.01134	[mu,kappa]: [(122.78559,323.96404),2.36687]
	 685.74025	   0.02035	[mu,kappa]: [(147.30751,34.45023),5.74756]
	 823.03638	   0.02443	[mu,kappa]: [(131.91149,299.29011),6.61743]
	 363.05051	   0.01078	[mu,kappa]: [(118.61281,29.03351),2.11086]
	 796.96419	   0.02365	[mu,kappa]: [(54.81725,61.98334),6.62519]
	 464.80766	   0.01380	[mu,kappa]: [(126.35841,45.63889),3.53512]
	1276.96833	   0.03789	[mu,kappa]: [(160.54908,18.14570),9.67589]
	1021.56993	   0.03031	[mu,kappa]: [(64.48662,293.69217),7.44746]
	 713.89936	   0.02119	[mu,kappa]: [(25.76215,23.30383),5.64948]
	 385.14565	   0.01144	[mu,kappa]: [(44.85724,26.66856),2.66920]
	 518.56977	   0.01540	[mu,kappa]: [(68.52951,56.58540),3.87903]
	 522.05814	   0.01550	[mu,kappa]: [(54.96347,52.97747),4.05989]
	 482.43406	   0.01432	[mu,kappa]: [(32.09498,351.96784),3.53055]
	 455.01849	   0.01351	[mu,kappa]: [(116.14782,308.89069),3.06821]
			msglen: 766961.85247 bits.
Iteration #: 19
	 675.54468	   0.02005	[mu,kappa]: [(109.59340,60.78877),5.74632]
	 933.68464	   0.02771	[mu,kappa]: [(102.28570,291.57115),7.17983]
	 428.87771	   0.01273	[mu,kappa]: [(89.69153,302.44760),3.64169]
	 681.76168	   0.02024	[mu,kappa]: [(38.47250,311.69392),6.28411]
	1614.51066	   0.04790	[mu,kappa]: [(98.83609,67.97715),8.10973]
	 632.95756	   0.01879	[mu,kappa]: [(86.08363,62.09601),5.21222]
	 392.28045	   0.01165	[mu,kappa]: [(35.78564,350.03948),3.31133]
	 473.25530	   0.01405	[mu,kappa]: [(147.82094,13.12706),4.34013]
	 637.13373	   0.01891	[mu,kappa]: [(152.92687,12.26186),5.96238]
	2572.68381	   0.07632	[mu,kappa]: [(6.87918,13.43720),28.69560]
	 301.55627	   0.00896	[mu,kappa]: [(114.86940,351.86896),1.79071]
	 836.65004	   0.02483	[mu,kappa]: [(107.01972,292.89737),6.72421]
	 320.13951	   0.00951	[mu,kappa]: [(78.43715,38.95073),2.24823]
	 314.03215	   0.00933	[mu,kappa]: [(120.68180,35.97330),2.63425]
	 388.44318	   0.01154	[mu,kappa]: [(122.12118,47.68875),3.75821]
	 409.89946	   0.01217	[mu,kappa]: [(144.44805,359.18278),3.42922]
	 716.36831	   0.02126	[mu,kappa]: [(145.27624,311.28688),7.05427]
	 700.89801	   0.02080	[mu,kappa]: [(26.21989,26.43596),6.17820]
	 395.70716	   0.01175	[mu,kappa]: [(37.10412,338.93442),3.44701]
	1039.03817	   0.03083	[mu,kappa]: [(20.58487,28.19295),8.47807]
	1725.52010	   0.05119	[mu,kappa]: [(168.65235,335.48467),17.18905]
	 475.22364	   0.01411	[mu,kappa]: [(67.16088,301.58450),4.52884]
	2609.08324	   0.07740	[mu,kappa]: [(174.44956,359.90871),34.98584]
	1114.58751	   0.03307	[mu,kappa]: [(17.48273,6.34183),8.95016]
	1243.08596	   0.03688	[mu,kappa]: [(16.26131,345.37586),10.34137]
	 626.51946	   0.01860	[mu,kappa]: [(49.72447,305.05999),5.61311]
	 290.90636	   0.00864	[mu,kappa]: [(56.62228,8.21322),1.97467]
	 446.54556	   0.01326	[mu,kappa]: [(140.49983,327.16598),3.77792]
	 779.48278	   0.02313	[mu,kappa]: [(144.74596,309.01969),7.44499]
	 419.57255	   0.01246	[mu,kappa]: [(52.63309,312.16194),3.80594]
	 420.48995	   0.01249	[mu,kappa]: [(33.15976,344.08466),3.86177]
	 339.59221	   0.01009	[mu,kappa]: [(123.41218,321.69822),2.68807]
	 723.68549	   0.02148	[mu,kappa]: [(146.37464,38.75951),6.89541]
	 876.93275	   0.02602	[mu,kappa]: [(131.90614,297.40522),7.82793]
	 321.79757	   0.00956	[mu,kappa]: [(119.83524,32.07616),2.41961]
	 899.36171	   0.02669	[mu,kappa]: [(54.12000,63.97115),8.14228]
	 455.23766	   0.01352	[mu,kappa]: [(127.28740,48.17001),4.36864]
	1327.54461	   0.03939	[mu,kappa]: [(159.18333,23.13354),9.93974]
	1150.19884	   0.03413	[mu,kappa]: [(63.46810,292.78165),8.62659]
	 710.14802	   0.02108	[mu,kappa]: [(26.44742,26.69478),6.12544]
	 352.45491	   0.01047	[mu,kappa]: [(44.06448,29.85639),3.08020]
	 516.21284	   0.01533	[mu,kappa]: [(67.33897,58.33028),4.67136]
	 527.16130	   0.01565	[mu,kappa]: [(54.52068,55.54345),5.00656]
	 453.43852	   0.01346	[mu,kappa]: [(31.49953,351.09972),3.98082]
	 423.79397	   0.01258	[mu,kappa]: [(116.14665,306.72967),3.59918]
			msglen: 766066.53682 bits.
Iteration #: 20
	 686.21071	   0.02037	[mu,kappa]: [(111.24883,60.99096),6.42601]
	 960.00376	   0.02849	[mu,kappa]: [(102.51800,291.30207),7.78506]
	 407.02971	   0.01209	[mu,kappa]: [(89.27541,301.58447),4.20799]
	 708.84908	   0.02104	[mu,kappa]: [(39.04167,309.47687),7.32509]
	1631.80923	   0.04841	[mu,kappa]: [(99.57338,67.83308),8.28152]
	 626.81583	   0.01861	[mu,kappa]: [(85.29101,62.26225),5.70990]
	 363.48286	   0.01080	[mu,kappa]: [(35.14092,349.31206),3.73459]
	 457.59511	   0.01359	[mu,kappa]: [(148.01391,15.81974),4.97404]
	 637.72991	   0.01893	[mu,kappa]: [(152.52685,15.30294),6.57069]
	2585.29848	   0.07669	[mu,kappa]: [(6.54421,14.70063),30.35103]
	 258.59488	   0.00768	[mu,kappa]: [(115.99221,351.72721),1.94850]
	 857.25910	   0.02544	[mu,kappa]: [(107.41278,292.54489),7.38100]
	 284.34779	   0.00845	[mu,kappa]: [(77.76424,40.97636),2.53762]
	 284.98719	   0.00847	[mu,kappa]: [(121.71305,38.11709),3.04414]
	 375.78790	   0.01116	[mu,kappa]: [(123.24817,49.28799),4.48995]
	 381.08187	   0.01132	[mu,kappa]: [(145.28675,0.48463),3.90802]
	 735.67749	   0.02183	[mu,kappa]: [(144.76926,309.28300),7.92328]
	 696.86768	   0.02068	[mu,kappa]: [(26.97736,29.23908),6.62326]
	 369.52824	   0.01097	[mu,kappa]: [(36.70898,337.26944),3.92154]
	1039.87987	   0.03086	[mu,kappa]: [(21.51877,31.25251),8.70659]
	1696.96738	   0.05035	[mu,kappa]: [(168.23599,332.62958),17.17895]
	 472.07497	   0.01402	[mu,kappa]: [(66.43722,300.77025),5.31035]
	2601.37682	   0.07717	[mu,kappa]: [(174.83302,358.71749),37.59824]
	1099.78204	   0.03263	[mu,kappa]: [(17.97522,6.53833),9.02551]
	1234.97751	   0.03664	[mu,kappa]: [(16.90747,342.32881),10.49428]
	 648.22785	   0.01924	[mu,kappa]: [(49.56361,303.66924),6.64136]
	 253.30877	   0.00753	[mu,kappa]: [(55.11294,9.24604),2.18286]
	 420.06709	   0.01247	[mu,kappa]: [(140.84931,325.84359),4.32136]
	 808.04705	   0.02398	[mu,kappa]: [(144.24616,306.95980),8.36902]
	 404.68923	   0.01202	[mu,kappa]: [(52.37873,310.42496),4.51566]
	 397.53402	   0.01181	[mu,kappa]: [(32.91153,342.71298),4.34991]
	 305.55332	   0.00908	[mu,kappa]: [(123.91382,320.08219),3.05824]
	 771.91559	   0.02291	[mu,kappa]: [(145.58251,42.15592),8.05166]
	 932.83943	   0.02768	[mu,kappa]: [(132.26136,296.00097),8.88147]
	 288.04687	   0.00856	[mu,kappa]: [(120.90089,34.26218),2.76649]
	1011.97681	   0.03003	[mu,kappa]: [(53.32836,65.64134),9.46475]
	 454.49146	   0.01349	[mu,kappa]: [(128.26692,49.87503),5.30215]
	1372.72774	   0.04073	[mu,kappa]: [(157.88192,27.40475),10.26836]
	1248.43365	   0.03704	[mu,kappa]: [(62.45570,292.19741),9.39550]
	 705.99077	   0.02095	[mu,kappa]: [(27.20333,29.51472),6.57927]
	 327.06772	   0.00972	[mu,kappa]: [(43.59165,32.40072),3.54725]
	 518.28162	   0.01539	[mu,kappa]: [(66.02379,59.34922),5.47532]
	 541.66422	   0.01608	[mu,kappa]: [(53.96824,57.28597),6.00031]
	 429.43139	   0.01275	[mu,kappa]: [(31.21800,350.35943),4.45018]
	 399.68999	   0.01187	[mu,kappa]: [(116.34468,305.49916),4.17542]
			msglen: 765404.14847 bits.
Iteration #: 21
	 692.15848	   0.02054	[mu,kappa]: [(112.58707,61.07533),6.99142]
	 975.71443	   0.02895	[mu,kappa]: [(102.61069,291.24684),8.23188]
	 392.12639	   0.01164	[mu,kappa]: [(89.04218,301.35762),4.76244]
	 738.68905	   0.02192	[mu,kappa]: [(39.23255,307.91173),8.24535]
	1625.50794	   0.04823	[mu,kappa]: [(100.11994,67.67475),8.44388]
	 618.16097	   0.01835	[mu,kappa]: [(84.55163,62.14115),6.15153]
	 341.21005	   0.01013	[mu,kappa]: [(34.89096,348.66484),4.16063]
	 446.07833	   0.01325	[mu,kappa]: [(147.93285,17.72941),5.57883]
	 636.89209	   0.01890	[mu,kappa]: [(152.03128,17.49522),7.10927]
	2590.91601	   0.07686	[mu,kappa]: [(6.23899,15.81254),31.96878]
	 224.91421	   0.00669	[mu,kappa]: [(116.72322,351.37891),2.12128]
	 869.82055	   0.02581	[mu,kappa]: [(107.63171,292.46924),7.85075]
	 256.39767	   0.00762	[mu,kappa]: [(77.12046,42.29699),2.84788]
	 262.68288	   0.00781	[mu,kappa]: [(122.46278,39.55818),3.47510]
	 368.50678	   0.01094	[mu,kappa]: [(124.16348,50.33075),5.21985]
	 358.92304	   0.01066	[mu,kappa]: [(145.66454,1.28851),4.39226]
	 755.05684	   0.02241	[mu,kappa]: [(144.40176,307.84964),8.67806]
	 691.25785	   0.02052	[mu,kappa]: [(27.73510,31.32363),7.02074]
	 349.96314	   0.01039	[mu,kappa]: [(36.64799,335.95192),4.40421]
	1035.31863	   0.03072	[mu,kappa]: [(22.36822,33.72540),8.94791]
	1663.68710	   0.04936	[mu,kappa]: [(167.77027,329.52742),17.30343]
	 471.95389	   0.01401	[mu,kappa]: [(65.97339,300.55044),5.96383]
	2589.32115	   0.07681	[mu,kappa]: [(175.18961,357.15331),40.47548]
	1079.59178	   0.03203	[mu,kappa]: [(18.45094,6.41721),9.11819]
	1225.24284	   0.03635	[mu,kappa]: [(17.55196,339.19976),10.72239]
	 670.83470	   0.01991	[mu,kappa]: [(49.23191,302.88112),7.45914]
	 223.93032	   0.00666	[mu,kappa]: [(54.05178,9.97570),2.40697]
	 401.24954	   0.01192	[mu,kappa]: [(140.80499,324.88313),4.87934]
	 835.74703	   0.02480	[mu,kappa]: [(143.94291,305.44225),9.16072]
	 396.84561	   0.01178	[mu,kappa]: [(52.22835,309.45201),5.20435]
	 379.90467	   0.01128	[mu,kappa]: [(32.95977,341.56095),4.83155]
	 280.44293	   0.00833	[mu,kappa]: [(124.08827,318.96536),3.46555]
	 820.43537	   0.02435	[mu,kappa]: [(145.06007,44.83165),9.07067]
	 980.55206	   0.02910	[mu,kappa]: [(132.75100,294.90958),9.65140]
	 261.76587	   0.00778	[mu,kappa]: [(121.65891,35.74434),3.13168]
	1115.06353	   0.03309	[mu,kappa]: [(52.63884,67.11962),10.42809]
	 459.23946	   0.01364	[mu,kappa]: [(129.08250,51.07541),6.20195]
	1408.27077	   0.04178	[mu,kappa]: [(156.77283,30.84727),10.64222]
	1312.77789	   0.03895	[mu,kappa]: [(61.67956,291.74506),9.79188]
	 700.37691	   0.02079	[mu,kappa]: [(27.96135,31.60934),6.98447]
	 308.57162	   0.00917	[mu,kappa]: [(43.47645,34.23064),4.03524]
	 523.62817	   0.01555	[mu,kappa]: [(64.99203,59.85135),6.20281]
	 560.11343	   0.01663	[mu,kappa]: [(53.55049,58.38534),6.86388]
	 410.37899	   0.01219	[mu,kappa]: [(31.23786,349.66255),4.90446]
	 383.77906	   0.01140	[mu,kappa]: [(116.43857,304.95822),4.75047]
			msglen: 764962.07368 bits.
Iteration #: 22
	 694.65503	   0.02062	[mu,kappa]: [(113.50529,61.14077),7.41493]
	 987.45142	   0.02930	[mu,kappa]: [(102.49015,291.28845),8.54391]
	 384.44479	   0.01142	[mu,kappa]: [(88.93716,301.50540),5.28578]
	 766.65824	   0.02275	[mu,kappa]: [(39.11445,306.73160),8.97738]
	1613.10800	   0.04786	[mu,kappa]: [(100.41344,67.55652),8.60345]
	 611.85564	   0.01816	[mu,kappa]: [(83.95326,61.82894),6.54986]
	 324.75136	   0.00965	[mu,kappa]: [(34.92183,348.11499),4.56608]
	 437.75381	   0.01300	[mu,kappa]: [(147.69809,18.85763),6.12121]
	 635.13803	   0.01885	[mu,kappa]: [(151.51843,18.84979),7.56855]
	2595.10574	   0.07698	[mu,kappa]: [(5.97220,16.94051),33.50256]
	 199.55549	   0.00593	[mu,kappa]: [(117.12124,350.84701),2.30162]
	 878.07095	   0.02606	[mu,kappa]: [(107.59292,292.54806),8.15056]
	 235.90178	   0.00701	[mu,kappa]: [(76.58099,43.13758),3.17509]
	 246.27479	   0.00732	[mu,kappa]: [(122.91395,40.48421),3.89845]
	 364.54393	   0.01083	[mu,kappa]: [(124.80727,51.00241),5.85669]
	 342.75228	   0.01018	[mu,kappa]: [(145.68686,1.60449),4.86243]
	 771.93130	   0.02291	[mu,kappa]: [(144.19518,306.94965),9.26266]
	 684.99318	   0.02033	[mu,kappa]: [(28.45013,32.77007),7.35967]
	 336.16539	   0.00999	[mu,kappa]: [(36.80341,334.95343),4.86442]
	1027.78502	   0.03050	[mu,kappa]: [(23.10341,35.68992),9.19126]
	1631.34781	   0.04840	[mu,kappa]: [(167.26710,326.47158),17.54632]
	 473.49487	   0.01406	[mu,kappa]: [(65.82532,300.67374),6.44422]
	2577.25917	   0.07645	[mu,kappa]: [(175.50498,355.61963),43.47323]
	1057.45125	   0.03138	[mu,kappa]: [(18.90820,6.09872),9.21518]
	1216.86070	   0.03611	[mu,kappa]: [(18.15544,336.14982),11.00944]
	 689.35258	   0.02046	[mu,kappa]: [(48.83049,302.43755),8.01010]
	 201.87146	   0.00600	[mu,kappa]: [(53.38509,10.48817),2.63532]
	 389.36670	   0.01156	[mu,kappa]: [(140.48430,324.34917),5.41912]
	 859.17824	   0.02550	[mu,kappa]: [(143.83470,304.40186),9.76697]
	 393.73458	   0.01169	[mu,kappa]: [(52.18791,308.99922),5.78922]
	 367.07424	   0.01090	[mu,kappa]: [(33.19754,340.64258),5.27993]
	 263.47008	   0.00783	[mu,kappa]: [(123.98365,318.27235),3.88991]
	 862.61656	   0.02560	[mu,kappa]: [(144.84167,46.99854),9.88253]
	1014.88469	   0.03012	[mu,kappa]: [(133.28738,294.01771),10.15003]
	 242.12216	   0.00720	[mu,kappa]: [(122.10770,36.70734),3.49443]
	1196.40262	   0.03550	[mu,kappa]: [(52.04968,68.44434),11.04649]
	 465.41679	   0.01382	[mu,kappa]: [(129.71493,51.95241),6.93990]
	1435.55480	   0.04259	[mu,kappa]: [(155.91851,33.54652),11.03102]
	1348.99261	   0.04002	[mu,kappa]: [(61.16229,291.35373),9.93075]
	 694.17168	   0.02060	[mu,kappa]: [(28.67695,33.06004),7.32965]
	 295.95113	   0.00879	[mu,kappa]: [(43.64591,35.44306),4.51062]
	 530.50261	   0.01575	[mu,kappa]: [(64.36598,59.95902),6.77810]
	 577.17555	   0.01713	[mu,kappa]: [(53.30249,58.98427),7.48651]
	 395.95322	   0.01176	[mu,kappa]: [(31.46293,349.05100),5.32191]
	 374.89774	   0.01113	[mu,kappa]: [(116.35109,304.92001),5.26748]
			msglen: 764682.65226 bits.
Iteration #: 23
	 694.57166	   0.02062	[mu,kappa]: [(114.05805,61.20499),7.69935]
	 997.86628	   0.02961	[mu,kappa]: [(102.20953,291.34729),8.74923]
	 382.60908	   0.01136	[mu,kappa]: [(88.91327,301.85094),5.75965]
	 790.78090	   0.02347	[mu,kappa]: [(38.77583,305.73551),9.54125]
	1602.44010	   0.04754	[mu,kappa]: [(100.48639,67.49464),8.74892]
	 609.71450	   0.01810	[mu,kappa]: [(83.51918,61.38862),6.89922]
	 312.87882	   0.00929	[mu,kappa]: [(35.10221,347.68681),4.93850]
	 432.31332	   0.01284	[mu,kappa]: [(147.39285,19.33383),6.59185]
	 633.80175	   0.01881	[mu,kappa]: [(151.02361,19.50925),7.95170]
	2599.00691	   0.07710	[mu,kappa]: [(5.75142,18.20256),34.89902]
	 180.76980	   0.00538	[mu,kappa]: [(117.35511,350.21536),2.48198]
	 883.95515	   0.02623	[mu,kappa]: [(107.35588,292.69728),8.31998]
	 221.67208	   0.00659	[mu,kappa]: [(76.17558,43.69801),3.51458]
	 234.54930	   0.00697	[mu,kappa]: [(123.13234,41.05106),4.29165]
	 362.08772	   0.01075	[mu,kappa]: [(125.22414,51.41319),6.34982]
	 331.88442	   0.00986	[mu,kappa]: [(145.47999,1.55132),5.31357]
	 785.30311	   0.02331	[mu,kappa]: [(144.12329,306.46197),9.67486]
	 679.13572	   0.02016	[mu,kappa]: [(29.10306,33.75045),7.64129]
	 326.74893	   0.00971	[mu,kappa]: [(37.05458,334.22896),5.28390]
	1019.78334	   0.03026	[mu,kappa]: [(23.72258,37.30749),9.43099]
	1603.32209	   0.04757	[mu,kappa]: [(166.74610,323.61445),17.87197]
	 475.54776	   0.01412	[mu,kappa]: [(65.93070,300.99228),6.76762]
	2564.03999	   0.07606	[mu,kappa]: [(175.77412,354.42785),46.41819]
	1035.85647	   0.03074	[mu,kappa]: [(19.34673,5.71454),9.30366]
	1211.54569	   0.03595	[mu,kappa]: [(18.69242,333.23203),11.33906]
	 702.27344	   0.02084	[mu,kappa]: [(48.40675,302.18529),8.34287]
	 185.53105	   0.00552	[mu,kappa]: [(52.97699,10.91802),2.85797]
	 383.24009	   0.01138	[mu,kappa]: [(140.03263,324.23564),5.91866]
	 877.26061	   0.02603	[mu,kappa]: [(143.87655,303.70747),10.19590]
	 392.94240	   0.01167	[mu,kappa]: [(52.22396,308.88196),6.23791]
	 358.04238	   0.01063	[mu,kappa]: [(33.51899,339.95051),5.68151]
	 252.93634	   0.00752	[mu,kappa]: [(123.73707,317.91835),4.30921]
	 896.63121	   0.02661	[mu,kappa]: [(144.87720,48.84705),10.50080]
	1036.77226	   0.03076	[mu,kappa]: [(133.82684,293.23373),10.46628]
	 227.83048	   0.00677	[mu,kappa]: [(122.32577,37.32106),3.83946]
	1254.44389	   0.03722	[mu,kappa]: [(51.51367,69.63345),11.43298]
	 470.36889	   0.01397	[mu,kappa]: [(130.20982,52.60945),7.47092]
	1457.72928	   0.04325	[mu,kappa]: [(155.31617,35.68699),11.41354]
	1365.76723	   0.04052	[mu,kappa]: [(60.84906,291.00650),9.93362]
	 688.40384	   0.02043	[mu,kappa]: [(29.32987,34.03998),7.61608]
	 287.87244	   0.00855	[mu,kappa]: [(43.99248,36.19804),4.95075]
	 537.32604	   0.01595	[mu,kappa]: [(64.09385,59.76789),7.18061]
	 590.13874	   0.01752	[mu,kappa]: [(53.18237,59.20585),7.86857]
	 385.36112	   0.01144	[mu,kappa]: [(31.79187,348.56323),5.69339]
	 370.94337	   0.01102	[mu,kappa]: [(116.12281,305.21240),5.69197]
			msglen: 764501.91860 bits.
Iteration #: 24
	 692.79677	   0.02056	[mu,kappa]: [(114.34402,61.25894),7.87539]
	1007.68832	   0.02990	[mu,kappa]: [(101.84708,291.37410),8.87990]
	 384.76447	   0.01143	[mu,kappa]: [(88.93251,302.28974),6.17354]
	 811.11154	   0.02407	[mu,kappa]: [(38.29449,304.80053),9.99299]
	1595.81571	   0.04735	[mu,kappa]: [(100.41038,67.49096),8.87471]
	 611.42015	   0.01815	[mu,kappa]: [(83.23254,60.87085),7.19256]
	 304.32236	   0.00904	[mu,kappa]: [(35.34199,347.37517),5.27568]
	 429.43993	   0.01275	[mu,kappa]: [(147.05630,19.32128),6.99636]
	 633.71090	   0.01881	[mu,kappa]: [(150.55123,19.64397),8.26940]
	2601.93295	   0.07719	[mu,kappa]: [(5.57931,19.63830),36.12924]
	 166.73148	   0.00496	[mu,kappa]: [(117.57384,349.54787),2.65666]
	 888.50474	   0.02637	[mu,kappa]: [(107.00650,292.86124),8.40437]
	 212.23433	   0.00631	[mu,kappa]: [(75.89847,44.11408),3.86133]
	 226.25572	   0.00673	[mu,kappa]: [(123.19528,41.37451),4.64365]
	 360.08004	   0.01069	[mu,kappa]: [(125.47391,51.63130),6.70113]
	 325.46670	   0.00967	[mu,kappa]: [(145.14184,1.26492),5.74846]
	 795.08594	   0.02360	[mu,kappa]: [(144.13972,306.26404),9.94339]
	 674.17850	   0.02001	[mu,kappa]: [(29.68854,34.41592),7.87382]
	 320.35740	   0.00952	[mu,kappa]: [(37.32941,333.72002),5.65754]
	1012.76623	   0.03005	[mu,kappa]: [(24.23464,38.71771),9.66815]
	1580.79929	   0.04690	[mu,kappa]: [(166.23029,320.97873),18.25942]
	 477.54592	   0.01418	[mu,kappa]: [(66.20477,301.42384),6.97682]
	2547.62248	   0.07557	[mu,kappa]: [(175.99965,353.71037),49.19054]
	1015.86021	   0.03014	[mu,kappa]: [(19.76897,5.34925),9.37817]
	1209.77011	   0.03590	[mu,kappa]: [(19.15408,330.43559),11.70616]
	 710.21206	   0.02108	[mu,kappa]: [(47.98619,302.04546),8.53244]
	 173.27665	   0.00515	[mu,kappa]: [(52.69329,11.35454),3.06919]
	 381.46780	   0.01133	[mu,kappa]: [(139.54697,324.47289),6.36831]
	 890.22211	   0.02642	[mu,kappa]: [(144.01163,303.23738),10.48555]
	 392.91572	   0.01167	[mu,kappa]: [(52.31037,308.97775),6.56269]
	 351.72929	   0.01045	[mu,kappa]: [(33.86103,339.45050),6.03455]
	 246.98819	   0.00734	[mu,kappa]: [(123.45698,317.81050),4.70627]
	 923.58485	   0.02741	[mu,kappa]: [(145.08719,50.50962),10.98344]
	1049.57369	   0.03114	[mu,kappa]: [(134.33903,292.49095),10.69212]
	 217.52809	   0.00647	[mu,kappa]: [(122.39929,37.71365),4.15938]
	1293.39320	   0.03838	[mu,kappa]: [(50.99445,70.70571),11.70656]
	 473.26436	   0.01405	[mu,kappa]: [(130.60334,53.10364),7.82147]
	1477.15300	   0.04383	[mu,kappa]: [(154.92827,37.44380),11.78335]
	1370.29275	   0.04066	[mu,kappa]: [(60.68001,290.70231),9.88671]
	 683.54732	   0.02029	[mu,kappa]: [(29.91446,34.70146),7.85217]
	 283.01991	   0.00841	[mu,kappa]: [(44.42364,36.63696),5.34584]
	 543.26867	   0.01613	[mu,kappa]: [(64.07672,59.36251),7.43653]
	 598.66080	   0.01777	[mu,kappa]: [(53.14734,59.15120),8.06841]
	 377.63823	   0.01122	[mu,kappa]: [(32.15875,348.20214),6.01973]
	 370.00112	   0.01099	[mu,kappa]: [(115.81471,305.69585),6.02146]
			msglen: 764375.22567 bits.
Iteration #: 25
	 690.11110	   0.02048	[mu,kappa]: [(114.44817,61.29235),7.98005]
	1017.00885	   0.03018	[mu,kappa]: [(101.46048,291.34427),8.96449]
	 389.34105	   0.01156	[mu,kappa]: [(88.96704,302.76795),6.52615]
	 828.42928	   0.02459	[mu,kappa]: [(37.72900,303.86287),10.38623]
	1593.22275	   0.04727	[mu,kappa]: [(100.25054,67.54552),8.98249]
	 615.92422	   0.01828	[mu,kappa]: [(83.06054,60.31603),7.42930]
	 298.08525	   0.00886	[mu,kappa]: [(35.59760,347.16008),5.58167]
	 428.71361	   0.01273	[mu,kappa]: [(146.70150,18.95963),7.34714]
	 635.08781	   0.01885	[mu,kappa]: [(150.09218,19.39473),8.53557]
	2603.25277	   0.07722	[mu,kappa]: [(5.45348,21.23233),37.19240]
	 155.94798	   0.00464	[mu,kappa]: [(117.86264,348.87386),2.82244]
	 892.24174	   0.02648	[mu,kappa]: [(106.60902,293.00832),8.44038]
	 206.26424	   0.00613	[mu,kappa]: [(75.72780,44.46061),4.21079]
	 220.35396	   0.00655	[mu,kappa]: [(123.16079,41.53603),4.95353]
	 358.09358	   0.01064	[mu,kappa]: [(125.59944,51.70084),6.94030]
	 322.62185	   0.00958	[mu,kappa]: [(144.73548,0.85123),6.17300]
	 801.52592	   0.02379	[mu,kappa]: [(144.20185,306.27106),10.10398]
	 670.14789	   0.01989	[mu,kappa]: [(30.20920,34.86276),8.06695]
	 315.97608	   0.00939	[mu,kappa]: [(37.60072,333.37847),5.98842]
	1007.25459	   0.02989	[mu,kappa]: [(24.65034,40.00826),9.90698]
	1563.83534	   0.04640	[mu,kappa]: [(165.74011,318.52486),18.70624]
	 479.35401	   0.01423	[mu,kappa]: [(66.58052,301.92372),7.11306]
	2527.48169	   0.07498	[mu,kappa]: [(176.18742,353.45514),51.73959]
	 997.64487	   0.02960	[mu,kappa]: [(20.18169,5.04121),9.43913]
	1211.39492	   0.03594	[mu,kappa]: [(19.54188,327.73593),12.11472]
	 714.29360	   0.02120	[mu,kappa]: [(47.58718,301.98372),8.63809]
	 163.81645	   0.00487	[mu,kappa]: [(52.43966,11.83184),3.26757]
	 382.77775	   0.01137	[mu,kappa]: [(139.07349,324.97477),6.76947]
	 898.65052	   0.02667	[mu,kappa]: [(144.19307,302.91074),10.67668]
	 392.93736	   0.01167	[mu,kappa]: [(52.43615,309.21516),6.79271]
	 347.27920	   0.01031	[mu,kappa]: [(34.20020,339.10692),6.34413]
	 244.07337	   0.00725	[mu,kappa]: [(123.19894,317.86814),5.07182]
	 945.27127	   0.02805	[mu,kappa]: [(145.39891,52.06247),11.39332]
	1056.35565	   0.03135	[mu,kappa]: [(134.80278,291.74707),10.89311]
	 210.05697	   0.00624	[mu,kappa]: [(122.39109,37.97160),4.45316]
	1318.48469	   0.03912	[mu,kappa]: [(50.47570,71.68332),11.95189]
	 474.25518	   0.01408	[mu,kappa]: [(130.91142,53.46482),8.04223]
	1494.84835	   0.04435	[mu,kappa]: [(154.70951,38.94027),12.14358]
	1367.32094	   0.04057	[mu,kappa]: [(60.61302,290.43915),9.83753]
	 679.61621	   0.02017	[mu,kappa]: [(30.43332,35.14180),8.04787]
	 280.32813	   0.00833	[mu,kappa]: [(44.87848,36.85752),5.69516]
	 548.16468	   0.01627	[mu,kappa]: [(64.23070,58.81476),7.58791]
	 603.44531	   0.01791	[mu,kappa]: [(53.17260,58.89755),8.14897]
	 371.96921	   0.01105	[mu,kappa]: [(32.53448,347.95270),6.30737]
	 370.73980	   0.01101	[mu,kappa]: [(115.47137,306.27363),6.27239]
			msglen: 764277.09935 bits.
Iteration #: 26
	 687.07030	   0.02039	[mu,kappa]: [(114.43119,61.30036),8.04335]
	1025.76894	   0.03044	[mu,kappa]: [(101.08235,291.24970),9.02457]
	 395.24442	   0.01174	[mu,kappa]: [(88.99854,303.26078),6.82269]
	 843.48430	   0.02503	[mu,kappa]: [(37.12116,302.89321),10.76031]
	1593.97493	   0.04729	[mu,kappa]: [(100.05166,67.65897),9.07720]
	 622.21227	   0.01847	[mu,kappa]: [(82.96993,59.75360),7.61486]
	 293.49366	   0.00872	[mu,kappa]: [(35.85529,347.02221),5.86310]
	 429.72175	   0.01276	[mu,kappa]: [(146.33128,18.35426),7.65844]
	 637.85623	   0.01893	[mu,kappa]: [(149.63487,18.86539),8.76463]
	2602.88482	   0.07721	[mu,kappa]: [(5.36840,22.94719),38.10585]
	 147.34029	   0.00438	[mu,kappa]: [(118.25532,348.20079),2.97825]
	 895.38393	   0.02657	[mu,kappa]: [(106.20167,293.12427),8.45261]
	 202.73985	   0.00603	[mu,kappa]: [(75.63971,44.77216),4.55922]
	 216.08402	   0.00642	[mu,kappa]: [(123.06628,41.59306),5.22636]
	 356.02892	   0.01057	[mu,kappa]: [(125.62739,51.65266),7.10144]
	 322.59657	   0.00958	[mu,kappa]: [(144.29912,0.38060),6.59418]
	 804.94382	   0.02389	[mu,kappa]: [(144.27812,306.43565),10.18784]
	 666.86344	   0.01979	[mu,kappa]: [(30.67228,35.14205),8.22927]
	 312.94500	   0.00930	[mu,kappa]: [(37.86650,333.17372),6.28286]
	1003.25480	   0.02977	[mu,kappa]: [(24.97960,41.22526),10.15229]
	1552.04601	   0.04605	[mu,kappa]: [(165.29038,316.20200),19.21973]
	 481.04120	   0.01428	[mu,kappa]: [(67.01258,302.46731),7.20689]
	2504.40431	   0.07429	[mu,kappa]: [(176.34369,353.58248),54.06195]
	 981.05877	   0.02911	[mu,kappa]: [(20.59474,4.80230),9.48950]
	1216.06254	   0.03608	[mu,kappa]: [(19.86053,325.11514),12.57279]
	 715.46599	   0.02123	[mu,kappa]: [(47.22549,301.98878),8.69656]
	 156.25121	   0.00465	[mu,kappa]: [(52.16166,12.35136),3.45456]
	 386.20100	   0.01147	[mu,kappa]: [(138.62863,325.66434),7.13089]
	 903.09593	   0.02680	[mu,kappa]: [(144.38847,302.68424),10.80182]
	 392.78042	   0.01166	[mu,kappa]: [(52.59981,309.55522),6.95664]
	 344.11686	   0.01022	[mu,kappa]: [(34.53545,338.89488),6.61780]
	 243.05428	   0.00722	[mu,kappa]: [(122.98310,318.02937),5.40385]
	 963.13734	   0.02858	[mu,kappa]: [(145.75817,53.54493),11.77993]
	1059.21703	   0.03143	[mu,kappa]: [(135.20557,290.97722),11.10915]
	 204.55089	   0.00608	[mu,kappa]: [(122.34009,38.15166),4.72349]
	1334.00865	   0.03958	[mu,kappa]: [(49.95517,72.58840),12.21807]
	 473.75578	   0.01407	[mu,kappa]: [(131.13873,53.70940),8.17919]
	1510.96143	   0.04483	[mu,kappa]: [(154.61962,40.25244),12.50100]
	1359.78112	   0.04034	[mu,kappa]: [(60.62270,290.20995),9.80758]
	 676.42189	   0.02008	[mu,kappa]: [(30.89381,35.41298),8.21194]
	 279.02901	   0.00829	[mu,kappa]: [(45.32336,36.92075),6.00287]
	 552.17157	   0.01639	[mu,kappa]: [(64.49788,58.18128),7.67298]
	 605.37557	   0.01797	[mu,kappa]: [(53.24766,58.50032),8.15798]
	 367.78529	   0.01092	[mu,kappa]: [(32.91267,347.79848),6.56467]
	 372.33366	   0.01106	[mu,kappa]: [(115.11893,306.88467),6.46606]
			msglen: 764193.76653 bits.
Iteration #: 27
	 684.01984	   0.02030	[mu,kappa]: [(114.33518,61.28259),8.08562]
	1033.88769	   0.03068	[mu,kappa]: [(100.72845,291.09171),9.07511]
	 401.77586	   0.01193	[mu,kappa]: [(89.01614,303.75804),7.07159]
	 856.77873	   0.02543	[mu,kappa]: [(36.50068,301.87930),11.14138]
	1597.31471	   0.04739	[mu,kappa]: [(99.84056,67.83122),9.16422]
	 629.51651	   0.01869	[mu,kappa]: [(82.93298,59.20321),7.75779]
	 290.12215	   0.00862	[mu,kappa]: [(36.11489,346.94743),6.12703]
	 432.12990	   0.01283	[mu,kappa]: [(145.94712,17.58413),7.94406]
	 641.87208	   0.01905	[mu,kappa]: [(149.17074,18.13362),8.97022]
	2601.12579	   0.07716	[mu,kappa]: [(5.31758,24.74389),38.89445]
	 140.16991	   0.00417	[mu,kappa]: [(118.75717,347.52660),3.12437]
	 897.97783	   0.02665	[mu,kappa]: [(105.80491,293.20560),8.45593]
	 200.92180	   0.00597	[mu,kappa]: [(75.61383,45.06212),4.90379]
	 212.92757	   0.00633	[mu,kappa]: [(122.93517,41.58745),5.46983]
	 353.91600	   0.01051	[mu,kappa]: [(125.57534,51.51083),7.21310]
	 324.80445	   0.00965	[mu,kappa]: [(143.85689,359.89688),7.01913]
	 805.66894	   0.02391	[mu,kappa]: [(144.34704,306.73529),10.21908]
	 664.10437	   0.01971	[mu,kappa]: [(31.08723,35.27836),8.36769]
	 310.86068	   0.00923	[mu,kappa]: [(38.13445,333.08794),6.54783]
	1000.56374	   0.02969	[mu,kappa]: [(25.23103,42.39099),10.40849]
	1544.92283	   0.04584	[mu,kappa]: [(164.88986,313.96916),19.80960]
	 482.73843	   0.01433	[mu,kappa]: [(67.47060,303.04033),7.27878]
	2479.61067	   0.07356	[mu,kappa]: [(176.47407,354.00165),56.17670]
	 965.88791	   0.02866	[mu,kappa]: [(21.01879,4.63268),9.53279]
	1223.34880	   0.03630	[mu,kappa]: [(20.11440,322.56363),13.08966]
	 714.39280	   0.02120	[mu,kappa]: [(46.91493,302.05977),8.72798]
	 149.98931	   0.00446	[mu,kappa]: [(51.83213,12.90189),3.63304]
	 391.06666	   0.01161	[mu,kappa]: [(138.21660,326.47879),7.46493]
	 904.00114	   0.02683	[mu,kappa]: [(144.57704,302.53944),10.88393]
	 392.44549	   0.01165	[mu,kappa]: [(52.80325,309.97603),7.07744]
	 341.88520	   0.01015	[mu,kappa]: [(34.87433,338.79907),6.86335]
	 243.14825	   0.00723	[mu,kappa]: [(122.81289,318.24818),5.70522]
	 978.13334	   0.02903	[mu,kappa]: [(146.12871,54.97706),12.17660]
	1059.50168	   0.03144	[mu,kappa]: [(135.54154,290.16689),11.36364]
	 200.40280	   0.00596	[mu,kappa]: [(122.26885,38.29203),4.97482]
	1343.02044	   0.03985	[mu,kappa]: [(49.43773,73.43938),12.52963]
	 472.15807	   0.01402	[mu,kappa]: [(131.28647,53.84886),8.26565]
	1525.27754	   0.04525	[mu,kappa]: [(154.62685,41.42490),12.86275]
	1349.51588	   0.04004	[mu,kappa]: [(60.69363,290.00367),9.80485]
	 673.73858	   0.02000	[mu,kappa]: [(31.30555,35.54025),8.35148]
	 278.60201	   0.00828	[mu,kappa]: [(45.74199,36.86529),6.27532]
	 555.53131	   0.01649	[mu,kappa]: [(64.83978,57.50461),7.72055]
	 605.21211	   0.01796	[mu,kappa]: [(53.36947,57.99822),8.12733]
	 364.72601	   0.01083	[mu,kappa]: [(33.29663,347.72664),6.80004]
	 374.28419	   0.01112	[mu,kappa]: [(114.77152,307.49153),6.62157]
			msglen: 764117.59425 bits.
			N: 33694
		22.67815 bpr
Null model msglen: 794607.78196 bits.	(23.58306 bpr)
