Iteration #: 0
	 636.00000	   0.01888	[mu,kappa]: [(91.75098,359.32948),0.94001]
	 693.00000	   0.02057	[mu,kappa]: [(86.16651,354.61131),1.05200]
	 653.00000	   0.01938	[mu,kappa]: [(99.11354,1.21407),0.94359]
	 673.00000	   0.01997	[mu,kappa]: [(89.20087,356.05108),1.00860]
	 654.00000	   0.01941	[mu,kappa]: [(89.85093,354.43511),0.97235]
	 696.00000	   0.02066	[mu,kappa]: [(82.53356,7.55497),0.95806]
	 702.00000	   0.02083	[mu,kappa]: [(87.92620,358.91117),0.91286]
	 674.00000	   0.02000	[mu,kappa]: [(89.64308,359.10340),1.01404]
	 671.00000	   0.01991	[mu,kappa]: [(89.30608,358.37972),0.90132]
	 652.00000	   0.01935	[mu,kappa]: [(93.30244,355.94103),0.89568]
	 690.00000	   0.02048	[mu,kappa]: [(84.20878,357.91342),0.98122]
	 659.00000	   0.01956	[mu,kappa]: [(88.73887,354.79067),0.93983]
	 684.00000	   0.02030	[mu,kappa]: [(94.33501,357.63639),0.94044]
	 649.00000	   0.01926	[mu,kappa]: [(95.57060,358.37763),0.86797]
	 653.00000	   0.01938	[mu,kappa]: [(94.80564,357.20761),0.91674]
	 704.00000	   0.02089	[mu,kappa]: [(89.23340,357.25167),0.89247]
	 658.00000	   0.01953	[mu,kappa]: [(98.15867,6.51436),0.89713]
	 700.00000	   0.02077	[mu,kappa]: [(89.46863,353.17704),0.90566]
	 721.00000	   0.02140	[mu,kappa]: [(82.57185,356.92264),0.96248]
	 655.00000	   0.01944	[mu,kappa]: [(80.95029,359.66215),1.01781]
	 689.00000	   0.02045	[mu,kappa]: [(87.78004,353.99107),0.95218]
	 656.00000	   0.01947	[mu,kappa]: [(87.66924,6.99854),0.94918]
	 706.00000	   0.02095	[mu,kappa]: [(97.55282,3.86263),0.92275]
	 668.00000	   0.01983	[mu,kappa]: [(88.87093,3.38350),0.96825]
	 701.00000	   0.02080	[mu,kappa]: [(80.64320,357.65019),0.90785]
	 627.00000	   0.01861	[mu,kappa]: [(95.34414,357.78770),0.94610]
	 736.00000	   0.02184	[mu,kappa]: [(91.44686,352.10188),0.93495]
	 696.00000	   0.02066	[mu,kappa]: [(87.87268,356.08180),0.93009]
	 698.00000	   0.02072	[mu,kappa]: [(94.35809,2.77961),0.97100]
	 665.00000	   0.01974	[mu,kappa]: [(85.22460,359.22199),0.90888]
	 703.00000	   0.02086	[mu,kappa]: [(104.55954,4.37582),1.01613]
	 687.00000	   0.02039	[mu,kappa]: [(86.23055,356.88563),0.97145]
	 696.00000	   0.02066	[mu,kappa]: [(95.63788,355.74014),0.89773]
	 633.00000	   0.01879	[mu,kappa]: [(83.01766,354.48747),0.92113]
	 675.00000	   0.02003	[mu,kappa]: [(93.86629,358.88636),0.97757]
	 690.00000	   0.02048	[mu,kappa]: [(88.95525,358.35369),0.92573]
	 708.00000	   0.02101	[mu,kappa]: [(94.32060,2.23246),1.00382]
	 635.00000	   0.01885	[mu,kappa]: [(97.62100,356.30970),1.00621]
	 700.00000	   0.02077	[mu,kappa]: [(91.21628,2.47749),0.97485]
	 665.00000	   0.01974	[mu,kappa]: [(85.24190,359.89157),0.86523]
	 648.00000	   0.01923	[mu,kappa]: [(89.97897,359.82457),0.93280]
	 660.00000	   0.01959	[mu,kappa]: [(99.97953,356.61346),0.88747]
	 657.00000	   0.01950	[mu,kappa]: [(88.25090,356.92768),0.94568]
	 640.00000	   0.01900	[mu,kappa]: [(89.62852,5.36622),0.98649]
	 657.00000	   0.01950	[mu,kappa]: [(97.71066,355.49800),0.90912]
	 705.00000	   0.02092	[mu,kappa]: [(82.48559,354.60601),0.99850]
	 629.00000	   0.01867	[mu,kappa]: [(89.74310,353.65874),0.89580]
	 703.00000	   0.02086	[mu,kappa]: [(89.05276,352.10370),0.95116]
	 647.00000	   0.01920	[mu,kappa]: [(93.37229,0.92803),0.99013]
	 637.00000	   0.01891	[mu,kappa]: [(92.18464,351.90275),1.00543]
			msglen: 764117.59425 bits.
Iteration #: 1
	 635.67466	   0.01887	[mu,kappa]: [(92.58763,359.19750),0.94069]
	 692.41626	   0.02055	[mu,kappa]: [(82.90309,354.78321),0.98513]
	 653.98513	   0.01941	[mu,kappa]: [(104.64037,0.65050),0.97064]
	 672.44630	   0.01996	[mu,kappa]: [(88.32788,356.16321),0.96290]
	 653.59198	   0.01940	[mu,kappa]: [(89.54116,354.71085),0.95220]
	 696.84482	   0.02068	[mu,kappa]: [(76.98727,6.99909),0.97848]
	 701.58425	   0.02082	[mu,kappa]: [(86.24492,358.94605),0.93496]
	 673.39022	   0.01999	[mu,kappa]: [(88.99573,359.06551),0.96333]
	 670.45753	   0.01990	[mu,kappa]: [(88.54771,358.43131),0.92928]
	 651.54373	   0.01934	[mu,kappa]: [(95.13638,356.16135),0.93093]
	 690.41875	   0.02049	[mu,kappa]: [(79.78440,358.13544),0.96918]
	 658.63287	   0.01955	[mu,kappa]: [(87.67522,355.17067),0.94283]
	 683.88714	   0.02030	[mu,kappa]: [(96.96635,357.57073),0.94719]
	 648.55204	   0.01925	[mu,kappa]: [(98.53265,358.24376),0.92776]
	 652.88498	   0.01938	[mu,kappa]: [(97.63472,357.19757),0.94099]
	 703.33068	   0.02087	[mu,kappa]: [(88.47673,357.44733),0.92731]
	 658.07786	   0.01953	[mu,kappa]: [(102.49893,5.22961),0.95160]
	 699.33474	   0.02075	[mu,kappa]: [(88.98363,353.82344),0.93356]
	 721.90623	   0.02142	[mu,kappa]: [(77.26748,357.29454),0.97253]
	 656.52290	   0.01949	[mu,kappa]: [(74.06161,359.89603),1.00307]
	 688.67374	   0.02044	[mu,kappa]: [(86.06503,354.43918),0.94919]
	 655.64986	   0.01946	[mu,kappa]: [(85.47039,6.32463),0.95186]
	 706.30260	   0.02096	[mu,kappa]: [(101.87646,3.03982),0.95589]
	 667.61814	   0.01981	[mu,kappa]: [(87.56412,3.06374),0.95175]
	 702.17933	   0.02084	[mu,kappa]: [(74.73179,358.07726),0.96534]
	 627.11445	   0.01861	[mu,kappa]: [(98.66396,357.67035),0.95166]
	 735.41962	   0.02183	[mu,kappa]: [(92.30015,352.67802),0.94461]
	 695.65132	   0.02065	[mu,kappa]: [(86.20534,356.39128),0.94089]
	 697.81394	   0.02071	[mu,kappa]: [(96.96842,2.31779),0.95751]
	 664.98403	   0.01974	[mu,kappa]: [(81.85571,359.31124),0.94087]
	 706.94704	   0.02098	[mu,kappa]: [(113.71681,3.47091),1.04951]
	 686.95154	   0.02039	[mu,kappa]: [(83.27348,357.11548),0.95765]
	 695.83302	   0.02065	[mu,kappa]: [(98.90618,355.91085),0.93928]
	 633.46819	   0.01880	[mu,kappa]: [(78.41038,355.16532),0.95556]
	 674.82242	   0.02003	[mu,kappa]: [(96.29776,358.71702),0.95699]
	 689.58161	   0.02047	[mu,kappa]: [(87.93752,358.40857),0.93724]
	 707.70003	   0.02100	[mu,kappa]: [(97.06941,1.87863),0.96767]
	 635.66336	   0.01887	[mu,kappa]: [(102.90199,356.14183),0.98404]
	 699.51297	   0.02076	[mu,kappa]: [(91.61747,2.16013),0.95265]
	 664.53419	   0.01972	[mu,kappa]: [(82.12289,359.87560),0.92705]
	 647.61774	   0.01922	[mu,kappa]: [(89.59116,359.70429),0.93809]
	 660.79647	   0.01961	[mu,kappa]: [(105.53138,356.56888),0.95747]
	 656.71528	   0.01949	[mu,kappa]: [(86.76946,357.11958),0.94416]
	 639.52166	   0.01898	[mu,kappa]: [(88.78077,4.94375),0.95817]
	 657.41269	   0.01951	[mu,kappa]: [(102.28055,355.61159),0.95220]
	 705.88270	   0.02095	[mu,kappa]: [(76.92461,355.07226),0.98644]
	 628.39311	   0.01865	[mu,kappa]: [(89.42227,354.27476),0.92901]
	 702.49944	   0.02085	[mu,kappa]: [(88.28121,352.68287),0.94916]
	 646.71934	   0.01919	[mu,kappa]: [(95.42547,0.65771),0.95931]
	 636.53712	   0.01889	[mu,kappa]: [(93.69175,352.14540),0.96682]
			msglen: 788674.82427 bits.
Iteration #: 2
	 634.33576	   0.01883	[mu,kappa]: [(93.98159,359.05061),0.94303]
	 692.00887	   0.02054	[mu,kappa]: [(77.73221,355.25384),0.97982]
	 656.46079	   0.01948	[mu,kappa]: [(113.31476,359.95417),1.02953]
	 671.00931	   0.01991	[mu,kappa]: [(86.88880,356.38440),0.95087]
	 652.11799	   0.01935	[mu,kappa]: [(89.01040,355.03202),0.94690]
	 699.26220	   0.02075	[mu,kappa]: [(68.30971,6.69998),1.03256]
	 700.32181	   0.02078	[mu,kappa]: [(83.40055,359.03330),0.94700]
	 671.91796	   0.01994	[mu,kappa]: [(87.92417,359.05109),0.94940]
	 668.97893	   0.01985	[mu,kappa]: [(87.24962,358.49121),0.93956]
	 650.45684	   0.01931	[mu,kappa]: [(98.25602,356.22488),0.94811]
	 691.28623	   0.02052	[mu,kappa]: [(72.77499,358.50506),0.99536]
	 657.26352	   0.01951	[mu,kappa]: [(85.87544,355.54177),0.94621]
	 683.19072	   0.02028	[mu,kappa]: [(101.30617,357.41981),0.96115]
	 648.22243	   0.01924	[mu,kappa]: [(103.62975,357.99500),0.96253]
	 652.39208	   0.01936	[mu,kappa]: [(102.34711,357.06773),0.96238]
	 701.74651	   0.02083	[mu,kappa]: [(87.16883,357.60588),0.93964]
	 659.10669	   0.01956	[mu,kappa]: [(109.73326,4.13850),1.00219]
	 697.68471	   0.02071	[mu,kappa]: [(88.12562,354.30529),0.94293]
	 724.09868	   0.02149	[mu,kappa]: [(68.95343,357.82422),1.01977]
	 660.82903	   0.01961	[mu,kappa]: [(63.87630,0.32833),1.06883]
	 687.43977	   0.02040	[mu,kappa]: [(83.19705,354.91636),0.95339]
	 654.60321	   0.01943	[mu,kappa]: [(81.83517,5.79882),0.95981]
	 707.24635	   0.02099	[mu,kappa]: [(108.94224,2.21382),0.99803]
	 666.26373	   0.01977	[mu,kappa]: [(85.40163,2.76984),0.94981]
	 705.77856	   0.02095	[mu,kappa]: [(65.39113,358.63684),1.04320]
	 626.99290	   0.01861	[mu,kappa]: [(104.07269,357.45231),0.97160]
	 733.71617	   0.02177	[mu,kappa]: [(93.71294,353.12150),0.94905]
	 694.40004	   0.02061	[mu,kappa]: [(83.39557,356.70814),0.94932]
	 697.02426	   0.02069	[mu,kappa]: [(101.22729,1.76618),0.96465]
	 664.91854	   0.01973	[mu,kappa]: [(76.25790,359.51035),0.96971]
	 718.10831	   0.02131	[mu,kappa]: [(126.29877,2.20140),1.19672]
	 686.45839	   0.02037	[mu,kappa]: [(78.45760,357.45088),0.96726]
	 695.66598	   0.02065	[mu,kappa]: [(104.38544,355.87215),0.97080]
	 634.71522	   0.01884	[mu,kappa]: [(70.94109,355.86863),1.00138]
	 673.99152	   0.02000	[mu,kappa]: [(100.24735,358.48372),0.96062]
	 688.12622	   0.02042	[mu,kappa]: [(86.21629,358.48783),0.94325]
	 706.95325	   0.02098	[mu,kappa]: [(101.48407,1.37796),0.96855]
	 637.41045	   0.01892	[mu,kappa]: [(111.03713,355.87841),1.01930]
	 697.90085	   0.02071	[mu,kappa]: [(92.27281,1.80896),0.94697]
	 664.29509	   0.01972	[mu,kappa]: [(76.78635,0.00354),0.96333]
	 646.17412	   0.01918	[mu,kappa]: [(88.93683,359.61238),0.94086]
	 663.75293	   0.01970	[mu,kappa]: [(114.49261,356.24880),1.03508]
	 655.49693	   0.01945	[mu,kappa]: [(84.29173,357.34705),0.94791]
	 638.08808	   0.01894	[mu,kappa]: [(87.37794,4.47405),0.95082]
	 658.67154	   0.01955	[mu,kappa]: [(109.72110,355.48357),1.00132]
	 708.25988	   0.02102	[mu,kappa]: [(68.35374,355.77576),1.02932]
	 626.93990	   0.01861	[mu,kappa]: [(88.84515,354.71172),0.93982]
	 700.89127	   0.02080	[mu,kappa]: [(86.96433,353.23854),0.94981]
	 645.73280	   0.01917	[mu,kappa]: [(98.75256,0.30126),0.95712]
	 635.29270	   0.01886	[mu,kappa]: [(96.13383,352.49796),0.95858]
			msglen: 788469.21808 bits.
Iteration #: 3
	 630.46042	   0.01871	[mu,kappa]: [(96.25911,358.87353),0.94928]
	 690.91581	   0.02051	[mu,kappa]: [(69.72887,355.91015),1.02029]
	 663.30459	   0.01969	[mu,kappa]: [(125.41872,359.00583),1.17756]
	 666.90836	   0.01979	[mu,kappa]: [(84.50339,356.65455),0.95263]
	 647.91921	   0.01923	[mu,kappa]: [(88.09930,355.34951),0.94797]
	 706.27329	   0.02096	[mu,kappa]: [(56.17247,6.74749),1.17461]
	 696.80061	   0.02068	[mu,kappa]: [(78.72857,359.20840),0.96548]
	 667.70510	   0.01982	[mu,kappa]: [(86.14234,359.07528),0.94928]
	 664.83888	   0.01973	[mu,kappa]: [(85.06977,358.58556),0.94768]
	 647.40554	   0.01921	[mu,kappa]: [(103.32270,356.15284),0.97113]
	 693.61306	   0.02059	[mu,kappa]: [(62.39944,359.08485),1.08261]
	 653.38592	   0.01939	[mu,kappa]: [(82.87842,355.92756),0.95446]
	 681.15035	   0.02022	[mu,kappa]: [(108.18296,357.13310),0.99738]
	 647.35376	   0.01921	[mu,kappa]: [(111.66009,357.58489),1.01807]
	 650.92864	   0.01932	[mu,kappa]: [(109.78020,356.77950),1.00660]
	 697.38318	   0.02070	[mu,kappa]: [(84.96566,357.77938),0.94843]
	 662.22953	   0.01965	[mu,kappa]: [(120.44867,2.94957),1.10845]
	 693.19547	   0.02057	[mu,kappa]: [(86.65740,354.72828),0.94907]
	 730.19534	   0.02167	[mu,kappa]: [(57.17524,358.59732),1.14913]
	 672.72331	   0.01997	[mu,kappa]: [(50.62513,1.08272),1.26505]
	 683.99236	   0.02030	[mu,kappa]: [(78.49869,355.43866),0.96946]
	 651.85307	   0.01935	[mu,kappa]: [(75.97689,5.46423),0.98381]
	 709.99628	   0.02107	[mu,kappa]: [(119.43190,1.23457),1.09589]
	 662.46463	   0.01966	[mu,kappa]: [(81.85026,2.57317),0.95830]
	 715.89831	   0.02125	[mu,kappa]: [(52.67901,359.47314),1.22064]
	 626.47832	   0.01859	[mu,kappa]: [(112.43756,357.06757),1.02630]
	 729.10576	   0.02164	[mu,kappa]: [(96.01296,353.45036),0.95546]
	 690.88673	   0.02050	[mu,kappa]: [(78.78109,357.07883),0.96635]
	 694.79966	   0.02062	[mu,kappa]: [(107.97044,1.11647),0.99743]
	 664.71049	   0.01973	[mu,kappa]: [(67.56305,359.88402),1.03034]
	 749.76107	   0.02225	[mu,kappa]: [(140.47781,0.46711),1.56811]
	 684.99455	   0.02033	[mu,kappa]: [(70.88330,357.92139),1.00800]
	 695.23716	   0.02063	[mu,kappa]: [(112.90695,355.62117),1.03130]
	 638.16398	   0.01894	[mu,kappa]: [(59.99397,356.74221),1.10890]
	 671.53424	   0.01993	[mu,kappa]: [(106.51737,358.14078),0.98822]
	 684.01925	   0.02030	[mu,kappa]: [(83.35039,358.61575),0.95200]
	 704.84497	   0.02092	[mu,kappa]: [(108.42228,0.75589),1.00113]
	 642.11020	   0.01906	[mu,kappa]: [(122.56731,355.36864),1.13890]
	 693.38150	   0.02058	[mu,kappa]: [(93.33568,1.46414),0.94828]
	 663.74783	   0.01970	[mu,kappa]: [(68.39646,0.31343),1.02242]
	 642.04328	   0.01906	[mu,kappa]: [(87.83093,359.55538),0.94477]
	 672.07804	   0.01995	[mu,kappa]: [(126.90092,355.60031),1.20280]
	 651.99075	   0.01935	[mu,kappa]: [(80.21608,357.63353),0.96075]
	 634.12189	   0.01882	[mu,kappa]: [(85.06173,4.07741),0.95333]
	 662.15836	   0.01965	[mu,kappa]: [(120.62654,355.07839),1.11075]
	 714.89066	   0.02122	[mu,kappa]: [(56.36161,356.73601),1.16348]
	 622.90892	   0.01849	[mu,kappa]: [(87.84510,355.08282),0.94581]
	 696.49622	   0.02067	[mu,kappa]: [(84.74815,353.77396),0.95466]
	 642.83798	   0.01908	[mu,kappa]: [(104.07538,359.85983),0.97585]
	 631.80316	   0.01875	[mu,kappa]: [(100.06256,352.77838),0.96690]
			msglen: 787906.24833 bits.
Iteration #: 4
	 619.86117	   0.01840	[mu,kappa]: [(99.79217,358.64799),0.96576]
	 687.96228	   0.02042	[mu,kappa]: [(58.56350,356.76647),1.14035]
	 681.64940	   0.02023	[mu,kappa]: [(139.03605,357.66551),1.52337]
	 655.78527	   0.01946	[mu,kappa]: [(80.64061,356.96797),0.96841]
	 636.53892	   0.01889	[mu,kappa]: [(86.54546,355.64620),0.95623]
	 725.44877	   0.02153	[mu,kappa]: [(42.44093,7.26792),1.51043]
	 687.30967	   0.02040	[mu,kappa]: [(71.49450,359.52219),1.01105]
	 656.25976	   0.01948	[mu,kappa]: [(83.22359,359.16023),0.96076]
	 653.63517	   0.01940	[mu,kappa]: [(81.51488,358.74125),0.96408]
	 639.02473	   0.01897	[mu,kappa]: [(110.94539,355.90339),1.02431]
	 699.84615	   0.02077	[mu,kappa]: [(49.35471,359.97342),1.30135]
	 642.89685	   0.01908	[mu,kappa]: [(78.07006,356.35031),0.97722]
	 675.45826	   0.02005	[mu,kappa]: [(118.05922,356.63774),1.08962]
	 644.80354	   0.01914	[mu,kappa]: [(122.78086,356.93258),1.14730]
	 646.76182	   0.01920	[mu,kappa]: [(120.27437,356.25739),1.11511]
	 685.62394	   0.02035	[mu,kappa]: [(81.36934,357.99845),0.96523]
	 670.62827	   0.01990	[mu,kappa]: [(133.59879,1.50294),1.35824]
	 681.14959	   0.02022	[mu,kappa]: [(84.20874,355.11922),0.96086]
	 746.69646	   0.02216	[mu,kappa]: [(43.54307,359.72734),1.45761]
	 704.85464	   0.02092	[mu,kappa]: [(37.01606,2.28802),1.71947]
	 674.72240	   0.02002	[mu,kappa]: [(71.23090,356.03759),1.01465]
	 644.58614	   0.01913	[mu,kappa]: [(67.19734,5.40458),1.04970]
	 717.34355	   0.02129	[mu,kappa]: [(132.46930,359.97634),1.32985]
	 652.23305	   0.01936	[mu,kappa]: [(76.23584,2.53880),0.98624]
	 743.32613	   0.02206	[mu,kappa]: [(39.01595,0.72000),1.62414]
	 624.81004	   0.01854	[mu,kappa]: [(123.85171,356.42569),1.16375]
	 716.75098	   0.02127	[mu,kappa]: [(99.57626,353.63436),0.97175]
	 681.41424	   0.02022	[mu,kappa]: [(71.62667,357.54873),1.01069]
	 688.68369	   0.02044	[mu,kappa]: [(117.68994,0.32144),1.08559]
	 664.10483	   0.01971	[mu,kappa]: [(55.73052,0.52269),1.17904]
	 837.51996	   0.02485	[mu,kappa]: [(152.61031,358.11968),2.39653]
	 681.01007	   0.02021	[mu,kappa]: [(60.13160,358.59289),1.11758]
	 693.91700	   0.02059	[mu,kappa]: [(124.49254,355.07816),1.17626]
	 647.40883	   0.01921	[mu,kappa]: [(46.67227,357.90630),1.36512]
	 664.70522	   0.01973	[mu,kappa]: [(115.66491,357.62501),1.06434]
	 672.91833	   0.01997	[mu,kappa]: [(78.74321,358.82410),0.97378]
	 699.02652	   0.02075	[mu,kappa]: [(118.35517,359.97289),1.09329]
	 654.53326	   0.01943	[mu,kappa]: [(136.06744,354.46488),1.43060]
	 681.17541	   0.02022	[mu,kappa]: [(94.95889,1.14280),0.95712]
	 662.25947	   0.01966	[mu,kappa]: [(56.82459,0.88872),1.16187]
	 630.81955	   0.01872	[mu,kappa]: [(85.97585,359.55029),0.95458]
	 694.49917	   0.02061	[mu,kappa]: [(140.53282,354.49566),1.58433]
	 642.47202	   0.01907	[mu,kappa]: [(73.82826,358.01590),0.99649]
	 623.46860	   0.01850	[mu,kappa]: [(81.31995,3.83046),0.96837]
	 671.36641	   0.01993	[mu,kappa]: [(133.87613,354.28578),1.36859]
	 732.84246	   0.02175	[mu,kappa]: [(42.68217,358.04503),1.48656]
	 611.99771	   0.01816	[mu,kappa]: [(86.14389,355.41426),0.95580]
	 684.73884	   0.02032	[mu,kappa]: [(81.12828,354.29116),0.97010]
	 634.83623	   0.01884	[mu,kappa]: [(112.01540,359.29809),1.03163]
	 622.31523	   0.01847	[mu,kappa]: [(106.05787,352.88219),0.99882]
			msglen: 786456.86820 bits.
Iteration #: 5
	 593.49099	   0.01762	[mu,kappa]: [(104.58986,358.37056),1.00548]
	 680.70273	   0.02020	[mu,kappa]: [(46.06892,357.83852),1.41376]
	 726.03940	   0.02155	[mu,kappa]: [(150.43278,355.88428),2.23157]
	 628.44381	   0.01865	[mu,kappa]: [(74.86620,357.32620),1.01268]
	 608.51660	   0.01806	[mu,kappa]: [(83.98317,355.89840),0.98016]
	 773.04697	   0.02294	[mu,kappa]: [(30.85111,8.32150),2.19901]
	 664.04614	   0.01971	[mu,kappa]: [(61.75320,0.02934),1.12134]
	 628.09729	   0.01864	[mu,kappa]: [(78.73332,359.33904),0.99441]
	 626.09452	   0.01858	[mu,kappa]: [(76.14852,358.98959),1.00524]
	 617.81401	   0.01834	[mu,kappa]: [(120.62975,355.42149),1.14504]
	 715.14050	   0.02122	[mu,kappa]: [(36.84599,1.22331),1.76518]
	 617.13517	   0.01832	[mu,kappa]: [(71.07320,356.81480),1.03572]
	 660.60591	   0.01961	[mu,kappa]: [(129.58891,355.87186),1.29512]
	 637.52936	   0.01892	[mu,kappa]: [(134.94342,355.97492),1.42600]
	 635.58525	   0.01886	[mu,kappa]: [(132.15779,355.43384),1.35332]
	 656.75796	   0.01949	[mu,kappa]: [(75.94283,358.28664),1.00700]
	 690.26244	   0.02049	[mu,kappa]: [(145.73279,359.75345),1.87670]
	 651.59431	   0.01934	[mu,kappa]: [(80.36209,355.46275),0.99111]
	 787.51672	   0.02337	[mu,kappa]: [(31.73563,1.24178),2.09289]
	 784.85877	   0.02329	[mu,kappa]: [(26.57019,3.92268),2.64022]
	 652.01584	   0.01935	[mu,kappa]: [(61.45869,356.72286),1.12590]
	 626.86726	   0.01861	[mu,kappa]: [(56.08535,5.74863),1.20739]
	 734.31995	   0.02179	[mu,kappa]: [(144.70979,358.39082),1.81791]
	 627.15321	   0.01861	[mu,kappa]: [(68.27056,2.75750),1.05839]
	 811.50457	   0.02408	[mu,kappa]: [(28.09865,2.37693),2.44152]
	 619.65665	   0.01839	[mu,kappa]: [(136.11207,355.45570),1.46142]
	 686.21529	   0.02037	[mu,kappa]: [(104.41620,353.60647),1.01161]
	 658.19356	   0.01953	[mu,kappa]: [(61.96576,358.14845),1.11892]
	 672.84874	   0.01997	[mu,kappa]: [(129.11641,359.36528),1.28385]
	 662.55016	   0.01966	[mu,kappa]: [(43.08244,1.49668),1.50444]
	1065.01314	   0.03160	[mu,kappa]: [(160.54154,355.32482),4.16356]
	 671.20112	   0.01992	[mu,kappa]: [(47.79761,359.51489),1.36668]
	 689.62096	   0.02047	[mu,kappa]: [(136.81957,354.16236),1.48793]
	 670.08726	   0.01989	[mu,kappa]: [(34.44514,359.39470),1.89885]
	 647.13522	   0.01921	[mu,kappa]: [(126.67854,356.88957),1.23719]
	 645.66476	   0.01916	[mu,kappa]: [(71.99910,359.14905),1.02910]
	 683.88621	   0.02030	[mu,kappa]: [(129.92028,359.01076),1.30100]
	 684.04686	   0.02030	[mu,kappa]: [(147.91724,353.08487),2.03355]
	 651.04487	   0.01932	[mu,kappa]: [(97.06194,0.88753),0.98097]
	 658.55198	   0.01955	[mu,kappa]: [(44.22600,1.80292),1.46755]
	 603.16522	   0.01790	[mu,kappa]: [(82.98658,359.63079),0.98042]
	 749.19555	   0.02223	[mu,kappa]: [(151.63459,352.88513),2.36247]
	 619.08114	   0.01837	[mu,kappa]: [(64.97905,358.52611),1.08557]
	 597.34878	   0.01773	[mu,kappa]: [(75.72028,3.83905),1.01071]
	 692.90171	   0.02056	[mu,kappa]: [(145.97558,353.02481),1.90243]
	 777.27664	   0.02307	[mu,kappa]: [(31.01155,359.70957),2.15121]
	 585.12532	   0.01737	[mu,kappa]: [(83.36722,355.69200),0.98094]
	 655.94901	   0.01947	[mu,kappa]: [(75.66773,354.76147),1.01179]
	 614.51545	   0.01824	[mu,kappa]: [(121.99505,358.59961),1.16131]
	 598.58472	   0.01777	[mu,kappa]: [(113.97959,352.70650),1.07722]
			msglen: 783334.37445 bits.
Iteration #: 6
	 541.26908	   0.01607	[mu,kappa]: [(109.33420,358.11230),1.08254]
	 666.41753	   0.01978	[mu,kappa]: [(36.09162,358.94859),1.89251]
	 808.73118	   0.02400	[mu,kappa]: [(157.36553,353.99558),3.43370]
	 575.36217	   0.01708	[mu,kappa]: [(67.89994,357.68383),1.10918]
	 553.94477	   0.01644	[mu,kappa]: [(80.32828,356.03861),1.03598]
	 867.70704	   0.02575	[mu,kappa]: [(23.63245,9.68725),3.36704]
	 618.94092	   0.01837	[mu,kappa]: [(51.91699,0.72512),1.33466]
	 573.36340	   0.01702	[mu,kappa]: [(73.01648,359.64794),1.07028]
	 572.61178	   0.01700	[mu,kappa]: [(69.56510,359.34737),1.09467]
	 574.32158	   0.01705	[mu,kappa]: [(129.46089,354.72852),1.35787]
	 744.92404	   0.02211	[mu,kappa]: [(28.23228,2.62583),2.54986]
	 567.15273	   0.01683	[mu,kappa]: [(63.04436,357.24850),1.15823]
	 628.30816	   0.01865	[mu,kappa]: [(139.06199,354.91130),1.64490]
	 619.39488	   0.01838	[mu,kappa]: [(144.24515,354.82601),1.89174]
	 610.21380	   0.01811	[mu,kappa]: [(141.59216,354.38722),1.75491]
	 600.73117	   0.01783	[mu,kappa]: [(69.29735,358.63693),1.09760]
	 723.53108	   0.02147	[mu,kappa]: [(153.67625,358.02545),2.74017]
	 594.17201	   0.01764	[mu,kappa]: [(75.30700,355.66989),1.05955]
	 868.36934	   0.02577	[mu,kappa]: [(24.23616,2.81945),3.16825]
	 946.80650	   0.02809	[mu,kappa]: [(20.44205,5.54523),4.22310]
	 607.98887	   0.01805	[mu,kappa]: [(51.61286,357.38250),1.34140]
	 592.51154	   0.01759	[mu,kappa]: [(45.82067,6.63245),1.50058]
	 762.09105	   0.02262	[mu,kappa]: [(152.83909,356.75624),2.62930]
	 578.54810	   0.01717	[mu,kappa]: [(59.50962,3.34262),1.20611]
	 948.47877	   0.02814	[mu,kappa]: [(21.54024,4.03332),3.83844]
	 605.58654	   0.01797	[mu,kappa]: [(145.32643,354.26523),1.95795]
	 625.88010	   0.01858	[mu,kappa]: [(109.20804,353.27392),1.08980]
	 613.16638	   0.01820	[mu,kappa]: [(52.16869,358.81447),1.32893]
	 638.68512	   0.01896	[mu,kappa]: [(138.58328,358.43206),1.62241]
	 659.29147	   0.01957	[mu,kappa]: [(33.46234,2.69883),2.06421]
	1554.16850	   0.04611	[mu,kappa]: [(164.83064,352.87722),7.30008]
	 651.97657	   0.01935	[mu,kappa]: [(37.68349,0.57577),1.80591]
	 676.79133	   0.02009	[mu,kappa]: [(145.98481,352.95170),2.00735]
	 714.49447	   0.02120	[mu,kappa]: [(26.32466,0.91478),2.79976]
	 609.96266	   0.01810	[mu,kappa]: [(136.06963,356.02763),1.53490]
	 592.79919	   0.01760	[mu,kappa]: [(64.17445,359.59895),1.14549]
	 650.91763	   0.01932	[mu,kappa]: [(139.39967,358.04693),1.65491]
	 736.94161	   0.02187	[mu,kappa]: [(155.38321,351.43852),3.04527]
	 591.92941	   0.01757	[mu,kappa]: [(98.82855,0.83824),1.03190]
	 651.11950	   0.01932	[mu,kappa]: [(34.46877,2.97027),1.99562]
	 549.32301	   0.01631	[mu,kappa]: [(78.86234,359.85539),1.03961]
	 852.92517	   0.02531	[mu,kappa]: [(158.25765,351.07706),3.69400]
	 573.69590	   0.01703	[mu,kappa]: [(55.62954,359.12531),1.26253]
	 546.68442	   0.01623	[mu,kappa]: [(68.93690,4.28236),1.10403]
	 729.88081	   0.02166	[mu,kappa]: [(153.82963,351.46638),2.79213]
	 865.48271	   0.02568	[mu,kappa]: [(23.67872,1.35914),3.27842]
	 532.79530	   0.01582	[mu,kappa]: [(79.47501,355.84341),1.03857]
	 600.11431	   0.01781	[mu,kappa]: [(68.99342,355.05703),1.10339]
	 572.62917	   0.01700	[mu,kappa]: [(130.98031,357.89513),1.38927]
	 550.86728	   0.01635	[mu,kappa]: [(121.60741,352.15374),1.22156]
			msglen: 778881.81416 bits.
Iteration #: 7
	 476.56883	   0.01415	[mu,kappa]: [(111.82541,358.06602),1.18503]
	 646.84019	   0.01920	[mu,kappa]: [(30.86314,359.61102),2.43483]
	 900.09906	   0.02671	[mu,kappa]: [(160.41919,352.63034),4.81147]
	 510.69397	   0.01516	[mu,kappa]: [(62.81705,357.89179),1.24390]
	 487.52321	   0.01447	[mu,kappa]: [(77.13971,355.91417),1.12467]
	 988.84049	   0.02934	[mu,kappa]: [(20.09416,11.01729),4.76269]
	 563.29838	   0.01672	[mu,kappa]: [(45.88864,1.47967),1.59267]
	 506.75556	   0.01504	[mu,kappa]: [(68.59270,0.10483),1.18206]
	 507.48752	   0.01507	[mu,kappa]: [(64.67671,359.78449),1.22137]
	 517.68334	   0.01537	[mu,kappa]: [(134.04617,353.98328),1.59506]
	 779.89737	   0.02314	[mu,kappa]: [(23.97173,3.68408),3.45483]
	 506.13758	   0.01503	[mu,kappa]: [(57.49266,357.43226),1.32100]
	 582.65469	   0.01729	[mu,kappa]: [(143.66204,354.04756),2.02069]
	 589.50801	   0.01750	[mu,kappa]: [(148.57869,353.85602),2.38929]
	 572.43066	   0.01699	[mu,kappa]: [(146.07619,353.41695),2.18442]
	 532.51356	   0.01581	[mu,kappa]: [(64.36935,358.97257),1.22568]
	 752.83457	   0.02234	[mu,kappa]: [(157.17021,357.05725),3.69709]
	 524.32504	   0.01556	[mu,kappa]: [(71.25611,355.52683),1.16322]
	 970.47603	   0.02880	[mu,kappa]: [(20.54983,3.86676),4.44634]
	1164.63513	   0.03455	[mu,kappa]: [(17.32727,6.61938),6.15780]
	 553.64602	   0.01643	[mu,kappa]: [(45.58295,357.68450),1.60196]
	 549.62021	   0.01631	[mu,kappa]: [(40.01325,8.16728),1.84289]
	 784.04643	   0.02327	[mu,kappa]: [(156.42473,355.72628),3.52334]
	 519.14182	   0.01541	[mu,kappa]: [(53.73345,4.41025),1.39620]
	1129.07206	   0.03350	[mu,kappa]: [(18.26045,5.09814),5.53524]
	 580.47719	   0.01723	[mu,kappa]: [(149.57725,353.21169),2.48883]
	 551.20987	   0.01636	[mu,kappa]: [(111.71797,352.51856),1.19501]
	 557.63240	   0.01655	[mu,kappa]: [(46.13573,359.30685),1.58353]
	 590.83373	   0.01754	[mu,kappa]: [(143.21466,358.02108),1.98663]
	 653.09384	   0.01938	[mu,kappa]: [(28.54577,3.77526),2.69777]
	2245.27387	   0.06660	[mu,kappa]: [(167.24321,351.34093),11.02409]
	 626.52160	   0.01860	[mu,kappa]: [(32.31161,1.40827),2.30381]
	 652.10307	   0.01935	[mu,kappa]: [(150.18318,351.74274),2.56411]
	 768.64680	   0.02281	[mu,kappa]: [(22.32855,1.84774),3.85191]
	 559.34195	   0.01660	[mu,kappa]: [(140.74326,355.35725),1.85725]
	 528.31356	   0.01568	[mu,kappa]: [(58.70292,0.11036),1.30163]
	 604.16121	   0.01793	[mu,kappa]: [(144.00751,357.56851),2.03503]
	 790.79079	   0.02347	[mu,kappa]: [(158.63859,349.97584),4.18467]
	 519.48161	   0.01542	[mu,kappa]: [(99.34345,1.28462),1.11021]
	 639.86667	   0.01899	[mu,kappa]: [(29.44406,4.07493),2.59268]
	 483.80048	   0.01436	[mu,kappa]: [(75.38562,0.30208),1.13199]
	 971.74287	   0.02883	[mu,kappa]: [(161.19170,349.58774),5.23352]
	 517.95481	   0.01538	[mu,kappa]: [(49.66413,359.63290),1.48248]
	 485.08035	   0.01440	[mu,kappa]: [(64.00574,5.42794),1.23647]
	 763.75882	   0.02267	[mu,kappa]: [(157.25849,350.01807),3.78113]
	 977.79312	   0.02901	[mu,kappa]: [(20.06873,2.33159),4.62478]
	 469.10517	   0.01393	[mu,kappa]: [(76.13950,355.69843),1.12934]
	 532.16054	   0.01580	[mu,kappa]: [(64.05870,354.87456),1.23345]
	 517.68123	   0.01537	[mu,kappa]: [(135.61901,357.55863),1.64121]
	 490.44472	   0.01456	[mu,kappa]: [(125.67925,351.14158),1.39216]
			msglen: 775654.96089 bits.
Iteration #: 8
	 435.08005	   0.01292	[mu,kappa]: [(112.01336,358.40026),1.26762]
	 627.01459	   0.01861	[mu,kappa]: [(29.25527,359.49840),2.76575]
	 943.62563	   0.02800	[mu,kappa]: [(161.37776,351.92290),5.73283]
	 468.35234	   0.01390	[mu,kappa]: [(61.65323,357.81623),1.33803]
	 444.96618	   0.01321	[mu,kappa]: [(76.36196,355.34166),1.20140]
	1073.87791	   0.03186	[mu,kappa]: [(18.42344,12.36059),5.88824]
	 524.34471	   0.01557	[mu,kappa]: [(44.42566,2.26165),1.74465]
	 463.62227	   0.01376	[mu,kappa]: [(67.59430,0.77543),1.26683]
	 465.01748	   0.01381	[mu,kappa]: [(63.57321,0.31650),1.31200]
	 478.90538	   0.01422	[mu,kappa]: [(134.55490,353.20671),1.73523]
	 795.97148	   0.02362	[mu,kappa]: [(22.33083,4.21477),4.08908]
	 465.65274	   0.01382	[mu,kappa]: [(56.21466,357.16031),1.42737]
	 547.62579	   0.01626	[mu,kappa]: [(144.26155,353.38898),2.22777]
	 562.26979	   0.01669	[mu,kappa]: [(149.20836,353.20607),2.66242]
	 541.54120	   0.01608	[mu,kappa]: [(146.67701,352.61264),2.41986]
	 487.98648	   0.01449	[mu,kappa]: [(63.24061,359.24833),1.31698]
	 756.72160	   0.02246	[mu,kappa]: [(157.97165,357.19810),4.27875]
	 479.29660	   0.01423	[mu,kappa]: [(70.30854,354.78619),1.24620]
	1038.72724	   0.03082	[mu,kappa]: [(18.84801,4.23351),5.45246]
	1341.28946	   0.03979	[mu,kappa]: [(15.52986,7.18442),7.88913]
	 515.53465	   0.01530	[mu,kappa]: [(44.09521,357.33708),1.75586]
	 518.10026	   0.01538	[mu,kappa]: [(38.71391,10.65357),2.04480]
	 782.67816	   0.02323	[mu,kappa]: [(157.20571,355.58953),4.05832]
	 479.37897	   0.01423	[mu,kappa]: [(52.50294,6.20480),1.51678]
	1267.80118	   0.03761	[mu,kappa]: [(16.49564,5.53206),6.99624]
	 555.92706	   0.01650	[mu,kappa]: [(150.20444,352.40549),2.78140]
	 503.45823	   0.01495	[mu,kappa]: [(111.84441,351.10609),1.28249]
	 518.80843	   0.01540	[mu,kappa]: [(44.65249,359.44948),1.73375]
	 554.55953	   0.01646	[mu,kappa]: [(143.83942,358.50741),2.18767]
	 641.65347	   0.01904	[mu,kappa]: [(26.95584,4.59483),3.09685]
	2825.87297	   0.08382	[mu,kappa]: [(168.90839,350.51047),14.47711]
	 603.35186	   0.01791	[mu,kappa]: [(30.71847,1.80496),2.60220]
	 626.46719	   0.01859	[mu,kappa]: [(150.79754,350.56463),2.87351]
	 799.96000	   0.02374	[mu,kappa]: [(20.66230,1.94735),4.62807]
	 522.39338	   0.01551	[mu,kappa]: [(141.33995,355.05044),2.03697]
	 485.66859	   0.01442	[mu,kappa]: [(57.45590,0.67684),1.40481]
	 568.11789	   0.01686	[mu,kappa]: [(144.64014,357.92536),2.24423]
	 810.23232	   0.02404	[mu,kappa]: [(159.46369,348.72921),4.90812]
	 473.48565	   0.01406	[mu,kappa]: [(99.23610,2.55983),1.18484]
	 625.33930	   0.01856	[mu,kappa]: [(27.86692,5.01492),2.96334]
	 441.75177	   0.01312	[mu,kappa]: [(74.58477,1.09474),1.20941]
	1034.34296	   0.03069	[mu,kappa]: [(162.19397,348.44394),6.29510]
	 479.79584	   0.01424	[mu,kappa]: [(48.24662,359.93042),1.61491]
	 445.15301	   0.01322	[mu,kappa]: [(63.05300,7.67222),1.33407]
	 770.50917	   0.02287	[mu,kappa]: [(158.01568,348.70138),4.38746]
	1055.17321	   0.03131	[mu,kappa]: [(18.35504,2.44609),5.70376]
	 428.27029	   0.01272	[mu,kappa]: [(75.33948,355.05325),1.20693]
	 487.87529	   0.01448	[mu,kappa]: [(62.93670,353.87443),1.32786]
	 479.66001	   0.01424	[mu,kappa]: [(136.18193,357.87729),1.78724]
	 450.79042	   0.01338	[mu,kappa]: [(125.98362,349.43327),1.50674]
			msglen: 774411.38087 bits.
Iteration #: 9
	 421.48618	   0.01251	[mu,kappa]: [(111.35345,359.16234),1.30807]
	 609.93333	   0.01810	[mu,kappa]: [(29.34951,358.65849),2.86163]
	 939.26261	   0.02787	[mu,kappa]: [(161.41172,351.61536),6.13719]
	 452.65057	   0.01344	[mu,kappa]: [(62.79775,357.45360),1.36806]
	 430.47384	   0.01278	[mu,kappa]: [(77.20919,354.17849),1.24026]
	1108.60310	   0.03289	[mu,kappa]: [(17.51919,13.88260),6.67041]
	 506.66764	   0.01504	[mu,kappa]: [(45.37351,3.29126),1.77322]
	 448.27966	   0.01331	[mu,kappa]: [(68.72792,1.83654),1.29979]
	 449.50130	   0.01335	[mu,kappa]: [(64.74444,1.08953),1.34262]
	 464.28012	   0.01378	[mu,kappa]: [(133.31362,352.13082),1.77020]
	 790.43443	   0.02346	[mu,kappa]: [(21.83202,4.39224),4.39942]
	 449.97434	   0.01336	[mu,kappa]: [(57.36077,356.38770),1.45589]
	 531.05953	   0.01576	[mu,kappa]: [(143.17459,352.68085),2.26560]
	 545.79055	   0.01620	[mu,kappa]: [(148.28517,352.61604),2.71259]
	 525.40120	   0.01560	[mu,kappa]: [(145.63739,351.68259),2.46236]
	 471.64024	   0.01400	[mu,kappa]: [(64.38237,359.54654),1.34740]
	 741.93008	   0.02202	[mu,kappa]: [(157.61859,358.29551),4.46333]
	 463.58954	   0.01376	[mu,kappa]: [(71.32374,353.27176),1.28386]
	1061.50464	   0.03150	[mu,kappa]: [(17.95243,4.10803),6.11419]
	1449.32348	   0.04300	[mu,kappa]: [(14.21273,7.46494),9.37630]
	 498.17067	   0.01479	[mu,kappa]: [(44.98731,356.29549),1.78608]
	 502.55887	   0.01492	[mu,kappa]: [(39.90865,14.61227),2.09538]
	 765.74952	   0.02272	[mu,kappa]: [(156.79702,356.16136),4.21674]
	 463.82643	   0.01377	[mu,kappa]: [(53.90256,9.16182),1.55060]
	1342.12825	   0.03982	[mu,kappa]: [(15.30232,5.55809),8.15866]
	 539.90405	   0.01603	[mu,kappa]: [(149.30463,351.55183),2.83704]
	 488.17426	   0.01449	[mu,kappa]: [(110.99148,348.65469),1.33222]
	 501.22364	   0.01488	[mu,kappa]: [(45.55538,359.31163),1.76190]
	 537.83876	   0.01597	[mu,kappa]: [(142.78136,359.91492),2.22516]
	 626.78672	   0.01860	[mu,kappa]: [(26.90664,5.37526),3.23102]
	3184.25494	   0.09445	[mu,kappa]: [(170.20729,350.08436),17.61912]
	 585.83066	   0.01739	[mu,kappa]: [(30.92056,1.90801),2.67975]
	 608.78596	   0.01807	[mu,kappa]: [(149.87606,349.04856),2.93677]
	 803.16253	   0.02383	[mu,kappa]: [(19.98529,1.36587),5.06523]
	 506.41986	   0.01503	[mu,kappa]: [(140.22543,354.94329),2.07106]
	 469.31894	   0.01393	[mu,kappa]: [(58.63859,1.45828),1.43289]
	 550.97542	   0.01636	[mu,kappa]: [(143.60927,359.10738),2.28245]
	 799.48214	   0.02372	[mu,kappa]: [(159.21039,347.38640),5.17793]
	 458.81525	   0.01362	[mu,kappa]: [(99.17988,4.95757),1.23200]
	 609.81622	   0.01810	[mu,kappa]: [(27.90581,6.03038),3.08012]
	 427.34378	   0.01269	[mu,kappa]: [(75.57357,2.43385),1.24616]
	1036.98087	   0.03077	[mu,kappa]: [(162.32350,347.38649),6.80459]
	 463.51490	   0.01376	[mu,kappa]: [(49.27560,0.12086),1.64101]
	 431.37200	   0.01281	[mu,kappa]: [(64.61864,11.52543),1.37890]
	 756.49157	   0.02245	[mu,kappa]: [(157.59491,347.17593),4.58691]
	1084.57574	   0.03218	[mu,kappa]: [(17.40400,1.90004),6.44216]
	 414.33912	   0.01230	[mu,kappa]: [(76.22558,353.74961),1.24577]
	 471.85721	   0.01401	[mu,kappa]: [(64.09991,351.83136),1.36452]
	 464.97642	   0.01380	[mu,kappa]: [(135.02763,358.85615),1.82037]
	 437.53892	   0.01299	[mu,kappa]: [(124.57075,346.56818),1.55379]
			msglen: 773929.18983 bits.
Iteration #: 10
	 421.10155	   0.01250	[mu,kappa]: [(110.57965,0.41895),1.32076]
	 596.66388	   0.01771	[mu,kappa]: [(30.10092,357.08755),2.84372]
	 915.28266	   0.02716	[mu,kappa]: [(161.02664,351.53010),6.25644]
	 450.26116	   0.01337	[mu,kappa]: [(64.47632,356.76973),1.36725]
	 429.60561	   0.01276	[mu,kappa]: [(78.35940,352.22587),1.25745]
	1114.08209	   0.03306	[mu,kappa]: [(16.99150,15.65956),7.23935]
	 500.83738	   0.01487	[mu,kappa]: [(47.07954,4.81198),1.74915]
	 446.64883	   0.01326	[mu,kappa]: [(70.36309,3.48842),1.30626]
	 447.39815	   0.01328	[mu,kappa]: [(66.45962,2.26355),1.34375]
	 461.91853	   0.01371	[mu,kappa]: [(131.71926,350.45384),1.75784]
	 774.67452	   0.02299	[mu,kappa]: [(21.83679,4.34214),4.52036]
	 447.00588	   0.01327	[mu,kappa]: [(59.11784,355.02443),1.44994]
	 525.15462	   0.01559	[mu,kappa]: [(141.74918,351.66187),2.23198]
	 537.14129	   0.01594	[mu,kappa]: [(147.02658,351.83727),2.66931]
	 518.53597	   0.01539	[mu,kappa]: [(144.23992,350.32792),2.42456]
	 469.29047	   0.01393	[mu,kappa]: [(66.04984,359.94535),1.34754]
	 723.19042	   0.02146	[mu,kappa]: [(156.87058,0.29064),4.46233]
	 462.37157	   0.01373	[mu,kappa]: [(72.75280,350.74392),1.29961]
	1058.37456	   0.03140	[mu,kappa]: [(17.42949,3.60285),6.56018]
	1517.21768	   0.04501	[mu,kappa]: [(13.11065,7.59177),10.79200]
	 492.42378	   0.01462	[mu,kappa]: [(46.60740,354.46202),1.76458]
	 498.10322	   0.01479	[mu,kappa]: [(42.41243,20.50664),2.09644]
	 746.44145	   0.02215	[mu,kappa]: [(156.02242,357.33777),4.20159]
	 461.58798	   0.01370	[mu,kappa]: [(56.27909,13.74147),1.55588]
	1378.02044	   0.04088	[mu,kappa]: [(14.36761,5.30935),9.16648]
	 530.82815	   0.01576	[mu,kappa]: [(148.04968,350.36258),2.79354]
	 488.78043	   0.01451	[mu,kappa]: [(109.80891,344.73022),1.36429]
	 495.35664	   0.01471	[mu,kappa]: [(47.16048,358.94160),1.73731]
	 532.42989	   0.01581	[mu,kappa]: [(141.38377,2.34006),2.19529]
	 612.36971	   0.01818	[mu,kappa]: [(27.48872,6.32600),3.22891]
	3392.14634	   0.10062	[mu,kappa]: [(171.22484,349.89995),20.61162]
	 573.42180	   0.01702	[mu,kappa]: [(31.78400,1.84092),2.65184]
	 598.43373	   0.01776	[mu,kappa]: [(148.53475,346.82112),2.89847]
	 791.70483	   0.02349	[mu,kappa]: [(19.76326,0.18864),5.29596]
	 501.80302	   0.01490	[mu,kappa]: [(138.80809,354.88226),2.04198]
	 466.35140	   0.01385	[mu,kappa]: [(60.44934,2.62927),1.42667]
	 544.93662	   0.01618	[mu,kappa]: [(142.25253,1.17216),2.24973]
	 778.85676	   0.02311	[mu,kappa]: [(158.50671,345.68833),5.22050]
	 459.36791	   0.01364	[mu,kappa]: [(99.14744,8.81729),1.26353]
	 596.07364	   0.01769	[mu,kappa]: [(28.60677,7.36278),3.06923]
	 426.41451	   0.01266	[mu,kappa]: [(76.96817,4.55097),1.26015]
	1012.97158	   0.03006	[mu,kappa]: [(162.00547,346.23569),6.99338]
	 458.93405	   0.01363	[mu,kappa]: [(50.99390,0.29936),1.62087]
	 431.78491	   0.01282	[mu,kappa]: [(67.12400,17.46349),1.41585]
	 737.52660	   0.02189	[mu,kappa]: [(156.72129,345.14134),4.59442]
	1086.33684	   0.03223	[mu,kappa]: [(16.81023,0.81389),6.96864]
	 413.52139	   0.01228	[mu,kappa]: [(77.43211,351.57018),1.26340]
	 470.26647	   0.01396	[mu,kappa]: [(65.83828,348.45414),1.37875]
	 462.27523	   0.01372	[mu,kappa]: [(133.57974,0.54658),1.80312]
	 437.77384	   0.01300	[mu,kappa]: [(122.58410,342.05873),1.57647]
			msglen: 773616.62315 bits.
Iteration #: 11
	 424.34619	   0.01260	[mu,kappa]: [(109.86967,2.31777),1.32327]
	 586.94776	   0.01742	[mu,kappa]: [(31.08081,354.57499),2.79475]
	 889.69205	   0.02640	[mu,kappa]: [(160.47250,351.62666),6.25943]
	 452.10601	   0.01342	[mu,kappa]: [(65.96401,355.61597),1.36011]
	 432.96910	   0.01286	[mu,kappa]: [(79.28515,349.15364),1.27221]
	1106.25388	   0.03282	[mu,kappa]: [(16.72350,17.77268),7.67720]
	 499.78796	   0.01484	[mu,kappa]: [(48.86264,7.03177),1.71785]
	 449.34013	   0.01334	[mu,kappa]: [(71.86904,5.94392),1.30792]
	 449.54262	   0.01335	[mu,kappa]: [(68.03068,3.98427),1.33877]
	 463.46604	   0.01376	[mu,kappa]: [(130.16775,347.88303),1.73728]
	 756.40883	   0.02245	[mu,kappa]: [(22.09653,4.08750),4.54857]
	 448.39794	   0.01331	[mu,kappa]: [(60.74653,352.82459),1.44007]
	 523.29869	   0.01553	[mu,kappa]: [(140.44201,350.13917),2.18582]
	 532.34859	   0.01580	[mu,kappa]: [(145.88549,350.72160),2.60962]
	 515.66481	   0.01531	[mu,kappa]: [(142.92231,348.31595),2.37403]
	 471.29715	   0.01399	[mu,kappa]: [(67.53489,0.46914),1.34023]
	 707.90260	   0.02101	[mu,kappa]: [(156.04929,3.37221),4.41799]
	 466.01134	   0.01384	[mu,kappa]: [(73.99789,346.81333),1.31765]
	1043.86675	   0.03097	[mu,kappa]: [(17.13695,2.73918),6.87373]
	1568.12637	   0.04652	[mu,kappa]: [(12.13848,7.66564),12.25438]
	 491.52899	   0.01459	[mu,kappa]: [(48.28238,351.54019),1.73875]
	 501.98195	   0.01490	[mu,kappa]: [(46.03683,28.52059),2.13070]
	 730.65144	   0.02168	[mu,kappa]: [(155.24791,359.23549),4.14547]
	 465.65827	   0.01382	[mu,kappa]: [(59.13532,20.32947),1.58113]
	1395.63759	   0.04141	[mu,kappa]: [(13.59156,4.86168),10.10712]
	 525.57132	   0.01560	[mu,kappa]: [(146.87250,348.63695),2.73343]
	 495.12653	   0.01470	[mu,kappa]: [(108.31308,338.88678),1.40867]
	 494.04622	   0.01467	[mu,kappa]: [(48.74255,358.25505),1.70379]
	 531.69518	   0.01578	[mu,kappa]: [(140.05395,6.09960),2.15892]
	 600.13814	   0.01781	[mu,kappa]: [(28.31980,7.58359),3.17967]
	3510.79089	   0.10413	[mu,kappa]: [(172.00217,349.87528),23.43671]
	 564.60022	   0.01676	[mu,kappa]: [(32.80987,1.59468),2.59476]
	 592.76875	   0.01759	[mu,kappa]: [(147.14548,343.57420),2.84726]
	 775.26893	   0.02301	[mu,kappa]: [(19.81266,358.36341),5.41397]
	 501.02871	   0.01487	[mu,kappa]: [(137.56974,354.81662),1.99988]
	 467.84376	   0.01389	[mu,kappa]: [(62.15951,4.33864),1.41457]
	 543.47364	   0.01613	[mu,kappa]: [(140.99926,4.39337),2.20821]
	 759.93959	   0.02255	[mu,kappa]: [(157.63895,343.45854),5.19343]
	 465.20230	   0.01381	[mu,kappa]: [(99.03799,14.54773),1.30376]
	 585.04778	   0.01737	[mu,kappa]: [(29.57525,9.19599),3.01748]
	 429.69883	   0.01276	[mu,kappa]: [(78.24616,7.71626),1.27089]
	 984.83385	   0.02922	[mu,kappa]: [(161.44140,344.88805),7.03462]
	 458.62024	   0.01362	[mu,kappa]: [(52.65202,0.46596),1.59265]
	 439.56486	   0.01305	[mu,kappa]: [(70.11006,25.73219),1.49569]
	 721.69889	   0.02142	[mu,kappa]: [(155.70303,342.37835),4.55452]
	1075.71185	   0.03192	[mu,kappa]: [(16.44764,359.19928),7.36416]
	 416.86793	   0.01238	[mu,kappa]: [(78.41902,348.16098),1.28021]
	 474.18433	   0.01408	[mu,kappa]: [(67.52887,343.30078),1.40353]
	 463.45923	   0.01376	[mu,kappa]: [(132.27633,3.16854),1.77692]
	 443.58502	   0.01317	[mu,kappa]: [(120.13333,335.49831),1.61821]
			msglen: 773338.48869 bits.
Iteration #: 12
	 426.92029	   0.01268	[mu,kappa]: [(109.25946,5.07559),1.32731]
	 579.98750	   0.01722	[mu,kappa]: [(32.15452,350.73988),2.75615]
	 869.84461	   0.02581	[mu,kappa]: [(159.91482,351.95923),6.23649]
	 453.75147	   0.01347	[mu,kappa]: [(67.07211,353.73688),1.35775]
	 436.51078	   0.01296	[mu,kappa]: [(79.89342,344.52887),1.30043]
	1092.84206	   0.03243	[mu,kappa]: [(16.68691,20.32398),8.01831]
	 499.66052	   0.01483	[mu,kappa]: [(50.53148,10.15763),1.69867]
	 451.96044	   0.01342	[mu,kappa]: [(73.14820,9.44697),1.31706]
	 451.48785	   0.01340	[mu,kappa]: [(69.31151,6.41001),1.33856]
	 465.12357	   0.01381	[mu,kappa]: [(128.64464,344.09689),1.72878]
	 738.88175	   0.02193	[mu,kappa]: [(22.48959,3.58092),4.53600]
	 450.11662	   0.01336	[mu,kappa]: [(62.06755,349.40522),1.44165]
	 521.93451	   0.01549	[mu,kappa]: [(139.33618,347.92655),2.15143]
	 528.72251	   0.01570	[mu,kappa]: [(144.98060,349.15759),2.56420]
	 513.78937	   0.01525	[mu,kappa]: [(141.74819,345.42237),2.33907]
	 472.90414	   0.01404	[mu,kappa]: [(68.65747,1.10900),1.33490]
	 698.63415	   0.02073	[mu,kappa]: [(155.23548,7.89168),4.40162]
	 470.57689	   0.01397	[mu,kappa]: [(74.98192,341.01776),1.35918]
	1024.88477	   0.03041	[mu,kappa]: [(17.02245,1.48685),7.09118]
	1613.04473	   0.04785	[mu,kappa]: [(11.25991,7.79125),13.82623]
	 492.06204	   0.01461	[mu,kappa]: [(49.86170,347.07926),1.73236]
	 515.78709	   0.01531	[mu,kappa]: [(50.99146,38.16468),2.27255]
	 719.73307	   0.02136	[mu,kappa]: [(154.60906,2.13705),4.10967]
	 474.15271	   0.01408	[mu,kappa]: [(62.57630,28.97859),1.66951]
	1404.03441	   0.04165	[mu,kappa]: [(12.93442,4.27343),11.00988]
	 521.84533	   0.01549	[mu,kappa]: [(145.86928,346.20102),2.69040]
	 504.30771	   0.01497	[mu,kappa]: [(106.30693,330.88459),1.50220]
	 493.30021	   0.01464	[mu,kappa]: [(50.04208,357.05589),1.67852]
	 532.66257	   0.01581	[mu,kappa]: [(138.75110,11.63114),2.14819]
	 590.00039	   0.01751	[mu,kappa]: [(29.22504,9.24759),3.12684]
	3569.80896	   0.10588	[mu,kappa]: [(172.58667,349.96620),25.99424]
	 557.60118	   0.01655	[mu,kappa]: [(33.76777,1.05596),2.54232]
	 589.96519	   0.01751	[mu,kappa]: [(145.70573,339.04360),2.82326]
	 758.52725	   0.02251	[mu,kappa]: [(20.07004,355.74087),5.46985]
	 500.18785	   0.01485	[mu,kappa]: [(136.63321,354.74393),1.96492]
	 469.34484	   0.01393	[mu,kappa]: [(63.59116,6.74051),1.40885]
	 543.44805	   0.01613	[mu,kappa]: [(139.85628,9.18409),2.18844]
	 746.84912	   0.02216	[mu,kappa]: [(156.74001,340.57033),5.17518]
	 473.03477	   0.01404	[mu,kappa]: [(98.79878,22.43205),1.38388]
	 576.29539	   0.01711	[mu,kappa]: [(30.65015,11.69045),2.96713]
	 433.07659	   0.01286	[mu,kappa]: [(79.36222,12.23615),1.29274]
	 962.61074	   0.02856	[mu,kappa]: [(160.77217,343.28030),7.02771]
	 458.54937	   0.01361	[mu,kappa]: [(53.99290,0.55258),1.57074]
	 454.52258	   0.01349	[mu,kappa]: [(73.58158,35.88783),1.67972]
	 711.51848	   0.02112	[mu,kappa]: [(154.64058,338.72442),4.53657]
	1059.99803	   0.03145	[mu,kappa]: [(16.27864,357.00555),7.66101]
	 420.59708	   0.01249	[mu,kappa]: [(79.09817,343.07557),1.31391]
	 480.46454	   0.01426	[mu,kappa]: [(69.15379,335.96271),1.46986]
	 464.80351	   0.01380	[mu,kappa]: [(131.15871,7.06304),1.76295]
	 453.33238	   0.01346	[mu,kappa]: [(116.92758,326.84608),1.72547]
			msglen: 773018.94743 bits.
Iteration #: 13
	 426.16716	   0.01265	[mu,kappa]: [(108.75880,8.92562),1.34317]
	 574.72638	   0.01706	[mu,kappa]: [(33.38005,345.15269),2.75758]
	 857.36100	   0.02544	[mu,kappa]: [(159.45854,352.65207),6.23821]
	 452.23461	   0.01343	[mu,kappa]: [(67.79256,350.79339),1.36802]
	 438.26131	   0.01301	[mu,kappa]: [(80.23631,337.98241),1.36334]
	1077.91605	   0.03198	[mu,kappa]: [(16.88896,23.40570),8.28705]
	 497.56389	   0.01477	[mu,kappa]: [(52.10124,14.36015),1.70352]
	 451.74089	   0.01341	[mu,kappa]: [(74.29057,14.21119),1.34493]
	 450.22464	   0.01337	[mu,kappa]: [(70.34023,9.68955),1.35051]
	 464.72202	   0.01380	[mu,kappa]: [(126.96826,338.81382),1.74925]
	 722.78394	   0.02145	[mu,kappa]: [(22.93437,2.72263),4.51862]
	 449.69245	   0.01335	[mu,kappa]: [(63.13257,344.33342),1.46904]
	 518.45558	   0.01539	[mu,kappa]: [(138.38177,344.83676),2.14197]
	 523.87829	   0.01555	[mu,kappa]: [(144.30840,347.04727),2.54779]
	 510.67729	   0.01516	[mu,kappa]: [(140.62819,341.44494),2.33591]
	 470.77969	   0.01398	[mu,kappa]: [(69.40056,1.82207),1.33612]
	 696.41577	   0.02067	[mu,kappa]: [(154.31552,14.17406),4.46263]
	 474.71090	   0.01409	[mu,kappa]: [(75.81950,333.11404),1.45458]
	1004.71820	   0.02981	[mu,kappa]: [(17.06440,359.79134),7.23721]
	1657.13264	   0.04916	[mu,kappa]: [(10.45726,8.08728),15.54788]
	 492.06388	   0.01461	[mu,kappa]: [(51.47625,340.64337),1.76758]
	 546.30765	   0.01622	[mu,kappa]: [(57.09943,48.01978),2.62269]
	 713.24775	   0.02117	[mu,kappa]: [(154.08422,6.40126),4.13015]
	 488.67116	   0.01451	[mu,kappa]: [(66.71982,38.93271),1.88024]
	1406.98737	   0.04174	[mu,kappa]: [(12.37811,3.60455),11.88029]
	 517.57313	   0.01536	[mu,kappa]: [(144.99565,342.90409),2.68179]
	 517.62484	   0.01537	[mu,kappa]: [(103.64213,321.19326),1.70045]
	 490.03710	   0.01455	[mu,kappa]: [(50.97774,355.05569),1.67011]
	 534.17861	   0.01586	[mu,kappa]: [(137.19423,19.22548),2.19390]
	 580.55024	   0.01723	[mu,kappa]: [(30.11149,11.38193),3.09597]
	3588.02573	   0.10642	[mu,kappa]: [(173.02605,350.14893),28.22066]
	 550.11110	   0.01633	[mu,kappa]: [(34.53466,0.02620),2.51200]
	 588.75324	   0.01748	[mu,kappa]: [(144.02174,333.11111),2.85365]
	 743.68134	   0.02207	[mu,kappa]: [(20.52664,352.12891),5.50304]
	 496.40985	   0.01474	[mu,kappa]: [(136.02740,354.67676),1.94681]
	 467.75615	   0.01389	[mu,kappa]: [(64.76229,9.97553),1.41707]
	 543.26748	   0.01613	[mu,kappa]: [(138.61073,15.90007),2.21660]
	 740.05227	   0.02196	[mu,kappa]: [(155.83970,336.96598),5.20879]
	 482.95036	   0.01434	[mu,kappa]: [(98.40782,32.14405),1.55055]
	 568.32740	   0.01687	[mu,kappa]: [(31.77360,14.96694),2.94358]
	 434.23373	   0.01289	[mu,kappa]: [(80.43448,18.32932),1.34232]
	 949.31805	   0.02817	[mu,kappa]: [(160.09751,341.38933),7.03333]
	 455.64693	   0.01353	[mu,kappa]: [(54.92940,0.43197),1.56127]
	 482.09475	   0.01431	[mu,kappa]: [(77.32640,46.42022),2.05679]
	 707.04104	   0.02098	[mu,kappa]: [(153.50258,334.12025),4.58010]
	1042.84966	   0.03094	[mu,kappa]: [(16.30107,354.16216),7.87906]
	 423.04872	   0.01256	[mu,kappa]: [(79.53673,335.98605),1.38899]
	 489.25609	   0.01452	[mu,kappa]: [(70.89910,326.55636),1.62403]
	 464.15030	   0.01378	[mu,kappa]: [(130.11113,12.57252),1.77917]
	 469.62136	   0.01394	[mu,kappa]: [(112.79166,316.92030),1.96570]
			msglen: 772545.49711 bits.
Iteration #: 14
	 419.01308	   0.01244	[mu,kappa]: [(108.39624,13.95910),1.38452]
	 569.94930	   0.01692	[mu,kappa]: [(34.97114,337.67482),2.83812]
	 851.36691	   0.02526	[mu,kappa]: [(159.14582,353.87469),6.30110]
	 444.17319	   0.01319	[mu,kappa]: [(68.17784,346.45988),1.40268]
	 436.66404	   0.01296	[mu,kappa]: [(80.41530,329.63426),1.49553]
	1064.68695	   0.03159	[mu,kappa]: [(17.35284,27.05929),8.52012]
	 489.94146	   0.01454	[mu,kappa]: [(53.64365,19.60976),1.74704]
	 445.48092	   0.01323	[mu,kappa]: [(75.43112,20.20832),1.40720]
	 442.14134	   0.01313	[mu,kappa]: [(71.19902,13.84384),1.38380]
	 460.07118	   0.01366	[mu,kappa]: [(124.91837,332.04449),1.82271]
	 707.17183	   0.02099	[mu,kappa]: [(23.36503,1.39576),4.53377]
	 444.63321	   0.01320	[mu,kappa]: [(64.10183,337.40144),1.54572]
	 509.79334	   0.01513	[mu,kappa]: [(137.50137,340.76740),2.17279]
	 514.85612	   0.01528	[mu,kappa]: [(143.84512,344.34625),2.57597]
	 503.75625	   0.01495	[mu,kappa]: [(139.43044,336.33753),2.38413]
	 460.88296	   0.01368	[mu,kappa]: [(69.77158,2.50026),1.34853]
	 702.88800	   0.02086	[mu,kappa]: [(153.03425,22.13612),4.66415]
	 478.18085	   0.01420	[mu,kappa]: [(76.64487,323.64405),1.65278]
	 985.30704	   0.02924	[mu,kappa]: [(17.25360,357.62583),7.34417]
	1703.85472	   0.05055	[mu,kappa]: [(9.72291,8.70166),17.44657]
	 489.97435	   0.01455	[mu,kappa]: [(53.39799,332.25129),1.88023]
	 606.71214	   0.01801	[mu,kappa]: [(63.22720,56.31981),3.31800]
	 710.48952	   0.02109	[mu,kappa]: [(153.52738,12.26403),4.24836]
	 513.58567	   0.01525	[mu,kappa]: [(71.14862,48.51413),2.29544]
	1406.72052	   0.04173	[mu,kappa]: [(11.91475,2.94457),12.71561]
	 510.20694	   0.01515	[mu,kappa]: [(144.16961,338.70809),2.72684]
	 539.74214	   0.01602	[mu,kappa]: [(100.54497,311.32896),2.08428]
	 480.53864	   0.01427	[mu,kappa]: [(51.53509,351.92673),1.68916]
	 535.92842	   0.01591	[mu,kappa]: [(135.05535,28.48927),2.34429]
	 569.04681	   0.01689	[mu,kappa]: [(30.90902,13.96637),3.11210]
	3582.19969	   0.10625	[mu,kappa]: [(173.36130,350.40380),30.11212]
	 538.75453	   0.01599	[mu,kappa]: [(35.02999,358.25046),2.52107]
	 587.99204	   0.01745	[mu,kappa]: [(141.86716,326.05297),2.97376]
	 731.82777	   0.02172	[mu,kappa]: [(21.21332,347.42126),5.56022]
	 486.22386	   0.01443	[mu,kappa]: [(135.79581,354.62781),1.95582]
	 459.32985	   0.01364	[mu,kappa]: [(65.73797,14.05643),1.44846]
	 541.82261	   0.01608	[mu,kappa]: [(136.96436,24.39682),2.33283]
	 738.55863	   0.02192	[mu,kappa]: [(154.90685,332.72736),5.33063]
	 496.89055	   0.01475	[mu,kappa]: [(97.95247,42.29373),1.86922]
	 558.46425	   0.01658	[mu,kappa]: [(32.92054,19.00935),2.97306]
	 430.69544	   0.01279	[mu,kappa]: [(81.60425,25.80404),1.44380]
	 944.62389	   0.02803	[mu,kappa]: [(159.47070,339.25018),7.09463]
	 446.12258	   0.01325	[mu,kappa]: [(55.40684,359.90978),1.57052]
	 533.70346	   0.01584	[mu,kappa]: [(80.73144,55.34543),2.74544]
	 707.48536	   0.02100	[mu,kappa]: [(152.20136,328.72867),4.72385]
	1026.78405	   0.03047	[mu,kappa]: [(16.53117,350.65391),8.04614]
	 423.16697	   0.01256	[mu,kappa]: [(79.84630,327.16613),1.54519]
	 503.22667	   0.01494	[mu,kappa]: [(72.80688,316.30988),1.93826]
	 459.29639	   0.01364	[mu,kappa]: [(128.96723,19.73900),1.85204]
	 499.07355	   0.01482	[mu,kappa]: [(108.18515,307.44365),2.43563]
			msglen: 771766.50972 bits.
Iteration #: 15
	 401.50096	   0.01192	[mu,kappa]: [(108.26673,19.83470),1.46951]
	 564.80781	   0.01677	[mu,kappa]: [(37.11101,329.04820),3.05838]
	 850.65774	   0.02524	[mu,kappa]: [(158.96119,355.78097),6.46212]
	 425.51291	   0.01263	[mu,kappa]: [(68.29174,340.73018),1.48085]
	 430.18937	   0.01277	[mu,kappa]: [(80.49435,320.61187),1.74315]
	1057.19876	   0.03137	[mu,kappa]: [(18.10464,31.23869),8.77531]
	 472.15352	   0.01402	[mu,kappa]: [(55.11415,25.41618),1.84931]
	 428.94176	   0.01274	[mu,kappa]: [(76.62061,26.84598),1.52298]
	 422.56189	   0.01255	[mu,kappa]: [(71.91848,18.55342),1.45027]
	 448.55866	   0.01332	[mu,kappa]: [(122.47764,324.47516),1.98294]
	 690.33566	   0.02049	[mu,kappa]: [(23.73151,359.58207),4.62848]
	 432.20332	   0.01283	[mu,kappa]: [(65.09667,329.16921),1.70760]
	 492.25590	   0.01461	[mu,kappa]: [(136.69119,335.91230),2.26764]
	 498.18075	   0.01479	[mu,kappa]: [(143.61913,341.18398),2.67382]
	 489.98013	   0.01455	[mu,kappa]: [(138.12240,330.46696),2.51366]
	 438.12816	   0.01301	[mu,kappa]: [(69.74114,2.94579),1.37903]
	 722.02157	   0.02143	[mu,kappa]: [(151.19769,30.84481),5.10593]
	 481.46778	   0.01429	[mu,kappa]: [(77.41068,314.25796),2.01602]
	 968.33659	   0.02873	[mu,kappa]: [(17.58556,355.10658),7.45633]
	1756.75109	   0.05211	[mu,kappa]: [(9.05664,9.83704),19.52353]
	 484.58562	   0.01439	[mu,kappa]: [(55.70774,322.98803),2.12476]
	 712.37016	   0.02114	[mu,kappa]: [(67.85639,62.01621),4.45705]
	 711.83838	   0.02113	[mu,kappa]: [(152.73979,19.45766),4.53067]
	 553.80745	   0.01644	[mu,kappa]: [(74.93122,55.98888),2.99430]
	1405.67701	   0.04170	[mu,kappa]: [(11.54305,2.46251),13.50353]
	 496.78121	   0.01475	[mu,kappa]: [(143.37727,333.87722),2.85564]
	 577.75766	   0.01715	[mu,kappa]: [(97.64158,303.17596),2.74389]
	 460.35774	   0.01367	[mu,kappa]: [(51.72015,347.51529),1.75398]
	 538.25624	   0.01598	[mu,kappa]: [(132.42387,37.92101),2.67302]
	 551.88339	   0.01638	[mu,kappa]: [(31.52221,16.81970),3.21050]
	3567.38613	   0.10581	[mu,kappa]: [(173.62444,350.69138),31.69550]
	 519.42668	   0.01542	[mu,kappa]: [(35.19253,355.55090),2.59611]
	 586.54737	   0.01741	[mu,kappa]: [(139.26785,318.75052),3.23552]
	 723.71878	   0.02148	[mu,kappa]: [(22.17456,341.85624),5.70092]
	 465.41367	   0.01382	[mu,kappa]: [(136.04720,354.61528),2.00879]
	 439.22378	   0.01304	[mu,kappa]: [(66.52067,18.66296),1.51521]
	 538.38106	   0.01598	[mu,kappa]: [(134.87344,33.51731),2.60050]
	 741.23291	   0.02200	[mu,kappa]: [(153.92268,328.16085),5.58549]
	 517.10748	   0.01535	[mu,kappa]: [(97.68924,50.89645),2.40686]
	 543.16860	   0.01612	[mu,kappa]: [(34.01038,23.50772),3.09308]
	 419.08227	   0.01244	[mu,kappa]: [(82.90015,33.69480),1.62505]
	 947.27810	   0.02811	[mu,kappa]: [(158.90950,336.97540),7.24977]
	 425.28905	   0.01263	[mu,kappa]: [(55.34118,358.76631),1.60919]
	 623.06546	   0.01849	[mu,kappa]: [(83.24947,61.45060),3.83784]
	 712.14340	   0.02113	[mu,kappa]: [(150.72022,323.04704),5.02035]
	1014.27213	   0.03009	[mu,kappa]: [(16.98834,346.65795),8.20300]
	 420.11451	   0.01247	[mu,kappa]: [(80.06812,317.95532),1.83418]
	 527.22502	   0.01565	[mu,kappa]: [(74.50904,307.27913),2.50156]
	 447.64400	   0.01329	[mu,kappa]: [(127.70933,27.83956),2.02120]
	 551.22042	   0.01636	[mu,kappa]: [(104.11212,300.07630),3.23916]
			msglen: 770594.15364 bits.
Iteration #: 16
	 371.28504	   0.01103	[mu,kappa]: [(108.51266,25.68078),1.61393]
	 560.33796	   0.01663	[mu,kappa]: [(39.53088,320.99992),3.48947]
	 855.14246	   0.02538	[mu,kappa]: [(158.83724,358.35604),6.75136]
	 394.19827	   0.01171	[mu,kappa]: [(68.11267,334.39503),1.62316]
	 418.13246	   0.01242	[mu,kappa]: [(80.38718,312.75946),2.13814]
	1061.91545	   0.03151	[mu,kappa]: [(19.17011,35.83276),9.11661]
	 441.37319	   0.01310	[mu,kappa]: [(56.18991,30.85642),2.03047]
	 399.31632	   0.01186	[mu,kappa]: [(77.68088,33.00319),1.70447]
	 388.68335	   0.01154	[mu,kappa]: [(72.36995,23.13426),1.55996]
	 428.49148	   0.01272	[mu,kappa]: [(120.10711,317.45967),2.25857]
	 672.11656	   0.01995	[mu,kappa]: [(24.01499,357.60085),4.84869]
	 411.22679	   0.01221	[mu,kappa]: [(65.93266,321.21839),1.98803]
	 463.79691	   0.01377	[mu,kappa]: [(136.12430,330.95296),2.45461]
	 472.12565	   0.01402	[mu,kappa]: [(143.73577,337.98719),2.87428]
	 467.64831	   0.01388	[mu,kappa]: [(136.93984,324.72554),2.75926]
	 399.74090	   0.01187	[mu,kappa]: [(69.20464,3.02840),1.43618]
	 761.32464	   0.02259	[mu,kappa]: [(148.98562,38.74883),5.91124]
	 485.28140	   0.01441	[mu,kappa]: [(77.82301,306.82637),2.58551]
	 955.94543	   0.02837	[mu,kappa]: [(18.05093,352.62230),7.60974]
	1818.28404	   0.05394	[mu,kappa]: [(8.46455,11.73435),21.72257]
	 476.13055	   0.01414	[mu,kappa]: [(57.87092,314.81180),2.55418]
	 859.43591	   0.02550	[mu,kappa]: [(70.19331,65.19669),5.84899]
	 720.53206	   0.02138	[mu,kappa]: [(151.62960,26.95577),5.06307]
	 607.26436	   0.01802	[mu,kappa]: [(77.32802,60.63955),3.95308]
	1406.35280	   0.04172	[mu,kappa]: [(11.26728,2.42930),14.20277]
	 475.79578	   0.01413	[mu,kappa]: [(142.76940,329.08528),3.10608]
	 635.28164	   0.01886	[mu,kappa]: [(95.46492,297.71255),3.70751]
	 427.38058	   0.01269	[mu,kappa]: [(51.50048,342.30665),1.88868]
	 542.94728	   0.01612	[mu,kappa]: [(130.11942,45.63134),3.26494]
	 527.73142	   0.01567	[mu,kappa]: [(31.83895,19.67840),3.43739]
	3553.83714	   0.10541	[mu,kappa]: [(173.84026,350.90258),33.00568]
	 490.44354	   0.01456	[mu,kappa]: [(34.98905,352.19664),2.77293]
	 583.95283	   0.01733	[mu,kappa]: [(136.75647,312.38945),3.69680]
	 720.62481	   0.02139	[mu,kappa]: [(23.38724,336.21048),5.97825]
	 431.81439	   0.01282	[mu,kappa]: [(136.90625,354.73089),2.12845]
	 404.55888	   0.01201	[mu,kappa]: [(66.94189,23.12708),1.62872]
	 533.98101	   0.01585	[mu,kappa]: [(132.89846,41.44941),3.09679]
	 748.10879	   0.02220	[mu,kappa]: [(152.94040,323.72864),6.02176]
	 542.69235	   0.01611	[mu,kappa]: [(97.90061,56.70356),3.17800]
	 521.09143	   0.01547	[mu,kappa]: [(34.85453,27.90123),3.35326]
	 396.80264	   0.01178	[mu,kappa]: [(84.13016,40.53676),1.89951]
	 956.68410	   0.02839	[mu,kappa]: [(158.40716,334.69517),7.52807]
	 390.72263	   0.01160	[mu,kappa]: [(54.61397,357.02140),1.69257]
	 746.83633	   0.02216	[mu,kappa]: [(84.78770,64.79041),5.16236]
	 721.49112	   0.02141	[mu,kappa]: [(149.22136,317.76710),5.53054]
	1007.94205	   0.02991	[mu,kappa]: [(17.66659,342.63765),8.38432]
	 413.61021	   0.01228	[mu,kappa]: [(80.06852,310.23552),2.29046]
	 565.22027	   0.01678	[mu,kappa]: [(75.45985,300.91771),3.36991]
	 428.06840	   0.01271	[mu,kappa]: [(126.68113,35.40331),2.32979]
	 630.29809	   0.01871	[mu,kappa]: [(101.33323,295.37692),4.37802]
			msglen: 769195.01063 bits.
Iteration #: 17
	 332.23409	   0.00987	[mu,kappa]: [(109.08264,30.65667),1.82031]
	 560.52000	   0.01664	[mu,kappa]: [(41.53204,314.93408),4.16987]
	 864.64253	   0.02566	[mu,kappa]: [(158.67409,1.17559),7.15506]
	 354.15567	   0.01052	[mu,kappa]: [(67.47469,328.85558),1.83298]
	 401.58909	   0.01192	[mu,kappa]: [(79.93523,307.24201),2.66176]
	1086.94700	   0.03225	[mu,kappa]: [(20.57720,40.69870),9.56865]
	 402.38077	   0.01195	[mu,kappa]: [(56.47494,35.26109),2.30380]
	 360.45011	   0.01070	[mu,kappa]: [(78.24565,37.83465),1.94824]
	 345.03881	   0.01025	[mu,kappa]: [(72.28640,27.05328),1.71690]
	 401.61665	   0.01193	[mu,kappa]: [(118.50220,312.09536),2.64891]
	 655.94576	   0.01947	[mu,kappa]: [(24.24914,356.09999),5.19436]
	 384.49921	   0.01142	[mu,kappa]: [(66.17044,315.10351),2.38708]
	 427.70749	   0.01270	[mu,kappa]: [(136.03313,326.69600),2.75103]
	 440.05653	   0.01307	[mu,kappa]: [(144.22773,335.22145),3.20121]
	 439.53076	   0.01305	[mu,kappa]: [(136.25312,319.97237),3.14392]
	 350.78188	   0.01042	[mu,kappa]: [(68.02448,3.03210),1.52661]
	 829.19634	   0.02461	[mu,kappa]: [(146.89080,44.81133),7.12682]
	 489.09529	   0.01452	[mu,kappa]: [(77.62540,302.03546),3.33139]
	 949.86600	   0.02818	[mu,kappa]: [(18.62816,350.62428),7.79276]
	1884.20399	   0.05589	[mu,kappa]: [(7.95068,14.42865),23.93090]
	 467.13299	   0.01387	[mu,kappa]: [(59.09146,309.02466),3.18023]
	1006.66646	   0.02987	[mu,kappa]: [(70.44664,66.68264),7.04612]
	 741.98516	   0.02202	[mu,kappa]: [(150.31462,33.48316),5.88554]
	 658.95424	   0.01956	[mu,kappa]: [(78.22846,62.92337),4.93562]
	1407.84803	   0.04177	[mu,kappa]: [(11.09180,2.98672),14.73546]
	 450.18014	   0.01337	[mu,kappa]: [(142.52670,324.98595),3.50679]
	 701.37648	   0.02082	[mu,kappa]: [(94.12757,294.64802),4.81205]
	 386.27387	   0.01147	[mu,kappa]: [(50.77359,337.51895),2.10705]
	 554.58559	   0.01646	[mu,kappa]: [(128.90068,50.81719),4.17378]
	 502.10418	   0.01491	[mu,kappa]: [(31.90166,22.53203),3.82655]
	3541.03100	   0.10503	[mu,kappa]: [(174.03102,350.81371),34.11388]
	 456.73897	   0.01356	[mu,kappa]: [(34.45930,349.10550),3.07477]
	 582.36775	   0.01729	[mu,kappa]: [(135.03238,307.61182),4.39784]
	 724.44914	   0.02150	[mu,kappa]: [(24.71666,331.31831),6.39442]
	 389.58368	   0.01157	[mu,kappa]: [(138.29238,355.12416),2.33047]
	 360.09029	   0.01069	[mu,kappa]: [(66.73247,26.94895),1.79540]
	 533.52195	   0.01584	[mu,kappa]: [(131.69560,47.12224),3.87720]
	 761.46637	   0.02260	[mu,kappa]: [(152.00872,319.68053),6.66307]
	 567.59082	   0.01685	[mu,kappa]: [(98.63849,59.85255),4.07410]
	 498.01953	   0.01478	[mu,kappa]: [(35.35926,31.85159),3.79570]
	 366.48160	   0.01088	[mu,kappa]: [(84.95420,45.45357),2.25178]
	 972.63935	   0.02886	[mu,kappa]: [(157.90800,332.33659),7.92731]
	 347.22234	   0.01031	[mu,kappa]: [(53.17615,355.27788),1.83303]
	 864.91349	   0.02567	[mu,kappa]: [(85.60564,66.24430),6.25463]
	 738.72925	   0.02192	[mu,kappa]: [(147.91376,313.27108),6.29519]
	1009.21525	   0.02994	[mu,kappa]: [(18.52052,339.03189),8.58666]
	 404.11550	   0.01200	[mu,kappa]: [(79.66925,304.99260),2.89098]
	 613.39006	   0.01821	[mu,kappa]: [(75.41171,297.22068),4.46574]
	 404.29294	   0.01200	[mu,kappa]: [(126.25141,41.25142),2.80122]
	 720.57562	   0.02138	[mu,kappa]: [(99.95267,292.80944),5.60103]
			msglen: 767879.78880 bits.
Iteration #: 18
	 292.31051	   0.00868	[mu,kappa]: [(109.64704,34.44884),2.07657]
	 570.06372	   0.01692	[mu,kappa]: [(42.77387,310.80061),5.08404]
	 874.48030	   0.02595	[mu,kappa]: [(158.39837,3.53639),7.60972]
	 313.11257	   0.00930	[mu,kappa]: [(66.34937,324.84106),2.09443]
	 382.99874	   0.01137	[mu,kappa]: [(79.13970,303.88466),3.25589]
	1134.97078	   0.03367	[mu,kappa]: [(22.28440,45.53726),10.11192]
	 365.10765	   0.01084	[mu,kappa]: [(55.98419,38.59395),2.67441]
	 320.99336	   0.00953	[mu,kappa]: [(78.09863,41.26324),2.24260]
	 301.07518	   0.00894	[mu,kappa]: [(71.55365,30.21398),1.92017]
	 373.11130	   0.01108	[mu,kappa]: [(117.91738,308.45518),3.13521]
	 644.51625	   0.01913	[mu,kappa]: [(24.50946,355.32650),5.59862]
	 357.31379	   0.01061	[mu,kappa]: [(65.68159,311.07744),2.87637]
	 391.38552	   0.01162	[mu,kappa]: [(136.33358,323.33337),3.16090]
	 408.61117	   0.01213	[mu,kappa]: [(144.83290,332.85088),3.65467]
	 412.21436	   0.01224	[mu,kappa]: [(136.07969,316.33413),3.67720]
	 301.26472	   0.00895	[mu,kappa]: [(66.25456,3.34570),1.65136]
	 923.83986	   0.02741	[mu,kappa]: [(145.27845,49.05152),8.59713]
	 491.04659	   0.01458	[mu,kappa]: [(76.84782,299.34656),4.15308]
	 948.06580	   0.02813	[mu,kappa]: [(19.29234,349.08111),7.96356]
	1942.05134	   0.05761	[mu,kappa]: [(7.50065,17.47968),26.09268]
	 461.12499	   0.01369	[mu,kappa]: [(59.18738,305.43534),3.97304]
	1118.73530	   0.03319	[mu,kappa]: [(69.33768,67.30215),7.87878]
	 776.01601	   0.02303	[mu,kappa]: [(149.01505,38.38269),6.91155]
	 693.52043	   0.02058	[mu,kappa]: [(78.02433,63.78657),5.71011]
	1403.48532	   0.04164	[mu,kappa]: [(11.00614,3.80085),15.06323]
	 426.15096	   0.01265	[mu,kappa]: [(142.52038,321.62974),4.06538]
	 753.52056	   0.02236	[mu,kappa]: [(93.45958,293.12120),5.77789]
	 345.56304	   0.01026	[mu,kappa]: [(49.59754,333.96394),2.40188]
	 577.11532	   0.01713	[mu,kappa]: [(128.61655,53.95907),5.35687]
	 483.03412	   0.01434	[mu,kappa]: [(31.97641,25.47762),4.36007]
	3519.35769	   0.10439	[mu,kappa]: [(174.21896,350.28948),35.17890]
	 426.03543	   0.01265	[mu,kappa]: [(33.78509,346.93640),3.48568]
	 587.44415	   0.01744	[mu,kappa]: [(134.24751,304.22002),5.34571]
	 735.47673	   0.02183	[mu,kappa]: [(26.04435,327.27334),6.90531]
	 346.76838	   0.01030	[mu,kappa]: [(139.80497,355.63179),2.61088]
	 315.64151	   0.00938	[mu,kappa]: [(65.85012,30.06137),2.01661]
	 542.10963	   0.01609	[mu,kappa]: [(131.23101,50.72905),4.92117]
	 783.81848	   0.02326	[mu,kappa]: [(151.06963,315.96361),7.47754]
	 584.99442	   0.01736	[mu,kappa]: [(99.67065,61.28247),4.93073]
	 482.93021	   0.01434	[mu,kappa]: [(35.72701,35.35401),4.41749]
	 334.95232	   0.00995	[mu,kappa]: [(85.15600,48.58065),2.65249]
	 992.36719	   0.02945	[mu,kappa]: [(157.31079,329.70106),8.40802]
	 303.88156	   0.00903	[mu,kappa]: [(51.24532,354.16416),2.03053]
	 939.27587	   0.02787	[mu,kappa]: [(86.00537,66.71304),6.92842]
	 768.49056	   0.02281	[mu,kappa]: [(146.81537,309.47824),7.29200]
	1015.96931	   0.03015	[mu,kappa]: [(19.50109,335.77109),8.79311]
	 392.60522	   0.01166	[mu,kappa]: [(78.87819,301.90182),3.56437]
	 659.72636	   0.01958	[mu,kappa]: [(74.52396,295.31806),5.57047]
	 382.49781	   0.01136	[mu,kappa]: [(126.29751,45.22181),3.42474]
	 792.85759	   0.02353	[mu,kappa]: [(99.65187,291.50308),6.60787]
			msglen: 766785.27577 bits.
Iteration #: 19
	 256.97790	   0.00764	[mu,kappa]: [(109.96654,37.13944),2.36890]
	 591.10449	   0.01755	[mu,kappa]: [(43.41848,307.86862),6.16413]
	 877.98525	   0.02605	[mu,kappa]: [(157.98047,5.13072),8.06730]
	 276.70106	   0.00822	[mu,kappa]: [(65.01724,322.13097),2.39271]
	 364.97971	   0.01084	[mu,kappa]: [(78.15902,301.98480),3.86637]
	1199.71045	   0.03559	[mu,kappa]: [(24.11038,49.96469),10.73625]
	 335.61324	   0.00997	[mu,kappa]: [(55.16024,41.05364),3.13554]
	 286.83430	   0.00852	[mu,kappa]: [(77.43876,43.58520),2.57788]
	 263.04620	   0.00782	[mu,kappa]: [(70.44249,32.68376),2.16553]
	 348.10625	   0.01034	[mu,kappa]: [(118.06270,306.10673),3.70221]
	 635.64630	   0.01887	[mu,kappa]: [(24.85466,354.95265),5.98980]
	 333.88139	   0.00992	[mu,kappa]: [(64.75406,308.55336),3.43077]
	 360.70682	   0.01071	[mu,kappa]: [(136.66537,320.71238),3.67753]
	 382.28589	   0.01135	[mu,kappa]: [(145.18146,330.73344),4.20879]
	 391.07188	   0.01161	[mu,kappa]: [(136.09051,313.60715),4.34760]
	 257.87632	   0.00766	[mu,kappa]: [(64.27919,3.97668),1.80626]
	1027.12607	   0.03048	[mu,kappa]: [(144.26752,51.94519),10.01295]
	 490.27515	   0.01455	[mu,kappa]: [(75.72930,297.94928),4.94430]
	 945.16170	   0.02805	[mu,kappa]: [(20.01597,347.64566),8.11221]
	1982.99072	   0.05882	[mu,kappa]: [(7.08711,20.30595),28.28486]
	 460.75408	   0.01368	[mu,kappa]: [(58.55419,303.24851),4.88113]
	1197.19519	   0.03552	[mu,kappa]: [(67.64323,67.55501),8.45055]
	 813.79846	   0.02415	[mu,kappa]: [(147.92925,41.68558),7.96744]
	 710.09762	   0.02107	[mu,kappa]: [(77.28897,63.95096),6.26339]
	1386.81801	   0.04114	[mu,kappa]: [(10.98084,4.33590),15.25146]
	 408.10889	   0.01212	[mu,kappa]: [(142.43822,318.90423),4.75412]
	 779.91797	   0.02314	[mu,kappa]: [(93.23915,292.41235),6.49141]
	 310.69857	   0.00923	[mu,kappa]: [(48.31588,331.50706),2.75588]
	 607.91738	   0.01804	[mu,kappa]: [(128.68507,55.85511),6.61337]
	 472.46455	   0.01403	[mu,kappa]: [(32.28523,28.32078),4.96927]
	3486.15412	   0.10340	[mu,kappa]: [(174.41922,349.60780),36.38491]
	 401.57223	   0.01192	[mu,kappa]: [(33.22298,345.51918),3.95821]
	 603.19355	   0.01790	[mu,kappa]: [(134.02825,301.78539),6.45577]
	 751.32591	   0.02230	[mu,kappa]: [(27.31351,323.75290),7.47344]
	 308.91833	   0.00918	[mu,kappa]: [(140.99957,355.94026),2.95283]
	 277.59420	   0.00825	[mu,kappa]: [(64.64158,32.53220),2.28823]
	 558.96010	   0.01659	[mu,kappa]: [(131.07995,52.93080),6.07648]
	 813.01301	   0.02413	[mu,kappa]: [(150.12079,312.71004),8.35784]
	 593.72793	   0.01762	[mu,kappa]: [(100.70656,61.85841),5.68627]
	 478.58146	   0.01421	[mu,kappa]: [(36.19919,38.35231),5.15524]
	 307.13342	   0.00912	[mu,kappa]: [(84.87010,50.44286),3.08084]
	1010.00528	   0.02997	[mu,kappa]: [(156.59006,327.05078),8.91396]
	 266.44344	   0.00792	[mu,kappa]: [(49.28608,353.70028),2.27331]
	 971.67458	   0.02883	[mu,kappa]: [(86.22558,66.73716),7.32248]
	 809.99301	   0.02404	[mu,kappa]: [(145.88723,306.32476),8.38377]
	1023.72935	   0.03038	[mu,kappa]: [(20.55863,332.58724),9.02019]
	 380.55507	   0.01130	[mu,kappa]: [(77.86629,300.21537),4.23945]
	 695.11668	   0.02063	[mu,kappa]: [(73.18270,294.36465),6.51447]
	 365.94935	   0.01087	[mu,kappa]: [(126.44927,47.72541),4.15848]
	 834.50717	   0.02476	[mu,kappa]: [(100.01797,290.82467),7.34383]
			msglen: 765931.52680 bits.
Iteration #: 20
	 228.59546	   0.00679	[mu,kappa]: [(110.06670,38.96126),2.69018]
	 621.11360	   0.01844	[mu,kappa]: [(43.67342,305.62530),7.27466]
	 875.14773	   0.02597	[mu,kappa]: [(157.40242,6.15680),8.52035]
	 247.03746	   0.00734	[mu,kappa]: [(63.82125,320.32029),2.71633]
	 349.28996	   0.01037	[mu,kappa]: [(77.21067,300.98029),4.45357]
	1271.96935	   0.03774	[mu,kappa]: [(25.81447,53.76962),11.44056]
	 314.86824	   0.00935	[mu,kappa]: [(54.44192,42.79627),3.66177]
	 260.01109	   0.00773	[mu,kappa]: [(76.69030,45.10646),2.94408]
	 232.89472	   0.00692	[mu,kappa]: [(69.40011,34.56119),2.44428]
	 329.21663	   0.00978	[mu,kappa]: [(118.49785,304.68182),4.32171]
	 626.09790	   0.01858	[mu,kappa]: [(25.30316,354.70200),6.34076]
	 315.90727	   0.00938	[mu,kappa]: [(63.75344,306.98075),4.02312]
	 337.94250	   0.01004	[mu,kappa]: [(136.79448,318.85276),4.26622]
	 362.50160	   0.01077	[mu,kappa]: [(145.14678,329.11583),4.81101]
	 377.58334	   0.01121	[mu,kappa]: [(136.03813,311.73022),5.08613]
	 222.71606	   0.00662	[mu,kappa]: [(62.57493,4.77538),1.98257]
	1116.99435	   0.03314	[mu,kappa]: [(143.82675,53.91468),11.11374]
	 487.35140	   0.01447	[mu,kappa]: [(74.58179,297.26766),5.63826]
	 937.53126	   0.02782	[mu,kappa]: [(20.76997,346.19828),8.25931]
	2009.84528	   0.05962	[mu,kappa]: [(6.69321,22.61125),30.61704]
	 465.95540	   0.01383	[mu,kappa]: [(57.65823,301.85659),5.80974]
	1252.48786	   0.03716	[mu,kappa]: [(65.94504,67.68107),8.85263]
	 846.97078	   0.02513	[mu,kappa]: [(147.18262,43.65448),8.88942]
	 715.57698	   0.02124	[mu,kappa]: [(76.51928,63.78839),6.65741]
	1357.83408	   0.04028	[mu,kappa]: [(10.98760,4.31256),15.40701]
	 396.70927	   0.01178	[mu,kappa]: [(142.16813,316.94902),5.48633]
	 785.96929	   0.02332	[mu,kappa]: [(93.30671,292.11264),7.00946]
	 283.03210	   0.00841	[mu,kappa]: [(47.26175,329.78080),3.14768]
	 639.03847	   0.01897	[mu,kappa]: [(128.74140,57.03534),7.65520]
	 467.61397	   0.01388	[mu,kappa]: [(32.85079,30.74654),5.58218]
	3450.04649	   0.10233	[mu,kappa]: [(174.63154,349.22203),37.79041]
	 382.53756	   0.01136	[mu,kappa]: [(32.92108,344.52500),4.44258]
	 626.26497	   0.01859	[mu,kappa]: [(133.98732,299.99437),7.51575]
	 768.88861	   0.02282	[mu,kappa]: [(28.44700,320.65112),8.07208]
	 278.46802	   0.00827	[mu,kappa]: [(141.66956,356.06427),3.33954]
	 247.74514	   0.00736	[mu,kappa]: [(63.56607,34.43709),2.59911]
	 578.50079	   0.01717	[mu,kappa]: [(130.97207,54.22847),7.08953]
	 841.82702	   0.02498	[mu,kappa]: [(149.29884,310.17619),9.14605]
	 598.31579	   0.01776	[mu,kappa]: [(101.57541,62.07613),6.35189]
	 481.93394	   0.01431	[mu,kappa]: [(36.81409,40.70331),5.91603]
	 285.13367	   0.00847	[mu,kappa]: [(84.44724,51.48305),3.52314]
	1021.12824	   0.03030	[mu,kappa]: [(155.84821,324.99254),9.37978]
	 236.33063	   0.00702	[mu,kappa]: [(47.69907,353.65111),2.54309]
	 981.05055	   0.02911	[mu,kappa]: [(86.47061,66.58958),7.59144]
	 853.95547	   0.02534	[mu,kappa]: [(145.17719,303.81780),9.35527]
	1029.46172	   0.03055	[mu,kappa]: [(21.61626,329.49736),9.29691]
	 369.32691	   0.01097	[mu,kappa]: [(76.87073,299.36380),4.86608]
	 718.32553	   0.02132	[mu,kappa]: [(71.79494,293.84727),7.25121]
	 355.46358	   0.01056	[mu,kappa]: [(126.48495,49.18011),4.92360]
	 853.49198	   0.02533	[mu,kappa]: [(100.69270,290.43022),7.90650]
			msglen: 765325.36926 bits.
Iteration #: 21
	 207.63261	   0.00617	[mu,kappa]: [(110.08965,40.15974),3.03264]
	 653.90008	   0.01941	[mu,kappa]: [(43.65358,303.81816),8.25869]
	 871.80342	   0.02587	[mu,kappa]: [(156.67679,6.87612),8.96514]
	 224.14428	   0.00666	[mu,kappa]: [(62.95517,319.12176),3.05154]
	 336.72889	   0.01000	[mu,kappa]: [(76.48522,300.52628),4.98558]
	1344.60027	   0.03989	[mu,kappa]: [(27.22273,56.96473),12.20506]
	 301.50156	   0.00896	[mu,kappa]: [(53.98308,43.91750),4.21135]
	 240.38794	   0.00714	[mu,kappa]: [(76.14116,46.06258),3.32374]
	 210.29554	   0.00625	[mu,kappa]: [(68.67980,35.94868),2.74181]
	 316.83903	   0.00941	[mu,kappa]: [(118.90043,303.90279),4.93981]
	 615.29199	   0.01826	[mu,kappa]: [(25.86003,354.53801),6.65495]
	 303.17708	   0.00901	[mu,kappa]: [(62.92499,306.03284),4.60876]
	 322.85160	   0.00959	[mu,kappa]: [(136.70753,317.77175),4.85934]
	 349.09241	   0.01037	[mu,kappa]: [(144.83545,328.24636),5.39399]
	 370.32970	   0.01100	[mu,kappa]: [(135.87224,310.62546),5.77391]
	 195.48497	   0.00581	[mu,kappa]: [(61.37877,5.60669),2.16845]
	1182.83767	   0.03509	[mu,kappa]: [(143.82855,55.27857),11.84202]
	 483.29886	   0.01435	[mu,kappa]: [(73.65428,296.97891),6.20098]
	 925.52939	   0.02746	[mu,kappa]: [(21.53650,344.87197),8.41901]
	2030.43166	   0.06023	[mu,kappa]: [(6.32083,24.38240),33.11096]
	 473.92691	   0.01407	[mu,kappa]: [(56.79443,300.92266),6.63215]
	1288.67537	   0.03823	[mu,kappa]: [(64.51951,67.78010),9.11727]
	 872.90488	   0.02590	[mu,kappa]: [(146.78459,44.60696),9.58974]
	 715.31006	   0.02123	[mu,kappa]: [(75.98808,63.47333),6.92899]
	1321.14094	   0.03920	[mu,kappa]: [(11.01577,3.73254),15.59711]
	 390.36000	   0.01159	[mu,kappa]: [(141.79031,315.83400),6.14385]
	 782.73161	   0.02323	[mu,kappa]: [(93.56067,292.01858),7.41082]
	 261.97853	   0.00778	[mu,kappa]: [(46.55879,328.56728),3.55390]
	 663.69968	   0.01970	[mu,kappa]: [(128.68808,57.78352),8.32908]
	 465.87058	   0.01383	[mu,kappa]: [(33.57952,32.54185),6.15425]
	3418.13093	   0.10139	[mu,kappa]: [(174.84168,349.24469),39.29493]
	 367.58078	   0.01092	[mu,kappa]: [(32.88839,343.84318),4.90713]
	 649.13190	   0.01927	[mu,kappa]: [(133.94538,298.60789),8.33243]
	 785.85816	   0.02332	[mu,kappa]: [(29.36014,318.03190),8.66298]
	 256.12604	   0.00761	[mu,kappa]: [(141.86640,356.16923),3.75670]
	 225.58385	   0.00670	[mu,kappa]: [(62.84344,35.85012),2.93169]
	 595.18640	   0.01767	[mu,kappa]: [(130.83450,54.93246),7.78843]
	 863.69026	   0.02563	[mu,kappa]: [(148.71303,308.36033),9.73372]
	 603.54889	   0.01791	[mu,kappa]: [(102.23775,62.18069),6.93165]
	 489.06963	   0.01452	[mu,kappa]: [(37.47427,42.31742),6.61831]
	 269.26671	   0.00800	[mu,kappa]: [(84.15669,52.00515),3.96059]
	1025.45181	   0.03043	[mu,kappa]: [(155.20192,323.81813),9.75237]
	 213.00016	   0.00633	[mu,kappa]: [(46.61722,353.82442),2.82218]
	 982.08932	   0.02914	[mu,kappa]: [(86.86058,66.41425),7.80704]
	 890.23208	   0.02642	[mu,kappa]: [(144.71703,301.82744),10.07266]
	1032.76971	   0.03064	[mu,kappa]: [(22.58797,326.70521),9.62608]
	 359.80861	   0.01069	[mu,kappa]: [(76.09786,299.00759),5.41056]
	 731.59583	   0.02171	[mu,kappa]: [(70.63217,293.51696),7.78507]
	 350.46082	   0.01041	[mu,kappa]: [(126.37453,49.89434),5.61579]
	 862.66063	   0.02560	[mu,kappa]: [(101.42467,290.14500),8.37900]
			msglen: 764929.83814 bits.
Iteration #: 22
	 193.08185	   0.00574	[mu,kappa]: [(110.12644,40.95899),3.38252]
	 683.65151	   0.02029	[mu,kappa]: [(43.44148,302.28664),9.02991]
	 872.60219	   0.02589	[mu,kappa]: [(155.86191,7.40262),9.38654]
	 207.11517	   0.00616	[mu,kappa]: [(62.43244,318.33934),3.38515]
	 327.35494	   0.00972	[mu,kappa]: [(76.05553,300.42208),5.44070]
	1413.18206	   0.04193	[mu,kappa]: [(28.27723,59.68291),13.00073]
	 293.55273	   0.00872	[mu,kappa]: [(53.72958,44.50391),4.74276]
	 226.65489	   0.00674	[mu,kappa]: [(75.83397,46.63788),3.69618]
	 193.88292	   0.00576	[mu,kappa]: [(68.25897,36.95406),3.04248]
	 309.85747	   0.00920	[mu,kappa]: [(119.12338,303.55206),5.49557]
	 604.70742	   0.01795	[mu,kappa]: [(26.52543,354.50394),6.94141]
	 294.56384	   0.00875	[mu,kappa]: [(62.35376,305.52036),5.13764]
	 313.72569	   0.00932	[mu,kappa]: [(136.48066,317.33556),5.38842]
	 340.91220	   0.01013	[mu,kappa]: [(144.39830,328.08180),5.90630]
	 366.80024	   0.01089	[mu,kappa]: [(135.63118,310.11418),6.31948]
	 174.86360	   0.00520	[mu,kappa]: [(60.62468,6.36932),2.35361]
	1226.75000	   0.03640	[mu,kappa]: [(144.11898,56.28303),12.30473]
	 478.93117	   0.01422	[mu,kappa]: [(73.03846,296.92111),6.62419]
	 911.70284	   0.02705	[mu,kappa]: [(22.30851,343.82376),8.58699]
	2049.37959	   0.06079	[mu,kappa]: [(5.98149,25.72296),35.68130]
	 481.43318	   0.01429	[mu,kappa]: [(56.07540,300.26565),7.26330]
	1307.87284	   0.03880	[mu,kappa]: [(63.41840,67.88263),9.27306]
	 892.39476	   0.02648	[mu,kappa]: [(146.65620,44.87598),10.07380]
	 712.01247	   0.02113	[mu,kappa]: [(75.74613,63.09241),7.10368]
	1281.66842	   0.03803	[mu,kappa]: [(11.06788,2.70967),15.83507]
	 386.93552	   0.01149	[mu,kappa]: [(141.40013,315.41297),6.65285]
	 778.10085	   0.02309	[mu,kappa]: [(93.91007,292.03243),7.73585]
	 246.43792	   0.00732	[mu,kappa]: [(46.16510,327.75539),3.95481]
	 680.16400	   0.02019	[mu,kappa]: [(128.53648,58.26750),8.67754]
	 466.13778	   0.01384	[mu,kappa]: [(34.37350,33.64549),6.66509]
	3390.31366	   0.10056	[mu,kappa]: [(175.03286,349.43423),40.75175]
	 356.08495	   0.01058	[mu,kappa]: [(33.06896,343.47066),5.33883]
	 666.81053	   0.01979	[mu,kappa]: [(133.87516,297.46127),8.86730]
	 800.93252	   0.02377	[mu,kappa]: [(30.01663,315.90192),9.20292]
	 241.12477	   0.00717	[mu,kappa]: [(141.76541,356.32187),4.18986]
	 209.66272	   0.00623	[mu,kappa]: [(62.42298,36.85590),3.26878]
	 606.75420	   0.01801	[mu,kappa]: [(130.66391,55.25790),8.17881]
	 876.93410	   0.02602	[mu,kappa]: [(148.36947,307.05862),10.12394]
	 611.25086	   0.01814	[mu,kappa]: [(102.71889,62.29529),7.41695]
	 497.37196	   0.01477	[mu,kappa]: [(38.09324,43.21437),7.21192]
	 258.57338	   0.00768	[mu,kappa]: [(84.06704,52.22223),4.37216]
	1025.31191	   0.03042	[mu,kappa]: [(154.69494,323.39961),10.02165]
	 195.34123	   0.00581	[mu,kappa]: [(45.95479,354.09285),3.10022]
	 981.95460	   0.02914	[mu,kappa]: [(87.39894,66.29256),7.99197]
	 915.32680	   0.02716	[mu,kappa]: [(144.47986,300.15651),10.55703]
	1034.61479	   0.03070	[mu,kappa]: [(23.41374,324.34000),9.98356]
	 352.33674	   0.01046	[mu,kappa]: [(75.62633,298.95855),5.85539]
	 737.59400	   0.02189	[mu,kappa]: [(69.78166,293.27074),8.14206]
	 349.16242	   0.01037	[mu,kappa]: [(126.16365,50.12253),6.16306]
	 870.11380	   0.02582	[mu,kappa]: [(102.07145,289.88429),8.78782]
			msglen: 764676.94838 bits.
Iteration #: 23
	 183.26400	   0.00545	[mu,kappa]: [(110.19232,41.53619),3.72526]
	 707.70652	   0.02100	[mu,kappa]: [(43.11165,300.90803),9.59566]
	 878.54286	   0.02607	[mu,kappa]: [(155.02891,7.76831),9.76895]
	 194.74570	   0.00579	[mu,kappa]: [(62.17433,317.82928),3.70792]
	 320.78850	   0.00953	[mu,kappa]: [(75.88858,300.54746),5.81384]
	1475.38183	   0.04377	[mu,kappa]: [(29.00615,62.06850),13.81188]
	 289.29749	   0.00859	[mu,kappa]: [(53.59058,44.65704),5.23014]
	 217.19862	   0.00646	[mu,kappa]: [(75.68963,46.97432),4.04681]
	 182.06088	   0.00541	[mu,kappa]: [(68.00360,37.68898),3.33564]
	 306.49635	   0.00910	[mu,kappa]: [(119.14791,303.48466),5.95102]
	 595.96899	   0.01769	[mu,kappa]: [(27.28556,354.62366),7.20700]
	 288.81528	   0.00858	[mu,kappa]: [(62.02463,305.31478),5.57826]
	 308.48553	   0.00916	[mu,kappa]: [(136.18369,317.35093),5.81916]
	 336.43543	   0.00999	[mu,kappa]: [(143.93173,328.41597),6.33062]
	 364.91797	   0.01084	[mu,kappa]: [(135.35651,310.01146),6.70411]
	 159.27551	   0.00474	[mu,kappa]: [(60.11697,7.01689),2.53181]
	1255.54838	   0.03725	[mu,kappa]: [(144.57501,57.10675),12.64338]
	 474.81878	   0.01410	[mu,kappa]: [(72.70464,297.01303),6.92410]
	 898.45983	   0.02666	[mu,kappa]: [(23.07925,343.12500),8.75095]
	2066.92264	   0.06131	[mu,kappa]: [(5.68557,26.74529),38.19213]
	 486.76341	   0.01445	[mu,kappa]: [(55.51588,299.78191),7.69507]
	1313.65510	   0.03897	[mu,kappa]: [(62.60324,67.98885),9.35860]
	 906.90013	   0.02691	[mu,kappa]: [(146.70247,44.74166),10.39585]
	 707.19563	   0.02099	[mu,kappa]: [(75.73016,62.69001),7.20971]
	1242.79885	   0.03687	[mu,kappa]: [(11.14778,1.36464),16.10830]
	 384.86017	   0.01143	[mu,kappa]: [(141.04045,315.47167),7.00961]
	 775.28764	   0.02301	[mu,kappa]: [(94.27121,292.10886),7.99657]
	 235.25738	   0.00699	[mu,kappa]: [(45.98406,327.26078),4.33682]
	 689.88944	   0.02047	[mu,kappa]: [(128.31683,58.59355),8.81831]
	 468.10604	   0.01390	[mu,kappa]: [(35.17570,34.11462),7.11056]
	3363.94607	   0.09978	[mu,kappa]: [(175.19626,349.52483),42.07039]
	 347.75354	   0.01033	[mu,kappa]: [(33.39373,343.39434),5.73475]
	 678.36432	   0.02013	[mu,kappa]: [(133.79761,296.46848),9.19116]
	 813.52971	   0.02414	[mu,kappa]: [(30.43440,314.17234),9.66563]
	 231.82332	   0.00689	[mu,kappa]: [(141.53346,356.50507),4.62585]
	 198.38724	   0.00590	[mu,kappa]: [(62.16307,37.55284),3.59945]
	 613.57622	   0.01821	[mu,kappa]: [(130.46797,55.35323),8.35579]
	 883.38223	   0.02621	[mu,kappa]: [(148.22032,306.06160),10.38458]
	 620.90897	   0.01843	[mu,kappa]: [(103.06063,62.47470),7.80497]
	 505.54051	   0.01501	[mu,kappa]: [(38.64667,43.48875),7.68194]
	 251.63185	   0.00748	[mu,kappa]: [(84.12657,52.27691),4.74444]
	1023.09652	   0.03036	[mu,kappa]: [(154.31522,323.47218),10.20981]
	 182.16859	   0.00542	[mu,kappa]: [(45.55230,354.38178),3.37402]
	 983.08600	   0.02917	[mu,kappa]: [(88.02222,66.26434),8.15420]
	 931.23321	   0.02763	[mu,kappa]: [(144.41560,298.65276),10.90871]
	1035.90000	   0.03074	[mu,kappa]: [(24.06981,322.39145),10.34022]
	 346.85155	   0.01030	[mu,kappa]: [(75.42333,299.11023),6.20273]
	 738.90938	   0.02193	[mu,kappa]: [(69.21251,293.07053),8.36575]
	 349.66348	   0.01038	[mu,kappa]: [(125.89923,50.06331),6.55662]
	 878.40244	   0.02607	[mu,kappa]: [(102.57727,289.61376),9.13222]
			msglen: 764507.90908 bits.
Iteration #: 24
	 176.62613	   0.00525	[mu,kappa]: [(110.27314,42.00468),4.05177]
	 726.10998	   0.02155	[mu,kappa]: [(42.72354,299.59736),10.01462]
	 888.50963	   0.02637	[mu,kappa]: [(154.22746,7.99618),10.10415]
	 185.86864	   0.00553	[mu,kappa]: [(62.09610,317.48370),4.01455]
	 316.51651	   0.00940	[mu,kappa]: [(75.91496,300.82417),6.11359]
	1530.21712	   0.04540	[mu,kappa]: [(29.47334,64.22423),14.64059]
	 287.49588	   0.00854	[mu,kappa]: [(53.50931,44.48536),5.66600]
	 210.65593	   0.00626	[mu,kappa]: [(75.62611,47.17339),4.36993]
	 173.46420	   0.00516	[mu,kappa]: [(67.80341,38.25469),3.61681]
	 305.21752	   0.00907	[mu,kappa]: [(119.00971,303.61495),6.30129]
	 589.93269	   0.01751	[mu,kappa]: [(28.11148,354.89250),7.45789]
	 284.94182	   0.00847	[mu,kappa]: [(61.89202,305.31831),5.92510]
	 305.50997	   0.00908	[mu,kappa]: [(135.85391,317.65363),6.15274]
	 334.34644	   0.00993	[mu,kappa]: [(143.47553,329.04616),6.67456]
	 363.54516	   0.01080	[mu,kappa]: [(135.06634,310.18224),6.95659]
	 147.30408	   0.00438	[mu,kappa]: [(59.68437,7.55504),2.69985]
	1275.29217	   0.03784	[mu,kappa]: [(145.11744,57.86605),12.96302]
	 471.33674	   0.01399	[mu,kappa]: [(72.58309,297.20789),7.12945]
	 887.10486	   0.02632	[mu,kappa]: [(23.83755,342.77188),8.90140]
	2081.62755	   0.06175	[mu,kappa]: [(5.43728,27.53329),40.52206]
	 489.70116	   0.01454	[mu,kappa]: [(55.09930,299.41014),7.96714]
	1310.29469	   0.03887	[mu,kappa]: [(62.02020,68.09249),9.41067]
	 917.57966	   0.02723	[mu,kappa]: [(146.84960,44.39396),10.61160]
	 701.85125	   0.02083	[mu,kappa]: [(75.85505,62.28902),7.27352]
	1206.48141	   0.03580	[mu,kappa]: [(11.25419,359.79440),16.40448]
	 383.30004	   0.01138	[mu,kappa]: [(140.71326,315.83714),7.24721]
	 774.72138	   0.02299	[mu,kappa]: [(94.59034,292.22694),8.19688]
	 227.34579	   0.00676	[mu,kappa]: [(45.92954,327.00159),4.69135]
	 694.89716	   0.02062	[mu,kappa]: [(128.05147,58.82254),8.85184]
	 471.64770	   0.01400	[mu,kappa]: [(35.96452,34.06663),7.49887]
	3337.67379	   0.09900	[mu,kappa]: [(175.33134,349.39958),43.23097]
	 342.17841	   0.01016	[mu,kappa]: [(33.79951,343.57173),6.09644]
	 684.80683	   0.02032	[mu,kappa]: [(133.72857,295.59247),9.39259]
	 823.50040	   0.02444	[mu,kappa]: [(30.65764,312.72152),10.04970]
	 226.54260	   0.00673	[mu,kappa]: [(141.27398,356.69079),5.05536]
	 190.41315	   0.00566	[mu,kappa]: [(61.95535,38.03887),3.91944]
	 616.83436	   0.01831	[mu,kappa]: [(130.25107,55.30844),8.41186]
	 885.41796	   0.02627	[mu,kappa]: [(148.21050,305.22668),10.58491]
	 631.37462	   0.01874	[mu,kappa]: [(103.30381,62.73017),8.10481]
	 513.14089	   0.01523	[mu,kappa]: [(39.15076,43.25933),8.04130]
	 247.19251	   0.00735	[mu,kappa]: [(84.26500,52.25462),5.07405]
	1020.10497	   0.03027	[mu,kappa]: [(154.03322,323.82013),10.34408]
	 172.39051	   0.00513	[mu,kappa]: [(45.27000,354.65900),3.64350]
	 985.84123	   0.02925	[mu,kappa]: [(88.66260,66.33925),8.29856]
	 941.29103	   0.02793	[mu,kappa]: [(144.47605,297.22550),11.22470]
	1036.95597	   0.03077	[mu,kappa]: [(24.55818,320.77280),10.67804]
	 343.12033	   0.01019	[mu,kappa]: [(75.41809,299.39594),6.46818]
	 737.69556	   0.02189	[mu,kappa]: [(68.85803,292.90018),8.50273]
	 350.72643	   0.01042	[mu,kappa]: [(125.60985,49.84491),6.82695]
	 887.35521	   0.02633	[mu,kappa]: [(102.94246,289.32398),9.41313]
			msglen: 764385.19784 bits.
Iteration #: 25
	 172.04954	   0.00512	[mu,kappa]: [(110.35583,42.42326),4.35972]
	 740.04632	   0.02196	[mu,kappa]: [(42.31880,298.30537),10.35421]
	 900.94556	   0.02673	[mu,kappa]: [(153.47879,8.11262),10.39173]
	 179.50236	   0.00534	[mu,kappa]: [(62.13835,317.22461),4.30273]
	 314.05188	   0.00933	[mu,kappa]: [(76.07177,301.19849),6.35438]
	1577.38238	   0.04680	[mu,kappa]: [(29.74548,66.20451),15.49730]
	 287.32668	   0.00854	[mu,kappa]: [(53.45966,44.09113),6.05556]
	 206.04469	   0.00613	[mu,kappa]: [(75.59495,47.30349),4.66606]
	 167.07400	   0.00497	[mu,kappa]: [(67.60289,38.73129),3.88556]
	 305.06283	   0.00906	[mu,kappa]: [(118.75110,303.89067),6.56304]
	 586.71311	   0.01741	[mu,kappa]: [(28.96754,355.28931),7.70075]
	 282.27349	   0.00839	[mu,kappa]: [(61.91213,305.45794),6.19030]
	 303.80020	   0.00902	[mu,kappa]: [(135.50395,318.12889),6.40780]
	 333.72699	   0.00991	[mu,kappa]: [(143.03811,329.82977),6.95494]
	 362.22378	   0.01076	[mu,kappa]: [(134.76039,310.53924),7.11660]
	 137.83306	   0.00410	[mu,kappa]: [(59.22528,8.01558),2.85613]
	1290.04422	   0.03827	[mu,kappa]: [(145.70060,58.62885),13.32564]
	 468.65805	   0.01391	[mu,kappa]: [(72.60928,297.47447),7.26863]
	 877.95481	   0.02605	[mu,kappa]: [(24.57116,342.72293),9.03496]
	2092.61177	   0.06208	[mu,kappa]: [(5.23490,28.14445),42.59837]
	 490.67324	   0.01457	[mu,kappa]: [(54.80497,299.11539),8.12967]
	1301.50453	   0.03861	[mu,kappa]: [(61.62209,68.19332),9.45697]
	 925.20158	   0.02745	[mu,kappa]: [(147.04757,43.94039),10.76060]
	 696.57218	   0.02067	[mu,kappa]: [(76.05184,61.90236),7.31453]
	1173.74538	   0.03482	[mu,kappa]: [(11.38052,358.07324),16.72047]
	 381.89526	   0.01134	[mu,kappa]: [(140.40334,316.39508),7.40314]
	 775.88307	   0.02303	[mu,kappa]: [(94.84753,292.37606),8.34218]
	 221.74439	   0.00659	[mu,kappa]: [(45.94308,326.90207),5.01417]
	 696.77609	   0.02068	[mu,kappa]: [(127.75232,58.98378),8.84045]
	 476.64352	   0.01415	[mu,kappa]: [(36.73478,33.63503),7.84640]
	3311.63854	   0.09823	[mu,kappa]: [(175.44155,349.06429),44.25284]
	 338.80220	   0.01006	[mu,kappa]: [(34.23612,343.94587),6.42800]
	 687.42684	   0.02040	[mu,kappa]: [(133.66953,294.81643),9.53637]
	 830.93314	   0.02466	[mu,kappa]: [(30.73397,311.44442),10.37119]
	 223.97271	   0.00666	[mu,kappa]: [(141.03311,356.86609),5.47337]
	 184.72957	   0.00549	[mu,kappa]: [(61.74617,38.39741),4.22850]
	 617.62438	   0.01833	[mu,kappa]: [(130.01255,55.17047),8.40880]
	 884.71824	   0.02625	[mu,kappa]: [(148.29531,304.47191),10.77166]
	 641.75837	   0.01905	[mu,kappa]: [(103.48297,63.05002),8.33310]
	 520.21282	   0.01544	[mu,kappa]: [(39.63178,42.64384),8.31796]
	 244.35913	   0.00726	[mu,kappa]: [(84.43466,52.20189),5.36396]
	1016.73075	   0.03017	[mu,kappa]: [(153.81992,324.31384),10.44455]
	 165.07826	   0.00491	[mu,kappa]: [(45.01408,354.91669),3.90914]
	 989.86342	   0.02937	[mu,kappa]: [(89.27489,66.50900),8.42888]
	 948.16638	   0.02813	[mu,kappa]: [(144.62325,295.82360),11.57147]
	1037.67413	   0.03079	[mu,kappa]: [(24.89454,319.38516),10.99278]
	 340.86025	   0.01012	[mu,kappa]: [(75.54630,299.77024),6.67117]
	 735.39938	   0.02182	[mu,kappa]: [(68.65684,292.74926),8.59047]
	 351.78786	   0.01045	[mu,kappa]: [(125.30779,49.53730),7.01265]
	 896.29865	   0.02660	[mu,kappa]: [(103.19259,289.01399),9.64084]
			msglen: 764287.30910 bits.
Iteration #: 26
	 168.82376	   0.00502	[mu,kappa]: [(110.43457,42.81647),4.65145]
	 750.81448	   0.02228	[mu,kappa]: [(41.92497,297.00974),10.67029]
	 914.59105	   0.02714	[mu,kappa]: [(152.78487,8.14132),10.63678]
	 174.89309	   0.00520	[mu,kappa]: [(62.26516,316.99993),4.57267]
	 312.98801	   0.00930	[mu,kappa]: [(76.31242,301.63368),6.55077]
	1616.81669	   0.04796	[mu,kappa]: [(29.87892,68.02777),16.39014]
	 288.24796	   0.00856	[mu,kappa]: [(53.42923,43.56318),6.40962]
	 202.69818	   0.00603	[mu,kappa]: [(75.57555,47.40910),4.93842]
	 162.17251	   0.00482	[mu,kappa]: [(67.38518,39.17592),4.14329]
	 305.54850	   0.00908	[mu,kappa]: [(118.40546,304.27550),6.75994]
	 585.99465	   0.01739	[mu,kappa]: [(29.82024,355.78567),7.94232]
	 280.39150	   0.00833	[mu,kappa]: [(62.04989,305.68293),6.39280]
	 302.80389	   0.00900	[mu,kappa]: [(135.13548,318.70146),6.60615]
	 333.99306	   0.00992	[mu,kappa]: [(142.61666,330.67917),7.18897]
	 360.82530	   0.01072	[mu,kappa]: [(134.43108,311.02638),7.21772]
	 130.04327	   0.00387	[mu,kappa]: [(58.69422,8.43374),2.99993]
	1302.27870	   0.03864	[mu,kappa]: [(146.29923,59.43090),13.76459]
	 466.80025	   0.01386	[mu,kappa]: [(72.73478,297.79084),7.36400]
	 870.76430	   0.02584	[mu,kappa]: [(25.27124,342.92481),9.15297]
	2100.07282	   0.06230	[mu,kappa]: [(5.07339,28.62423),44.39794]
	 490.19003	   0.01455	[mu,kappa]: [(54.61556,298.87975),8.22474]
	1290.05451	   0.03827	[mu,kappa]: [(61.36956,68.30061),9.51606]
	 930.24447	   0.02760	[mu,kappa]: [(147.26312,43.43155),10.86689]
	 691.62429	   0.02053	[mu,kappa]: [(76.27376,61.53820),7.34475]
	1145.03531	   0.03397	[mu,kappa]: [(11.51749,356.26159),17.05999]
	 380.50900	   0.01130	[mu,kappa]: [(140.09319,317.07458),7.50718]
	 778.16146	   0.02309	[mu,kappa]: [(95.04422,292.54968),8.44045]
	 217.68232	   0.00647	[mu,kappa]: [(45.99089,326.89887),5.30510]
	 696.62154	   0.02067	[mu,kappa]: [(127.42449,59.08977),8.81726]
	 482.97102	   0.01434	[mu,kappa]: [(37.48360,32.94713),8.17276]
	3286.54049	   0.09748	[mu,kappa]: [(175.53120,348.57533),45.16599]
	 337.03758	   0.01001	[mu,kappa]: [(34.66855,344.45861),6.73511]
	 687.21535	   0.02040	[mu,kappa]: [(133.61319,294.12945),9.66000]
	 836.02248	   0.02481	[mu,kappa]: [(30.70515,310.26867),10.65271]
	 223.20523	   0.00663	[mu,kappa]: [(140.82415,357.03032),5.87814]
	 180.60956	   0.00537	[mu,kappa]: [(61.51814,38.69214),4.52804]
	 616.77652	   0.01831	[mu,kappa]: [(129.74871,54.96155),8.38186]
	 882.21052	   0.02618	[mu,kappa]: [(148.44330,303.75538),10.97083]
	 651.57434	   0.01934	[mu,kappa]: [(103.62518,63.41467),8.50807]
	 527.00139	   0.01564	[mu,kappa]: [(40.10910,41.75334),8.54374]
	 242.53691	   0.00721	[mu,kappa]: [(84.61212,52.14239),5.61953]
	1012.94922	   0.03006	[mu,kappa]: [(153.65158,324.88934),10.52428]
	 159.49206	   0.00474	[mu,kappa]: [(44.73143,355.15520),4.17143]
	 994.62933	   0.02951	[mu,kappa]: [(89.83718,66.75719),8.54819]
	 953.61556	   0.02830	[mu,kappa]: [(144.83039,294.41704),11.98953]
	1037.76976	   0.03079	[mu,kappa]: [(25.10090,318.14810),11.28955]
	 339.79691	   0.01009	[mu,kappa]: [(75.76046,300.20175),6.82914]
	 732.83780	   0.02175	[mu,kappa]: [(68.56261,292.60913),8.65455]
	 352.69228	   0.01047	[mu,kappa]: [(124.99597,49.17546),7.14609]
	 904.83081	   0.02685	[mu,kappa]: [(103.35819,288.68342),9.83108]
			msglen: 764202.27304 bits.
Iteration #: 27
	 166.52563	   0.00495	[mu,kappa]: [(110.50783,43.19122),4.93147]
	 759.46291	   0.02254	[mu,kappa]: [(41.55994,295.70513),11.00271]
	 928.61847	   0.02755	[mu,kappa]: [(152.13921,8.10031),10.84770]
	 171.50229	   0.00510	[mu,kappa]: [(62.45458,316.77882),4.82674]
	 313.00664	   0.00930	[mu,kappa]: [(76.60345,302.10522),6.71504]
	1648.55084	   0.04891	[mu,kappa]: [(29.91664,69.69227),17.31861]
	 289.88702	   0.00861	[mu,kappa]: [(53.40959,42.97438),6.73958]
	 200.17179	   0.00595	[mu,kappa]: [(75.56246,47.51761),5.19072]
	 158.26719	   0.00471	[mu,kappa]: [(67.15242,39.62554),4.39183]
	 306.46360	   0.00910	[mu,kappa]: [(117.99714,304.74065),6.91441]
	 587.29502	   0.01743	[mu,kappa]: [(30.64263,356.35081),8.18851]
	 279.05090	   0.00829	[mu,kappa]: [(62.27769,305.96033),6.55155]
	 302.22069	   0.00898	[mu,kappa]: [(134.74798,319.32141),6.76696]
	 334.78070	   0.00994	[mu,kappa]: [(142.20733,331.54242),7.39153]
	 359.34516	   0.01067	[mu,kappa]: [(134.07064,311.60502),7.28448]
	 123.36167	   0.00367	[mu,kappa]: [(58.07821,8.83757),3.13127]
	1313.45453	   0.03897	[mu,kappa]: [(146.89916,60.28778),14.29759]
	 465.69936	   0.01383	[mu,kappa]: [(72.92473,298.14186),7.43142]
	 865.08153	   0.02567	[mu,kappa]: [(25.93401,343.32414),9.25920]
	2104.89388	   0.06244	[mu,kappa]: [(4.94664,29.01663),45.93128]
	 488.66503	   0.01451	[mu,kappa]: [(54.51794,298.69591),8.28203]
	1277.90298	   0.03791	[mu,kappa]: [(61.22823,68.43098),9.59988]
	 932.99519	   0.02768	[mu,kappa]: [(147.47368,42.88468),10.94412]
	 687.05512	   0.02039	[mu,kappa]: [(76.49194,61.20122),7.37056]
	1120.41453	   0.03324	[mu,kappa]: [(11.65532,354.41203),17.42878]
	 379.09394	   0.01126	[mu,kappa]: [(139.76917,317.83052),7.58064]
	 781.08197	   0.02318	[mu,kappa]: [(95.19076,292.74294),8.50056]
	 214.59342	   0.00638	[mu,kappa]: [(46.05642,326.94335),5.56727]
	 695.18880	   0.02063	[mu,kappa]: [(127.06993,59.14706),8.79818]
	 490.50526	   0.01456	[mu,kappa]: [(38.20410,32.11440),8.49647]
	3263.03749	   0.09679	[mu,kappa]: [(175.60418,347.99400),45.99766]
	 336.36626	   0.00999	[mu,kappa]: [(35.07542,345.05715),7.02400]
	 684.82167	   0.02032	[mu,kappa]: [(133.54876,293.52227),9.78188]
	 838.98571	   0.02490	[mu,kappa]: [(30.60503,309.15254),10.91573]
	 223.63125	   0.00665	[mu,kappa]: [(140.64732,357.18748),6.26998]
	 177.53997	   0.00528	[mu,kappa]: [(61.27129,38.96773),4.81968]
	 614.89902	   0.01825	[mu,kappa]: [(129.45508,54.69340),8.34969]
	 878.32626	   0.02606	[mu,kappa]: [(148.63393,303.05968),11.19514]
	 660.62312	   0.01961	[mu,kappa]: [(103.75102,63.80476),8.64598]
	 533.78897	   0.01585	[mu,kappa]: [(40.58948,40.69134),8.74727]
	 241.34041	   0.00717	[mu,kappa]: [(84.78918,52.08661),5.84629]
	1008.63038	   0.02993	[mu,kappa]: [(153.50979,325.52161),10.59205]
	 155.07634	   0.00461	[mu,kappa]: [(44.39755,355.37453),4.43099]
	 999.63451	   0.02966	[mu,kappa]: [(90.34342,67.06490),8.65887]
	 958.75978	   0.02845	[mu,kappa]: [(145.07962,292.98851),12.50436]
	1036.95736	   0.03077	[mu,kappa]: [(25.20109,317.00668),11.57751]
	 339.69258	   0.01009	[mu,kappa]: [(76.02677,300.66910),6.95573]
	 730.42212	   0.02168	[mu,kappa]: [(68.54216,292.47246),8.71078]
	 353.47333	   0.01050	[mu,kappa]: [(124.67329,48.77805),7.25077]
	 912.85739	   0.02709	[mu,kappa]: [(103.46607,288.32996),10.00021]
			msglen: 764123.54931 bits.
Iteration #: 28
	 164.91142	   0.00491	[mu,kappa]: [(110.57481,43.54662),5.20465]
	 766.75023	   0.02275	[mu,kappa]: [(41.23509,294.39545),11.37733]
	 942.54342	   0.02797	[mu,kappa]: [(151.53410,8.00314),11.03441]
	 168.96958	   0.00503	[mu,kappa]: [(62.69122,316.54682),5.06879]
	 313.86491	   0.00932	[mu,kappa]: [(76.91978,302.59719),6.85663]
	1672.73963	   0.04962	[mu,kappa]: [(29.88928,71.18949),18.27230]
	 291.97285	   0.00867	[mu,kappa]: [(53.39373,42.38094),7.05473]
	 198.17330	   0.00589	[mu,kappa]: [(75.55677,47.64336),5.42632]
	 155.02810	   0.00461	[mu,kappa]: [(66.91383,40.10076),4.63285]
	 307.72644	   0.00914	[mu,kappa]: [(117.54485,305.26132),7.04489]
	 590.11796	   0.01752	[mu,kappa]: [(31.41527,356.95427),8.44367]
	 278.12155	   0.00826	[mu,kappa]: [(62.57274,306.27006),6.68262]
	 301.87757	   0.00897	[mu,kappa]: [(134.34231,319.95308),6.90552]
	 335.85417	   0.00998	[mu,kappa]: [(141.80902,332.38724),7.57478]
	 357.81429	   0.01063	[mu,kappa]: [(133.67409,312.24509),7.33417]
	 117.40506	   0.00350	[mu,kappa]: [(57.38021,9.24595),3.25074]
	1324.40304	   0.03929	[mu,kappa]: [(147.49165,61.20153),14.93418]
	 465.26291	   0.01381	[mu,kappa]: [(73.15328,298.51736),7.48154]
	 860.45864	   0.02553	[mu,kappa]: [(26.55995,343.87130),9.35816]
	2108.12127	   0.06254	[mu,kappa]: [(4.84891,29.36704),47.22467]
	 486.40609	   0.01444	[mu,kappa]: [(54.50216,298.56265),8.32043]
	1266.41501	   0.03757	[mu,kappa]: [(61.16667,68.60407),9.71610]
	 933.62514	   0.02770	[mu,kappa]: [(147.66345,42.30002),11.00014]
	 682.79580	   0.02026	[mu,kappa]: [(76.69019,60.89199),7.39481]
	1099.71137	   0.03263	[mu,kappa]: [(11.78505,352.56997),17.83126]
	 377.63441	   0.01121	[mu,kappa]: [(139.42299,318.63100),7.63858]
	 784.30275	   0.02327	[mu,kappa]: [(95.29938,292.95190),8.53076]
	 212.09794	   0.00630	[mu,kappa]: [(46.13380,327.00089),5.80601]
	 693.02827	   0.02057	[mu,kappa]: [(126.68982,59.16224),8.79030]
	 499.10274	   0.01482	[mu,kappa]: [(38.88482,31.22769),8.83209]
	3241.57301	   0.09615	[mu,kappa]: [(175.66364,347.36922),46.76884]
	 336.38208	   0.00999	[mu,kappa]: [(35.44578,345.69613),7.30057]
	 680.65079	   0.02020	[mu,kappa]: [(133.46439,292.98719),9.90942]
	 840.02036	   0.02493	[mu,kappa]: [(30.45972,308.07736),11.17702]
	 224.83356	   0.00668	[mu,kappa]: [(140.50049,357.34134),6.65022]
	 175.16490	   0.00521	[mu,kappa]: [(61.01253,39.25249),5.10462]
	 612.44704	   0.01818	[mu,kappa]: [(129.12795,54.37546),8.32191]
	 873.20952	   0.02591	[mu,kappa]: [(148.85416,302.38266),11.44986]
	 668.86443	   0.01985	[mu,kappa]: [(103.87619,64.20429),8.75984]
	 540.79273	   0.01605	[mu,kappa]: [(41.06799,39.55095),8.95033]
	 240.52395	   0.00715	[mu,kappa]: [(84.96520,52.03681),6.04921]
	1003.66748	   0.02978	[mu,kappa]: [(153.38063,326.20498),10.65457]
	 151.43663	   0.00451	[mu,kappa]: [(44.00611,355.57189),4.68864]
	1004.44128	   0.02980	[mu,kappa]: [(90.79689,67.41318),8.76269]
	 964.34133	   0.02861	[mu,kappa]: [(145.35894,291.53103),13.13414]
	1035.02689	   0.03071	[mu,kappa]: [(25.21789,315.92861),11.86633]
	 340.35236	   0.01011	[mu,kappa]: [(76.32021,301.15807),7.06096]
	 728.34544	   0.02162	[mu,kappa]: [(68.57137,292.33305),8.76839]
	 354.23080	   0.01052	[mu,kappa]: [(124.33778,48.35810),7.34279]
	 920.45957	   0.02731	[mu,kappa]: [(103.53767,287.94953),10.16270]
			msglen: 764047.67382 bits.
			N: 33694
		22.67608 bpr
Null model msglen: 794607.78196 bits.	(23.58306 bpr)
