Iteration #: 0
	5639.00000	   0.16736	[mu,kappa]: [(89.26773,359.02369),0.95015]
	5653.00000	   0.16777	[mu,kappa]: [(88.98633,358.50786),0.96338]
	5695.00000	   0.16902	[mu,kappa]: [(92.58493,359.18819),0.93305]
	5648.00000	   0.16763	[mu,kappa]: [(92.59650,358.40131),0.93758]
	5582.00000	   0.16567	[mu,kappa]: [(89.03037,357.26477),0.95617]
	5477.00000	   0.16255	[mu,kappa]: [(90.44036,357.52139),0.95286]
			msglen: 0.00000 bits.
Iteration #: 1
	5638.91601	   0.16736	[mu,kappa]: [(88.39836,359.00785),0.94935]
	5652.95658	   0.16777	[mu,kappa]: [(87.91847,358.53799),0.95370]
	5695.17893	   0.16903	[mu,kappa]: [(93.98519,359.04664),0.94553]
	5648.31360	   0.16764	[mu,kappa]: [(94.04282,358.32962),0.94702]
	5581.96441	   0.16567	[mu,kappa]: [(88.04624,357.39049),0.95168]
	5476.67047	   0.16254	[mu,kappa]: [(90.44367,357.58338),0.94987]
			msglen: 788037.94099 bits.
Iteration #: 2
	5638.49315	   0.16734	[mu,kappa]: [(86.92482,359.02229),0.95029]
	5652.91133	   0.16777	[mu,kappa]: [(86.11699,358.60498),0.95250]
	5696.01797	   0.16905	[mu,kappa]: [(96.37876,358.87037),0.95265]
	5649.28560	   0.16766	[mu,kappa]: [(96.50512,358.21123),0.95340]
	5581.75686	   0.16566	[mu,kappa]: [(86.37782,357.54476),0.95179]
	5475.53509	   0.16251	[mu,kappa]: [(90.44561,357.64311),0.94904]
			msglen: 788018.55097 bits.
Iteration #: 3
	5637.25568	   0.16731	[mu,kappa]: [(84.43529,359.08513),0.95405]
	5652.76394	   0.16777	[mu,kappa]: [(83.08462,358.72802),0.95722]
	5698.50798	   0.16913	[mu,kappa]: [(100.40139,358.62749),0.96426]
	5652.09744	   0.16775	[mu,kappa]: [(100.63525,358.01798),0.96527]
	5581.15853	   0.16564	[mu,kappa]: [(83.56078,357.74385),0.95623]
	5472.21642	   0.16241	[mu,kappa]: [(90.44472,357.69871),0.94901]
			msglen: 787962.81847 bits.
Iteration #: 4
	5633.70300	   0.16720	[mu,kappa]: [(80.27611,359.22677),0.96526]
	5652.33430	   0.16775	[mu,kappa]: [(78.05583,358.94318),0.97335]
	5705.69280	   0.16934	[mu,kappa]: [(106.96708,358.26732),0.99425]
	5660.17229	   0.16799	[mu,kappa]: [(107.36047,357.69925),0.99670]
	5579.45617	   0.16559	[mu,kappa]: [(78.87122,358.02101),0.97035]
	5462.64145	   0.16213	[mu,kappa]: [(90.43511,357.74990),0.94968]
			msglen: 787803.45434 bits.
Iteration #: 5
	5623.64768	   0.16690	[mu,kappa]: [(73.54779,359.49693),0.99718]
	5651.16586	   0.16772	[mu,kappa]: [(70.07220,359.30983),1.01936]
	5726.08481	   0.16994	[mu,kappa]: [(116.94910,357.70970),1.07492]
	5683.07596	   0.16867	[mu,kappa]: [(117.53524,357.17319),1.08134]
	5574.67964	   0.16545	[mu,kappa]: [(71.36620,358.43110),1.01058]
	5435.34606	   0.16132	[mu,kappa]: [(90.39589,357.79701),0.95185]
			msglen: 787357.75094 bits.
Iteration #: 6
	5596.25090	   0.16609	[mu,kappa]: [(63.53644,359.96933),1.08313]
	5648.38291	   0.16764	[mu,kappa]: [(58.69664,359.91357),1.14082]
	5781.83406	   0.17160	[mu,kappa]: [(129.92767,356.84429),1.27715]
	5745.78525	   0.17053	[mu,kappa]: [(130.64208,356.32648),1.29285]
	5561.90717	   0.16507	[mu,kappa]: [(60.48438,359.05266),1.11767]
	5359.83972	   0.15907	[mu,kappa]: [(90.25323,357.84144),0.95806]
			msglen: 786186.75386 bits.
Iteration #: 7
	5528.79150	   0.16409	[mu,kappa]: [(51.13225,0.72136),1.28946]
	5644.13464	   0.16751	[mu,kappa]: [(45.64300,0.83445),1.42279]
	5919.96045	   0.17570	[mu,kappa]: [(142.86332,355.58938),1.71871]
	5901.86734	   0.17516	[mu,kappa]: [(143.54126,355.07478),1.75318]
	5531.97014	   0.16418	[mu,kappa]: [(47.62144,359.95791),1.36940]
	5167.27592	   0.15336	[mu,kappa]: [(89.77327,357.88879),0.97469]
			msglen: 783572.05708 bits.
Iteration #: 8
	5398.14991	   0.16021	[mu,kappa]: [(39.82849,1.72825),1.68774]
	5647.98957	   0.16763	[mu,kappa]: [(34.78176,2.00844),1.95039]
	6190.15392	   0.18372	[mu,kappa]: [(152.10998,354.10096),2.50797]
	6210.52802	   0.18432	[mu,kappa]: [(152.65783,353.57424),2.57639]
	5480.94319	   0.16267	[mu,kappa]: [(36.55197,1.08108),1.84550]
	4766.23539	   0.14146	[mu,kappa]: [(88.48781,357.95255),1.01365]
			msglen: 779529.50534 bits.
Iteration #: 9
	5236.90827	   0.15543	[mu,kappa]: [(32.86810,2.71413),2.21321]
	5681.14065	   0.16861	[mu,kappa]: [(28.46540,3.07409),2.64354]
	6523.00461	   0.19359	[mu,kappa]: [(156.77955,352.90371),3.50943]
	6599.10899	   0.19585	[mu,kappa]: [(157.24226,352.34050),3.62553]
	5433.90408	   0.16127	[mu,kappa]: [(29.98334,2.05719),2.47090]
	4219.93340	   0.12525	[mu,kappa]: [(86.57082,358.02867),1.08154]
			msglen: 776342.71452 bits.
Iteration #: 10
	5121.77338	   0.15201	[mu,kappa]: [(30.06180,3.39883),2.59398]
	5723.94125	   0.16988	[mu,kappa]: [(25.69225,3.72133),3.18827]
	6730.73164	   0.19976	[mu,kappa]: [(158.46428,352.31647),4.21839]
	6850.64349	   0.20332	[mu,kappa]: [(158.93941,351.66039),4.38025]
	5409.25502	   0.16054	[mu,kappa]: [(27.18846,2.53778),2.94638]
	3857.65523	   0.11450	[mu,kappa]: [(86.07801,358.04844),1.15096]
			msglen: 775331.74927 bits.
Iteration #: 11
	5055.51974	   0.15004	[mu,kappa]: [(29.36145,3.87929),2.73501]
	5737.46291	   0.17028	[mu,kappa]: [(24.44536,4.05119),3.49062]
	6787.41496	   0.20144	[mu,kappa]: [(158.94201,352.13858),4.50072]
	6927.26822	   0.20559	[mu,kappa]: [(159.49929,351.31875),4.70634]
	5384.35309	   0.15980	[mu,kappa]: [(26.12280,2.59531),3.17536]
	3801.98108	   0.11284	[mu,kappa]: [(87.64909,357.97945),1.19098]
			msglen: 775162.90336 bits.
Iteration #: 12
	5009.92106	   0.14869	[mu,kappa]: [(29.46423,4.36310),2.74921]
	5728.72045	   0.17002	[mu,kappa]: [(23.65378,4.23042),3.68541]
	6772.84566	   0.20101	[mu,kappa]: [(159.05972,352.14281),4.58103]
	6920.10938	   0.20538	[mu,kappa]: [(159.73883,351.09028),4.83611]
	5351.40701	   0.15882	[mu,kappa]: [(25.63024,2.39449),3.28187]
	3910.99643	   0.11608	[mu,kappa]: [(89.92199,357.85748),1.20950]
			msglen: 775110.88089 bits.
			N: 33694
		23.00442 bpr
Null model msglen: 794607.78196 bits.	(23.58306 bpr)
