Iteration #: 0
	13787.00000	   0.04989	[mu,kappa]: [(93.72918,339.36031),1.13524]
	13922.00000	   0.05038	[mu,kappa]: [(94.72632,338.49724),1.12667]
	13859.00000	   0.05015	[mu,kappa]: [(95.37301,338.56918),1.15114]
	13863.00000	   0.05016	[mu,kappa]: [(93.33094,338.60498),1.13883]
	13751.00000	   0.04976	[mu,kappa]: [(94.48267,337.77813),1.16970]
	13722.00000	   0.04965	[mu,kappa]: [(94.39276,338.72093),1.14609]
	13702.00000	   0.04958	[mu,kappa]: [(93.36421,339.76247),1.13539]
	13733.00000	   0.04969	[mu,kappa]: [(94.52291,339.43196),1.13502]
	13751.00000	   0.04976	[mu,kappa]: [(95.63516,339.42108),1.12465]
	13838.00000	   0.05007	[mu,kappa]: [(93.83036,339.05112),1.16239]
	13977.00000	   0.05057	[mu,kappa]: [(93.04191,339.69181),1.14503]
	13907.00000	   0.05032	[mu,kappa]: [(93.85244,339.55603),1.14312]
	13914.00000	   0.05035	[mu,kappa]: [(94.20679,339.11804),1.14334]
	13883.00000	   0.05023	[mu,kappa]: [(93.18922,340.21838),1.12504]
	13860.00000	   0.05015	[mu,kappa]: [(93.06411,339.95389),1.13451]
	13860.00000	   0.05015	[mu,kappa]: [(94.14996,339.03794),1.13916]
	13769.00000	   0.04982	[mu,kappa]: [(96.51762,339.47071),1.14427]
	13623.00000	   0.04929	[mu,kappa]: [(94.28948,338.56416),1.14060]
	13899.00000	   0.05029	[mu,kappa]: [(94.05218,340.66090),1.12490]
	13745.00000	   0.04973	[mu,kappa]: [(92.87116,339.62139),1.12332]
			msglen: 0.00000 bits.
Iteration #: 1
	13786.63606	   0.04989	[mu,kappa]: [(93.48197,339.56897),1.13457]
	13921.28370	   0.05037	[mu,kappa]: [(95.07576,338.54063),1.14323]
	13859.97631	   0.05015	[mu,kappa]: [(96.22855,337.93089),1.15791]
	13862.49193	   0.05016	[mu,kappa]: [(93.19146,338.84798),1.14115]
	13751.76860	   0.04976	[mu,kappa]: [(95.39854,337.04121),1.16960]
	13721.76389	   0.04965	[mu,kappa]: [(94.74223,338.48686),1.14857]
	13702.05796	   0.04958	[mu,kappa]: [(92.82743,340.10480),1.12957]
	13732.53020	   0.04969	[mu,kappa]: [(94.58948,339.39367),1.13756]
	13750.65171	   0.04976	[mu,kappa]: [(96.04757,339.24043),1.13871]
	13837.07732	   0.05007	[mu,kappa]: [(93.99794,338.68969),1.15022]
	13977.01291	   0.05057	[mu,kappa]: [(92.47865,339.95089),1.13312]
	13906.53671	   0.05032	[mu,kappa]: [(93.67510,339.57963),1.13693]
	13913.54922	   0.05034	[mu,kappa]: [(94.32486,339.00722),1.14267]
	13883.80309	   0.05024	[mu,kappa]: [(92.32074,340.84326),1.12059]
	13860.52243	   0.05015	[mu,kappa]: [(92.32168,340.42241),1.12639]
	13859.53477	   0.05015	[mu,kappa]: [(94.22599,339.02434),1.14120]
	13770.45413	   0.04983	[mu,kappa]: [(97.49339,338.63816),1.15286]
	13622.66220	   0.04929	[mu,kappa]: [(94.58709,338.46710),1.14691]
	13899.09553	   0.05029	[mu,kappa]: [(93.41350,341.02883),1.12027]
	13745.59134	   0.04974	[mu,kappa]: [(92.04703,340.35524),1.12360]
			msglen: 6441570.98749 bits.
Iteration #: 2
	13785.23027	   0.04988	[mu,kappa]: [(93.05249,339.87752),1.13144]
	13920.37719	   0.05037	[mu,kappa]: [(95.73232,338.14631),1.15270]
	13862.59034	   0.05016	[mu,kappa]: [(97.68072,336.90068),1.17320]
	13860.86026	   0.05015	[mu,kappa]: [(92.93548,339.09533),1.13950]
	13754.36621	   0.04977	[mu,kappa]: [(96.89954,336.03325),1.18289]
	13720.70772	   0.04965	[mu,kappa]: [(95.33491,338.08919),1.15391]
	13701.91006	   0.04958	[mu,kappa]: [(91.88073,340.75414),1.12221]
	13730.83215	   0.04968	[mu,kappa]: [(94.72286,339.28144),1.13947]
	13750.20748	   0.04975	[mu,kappa]: [(96.83851,338.65133),1.14954]
	13835.39149	   0.05006	[mu,kappa]: [(94.23116,338.49664),1.14885]
	13977.14489	   0.05057	[mu,kappa]: [(91.46130,340.64026),1.12379]
	13904.97081	   0.05031	[mu,kappa]: [(93.35005,339.77981),1.13323]
	13911.86936	   0.05034	[mu,kappa]: [(94.52080,338.86676),1.14404]
	13885.97040	   0.05025	[mu,kappa]: [(90.80570,341.88611),1.11099]
	13861.80977	   0.05016	[mu,kappa]: [(91.00797,341.32422),1.11665]
	13857.82255	   0.05014	[mu,kappa]: [(94.35936,338.94439),1.14270]
	13774.79869	   0.04984	[mu,kappa]: [(99.17555,337.34078),1.17224]
	13621.44977	   0.04929	[mu,kappa]: [(95.10397,338.14953),1.15245]
	13899.21816	   0.05029	[mu,kappa]: [(92.32221,341.71962),1.11292]
	13747.47243	   0.04974	[mu,kappa]: [(90.60689,341.40034),1.11521]
			msglen: 6441468.14131 bits.
Iteration #: 3
	13780.93572	   0.04986	[mu,kappa]: [(92.30100,340.39690),1.12592]
	13917.69940	   0.05036	[mu,kappa]: [(96.87003,337.35952),1.16533]
	13870.40850	   0.05019	[mu,kappa]: [(100.11115,335.17827),1.20337]
	13855.95522	   0.05014	[mu,kappa]: [(92.47014,339.46136),1.13571]
	13762.21746	   0.04980	[mu,kappa]: [(99.37396,334.36823),1.21222]
	13717.46197	   0.04964	[mu,kappa]: [(96.34342,337.39726),1.16403]
	13701.39843	   0.04958	[mu,kappa]: [(90.21243,341.90476),1.11131]
	13725.68198	   0.04967	[mu,kappa]: [(94.96704,339.08086),1.14225]
	13749.03174	   0.04975	[mu,kappa]: [(98.22936,337.60329),1.16595]
	13830.34127	   0.05004	[mu,kappa]: [(94.60910,338.24700),1.15141]
	13977.51419	   0.05058	[mu,kappa]: [(89.65513,341.89839),1.11178]
	13900.20332	   0.05030	[mu,kappa]: [(92.77993,340.16134),1.12870]
	13906.75498	   0.05032	[mu,kappa]: [(94.85661,338.62885),1.14718]
	13892.48823	   0.05027	[mu,kappa]: [(88.13284,343.72937),1.09673]
	13865.63836	   0.05017	[mu,kappa]: [(88.68354,342.93497),1.10305]
	13852.61109	   0.05012	[mu,kappa]: [(94.58922,338.78516),1.14500]
	13788.10865	   0.04989	[mu,kappa]: [(101.99854,335.22432),1.21062]
	13617.74315	   0.04927	[mu,kappa]: [(95.98584,337.55611),1.16133]
	13899.69087	   0.05029	[mu,kappa]: [(90.42697,342.97201),1.10158]
	13753.11546	   0.04976	[mu,kappa]: [(88.05619,343.18940),1.10133]
			msglen: 6441159.14021 bits.
Iteration #: 4
	13767.93933	   0.04982	[mu,kappa]: [(90.98506,341.28707),1.11738]
	13909.68882	   0.05033	[mu,kappa]: [(98.79482,335.98987),1.18836]
	13893.96197	   0.05027	[mu,kappa]: [(104.03427,332.34882),1.26460]
	13841.18838	   0.05008	[mu,kappa]: [(91.64067,340.05269),1.12973]
	13785.85035	   0.04988	[mu,kappa]: [(103.33905,331.61700),1.27283]
	13707.70810	   0.04960	[mu,kappa]: [(98.04598,336.20153),1.18347]
	13699.73615	   0.04957	[mu,kappa]: [(87.26414,343.93740),1.09662]
	13710.19249	   0.04961	[mu,kappa]: [(95.40216,338.72840),1.14729]
	13745.70576	   0.04974	[mu,kappa]: [(100.58804,335.84168),1.19664]
	13815.15789	   0.04999	[mu,kappa]: [(95.24465,337.81047),1.15763]
	13978.50771	   0.05058	[mu,kappa]: [(86.45198,344.12692),1.09643]
	13885.80228	   0.05024	[mu,kappa]: [(91.78582,340.82184),1.12200]
	13891.36315	   0.05026	[mu,kappa]: [(95.43526,338.20467),1.15330]
	13912.01968	   0.05034	[mu,kappa]: [(83.40583,347.03817),1.08155]
	13877.03076	   0.05021	[mu,kappa]: [(84.56516,345.81091),1.08726]
	13836.91850	   0.05007	[mu,kappa]: [(94.98650,338.48919),1.14934]
	13828.51215	   0.05004	[mu,kappa]: [(106.49895,331.82384),1.28923]
	13606.59529	   0.04923	[mu,kappa]: [(97.47824,336.51409),1.17794]
	13901.16451	   0.05030	[mu,kappa]: [(87.09999,345.22367),1.08660]
	13769.95672	   0.04983	[mu,kappa]: [(83.53401,346.37175),1.08586]
			msglen: 6440234.07898 bits.
Iteration #: 5
	13728.82035	   0.04968	[mu,kappa]: [(88.68625,342.80398),1.10587]
	13886.14747	   0.05025	[mu,kappa]: [(101.95039,333.68301),1.23431]
	13964.86772	   0.05053	[mu,kappa]: [(109.90989,327.91884),1.39418]
	13796.91226	   0.04992	[mu,kappa]: [(90.18479,341.01480),1.12155]
	13856.76160	   0.05014	[mu,kappa]: [(109.25977,327.29088),1.40172]
	13678.88409	   0.04950	[mu,kappa]: [(100.85290,334.16834),1.22234]
	13694.21058	   0.04955	[mu,kappa]: [(82.08416,347.53945),1.08359]
	13664.02619	   0.04944	[mu,kappa]: [(96.16501,338.09273),1.15722]
	13736.42643	   0.04970	[mu,kappa]: [(104.40893,332.95145),1.25857]
	13769.93453	   0.04983	[mu,kappa]: [(96.31962,337.01434),1.17044]
	13980.86478	   0.05059	[mu,kappa]: [(80.82506,348.08392),1.08460]
	13842.56181	   0.05009	[mu,kappa]: [(90.05895,341.93441),1.11281]
	13845.50313	   0.05010	[mu,kappa]: [(96.42759,337.43707),1.16550]
	13969.84192	   0.05055	[mu,kappa]: [(75.26340,353.01945),1.08481]
	13910.43107	   0.05033	[mu,kappa]: [(77.40028,350.97849),1.08296]
	13790.11674	   0.04990	[mu,kappa]: [(95.67297,337.93561),1.15814]
	13950.30907	   0.05048	[mu,kappa]: [(113.01532,326.65280),1.45707]
	13573.56254	   0.04911	[mu,kappa]: [(99.95454,334.72273),1.21090]
	13905.20499	   0.05031	[mu,kappa]: [(81.28449,349.26280),1.07549]
	13819.61273	   0.05000	[mu,kappa]: [(75.71256,352.10231),1.08650]
			msglen: 6437506.33818 bits.
Iteration #: 6
	13612.94757	   0.04926	[mu,kappa]: [(84.72857,345.32359),1.09557]
	13819.27857	   0.05000	[mu,kappa]: [(106.79104,329.95750),1.33062]
	14175.47230	   0.05129	[mu,kappa]: [(117.53484,321.62652),1.67455]
	13666.45282	   0.04945	[mu,kappa]: [(87.68042,342.52647),1.11334]
	14066.55620	   0.05090	[mu,kappa]: [(116.94414,321.13254),1.68098]
	13596.27474	   0.04920	[mu,kappa]: [(105.22405,330.83024),1.30353]
	13675.29425	   0.04948	[mu,kappa]: [(73.39413,353.85887),1.09702]
	13529.49282	   0.04896	[mu,kappa]: [(97.46726,336.91860),1.17817]
	13711.98029	   0.04962	[mu,kappa]: [(110.08283,328.43854),1.38942]
	13638.32068	   0.04935	[mu,kappa]: [(98.10308,335.56058),1.19742]
	13984.75034	   0.05060	[mu,kappa]: [(71.48154,355.04492),1.10619]
	13714.97508	   0.04963	[mu,kappa]: [(87.09976,343.73576),1.10361]
	13711.99308	   0.04962	[mu,kappa]: [(98.09001,336.03882),1.19105]
	14136.36083	   0.05115	[mu,kappa]: [(62.88657,3.58830),1.17232]
	14005.08580	   0.05068	[mu,kappa]: [(66.06044,0.12476),1.14051]
	13653.64625	   0.04940	[mu,kappa]: [(96.83878,336.88375),1.17710]
	14311.32288	   0.05178	[mu,kappa]: [(120.97162,319.64634),1.82143]
	13478.42834	   0.04877	[mu,kappa]: [(103.86446,331.73617),1.27943]
	13914.49345	   0.05035	[mu,kappa]: [(71.67272,356.40049),1.09978]
	13961.87371	   0.05052	[mu,kappa]: [(63.66324,2.23593),1.16409]
			msglen: 6429808.22015 bits.
Iteration #: 7
	13287.37348	   0.04808	[mu,kappa]: [(78.27024,349.21468),1.10315]
	13642.70280	   0.04936	[mu,kappa]: [(113.23076,324.47355),1.53465]
	14769.82064	   0.05344	[mu,kappa]: [(125.39787,314.19173),2.27054]
	13302.76300	   0.04813	[mu,kappa]: [(83.55696,344.66288),1.11459]
	14656.17241	   0.05303	[mu,kappa]: [(124.88706,313.84357),2.27460]
	13375.30734	   0.04840	[mu,kappa]: [(111.20584,325.78307),1.47553]
	13611.33244	   0.04925	[mu,kappa]: [(61.04630,4.23925),1.20868]
	13160.64422	   0.04762	[mu,kappa]: [(99.52285,334.75987),1.22428]
	13654.47333	   0.04941	[mu,kappa]: [(117.19538,322.13929),1.66671]
	13278.21117	   0.04805	[mu,kappa]: [(100.84389,332.97723),1.25600]
	13982.71602	   0.05060	[mu,kappa]: [(58.67544,6.45080),1.24436]
	13358.56295	   0.04834	[mu,kappa]: [(82.24427,346.38908),1.10545]
	13346.52416	   0.04829	[mu,kappa]: [(100.66625,333.54291),1.24652]
	14585.39022	   0.05278	[mu,kappa]: [(49.57062,19.95002),1.49299]
	14253.63905	   0.05158	[mu,kappa]: [(52.55144,14.72320),1.38298]
	13279.20463	   0.04805	[mu,kappa]: [(98.67785,334.89872),1.21952]
	15326.98176	   0.05546	[mu,kappa]: [(128.56734,311.97419),2.59982]
	13222.14252	   0.04784	[mu,kappa]: [(109.35211,327.10613),1.42457]
	13928.40294	   0.05040	[mu,kappa]: [(58.64521,8.07417),1.24624]
	14342.63494	   0.05190	[mu,kappa]: [(50.27335,18.10610),1.45944]
			msglen: 6410542.67587 bits.
Iteration #: 8
	12501.76548	   0.04524	[mu,kappa]: [(69.16467,354.13895),1.16876]
	13243.39303	   0.04792	[mu,kappa]: [(119.75089,317.83593),1.93305]
	16208.15075	   0.05865	[mu,kappa]: [(131.56192,307.78385),3.43799]
	12434.01732	   0.04499	[mu,kappa]: [(77.40955,346.89751),1.15016]
	16076.54683	   0.05817	[mu,kappa]: [(131.12469,307.54329),3.43533]
	12869.56164	   0.04657	[mu,kappa]: [(117.48973,319.41260),1.81297]
	13424.63699	   0.04858	[mu,kappa]: [(48.99022,17.99200),1.53603]
	12296.44127	   0.04449	[mu,kappa]: [(102.05480,331.10648),1.32216]
	13539.91530	   0.04899	[mu,kappa]: [(123.89329,315.11924),2.20525]
	12436.40131	   0.04500	[mu,kappa]: [(104.17412,328.83164),1.37772]
	13939.88004	   0.05044	[mu,kappa]: [(47.05309,21.26831),1.62782]
	12504.83581	   0.04525	[mu,kappa]: [(75.11707,349.42978),1.14676]
	12491.71427	   0.04520	[mu,kappa]: [(103.81642,329.49709),1.36214]
	15626.03699	   0.05654	[mu,kappa]: [(41.61004,37.81991),2.23509]
	14807.45819	   0.05358	[mu,kappa]: [(43.02887,31.94529),1.97456]
	12401.29728	   0.04487	[mu,kappa]: [(100.92478,331.44724),1.31081]
	17789.95220	   0.06437	[mu,kappa]: [(134.22522,306.08279),4.13842]
	12631.73928	   0.04571	[mu,kappa]: [(115.31532,321.02770),1.71088]
	13925.47936	   0.05039	[mu,kappa]: [(47.07711,23.09379),1.64722]
	15215.77666	   0.05506	[mu,kappa]: [(41.85280,35.89586),2.15278]
			msglen: 6374639.70627 bits.
Iteration #: 9
	11172.68989	   0.04043	[mu,kappa]: [(59.59660,357.51652),1.33419]
	12586.33271	   0.04554	[mu,kappa]: [(123.92059,312.05925),2.53215]
	18618.14906	   0.06737	[mu,kappa]: [(135.54681,304.45551),5.13254]
	10981.43309	   0.03974	[mu,kappa]: [(69.96652,347.19791),1.25743]
	18441.62750	   0.06673	[mu,kappa]: [(135.12625,304.24329),5.11363]
	12038.19357	   0.04356	[mu,kappa]: [(121.53824,313.52192),2.32444]
	13054.33244	   0.04724	[mu,kappa]: [(41.83849,29.64982),2.10074]
	10873.96255	   0.03935	[mu,kappa]: [(103.33021,326.01471),1.49432]
	13353.33235	   0.04832	[mu,kappa]: [(128.14364,309.70546),3.00984]
	11053.11836	   0.04000	[mu,kappa]: [(106.10697,323.45051),1.58443]
	13807.57163	   0.04996	[mu,kappa]: [(40.80215,33.46852),2.27358]
	11072.15098	   0.04006	[mu,kappa]: [(66.85201,350.67411),1.26587]
	11086.25743	   0.04011	[mu,kappa]: [(105.61931,324.16912),1.55971]
	17396.12804	   0.06295	[mu,kappa]: [(39.42846,49.97137),3.42827]
	15703.21198	   0.05682	[mu,kappa]: [(39.47549,44.56207),2.93056]
	10956.31683	   0.03964	[mu,kappa]: [(101.91212,326.48319),1.47442]
	21963.98353	   0.07947	[mu,kappa]: [(138.02544,303.60390),6.27701]
	11662.04744	   0.04220	[mu,kappa]: [(119.18710,315.07933),2.14953]
	13864.36077	   0.05017	[mu,kappa]: [(41.04555,35.35163),2.31940]
	16679.79986	   0.06035	[mu,kappa]: [(39.28971,48.26752),3.26709]
			msglen: 6337125.47380 bits.
Iteration #: 10
	9924.91848	   0.03591	[mu,kappa]: [(52.98011,355.16647),1.56383]
	11976.33660	   0.04334	[mu,kappa]: [(124.86154,308.53063),3.07573]
	20787.22066	   0.07522	[mu,kappa]: [(138.30941,303.93106),6.49610]
	9654.20525	   0.03493	[mu,kappa]: [(63.78545,342.71104),1.44991]
	20545.02466	   0.07434	[mu,kappa]: [(137.82163,303.66601),6.45439]
	11280.18856	   0.04082	[mu,kappa]: [(122.08967,309.59674),2.80074]
	12602.98828	   0.04560	[mu,kappa]: [(38.91437,34.91446),2.64780]
	9606.41579	   0.03476	[mu,kappa]: [(101.27932,320.36896),1.72197]
	13155.54759	   0.04760	[mu,kappa]: [(129.80457,306.99207),3.71696]
	9826.08170	   0.03556	[mu,kappa]: [(104.39285,317.93833),1.84037]
	13575.67006	   0.04912	[mu,kappa]: [(38.59978,39.27664),2.89616]
	9750.13046	   0.03528	[mu,kappa]: [(60.41659,346.84294),1.46249]
	9836.75785	   0.03559	[mu,kappa]: [(103.86581,318.62540),1.80708]
	19203.77967	   0.06949	[mu,kappa]: [(40.24005,56.62721),4.66129]
	16520.61646	   0.05978	[mu,kappa]: [(39.33438,51.21036),3.88061]
	9671.27126	   0.03500	[mu,kappa]: [(99.63441,320.78262),1.69866]
	25826.54056	   0.09345	[mu,kappa]: [(141.02969,303.78849),7.94078]
	10787.13329	   0.03903	[mu,kappa]: [(119.37311,310.80090),2.57101]
	13705.93987	   0.04959	[mu,kappa]: [(39.09906,41.38743),2.97008]
	18128.23296	   0.06559	[mu,kappa]: [(39.82855,54.95203),4.40138]
			msglen: 6317396.38323 bits.
Iteration #: 11
	9299.68017	   0.03365	[mu,kappa]: [(49.69373,347.16222),1.81244]
	11600.48161	   0.04198	[mu,kappa]: [(123.71649,306.57467),3.36375]
	21865.23504	   0.07912	[mu,kappa]: [(140.87077,304.92118),7.22697]
	9056.29884	   0.03277	[mu,kappa]: [(59.99495,334.32919),1.72878]
	21549.00847	   0.07797	[mu,kappa]: [(140.24112,304.52029),7.15876]
	10863.40058	   0.03931	[mu,kappa]: [(120.16603,307.17490),3.07397]
	12148.78342	   0.04396	[mu,kappa]: [(37.86935,35.65347),2.94675]
	9051.83085	   0.03275	[mu,kappa]: [(96.26634,315.18379),1.97992]
	12935.48636	   0.04681	[mu,kappa]: [(130.17453,305.97327),4.06238]
	9297.26251	   0.03364	[mu,kappa]: [(99.42989,313.10741),2.10942]
	13214.31705	   0.04781	[mu,kappa]: [(38.16762,41.08168),3.24052]
	9127.56925	   0.03303	[mu,kappa]: [(56.80868,338.56247),1.72288]
	9292.13493	   0.03362	[mu,kappa]: [(98.94131,313.73106),2.06941]
	20344.09965	   0.07361	[mu,kappa]: [(42.56094,61.20911),5.63585]
	16823.94348	   0.06088	[mu,kappa]: [(40.85843,55.26633),4.51728]
	9118.86210	   0.03300	[mu,kappa]: [(94.46428,315.41315),1.96572]
	28106.44560	   0.10170	[mu,kappa]: [(144.03964,305.49117),8.91560]
	10340.32038	   0.03742	[mu,kappa]: [(116.76940,307.95222),2.83558]
	13387.79154	   0.04844	[mu,kappa]: [(39.02263,43.76392),3.33611]
	18942.04817	   0.06854	[mu,kappa]: [(41.92147,59.40883),5.24953]
			msglen: 6307110.07826 bits.
Iteration #: 12
	9125.47043	   0.03302	[mu,kappa]: [(48.17678,337.32453),2.13886]
	11288.91247	   0.04085	[mu,kappa]: [(121.82776,305.19446),3.51457]
	22316.46848	   0.08075	[mu,kappa]: [(143.58394,306.80071),7.62993]
	8987.41120	   0.03252	[mu,kappa]: [(57.51109,325.51302),2.14280]
	21904.40517	   0.07926	[mu,kappa]: [(142.75590,306.14945),7.53412]
	10587.82282	   0.03831	[mu,kappa]: [(117.24959,305.32465),3.24865]
	11666.10769	   0.04221	[mu,kappa]: [(37.52881,34.56093),3.06475]
	8939.22675	   0.03235	[mu,kappa]: [(90.23738,310.77667),2.30645]
	12617.89203	   0.04566	[mu,kappa]: [(130.34489,305.64494),4.19545]
	9201.31972	   0.03329	[mu,kappa]: [(93.26934,309.01162),2.44436]
	12727.45430	   0.04605	[mu,kappa]: [(38.48567,41.45573),3.37615]
	9005.72249	   0.03259	[mu,kappa]: [(54.70522,329.45405),2.09379]
	9181.19028	   0.03322	[mu,kappa]: [(92.86372,309.59310),2.39354]
	21078.90563	   0.07627	[mu,kappa]: [(45.55879,64.93054),6.49833]
	16744.71707	   0.06059	[mu,kappa]: [(43.31949,58.48532),4.93760]
	9030.49859	   0.03268	[mu,kappa]: [(88.34042,310.80411),2.31645]
	29606.84090	   0.10713	[mu,kappa]: [(147.16798,308.27334),9.56349]
	10099.54683	   0.03654	[mu,kappa]: [(112.99602,305.69902),3.03517]
	12921.51959	   0.04676	[mu,kappa]: [(39.86836,44.98142),3.48379]
	19333.56757	   0.06996	[mu,kappa]: [(44.79457,63.02215),5.93991]
			msglen: 6297171.68533 bits.
Iteration #: 13
	9137.71967	   0.03306	[mu,kappa]: [(47.08600,328.61307),2.63769]
	10918.05008	   0.03951	[mu,kappa]: [(120.01880,303.85577),3.68747]
	22612.23037	   0.08182	[mu,kappa]: [(146.27814,309.31676),7.87977]
	9157.78298	   0.03314	[mu,kappa]: [(55.36165,318.26635),2.78030]
	22070.26683	   0.07986	[mu,kappa]: [(145.20323,308.23852),7.76531]
	10279.35975	   0.03720	[mu,kappa]: [(114.38222,303.52031),3.47484]
	11150.97622	   0.04035	[mu,kappa]: [(37.58502,33.21428),3.12066]
	8932.17803	   0.03232	[mu,kappa]: [(84.81535,307.05670),2.77023]
	12208.84592	   0.04418	[mu,kappa]: [(130.79638,305.55352),4.28380]
	9219.42754	   0.03336	[mu,kappa]: [(87.68259,305.48735),2.93522]
	12174.03054	   0.04405	[mu,kappa]: [(39.31685,41.62389),3.42422]
	9089.48227	   0.03289	[mu,kappa]: [(52.92797,321.80153),2.65510]
	9174.84418	   0.03320	[mu,kappa]: [(87.35466,306.05102),2.86050]
	21755.71918	   0.07872	[mu,kappa]: [(48.44149,67.77499),7.33709]
	16542.00595	   0.05986	[mu,kappa]: [(46.27655,61.06907),5.24765]
	9070.97368	   0.03282	[mu,kappa]: [(82.87391,306.92976),2.82425]
	31007.58829	   0.11220	[mu,kappa]: [(150.11840,311.93787),10.03960]
	9850.61919	   0.03564	[mu,kappa]: [(109.30474,303.54330),3.30796]
	12388.70548	   0.04483	[mu,kappa]: [(41.46897,46.10242),3.52844]
	19624.19385	   0.07101	[mu,kappa]: [(47.76376,65.81567),6.56744]
			msglen: 6286287.10368 bits.
Iteration #: 14
	9223.25455	   0.03337	[mu,kappa]: [(45.56369,322.19652),3.43507]
	10486.78929	   0.03795	[mu,kappa]: [(118.66593,302.21038),4.01933]
	22922.89908	   0.08294	[mu,kappa]: [(148.62764,312.20677),7.99150]
	9453.66834	   0.03421	[mu,kappa]: [(53.07291,313.20258),3.77571]
	22222.32292	   0.08041	[mu,kappa]: [(147.24138,310.42652),7.88741]
	9904.62395	   0.03584	[mu,kappa]: [(112.20867,301.45231),3.89463]
	10646.54914	   0.03852	[mu,kappa]: [(37.99009,32.71242),3.18450]
	8857.32528	   0.03205	[mu,kappa]: [(80.90364,303.94251),3.43850]
	11773.40403	   0.04260	[mu,kappa]: [(131.53619,305.39951),4.42643]
	9197.78642	   0.03328	[mu,kappa]: [(83.75307,302.48127),3.66923]
	11652.61674	   0.04216	[mu,kappa]: [(40.70017,42.27525),3.45129]
	9249.53965	   0.03347	[mu,kappa]: [(50.86297,316.31875),3.52535]
	9109.53827	   0.03296	[mu,kappa]: [(83.44103,303.02553),3.54877]
	22413.71253	   0.08110	[mu,kappa]: [(50.55187,69.66616),8.07214]
	16400.79117	   0.05934	[mu,kappa]: [(49.38688,62.85308),5.43625]
	9070.14735	   0.03282	[mu,kappa]: [(78.94091,303.75841),3.56213]
	32415.34574	   0.11729	[mu,kappa]: [(152.56953,316.19315),10.31126]
	9530.45549	   0.03449	[mu,kappa]: [(106.56868,301.21812),3.79032]
	11915.74499	   0.04312	[mu,kappa]: [(43.98658,47.60228),3.52649]
	19918.48507	   0.07207	[mu,kappa]: [(50.23097,67.65435),7.06977]
			msglen: 6274990.90692 bits.
Iteration #: 15
	9422.12141	   0.03409	[mu,kappa]: [(43.23725,318.42496),4.72200]
	10094.81381	   0.03653	[mu,kappa]: [(117.72858,299.96926),4.72557]
	23223.09834	   0.08403	[mu,kappa]: [(150.39136,315.06593),7.98835]
	9873.71912	   0.03573	[mu,kappa]: [(50.38408,310.54941),5.23187]
	22357.89469	   0.08090	[mu,kappa]: [(148.58346,312.17650),7.95087]
	9562.47175	   0.03460	[mu,kappa]: [(111.00879,298.95770),4.74208]
	10187.55915	   0.03686	[mu,kappa]: [(38.48775,33.49931),3.31396]
	8637.11509	   0.03125	[mu,kappa]: [(78.89622,301.47906),4.33401]
	11368.32535	   0.04114	[mu,kappa]: [(132.13452,304.72987),4.73248]
	9073.20282	   0.03283	[mu,kappa]: [(82.00744,300.08652),4.67644]
	11233.02522	   0.04065	[mu,kappa]: [(42.50555,43.64561),3.50698]
	9491.23583	   0.03434	[mu,kappa]: [(48.23098,313.23742),4.84330]
	8919.35750	   0.03227	[mu,kappa]: [(81.61855,300.58136),4.49230]
	22931.79590	   0.08298	[mu,kappa]: [(51.50186,70.74464),8.65903]
	16406.08843	   0.05936	[mu,kappa]: [(52.42467,63.79018),5.47472]
	8940.44610	   0.03235	[mu,kappa]: [(76.88567,301.37329),4.53402]
	33652.29463	   0.12176	[mu,kappa]: [(154.37387,320.59118),10.37042]
	9219.11049	   0.03336	[mu,kappa]: [(105.30163,298.64257),4.70211]
	11601.52219	   0.04198	[mu,kappa]: [(47.50719,49.57355),3.51681]
	20169.80218	   0.07298	[mu,kappa]: [(51.80976,68.60041),7.38922]
			msglen: 6263436.95750 bits.
Iteration #: 16
	9899.76561	   0.03582	[mu,kappa]: [(40.25939,317.36976),6.63497]
	9957.29315	   0.03603	[mu,kappa]: [(117.02868,297.30439),6.15634]
	23365.97989	   0.08455	[mu,kappa]: [(151.59953,317.58617),7.96569]
	10397.23354	   0.03762	[mu,kappa]: [(47.23985,310.14873),7.03166]
	22358.66787	   0.08090	[mu,kappa]: [(149.19920,313.03954),8.08051]
	9501.97847	   0.03438	[mu,kappa]: [(110.75864,296.35753),6.37397]
	9763.22321	   0.03533	[mu,kappa]: [(38.54527,35.11651),3.56660]
	8237.03736	   0.02981	[mu,kappa]: [(78.70396,299.74737),5.36176]
	11001.27883	   0.03981	[mu,kappa]: [(132.05438,303.13948),5.35638]
	8806.37916	   0.03187	[mu,kappa]: [(82.33276,298.39304),5.84953]
	10886.10594	   0.03939	[mu,kappa]: [(44.28382,45.46040),3.62896]
	9877.06910	   0.03574	[mu,kappa]: [(45.05280,312.54338),6.61149]
	8579.45691	   0.03104	[mu,kappa]: [(81.80829,298.81910),5.60641]
	23236.79566	   0.08408	[mu,kappa]: [(51.21081,71.32678),9.20684]
	16506.92536	   0.05973	[mu,kappa]: [(55.41220,64.09094),5.39159]
	8605.62318	   0.03114	[mu,kappa]: [(76.55097,299.81632),5.59067]
	34524.20519	   0.12492	[mu,kappa]: [(155.64787,324.85811),10.31443]
	9148.74021	   0.03310	[mu,kappa]: [(105.52552,296.16735),6.35031]
	11431.77980	   0.04137	[mu,kappa]: [(51.88874,51.81112),3.52845]
	20279.46157	   0.07338	[mu,kappa]: [(52.40277,68.91873),7.58057]
			msglen: 6251184.03450 bits.
Iteration #: 17
	10749.17935	   0.03890	[mu,kappa]: [(37.47813,318.14859),8.96224]
	10275.22867	   0.03718	[mu,kappa]: [(116.64857,295.05812),8.38766]
	23182.11711	   0.08388	[mu,kappa]: [(152.56952,319.93363),8.04028]
	10961.88922	   0.03966	[mu,kappa]: [(44.27566,310.99158),8.95677]
	22069.26118	   0.07985	[mu,kappa]: [(149.37938,313.05247),8.42936]
	9924.57899	   0.03591	[mu,kappa]: [(111.10507,294.41516),8.71581]
	9323.58242	   0.03374	[mu,kappa]: [(37.89126,36.92394),3.97679]
	7703.76367	   0.02788	[mu,kappa]: [(79.54759,298.64628),6.47946]
	10649.48563	   0.03853	[mu,kappa]: [(131.32113,300.89430),6.46273]
	8429.56265	   0.03050	[mu,kappa]: [(83.69791,297.31608),7.13543]
	10500.52495	   0.03800	[mu,kappa]: [(45.79279,47.43466),3.81770]
	10419.04100	   0.03770	[mu,kappa]: [(42.03705,313.33746),8.62967]
	8136.32371	   0.02944	[mu,kappa]: [(83.06261,297.68245),6.84631]
	23383.35116	   0.08461	[mu,kappa]: [(49.91570,71.76601),9.90422]
	16598.35574	   0.06006	[mu,kappa]: [(58.82579,64.15630),5.25103]
	8085.80505	   0.02926	[mu,kappa]: [(77.18323,298.88112),6.68033]
	34985.51820	   0.12659	[mu,kappa]: [(156.67552,329.25612),10.28015]
	9495.34952	   0.03436	[mu,kappa]: [(106.46422,294.42393),8.61137]
	11318.41299	   0.04095	[mu,kappa]: [(57.31083,54.21848),3.56581]
	20173.66879	   0.07300	[mu,kappa]: [(52.23618,68.94354),7.75255]
			msglen: 6239210.13439 bits.
Iteration #: 18
	11726.68742	   0.04243	[mu,kappa]: [(35.57598,319.47593),10.96190]
	10903.18496	   0.03945	[mu,kappa]: [(116.80492,293.69174),10.52401]
	22655.75103	   0.08198	[mu,kappa]: [(153.44838,322.13102),8.29998]
	11472.49273	   0.04151	[mu,kappa]: [(42.32102,311.90802),10.58121]
	21526.28142	   0.07789	[mu,kappa]: [(149.31113,312.27960),9.15001]
	10574.03687	   0.03826	[mu,kappa]: [(111.67126,293.34841),10.70524]
	8868.83064	   0.03209	[mu,kappa]: [(36.58534,38.48287),4.58832]
	7253.93115	   0.02625	[mu,kappa]: [(80.33146,298.02447),7.76657]
	10409.85507	   0.03767	[mu,kappa]: [(130.53270,298.67649),8.13099]
	8130.94804	   0.02942	[mu,kappa]: [(84.73411,296.76940),8.51882]
	10006.60891	   0.03621	[mu,kappa]: [(46.97749,49.29349),4.07316]
	10987.37294	   0.03976	[mu,kappa]: [(40.00211,314.38458),10.37392]
	7782.74316	   0.02816	[mu,kappa]: [(84.06135,297.08468),8.21589]
	23542.78267	   0.08519	[mu,kappa]: [(47.93862,72.27995),10.94061]
	16664.69766	   0.06030	[mu,kappa]: [(63.19106,64.24146),5.13960]
	7626.93925	   0.02760	[mu,kappa]: [(77.82244,298.34870),7.92972]
	35119.49736	   0.12707	[mu,kappa]: [(157.56333,333.93604),10.34801]
	10016.05769	   0.03624	[mu,kappa]: [(107.29185,293.53390),10.48506]
	11246.84678	   0.04070	[mu,kappa]: [(64.08058,56.64801),3.65882]
	19849.45424	   0.07182	[mu,kappa]: [(51.57182,68.85392),8.00134]
			msglen: 6229785.45190 bits.
Iteration #: 19
	12504.11006	   0.04525	[mu,kappa]: [(34.37655,320.86384),12.14078]
	11486.48917	   0.04156	[mu,kappa]: [(117.41147,292.90570),11.91593]
	21903.38162	   0.07925	[mu,kappa]: [(154.09598,323.70462),8.75854]
	11824.33450	   0.04279	[mu,kappa]: [(41.35573,312.44740),11.57099]
	21006.84752	   0.07601	[mu,kappa]: [(148.92826,310.67704),10.32929]
	11055.88375	   0.04001	[mu,kappa]: [(112.34418,292.80953),11.82140]
	8513.13936	   0.03080	[mu,kappa]: [(34.76619,39.29851),5.46551]
	7058.78853	   0.02554	[mu,kappa]: [(80.51336,297.78663),9.09411]
	10478.60141	   0.03792	[mu,kappa]: [(130.20658,296.92387),10.12192]
	8032.08920	   0.02906	[mu,kappa]: [(84.94273,296.65505),9.75482]
	9429.88148	   0.03412	[mu,kappa]: [(47.57072,50.56528),4.41232]
	11408.32306	   0.04128	[mu,kappa]: [(38.88390,315.18847),11.43442]
	7648.63208	   0.02768	[mu,kappa]: [(84.27333,296.92860),9.49065]
	23895.70407	   0.08646	[mu,kappa]: [(45.60819,72.96223),12.45135]
	16748.15109	   0.06060	[mu,kappa]: [(68.47990,64.36845),5.15516]
	7436.36311	   0.02691	[mu,kappa]: [(77.97255,298.12092),9.25494]
	34965.15537	   0.12652	[mu,kappa]: [(158.26260,338.69903),10.50072]
	10362.54717	   0.03750	[mu,kappa]: [(107.92067,293.16873),11.48904]
	11275.81055	   0.04080	[mu,kappa]: [(71.79039,58.77644),3.87481]
	19330.76690	   0.06995	[mu,kappa]: [(50.57573,68.65398),8.37040]
			msglen: 6222129.42434 bits.
Iteration #: 20
	13042.01205	   0.04719	[mu,kappa]: [(33.55321,322.29095),12.67358]
	11919.71031	   0.04313	[mu,kappa]: [(118.17256,292.41649),12.70699]
	21002.30536	   0.07599	[mu,kappa]: [(154.44148,324.36066),9.41609]
	12031.35594	   0.04353	[mu,kappa]: [(40.95888,312.67439),12.05747]
	20746.69891	   0.07507	[mu,kappa]: [(148.30381,308.62690),11.93079]
	11329.89619	   0.04100	[mu,kappa]: [(113.01509,292.55124),12.35164]
	8349.39263	   0.03021	[mu,kappa]: [(32.85413,39.11405),6.60034]
	7061.27629	   0.02555	[mu,kappa]: [(80.26982,297.78972),10.18845]
	10833.27067	   0.03920	[mu,kappa]: [(130.34487,295.67004),11.96815]
	8063.09121	   0.02918	[mu,kappa]: [(84.67871,296.78853),10.63595]
	8804.96123	   0.03186	[mu,kappa]: [(47.45548,50.99488),4.86215]
	11665.93056	   0.04221	[mu,kappa]: [(38.27852,315.78102),11.93585]
	7664.08456	   0.02773	[mu,kappa]: [(84.01433,297.03165),10.43810]
	24478.60037	   0.08857	[mu,kappa]: [(43.34992,73.86956),14.49342]
	16841.36840	   0.06094	[mu,kappa]: [(73.96132,64.56201),5.39427]
	7464.33686	   0.02701	[mu,kappa]: [(77.74279,298.08705),10.37808]
	34518.52512	   0.12490	[mu,kappa]: [(158.77945,343.51958),10.73886]
	10515.87026	   0.03805	[mu,kappa]: [(108.42398,293.08988),11.92903]
	11399.49483	   0.04125	[mu,kappa]: [(79.28575,60.49210),4.29009]
	18632.81826	   0.06742	[mu,kappa]: [(49.53693,68.31443),8.83833]
			msglen: 6215244.35261 bits.
Iteration #: 21
	13422.69053	   0.04857	[mu,kappa]: [(32.94331,323.77334),12.87208]
	12237.69856	   0.04428	[mu,kappa]: [(118.83888,292.11377),13.13779]
	20042.75850	   0.07252	[mu,kappa]: [(154.53143,324.19313),10.27334]
	12145.88394	   0.04395	[mu,kappa]: [(40.83416,312.70644),12.28560]
	20822.21417	   0.07534	[mu,kappa]: [(147.67364,306.69461),13.72448]
	11495.77000	   0.04160	[mu,kappa]: [(113.54905,292.47602),12.60357]
	8381.91375	   0.03033	[mu,kappa]: [(31.35771,37.93852),7.80966]
	7146.72647	   0.02586	[mu,kappa]: [(79.92439,297.88113),10.92215]
	11297.88130	   0.04088	[mu,kappa]: [(130.68255,294.77269),13.36361]
	8141.05177	   0.02946	[mu,kappa]: [(84.34280,297.00744),11.16095]
	8206.68224	   0.02970	[mu,kappa]: [(46.91633,50.61702),5.43442]
	11812.35769	   0.04274	[mu,kappa]: [(37.92500,316.24978),12.13974]
	7737.10570	   0.02800	[mu,kappa]: [(83.67678,297.22699),11.02581]
	25146.40963	   0.09099	[mu,kappa]: [(41.51810,75.00450),17.06482]
	16910.53129	   0.06119	[mu,kappa]: [(78.50429,64.87655),5.87919]
	7583.36156	   0.02744	[mu,kappa]: [(77.39804,298.11917),11.14197]
	33867.19044	   0.12254	[mu,kappa]: [(159.14294,348.47355),11.08987]
	10588.94456	   0.03832	[mu,kappa]: [(108.78638,293.19007),12.13234]
	11564.02281	   0.04184	[mu,kappa]: [(85.29271,61.85530),4.91058]
	17813.80507	   0.06446	[mu,kappa]: [(48.85116,67.81042),9.31164]
			msglen: 6209430.72936 bits.
Iteration #: 22
	13701.48724	   0.04958	[mu,kappa]: [(32.46581,325.27324),12.91706]
	12474.06106	   0.04514	[mu,kappa]: [(119.31695,291.95757),13.34957]
	19150.77650	   0.06929	[mu,kappa]: [(154.43591,323.45991),11.30708]
	12198.84856	   0.04414	[mu,kappa]: [(40.83545,312.57798),12.40809]
	21160.12273	   0.07656	[mu,kappa]: [(147.20849,305.16614),15.38293]
	11618.85325	   0.04204	[mu,kappa]: [(113.89670,292.54115),12.72330]
	8549.46580	   0.03094	[mu,kappa]: [(30.47266,35.94803),8.85826]
	7243.79309	   0.02621	[mu,kappa]: [(79.62729,297.96797),11.33398]
	11733.76821	   0.04246	[mu,kappa]: [(131.04558,294.11101),14.26264]
	8223.02497	   0.02975	[mu,kappa]: [(84.10120,297.22347),11.42170]
	7738.74323	   0.02800	[mu,kappa]: [(46.40161,49.63105),6.09009]
	11882.23792	   0.04299	[mu,kappa]: [(37.69421,316.60585),12.20855]
	7817.66374	   0.02829	[mu,kappa]: [(83.42762,297.42211),11.33360]
	25701.79868	   0.09300	[mu,kappa]: [(40.21563,76.29444),20.17466]
	16934.33728	   0.06127	[mu,kappa]: [(81.36850,65.31687),6.50508]
	7710.99896	   0.02790	[mu,kappa]: [(77.06810,298.13483),11.57334]
	33174.38448	   0.12004	[mu,kappa]: [(159.35739,353.52650),11.54275]
	10652.30183	   0.03854	[mu,kappa]: [(109.00595,293.41497),12.24713]
	11706.94344	   0.04236	[mu,kappa]: [(89.29531,62.92523),5.60048]
	16991.38904	   0.06148	[mu,kappa]: [(48.79714,67.13870),9.68036]
			msglen: 6204998.16148 bits.
Iteration #: 23
	13901.83697	   0.05030	[mu,kappa]: [(32.05064,326.71605),12.88684]
	12650.25310	   0.04577	[mu,kappa]: [(119.62263,291.92005),13.42581]
	18424.04880	   0.06667	[mu,kappa]: [(154.21009,322.39021),12.48368]
	12207.05827	   0.04417	[mu,kappa]: [(40.90034,312.27603),12.50430]
	21632.27665	   0.07827	[mu,kappa]: [(146.94344,304.04974),16.68914]
	11724.33956	   0.04242	[mu,kappa]: [(114.08829,292.71134),12.76935]
	8794.02101	   0.03182	[mu,kappa]: [(30.07649,33.51040),9.65966]
	7322.80131	   0.02650	[mu,kappa]: [(79.39673,298.01397),11.52832]
	12087.69776	   0.04374	[mu,kappa]: [(131.37532,293.61314),14.76873]
	8289.82604	   0.03000	[mu,kappa]: [(83.96950,297.40249),11.51916]
	7449.27378	   0.02696	[mu,kappa]: [(46.18378,48.33764),6.74580]
	11892.13472	   0.04303	[mu,kappa]: [(37.52008,316.81020),12.22227]
	7883.72965	   0.02853	[mu,kappa]: [(83.28345,297.58092),11.46296]
	26027.73859	   0.09418	[mu,kappa]: [(39.32553,77.60077),23.85809]
	16920.62021	   0.06123	[mu,kappa]: [(82.59750,65.84503),7.12433]
	7814.70871	   0.02828	[mu,kappa]: [(76.77208,298.10287),11.78013]
	32551.31878	   0.11778	[mu,kappa]: [(159.41465,358.52171),12.03705]
	10726.63741	   0.03881	[mu,kappa]: [(109.12004,293.72248),12.31886]
	11775.51692	   0.04261	[mu,kappa]: [(91.66003,63.72634),6.16980]
	16289.16177	   0.05894	[mu,kappa]: [(49.42959,66.37389),9.90559]
			msglen: 6201657.28029 bits.
Iteration #: 24
	14038.40283	   0.05080	[mu,kappa]: [(31.64141,328.04507),12.81882]
	12782.34356	   0.04625	[mu,kappa]: [(119.80177,291.96954),13.42248]
	17911.67799	   0.06481	[mu,kappa]: [(153.90666,321.17135),13.77777]
	12186.61646	   0.04410	[mu,kappa]: [(41.01360,311.81315),12.61890]
	22140.87863	   0.08011	[mu,kappa]: [(146.84804,303.26476),17.59320]
	11820.09749	   0.04277	[mu,kappa]: [(114.17444,292.94839),12.77043]
	9089.31168	   0.03289	[mu,kappa]: [(29.91145,31.05821),10.26581]
	7377.22661	   0.02669	[mu,kappa]: [(79.21014,298.01859),11.60105]
	12357.10613	   0.04471	[mu,kappa]: [(131.66056,293.23639),15.01470]
	8335.56511	   0.03016	[mu,kappa]: [(83.91648,297.54051),11.53063]
	7307.54089	   0.02644	[mu,kappa]: [(46.25088,47.03373),7.32923]
	11855.51935	   0.04290	[mu,kappa]: [(37.37669,316.84482),12.22406]
	7928.80848	   0.02869	[mu,kappa]: [(83.21394,297.69917),11.49532]
	26092.79496	   0.09441	[mu,kappa]: [(38.65733,78.75859),28.07312]
	16902.75690	   0.06116	[mu,kappa]: [(82.66310,66.43709),7.67021]
	7889.40626	   0.02855	[mu,kappa]: [(76.49516,298.02759),11.86426]
	31997.20234	   0.11578	[mu,kappa]: [(159.32074,3.22392),12.51014]
	10811.43872	   0.03912	[mu,kappa]: [(109.17170,294.07316),12.36078]
	11757.56310	   0.04254	[mu,kappa]: [(93.05983,64.27432),6.54111]
	15782.74251	   0.05711	[mu,kappa]: [(50.61826,65.68766),10.04611]
			msglen: 6198995.26638 bits.
Iteration #: 25
	14126.75442	   0.05112	[mu,kappa]: [(31.21386,329.25777),12.73304]
	12883.47150	   0.04662	[mu,kappa]: [(119.89251,292.07194),13.37786]
	17631.17419	   0.06380	[mu,kappa]: [(153.59170,320.00585),15.14488]
	12153.29032	   0.04398	[mu,kappa]: [(41.18234,311.24772),12.77387]
	22627.98709	   0.08188	[mu,kappa]: [(146.88002,302.73412),18.14141]
	11909.46938	   0.04309	[mu,kappa]: [(114.19516,293.21527),12.74553]
	9426.08203	   0.03411	[mu,kappa]: [(29.76170,28.89146),10.75054]
	7409.49266	   0.02681	[mu,kappa]: [(79.04686,297.99583),11.61533]
	12554.99925	   0.04543	[mu,kappa]: [(131.89879,292.94956),15.10681]
	8360.98320	   0.03025	[mu,kappa]: [(83.91187,297.64513),11.50395]
	7255.73962	   0.02626	[mu,kappa]: [(46.45996,45.89108),7.81690]
	11786.40816	   0.04265	[mu,kappa]: [(37.26658,316.74413),12.23641]
	7953.68445	   0.02878	[mu,kappa]: [(83.18978,297.78508),11.48231]
	25908.53246	   0.09375	[mu,kappa]: [(38.07141,79.66280),32.60866]
	16906.26969	   0.06117	[mu,kappa]: [(82.03162,67.08607),8.15578]
	7939.47477	   0.02873	[mu,kappa]: [(76.22471,297.92796),11.89247]
	31455.79206	   0.11382	[mu,kappa]: [(159.10859,7.41604),12.92958]
	10902.28559	   0.03945	[mu,kappa]: [(109.19122,294.43267),12.38053]
	11674.95608	   0.04224	[mu,kappa]: [(94.04378,64.57247),6.75086]
	15498.15305	   0.05608	[mu,kappa]: [(52.13683,65.27323),10.20706]
			msglen: 6196818.01444 bits.
Iteration #: 26
	14182.18716	   0.05132	[mu,kappa]: [(30.77355,330.38876),12.63954]
	12964.84678	   0.04691	[mu,kappa]: [(119.92215,292.19663),13.31690]
	17569.33016	   0.06357	[mu,kappa]: [(153.32798,319.07612),16.49628]
	12119.41845	   0.04385	[mu,kappa]: [(41.41443,310.64918),12.97483]
	23062.26705	   0.08345	[mu,kappa]: [(146.99905,302.39608),18.41245]
	11995.09333	   0.04340	[mu,kappa]: [(114.17780,293.48197),12.70783]
	9797.82339	   0.03545	[mu,kappa]: [(29.53784,27.11875),11.15041]
	7423.72407	   0.02686	[mu,kappa]: [(78.89589,297.95947),11.60583]
	12697.23544	   0.04594	[mu,kappa]: [(132.08835,292.72548),15.11795]
	8368.90539	   0.03028	[mu,kappa]: [(83.93634,297.72435),11.46450]
	7252.85196	   0.02624	[mu,kappa]: [(46.70338,44.92825),8.22296]
	11697.11076	   0.04233	[mu,kappa]: [(37.20318,316.56718),12.26819]
	7961.28531	   0.02881	[mu,kappa]: [(83.19250,297.84733),11.45195]
	25515.05906	   0.09232	[mu,kappa]: [(37.51064,80.31726),37.17807]
	16931.00948	   0.06126	[mu,kappa]: [(81.02380,67.77582),8.61233]
	7970.25952	   0.02884	[mu,kappa]: [(75.95611,297.82157),11.90044]
	30880.51770	   0.11174	[mu,kappa]: [(158.82803,10.98333),13.28916]
	10995.78616	   0.03979	[mu,kappa]: [(109.19720,294.77539),12.38456]
	11556.39556	   0.04182	[mu,kappa]: [(94.96769,64.60815),6.86116]
	15423.89327	   0.05581	[mu,kappa]: [(53.74915,65.24059),10.47093]
			msglen: 6195034.80258 bits.
Iteration #: 27
	14215.85703	   0.05144	[mu,kappa]: [(30.33910,331.47391),12.54367]
	13035.08845	   0.04717	[mu,kappa]: [(119.91194,292.32107),13.25418]
	17683.44927	   0.06399	[mu,kappa]: [(153.14887,318.47588),17.72794]
	12092.88902	   0.04376	[mu,kappa]: [(41.70664,310.06517),13.21802]
	23433.60951	   0.08479	[mu,kappa]: [(147.17002,302.20059),18.48932]
	12078.61276	   0.04371	[mu,kappa]: [(114.14125,293.72889),12.66525]
	10195.30082	   0.03689	[mu,kappa]: [(29.25035,25.72335),11.47170]
	7423.44286	   0.02686	[mu,kappa]: [(78.75345,297.91805),11.58958]
	12799.67438	   0.04631	[mu,kappa]: [(132.23133,292.54074),15.09553]
	8362.29028	   0.03026	[mu,kappa]: [(83.97929,297.78349),11.42469]
	7280.79621	   0.02635	[mu,kappa]: [(46.95160,44.06625),8.57624]
	11596.40000	   0.04196	[mu,kappa]: [(37.19562,316.36093),12.32142]
	7954.60915	   0.02878	[mu,kappa]: [(83.21231,297.89166),11.41826]
	24979.81191	   0.09039	[mu,kappa]: [(36.96971,80.78878),41.58148]
	16957.63675	   0.06136	[mu,kappa]: [(79.84342,68.47850),9.06155]
	7985.77447	   0.02890	[mu,kappa]: [(75.69020,297.71891),11.90465]
	30251.34478	   0.10946	[mu,kappa]: [(158.52884,13.91906),13.59656]
	11089.36470	   0.04013	[mu,kappa]: [(109.20060,295.08615),12.37763]
	11430.44708	   0.04136	[mu,kappa]: [(96.04635,64.37402),6.92317]
	15518.60058	   0.05615	[mu,kappa]: [(55.26984,65.58289),10.86999]
			msglen: 6193554.16552 bits.
Iteration #: 28
	14234.15216	   0.05150	[mu,kappa]: [(29.92677,332.53115),12.44933]
	13099.39179	   0.04740	[mu,kappa]: [(119.87855,292.43195),13.19677]
	17918.05500	   0.06483	[mu,kappa]: [(153.05497,318.20444),18.76861]
	12077.96186	   0.04370	[mu,kappa]: [(42.04392,309.51645),13.49455]
	23746.70147	   0.08592	[mu,kappa]: [(147.36530,302.10746),18.44644]
	12160.18457	   0.04400	[mu,kappa]: [(114.09768,293.94658),12.62179]
	10606.40363	   0.03838	[mu,kappa]: [(28.94430,24.64575),11.71126]
	7411.48408	   0.02682	[mu,kappa]: [(78.62014,297.87597),11.57446]
	12876.04216	   0.04659	[mu,kappa]: [(132.33454,292.37668),15.06896]
	8343.98968	   0.03019	[mu,kappa]: [(84.03565,297.82618),11.39047]
	7336.91808	   0.02655	[mu,kappa]: [(47.22893,43.20376),8.90868]
	11490.02572	   0.04158	[mu,kappa]: [(37.24255,316.14806),12.39539]
	7936.47362	   0.02872	[mu,kappa]: [(83.24493,297.92179),11.38815]
	24376.85175	   0.08820	[mu,kappa]: [(36.46064,81.14411),45.73866]
	16960.71754	   0.06137	[mu,kappa]: [(78.62125,69.16599),9.51439]
	7988.87217	   0.02891	[mu,kappa]: [(75.43096,297.62459),11.91161]
	29566.72744	   0.10698	[mu,kappa]: [(158.24982,16.28489),13.86751]
	11180.75609	   0.04046	[mu,kappa]: [(109.20652,295.35913),12.36305]
	11327.24582	   0.04099	[mu,kappa]: [(97.37823,63.89322),6.97765]
	15726.04535	   0.05690	[mu,kappa]: [(56.58759,66.22417),11.39905]
			msglen: 6192291.46054 bits.
Iteration #: 29
	14240.79930	   0.05153	[mu,kappa]: [(29.54419,333.56025),12.36004]
	13159.89499	   0.04762	[mu,kappa]: [(119.83368,292.52372),13.14701]
	18222.76311	   0.06594	[mu,kappa]: [(153.02836,318.20714),19.59723]
	12076.44333	   0.04370	[mu,kappa]: [(42.40511,309.00809),13.79256]
	24011.86833	   0.08688	[mu,kappa]: [(147.56527,302.08479),18.34196]
	12238.93031	   0.04429	[mu,kappa]: [(114.05343,294.13328),12.57914]
	11018.09015	   0.03987	[mu,kappa]: [(28.65529,23.82773),11.86857]
	7390.37765	   0.02674	[mu,kappa]: [(78.49872,297.83569),11.56368]
	12936.41846	   0.04681	[mu,kappa]: [(132.40730,292.21922),15.05480]
	8316.91589	   0.03009	[mu,kappa]: [(84.10337,297.85584),11.36452]
	7427.68750	   0.02688	[mu,kappa]: [(47.58479,42.26849),9.25235]
	11382.22429	   0.04119	[mu,kappa]: [(37.33394,315.93409),12.48836]
	7909.69935	   0.02862	[mu,kappa]: [(83.28899,297.94101),11.36489]
	23764.49258	   0.08599	[mu,kappa]: [(35.99511,81.42681),49.63002]
	16918.79461	   0.06122	[mu,kappa]: [(77.44292,69.81516),9.97350]
	7981.85258	   0.02888	[mu,kappa]: [(75.18361,297.54020),11.92301]
	28834.72753	   0.10433	[mu,kappa]: [(158.01591,18.16887),14.12239]
	11268.15526	   0.04077	[mu,kappa]: [(109.21570,295.59522),12.34324]
	11275.45777	   0.04080	[mu,kappa]: [(98.94904,63.22945),7.05683]
	15989.40700	   0.05786	[mu,kappa]: [(57.65729,67.07877),12.03967]
			msglen: 6191185.97258 bits.
Iteration #: 30
	14238.63949	   0.05152	[mu,kappa]: [(29.19114,334.54947),12.27956]
	13216.82590	   0.04782	[mu,kappa]: [(119.78445,292.59630),13.10473]
	18560.09948	   0.06716	[mu,kappa]: [(153.04682,318.41422),20.22971]
	12088.42352	   0.04374	[mu,kappa]: [(42.76950,308.54072),14.09872]
	24238.88133	   0.08770	[mu,kappa]: [(147.75742,302.10757),18.21546]
	12313.68388	   0.04456	[mu,kappa]: [(114.01081,294.29204),12.53786]
	11417.97623	   0.04132	[mu,kappa]: [(28.39487,23.22287),11.94977]
	7362.53249	   0.02664	[mu,kappa]: [(78.39218,297.79898),11.55798]
	12987.25075	   0.04699	[mu,kappa]: [(132.45894,292.05837),15.06075]
	8283.99113	   0.02998	[mu,kappa]: [(84.18149,297.87592),11.34751]
	7564.46613	   0.02737	[mu,kappa]: [(48.07555,41.23765),9.64001]
	11276.63525	   0.04080	[mu,kappa]: [(37.45630,315.71845),12.59828]
	7877.09204	   0.02850	[mu,kappa]: [(83.34416,297.95257),11.34949]
	23179.70097	   0.08387	[mu,kappa]: [(35.57903,81.66055),50.00000]
	16818.46192	   0.06086	[mu,kappa]: [(76.36770,70.40688),10.43322]
	7966.82788	   0.02883	[mu,kappa]: [(74.95305,297.46619),11.93825]
	28069.18125	   0.10156	[mu,kappa]: [(157.83938,19.66046),14.38096]
	11350.41494	   0.04107	[mu,kappa]: [(109.22652,295.79906),12.31998]
	11295.22231	   0.04087	[mu,kappa]: [(100.65102,62.47779),7.17937]
	16258.69311	   0.05883	[mu,kappa]: [(58.48096,68.08229),12.78060]
			msglen: 6190341.77755 bits.
Iteration #: 31
	14207.15037	   0.05141	[mu,kappa]: [(28.91131,335.42753),12.23632]
	13269.57001	   0.04801	[mu,kappa]: [(119.73466,292.65270),13.06863]
	18905.30125	   0.06841	[mu,kappa]: [(153.09097,318.76137),20.69857]
	12111.90052	   0.04383	[mu,kappa]: [(43.12410,308.11480),14.40410]
	24435.11784	   0.08841	[mu,kappa]: [(147.93481,302.15670),18.09040]
	12383.46479	   0.04481	[mu,kappa]: [(113.96987,294.42810),12.49798]
	11724.93763	   0.04243	[mu,kappa]: [(28.24373,22.63373),11.96596]
	7330.20933	   0.02652	[mu,kappa]: [(78.30246,297.76709),11.55675]
	13032.26022	   0.04716	[mu,kappa]: [(132.49755,291.88758),15.08906]
	8247.91919	   0.02985	[mu,kappa]: [(84.26893,297.88955),11.33866]
	7734.35549	   0.02799	[mu,kappa]: [(48.81012,40.08444),10.11850]
	11172.96911	   0.04043	[mu,kappa]: [(37.61022,315.49450),12.73487]
	7841.24831	   0.02837	[mu,kappa]: [(83.40981,297.95936),11.34146]
	22883.81143	   0.08280	[mu,kappa]: [(35.22747,81.77074),50.00000]
	16616.38729	   0.06012	[mu,kappa]: [(75.48659,70.90745),10.87695]
	7945.82347	   0.02875	[mu,kappa]: [(74.74270,297.40248),11.95583]
	27288.52964	   0.09874	[mu,kappa]: [(157.72175,20.84223),14.65674]
	11426.99357	   0.04135	[mu,kappa]: [(109.23666,295.97672),12.29448]
	11388.35444	   0.04121	[mu,kappa]: [(102.34645,61.73439),7.34895]
	16418.69611	   0.05941	[mu,kappa]: [(59.11235,69.16918),13.60752]
			msglen: 6189599.68259 bits.
Iteration #: 32
	14171.01873	   0.05128	[mu,kappa]: [(28.66045,336.19015),12.22677]
	13317.34180	   0.04819	[mu,kappa]: [(119.68592,292.69729),13.03719]
	19243.41046	   0.06963	[mu,kappa]: [(153.14641,319.19690),21.03888]
	12145.89139	   0.04395	[mu,kappa]: [(43.44489,307.72833),14.68359]
	24605.99851	   0.08903	[mu,kappa]: [(148.09454,302.21847),17.97861]
	12447.65304	   0.04504	[mu,kappa]: [(113.92982,294.54710),12.45938]
	11959.85299	   0.04328	[mu,kappa]: [(28.14756,22.03855),11.94744]
	7295.05718	   0.02640	[mu,kappa]: [(78.23118,297.73923),11.55881]
	13073.40809	   0.04730	[mu,kappa]: [(132.52942,291.70301),15.13899]
	8210.73066	   0.02971	[mu,kappa]: [(84.36494,297.89819),11.33664]
	7963.44679	   0.02882	[mu,kappa]: [(49.80190,38.89338),10.73913]
	11080.40859	   0.04009	[mu,kappa]: [(37.75952,315.26596),12.88156]
	7804.11207	   0.02824	[mu,kappa]: [(83.48556,297.96254),11.33964]
	22748.02210	   0.08231	[mu,kappa]: [(34.93026,81.82112),50.00000]
	16344.26103	   0.05914	[mu,kappa]: [(74.81463,71.32493),11.29302]
	7920.24389	   0.02866	[mu,kappa]: [(74.55534,297.34682),11.97391]
	26513.28652	   0.09593	[mu,kappa]: [(157.65654,21.78724),14.95466]
	11497.78509	   0.04160	[mu,kappa]: [(109.24415,296.13407),12.26762]
	11547.68726	   0.04178	[mu,kappa]: [(103.86905,61.09622),7.54092]
	16475.38381	   0.05961	[mu,kappa]: [(59.61163,70.34485),14.56438]
			msglen: 6188883.84968 bits.
Iteration #: 33
	14139.10107	   0.05116	[mu,kappa]: [(28.41555,336.84066),12.24628]
	13359.40755	   0.04834	[mu,kappa]: [(119.63863,292.73469),13.00905]
	19566.32433	   0.07080	[mu,kappa]: [(153.20355,319.68242),21.28151]
	12186.16358	   0.04409	[mu,kappa]: [(43.73099,307.38736),14.92505]
	24755.74747	   0.08957	[mu,kappa]: [(148.23654,302.28391),17.88465]
	12505.89923	   0.04525	[mu,kappa]: [(113.88965,294.65432),12.42197]
	12136.54930	   0.04392	[mu,kappa]: [(28.04605,21.45145),11.92000]
	7259.26359	   0.02627	[mu,kappa]: [(78.17660,297.71708),11.56332]
	13111.55476	   0.04744	[mu,kappa]: [(132.55917,291.50269),15.20861]
	8174.59376	   0.02958	[mu,kappa]: [(84.46628,297.90454),11.33957]
	8270.61824	   0.02993	[mu,kappa]: [(51.02915,37.78167),11.56809]
	11000.34477	   0.03980	[mu,kappa]: [(37.89549,315.04550),13.02827]
	7767.81398	   0.02811	[mu,kappa]: [(83.56833,297.96469),11.34241]
	22703.66516	   0.08215	[mu,kappa]: [(34.67526,81.84021),50.00000]
	16010.70179	   0.05793	[mu,kappa]: [(74.35611,71.65917),11.66403]
	7892.39566	   0.02856	[mu,kappa]: [(74.39035,297.30028),11.99187]
	25766.02830	   0.09323	[mu,kappa]: [(157.62970,22.56547),15.26870]
	11562.90192	   0.04184	[mu,kappa]: [(109.24753,296.27631),12.23993]
	11750.19313	   0.04252	[mu,kappa]: [(105.13552,60.59705),7.72621]
	16445.73240	   0.05951	[mu,kappa]: [(60.00944,71.63344),15.75662]
			msglen: 6188127.17668 bits.
Iteration #: 34
	14114.63672	   0.05107	[mu,kappa]: [(28.17401,337.38717),12.29410]
	13395.37317	   0.04847	[mu,kappa]: [(119.59251,292.76857),12.98344]
	19870.82265	   0.07190	[mu,kappa]: [(153.25698,320.19084),21.45177]
	12230.25702	   0.04425	[mu,kappa]: [(43.98846,307.09915),15.12436]
	24888.10261	   0.09005	[mu,kappa]: [(148.36263,302.34783),17.80910]
	12558.14925	   0.04544	[mu,kappa]: [(113.84872,294.75338),12.38604]
	12259.70849	   0.04436	[mu,kappa]: [(27.88907,20.86922),11.90782]
	7224.39815	   0.02614	[mu,kappa]: [(78.13523,297.70104),11.56877]
	13147.04832	   0.04757	[mu,kappa]: [(132.58978,291.28551),15.29592]
	8140.78375	   0.02946	[mu,kappa]: [(84.56936,297.90952),11.34508]
	8662.60381	   0.03135	[mu,kappa]: [(52.43897,36.85522),12.68201]
	10933.22131	   0.03956	[mu,kappa]: [(38.02184,314.85001),13.17019]
	7733.64498	   0.02798	[mu,kappa]: [(83.65448,297.96663),11.34756]
	22722.80019	   0.08222	[mu,kappa]: [(34.45253,81.83590),50.00000]
	15609.47719	   0.05648	[mu,kappa]: [(74.12315,71.90504),11.97363]
	7864.13897	   0.02846	[mu,kappa]: [(74.24474,297.26308),12.00865]
	25063.59781	   0.09069	[mu,kappa]: [(157.62588,23.23576),15.58721]
	11622.52183	   0.04206	[mu,kappa]: [(109.24635,296.40669),12.21212]
	11973.56439	   0.04333	[mu,kappa]: [(106.13128,60.23558),7.88616]
	16350.14940	   0.05916	[mu,kappa]: [(60.32104,73.05915),17.36493]
			msglen: 6187240.44067 bits.
Iteration #: 35
	14099.81688	   0.05102	[mu,kappa]: [(27.94764,337.84955),12.37012]
	13425.22503	   0.04858	[mu,kappa]: [(119.54682,292.80193),12.96003]
	20156.88739	   0.07293	[mu,kappa]: [(153.30431,320.70441),21.56941]
	12276.90656	   0.04442	[mu,kappa]: [(44.22365,306.86722),15.28034]
	25006.32694	   0.09048	[mu,kappa]: [(148.47561,302.40824),17.75056]
	12604.68940	   0.04561	[mu,kappa]: [(113.80656,294.84684),12.35221]
	12333.10764	   0.04463	[mu,kappa]: [(27.64478,20.26899),11.93576]
	7191.28592	   0.02602	[mu,kappa]: [(78.10362,297.68982),11.57355]
	13179.93740	   0.04769	[mu,kappa]: [(132.62282,291.05109),15.39930]
	8109.77402	   0.02935	[mu,kappa]: [(84.67149,297.91236),11.35104]
	9130.15347	   0.03304	[mu,kappa]: [(53.94357,36.19440),14.15386]
	10879.36893	   0.03937	[mu,kappa]: [(38.14572,314.69666),13.30313]
	7702.11503	   0.02787	[mu,kappa]: [(83.74118,297.96753),11.35303]
	22793.76516	   0.08248	[mu,kappa]: [(34.25505,81.80798),50.00000]
	15128.57427	   0.05474	[mu,kappa]: [(74.14062,72.05810),12.21234]
	7836.60140	   0.02836	[mu,kappa]: [(74.11495,297.23379),12.02301]
	24415.14014	   0.08834	[mu,kappa]: [(157.63206,23.84178),15.89821]
	11677.00437	   0.04225	[mu,kappa]: [(109.24084,296.52726),12.18515]
	12198.34190	   0.04414	[mu,kappa]: [(106.88240,60.00104),8.01494]
	16219.97816	   0.05869	[mu,kappa]: [(60.55191,74.61245),19.67263]
			msglen: 6186126.34440 bits.
Iteration #: 36
	14096.41089	   0.05101	[mu,kappa]: [(27.75881,338.26204),12.47016]
	13449.25421	   0.04866	[mu,kappa]: [(119.50066,292.83738),12.93868]
	20426.19488	   0.07391	[mu,kappa]: [(153.34512,321.21219),21.64926]
	12325.31650	   0.04460	[mu,kappa]: [(44.44120,306.68825),15.39307]
	25113.11013	   0.09087	[mu,kappa]: [(148.57847,302.46534),17.70678]
	12646.05750	   0.04576	[mu,kappa]: [(113.76293,294.93669),12.32111]
	12365.74160	   0.04474	[mu,kappa]: [(27.31230,19.62000),12.02625]
	7160.12777	   0.02591	[mu,kappa]: [(78.07900,297.68101),11.57637]
	13210.15166	   0.04780	[mu,kappa]: [(132.65882,290.79942),15.51775]
	8081.45802	   0.02924	[mu,kappa]: [(84.77125,297.91137),11.35597]
	9638.56144	   0.03488	[mu,kappa]: [(55.42552,35.84891),16.00885]
	10838.58627	   0.03922	[mu,kappa]: [(38.27391,314.59802),13.42135]
	7673.15717	   0.02777	[mu,kappa]: [(83.82679,297.96555),11.35737]
	22914.01493	   0.08291	[mu,kappa]: [(34.08041,81.75262),50.00000]
	14562.14356	   0.05269	[mu,kappa]: [(74.44820,72.12416),12.38521]
	7810.23944	   0.02826	[mu,kappa]: [(73.99766,297.20964),12.03390]
	23823.46187	   0.08620	[mu,kappa]: [(157.63861,24.41261),16.19215]
	11726.86123	   0.04243	[mu,kappa]: [(109.23162,296.63951),12.15996]
	12405.26301	   0.04489	[mu,kappa]: [(107.43493,59.88500),8.11507]
	16098.88793	   0.05825	[mu,kappa]: [(60.70161,76.20207),23.04427]
			msglen: 6184750.72661 bits.
Iteration #: 37
	14105.70168	   0.05104	[mu,kappa]: [(27.63328,338.67017),12.58141]
	13467.95931	   0.04873	[mu,kappa]: [(119.45319,292.87721),12.91929]
	20681.00953	   0.07483	[mu,kappa]: [(153.38001,321.70777),21.70207]
	12374.82258	   0.04478	[mu,kappa]: [(44.64284,306.55026),15.46436]
	25210.53386	   0.09122	[mu,kappa]: [(148.67388,302.52050),17.67535]
	12682.93369	   0.04589	[mu,kappa]: [(113.71786,295.02461),12.29329]
	12376.36823	   0.04478	[mu,kappa]: [(26.93368,18.90707),12.18857]
	7130.59409	   0.02580	[mu,kappa]: [(78.05966,297.67152),11.57666]
	13237.62490	   0.04790	[mu,kappa]: [(132.69767,290.53053),15.65092]
	8055.30030	   0.02915	[mu,kappa]: [(84.86845,297.90452),11.35922]
	10122.57298	   0.03663	[mu,kappa]: [(56.76336,35.82593),18.15076]
	10809.76992	   0.03911	[mu,kappa]: [(38.40980,314.55615),13.51754]
	7646.26905	   0.02767	[mu,kappa]: [(83.91093,297.95851),11.35995]
	23088.60096	   0.08354	[mu,kappa]: [(33.93492,81.66656),50.00000]
	13932.97829	   0.05042	[mu,kappa]: [(75.08326,72.13862),12.52555]
	7784.89557	   0.02817	[mu,kappa]: [(73.89022,297.18700),12.04097]
	23287.22640	   0.08426	[mu,kappa]: [(157.63886,24.96561),16.46247]
	11772.68496	   0.04260	[mu,kappa]: [(109.21958,296.74472),12.13739]
	12573.85103	   0.04550	[mu,kappa]: [(107.83925,59.87504),8.18991]
	16023.30266	   0.05798	[mu,kappa]: [(60.76932,77.63572),27.70267]
			msglen: 6183264.75314 bits.
Iteration #: 38
	14128.19026	   0.05112	[mu,kappa]: [(27.58725,339.11792),12.68163]
	13481.95099	   0.04878	[mu,kappa]: [(119.40376,292.92344),12.90171]
	20923.48989	   0.07571	[mu,kappa]: [(153.41013,322.18739),21.73546]
	12424.82391	   0.04496	[mu,kappa]: [(44.82692,306.43338),15.49934]
	25300.10108	   0.09154	[mu,kappa]: [(148.76400,302.57561),17.65400]
	12716.05139	   0.04601	[mu,kappa]: [(113.67153,295.11212),12.26913]
	12392.11147	   0.04484	[mu,kappa]: [(26.58632,18.15796),12.40430]
	7101.95411	   0.02570	[mu,kappa]: [(78.04508,297.65838),11.57486]
	13262.34028	   0.04799	[mu,kappa]: [(132.73887,290.24418),15.79908]
	8030.50319	   0.02906	[mu,kappa]: [(84.96409,297.89003),11.36116]
	10509.81293	   0.03803	[mu,kappa]: [(57.88045,36.07122),20.33073]
	10790.75337	   0.03905	[mu,kappa]: [(38.55076,314.55751),13.58528]
	7620.67319	   0.02758	[mu,kappa]: [(83.99440,297.94445),11.36112]
	23325.22297	   0.08440	[mu,kappa]: [(33.83614,81.55387),50.00000]
	13314.06627	   0.04818	[mu,kappa]: [(76.02549,72.18651),12.70509]
	7759.89747	   0.02808	[mu,kappa]: [(73.79101,297.16228),12.04487]
	22802.80651	   0.08251	[mu,kappa]: [(157.62848,25.51050),16.70503]
	11815.09394	   0.04275	[mu,kappa]: [(109.20574,296.84419),12.11810]
	12687.12382	   0.04591	[mu,kappa]: [(108.13516,59.93203),8.23808]
	15978.03295	   0.05781	[mu,kappa]: [(60.76218,78.71255),33.26501]
			msglen: 6181984.60226 bits.
Iteration #: 39
	14162.93840	   0.05125	[mu,kappa]: [(27.61479,339.62758),12.74742]
	13491.87758	   0.04882	[mu,kappa]: [(119.35187,292.97781),12.88573]
	21155.35925	   0.07655	[mu,kappa]: [(153.43682,322.64855),21.75495]
	12474.88307	   0.04514	[mu,kappa]: [(44.98940,306.31565),15.50749]
	25382.82049	   0.09184	[mu,kappa]: [(148.85043,302.63260),17.64090]
	12746.13948	   0.04612	[mu,kappa]: [(113.62424,295.20053),12.24884]
	12437.34613	   0.04500	[mu,kappa]: [(26.34136,17.44262),12.62844]
	7073.33843	   0.02560	[mu,kappa]: [(78.03590,297.63991),11.57241]
	13284.33012	   0.04807	[mu,kappa]: [(132.78180,289.93977),15.96306]
	8006.27057	   0.02897	[mu,kappa]: [(85.05981,297.86713),11.36294]
	10771.21632	   0.03898	[mu,kappa]: [(58.78012,36.47731),22.25968]
	10778.60408	   0.03900	[mu,kappa]: [(38.68816,314.57426),13.62349]
	7595.57744	   0.02748	[mu,kappa]: [(84.07876,297.92244),11.36209]
	23615.08813	   0.08545	[mu,kappa]: [(33.80126,81.43012),50.00000]
	12800.97379	   0.04632	[mu,kappa]: [(77.14360,72.38463),13.01181]
	7734.31330	   0.02799	[mu,kappa]: [(73.69966,297.13339),12.04731]
	22365.34538	   0.08093	[mu,kappa]: [(157.60556,26.05452),16.91730]
	11854.70512	   0.04290	[mu,kappa]: [(109.19103,296.93919),12.10258]
	12739.26707	   0.04610	[mu,kappa]: [(108.34959,59.97845),8.25664]
	15894.60586	   0.05751	[mu,kappa]: [(60.69983,79.38112),38.72439]
			msglen: 6181093.22271 bits.
Iteration #: 40
	14207.23454	   0.05141	[mu,kappa]: [(27.68923,340.19051),12.76693]
	13498.38548	   0.04884	[mu,kappa]: [(119.29714,293.04171),12.87106]
	21377.96498	   0.07735	[mu,kappa]: [(153.46146,323.08943),21.76494]
	12524.77532	   0.04532	[mu,kappa]: [(45.12671,306.18247),15.50096]
	25459.37388	   0.09212	[mu,kappa]: [(148.93429,302.69348),17.63470]
	12773.89526	   0.04622	[mu,kappa]: [(113.57620,295.29082),12.23243]
	12521.99207	   0.04531	[mu,kappa]: [(26.22198,16.83106),12.81566]
	7044.14575	   0.02549	[mu,kappa]: [(78.03328,297.61663),11.57123]
	13303.66873	   0.04814	[mu,kappa]: [(132.82575,289.61627),16.14423]
	7982.15086	   0.02888	[mu,kappa]: [(85.15712,297.83650),11.36598]
	10935.82288	   0.03957	[mu,kappa]: [(59.52202,36.93697),23.77545]
	10770.45555	   0.03897	[mu,kappa]: [(38.81178,314.57620),13.63872]
	7570.52065	   0.02739	[mu,kappa]: [(84.16549,297.89311),11.36435]
	23919.29837	   0.08655	[mu,kappa]: [(33.82629,81.31495),50.00000]
	12435.92169	   0.04500	[mu,kappa]: [(78.24804,72.81571),13.50438]
	7707.40628	   0.02789	[mu,kappa]: [(73.61682,297.10096),12.05056]
	21968.85846	   0.07949	[mu,kappa]: [(157.57100,26.60560),17.09853]
	11892.12523	   0.04303	[mu,kappa]: [(109.17613,297.03079),12.09103]
	12737.74064	   0.04609	[mu,kappa]: [(108.51249,59.92866),8.25131]
	15733.26336	   0.05693	[mu,kappa]: [(60.60486,79.74197),43.27678]
			msglen: 6180510.62479 bits.
			N: 276365
		22.36358 bpr
Null model msglen: 6517533.67548 bits.	(23.58306 bpr)
