Iteration #: 0
	9076.00000	   0.03284	[mu,kappa]: [(95.06846,339.71391),1.12319]
	9142.00000	   0.03308	[mu,kappa]: [(91.78541,339.23549),1.13020]
	9138.00000	   0.03306	[mu,kappa]: [(95.28835,338.95447),1.14270]
	9301.00000	   0.03365	[mu,kappa]: [(92.96522,339.65998),1.12517]
	9208.00000	   0.03332	[mu,kappa]: [(94.42236,339.74696),1.11887]
	9331.00000	   0.03376	[mu,kappa]: [(94.28930,339.53487),1.13254]
	9120.00000	   0.03300	[mu,kappa]: [(94.53799,339.39964),1.15685]
	9154.00000	   0.03312	[mu,kappa]: [(93.49379,340.36000),1.14382]
	9311.00000	   0.03369	[mu,kappa]: [(93.94307,337.92258),1.15497]
	9261.00000	   0.03351	[mu,kappa]: [(94.82999,338.10312),1.14948]
	9352.00000	   0.03384	[mu,kappa]: [(93.35608,339.12421),1.14444]
	9267.00000	   0.03353	[mu,kappa]: [(94.10192,337.88168),1.16404]
	9128.00000	   0.03303	[mu,kappa]: [(93.48972,338.47243),1.13283]
	9224.00000	   0.03338	[mu,kappa]: [(94.60900,339.66506),1.14440]
	9264.00000	   0.03352	[mu,kappa]: [(94.47591,339.57600),1.13715]
	9357.00000	   0.03386	[mu,kappa]: [(93.30260,340.91546),1.11745]
	9263.00000	   0.03352	[mu,kappa]: [(93.48267,339.68509),1.13861]
	9251.00000	   0.03347	[mu,kappa]: [(95.12261,338.85323),1.12750]
	9177.00000	   0.03321	[mu,kappa]: [(93.35154,340.46102),1.15418]
	9170.00000	   0.03318	[mu,kappa]: [(93.64884,339.86867),1.13995]
	9066.00000	   0.03280	[mu,kappa]: [(96.04863,338.49309),1.15488]
	9175.00000	   0.03320	[mu,kappa]: [(94.55895,339.14357),1.13237]
	9199.00000	   0.03329	[mu,kappa]: [(94.01438,338.72531),1.15576]
	9207.00000	   0.03331	[mu,kappa]: [(95.17209,338.95303),1.14267]
	9351.00000	   0.03384	[mu,kappa]: [(92.95913,339.52565),1.12927]
	9057.00000	   0.03277	[mu,kappa]: [(92.97896,339.38009),1.14850]
	9244.00000	   0.03345	[mu,kappa]: [(94.53001,340.17607),1.11527]
	9179.00000	   0.03321	[mu,kappa]: [(95.10742,339.98519),1.14269]
	9042.00000	   0.03272	[mu,kappa]: [(94.39866,337.92358),1.14194]
	9350.00000	   0.03383	[mu,kappa]: [(94.61889,338.20363),1.13566]
			msglen: -214614445787781705399411249199668655480302765571585145589603186173877779097867570783321689606799596735744032651608064.00000 bits.
Iteration #: 1
	9075.58299	   0.03284	[mu,kappa]: [(95.14810,339.74092),1.13224]
	9143.17299	   0.03308	[mu,kappa]: [(90.67867,340.17676),1.12596]
	9138.23538	   0.03307	[mu,kappa]: [(95.90486,338.50973),1.14951]
	9301.35963	   0.03366	[mu,kappa]: [(92.18989,340.32346),1.12431]
	9207.53784	   0.03332	[mu,kappa]: [(94.17713,340.06433),1.12687]
	9330.68809	   0.03376	[mu,kappa]: [(94.20076,339.61832),1.13426]
	9119.59342	   0.03300	[mu,kappa]: [(94.85252,338.92772),1.14784]
	9153.94360	   0.03312	[mu,kappa]: [(92.90149,340.52662),1.12852]
	9310.95554	   0.03369	[mu,kappa]: [(94.44163,337.63747),1.15792]
	9261.44112	   0.03351	[mu,kappa]: [(95.58620,337.65387),1.15836]
	9351.77257	   0.03384	[mu,kappa]: [(93.11691,339.26115),1.13904]
	9267.12434	   0.03353	[mu,kappa]: [(94.77085,337.36926),1.16354]
	9127.56273	   0.03303	[mu,kappa]: [(93.40347,338.77573),1.14016]
	9223.67481	   0.03337	[mu,kappa]: [(94.74060,339.42127),1.14004]
	9263.70356	   0.03352	[mu,kappa]: [(94.50216,339.51166),1.13688]
	9358.04699	   0.03386	[mu,kappa]: [(92.17517,341.68725),1.11207]
	9262.92390	   0.03352	[mu,kappa]: [(93.05819,339.91766),1.13203]
	9250.74573	   0.03347	[mu,kappa]: [(95.53510,338.75793),1.14234]
	9176.59020	   0.03320	[mu,kappa]: [(92.76121,340.48583),1.13154]
	9169.87211	   0.03318	[mu,kappa]: [(93.25060,340.03003),1.13173]
	9067.61346	   0.03281	[mu,kappa]: [(97.24143,337.57355),1.16457]
	9174.69298	   0.03320	[mu,kappa]: [(94.70506,339.13269),1.13900]
	9198.72107	   0.03328	[mu,kappa]: [(94.30203,338.41780),1.15100]
	9207.15550	   0.03332	[mu,kappa]: [(95.74104,338.54460),1.14886]
	9351.26123	   0.03384	[mu,kappa]: [(92.26576,340.10498),1.12720]
	9056.91093	   0.03277	[mu,kappa]: [(92.52707,339.57296),1.13698]
	9243.58691	   0.03345	[mu,kappa]: [(94.15372,340.54677),1.12211]
	9178.68615	   0.03321	[mu,kappa]: [(95.33348,339.63013),1.13891]
	9041.99106	   0.03272	[mu,kappa]: [(94.95327,337.75493),1.15403]
	9349.85316	   0.03383	[mu,kappa]: [(95.11262,338.09357),1.14956]
			msglen: 6441802.76319 bits.
Iteration #: 2
	9074.45935	   0.03284	[mu,kappa]: [(95.35233,339.56422),1.13663]
	9146.62067	   0.03310	[mu,kappa]: [(88.69890,341.63713),1.11410]
	9138.64100	   0.03307	[mu,kappa]: [(96.97528,337.73664),1.16090]
	9302.33287	   0.03366	[mu,kappa]: [(90.83492,341.29893),1.11605]
	9206.45298	   0.03331	[mu,kappa]: [(93.81123,340.31449),1.12666]
	9329.50078	   0.03376	[mu,kappa]: [(94.06579,339.69759),1.13396]
	9118.75318	   0.03300	[mu,kappa]: [(95.35216,338.51436),1.14985]
	9154.06655	   0.03312	[mu,kappa]: [(91.83662,341.19264),1.11846]
	9310.57614	   0.03369	[mu,kappa]: [(95.26429,337.13693),1.16493]
	9262.47962	   0.03352	[mu,kappa]: [(96.87144,336.80072),1.17191]
	9350.83138	   0.03384	[mu,kappa]: [(92.67523,339.58442),1.13448]
	9267.42108	   0.03353	[mu,kappa]: [(95.86528,336.65900),1.17234]
	9126.42082	   0.03302	[mu,kappa]: [(93.25585,338.96712),1.14049]
	9222.56042	   0.03337	[mu,kappa]: [(94.95805,339.20939),1.14101]
	9262.51982	   0.03352	[mu,kappa]: [(94.55694,339.43978),1.13754]
	9361.05527	   0.03387	[mu,kappa]: [(90.21835,343.00600),1.10080]
	9262.42410	   0.03352	[mu,kappa]: [(92.30411,340.42717),1.12555]
	9250.38219	   0.03347	[mu,kappa]: [(96.30573,338.23989),1.15273]
	9176.76977	   0.03321	[mu,kappa]: [(91.67579,341.13873),1.11958]
	9169.29183	   0.03318	[mu,kappa]: [(92.54116,340.48766),1.12520]
	9072.17707	   0.03283	[mu,kappa]: [(99.24928,336.12332),1.18757]
	9173.63380	   0.03319	[mu,kappa]: [(94.98600,338.94341),1.14300]
	9197.79949	   0.03328	[mu,kappa]: [(94.75943,338.10359),1.15323]
	9207.31990	   0.03332	[mu,kappa]: [(96.72893,337.83364),1.15922]
	9351.84835	   0.03384	[mu,kappa]: [(91.04749,340.98513),1.11922]
	9056.60593	   0.03277	[mu,kappa]: [(91.69920,340.14614),1.12862]
	9242.67667	   0.03344	[mu,kappa]: [(93.57023,340.92185),1.12039]
	9177.70683	   0.03321	[mu,kappa]: [(95.72233,339.26174),1.14173]
	9041.99829	   0.03272	[mu,kappa]: [(95.90996,337.17576),1.16479]
	9349.67387	   0.03383	[mu,kappa]: [(95.98704,337.55493),1.16021]
			msglen: 6441698.89547 bits.
Iteration #: 3
	9071.13866	   0.03282	[mu,kappa]: [(95.74326,339.22695),1.14156]
	9157.03383	   0.03313	[mu,kappa]: [(85.15971,344.17110),1.09795]
	9139.82647	   0.03307	[mu,kappa]: [(98.79807,336.42632),1.18210]
	9305.25481	   0.03367	[mu,kappa]: [(88.43798,342.97542),1.10258]
	9203.23961	   0.03330	[mu,kappa]: [(93.20315,340.69459),1.12306]
	9325.91443	   0.03374	[mu,kappa]: [(93.84419,339.82359),1.13269]
	9116.19229	   0.03299	[mu,kappa]: [(96.20210,337.89586),1.15783]
	9154.42953	   0.03312	[mu,kappa]: [(89.96140,342.45943),1.10629]
	9309.45091	   0.03369	[mu,kappa]: [(96.63661,336.24992),1.17871]
	9265.55562	   0.03353	[mu,kappa]: [(99.02348,335.32475),1.19729]
	9347.97483	   0.03382	[mu,kappa]: [(91.88673,340.15075),1.12819]
	9268.33071	   0.03354	[mu,kappa]: [(97.68198,335.46203),1.19167]
	9122.98392	   0.03301	[mu,kappa]: [(92.98535,339.19983),1.13849]
	9219.18637	   0.03336	[mu,kappa]: [(95.34192,338.89849),1.14477]
	9258.93592	   0.03350	[mu,kappa]: [(94.66417,339.32950),1.13896]
	9370.22499	   0.03391	[mu,kappa]: [(86.77130,345.37093),1.08531]
	9260.88033	   0.03351	[mu,kappa]: [(90.97683,341.33988),1.11628]
	9249.31797	   0.03347	[mu,kappa]: [(97.64447,337.27933),1.16801]
	9177.35003	   0.03321	[mu,kappa]: [(89.75589,342.43619),1.10675]
	9167.50341	   0.03317	[mu,kappa]: [(91.29668,341.33025),1.11639]
	9085.85612	   0.03288	[mu,kappa]: [(102.55015,333.74475),1.23423]
	9170.41908	   0.03318	[mu,kappa]: [(95.48384,338.57840),1.14834]
	9194.98947	   0.03327	[mu,kappa]: [(95.52472,337.59501),1.16005]
	9207.78127	   0.03332	[mu,kappa]: [(98.41432,336.62526),1.17843]
	9353.60309	   0.03385	[mu,kappa]: [(88.89031,342.49841),1.10642]
	9055.64981	   0.03277	[mu,kappa]: [(90.22300,341.18914),1.11801]
	9240.05193	   0.03343	[mu,kappa]: [(92.58956,341.53918),1.11447]
	9174.79881	   0.03320	[mu,kappa]: [(96.41213,338.70298),1.14891]
	9041.98958	   0.03272	[mu,kappa]: [(97.52269,336.10258),1.18249]
	9349.13620	   0.03383	[mu,kappa]: [(97.47551,336.54398),1.17671]
			msglen: 6441387.15059 bits.
Iteration #: 4
	9061.22375	   0.03279	[mu,kappa]: [(96.44770,338.64865),1.14986]
	9188.27711	   0.03325	[mu,kappa]: [(78.90616,348.71613),1.08721]
	9143.42692	   0.03308	[mu,kappa]: [(101.81604,334.24101),1.22385]
	9313.97091	   0.03370	[mu,kappa]: [(84.19050,345.95282),1.08692]
	9193.59350	   0.03327	[mu,kappa]: [(92.16560,341.34908),1.11667]
	9315.13070	   0.03371	[mu,kappa]: [(93.47336,340.03338),1.13064]
	9108.48498	   0.03296	[mu,kappa]: [(97.64907,336.85212),1.17399]
	9155.45993	   0.03313	[mu,kappa]: [(86.65212,344.73124),1.09098]
	9306.12755	   0.03367	[mu,kappa]: [(98.91099,334.71304),1.20588]
	9274.80223	   0.03356	[mu,kappa]: [(102.52555,332.85880),1.24810]
	9339.35276	   0.03379	[mu,kappa]: [(90.49333,341.11735),1.11894]
	9271.11280	   0.03355	[mu,kappa]: [(100.65597,333.43443),1.23084]
	9112.62809	   0.03297	[mu,kappa]: [(92.50103,339.55018),1.13502]
	9209.05560	   0.03332	[mu,kappa]: [(96.01627,338.37288),1.15220]
	9248.16751	   0.03346	[mu,kappa]: [(94.86494,339.13734),1.14175]
	9397.91596	   0.03401	[mu,kappa]: [(80.70839,349.66634),1.07379]
	9256.17602	   0.03349	[mu,kappa]: [(88.63780,342.94263),1.10321]
	9246.17071	   0.03346	[mu,kappa]: [(99.90418,335.64039),1.19651]
	9179.02521	   0.03321	[mu,kappa]: [(86.36270,344.77312),1.09120]
	9162.06304	   0.03315	[mu,kappa]: [(89.10984,342.81648),1.10390]
	9126.96472	   0.03303	[mu,kappa]: [(107.67939,329.95010),1.33152]
	9160.75538	   0.03315	[mu,kappa]: [(96.34895,337.93501),1.15785]
	9186.54253	   0.03324	[mu,kappa]: [(96.81496,336.70777),1.17376]
	9209.20524	   0.03332	[mu,kappa]: [(101.21766,334.60107),1.21605]
	9358.80965	   0.03386	[mu,kappa]: [(85.06528,345.17398),1.09066]
	9052.69193	   0.03276	[mu,kappa]: [(87.60312,343.01684),1.10380]
	9232.22622	   0.03341	[mu,kappa]: [(90.90168,342.62825),1.10468]
	9166.13425	   0.03317	[mu,kappa]: [(97.61562,337.77345),1.16272]
	9041.95944	   0.03272	[mu,kappa]: [(100.19074,334.25901),1.21674]
	9347.54536	   0.03382	[mu,kappa]: [(99.95590,334.80584),1.20812]
			msglen: 6440453.81866 bits.
Iteration #: 5
	9031.78103	   0.03268	[mu,kappa]: [(97.67987,337.64663),1.16570]
	9281.11793	   0.03358	[mu,kappa]: [(68.54080,356.95484),1.12012]
	9154.55809	   0.03312	[mu,kappa]: [(106.54999,330.71222),1.31028]
	9339.53253	   0.03379	[mu,kappa]: [(76.81804,351.29865),1.08416]
	9164.67763	   0.03316	[mu,kappa]: [(90.38447,342.46501),1.10759]
	9282.88716	   0.03359	[mu,kappa]: [(92.85398,340.35886),1.12816]
	9085.64994	   0.03288	[mu,kappa]: [(100.06394,335.07277),1.20625]
	9158.14454	   0.03314	[mu,kappa]: [(80.85873,348.78587),1.07979]
	9296.49024	   0.03364	[mu,kappa]: [(102.57019,332.13085),1.26146]
	9302.71819	   0.03366	[mu,kappa]: [(107.88377,328.92161),1.35480]
	9313.39057	   0.03370	[mu,kappa]: [(88.04918,342.75631),1.10682]
	9279.71481	   0.03358	[mu,kappa]: [(105.31011,330.11923),1.31249]
	9081.61444	   0.03286	[mu,kappa]: [(91.65620,340.08632),1.13049]
	9178.91536	   0.03321	[mu,kappa]: [(97.18392,337.44970),1.16684]
	9216.05394	   0.03335	[mu,kappa]: [(95.23338,338.77372),1.14765]
	9480.57705	   0.03430	[mu,kappa]: [(70.58998,357.48065),1.10078]
	9241.79067	   0.03344	[mu,kappa]: [(84.52930,345.75040),1.08887]
	9237.10554	   0.03342	[mu,kappa]: [(103.57020,332.92416),1.25400]
	9183.61389	   0.03323	[mu,kappa]: [(80.42310,348.94732),1.08052]
	9145.50194	   0.03309	[mu,kappa]: [(85.27423,345.41788),1.08961]
	9250.04456	   0.03347	[mu,kappa]: [(114.81535,324.31111),1.54141]
	9132.01812	   0.03304	[mu,kappa]: [(97.82841,336.80630),1.17634]
	9161.47941	   0.03315	[mu,kappa]: [(98.96509,335.16371),1.20119]
	9213.82199	   0.03334	[mu,kappa]: [(105.65762,331.30734),1.29349]
	9373.89014	   0.03392	[mu,kappa]: [(78.38852,349.95456),1.08352]
	9043.46053	   0.03272	[mu,kappa]: [(82.98871,346.22140),1.08969]
	9208.72455	   0.03332	[mu,kappa]: [(87.97532,344.53428),1.09186]
	9140.50559	   0.03307	[mu,kappa]: [(99.66188,336.19693),1.18976]
	9042.12385	   0.03272	[mu,kappa]: [(104.42658,331.21612),1.28715]
	9343.09577	   0.03381	[mu,kappa]: [(103.92985,331.92605),1.27218]
			msglen: 6437699.23491 bits.
Iteration #: 6
	8946.28825	   0.03237	[mu,kappa]: [(99.75941,335.88855),1.19819]
	9550.85450	   0.03456	[mu,kappa]: [(54.79367,11.18581),1.30735]
	9189.19883	   0.03325	[mu,kappa]: [(113.21333,325.39558),1.49558]
	9411.73065	   0.03406	[mu,kappa]: [(65.26290,0.73947),1.14784]
	9079.28675	   0.03285	[mu,kappa]: [(87.36194,344.28093),1.09854]
	9188.26234	   0.03325	[mu,kappa]: [(91.84283,340.78450),1.12734]
	9019.93103	   0.03264	[mu,kappa]: [(103.90207,332.10516),1.27335]
	9163.74778	   0.03316	[mu,kappa]: [(71.29683,355.92095),1.10422]
	9269.80580	   0.03354	[mu,kappa]: [(108.04275,328.01659),1.37948]
	9386.37933	   0.03396	[mu,kappa]: [(115.12520,323.14990),1.58507]
	9236.23907	   0.03342	[mu,kappa]: [(83.84530,345.46995),1.09665]
	9306.59347	   0.03367	[mu,kappa]: [(111.90003,325.07063),1.48783]
	8990.43591	   0.03253	[mu,kappa]: [(90.22943,340.84486),1.12689]
	9091.30412	   0.03290	[mu,kappa]: [(99.14883,335.80647),1.19720]
	9122.28576	   0.03301	[mu,kappa]: [(95.89872,338.03880),1.16112]
	9721.41223	   0.03518	[mu,kappa]: [(56.81412,11.01284),1.26923]
	9197.85944	   0.03328	[mu,kappa]: [(77.52953,350.60082),1.08802]
	9212.30187	   0.03333	[mu,kappa]: [(109.06268,328.63526),1.37552]
	9194.71920	   0.03327	[mu,kappa]: [(70.65776,356.29713),1.10802]
	9095.33827	   0.03291	[mu,kappa]: [(78.72291,349.89638),1.08610]
	9612.81156	   0.03478	[mu,kappa]: [(123.03378,317.00700),1.99891]
	9048.63292	   0.03274	[mu,kappa]: [(100.27784,334.83287),1.21450]
	9089.10125	   0.03289	[mu,kappa]: [(102.40883,332.53715),1.25832]
	9229.30563	   0.03340	[mu,kappa]: [(112.02281,326.27583),1.45899]
	9415.42752	   0.03407	[mu,kappa]: [(67.65623,358.38870),1.12837]
	9014.38362	   0.03262	[mu,kappa]: [(75.17765,351.78370),1.09505]
	9138.75777	   0.03307	[mu,kappa]: [(82.97261,347.77617),1.08275]
	9066.57787	   0.03281	[mu,kappa]: [(102.98212,333.54642),1.24548]
	9044.23800	   0.03273	[mu,kappa]: [(110.57190,326.50071),1.43751]
	9331.78927	   0.03377	[mu,kappa]: [(109.78099,327.41946),1.40842]
			msglen: 6429908.33240 bits.
Iteration #: 7
	8713.13516	   0.03153	[mu,kappa]: [(102.99453,332.85998),1.26816]
	10289.44324	   0.03723	[mu,kappa]: [(43.71014,30.89060),1.85911]
	9293.68994	   0.03363	[mu,kappa]: [(120.91642,318.44599),1.88973]
	9598.52457	   0.03473	[mu,kappa]: [(51.82735,15.64543),1.40520]
	8839.89333	   0.03199	[mu,kappa]: [(82.48028,346.92619),1.10091]
	8925.86947	   0.03230	[mu,kappa]: [(90.27659,341.09015),1.13541]
	8843.45972	   0.03200	[mu,kappa]: [(109.34430,327.47457),1.41629]
	9168.16870	   0.03317	[mu,kappa]: [(58.39256,7.51505),1.25003]
	9202.80855	   0.03330	[mu,kappa]: [(115.05355,322.13336),1.63107]
	9626.43509	   0.03483	[mu,kappa]: [(123.03015,315.96828),2.07501]
	9017.85649	   0.03263	[mu,kappa]: [(77.06532,349.62856),1.10712]
	9388.50029	   0.03397	[mu,kappa]: [(119.62149,318.38423),1.86114]
	8736.97688	   0.03161	[mu,kappa]: [(87.95099,341.67058),1.13175]
	8852.12335	   0.03203	[mu,kappa]: [(102.21183,332.93395),1.26301]
	8864.43198	   0.03208	[mu,kappa]: [(97.03060,336.50775),1.19351]
	10381.11876	   0.03756	[mu,kappa]: [(45.10589,30.02287),1.77938]
	9067.87753	   0.03281	[mu,kappa]: [(66.91786,358.46130),1.14731]
	9151.14677	   0.03311	[mu,kappa]: [(116.07383,322.54796),1.63413]
	9214.05955	   0.03334	[mu,kappa]: [(57.64569,8.22259),1.26327]
	8948.80404	   0.03238	[mu,kappa]: [(68.64708,357.12460),1.13433]
	10630.62014	   0.03847	[mu,kappa]: [(130.40901,309.57288),2.98437]
	8821.69399	   0.03192	[mu,kappa]: [(104.00481,331.49580),1.29643]
	8893.68456	   0.03218	[mu,kappa]: [(107.38703,328.33089),1.38038]
	9280.48134	   0.03358	[mu,kappa]: [(119.59252,319.54033),1.81110]
	9517.64357	   0.03444	[mu,kappa]: [(54.29681,11.92361),1.33426]
	8924.47509	   0.03229	[mu,kappa]: [(63.70148,0.83812),1.17798]
	8939.59765	   0.03235	[mu,kappa]: [(75.00380,352.89135),1.10176]
	8867.02097	   0.03208	[mu,kappa]: [(107.83223,329.31345),1.36399]
	9057.40404	   0.03277	[mu,kappa]: [(118.04411,320.05870),1.75763]
	9308.05526	   0.03368	[mu,kappa]: [(117.05929,321.14793),1.69849]
			msglen: 6410345.99076 bits.
Iteration #: 8
	8171.85573	   0.02957	[mu,kappa]: [(107.03241,328.14757),1.41379]
	12030.04437	   0.04353	[mu,kappa]: [(39.50204,48.26125),3.03582]
	9565.57986	   0.03461	[mu,kappa]: [(127.60107,311.46700),2.65891]
	9994.45240	   0.03616	[mu,kappa]: [(42.69248,32.71303),2.01686]
	8262.97083	   0.02990	[mu,kappa]: [(75.54222,349.77665),1.14310]
	8303.43435	   0.03005	[mu,kappa]: [(87.99767,340.51826),1.17088]
	8441.57545	   0.03055	[mu,kappa]: [(115.35794,321.32902),1.70176]
	9138.12143	   0.03307	[mu,kappa]: [(46.98823,22.17188),1.64313]
	9063.37637	   0.03279	[mu,kappa]: [(121.85789,315.35289),2.12382]
	10221.05438	   0.03698	[mu,kappa]: [(129.54227,309.27971),3.03325]
	8484.56686	   0.03070	[mu,kappa]: [(67.82549,354.71834),1.18086]
	9603.76387	   0.03475	[mu,kappa]: [(126.41575,311.53865),2.58866]
	8133.89170	   0.02943	[mu,kappa]: [(84.61884,341.80785),1.16483]
	8296.25305	   0.03002	[mu,kappa]: [(106.04879,328.38722),1.40095]
	8259.61725	   0.02989	[mu,kappa]: [(98.51845,333.50735),1.26884]
	11930.92136	   0.04317	[mu,kappa]: [(40.20262,47.28767),2.87574]
	8730.30854	   0.03159	[mu,kappa]: [(54.87666,8.86228),1.35158]
	9027.16081	   0.03266	[mu,kappa]: [(122.84085,315.59712),2.14050]
	9218.31697	   0.03336	[mu,kappa]: [(46.42105,23.18800),1.67553]
	8574.63535	   0.03103	[mu,kappa]: [(56.78344,6.67700),1.31170]
	13114.20888	   0.04745	[mu,kappa]: [(135.75240,304.46224),4.93023]
	8296.33109	   0.03002	[mu,kappa]: [(108.53890,326.47299),1.46521]
	8445.74072	   0.03056	[mu,kappa]: [(113.04498,322.53276),1.62616]
	9424.91218	   0.03410	[mu,kappa]: [(126.35009,312.52324),2.49802]
	9713.77108	   0.03515	[mu,kappa]: [(44.10665,28.19130),1.84679]
	8678.11095	   0.03140	[mu,kappa]: [(51.61089,12.75852),1.43696]
	8448.61947	   0.03057	[mu,kappa]: [(64.55798,359.44812),1.20136]
	8409.46172	   0.03043	[mu,kappa]: [(113.40560,323.46111),1.60260]
	9109.05783	   0.03296	[mu,kappa]: [(124.87626,313.13909),2.38213]
	9272.88514	   0.03355	[mu,kappa]: [(123.88181,314.21254),2.26515]
			msglen: 6373836.17049 bits.
Iteration #: 9
	7292.09142	   0.02639	[mu,kappa]: [(109.76778,322.39951),1.65666]
	14982.33517	   0.05421	[mu,kappa]: [(39.63077,58.09856),4.84910]
	10045.49089	   0.03635	[mu,kappa]: [(131.94361,306.86902),3.81683]
	10555.90693	   0.03820	[mu,kappa]: [(39.35897,44.42327),2.96693]
	7292.61742	   0.02639	[mu,kappa]: [(67.77329,350.43551),1.26211]
	7274.76402	   0.02632	[mu,kappa]: [(84.64146,337.71676),1.26489]
	7795.04650	   0.02821	[mu,kappa]: [(119.41172,315.31321),2.14346]
	9002.72993	   0.03258	[mu,kappa]: [(40.95774,33.42346),2.28160]
	8850.15477	   0.03202	[mu,kappa]: [(126.26193,309.89631),2.86560]
	11245.78176	   0.04069	[mu,kappa]: [(133.79333,305.34048),4.46593]
	7574.66265	   0.02741	[mu,kappa]: [(58.58172,357.71913),1.35781]
	9981.99704	   0.03612	[mu,kappa]: [(130.78836,306.88389),3.67970]
	7134.96594	   0.02582	[mu,kappa]: [(80.15946,339.62963),1.26005]
	7392.50342	   0.02675	[mu,kappa]: [(108.59567,322.72016),1.63342]
	7270.07362	   0.02631	[mu,kappa]: [(98.97559,328.73646),1.41373]
	14541.36290	   0.05262	[mu,kappa]: [(39.95449,57.26064),4.57393]
	8112.19036	   0.02935	[mu,kappa]: [(45.98304,17.22227),1.72625]
	8842.34431	   0.03200	[mu,kappa]: [(127.25857,310.08902),2.90420]
	9137.58029	   0.03306	[mu,kappa]: [(40.66978,34.56669),2.34072]
	7901.89849	   0.02859	[mu,kappa]: [(47.53867,14.28450),1.64757]
	17417.48578	   0.06302	[mu,kappa]: [(139.49864,302.71543),7.50039]
	7444.18284	   0.02694	[mu,kappa]: [(111.61742,320.61993),1.74135]
	7722.96249	   0.02795	[mu,kappa]: [(116.85817,316.54810),2.01156]
	9689.40864	   0.03506	[mu,kappa]: [(130.73162,307.64405),3.53216]
	9942.44959	   0.03598	[mu,kappa]: [(39.68508,39.93113),2.65326]
	8202.34423	   0.02968	[mu,kappa]: [(43.54618,22.32982),1.88893]
	7599.99064	   0.02750	[mu,kappa]: [(54.86596,4.12291),1.41900]
	7670.76170	   0.02776	[mu,kappa]: [(117.23096,317.39504),1.97734]
	9214.21048	   0.03334	[mu,kappa]: [(129.28262,308.10163),3.32030]
	9234.70578	   0.03341	[mu,kappa]: [(128.29857,308.95361),3.11756]
			msglen: 6335655.07316 bits.
Iteration #: 10
	6497.08893	   0.02351	[mu,kappa]: [(108.77700,317.32805),1.91848]
	17893.88954	   0.06475	[mu,kappa]: [(41.54427,63.42339),6.59574]
	10472.66479	   0.03789	[mu,kappa]: [(134.61174,305.21829),4.85893]
	10940.66707	   0.03959	[mu,kappa]: [(39.05206,49.52111),3.81191]
	6415.89367	   0.02322	[mu,kappa]: [(61.37022,346.21632),1.46473]
	6359.11537	   0.02301	[mu,kappa]: [(79.78467,332.21699),1.44227]
	7192.80214	   0.02603	[mu,kappa]: [(119.99914,311.21423),2.55610]
	8772.44042	   0.03174	[mu,kappa]: [(38.64735,37.47095),2.85878]
	8622.56354	   0.03120	[mu,kappa]: [(128.00104,307.01400),3.53131]
	12198.09257	   0.04414	[mu,kappa]: [(136.68354,304.28078),5.73648]
	6743.12851	   0.02440	[mu,kappa]: [(52.13885,354.64920),1.60844]
	10300.86100	   0.03727	[mu,kappa]: [(133.27015,305.04930),4.65452]
	6248.94502	   0.02261	[mu,kappa]: [(74.79241,334.17018),1.44752]
	6578.61351	   0.02380	[mu,kappa]: [(107.37995,317.58292),1.89006]
	6387.73708	   0.02311	[mu,kappa]: [(96.19674,323.19309),1.61488]
	17084.05870	   0.06182	[mu,kappa]: [(41.73319,62.57477),6.20331]
	7494.48298	   0.02712	[mu,kappa]: [(41.17895,18.35126),2.10791]
	8643.38851	   0.03128	[mu,kappa]: [(129.19806,307.29271),3.59209]
	8952.99235	   0.03240	[mu,kappa]: [(38.56780,38.75784),2.93929]
	7243.83885	   0.02621	[mu,kappa]: [(42.34670,14.78946),2.00213]
	21715.69113	   0.07857	[mu,kappa]: [(142.68523,303.29239),9.58112]
	6672.65456	   0.02414	[mu,kappa]: [(110.89361,315.70269),2.02887]
	7058.36525	   0.02554	[mu,kappa]: [(116.97721,312.17372),2.38155]
	9908.97017	   0.03585	[mu,kappa]: [(133.22426,305.67461),4.46364]
	10023.18373	   0.03627	[mu,kappa]: [(38.56603,44.69168),3.36946]
	7698.84087	   0.02786	[mu,kappa]: [(39.50564,24.47533),2.32590]
	6807.19316	   0.02463	[mu,kappa]: [(48.61128,2.46373),1.68998]
	6989.92428	   0.02529	[mu,kappa]: [(117.48590,312.98356),2.33616]
	9279.41979	   0.03358	[mu,kappa]: [(131.53582,305.85283),4.16157]
	9167.49252	   0.03317	[mu,kappa]: [(130.39692,306.44584),3.88318]
			msglen: 6315349.57671 bits.
Iteration #: 11
	6088.89518	   0.02203	[mu,kappa]: [(104.57794,313.49713),2.12549]
	19756.63489	   0.07149	[mu,kappa]: [(44.24871,67.22577),8.00159]
	10603.27107	   0.03837	[mu,kappa]: [(136.82432,305.32934),5.46209]
	10917.68721	   0.03950	[mu,kappa]: [(40.12451,51.71571),4.23544]
	6031.01770	   0.02182	[mu,kappa]: [(57.17138,338.37377),1.73837]
	5962.34656	   0.02157	[mu,kappa]: [(74.24929,325.57896),1.70970]
	6820.87091	   0.02468	[mu,kappa]: [(118.11661,308.75736),2.78862]
	8503.52501	   0.03077	[mu,kappa]: [(37.86029,37.05081),3.13794]
	8383.72666	   0.03034	[mu,kappa]: [(128.34230,305.80242),3.88053]
	12660.92355	   0.04581	[mu,kappa]: [(139.28878,304.86603),6.50517]
	6376.25820	   0.02307	[mu,kappa]: [(48.65912,346.33822),1.89600]
	10349.29129	   0.03745	[mu,kappa]: [(135.09232,304.86446),5.20241]
	5879.68942	   0.02128	[mu,kappa]: [(69.47878,327.00707),1.73972]
	6169.49941	   0.02232	[mu,kappa]: [(102.88258,313.58844),2.10497]
	5981.32575	   0.02164	[mu,kappa]: [(90.58854,318.04733),1.85086]
	18646.89667	   0.06747	[mu,kappa]: [(44.47625,66.32007),7.46052]
	7143.31584	   0.02585	[mu,kappa]: [(38.63488,13.15790),2.36318]
	8419.87733	   0.03047	[mu,kappa]: [(129.97675,306.29562),3.95330]
	8697.75505	   0.03147	[mu,kappa]: [(37.95184,38.63659),3.22605]
	6888.97273	   0.02493	[mu,kappa]: [(39.62156,8.91713),2.25813]
	24776.61244	   0.08965	[mu,kappa]: [(145.85911,305.27483),10.99124]
	6269.54007	   0.02269	[mu,kappa]: [(106.95802,312.10148),2.24285]
	6676.08215	   0.02416	[mu,kappa]: [(114.24900,309.31207),2.60972]
	9911.23561	   0.03586	[mu,kappa]: [(135.10025,305.48044),4.98651]
	9859.66163	   0.03568	[mu,kappa]: [(38.83094,45.90819),3.70993]
	7374.57573	   0.02668	[mu,kappa]: [(37.35266,20.57267),2.58432]
	6426.07011	   0.02325	[mu,kappa]: [(45.34238,355.10709),1.94694]
	6593.43781	   0.02386	[mu,kappa]: [(115.05195,310.19410),2.54960]
	9190.17946	   0.03325	[mu,kappa]: [(132.91981,305.30716),4.61947]
	9005.82457	   0.03259	[mu,kappa]: [(131.47954,305.67500),4.29235]
			msglen: 6304734.09632 bits.
Iteration #: 12
	5912.10574	   0.02139	[mu,kappa]: [(99.25929,310.32627),2.33647]
	21017.36817	   0.07605	[mu,kappa]: [(47.01220,70.13221),9.23572]
	10534.16906	   0.03812	[mu,kappa]: [(139.08658,306.31034),5.78419]
	10631.21238	   0.03847	[mu,kappa]: [(42.22663,53.27436),4.37952]
	5967.14977	   0.02159	[mu,kappa]: [(54.63870,329.97650),2.10605]
	5903.96703	   0.02136	[mu,kappa]: [(69.42501,319.23162),2.09074]
	6573.06842	   0.02378	[mu,kappa]: [(115.21829,306.91662),2.93271]
	8193.67672	   0.02965	[mu,kappa]: [(37.87590,35.40433),3.21991]
	8111.94053	   0.02935	[mu,kappa]: [(128.19636,305.16677),4.04139]
	12815.76339	   0.04637	[mu,kappa]: [(141.92709,306.31616),6.96300]
	6320.78336	   0.02287	[mu,kappa]: [(47.04196,336.60296),2.26681]
	10207.13197	   0.03693	[mu,kappa]: [(136.81043,305.37370),5.48224]
	5858.07908	   0.02120	[mu,kappa]: [(65.18552,319.99570),2.16741]
	6007.00104	   0.02174	[mu,kappa]: [(97.25861,310.21284),2.33930]
	5876.44939	   0.02126	[mu,kappa]: [(84.49104,313.45753),2.16372]
	19649.40111	   0.07110	[mu,kappa]: [(47.47791,69.18918),8.50100]
	6957.03002	   0.02517	[mu,kappa]: [(37.22404,5.28828),2.56355]
	8154.00041	   0.02950	[mu,kappa]: [(130.50414,306.03289),4.10837]
	8381.31417	   0.03033	[mu,kappa]: [(38.14718,37.37893),3.30588]
	6724.43200	   0.02433	[mu,kappa]: [(38.19575,0.39450),2.48124]
	27181.98136	   0.09835	[mu,kappa]: [(148.91253,308.25188),12.02985]
	6087.40047	   0.02203	[mu,kappa]: [(101.79965,309.11406),2.45304]
	6456.78713	   0.02336	[mu,kappa]: [(110.28861,307.00781),2.78677]
	9757.39861	   0.03531	[mu,kappa]: [(136.97246,306.10849),5.24668]
	9527.54710	   0.03447	[mu,kappa]: [(40.01250,46.34041),3.79975]
	7156.65520	   0.02590	[mu,kappa]: [(36.05524,14.12841),2.74782]
	6307.29316	   0.02282	[mu,kappa]: [(43.82340,345.87301),2.23111]
	6355.07739	   0.02300	[mu,kappa]: [(111.56453,308.08482),2.69556]
	8980.09467	   0.03249	[mu,kappa]: [(134.13140,305.44635),4.83635]
	8758.72114	   0.03169	[mu,kappa]: [(132.33793,305.59339),4.47781]
			msglen: 6295510.27978 bits.
Iteration #: 13
	5795.33233	   0.02097	[mu,kappa]: [(94.41298,307.36772),2.63202]
	22032.75648	   0.07972	[mu,kappa]: [(49.16390,72.10674),10.25187]
	10404.62761	   0.03765	[mu,kappa]: [(141.38800,307.80363),5.96343]
	10333.51654	   0.03739	[mu,kappa]: [(45.52551,54.92734),4.38843]
	6014.85931	   0.02176	[mu,kappa]: [(52.98870,322.67825),2.62083]
	5970.50263	   0.02160	[mu,kappa]: [(65.83091,313.69947),2.63801]
	6351.93529	   0.02298	[mu,kappa]: [(112.25921,305.11044),3.11105]
	7870.85819	   0.02848	[mu,kappa]: [(38.71902,34.60268),3.22823]
	7821.86679	   0.02830	[mu,kappa]: [(127.87775,304.54257),4.16893]
	12872.48353	   0.04658	[mu,kappa]: [(144.46571,308.28769),7.25037]
	6388.23856	   0.02312	[mu,kappa]: [(46.21509,327.95388),2.80435]
	9997.05776	   0.03617	[mu,kappa]: [(138.43146,306.11656),5.64644]
	5986.96993	   0.02166	[mu,kappa]: [(62.10160,313.94681),2.80115]
	5916.31272	   0.02141	[mu,kappa]: [(92.16733,307.04286),2.67843]
	5872.37799	   0.02125	[mu,kappa]: [(79.46848,309.30759),2.61848]
	20463.78182	   0.07404	[mu,kappa]: [(50.11841,71.11907),9.27204]
	6807.37956	   0.02463	[mu,kappa]: [(36.34100,357.63930),2.80466]
	7866.78681	   0.02847	[mu,kappa]: [(131.10159,306.00855),4.19659]
	8050.14737	   0.02913	[mu,kappa]: [(39.21946,36.93829),3.30631]
	6606.80087	   0.02391	[mu,kappa]: [(37.35859,352.18120),2.76165]
	29387.76468	   0.10633	[mu,kappa]: [(151.56522,311.92704),12.81117]
	5967.62151	   0.02159	[mu,kappa]: [(96.96256,306.26105),2.75599]
	6283.80794	   0.02274	[mu,kappa]: [(106.27797,304.70268),3.03763]
	9553.51887	   0.03457	[mu,kappa]: [(138.90712,307.15966),5.38453]
	9177.47055	   0.03321	[mu,kappa]: [(42.30625,47.29869),3.78194]
	6956.60395	   0.02517	[mu,kappa]: [(35.18549,7.85043),2.92418]
	6261.75757	   0.02266	[mu,kappa]: [(43.02021,337.46959),2.60752]
	6149.14665	   0.02225	[mu,kappa]: [(108.17304,306.09258),2.87813]
	8725.24353	   0.03157	[mu,kappa]: [(135.28958,305.78364),4.96274]
	8477.47267	   0.03068	[mu,kappa]: [(133.17587,305.70137),4.58704]
			msglen: 6286535.77695 bits.
Iteration #: 14
	5659.76416	   0.02048	[mu,kappa]: [(90.87416,304.40040),3.08962]
	22798.45926	   0.08249	[mu,kappa]: [(50.33656,73.24592),10.96697]
	10293.39917	   0.03725	[mu,kappa]: [(143.59874,309.69050),6.03886]
	10264.52478	   0.03714	[mu,kappa]: [(50.45848,56.84600),4.31533]
	6084.89138	   0.02202	[mu,kappa]: [(51.63463,316.91100),3.37210]
	6073.60785	   0.02198	[mu,kappa]: [(63.37684,309.13874),3.44229]
	6125.21141	   0.02216	[mu,kappa]: [(109.78848,303.03388),3.42736]
	7587.32697	   0.02745	[mu,kappa]: [(40.62370,35.88247),3.21673]
	7546.79987	   0.02731	[mu,kappa]: [(127.39025,303.59526),4.37336]
	12919.87965	   0.04675	[mu,kappa]: [(146.71615,310.58320),7.39378]
	6510.80765	   0.02356	[mu,kappa]: [(45.41478,321.24446),3.62812]
	9794.09804	   0.03544	[mu,kappa]: [(139.78273,306.80618),5.76435]
	6199.81335	   0.02243	[mu,kappa]: [(60.00608,309.16547),3.76000]
	5820.84772	   0.02106	[mu,kappa]: [(88.48090,303.90593),3.21110]
	5881.58915	   0.02128	[mu,kappa]: [(76.05764,305.56408),3.29966]
	21122.65942	   0.07643	[mu,kappa]: [(52.11115,72.15154),9.64802]
	6632.94005	   0.02400	[mu,kappa]: [(35.34153,351.69747),3.15375]
	7590.82769	   0.02747	[mu,kappa]: [(131.80249,305.98353),4.29449]
	7771.73423	   0.02812	[mu,kappa]: [(41.46232,38.44281),3.28319]
	6467.59301	   0.02340	[mu,kappa]: [(36.39856,345.68097),3.17014]
	31370.90728	   0.11351	[mu,kappa]: [(153.65865,315.96073),13.30676]
	5843.29060	   0.02114	[mu,kappa]: [(93.34114,303.33557),3.24768]
	6118.96144	   0.02214	[mu,kappa]: [(102.98746,302.14862),3.48323]
	9368.79686	   0.03390	[mu,kappa]: [(140.80365,308.48300),5.45181]
	8965.49452	   0.03244	[mu,kappa]: [(46.18365,49.35049),3.71883]
	6734.62269	   0.02437	[mu,kappa]: [(34.25288,3.31644),3.17801]
	6199.56944	   0.02243	[mu,kappa]: [(42.12119,330.82424),3.14676]
	5923.23630	   0.02143	[mu,kappa]: [(105.53569,303.91515),3.18179]
	8483.41280	   0.03070	[mu,kappa]: [(136.28066,306.04027),5.07705]
	8209.93327	   0.02971	[mu,kappa]: [(133.93413,305.72645),4.70142]
			msglen: 6277124.74616 bits.
Iteration #: 15
	5485.62428	   0.01985	[mu,kappa]: [(89.00542,301.39962),3.83188]
	23288.62236	   0.08426	[mu,kappa]: [(50.33907,73.79454),11.53764]
	10219.77831	   0.03698	[mu,kappa]: [(145.62032,311.91240),6.04581]
	10585.14171	   0.03830	[mu,kappa]: [(57.40860,58.85112),4.21810]
	6157.86104	   0.02228	[mu,kappa]: [(50.20463,312.89390),4.47165]
	6182.91867	   0.02237	[mu,kappa]: [(61.81641,305.79704),4.57828]
	5900.83654	   0.02135	[mu,kappa]: [(108.03921,300.50024),4.04700]
	7359.98952	   0.02663	[mu,kappa]: [(43.61843,39.13790),3.23069]
	7314.16984	   0.02647	[mu,kappa]: [(126.53411,301.99602),4.80506]
	12971.75107	   0.04694	[mu,kappa]: [(148.57533,313.02917),7.42178]
	6699.25118	   0.02424	[mu,kappa]: [(44.21039,316.82627),4.88958]
	9620.61260	   0.03481	[mu,kappa]: [(140.64701,307.11211),5.91430]
	6479.09708	   0.02344	[mu,kappa]: [(58.58015,305.96507),5.10534]
	5707.51963	   0.02065	[mu,kappa]: [(86.59674,300.86691),4.06958]
	5877.32139	   0.02127	[mu,kappa]: [(74.34415,302.41244),4.30008]
	21552.65249	   0.07798	[mu,kappa]: [(53.36594,72.46296),9.69752]
	6416.87897	   0.02322	[mu,kappa]: [(33.70723,347.66639),3.71823]
	7331.69993	   0.02653	[mu,kappa]: [(132.41308,305.65134),4.48420]
	7572.34538	   0.02740	[mu,kappa]: [(44.95873,41.73636),3.28248]
	6291.96857	   0.02277	[mu,kappa]: [(34.80454,341.10238),3.82396]
	32969.62941	   0.11929	[mu,kappa]: [(155.18830,319.98062),13.52110]
	5709.94641	   0.02066	[mu,kappa]: [(91.40075,300.36423),4.07863]
	5983.85382	   0.02165	[mu,kappa]: [(100.90923,299.32936),4.32173]
	9219.35817	   0.03336	[mu,kappa]: [(142.53193,309.94096),5.49649]
	8980.93144	   0.03250	[mu,kappa]: [(51.93153,52.22185),3.66236]
	6474.49733	   0.02343	[mu,kappa]: [(32.74828,0.75367),3.60129]
	6100.61022	   0.02208	[mu,kappa]: [(40.65579,326.07121),3.96999]
	5667.62826	   0.02051	[mu,kappa]: [(103.90600,301.34581),3.74120]
	8272.30618	   0.02993	[mu,kappa]: [(136.87288,305.88460),5.26722]
	7970.19820	   0.02884	[mu,kappa]: [(134.38467,305.33731),4.91235]
			msglen: 6265951.93971 bits.
Iteration #: 16
	5316.40597	   0.01924	[mu,kappa]: [(88.91959,298.68468),5.01245]
	23598.70257	   0.08539	[mu,kappa]: [(49.09863,74.06877),12.31111]
	10130.57266	   0.03666	[mu,kappa]: [(147.42256,314.37547),6.06566]
	11302.09225	   0.04090	[mu,kappa]: [(66.11967,60.61716),4.21294]
	6229.33595	   0.02254	[mu,kappa]: [(48.45020,310.89505),5.89962]
	6234.65264	   0.02256	[mu,kappa]: [(60.82290,303.89294),5.89783]
	5758.52001	   0.02084	[mu,kappa]: [(107.10861,297.70808),5.26528]
	7133.29811	   0.02581	[mu,kappa]: [(47.00894,42.98046),3.33108]
	7167.21520	   0.02593	[mu,kappa]: [(125.12732,299.62585),5.72067]
	12979.50090	   0.04696	[mu,kappa]: [(150.06060,315.46975),7.42459]
	6985.34940	   0.02528	[mu,kappa]: [(42.43075,314.93449),6.60175]
	9440.95662	   0.03416	[mu,kappa]: [(140.83173,306.63994),6.22997]
	6720.77728	   0.02432	[mu,kappa]: [(57.43368,304.42058),6.59263]
	5617.87233	   0.02033	[mu,kappa]: [(86.62091,298.29866),5.37298]
	5837.87645	   0.02112	[mu,kappa]: [(74.18914,300.16722),5.56588]
	21645.92970	   0.07832	[mu,kappa]: [(53.80633,72.28187),9.64984]
	6229.29998	   0.02254	[mu,kappa]: [(31.39834,345.41100),4.69214]
	7057.43583	   0.02554	[mu,kappa]: [(132.55356,304.57195),4.89517]
	7392.78158	   0.02675	[mu,kappa]: [(49.02653,45.48615),3.36316]
	6156.48360	   0.02228	[mu,kappa]: [(32.55700,338.51382),4.91984]
	34106.62355	   0.12341	[mu,kappa]: [(156.27088,323.73224),13.54850]
	5630.10054	   0.02037	[mu,kappa]: [(91.31597,297.72876),5.42891]
	5985.79135	   0.02166	[mu,kappa]: [(100.33434,296.65660),5.84333]
	9048.69531	   0.03274	[mu,kappa]: [(143.96763,311.26748),5.60469]
	9172.12666	   0.03319	[mu,kappa]: [(59.04568,55.05889),3.68285]
	6225.25980	   0.02253	[mu,kappa]: [(30.51499,359.62067),4.37077]
	6025.66995	   0.02180	[mu,kappa]: [(38.53378,323.49708),5.22696]
	5440.58325	   0.01969	[mu,kappa]: [(103.31109,298.52121),4.80247]
	8062.85716	   0.02917	[mu,kappa]: [(136.79317,304.91225),5.67601]
	7732.23340	   0.02798	[mu,kappa]: [(134.20648,304.12746),5.36688]
			msglen: 6252323.67938 bits.
Iteration #: 17
	5225.03347	   0.01891	[mu,kappa]: [(90.07883,296.73890),6.64538]
	23950.12567	   0.08666	[mu,kappa]: [(46.91706,74.39541),13.62647]
	9920.89379	   0.03590	[mu,kappa]: [(149.12923,317.08652),6.19264]
	12271.96485	   0.04440	[mu,kappa]: [(75.55952,62.06346),4.43122]
	6274.83484	   0.02271	[mu,kappa]: [(46.51346,310.49536),7.50157]
	6136.61850	   0.02221	[mu,kappa]: [(60.08687,303.08510),7.18236]
	5837.72059	   0.02112	[mu,kappa]: [(106.96569,295.41296),7.26821]
	6794.51324	   0.02459	[mu,kappa]: [(49.75915,46.13910),3.55283]
	7195.94465	   0.02604	[mu,kappa]: [(123.52910,297.06463),7.36651]
	12849.52557	   0.04649	[mu,kappa]: [(151.35030,317.92446),7.52213]
	7352.11737	   0.02660	[mu,kappa]: [(40.45580,314.88613),8.58293]
	9192.69389	   0.03326	[mu,kappa]: [(140.39454,305.29283),6.86463]
	6777.77375	   0.02453	[mu,kappa]: [(56.35516,303.95795),7.98983]
	5597.67109	   0.02026	[mu,kappa]: [(87.90015,296.57059),7.04631]
	5721.40976	   0.02070	[mu,kappa]: [(74.98268,298.82561),6.90979]
	21321.70672	   0.07715	[mu,kappa]: [(53.54718,71.85059),9.71710]
	6208.43184	   0.02247	[mu,kappa]: [(29.09723,344.80240),6.21725]
	6739.16654	   0.02439	[mu,kappa]: [(132.05444,302.66593),5.67754]
	7101.09765	   0.02570	[mu,kappa]: [(52.60281,48.54560),3.55576]
	6196.08298	   0.02242	[mu,kappa]: [(30.32344,337.87119),6.56634]
	34842.84410	   0.12607	[mu,kappa]: [(157.09620,327.26339),13.53067]
	5678.44334	   0.02055	[mu,kappa]: [(92.48404,295.91290),7.26290]
	6247.74683	   0.02261	[mu,kappa]: [(100.90445,294.77538),8.02306]
	8752.79448	   0.03167	[mu,kappa]: [(145.14022,312.24779),5.86525]
	9348.96104	   0.03383	[mu,kappa]: [(66.50597,57.33786),3.83484]
	6106.10586	   0.02209	[mu,kappa]: [(28.14675,359.40409),5.65730]
	6068.80146	   0.02196	[mu,kappa]: [(36.26520,322.99198),6.93786]
	5366.32191	   0.01942	[mu,kappa]: [(103.54284,296.13684),6.57405]
	7816.51580	   0.02828	[mu,kappa]: [(136.05073,303.09300),6.46761]
	7471.13843	   0.02703	[mu,kappa]: [(133.36806,302.10812),6.23627]
			msglen: 6237183.04548 bits.
Iteration #: 18
	5227.30795	   0.01892	[mu,kappa]: [(91.21873,295.72378),8.39759]
	24568.01083	   0.08889	[mu,kappa]: [(44.43246,74.98857),15.68422]
	9537.83780	   0.03451	[mu,kappa]: [(150.84697,320.10226),6.49473]
	13345.83290	   0.04829	[mu,kappa]: [(84.16688,63.25503),4.94841]
	6302.31331	   0.02280	[mu,kappa]: [(45.11433,310.57904),9.13073]
	5965.31216	   0.02159	[mu,kappa]: [(59.62932,302.71379),8.49696]
	6122.45327	   0.02215	[mu,kappa]: [(107.24308,294.09609),9.40932]
	6290.20406	   0.02276	[mu,kappa]: [(51.45867,48.25746),3.91687]
	7444.60164	   0.02694	[mu,kappa]: [(122.52922,295.10593),9.48725]
	12531.18238	   0.04534	[mu,kappa]: [(152.59376,320.47003),7.80833]
	7714.83557	   0.02792	[mu,kappa]: [(39.10505,315.30188),10.48410]
	8883.08350	   0.03214	[mu,kappa]: [(139.66154,303.41477),7.94551]
	6724.24395	   0.02433	[mu,kappa]: [(55.61275,303.80561),9.37815]
	5641.30637	   0.02041	[mu,kappa]: [(89.08483,295.70373),8.75068]
	5580.65702	   0.02019	[mu,kappa]: [(75.79128,298.13101),8.29768]
	20640.35224	   0.07468	[mu,kappa]: [(53.01557,71.32154),9.98056]
	6355.62638	   0.02300	[mu,kappa]: [(27.59943,345.32517),7.97694]
	6417.19412	   0.02322	[mu,kappa]: [(131.22783,300.44905),6.94277]
	6623.14974	   0.02397	[mu,kappa]: [(55.17870,50.62562),3.87821]
	6389.74454	   0.02312	[mu,kappa]: [(28.88102,338.39743),8.38959]
	35309.40887	   0.12776	[mu,kappa]: [(157.79263,330.72681),13.58852]
	5822.58210	   0.02107	[mu,kappa]: [(93.58939,295.00569),9.09360]
	6657.94190	   0.02409	[mu,kappa]: [(101.63411,293.81083),10.04606]
	8287.72121	   0.02999	[mu,kappa]: [(146.14235,312.80250),6.34256]
	9354.95282	   0.03385	[mu,kappa]: [(73.33058,59.02043),4.16023]
	6152.65545	   0.02226	[mu,kappa]: [(26.50778,359.94086),7.27305]
	6206.28719	   0.02246	[mu,kappa]: [(34.70506,323.39986),8.76300]
	5475.99913	   0.01982	[mu,kappa]: [(104.03704,294.74937),8.61628]
	7562.74629	   0.02737	[mu,kappa]: [(135.06483,300.93017),7.76137]
	7229.45529	   0.02616	[mu,kappa]: [(132.32415,299.86208),7.63109]
			msglen: 6223925.36311 bits.
Iteration #: 19
	5281.50471	   0.01911	[mu,kappa]: [(91.63808,295.42441),9.78076]
	25452.09850	   0.09209	[mu,kappa]: [(42.18128,75.86672),18.48405]
	9048.52054	   0.03274	[mu,kappa]: [(152.41968,323.18211),6.97970]
	14387.53487	   0.05206	[mu,kappa]: [(90.55521,64.19623),5.65657]
	6331.04079	   0.02291	[mu,kappa]: [(44.59950,310.42454),10.52047]
	5893.91313	   0.02133	[mu,kappa]: [(59.58721,302.37791),9.86166]
	6388.30615	   0.02312	[mu,kappa]: [(107.57209,293.48823),10.85788]
	5737.71122	   0.02076	[mu,kappa]: [(52.20667,49.30599),4.45585]
	7799.16003	   0.02822	[mu,kappa]: [(122.36077,293.83779),11.35087]
	12081.29959	   0.04371	[mu,kappa]: [(153.70036,322.89646),8.29669]
	7953.53822	   0.02878	[mu,kappa]: [(38.57101,315.43466),11.88124]
	8648.13386	   0.03129	[mu,kappa]: [(138.93282,301.44700),9.49268]
	6733.94298	   0.02437	[mu,kappa]: [(55.45936,303.53524),10.73837]
	5719.97079	   0.02070	[mu,kappa]: [(89.49761,295.47696),10.07343]
	5544.70284	   0.02006	[mu,kappa]: [(76.12008,297.87958),9.66071]
	19795.71249	   0.07163	[mu,kappa]: [(52.75099,70.69654),10.35464]
	6521.31759	   0.02360	[mu,kappa]: [(26.93711,346.52013),9.42514]
	6209.71022	   0.02247	[mu,kappa]: [(130.54328,298.49622),8.62464]
	6066.49105	   0.02195	[mu,kappa]: [(56.65956,51.71147),4.36190]
	6568.28400	   0.02377	[mu,kappa]: [(28.22827,339.45457),9.83012]
	35574.41966	   0.12872	[mu,kappa]: [(158.36663,334.07662),13.75699]
	5962.50183	   0.02158	[mu,kappa]: [(94.00491,294.75139),10.38733]
	6964.51213	   0.02520	[mu,kappa]: [(102.04558,293.43769),11.26417]
	7742.70336	   0.02802	[mu,kappa]: [(146.86065,312.77316),7.06368]
	9201.05143	   0.03329	[mu,kappa]: [(78.51532,60.14218),4.65882]
	6276.56298	   0.02271	[mu,kappa]: [(25.79878,1.14795),8.73382]
	6311.87861	   0.02284	[mu,kappa]: [(33.98307,323.85730),10.19009]
	5623.58253	   0.02035	[mu,kappa]: [(104.37256,294.16864),10.11891]
	7423.75828	   0.02686	[mu,kappa]: [(134.28870,298.95791),9.49581]
	7121.13562	   0.02577	[mu,kappa]: [(131.58860,297.94498),9.42860]
			msglen: 6214405.35644 bits.
Iteration #: 20
	5345.77994	   0.01934	[mu,kappa]: [(91.57346,295.53505),10.67383]
	26281.69201	   0.09509	[mu,kappa]: [(40.39036,76.92343),21.90201]
	8548.43091	   0.03093	[mu,kappa]: [(153.69297,326.06411),7.59019]
	15200.39507	   0.05500	[mu,kappa]: [(94.58134,64.94444),6.28221]
	6346.18164	   0.02296	[mu,kappa]: [(44.56262,310.03118),11.52024]
	5937.81041	   0.02149	[mu,kappa]: [(59.81147,302.03218),11.05779]
	6534.05193	   0.02364	[mu,kappa]: [(107.80989,293.25313),11.61088]
	5301.32281	   0.01918	[mu,kappa]: [(52.41821,49.47886),5.17449]
	8116.70574	   0.02937	[mu,kappa]: [(122.65322,292.97734),12.61985]
	11587.79598	   0.04193	[mu,kappa]: [(154.55798,324.96596),8.92418]
	8047.69451	   0.02912	[mu,kappa]: [(38.41586,315.30897),12.72235]
	8600.88023	   0.03112	[mu,kappa]: [(138.41986,299.73117),11.30564]
	6819.81476	   0.02468	[mu,kappa]: [(55.66052,303.15327),11.86451]
	5805.95537	   0.02101	[mu,kappa]: [(89.41762,295.61892),10.92226]
	5620.79874	   0.02034	[mu,kappa]: [(76.14780,297.89171),10.78278]
	19013.08816	   0.06880	[mu,kappa]: [(53.19804,69.98780),10.70366]
	6653.00889	   0.02407	[mu,kappa]: [(26.75147,348.08162),10.44154]
	6166.75982	   0.02231	[mu,kappa]: [(130.24616,297.04732),10.38602]
	5602.57631	   0.02027	[mu,kappa]: [(57.30293,52.01164),5.02212]
	6682.56173	   0.02418	[mu,kappa]: [(27.97689,340.81242),10.79153]
	35636.45787	   0.12894	[mu,kappa]: [(158.80622,337.22961),13.99194]
	6058.98309	   0.02192	[mu,kappa]: [(93.96560,294.86646),11.12705]
	7115.02082	   0.02575	[mu,kappa]: [(102.18278,293.38900),11.81811]
	7235.35133	   0.02618	[mu,kappa]: [(147.18382,312.12935),8.01231]
	8986.08857	   0.03252	[mu,kappa]: [(81.60809,60.88557),5.26141]
	6425.86801	   0.02325	[mu,kappa]: [(25.72921,2.60540),9.85332]
	6343.18437	   0.02295	[mu,kappa]: [(33.64108,324.26856),11.10660]
	5711.21398	   0.02067	[mu,kappa]: [(104.50772,294.02523),10.97273]
	7460.67323	   0.02700	[mu,kappa]: [(133.92663,297.42205),11.33526]
	7178.85376	   0.02598	[mu,kappa]: [(131.33128,296.52920),11.22995]
			msglen: 6208036.76263 bits.
Iteration #: 21
	5411.15186	   0.01958	[mu,kappa]: [(91.39474,295.83651),11.21105]
	26726.58472	   0.09670	[mu,kappa]: [(39.01805,78.01438),25.87522]
	8094.59639	   0.02929	[mu,kappa]: [(154.66427,328.69396),8.24949]
	15656.08818	   0.05665	[mu,kappa]: [(97.04738,65.52213),6.65450]
	6341.50010	   0.02295	[mu,kappa]: [(44.60282,309.54669),12.19778]
	6015.14877	   0.02177	[mu,kappa]: [(60.07514,301.71934),11.92572]
	6601.68152	   0.02389	[mu,kappa]: [(107.91989,293.22300),11.96781]
	5047.66789	   0.01827	[mu,kappa]: [(52.54403,49.19098),6.00820]
	8348.98603	   0.03021	[mu,kappa]: [(123.06093,292.35118),13.35249]
	11111.56919	   0.04021	[mu,kappa]: [(155.16177,326.60169),9.61491]
	8060.39856	   0.02917	[mu,kappa]: [(38.30913,315.04426),13.19965]
	8727.14632	   0.03158	[mu,kappa]: [(138.21888,298.41262),13.03365]
	6911.69107	   0.02501	[mu,kappa]: [(55.90523,302.76178),12.65753]
	5890.38377	   0.02131	[mu,kappa]: [(89.23866,295.92860),11.41919]
	5733.81099	   0.02075	[mu,kappa]: [(76.14471,298.01737),11.52817]
	18488.01318	   0.06690	[mu,kappa]: [(54.46054,69.38208),11.03134]
	6781.98314	   0.02454	[mu,kappa]: [(26.75950,349.70541),11.12983]
	6230.30697	   0.02254	[mu,kappa]: [(130.27621,296.05885),11.85817]
	5316.77330	   0.01924	[mu,kappa]: [(57.56325,51.94078),5.82159]
	6775.82107	   0.02452	[mu,kappa]: [(27.85710,342.25306),11.40634]
	35514.38739	   0.12850	[mu,kappa]: [(159.12443,340.16961),14.22060]
	6132.17672	   0.02219	[mu,kappa]: [(93.80130,295.15945),11.52697]
	7185.63232	   0.02600	[mu,kappa]: [(102.16900,293.51791),12.04274]
	6832.34446	   0.02472	[mu,kappa]: [(147.16099,311.05159),9.16133]
	8788.55210	   0.03180	[mu,kappa]: [(82.90858,61.49448),5.87345]
	6603.04746	   0.02389	[mu,kappa]: [(25.96815,3.92397),10.66896]
	6337.82747	   0.02293	[mu,kappa]: [(33.36208,324.62721),11.66445]
	5756.20593	   0.02083	[mu,kappa]: [(104.50394,294.10957),11.43287]
	7615.27217	   0.02756	[mu,kappa]: [(133.92780,296.31504),12.89571]
	7328.25097	   0.02652	[mu,kappa]: [(131.42243,295.53791),12.67331]
			msglen: 6203677.45649 bits.
Iteration #: 22
	5477.76066	   0.01982	[mu,kappa]: [(91.27753,296.19609),11.51759]
	26704.29742	   0.09662	[mu,kappa]: [(37.92339,78.99759),30.37391]
	7704.41672	   0.02788	[mu,kappa]: [(155.38307,331.03420),8.90505]
	15774.84777	   0.05708	[mu,kappa]: [(98.81948,65.87307),6.81124]
	6327.23934	   0.02290	[mu,kappa]: [(44.58809,309.05582),12.67723]
	6075.63281	   0.02198	[mu,kappa]: [(60.27142,301.45628),12.48473]
	6643.22086	   0.02404	[mu,kappa]: [(107.92568,293.30769),12.13836]
	4945.29734	   0.01789	[mu,kappa]: [(52.73904,48.72323),6.85171]
	8505.84398	   0.03078	[mu,kappa]: [(123.42764,291.89544),13.71471]
	10680.93757	   0.03865	[mu,kappa]: [(155.54413,327.73990),10.32803]
	8046.52653	   0.02912	[mu,kappa]: [(38.16481,314.69890),13.48432]
	8951.65914	   0.03239	[mu,kappa]: [(138.29480,297.46631),14.42476]
	6974.96199	   0.02524	[mu,kappa]: [(56.06638,302.41225),13.17107]
	5970.63067	   0.02160	[mu,kappa]: [(89.13571,296.28274),11.68157]
	5831.77238	   0.02110	[mu,kappa]: [(76.19721,298.16811),11.92596]
	18327.58679	   0.06631	[mu,kappa]: [(56.26340,69.16408),11.47439]
	6927.15983	   0.02507	[mu,kappa]: [(26.80275,351.25056),11.58084]
	6330.35381	   0.02291	[mu,kappa]: [(130.48344,295.41403),12.89740]
	5190.63361	   0.01878	[mu,kappa]: [(57.71412,51.76433),6.66822]
	6875.21640	   0.02488	[mu,kappa]: [(27.74526,343.64593),11.78161]
	35250.38695	   0.12754	[mu,kappa]: [(159.34430,342.89400),14.39263]
	6200.94917	   0.02244	[mu,kappa]: [(93.67715,295.50969),11.73611]
	7237.24709	   0.02619	[mu,kappa]: [(102.09880,293.72998),12.13262]
	6559.31140	   0.02373	[mu,kappa]: [(146.92181,309.76216),10.49744]
	8617.01093	   0.03118	[mu,kappa]: [(83.01514,62.08959),6.43223]
	6810.18995	   0.02464	[mu,kappa]: [(26.28767,5.03890),11.24889]
	6327.02639	   0.02289	[mu,kappa]: [(33.05989,324.90241),12.00298]
	5792.15455	   0.02096	[mu,kappa]: [(104.43000,294.30519),11.69420]
	7808.94609	   0.02826	[mu,kappa]: [(134.15599,295.54198),14.01548]
	7495.78189	   0.02712	[mu,kappa]: [(131.69334,294.85827),13.65554]
			msglen: 6200403.71182 bits.
Iteration #: 23
	5543.02905	   0.02006	[mu,kappa]: [(91.25400,296.54053),11.67435]
	26301.62349	   0.09517	[mu,kappa]: [(37.00562,79.79367),35.26018]
	7370.81868	   0.02667	[mu,kappa]: [(155.90191,332.99554),9.54015]
	15644.66007	   0.05661	[mu,kappa]: [(100.45894,65.93367),6.85915]
	6312.96456	   0.02284	[mu,kappa]: [(44.52611,308.60663),13.05089]
	6110.48833	   0.02211	[mu,kappa]: [(60.38729,301.24295),12.83066]
	6683.49810	   0.02418	[mu,kappa]: [(107.86972,293.44529),12.22463]
	4938.39354	   0.01787	[mu,kappa]: [(52.96609,48.11581),7.63697]
	8609.06170	   0.03115	[mu,kappa]: [(123.70750,291.58182),13.86050]
	10301.60692	   0.03728	[mu,kappa]: [(155.74089,328.30274),11.06629]
	8029.75395	   0.02906	[mu,kappa]: [(38.00522,314.31944),13.67503]
	9209.81035	   0.03332	[mu,kappa]: [(138.56224,296.80994),15.42587]
	7010.24826	   0.02537	[mu,kappa]: [(56.13816,302.12193),13.50377]
	6043.84594	   0.02187	[mu,kappa]: [(89.13195,296.61435),11.79296]
	5900.81380	   0.02135	[mu,kappa]: [(76.29330,298.30231),12.08453]
	18535.68297	   0.06707	[mu,kappa]: [(58.19277,69.52474),12.16936]
	7088.02901	   0.02565	[mu,kappa]: [(26.82582,352.72753),11.85284]
	6428.65564	   0.02326	[mu,kappa]: [(130.76189,295.01976),13.55117]
	5168.13232	   0.01870	[mu,kappa]: [(57.82158,51.49257),7.47075]
	6983.75745	   0.02527	[mu,kappa]: [(27.60955,344.98340),11.98206]
	34882.76786	   0.12621	[mu,kappa]: [(159.49146,345.40944),14.50244]
	6269.60744	   0.02269	[mu,kappa]: [(93.63297,295.84627),11.83137]
	7292.70733	   0.02639	[mu,kappa]: [(102.02596,293.95934),12.16595]
	6419.28296	   0.02323	[mu,kappa]: [(146.61786,308.47539),11.98953]
	8447.72766	   0.03057	[mu,kappa]: [(82.43889,62.66279),6.92193]
	7042.40987	   0.02548	[mu,kappa]: [(26.59347,6.05053),11.64828]
	6319.39362	   0.02287	[mu,kappa]: [(32.74910,325.10308),12.20331]
	5833.61651	   0.02111	[mu,kappa]: [(104.33712,294.53795),11.85237]
	7996.35041	   0.02893	[mu,kappa]: [(134.50228,295.01780),14.73609]
	7646.26222	   0.02767	[mu,kappa]: [(132.03701,294.41006),14.25327]
			msglen: 6197710.48262 bits.
Iteration #: 24
	5603.84600	   0.02028	[mu,kappa]: [(91.30391,296.83586),11.73656]
	25655.50654	   0.09283	[mu,kappa]: [(36.22175,80.40509),40.31027]
	7079.14403	   0.02562	[mu,kappa]: [(156.26703,334.48256),10.16363]
	15358.85765	   0.05557	[mu,kappa]: [(102.25057,65.67857),6.88425]
	6302.87193	   0.02281	[mu,kappa]: [(44.45063,308.22218),13.37186]
	6126.49275	   0.02217	[mu,kappa]: [(60.44134,301.07361),13.05034]
	6729.54852	   0.02435	[mu,kappa]: [(107.78747,293.59282),12.27161]
	4992.35809	   0.01807	[mu,kappa]: [(53.18385,47.27798),8.36459]
	8676.41232	   0.03139	[mu,kappa]: [(123.89569,291.38429),13.89672]
	9972.33372	   0.03608	[mu,kappa]: [(155.78493,328.25220),11.86024]
	8015.78428	   0.02900	[mu,kappa]: [(37.86551,313.93990),13.82510]
	9464.98579	   0.03425	[mu,kappa]: [(138.94251,296.36555),16.10062]
	7027.83052	   0.02543	[mu,kappa]: [(56.14858,301.89249),13.73333]
	6108.23249	   0.02210	[mu,kappa]: [(89.20050,296.89327),11.81344]
	5944.83432	   0.02151	[mu,kappa]: [(76.40568,298.40335),12.10728]
	19032.95612	   0.06887	[mu,kappa]: [(59.92399,70.46740),13.19302]
	7256.06409	   0.02626	[mu,kappa]: [(26.82714,354.17530),11.98695]
	6511.38568	   0.02356	[mu,kappa]: [(131.05174,294.81047),13.92876]
	5205.67194	   0.01884	[mu,kappa]: [(57.88434,50.98907),8.18860]
	7094.77449	   0.02567	[mu,kappa]: [(27.45680,346.28970),12.05327]
	34436.55973	   0.12460	[mu,kappa]: [(159.58882,347.73501),14.57331]
	6336.27857	   0.02293	[mu,kappa]: [(93.65761,296.13465),11.85694]
	7355.32379	   0.02661	[mu,kappa]: [(101.97365,294.16595),12.17147]
	6399.10067	   0.02316	[mu,kappa]: [(146.37618,307.36717),13.54436]
	8263.06882	   0.02990	[mu,kappa]: [(81.53044,63.12321),7.34907]
	7290.23234	   0.02638	[mu,kappa]: [(26.87351,7.05115),11.90300]
	6312.69426	   0.02284	[mu,kappa]: [(32.46058,325.24902),12.31553]
	5882.39521	   0.02129	[mu,kappa]: [(104.25411,294.76290),11.95093]
	8160.01734	   0.02953	[mu,kappa]: [(134.89667,294.68035),15.16805]
	7769.43799	   0.02811	[mu,kappa]: [(132.39387,294.13811),14.58722]
			msglen: 6195331.92482 bits.
Iteration #: 25
	5658.20610	   0.02047	[mu,kappa]: [(91.40020,297.07256),11.74230]
	24904.44301	   0.09011	[mu,kappa]: [(35.55908,80.87346),45.30803]
	6816.94756	   0.02467	[mu,kappa]: [(156.51437,335.42613),10.79710]
	15007.10469	   0.05430	[mu,kappa]: [(104.27213,65.15023),6.94483]
	6298.13592	   0.02279	[mu,kappa]: [(44.38200,307.90684),13.66677]
	6131.44019	   0.02219	[mu,kappa]: [(60.45461,300.94190),13.19923]
	6781.40438	   0.02454	[mu,kappa]: [(107.70272,293.72521),12.29855]
	5097.09609	   0.01844	[mu,kappa]: [(53.41607,46.11895),9.08889]
	8720.70551	   0.03156	[mu,kappa]: [(124.00106,291.27384),13.88610]
	9695.01004	   0.03508	[mu,kappa]: [(155.70439,327.62320),12.74894]
	8005.07931	   0.02897	[mu,kappa]: [(37.76331,313.57523),13.96591]
	9700.88054	   0.03510	[mu,kappa]: [(139.37795,296.07229),16.53927]
	7036.14768	   0.02546	[mu,kappa]: [(56.12341,301.71907),13.90499]
	6163.24517	   0.02230	[mu,kappa]: [(89.31115,297.11206),11.78406]
	5971.07004	   0.02161	[mu,kappa]: [(76.51582,298.46834),12.06495]
	19683.81833	   0.07122	[mu,kappa]: [(61.30782,71.85858),14.59490]
	7419.27655	   0.02685	[mu,kappa]: [(26.80973,355.59199),12.01875]
	6576.43359	   0.02380	[mu,kappa]: [(131.32082,294.73760),14.12904]
	5283.00303	   0.01912	[mu,kappa]: [(57.92723,50.09949),8.84199]
	7198.75236	   0.02605	[mu,kappa]: [(27.29315,347.55533),12.03531]
	33925.74048	   0.12275	[mu,kappa]: [(159.65393,349.89145),14.63535]
	6398.39350	   0.02315	[mu,kappa]: [(93.72976,296.36459),11.84123]
	7422.34654	   0.02686	[mu,kappa]: [(101.94897,294.33193),12.16076]
	6472.08410	   0.02342	[mu,kappa]: [(146.26145,306.52776),15.02209]
	8058.33515	   0.02916	[mu,kappa]: [(80.53909,63.34487),7.71954]
	7539.01015	   0.02728	[mu,kappa]: [(27.12999,8.06957),12.03923]
	6302.76917	   0.02281	[mu,kappa]: [(32.21220,325.33873),12.37897]
	5936.00362	   0.02148	[mu,kappa]: [(104.19429,294.95821),12.01108]
	8296.34466	   0.03002	[mu,kappa]: [(135.29629,294.48300),15.41271]
	7865.77254	   0.02846	[mu,kappa]: [(132.73117,294.00021),14.75735]
			msglen: 6193105.76986 bits.
Iteration #: 26
	5705.35295	   0.02064	[mu,kappa]: [(91.52131,297.25474),11.71667]
	24166.62691	   0.08744	[mu,kappa]: [(35.01409,81.23754),50.00000]
	6577.58404	   0.02380	[mu,kappa]: [(156.66827,335.80327),11.46464]
	14667.79994	   0.05307	[mu,kappa]: [(106.43315,64.47529),7.07456]
	6298.86523	   0.02279	[mu,kappa]: [(44.32605,307.65860),13.94536]
	6130.67760	   0.02218	[mu,kappa]: [(60.44407,300.84346),13.30725]
	6836.99902	   0.02474	[mu,kappa]: [(107.62943,293.83177),12.31319]
	5256.31800	   0.01902	[mu,kappa]: [(53.73733,44.65542),9.89718]
	8751.09833	   0.03167	[mu,kappa]: [(124.03758,291.22221),13.86154]
	9476.98204	   0.03429	[mu,kappa]: [(155.52562,326.53431),13.76110]
	7998.05717	   0.02894	[mu,kappa]: [(37.70014,313.23225),14.11537]
	9911.94682	   0.03587	[mu,kappa]: [(139.82973,295.88437),16.81917]
	7040.10685	   0.02547	[mu,kappa]: [(56.08060,301.59603),14.04019]
	6209.25531	   0.02247	[mu,kappa]: [(89.44145,297.27585),11.73077]
	5985.61633	   0.02166	[mu,kappa]: [(76.61450,298.50220),11.99897]
	20330.33171	   0.07356	[mu,kappa]: [(62.33622,73.51775),16.45090]
	7564.90179	   0.02737	[mu,kappa]: [(26.75865,356.93286),11.98386]
	6626.08052	   0.02398	[mu,kappa]: [(131.55324,294.76374),14.22245]
	5398.12476	   0.01953	[mu,kappa]: [(58.02221,48.76682),9.50229]
	7286.50442	   0.02637	[mu,kappa]: [(27.10954,348.73257),11.96690]
	33360.64831	   0.12071	[mu,kappa]: [(159.69919,351.89953),14.71304]
	6454.31710	   0.02335	[mu,kappa]: [(93.83063,296.53985),11.80267]
	7490.20762	   0.02710	[mu,kappa]: [(101.95144,294.45451),12.13929]
	6605.36564	   0.02390	[mu,kappa]: [(146.27650,305.95891),16.30104]
	7839.51564	   0.02837	[mu,kappa]: [(79.65513,63.21781),8.03341]
	7770.52867	   0.02812	[mu,kappa]: [(27.34261,9.08206),12.08420]
	6287.23850	   0.02275	[mu,kappa]: [(32.00838,325.35554),12.42759]
	5991.37141	   0.02168	[mu,kappa]: [(104.16176,295.11789),12.04415]
	8407.24756	   0.03042	[mu,kappa]: [(135.67585,294.38911),15.54244]
	7939.32981	   0.02873	[mu,kappa]: [(133.03185,293.96208),14.83134]
			msglen: 6190938.73687 bits.
Iteration #: 27
	5745.44476	   0.02079	[mu,kappa]: [(91.65173,297.39229),11.67515]
	23537.58125	   0.08517	[mu,kappa]: [(34.58561,81.51755),50.00000]
	6360.30968	   0.02301	[mu,kappa]: [(156.74297,335.64989),12.18426]
	14392.14198	   0.05208	[mu,kappa]: [(108.53985,63.84098),7.27816]
	6304.72737	   0.02281	[mu,kappa]: [(44.28253,307.47813),14.20650]
	6127.55474	   0.02217	[mu,kappa]: [(60.42272,300.77612),13.38871]
	6893.91553	   0.02495	[mu,kappa]: [(107.57430,293.91103),12.31826]
	5472.74865	   0.01980	[mu,kappa]: [(54.21776,43.05649),10.88647]
	8773.84654	   0.03175	[mu,kappa]: [(124.02057,291.20525),13.83846]
	9327.54951	   0.03375	[mu,kappa]: [(155.27781,325.17009),14.89721]
	7995.74069	   0.02893	[mu,kappa]: [(37.67125,312.92283),14.27970]
	10097.27083	   0.03654	[mu,kappa]: [(140.27288,295.76708),16.99614]
	7042.28231	   0.02548	[mu,kappa]: [(56.03261,301.51925),14.14694]
	6247.22076	   0.02261	[mu,kappa]: [(89.57607,297.39514),11.66867]
	5993.05339	   0.02169	[mu,kappa]: [(76.69778,298.51312),11.93105]
	20828.80560	   0.07536	[mu,kappa]: [(63.06647,75.25939),18.87494]
	7681.45007	   0.02779	[mu,kappa]: [(26.64650,358.13007),11.91906]
	6663.58011	   0.02411	[mu,kappa]: [(131.74280,294.86006),14.25395]
	5555.09572	   0.02010	[mu,kappa]: [(58.25883,47.11222),10.26980]
	7350.83785	   0.02660	[mu,kappa]: [(26.88993,349.75610),11.88532]
	32755.38384	   0.11852	[mu,kappa]: [(159.73208,353.78496),14.82078]
	6503.44605	   0.02353	[mu,kappa]: [(93.94575,296.67023),11.75268]
	7556.00612	   0.02734	[mu,kappa]: [(101.97701,294.53890),12.11002]
	6769.01216	   0.02449	[mu,kappa]: [(146.39144,305.61277),17.32025]
	7621.44010	   0.02758	[mu,kappa]: [(79.02207,62.70648),8.29623]
	7965.60757	   0.02882	[mu,kappa]: [(27.46807,10.03285),12.07048]
	6266.17161	   0.02267	[mu,kappa]: [(31.85039,325.29006),12.48857]
	6045.94887	   0.02188	[mu,kappa]: [(104.15532,295.24467),12.05675]
	8496.16177	   0.03074	[mu,kappa]: [(136.02135,294.36945),15.60357]
	7994.66457	   0.02893	[mu,kappa]: [(133.28843,293.99589),14.85085]
			msglen: 6189031.63783 bits.
Iteration #: 28
	5779.07486	   0.02091	[mu,kappa]: [(91.78078,297.49588),11.62661]
	23390.29883	   0.08463	[mu,kappa]: [(34.28414,81.59544),50.00000]
	6168.35082	   0.02232	[mu,kappa]: [(156.74642,335.05655),12.96220]
	14195.13181	   0.05136	[mu,kappa]: [(110.39834,63.42461),7.53383]
	6314.64786	   0.02285	[mu,kappa]: [(44.25401,307.36832),14.44708]
	6124.26560	   0.02216	[mu,kappa]: [(60.39987,300.73801),13.44990]
	6949.97460	   0.02515	[mu,kappa]: [(107.53923,293.96608),12.31473]
	5711.06630	   0.02067	[mu,kappa]: [(54.91728,41.54299),12.13565]
	8792.92398	   0.03182	[mu,kappa]: [(123.96480,291.20442),13.82266]
	9252.03133	   0.03348	[mu,kappa]: [(154.99396,323.73183),16.11980]
	7996.99322	   0.02894	[mu,kappa]: [(37.68314,312.66161),14.46732]
	10257.82782	   0.03712	[mu,kappa]: [(140.69268,295.69413),17.10701]
	7044.10257	   0.02549	[mu,kappa]: [(55.98839,301.48502),14.22742]
	6278.28509	   0.02272	[mu,kappa]: [(89.70485,297.48084),11.60566]
	5996.72498	   0.02170	[mu,kappa]: [(76.76386,298.50887),11.87089]
	20977.14726	   0.07590	[mu,kappa]: [(63.60897,76.88429),21.87237]
	7720.51620	   0.02794	[mu,kappa]: [(26.55858,358.92312),11.88224]
	6691.93554	   0.02421	[mu,kappa]: [(131.88935,295.00493),14.25025]
	5728.01027	   0.02073	[mu,kappa]: [(58.74211,45.38418),11.23862]
	7356.97645	   0.02662	[mu,kappa]: [(26.72588,350.41063),11.85246]
	32130.75720	   0.11626	[mu,kappa]: [(159.75490,355.57861),14.96211]
	6545.81242	   0.02369	[mu,kappa]: [(94.06459,296.76642),11.69784]
	7617.68965	   0.02756	[mu,kappa]: [(102.02038,294.59297),12.07489]
	6941.08786	   0.02512	[mu,kappa]: [(146.57046,305.42993),18.07539]
	7414.08820	   0.02683	[mu,kappa]: [(78.77838,61.89753),8.53694]
	8055.14826	   0.02915	[mu,kappa]: [(27.57271,10.64028),12.04567]
	6233.87618	   0.02256	[mu,kappa]: [(31.78774,325.12107),12.60851]
	6097.86658	   0.02207	[mu,kappa]: [(104.17124,295.34470),12.05330]
	8566.58767	   0.03100	[mu,kappa]: [(136.32652,294.40108),15.62374]
	8035.80063	   0.02908	[mu,kappa]: [(133.49964,294.07972),14.83986]
			msglen: 6187214.51875 bits.
Iteration #: 29
	5806.74968	   0.02101	[mu,kappa]: [(91.90237,297.57358),11.57639]
	23521.34142	   0.08511	[mu,kappa]: [(34.11045,81.58359),50.00000]
	6006.04056	   0.02173	[mu,kappa]: [(156.68542,334.14481),13.79217]
	14066.17387	   0.05090	[mu,kappa]: [(111.86132,63.31961),7.79269]
	6327.67904	   0.02290	[mu,kappa]: [(44.22320,307.31880),14.64058]
	6120.92292	   0.02215	[mu,kappa]: [(60.38090,300.71804),13.48975]
	7003.40215	   0.02534	[mu,kappa]: [(107.52345,294.00146),12.30353]
	5945.99235	   0.02152	[mu,kappa]: [(55.71353,40.34217),13.65919]
	8810.64479	   0.03188	[mu,kappa]: [(123.88342,291.20663),13.81510]
	9247.61997	   0.03346	[mu,kappa]: [(154.70627,322.38201),17.36028]
	8006.65124	   0.02897	[mu,kappa]: [(37.69840,312.46108),14.64106]
	10395.73670	   0.03762	[mu,kappa]: [(141.08229,295.64608),17.17507]
	7044.81976	   0.02549	[mu,kappa]: [(55.95113,301.47884),14.27601]
	6303.26308	   0.02281	[mu,kappa]: [(89.82235,297.54097),11.54595]
	5998.33192	   0.02171	[mu,kappa]: [(76.81359,298.49188),11.82173]
	20850.55148	   0.07544	[mu,kappa]: [(64.03023,78.21819),25.33866]
	7717.47271	   0.02793	[mu,kappa]: [(26.42687,359.35787),11.89902]
	6713.67406	   0.02429	[mu,kappa]: [(131.99671,295.18297),14.22635]
	5900.42047	   0.02135	[mu,kappa]: [(59.40866,43.90390),12.44195]
	7336.95613	   0.02655	[mu,kappa]: [(26.55750,350.75116),11.88171]
	31511.28450	   0.11402	[mu,kappa]: [(159.76540,357.31003),15.13147]
	6581.57611	   0.02382	[mu,kappa]: [(94.18057,296.83689),11.64231]
	7673.86003	   0.02777	[mu,kappa]: [(102.07658,294.62418),12.03578]
	7108.23808	   0.02572	[mu,kappa]: [(146.78471,305.35852),18.59540]
	7249.95632	   0.02623	[mu,kappa]: [(78.91602,61.05806),8.78843]
	8075.77530	   0.02922	[mu,kappa]: [(27.57141,10.92934),12.05262]
	6206.06099	   0.02246	[mu,kappa]: [(31.76605,324.91057),12.76541]
	6145.81110	   0.02224	[mu,kappa]: [(104.20522,295.42428),12.03751]
	8621.84848	   0.03120	[mu,kappa]: [(136.59068,294.46684),15.61869]
	8066.14480	   0.02919	[mu,kappa]: [(133.66842,294.19736),14.81141]
			msglen: 6185639.31278 bits.
Iteration #: 30
	5829.19471	   0.02109	[mu,kappa]: [(92.01169,297.63346),11.52713]
	23839.57297	   0.08626	[mu,kappa]: [(34.06287,81.52095),50.00000]
	5876.49312	   0.02126	[mu,kappa]: [(156.56967,333.03885),14.65850]
	13978.26976	   0.05058	[mu,kappa]: [(112.89103,63.46896),8.01423]
	6341.04533	   0.02295	[mu,kappa]: [(44.19798,307.32604),14.77868]
	6118.91838	   0.02214	[mu,kappa]: [(60.37116,300.71304),13.51368]
	7052.86182	   0.02552	[mu,kappa]: [(107.52466,294.02232),12.28585]
	6133.73423	   0.02219	[mu,kappa]: [(56.45564,39.51721),15.37789]
	8828.10826	   0.03194	[mu,kappa]: [(123.78739,291.20344),13.81477]
	9303.67128	   0.03366	[mu,kappa]: [(154.43988,321.21600),18.54039]
	8020.64471	   0.02902	[mu,kappa]: [(37.71817,312.33475),14.77628]
	10513.96603	   0.03804	[mu,kappa]: [(141.44076,295.60937),17.21538]
	7045.32710	   0.02549	[mu,kappa]: [(55.92774,301.49532),14.29787]
	6323.14024	   0.02288	[mu,kappa]: [(89.92424,297.58367),11.49108]
	5999.74061	   0.02171	[mu,kappa]: [(76.84593,298.46726),11.78439]
	20538.47772	   0.07431	[mu,kappa]: [(64.35012,79.16562),28.84510]
	7697.52000	   0.02785	[mu,kappa]: [(26.25939,359.53745),11.97031]
	6730.81873	   0.02436	[mu,kappa]: [(132.07100,295.38386),14.19043]
	6034.91094	   0.02184	[mu,kappa]: [(60.14717,42.83013),13.82026]
	7310.45580	   0.02645	[mu,kappa]: [(26.39233,350.89344),11.96319]
	30920.24233	   0.11188	[mu,kappa]: [(159.75903,359.00486),15.31624]
	6611.20554	   0.02392	[mu,kappa]: [(94.28860,296.88979),11.58820]
	7723.68944	   0.02795	[mu,kappa]: [(102.14098,294.63975),11.99432]
	7264.03415	   0.02628	[mu,kappa]: [(147.01514,305.35932),18.92288]
	7140.87234	   0.02584	[mu,kappa]: [(79.37627,60.44926),9.05953]
	8059.25705	   0.02916	[mu,kappa]: [(27.46366,10.96302),12.10939]
	6186.31944	   0.02239	[mu,kappa]: [(31.77845,324.73602),12.92864]
	6188.96154	   0.02239	[mu,kappa]: [(104.25271,295.48967),12.01254]
	8665.03153	   0.03135	[mu,kappa]: [(136.81705,294.55478),15.59737]
	8088.51491	   0.02927	[mu,kappa]: [(133.80040,294.33761),14.77241]
			msglen: 6184453.68217 bits.
Iteration #: 31
	5846.65884	   0.02116	[mu,kappa]: [(92.10743,297.67970),11.48069]
	24255.06899	   0.08776	[mu,kappa]: [(34.12092,81.43021),50.00000]
	5780.32965	   0.02092	[mu,kappa]: [(156.41249,331.83978),15.54407]
	13903.30922	   0.05031	[mu,kappa]: [(113.52204,63.73609),8.17614]
	6353.45171	   0.02299	[mu,kappa]: [(44.18372,307.37544),14.86432]
	6119.12182	   0.02214	[mu,kappa]: [(60.36947,300.71572),13.52640]
	7097.48405	   0.02568	[mu,kappa]: [(107.54042,294.03205),12.26396]
	6244.21133	   0.02259	[mu,kappa]: [(57.04999,38.98418),17.15311]
	8845.78799	   0.03201	[mu,kappa]: [(123.68492,291.18916),13.82055]
	9405.53510	   0.03403	[mu,kappa]: [(154.20969,320.26625),19.59675]
	8035.22538	   0.02907	[mu,kappa]: [(37.74755,312.27491),14.86200]
	10615.97603	   0.03841	[mu,kappa]: [(141.77078,295.57515),17.23849]
	7046.74830	   0.02550	[mu,kappa]: [(55.91783,301.52480),14.29986]
	6338.23610	   0.02293	[mu,kappa]: [(90.00960,297.61310),11.44183]
	6001.46190	   0.02172	[mu,kappa]: [(76.86039,298.43577),11.75747]
	20138.58528	   0.07287	[mu,kappa]: [(64.58760,79.75536),31.91211]
	7682.23525	   0.02780	[mu,kappa]: [(26.09478,359.59924),12.07637]
	6744.95011	   0.02441	[mu,kappa]: [(132.11900,295.60052),14.14724]
	6104.97051	   0.02209	[mu,kappa]: [(60.88068,42.13181),15.25901]
	7292.22137	   0.02639	[mu,kappa]: [(26.25686,350.97613),12.06999]
	30371.53425	   0.10989	[mu,kappa]: [(159.73314,0.67567),15.50255]
	6634.84820	   0.02401	[mu,kappa]: [(94.38688,296.92954),11.53728]
	7766.68371	   0.02810	[mu,kappa]: [(102.21063,294.64408),11.95280]
	7406.80111	   0.02680	[mu,kappa]: [(147.25101,305.40507),19.10281]
	7090.56938	   0.02566	[mu,kappa]: [(80.05678,60.19483),9.33571]
	8037.59607	   0.02908	[mu,kappa]: [(27.30046,10.84031),12.21023]
	6174.44551	   0.02234	[mu,kappa]: [(31.82438,324.64553),13.06853]
	6226.81771	   0.02253	[mu,kappa]: [(104.31041,295.54463),11.98199]
	8698.92606	   0.03148	[mu,kappa]: [(137.01082,294.65693),15.56523]
	8105.20907	   0.02933	[mu,kappa]: [(133.90218,294.49287),14.72674]
			msglen: 6183638.41083 bits.
Iteration #: 32
	5859.36255	   0.02120	[mu,kappa]: [(92.19075,297.71497),11.43906]
	24681.34805	   0.08930	[mu,kappa]: [(34.24553,81.32980),50.00000]
	5716.22818	   0.02068	[mu,kappa]: [(156.22821,330.62244),16.43486]
	13815.25810	   0.04999	[mu,kappa]: [(113.84233,63.99468),8.27790]
	6364.66864	   0.02303	[mu,kappa]: [(44.17949,307.44461),14.90818]
	6121.45184	   0.02215	[mu,kappa]: [(60.37180,300.71727),13.53188]
	7136.98547	   0.02582	[mu,kappa]: [(107.56814,294.03341),12.24055]
	6276.87952	   0.02271	[mu,kappa]: [(57.47170,38.61908),18.86759]
	8863.79385	   0.03207	[mu,kappa]: [(123.58124,291.16042),13.83174]
	9538.97589	   0.03452	[mu,kappa]: [(154.02143,319.52671),20.49290]
	8048.24149	   0.02912	[mu,kappa]: [(37.78704,312.25558),14.90104]
	10705.00874	   0.03873	[mu,kappa]: [(142.07656,295.53875),17.25218]
	7049.54143	   0.02551	[mu,kappa]: [(55.91659,301.55593),14.28888]
	6348.73033	   0.02297	[mu,kappa]: [(90.08012,297.63181),11.39925]
	6003.16982	   0.02172	[mu,kappa]: [(76.85867,298.39649),11.73950]
	19734.65590	   0.07141	[mu,kappa]: [(64.76216,80.09224),34.33811]
	7683.86658	   0.02780	[mu,kappa]: [(25.96213,359.66717),12.18698]
	6757.17553	   0.02445	[mu,kappa]: [(132.14671,295.82860),14.09980]
	6110.83203	   0.02211	[mu,kappa]: [(61.58691,41.69340),16.66562]
	7288.99930	   0.02637	[mu,kappa]: [(26.16458,351.10661),12.17030]
	29868.30116	   0.10807	[mu,kappa]: [(159.68871,2.32277),15.67930]
	6652.75542	   0.02407	[mu,kappa]: [(94.47586,296.95915),11.49153]
	7802.88501	   0.02823	[mu,kappa]: [(102.28368,294.64051),11.91375]
	7537.47755	   0.02727	[mu,kappa]: [(147.48700,305.47880),19.17637]
	7094.56013	   0.02567	[mu,kappa]: [(80.84102,60.26259),9.59453]
	8032.84139	   0.02907	[mu,kappa]: [(27.13645,10.67304),12.33189]
	6167.99563	   0.02232	[mu,kappa]: [(31.89791,324.64163),13.16683]
	6259.35193	   0.02265	[mu,kappa]: [(104.37577,295.59193),11.94955]
	8725.75086	   0.03157	[mu,kappa]: [(137.17744,294.76884),15.52593]
	8117.90766	   0.02937	[mu,kappa]: [(133.97980,294.65866),14.67684]
			msglen: 6183074.80120 bits.
			N: 276365
		22.37286 bpr
Null model msglen: 6517533.67548 bits.	(23.58306 bpr)
