Iteration #: 0
	143479.00000	   0.33240	[mu,kappa]: [(39.27149,82.49324),4.44087]
	143828.00000	   0.33321	[mu,kappa]: [(39.37615,82.45109),4.39763]
	144341.00000	   0.33440	[mu,kappa]: [(39.35504,82.45265),4.46877]
			msglen: 0.00000 bits.
Iteration #: 1
	143463.35041	   0.33236	[mu,kappa]: [(39.30876,82.50339),4.47316]
	143839.08368	   0.33323	[mu,kappa]: [(39.37288,82.21530),4.20664]
	144345.56591	   0.33441	[mu,kappa]: [(39.32244,82.67106),4.64808]
			msglen: 9439464.64130 bits.
Iteration #: 2
	142882.72976	   0.33102	[mu,kappa]: [(39.28300,82.77198),4.78038]
	144148.30889	   0.33395	[mu,kappa]: [(39.52844,80.69789),3.27297]
	144616.96135	   0.33503	[mu,kappa]: [(39.23841,83.65714),6.11056]
			msglen: 9358403.45704 bits.
Iteration #: 3
	132798.29137	   0.30765	[mu,kappa]: [(38.99665,84.76421),11.68347]
	137210.12321	   0.31788	[mu,kappa]: [(41.11326,67.66333),1.38540]
	161639.58542	   0.37447	[mu,kappa]: [(39.37893,86.15327),39.08218]
			msglen: 8594142.01591 bits.
Iteration #: 4
	87907.81375	   0.20366	[mu,kappa]: [(39.13563,85.43297),40.78540]
	77042.68932	   0.17849	[mu,kappa]: [(118.26585,318.04170),0.96133]
	266697.49693	   0.61786	[mu,kappa]: [(39.93657,87.22635),158.84001]
			msglen: 8009431.02074 bits.
Iteration #: 5
	71250.58113	   0.16507	[mu,kappa]: [(39.02283,85.02681),40.53445]
	70514.74854	   0.16336	[mu,kappa]: [(123.01974,309.61609),1.42159]
	289882.67033	   0.67157	[mu,kappa]: [(40.08802,87.48435),239.16133]
			msglen: 7958658.37877 bits.
Iteration #: 6
	70512.23168	   0.16336	[mu,kappa]: [(38.74241,84.45587),35.10643]
	69427.19896	   0.16084	[mu,kappa]: [(123.93387,308.55212),1.49635]
	291708.56936	   0.67580	[mu,kappa]: [(40.13702,87.56657),276.98996]
			msglen: 7950390.73466 bits.
Iteration #: 7
	72959.52479	   0.16903	[mu,kappa]: [(38.54442,84.14890),32.44934]
	68161.37457	   0.15791	[mu,kappa]: [(125.10363,307.41375),1.58444]
	290527.10063	   0.67306	[mu,kappa]: [(40.15802,87.59581),278.00000]
			msglen: 7949362.11962 bits.
Iteration #: 8
	73440.29025	   0.17014	[mu,kappa]: [(38.39617,83.94515),30.75172]
	67229.93667	   0.15575	[mu,kappa]: [(125.93544,306.59743),1.65405]
	290977.77307	   0.67411	[mu,kappa]: [(40.16623,87.59662),278.00000]
			msglen: 7948920.69336 bits.
Iteration #: 9
	73115.90546	   0.16939	[mu,kappa]: [(38.27904,83.77604),29.43100]
	66602.36648	   0.15430	[mu,kappa]: [(126.49452,306.06110),1.70292]
	291929.72806	   0.67631	[mu,kappa]: [(40.16979,87.59366),278.00000]
			msglen: 7948640.32150 bits.
Iteration #: 10
	72524.16662	   0.16802	[mu,kappa]: [(38.18131,83.62368),28.34137]
	66133.38632	   0.15321	[mu,kappa]: [(126.91341,305.66652),1.74038]
	292990.44706	   0.67877	[mu,kappa]: [(40.17103,87.59043),278.00000]
			msglen: 7948435.27344 bits.
Iteration #: 11
	71887.14916	   0.16654	[mu,kappa]: [(38.09648,83.48360),27.41525]
	65750.70053	   0.15233	[mu,kappa]: [(127.25534,305.34789),1.77158]
	294010.15031	   0.68113	[mu,kappa]: [(40.17112,87.58749),278.00000]
			msglen: 7948276.68315 bits.
Iteration #: 12
	71289.39873	   0.16516	[mu,kappa]: [(38.02078,83.35394),26.61338]
	65420.63905	   0.15156	[mu,kappa]: [(127.54976,305.07531),1.79899]
	294937.96222	   0.68328	[mu,kappa]: [(40.17068,87.58489),278.00000]
			msglen: 7948150.63674 bits.
Iteration #: 13
	70756.38347	   0.16392	[mu,kappa]: [(37.95192,83.23350),25.90994]
	65126.66511	   0.15088	[mu,kappa]: [(127.81130,304.83423),1.82383]
	295764.95141	   0.68520	[mu,kappa]: [(40.17001,87.58261),278.00000]
			msglen: 7948048.58341 bits.
Iteration #: 14
	70289.85492	   0.16284	[mu,kappa]: [(37.88848,83.12126),25.28651]
	64859.92817	   0.15026	[mu,kappa]: [(128.04793,304.61691),1.84674]
	296498.21691	   0.68690	[mu,kappa]: [(40.16928,87.58059),278.00000]
			msglen: 7947964.67826 bits.
Iteration #: 15
	69883.20984	   0.16190	[mu,kappa]: [(37.82951,83.01633),24.72923]
	64615.15790	   0.14969	[mu,kappa]: [(128.26447,304.41871),1.86808]
	297149.63226	   0.68841	[mu,kappa]: [(40.16857,87.57879),278.00000]
			msglen: 7947894.74962 bits.
Iteration #: 16
	69527.83188	   0.16108	[mu,kappa]: [(37.77435,82.91793),24.22730]
	64388.84979	   0.14917	[mu,kappa]: [(128.46415,304.23652),1.88810]
	297731.31833	   0.68975	[mu,kappa]: [(40.16789,87.57717),278.00000]
			msglen: 7947835.75118 bits.
Iteration #: 17
	69215.49313	   0.16035	[mu,kappa]: [(37.72251,82.82536),23.77219]
	64178.44403	   0.14868	[mu,kappa]: [(128.64932,304.06806),1.90697]
	298254.06284	   0.69096	[mu,kappa]: [(40.16726,87.57570),278.00000]
			msglen: 7947785.42035 bits.
Iteration #: 18
	68939.10057	   0.15971	[mu,kappa]: [(37.67360,82.73800),23.35702]
	63981.93999	   0.14823	[mu,kappa]: [(128.82186,303.91153),1.92482]
	298726.95944	   0.69206	[mu,kappa]: [(40.16667,87.57436),278.00000]
			msglen: 7947742.05121 bits.
Iteration #: 19
	68692.78912	   0.15914	[mu,kappa]: [(37.62731,82.65530),22.97618]
	63797.70485	   0.14780	[mu,kappa]: [(128.98325,303.76548),1.94176]
	299157.50603	   0.69306	[mu,kappa]: [(40.16613,87.57312),278.00000]
			msglen: 7947704.33942 bits.
Iteration #: 20
	68471.78754	   0.15863	[mu,kappa]: [(37.58337,82.57679),22.62509]
	63624.37054	   0.14740	[mu,kappa]: [(129.13477,303.62868),1.95788]
	299551.84192	   0.69397	[mu,kappa]: [(40.16562,87.57198),278.00000]
			msglen: 7947671.27463 bits.
Iteration #: 21
	68272.22992	   0.15817	[mu,kappa]: [(37.54156,82.50207),22.29994]
	63460.77239	   0.14702	[mu,kappa]: [(129.27748,303.50011),1.97327]
	299914.99769	   0.69481	[mu,kappa]: [(40.16515,87.57093),278.00000]
			msglen: 7947642.06461 bits.
			N: 431648
		18.41232 bpr
Null model msglen: 10179582.71111 bits.	(23.58306 bpr)
