Iteration #: 0
	10688.00000	   0.02476	[mu,kappa]: [(39.45172,82.58462),4.36940]
	10862.00000	   0.02516	[mu,kappa]: [(39.11799,82.46173),4.34442]
	10864.00000	   0.02517	[mu,kappa]: [(39.39252,82.34291),4.38225]
	10776.00000	   0.02496	[mu,kappa]: [(39.35076,82.33297),4.39884]
	10858.00000	   0.02515	[mu,kappa]: [(39.18638,82.47903),4.43165]
	10885.00000	   0.02522	[mu,kappa]: [(39.40248,82.10409),4.29634]
	10821.00000	   0.02507	[mu,kappa]: [(39.52006,82.49840),4.47757]
	10978.00000	   0.02543	[mu,kappa]: [(39.12756,82.36841),4.53466]
	10766.00000	   0.02494	[mu,kappa]: [(39.27568,82.81225),4.71837]
	10928.00000	   0.02532	[mu,kappa]: [(39.53103,82.74572),4.34045]
	10815.00000	   0.02506	[mu,kappa]: [(39.20963,82.17368),4.34757]
	10776.00000	   0.02496	[mu,kappa]: [(39.54285,82.41203),4.50711]
	10891.00000	   0.02523	[mu,kappa]: [(38.94673,82.41736),4.31912]
	10752.00000	   0.02491	[mu,kappa]: [(39.46679,82.14769),4.23599]
	10834.00000	   0.02510	[mu,kappa]: [(39.45518,82.39448),4.47686]
	10768.00000	   0.02495	[mu,kappa]: [(39.25810,82.70190),4.48266]
	10482.00000	   0.02428	[mu,kappa]: [(39.42526,82.42116),4.48459]
	10788.00000	   0.02499	[mu,kappa]: [(39.26298,82.73957),4.66662]
	10952.00000	   0.02537	[mu,kappa]: [(39.01036,82.30445),4.56765]
	10827.00000	   0.02508	[mu,kappa]: [(39.41271,82.63732),4.49269]
	10962.00000	   0.02540	[mu,kappa]: [(39.56338,82.53900),4.46143]
	10604.00000	   0.02457	[mu,kappa]: [(39.54836,82.67409),4.60364]
	10775.00000	   0.02496	[mu,kappa]: [(39.33380,82.36262),4.44238]
	10771.00000	   0.02495	[mu,kappa]: [(39.20900,82.65190),4.33436]
	10834.00000	   0.02510	[mu,kappa]: [(39.32330,82.43282),4.40329]
	10644.00000	   0.02466	[mu,kappa]: [(39.55614,82.50540),4.47720]
	10909.00000	   0.02527	[mu,kappa]: [(39.10215,82.46534),4.62775]
	10610.00000	   0.02458	[mu,kappa]: [(39.52315,82.56515),4.52746]
	10821.00000	   0.02507	[mu,kappa]: [(39.11081,82.79423),4.51936]
	10651.00000	   0.02468	[mu,kappa]: [(39.59143,82.53888),4.44558]
	10819.00000	   0.02506	[mu,kappa]: [(39.28689,82.66495),4.36393]
	10771.00000	   0.02495	[mu,kappa]: [(39.07794,82.44879),4.31075]
	10696.00000	   0.02478	[mu,kappa]: [(39.52854,82.54340),4.32800]
	10773.00000	   0.02496	[mu,kappa]: [(39.48786,82.18065),4.38848]
	10843.00000	   0.02512	[mu,kappa]: [(39.05234,82.28326),4.30814]
	10764.00000	   0.02494	[mu,kappa]: [(39.51343,82.58364),4.47033]
	10666.00000	   0.02471	[mu,kappa]: [(39.30372,82.49453),4.43806]
	10738.00000	   0.02488	[mu,kappa]: [(39.47220,82.36112),4.32098]
	10863.00000	   0.02517	[mu,kappa]: [(39.25386,82.05182),4.42396]
	10823.00000	   0.02507	[mu,kappa]: [(39.22260,82.39075),4.42347]
			msglen: 0.00000 bits.
Iteration #: 1
	10677.73788	   0.02474	[mu,kappa]: [(39.41458,82.07096),4.07813]
	10856.94100	   0.02515	[mu,kappa]: [(39.30730,81.85748),3.93544]
	10851.94124	   0.02514	[mu,kappa]: [(39.38065,82.12270),4.14142]
	10762.13956	   0.02493	[mu,kappa]: [(39.35363,82.23468),4.23897]
	10842.58292	   0.02512	[mu,kappa]: [(39.27657,82.46813),4.44813]
	10897.69538	   0.02525	[mu,kappa]: [(39.45762,81.42373),3.65912]
	10808.83246	   0.02504	[mu,kappa]: [(39.36771,82.75813),4.74019]
	10977.41300	   0.02543	[mu,kappa]: [(39.21278,83.04867),5.13011]
	10855.73877	   0.02515	[mu,kappa]: [(39.22730,83.92449),6.65709]
	10923.31273	   0.02531	[mu,kappa]: [(39.47037,81.88609),3.92146]
	10809.90093	   0.02504	[mu,kappa]: [(39.33669,81.83750),3.93865]
	10768.68668	   0.02495	[mu,kappa]: [(39.35994,82.91408),4.93442]
	10893.11606	   0.02524	[mu,kappa]: [(39.26021,81.64723),3.79725]
	10796.57272	   0.02501	[mu,kappa]: [(39.55586,80.89509),3.35970]
	10821.67733	   0.02507	[mu,kappa]: [(39.34511,82.73827),4.73040]
	10756.99655	   0.02492	[mu,kappa]: [(39.27873,82.81007),4.78929]
	10471.21447	   0.02426	[mu,kappa]: [(39.33144,82.78622),4.78375]
	10845.42436	   0.02513	[mu,kappa]: [(39.22916,83.71243),6.19131]
	10961.47501	   0.02539	[mu,kappa]: [(39.16566,83.20682),5.36777]
	10817.48148	   0.02506	[mu,kappa]: [(39.32547,82.86177),4.85130]
	10947.79265	   0.02536	[mu,kappa]: [(39.39166,82.66943),4.63603]
	10628.41946	   0.02462	[mu,kappa]: [(39.32786,83.43445),5.66433]
	10759.96865	   0.02493	[mu,kappa]: [(39.32127,82.52264),4.50744]
	10768.24228	   0.02495	[mu,kappa]: [(39.35193,81.81471),3.88764]
	10819.63437	   0.02507	[mu,kappa]: [(39.34175,82.27924),4.27093]
	10631.93220	   0.02463	[mu,kappa]: [(39.38017,82.75765),4.73760]
	10944.82214	   0.02536	[mu,kappa]: [(39.18442,83.51140),5.84667]
	10607.87261	   0.02458	[mu,kappa]: [(39.34590,83.04418),5.08669]
	10817.31839	   0.02506	[mu,kappa]: [(39.21664,83.02269),5.04844]
	10636.07556	   0.02464	[mu,kappa]: [(39.41079,82.57356),4.53373]
	10809.36375	   0.02504	[mu,kappa]: [(39.35822,82.03950),4.05269]
	10776.29414	   0.02497	[mu,kappa]: [(39.31885,81.59028),3.75287]
	10695.63494	   0.02478	[mu,kappa]: [(39.47946,81.75784),3.84426]
	10760.25909	   0.02493	[mu,kappa]: [(39.40943,82.14331),4.16835]
	10849.78484	   0.02514	[mu,kappa]: [(39.30921,81.54004),3.73224]
	10751.09330	   0.02491	[mu,kappa]: [(39.37007,82.72752),4.69740]
	10651.04641	   0.02468	[mu,kappa]: [(39.31448,82.51395),4.48774]
	10740.46498	   0.02488	[mu,kappa]: [(39.46282,81.67086),3.79912]
	10847.40389	   0.02513	[mu,kappa]: [(39.30009,82.35690),4.37698]
	10807.69585	   0.02504	[mu,kappa]: [(39.29298,82.40352),4.39239]
			msglen: 9413400.84053 bits.
Iteration #: 2
	10221.13671	   0.02368	[mu,kappa]: [(39.35589,80.51542),3.31226]
	10515.09898	   0.02436	[mu,kappa]: [(39.52361,78.79118),2.69399]
	10358.77187	   0.02400	[mu,kappa]: [(39.27823,81.11393),3.62223]
	10253.92161	   0.02376	[mu,kappa]: [(39.20047,81.90433),4.15363]
	10377.05141	   0.02404	[mu,kappa]: [(39.11092,83.17324),5.55612]
	11078.30339	   0.02567	[mu,kappa]: [(40.68939,73.19001),1.73016]
	10557.45991	   0.02446	[mu,kappa]: [(39.14285,84.31868),8.27898]
	11186.03208	   0.02591	[mu,kappa]: [(39.18053,85.20938),13.65302]
	13569.34172	   0.03144	[mu,kappa]: [(39.50635,86.40180),49.94881]
	10595.84254	   0.02455	[mu,kappa]: [(39.63717,78.61426),2.63840]
	10466.13984	   0.02425	[mu,kappa]: [(39.53193,78.83230),2.70579]
	10726.05672	   0.02485	[mu,kappa]: [(39.17156,84.82736),10.68927]
	10757.66293	   0.02492	[mu,kappa]: [(39.86886,76.47443),2.18123]
	12140.99080	   0.02813	[mu,kappa]: [(45.80623,58.65858),0.91227]
	10560.67440	   0.02447	[mu,kappa]: [(39.13566,84.28737),8.16970]
	10555.46406	   0.02445	[mu,kappa]: [(39.12653,84.46230),8.84057]
	10269.29750	   0.02379	[mu,kappa]: [(39.13903,84.44538),8.77363]
	12740.08575	   0.02951	[mu,kappa]: [(39.42579,86.21060),37.92415]
	11512.78674	   0.02667	[mu,kappa]: [(39.22899,85.55462),18.00445]
	10680.28339	   0.02474	[mu,kappa]: [(39.14830,84.62896),9.59551]
	10599.97328	   0.02456	[mu,kappa]: [(39.14057,83.97474),7.19250]
	11617.51164	   0.02691	[mu,kappa]: [(39.33129,85.86380),24.54881]
	10328.84259	   0.02393	[mu,kappa]: [(39.11976,83.45379),6.02924]
	10489.26104	   0.02430	[mu,kappa]: [(39.65352,78.08901),2.50844]
	10308.55234	   0.02388	[mu,kappa]: [(39.18041,82.13316),4.34372]
	10382.23194	   0.02405	[mu,kappa]: [(39.14585,84.31112),8.25055]
	12264.89689	   0.02841	[mu,kappa]: [(39.34664,86.00518),28.96029]
	10752.91589	   0.02491	[mu,kappa]: [(39.20002,85.13575),12.95667]
	10915.80617	   0.02529	[mu,kappa]: [(39.16259,85.06480),12.35226]
	10225.50732	   0.02369	[mu,kappa]: [(39.14567,83.57344),6.25277]
	10362.90634	   0.02401	[mu,kappa]: [(39.36141,80.24588),3.19475]
	10729.74770	   0.02486	[mu,kappa]: [(40.07965,75.55370),2.03057]
	10482.56403	   0.02429	[mu,kappa]: [(39.84347,77.38094),2.34657]
	10263.00600	   0.02378	[mu,kappa]: [(39.26779,81.34732),3.76134]
	10848.06669	   0.02513	[mu,kappa]: [(40.16711,75.07486),1.96238]
	10461.64583	   0.02424	[mu,kappa]: [(39.13906,84.18480),7.81662]
	10213.40291	   0.02366	[mu,kappa]: [(39.11907,83.36510),5.86858]
	10603.82166	   0.02457	[mu,kappa]: [(39.98486,76.53754),2.18628]
	10353.87731	   0.02399	[mu,kappa]: [(39.13015,82.79083),5.03220]
	10321.06010	   0.02391	[mu,kappa]: [(39.12487,82.88081),5.14289]
			msglen: 8944997.70854 bits.
Iteration #: 3
	4816.23058	   0.01116	[mu,kappa]: [(36.26404,75.84733),3.42339]
	5245.95690	   0.01215	[mu,kappa]: [(36.54092,59.97782),1.51743]
	4938.76610	   0.01144	[mu,kappa]: [(36.66813,78.86722),4.82415]
	5144.96827	   0.01192	[mu,kappa]: [(37.33267,81.67835),8.21362]
	6276.84576	   0.01454	[mu,kappa]: [(38.47304,84.44672),21.51155]
	8688.66091	   0.02013	[mu,kappa]: [(126.81926,318.06699),0.92763]
	8778.42688	   0.02034	[mu,kappa]: [(39.33915,85.96018),48.28811]
	14197.54017	   0.03289	[mu,kappa]: [(39.74857,86.76970),91.41512]
	50136.98538	   0.11615	[mu,kappa]: [(39.96544,87.41866),220.87350]
	5352.24186	   0.01240	[mu,kappa]: [(37.02054,57.10088),1.38389]
	5208.45445	   0.01207	[mu,kappa]: [(36.49058,60.55567),1.54619]
	11055.72186	   0.02561	[mu,kappa]: [(39.60794,86.45999),69.39072]
	6407.78008	   0.01485	[mu,kappa]: [(62.53035,8.22925),0.54863]
	19499.95637	   0.04517	[mu,kappa]: [(141.32805,296.18519),2.89913]
	8684.72100	   0.02012	[mu,kappa]: [(39.31912,85.92730),47.26588]
	9270.40418	   0.02148	[mu,kappa]: [(39.41791,86.11201),53.41062]
	8962.00229	   0.02076	[mu,kappa]: [(39.41193,86.09503),52.81685]
	37885.28265	   0.08777	[mu,kappa]: [(39.94436,87.33754),189.47563]
	18487.07991	   0.04283	[mu,kappa]: [(39.84083,86.99977),116.95542]
	10048.33925	   0.02328	[mu,kappa]: [(39.51032,86.27681),60.13185]
	7850.47038	   0.01819	[mu,kappa]: [(39.11483,85.56493),37.98924]
	24211.32491	   0.05609	[mu,kappa]: [(39.90558,87.17019),145.94237]
	6647.79436	   0.01540	[mu,kappa]: [(38.71332,84.87631),26.38845]
	5490.09644	   0.01272	[mu,kappa]: [(38.74450,48.13300),1.09300]
	5294.67220	   0.01227	[mu,kappa]: [(37.53783,82.30570),9.72698]
	8608.11665	   0.01994	[mu,kappa]: [(39.33520,85.95168),48.02741]
	29301.91889	   0.06788	[mu,kappa]: [(39.91828,87.24247),161.84092]
	13053.32847	   0.03024	[mu,kappa]: [(39.72991,86.71272),86.65649]
	12721.98339	   0.02947	[mu,kappa]: [(39.69758,86.65873),82.26759]
	6770.57279	   0.01569	[mu,kappa]: [(38.81468,85.04169),28.67960]
	4888.86303	   0.01133	[mu,kappa]: [(36.11223,74.19392),2.98528]
	6920.80000	   0.01603	[mu,kappa]: [(91.72464,346.39384),0.51534]
	5804.89695	   0.01345	[mu,kappa]: [(44.95742,31.73627),0.77590]
	4944.58568	   0.01146	[mu,kappa]: [(36.85971,79.81285),5.58660]
	7284.31609	   0.01688	[mu,kappa]: [(103.91261,337.94552),0.56774]
	8294.61008	   0.01922	[mu,kappa]: [(39.25512,85.81160),43.95965]
	6438.28641	   0.01492	[mu,kappa]: [(38.63877,84.74417),24.74014]
	6299.67153	   0.01459	[mu,kappa]: [(61.94824,9.22891),0.55236]
	5832.49072	   0.01351	[mu,kappa]: [(38.13812,83.77961),16.14840]
	5902.83619	   0.01368	[mu,kappa]: [(38.21650,83.94340),17.26669]
			msglen: 8050242.05158 bits.
Iteration #: 4
	2265.00200	   0.00525	[mu,kappa]: [(28.38069,56.81570),4.23935]
	2522.37992	   0.00584	[mu,kappa]: [(31.72269,8.41615),1.61403]
	2391.53332	   0.00554	[mu,kappa]: [(30.79038,66.30199),5.94426]
	2639.95993	   0.00612	[mu,kappa]: [(34.42968,75.85009),9.99263]
	3927.53418	   0.00910	[mu,kappa]: [(38.43751,84.14635),30.21611]
	7020.09132	   0.01626	[mu,kappa]: [(132.73312,300.60061),2.40400]
	7199.09364	   0.01668	[mu,kappa]: [(39.64427,86.33626),76.11911]
	14917.93101	   0.03456	[mu,kappa]: [(39.98743,87.12369),150.74857]
	74591.24186	   0.17280	[mu,kappa]: [(40.11797,87.68954),278.00000]
	2606.71536	   0.00604	[mu,kappa]: [(34.75890,1.41946),1.44669]
	2497.94854	   0.00579	[mu,kappa]: [(31.22729,9.92660),1.65067]
	10415.88359	   0.02413	[mu,kappa]: [(39.88054,86.83664),112.90500]
	3814.89710	   0.00884	[mu,kappa]: [(100.33576,316.17385),1.10908]
	26825.98782	   0.06215	[mu,kappa]: [(144.89474,292.81596),6.40938]
	7065.87033	   0.01637	[mu,kappa]: [(39.62481,86.30144),74.33675]
	7895.52878	   0.01829	[mu,kappa]: [(39.71726,86.49457),85.05478]
	7600.77752	   0.01761	[mu,kappa]: [(39.71218,86.47693),84.01897]
	53153.01828	   0.12314	[mu,kappa]: [(40.10959,87.62021),278.00000]
	21437.65043	   0.04966	[mu,kappa]: [(40.05149,87.32755),193.41258]
	8954.42635	   0.02074	[mu,kappa]: [(39.79911,86.65951),96.78752]
	5901.38825	   0.01367	[mu,kappa]: [(39.41039,85.89159),58.23037]
	30667.37791	   0.07105	[mu,kappa]: [(40.09340,87.47513),240.11498]
	4423.33325	   0.01025	[mu,kappa]: [(38.86989,84.92863),38.37968]
	2785.49035	   0.00645	[mu,kappa]: [(46.64220,344.94629),1.13699]
	2782.18940	   0.00645	[mu,kappa]: [(35.40645,78.02676),11.98287]
	7045.26039	   0.01632	[mu,kappa]: [(39.64054,86.32716),75.66461]
	38659.63294	   0.08956	[mu,kappa]: [(40.09720,87.53818),264.97718]
	13426.85803	   0.03111	[mu,kappa]: [(39.97505,87.07159),142.64943]
	12817.87713	   0.02969	[mu,kappa]: [(39.94935,87.02281),135.13297]
	4626.50836	   0.01072	[mu,kappa]: [(39.02284,85.18815),42.26340]
	2281.39436	   0.00529	[mu,kappa]: [(27.55859,51.67637),3.65423]
	4532.60016	   0.01050	[mu,kappa]: [(116.96428,308.95325),1.44209]
	3156.53201	   0.00731	[mu,kappa]: [(72.60025,328.20012),0.96537]
	2428.98645	   0.00563	[mu,kappa]: [(31.86018,69.41460),6.82433]
	4995.72826	   0.01157	[mu,kappa]: [(121.99323,306.48180),1.63186]
	6570.91062	   0.01522	[mu,kappa]: [(39.56118,86.17556),68.58169]
	4199.06023	   0.00973	[mu,kappa]: [(38.74592,84.70496),35.60330]
	3738.58312	   0.00866	[mu,kappa]: [(99.81657,316.54595),1.09986]
	3383.60755	   0.00784	[mu,kappa]: [(37.62532,82.59775),21.51192]
	3481.20995	   0.00807	[mu,kappa]: [(37.84047,83.01516),23.29103]
			msglen: 7926666.46912 bits.
Iteration #: 5
	2477.28792	   0.00574	[mu,kappa]: [(24.21376,49.75467),4.85209]
	2419.41689	   0.00561	[mu,kappa]: [(26.48767,0.11705),2.25060]
	2608.12633	   0.00604	[mu,kappa]: [(27.49243,61.55310),6.19272]
	2755.22610	   0.00638	[mu,kappa]: [(33.04973,73.69445),9.54236]
	3759.37228	   0.00871	[mu,kappa]: [(38.52743,83.68491),28.47530]
	6032.33850	   0.01398	[mu,kappa]: [(132.87019,299.06189),2.91563]
	6623.67873	   0.01535	[mu,kappa]: [(39.71144,86.19465),76.38435]
	14286.43729	   0.03310	[mu,kappa]: [(40.05251,87.17474),170.13019]
	78679.69457	   0.18227	[mu,kappa]: [(40.16272,87.72674),278.00000]
	2451.10345	   0.00568	[mu,kappa]: [(28.83807,353.89421),2.04059]
	2405.61273	   0.00557	[mu,kappa]: [(26.09768,1.49961),2.29503]
	9713.79003	   0.02250	[mu,kappa]: [(39.94538,86.82471),120.94151]
	3168.95664	   0.00734	[mu,kappa]: [(88.98849,313.06607),1.29017]
	29833.28638	   0.06911	[mu,kappa]: [(148.90459,293.05083),8.96200]
	6500.92568	   0.01506	[mu,kappa]: [(39.69169,86.15115),74.34526]
	7273.42431	   0.01685	[mu,kappa]: [(39.77901,86.39515),86.80074]
	7000.33063	   0.01622	[mu,kappa]: [(39.77600,86.37240),85.57609]
	56056.92328	   0.12986	[mu,kappa]: [(40.16075,87.69649),278.00000]
	21229.77229	   0.04918	[mu,kappa]: [(40.11569,87.41110),227.54300]
	8281.38996	   0.01919	[mu,kappa]: [(39.86197,86.60302),100.90307]
	5452.11214	   0.01263	[mu,kappa]: [(39.49022,85.64443),56.54033]
	31476.12308	   0.07292	[mu,kappa]: [(40.15495,87.57464),278.00000]
	4170.27687	   0.00966	[mu,kappa]: [(38.96933,84.53631),36.30081]
	2504.63835	   0.00580	[mu,kappa]: [(37.85144,339.20763),1.62030]
	2853.86965	   0.00661	[mu,kappa]: [(34.54075,76.46188),11.33065]
	6482.06800	   0.01502	[mu,kappa]: [(39.70838,86.18307),75.86223]
	40396.26732	   0.09358	[mu,kappa]: [(40.15449,87.64338),278.00000]
	12779.93463	   0.02961	[mu,kappa]: [(40.04214,87.11207),159.41253]
	12132.68255	   0.02811	[mu,kappa]: [(40.01322,87.05392),149.54782]
	4337.31723	   0.01005	[mu,kappa]: [(39.12440,84.82374),40.11059]
	2473.09643	   0.00573	[mu,kappa]: [(23.23145,43.62905),4.35820]
	3736.12998	   0.00866	[mu,kappa]: [(111.03145,306.39861),1.62826]
	2703.90391	   0.00627	[mu,kappa]: [(59.21807,324.17790),1.27791]
	2625.10981	   0.00608	[mu,kappa]: [(29.08537,65.49637),6.88254]
	4131.39339	   0.00957	[mu,kappa]: [(118.02785,304.15118),1.85929]
	6048.67328	   0.01401	[mu,kappa]: [(39.63189,85.99348),67.84922]
	3977.19657	   0.00921	[mu,kappa]: [(38.84627,84.29054),33.61382]
	3106.38939	   0.00720	[mu,kappa]: [(88.32693,313.43230),1.28132]
	3313.32452	   0.00768	[mu,kappa]: [(37.60905,81.98339),20.27164]
	3390.39894	   0.00786	[mu,kappa]: [(37.86536,82.44965),21.94711]
			msglen: 7914885.43404 bits.
Iteration #: 6
	2650.95744	   0.00614	[mu,kappa]: [(21.65204,46.97339),5.15583]
	2452.09322	   0.00568	[mu,kappa]: [(23.99957,355.95914),2.61491]
	2769.31277	   0.00642	[mu,kappa]: [(25.96263,60.35093),6.21432]
	2862.97070	   0.00663	[mu,kappa]: [(33.45207,73.30824),9.10695]
	3780.42493	   0.00876	[mu,kappa]: [(39.03643,83.38059),27.27482]
	5500.08281	   0.01274	[mu,kappa]: [(130.20464,297.78828),3.23411]
	6323.04607	   0.01465	[mu,kappa]: [(39.73338,86.06001),73.52962]
	13777.38768	   0.03192	[mu,kappa]: [(40.06305,87.21565),184.13193]
	80341.03008	   0.18612	[mu,kappa]: [(40.16727,87.70940),278.00000]
	2456.38727	   0.00569	[mu,kappa]: [(26.18948,350.20757),2.38028]
	2443.40558	   0.00566	[mu,kappa]: [(23.63079,357.29191),2.66331]
	9216.09747	   0.02135	[mu,kappa]: [(39.94486,86.80640),123.32304]
	2905.60270	   0.00673	[mu,kappa]: [(82.11201,310.56271),1.45552]
	31158.39919	   0.07218	[mu,kappa]: [(151.42451,293.88682),10.52658]
	6212.83089	   0.01439	[mu,kappa]: [(39.71645,86.00950),71.40919]
	6913.07348	   0.01602	[mu,kappa]: [(39.77922,86.29828),84.60438]
	6656.19410	   0.01542	[mu,kappa]: [(39.78101,86.27034),83.27931]
	57241.22695	   0.13261	[mu,kappa]: [(40.16847,87.69529),278.00000]
	21083.98520	   0.04884	[mu,kappa]: [(40.13542,87.48058),259.24103]
	7849.75124	   0.01819	[mu,kappa]: [(39.85795,86.54401),100.16867]
	5284.73151	   0.01224	[mu,kappa]: [(39.59441,85.42501),53.51638]
	32136.85671	   0.07445	[mu,kappa]: [(40.17584,87.63767),278.00000]
	4146.96529	   0.00961	[mu,kappa]: [(39.30508,84.23535),34.46078]
	2442.39782	   0.00566	[mu,kappa]: [(34.33031,336.14222),1.90830]
	2945.79816	   0.00683	[mu,kappa]: [(35.26610,76.16296),10.81455]
	6189.60483	   0.01434	[mu,kappa]: [(39.73242,86.04612),72.98360]
	41248.60495	   0.09556	[mu,kappa]: [(40.16717,87.67127),278.00000]
	12267.43183	   0.02842	[mu,kappa]: [(40.05343,87.14267),170.50062]
	11601.30236	   0.02688	[mu,kappa]: [(40.01695,87.07649),158.12486]
	4289.99052	   0.00994	[mu,kappa]: [(39.40603,84.53050),37.96525]
	2644.13403	   0.00613	[mu,kappa]: [(20.50115,40.00863),4.73624]
	3377.64534	   0.00783	[mu,kappa]: [(105.30071,304.12051),1.79052]
	2547.83230	   0.00590	[mu,kappa]: [(53.56188,321.59479),1.49640]
	2771.84773	   0.00642	[mu,kappa]: [(28.16000,64.66927),6.76303]
	3726.95262	   0.00863	[mu,kappa]: [(113.03062,302.02731),2.04038]
	5805.15311	   0.01345	[mu,kappa]: [(39.67780,85.82508),64.74706]
	3970.33755	   0.00920	[mu,kappa]: [(39.23573,83.98445),31.99488]
	2849.06875	   0.00660	[mu,kappa]: [(81.44642,310.97531),1.44471]
	3367.97433	   0.00780	[mu,kappa]: [(38.37128,81.71661),19.57422]
	3439.11050	   0.00797	[mu,kappa]: [(38.57367,82.17165),21.17463]
			msglen: 7911059.61797 bits.
Iteration #: 7
	2722.57246	   0.00631	[mu,kappa]: [(19.56449,44.62446),5.45394]
	2448.91315	   0.00567	[mu,kappa]: [(22.90167,353.68957),2.79900]
	2823.41144	   0.00654	[mu,kappa]: [(25.27770,59.97017),6.20070]
	2905.86303	   0.00673	[mu,kappa]: [(35.20161,73.19853),8.64846]
	3813.91908	   0.00884	[mu,kappa]: [(39.76208,83.12690),26.72887]
	5386.97867	   0.01248	[mu,kappa]: [(125.93806,295.68453),3.56963]
	6134.16248	   0.01421	[mu,kappa]: [(39.68254,85.97171),70.49499]
	13387.72992	   0.03102	[mu,kappa]: [(40.04827,87.27258),197.61241]
	81463.41733	   0.18872	[mu,kappa]: [(40.16069,87.69276),278.00000]
	2440.38210	   0.00565	[mu,kappa]: [(25.17721,348.72402),2.53064]
	2442.74920	   0.00566	[mu,kappa]: [(22.51433,354.92842),2.85306]
	8827.87928	   0.02045	[mu,kappa]: [(39.89009,86.81204),123.91598]
	2816.22745	   0.00653	[mu,kappa]: [(80.53372,308.23569),1.58901]
	31412.27784	   0.07277	[mu,kappa]: [(153.04194,294.77262),11.36756]
	6035.25244	   0.01398	[mu,kappa]: [(39.66863,85.91624),68.38845]
	6668.23320	   0.01545	[mu,kappa]: [(39.69952,86.24213),81.74252]
	6424.14253	   0.01488	[mu,kappa]: [(39.70866,86.20883),80.37157]
	58041.39719	   0.13446	[mu,kappa]: [(40.16388,87.68546),278.00000]
	21182.53318	   0.04907	[mu,kappa]: [(40.14349,87.55988),278.00000]
	7533.80700	   0.01745	[mu,kappa]: [(39.78279,86.51691),98.16382]
	5206.15891	   0.01206	[mu,kappa]: [(39.66795,85.26656),51.09724]
	32586.06838	   0.07549	[mu,kappa]: [(40.18000,87.65491),278.00000]
	4160.42623	   0.00964	[mu,kappa]: [(39.74589,83.99839),33.42609]
	2400.27395	   0.00556	[mu,kappa]: [(33.36770,335.18352),2.01171]
	2987.71283	   0.00692	[mu,kappa]: [(37.17902,75.98901),10.32449]
	6006.71282	   0.01392	[mu,kappa]: [(39.68480,85.95562),69.94880]
	41825.49745	   0.09689	[mu,kappa]: [(40.16519,87.67401),278.00000]
	11863.03168	   0.02748	[mu,kappa]: [(40.03627,87.19001),180.48316]
	11177.20745	   0.02589	[mu,kappa]: [(39.98443,87.11803),165.20287]
	4290.35800	   0.00994	[mu,kappa]: [(39.76217,84.30136),36.65135]
	2717.88491	   0.00630	[mu,kappa]: [(18.24479,36.52204),5.09837]
	3281.47775	   0.00760	[mu,kappa]: [(102.10714,301.42066),1.99892]
	2478.32836	   0.00574	[mu,kappa]: [(52.65301,320.28094),1.57959]
	2819.22620	   0.00653	[mu,kappa]: [(28.33026,64.58555),6.59310]
	3629.14468	   0.00841	[mu,kappa]: [(109.21945,299.30872),2.28661]
	5665.44023	   0.01313	[mu,kappa]: [(39.66102,85.70963),61.84519]
	3991.74179	   0.00925	[mu,kappa]: [(39.76319,83.73892),31.14358]
	2760.64781	   0.00640	[mu,kappa]: [(79.92352,308.76008),1.57123]
	3409.12090	   0.00790	[mu,kappa]: [(39.59284,81.47335),19.25653]
	3479.69068	   0.00806	[mu,kappa]: [(39.67301,81.92254),20.84587]
			msglen: 7908897.85206 bits.
Iteration #: 8
	2772.01456	   0.00642	[mu,kappa]: [(16.92294,40.66267),6.02774]
	2416.38272	   0.00560	[mu,kappa]: [(22.22578,353.01363),2.92615]
	2835.25856	   0.00657	[mu,kappa]: [(24.57396,59.51846),6.24515]
	2942.76590	   0.00682	[mu,kappa]: [(38.24980,72.92159),8.08958]
	3837.36367	   0.00889	[mu,kappa]: [(40.57264,82.89953),26.65214]
	5522.20210	   0.01279	[mu,kappa]: [(121.19569,292.96506),4.13226]
	6010.62405	   0.01393	[mu,kappa]: [(39.51198,85.93952),67.79822]
	13085.70468	   0.03032	[mu,kappa]: [(40.02479,87.33772),211.76335]
	82292.30298	   0.19064	[mu,kappa]: [(40.15605,87.67945),278.00000]
	2398.69414	   0.00556	[mu,kappa]: [(24.70191,349.84925),2.59544]
	2412.36119	   0.00559	[mu,kappa]: [(21.80365,353.99145),2.99126]
	8510.24670	   0.01972	[mu,kappa]: [(39.77905,86.83705),123.45650]
	2765.55510	   0.00641	[mu,kappa]: [(81.40472,307.03044),1.65981]
	31232.94026	   0.07236	[mu,kappa]: [(154.25394,295.63023),11.87235]
	5921.24411	   0.01372	[mu,kappa]: [(39.49800,85.88196),65.76554]
	6496.02172	   0.01505	[mu,kappa]: [(39.50133,86.23436),78.88064]
	6261.89979	   0.01451	[mu,kappa]: [(39.52094,86.19529),77.50300]
	58632.22997	   0.13583	[mu,kappa]: [(40.16096,87.67487),278.00000]
	21396.14056	   0.04957	[mu,kappa]: [(40.15078,87.61836),278.00000]
	7293.17405	   0.01690	[mu,kappa]: [(39.61527,86.52338),95.63935]
	5166.25617	   0.01197	[mu,kappa]: [(39.64347,85.17745),49.39535]
	32918.23281	   0.07626	[mu,kappa]: [(40.18497,87.65490),278.00000]
	4175.01682	   0.00967	[mu,kappa]: [(40.18901,83.81600),33.01581]
	2345.82769	   0.00544	[mu,kappa]: [(33.10860,337.89237),2.00000]
	3028.86644	   0.00702	[mu,kappa]: [(40.22775,75.60164),9.75151]
	5887.55260	   0.01364	[mu,kappa]: [(39.51856,85.92129),67.26631]
	42251.52615	   0.09788	[mu,kappa]: [(40.16402,87.66879),278.00000]
	11532.06335	   0.02672	[mu,kappa]: [(40.00632,87.24597),190.32950]
	10822.97951	   0.02507	[mu,kappa]: [(39.92757,87.17107),171.61018]
	4298.60065	   0.00996	[mu,kappa]: [(40.10446,84.13039),36.01703]
	2775.43619	   0.00643	[mu,kappa]: [(15.51904,30.50606),5.75955]
	3271.29981	   0.00758	[mu,kappa]: [(100.68248,298.82746),2.24437]
	2418.47402	   0.00560	[mu,kappa]: [(53.21828,322.00442),1.54279]
	2827.79479	   0.00655	[mu,kappa]: [(29.00773,64.54562),6.39277]
	3649.91599	   0.00846	[mu,kappa]: [(106.61167,296.43122),2.62624]
	5581.19394	   0.01293	[mu,kappa]: [(39.52535,85.65805),59.49853]
	4010.08676	   0.00929	[mu,kappa]: [(40.31828,83.54026),30.87092]
	2709.62709	   0.00628	[mu,kappa]: [(80.88723,307.78931),1.62910]
	3436.09747	   0.00796	[mu,kappa]: [(41.10352,81.18079),19.16441]
	3506.02492	   0.00812	[mu,kappa]: [(41.00009,81.64591),20.80156]
			msglen: 7906741.61926 bits.
Iteration #: 9
	2866.17748	   0.00664	[mu,kappa]: [(13.30916,32.44131),7.37811]
	2355.68983	   0.00546	[mu,kappa]: [(21.64801,352.15792),3.07032]
	2812.18717	   0.00652	[mu,kappa]: [(23.15975,58.58505),6.48084]
	3003.28548	   0.00696	[mu,kappa]: [(43.15983,72.33255),7.48226]
	3837.94783	   0.00889	[mu,kappa]: [(41.47435,82.69022),27.11272]
	5837.24987	   0.01352	[mu,kappa]: [(116.53585,290.05858),5.19149]
	5927.94215	   0.01373	[mu,kappa]: [(39.17641,85.97698),65.61158]
	12858.78969	   0.02979	[mu,kappa]: [(40.00452,87.40586),227.83220]
	82978.98426	   0.19223	[mu,kappa]: [(40.16080,87.66701),278.00000]
	2329.30876	   0.00540	[mu,kappa]: [(24.57823,352.69008),2.62352]
	2354.31950	   0.00546	[mu,kappa]: [(21.16096,352.57796),3.15723]
	8240.79190	   0.01909	[mu,kappa]: [(39.60817,86.88038),122.40239]
	2689.73435	   0.00623	[mu,kappa]: [(83.32241,307.50552),1.65694]
	30924.40123	   0.07164	[mu,kappa]: [(155.30326,296.52256),12.24721]
	5846.26100	   0.01354	[mu,kappa]: [(39.15662,85.92079),63.68656]
	6374.33838	   0.01477	[mu,kappa]: [(39.14138,86.28865),76.33809]
	6147.26307	   0.01424	[mu,kappa]: [(39.17676,86.24255),74.97106]
	59121.88059	   0.13696	[mu,kappa]: [(40.16760,87.66325),278.00000]
	21574.80974	   0.04998	[mu,kappa]: [(40.16173,87.63800),278.00000]
	7106.14761	   0.01646	[mu,kappa]: [(39.33014,86.57046),93.02255]
	5139.10857	   0.01191	[mu,kappa]: [(39.48196,85.16363),48.33495]
	33194.34377	   0.07690	[mu,kappa]: [(40.20047,87.64607),278.00000]
	4172.98348	   0.00967	[mu,kappa]: [(40.62942,83.67910),33.18589]
	2273.76157	   0.00527	[mu,kappa]: [(33.59508,345.36230),1.90637]
	3096.97137	   0.00718	[mu,kappa]: [(44.84612,74.88905),9.17230]
	5807.84383	   0.01346	[mu,kappa]: [(39.18910,85.95633),65.09962]
	42604.69627	   0.09870	[mu,kappa]: [(40.17222,87.65929),278.00000]
	11256.42291	   0.02608	[mu,kappa]: [(39.97617,87.30497),200.92863]
	10517.14073	   0.02437	[mu,kappa]: [(39.85588,87.23084),178.01044]
	4295.04510	   0.00995	[mu,kappa]: [(40.42781,84.00852),35.98770]
	2897.30473	   0.00671	[mu,kappa]: [(12.18100,18.16168),7.27326]
	3249.36376	   0.00753	[mu,kappa]: [(99.80737,296.47178),2.54517]
	2348.06824	   0.00544	[mu,kappa]: [(54.74047,328.93182),1.40127]
	2796.42208	   0.00648	[mu,kappa]: [(29.90052,64.33404),6.18966]
	3687.15902	   0.00854	[mu,kappa]: [(104.39547,293.57747),3.12648]
	5527.09498	   0.01281	[mu,kappa]: [(39.22357,85.68282),57.75939]
	4009.52885	   0.00929	[mu,kappa]: [(40.90181,83.37855),31.16900]
	2635.24124	   0.00611	[mu,kappa]: [(83.00996,308.75044),1.60579]
	3442.13232	   0.00798	[mu,kappa]: [(42.92167,80.83452),19.45490]
	3509.85728	   0.00813	[mu,kappa]: [(42.56810,81.33795),21.19315]
			msglen: 7903064.61637 bits.
Iteration #: 10
	3113.24655	   0.00721	[mu,kappa]: [(9.77031,17.70835),10.36618]
	2234.40481	   0.00518	[mu,kappa]: [(21.13328,347.72192),3.32545]
	2724.85815	   0.00631	[mu,kappa]: [(20.58072,56.99034),7.20850]
	3107.27565	   0.00720	[mu,kappa]: [(50.50809,71.37000),7.09818]
	3819.72998	   0.00885	[mu,kappa]: [(42.57364,82.48427),28.46694]
	6360.87093	   0.01474	[mu,kappa]: [(112.65064,287.48196),7.00145]
	5886.03032	   0.01364	[mu,kappa]: [(38.62068,86.10080),64.01535]
	12702.05324	   0.02943	[mu,kappa]: [(39.99290,87.47458),246.56450]
	83527.22594	   0.19350	[mu,kappa]: [(40.17879,87.65249),278.00000]
	2194.24978	   0.00508	[mu,kappa]: [(24.86191,354.54000),2.65916]
	2237.91477	   0.00519	[mu,kappa]: [(20.56362,347.22279),3.45641]
	8013.57073	   0.01857	[mu,kappa]: [(39.36846,86.94340),120.91022]
	2541.26461	   0.00589	[mu,kappa]: [(85.90343,309.86914),1.60025]
	30614.57890	   0.07092	[mu,kappa]: [(156.26448,297.49386),12.61451]
	5810.55196	   0.01346	[mu,kappa]: [(38.58681,86.04997),62.21775]
	6305.83125	   0.01461	[mu,kappa]: [(38.55979,86.42509),74.33493]
	6081.47224	   0.01409	[mu,kappa]: [(38.62072,86.36890),72.96199]
	59513.41149	   0.13787	[mu,kappa]: [(40.18792,87.64854),278.00000]
	21717.92570	   0.05031	[mu,kappa]: [(40.18362,87.63760),278.00000]
	6972.40829	   0.01615	[mu,kappa]: [(38.88992,86.67040),90.57409]
	5120.87187	   0.01186	[mu,kappa]: [(39.16471,85.22463),47.81969]
	33417.10641	   0.07742	[mu,kappa]: [(40.23199,87.62995),278.00000]
	4154.62328	   0.00963	[mu,kappa]: [(41.14848,83.56356),34.05229]
	2158.04077	   0.00500	[mu,kappa]: [(36.32049,357.09792),1.76623]
	3214.33879	   0.00745	[mu,kappa]: [(51.31764,73.83853),8.92494]
	5767.13472	   0.01336	[mu,kappa]: [(38.64290,86.07678),63.51885]
	42887.42460	   0.09935	[mu,kappa]: [(40.19431,87.64515),278.00000]
	11026.44651	   0.02554	[mu,kappa]: [(39.95365,87.36356),212.62621]
	10248.54732	   0.02374	[mu,kappa]: [(39.77432,87.29460),184.55598]
	4278.71778	   0.00991	[mu,kappa]: [(40.80429,83.91088),36.61372]
	3218.50841	   0.00746	[mu,kappa]: [(9.60833,357.99327),10.48378]
	3152.15296	   0.00730	[mu,kappa]: [(98.45867,294.22259),2.97525]
	2253.12041	   0.00522	[mu,kappa]: [(59.70013,343.83640),1.20999]
	2670.10492	   0.00619	[mu,kappa]: [(30.76763,63.87848),6.08484]
	3691.82957	   0.00855	[mu,kappa]: [(101.88651,290.86547),3.93906]
	5501.70935	   0.01275	[mu,kappa]: [(38.70638,85.79658),56.61565]
	3991.90495	   0.00925	[mu,kappa]: [(41.60912,83.22999),32.23275]
	2493.27142	   0.00578	[mu,kappa]: [(86.12120,312.10749),1.52035]
	3428.75748	   0.00794	[mu,kappa]: [(45.09727,80.46886),20.70329]
	3494.51319	   0.00810	[mu,kappa]: [(44.45063,81.01919),22.57752]
			msglen: 7896841.16519 bits.
Iteration #: 11
	3583.55810	   0.00830	[mu,kappa]: [(7.85821,3.25709),14.71958]
	2034.04048	   0.00471	[mu,kappa]: [(21.38085,336.48021),3.84795]
	2560.87537	   0.00593	[mu,kappa]: [(17.33212,55.27902),8.87163]
	3245.47164	   0.00752	[mu,kappa]: [(59.34396,70.06656),7.27218]
	3801.84674	   0.00881	[mu,kappa]: [(44.04784,82.25394),31.51962]
	7037.13745	   0.01630	[mu,kappa]: [(110.30856,285.61372),9.10498]
	5887.32257	   0.01364	[mu,kappa]: [(37.76509,86.33956),63.32959]
	12617.78106	   0.02923	[mu,kappa]: [(39.98870,87.54428),269.05272]
	83946.70430	   0.19447	[mu,kappa]: [(40.21190,87.63399),278.00000]
	1952.83670	   0.00453	[mu,kappa]: [(25.52308,351.25806),2.77203]
	2048.91290	   0.00475	[mu,kappa]: [(20.82608,335.01951),4.06243]
	7821.26039	   0.01812	[mu,kappa]: [(39.04467,87.03253),119.42396]
	2292.08902	   0.00531	[mu,kappa]: [(88.88307,313.52366),1.55231]
	30391.49999	   0.07041	[mu,kappa]: [(157.03345,298.41989),13.05825]
	5817.34632	   0.01348	[mu,kappa]: [(37.70563,86.29875),61.66691]
	6299.53501	   0.01459	[mu,kappa]: [(37.66817,86.67858),73.44677]
	6069.98779	   0.01406	[mu,kappa]: [(37.77110,86.60610),71.97162]
	59814.19029	   0.13857	[mu,kappa]: [(40.22411,87.62920),278.00000]
	21827.85327	   0.05057	[mu,kappa]: [(40.21999,87.62496),278.00000]
	6893.34823	   0.01597	[mu,kappa]: [(38.23815,86.84650),88.88897]
	5102.14005	   0.01182	[mu,kappa]: [(38.67835,85.35910),47.82787]
	33592.13514	   0.07782	[mu,kappa]: [(40.28298,87.60631),278.00000]
	4122.35098	   0.00955	[mu,kappa]: [(41.90387,83.42644),35.93657]
	1958.90831	   0.00454	[mu,kappa]: [(42.96838,9.04146),1.63707]
	3363.12353	   0.00779	[mu,kappa]: [(58.50744,72.59277),9.41317]
	5766.88823	   0.01336	[mu,kappa]: [(37.80284,86.30999),62.82214]
	43105.28429	   0.09986	[mu,kappa]: [(40.23274,87.62553),278.00000]
	10836.02498	   0.02510	[mu,kappa]: [(39.94153,87.42087),225.99185]
	10007.74861	   0.02319	[mu,kappa]: [(39.68339,87.36246),191.62243]
	4248.01897	   0.00984	[mu,kappa]: [(41.37546,83.79496),38.11375]
	3804.81330	   0.00882	[mu,kappa]: [(8.78640,340.65433),14.71128]
	2976.16737	   0.00690	[mu,kappa]: [(95.89634,292.16779),3.65700]
	2120.01742	   0.00491	[mu,kappa]: [(73.42618,5.43321),1.11927]
	2386.03423	   0.00553	[mu,kappa]: [(31.33888,63.17727),6.22598]
	3682.91865	   0.00853	[mu,kappa]: [(98.92006,288.75250),5.17105]
	5503.47698	   0.01275	[mu,kappa]: [(37.90572,86.02063),56.22879]
	3965.37602	   0.00919	[mu,kappa]: [(42.61593,83.05230),34.54175]
	2256.81094	   0.00523	[mu,kappa]: [(90.33935,317.56291),1.43732]
	3419.27578	   0.00792	[mu,kappa]: [(47.58285,80.16079),24.18919]
	3486.88861	   0.00808	[mu,kappa]: [(46.69052,80.73174),26.20062]
			msglen: 7888847.83392 bits.
Iteration #: 12
	4039.93258	   0.00936	[mu,kappa]: [(7.09261,358.62602),18.38708]
	1858.89831	   0.00431	[mu,kappa]: [(23.81639,321.31415),4.86085]
	2400.51581	   0.00556	[mu,kappa]: [(14.78464,55.14490),11.75279]
	3370.61354	   0.00781	[mu,kappa]: [(67.13272,68.51938),7.89201]
	3843.10853	   0.00890	[mu,kappa]: [(46.07123,81.96468),38.21619]
	7564.20953	   0.01752	[mu,kappa]: [(109.50210,284.41201),10.69614]
	5930.43542	   0.01374	[mu,kappa]: [(36.50617,86.73642),64.46170]
	12613.24649	   0.02922	[mu,kappa]: [(39.98480,87.61822),278.00000]
	84223.96480	   0.19511	[mu,kappa]: [(40.26147,87.61061),278.00000]
	1669.65470	   0.00387	[mu,kappa]: [(26.80339,340.96474),3.07978]
	1896.19754	   0.00439	[mu,kappa]: [(23.41384,319.66201),5.19909]
	7643.80800	   0.01771	[mu,kappa]: [(38.61983,87.16038),118.99152]
	1985.53150	   0.00460	[mu,kappa]: [(91.58465,316.93256),1.56603]
	30321.85706	   0.07024	[mu,kappa]: [(157.43450,299.02024),13.50622]
	5867.14589	   0.01359	[mu,kappa]: [(36.40528,86.71128),62.93276]
	6370.49369	   0.01476	[mu,kappa]: [(36.35900,87.10032),75.12227]
	6119.11406	   0.01418	[mu,kappa]: [(36.52618,87.00151),73.25381]
	60015.32812	   0.13903	[mu,kappa]: [(40.27781,87.60441),278.00000]
	21901.24150	   0.05074	[mu,kappa]: [(40.27305,87.60351),278.00000]
	6864.27264	   0.01590	[mu,kappa]: [(37.30557,87.13498),89.31460]
	5050.65535	   0.01170	[mu,kappa]: [(38.00298,85.56574),48.44589]
	33716.74359	   0.07811	[mu,kappa]: [(40.35653,87.57455),278.00000]
	4081.65053	   0.00946	[mu,kappa]: [(43.10525,83.21025),39.60984]
	1699.46785	   0.00394	[mu,kappa]: [(52.91290,17.54083),1.57062]
	3461.89956	   0.00802	[mu,kappa]: [(64.20302,71.39751),10.53102]
	5803.39738	   0.01345	[mu,kappa]: [(36.56814,86.69750),63.86412]
	43252.25380	   0.10020	[mu,kappa]: [(40.28939,87.59987),278.00000]
	10678.86882	   0.02474	[mu,kappa]: [(39.93786,87.47901),242.04631]
	9781.91126	   0.02266	[mu,kappa]: [(39.58042,87.43780),200.09560]
	4196.86614	   0.00972	[mu,kappa]: [(42.33633,83.60426),41.05483]
	4341.68471	   0.01006	[mu,kappa]: [(8.86468,331.53041),17.68977]
	2828.12384	   0.00655	[mu,kappa]: [(92.18746,290.68996),4.62274]
	1986.18188	   0.00460	[mu,kappa]: [(93.38679,25.36357),1.31610]
	2001.71874	   0.00464	[mu,kappa]: [(31.36973,62.02459),6.68285]
	3725.54957	   0.00863	[mu,kappa]: [(95.81899,287.56734),6.45319]
	5520.38731	   0.01279	[mu,kappa]: [(36.72894,86.38802),57.16059]
	3952.90000	   0.00916	[mu,kappa]: [(44.13858,82.79173),39.25262]
	1965.17735	   0.00455	[mu,kappa]: [(95.30198,323.63287),1.41223]
	3514.81699	   0.00814	[mu,kappa]: [(50.20868,79.98578),32.87674]
	3588.17564	   0.00831	[mu,kappa]: [(49.23080,80.51281),35.02980]
			msglen: 7879220.25282 bits.
Iteration #: 13
	4233.87640	   0.00981	[mu,kappa]: [(6.75175,2.35696),21.00500]
	1834.67844	   0.00425	[mu,kappa]: [(28.11110,309.61575),6.56167]
	2309.82889	   0.00535	[mu,kappa]: [(13.59636,57.89802),16.13022]
	3392.28545	   0.00786	[mu,kappa]: [(72.67346,66.70555),8.41733]
	4055.59099	   0.00940	[mu,kappa]: [(48.47045,81.65854),54.26617]
	7816.06470	   0.01811	[mu,kappa]: [(109.82596,283.74173),11.77352]
	5979.01361	   0.01385	[mu,kappa]: [(34.81040,87.32811),69.99680]
	12628.94824	   0.02926	[mu,kappa]: [(39.97020,87.67271),278.00000]
	84375.14068	   0.19546	[mu,kappa]: [(40.32630,87.58389),278.00000]
	1443.62694	   0.00335	[mu,kappa]: [(29.20804,328.04376),3.74547]
	1905.82527	   0.00442	[mu,kappa]: [(27.83680,308.35200),7.02730]
	7425.28012	   0.01720	[mu,kappa]: [(38.08968,87.34675),122.21016]
	1672.92356	   0.00388	[mu,kappa]: [(93.82861,318.98741),1.64685]
	30366.53072	   0.07035	[mu,kappa]: [(157.48406,299.21628),13.83597]
	5927.01747	   0.01373	[mu,kappa]: [(34.65174,87.32421),68.60260]
	6521.90662	   0.01511	[mu,kappa]: [(34.62078,87.72888),83.15371]
	6213.03741	   0.01439	[mu,kappa]: [(34.86502,87.59385),80.13451]
	60129.16136	   0.13930	[mu,kappa]: [(40.34807,87.57567),278.00000]
	21942.50592	   0.05083	[mu,kappa]: [(40.34208,87.57667),278.00000]
	6849.10529	   0.01587	[mu,kappa]: [(36.07183,87.57209),95.17936]
	4861.82600	   0.01126	[mu,kappa]: [(37.13862,85.84139),50.33716]
	33800.82983	   0.07830	[mu,kappa]: [(40.45297,87.53601),278.00000]
	4020.00618	   0.00931	[mu,kappa]: [(44.87382,82.90203),47.57967]
	1430.45871	   0.00331	[mu,kappa]: [(64.16933,23.32661),1.59135]
	3389.84174	   0.00785	[mu,kappa]: [(67.63252,70.29297),11.64812]
	5835.65501	   0.01352	[mu,kappa]: [(34.90356,87.27534),69.10302]
	43337.69335	   0.10040	[mu,kappa]: [(40.36351,87.56977),278.00000]
	10555.37758	   0.02445	[mu,kappa]: [(39.93370,87.54489),263.30922]
	9555.06080	   0.02214	[mu,kappa]: [(39.45911,87.52952),212.43785]
	4088.28621	   0.00947	[mu,kappa]: [(43.83617,83.31674),47.39761]
	4553.90300	   0.01055	[mu,kappa]: [(9.40718,326.24440),19.11143]
	2779.00762	   0.00644	[mu,kappa]: [(88.26171,289.84915),5.68680]
	1916.19155	   0.00444	[mu,kappa]: [(109.31720,39.50950),1.88420]
	1628.66278	   0.00377	[mu,kappa]: [(30.97598,59.76091),7.37669]
	3790.29955	   0.00878	[mu,kappa]: [(92.88792,287.02359),7.36958]
	5490.84743	   0.01272	[mu,kappa]: [(35.13293,86.92839),61.20846]
	3982.83026	   0.00923	[mu,kappa]: [(46.22120,82.45589),49.94523]
	1665.65629	   0.00386	[mu,kappa]: [(100.81874,329.01269),1.45125]
	3930.37525	   0.00911	[mu,kappa]: [(52.43774,79.96990),54.06917]
	4012.84273	   0.00930	[mu,kappa]: [(51.55950,80.40551),56.75137]
			msglen: 7864839.21445 bits.
Iteration #: 14
	4188.13893	   0.00970	[mu,kappa]: [(6.70547,10.42467),23.69203]
	1958.38806	   0.00454	[mu,kappa]: [(32.11815,303.01969),8.85195]
	2294.32760	   0.00532	[mu,kappa]: [(13.34682,62.46226),22.77027]
	3319.57411	   0.00769	[mu,kappa]: [(76.39128,64.65338),8.67351]
	4567.50723	   0.01058	[mu,kappa]: [(50.19840,81.53712),87.84844]
	7929.71039	   0.01837	[mu,kappa]: [(110.84921,283.43742),12.68322]
	5988.34617	   0.01387	[mu,kappa]: [(32.91765,88.07027),85.12384]
	12619.37920	   0.02924	[mu,kappa]: [(39.93693,87.71149),278.00000]
	84354.19257	   0.19542	[mu,kappa]: [(40.39744,87.55910),278.00000]
	1297.98178	   0.00301	[mu,kappa]: [(32.08933,318.86772),4.83297]
	2070.86641	   0.00480	[mu,kappa]: [(31.89970,301.98384),9.44828]
	7093.98356	   0.01644	[mu,kappa]: [(37.47721,87.61139),134.00587]
	1370.48361	   0.00318	[mu,kappa]: [(96.09073,319.79957),1.78941]
	30416.48709	   0.07046	[mu,kappa]: [(157.34307,299.16543),14.06156]
	5957.32848	   0.01380	[mu,kappa]: [(32.69845,88.08874),83.85613]
	6773.15988	   0.01569	[mu,kappa]: [(32.77839,88.49500),104.97476]
	6340.06688	   0.01469	[mu,kappa]: [(33.06391,88.32972),99.22328]
	60123.06708	   0.13928	[mu,kappa]: [(40.42599,87.54828),278.00000]
	21939.72342	   0.05083	[mu,kappa]: [(40.41829,87.55061),278.00000]
	6808.53278	   0.01577	[mu,kappa]: [(34.69806,88.14140),113.14375]
	4398.35196	   0.01019	[mu,kappa]: [(36.10076,86.17746),55.04362]
	33827.45440	   0.07837	[mu,kappa]: [(40.56363,87.49606),278.00000]
	3912.22157	   0.00906	[mu,kappa]: [(46.74896,82.65129),65.06888]
	1180.91667	   0.00274	[mu,kappa]: [(74.87847,28.28243),1.72708]
	3171.78420	   0.00735	[mu,kappa]: [(69.72380,69.12123),12.41969]
	5811.67185	   0.01346	[mu,kappa]: [(33.03330,88.00335),83.49120]
	43338.23529	   0.10040	[mu,kappa]: [(40.44625,87.54057),278.00000]
	10483.47906	   0.02429	[mu,kappa]: [(39.91020,87.63009),278.00000]
	9322.20344	   0.02160	[mu,kappa]: [(39.30566,87.65223),233.22162]
	3867.69900	   0.00896	[mu,kappa]: [(45.55504,83.05544),61.35347]
	4475.46554	   0.01037	[mu,kappa]: [(10.29799,322.40810),20.07925]
	2780.47254	   0.00644	[mu,kappa]: [(85.04811,289.37874),6.69631]
	1961.84399	   0.00455	[mu,kappa]: [(118.95644,48.94825),2.86068]
	1323.92657	   0.00307	[mu,kappa]: [(30.86687,55.42684),8.12736]
	3820.98598	   0.00885	[mu,kappa]: [(90.42877,286.81699),8.05066]
	5332.45670	   0.01235	[mu,kappa]: [(33.28045,87.61336),72.06597]
	4082.24054	   0.00946	[mu,kappa]: [(48.17031,82.23052),73.50873]
	1374.14424	   0.00318	[mu,kappa]: [(106.88179,333.49770),1.55073]
	4824.08308	   0.01118	[mu,kappa]: [(53.37830,80.07314),88.99571]
	4947.11816	   0.01146	[mu,kappa]: [(52.63039,80.46324),94.48542]
			msglen: 7846451.09247 bits.
Iteration #: 15
	4080.25536	   0.00945	[mu,kappa]: [(6.91335,19.86947),27.07450]
	2129.72803	   0.00493	[mu,kappa]: [(34.55059,299.42704),11.15950]
	2414.46002	   0.00559	[mu,kappa]: [(13.34611,67.38533),32.38940]
	3306.99480	   0.00766	[mu,kappa]: [(77.95928,62.91678),8.92417]
	5257.65250	   0.01218	[mu,kappa]: [(50.65695,81.67422),129.89586]
	8036.56578	   0.01862	[mu,kappa]: [(112.11646,283.34189),13.54337]
	5970.64770	   0.01383	[mu,kappa]: [(31.40879,88.75496),112.77977]
	12588.01447	   0.02916	[mu,kappa]: [(39.88835,87.74801),278.00000]
	84171.70593	   0.19499	[mu,kappa]: [(40.46731,87.53928),278.00000]
	1215.33707	   0.00282	[mu,kappa]: [(34.16973,314.99018),6.07392]
	2284.34143	   0.00529	[mu,kappa]: [(34.33585,298.35907),11.91868]
	6659.97211	   0.01543	[mu,kappa]: [(36.90874,87.92256),160.31619]
	1103.79563	   0.00256	[mu,kappa]: [(97.95364,319.65866),1.99818]
	30397.35388	   0.07042	[mu,kappa]: [(157.14892,299.02991),14.26418]
	5972.16899	   0.01384	[mu,kappa]: [(31.14318,88.78936),111.30755]
	7145.97186	   0.01656	[mu,kappa]: [(31.48145,89.16478),145.27129]
	6515.56724	   0.01510	[mu,kappa]: [(31.73193,88.99411),135.12083]
	60004.28731	   0.13901	[mu,kappa]: [(40.50347,87.52554),278.00000]
	21895.56738	   0.05072	[mu,kappa]: [(40.49378,87.52894),278.00000]
	6767.96331	   0.01568	[mu,kappa]: [(33.61996,88.70068),150.57568]
	3713.73477	   0.00860	[mu,kappa]: [(35.07050,86.43004),62.85537]
	33800.34845	   0.07830	[mu,kappa]: [(40.67793,87.45914),278.00000]
	3826.21358	   0.00886	[mu,kappa]: [(47.96966,82.59758),93.91350]
	 977.50682	   0.00227	[mu,kappa]: [(81.75654,32.80977),1.98369]
	3071.08271	   0.00712	[mu,kappa]: [(70.84797,68.20711),13.25038]
	5743.20866	   0.01331	[mu,kappa]: [(31.51954,88.67998),109.88813]
	43258.97063	   0.10021	[mu,kappa]: [(40.52914,87.51577),278.00000]
	10456.84193	   0.02423	[mu,kappa]: [(39.86515,87.71330),278.00000]
	9132.93008	   0.02116	[mu,kappa]: [(39.13093,87.80798),268.70236]
	3614.13859	   0.00837	[mu,kappa]: [(46.85389,82.94435),85.26111]
	4274.55145	   0.00990	[mu,kappa]: [(11.26151,319.96470),21.30232]
	2782.29584	   0.00645	[mu,kappa]: [(82.92964,289.08684),7.65233]
	2121.81965	   0.00492	[mu,kappa]: [(124.54637,55.18965),4.18853]
	1146.61990	   0.00266	[mu,kappa]: [(31.94748,49.08569),8.89315]
	3813.98067	   0.00884	[mu,kappa]: [(88.65807,286.78705),8.69880]
	5064.41102	   0.01173	[mu,kappa]: [(31.65330,88.25933),91.53336]
	4283.83284	   0.00993	[mu,kappa]: [(49.14905,82.25676),109.65193]
	1112.86619	   0.00258	[mu,kappa]: [(112.07737,336.63418),1.70379]
	5651.87215	   0.01309	[mu,kappa]: [(53.41068,80.15592),114.83088]
	5882.42328	   0.01363	[mu,kappa]: [(52.63215,80.60273),126.33993]
			msglen: 7831049.93590 bits.
Iteration #: 16
	4032.20499	   0.00934	[mu,kappa]: [(7.28238,28.83438),30.56453]
	2252.09671	   0.00522	[mu,kappa]: [(35.64092,297.24462),12.95471]
	2754.40058	   0.00638	[mu,kappa]: [(13.45435,72.91770),45.57495]
	3391.41195	   0.00786	[mu,kappa]: [(77.38212,61.74920),9.20064]
	5788.26444	   0.01341	[mu,kappa]: [(50.47764,81.93295),165.98954]
	8167.99083	   0.01892	[mu,kappa]: [(113.31239,283.35371),14.26773]
	5907.24001	   0.01369	[mu,kappa]: [(30.55969,89.22755),145.55983]
	12555.76767	   0.02909	[mu,kappa]: [(39.82872,87.78160),278.00000]
	83943.63651	   0.19446	[mu,kappa]: [(40.52598,87.52194),278.00000]
	1170.38691	   0.00271	[mu,kappa]: [(35.26981,314.80775),7.08119]
	2442.03683	   0.00566	[mu,kappa]: [(35.40100,295.97117),13.92357]
	6294.58142	   0.01458	[mu,kappa]: [(36.50548,88.23016),205.75633]
	 898.15686	   0.00208	[mu,kappa]: [(98.81260,318.63512),2.27797]
	30309.67996	   0.07022	[mu,kappa]: [(156.98733,298.92548),14.47290]
	5939.95498	   0.01376	[mu,kappa]: [(30.24596,89.27041),142.61263]
	7499.93334	   0.01738	[mu,kappa]: [(30.94725,89.59947),196.16796]
	6669.42728	   0.01545	[mu,kappa]: [(31.13038,89.44178),181.50434]
	59853.81605	   0.13866	[mu,kappa]: [(40.56981,87.50523),278.00000]
	21839.75844	   0.05060	[mu,kappa]: [(40.55810,87.50956),278.00000]
	6813.52859	   0.01579	[mu,kappa]: [(33.11884,89.12859),210.15775]
	3043.18815	   0.00705	[mu,kappa]: [(34.25260,86.37787),70.93844]
	33760.21988	   0.07821	[mu,kappa]: [(40.78152,87.42444),278.00000]
	3851.06288	   0.00892	[mu,kappa]: [(48.46124,82.69587),127.17518]
	 825.85175	   0.00191	[mu,kappa]: [(83.42615,36.51644),2.30710]
	3189.78834	   0.00739	[mu,kappa]: [(70.81460,68.10911),14.26698]
	5631.28310	   0.01305	[mu,kappa]: [(30.64628,89.15034),141.39065]
	43157.41379	   0.09998	[mu,kappa]: [(40.60095,87.49335),278.00000]
	10430.79651	   0.02417	[mu,kappa]: [(39.80543,87.76933),278.00000]
	9129.54241	   0.02115	[mu,kappa]: [(38.95269,87.98760),278.00000]
	3487.21343	   0.00808	[mu,kappa]: [(47.54278,82.95824),114.43799]
	4087.70983	   0.00947	[mu,kappa]: [(12.11962,318.42108),22.81901]
	2788.23189	   0.00646	[mu,kappa]: [(81.68938,288.86883),8.52759]
	2318.61651	   0.00537	[mu,kappa]: [(128.57580,59.24091),5.69529]
	1131.60874	   0.00262	[mu,kappa]: [(34.20198,42.90773),9.92740]
	3804.34362	   0.00881	[mu,kappa]: [(87.44826,286.81890),9.33014]
	4766.43314	   0.01104	[mu,kappa]: [(30.53302,88.70767),113.68778]
	4540.86536	   0.01052	[mu,kappa]: [(49.34518,82.44856),147.79761]
	 901.05633	   0.00209	[mu,kappa]: [(115.24346,337.71271),1.88563]
	5981.42895	   0.01386	[mu,kappa]: [(53.39685,80.08997),121.51444]
	6297.07106	   0.01459	[mu,kappa]: [(52.39541,80.70053),140.66112]
			msglen: 7821126.21163 bits.
Iteration #: 17
	3974.74564	   0.00921	[mu,kappa]: [(7.73226,35.07428),33.24467]
	2304.13220	   0.00534	[mu,kappa]: [(36.00882,295.77960),14.24486]
	3308.00303	   0.00766	[mu,kappa]: [(13.87690,78.73653),63.09132]
	3504.00075	   0.00812	[mu,kappa]: [(76.13497,60.77511),9.41009]
	6129.66646	   0.01420	[mu,kappa]: [(50.14125,82.22908),197.55752]
	8307.29449	   0.01925	[mu,kappa]: [(114.33319,283.42681),14.79260]
	5740.59856	   0.01330	[mu,kappa]: [(30.14303,89.50682),173.16978]
	12542.37109	   0.02906	[mu,kappa]: [(39.75247,87.81283),278.00000]
	83735.16260	   0.19398	[mu,kappa]: [(40.56010,87.50778),278.00000]
	1145.20642	   0.00265	[mu,kappa]: [(35.91508,316.51083),7.82420]
	2521.53771	   0.00584	[mu,kappa]: [(35.72651,294.18407),15.49433]
	6206.22699	   0.01438	[mu,kappa]: [(36.25196,88.54275),275.60336]
	 751.91308	   0.00174	[mu,kappa]: [(99.08127,316.75698),2.65023]
	30175.37173	   0.06991	[mu,kappa]: [(156.89009,298.88767),14.67637]
	5791.79607	   0.01342	[mu,kappa]: [(29.74838,89.55443),166.95297]
	7675.26053	   0.01778	[mu,kappa]: [(30.89190,89.84217),248.00005]
	6705.87368	   0.01554	[mu,kappa]: [(31.02100,89.70168),229.40469]
	59714.21971	   0.13833	[mu,kappa]: [(40.61129,87.48823),278.00000]
	21788.21059	   0.05048	[mu,kappa]: [(40.59763,87.49338),278.00000]
	7052.14745	   0.01634	[mu,kappa]: [(33.06744,89.43189),278.00000]
	2518.69138	   0.00584	[mu,kappa]: [(33.60402,85.99576),76.68210]
	33719.81168	   0.07812	[mu,kappa]: [(40.85893,87.39364),278.00000]
	3939.29846	   0.00913	[mu,kappa]: [(48.57255,82.88990),161.55091]
	 708.61943	   0.00164	[mu,kappa]: [(82.06761,39.29960),2.67479]
	3377.17215	   0.00782	[mu,kappa]: [(70.35972,68.77240),15.23921]
	5437.74337	   0.01260	[mu,kappa]: [(30.20398,89.43025),168.09707]
	43062.21922	   0.09976	[mu,kappa]: [(40.64768,87.47434),278.00000]
	10421.16656	   0.02414	[mu,kappa]: [(39.72773,87.81174),278.00000]
	9213.87945	   0.02135	[mu,kappa]: [(38.77287,88.12169),278.00000]
	3466.84009	   0.00803	[mu,kappa]: [(47.83757,83.07720),145.54726]
	3955.60806	   0.00916	[mu,kappa]: [(12.94902,316.62885),24.86132]
	2810.66425	   0.00651	[mu,kappa]: [(80.94283,288.64477),9.26095]
	2480.27728	   0.00575	[mu,kappa]: [(132.01627,61.55930),7.24981]
	1236.08506	   0.00286	[mu,kappa]: [(36.40011,38.34327),11.34489]
	3815.19286	   0.00884	[mu,kappa]: [(86.56700,286.82443),9.87792]
	4474.79886	   0.01037	[mu,kappa]: [(29.74521,88.97079),130.33735]
	4786.39661	   0.01109	[mu,kappa]: [(49.23633,82.71535),185.56097]
	 736.42467	   0.00171	[mu,kappa]: [(116.91148,336.57600),2.09447]
	6059.43613	   0.01404	[mu,kappa]: [(53.64482,79.83403),117.36654]
	6353.93567	   0.01472	[mu,kappa]: [(52.22876,80.71583),143.88196]
			msglen: 7814319.82809 bits.
Iteration #: 18
	3828.07101	   0.00887	[mu,kappa]: [(8.17762,36.83433),35.01809]
	2300.96749	   0.00533	[mu,kappa]: [(36.07475,294.77619),15.19209]
	3950.48397	   0.00915	[mu,kappa]: [(14.58132,83.50239),84.48570]
	3599.03183	   0.00834	[mu,kappa]: [(75.42987,59.70066),9.46433]
	6404.46905	   0.01484	[mu,kappa]: [(49.80104,82.52790),228.40295]
	8443.25045	   0.01956	[mu,kappa]: [(115.18314,283.54655),15.12585]
	5498.43382	   0.01274	[mu,kappa]: [(29.90322,89.65835),193.62616]
	12528.44929	   0.02902	[mu,kappa]: [(39.66703,87.84097),278.00000]
	83424.66358	   0.19326	[mu,kappa]: [(40.57609,87.49635),278.00000]
	1134.76944	   0.00263	[mu,kappa]: [(36.51737,318.98145),8.45350]
	2540.01030	   0.00589	[mu,kappa]: [(35.73944,292.75796),16.82246]
	6527.76468	   0.01512	[mu,kappa]: [(36.10080,88.84947),278.00000]
	 654.44820	   0.00152	[mu,kappa]: [(99.32936,314.39045),3.15301]
	30006.67590	   0.06951	[mu,kappa]: [(156.84821,298.88410),14.86849]
	5562.82493	   0.01289	[mu,kappa]: [(29.38424,89.71021),182.88856]
	7731.91774	   0.01791	[mu,kappa]: [(31.04642,89.97338),278.00000]
	6671.05248	   0.01546	[mu,kappa]: [(31.14004,89.84801),277.67603]
	59498.47774	   0.13784	[mu,kappa]: [(40.63429,87.47418),278.00000]
	21709.20102	   0.05029	[mu,kappa]: [(40.61876,87.48006),278.00000]
	7507.41256	   0.01739	[mu,kappa]: [(33.21125,89.63331),278.00000]
	2138.98540	   0.00496	[mu,kappa]: [(33.04561,85.38266),79.90898]
	33628.77251	   0.07791	[mu,kappa]: [(40.91641,87.36672),278.00000]
	4074.59268	   0.00944	[mu,kappa]: [(48.53987,83.13060),198.19004]
	 617.92790	   0.00143	[mu,kappa]: [(80.18423,41.59768),3.11997]
	3499.35264	   0.00811	[mu,kappa]: [(70.15563,69.89443),16.07378]
	5187.39177	   0.01202	[mu,kappa]: [(29.94242,89.58261),187.93061]
	42910.45999	   0.09941	[mu,kappa]: [(40.67568,87.45841),278.00000]
	10411.54941	   0.02412	[mu,kappa]: [(39.64044,87.84575),278.00000]
	9310.24025	   0.02157	[mu,kappa]: [(38.60264,88.21193),278.00000]
	3515.29020	   0.00814	[mu,kappa]: [(47.95365,83.26627),179.40896]
	3896.34945	   0.00903	[mu,kappa]: [(13.65795,314.22236),27.93169]
	2847.15577	   0.00660	[mu,kappa]: [(80.44357,288.39124),9.82519]
	2585.32045	   0.00599	[mu,kappa]: [(134.86161,62.68928),8.64574]
	1388.97373	   0.00322	[mu,kappa]: [(37.79429,35.14993),12.95037]
	3844.97653	   0.00891	[mu,kappa]: [(85.88028,286.77665),10.30462]
	4216.64886	   0.00977	[mu,kappa]: [(29.06241,89.10737),140.47232]
	5048.44863	   0.01170	[mu,kappa]: [(49.04726,83.00465),224.82877]
	 612.16167	   0.00142	[mu,kappa]: [(117.87930,333.83729),2.34909]
	6119.57160	   0.01418	[mu,kappa]: [(54.13906,79.43033),111.13887]
	6271.45509	   0.01453	[mu,kappa]: [(52.15617,80.65615),143.04437]
			msglen: 7810250.86952 bits.
Iteration #: 19
	3645.63336	   0.00845	[mu,kappa]: [(8.55872,34.86648),36.68200]
	2259.49957	   0.00524	[mu,kappa]: [(36.09874,294.12195),15.90637]
	4502.49470	   0.01043	[mu,kappa]: [(15.32008,86.68601),106.91506]
	3663.08648	   0.00849	[mu,kappa]: [(75.53393,58.43753),9.39106]
	6671.24404	   0.01546	[mu,kappa]: [(49.50350,82.80460),258.01374]
	8574.04185	   0.01986	[mu,kappa]: [(115.89209,283.70299),15.30512]
	5235.42191	   0.01213	[mu,kappa]: [(29.77699,89.73990),211.66126]
	12540.22076	   0.02905	[mu,kappa]: [(39.56309,87.87230),278.00000]
	83113.44512	   0.19254	[mu,kappa]: [(40.56768,87.49290),278.00000]
	1140.84599	   0.00264	[mu,kappa]: [(37.25688,321.64252),9.08950]
	2516.04218	   0.00583	[mu,kappa]: [(35.70677,291.56655),18.05687]
	6874.17122	   0.01593	[mu,kappa]: [(35.99276,89.00388),278.00000]
	 596.99785	   0.00138	[mu,kappa]: [(99.74729,312.02643),3.83213]
	29815.51494	   0.06907	[mu,kappa]: [(156.84886,298.88465),15.04698]
	5306.66681	   0.01229	[mu,kappa]: [(29.10049,89.79549),195.46573]
	7760.90141	   0.01798	[mu,kappa]: [(31.28575,90.02051),278.00000]
	6706.38219	   0.01554	[mu,kappa]: [(31.38527,89.93641),278.00000]
	59275.42270	   0.13732	[mu,kappa]: [(40.63271,87.46828),278.00000]
	21628.17664	   0.05010	[mu,kappa]: [(40.61536,87.47483),278.00000]
	7862.20597	   0.01821	[mu,kappa]: [(33.38959,89.68574),278.00000]
	1858.13694	   0.00431	[mu,kappa]: [(32.58784,84.63706),81.80058]
	33516.65167	   0.07765	[mu,kappa]: [(40.94869,87.34869),278.00000]
	4254.59120	   0.00986	[mu,kappa]: [(48.45812,83.37674),236.11481]
	 551.63487	   0.00128	[mu,kappa]: [(79.05540,43.81846),3.66757]
	3517.36115	   0.00815	[mu,kappa]: [(70.33142,71.19636),16.83358]
	4924.82864	   0.01141	[mu,kappa]: [(29.79793,89.66538),205.39568]
	42750.02464	   0.09904	[mu,kappa]: [(40.67900,87.45075),278.00000]
	10423.92775	   0.02415	[mu,kappa]: [(39.53455,87.88034),278.00000]
	9445.62529	   0.02188	[mu,kappa]: [(38.42953,88.28134),278.00000]
	3617.75879	   0.00838	[mu,kappa]: [(47.98803,83.47940),215.43915]
	3904.65315	   0.00905	[mu,kappa]: [(14.01186,311.49977),32.04297]
	2888.96327	   0.00669	[mu,kappa]: [(80.06260,288.11302),10.23612]
	2640.30930	   0.00612	[mu,kappa]: [(137.17916,63.15758),9.75064]
	1537.58618	   0.00356	[mu,kappa]: [(38.38653,32.88922),14.48368]
	3882.70440	   0.00900	[mu,kappa]: [(85.32229,286.68010),10.61513]
	3991.33365	   0.00925	[mu,kappa]: [(28.45832,89.17706),148.36290]
	5344.19448	   0.01238	[mu,kappa]: [(48.85415,83.28359),264.46338]
	 521.77950	   0.00121	[mu,kappa]: [(118.57028,330.20940),2.66815]
	6234.65171	   0.01444	[mu,kappa]: [(54.74585,78.96947),107.03288]
	6152.86772	   0.01425	[mu,kappa]: [(52.14496,80.53559),141.54246]
			msglen: 7807384.78681 bits.
Iteration #: 20
	3528.67666	   0.00818	[mu,kappa]: [(8.86331,32.05425),38.92072]
	2197.79620	   0.00509	[mu,kappa]: [(36.19666,293.73646),16.47953]
	4882.61542	   0.01131	[mu,kappa]: [(15.94174,88.64190),126.62680]
	3705.97375	   0.00859	[mu,kappa]: [(76.18362,57.08050),9.29580]
	6946.87655	   0.01609	[mu,kappa]: [(49.25269,83.04961),278.00000]
	8700.62027	   0.02016	[mu,kappa]: [(116.49093,283.88168),15.37315]
	5012.05984	   0.01161	[mu,kappa]: [(29.73341,89.80061),232.05912]
	12554.28335	   0.02908	[mu,kappa]: [(39.45357,87.90541),278.00000]
	82719.81480	   0.19163	[mu,kappa]: [(40.54970,87.49432),278.00000]
	1167.93091	   0.00271	[mu,kappa]: [(38.13311,324.18296),9.82775]
	2470.54112	   0.00572	[mu,kappa]: [(35.75200,290.50109),19.34921]
	7217.51930	   0.01672	[mu,kappa]: [(35.89842,89.08121),278.00000]
	 573.03270	   0.00133	[mu,kappa]: [(100.33514,310.06735),4.73642]
	29610.99446	   0.06860	[mu,kappa]: [(156.88044,298.87422),15.21447]
	5076.85138	   0.01176	[mu,kappa]: [(28.88474,89.85651),209.10378]
	7802.93972	   0.01808	[mu,kappa]: [(31.51928,90.00572),278.00000]
	6756.15565	   0.01565	[mu,kappa]: [(31.62240,89.94702),278.00000]
	58990.08056	   0.13666	[mu,kappa]: [(40.62143,87.46734),278.00000]
	21524.75908	   0.04987	[mu,kappa]: [(40.60229,87.47453),278.00000]
	8211.65325	   0.01902	[mu,kappa]: [(33.54286,89.68099),278.00000]
	1648.62631	   0.00382	[mu,kappa]: [(32.21337,83.76171),82.50744]
	33361.18560	   0.07729	[mu,kappa]: [(40.97067,87.33607),278.00000]
	4475.50336	   0.01037	[mu,kappa]: [(48.35637,83.61024),272.91114]
	 505.22424	   0.00117	[mu,kappa]: [(78.81798,46.08074),4.31774]
	3455.38205	   0.00801	[mu,kappa]: [(70.76713,72.49838),17.60316]
	4701.65890	   0.01089	[mu,kappa]: [(29.73860,89.72816),225.03158]
	42542.94309	   0.09856	[mu,kappa]: [(40.67253,87.44813),278.00000]
	10438.57884	   0.02418	[mu,kappa]: [(39.42308,87.91540),278.00000]
	9593.55563	   0.02223	[mu,kappa]: [(38.26065,88.33909),278.00000]
	3767.92331	   0.00873	[mu,kappa]: [(47.97463,83.69037),251.51606]
	3935.30504	   0.00912	[mu,kappa]: [(14.00989,308.78413),36.63690]
	2926.75572	   0.00678	[mu,kappa]: [(79.73869,287.80984),10.53547]
	2665.27079	   0.00618	[mu,kappa]: [(139.11680,63.29006),10.61633]
	1662.94625	   0.00385	[mu,kappa]: [(38.38534,31.39097),15.75962]
	3916.44974	   0.00907	[mu,kappa]: [(84.85905,286.53778),10.84035]
	3804.06668	   0.00881	[mu,kappa]: [(27.94534,89.22268),157.07023]
	5673.74725	   0.01314	[mu,kappa]: [(48.67227,83.54124),278.00000]
	 458.06581	   0.00106	[mu,kappa]: [(119.11714,326.13336),3.07920]
	6403.17917	   0.01483	[mu,kappa]: [(55.31449,78.54871),105.70652]
	6060.45726	   0.01404	[mu,kappa]: [(52.15575,80.37730),140.60251]
			msglen: 7805235.76586 bits.
Iteration #: 21
	3504.54111	   0.00812	[mu,kappa]: [(9.06161,30.48707),41.67814]
	2130.91153	   0.00494	[mu,kappa]: [(36.35041,293.52838),16.98410]
	5131.89319	   0.01189	[mu,kappa]: [(16.44132,89.84175),141.72738]
	3739.71425	   0.00866	[mu,kappa]: [(77.04962,55.80088),9.25247]
	7229.26615	   0.01675	[mu,kappa]: [(49.04046,83.25762),278.00000]
	8823.26153	   0.02044	[mu,kappa]: [(117.00545,284.06438),15.36901]
	4834.50337	   0.01120	[mu,kappa]: [(29.73349,89.86785),254.13411]
	12563.15188	   0.02910	[mu,kappa]: [(39.34955,87.93749),278.00000]
	82272.46862	   0.19059	[mu,kappa]: [(40.53227,87.49658),278.00000]
	1218.92216	   0.00282	[mu,kappa]: [(39.04220,326.40806),10.75363]
	2423.30454	   0.00561	[mu,kappa]: [(35.86360,289.44317),20.86019]
	7531.45232	   0.01745	[mu,kappa]: [(35.82174,89.11948),278.00000]
	 578.40804	   0.00134	[mu,kappa]: [(101.08342,308.81335),5.88958]
	29398.60158	   0.06811	[mu,kappa]: [(156.93222,298.84662),15.37709]
	4884.94857	   0.01132	[mu,kappa]: [(28.69770,89.92255),222.97999]
	7845.05212	   0.01817	[mu,kappa]: [(31.73236,89.97005),278.00000]
	6805.61600	   0.01577	[mu,kappa]: [(31.83728,89.92682),278.00000]
	58666.09935	   0.13591	[mu,kappa]: [(40.61048,87.46731),278.00000]
	21407.26868	   0.04959	[mu,kappa]: [(40.58960,87.47512),278.00000]
	8527.32707	   0.01976	[mu,kappa]: [(33.67273,89.65541),278.00000]
	1499.20145	   0.00347	[mu,kappa]: [(31.86544,82.68894),81.61109]
	33184.02829	   0.07688	[mu,kappa]: [(40.99187,87.32453),278.00000]
	4734.47851	   0.01097	[mu,kappa]: [(48.24152,83.82494),278.00000]
	 474.00334	   0.00110	[mu,kappa]: [(79.19402,48.26373),5.05650]
	3350.42889	   0.00776	[mu,kappa]: [(71.35862,73.70184),18.43148]
	4522.66481	   0.01048	[mu,kappa]: [(29.72411,89.79799),246.13206]
	42307.87979	   0.09801	[mu,kappa]: [(40.66622,87.44644),278.00000]
	10448.97609	   0.02421	[mu,kappa]: [(39.31722,87.94874),278.00000]
	9736.44560	   0.02256	[mu,kappa]: [(38.10682,88.38795),278.00000]
	3959.77682	   0.00917	[mu,kappa]: [(47.92606,83.88910),278.00000]
	3943.88839	   0.00914	[mu,kappa]: [(13.85421,306.25455),41.26640]
	2953.77821	   0.00684	[mu,kappa]: [(79.44744,287.47214),10.77688]
	2678.41015	   0.00621	[mu,kappa]: [(140.76514,63.24940),11.32953]
	1765.57774	   0.00409	[mu,kappa]: [(38.01962,30.53275),16.70457]
	3937.70434	   0.00912	[mu,kappa]: [(84.46932,286.34424),11.02290]
	3663.62723	   0.00849	[mu,kappa]: [(27.48358,89.26969),166.13795]
	5988.36324	   0.01387	[mu,kappa]: [(48.51462,83.75166),278.00000]
	 415.54650	   0.00096	[mu,kappa]: [(119.51583,321.99602),3.63287]
	6564.42493	   0.01521	[mu,kappa]: [(55.76265,78.21936),106.18147]
	6002.08362	   0.01391	[mu,kappa]: [(52.15058,80.21186),140.84617]
			msglen: 7803728.89415 bits.
Iteration #: 22
	3543.72874	   0.00821	[mu,kappa]: [(9.13242,30.32158),44.64017]
	2063.90783	   0.00478	[mu,kappa]: [(36.49628,293.41358),17.44661]
	5281.77588	   0.01224	[mu,kappa]: [(16.83668,90.59686),152.42965]
	3768.85738	   0.00873	[mu,kappa]: [(77.90671,54.72519),9.27820]
	7514.73058	   0.01741	[mu,kappa]: [(48.86104,83.42159),278.00000]
	8940.24098	   0.02071	[mu,kappa]: [(117.45574,284.22986),15.32698]
	4699.29762	   0.01089	[mu,kappa]: [(29.76219,89.94411),277.71235]
	12568.56792	   0.02912	[mu,kappa]: [(39.25388,87.96769),278.00000]
	81817.44300	   0.18954	[mu,kappa]: [(40.51904,87.49785),278.00000]
	1292.44603	   0.00300	[mu,kappa]: [(39.88226,328.22186),11.92447]
	2384.60211	   0.00553	[mu,kappa]: [(35.98081,288.29465),22.73414]
	7812.00358	   0.01810	[mu,kappa]: [(35.76132,89.13749),278.00000]
	 610.66732	   0.00142	[mu,kappa]: [(101.95728,308.40836),7.26241]
	29181.75899	   0.06760	[mu,kappa]: [(156.99698,298.80067),15.53970]
	4730.07110	   0.01096	[mu,kappa]: [(28.52262,89.99964),236.71654]
	7881.20851	   0.01826	[mu,kappa]: [(31.92476,89.92733),278.00000]
	6848.99833	   0.01587	[mu,kappa]: [(32.03032,89.89371),278.00000]
	58337.88416	   0.13515	[mu,kappa]: [(40.60355,87.46625),278.00000]
	21288.10600	   0.04932	[mu,kappa]: [(40.58098,87.47469),278.00000]
	8804.45400	   0.02040	[mu,kappa]: [(33.78472,89.62265),278.00000]
	1399.10845	   0.00324	[mu,kappa]: [(31.52384,81.39500),79.63244]
	33008.98755	   0.07647	[mu,kappa]: [(41.01627,87.31177),278.00000]
	4992.11026	   0.01157	[mu,kappa]: [(48.13576,83.98953),278.00000]
	 454.55486	   0.00105	[mu,kappa]: [(79.91623,50.17164),5.84277]
	3231.22871	   0.00749	[mu,kappa]: [(72.04842,74.75774),19.35186]
	4383.83681	   0.01016	[mu,kappa]: [(29.73860,89.87751),268.50229]
	42070.45691	   0.09746	[mu,kappa]: [(40.66382,87.44370),278.00000]
	10456.44263	   0.02422	[mu,kappa]: [(39.21983,87.97983),278.00000]
	9870.97539	   0.02287	[mu,kappa]: [(37.96960,88.43006),278.00000]
	4187.22388	   0.00970	[mu,kappa]: [(47.85687,84.06317),278.00000]
	3915.86765	   0.00907	[mu,kappa]: [(13.70945,304.02380),45.83881]
	2967.98704	   0.00688	[mu,kappa]: [(79.17259,287.08876),11.01342]
	2690.65766	   0.00623	[mu,kappa]: [(142.16366,63.10597),11.93248]
	1849.27553	   0.00429	[mu,kappa]: [(37.50086,30.14026),17.35171]
	3943.47776	   0.00914	[mu,kappa]: [(84.12840,286.09061),11.20461]
	3568.66903	   0.00827	[mu,kappa]: [(27.05798,89.33067),175.58876]
	6292.99564	   0.01458	[mu,kappa]: [(48.37885,83.90984),278.00000]
	 391.51950	   0.00091	[mu,kappa]: [(119.73826,318.23697),4.40095]
	6655.47803	   0.01542	[mu,kappa]: [(56.10156,77.97489),107.30314]
	5946.39663	   0.01378	[mu,kappa]: [(52.11044,80.06233),142.45806]
			msglen: 7802577.57386 bits.
Iteration #: 23
	3617.52760	   0.00838	[mu,kappa]: [(9.08884,31.03665),47.56381]
	1993.96295	   0.00462	[mu,kappa]: [(36.59831,293.35019),17.85903]
	5361.45918	   0.01242	[mu,kappa]: [(17.15110,91.09830),159.93936]
	3794.88378	   0.00879	[mu,kappa]: [(78.62548,53.89544),9.34979]
	7793.18927	   0.01805	[mu,kappa]: [(48.70557,83.55396),278.00000]
	9047.81387	   0.02096	[mu,kappa]: [(117.85694,284.35228),15.27928]
	4601.37915	   0.01066	[mu,kappa]: [(29.81378,90.02478),278.00000]
	12573.25204	   0.02913	[mu,kappa]: [(39.16535,87.99675),278.00000]
	81369.51549	   0.18850	[mu,kappa]: [(40.50873,87.49920),278.00000]
	1383.03501	   0.00321	[mu,kappa]: [(40.59310,329.60102),13.35003]
	2356.06390	   0.00546	[mu,kappa]: [(36.06489,287.02286),25.10920]
	8063.00515	   0.01868	[mu,kappa]: [(35.71466,89.14473),278.00000]
	 668.41506	   0.00155	[mu,kappa]: [(102.86139,308.81017),8.81884]
	28962.92492	   0.06710	[mu,kappa]: [(157.07103,298.73743),15.70500]
	4608.03461	   0.01068	[mu,kappa]: [(28.35164,90.08712),250.13298]
	7910.16822	   0.01833	[mu,kappa]: [(32.09978,89.88241),278.00000]
	6885.19092	   0.01595	[mu,kappa]: [(32.20519,89.85495),278.00000]
	58015.63017	   0.13440	[mu,kappa]: [(40.59938,87.46528),278.00000]
	21171.02538	   0.04905	[mu,kappa]: [(40.57516,87.47434),278.00000]
	9047.01424	   0.02096	[mu,kappa]: [(33.88383,89.58803),278.00000]
	1339.03834	   0.00310	[mu,kappa]: [(31.19535,79.92303),77.44171]
	32840.72579	   0.07608	[mu,kappa]: [(41.04260,87.29905),278.00000]
	5236.04421	   0.01213	[mu,kappa]: [(48.03934,84.11322),278.00000]
	 444.24228	   0.00103	[mu,kappa]: [(80.76913,51.70506),6.59344]
	3117.19235	   0.00722	[mu,kappa]: [(72.76001,75.66149),20.35202]
	4279.78410	   0.00992	[mu,kappa]: [(29.77589,89.96218),278.00000]
	41837.84214	   0.09692	[mu,kappa]: [(40.66405,87.44105),278.00000]
	10463.23629	   0.02424	[mu,kappa]: [(39.12973,88.00956),278.00000]
	9998.72890	   0.02316	[mu,kappa]: [(37.84725,88.46723),278.00000]
	4402.32442	   0.01020	[mu,kappa]: [(47.78931,84.19288),278.00000]
	3857.25163	   0.00894	[mu,kappa]: [(13.63865,302.15142),50.41650]
	2971.07485	   0.00688	[mu,kappa]: [(78.89325,286.65265),11.28823]
	2707.25294	   0.00627	[mu,kappa]: [(143.33501,62.88855),12.43267]
	1918.10750	   0.00444	[mu,kappa]: [(36.96654,30.06657),17.77918]
	3934.78876	   0.00912	[mu,kappa]: [(83.80617,285.77014),11.41925]
	3514.97220	   0.00814	[mu,kappa]: [(26.66388,89.41562),185.68311]
	6582.67937	   0.01525	[mu,kappa]: [(48.25852,84.02978),278.00000]
	 385.23608	   0.00089	[mu,kappa]: [(119.77825,315.24853),5.45386]
	6699.25001	   0.01552	[mu,kappa]: [(56.37627,77.79240),108.53632]
	5894.73693	   0.01366	[mu,kappa]: [(52.05642,79.92740),144.86780]
			msglen: 7801669.65779 bits.
Iteration #: 24
	3707.07895	   0.00859	[mu,kappa]: [(8.95824,32.08943),50.34397]
	1916.77760	   0.00444	[mu,kappa]: [(36.65792,293.34847),18.20067]
	5367.32853	   0.01244	[mu,kappa]: [(17.38609,91.44931),165.37217]
	3817.14410	   0.00884	[mu,kappa]: [(79.17300,53.27906),9.43951]
	8053.35550	   0.01866	[mu,kappa]: [(48.57159,83.66362),278.00000]
	9140.20257	   0.02118	[mu,kappa]: [(118.21978,284.39793),15.25973]
	4520.39355	   0.01047	[mu,kappa]: [(29.86365,90.06657),278.00000]
	12578.03004	   0.02914	[mu,kappa]: [(39.08209,88.02495),278.00000]
	80925.28722	   0.18747	[mu,kappa]: [(40.49980,87.50128),278.00000]
	1482.34136	   0.00344	[mu,kappa]: [(41.14975,330.55307),14.97823]
	2336.31328	   0.00541	[mu,kappa]: [(36.10522,285.67222),28.12674]
	8294.93821	   0.01922	[mu,kappa]: [(35.67349,89.14682),278.00000]
	 752.08073	   0.00174	[mu,kappa]: [(103.66927,309.84187),10.61370]
	28744.75798	   0.06659	[mu,kappa]: [(157.15247,298.65956),15.87455]
	4518.90093	   0.01047	[mu,kappa]: [(28.20010,90.18004),265.34112]
	7957.56744	   0.01844	[mu,kappa]: [(32.25361,89.83845),278.00000]
	6936.16557	   0.01607	[mu,kappa]: [(32.35802,89.81521),278.00000]
	57696.34470	   0.13366	[mu,kappa]: [(40.59640,87.46509),278.00000]
	21054.99112	   0.04878	[mu,kappa]: [(40.57059,87.47476),278.00000]
	9277.78075	   0.02149	[mu,kappa]: [(33.96480,89.55503),278.00000]
	1303.75116	   0.00302	[mu,kappa]: [(30.91364,78.40107),75.72736]
	32675.75977	   0.07570	[mu,kappa]: [(41.06920,87.28732),278.00000]
	5460.08083	   0.01265	[mu,kappa]: [(47.95216,84.20820),278.00000]
	 440.25337	   0.00102	[mu,kappa]: [(81.63542,52.89051),7.21562]
	3011.15004	   0.00698	[mu,kappa]: [(73.44006,76.41785),21.35957]
	4203.55627	   0.00974	[mu,kappa]: [(29.82308,90.02388),278.00000]
	41607.57359	   0.09639	[mu,kappa]: [(40.66535,87.43922),278.00000]
	10470.06876	   0.02426	[mu,kappa]: [(39.04504,88.03828),278.00000]
	10121.73634	   0.02345	[mu,kappa]: [(37.73595,88.50059),278.00000]
	4599.77492	   0.01066	[mu,kappa]: [(47.72494,84.29140),278.00000]
	3780.25531	   0.00876	[mu,kappa]: [(13.64637,300.63286),55.07651]
	2965.86190	   0.00687	[mu,kappa]: [(78.58537,286.16246),11.63144]
	2729.86659	   0.00633	[mu,kappa]: [(144.30328,62.61085),12.82672]
	1973.45251	   0.00457	[mu,kappa]: [(36.48682,30.16963),18.06623]
	3913.62819	   0.00907	[mu,kappa]: [(83.47429,285.37977),11.69168]
	3485.85523	   0.00808	[mu,kappa]: [(26.32557,89.53142),197.62749]
	6849.40641	   0.01587	[mu,kappa]: [(48.15233,84.12291),278.00000]
	 396.49713	   0.00092	[mu,kappa]: [(119.67232,313.25576),6.81384]
	6724.27455	   0.01558	[mu,kappa]: [(56.60892,77.65769),109.67896]
	5857.41698	   0.01357	[mu,kappa]: [(52.00477,79.80257),147.69064]
			msglen: 7800892.28170 bits.
			N: 431648
		18.07235 bpr
Null model msglen: 10179582.71111 bits.	(23.58306 bpr)
