Iteration #: 0
	8727.00000	   0.02022	[mu,kappa]: [(39.51538,82.75823),4.52688]
	8693.00000	   0.02014	[mu,kappa]: [(39.11144,82.65040),4.54374]
	8590.00000	   0.01990	[mu,kappa]: [(39.25411,82.21271),4.40749]
	8713.00000	   0.02019	[mu,kappa]: [(39.20789,82.57671),4.55461]
	8613.00000	   0.01995	[mu,kappa]: [(39.40112,82.55698),4.36951]
	8658.00000	   0.02006	[mu,kappa]: [(39.46568,82.33579),4.33919]
	8663.00000	   0.02007	[mu,kappa]: [(39.75478,82.63005),4.42593]
	8414.00000	   0.01949	[mu,kappa]: [(39.65547,82.56124),4.47246]
	8804.00000	   0.02040	[mu,kappa]: [(39.09353,82.56592),4.61828]
	8690.00000	   0.02013	[mu,kappa]: [(39.34699,82.82237),4.54637]
	8503.00000	   0.01970	[mu,kappa]: [(38.93945,82.63427),4.40320]
	8611.00000	   0.01995	[mu,kappa]: [(39.47519,82.39243),4.48697]
	8600.00000	   0.01992	[mu,kappa]: [(38.98598,82.29840),4.33346]
	8509.00000	   0.01971	[mu,kappa]: [(39.33824,82.32232),4.40597]
	8667.00000	   0.02008	[mu,kappa]: [(39.63580,82.36325),4.38914]
	8631.00000	   0.02000	[mu,kappa]: [(39.17127,82.56772),4.62696]
	8620.00000	   0.01997	[mu,kappa]: [(39.22190,82.41942),4.22793]
	8773.00000	   0.02032	[mu,kappa]: [(39.38577,82.26384),4.36596]
	8688.00000	   0.02013	[mu,kappa]: [(39.02530,82.31738),4.43816]
	8656.00000	   0.02005	[mu,kappa]: [(39.42535,82.56339),4.45831]
	8787.00000	   0.02036	[mu,kappa]: [(39.49800,82.48195),4.49295]
	8724.00000	   0.02021	[mu,kappa]: [(39.65753,82.38439),4.26999]
	8664.00000	   0.02007	[mu,kappa]: [(39.30416,82.65383),4.51433]
	8705.00000	   0.02017	[mu,kappa]: [(39.38816,82.34829),4.45691]
	8681.00000	   0.02011	[mu,kappa]: [(39.71933,82.15930),4.23955]
	8532.00000	   0.01977	[mu,kappa]: [(39.40945,82.84900),4.49692]
	8650.00000	   0.02004	[mu,kappa]: [(39.51472,82.50120),4.47689]
	8657.00000	   0.02006	[mu,kappa]: [(39.29015,82.31465),4.22441]
	8434.00000	   0.01954	[mu,kappa]: [(39.47528,82.84064),4.56190]
	8720.00000	   0.02020	[mu,kappa]: [(38.75724,82.63653),4.66382]
	8727.00000	   0.02022	[mu,kappa]: [(39.34380,82.51950),4.49838]
	8616.00000	   0.01996	[mu,kappa]: [(39.03268,82.31329),4.31943]
	8584.00000	   0.01989	[mu,kappa]: [(39.23102,82.32504),4.47735]
	8702.00000	   0.02016	[mu,kappa]: [(39.19544,82.34536),4.46683]
	8645.00000	   0.02003	[mu,kappa]: [(39.45875,82.22508),4.41825]
	8534.00000	   0.01977	[mu,kappa]: [(39.07507,82.56118),4.61681]
	8742.00000	   0.02025	[mu,kappa]: [(39.31387,82.44656),4.42356]
	8709.00000	   0.02018	[mu,kappa]: [(39.42441,82.69338),4.36101]
	8432.00000	   0.01953	[mu,kappa]: [(39.56064,82.38443),4.42662]
	8618.00000	   0.01997	[mu,kappa]: [(39.02730,82.55950),4.60243]
	8513.00000	   0.01972	[mu,kappa]: [(39.29864,82.17761),4.45822]
	8598.00000	   0.01992	[mu,kappa]: [(39.11735,82.38347),4.35613]
	8735.00000	   0.02024	[mu,kappa]: [(39.36388,82.26874),4.39915]
	8572.00000	   0.01986	[mu,kappa]: [(39.43568,82.18904),4.24425]
	8613.00000	   0.01995	[mu,kappa]: [(39.72214,82.94774),4.50958]
	8567.00000	   0.01985	[mu,kappa]: [(39.33487,82.28682),4.33532]
	8678.00000	   0.02010	[mu,kappa]: [(39.36610,82.13300),4.36089]
	8549.00000	   0.01981	[mu,kappa]: [(39.43235,82.71723),4.45883]
	8520.00000	   0.01974	[mu,kappa]: [(39.16224,82.16396),4.22276]
	8617.00000	   0.01996	[mu,kappa]: [(39.42270,82.61196),4.56894]
			msglen: 0.00000 bits.
Iteration #: 1
	8723.86953	   0.02021	[mu,kappa]: [(39.34354,83.07055),5.10184]
	8693.77096	   0.02014	[mu,kappa]: [(39.20624,83.13641),5.22103]
	8576.54694	   0.01987	[mu,kappa]: [(39.30953,82.27788),4.29156]
	8716.46347	   0.02019	[mu,kappa]: [(39.23326,83.18437),5.29502]
	8602.81764	   0.01993	[mu,kappa]: [(39.39294,82.07207),4.08374]
	8653.50378	   0.02005	[mu,kappa]: [(39.44036,81.81460),3.90224]
	8648.36827	   0.02004	[mu,kappa]: [(39.47949,82.47194),4.41882]
	8402.22606	   0.01947	[mu,kappa]: [(39.41487,82.74438),4.71435]
	8828.25685	   0.02045	[mu,kappa]: [(39.18306,83.48443),5.78569]
	8691.74484	   0.02014	[mu,kappa]: [(39.28260,83.17658),5.24903]
	8489.27045	   0.01967	[mu,kappa]: [(39.20306,82.30305),4.29018]
	8600.68788	   0.01993	[mu,kappa]: [(39.34486,82.80159),4.80384]
	8596.38416	   0.01992	[mu,kappa]: [(39.26052,81.74862),3.87444]
	8495.78452	   0.01968	[mu,kappa]: [(39.34197,82.28655),4.28707]
	8654.53041	   0.02005	[mu,kappa]: [(39.46225,82.18553),4.18496]
	8658.17190	   0.02006	[mu,kappa]: [(39.20520,83.52482),5.85534]
	8656.01187	   0.02005	[mu,kappa]: [(39.46120,80.86776),3.33905]
	8763.52576	   0.02030	[mu,kappa]: [(39.38716,81.99985),4.04963]
	8673.72932	   0.02009	[mu,kappa]: [(39.21272,82.48658),4.48773]
	8643.02296	   0.02002	[mu,kappa]: [(39.34420,82.65624),4.62542]
	8777.38143	   0.02033	[mu,kappa]: [(39.35047,82.84838),4.84927]
	8741.01091	   0.02025	[mu,kappa]: [(39.58987,81.26282),3.53803]
	8658.43605	   0.02006	[mu,kappa]: [(39.27870,82.98585),5.00943]
	8691.73328	   0.02014	[mu,kappa]: [(39.33005,82.61638),4.60477]
	8712.69647	   0.02018	[mu,kappa]: [(39.65426,80.94754),3.37847]
	8523.65245	   0.01975	[mu,kappa]: [(39.32248,82.91844),4.89931]
	8638.54500	   0.02001	[mu,kappa]: [(39.36428,82.75930),4.74243]
	8695.66917	   0.02015	[mu,kappa]: [(39.49390,80.81700),3.31770]
	8439.65866	   0.01955	[mu,kappa]: [(39.31822,83.25888),5.36360]
	8762.70460	   0.02030	[mu,kappa]: [(39.07794,83.68329),6.16924]
	8718.44976	   0.02020	[mu,kappa]: [(39.29696,82.88092),4.89048]
	8615.94350	   0.01996	[mu,kappa]: [(39.28967,81.64243),3.79888]
	8572.61997	   0.01986	[mu,kappa]: [(39.26613,82.73136),4.73878]
	8689.46162	   0.02013	[mu,kappa]: [(39.25890,82.67119),4.67120]
	8631.01081	   0.02000	[mu,kappa]: [(39.37625,82.35612),4.35475]
	8556.94740	   0.01982	[mu,kappa]: [(39.17762,83.47687),5.77359]
	8727.83898	   0.02022	[mu,kappa]: [(39.32369,82.42018),4.40095]
	8699.65996	   0.02015	[mu,kappa]: [(39.40950,82.03294),4.04133]
	8418.17989	   0.01950	[mu,kappa]: [(39.40849,82.43640),4.41316]
	8635.91149	   0.02001	[mu,kappa]: [(39.16541,83.40989),5.65960]
	8499.92817	   0.01969	[mu,kappa]: [(39.29667,82.59783),4.60462]
	8589.95254	   0.01990	[mu,kappa]: [(39.29504,81.93881),4.00272]
	8721.85313	   0.02021	[mu,kappa]: [(39.35517,82.23302),4.24324]
	8600.86090	   0.01993	[mu,kappa]: [(39.52885,80.98748),3.40627]
	8606.16510	   0.01994	[mu,kappa]: [(39.42030,83.00646),4.98815]
	8563.48275	   0.01984	[mu,kappa]: [(39.39317,81.77301),3.88046]
	8669.54714	   0.02008	[mu,kappa]: [(39.38241,81.94132),4.01488]
	8536.23773	   0.01978	[mu,kappa]: [(39.34772,82.68118),4.63731]
	8559.40084	   0.01983	[mu,kappa]: [(39.43975,80.76669),3.30561]
	8624.37274	   0.01998	[mu,kappa]: [(39.29730,83.26398),5.40175]
			msglen: 9407391.11764 bits.
Iteration #: 2
	8826.26310	   0.02045	[mu,kappa]: [(39.18989,85.20188),13.81266]
	8929.74493	   0.02069	[mu,kappa]: [(39.19075,85.38625),15.88367]
	8095.24390	   0.01875	[mu,kappa]: [(39.09759,82.47024),4.73565]
	9039.81115	   0.02094	[mu,kappa]: [(39.21558,85.48763),17.27960]
	8129.79733	   0.01883	[mu,kappa]: [(39.23766,80.89445),3.54608]
	8280.38275	   0.01918	[mu,kappa]: [(39.49794,78.82530),2.73289]
	8200.19412	   0.01900	[mu,kappa]: [(39.13242,83.18499),5.64725]
	8142.19187	   0.01886	[mu,kappa]: [(39.12599,84.32270),8.43241]
	9787.08125	   0.02267	[mu,kappa]: [(39.32834,85.97018),28.20207]
	8960.32321	   0.02076	[mu,kappa]: [(39.21399,85.42734),16.41426]
	8012.80244	   0.01856	[mu,kappa]: [(39.06114,82.46233),4.72899]
	8408.52089	   0.01948	[mu,kappa]: [(39.12309,84.57057),9.48570]
	8250.86939	   0.01911	[mu,kappa]: [(39.45971,78.40733),2.62386]
	8018.20292	   0.01858	[mu,kappa]: [(39.11028,82.44520),4.70682]
	8161.31299	   0.01891	[mu,kappa]: [(39.19533,81.74737),4.08435]
	9691.28062	   0.02245	[mu,kappa]: [(39.34825,86.01930),29.94247]
	9513.60974	   0.02204	[mu,kappa]: [(44.71438,60.10228),0.97379]
	8293.71368	   0.01921	[mu,kappa]: [(39.26624,80.55930),3.37849]
	8256.34003	   0.01913	[mu,kappa]: [(39.04705,83.49216),6.20468]
	8309.93815	   0.01925	[mu,kappa]: [(39.09545,84.03451),7.48454]
	8622.48421	   0.01998	[mu,kappa]: [(39.13354,84.68597),10.06460]
	8963.16995	   0.02076	[mu,kappa]: [(41.31554,70.52313),1.50277]
	8662.03372	   0.02007	[mu,kappa]: [(39.15280,85.03367),12.33087]
	8342.63448	   0.01933	[mu,kappa]: [(39.08914,83.95946),7.27678]
	9427.77933	   0.02184	[mu,kappa]: [(43.88739,62.84582),1.07078]
	8419.56145	   0.01951	[mu,kappa]: [(39.13763,84.80565),10.73773]
	8393.74887	   0.01945	[mu,kappa]: [(39.11714,84.40361),8.75114]
	9643.86734	   0.02234	[mu,kappa]: [(45.45447,58.49134),0.92148]
	8832.97085	   0.02046	[mu,kappa]: [(39.25036,85.57526),18.65750]
	10239.63990	   0.02372	[mu,kappa]: [(39.39375,86.20330),37.93416]
	8603.31103	   0.01993	[mu,kappa]: [(39.12933,84.78284),10.61193]
	8352.31251	   0.01935	[mu,kappa]: [(39.65712,77.18205),2.34075]
	8326.81280	   0.01929	[mu,kappa]: [(39.09089,84.38973),8.70525]
	8387.54532	   0.01943	[mu,kappa]: [(39.07787,84.18344),7.95625]
	8161.49625	   0.01891	[mu,kappa]: [(39.10708,82.84306),5.16779]
	9470.48062	   0.02194	[mu,kappa]: [(39.32454,85.96125),27.90230]
	8268.85192	   0.01916	[mu,kappa]: [(39.08422,83.08834),5.50908]
	8236.44287	   0.01908	[mu,kappa]: [(39.28491,80.48492),3.34039]
	7979.87511	   0.01849	[mu,kappa]: [(39.11017,83.15192),5.60195]
	9408.89205	   0.02180	[mu,kappa]: [(39.29505,85.87112),25.15085]
	8158.42364	   0.01890	[mu,kappa]: [(39.07959,83.95649),7.27346]
	8150.94558	   0.01888	[mu,kappa]: [(39.27618,80.06017),3.16153]
	8226.00394	   0.01906	[mu,kappa]: [(39.12892,82.15934),4.42910]
	9208.78517	   0.02133	[mu,kappa]: [(43.13377,64.45395),1.14294]
	8588.08661	   0.01990	[mu,kappa]: [(39.18034,84.99566),12.01989]
	8213.62537	   0.01903	[mu,kappa]: [(39.51668,78.50966),2.64659]
	8220.26344	   0.01904	[mu,kappa]: [(39.30121,80.19517),3.21550]
	8215.51758	   0.01903	[mu,kappa]: [(39.09791,84.07673),7.60676]
	9542.55056	   0.02211	[mu,kappa]: [(45.82466,57.46473),0.89257]
	9072.26307	   0.02102	[mu,kappa]: [(39.25576,85.61857),19.43354]
			msglen: 8900546.78981 bits.
Iteration #: 3
	10959.39802	   0.02539	[mu,kappa]: [(39.75195,86.77247),91.47476]
	12486.05221	   0.02893	[mu,kappa]: [(39.80427,86.90879),105.25463]
	4280.51037	   0.00992	[mu,kappa]: [(37.63932,82.95739),13.49229]
	13578.05551	   0.03146	[mu,kappa]: [(39.83298,86.97612),113.61882]
	3712.15334	   0.00860	[mu,kappa]: [(36.04993,78.49353),5.29849]
	3721.50818	   0.00862	[mu,kappa]: [(34.66041,66.88863),2.22020]
	4902.48603	   0.01136	[mu,kappa]: [(38.36339,84.28500),21.42280]
	6676.78706	   0.01547	[mu,kappa]: [(39.30410,85.90908),46.85538]
	22180.88469	   0.05138	[mu,kappa]: [(39.91948,87.24426),162.32913]
	12884.34536	   0.02985	[mu,kappa]: [(39.81924,86.93548),108.53845]
	4233.36009	   0.00981	[mu,kappa]: [(37.61870,82.94236),13.43015]
	7601.35834	   0.01761	[mu,kappa]: [(39.45668,86.19092),56.40121]
	3749.98391	   0.00869	[mu,kappa]: [(34.56007,63.40190),1.93147]
	4222.98016	   0.00978	[mu,kappa]: [(37.61550,82.90014),13.25749]
	3955.55666	   0.00916	[mu,kappa]: [(36.90711,81.20887),8.52616]
	23076.56571	   0.05346	[mu,kappa]: [(39.92668,87.26739),168.44651]
	9852.39464	   0.02282	[mu,kappa]: [(136.99954,301.56678),1.97453]
	3737.08259	   0.00866	[mu,kappa]: [(35.74188,77.18194),4.49834]
	5299.24496	   0.01228	[mu,kappa]: [(38.63262,84.79264),26.39920]
	6183.43808	   0.01433	[mu,kappa]: [(39.09314,85.55272),38.12181]
	8190.70953	   0.01898	[mu,kappa]: [(39.52188,86.31097),61.54330]
	6218.77470	   0.01441	[mu,kappa]: [(120.73799,320.07357),0.87329]
	9766.68080	   0.02263	[mu,kappa]: [(39.68446,86.63683),80.38535]
	6068.85403	   0.01406	[mu,kappa]: [(39.03520,85.45588),36.20819]
	9005.37618	   0.02086	[mu,kappa]: [(135.67225,303.63010),1.74770]
	8445.25535	   0.01957	[mu,kappa]: [(39.58196,86.42831),67.36600]
	7096.79660	   0.01644	[mu,kappa]: [(39.35472,86.00478),49.75785]
	10446.23070	   0.02420	[mu,kappa]: [(137.67616,300.63300),2.10320]
	14160.21937	   0.03280	[mu,kappa]: [(39.85769,87.02958),121.24493]
	29558.53872	   0.06848	[mu,kappa]: [(39.94073,87.35063),193.48131]
	8544.21580	   0.01979	[mu,kappa]: [(39.56993,86.40811),66.28044]
	3990.39954	   0.00925	[mu,kappa]: [(35.88809,48.94069),1.26986]
	7009.55526	   0.01624	[mu,kappa]: [(39.34091,85.99202),49.31062]
	6558.16100	   0.01519	[mu,kappa]: [(39.19936,85.74573),42.43929]
	4577.60628	   0.01061	[mu,kappa]: [(38.02364,83.69034),17.17199]
	21274.36855	   0.04928	[mu,kappa]: [(39.91807,87.24000),161.24375]
	4854.83917	   0.01125	[mu,kappa]: [(38.26022,84.13036),20.17010]
	3701.89317	   0.00858	[mu,kappa]: [(35.67634,76.84005),4.33031]
	4742.68655	   0.01099	[mu,kappa]: [(38.32817,84.23543),21.00763]
	19389.01800	   0.04492	[mu,kappa]: [(39.90502,87.19552),150.80381]
	5932.68325	   0.01374	[mu,kappa]: [(39.03163,85.45421),36.16911]
	3632.89581	   0.00842	[mu,kappa]: [(35.29944,74.90425),3.60291]
	4171.72576	   0.00967	[mu,kappa]: [(37.32171,82.26277),11.04251]
	8298.76752	   0.01923	[mu,kappa]: [(134.28265,305.36034),1.58452]
	9476.44005	   0.02195	[mu,kappa]: [(39.67497,86.60107),77.97794]
	3722.50919	   0.00862	[mu,kappa]: [(34.61314,64.22967),1.98972]
	3670.62588	   0.00850	[mu,kappa]: [(35.42870,75.55240),3.81177]
	6193.67183	   0.01435	[mu,kappa]: [(39.12463,85.60612),39.24749]
	10600.34387	   0.02456	[mu,kappa]: [(137.98346,300.13591),2.17546]
	15054.01166	   0.03487	[mu,kappa]: [(39.86636,87.05622),125.27096]
			msglen: 8048712.51872 bits.
Iteration #: 4
	11405.05966	   0.02642	[mu,kappa]: [(40.00426,87.17243),157.93516]
	13798.95483	   0.03197	[mu,kappa]: [(40.03760,87.29207),182.91466]
	2400.91627	   0.00556	[mu,kappa]: [(36.59183,80.56893),15.80982]
	15508.24688	   0.03593	[mu,kappa]: [(40.05620,87.34949),197.80937]
	2076.85118	   0.00481	[mu,kappa]: [(29.77732,63.69429),5.64650]
	2170.12464	   0.00503	[mu,kappa]: [(25.47754,28.08020),2.68991]
	3006.70329	   0.00697	[mu,kappa]: [(38.39580,83.97014),28.85613]
	5290.02352	   0.01226	[mu,kappa]: [(39.65021,86.32352),74.78924]
	29525.73929	   0.06840	[mu,kappa]: [(40.10338,87.57205),278.00000]
	14428.96955	   0.03343	[mu,kappa]: [(40.04812,87.31471),188.79056]
	2373.25623	   0.00550	[mu,kappa]: [(36.55010,80.52214),15.71409]
	6473.59124	   0.01500	[mu,kappa]: [(39.78193,86.61917),92.59719]
	2201.38944	   0.00510	[mu,kappa]: [(26.13842,19.59096),2.36984]
	2363.58368	   0.00548	[mu,kappa]: [(36.50728,80.38861),15.45621]
	2164.51976	   0.00502	[mu,kappa]: [(33.69766,74.27586),9.04201]
	31204.05451	   0.07229	[mu,kappa]: [(40.10691,87.59085),278.00000]
	9750.14789	   0.02259	[mu,kappa]: [(139.53108,296.31344),3.67571]
	2112.56292	   0.00490	[mu,kappa]: [(28.42822,58.90612),4.91161]
	3445.16322	   0.00798	[mu,kappa]: [(38.86267,84.87631),37.57025]
	4539.69241	   0.01052	[mu,kappa]: [(39.44253,85.91946),58.69627]
	7224.23681	   0.01674	[mu,kappa]: [(39.83464,86.73933),102.23797]
	4769.61651	   0.01105	[mu,kappa]: [(121.91423,305.12000),1.73692]
	9621.19779	   0.02229	[mu,kappa]: [(39.95634,87.05018),137.46888]
	4375.07614	   0.01014	[mu,kappa]: [(39.37991,85.80218),55.20622]
	8490.61141	   0.01967	[mu,kappa]: [(137.74721,297.39697),3.24093]
	7728.79312	   0.01791	[mu,kappa]: [(39.88102,86.85387),113.15762]
	5753.86713	   0.01333	[mu,kappa]: [(39.69521,86.42625),80.18542]
	10615.42166	   0.02459	[mu,kappa]: [(140.42080,295.81303),3.93187]
	16632.86514	   0.03853	[mu,kappa]: [(40.07240,87.39431),211.20490]
	42363.42165	   0.09814	[mu,kappa]: [(40.10917,87.65858),278.00000]
	7767.26147	   0.01799	[mu,kappa]: [(39.87156,86.83454),111.12212]
	2403.97452	   0.00557	[mu,kappa]: [(33.64057,354.23430),1.62530]
	5663.20502	   0.01312	[mu,kappa]: [(39.68221,86.41334),79.34979]
	5006.27525	   0.01160	[mu,kappa]: [(39.55029,86.14406),66.61810]
	2669.40241	   0.00619	[mu,kappa]: [(37.66681,82.63707),21.65462]
	28238.38297	   0.06542	[mu,kappa]: [(40.10265,87.56859),278.00000]
	2933.15347	   0.00680	[mu,kappa]: [(38.20383,83.65419),26.69797]
	2097.27493	   0.00486	[mu,kappa]: [(28.13663,57.70075),4.75869]
	2894.28446	   0.00671	[mu,kappa]: [(38.33288,83.87129),28.13734]
	25011.76837	   0.05794	[mu,kappa]: [(40.09633,87.53225),261.43428]
	4275.26457	   0.00991	[mu,kappa]: [(39.37601,85.80038),55.13363]
	2079.12402	   0.00482	[mu,kappa]: [(26.76710,51.17489),4.09191]
	2297.12555	   0.00532	[mu,kappa]: [(35.46426,78.23998),12.26630]
	7546.37499	   0.01748	[mu,kappa]: [(136.03333,298.28724),2.93692]
	9216.92531	   0.02135	[mu,kappa]: [(39.95105,87.01662),132.99638]
	2181.24750	   0.00505	[mu,kappa]: [(25.96813,21.54284),2.43375]
	2094.35745	   0.00485	[mu,kappa]: [(27.17898,53.31335),4.28509]
	4594.97025	   0.01065	[mu,kappa]: [(39.47547,85.98264),60.75555]
	10929.67608	   0.02532	[mu,kappa]: [(140.84854,295.54461),4.07667]
	17933.29364	   0.04154	[mu,kappa]: [(40.07727,87.41670),218.20209]
			msglen: 7930769.78970 bits.
Iteration #: 5
	10963.55825	   0.02540	[mu,kappa]: [(40.06654,87.23080),178.58294]
	13519.46837	   0.03132	[mu,kappa]: [(40.09885,87.37437),212.51070]
	2322.97520	   0.00538	[mu,kappa]: [(36.93430,79.87328),15.13087]
	15370.44735	   0.03561	[mu,kappa]: [(40.11783,87.44122),232.95303]
	2260.85558	   0.00524	[mu,kappa]: [(27.18119,57.76180),5.37127]
	2492.79705	   0.00578	[mu,kappa]: [(21.60963,11.71271),3.19609]
	2855.16188	   0.00662	[mu,kappa]: [(38.73237,83.58146),28.03371]
	4887.30484	   0.01132	[mu,kappa]: [(39.73268,86.15038),74.52056]
	31053.94898	   0.07194	[mu,kappa]: [(40.15865,87.68616),278.00000]
	14201.28837	   0.03290	[mu,kappa]: [(40.11045,87.40068),220.56260]
	2296.82089	   0.00532	[mu,kappa]: [(36.87625,79.81953),15.03384]
	5992.90789	   0.01388	[mu,kappa]: [(39.84563,86.52876),94.98346]
	2510.06593	   0.00582	[mu,kappa]: [(22.51464,3.01773),2.93186]
	2289.39551	   0.00530	[mu,kappa]: [(36.84203,79.65870),14.76636]
	2196.67116	   0.00509	[mu,kappa]: [(33.18000,71.88549),8.30325]
	32821.98422	   0.07604	[mu,kappa]: [(40.16063,87.69402),278.00000]
	9409.53145	   0.02180	[mu,kappa]: [(143.21251,295.53931),4.79493]
	2348.02908	   0.00544	[mu,kappa]: [(25.11133,51.19153),4.82407]
	3244.10725	   0.00752	[mu,kappa]: [(39.08934,84.51199),36.33630]
	4211.04318	   0.00976	[mu,kappa]: [(39.55869,85.65638),57.25334]
	6709.63418	   0.01554	[mu,kappa]: [(39.89545,86.68372),106.58187]
	4238.97526	   0.00982	[mu,kappa]: [(115.95274,304.03946),1.79514]
	9114.37912	   0.02112	[mu,kappa]: [(40.01568,87.08025),151.35609]
	4065.42096	   0.00942	[mu,kappa]: [(39.50797,85.51883),53.66921]
	7946.66897	   0.01841	[mu,kappa]: [(140.69303,296.55644),4.01566]
	7214.51828	   0.01671	[mu,kappa]: [(39.93994,86.83120),120.09719]
	5315.69127	   0.01232	[mu,kappa]: [(39.76874,86.28114),80.58063]
	10441.52892	   0.02419	[mu,kappa]: [(144.41355,295.07541),5.27310]
	16656.51092	   0.03859	[mu,kappa]: [(40.13456,87.49238),251.40559]
	44569.18862	   0.10325	[mu,kappa]: [(40.15577,87.72511),278.00000]
	7242.91444	   0.01678	[mu,kappa]: [(39.92984,86.80658),117.55100]
	2617.76723	   0.00607	[mu,kappa]: [(29.09425,342.17212),2.22577]
	5231.67542	   0.01212	[mu,kappa]: [(39.75267,86.26568),79.63707]
	4630.85482	   0.01073	[mu,kappa]: [(39.64046,85.92892),65.60590]
	2554.32276	   0.00592	[mu,kappa]: [(38.06350,82.20300),21.04471]
	29699.46736	   0.06880	[mu,kappa]: [(40.15818,87.68473),278.00000]
	2791.13485	   0.00647	[mu,kappa]: [(38.55023,83.26475),25.96787]
	2341.05377	   0.00542	[mu,kappa]: [(24.67711,49.52845),4.71307]
	2750.29925	   0.00637	[mu,kappa]: [(38.67119,83.48318),27.34723]
	26000.83410	   0.06023	[mu,kappa]: [(40.15336,87.64623),278.00000]
	3972.81466	   0.00920	[mu,kappa]: [(39.50245,85.51732),53.59575]
	2362.82908	   0.00547	[mu,kappa]: [(22.73782,40.42718),4.24259]
	2258.41447	   0.00523	[mu,kappa]: [(35.58249,77.01371),11.48982]
	6926.44057	   0.01605	[mu,kappa]: [(138.20958,297.40152),3.49731]
	8705.52381	   0.02017	[mu,kappa]: [(40.01300,87.03761),145.50179]
	2491.32032	   0.00577	[mu,kappa]: [(22.29424,4.99980),2.98379]
	2368.27724	   0.00549	[mu,kappa]: [(23.29922,43.42382),4.37687]
	4258.57785	   0.00987	[mu,kappa]: [(39.58528,85.73166),59.39481]
	10867.40260	   0.02518	[mu,kappa]: [(144.98497,294.82638),5.54570]
	18055.19646	   0.04183	[mu,kappa]: [(40.13883,87.51783),261.05670]
			msglen: 7920323.46297 bits.
Iteration #: 6
	10620.58746	   0.02460	[mu,kappa]: [(40.06962,87.26704),192.86855]
	13305.13961	   0.03082	[mu,kappa]: [(40.10900,87.43233),237.44841]
	2332.68128	   0.00540	[mu,kappa]: [(38.33535,79.78978),14.91186]
	15286.18317	   0.03541	[mu,kappa]: [(40.13238,87.50705),264.76884]
	2353.27902	   0.00545	[mu,kappa]: [(27.61460,56.57851),4.98223]
	2749.51301	   0.00637	[mu,kappa]: [(20.07931,356.65505),3.37323]
	2877.30067	   0.00667	[mu,kappa]: [(39.33205,83.36427),27.64212]
	4727.15764	   0.01095	[mu,kappa]: [(39.73792,85.98839),71.04124]
	31636.27882	   0.07329	[mu,kappa]: [(40.16557,87.69362),278.00000]
	14033.22459	   0.03251	[mu,kappa]: [(40.12380,87.46156),248.18105]
	2305.90771	   0.00534	[mu,kappa]: [(38.26615,79.73991),14.81191]
	5737.82530	   0.01329	[mu,kappa]: [(39.81818,86.43278),92.35071]
	2785.91324	   0.00645	[mu,kappa]: [(21.59098,347.03135),3.17014]
	2298.82298	   0.00533	[mu,kappa]: [(38.29029,79.57214),14.52371]
	2229.12781	   0.00517	[mu,kappa]: [(35.37676,71.56955),7.69754]
	33437.52457	   0.07746	[mu,kappa]: [(40.16705,87.69687),278.00000]
	9119.90915	   0.02113	[mu,kappa]: [(145.62042,295.36633),5.78986]
	2469.30565	   0.00572	[mu,kappa]: [(24.46896,48.73214),4.55365]
	3251.77945	   0.00753	[mu,kappa]: [(39.41805,84.26617),35.20258]
	4132.85959	   0.00958	[mu,kappa]: [(39.63644,85.43618),54.29294]
	6407.02721	   0.01484	[mu,kappa]: [(39.86708,86.61718),105.10807]
	4060.96358	   0.00941	[mu,kappa]: [(106.64933,302.95384),1.82122]
	8742.96901	   0.02025	[mu,kappa]: [(40.00445,87.09095),158.26425]
	4004.38221	   0.00928	[mu,kappa]: [(39.61204,85.28781),50.94740]
	7473.68029	   0.01731	[mu,kappa]: [(141.96155,296.31714),4.53921]
	6883.89893	   0.01595	[mu,kappa]: [(39.91421,86.79386),120.54594]
	5121.92261	   0.01187	[mu,kappa]: [(39.75681,86.14112),77.18974]
	10339.04732	   0.02395	[mu,kappa]: [(147.28902,294.91639),6.60058]
	16727.28235	   0.03875	[mu,kappa]: [(40.15270,87.56312),278.00000]
	45404.55712	   0.10518	[mu,kappa]: [(40.15743,87.71337),278.00000]
	6910.81685	   0.01601	[mu,kappa]: [(39.90181,86.76474),117.59513]
	2914.53425	   0.00675	[mu,kappa]: [(29.20196,329.01680),2.56723]
	5043.72693	   0.01169	[mu,kappa]: [(39.73492,86.12532),76.23011]
	4509.90485	   0.01045	[mu,kappa]: [(39.66295,85.74058),62.26672]
	2573.12201	   0.00596	[mu,kappa]: [(38.98231,82.06958),20.97905]
	30256.39975	   0.07009	[mu,kappa]: [(40.16518,87.69306),278.00000]
	2813.54674	   0.00652	[mu,kappa]: [(39.20635,83.07464),25.72223]
	2468.28549	   0.00572	[mu,kappa]: [(23.80481,46.64879),4.47014]
	2771.96979	   0.00642	[mu,kappa]: [(39.28549,83.27539),27.00760]
	26487.70095	   0.06136	[mu,kappa]: [(40.16389,87.67570),278.00000]
	3913.43560	   0.00907	[mu,kappa]: [(39.60355,85.28735),50.88072]
	2524.76295	   0.00585	[mu,kappa]: [(20.87687,34.48809),4.13958]
	2270.16722	   0.00526	[mu,kappa]: [(37.44859,76.86030),11.01922]
	6422.10301	   0.01488	[mu,kappa]: [(138.27266,297.07847),3.77421]
	8337.50784	   0.01932	[mu,kappa]: [(40.00381,87.03919),151.00984]
	2761.05689	   0.00640	[mu,kappa]: [(21.22637,349.22651),3.20641]
	2519.75340	   0.00584	[mu,kappa]: [(21.70789,38.62435),4.22971]
	4170.82581	   0.00966	[mu,kappa]: [(39.64911,85.51851),56.31200]
	10897.12191	   0.02525	[mu,kappa]: [(148.06534,294.66212),7.06923]
	18225.20642	   0.04222	[mu,kappa]: [(40.15743,87.59099),278.00000]
			msglen: 7914907.29148 bits.
Iteration #: 7
	10356.08795	   0.02399	[mu,kappa]: [(40.05257,87.31504),205.37853]
	13192.90179	   0.03056	[mu,kappa]: [(40.10846,87.49887),263.05082]
	2345.15759	   0.00543	[mu,kappa]: [(40.03048,79.68592),14.89816]
	15336.18195	   0.03553	[mu,kappa]: [(40.13966,87.57940),278.00000]
	2371.29140	   0.00549	[mu,kappa]: [(30.70256,57.57494),4.59755]
	2870.36467	   0.00665	[mu,kappa]: [(20.12402,341.45050),3.55122]
	2922.02993	   0.00677	[mu,kappa]: [(39.86959,83.24016),27.77816]
	4665.80537	   0.01081	[mu,kappa]: [(39.63488,85.89464),67.55561]
	31931.69021	   0.07397	[mu,kappa]: [(40.16253,87.68311),278.00000]
	13977.99582	   0.03238	[mu,kappa]: [(40.12846,87.53005),277.17808]
	2317.22088	   0.00537	[mu,kappa]: [(39.94617,79.64174),14.79280]
	5589.24865	   0.01295	[mu,kappa]: [(39.69358,86.38129),88.61818]
	2939.28698	   0.00681	[mu,kappa]: [(22.61770,331.21756),3.40612]
	2310.92689	   0.00535	[mu,kappa]: [(40.07841,79.45860),14.47251]
	2265.35775	   0.00525	[mu,kappa]: [(39.83208,71.47521),7.12971]
	33749.66936	   0.07818	[mu,kappa]: [(40.16398,87.68428),278.00000]
	8845.97076	   0.02049	[mu,kappa]: [(147.29829,295.54640),6.60478]
	2481.86617	   0.00575	[mu,kappa]: [(25.83873,49.11466),4.27787]
	3298.86007	   0.00764	[mu,kappa]: [(39.64372,84.14000),34.74507]
	4136.07290	   0.00958	[mu,kappa]: [(39.60416,85.31341),51.94763]
	6209.65649	   0.01439	[mu,kappa]: [(39.75512,86.58512),101.91398]
	4172.76897	   0.00967	[mu,kappa]: [(97.93772,300.49978),1.99416]
	8452.14116	   0.01958	[mu,kappa]: [(39.95512,87.11814),162.46977]
	4018.99368	   0.00931	[mu,kappa]: [(39.60762,85.16020),48.90847]
	7069.51430	   0.01638	[mu,kappa]: [(141.92238,296.32054),4.78978]
	6648.70146	   0.01540	[mu,kappa]: [(39.82005,86.78309),118.68579]
	5033.27868	   0.01166	[mu,kappa]: [(39.63618,86.06196),73.49130]
	10269.51252	   0.02379	[mu,kappa]: [(149.61694,295.08283),7.88008]
	16881.78045	   0.03911	[mu,kappa]: [(40.16241,87.62202),278.00000]
	45828.02598	   0.10616	[mu,kappa]: [(40.14990,87.69531),278.00000]
	6677.85242	   0.01547	[mu,kappa]: [(39.80143,86.75114),115.42696]
	3141.90404	   0.00728	[mu,kappa]: [(32.18560,315.95452),2.88342]
	4959.93096	   0.01149	[mu,kappa]: [(39.60195,86.04923),72.56864]
	4482.87379	   0.01039	[mu,kappa]: [(39.56559,85.63824),59.30051]
	2602.27945	   0.00603	[mu,kappa]: [(39.89220,81.98718),21.29347]
	30538.95750	   0.07075	[mu,kappa]: [(40.16211,87.68294),278.00000]
	2854.66408	   0.00661	[mu,kappa]: [(39.79194,82.97262),25.96205]
	2481.37965	   0.00575	[mu,kappa]: [(24.78992,46.70050),4.22106]
	2814.27082	   0.00652	[mu,kappa]: [(39.83241,83.15987),27.18154]
	26735.22328	   0.06194	[mu,kappa]: [(40.16263,87.67471),278.00000]
	3927.94337	   0.00910	[mu,kappa]: [(39.59343,85.16185),48.85037]
	2551.41816	   0.00591	[mu,kappa]: [(20.16163,31.08896),4.04023]
	2285.54691	   0.00530	[mu,kappa]: [(40.28174,76.65008),10.62499]
	6060.78204	   0.01404	[mu,kappa]: [(136.43003,296.80760),3.81829]
	8051.67536	   0.01865	[mu,kappa]: [(39.95474,87.05749),153.76864]
	2905.16424	   0.00673	[mu,kappa]: [(22.01457,333.54458),3.42398]
	2540.25318	   0.00589	[mu,kappa]: [(21.45633,36.67217),4.08062]
	4166.81156	   0.00965	[mu,kappa]: [(39.60190,85.39924),53.79272]
	10986.22906	   0.02545	[mu,kappa]: [(150.65280,294.77423),8.63324]
	18394.47942	   0.04261	[mu,kappa]: [(40.16493,87.63450),278.00000]
			msglen: 7911003.12175 bits.
Iteration #: 8
	10147.84542	   0.02351	[mu,kappa]: [(40.03630,87.36797),218.50470]
	13194.84126	   0.03057	[mu,kappa]: [(40.11513,87.56825),278.00000]
	2344.41543	   0.00543	[mu,kappa]: [(41.68127,79.48225),15.00856]
	15431.79908	   0.03575	[mu,kappa]: [(40.14972,87.62333),278.00000]
	2392.21530	   0.00554	[mu,kappa]: [(36.76986,59.57489),4.24425]
	2890.28800	   0.00670	[mu,kappa]: [(20.79500,328.12153),3.97750]
	2953.06202	   0.00684	[mu,kappa]: [(40.22828,83.18841),28.26863]
	4643.11139	   0.01076	[mu,kappa]: [(39.39290,85.87428),64.70586]
	32132.36536	   0.07444	[mu,kappa]: [(40.16587,87.66853),278.00000]
	14059.03731	   0.03257	[mu,kappa]: [(40.14136,87.60060),278.00000]
	2315.14639	   0.00536	[mu,kappa]: [(41.56797,79.44381),14.89249]
	5492.39841	   0.01272	[mu,kappa]: [(39.45644,86.37863),84.99657]
	2995.15966	   0.00694	[mu,kappa]: [(24.41571,318.16864),3.88977]
	2311.17205	   0.00536	[mu,kappa]: [(41.86597,79.22807),14.53200]
	2374.79528	   0.00550	[mu,kappa]: [(46.86566,71.04287),6.59296]
	33961.73417	   0.07868	[mu,kappa]: [(40.16757,87.66868),278.00000]
	8565.53396	   0.01984	[mu,kappa]: [(148.58544,296.06523),7.23908]
	2449.24413	   0.00567	[mu,kappa]: [(29.01449,51.36944),4.04774]
	3339.35906	   0.00774	[mu,kappa]: [(39.67226,84.11584),34.75920]
	4159.26306	   0.00964	[mu,kappa]: [(39.41154,85.28576),50.33737]
	6065.82490	   0.01405	[mu,kappa]: [(39.55423,86.58850),98.42001]
	4401.86352	   0.01020	[mu,kappa]: [(92.63430,296.82077),2.39198]
	8205.20773	   0.01901	[mu,kappa]: [(39.88540,87.15526),165.80544]
	4048.85550	   0.00938	[mu,kappa]: [(39.43968,85.13078),47.58264]
	6731.82827	   0.01560	[mu,kappa]: [(140.95797,296.47552),4.84405]
	6463.07275	   0.01497	[mu,kappa]: [(39.66143,86.79646),116.08690]
	4989.68652	   0.01156	[mu,kappa]: [(39.37928,86.05006),70.31660]
	10213.73779	   0.02366	[mu,kappa]: [(151.67859,295.50428),9.11918]
	16988.08613	   0.03936	[mu,kappa]: [(40.17337,87.63790),278.00000]
	46115.46093	   0.10683	[mu,kappa]: [(40.14828,87.67845),278.00000]
	6496.40210	   0.01505	[mu,kappa]: [(39.63034,86.76416),112.59568]
	3281.82769	   0.00760	[mu,kappa]: [(36.20326,305.47563),3.39689]
	4920.79499	   0.01140	[mu,kappa]: [(39.32106,86.04527),69.46045]
	4487.17879	   0.01040	[mu,kappa]: [(39.30172,85.62671),57.07319]
	2614.54740	   0.00606	[mu,kappa]: [(40.58510,81.93742),21.87334]
	30730.90089	   0.07119	[mu,kappa]: [(40.16536,87.66857),278.00000]
	2880.65771	   0.00667	[mu,kappa]: [(40.16200,82.94187),26.52320]
	2440.94865	   0.00566	[mu,kappa]: [(27.30936,48.81956),4.02731]
	2842.78778	   0.00659	[mu,kappa]: [(40.18506,83.11755),27.69752]
	26903.42301	   0.06232	[mu,kappa]: [(40.16704,87.66429),278.00000]
	3957.41006	   0.00917	[mu,kappa]: [(39.41502,85.13615),47.53349]
	2495.61479	   0.00578	[mu,kappa]: [(19.79463,29.97616),4.08179]
	2313.11062	   0.00536	[mu,kappa]: [(43.83199,76.12884),10.22407]
	5841.06615	   0.01353	[mu,kappa]: [(133.23468,296.38020),3.78601]
	7809.35435	   0.01809	[mu,kappa]: [(39.88348,87.08573),155.54276]
	2949.86038	   0.00683	[mu,kappa]: [(23.54281,320.41469),3.88347]
	2484.31743	   0.00576	[mu,kappa]: [(21.86149,37.15200),4.03935]
	4185.32829	   0.00970	[mu,kappa]: [(39.39569,85.37318),52.01537]
	11125.65055	   0.02577	[mu,kappa]: [(152.98468,295.02752),10.26269]
	18510.40761	   0.04288	[mu,kappa]: [(40.17501,87.64341),278.00000]
			msglen: 7907138.45015 bits.
Iteration #: 9
	9989.08810	   0.02314	[mu,kappa]: [(40.03268,87.42301),234.07760]
	13268.19662	   0.03074	[mu,kappa]: [(40.13060,87.61705),278.00000]
	2316.45624	   0.00537	[mu,kappa]: [(43.12505,79.25355),15.43636]
	15519.16655	   0.03595	[mu,kappa]: [(40.16795,87.63438),278.00000]
	2457.78556	   0.00569	[mu,kappa]: [(46.22251,61.41590),3.99133]
	2858.79775	   0.00662	[mu,kappa]: [(20.97291,318.07948),4.95449]
	2964.21835	   0.00687	[mu,kappa]: [(40.45020,83.18556),29.02343]
	4633.41146	   0.01073	[mu,kappa]: [(38.99760,85.92468),62.47304]
	32314.38307	   0.07486	[mu,kappa]: [(40.18290,87.65229),278.00000]
	14138.29066	   0.03275	[mu,kappa]: [(40.16012,87.62544),278.00000]
	2285.59964	   0.00530	[mu,kappa]: [(42.95730,79.22138),15.29615]
	5420.38760	   0.01256	[mu,kappa]: [(39.09524,86.42799),81.85324]
	2994.12142	   0.00694	[mu,kappa]: [(25.53727,309.11106),4.86912]
	2284.96249	   0.00529	[mu,kappa]: [(43.47871,78.95687),14.90315]
	2627.55101	   0.00609	[mu,kappa]: [(56.72408,70.13366),6.32134]
	34154.16731	   0.07912	[mu,kappa]: [(40.18505,87.65185),278.00000]
	8279.07023	   0.01918	[mu,kappa]: [(149.56474,296.93471),7.68611]
	2385.77175	   0.00553	[mu,kappa]: [(33.58891,54.03673),3.89744]
	3363.77351	   0.00779	[mu,kappa]: [(39.51009,84.16715),35.01898]
	4181.47630	   0.00969	[mu,kappa]: [(39.04661,85.33894),49.22036]
	5948.53243	   0.01378	[mu,kappa]: [(39.26104,86.62880),95.17067]
	4646.20197	   0.01076	[mu,kappa]: [(90.30972,292.54085),3.18734]
	7981.40854	   0.01849	[mu,kappa]: [(39.80878,87.19879),169.29851]
	4074.56553	   0.00944	[mu,kappa]: [(39.09911,85.18200),46.70562]
	6468.76355	   0.01499	[mu,kappa]: [(139.35160,296.67587),4.82575]
	6301.85395	   0.01460	[mu,kappa]: [(39.44243,86.83318),113.44431]
	4964.42858	   0.01150	[mu,kappa]: [(38.96865,86.10667),67.76387]
	10159.31842	   0.02354	[mu,kappa]: [(153.47742,296.11032),10.27810]
	17084.95027	   0.03958	[mu,kappa]: [(40.19634,87.63457),278.00000]
	46375.24873	   0.10743	[mu,kappa]: [(40.15916,87.66261),278.00000]
	6340.65831	   0.01469	[mu,kappa]: [(39.39011,86.80390),109.77707]
	3343.42437	   0.00775	[mu,kappa]: [(39.70893,298.25551),4.25062]
	4900.79038	   0.01135	[mu,kappa]: [(38.86711,86.11709),67.00243]
	4499.62441	   0.01042	[mu,kappa]: [(38.84526,85.70213),55.44446]
	2603.93015	   0.00603	[mu,kappa]: [(41.05546,81.93582),22.76606]
	30904.97822	   0.07159	[mu,kappa]: [(40.18223,87.65246),278.00000]
	2885.99150	   0.00669	[mu,kappa]: [(40.33751,82.96927),27.33369]
	2359.65124	   0.00547	[mu,kappa]: [(30.78068,51.51877),3.93169]
	2851.75895	   0.00661	[mu,kappa]: [(40.37668,83.12857),28.46827]
	27056.01129	   0.06268	[mu,kappa]: [(40.18493,87.64979),278.00000]
	3983.12306	   0.00923	[mu,kappa]: [(39.05584,85.19369),46.66696]
	2383.40624	   0.00552	[mu,kappa]: [(18.83603,29.81581),4.44448]
	2341.69178	   0.00543	[mu,kappa]: [(47.90458,75.32221),10.00885]
	5734.25046	   0.01328	[mu,kappa]: [(129.35585,295.56996),3.85751]
	7588.35048	   0.01758	[mu,kappa]: [(39.80538,87.11952),157.25743]
	2936.42027	   0.00680	[mu,kappa]: [(24.44739,311.10829),4.84220]
	2370.47760	   0.00549	[mu,kappa]: [(21.98121,38.65259),4.22758]
	4204.82138	   0.00974	[mu,kappa]: [(39.01677,85.42805),50.75658]
	11300.74421	   0.02618	[mu,kappa]: [(155.02572,295.25858),11.92177]
	18615.94812	   0.04313	[mu,kappa]: [(40.19775,87.63685),278.00000]
			msglen: 7902180.92492 bits.
Iteration #: 10
	9881.95693	   0.02289	[mu,kappa]: [(40.04412,87.47973),253.20917]
	13336.18756	   0.03090	[mu,kappa]: [(40.15326,87.63158),278.00000]
	2261.53120	   0.00524	[mu,kappa]: [(44.34647,79.13322),16.53392]
	15599.96967	   0.03614	[mu,kappa]: [(40.19896,87.62896),278.00000]
	2549.12848	   0.00591	[mu,kappa]: [(57.98743,62.33527),3.98069]
	2858.02955	   0.00662	[mu,kappa]: [(19.66307,312.92810),6.89974]
	2965.82882	   0.00687	[mu,kappa]: [(40.70944,83.18231),29.99648]
	4633.37260	   0.01073	[mu,kappa]: [(38.44567,86.03900),60.74674]
	32483.15216	   0.07525	[mu,kappa]: [(40.21584,87.63347),278.00000]
	14211.67162	   0.03292	[mu,kappa]: [(40.19005,87.62682),278.00000]
	2228.22105	   0.00516	[mu,kappa]: [(44.08664,79.10922),16.33356]
	5367.55410	   0.01244	[mu,kappa]: [(38.59993,86.53131),79.31872]
	2984.24689	   0.00691	[mu,kappa]: [(24.81866,304.72368),6.53502]
	2230.44835	   0.00517	[mu,kappa]: [(44.86562,78.79503),15.96745]
	3047.75722	   0.00706	[mu,kappa]: [(67.52199,68.87147),6.58860]
	34332.73378	   0.07954	[mu,kappa]: [(40.21865,87.63259),278.00000]
	7995.01146	   0.01852	[mu,kappa]: [(150.32951,298.21489),7.96868]
	2248.88802	   0.00521	[mu,kappa]: [(38.20086,55.89366),3.89754]
	3379.20242	   0.00783	[mu,kappa]: [(39.23564,84.25334),35.32494]
	4203.54470	   0.00974	[mu,kappa]: [(38.52426,85.45248),48.36903]
	5850.37381	   0.01355	[mu,kappa]: [(38.87359,86.70624),92.37612]
	4992.79876	   0.01157	[mu,kappa]: [(89.88963,288.61494),4.84528]
	7772.20981	   0.01801	[mu,kappa]: [(39.73417,87.24574),173.26333]
	4097.87680	   0.00949	[mu,kappa]: [(38.60949,85.28925),46.03912]
	6249.47774	   0.01448	[mu,kappa]: [(137.48638,296.76648),4.89391]
	6156.86622	   0.01426	[mu,kappa]: [(39.16743,86.89146),111.00956]
	4953.88335	   0.01148	[mu,kappa]: [(38.39191,86.23068),65.80631]
	10091.34791	   0.02338	[mu,kappa]: [(154.99613,296.87317),11.29248]
	17175.29464	   0.03979	[mu,kappa]: [(40.23533,87.62040),278.00000]
	46614.23168	   0.10799	[mu,kappa]: [(40.18410,87.64593),278.00000]
	6202.69072	   0.01437	[mu,kappa]: [(39.08205,86.86973),107.23254]
	3312.59441	   0.00768	[mu,kappa]: [(41.98514,294.22592),5.35532]
	4898.39209	   0.01135	[mu,kappa]: [(38.21532,86.26793),65.20081]
	4521.12744	   0.01047	[mu,kappa]: [(38.17915,85.85866),54.27023]
	2581.68593	   0.00598	[mu,kappa]: [(41.47532,81.97066),24.04109]
	31066.34752	   0.07197	[mu,kappa]: [(40.21497,87.63376),278.00000]
	2881.06087	   0.00668	[mu,kappa]: [(40.47187,83.01495),28.32955]
	2200.63820	   0.00510	[mu,kappa]: [(33.72575,53.46964),4.02106]
	2851.09831	   0.00661	[mu,kappa]: [(40.57090,83.14718),29.43413]
	27197.59926	   0.06301	[mu,kappa]: [(40.21877,87.63159),278.00000]
	4007.22345	   0.00928	[mu,kappa]: [(38.53368,85.31170),46.01673]
	2249.72403	   0.00521	[mu,kappa]: [(16.50432,29.20843),5.56301]
	2337.82099	   0.00542	[mu,kappa]: [(51.83066,74.47205),10.38887]
	5661.61627	   0.01312	[mu,kappa]: [(125.40207,294.17158),4.22147]
	7379.59599	   0.01710	[mu,kappa]: [(39.73375,87.15401),159.14428]
	2920.34359	   0.00677	[mu,kappa]: [(23.59033,306.51214),6.54199]
	2205.06648	   0.00511	[mu,kappa]: [(20.59594,39.63383),4.92531]
	4225.65599	   0.00979	[mu,kappa]: [(38.47487,85.54596),49.79899]
	11480.51351	   0.02660	[mu,kappa]: [(156.72669,295.32976),13.53988]
	18714.40768	   0.04335	[mu,kappa]: [(40.23684,87.62112),278.00000]
			msglen: 7895628.74210 bits.
Iteration #: 11
	9835.17900	   0.02279	[mu,kappa]: [(40.06335,87.54002),276.99609]
	13395.07298	   0.03103	[mu,kappa]: [(40.18374,87.62917),278.00000]
	2204.95970	   0.00511	[mu,kappa]: [(45.76468,79.18730),18.76673]
	15671.02515	   0.03630	[mu,kappa]: [(40.24282,87.61379),278.00000]
	2600.29579	   0.00602	[mu,kappa]: [(69.45147,62.39641),4.27273]
	2967.49531	   0.00688	[mu,kappa]: [(17.10574,313.12588),10.00875]
	2966.98539	   0.00687	[mu,kappa]: [(41.33904,83.09788),31.35284]
	4637.21392	   0.01074	[mu,kappa]: [(37.74142,86.21485),59.63967]
	32632.60525	   0.07560	[mu,kappa]: [(40.26394,87.61089),278.00000]
	14276.00415	   0.03307	[mu,kappa]: [(40.23165,87.61544),278.00000]
	2165.91034	   0.00502	[mu,kappa]: [(45.37019,79.17354),18.40059]
	5329.01135	   0.01235	[mu,kappa]: [(37.95949,86.69624),77.76581]
	2982.98922	   0.00691	[mu,kappa]: [(22.62132,304.52210),8.82706]
	2173.50854	   0.00504	[mu,kappa]: [(46.41853,78.83637),18.24869]
	3510.92904	   0.00813	[mu,kappa]: [(76.01779,67.59662),7.19808]
	34491.08973	   0.07990	[mu,kappa]: [(40.26767,87.60958),278.00000]
	7715.01577	   0.01787	[mu,kappa]: [(151.11575,300.07480),8.17832]
	2001.48551	   0.00464	[mu,kappa]: [(41.46339,56.71477),4.10224]
	3383.52448	   0.00784	[mu,kappa]: [(39.00629,84.32112),35.60097]
	4220.01766	   0.00978	[mu,kappa]: [(37.88322,85.60728),47.74759]
	5765.03954	   0.01336	[mu,kappa]: [(38.39057,86.82469),90.43548]
	5676.55912	   0.01315	[mu,kappa]: [(90.38400,285.95559),7.63080]
	7573.85472	   0.01755	[mu,kappa]: [(39.66470,87.29481),177.93567]
	4113.32715	   0.00953	[mu,kappa]: [(38.02537,85.42759),45.52398]
	5974.58591	   0.01384	[mu,kappa]: [(135.96630,296.81949),5.18729]
	6022.16940	   0.01395	[mu,kappa]: [(38.84098,86.97171),109.16406]
	4953.83174	   0.01148	[mu,kappa]: [(37.63753,86.42750),64.67363]
	10003.77968	   0.02318	[mu,kappa]: [(156.27312,297.83710),12.12930]
	17256.19969	   0.03998	[mu,kappa]: [(40.29067,87.59824),278.00000]
	46822.69007	   0.10847	[mu,kappa]: [(40.22155,87.62699),278.00000]
	6076.81898	   0.01408	[mu,kappa]: [(38.70662,86.96404),105.38294]
	3140.50930	   0.00728	[mu,kappa]: [(43.51973,292.67277),6.49915]
	4913.53085	   0.01138	[mu,kappa]: [(37.33508,86.51096),64.38522]
	4550.56627	   0.01054	[mu,kappa]: [(37.28755,86.09923),53.68153]
	2562.14595	   0.00594	[mu,kappa]: [(42.24806,81.97086),25.88047]
	31209.18636	   0.07230	[mu,kappa]: [(40.26278,87.61131),278.00000]
	2872.32912	   0.00666	[mu,kappa]: [(40.87687,83.00356),29.56938]
	1943.37260	   0.00450	[mu,kappa]: [(34.91983,54.39608),4.38331]
	2848.03207	   0.00660	[mu,kappa]: [(41.08786,83.09513),30.70510]
	27323.18463	   0.06330	[mu,kappa]: [(40.26795,87.60903),278.00000]
	4025.00028	   0.00933	[mu,kappa]: [(37.89325,85.46840),45.53464]
	2198.38116	   0.00509	[mu,kappa]: [(13.52690,29.14561),8.20956]
	2287.20843	   0.00530	[mu,kappa]: [(54.94347,73.98324),11.90254]
	5529.46405	   0.01281	[mu,kappa]: [(122.00668,292.56349),5.03856]
	7178.52632	   0.01663	[mu,kappa]: [(39.67952,87.18485),161.34484]
	2934.01473	   0.00680	[mu,kappa]: [(21.28373,306.36269),8.97688]
	2047.80740	   0.00475	[mu,kappa]: [(17.82801,40.14372),6.61404]
	4242.59249	   0.00983	[mu,kappa]: [(37.79947,85.71144),49.12580]
	11640.33335	   0.02697	[mu,kappa]: [(158.08456,295.15345),15.08179]
	18802.64035	   0.04356	[mu,kappa]: [(40.29252,87.59814),278.00000]
			msglen: 7888120.89636 bits.
Iteration #: 12
	9863.76897	   0.02285	[mu,kappa]: [(40.07454,87.60890),278.00000]
	13442.96790	   0.03114	[mu,kappa]: [(40.21813,87.61897),278.00000]
	2197.53813	   0.00509	[mu,kappa]: [(47.97063,79.34156),23.35355]
	15730.54974	   0.03644	[mu,kappa]: [(40.29625,87.59278),278.00000]
	2601.86831	   0.00603	[mu,kappa]: [(78.81720,61.88790),4.74179]
	3150.09228	   0.00730	[mu,kappa]: [(14.76504,315.81372),13.49057]
	2978.41094	   0.00690	[mu,kappa]: [(42.73941,82.85611),33.98792]
	4629.09876	   0.01072	[mu,kappa]: [(36.86121,86.47080),59.66642]
	32759.40130	   0.07589	[mu,kappa]: [(40.32384,87.58474),278.00000]
	14329.55968	   0.03320	[mu,kappa]: [(40.28165,87.59709),278.00000]
	2141.31434	   0.00496	[mu,kappa]: [(47.42363,79.33646),22.49064]
	5296.30726	   0.01227	[mu,kappa]: [(37.13615,86.94880),78.06518]
	2971.84678	   0.00689	[mu,kappa]: [(20.86033,305.90956),11.15491]
	2171.52460	   0.00503	[mu,kappa]: [(48.71568,79.02129),23.07879]
	3805.52173	   0.00882	[mu,kappa]: [(81.25314,66.42810),7.55474]
	34625.77960	   0.08021	[mu,kappa]: [(40.32881,87.58291),278.00000]
	7468.40598	   0.01730	[mu,kappa]: [(152.04307,302.60889),8.37547]
	1695.63011	   0.00393	[mu,kappa]: [(43.59593,56.44706),4.50715]
	3354.19363	   0.00777	[mu,kappa]: [(39.01190,84.32723),36.06965]
	4208.01987	   0.00975	[mu,kappa]: [(37.14453,85.80428),47.64124]
	5681.86409	   0.01316	[mu,kappa]: [(37.79085,87.00154),90.14609]
	6526.38050	   0.01512	[mu,kappa]: [(90.62504,284.28598),10.05841]
	7384.14437	   0.01711	[mu,kappa]: [(39.59267,87.34961),183.76356]
	4096.46225	   0.00949	[mu,kappa]: [(37.39045,85.59035),45.40136]
	5618.13650	   0.01302	[mu,kappa]: [(135.14457,297.11305),5.76084]
	5888.68768	   0.01364	[mu,kappa]: [(38.45355,87.08373),108.61639]
	4954.15682	   0.01148	[mu,kappa]: [(36.66230,86.72513),65.09565]
	9910.29004	   0.02296	[mu,kappa]: [(157.28735,298.98361),12.73465]
	17326.22069	   0.04014	[mu,kappa]: [(40.35992,87.56996),278.00000]
	46994.90829	   0.10887	[mu,kappa]: [(40.26713,87.60614),278.00000]
	5954.44161	   0.01380	[mu,kappa]: [(38.24784,87.10009),105.02419]
	2949.68018	   0.00683	[mu,kappa]: [(45.35211,292.54954),7.90689]
	4945.86864	   0.01146	[mu,kappa]: [(36.15941,86.88618),65.55853]
	4578.71872	   0.01061	[mu,kappa]: [(36.11681,86.45569),54.33872]
	2561.06716	   0.00593	[mu,kappa]: [(43.84805,81.84855),29.16520]
	31330.27843	   0.07258	[mu,kappa]: [(40.32229,87.58531),278.00000]
	2858.00346	   0.00662	[mu,kappa]: [(41.93586,82.85994),31.63615]
	1646.64662	   0.00382	[mu,kappa]: [(35.01771,54.22213),5.01381]
	2846.43567	   0.00660	[mu,kappa]: [(42.31812,82.89691),33.01456]
	27430.04103	   0.06354	[mu,kappa]: [(40.32924,87.58255),278.00000]
	4013.55809	   0.00930	[mu,kappa]: [(37.16317,85.66246),45.49021]
	2324.37312	   0.00539	[mu,kappa]: [(11.24381,32.53677),12.80799]
	2256.86552	   0.00523	[mu,kappa]: [(57.23507,74.11831),15.34784]
	5351.59385	   0.01240	[mu,kappa]: [(119.80280,291.52321),6.32999]
	6981.08075	   0.01617	[mu,kappa]: [(39.64573,87.21147),164.13837]
	2954.02970	   0.00684	[mu,kappa]: [(19.35453,307.97594),11.50324]
	1979.05958	   0.00459	[mu,kappa]: [(15.23464,41.38408),9.53598]
	4234.26773	   0.00981	[mu,kappa]: [(36.99850,85.93016),49.05897]
	11769.84048	   0.02727	[mu,kappa]: [(159.06031,294.58447),16.52612]
	18879.09850	   0.04374	[mu,kappa]: [(40.36232,87.56933),278.00000]
			msglen: 7880766.15967 bits.
Iteration #: 13
	9893.16443	   0.02292	[mu,kappa]: [(40.06644,87.64735),278.00000]
	13484.83622	   0.03124	[mu,kappa]: [(40.24978,87.60798),278.00000]
	2319.53431	   0.00537	[mu,kappa]: [(50.76616,79.53502),34.07033]
	15784.33700	   0.03657	[mu,kappa]: [(40.35369,87.57020),278.00000]
	2586.61355	   0.00599	[mu,kappa]: [(85.78042,60.97388),5.13732]
	3247.81214	   0.00752	[mu,kappa]: [(13.17576,318.66674),16.27363]
	3029.40406	   0.00702	[mu,kappa]: [(45.02334,82.46553),40.45864]
	4585.19166	   0.01062	[mu,kappa]: [(35.69982,86.86474),62.09609]
	32875.84595	   0.07616	[mu,kappa]: [(40.39025,87.55745),278.00000]
	14377.57850	   0.03331	[mu,kappa]: [(40.33434,87.57697),278.00000]
	2214.00670	   0.00513	[mu,kappa]: [(50.14660,79.52996),31.65977]
	5263.30901	   0.01219	[mu,kappa]: [(36.03887,87.34454),82.18615]
	2903.93039	   0.00673	[mu,kappa]: [(20.48992,306.77607),12.72213]
	2316.20465	   0.00537	[mu,kappa]: [(51.49871,79.28147),34.53047]
	3848.25689	   0.00892	[mu,kappa]: [(84.41339,65.15760),7.49374]
	34749.87213	   0.08050	[mu,kappa]: [(40.39689,87.55496),278.00000]
	7292.00802	   0.01689	[mu,kappa]: [(152.98550,305.55929),8.51742]
	1426.90525	   0.00331	[mu,kappa]: [(45.34615,54.55183),5.06253]
	3243.52736	   0.00752	[mu,kappa]: [(39.32212,84.27049),37.27562]
	4123.75228	   0.00955	[mu,kappa]: [(36.22378,86.08815),48.77710]
	5584.55024	   0.01294	[mu,kappa]: [(37.00798,87.27841),93.17908]
	7054.98487	   0.01634	[mu,kappa]: [(90.52140,283.22632),11.27797]
	7198.75274	   0.01668	[mu,kappa]: [(39.49851,87.42119),192.08316]
	3998.76085	   0.00926	[mu,kappa]: [(36.64070,85.81376),46.28339]
	5311.18599	   0.01230	[mu,kappa]: [(134.49617,297.28910),6.59609]
	5738.31340	   0.01329	[mu,kappa]: [(37.96340,87.25526),110.81927]
	4947.01411	   0.01146	[mu,kappa]: [(35.35526,87.18825),68.84896]
	9808.68961	   0.02272	[mu,kappa]: [(158.01568,300.21539),13.06176]
	17392.15441	   0.04029	[mu,kappa]: [(40.43864,87.53856),278.00000]
	47148.05436	   0.10922	[mu,kappa]: [(40.31448,87.58614),278.00000]
	5819.93969	   0.01348	[mu,kappa]: [(37.65462,87.31078),107.78952]
	2983.36591	   0.00691	[mu,kappa]: [(47.47259,292.88848),9.75595]
	5014.35628	   0.01162	[mu,kappa]: [(34.57159,87.46853),71.22764]
	4600.07003	   0.01066	[mu,kappa]: [(34.53181,87.00527),57.94626]
	2611.42035	   0.00605	[mu,kappa]: [(46.33396,81.60331),36.56765]
	31441.37593	   0.07284	[mu,kappa]: [(40.38819,87.55823),278.00000]
	2835.25643	   0.00657	[mu,kappa]: [(43.80058,82.57699),36.16186]
	1393.01796	   0.00323	[mu,kappa]: [(35.21372,52.25864),5.75465]
	2858.06536	   0.00662	[mu,kappa]: [(44.39988,82.55287),38.43053]
	27528.52740	   0.06377	[mu,kappa]: [(40.39749,87.55463),278.00000]
	3928.29411	   0.00910	[mu,kappa]: [(36.26138,85.93727),46.56750]
	2615.04264	   0.00606	[mu,kappa]: [(10.00056,41.43743),19.44454]
	2329.57708	   0.00540	[mu,kappa]: [(58.83070,74.86502),21.81036]
	5289.67752	   0.01226	[mu,kappa]: [(118.77257,290.97520),7.90024]
	6777.16488	   0.01570	[mu,kappa]: [(39.62366,87.24083),168.48748]
	2907.38025	   0.00674	[mu,kappa]: [(18.66976,309.11386),13.23370]
	2003.55906	   0.00464	[mu,kappa]: [(13.51623,44.52362),13.53728]
	4161.04631	   0.00964	[mu,kappa]: [(35.97648,86.25198),50.41987]
	11851.09823	   0.02746	[mu,kappa]: [(159.64197,293.45169),17.93320]
	18951.21351	   0.04390	[mu,kappa]: [(40.44181,87.53749),278.00000]
			msglen: 7871184.68275 bits.
Iteration #: 14
	9912.48932	   0.02296	[mu,kappa]: [(40.03586,87.67695),278.00000]
	13510.19962	   0.03130	[mu,kappa]: [(40.27482,87.60029),278.00000]
	2692.93768	   0.00624	[mu,kappa]: [(52.85175,79.81633),59.11535]
	15820.06473	   0.03665	[mu,kappa]: [(40.41253,87.54860),278.00000]
	2567.94045	   0.00595	[mu,kappa]: [(90.97717,60.10260),5.37623]
	3194.65647	   0.00740	[mu,kappa]: [(12.38576,320.62998),18.44451]
	3181.21107	   0.00737	[mu,kappa]: [(47.60392,82.10182),57.11479]
	4486.49638	   0.01039	[mu,kappa]: [(34.19858,87.45107),69.97913]
	32956.66460	   0.07635	[mu,kappa]: [(40.46096,87.53065),278.00000]
	14408.78560	   0.03338	[mu,kappa]: [(40.38690,87.55810),278.00000]
	2465.11085	   0.00571	[mu,kappa]: [(52.38259,79.81515),52.97887]
	5249.84322	   0.01216	[mu,kappa]: [(34.64545,87.92474),94.77920]
	2782.56942	   0.00645	[mu,kappa]: [(21.29246,306.92718),13.74455]
	2743.48645	   0.00636	[mu,kappa]: [(53.41687,79.62395),60.81631]
	3753.11862	   0.00870	[mu,kappa]: [(86.55931,63.74638),7.30656]
	34836.75412	   0.08070	[mu,kappa]: [(40.46978,87.52730),278.00000]
	7165.68074	   0.01660	[mu,kappa]: [(153.93193,308.79505),8.60758]
	1240.38963	   0.00287	[mu,kappa]: [(47.27968,50.76429),5.73435]
	2978.90079	   0.00690	[mu,kappa]: [(39.85991,84.18967),40.24608]
	3906.49013	   0.00905	[mu,kappa]: [(35.01932,86.51436),52.77927]
	5465.05844	   0.01266	[mu,kappa]: [(35.99530,87.69744),103.26281]
	7201.08881	   0.01668	[mu,kappa]: [(90.41246,282.67804),11.86185]
	7011.30790	   0.01624	[mu,kappa]: [(39.36109,87.52349),205.28033]
	3749.72278	   0.00869	[mu,kappa]: [(35.67205,86.14855),49.48372]
	5120.59597	   0.01186	[mu,kappa]: [(133.69655,296.98805),7.65724]
	5549.55849	   0.01286	[mu,kappa]: [(37.32577,87.52102),118.75600]
	4950.60158	   0.01147	[mu,kappa]: [(33.70089,87.86217),80.23960]
	9680.02036	   0.02243	[mu,kappa]: [(158.54277,301.62494),13.17423]
	17441.10021	   0.04040	[mu,kappa]: [(40.52537,87.50581),278.00000]
	47245.07659	   0.10945	[mu,kappa]: [(40.36032,87.56900),278.00000]
	5660.11770	   0.01311	[mu,kappa]: [(36.88100,87.63348),117.10524]
	3227.66527	   0.00748	[mu,kappa]: [(48.87419,293.06585),11.44823]
	5199.06592	   0.01205	[mu,kappa]: [(32.64576,88.28099),87.46028]
	4638.76946	   0.01075	[mu,kappa]: [(32.53703,87.79727),68.63059]
	2777.90231	   0.00644	[mu,kappa]: [(48.93311,81.40790),54.85075]
	31518.27977	   0.07302	[mu,kappa]: [(40.45821,87.53170),278.00000]
	2803.54966	   0.00650	[mu,kappa]: [(46.11469,82.28125),47.05086]
	1209.41067	   0.00280	[mu,kappa]: [(36.30260,47.87622),6.42987]
	2909.50214	   0.00674	[mu,kappa]: [(46.87294,82.21418),52.01951]
	27597.56929	   0.06393	[mu,kappa]: [(40.47059,87.52694),278.00000]
	3706.73524	   0.00859	[mu,kappa]: [(35.08131,86.34741),50.26001]
	3012.83477	   0.00698	[mu,kappa]: [(9.66129,52.61132),28.30555]
	2482.95478	   0.00575	[mu,kappa]: [(59.78418,75.88407),31.62067]
	5382.89981	   0.01247	[mu,kappa]: [(118.62446,290.45867),9.44707]
	6548.54509	   0.01517	[mu,kappa]: [(39.59909,87.28472),176.23602]
	2783.30146	   0.00645	[mu,kappa]: [(19.10307,309.43575),14.34746]
	2060.71425	   0.00477	[mu,kappa]: [(12.56168,49.15138),18.53625]
	3970.67405	   0.00920	[mu,kappa]: [(34.63690,86.73463),55.08214]
	11884.61770	   0.02753	[mu,kappa]: [(159.90358,291.73999),19.51946]
	19004.96964	   0.04403	[mu,kappa]: [(40.52957,87.50427),278.00000]
			msglen: 7856427.93552 bits.
Iteration #: 15
	9914.13275	   0.02297	[mu,kappa]: [(39.98413,87.70941),278.00000]
	13506.97494	   0.03129	[mu,kappa]: [(40.29216,87.59875),278.00000]
	3312.97135	   0.00768	[mu,kappa]: [(53.30554,80.13188),96.88551]
	15823.47293	   0.03666	[mu,kappa]: [(40.47125,87.53060),278.00000]
	2569.03874	   0.00595	[mu,kappa]: [(94.75210,60.05020),5.54706]
	3049.90935	   0.00707	[mu,kappa]: [(12.34627,320.69936),20.54630]
	3501.06382	   0.00811	[mu,kappa]: [(49.29678,82.00520),92.37800]
	4334.12911	   0.01004	[mu,kappa]: [(32.62023,88.15874),88.42898]
	32972.56338	   0.07638	[mu,kappa]: [(40.53431,87.50668),278.00000]
	14410.14391	   0.03338	[mu,kappa]: [(40.43790,87.54325),278.00000]
	2893.15518	   0.00670	[mu,kappa]: [(53.08076,80.14630),87.14479]
	5306.93744	   0.01230	[mu,kappa]: [(33.25923,88.60240),124.28950]
	2669.06223	   0.00618	[mu,kappa]: [(22.61842,306.56623),14.72525]
	3422.55427	   0.00793	[mu,kappa]: [(53.70711,79.95276),98.09371]
	3682.20217	   0.00853	[mu,kappa]: [(87.70591,62.71438),7.25799]
	34855.57064	   0.08075	[mu,kappa]: [(40.54580,87.50227),278.00000]
	7062.71321	   0.01636	[mu,kappa]: [(154.92193,312.47561),8.68932]
	1149.33174	   0.00266	[mu,kappa]: [(49.60839,46.23107),6.61945]
	2524.05528	   0.00585	[mu,kappa]: [(40.44445,84.10218),46.02147]
	3520.36985	   0.00816	[mu,kappa]: [(33.62820,87.04391),61.90283]
	5332.94707	   0.01236	[mu,kappa]: [(34.90315,88.22623),127.51151]
	7140.23246	   0.01654	[mu,kappa]: [(90.35478,282.47745),12.24796]
	6821.27967	   0.01580	[mu,kappa]: [(39.17542,87.66661),228.21681]
	3306.96071	   0.00766	[mu,kappa]: [(34.52264,86.56179),56.65429]
	5046.26276	   0.01169	[mu,kappa]: [(132.80190,296.39236),8.84107]
	5304.70532	   0.01229	[mu,kappa]: [(36.59119,87.88213),138.16923]
	5013.08752	   0.01161	[mu,kappa]: [(32.08350,88.63353),106.53908]
	9513.20405	   0.02204	[mu,kappa]: [(158.96782,303.47480),13.14596]
	17458.06867	   0.04044	[mu,kappa]: [(40.61835,87.47429),278.00000]
	47243.16886	   0.10944	[mu,kappa]: [(40.40320,87.55690),278.00000]
	5472.30422	   0.01268	[mu,kappa]: [(36.01055,88.05855),139.57231]
	3508.54454	   0.00813	[mu,kappa]: [(49.53674,292.97563),12.35565]
	5628.60818	   0.01304	[mu,kappa]: [(30.96760,89.12692),123.21247]
	4752.57555	   0.01101	[mu,kappa]: [(30.62496,88.68660),92.66471]
	3120.71520	   0.00723	[mu,kappa]: [(50.38898,81.45601),91.40837]
	31532.94523	   0.07305	[mu,kappa]: [(40.53072,87.50805),278.00000]
	2774.15799	   0.00643	[mu,kappa]: [(47.97656,82.17033),70.15894]
	1102.18805	   0.00255	[mu,kappa]: [(38.62103,42.02176),7.11740]
	3035.38889	   0.00703	[mu,kappa]: [(48.68158,82.10380),81.10319]
	27612.73190	   0.06397	[mu,kappa]: [(40.54686,87.50185),278.00000]
	3313.49296	   0.00768	[mu,kappa]: [(33.70415,86.85295),58.54822]
	3424.22939	   0.00793	[mu,kappa]: [(9.78572,61.57690),38.63623]
	2589.33270	   0.00600	[mu,kappa]: [(60.65143,76.44472),40.85013]
	5572.43147	   0.01291	[mu,kappa]: [(118.91876,289.83044),10.72458]
	6271.04175	   0.01453	[mu,kappa]: [(39.55933,87.35798),191.36967]
	2647.93008	   0.00614	[mu,kappa]: [(20.17762,309.05187),15.38820]
	2082.62995	   0.00483	[mu,kappa]: [(12.04857,53.34629),24.12132]
	3634.11394	   0.00842	[mu,kappa]: [(33.12027,87.33272),65.78138]
	11888.28911	   0.02754	[mu,kappa]: [(159.93795,289.53057),21.54241]
	19024.07952	   0.04407	[mu,kappa]: [(40.62382,87.47222),278.00000]
			msglen: 7839014.99349 bits.
Iteration #: 16
	9893.93573	   0.02292	[mu,kappa]: [(39.92189,87.74483),278.00000]
	13469.52027	   0.03120	[mu,kappa]: [(40.30493,87.60182),278.00000]
	3795.98531	   0.00879	[mu,kappa]: [(52.93630,80.39414),127.81293]
	15788.15245	   0.03658	[mu,kappa]: [(40.52921,87.51598),278.00000]
	2573.99144	   0.00596	[mu,kappa]: [(97.36205,60.91901),5.67414]
	2922.44879	   0.00677	[mu,kappa]: [(12.66442,319.29446),23.00515]
	3985.93051	   0.00923	[mu,kappa]: [(49.77264,82.17742),140.90567]
	4180.56936	   0.00969	[mu,kappa]: [(31.45020,88.77401),118.95104]
	32910.47795	   0.07624	[mu,kappa]: [(40.60832,87.48569),278.00000]
	14375.76449	   0.03330	[mu,kappa]: [(40.48739,87.53198),278.00000]
	3235.84448	   0.00750	[mu,kappa]: [(52.84821,80.40840),116.79549]
	5490.01275	   0.01272	[mu,kappa]: [(32.37879,89.16988),175.98228]
	2598.71736	   0.00602	[mu,kappa]: [(23.71263,305.92396),15.72595]
	3911.07063	   0.00906	[mu,kappa]: [(53.28918,80.19517),126.47144]
	3657.48009	   0.00847	[mu,kappa]: [(87.59793,62.37113),7.36499]
	34792.57763	   0.08060	[mu,kappa]: [(40.62276,87.48014),278.00000]
	6977.26797	   0.01616	[mu,kappa]: [(155.93105,316.74516),8.80361]
	1156.50171	   0.00268	[mu,kappa]: [(51.54069,42.94337),7.86034]
	2017.69940	   0.00468	[mu,kappa]: [(41.04988,83.89107),54.08863]
	3059.22618	   0.00709	[mu,kappa]: [(32.36412,87.48797),75.91297]
	5252.88767	   0.01217	[mu,kappa]: [(34.09240,88.72717),173.13453]
	7014.31462	   0.01625	[mu,kappa]: [(90.26268,282.47920),12.54690]
	6672.27556	   0.01546	[mu,kappa]: [(38.97146,87.84349),267.10407]
	2778.34272	   0.00644	[mu,kappa]: [(33.43737,86.86429),67.18916]
	5069.08723	   0.01174	[mu,kappa]: [(131.96198,295.81185),9.98499]
	5054.09665	   0.01171	[mu,kappa]: [(35.96119,88.26665),175.64755]
	5170.17544	   0.01198	[mu,kappa]: [(31.05197,89.25668),149.14164]
	9310.96453	   0.02157	[mu,kappa]: [(159.33178,306.01360),13.02156]
	17436.42523	   0.04039	[mu,kappa]: [(40.71394,87.44497),278.00000]
	47122.87804	   0.10916	[mu,kappa]: [(40.44385,87.54887),278.00000]
	5317.11088	   0.01232	[mu,kappa]: [(35.30260,88.49250),182.77135]
	3724.67036	   0.00863	[mu,kappa]: [(49.94506,292.84543),12.57147]
	6290.33620	   0.01457	[mu,kappa]: [(30.06988,89.72836),175.06018]
	4971.56003	   0.01152	[mu,kappa]: [(29.35641,89.39212),127.77924]
	3570.82223	   0.00827	[mu,kappa]: [(50.60451,81.69991),136.68360]
	31472.86023	   0.07291	[mu,kappa]: [(40.60382,87.48742),278.00000]
	2818.83461	   0.00653	[mu,kappa]: [(48.86395,82.26677),104.91432]
	1086.62377	   0.00252	[mu,kappa]: [(41.24418,37.27822),8.08575]
	3276.45759	   0.00759	[mu,kappa]: [(49.36472,82.23906),123.28214]
	27563.13185	   0.06385	[mu,kappa]: [(40.62409,87.47961),278.00000]
	2846.85174	   0.00660	[mu,kappa]: [(32.42504,87.26148),70.98271]
	3814.07317	   0.00884	[mu,kappa]: [(10.12094,68.08506),49.15634]
	2696.79713	   0.00625	[mu,kappa]: [(62.10418,76.27892),46.87161]
	5799.63642	   0.01344	[mu,kappa]: [(119.36961,289.14748),11.66128]
	5965.41821	   0.01382	[mu,kappa]: [(39.51059,87.46226),218.32987]
	2554.48655	   0.00592	[mu,kappa]: [(21.17490,308.29085),16.50601]
	2080.66491	   0.00482	[mu,kappa]: [(11.79912,56.24405),29.58425]
	3235.56356	   0.00750	[mu,kappa]: [(31.78846,87.85305),82.53290]
	11886.14113	   0.02754	[mu,kappa]: [(159.81120,286.90419),24.28579]
	19001.33725	   0.04402	[mu,kappa]: [(40.72082,87.44233),278.00000]
			msglen: 7824531.69687 bits.
Iteration #: 17
	9856.37607	   0.02283	[mu,kappa]: [(39.85370,87.77776),278.00000]
	13402.94342	   0.03105	[mu,kappa]: [(40.30915,87.60514),278.00000]
	3982.07477	   0.00923	[mu,kappa]: [(52.51165,80.55091),143.81085]
	15718.12386	   0.03641	[mu,kappa]: [(40.57789,87.50203),278.00000]
	2535.62357	   0.00588	[mu,kappa]: [(99.67274,62.04453),5.78030]
	2863.66250	   0.00664	[mu,kappa]: [(12.96693,317.22583),26.07792]
	4491.93651	   0.01041	[mu,kappa]: [(49.67314,82.46802),188.15131]
	4042.22006	   0.00937	[mu,kappa]: [(30.82280,89.18598),153.86570]
	32776.96641	   0.07593	[mu,kappa]: [(40.67294,87.46553),278.00000]
	14309.69672	   0.03315	[mu,kappa]: [(40.52770,87.52129),278.00000]
	3364.48483	   0.00780	[mu,kappa]: [(52.50156,80.54934),132.74420]
	5768.97933	   0.01337	[mu,kappa]: [(32.09980,89.54007),244.80440]
	2558.02307	   0.00593	[mu,kappa]: [(24.35604,305.17466),16.60575]
	4072.74281	   0.00944	[mu,kappa]: [(52.88377,80.30764),139.45742]
	3587.83984	   0.00831	[mu,kappa]: [(86.78988,62.27597),7.54193]
	34654.33616	   0.08028	[mu,kappa]: [(40.69030,87.45885),278.00000]
	6906.05404	   0.01600	[mu,kappa]: [(156.88968,321.51647),8.98412]
	1223.45774	   0.00284	[mu,kappa]: [(52.41586,41.22771),9.32825]
	1623.26469	   0.00376	[mu,kappa]: [(41.70379,83.45425),62.41675]
	2650.54901	   0.00614	[mu,kappa]: [(31.36229,87.72713),90.74747]
	5323.21706	   0.01233	[mu,kappa]: [(33.73254,89.11711),242.92560]
	6882.49740	   0.01594	[mu,kappa]: [(90.09577,282.57811),12.76461]
	6674.80545	   0.01546	[mu,kappa]: [(38.77226,88.04242),278.00000]
	2313.20562	   0.00536	[mu,kappa]: [(32.54053,86.91695),77.77548]
	5164.09844	   0.01196	[mu,kappa]: [(131.26649,295.41690),10.96435]
	4934.59390	   0.01143	[mu,kappa]: [(35.56819,88.62117),236.60547]
	5320.13705	   0.01233	[mu,kappa]: [(30.63993,89.64044),196.69292]
	9080.21070	   0.02104	[mu,kappa]: [(159.61748,309.35945),12.84619]
	17378.21145	   0.04026	[mu,kappa]: [(40.80005,87.41657),278.00000]
	46898.72476	   0.10865	[mu,kappa]: [(40.47545,87.54145),278.00000]
	5328.38826	   0.01234	[mu,kappa]: [(34.91151,88.86849),252.19790]
	3877.50242	   0.00898	[mu,kappa]: [(50.35970,292.89308),12.42373]
	6846.74981	   0.01586	[mu,kappa]: [(29.75911,90.06061),225.20020]
	5158.41935	   0.01195	[mu,kappa]: [(28.59678,89.83380),158.48379]
	3956.22125	   0.00917	[mu,kappa]: [(50.34975,82.00293),175.94741]
	31344.40007	   0.07261	[mu,kappa]: [(40.66754,87.46761),278.00000]
	2941.82099	   0.00682	[mu,kappa]: [(49.08952,82.46597),141.30585]
	1140.10620	   0.00264	[mu,kappa]: [(42.80597,34.56672),9.35254]
	3572.25587	   0.00828	[mu,kappa]: [(49.41212,82.49153),165.99574]
	27453.93897	   0.06360	[mu,kappa]: [(40.69191,87.45823),278.00000]
	2438.28908	   0.00565	[mu,kappa]: [(31.36930,87.44732),83.73655]
	4195.00711	   0.00972	[mu,kappa]: [(10.72392,73.35969),58.79900]
	2972.90292	   0.00689	[mu,kappa]: [(63.56903,75.90184),53.70436]
	6034.76896	   0.01398	[mu,kappa]: [(119.86947,288.47786),12.33220]
	5724.18295	   0.01326	[mu,kappa]: [(39.44703,87.59535),259.45132]
	2499.63485	   0.00579	[mu,kappa]: [(21.78482,307.39618),17.58569]
	2089.66225	   0.00484	[mu,kappa]: [(11.82514,58.31949),34.09408]
	2882.49994	   0.00668	[mu,kappa]: [(30.77897,88.18084),100.45737]
	11893.33111	   0.02755	[mu,kappa]: [(159.57282,283.98208),28.10035]
	18938.86042	   0.04387	[mu,kappa]: [(40.80833,87.41338),278.00000]
			msglen: 7814519.18229 bits.
Iteration #: 18
	9809.13189	   0.02272	[mu,kappa]: [(39.78135,87.80474),278.00000]
	13316.57547	   0.03085	[mu,kappa]: [(40.30150,87.60656),278.00000]
	4007.50943	   0.00928	[mu,kappa]: [(52.22948,80.59296),149.08863]
	15621.63177	   0.03619	[mu,kappa]: [(40.61131,87.48779),278.00000]
	2467.71018	   0.00572	[mu,kappa]: [(102.11205,63.10884),5.94453]
	2876.13562	   0.00666	[mu,kappa]: [(13.09612,314.87500),30.13391]
	4940.11589	   0.01145	[mu,kappa]: [(49.43362,82.78790),230.24016]
	3883.65859	   0.00900	[mu,kappa]: [(30.53823,89.42334),184.68854]
	32586.62340	   0.07549	[mu,kappa]: [(40.72127,87.44562),278.00000]
	14219.99176	   0.03294	[mu,kappa]: [(40.55332,87.51002),278.00000]
	3376.32750	   0.00782	[mu,kappa]: [(52.27857,80.56731),138.38051]
	6091.10334	   0.01411	[mu,kappa]: [(32.17503,89.76093),278.00000]
	2527.38879	   0.00586	[mu,kappa]: [(24.69696,304.44603),17.30377]
	4078.43171	   0.00945	[mu,kappa]: [(52.65570,80.28560),142.27943]
	3474.10583	   0.00805	[mu,kappa]: [(85.85682,62.13954),7.77403]
	34455.74085	   0.07982	[mu,kappa]: [(40.74137,87.43790),278.00000]
	6832.41282	   0.01583	[mu,kappa]: [(157.73695,326.39989),9.26875]
	1303.54314	   0.00302	[mu,kappa]: [(52.61733,40.44539),10.69719]
	1360.42772	   0.00315	[mu,kappa]: [(42.31633,82.86147),69.08551]
	2336.10648	   0.00541	[mu,kappa]: [(30.53965,87.80110),102.60091]
	5613.67891	   0.01301	[mu,kappa]: [(33.69774,89.40277),278.00000]
	6759.70065	   0.01566	[mu,kappa]: [(89.86891,282.69763),12.91721]
	6727.83007	   0.01559	[mu,kappa]: [(38.59168,88.18316),278.00000]
	1960.97292	   0.00454	[mu,kappa]: [(31.77414,86.75993),85.92183]
	5310.97868	   0.01230	[mu,kappa]: [(130.73647,295.26204),11.73842]
	5071.62671	   0.01175	[mu,kappa]: [(35.38781,88.93799),278.00000]
	5349.40527	   0.01239	[mu,kappa]: [(30.56295,89.84535),239.66795]
	8830.10986	   0.02046	[mu,kappa]: [(159.78193,313.38603),12.69932]
	17289.07910	   0.04005	[mu,kappa]: [(40.86856,87.38906),278.00000]
	46598.82983	   0.10795	[mu,kappa]: [(40.49301,87.53321),278.00000]
	5626.04052	   0.01303	[mu,kappa]: [(34.78128,89.17632),278.00000]
	3995.62100	   0.00926	[mu,kappa]: [(50.81814,293.18714),12.12356]
	7075.43048	   0.01639	[mu,kappa]: [(29.68699,90.22674),264.14768]
	5222.25668	   0.01210	[mu,kappa]: [(27.95295,90.10403),176.79159]
	4238.03663	   0.00982	[mu,kappa]: [(50.02545,82.30366),207.04682]
	31161.67056	   0.07219	[mu,kappa]: [(40.71501,87.44802),278.00000]
	3080.64391	   0.00714	[mu,kappa]: [(49.06637,82.70259),173.91271]
	1220.10844	   0.00283	[mu,kappa]: [(43.17572,33.13039),10.65535]
	3850.90943	   0.00892	[mu,kappa]: [(49.26503,82.77888),204.32184]
	27296.91294	   0.06324	[mu,kappa]: [(40.74323,87.43719),278.00000]
	2131.10443	   0.00494	[mu,kappa]: [(30.45791,87.45368),93.61285]
	4519.29454	   0.01047	[mu,kappa]: [(11.54976,77.61697),67.29019]
	3335.88470	   0.00773	[mu,kappa]: [(64.35734,75.69320),61.35320]
	6269.64537	   0.01453	[mu,kappa]: [(120.39087,287.84675),12.84873]
	5637.37137	   0.01306	[mu,kappa]: [(39.35995,87.76164),278.00000]
	2462.92496	   0.00571	[mu,kappa]: [(22.08523,306.50623),18.54259]
	2093.85659	   0.00485	[mu,kappa]: [(12.05227,59.40969),37.03084]
	2605.79211	   0.00604	[mu,kappa]: [(29.97687,88.34846),114.57476]
	11904.96063	   0.02758	[mu,kappa]: [(159.27824,280.99101),33.39108]
	18842.65052	   0.04365	[mu,kappa]: [(40.87817,87.38538),278.00000]
			msglen: 7808774.91829 bits.
Iteration #: 19
	9784.51083	   0.02267	[mu,kappa]: [(39.69138,87.83175),278.00000]
	13245.47801	   0.03069	[mu,kappa]: [(40.26946,87.61217),278.00000]
	3985.87121	   0.00923	[mu,kappa]: [(52.09693,80.53559),148.95584]
	15532.90831	   0.03598	[mu,kappa]: [(40.61756,87.47948),278.00000]
	2407.33071	   0.00558	[mu,kappa]: [(104.45685,64.10570),6.20259]
	2950.64921	   0.00684	[mu,kappa]: [(12.97265,312.54212),35.48459]
	5338.67181	   0.01237	[mu,kappa]: [(49.18656,83.10271),268.95778]
	3705.84179	   0.00859	[mu,kappa]: [(30.46777,89.55461),212.80370]
	32405.53312	   0.07507	[mu,kappa]: [(40.74161,87.43220),278.00000]
	14139.01687	   0.03276	[mu,kappa]: [(40.55224,87.50438),278.00000]
	3357.27061	   0.00778	[mu,kappa]: [(52.19675,80.48456),138.77992]
	6348.52124	   0.01471	[mu,kappa]: [(32.37596,89.84524),278.00000]
	2494.26170	   0.00578	[mu,kappa]: [(24.92420,303.81715),17.78601]
	4053.33806	   0.00939	[mu,kappa]: [(52.59266,80.15359),140.67880]
	3377.42774	   0.00783	[mu,kappa]: [(84.96216,61.94984),8.07988]
	34265.62550	   0.07938	[mu,kappa]: [(40.76431,87.42355),278.00000]
	6744.03138	   0.01562	[mu,kappa]: [(158.48749,330.92429),9.68157]
	1369.18043	   0.00317	[mu,kappa]: [(52.68456,40.12995),11.72979]
	1183.18747	   0.00274	[mu,kappa]: [(42.85013,82.24801),73.50307]
	2091.91001	   0.00485	[mu,kappa]: [(29.86705,87.80772),111.73956]
	5960.84308	   0.01381	[mu,kappa]: [(33.78849,89.54444),278.00000]
	6647.26442	   0.01540	[mu,kappa]: [(89.60852,282.78565),13.04035]
	6810.10939	   0.01578	[mu,kappa]: [(38.41624,88.27514),278.00000]
	1696.07171	   0.00393	[mu,kappa]: [(31.13773,86.52296),92.13360]
	5499.10027	   0.01274	[mu,kappa]: [(130.37023,295.34937),12.31807]
	5379.85656	   0.01246	[mu,kappa]: [(35.31654,89.14550),278.00000]
	5300.64708	   0.01228	[mu,kappa]: [(30.67513,89.94626),278.00000]
	8583.63244	   0.01989	[mu,kappa]: [(159.82087,317.67896),12.66814]
	17200.22257	   0.03985	[mu,kappa]: [(40.90810,87.36873),278.00000]
	46333.32922	   0.10734	[mu,kappa]: [(40.48436,87.53029),278.00000]
	5988.87765	   0.01387	[mu,kappa]: [(34.76447,89.33399),278.00000]
	4098.66983	   0.00950	[mu,kappa]: [(51.27924,293.66984),11.77453]
	7062.72642	   0.01636	[mu,kappa]: [(29.74241,90.29662),278.00000]
	5207.02061	   0.01206	[mu,kappa]: [(27.30438,90.30001),187.67242]
	4447.49765	   0.01030	[mu,kappa]: [(49.73363,82.58356),232.48341]
	30988.15868	   0.07179	[mu,kappa]: [(40.73454,87.43490),278.00000]
	3208.90954	   0.00743	[mu,kappa]: [(48.97290,82.94489),202.93055]
	1297.49444	   0.00301	[mu,kappa]: [(42.81439,32.18031),11.76150]
	4101.08439	   0.00950	[mu,kappa]: [(49.08075,83.06616),239.22994]
	27146.50935	   0.06289	[mu,kappa]: [(40.76642,87.42275),278.00000]
	1899.47007	   0.00440	[mu,kappa]: [(29.67952,87.39310),101.08575]
	4722.07315	   0.01094	[mu,kappa]: [(12.39354,80.78328),75.37887]
	3627.07923	   0.00840	[mu,kappa]: [(64.56578,75.64590),67.48749]
	6504.89838	   0.01507	[mu,kappa]: [(120.93513,287.24465),13.29566]
	5643.20370	   0.01307	[mu,kappa]: [(39.24690,87.89602),278.00000]
	2427.18787	   0.00562	[mu,kappa]: [(22.23542,305.71919),19.28826]
	2067.49663	   0.00479	[mu,kappa]: [(12.29656,58.81767),38.46774]
	2382.77314	   0.00552	[mu,kappa]: [(29.32329,88.43783),125.10708]
	11888.79958	   0.02754	[mu,kappa]: [(158.98637,278.24455),40.44879]
	18746.42696	   0.04343	[mu,kappa]: [(40.91897,87.36459),278.00000]
			msglen: 7805288.28985 bits.
Iteration #: 20
	9781.01510	   0.02266	[mu,kappa]: [(39.58874,87.86184),278.00000]
	13189.00625	   0.03055	[mu,kappa]: [(40.22061,87.62367),278.00000]
	3970.92139	   0.00920	[mu,kappa]: [(52.07444,80.40984),146.83259]
	15452.29418	   0.03580	[mu,kappa]: [(40.60555,87.47814),278.00000]
	2365.89296	   0.00548	[mu,kappa]: [(106.46829,65.03646),6.51575]
	3064.04528	   0.00710	[mu,kappa]: [(12.60384,310.50333),42.05980]
	5723.53481	   0.01326	[mu,kappa]: [(48.95464,83.40158),278.00000]
	3550.21095	   0.00823	[mu,kappa]: [(30.53450,89.64518),243.52932]
	32235.26627	   0.07468	[mu,kappa]: [(40.74331,87.42607),278.00000]
	14066.88855	   0.03259	[mu,kappa]: [(40.53312,87.50553),278.00000]
	3348.29205	   0.00776	[mu,kappa]: [(52.21738,80.33834),137.30525]
	6540.08029	   0.01515	[mu,kappa]: [(32.59364,89.83900),278.00000]
	2453.48465	   0.00568	[mu,kappa]: [(25.19192,303.28477),18.05386]
	4049.93748	   0.00938	[mu,kappa]: [(52.64008,79.95569),138.11375]
	3330.19489	   0.00772	[mu,kappa]: [(84.09324,61.72914),8.44206]
	34085.81985	   0.07896	[mu,kappa]: [(40.76854,87.41653),278.00000]
	6646.74608	   0.01540	[mu,kappa]: [(159.22871,334.79631),10.21541]
	1412.03991	   0.00327	[mu,kappa]: [(52.85418,40.07632),12.38895]
	1056.86505	   0.00245	[mu,kappa]: [(43.32275,81.65733),75.89776]
	1894.74800	   0.00439	[mu,kappa]: [(29.32155,87.80577),119.63469]
	6266.01749	   0.01452	[mu,kappa]: [(33.90001,89.57882),278.00000]
	6543.93914	   0.01516	[mu,kappa]: [(89.33342,282.81506),13.17149]
	6919.02571	   0.01603	[mu,kappa]: [(38.24401,88.34338),278.00000]
	1489.85343	   0.00345	[mu,kappa]: [(30.62530,86.27726),97.31079]
	5724.75040	   0.01326	[mu,kappa]: [(130.16607,295.65463),12.72607]
	5678.10543	   0.01315	[mu,kappa]: [(35.27846,89.23352),278.00000]
	5282.81459	   0.01224	[mu,kappa]: [(30.88675,90.00251),278.00000]
	8370.94917	   0.01939	[mu,kappa]: [(159.80727,321.63899),12.80145]
	17113.10499	   0.03964	[mu,kappa]: [(40.92854,87.35605),278.00000]
	46101.95401	   0.10680	[mu,kappa]: [(40.45794,87.53397),278.00000]
	6326.81425	   0.01466	[mu,kappa]: [(34.77866,89.38750),278.00000]
	4194.76704	   0.00972	[mu,kappa]: [(51.69299,294.23440),11.42769]
	6948.45564	   0.01610	[mu,kappa]: [(29.85244,90.30393),278.00000]
	5192.25135	   0.01203	[mu,kappa]: [(26.65130,90.49033),197.98080]
	4621.77992	   0.01071	[mu,kappa]: [(49.48192,82.83996),254.32169]
	30825.31902	   0.07141	[mu,kappa]: [(40.73545,87.42904),278.00000]
	3332.04336	   0.00772	[mu,kappa]: [(48.85798,83.17945),229.56164]
	1362.48873	   0.00316	[mu,kappa]: [(42.02447,31.34387),12.61864]
	4341.68577	   0.01006	[mu,kappa]: [(48.89455,83.34128),272.29804]
	27004.19026	   0.06256	[mu,kappa]: [(40.77088,87.41564),278.00000]
	1716.89332	   0.00398	[mu,kappa]: [(29.02766,87.32978),107.48391]
	4813.15347	   0.01115	[mu,kappa]: [(13.12691,83.12270),83.70747]
	3797.41654	   0.00880	[mu,kappa]: [(64.49796,75.68680),71.36530]
	6742.61286	   0.01562	[mu,kappa]: [(121.51487,286.64444),13.72135]
	5666.72294	   0.01313	[mu,kappa]: [(39.11898,87.98444),278.00000]
	2381.59416	   0.00552	[mu,kappa]: [(22.39362,305.06426),19.74621]
	2026.64471	   0.00470	[mu,kappa]: [(12.48929,56.50538),38.96758]
	2196.90414	   0.00509	[mu,kappa]: [(28.78427,88.50675),134.11397]
	11796.63437	   0.02733	[mu,kappa]: [(158.73685,276.03252),49.10068]
	18651.82980	   0.04321	[mu,kappa]: [(40.94065,87.35147),278.00000]
			msglen: 7802579.79118 bits.
Iteration #: 21
	9778.98354	   0.02265	[mu,kappa]: [(39.48747,87.89202),278.00000]
	13129.86654	   0.03042	[mu,kappa]: [(40.17044,87.63676),278.00000]
	3968.75991	   0.00920	[mu,kappa]: [(52.10559,80.25709),144.94197]
	15366.16338	   0.03560	[mu,kappa]: [(40.59133,87.47878),278.00000]
	2337.59704	   0.00542	[mu,kappa]: [(108.15451,65.87316),6.83274]
	3182.75738	   0.00737	[mu,kappa]: [(12.09404,308.92614),49.47312]
	6078.98684	   0.01408	[mu,kappa]: [(48.75389,83.65602),278.00000]
	3456.38955	   0.00801	[mu,kappa]: [(30.68061,89.73252),278.00000]
	32052.35238	   0.07425	[mu,kappa]: [(40.74256,87.42198),278.00000]
	13990.06516	   0.03241	[mu,kappa]: [(40.51193,87.50860),278.00000]
	3351.03717	   0.00776	[mu,kappa]: [(52.28322,80.17285),136.05148]
	6729.38998	   0.01559	[mu,kappa]: [(32.78339,89.80359),278.00000]
	2409.29088	   0.00558	[mu,kappa]: [(25.58189,302.73928),18.20667]
	4066.15350	   0.00942	[mu,kappa]: [(52.73170,79.74344),136.45966]
	3330.75017	   0.00772	[mu,kappa]: [(83.26520,61.47313),8.81257]
	33892.46529	   0.07852	[mu,kappa]: [(40.77029,87.41157),278.00000]
	6554.57283	   0.01519	[mu,kappa]: [(160.03873,337.97025),10.83639]
	1433.02158	   0.00332	[mu,kappa]: [(53.20025,40.18663),12.77662]
	 961.78604	   0.00223	[mu,kappa]: [(43.74073,81.09149),76.90822]
	1731.51891	   0.00401	[mu,kappa]: [(28.88872,87.80539),127.32640]
	6552.47146	   0.01518	[mu,kappa]: [(33.99302,89.57196),278.00000]
	6448.84571	   0.01494	[mu,kappa]: [(89.05556,282.77998),13.34022]
	7031.27908	   0.01629	[mu,kappa]: [(38.08339,88.39747),278.00000]
	1324.99040	   0.00307	[mu,kappa]: [(30.22121,86.02438),101.88824]
	5984.83616	   0.01387	[mu,kappa]: [(130.11326,296.16112),12.97932]
	5957.92657	   0.01380	[mu,kappa]: [(35.24666,89.26743),278.00000]
	5271.38330	   0.01221	[mu,kappa]: [(31.09498,90.00153),278.00000]
	8206.13053	   0.01901	[mu,kappa]: [(159.84287,324.76848),13.08631]
	17018.79707	   0.03943	[mu,kappa]: [(40.94625,87.34548),278.00000]
	45856.45477	   0.10623	[mu,kappa]: [(40.42961,87.53951),278.00000]
	6641.98344	   0.01539	[mu,kappa]: [(34.79090,89.39760),278.00000]
	4282.62586	   0.00992	[mu,kappa]: [(52.03303,294.79070),11.10239]
	6828.37276	   0.01582	[mu,kappa]: [(29.97831,90.27526),278.00000]
	5216.92409	   0.01209	[mu,kappa]: [(26.04298,90.69947),211.80322]
	4793.54744	   0.01111	[mu,kappa]: [(49.25482,83.07504),275.57955]
	30650.43757	   0.07100	[mu,kappa]: [(40.73393,87.42523),278.00000]
	3464.28740	   0.00803	[mu,kappa]: [(48.72843,83.40055),256.24536]
	1414.25218	   0.00328	[mu,kappa]: [(40.97215,30.49678),13.29971]
	4602.16190	   0.01066	[mu,kappa]: [(48.70823,83.59845),278.00000]
	26851.12423	   0.06220	[mu,kappa]: [(40.77285,87.41060),278.00000]
	1567.72476	   0.00363	[mu,kappa]: [(28.49828,87.26923),113.61216]
	4824.55080	   0.01118	[mu,kappa]: [(13.70193,84.88878),92.26884]
	3864.88206	   0.00895	[mu,kappa]: [(64.36292,75.76850),73.46200]
	6980.73082	   0.01617	[mu,kappa]: [(122.13899,286.02335),14.14874]
	5692.70414	   0.01319	[mu,kappa]: [(38.99215,88.04797),278.00000]
	2326.51270	   0.00539	[mu,kappa]: [(22.67562,304.45934),19.96272]
	1999.26594	   0.00463	[mu,kappa]: [(12.66340,52.95211),39.19609]
	2039.82891	   0.00473	[mu,kappa]: [(28.34842,88.57199),143.14092]
	11601.68204	   0.02688	[mu,kappa]: [(158.54388,274.48155),58.46064]
	18549.37787	   0.04297	[mu,kappa]: [(40.95957,87.34048),278.00000]
			msglen: 7800407.36010 bits.
Iteration #: 22
	9774.62524	   0.02264	[mu,kappa]: [(39.39282,87.92110),278.00000]
	13067.29845	   0.03027	[mu,kappa]: [(40.12398,87.64974),278.00000]
	3969.40250	   0.00920	[mu,kappa]: [(52.15895,80.10271),143.96018]
	15276.35640	   0.03539	[mu,kappa]: [(40.57973,87.47946),278.00000]
	2315.48148	   0.00537	[mu,kappa]: [(109.62190,66.59955),7.12663]
	3276.05759	   0.00759	[mu,kappa]: [(11.55451,307.87841),57.12531]
	6408.19455	   0.01485	[mu,kappa]: [(48.58086,83.86189),278.00000]
	3431.13263	   0.00795	[mu,kappa]: [(30.86402,89.82288),278.00000]
	31862.53907	   0.07381	[mu,kappa]: [(40.74411,87.41795),278.00000]
	13909.77256	   0.03222	[mu,kappa]: [(40.49353,87.51170),278.00000]
	3355.57618	   0.00777	[mu,kappa]: [(52.36386,80.01290),135.61737]
	6908.13205	   0.01600	[mu,kappa]: [(32.94313,89.76072),278.00000]
	2370.68264	   0.00549	[mu,kappa]: [(26.08332,302.02266),18.39526]
	4086.55204	   0.00947	[mu,kappa]: [(52.83438,79.54449),136.06845]
	3367.27358	   0.00780	[mu,kappa]: [(82.50818,61.19504),9.14253]
	33692.00128	   0.07805	[mu,kappa]: [(40.77428,87.40666),278.00000]
	6474.50183	   0.01500	[mu,kappa]: [(160.92101,340.58222),11.50268]
	1437.77222	   0.00333	[mu,kappa]: [(53.73293,40.41222),13.02535]
	 886.96143	   0.00206	[mu,kappa]: [(44.09677,80.54261),76.99339]
	1594.84371	   0.00370	[mu,kappa]: [(28.54732,87.78992),134.63393]
	6811.21940	   0.01578	[mu,kappa]: [(34.06913,89.54960),278.00000]
	6362.24002	   0.01474	[mu,kappa]: [(88.78503,282.68257),13.56648]
	7138.51474	   0.01654	[mu,kappa]: [(37.93897,88.44219),278.00000]
	1192.47450	   0.00276	[mu,kappa]: [(29.89872,85.72648),105.55838]
	6271.57393	   0.01453	[mu,kappa]: [(130.17382,296.88240),13.09531]
	6209.96438	   0.01439	[mu,kappa]: [(35.22089,89.27622),278.00000]
	5268.30454	   0.01221	[mu,kappa]: [(31.28743,89.97614),278.00000]
	8078.03724	   0.01871	[mu,kappa]: [(159.96855,326.90881),13.46613]
	16921.65564	   0.03920	[mu,kappa]: [(40.96585,87.33493),278.00000]
	45599.29146	   0.10564	[mu,kappa]: [(40.40427,87.54508),278.00000]
	6924.99181	   0.01604	[mu,kappa]: [(34.80137,89.38954),278.00000]
	4356.61775	   0.01009	[mu,kappa]: [(52.31209,295.30990),10.79826]
	6715.98646	   0.01556	[mu,kappa]: [(30.10857,90.23264),278.00000]
	5283.02657	   0.01224	[mu,kappa]: [(25.50638,90.93175),229.64641]
	4978.39905	   0.01153	[mu,kappa]: [(49.04165,83.29194),278.00000]
	30468.90823	   0.07058	[mu,kappa]: [(40.73472,87.42146),278.00000]
	3614.01775	   0.00837	[mu,kappa]: [(48.58589,83.60699),278.00000]
	1456.21072	   0.00337	[mu,kappa]: [(39.77340,29.62669),13.89696]
	4851.91130	   0.01124	[mu,kappa]: [(48.54211,83.81171),278.00000]
	26692.43929	   0.06184	[mu,kappa]: [(40.77707,87.40561),278.00000]
	1444.16003	   0.00335	[mu,kappa]: [(28.07293,87.18484),119.22167]
	4794.02835	   0.01111	[mu,kappa]: [(14.12513,86.25338),100.57556]
	3870.20302	   0.00897	[mu,kappa]: [(64.24814,75.86895),74.45689]
	7209.23045	   0.01670	[mu,kappa]: [(122.79746,285.37169),14.59371]
	5717.18624	   0.01325	[mu,kappa]: [(38.87333,88.09730),278.00000]
	2271.04634	   0.00526	[mu,kappa]: [(23.11146,303.75485),20.08864]
	2006.15167	   0.00465	[mu,kappa]: [(12.86641,49.01601),39.63279]
	1905.73577	   0.00442	[mu,kappa]: [(27.99983,88.62627),152.13768]
	11325.40564	   0.02624	[mu,kappa]: [(158.40423,273.50375),67.35893]
	18443.91026	   0.04273	[mu,kappa]: [(40.98036,87.32950),278.00000]
			msglen: 7798804.31246 bits.
Iteration #: 23
	9768.64445	   0.02263	[mu,kappa]: [(39.30436,87.94920),278.00000]
	13002.86430	   0.03012	[mu,kappa]: [(40.08106,87.66254),278.00000]
	3964.35047	   0.00918	[mu,kappa]: [(52.21862,79.96034),143.94557]
	15184.95766	   0.03518	[mu,kappa]: [(40.57062,87.48006),278.00000]
	2294.74096	   0.00532	[mu,kappa]: [(110.96513,67.20941),7.39385]
	3326.80941	   0.00771	[mu,kappa]: [(11.05354,307.32979),64.42155]
	6721.25217	   0.01557	[mu,kappa]: [(48.42962,84.02347),278.00000]
	3423.15966	   0.00793	[mu,kappa]: [(31.03261,89.86127),278.00000]
	31670.29390	   0.07337	[mu,kappa]: [(40.74783,87.41379),278.00000]
	13827.87448	   0.03203	[mu,kappa]: [(40.47780,87.51472),278.00000]
	3354.25334	   0.00777	[mu,kappa]: [(52.44530,79.87008),136.02227]
	7089.91900	   0.01643	[mu,kappa]: [(33.07094,89.71891),278.00000]
	2344.79884	   0.00543	[mu,kappa]: [(26.63092,301.02251),18.75204]
	4099.93573	   0.00950	[mu,kappa]: [(52.93444,79.36988),136.77106]
	3426.46718	   0.00794	[mu,kappa]: [(81.85113,60.92425),9.40282]
	33489.17072	   0.07758	[mu,kappa]: [(40.78038,87.40162),278.00000]
	6403.62258	   0.01484	[mu,kappa]: [(161.82468,342.84717),12.18282]
	1431.90243	   0.00332	[mu,kappa]: [(54.43977,40.69679),13.24106]
	 825.55245	   0.00191	[mu,kappa]: [(44.38772,80.00815),76.46822]
	1477.74116	   0.00342	[mu,kappa]: [(28.29488,87.75358),141.69922]
	7054.41768	   0.01634	[mu,kappa]: [(34.12550,89.52344),278.00000]
	6284.49312	   0.01456	[mu,kappa]: [(88.53241,282.51855),13.86398]
	7240.64776	   0.01677	[mu,kappa]: [(37.80835,88.48080),278.00000]
	1084.69475	   0.00251	[mu,kappa]: [(29.64685,85.36253),108.26813]
	6572.87408	   0.01523	[mu,kappa]: [(130.28565,297.83727),13.10543]
	6441.77036	   0.01492	[mu,kappa]: [(35.19487,89.27445),278.00000]
	5288.01077	   0.01225	[mu,kappa]: [(31.45908,89.94077),278.00000]
	7964.07763	   0.01845	[mu,kappa]: [(160.15092,328.19706),13.88175]
	16824.10625	   0.03898	[mu,kappa]: [(40.98720,87.32418),278.00000]
	45336.44197	   0.10503	[mu,kappa]: [(40.38177,87.55056),278.00000]
	7186.16215	   0.01665	[mu,kappa]: [(34.80475,89.37541),278.00000]
	4412.89952	   0.01022	[mu,kappa]: [(52.57068,295.82462),10.50802]
	6634.30730	   0.01537	[mu,kappa]: [(30.24198,90.18282),278.00000]
	5364.52321	   0.01243	[mu,kappa]: [(25.07631,91.16918),251.04691]
	5162.61368	   0.01196	[mu,kappa]: [(48.85504,83.47633),278.00000]
	30284.99758	   0.07016	[mu,kappa]: [(40.73770,87.41758),278.00000]
	3782.60210	   0.00876	[mu,kappa]: [(48.44015,83.79310),278.00000]
	1492.30631	   0.00346	[mu,kappa]: [(38.53261,28.71507),14.47148]
	5089.54737	   0.01179	[mu,kappa]: [(48.39638,83.98015),278.00000]
	26531.89428	   0.06146	[mu,kappa]: [(40.78339,87.40049),278.00000]
	1338.50562	   0.00310	[mu,kappa]: [(27.74947,87.06136),124.22694]
	4730.57364	   0.01096	[mu,kappa]: [(14.40419,87.30444),108.04455]
	3843.22529	   0.00890	[mu,kappa]: [(64.17861,75.97644),74.81309]
	7413.29607	   0.01717	[mu,kappa]: [(123.46333,284.67714),15.08459]
	5740.28865	   0.01330	[mu,kappa]: [(38.76249,88.13855),278.00000]
	2225.01035	   0.00516	[mu,kappa]: [(23.65844,302.82796),20.29540]
	2047.90331	   0.00475	[mu,kappa]: [(13.08284,45.42396),40.43295]
	1788.11292	   0.00414	[mu,kappa]: [(27.74267,88.66584),161.36440]
	11021.31236	   0.02553	[mu,kappa]: [(158.30602,272.90930),75.06731]
	18338.07304	   0.04248	[mu,kappa]: [(41.00287,87.31831),278.00000]
			msglen: 7797589.44605 bits.
Iteration #: 24
	9761.71174	   0.02261	[mu,kappa]: [(39.22304,87.97611),278.00000]
	12938.87965	   0.02997	[mu,kappa]: [(40.04231,87.67499),278.00000]
	3949.78760	   0.00915	[mu,kappa]: [(52.27946,79.83377),144.59474]
	15095.31296	   0.03497	[mu,kappa]: [(40.56442,87.48046),278.00000]
	2272.42572	   0.00527	[mu,kappa]: [(112.23930,67.70435),7.63933]
	3334.03283	   0.00772	[mu,kappa]: [(10.61725,307.17722),71.01023]
	7022.39612	   0.01627	[mu,kappa]: [(48.29486,84.14836),278.00000]
	3427.08206	   0.00794	[mu,kappa]: [(31.18182,89.87177),278.00000]
	31482.93502	   0.07293	[mu,kappa]: [(40.75407,87.40945),278.00000]
	13747.32714	   0.03185	[mu,kappa]: [(40.46519,87.51754),278.00000]
	3344.14118	   0.00775	[mu,kappa]: [(52.52446,79.74599),136.97024]
	7265.11087	   0.01683	[mu,kappa]: [(33.17252,89.68213),278.00000]
	2333.71977	   0.00541	[mu,kappa]: [(27.15903,299.72030),19.35492]
	4102.22170	   0.00950	[mu,kappa]: [(53.03034,79.21892),138.16331]
	3497.64672	   0.00810	[mu,kappa]: [(81.30498,60.69722),9.58443]
	33291.76984	   0.07712	[mu,kappa]: [(40.78893,87.39639),278.00000]
	6336.49863	   0.01468	[mu,kappa]: [(162.69981,344.96367),12.86332]
	1420.57313	   0.00329	[mu,kappa]: [(55.28167,40.99040),13.48998]
	 773.88378	   0.00179	[mu,kappa]: [(44.61139,79.47810),75.49106]
	1377.81741	   0.00319	[mu,kappa]: [(28.10670,87.69226),148.12868]
	7277.05320	   0.01686	[mu,kappa]: [(34.16767,89.49874),278.00000]
	6214.59339	   0.01440	[mu,kappa]: [(88.30581,282.27586),14.24623]
	7336.00807	   0.01700	[mu,kappa]: [(37.69213,88.51475),278.00000]
	 998.14851	   0.00231	[mu,kappa]: [(29.43652,84.90493),109.67202]
	6877.21081	   0.01593	[mu,kappa]: [(130.38542,299.01691),13.05541]
	6651.07582	   0.01541	[mu,kappa]: [(35.17061,89.26900),278.00000]
	5322.18556	   0.01233	[mu,kappa]: [(31.60721,89.90449),278.00000]
	7847.27240	   0.01818	[mu,kappa]: [(160.33641,328.87139),14.29654]
	16730.22098	   0.03876	[mu,kappa]: [(41.01055,87.31321),278.00000]
	45077.25983	   0.10443	[mu,kappa]: [(40.36264,87.55582),278.00000]
	7422.42547	   0.01720	[mu,kappa]: [(34.80430,89.36068),278.00000]
	4452.05661	   0.01031	[mu,kappa]: [(52.85858,296.39538),10.22595]
	6578.39094	   0.01524	[mu,kappa]: [(30.37045,90.13290),278.00000]
	5448.91831	   0.01262	[mu,kappa]: [(24.74531,91.40022),274.34279]
	5345.15397	   0.01238	[mu,kappa]: [(48.69019,83.63172),278.00000]
	30105.68695	   0.06974	[mu,kappa]: [(40.74323,87.41352),278.00000]
	3945.94439	   0.00914	[mu,kappa]: [(48.30980,83.94273),278.00000]
	1527.68336	   0.00354	[mu,kappa]: [(37.32514,27.75049),15.04430]
	5318.29770	   0.01232	[mu,kappa]: [(48.26615,84.11147),278.00000]
	26375.66993	   0.06110	[mu,kappa]: [(40.79216,87.39517),278.00000]
	1248.86179	   0.00289	[mu,kappa]: [(27.49947,86.88381),128.17372]
	4656.66160	   0.01079	[mu,kappa]: [(14.57527,88.12595),114.38610]
	3804.27277	   0.00881	[mu,kappa]: [(64.15204,76.08436),74.80706]
	7580.61888	   0.01756	[mu,kappa]: [(124.10942,283.91391),15.67035]
	5761.79796	   0.01335	[mu,kappa]: [(38.66107,88.17457),278.00000]
	2192.97833	   0.00508	[mu,kappa]: [(24.24526,301.64926),20.69975]
	2116.73849	   0.00490	[mu,kappa]: [(13.27133,42.63034),41.46688]
	1685.43227	   0.00391	[mu,kappa]: [(27.55679,88.68985),170.42448]
	10737.79252	   0.02488	[mu,kappa]: [(158.23641,272.53862),81.42075]
	18236.31532	   0.04225	[mu,kappa]: [(41.02735,87.30690),278.00000]
			msglen: 7796615.91797 bits.
Iteration #: 25
	9755.16541	   0.02260	[mu,kappa]: [(39.14839,88.00180),278.00000]
	12877.24886	   0.02983	[mu,kappa]: [(40.00683,87.68729),278.00000]
	3929.79351	   0.00910	[mu,kappa]: [(52.34430,79.72092),145.55967]
	15009.21137	   0.03477	[mu,kappa]: [(40.55987,87.48109),278.00000]
	2246.90092	   0.00521	[mu,kappa]: [(113.47287,68.08751),7.86912]
	3308.22540	   0.00766	[mu,kappa]: [(10.24729,307.30261),76.84867]
	7305.67628	   0.01693	[mu,kappa]: [(48.17481,84.24510),278.00000]
	3439.40245	   0.00797	[mu,kappa]: [(31.30962,89.86820),278.00000]
	31303.65950	   0.07252	[mu,kappa]: [(40.76146,87.40542),278.00000]
	13669.86314	   0.03167	[mu,kappa]: [(40.45453,87.52053),278.00000]
	3329.27494	   0.00771	[mu,kappa]: [(52.60535,79.63764),138.14851]
	7429.09717	   0.01721	[mu,kappa]: [(33.25303,89.65119),278.00000]
	2335.45688	   0.00541	[mu,kappa]: [(27.63271,298.17215),20.23868]
	4098.70228	   0.00950	[mu,kappa]: [(53.12654,79.08650),139.90610]
	3573.34720	   0.00828	[mu,kappa]: [(80.87043,60.54457),9.69304]
	33103.06344	   0.07669	[mu,kappa]: [(40.79854,87.39148),278.00000]
	6270.69930	   0.01453	[mu,kappa]: [(163.51990,347.06337),13.54518]
	1407.03136	   0.00326	[mu,kappa]: [(56.21942,41.25232),13.81049]
	 730.21888	   0.00169	[mu,kappa]: [(44.77156,78.94012),74.14979]
	1292.97100	   0.00300	[mu,kappa]: [(27.96201,87.60761),153.74411]
	7478.04635	   0.01732	[mu,kappa]: [(34.19970,89.47720),278.00000]
	6149.74776	   0.01425	[mu,kappa]: [(88.10783,281.94162),14.73280]
	7424.73821	   0.01720	[mu,kappa]: [(37.58971,88.54477),278.00000]
	 929.93934	   0.00216	[mu,kappa]: [(29.24584,84.33215),109.67827]
	7176.51690	   0.01663	[mu,kappa]: [(130.42553,300.38197),12.99536]
	6838.43327	   0.01584	[mu,kappa]: [(35.14916,89.26273),278.00000]
	5365.28840	   0.01243	[mu,kappa]: [(31.73163,89.87126),278.00000]
	7721.43317	   0.01789	[mu,kappa]: [(160.48703,329.13938),14.69661]
	16641.22647	   0.03855	[mu,kappa]: [(41.03439,87.30265),278.00000]
	44827.73073	   0.10385	[mu,kappa]: [(40.34575,87.56119),278.00000]
	7634.06324	   0.01769	[mu,kappa]: [(34.80213,89.34732),278.00000]
	4478.77432	   0.01038	[mu,kappa]: [(53.21963,297.07245),9.95206]
	6544.73291	   0.01516	[mu,kappa]: [(30.48792,90.08640),278.00000]
	5524.46597	   0.01280	[mu,kappa]: [(24.49969,91.61238),278.00000]
	5520.55183	   0.01279	[mu,kappa]: [(48.54471,83.76316),278.00000]
	29934.06548	   0.06935	[mu,kappa]: [(40.74993,87.40976),278.00000]
	4100.42494	   0.00950	[mu,kappa]: [(48.19326,84.06324),278.00000]
	1566.17234	   0.00363	[mu,kappa]: [(36.20658,26.71637),15.60672]
	5533.59257	   0.01282	[mu,kappa]: [(48.14982,84.21404),278.00000]
	26226.34419	   0.06076	[mu,kappa]: [(40.80198,87.39019),278.00000]
	1173.64425	   0.00272	[mu,kappa]: [(27.29880,86.64518),130.85985]
	4581.50040	   0.01061	[mu,kappa]: [(14.67268,88.77640),119.58693]
	3765.29971	   0.00872	[mu,kappa]: [(64.15420,76.19039),74.57073]
	7704.27560	   0.01785	[mu,kappa]: [(124.71786,283.05212),16.41807]
	5782.27752	   0.01340	[mu,kappa]: [(38.56894,88.20679),278.00000]
	2173.94230	   0.00504	[mu,kappa]: [(24.81172,300.27705),21.35218]
	2198.35859	   0.00509	[mu,kappa]: [(13.39335,40.68054),42.51654]
	1596.52778	   0.00370	[mu,kappa]: [(27.42469,88.70078),179.15301]
	10500.93958	   0.02433	[mu,kappa]: [(158.18556,272.29643),86.53284]
	18139.93661	   0.04202	[mu,kappa]: [(41.05227,87.29591),278.00000]
			msglen: 7795840.80329 bits.
			N: 431648
		18.06064 bpr
Null model msglen: 10179582.71111 bits.	(23.58306 bpr)
