Iteration #: 0
	216230.00000	   0.50094	[mu,kappa]: [(39.35659,82.46858),4.44972]
	215418.00000	   0.49906	[mu,kappa]: [(39.31184,82.46262),4.42155]
			msglen: 0.00000 bits.
Iteration #: 1
	216230.06420	   0.50094	[mu,kappa]: [(39.33394,82.55575),4.52457]
	215417.93580	   0.49906	[mu,kappa]: [(39.33468,82.37410),4.34967]
			msglen: 9441571.50936 bits.
Iteration #: 2
	216248.84337	   0.50098	[mu,kappa]: [(39.28734,83.01432),5.05383]
	215399.15663	   0.49902	[mu,kappa]: [(39.38773,81.87558),3.94682]
			msglen: 9419522.44552 bits.
Iteration #: 3
	219951.11377	   0.50956	[mu,kappa]: [(39.19240,85.04645),12.01914]
	211696.88623	   0.49044	[mu,kappa]: [(39.65711,78.58975),2.61465]
			msglen: 9064904.62569 bits.
Iteration #: 4
	299274.67664	   0.69333	[mu,kappa]: [(39.73752,86.79805),92.19014]
	132373.32336	   0.30667	[mu,kappa]: [(41.35384,50.92418),0.99790]
			msglen: 8157084.52801 bits.
Iteration #: 5
	348411.80727	   0.80717	[mu,kappa]: [(39.97158,87.23026),161.51489]
	83236.19273	   0.19283	[mu,kappa]: [(107.72973,324.82699),0.82418]
			msglen: 8022556.70375 bits.
Iteration #: 6
	348221.46885	   0.80672	[mu,kappa]: [(39.99914,87.27321),172.76869]
	83426.53115	   0.19328	[mu,kappa]: [(107.21992,324.84923),0.82788]
			msglen: 8021036.19790 bits.
Iteration #: 7
	347048.66684	   0.80401	[mu,kappa]: [(40.00527,87.28840),176.80454]
	84599.33316	   0.19599	[mu,kappa]: [(105.22011,326.54987),0.79343]
			msglen: 8020738.53740 bits.
Iteration #: 8
	346398.82356	   0.80250	[mu,kappa]: [(40.00779,87.29621),178.88224]
	85249.17644	   0.19750	[mu,kappa]: [(104.07003,327.52475),0.77549]
			msglen: 8020658.10224 bits.
Iteration #: 9
	346054.97215	   0.80171	[mu,kappa]: [(40.00906,87.30028),179.97150]
	85593.02785	   0.19829	[mu,kappa]: [(103.44777,328.04808),0.76636]
			msglen: 8020636.21043 bits.
Iteration #: 10
	345874.13261	   0.80129	[mu,kappa]: [(40.00971,87.30241),180.54236]
	85773.86739	   0.19871	[mu,kappa]: [(103.11657,328.32521),0.76165]
			msglen: 8020630.23475 bits.
Iteration #: 11
	345779.24780	   0.80107	[mu,kappa]: [(40.01006,87.30352),180.84137]
	85868.75220	   0.19893	[mu,kappa]: [(102.94169,328.47112),0.75921]
			msglen: 8020628.60141 bits.
Iteration #: 12
	345729.52111	   0.80095	[mu,kappa]: [(40.01024,87.30409),180.99793]
	85918.47889	   0.19905	[mu,kappa]: [(102.84974,328.54772),0.75794]
			msglen: 8020628.15481 bits.
Iteration #: 13
	345703.47649	   0.80089	[mu,kappa]: [(40.01033,87.30440),181.07989]
	85944.52351	   0.19911	[mu,kappa]: [(102.80150,328.58788),0.75727]
			msglen: 8020628.03276 bits.
Iteration #: 14
	345689.83980	   0.80086	[mu,kappa]: [(40.01038,87.30456),181.12279]
	85958.16020	   0.19914	[mu,kappa]: [(102.77622,328.60892),0.75693]
			msglen: 8020627.99945 bits.
Iteration #: 15
	345682.70097	   0.80084	[mu,kappa]: [(40.01041,87.30464),181.14525]
	85965.29903	   0.19916	[mu,kappa]: [(102.76298,328.61993),0.75675]
			msglen: 8020627.99039 bits.
Iteration #: 16
	345678.96409	   0.80083	[mu,kappa]: [(40.01042,87.30468),181.15700]
	85969.03591	   0.19917	[mu,kappa]: [(102.75604,328.62570),0.75665]
			msglen: 8020627.98794 bits.
Iteration #: 17
	345677.00809	   0.80083	[mu,kappa]: [(40.01043,87.30470),181.16315]
	85970.99191	   0.19917	[mu,kappa]: [(102.75242,328.62872),0.75660]
			msglen: 8020627.98729 bits.
Iteration #: 18
	345675.98427	   0.80083	[mu,kappa]: [(40.01043,87.30472),181.16637]
	85972.01573	   0.19917	[mu,kappa]: [(102.75052,328.63030),0.75658]
			msglen: 8020627.98712 bits.
Iteration #: 19
	345675.44839	   0.80083	[mu,kappa]: [(40.01044,87.30472),181.16806]
	85972.55161	   0.19917	[mu,kappa]: [(102.74952,328.63112),0.75656]
			msglen: 8020627.98708 bits.
Iteration #: 20
	345675.16791	   0.80083	[mu,kappa]: [(40.01044,87.30473),181.16894]
	85972.83209	   0.19917	[mu,kappa]: [(102.74900,328.63156),0.75655]
			msglen: 8020627.98707 bits.
Iteration #: 21
	345675.02110	   0.80083	[mu,kappa]: [(40.01044,87.30473),181.16940]
	85972.97890	   0.19917	[mu,kappa]: [(102.74873,328.63178),0.75655]
			msglen: 8020627.98707 bits.
			N: 431648
		18.58141 bpr
Null model msglen: 10179582.71111 bits.	(23.58306 bpr)
