Iteration #: 0
	53683.00000	   0.10079	[mu,kappa]: [(85.72819,342.92601),1.03649]
	53492.00000	   0.10043	[mu,kappa]: [(86.51333,342.46501),1.03687]
	53248.00000	   0.09997	[mu,kappa]: [(86.96261,342.42837),1.03477]
	53179.00000	   0.09984	[mu,kappa]: [(86.07752,341.89326),1.03703]
	53298.00000	   0.10007	[mu,kappa]: [(85.51056,342.49334),1.04333]
	53576.00000	   0.10059	[mu,kappa]: [(86.38215,342.41128),1.03008]
	53125.00000	   0.09974	[mu,kappa]: [(87.37528,342.38375),1.03430]
	53000.00000	   0.09951	[mu,kappa]: [(86.68096,343.08297),1.03287]
	52901.00000	   0.09932	[mu,kappa]: [(85.90521,342.17252),1.03491]
	53127.00000	   0.09974	[mu,kappa]: [(86.81929,342.58326),1.02628]
			msglen: 0.00000 bits.
Iteration #: 1
	53683.97581	   0.10079	[mu,kappa]: [(85.22126,343.26383),1.03040]
	53491.76542	   0.10043	[mu,kappa]: [(86.59355,342.35826),1.03604]
	53248.22428	   0.09997	[mu,kappa]: [(87.24150,342.13844),1.03690]
	53178.53684	   0.09984	[mu,kappa]: [(86.25037,341.95893),1.03913]
	53298.08013	   0.10007	[mu,kappa]: [(85.17449,342.76643),1.03567]
	53575.61005	   0.10059	[mu,kappa]: [(86.37743,342.50310),1.03330]
	53126.13990	   0.09974	[mu,kappa]: [(87.85117,341.89802),1.03848]
	52999.54187	   0.09951	[mu,kappa]: [(86.49525,343.02452),1.03030]
	52900.65210	   0.09932	[mu,kappa]: [(85.84665,342.38765),1.03567]
	53126.47360	   0.09974	[mu,kappa]: [(86.88932,342.54772),1.03180]
			msglen: 12437368.73863 bits.
Iteration #: 2
	53687.20187	   0.10080	[mu,kappa]: [(84.26803,344.01680),1.02473]
	53490.38726	   0.10043	[mu,kappa]: [(86.75563,342.21970),1.03677]
	53248.53671	   0.09997	[mu,kappa]: [(87.80113,341.64823),1.04106]
	53177.05659	   0.09984	[mu,kappa]: [(86.48335,341.89971),1.04003]
	53299.22581	   0.10007	[mu,kappa]: [(84.49231,343.38957),1.03002]
	53574.07728	   0.10058	[mu,kappa]: [(86.35052,342.53864),1.03392]
	53129.96549	   0.09975	[mu,kappa]: [(88.80092,341.06672),1.04609]
	52998.10669	   0.09950	[mu,kappa]: [(86.23610,343.10484),1.02922]
	52899.35205	   0.09932	[mu,kappa]: [(85.65998,342.63333),1.03425]
	53125.09023	   0.09974	[mu,kappa]: [(87.05297,342.36251),1.03454]
			msglen: 12437310.36846 bits.
Iteration #: 3
	53698.39344	   0.10082	[mu,kappa]: [(82.45039,345.46795),1.01682]
	53485.31929	   0.10042	[mu,kappa]: [(87.06395,341.97404),1.03872]
	53249.51845	   0.09997	[mu,kappa]: [(88.87176,340.77342),1.04915]
	53171.99108	   0.09983	[mu,kappa]: [(86.85599,341.70059),1.04167]
	53303.53024	   0.10008	[mu,kappa]: [(83.13951,344.54409),1.02274]
	53568.49021	   0.10057	[mu,kappa]: [(86.29964,342.57618),1.03388]
	53143.49809	   0.09978	[mu,kappa]: [(90.60110,339.59678),1.06128]
	52993.19522	   0.09949	[mu,kappa]: [(85.81360,343.34303),1.02759]
	52894.78335	   0.09931	[mu,kappa]: [(85.25599,343.02122),1.03151]
	53120.28062	   0.09973	[mu,kappa]: [(87.40244,342.02586),1.03769]
			msglen: 12437106.09170 bits.
Iteration #: 4
	53737.68237	   0.10089	[mu,kappa]: [(78.98625,348.26975),1.00749]
	53467.38024	   0.10038	[mu,kappa]: [(87.64535,341.51507),1.04273]
	53252.96864	   0.09998	[mu,kappa]: [(90.86369,339.19494),1.06597]
	53154.29264	   0.09980	[mu,kappa]: [(87.50453,341.26644),1.04542]
	53318.78281	   0.10010	[mu,kappa]: [(80.51608,346.70986),1.01321]
	53548.69295	   0.10054	[mu,kappa]: [(86.21028,342.63672),1.03362]
	53191.12929	   0.09987	[mu,kappa]: [(93.87796,337.00037),1.09439]
	52975.98091	   0.09946	[mu,kappa]: [(85.07222,343.84508),1.02450]
	52878.66570	   0.09928	[mu,kappa]: [(84.45580,343.70083),1.02707]
	53103.42443	   0.09970	[mu,kappa]: [(88.09583,341.42670),1.04314]
			msglen: 12436388.77182 bits.
Iteration #: 5
	53875.63004	   0.10115	[mu,kappa]: [(72.50027,353.78152),1.00843]
	53404.54505	   0.10027	[mu,kappa]: [(88.73866,340.64841),1.05120]
	53265.55236	   0.10000	[mu,kappa]: [(94.44671,336.38503),1.10369]
	53092.45315	   0.09968	[mu,kappa]: [(88.67923,340.40025),1.05390]
	53371.96806	   0.10020	[mu,kappa]: [(75.52190,350.88329),1.00690]
	53479.05806	   0.10041	[mu,kappa]: [(86.06058,342.72993),1.03347]
	53358.16264	   0.10018	[mu,kappa]: [(99.47606,332.57134),1.17255]
	52915.33765	   0.09935	[mu,kappa]: [(83.72955,344.82129),1.01941]
	52821.73219	   0.09917	[mu,kappa]: [(82.92409,344.93520),1.02050]
	53044.56081	   0.09959	[mu,kappa]: [(89.42293,340.33463),1.05413]
			msglen: 12433880.43693 bits.
Iteration #: 6
	54356.66275	   0.10205	[mu,kappa]: [(61.48552,4.68815),1.07260]
	53187.16905	   0.09986	[mu,kappa]: [(90.77956,339.00749),1.07036]
	53312.75700	   0.10009	[mu,kappa]: [(100.46146,331.60490),1.19466]
	52878.66881	   0.09928	[mu,kappa]: [(90.83173,338.72650),1.07365]
	53554.12361	   0.10055	[mu,kappa]: [(66.55536,359.06621),1.03355]
	53236.12855	   0.09995	[mu,kappa]: [(85.83815,342.83082),1.03456]
	53938.78127	   0.10127	[mu,kappa]: [(107.84877,325.64959),1.36636]
	52702.18451	   0.09895	[mu,kappa]: [(81.28965,346.64203),1.01323]
	52621.06471	   0.09879	[mu,kappa]: [(80.06312,347.19128),1.01329]
	52841.45973	   0.09921	[mu,kappa]: [(91.89620,338.32395),1.07864]
			msglen: 12425257.45006 bits.
Iteration #: 7
	55993.11191	   0.10513	[mu,kappa]: [(48.20863,24.27617),1.36634]
	52459.68235	   0.09849	[mu,kappa]: [(94.47281,335.93993),1.11771]
	53492.91514	   0.10043	[mu,kappa]: [(109.09581,324.29427),1.42201]
	52163.67921	   0.09794	[mu,kappa]: [(94.68118,335.58334),1.12298]
	54151.28494	   0.10167	[mu,kappa]: [(53.64450,14.43604),1.19848]
	52410.36477	   0.09840	[mu,kappa]: [(85.61690,342.76068),1.04140]
	55901.13432	   0.10495	[mu,kappa]: [(117.56594,316.60323),1.84301]
	51966.68228	   0.09757	[mu,kappa]: [(77.00889,349.85203),1.01327]
	51925.58336	   0.09749	[mu,kappa]: [(74.97313,351.19810),1.01532]
	52164.56172	   0.09794	[mu,kappa]: [(96.28296,334.68659),1.13875]
			msglen: 12397285.66290 bits.
Iteration #: 8
	61128.78015	   0.11477	[mu,kappa]: [(40.61806,48.09080),2.24525]
	50254.44832	   0.09435	[mu,kappa]: [(100.43406,330.59379),1.24160]
	54147.34686	   0.10166	[mu,kappa]: [(118.26635,315.33779),1.96564]
	49998.77456	   0.09387	[mu,kappa]: [(100.81953,330.13268),1.25215]
	55883.63984	   0.10492	[mu,kappa]: [(43.03601,36.67305),1.74176]
	49838.36224	   0.09357	[mu,kappa]: [(85.77828,341.82815),1.06941]
	61955.78889	   0.11632	[mu,kappa]: [(125.45988,307.93994),2.94717]
	49612.52319	   0.09315	[mu,kappa]: [(70.38416,354.73013),1.04486]
	49682.55513	   0.09328	[mu,kappa]: [(67.10258,357.50235),1.05972]
	50126.78082	   0.09411	[mu,kappa]: [(103.04352,328.65168),1.29348]
			msglen: 12321550.22017 bits.
Iteration #: 9
	73915.20976	   0.13877	[mu,kappa]: [(39.43103,63.53536),4.37844]
	45190.62625	   0.08484	[mu,kappa]: [(107.28467,323.16918),1.53709]
	55971.15137	   0.10508	[mu,kappa]: [(124.58702,307.94068),3.04998]
	45036.27001	   0.08455	[mu,kappa]: [(107.76490,322.65384),1.55855]
	59484.22384	   0.11168	[mu,kappa]: [(39.42541,54.66651),2.98764]
	43676.30547	   0.08200	[mu,kappa]: [(87.04104,338.44130),1.16136]
	76169.41536	   0.14301	[mu,kappa]: [(130.07202,302.73881),4.99704]
	43706.99862	   0.08206	[mu,kappa]: [(62.97814,359.21853),1.15347]
	43984.18886	   0.08258	[mu,kappa]: [(58.48950,4.01119),1.20131]
	45494.61047	   0.08542	[mu,kappa]: [(110.26534,320.85584),1.65009]
			msglen: 12193453.31150 bits.
Iteration #: 10
	92454.35822	   0.17358	[mu,kappa]: [(40.31438,70.10718),7.79479]
	39055.29218	   0.07333	[mu,kappa]: [(110.64089,316.79712),1.99236]
	58683.84748	   0.11018	[mu,kappa]: [(127.40160,304.47493),4.30465]
	39039.36073	   0.07330	[mu,kappa]: [(111.12022,316.33355),2.02600]
	62606.09102	   0.11754	[mu,kappa]: [(39.34292,62.06068),4.76761]
	35732.48865	   0.06709	[mu,kappa]: [(88.36817,332.17961),1.37392]
	93689.98861	   0.17590	[mu,kappa]: [(132.67419,301.03485),6.90325]
	35504.05100	   0.06666	[mu,kappa]: [(58.75215,357.35348),1.34822]
	35904.52854	   0.06741	[mu,kappa]: [(53.58249,3.65029),1.42870]
	39958.99357	   0.07502	[mu,kappa]: [(113.62808,314.72235),2.17122]
			msglen: 12103175.83798 bits.
Iteration #: 11
	103387.13546	   0.19411	[mu,kappa]: [(41.45856,73.55227),10.94908]
	36008.77444	   0.06761	[mu,kappa]: [(109.31151,313.80951),2.29189]
	60022.79804	   0.11269	[mu,kappa]: [(128.80329,303.53539),4.98226]
	36059.29258	   0.06770	[mu,kappa]: [(109.82822,313.39421),2.33063]
	61768.53599	   0.11597	[mu,kappa]: [(40.30463,63.41940),5.78266]
	31863.87063	   0.05982	[mu,kappa]: [(85.78641,327.36013),1.61454]
	103358.48124	   0.19405	[mu,kappa]: [(134.98636,300.96550),7.85304]
	31302.81938	   0.05877	[mu,kappa]: [(56.85185,350.85124),1.58831]
	31679.75076	   0.05948	[mu,kappa]: [(51.81463,357.04300),1.67566]
	37177.54147	   0.06980	[mu,kappa]: [(112.68963,312.02924),2.49400]
			msglen: 12073525.43996 bits.
Iteration #: 12
	106304.50193	   0.19958	[mu,kappa]: [(42.22845,76.07569),13.93630]
	34947.66178	   0.06561	[mu,kappa]: [(106.23303,312.60463),2.39939]
	59912.89051	   0.11249	[mu,kappa]: [(130.07018,303.48692),5.26406]
	34999.77550	   0.06571	[mu,kappa]: [(106.81376,312.19360),2.44006]
	58993.71513	   0.11076	[mu,kappa]: [(41.97356,62.61290),5.84324]
	31260.10132	   0.05869	[mu,kappa]: [(80.60643,324.91070),1.79089]
	107608.22818	   0.20203	[mu,kappa]: [(137.56103,301.63333),8.28540]
	31057.58474	   0.05831	[mu,kappa]: [(54.29685,345.89913),1.82434]
	31482.12947	   0.05911	[mu,kappa]: [(49.90948,351.38376),1.91372]
	36062.41145	   0.06771	[mu,kappa]: [(110.30070,310.98888),2.60000]
			msglen: 12057446.16788 bits.
Iteration #: 13
	106252.39332	   0.19949	[mu,kappa]: [(42.36170,78.10749),17.49222]
	34309.06232	   0.06441	[mu,kappa]: [(103.05915,311.69925),2.47177]
	59333.91807	   0.11140	[mu,kappa]: [(131.11987,303.60718),5.42825]
	34349.99495	   0.06449	[mu,kappa]: [(103.67351,311.26178),2.51611]
	56891.34026	   0.10681	[mu,kappa]: [(45.02422,61.36756),5.46730]
	31446.02589	   0.05904	[mu,kappa]: [(75.58877,323.18744),1.95134]
	110408.57517	   0.20729	[mu,kappa]: [(140.17865,302.72610),8.55039]
	31905.27572	   0.05990	[mu,kappa]: [(51.53162,342.50982),2.04763]
	32443.28400	   0.06091	[mu,kappa]: [(47.70923,347.42323),2.14152]
	35289.13031	   0.06625	[mu,kappa]: [(107.80146,310.20603),2.66515]
			msglen: 12041515.57740 bits.
Iteration #: 14
	105018.27476	   0.19717	[mu,kappa]: [(41.88975,79.68942),21.98722]
	33625.29303	   0.06313	[mu,kappa]: [(100.22637,310.39138),2.59769]
	58690.20153	   0.11019	[mu,kappa]: [(131.62223,303.55042),5.57359]
	33669.97594	   0.06322	[mu,kappa]: [(100.81855,309.90500),2.65129]
	56978.97615	   0.10698	[mu,kappa]: [(50.33393,60.96742),5.04491]
	31469.80601	   0.05908	[mu,kappa]: [(71.49909,321.19119),2.14320]
	112817.61481	   0.21181	[mu,kappa]: [(142.65167,304.13155),8.73310]
	32590.05808	   0.06119	[mu,kappa]: [(48.86246,339.47274),2.29125]
	33266.92791	   0.06246	[mu,kappa]: [(45.38916,343.98171),2.39512]
	34501.87179	   0.06478	[mu,kappa]: [(105.46895,309.03113),2.78557]
			msglen: 12023134.70685 bits.
Iteration #: 15
	102870.73700	   0.19314	[mu,kappa]: [(41.02784,80.86331),27.40064]
	32749.08321	   0.06149	[mu,kappa]: [(97.77813,308.39151),2.84454]
	58097.98492	   0.10908	[mu,kappa]: [(131.41858,303.13281),5.75810]
	32834.36403	   0.06165	[mu,kappa]: [(98.29799,307.84749),2.91854]
	59990.04728	   0.11263	[mu,kappa]: [(57.85530,62.00230),4.86042]
	31028.26738	   0.05826	[mu,kappa]: [(68.14363,318.48918),2.42145]
	115044.57705	   0.21599	[mu,kappa]: [(145.01026,305.88774),8.84297]
	32780.84725	   0.06155	[mu,kappa]: [(46.07292,335.87040),2.64031]
	33635.57227	   0.06315	[mu,kappa]: [(42.77554,340.01175),2.77060]
	33597.51961	   0.06308	[mu,kappa]: [(103.30486,307.18878),3.03402]
			msglen: 11999924.72237 bits.
Iteration #: 16
	100199.16848	   0.18812	[mu,kappa]: [(40.03042,81.72241),33.35947]
	31585.71662	   0.05930	[mu,kappa]: [(95.78326,305.76094),3.30914]
	57579.62417	   0.10810	[mu,kappa]: [(130.47368,302.23694),6.07905]
	31780.66828	   0.05967	[mu,kappa]: [(96.21459,305.17752),3.42559]
	65259.26540	   0.12252	[mu,kappa]: [(65.89147,63.67975),5.03162]
	30004.17246	   0.05633	[mu,kappa]: [(65.25326,315.32440),2.85406]
	117352.90162	   0.22033	[mu,kappa]: [(147.38550,308.16782),8.89350]
	32596.88969	   0.06120	[mu,kappa]: [(42.96986,331.90781),3.23674]
	33763.59409	   0.06339	[mu,kappa]: [(39.76972,335.70182),3.43639]
	32506.99919	   0.06103	[mu,kappa]: [(101.36357,304.70576),3.52016]
			msglen: 11970882.72440 bits.
Iteration #: 17
	97808.53863	   0.18363	[mu,kappa]: [(39.11817,82.35047),39.15712]
	30223.09047	   0.05674	[mu,kappa]: [(94.56226,302.87739),4.16036]
	57172.52541	   0.10734	[mu,kappa]: [(128.77581,300.78171),6.71799]
	30647.00700	   0.05754	[mu,kappa]: [(94.93996,302.30924),4.36224]
	70614.19819	   0.13258	[mu,kappa]: [(72.19962,64.88766),5.46319]
	28324.70480	   0.05318	[mu,kappa]: [(62.90434,312.48373),3.47268]
	119833.66693	   0.22498	[mu,kappa]: [(149.81010,311.14796),8.94631]
	32416.88333	   0.06086	[mu,kappa]: [(39.59644,329.26446),4.21396]
	34212.42309	   0.06423	[mu,kappa]: [(36.50634,332.96491),4.56534]
	31375.96215	   0.05891	[mu,kappa]: [(99.91831,301.91268),4.45126]
			msglen: 11938132.86435 bits.
Iteration #: 18
	96133.26979	   0.18049	[mu,kappa]: [(38.44176,82.79080),43.98777]
	29119.71161	   0.05467	[mu,kappa]: [(94.35913,300.34688),5.63103]
	57083.90767	   0.10717	[mu,kappa]: [(126.62538,298.92922),7.90171]
	29937.71985	   0.05621	[mu,kappa]: [(94.73654,299.87601),5.97359]
	74112.52700	   0.13914	[mu,kappa]: [(75.67313,65.40104),5.97535]
	25953.30338	   0.04873	[mu,kappa]: [(61.33909,310.48963),4.22993]
	121793.07891	   0.22866	[mu,kappa]: [(152.11309,314.72828),9.13107]
	32433.50077	   0.06089	[mu,kappa]: [(36.28272,329.24554),5.53438]
	35285.86653	   0.06625	[mu,kappa]: [(33.37451,333.23926),6.11244]
	30776.11450	   0.05778	[mu,kappa]: [(99.25980,299.45030),6.11246]
			msglen: 11906024.94832 bits.
Iteration #: 19
	94846.92016	   0.17807	[mu,kappa]: [(38.02079,83.09045),47.59349]
	28705.42732	   0.05389	[mu,kappa]: [(94.58199,298.79859),7.60646]
	57514.44389	   0.10798	[mu,kappa]: [(124.96051,297.16937),9.62326]
	29999.64147	   0.05632	[mu,kappa]: [(94.97874,298.47683),8.05278]
	75688.36414	   0.14210	[mu,kappa]: [(76.77136,65.60774),6.44892]
	23319.91620	   0.04378	[mu,kappa]: [(60.42537,309.08965),5.13618]
	122389.94169	   0.22978	[mu,kappa]: [(154.05223,318.40855),9.53607]
	32511.33963	   0.06104	[mu,kappa]: [(33.71795,330.77639),6.92138]
	36586.98591	   0.06869	[mu,kappa]: [(31.03958,335.24633),7.67012]
	31066.01959	   0.05833	[mu,kappa]: [(99.11790,297.99898),8.27663]
			msglen: 11882612.27460 bits.
Iteration #: 20
	93629.06286	   0.17579	[mu,kappa]: [(37.76426,83.30329),50.27120]
	28722.88755	   0.05393	[mu,kappa]: [(94.45451,298.30300),9.24543]
	58665.50375	   0.11014	[mu,kappa]: [(124.42460,295.78137),11.47295]
	30320.09750	   0.05693	[mu,kappa]: [(94.89570,298.09339),9.66649]
	76473.04553	   0.14358	[mu,kappa]: [(76.66512,65.76278),6.82061]
	21553.96319	   0.04047	[mu,kappa]: [(59.93100,307.75998),6.35441]
	121760.46174	   0.22860	[mu,kappa]: [(155.42704,321.51144),10.03618]
	32515.68697	   0.06105	[mu,kappa]: [(32.30393,331.96520),7.96396]
	37461.05032	   0.07033	[mu,kappa]: [(29.72175,337.08981),8.71201]
	31527.24059	   0.05919	[mu,kappa]: [(99.00529,297.54721),9.93098]
			msglen: 11871148.30632 bits.
Iteration #: 21
	92454.48638	   0.17358	[mu,kappa]: [(37.58173,83.46295),52.33987]
	28708.48380	   0.05390	[mu,kappa]: [(94.02555,298.36890),10.19869]
	60759.74328	   0.11408	[mu,kappa]: [(124.71580,294.71888),13.05942]
	30408.52280	   0.05709	[mu,kappa]: [(94.53151,298.22094),10.54125]
	77240.63205	   0.14502	[mu,kappa]: [(76.19229,65.88018),7.05768]
	21157.56636	   0.03972	[mu,kappa]: [(59.77348,306.44916),7.90197]
	120273.39055	   0.22581	[mu,kappa]: [(156.28350,323.88951),10.42704]
	32312.05505	   0.06067	[mu,kappa]: [(31.59515,332.62846),8.55612]
	37718.69671	   0.07082	[mu,kappa]: [(28.94290,338.68748),9.20452]
	31595.42303	   0.05932	[mu,kappa]: [(98.85621,297.58752),10.81665]
			msglen: 11865599.08609 bits.
Iteration #: 22
	91321.79735	   0.17145	[mu,kappa]: [(37.44300,83.58937),54.05293]
	28589.85599	   0.05368	[mu,kappa]: [(93.58888,298.61673),10.74534]
	63475.63117	   0.11917	[mu,kappa]: [(125.34579,293.92228),14.22047]
	30308.30370	   0.05690	[mu,kappa]: [(94.15740,298.50536),11.01476]
	78024.96330	   0.14649	[mu,kappa]: [(75.68861,65.98092),7.19221]
	21717.73342	   0.04078	[mu,kappa]: [(59.72914,305.35931),9.52806]
	118225.49421	   0.22196	[mu,kappa]: [(156.83557,325.85454),10.67859]
	31918.45671	   0.05993	[mu,kappa]: [(31.11850,333.19326),8.90279]
	37630.86832	   0.07065	[mu,kappa]: [(28.32619,340.41173),9.43711]
	31415.89585	   0.05898	[mu,kappa]: [(98.75280,297.78997),11.30264]
			msglen: 11862246.31010 bits.
Iteration #: 23
	90252.85526	   0.16945	[mu,kappa]: [(37.34093,83.69413),55.56793]
	28450.39941	   0.05342	[mu,kappa]: [(93.28263,298.88477),11.10793]
	66328.87985	   0.12453	[mu,kappa]: [(126.05742,293.35808),14.95553]
	30165.32205	   0.05664	[mu,kappa]: [(93.90220,298.79832),11.32374]
	78716.70413	   0.14779	[mu,kappa]: [(75.24336,66.08123),7.27597]
	22736.16291	   0.04269	[mu,kappa]: [(59.59707,304.55131),10.93193]
	115905.48909	   0.21761	[mu,kappa]: [(157.23782,327.63552),10.84536]
	31436.73217	   0.05902	[mu,kappa]: [(30.72272,333.74557),9.15723]
	37425.78027	   0.07027	[mu,kappa]: [(27.77638,342.26498),9.58512]
	31210.67486	   0.05860	[mu,kappa]: [(98.72732,298.01980),11.64217]
			msglen: 11860032.23749 bits.
Iteration #: 24
	89281.23519	   0.16762	[mu,kappa]: [(37.26676,83.78289),56.94042]
	28351.26582	   0.05323	[mu,kappa]: [(93.12098,299.11675),11.37146]
	69043.00405	   0.12963	[mu,kappa]: [(126.76398,292.99034),15.36209]
	30062.37239	   0.05644	[mu,kappa]: [(93.77969,299.04876),11.55213]
	79281.23083	   0.14885	[mu,kappa]: [(74.86658,66.17873),7.33948]
	23885.95379	   0.04485	[mu,kappa]: [(59.32419,303.97649),11.96460]
	113493.83973	   0.21308	[mu,kappa]: [(157.56501,329.31688),10.96792]
	30942.62918	   0.05809	[mu,kappa]: [(30.39913,334.22275),9.37341]
	37199.58234	   0.06984	[mu,kappa]: [(27.29446,344.13297),9.69835]
	31087.88668	   0.05837	[mu,kappa]: [(98.77114,298.22581),11.92171]
			msglen: 11858494.32585 bits.
Iteration #: 25
	88422.23801	   0.16601	[mu,kappa]: [(37.21157,83.85852),58.17864]
	28312.54699	   0.05316	[mu,kappa]: [(93.06879,299.29745),11.56584]
	71532.92258	   0.13430	[mu,kappa]: [(127.44678,292.78019),15.55688]
	30025.18852	   0.05637	[mu,kappa]: [(93.75719,299.24364),11.72526]
	79727.70195	   0.14969	[mu,kappa]: [(74.54899,66.26921),7.39468]
	25009.22144	   0.04695	[mu,kappa]: [(58.94510,303.57377),12.64038]
	111076.46319	   0.20854	[mu,kappa]: [(157.85104,330.92788),11.06583]
	30469.76553	   0.05721	[mu,kappa]: [(30.15716,334.58283),9.56480]
	36982.05656	   0.06943	[mu,kappa]: [(26.88229,345.95388),9.78488]
	31070.89522	   0.05834	[mu,kappa]: [(98.86157,298.38922),12.15991]
			msglen: 11857339.29451 bits.
			N: 532629
		22.26191 bpr
Null model msglen: 12561024.16746 bits.	(23.58306 bpr)
