Iteration #: 0
	26898.00000	   0.05050	[mu,kappa]: [(86.59302,343.27404),1.03530]
	26440.00000	   0.04964	[mu,kappa]: [(86.64748,342.85365),1.03438]
	26381.00000	   0.04953	[mu,kappa]: [(86.36708,342.69001),1.02543]
	26711.00000	   0.05015	[mu,kappa]: [(86.78711,342.52399),1.03446]
	26690.00000	   0.05011	[mu,kappa]: [(86.88663,342.03141),1.04417]
	26652.00000	   0.05004	[mu,kappa]: [(86.61415,341.91598),1.03133]
	26766.00000	   0.05025	[mu,kappa]: [(86.45395,342.50919),1.03997]
	26516.00000	   0.04978	[mu,kappa]: [(86.18001,343.03279),1.02632]
	26536.00000	   0.04982	[mu,kappa]: [(86.39548,342.35656),1.03573]
	26701.00000	   0.05013	[mu,kappa]: [(87.27617,342.27382),1.03450]
	26886.00000	   0.05048	[mu,kappa]: [(86.02683,344.02675),1.01846]
	26677.00000	   0.05009	[mu,kappa]: [(86.98948,342.42109),1.03024]
	26608.00000	   0.04996	[mu,kappa]: [(85.34089,341.87283),1.04148]
	26723.00000	   0.05017	[mu,kappa]: [(86.04054,342.40571),1.04468]
	26716.00000	   0.05016	[mu,kappa]: [(86.19358,341.61762),1.04613]
	26341.00000	   0.04945	[mu,kappa]: [(86.95357,341.77290),1.04672]
	26449.00000	   0.04966	[mu,kappa]: [(85.79036,342.80324),1.02862]
	26599.00000	   0.04994	[mu,kappa]: [(85.99663,342.13082),1.02952]
	26608.00000	   0.04996	[mu,kappa]: [(86.73461,342.17514),1.04108]
	26731.00000	   0.05019	[mu,kappa]: [(85.59314,343.03071),1.02378]
			msglen: -0.00000 bits.
Iteration #: 1
	26897.52538	   0.05050	[mu,kappa]: [(86.29238,343.22683),1.02955]
	26439.61860	   0.04964	[mu,kappa]: [(86.57495,342.75923),1.03244]
	26380.61555	   0.04953	[mu,kappa]: [(86.18151,342.90271),1.02928]
	26710.75286	   0.05015	[mu,kappa]: [(86.94065,342.33192),1.03539]
	26690.31731	   0.05011	[mu,kappa]: [(87.40575,341.55831),1.04359]
	26651.77097	   0.05004	[mu,kappa]: [(86.96576,341.83102),1.03822]
	26765.62387	   0.05025	[mu,kappa]: [(86.51150,342.37095),1.03671]
	26516.01983	   0.04978	[mu,kappa]: [(85.74698,343.35066),1.02669]
	26535.69601	   0.04982	[mu,kappa]: [(86.46965,342.32099),1.03597]
	26701.40098	   0.05013	[mu,kappa]: [(87.76556,341.82267),1.03902]
	26887.63468	   0.05048	[mu,kappa]: [(84.96024,344.67753),1.01663]
	26676.82739	   0.05009	[mu,kappa]: [(87.24709,342.20699),1.03512]
	26607.50467	   0.04996	[mu,kappa]: [(85.23052,342.21590),1.03897]
	26722.47985	   0.05017	[mu,kappa]: [(86.00060,342.37230),1.03819]
	26715.78072	   0.05016	[mu,kappa]: [(86.62582,341.41977),1.04534]
	26341.79906	   0.04946	[mu,kappa]: [(87.64919,341.19843),1.04701]
	26449.25999	   0.04966	[mu,kappa]: [(85.31743,343.25259),1.02826]
	26598.48666	   0.04994	[mu,kappa]: [(85.95932,342.40401),1.03399]
	26607.98586	   0.04996	[mu,kappa]: [(87.09104,341.84944),1.04064]
	26731.89976	   0.05019	[mu,kappa]: [(84.88149,343.69819),1.02438]
			msglen: 12437610.66045 bits.
Iteration #: 2
	26896.28944	   0.05050	[mu,kappa]: [(85.83683,343.44011),1.02689]
	26438.07321	   0.04964	[mu,kappa]: [(86.50258,342.73104),1.03219]
	26379.33709	   0.04953	[mu,kappa]: [(85.83808,343.14799),1.02880]
	26709.53086	   0.05015	[mu,kappa]: [(87.26430,342.02989),1.03779]
	26691.27794	   0.05011	[mu,kappa]: [(88.37444,340.81515),1.04925]
	26651.14415	   0.05004	[mu,kappa]: [(87.56826,341.42627),1.04302]
	26764.12525	   0.05025	[mu,kappa]: [(86.63822,342.25767),1.03664]
	26515.88987	   0.04978	[mu,kappa]: [(84.96255,343.91102),1.02368]
	26534.21056	   0.04982	[mu,kappa]: [(86.59678,342.23977),1.03659]
	26702.53517	   0.05013	[mu,kappa]: [(88.72122,341.01463),1.04655]
	26893.93901	   0.05049	[mu,kappa]: [(83.06131,345.99838),1.01057]
	26676.07898	   0.05008	[mu,kappa]: [(87.76234,341.75190),1.03973]
	26606.30006	   0.04995	[mu,kappa]: [(84.87973,342.69195),1.03524]
	26720.94696	   0.05017	[mu,kappa]: [(85.91111,342.48540),1.03574]
	26715.19596	   0.05016	[mu,kappa]: [(87.33913,341.01191),1.04813]
	26344.49818	   0.04946	[mu,kappa]: [(88.92179,340.25179),1.05486]
	26449.89057	   0.04966	[mu,kappa]: [(84.40082,343.99356),1.02410]
	26597.02588	   0.04994	[mu,kappa]: [(85.80373,342.62506),1.03371]
	26607.63222	   0.04996	[mu,kappa]: [(87.75911,341.33532),1.04436]
	26735.07865	   0.05019	[mu,kappa]: [(83.51020,344.79101),1.01912]
			msglen: 12437495.35463 bits.
Iteration #: 3
	26892.03020	   0.05049	[mu,kappa]: [(85.05084,343.95557),1.02344]
	26432.57400	   0.04963	[mu,kappa]: [(86.41236,342.73822),1.03219]
	26374.75702	   0.04952	[mu,kappa]: [(85.21582,343.59595),1.02617]
	26705.14101	   0.05014	[mu,kappa]: [(87.89746,341.49727),1.04244]
	26694.53431	   0.05012	[mu,kappa]: [(90.14789,339.46539),1.06284]
	26648.84855	   0.05003	[mu,kappa]: [(88.66554,340.60717),1.05091]
	26758.72459	   0.05024	[mu,kappa]: [(86.87824,342.07082),1.03799]
	26515.37047	   0.04978	[mu,kappa]: [(83.51505,344.99532),1.01775]
	26528.84214	   0.04981	[mu,kappa]: [(86.82703,342.07322),1.03797]
	26706.48421	   0.05014	[mu,kappa]: [(90.51945,339.56651),1.06155]
	26916.70054	   0.05054	[mu,kappa]: [(79.55979,348.66035),1.00232]
	26673.41701	   0.05008	[mu,kappa]: [(88.75830,340.92372),1.04754]
	26602.54968	   0.04995	[mu,kappa]: [(84.10312,343.46251),1.02984]
	26715.52551	   0.05016	[mu,kappa]: [(85.70847,342.69847),1.03379]
	26713.38079	   0.05015	[mu,kappa]: [(88.57974,340.17890),1.05572]
	26353.87561	   0.04948	[mu,kappa]: [(91.22141,338.52450),1.07370]
	26451.96795	   0.04966	[mu,kappa]: [(82.65624,345.37737),1.01683]
	26591.83611	   0.04993	[mu,kappa]: [(85.46750,342.94517),1.03169]
	26606.25635	   0.04995	[mu,kappa]: [(88.99167,340.39380),1.05310]
	26746.18396	   0.05022	[mu,kappa]: [(80.90539,346.85855),1.01045]
			msglen: 12437090.52805 bits.
Iteration #: 4
	26877.02460	   0.05046	[mu,kappa]: [(83.62780,344.98883),1.01785]
	26413.17553	   0.04959	[mu,kappa]: [(86.28595,342.77834),1.03224]
	26358.50743	   0.04949	[mu,kappa]: [(84.07270,344.44899),1.02136]
	26689.69808	   0.05011	[mu,kappa]: [(89.10026,340.52557),1.05184]
	26705.94492	   0.05014	[mu,kappa]: [(93.33364,337.02463),1.09362]
	26640.76613	   0.05002	[mu,kappa]: [(90.67091,339.07404),1.06742]
	26739.65598	   0.05020	[mu,kappa]: [(87.33239,341.71325),1.04118]
	26513.38195	   0.04978	[mu,kappa]: [(80.80663,347.09952),1.00929]
	26509.87739	   0.04977	[mu,kappa]: [(87.25758,341.74130),1.04097]
	26720.39965	   0.05017	[mu,kappa]: [(93.78552,336.99212),1.09447]
	26997.46030	   0.05069	[mu,kappa]: [(73.08326,354.01017),1.00327]
	26664.10951	   0.05006	[mu,kappa]: [(90.62655,339.42519),1.06341]
	26589.58615	   0.04992	[mu,kappa]: [(82.54524,344.81569),1.02216]
	26696.38847	   0.05012	[mu,kappa]: [(85.30068,343.05855),1.03133]
	26707.22717	   0.05014	[mu,kappa]: [(90.78760,338.57793),1.07327]
	26386.71315	   0.04954	[mu,kappa]: [(95.27170,335.43753),1.11753]
	26459.05102	   0.04968	[mu,kappa]: [(79.34538,348.03389),1.00778]
	26573.47560	   0.04989	[mu,kappa]: [(84.81093,343.49276),1.02825]
	26601.40033	   0.04994	[mu,kappa]: [(91.24297,338.66353),1.07227]
	26785.15664	   0.05029	[mu,kappa]: [(75.98380,350.89580),1.00403]
			msglen: 12435666.73781 bits.
Iteration #: 5
	26823.79592	   0.05036	[mu,kappa]: [(81.01348,346.97103),1.01051]
	26345.02606	   0.04946	[mu,kappa]: [(86.11051,342.83801),1.03290]
	26300.92787	   0.04938	[mu,kappa]: [(81.96675,346.04979),1.01462]
	26635.94211	   0.05001	[mu,kappa]: [(91.33804,338.73901),1.07237]
	26746.31036	   0.05022	[mu,kappa]: [(98.77161,332.79200),1.16720]
	26612.95487	   0.04997	[mu,kappa]: [(94.25751,336.29580),1.10522]
	26672.87179	   0.05008	[mu,kappa]: [(88.20343,341.00682),1.04842]
	26505.37233	   0.04976	[mu,kappa]: [(75.75719,351.19279),1.00436]
	26443.43502	   0.04965	[mu,kappa]: [(88.08160,341.07650),1.04780]
	26769.58377	   0.05026	[mu,kappa]: [(99.36324,332.58084),1.17262]
	27282.60950	   0.05122	[mu,kappa]: [(62.05487,4.74307),1.06485]
	26632.05404	   0.05000	[mu,kappa]: [(94.01558,336.73954),1.09902]
	26543.56305	   0.04983	[mu,kappa]: [(79.55014,347.28882),1.01337]
	26628.99777	   0.05000	[mu,kappa]: [(84.53782,343.66104),1.02827]
	26686.33125	   0.05010	[mu,kappa]: [(94.66997,335.64791),1.11466]
	26501.53889	   0.04976	[mu,kappa]: [(101.90394,330.24148),1.22462]
	26482.76017	   0.04972	[mu,kappa]: [(73.17259,353.21452),1.00765]
	26508.67988	   0.04977	[mu,kappa]: [(83.58298,344.45433),1.02344]
	26584.91219	   0.04991	[mu,kappa]: [(95.23648,335.56417),1.11670]
	26921.33318	   0.05054	[mu,kappa]: [(67.10790,358.90847),1.02806]
			msglen: 12430691.34508 bits.
Iteration #: 6
	26635.03570	   0.05001	[mu,kappa]: [(76.30015,350.65545),1.00814]
	26108.57534	   0.04902	[mu,kappa]: [(85.93211,342.81047),1.03679]
	26097.85183	   0.04900	[mu,kappa]: [(78.17434,348.95908),1.01038]
	26452.92113	   0.04966	[mu,kappa]: [(95.35473,335.49782),1.12140]
	26889.11543	   0.05048	[mu,kappa]: [(106.96328,326.08276),1.35105]
	26520.79527	   0.04979	[mu,kappa]: [(100.26534,331.51264),1.19805]
	26442.78633	   0.04965	[mu,kappa]: [(89.89741,339.57419),1.06629]
	26470.30459	   0.04970	[mu,kappa]: [(66.88355,359.10497),1.03281]
	26214.43324	   0.04922	[mu,kappa]: [(89.68953,339.71399),1.06479]
	26942.74622	   0.05058	[mu,kappa]: [(107.68940,325.67049),1.36739]
	28280.06394	   0.05310	[mu,kappa]: [(48.53764,24.40957),1.35401]
	26525.21597	   0.04980	[mu,kappa]: [(99.76619,332.11219),1.18571]
	26379.06588	   0.04953	[mu,kappa]: [(74.05055,351.83995),1.01324]
	26394.06580	   0.04955	[mu,kappa]: [(83.21823,344.59782),1.02645]
	26618.22281	   0.04998	[mu,kappa]: [(101.05662,330.62301),1.21750]
	26898.12994	   0.05050	[mu,kappa]: [(111.08387,322.48641),1.49261]
	26556.99252	   0.04986	[mu,kappa]: [(62.69631,3.27650),1.06351]
	26281.94893	   0.04934	[mu,kappa]: [(81.39634,346.08006),1.01946]
	26532.04399	   0.04981	[mu,kappa]: [(101.78703,330.32475),1.22639]
	27388.68515	   0.05142	[mu,kappa]: [(54.06510,14.29484),1.18633]
			msglen: 12413788.39659 bits.
Iteration #: 7
	25982.64714	   0.04878	[mu,kappa]: [(68.60164,356.97242),1.03772]
	25325.97891	   0.04755	[mu,kappa]: [(86.07296,342.20923),1.05387]
	25403.95263	   0.04770	[mu,kappa]: [(71.94786,353.77138),1.02742]
	25869.19053	   0.04857	[mu,kappa]: [(101.89834,329.95079),1.24755]
	27381.06314	   0.05141	[mu,kappa]: [(116.52876,317.22834),1.80383]
	26243.21342	   0.04927	[mu,kappa]: [(108.79824,324.17307),1.43327]
	25691.82435	   0.04824	[mu,kappa]: [(93.16504,336.62608),1.11527]
	26304.00173	   0.04939	[mu,kappa]: [(54.48426,13.21604),1.19077]
	25466.47112	   0.04781	[mu,kappa]: [(92.81861,336.87450),1.11169]
	27533.43537	   0.05169	[mu,kappa]: [(117.23801,316.69709),1.84528]
	31640.71645	   0.05940	[mu,kappa]: [(40.71261,49.09867),2.25788]
	26198.95826	   0.04919	[mu,kappa]: [(108.08974,324.93506),1.40539]
	25801.73074	   0.04844	[mu,kappa]: [(65.13521,359.74153),1.05896]
	25609.32885	   0.04808	[mu,kappa]: [(81.29184,345.67445),1.03445]
	26420.32423	   0.04960	[mu,kappa]: [(109.87392,323.04633),1.47779]
	28206.75038	   0.05296	[mu,kappa]: [(120.49544,313.26394),2.14124]
	26746.89559	   0.05022	[mu,kappa]: [(49.78488,20.78278),1.31472]
	25519.13448	   0.04791	[mu,kappa]: [(77.92366,348.42994),1.02648]
	26384.63371	   0.04954	[mu,kappa]: [(110.70499,322.54742),1.50265]
	28898.74897	   0.05426	[mu,kappa]: [(43.07834,37.55088),1.73742]
			msglen: 12361869.83887 bits.
Iteration #: 8
	23991.96570	   0.04504	[mu,kappa]: [(59.21202,5.14874),1.15725]
	23121.46648	   0.04341	[mu,kappa]: [(87.57084,339.52948),1.11767]
	23330.63422	   0.04380	[mu,kappa]: [(64.16364,359.50820),1.10868]
	24333.48189	   0.04569	[mu,kappa]: [(110.11926,322.00352),1.56504]
	28867.56559	   0.05420	[mu,kappa]: [(124.14015,308.85157),2.81026]
	25594.26369	   0.04805	[mu,kappa]: [(117.43378,315.43264),1.98536]
	23630.31661	   0.04437	[mu,kappa]: [(98.70146,331.00749),1.25590]
	25541.61133	   0.04795	[mu,kappa]: [(44.34225,31.42335),1.64371]
	23410.54906	   0.04395	[mu,kappa]: [(98.20025,331.37569),1.24739]
	29290.98411	   0.05499	[mu,kappa]: [(124.69332,308.39108),2.90404]
	41563.07367	   0.07803	[mu,kappa]: [(39.62395,65.62508),4.73362]
	25412.14624	   0.04771	[mu,kappa]: [(116.73176,316.20994),1.92440]
	23992.35773	   0.04505	[mu,kappa]: [(54.76799,10.34321),1.22672]
	23361.19620	   0.04386	[mu,kappa]: [(79.65383,345.41498),1.07920]
	25996.34690	   0.04881	[mu,kappa]: [(118.46581,314.30405),2.08289]
	31909.14758	   0.05991	[mu,kappa]: [(127.13516,305.72463),3.55797]
	26947.75297	   0.05059	[mu,kappa]: [(41.57647,41.19709),1.98846]
	23304.46313	   0.04375	[mu,kappa]: [(73.93202,350.15587),1.07258]
	26102.79983	   0.04901	[mu,kappa]: [(119.21354,313.76018),2.14076]
	32926.87708	   0.06182	[mu,kappa]: [(39.52900,57.44245),3.15572]
			msglen: 12244700.26636 bits.
Iteration #: 9
	19984.71889	   0.03752	[mu,kappa]: [(52.85722,8.52499),1.38643]
	19188.22605	   0.03603	[mu,kappa]: [(90.56992,333.37666),1.30103]
	19286.71171	   0.03621	[mu,kappa]: [(58.84313,0.46661),1.28368]
	21852.16254	   0.04103	[mu,kappa]: [(115.91604,314.58198),2.15417]
	31798.23254	   0.05970	[mu,kappa]: [(128.28726,304.10044),4.38016]
	24745.57348	   0.04646	[mu,kappa]: [(122.57098,308.94901),2.91700]
	20088.31256	   0.03772	[mu,kappa]: [(104.11455,323.57337),1.57488]
	23198.96540	   0.04356	[mu,kappa]: [(40.19528,42.27361),2.37531]
	19871.63462	   0.03731	[mu,kappa]: [(103.55042,323.97372),1.55832]
	32698.75655	   0.06139	[mu,kappa]: [(128.75472,303.79407),4.54238]
	61445.51540	   0.11536	[mu,kappa]: [(40.54669,72.75853),9.59639]
	24315.47529	   0.04565	[mu,kappa]: [(121.95860,309.56968),2.80789]
	20208.20895	   0.03794	[mu,kappa]: [(48.14356,15.99202),1.52707]
	19248.24694	   0.03614	[mu,kappa]: [(79.94772,340.92202),1.21928]
	25551.30795	   0.04797	[mu,kappa]: [(123.46383,308.06439),3.09144]
	38690.67252	   0.07264	[mu,kappa]: [(130.78281,302.09125),5.60939]
	26130.05724	   0.04906	[mu,kappa]: [(39.24510,52.25788),3.09385]
	19169.94251	   0.03599	[mu,kappa]: [(71.99262,347.30802),1.20539]
	25911.97305	   0.04865	[mu,kappa]: [(124.11455,307.63831),3.19713]
	39244.30579	   0.07368	[mu,kappa]: [(39.75816,66.27463),5.77547]
			msglen: 12120170.85858 bits.
Iteration #: 10
	16840.21281	   0.03162	[mu,kappa]: [(50.44354,3.65931),1.65909]
	16326.26688	   0.03065	[mu,kappa]: [(89.65788,328.04698),1.55113]
	16193.22854	   0.03040	[mu,kappa]: [(56.47067,355.07896),1.53215]
	20055.48315	   0.03765	[mu,kappa]: [(117.02953,311.03632),2.64049]
	34244.86515	   0.06429	[mu,kappa]: [(130.69053,302.58395),5.57918]
	24172.28370	   0.04538	[mu,kappa]: [(124.38669,306.33078),3.65259]
	17526.09216	   0.03291	[mu,kappa]: [(104.16334,318.97198),1.89458]
	20673.41545	   0.03881	[mu,kappa]: [(39.26366,41.07020),2.90355]
	17311.60257	   0.03250	[mu,kappa]: [(103.55311,319.33402),1.87367]
	35540.38941	   0.06673	[mu,kappa]: [(131.20289,302.36752),5.78684]
	78680.76646	   0.14772	[mu,kappa]: [(41.41894,76.53602),15.01895]
	23552.80169	   0.04422	[mu,kappa]: [(123.71333,306.84014),3.50719]
	17144.79868	   0.03219	[mu,kappa]: [(45.83695,11.73104),1.83500]
	16229.08889	   0.03047	[mu,kappa]: [(78.39328,335.27205),1.45156]
	25289.11631	   0.04748	[mu,kappa]: [(125.37014,305.61331),3.88513]
	44295.74304	   0.08316	[mu,kappa]: [(133.37023,301.13480),7.09126]
	24336.16605	   0.04569	[mu,kappa]: [(39.22988,52.33129),3.84589]
	16102.08829	   0.03023	[mu,kappa]: [(70.05115,341.57520),1.43511]
	25849.58916	   0.04853	[mu,kappa]: [(126.09966,305.28457),4.02742]
	42265.00160	   0.07935	[mu,kappa]: [(40.94726,68.78332),7.80186]
			msglen: 12069537.23863 bits.
Iteration #: 11
	16200.41847	   0.03042	[mu,kappa]: [(48.59556,358.01317),1.90418]
	15487.60184	   0.02908	[mu,kappa]: [(84.71057,325.33739),1.72574]
	15539.64345	   0.02918	[mu,kappa]: [(53.81536,349.95205),1.77755]
	19155.16330	   0.03596	[mu,kappa]: [(115.97748,309.78082),2.81925]
	35171.82190	   0.06603	[mu,kappa]: [(132.89900,302.45720),6.19464]
	23629.03901	   0.04436	[mu,kappa]: [(125.15949,305.56865),3.96804]
	16596.80507	   0.03116	[mu,kappa]: [(100.50317,317.03105),2.03988]
	19927.80381	   0.03741	[mu,kappa]: [(39.61419,36.13338),3.06034]
	16393.33528	   0.03078	[mu,kappa]: [(99.79885,317.36024),2.01975]
	36693.33459	   0.06889	[mu,kappa]: [(133.52046,302.30223),6.43239]
	85960.14231	   0.16139	[mu,kappa]: [(41.73746,79.11568),20.73922]
	22939.22846	   0.04307	[mu,kappa]: [(124.33235,306.02841),3.79979]
	16537.66921	   0.03105	[mu,kappa]: [(44.55744,5.57806),2.07935]
	15452.92604	   0.02901	[mu,kappa]: [(73.54048,331.82966),1.65946]
	24867.85883	   0.04669	[mu,kappa]: [(126.36863,304.93039),4.23766]
	47055.23052	   0.08834	[mu,kappa]: [(136.04724,301.32774),7.88632]
	23339.78998	   0.04382	[mu,kappa]: [(40.46549,48.87179),3.93492]
	15375.62186	   0.02887	[mu,kappa]: [(65.81139,337.54363),1.66242]
	25516.42983	   0.04791	[mu,kappa]: [(127.29316,304.67204),4.40334]
	40789.13625	   0.07658	[mu,kappa]: [(42.85073,69.17739),8.33911]
			msglen: 12048552.27435 bits.
Iteration #: 12
	16489.79558	   0.03096	[mu,kappa]: [(46.56986,353.53610),2.10601]
	15385.29743	   0.02889	[mu,kappa]: [(79.31195,323.13487),1.88123]
	15781.26539	   0.02963	[mu,kappa]: [(51.03566,345.74364),1.99430]
	18573.88357	   0.03487	[mu,kappa]: [(114.21054,308.99709),2.89357]
	35454.57784	   0.06656	[mu,kappa]: [(135.07776,302.86795),6.54732]
	23063.27247	   0.04330	[mu,kappa]: [(125.52776,305.27711),4.11575]
	16264.40624	   0.03054	[mu,kappa]: [(95.98548,315.55874),2.13921]
	20098.08545	   0.03773	[mu,kappa]: [(40.52575,33.37040),3.05613]
	16075.35025	   0.03018	[mu,kappa]: [(95.19418,315.85355),2.12183]
	37141.40318	   0.06973	[mu,kappa]: [(135.84800,302.79101),6.80946]
	88266.95451	   0.16572	[mu,kappa]: [(41.38301,80.85273),27.43080]
	22350.45079	   0.04196	[mu,kappa]: [(124.52995,305.69652),3.93209]
	16864.16457	   0.03166	[mu,kappa]: [(43.07591,0.72368),2.26847]
	15495.01602	   0.02909	[mu,kappa]: [(68.53192,328.91203),1.85725]
	24347.80091	   0.04571	[mu,kappa]: [(126.99481,304.70938),4.41013]
	48700.92526	   0.09143	[mu,kappa]: [(138.83954,302.09555),8.39577]
	23229.91747	   0.04361	[mu,kappa]: [(43.01239,47.19055),3.78369]
	15503.38203	   0.02911	[mu,kappa]: [(61.51385,334.12183),1.87745]
	25038.97172	   0.04701	[mu,kappa]: [(128.17818,304.54236),4.58933]
	38504.07932	   0.07229	[mu,kappa]: [(46.19047,68.84262),8.00459]
			msglen: 12031244.17583 bits.
Iteration #: 13
	16779.97515	   0.03150	[mu,kappa]: [(44.53940,348.99537),2.31469]
	15385.85090	   0.02889	[mu,kappa]: [(74.75931,320.26590),2.09542]
	16050.20903	   0.03013	[mu,kappa]: [(48.56801,341.13612),2.23252]
	18104.68952	   0.03399	[mu,kappa]: [(111.96709,307.92578),3.00092]
	35538.25408	   0.06672	[mu,kappa]: [(137.11064,303.53699),6.78259]
	22524.75634	   0.04229	[mu,kappa]: [(125.38174,304.91143),4.23864]
	16059.24344	   0.03015	[mu,kappa]: [(91.61880,313.54938),2.30132]
	20316.01034	   0.03814	[mu,kappa]: [(41.73639,33.40597),3.00594]
	15883.42987	   0.02982	[mu,kappa]: [(90.77574,313.79992),2.28740]
	37379.94285	   0.07018	[mu,kappa]: [(138.07566,303.58182),7.06672]
	88476.77262	   0.16611	[mu,kappa]: [(40.56241,81.95474),35.05887]
	21802.95718	   0.04093	[mu,kappa]: [(124.22245,305.27753),4.04618]
	17180.03498	   0.03226	[mu,kappa]: [(41.34733,356.10087),2.46017]
	15628.87746	   0.02934	[mu,kappa]: [(64.50333,325.27384),2.10999]
	23829.42480	   0.04474	[mu,kappa]: [(127.11065,304.43954),4.54577]
	50091.15539	   0.09404	[mu,kappa]: [(141.63157,303.29224),8.79845]
	23518.66702	   0.04416	[mu,kappa]: [(46.96256,48.58114),3.61736]
	15703.68311	   0.02948	[mu,kappa]: [(58.06248,330.01628),2.13760]
	24543.50006	   0.04608	[mu,kappa]: [(128.61797,304.41292),4.72548]
	37831.56584	   0.07103	[mu,kappa]: [(51.61781,68.65240),7.58246]
			msglen: 12012839.09056 bits.
Iteration #: 14
	16813.30028	   0.03157	[mu,kappa]: [(42.46924,343.52577),2.62169]
	15299.37475	   0.02872	[mu,kappa]: [(71.19881,316.55952),2.43719]
	16115.03946	   0.03026	[mu,kappa]: [(46.36339,335.57037),2.58335]
	17682.69923	   0.03320	[mu,kappa]: [(109.38036,306.32431),3.22192]
	35537.79339	   0.06672	[mu,kappa]: [(139.04625,304.42604),6.93725]
	22027.90527	   0.04136	[mu,kappa]: [(124.67378,304.26966),4.40368]
	15833.17346	   0.02973	[mu,kappa]: [(87.78280,310.79690),2.59986]
	20205.03496	   0.03793	[mu,kappa]: [(43.08864,34.95540),2.97275]
	15668.74485	   0.02942	[mu,kappa]: [(86.92282,310.99721),2.59003]
	37545.16082	   0.07049	[mu,kappa]: [(140.26214,304.66467),7.24109]
	87502.88901	   0.16428	[mu,kappa]: [(39.58864,82.69076),42.95075]
	21300.25769	   0.03999	[mu,kappa]: [(123.37589,304.56495),4.20967]
	17224.47612	   0.03234	[mu,kappa]: [(39.34086,350.60220),2.75276]
	15657.44462	   0.02940	[mu,kappa]: [(61.42515,320.76987),2.49639]
	23341.63704	   0.04382	[mu,kappa]: [(126.65717,303.92749),4.70904]
	51518.66552	   0.09672	[mu,kappa]: [(144.45701,304.97907),9.14476]
	23902.94414	   0.04488	[mu,kappa]: [(52.36141,51.83425),3.52042]
	15770.71417	   0.02961	[mu,kappa]: [(55.37103,325.01513),2.52735]
	24060.77674	   0.04517	[mu,kappa]: [(128.57296,304.10823),4.86845]
	39620.96848	   0.07439	[mu,kappa]: [(58.44125,69.11116),7.65736]
			msglen: 11991556.68825 bits.
Iteration #: 15
	16629.83797	   0.03122	[mu,kappa]: [(40.25399,337.77360),3.14692]
	15074.96364	   0.02830	[mu,kappa]: [(68.60977,312.61354),2.97517]
	16010.55332	   0.03006	[mu,kappa]: [(44.22599,329.94800),3.15906]
	17273.49436	   0.03243	[mu,kappa]: [(106.71905,304.19802),3.65501]
	35496.86347	   0.06664	[mu,kappa]: [(141.00217,305.60167),7.02542]
	21558.05652	   0.04047	[mu,kappa]: [(123.43635,303.24628),4.68444]
	15531.75452	   0.02916	[mu,kappa]: [(84.84138,307.61283),3.11639]
	19626.73179	   0.03685	[mu,kappa]: [(44.27505,36.70800),3.00372]
	15377.83748	   0.02887	[mu,kappa]: [(83.98938,307.77291),3.11082]
	37704.64704	   0.07079	[mu,kappa]: [(142.53300,306.15280),7.34377]
	86098.51140	   0.16165	[mu,kappa]: [(38.67492,83.22646),50.23750]
	20820.52652	   0.03909	[mu,kappa]: [(122.03993,303.45793),4.49616]
	17064.43539	   0.03204	[mu,kappa]: [(37.04941,344.66434),3.28250]
	15565.97737	   0.02923	[mu,kappa]: [(59.08790,316.24240),3.09760]
	22877.39065	   0.04295	[mu,kappa]: [(125.64846,303.06279),4.97018]
	53188.04448	   0.09986	[mu,kappa]: [(147.37114,307.34811),9.44472]
	24215.85290	   0.04546	[mu,kappa]: [(58.99062,55.19025),3.51141]
	15711.27980	   0.02950	[mu,kappa]: [(53.17013,320.06905),3.13838]
	23576.03697	   0.04426	[mu,kappa]: [(128.07357,303.52726),5.07387]
	43226.20442	   0.08116	[mu,kappa]: [(64.69579,69.88413),8.29966]
			msglen: 11967532.75046 bits.
Iteration #: 16
	16420.01278	   0.03083	[mu,kappa]: [(37.71543,333.68470),4.00180]
	14687.26482	   0.02758	[mu,kappa]: [(67.14138,309.20508),3.74691]
	15860.19709	   0.02978	[mu,kappa]: [(41.87797,326.03739),4.03494]
	16956.33824	   0.03184	[mu,kappa]: [(104.28896,301.68123),4.50080]
	35387.35978	   0.06644	[mu,kappa]: [(142.99302,307.10057),7.07605]
	21129.78413	   0.03967	[mu,kappa]: [(121.59277,301.71222),5.22102]
	15182.34718	   0.02850	[mu,kappa]: [(83.28213,304.47979),3.97148]
	18675.40171	   0.03506	[mu,kappa]: [(44.93011,38.11947),3.14863]
	15035.32538	   0.02823	[mu,kappa]: [(82.45646,304.62467),3.96611]
	37855.50079	   0.07107	[mu,kappa]: [(144.91427,308.16596),7.39738]
	85071.75315	   0.15972	[mu,kappa]: [(37.93595,83.61172),56.05039]
	20375.25074	   0.03825	[mu,kappa]: [(120.15144,301.83720),5.04636]
	16967.80026	   0.03186	[mu,kappa]: [(34.43880,340.39732),4.19834]
	15340.70122	   0.02880	[mu,kappa]: [(57.40415,312.75124),3.93000]
	22448.29481	   0.04215	[mu,kappa]: [(123.98635,301.69802),5.46208]
	55192.38805	   0.10362	[mu,kappa]: [(150.31179,310.62371),9.70237]
	24499.96693	   0.04600	[mu,kappa]: [(66.55018,57.60157),3.56949]
	15545.00246	   0.02919	[mu,kappa]: [(51.23665,316.47267),3.99410]
	23064.51289	   0.04330	[mu,kappa]: [(127.00642,302.49633),5.44498]
	46933.79758	   0.08812	[mu,kappa]: [(68.84734,70.42569),9.14565]
			msglen: 11942195.69479 bits.
Iteration #: 17
	16388.21394	   0.03077	[mu,kappa]: [(34.76382,332.73100),5.21201]
	14089.30533	   0.02645	[mu,kappa]: [(66.94222,306.68391),4.70963]
	15720.25897	   0.02951	[mu,kappa]: [(39.13929,324.86386),5.16020]
	17075.60382	   0.03206	[mu,kappa]: [(102.41990,299.19408),6.13041]
	34982.66788	   0.06568	[mu,kappa]: [(144.89452,308.77186),7.17679]
	20870.09846	   0.03918	[mu,kappa]: [(119.13080,299.69527),6.26711]
	14942.66699	   0.02805	[mu,kappa]: [(83.39805,301.82806),5.32913]
	17632.04409	   0.03310	[mu,kappa]: [(44.69083,39.27138),3.48576]
	14785.96807	   0.02776	[mu,kappa]: [(82.61352,301.97764),5.30753]
	37783.01785	   0.07094	[mu,kappa]: [(147.29048,310.66834),7.48434]
	84663.05471	   0.15895	[mu,kappa]: [(37.42157,83.86047),59.84598]
	20099.74451	   0.03774	[mu,kappa]: [(117.69673,299.74857),6.11973]
	17261.43331	   0.03241	[mu,kappa]: [(31.53937,339.61384),5.57381]
	14846.88861	   0.02788	[mu,kappa]: [(56.33729,310.66200),4.86599]
	22150.91877	   0.04159	[mu,kappa]: [(121.63130,299.81250),6.42145]
	57322.15697	   0.10762	[mu,kappa]: [(153.08469,314.87711),9.97844]
	25019.07434	   0.04697	[mu,kappa]: [(74.72915,59.01917),3.69952]
	15153.94706	   0.02845	[mu,kappa]: [(49.42553,314.71838),4.96226]
	22520.82117	   0.04228	[mu,kappa]: [(125.20792,300.86688),6.17146]
	49321.11517	   0.09260	[mu,kappa]: [(70.61573,70.63126),9.88333]
			msglen: 11915055.57493 bits.
Iteration #: 18
	16638.05155	   0.03124	[mu,kappa]: [(31.85382,334.44801),6.67526]
	13293.67483	   0.02496	[mu,kappa]: [(67.63698,304.96611),5.81493]
	15584.76506	   0.02926	[mu,kappa]: [(36.32150,325.85219),6.41865]
	18016.29401	   0.03383	[mu,kappa]: [(101.34352,297.51975),8.58006]
	33942.09643	   0.06373	[mu,kappa]: [(146.59372,310.22102),7.49485]
	20963.87059	   0.03936	[mu,kappa]: [(116.72839,297.74774),7.98178]
	15007.53776	   0.02818	[mu,kappa]: [(84.52991,300.06535),7.22343]
	16710.24367	   0.03137	[mu,kappa]: [(43.46586,40.21018),4.10694]
	14810.55724	   0.02781	[mu,kappa]: [(83.79363,300.21431),7.16460]
	37132.93077	   0.06972	[mu,kappa]: [(149.50500,313.32307),7.77017]
	84486.48737	   0.15862	[mu,kappa]: [(37.10435,84.01223),61.99264]
	20198.61499	   0.03792	[mu,kappa]: [(115.33093,297.77395),7.88202]
	18109.16907	   0.03400	[mu,kappa]: [(28.86680,341.78960),7.27272]
	13998.63169	   0.02628	[mu,kappa]: [(55.70966,309.56521),5.80014]
	22127.69971	   0.04154	[mu,kappa]: [(119.24237,297.88801),8.00960]
	59167.44106	   0.11108	[mu,kappa]: [(155.43389,319.73376),10.42330]
	25802.39742	   0.04844	[mu,kappa]: [(82.99128,59.92688),3.94673]
	14441.99130	   0.02711	[mu,kappa]: [(47.72342,314.26481),5.92431]
	21987.34937	   0.04128	[mu,kappa]: [(123.11557,298.93344),7.43986]
	50209.19610	   0.09427	[mu,kappa]: [(70.54657,70.70055),10.60553]
			msglen: 11887855.41655 bits.
Iteration #: 19
	17056.35836	   0.03202	[mu,kappa]: [(29.73652,336.88698),8.08788]
	12588.88905	   0.02364	[mu,kappa]: [(68.42298,303.85914),7.12106]
	15475.89617	   0.02906	[mu,kappa]: [(34.19920,327.32903),7.65480]
	19318.25799	   0.03627	[mu,kappa]: [(100.77895,296.92047),10.76956]
	32362.43188	   0.06076	[mu,kappa]: [(147.92188,310.83801),8.19367]
	21322.21553	   0.04003	[mu,kappa]: [(115.29831,296.45806),9.86468]
	15388.88115	   0.02889	[mu,kappa]: [(85.33848,299.35248),9.19770]
	16044.69917	   0.03012	[mu,kappa]: [(41.91581,40.90170),5.04458]
	15139.22740	   0.02842	[mu,kappa]: [(84.64509,299.48637),9.11466]
	35913.85779	   0.06743	[mu,kappa]: [(151.29131,315.36498),8.39151]
	84134.38047	   0.15796	[mu,kappa]: [(36.91773,84.12139),63.43200]
	20581.94230	   0.03864	[mu,kappa]: [(113.91846,296.51274),9.80141]
	19223.43586	   0.03609	[mu,kappa]: [(27.01884,344.75925),8.83488]
	13105.16093	   0.02461	[mu,kappa]: [(55.44443,308.79522),6.83611]
	22336.27817	   0.04194	[mu,kappa]: [(117.79966,296.50967),9.82064]
	60406.65767	   0.11341	[mu,kappa]: [(157.08925,324.12600),11.09356]
	26732.40900	   0.05019	[mu,kappa]: [(90.80643,60.73063),4.36068]
	13655.31333	   0.02564	[mu,kappa]: [(46.51093,314.07719),6.93345]
	21595.84462	   0.04055	[mu,kappa]: [(121.70632,297.29505),9.08843]
	50246.86319	   0.09434	[mu,kappa]: [(69.40543,70.82366),11.56337]
			msglen: 11867570.96744 bits.
Iteration #: 20
	17352.59438	   0.03258	[mu,kappa]: [(28.47674,338.89784),9.09444]
	12316.31068	   0.02312	[mu,kappa]: [(68.87868,303.22191),8.54326]
	15343.89669	   0.02881	[mu,kappa]: [(33.01162,328.22848),8.63648]
	20172.93411	   0.03787	[mu,kappa]: [(100.37943,296.95713),12.00735]
	30855.28944	   0.05793	[mu,kappa]: [(148.61149,310.20186),9.28900]
	21628.70042	   0.04061	[mu,kappa]: [(114.86511,295.74945),11.25204]
	15902.28461	   0.02986	[mu,kappa]: [(85.43877,299.37953),10.65266]
	15822.91652	   0.02971	[mu,kappa]: [(40.81485,41.26368),6.19305]
	15621.81157	   0.02933	[mu,kappa]: [(84.77175,299.49659),10.57577]
	34558.14751	   0.06488	[mu,kappa]: [(152.37272,316.09642),9.29079]
	83481.02673	   0.15673	[mu,kappa]: [(36.78732,84.22619),64.82322]
	20894.73928	   0.03923	[mu,kappa]: [(113.45412,295.86247),11.18513]
	20072.95051	   0.03769	[mu,kappa]: [(25.90175,347.44370),9.84421]
	12567.57646	   0.02360	[mu,kappa]: [(55.55572,307.99386),8.02176]
	22579.65776	   0.04239	[mu,kappa]: [(117.41291,295.66842),11.24478]
	60816.29970	   0.11418	[mu,kappa]: [(158.04438,327.26615),11.78597]
	27907.91007	   0.05240	[mu,kappa]: [(97.70004,61.41236),4.94550]
	13099.67986	   0.02459	[mu,kappa]: [(46.06656,313.51990),7.98753]
	21485.68637	   0.04034	[mu,kappa]: [(121.31761,296.13729),10.63946]
	50148.58734	   0.09415	[mu,kappa]: [(67.83774,71.05928),12.87002]
			msglen: 11854716.61576 bits.
Iteration #: 21
	17436.22681	   0.03274	[mu,kappa]: [(27.70343,340.50773),9.68358]
	12399.47349	   0.02328	[mu,kappa]: [(69.08403,302.89881),9.76130]
	15150.03247	   0.02844	[mu,kappa]: [(32.39304,328.59427),9.33158]
	20572.52791	   0.03862	[mu,kappa]: [(100.03967,297.25406),12.56720]
	29807.45462	   0.05596	[mu,kappa]: [(148.66854,308.59821),10.68461]
	21796.95478	   0.04092	[mu,kappa]: [(114.95153,295.33629),12.09292]
	16379.29319	   0.03075	[mu,kappa]: [(85.27011,299.72349),11.52053]
	16100.55912	   0.03023	[mu,kappa]: [(40.43962,41.15180),7.31683]
	16088.49569	   0.03021	[mu,kappa]: [(84.61924,299.82591),11.45840]
	33327.21792	   0.06257	[mu,kappa]: [(152.80742,315.65654),10.32537]
	82506.04848	   0.15490	[mu,kappa]: [(36.65936,84.34493),66.46134]
	21041.37386	   0.03950	[mu,kappa]: [(113.47338,295.51595),12.00009]
	20544.41840	   0.03857	[mu,kappa]: [(25.17348,349.85962),10.34744]
	12394.57249	   0.02327	[mu,kappa]: [(55.80744,307.21028),9.19275]
	22782.11761	   0.04277	[mu,kappa]: [(117.60471,295.11765),12.17823]
	60424.38002	   0.11344	[mu,kappa]: [(158.59367,329.60515),12.33298]
	29190.32936	   0.05480	[mu,kappa]: [(103.21231,61.83071),5.61825]
	12795.46820	   0.02402	[mu,kappa]: [(46.07588,312.67911),9.01089]
	21615.04602	   0.04058	[mu,kappa]: [(121.57178,295.30572),11.85409]
	50277.00955	   0.09439	[mu,kappa]: [(66.32399,71.43527),14.46021]
			msglen: 11846127.53002 bits.
Iteration #: 22
	17397.57692	   0.03266	[mu,kappa]: [(27.16157,341.85386),10.00953]
	12586.25294	   0.02363	[mu,kappa]: [(69.21115,302.72072),10.56967]
	14933.36615	   0.02804	[mu,kappa]: [(32.03378,328.64781),9.84774]
	20789.52840	   0.03903	[mu,kappa]: [(99.72609,297.63105),12.83157]
	29274.52370	   0.05496	[mu,kappa]: [(148.34291,306.60506),12.26102]
	21871.52704	   0.04106	[mu,kappa]: [(115.18480,295.07619),12.57498]
	16780.59680	   0.03151	[mu,kappa]: [(85.15683,300.13694),11.99873]
	16756.00153	   0.03146	[mu,kappa]: [(40.78721,40.54964),8.19818]
	16484.94850	   0.03095	[mu,kappa]: [(84.52021,300.22539),11.94483]
	32278.97432	   0.06060	[mu,kappa]: [(152.83464,314.59224),11.40517]
	81274.78774	   0.15259	[mu,kappa]: [(36.51260,84.47928),68.44025]
	21084.77557	   0.03959	[mu,kappa]: [(113.62177,295.32133),12.45590]
	20795.24728	   0.03904	[mu,kappa]: [(24.62664,352.05707),10.54970]
	12402.18214	   0.02329	[mu,kappa]: [(55.97007,306.53390),10.16202]
	22934.14115	   0.04306	[mu,kappa]: [(117.97793,294.72659),12.75556]
	59577.45560	   0.11185	[mu,kappa]: [(158.99856,331.94195),12.74450]
	30235.72794	   0.05677	[mu,kappa]: [(107.14488,61.97890),6.22523]
	12653.87066	   0.02376	[mu,kappa]: [(46.16277,311.78968),9.95711]
	21849.57318	   0.04102	[mu,kappa]: [(122.06649,294.67403),12.73164]
	50667.94246	   0.09513	[mu,kappa]: [(65.17082,71.96879),16.13337]
			msglen: 11840263.07088 bits.
Iteration #: 23
	17311.21100	   0.03250	[mu,kappa]: [(26.72192,342.96862),10.19230]
	12738.90747	   0.02392	[mu,kappa]: [(69.34080,302.57939),10.99853]
	14731.44409	   0.02766	[mu,kappa]: [(31.79901,328.48182),10.27763]
	20980.01281	   0.03939	[mu,kappa]: [(99.42848,298.01446),12.99101]
	29192.44940	   0.05481	[mu,kappa]: [(147.87028,304.59601),13.89531]
	21884.02832	   0.04109	[mu,kappa]: [(115.39570,294.91807),12.84596]
	17123.17344	   0.03215	[mu,kappa]: [(85.17585,300.52175),12.25419]
	17649.96503	   0.03314	[mu,kappa]: [(41.77158,39.65926),8.79322]
	16820.85032	   0.03158	[mu,kappa]: [(84.55382,300.59584),12.20031]
	31416.82085	   0.05898	[mu,kappa]: [(152.63492,313.27798),12.48790]
	79972.80626	   0.15015	[mu,kappa]: [(36.35039,84.61642),70.65099]
	21071.73726	   0.03956	[mu,kappa]: [(113.74051,295.22303),12.70909]
	20947.12694	   0.03933	[mu,kappa]: [(24.14023,354.03841),10.59996]
	12456.53549	   0.02339	[mu,kappa]: [(55.98332,305.97400),10.86785]
	23026.45613	   0.04323	[mu,kappa]: [(118.34776,294.44808),13.10281]
	58617.88558	   0.11005	[mu,kappa]: [(159.36629,334.70684),13.09145]
	30910.34773	   0.05803	[mu,kappa]: [(109.64209,61.95928),6.65395]
	12612.18026	   0.02368	[mu,kappa]: [(46.16792,310.97329),10.81478]
	22085.20030	   0.04146	[mu,kappa]: [(122.60004,294.18288),13.33895]
	51079.86132	   0.09590	[mu,kappa]: [(64.42384,72.63610),17.72889]
			msglen: 11836078.92950 bits.
Iteration #: 24
	17206.09654	   0.03230	[mu,kappa]: [(26.31391,343.86920),10.30797]
	12831.32111	   0.02409	[mu,kappa]: [(69.48706,302.43009),11.17407]
	14557.44021	   0.02733	[mu,kappa]: [(31.64536,328.14376),10.67888]
	21188.81042	   0.03978	[mu,kappa]: [(99.15238,298.37507),13.10974]
	29466.34030	   0.05532	[mu,kappa]: [(147.39649,302.73083),15.46932]
	21850.57543	   0.04102	[mu,kappa]: [(115.53666,294.83963),12.99595]
	17424.13196	   0.03271	[mu,kappa]: [(85.29719,300.84965),12.38589]
	18693.12283	   0.03510	[mu,kappa]: [(43.26128,38.76326),9.19742]
	17112.41913	   0.03213	[mu,kappa]: [(84.68947,300.90857),12.32701]
	30731.84085	   0.05770	[mu,kappa]: [(152.30323,311.88431),13.56001]
	78787.90281	   0.14792	[mu,kappa]: [(36.18869,84.74050),72.86299]
	21024.25201	   0.03947	[mu,kappa]: [(113.78824,295.19584),12.85013]
	21055.79497	   0.03953	[mu,kappa]: [(23.63309,355.83859),10.59429]
	12504.64503	   0.02348	[mu,kappa]: [(55.87794,305.51669),11.34910]
	23057.21959	   0.04329	[mu,kappa]: [(118.65637,294.26285),13.30733]
	57725.39871	   0.10838	[mu,kappa]: [(159.70305,337.95049),13.43763]
	31291.07096	   0.05875	[mu,kappa]: [(111.01064,61.90480),6.90919]
	12636.94405	   0.02373	[mu,kappa]: [(46.07275,310.28257),11.58957]
	22272.18585	   0.04182	[mu,kappa]: [(123.10000,293.80497),13.75034]
	51211.48725	   0.09615	[mu,kappa]: [(63.94936,73.39253),19.27053]
			msglen: 11832708.27424 bits.
Iteration #: 25
	17092.82599	   0.03209	[mu,kappa]: [(25.90805,344.59202),10.40541]
	12879.16618	   0.02418	[mu,kappa]: [(69.64157,302.26195),11.20975]
	14415.04771	   0.02706	[mu,kappa]: [(31.56982,327.69550),11.08375]
	21414.14012	   0.04020	[mu,kappa]: [(98.90636,298.69983),13.20266]
	29994.97743	   0.05631	[mu,kappa]: [(146.99921,301.07109),16.87856]
	21783.34363	   0.04090	[mu,kappa]: [(115.60662,294.82653),13.07827]
	17691.60844	   0.03322	[mu,kappa]: [(85.47242,301.11662),12.44693]
	19816.29083	   0.03720	[mu,kappa]: [(45.09476,38.07209),9.53363]
	17369.00931	   0.03261	[mu,kappa]: [(84.87777,301.15948),12.38103]
	30223.00959	   0.05674	[mu,kappa]: [(151.89538,310.51078),14.61606]
	77814.21073	   0.14609	[mu,kappa]: [(36.04128,84.84282),74.87670]
	20954.97619	   0.03934	[mu,kappa]: [(113.76863,295.22288),12.93010]
	21148.53433	   0.03971	[mu,kappa]: [(23.06272,357.51961),10.59675]
	12537.57398	   0.02354	[mu,kappa]: [(55.70227,305.15468),11.67127]
	23033.29301	   0.04324	[mu,kappa]: [(118.89400,294.16063),13.42572]
	56954.02106	   0.10693	[mu,kappa]: [(159.98176,341.50379),13.81934]
	31493.88259	   0.05913	[mu,kappa]: [(111.55151,61.92737),7.05967]
	12709.82623	   0.02386	[mu,kappa]: [(45.90650,309.74402),12.28768]
	22395.18297	   0.04205	[mu,kappa]: [(123.54336,293.52921),14.02604]
	50908.07966	   0.09558	[mu,kappa]: [(63.59892,74.19880),20.91410]
			msglen: 11829677.17095 bits.
Iteration #: 26
	16979.42912	   0.03188	[mu,kappa]: [(25.50789,345.18950),10.51223]
	12902.95215	   0.02423	[mu,kappa]: [(69.79256,302.07715),11.17842]
	14307.89072	   0.02686	[mu,kappa]: [(31.58449,327.21501),11.50477]
	21642.34296	   0.04063	[mu,kappa]: [(98.69557,298.98159),13.27001]
	30679.17015	   0.05760	[mu,kappa]: [(146.71159,299.63769),18.05099]
	21694.42684	   0.04073	[mu,kappa]: [(115.61787,294.86595),13.12361]
	17928.31682	   0.03366	[mu,kappa]: [(85.66343,301.32519),12.46405]
	20941.74883	   0.03932	[mu,kappa]: [(47.10829,37.67873),9.89406]
	17594.67801	   0.03303	[mu,kappa]: [(85.07992,301.35120),12.39086]
	29897.97954	   0.05613	[mu,kappa]: [(151.45852,309.24988),15.63869]
	77063.90372	   0.14468	[mu,kappa]: [(35.91382,84.92213),76.60178]
	20874.21607	   0.03919	[mu,kappa]: [(113.69762,295.28922),12.97728]
	21244.98483	   0.03989	[mu,kappa]: [(22.42369,359.15244),10.64631]
	12561.09973	   0.02358	[mu,kappa]: [(55.49508,304.88588),11.88773]
	22966.89663	   0.04312	[mu,kappa]: [(119.06528,294.13307),13.49262]
	56296.19450	   0.10569	[mu,kappa]: [(160.18133,345.11482),14.23905]
	31604.10289	   0.05934	[mu,kappa]: [(111.50516,62.09793),7.16793]
	12819.29837	   0.02407	[mu,kappa]: [(45.70321,309.36709),12.90931]
	22455.51985	   0.04216	[mu,kappa]: [(123.92278,293.35144),14.20763]
	50173.84828	   0.09420	[mu,kappa]: [(63.27992,75.02035),22.83362]
			msglen: 11826809.17299 bits.
Iteration #: 27
	16874.14135	   0.03168	[mu,kappa]: [(25.13842,345.71855),10.63888]
	12917.38718	   0.02425	[mu,kappa]: [(69.93057,301.88146),11.11958]
	14240.47409	   0.02674	[mu,kappa]: [(31.70176,326.77779),11.94010]
	21860.05908	   0.04104	[mu,kappa]: [(98.52086,299.21616),13.30992]
	31431.75741	   0.05901	[mu,kappa]: [(146.53777,298.43068),18.96159]
	21595.77853	   0.04055	[mu,kappa]: [(115.58576,294.94365),13.14911]
	18134.78644	   0.03405	[mu,kappa]: [(85.84637,301.47969),12.45077]
	21975.81577	   0.04126	[mu,kappa]: [(49.15500,37.58346),10.33217]
	17790.91314	   0.03340	[mu,kappa]: [(85.27178,301.48819),12.37080]
	29759.58683	   0.05587	[mu,kappa]: [(151.03637,308.18546),16.59290]
	76511.56244	   0.14365	[mu,kappa]: [(35.80689,84.98078),78.03999]
	20791.18325	   0.03904	[mu,kappa]: [(113.59301,295.37951),13.00677]
	21362.34073	   0.04011	[mu,kappa]: [(21.73800,0.80758),10.76136]
	12582.74981	   0.02362	[mu,kappa]: [(55.28070,304.70704),12.03258]
	22872.81242	   0.04294	[mu,kappa]: [(119.17963,294.16937),13.52869]
	55720.76751	   0.10461	[mu,kappa]: [(160.29952,348.54985),14.67093]
	31676.78601	   0.05947	[mu,kappa]: [(111.05965,62.44398),7.27014]
	12956.75926	   0.02433	[mu,kappa]: [(45.48801,309.14567),13.44955]
	22462.93475	   0.04217	[mu,kappa]: [(124.23749,293.26681),14.32236]
	49110.40401	   0.09220	[mu,kappa]: [(62.94964,75.81445),25.14463]
			msglen: 11824094.27264 bits.
Iteration #: 28
	16783.95227	   0.03151	[mu,kappa]: [(24.83467,346.23066),10.78307]
	12930.49077	   0.02428	[mu,kappa]: [(70.05000,301.68072),11.05243]
	14216.79562	   0.02669	[mu,kappa]: [(31.92587,326.44198),12.37893]
	22057.61531	   0.04141	[mu,kappa]: [(98.37973,299.40211),13.32270]
	32186.79092	   0.06043	[mu,kappa]: [(146.46543,297.43715),19.62774]
	21497.78941	   0.04036	[mu,kappa]: [(115.52553,295.04354),13.16430]
	18311.27605	   0.03438	[mu,kappa]: [(86.00896,301.58565),12.41541]
	22818.02060	   0.04284	[mu,kappa]: [(51.11494,37.73006),10.86862]
	17958.51754	   0.03372	[mu,kappa]: [(85.44107,301.57610),12.32939]
	29795.29833	   0.05594	[mu,kappa]: [(150.66282,307.37386),17.43628]
	76119.49475	   0.14291	[mu,kappa]: [(35.72011,85.02202),79.23728]
	20713.22304	   0.03889	[mu,kappa]: [(113.47097,295.47797),13.02651]
	21514.39428	   0.04039	[mu,kappa]: [(21.04337,2.55016),10.94382]
	12607.63763	   0.02367	[mu,kappa]: [(55.07124,304.61015),12.12515]
	22765.86408	   0.04274	[mu,kappa]: [(119.24865,294.25465),13.54660]
	55193.90692	   0.10362	[mu,kappa]: [(160.34942,351.65599),15.07598]
	31745.50197	   0.05960	[mu,kappa]: [(110.36151,62.95324),7.38108]
	13114.74405	   0.02462	[mu,kappa]: [(45.27509,309.06056),13.90146]
	22431.57974	   0.04211	[mu,kappa]: [(124.49134,293.26518),14.38902]
	47866.10670	   0.08987	[mu,kappa]: [(62.59585,76.52766),27.84668]
			msglen: 11821618.52413 bits.
Iteration #: 29
	16713.17656	   0.03138	[mu,kappa]: [(24.63143,346.76396),10.93423]
	12945.05096	   0.02430	[mu,kappa]: [(70.14924,301.47926),10.98577]
	14239.06794	   0.02673	[mu,kappa]: [(32.24879,326.24059),12.80596]
	22229.59508	   0.04174	[mu,kappa]: [(98.26764,299.54120),13.31169]
	32902.49844	   0.06177	[mu,kappa]: [(146.47499,296.63480),20.09231]
	21407.87569	   0.04019	[mu,kappa]: [(115.45053,295.14953),13.17467]
	18458.71474	   0.03466	[mu,kappa]: [(86.14710,301.64991),12.36506]
	23386.62134	   0.04391	[mu,kappa]: [(52.90450,38.03428),11.49763]
	18098.62248	   0.03398	[mu,kappa]: [(85.58398,301.62188),12.27365]
	29977.56660	   0.05628	[mu,kappa]: [(150.35584,306.83444),18.13597]
	75844.74765	   0.14240	[mu,kappa]: [(35.65365,85.04919),80.24887]
	20644.94676	   0.03876	[mu,kappa]: [(113.34450,295.57020),13.04085]
	21709.07337	   0.04076	[mu,kappa]: [(20.38154,4.43361),11.18253]
	12637.64649	   0.02373	[mu,kappa]: [(54.87021,304.58104),12.17625]
	22658.52033	   0.04254	[mu,kappa]: [(119.28461,294.37117),13.55464]
	54690.45142	   0.10268	[mu,kappa]: [(160.35001,354.37789),15.41899]
	31827.83013	   0.05976	[mu,kappa]: [(109.51709,63.57902),7.50198]
	13286.04844	   0.02494	[mu,kappa]: [(45.06915,309.08197),14.25947]
	22376.78944	   0.04201	[mu,kappa]: [(124.69175,293.33054),14.42199]
	46594.15612	   0.08748	[mu,kappa]: [(62.22359,77.11249),30.79342]
			msglen: 11819489.11724 bits.
Iteration #: 30
	16663.05439	   0.03128	[mu,kappa]: [(24.55412,347.33614),11.07844]
	12960.44517	   0.02433	[mu,kappa]: [(70.22999,301.27941),10.92393]
	14306.77478	   0.02686	[mu,kappa]: [(32.64957,326.17967),13.20537]
	22374.39723	   0.04201	[mu,kappa]: [(98.17927,299.63840),13.28258]
	33558.28608	   0.06300	[mu,kappa]: [(146.54559,295.99467),20.40655]
	21329.89821	   0.04005	[mu,kappa]: [(115.37106,295.24802),13.18363]
	18579.02843	   0.03488	[mu,kappa]: [(86.26193,301.68064),12.30680]
	23647.81090	   0.04440	[mu,kappa]: [(54.48145,38.40693),12.19581]
	18213.10236	   0.03420	[mu,kappa]: [(85.70202,301.63372),12.21052]
	30272.18827	   0.05684	[mu,kappa]: [(150.11781,306.55438),18.68028]
	75640.19706	   0.14201	[mu,kappa]: [(35.60725,85.06585),81.12654]
	20588.08234	   0.03865	[mu,kappa]: [(113.22253,295.64532),13.05253]
	21946.50170	   0.04120	[mu,kappa]: [(19.78654,6.49012),11.45778]
	12671.90515	   0.02379	[mu,kappa]: [(54.67604,304.59988),12.19332]
	22559.26970	   0.04235	[mu,kappa]: [(119.29878,294.50142),13.55857]
	54196.30307	   0.10175	[mu,kappa]: [(160.31882,356.73667),15.67973]
	31929.75259	   0.05995	[mu,kappa]: [(108.59636,64.25301),7.62720]
	13463.59710	   0.02528	[mu,kappa]: [(44.86793,309.17235),14.52254]
	22312.09177	   0.04189	[mu,kappa]: [(124.84814,293.44357),14.43299]
	45416.31370	   0.08527	[mu,kappa]: [(61.84631,77.55008),33.74380]
			msglen: 11817752.91953 bits.
Iteration #: 31
	16632.36283	   0.03123	[mu,kappa]: [(24.61306,347.94181),11.20398]
	12974.46575	   0.02436	[mu,kappa]: [(70.29616,301.08231),10.86978]
	14416.22602	   0.02707	[mu,kappa]: [(33.09776,326.24248),13.56436]
	22493.35048	   0.04223	[mu,kappa]: [(98.10940,299.70121),13.24193]
	34148.68976	   0.06411	[mu,kappa]: [(146.65859,295.48473),20.61855]
	21264.66567	   0.03992	[mu,kappa]: [(115.29389,295.32982),13.19333]
	18675.16772	   0.03506	[mu,kappa]: [(86.35727,301.68702),12.24746]
	23624.10619	   0.04435	[mu,kappa]: [(55.83817,38.77309),12.93445]
	18304.69378	   0.03437	[mu,kappa]: [(85.79943,301.62074),12.14665]
	30647.36748	   0.05754	[mu,kappa]: [(149.94085,306.50150),19.07883]
	75459.05295	   0.14167	[mu,kappa]: [(35.57885,85.07574),81.92004]
	20542.14875	   0.03857	[mu,kappa]: [(113.11013,295.69718),13.06345]
	22218.91731	   0.04172	[mu,kappa]: [(19.27645,8.72296),11.74793]
	12707.91735	   0.02386	[mu,kappa]: [(54.48499,304.64425),12.18355]
	22472.39239	   0.04219	[mu,kappa]: [(119.30027,294.63096),13.56231]
	53704.47714	   0.10083	[mu,kappa]: [(160.26889,358.79354),15.85509]
	32050.09866	   0.06017	[mu,kappa]: [(107.64415,64.90808),7.74970]
	13641.05498	   0.02561	[mu,kappa]: [(44.66512,309.29129),14.69625]
	22247.34674	   0.04177	[mu,kappa]: [(124.97024,293.58518),14.43143]
	44404.49804	   0.08337	[mu,kappa]: [(61.47851,77.85460),36.47869]
			msglen: 11816373.57719 bits.
Iteration #: 32
	16618.69592	   0.03120	[mu,kappa]: [(24.80383,348.55819),11.30539]
	12984.84262	   0.02438	[mu,kappa]: [(70.35265,300.88930),10.82559]
	14560.92942	   0.02734	[mu,kappa]: [(33.56019,326.39923),13.87554]
	22589.63818	   0.04241	[mu,kappa]: [(98.05335,299.73847),13.19574]
	34677.00765	   0.06511	[mu,kappa]: [(146.79924,295.07359),20.76733]
	21211.10816	   0.03982	[mu,kappa]: [(115.22277,295.39026),13.20505]
	18750.92279	   0.03520	[mu,kappa]: [(86.43762,301.67867),12.19272]
	23375.45078	   0.04389	[mu,kappa]: [(56.98716,39.08337),13.68997]
	18376.89689	   0.03450	[mu,kappa]: [(85.88113,301.59253),12.08758]
	31078.65500	   0.05835	[mu,kappa]: [(149.81291,306.63698),19.35492]
	75263.32474	   0.14130	[mu,kappa]: [(35.56471,85.08233),82.67783]
	20505.52485	   0.03850	[mu,kappa]: [(113.00935,295.72398),13.07487]
	22512.94361	   0.04227	[mu,kappa]: [(18.85242,11.10861),12.03594]
	12742.83499	   0.02392	[mu,kappa]: [(54.29347,304.69373),12.15492]
	22398.94648	   0.04205	[mu,kappa]: [(119.29558,294.74974),13.56834]
	53210.16327	   0.09990	[mu,kappa]: [(160.20873,0.61848),15.95467]
	32185.48194	   0.06043	[mu,kappa]: [(106.69090,65.49821),7.86448]
	13813.71721	   0.02594	[mu,kappa]: [(44.45340,309.40195),14.79277]
	22188.48761	   0.04166	[mu,kappa]: [(125.06667,293.73923),14.42436]
	43583.42788	   0.08183	[mu,kappa]: [(61.13094,78.05731),38.87904]
			msglen: 11815271.76777 bits.
			N: 532629
		22.18293 bpr
Null model msglen: 12561024.16746 bits.	(23.58306 bpr)
