Iteration #: 0
	3227.00000	   0.02440	[mu,kappa]: [(105.30798,310.98969),6.90998]
	3220.00000	   0.02435	[mu,kappa]: [(105.10761,310.90050),6.92969]
	3273.00000	   0.02475	[mu,kappa]: [(105.36421,310.72796),7.11056]
	3248.00000	   0.02456	[mu,kappa]: [(105.25430,310.76584),6.94807]
	3323.00000	   0.02513	[mu,kappa]: [(105.57690,310.82022),6.76623]
	3248.00000	   0.02456	[mu,kappa]: [(105.47980,311.96581),6.41208]
	3396.00000	   0.02568	[mu,kappa]: [(105.29071,310.89113),6.70992]
	3297.00000	   0.02493	[mu,kappa]: [(105.27213,310.84083),6.76309]
	3407.00000	   0.02576	[mu,kappa]: [(105.20326,310.91642),6.86056]
	3389.00000	   0.02563	[mu,kappa]: [(104.85779,310.24909),7.55488]
	3365.00000	   0.02544	[mu,kappa]: [(105.51049,310.50332),7.07877]
	3249.00000	   0.02457	[mu,kappa]: [(104.98304,310.11589),6.91056]
	3282.00000	   0.02482	[mu,kappa]: [(105.80820,310.54069),6.98193]
	3268.00000	   0.02471	[mu,kappa]: [(104.77222,311.32336),6.65937]
	3371.00000	   0.02549	[mu,kappa]: [(105.10023,311.17751),6.89015]
	3308.00000	   0.02501	[mu,kappa]: [(105.97366,310.20985),7.32898]
	3366.00000	   0.02545	[mu,kappa]: [(105.22078,310.73420),6.94594]
	3346.00000	   0.02530	[mu,kappa]: [(105.65019,310.61072),7.26238]
	3298.00000	   0.02494	[mu,kappa]: [(105.66275,310.16792),7.35110]
	3317.00000	   0.02508	[mu,kappa]: [(104.62231,310.92688),7.01753]
	3263.00000	   0.02467	[mu,kappa]: [(105.35604,310.47406),6.78478]
	3283.00000	   0.02482	[mu,kappa]: [(104.40096,310.46191),7.19054]
	3369.00000	   0.02547	[mu,kappa]: [(105.11650,310.91908),6.74339]
	3332.00000	   0.02520	[mu,kappa]: [(105.60583,310.64651),6.69051]
	3330.00000	   0.02518	[mu,kappa]: [(105.21962,310.65649),6.91863]
	3368.00000	   0.02547	[mu,kappa]: [(105.64853,310.89103),6.90944]
	3248.00000	   0.02456	[mu,kappa]: [(104.89927,310.70469),7.03910]
	3299.00000	   0.02495	[mu,kappa]: [(105.59023,310.78071),7.01523]
	3340.00000	   0.02526	[mu,kappa]: [(105.03557,311.55956),6.31656]
	3364.00000	   0.02544	[mu,kappa]: [(105.32091,310.85817),6.76416]
	3309.00000	   0.02502	[mu,kappa]: [(104.66006,310.56300),6.83232]
	3294.00000	   0.02491	[mu,kappa]: [(105.31795,310.57638),6.84749]
	3296.00000	   0.02492	[mu,kappa]: [(104.77965,311.15927),6.67824]
	3367.00000	   0.02546	[mu,kappa]: [(104.59726,310.75890),6.81150]
	3215.00000	   0.02431	[mu,kappa]: [(104.95769,310.78703),6.75091]
	3245.00000	   0.02454	[mu,kappa]: [(105.26768,310.44224),6.99087]
	3325.00000	   0.02514	[mu,kappa]: [(104.82714,311.00431),6.83496]
	3282.00000	   0.02482	[mu,kappa]: [(105.43952,310.30068),7.21019]
	3270.00000	   0.02473	[mu,kappa]: [(105.36624,310.33527),7.06969]
	3251.00000	   0.02458	[mu,kappa]: [(105.00265,310.74793),6.75939]
			msglen: -3794610979570811076128989337803490494188633430691429986395469518657414322388156297193961089318840521042426565533262900624752313198481071141636232183808.00000 bits.
Iteration #: 1
	3221.01267	   0.02436	[mu,kappa]: [(105.29429,310.83297),6.91714]
	3214.17340	   0.02430	[mu,kappa]: [(105.13486,310.69407),7.01602]
	3271.47343	   0.02474	[mu,kappa]: [(105.32360,309.91790),7.71445]
	3242.46344	   0.02452	[mu,kappa]: [(105.25538,310.51630),7.12397]
	3318.08732	   0.02509	[mu,kappa]: [(105.52377,311.30504),6.47575]
	3278.11426	   0.02479	[mu,kappa]: [(105.33613,314.43213),5.04501]
	3392.88162	   0.02566	[mu,kappa]: [(105.28595,311.63838),6.26483]
	3292.29716	   0.02489	[mu,kappa]: [(105.27444,311.34609),6.45915]
	3400.80465	   0.02572	[mu,kappa]: [(105.21481,310.98200),6.77014]
	3421.40961	   0.02587	[mu,kappa]: [(104.85754,308.49951),9.53638]
	3363.15320	   0.02543	[mu,kappa]: [(105.45018,309.85960),7.67573]
	3243.12788	   0.02452	[mu,kappa]: [(105.06510,310.18830),7.20472]
	3277.15734	   0.02478	[mu,kappa]: [(105.70041,310.20856),7.31198]
	3269.13846	   0.02472	[mu,kappa]: [(104.83437,312.29229),5.96912]
	3364.63808	   0.02544	[mu,kappa]: [(105.12114,311.06867),6.78904]
	3321.03129	   0.02511	[mu,kappa]: [(105.76821,308.93990),8.67689]
	3360.26012	   0.02541	[mu,kappa]: [(105.22980,310.50192),7.12731]
	3352.18672	   0.02535	[mu,kappa]: [(105.52294,309.37790),8.29852]
	3313.24577	   0.02505	[mu,kappa]: [(105.52261,308.86905),8.78494]
	3311.85739	   0.02504	[mu,kappa]: [(104.74126,310.40693),7.32014]
	3257.04988	   0.02463	[mu,kappa]: [(105.35537,310.95183),6.64535]
	3285.96899	   0.02485	[mu,kappa]: [(104.56937,309.53508),8.11416]
	3364.91707	   0.02544	[mu,kappa]: [(105.14396,311.50795),6.36869]
	3328.51316	   0.02517	[mu,kappa]: [(105.55230,311.51784),6.27167]
	3324.09896	   0.02514	[mu,kappa]: [(105.23358,310.54811),7.05634]
	3361.71875	   0.02542	[mu,kappa]: [(105.57213,310.74816),6.94485]
	3244.29549	   0.02453	[mu,kappa]: [(104.96673,310.15722),7.47144]
	3294.40074	   0.02491	[mu,kappa]: [(105.51584,310.26992),7.35276]
	3380.31417	   0.02556	[mu,kappa]: [(104.92756,314.72535),4.85959]
	3359.21318	   0.02540	[mu,kappa]: [(105.31358,311.35366),6.45762]
	3302.56300	   0.02497	[mu,kappa]: [(104.79281,310.84635),6.78343]
	3287.83914	   0.02486	[mu,kappa]: [(105.31932,310.76735),6.83181]
	3295.35282	   0.02492	[mu,kappa]: [(104.85143,312.04795),6.07837]
	3360.88260	   0.02541	[mu,kappa]: [(104.73314,311.09217),6.64920]
	3210.49227	   0.02428	[mu,kappa]: [(105.02044,311.37011),6.43332]
	3240.76884	   0.02451	[mu,kappa]: [(105.27189,310.12245),7.38366]
	3319.16321	   0.02510	[mu,kappa]: [(104.90798,311.17613),6.65414]
	3287.29317	   0.02486	[mu,kappa]: [(105.37648,309.32837),8.22609]
	3268.49439	   0.02471	[mu,kappa]: [(105.34245,309.77765),7.70312]
	3246.14633	   0.02455	[mu,kappa]: [(105.05891,311.29732),6.47429]
			msglen: 2804518.88188 bits.
Iteration #: 2
	3147.04170	   0.02380	[mu,kappa]: [(105.42439,309.85274),7.87708]
	3147.12200	   0.02380	[mu,kappa]: [(105.27577,309.48952),8.25971]
	3280.58069	   0.02481	[mu,kappa]: [(105.22673,307.70684),10.87924]
	3184.18711	   0.02408	[mu,kappa]: [(105.34320,309.10276),8.68198]
	3230.44402	   0.02443	[mu,kappa]: [(105.68672,311.84890),6.30665]
	3702.99899	   0.02800	[mu,kappa]: [(103.13640,333.20294),2.57325]
	3312.76294	   0.02505	[mu,kappa]: [(105.48432,313.25415),5.58894]
	3205.45851	   0.02424	[mu,kappa]: [(105.48148,311.96718),6.24528]
	3314.80033	   0.02507	[mu,kappa]: [(105.39323,310.42664),7.34435]
	3738.45655	   0.02827	[mu,kappa]: [(104.46956,305.94206),16.56779]
	3368.43215	   0.02547	[mu,kappa]: [(105.33562,307.72503),10.76341]
	3194.31882	   0.02415	[mu,kappa]: [(105.18025,308.73183),9.07882]
	3237.93528	   0.02448	[mu,kappa]: [(105.63564,308.50220),9.40578]
	3231.11374	   0.02443	[mu,kappa]: [(104.98147,316.01846),4.63433]
	3279.89510	   0.02480	[mu,kappa]: [(105.31228,310.42671),7.38035]
	3481.77777	   0.02633	[mu,kappa]: [(105.30464,306.39791),14.09845]
	3300.22926	   0.02495	[mu,kappa]: [(105.32267,309.08697),8.69941]
	3450.02577	   0.02609	[mu,kappa]: [(105.21399,306.84532),12.89407]
	3492.39044	   0.02641	[mu,kappa]: [(105.10000,306.32478),14.45169]
	3270.61186	   0.02473	[mu,kappa]: [(104.89320,308.63346),9.40942]
	3171.27123	   0.02398	[mu,kappa]: [(105.53189,310.85493),6.94554]
	3354.10042	   0.02536	[mu,kappa]: [(104.56073,307.11977),12.37070]
	3279.16727	   0.02480	[mu,kappa]: [(105.37249,312.56210),5.92740]
	3248.84751	   0.02457	[mu,kappa]: [(105.71379,313.09612),5.63939]
	3258.76810	   0.02464	[mu,kappa]: [(105.34492,309.28930),8.44283]
	3286.80249	   0.02485	[mu,kappa]: [(105.63822,309.70819),7.99022]
	3222.34234	   0.02437	[mu,kappa]: [(105.02636,308.21041),10.00339]
	3258.41506	   0.02464	[mu,kappa]: [(105.47946,308.46363),9.53149]
	4010.12388	   0.03032	[mu,kappa]: [(101.43734,338.79005),2.32133]
	3270.69319	   0.02473	[mu,kappa]: [(105.51371,311.97976),6.23844]
	3219.44535	   0.02434	[mu,kappa]: [(105.05820,310.29961),7.43755]
	3208.16794	   0.02426	[mu,kappa]: [(105.46695,310.06956),7.61416]
	3238.14122	   0.02449	[mu,kappa]: [(105.05763,314.89879),4.97069]
	3271.52121	   0.02474	[mu,kappa]: [(105.02646,310.96522),6.92167]
	3126.08882	   0.02364	[mu,kappa]: [(105.27280,312.11924),6.15985]
	3210.08412	   0.02427	[mu,kappa]: [(105.28603,308.33304),9.70187]
	3231.21314	   0.02443	[mu,kappa]: [(105.16383,311.00331),6.91074]
	3374.13584	   0.02551	[mu,kappa]: [(105.12822,306.88839),12.70920]
	3278.17520	   0.02479	[mu,kappa]: [(105.24792,307.65124),10.89140]
	3159.91258	   0.02389	[mu,kappa]: [(105.30428,311.86150),6.30611]
			msglen: 2772989.43919 bits.
Iteration #: 3
	2950.78728	   0.02231	[mu,kappa]: [(105.51505,307.17723),11.91903]
	3004.67531	   0.02272	[mu,kappa]: [(105.25223,306.86101),12.74105]
	3499.94092	   0.02646	[mu,kappa]: [(104.64922,305.62700),17.62486]
	3100.35433	   0.02344	[mu,kappa]: [(105.17753,306.55376),13.58941]
	2814.48857	   0.02128	[mu,kappa]: [(106.56480,309.61384),8.28998]
	4712.98069	   0.03564	[mu,kappa]: [(95.48907,15.18055),2.45924]
	2808.61522	   0.02124	[mu,kappa]: [(106.91819,312.06277),6.55075]
	2784.36768	   0.02105	[mu,kappa]: [(106.42649,309.78258),8.14879]
	3029.57805	   0.02291	[mu,kappa]: [(105.71768,307.75638),10.75203]
	4738.42884	   0.03583	[mu,kappa]: [(103.75787,304.75984),26.88221]
	3578.14094	   0.02706	[mu,kappa]: [(104.75445,305.63603),17.41207]
	3167.53477	   0.02395	[mu,kappa]: [(104.94056,306.30849),14.39774]
	3255.50175	   0.02462	[mu,kappa]: [(105.23707,306.11649),14.94152]
	2714.54768	   0.02053	[mu,kappa]: [(107.15739,318.78013),4.41841]
	3002.08112	   0.02270	[mu,kappa]: [(105.63149,307.73281),10.83253]
	4128.61657	   0.03122	[mu,kappa]: [(104.47484,304.91177),22.88415]
	3215.92824	   0.02432	[mu,kappa]: [(105.15563,306.54334),13.62748]
	3945.62909	   0.02983	[mu,kappa]: [(104.45742,305.15186),20.97333]
	4184.84502	   0.03164	[mu,kappa]: [(104.30002,304.89281),23.48154]
	3288.33391	   0.02486	[mu,kappa]: [(104.62384,306.21947),15.04443]
	2844.81209	   0.02151	[mu,kappa]: [(106.03944,308.29241),9.83627]
	3775.66960	   0.02855	[mu,kappa]: [(103.97288,305.35448),20.24023]
	2811.47464	   0.02126	[mu,kappa]: [(106.55765,310.74866),7.37308]
	2760.13796	   0.02087	[mu,kappa]: [(107.08361,311.81435),6.67410]
	3138.56656	   0.02373	[mu,kappa]: [(105.25141,306.70716),13.11357]
	3099.06429	   0.02343	[mu,kappa]: [(105.65227,307.05132),12.13999]
	3322.18081	   0.02512	[mu,kappa]: [(104.61830,305.94376),16.11968]
	3293.27917	   0.02490	[mu,kappa]: [(105.07954,306.08737),15.19189]
	5915.05395	   0.04472	[mu,kappa]: [(90.92850,25.21165),2.70786]
	2840.33606	   0.02148	[mu,kappa]: [(106.45952,309.80106),8.13034]
	2955.31805	   0.02235	[mu,kappa]: [(105.39150,307.64593),10.99986]
	2971.41145	   0.02247	[mu,kappa]: [(105.65952,307.41520),11.35619]
	2712.85891	   0.02051	[mu,kappa]: [(107.01474,315.74027),5.12251]
	2928.76630	   0.02215	[mu,kappa]: [(105.61885,308.38151),9.80538]
	2704.72870	   0.02045	[mu,kappa]: [(106.30221,310.02055),7.94949]
	3268.84516	   0.02472	[mu,kappa]: [(104.88799,306.01879),15.54022]
	2891.32235	   0.02186	[mu,kappa]: [(105.74211,308.40668),9.76336]
	3837.66285	   0.02902	[mu,kappa]: [(104.40346,305.18596),20.69515]
	3499.88685	   0.02646	[mu,kappa]: [(104.66794,305.60148),17.64965]
	2751.24826	   0.02080	[mu,kappa]: [(106.23001,309.62472),8.30746]
			msglen: 2739822.27149 bits.
Iteration #: 4
	2857.26949	   0.02161	[mu,kappa]: [(105.22200,306.23118),13.99277]
	2942.79701	   0.02225	[mu,kappa]: [(104.79947,305.99699),15.12029]
	3646.71878	   0.02757	[mu,kappa]: [(103.87017,305.11217),21.88416]
	3071.12301	   0.02322	[mu,kappa]: [(104.62382,305.76407),16.26958]
	2588.65113	   0.01958	[mu,kappa]: [(107.68605,308.31624),9.26537]
	4919.87356	   0.03720	[mu,kappa]: [(95.11592,25.31955),3.08927]
	2517.28250	   0.01904	[mu,kappa]: [(109.39481,310.71456),7.14509]
	2554.39823	   0.01932	[mu,kappa]: [(107.58978,308.47054),9.10041]
	2885.92960	   0.02182	[mu,kappa]: [(105.70210,306.69594),12.44446]
	5432.92231	   0.04108	[mu,kappa]: [(103.05020,304.55483),34.88658]
	3717.87658	   0.02811	[mu,kappa]: [(103.98505,305.10900),21.57203]
	3172.16019	   0.02399	[mu,kappa]: [(104.29970,305.60120),17.40383]
	3280.21119	   0.02480	[mu,kappa]: [(104.58996,305.42474),18.09251]
	2366.18342	   0.01789	[mu,kappa]: [(112.34134,318.44529),4.60728]
	2862.86131	   0.02165	[mu,kappa]: [(105.57885,306.67633),12.55750]
	4548.70530	   0.03439	[mu,kappa]: [(103.70198,304.59153),29.23133]
	3187.29465	   0.02410	[mu,kappa]: [(104.59589,305.75796),16.32478]
	4265.71017	   0.03225	[mu,kappa]: [(103.66730,304.77716),26.57459]
	4640.86736	   0.03509	[mu,kappa]: [(103.53523,304.59810),30.09395]
	3322.30658	   0.02512	[mu,kappa]: [(103.91309,305.55630),18.33407]
	2675.09855	   0.02023	[mu,kappa]: [(106.35840,307.14622),11.23843]
	4059.46781	   0.03070	[mu,kappa]: [(103.17450,304.99274),25.64023]
	2549.15483	   0.01928	[mu,kappa]: [(108.25595,309.38784),8.14710]
	2480.48103	   0.01876	[mu,kappa]: [(109.49784,310.47317),7.28976]
	3089.30756	   0.02336	[mu,kappa]: [(104.75579,305.87895),15.61983]
	3009.67793	   0.02276	[mu,kappa]: [(105.34546,306.12349),14.26611]
	3401.32667	   0.02572	[mu,kappa]: [(103.86826,305.35229),19.81100]
	3329.66254	   0.02518	[mu,kappa]: [(104.40256,305.41451),18.45965]
	6631.72518	   0.05014	[mu,kappa]: [(89.77595,33.26245),3.73951]
	2605.22932	   0.01970	[mu,kappa]: [(107.64223,308.48766),9.07585]
	2825.17082	   0.02136	[mu,kappa]: [(105.25729,306.62306),12.80643]
	2854.91061	   0.02159	[mu,kappa]: [(105.49754,306.42164),13.23773]
	2381.14240	   0.01801	[mu,kappa]: [(111.13408,314.75822),5.43911]
	2751.35136	   0.02081	[mu,kappa]: [(105.85549,307.22809),11.23970]
	2472.77769	   0.01870	[mu,kappa]: [(107.54895,308.69185),8.86314]
	3320.85288	   0.02511	[mu,kappa]: [(104.17997,305.38349),18.97013]
	2714.75190	   0.02053	[mu,kappa]: [(106.01896,307.24297),11.17271]
	4138.23948	   0.03129	[mu,kappa]: [(103.61335,304.81224),26.19848]
	3647.60843	   0.02758	[mu,kappa]: [(103.89176,305.09394),21.91687]
	2528.92065	   0.01912	[mu,kappa]: [(107.25328,308.32493),9.30837]
			msglen: 2733329.19467 bits.
Iteration #: 5
	2791.28397	   0.02111	[mu,kappa]: [(104.80320,306.05202),14.28779]
	2884.01340	   0.02181	[mu,kappa]: [(104.19858,305.85820),15.66342]
	3675.25042	   0.02779	[mu,kappa]: [(103.11003,305.12195),24.24311]
	3020.58913	   0.02284	[mu,kappa]: [(103.95278,305.65242),17.07113]
	2542.34044	   0.01922	[mu,kappa]: [(109.16843,308.10898),8.99147]
	4778.04080	   0.03613	[mu,kappa]: [(94.80936,26.74830),3.24151]
	2515.92262	   0.01903	[mu,kappa]: [(112.75655,310.63749),6.96508]
	2509.10671	   0.01897	[mu,kappa]: [(109.08336,308.26702),8.82792]
	2813.12480	   0.02127	[mu,kappa]: [(105.59008,306.48370),12.47166]
	5836.65473	   0.04413	[mu,kappa]: [(102.48387,304.63263),41.30123]
	3739.80688	   0.02828	[mu,kappa]: [(103.23760,305.10651),23.82751]
	3134.74191	   0.02370	[mu,kappa]: [(103.54702,305.53529),18.50408]
	3245.93453	   0.02454	[mu,kappa]: [(103.90894,305.33599),19.32830]
	2431.86093	   0.01839	[mu,kappa]: [(118.90759,318.52078),4.78271]
	2790.94537	   0.02110	[mu,kappa]: [(105.40621,306.46825),12.60817]
	4745.39411	   0.03588	[mu,kappa]: [(103.08473,304.62655),33.87303]
	3135.61384	   0.02371	[mu,kappa]: [(103.91690,305.64944),17.14203]
	4396.43883	   0.03324	[mu,kappa]: [(102.99100,304.81895),30.38940]
	4865.33569	   0.03679	[mu,kappa]: [(102.91999,304.64867),35.02064]
	3299.23569	   0.02495	[mu,kappa]: [(103.08047,305.53174),19.70824]
	2608.72387	   0.01973	[mu,kappa]: [(106.69724,306.91717),11.09731]
	4177.36214	   0.03159	[mu,kappa]: [(102.42023,305.09247),29.21483]
	2520.05648	   0.01906	[mu,kappa]: [(110.48749,309.22720),7.89079]
	2479.05233	   0.01875	[mu,kappa]: [(112.83034,310.39801),7.10183]
	3031.77770	   0.02293	[mu,kappa]: [(104.13109,305.75045),16.26892]
	2941.02033	   0.02224	[mu,kappa]: [(104.95233,305.93890),14.59670]
	3398.00912	   0.02569	[mu,kappa]: [(103.05845,305.34829),21.58098]
	3301.49387	   0.02496	[mu,kappa]: [(103.68069,305.34473),19.80959]
	6637.42326	   0.05019	[mu,kappa]: [(88.11282,35.17178),4.27392]
	2559.73303	   0.01936	[mu,kappa]: [(109.17112,308.28516),8.80273]
	2755.45010	   0.02084	[mu,kappa]: [(104.94059,306.43774),12.91796]
	2785.06756	   0.02106	[mu,kappa]: [(105.23000,306.22469),13.38956]
	2425.31550	   0.01834	[mu,kappa]: [(116.53621,314.81540),5.48241]
	2681.95608	   0.02028	[mu,kappa]: [(105.97920,307.01268),11.12922]
	2430.47829	   0.01838	[mu,kappa]: [(109.11118,308.49523),8.59256]
	3302.03717	   0.02497	[mu,kappa]: [(103.41766,305.34238),20.47871]
	2646.64091	   0.02001	[mu,kappa]: [(106.22357,307.02045),11.04569]
	4258.85785	   0.03220	[mu,kappa]: [(102.92404,304.86268),29.90211]
	3676.28574	   0.02780	[mu,kappa]: [(103.13758,305.10445),24.28365]
	2479.62386	   0.01875	[mu,kappa]: [(108.50637,308.11455),9.04311]
			msglen: 2730994.06749 bits.
Iteration #: 6
	2736.53307	   0.02069	[mu,kappa]: [(104.19929,306.01679),14.15979]
	2831.57891	   0.02141	[mu,kappa]: [(103.43850,305.87119),15.71112]
	3675.84022	   0.02779	[mu,kappa]: [(102.46013,305.24696),25.95265]
	2970.24235	   0.02246	[mu,kappa]: [(103.18322,305.68721),17.32119]
	2534.84485	   0.01917	[mu,kappa]: [(110.72617,308.08534),8.67121]
	4517.69915	   0.03416	[mu,kappa]: [(92.99870,26.93086),3.28144]
	2579.27695	   0.01950	[mu,kappa]: [(116.47292,310.86670),6.93061]
	2502.70648	   0.01893	[mu,kappa]: [(110.61943,308.25324),8.51107]
	2759.96955	   0.02087	[mu,kappa]: [(105.25976,306.41649),12.18151]
	6167.02161	   0.04663	[mu,kappa]: [(102.12224,304.71150),47.23205]
	3734.08131	   0.02823	[mu,kappa]: [(102.59800,305.21668),25.43680]
	3092.26679	   0.02338	[mu,kappa]: [(102.73577,305.61800),19.00245]
	3200.95398	   0.02420	[mu,kappa]: [(103.23525,305.37173),19.95998]
	2597.53167	   0.01964	[mu,kappa]: [(125.32305,318.96625),5.28562]
	2738.19743	   0.02071	[mu,kappa]: [(105.00046,306.40994),12.33083]
	4886.19525	   0.03695	[mu,kappa]: [(102.68570,304.69262),38.01731]
	3083.92802	   0.02332	[mu,kappa]: [(103.14008,305.68819),17.40470]
	4479.29292	   0.03387	[mu,kappa]: [(102.50836,304.92366),33.64101]
	5031.57698	   0.03804	[mu,kappa]: [(102.51973,304.72665),39.45311]
	3267.69635	   0.02471	[mu,kappa]: [(102.20923,305.67024),20.44395]
	2566.86320	   0.01941	[mu,kappa]: [(106.87473,306.83117),10.73503]
	4253.46660	   0.03216	[mu,kappa]: [(101.81943,305.28660),32.16996]
	2539.72725	   0.01921	[mu,kappa]: [(112.88932,309.30037),7.67116]
	2541.71366	   0.01922	[mu,kappa]: [(116.55789,310.62531),7.06481]
	2977.84903	   0.02252	[mu,kappa]: [(103.37809,305.76862),16.39790]
	2881.86080	   0.02179	[mu,kappa]: [(104.41247,305.88716),14.49399]
	3377.91649	   0.02554	[mu,kappa]: [(102.28084,305.48829),22.69235]
	3261.29675	   0.02466	[mu,kappa]: [(102.96880,305.40645),20.54021]
	6497.02240	   0.04912	[mu,kappa]: [(85.84481,36.69450),4.81233]
	2554.30609	   0.01932	[mu,kappa]: [(110.75539,308.27342),8.48947]
	2704.29066	   0.02045	[mu,kappa]: [(104.35244,306.41171),12.67644]
	2730.17135	   0.02064	[mu,kappa]: [(104.76538,306.16742),13.16994]
	2557.73753	   0.01934	[mu,kappa]: [(122.14359,315.27783),5.80167]
	2638.53264	   0.01995	[mu,kappa]: [(105.82989,306.95924),10.77936]
	2427.09543	   0.01835	[mu,kappa]: [(110.69370,308.49691),8.28612]
	3269.52736	   0.02472	[mu,kappa]: [(102.67243,305.43761),21.35006]
	2604.24076	   0.01969	[mu,kappa]: [(106.18659,306.95615),10.68890]
	4333.93355	   0.03277	[mu,kappa]: [(102.42062,304.98133),33.02902]
	3676.75606	   0.02780	[mu,kappa]: [(102.49594,305.22703),26.00249]
	2466.25855	   0.01865	[mu,kappa]: [(109.72154,308.08701),8.70481]
			msglen: 2729025.47622 bits.
Iteration #: 7
	2696.26303	   0.02039	[mu,kappa]: [(103.35273,306.03247),13.91436]
	2793.50227	   0.02112	[mu,kappa]: [(102.49621,305.95430),15.54861]
	3666.20351	   0.02772	[mu,kappa]: [(101.95615,305.39919),27.19656]
	2931.07248	   0.02216	[mu,kappa]: [(102.31924,305.78794),17.28605]
	2524.86724	   0.01909	[mu,kappa]: [(112.06742,307.99571),8.56611]
	4243.63724	   0.03209	[mu,kappa]: [(90.08355,26.69707),3.29467]
	2641.43697	   0.01997	[mu,kappa]: [(120.09286,311.03413),7.25217]
	2492.63298	   0.01885	[mu,kappa]: [(111.89393,308.17481),8.40022]
	2720.06362	   0.02057	[mu,kappa]: [(104.58627,306.37838),11.88653]
	6451.84431	   0.04878	[mu,kappa]: [(101.95298,304.72436),50.00000]
	3718.94599	   0.02812	[mu,kappa]: [(102.10439,305.35140),26.59014]
	3057.80099	   0.02312	[mu,kappa]: [(101.88542,305.77248),19.13997]
	3159.64512	   0.02389	[mu,kappa]: [(102.60199,305.44614),20.23115]
	2789.71256	   0.02110	[mu,kappa]: [(131.06897,319.47213),6.30506]
	2699.51392	   0.02041	[mu,kappa]: [(104.24112,306.39001),12.03627]
	4998.59431	   0.03780	[mu,kappa]: [(102.51070,304.70453),41.78268]
	3043.76463	   0.02302	[mu,kappa]: [(102.27033,305.79424),17.37741]
	4537.77101	   0.03431	[mu,kappa]: [(102.23628,305.00108),36.47396]
	5166.63341	   0.03907	[mu,kappa]: [(102.33597,304.74943),43.49073]
	3242.12599	   0.02452	[mu,kappa]: [(101.32228,305.89708),20.75818]
	2532.12405	   0.01915	[mu,kappa]: [(106.70506,306.73437),10.45648]
	4306.87579	   0.03257	[mu,kappa]: [(101.38591,305.48827),34.64213]
	2552.77663	   0.01930	[mu,kappa]: [(115.09970,309.29825),7.70852]
	2605.98807	   0.01971	[mu,kappa]: [(120.22905,310.79307),7.40435]
	2937.16835	   0.02221	[mu,kappa]: [(102.48737,305.85207),16.28531]
	2836.34394	   0.02145	[mu,kappa]: [(103.68044,305.87246),14.26659]
	3356.44491	   0.02538	[mu,kappa]: [(101.56782,305.69153),23.34436]
	3223.85379	   0.02438	[mu,kappa]: [(102.30051,305.51535),20.88321]
	6375.78799	   0.04821	[mu,kappa]: [(84.18342,38.17352),5.47808]
	2545.12560	   0.01925	[mu,kappa]: [(112.09012,308.19588),8.38670]
	2669.52492	   0.02019	[mu,kappa]: [(103.38229,306.44725),12.38780]
	2689.22382	   0.02034	[mu,kappa]: [(104.01666,306.14692),12.89225]
	2704.72959	   0.02045	[mu,kappa]: [(127.38078,315.74133),6.58962]
	2605.63968	   0.01970	[mu,kappa]: [(105.21307,306.92972),10.48539]
	2418.68394	   0.01829	[mu,kappa]: [(111.97604,308.43356),8.18105]
	3238.25624	   0.02449	[mu,kappa]: [(101.97819,305.58722),21.80229]
	2570.89995	   0.01944	[mu,kappa]: [(105.71171,306.90456),10.39857]
	4385.65693	   0.03316	[mu,kappa]: [(102.12118,305.07860),35.72511]
	3666.85783	   0.02773	[mu,kappa]: [(102.00308,305.37402),27.25814]
	2450.00640	   0.01853	[mu,kappa]: [(110.60273,308.00437),8.54536]
			msglen: 2727203.69068 bits.
Iteration #: 8
	2670.86010	   0.02020	[mu,kappa]: [(102.23465,306.11661),13.65229]
	2771.99489	   0.02096	[mu,kappa]: [(101.35551,306.12388),15.28472]
	3650.19941	   0.02760	[mu,kappa]: [(101.60420,305.54473),28.11188]
	2905.48734	   0.02197	[mu,kappa]: [(101.35926,305.95817),17.08102]
	2491.67070	   0.01884	[mu,kappa]: [(113.07402,307.73475),8.72090]
	4025.45528	   0.03044	[mu,kappa]: [(86.38511,25.97851),3.26434]
	2681.58106	   0.02028	[mu,kappa]: [(123.47270,310.95017),8.04720]
	2457.94417	   0.01859	[mu,kappa]: [(112.78154,307.92721),8.53035]
	2690.10420	   0.02034	[mu,kappa]: [(103.50377,306.38373),11.66733]
	6675.71324	   0.05047	[mu,kappa]: [(101.95064,304.68513),50.00000]
	3698.40109	   0.02797	[mu,kappa]: [(101.76678,305.47657),27.42536]
	3034.14244	   0.02294	[mu,kappa]: [(100.99659,305.99596),19.03507]
	3124.51643	   0.02363	[mu,kappa]: [(102.02914,305.53992),20.26899]
	3029.34538	   0.02291	[mu,kappa]: [(136.02318,319.92869),8.18505]
	2672.57590	   0.02021	[mu,kappa]: [(103.06269,306.42800),11.80605]
	5096.33293	   0.03853	[mu,kappa]: [(102.53987,304.63005),45.30967]
	3017.68269	   0.02282	[mu,kappa]: [(101.30587,305.97121),17.17549]
	4581.07541	   0.03464	[mu,kappa]: [(102.16347,305.01346),39.03283]
	5283.95594	   0.03995	[mu,kappa]: [(102.34572,304.68756),47.26406]
	3225.86409	   0.02439	[mu,kappa]: [(100.41231,306.20802),20.77173]
	2495.35319	   0.01887	[mu,kappa]: [(106.09349,306.61078),10.32358]
	4342.94650	   0.03284	[mu,kappa]: [(101.10229,305.66428),36.76671]
	2534.50575	   0.01917	[mu,kappa]: [(116.99828,309.07159),8.04666]
	2653.05038	   0.02006	[mu,kappa]: [(123.68211,310.71219),8.25547]
	2911.98745	   0.02202	[mu,kappa]: [(101.45132,306.01034),16.04347]
	2804.34381	   0.02121	[mu,kappa]: [(102.73957,305.90326),14.02081]
	3336.44220	   0.02523	[mu,kappa]: [(100.92093,305.93837),23.66263]
	3191.77722	   0.02413	[mu,kappa]: [(101.69109,305.65245),20.96379]
	6304.82448	   0.04767	[mu,kappa]: [(83.73648,39.49563),6.26378]
	2510.63410	   0.01899	[mu,kappa]: [(113.05137,307.94523),8.53106]
	2651.30737	   0.02005	[mu,kappa]: [(101.96436,306.57847),12.13661]
	2660.85121	   0.02012	[mu,kappa]: [(102.94073,306.17919),12.64928]
	2868.15853	   0.02169	[mu,kappa]: [(132.07115,316.02961),8.11111]
	2577.60085	   0.01949	[mu,kappa]: [(104.01541,306.93720),10.30444]
	2384.19151	   0.01803	[mu,kappa]: [(112.82589,308.19799),8.30352]
	3210.90712	   0.02428	[mu,kappa]: [(101.34481,305.77243),21.95990]
	2539.58127	   0.01920	[mu,kappa]: [(104.68805,306.86865),10.23096]
	4422.16006	   0.03344	[mu,kappa]: [(102.01509,305.11699),38.13359]
	3650.54959	   0.02760	[mu,kappa]: [(101.66598,305.51129),28.18853]
	2411.92476	   0.01824	[mu,kappa]: [(111.01567,307.78206),8.59306]
			msglen: 2725116.48709 bits.
Iteration #: 9
	2653.76212	   0.02007	[mu,kappa]: [(100.85970,306.29076),13.46061]
	2761.80922	   0.02088	[mu,kappa]: [(100.02304,306.40014),15.03164]
	3628.42365	   0.02744	[mu,kappa]: [(101.40311,305.65618),28.88366]
	2888.20300	   0.02184	[mu,kappa]: [(100.31117,306.20256),16.83677]
	2420.28470	   0.01830	[mu,kappa]: [(113.76710,307.21004),9.19068]
	3897.16150	   0.02947	[mu,kappa]: [(82.10385,24.72696),3.18239]
	2699.34994	   0.02041	[mu,kappa]: [(126.49463,310.49933),9.54871]
	2383.49861	   0.01802	[mu,kappa]: [(113.30508,307.42165),8.94381]
	2661.95020	   0.02013	[mu,kappa]: [(102.02654,306.45455),11.57941]
	6845.33266	   0.05176	[mu,kappa]: [(102.09860,304.60130),50.00000]
	3672.83228	   0.02777	[mu,kappa]: [(101.58806,305.56357),28.12679]
	3016.99411	   0.02281	[mu,kappa]: [(100.07034,306.28710),18.83681]
	3091.13466	   0.02337	[mu,kappa]: [(101.53690,305.63233),20.22798]
	3381.82357	   0.02557	[mu,kappa]: [(139.73260,320.34400),11.28018]
	2650.12886	   0.02004	[mu,kappa]: [(101.47749,306.55278),11.69858]
	5196.71589	   0.03929	[mu,kappa]: [(102.74438,304.45599),48.77594]
	3000.30820	   0.02269	[mu,kappa]: [(100.25368,306.22397),16.93078]
	4619.67779	   0.03493	[mu,kappa]: [(102.26963,304.93912),41.50214]
	5400.92108	   0.04084	[mu,kappa]: [(102.51837,304.53068),50.00000]
	3216.04279	   0.02432	[mu,kappa]: [(99.46691,306.60346),20.65232]
	2445.69336	   0.01849	[mu,kappa]: [(105.05444,306.45094),10.37278]
	4366.97510	   0.03302	[mu,kappa]: [(100.94422,305.79628),38.73015]
	2470.81639	   0.01868	[mu,kappa]: [(118.60392,308.50383),8.76927]
	2685.20568	   0.02031	[mu,kappa]: [(126.76159,310.26642),9.88111]
	2896.62845	   0.02190	[mu,kappa]: [(100.27876,306.25488),15.79223]
	2778.05136	   0.02101	[mu,kappa]: [(101.61185,305.98832),13.84793]
	3315.53328	   0.02507	[mu,kappa]: [(100.33530,306.21304),23.82143]
	3161.00143	   0.02390	[mu,kappa]: [(101.15409,305.79851),20.93982]
	6277.04639	   0.04746	[mu,kappa]: [(84.55231,40.58511),7.19583]
	2435.40992	   0.01842	[mu,kappa]: [(113.66210,307.43001),8.96857]
	2644.86264	   0.02000	[mu,kappa]: [(100.10560,306.85315),11.99084]
	2637.50070	   0.01994	[mu,kappa]: [(101.55466,306.28469),12.51202]
	3086.61933	   0.02334	[mu,kappa]: [(135.82706,316.09528),10.74956]
	2547.24814	   0.01926	[mu,kappa]: [(102.23927,307.01359),10.27253]
	2308.67045	   0.01746	[mu,kappa]: [(113.26749,307.70267),8.68681]
	3184.07114	   0.02408	[mu,kappa]: [(100.77817,305.97564),21.98660]
	2501.80641	   0.01892	[mu,kappa]: [(103.12015,306.86697),10.21965]
	4452.39496	   0.03367	[mu,kappa]: [(102.08304,305.07427),40.43888]
	3628.58490	   0.02744	[mu,kappa]: [(101.48422,305.61104),28.97915]
	2337.52515	   0.01768	[mu,kappa]: [(110.97766,307.35142),8.87329]
			msglen: 2722469.70844 bits.
Iteration #: 10
	2635.42234	   0.01993	[mu,kappa]: [(99.31566,306.55720),13.41860]
	2753.89348	   0.02082	[mu,kappa]: [(98.55688,306.78790),14.89941]
	3600.16204	   0.02722	[mu,kappa]: [(101.35153,305.71348),29.65824]
	2870.10407	   0.02170	[mu,kappa]: [(99.21469,306.51292),16.67998]
	2310.94951	   0.01748	[mu,kappa]: [(114.24338,306.36025),10.07524]
	3861.15363	   0.02920	[mu,kappa]: [(77.62807,23.22338),3.06834]
	2717.78321	   0.02055	[mu,kappa]: [(128.81960,309.68147),12.04537]
	2268.82902	   0.01716	[mu,kappa]: [(113.57861,306.59889),9.71993]
	2626.91102	   0.01986	[mu,kappa]: [(100.28353,306.59489),11.67150]
	6986.89365	   0.05283	[mu,kappa]: [(102.37696,304.45730),50.00000]
	3641.39907	   0.02753	[mu,kappa]: [(101.57135,305.58999),28.84200]
	2998.52201	   0.02267	[mu,kappa]: [(99.12824,306.63661),18.69322]
	3052.42842	   0.02308	[mu,kappa]: [(101.15794,305.69523),20.24884]
	3861.90941	   0.02920	[mu,kappa]: [(141.86068,320.83767),14.91605]
	2623.86769	   0.01984	[mu,kappa]: [(99.61271,306.77574),11.76690]
	5313.82833	   0.04018	[mu,kappa]: [(103.09284,304.18583),50.00000]
	2982.29568	   0.02255	[mu,kappa]: [(99.15207,306.54491),16.77174]
	4662.18849	   0.03525	[mu,kappa]: [(102.53064,304.77260),43.96243]
	5523.98290	   0.04177	[mu,kappa]: [(102.82934,304.29260),50.00000]
	3206.72695	   0.02425	[mu,kappa]: [(98.48827,307.08168),20.57556]
	2376.15605	   0.01797	[mu,kappa]: [(103.73560,306.23405),10.63886]
	4382.12044	   0.03313	[mu,kappa]: [(100.88394,305.88192),40.64519]
	2367.72486	   0.01790	[mu,kappa]: [(119.93042,307.54529),10.02586]
	2727.99901	   0.02063	[mu,kappa]: [(129.08056,309.45218),12.60461]
	2881.44555	   0.02179	[mu,kappa]: [(99.01984,306.58222),15.64734]
	2746.73538	   0.02077	[mu,kappa]: [(100.38141,306.11591),13.82702]
	3288.94346	   0.02487	[mu,kappa]: [(99.81238,306.50113),23.98537]
	3124.72239	   0.02363	[mu,kappa]: [(100.71436,305.92875),20.95653]
	6279.76867	   0.04748	[mu,kappa]: [(86.31573,41.34017),8.32809]
	2319.37766	   0.01754	[mu,kappa]: [(114.03002,306.59028),9.78509]
	2643.46422	   0.01999	[mu,kappa]: [(97.92961,307.30380),12.01943]
	2609.68863	   0.01973	[mu,kappa]: [(99.96630,306.46378),12.54234]
	3387.92458	   0.02562	[mu,kappa]: [(138.11974,315.98560),14.33660]
	2509.30618	   0.01898	[mu,kappa]: [(100.04983,307.18220),10.42778]
	2191.57151	   0.01657	[mu,kappa]: [(113.42544,306.89118),9.39687]
	3151.68871	   0.02383	[mu,kappa]: [(100.29361,306.17622),22.03468]
	2451.66335	   0.01854	[mu,kappa]: [(101.16870,306.90880),10.39866]
	4483.51015	   0.03390	[mu,kappa]: [(102.30194,304.94409),42.72729]
	3600.47872	   0.02722	[mu,kappa]: [(101.45707,305.65283),29.77568]
	2224.45956	   0.01682	[mu,kappa]: [(110.63199,306.66219),9.43419]
			msglen: 2719630.23047 bits.
Iteration #: 11
	2609.04684	   0.01973	[mu,kappa]: [(97.73384,306.91362),13.54596]
	2740.65001	   0.02072	[mu,kappa]: [(97.04361,307.28683),14.94629]
	3567.02444	   0.02697	[mu,kappa]: [(101.43221,305.70799),30.57316]
	2843.19636	   0.02150	[mu,kappa]: [(98.12159,306.87831),16.68603]
	2190.64957	   0.01657	[mu,kappa]: [(114.67612,305.23970),11.48174]
	3901.37694	   0.02950	[mu,kappa]: [(73.57675,22.07827),2.95468]
	2779.97542	   0.02102	[mu,kappa]: [(130.11589,308.60091),15.65896]
	2139.17862	   0.01618	[mu,kappa]: [(113.80737,305.50756),10.93452]
	2581.87456	   0.01952	[mu,kappa]: [(98.48101,306.81084),11.93047]
	7127.86426	   0.05389	[mu,kappa]: [(102.76022,304.25381),50.00000]
	3605.67659	   0.02726	[mu,kappa]: [(101.70273,305.54508),29.70519]
	2971.76121	   0.02247	[mu,kappa]: [(98.19553,307.03497),18.71171]
	3003.02516	   0.02271	[mu,kappa]: [(100.91555,305.70520),20.42415]
	4339.44952	   0.03281	[mu,kappa]: [(142.98925,321.76077),17.50391]
	2590.23588	   0.01959	[mu,kappa]: [(97.67221,307.10805),12.00503]
	5451.77853	   0.04122	[mu,kappa]: [(103.56822,303.85411),50.00000]
	2955.41834	   0.02235	[mu,kappa]: [(98.05114,306.92371),16.77646]
	4720.95106	   0.03570	[mu,kappa]: [(102.90838,304.52401),46.53479]
	5654.50787	   0.04275	[mu,kappa]: [(103.26944,304.00537),50.00000]
	3193.17233	   0.02415	[mu,kappa]: [(97.48036,307.64340),20.69806]
	2290.56423	   0.01732	[mu,kappa]: [(102.38814,305.96360),11.09353]
	4395.29202	   0.03323	[mu,kappa]: [(100.88387,305.93053),42.67071]
	2263.71701	   0.01712	[mu,kappa]: [(120.99392,306.29389),12.00869]
	2824.62663	   0.02136	[mu,kappa]: [(130.29809,308.36669),16.56102]
	2858.17565	   0.02161	[mu,kappa]: [(97.74454,306.98478),15.67101]
	2703.08037	   0.02044	[mu,kappa]: [(99.16607,306.27162),13.97163]
	3253.31304	   0.02460	[mu,kappa]: [(99.34502,306.79416),24.30089]
	3077.55602	   0.02327	[mu,kappa]: [(100.38814,306.02268),21.11662]
	6289.44761	   0.04755	[mu,kappa]: [(88.41519,41.63155),9.63129]
	2189.26563	   0.01656	[mu,kappa]: [(114.34803,305.47807),11.06789]
	2643.55573	   0.01999	[mu,kappa]: [(95.63660,307.95840),12.24246]
	2572.06003	   0.01945	[mu,kappa]: [(98.34075,306.71494),12.73950]
	3711.12551	   0.02806	[mu,kappa]: [(139.08102,315.78193),17.77491]
	2465.43129	   0.01864	[mu,kappa]: [(97.73142,307.47488),10.75320]
	2057.28663	   0.01556	[mu,kappa]: [(113.52456,305.81149),10.49139]
	3108.95399	   0.02351	[mu,kappa]: [(99.89806,306.35815),22.22222]
	2391.37304	   0.01808	[mu,kappa]: [(99.11142,307.01635),10.74372]
	4526.18118	   0.03422	[mu,kappa]: [(102.63498,304.73503),45.12192]
	3568.11459	   0.02698	[mu,kappa]: [(101.56742,305.62789),30.71469]
	2092.06629	   0.01582	[mu,kappa]: [(110.24379,305.74602),10.29555]
			msglen: 2716957.13289 bits.
Iteration #: 12
	2574.88930	   0.01947	[mu,kappa]: [(96.18719,307.35583),13.80151]
	2721.56248	   0.02058	[mu,kappa]: [(95.52012,307.90013),15.16888]
	3526.75875	   0.02667	[mu,kappa]: [(101.58681,305.65353),31.63568]
	2805.49561	   0.02121	[mu,kappa]: [(97.03489,307.29718),16.85003]
	2095.89995	   0.01585	[mu,kappa]: [(115.20262,303.99315),13.51714]
	3983.09857	   0.03012	[mu,kappa]: [(70.45927,21.99950),2.87456]
	2920.82339	   0.02209	[mu,kappa]: [(130.42359,307.36453),20.45979]
	2028.30130	   0.01534	[mu,kappa]: [(114.15586,304.27444),12.65590]
	2530.42599	   0.01913	[mu,kappa]: [(96.75608,307.10099),12.28892]
	7264.45804	   0.05493	[mu,kappa]: [(103.20455,304.00508),50.00000]
	3563.53007	   0.02695	[mu,kappa]: [(101.92572,305.44071),30.71763]
	2934.77013	   0.02219	[mu,kappa]: [(97.25145,307.48760),18.91704]
	2940.26330	   0.02223	[mu,kappa]: [(100.78016,305.65764),20.73020]
	4715.03648	   0.03565	[mu,kappa]: [(143.90695,323.64137),18.34780]
	2552.34296	   0.01930	[mu,kappa]: [(95.79156,307.55196),12.35761]
	5600.28399	   0.04234	[mu,kappa]: [(104.13508,303.48322),50.00000]
	2917.66673	   0.02206	[mu,kappa]: [(96.95269,307.35978),16.94345]
	4792.58506	   0.03624	[mu,kappa]: [(103.34207,304.21813),49.17980]
	5790.08830	   0.04378	[mu,kappa]: [(103.79088,303.67693),50.00000]
	3176.13610	   0.02402	[mu,kappa]: [(96.40602,308.30911),21.11718]
	2198.84179	   0.01663	[mu,kappa]: [(101.19337,305.64744),11.64304]
	4404.45302	   0.03330	[mu,kappa]: [(100.87945,305.96952),44.84368]
	2207.67661	   0.01669	[mu,kappa]: [(121.79343,304.92744),14.99722]
	3010.28120	   0.02276	[mu,kappa]: [(130.51249,307.13379),21.81256]
	2825.34058	   0.02136	[mu,kappa]: [(96.47308,307.46109),15.85268]
	2647.00880	   0.02002	[mu,kappa]: [(98.02384,306.44286),14.22046]
	3206.90634	   0.02425	[mu,kappa]: [(98.88139,307.10580),24.82070]
	3016.55038	   0.02281	[mu,kappa]: [(100.14121,306.07874),21.41023]
	6263.86923	   0.04736	[mu,kappa]: [(90.21005,41.48277),10.99065]
	2080.80372	   0.01574	[mu,kappa]: [(114.76966,304.22778),12.90321]
	2648.71738	   0.02003	[mu,kappa]: [(93.36142,308.83448),12.64775]
	2526.24116	   0.01910	[mu,kappa]: [(96.77898,307.03237),13.04327]
	3962.58629	   0.02996	[mu,kappa]: [(139.29426,315.53736),20.40905]
	2422.30117	   0.01832	[mu,kappa]: [(95.49213,307.90695),11.18960]
	1937.86434	   0.01465	[mu,kappa]: [(113.74555,304.57933),12.02169]
	3053.07521	   0.02309	[mu,kappa]: [(99.55052,306.52536),22.56042]
	2328.31990	   0.01761	[mu,kappa]: [(97.15168,307.19928),11.18111]
	4576.97548	   0.03461	[mu,kappa]: [(103.02125,304.47125),47.58911]
	3529.30017	   0.02669	[mu,kappa]: [(101.75714,305.54984),31.80048]
	1966.47074	   0.01487	[mu,kappa]: [(110.03026,304.68309),11.43891]
			msglen: 2714330.95840 bits.
Iteration #: 13
	2534.55093	   0.01917	[mu,kappa]: [(94.69744,307.85398),14.17470]
	2699.12997	   0.02041	[mu,kappa]: [(93.99954,308.61522),15.59820]
	3477.13343	   0.02629	[mu,kappa]: [(101.73708,305.57728),32.86426]
	2758.48446	   0.02086	[mu,kappa]: [(95.93662,307.76038),17.18936]
	2044.01397	   0.01546	[mu,kappa]: [(115.80398,302.78805),16.24206]
	4052.73633	   0.03064	[mu,kappa]: [(68.15627,23.37244),2.85738]
	3153.39889	   0.02384	[mu,kappa]: [(130.14802,306.18983),26.47632]
	1951.48300	   0.01476	[mu,kappa]: [(114.61531,303.04409),14.92186]
	2474.46952	   0.01871	[mu,kappa]: [(95.15180,307.42401),12.71294]
	7385.72289	   0.05584	[mu,kappa]: [(103.65548,303.73274),50.00000]
	3512.34073	   0.02656	[mu,kappa]: [(102.16048,305.30280),31.88493]
	2889.72404	   0.02185	[mu,kappa]: [(96.26318,308.00012),19.36271]
	2863.35601	   0.02165	[mu,kappa]: [(100.68396,305.55580),21.13701]
	5003.58258	   0.03783	[mu,kappa]: [(144.92873,326.79666),18.08338]
	2512.03157	   0.01900	[mu,kappa]: [(94.02160,308.07078),12.80538]
	5749.72308	   0.04347	[mu,kappa]: [(104.73186,303.08975),50.00000]
	2870.70243	   0.02171	[mu,kappa]: [(95.83890,307.84536),17.29465]
	4868.55057	   0.03681	[mu,kappa]: [(103.76458,303.88651),50.00000]
	5921.14330	   0.04477	[mu,kappa]: [(104.33473,303.32527),50.00000]
	3163.00951	   0.02392	[mu,kappa]: [(95.23152,309.10410),22.00666]
	2105.24902	   0.01592	[mu,kappa]: [(100.17555,305.25296),12.21434]
	4409.82353	   0.03334	[mu,kappa]: [(100.80409,306.03367),47.26003]
	2225.91927	   0.01683	[mu,kappa]: [(122.32367,303.64838),19.23654]
	3299.98241	   0.02495	[mu,kappa]: [(130.18371,305.99695),28.29707]
	2784.71454	   0.02106	[mu,kappa]: [(95.20142,307.99731),16.20796]
	2579.95762	   0.01951	[mu,kappa]: [(96.95170,306.59501),14.53448]
	3151.94414	   0.02383	[mu,kappa]: [(98.35667,307.46041),25.63663]
	2941.09002	   0.02224	[mu,kappa]: [(99.90897,306.10313),21.82791]
	6167.45197	   0.04663	[mu,kappa]: [(91.37529,41.09271),12.39238]
	2010.49964	   0.01520	[mu,kappa]: [(115.28298,302.99402),15.34496]
	2662.85735	   0.02014	[mu,kappa]: [(91.17459,309.91515),13.27487]
	2473.88147	   0.01871	[mu,kappa]: [(95.30861,307.37805),13.42460]
	4102.54037	   0.03102	[mu,kappa]: [(139.14873,315.20662),22.65589]
	2381.95433	   0.01801	[mu,kappa]: [(93.41634,308.44042),11.71407]
	1847.45808	   0.01397	[mu,kappa]: [(114.08632,303.32158),14.02296]
	2984.06648	   0.02256	[mu,kappa]: [(99.18752,306.69058),23.07198]
	2264.86852	   0.01713	[mu,kappa]: [(95.35937,307.41365),11.66944]
	4628.39782	   0.03500	[mu,kappa]: [(103.39324,304.18419),50.00000]
	3481.56318	   0.02633	[mu,kappa]: [(101.94747,305.44581),33.04653]
	1858.49302	   0.01405	[mu,kappa]: [(110.00283,303.54679),12.82735]
			msglen: 2711608.64477 bits.
Iteration #: 14
	2489.41306	   0.01882	[mu,kappa]: [(93.31568,308.34988),14.65649]
	2675.87543	   0.02023	[mu,kappa]: [(92.54277,309.40068),16.27581]
	3419.50064	   0.02586	[mu,kappa]: [(101.82616,305.50610),34.34314]
	2704.96118	   0.02045	[mu,kappa]: [(94.85747,308.24131),17.73036]
	2032.37757	   0.01537	[mu,kappa]: [(116.37627,301.76642),19.46476]
	4074.16735	   0.03081	[mu,kappa]: [(66.22217,26.03146),2.91844]
	3457.42291	   0.02614	[mu,kappa]: [(129.74178,305.34592),32.82149]
	1907.55479	   0.01443	[mu,kappa]: [(115.08636,301.95396),17.56697]
	2415.07056	   0.01826	[mu,kappa]: [(93.71389,307.70004),13.17246]
	7489.09263	   0.05662	[mu,kappa]: [(104.06553,303.45853),50.00000]
	3452.50573	   0.02611	[mu,kappa]: [(102.34442,305.15843),33.26985]
	2840.91550	   0.02148	[mu,kappa]: [(95.25294,308.56691),20.13009]
	2774.29210	   0.02098	[mu,kappa]: [(100.57470,305.39743),21.62410]
	5228.81394	   0.03954	[mu,kappa]: [(145.88276,330.81126),17.70448]
	2469.76230	   0.01868	[mu,kappa]: [(92.42170,308.59416),13.32994]
	5894.26949	   0.04457	[mu,kappa]: [(105.29791,302.69504),50.00000]
	2817.53585	   0.02131	[mu,kappa]: [(94.74193,308.35583),17.86233]
	4936.88524	   0.03733	[mu,kappa]: [(104.14815,303.56708),50.00000]
	6043.15460	   0.04569	[mu,kappa]: [(104.84529,302.97153),50.00000]
	3166.26229	   0.02394	[mu,kappa]: [(93.99354,310.04259),23.65435]
	2013.32927	   0.01523	[mu,kappa]: [(99.30215,304.70370),12.74945]
	4421.16752	   0.03343	[mu,kappa]: [(100.62459,306.14843),50.00000]
	2315.51901	   0.01751	[mu,kappa]: [(122.64041,302.65097),24.33318]
	3666.57276	   0.02772	[mu,kappa]: [(129.75613,305.20213),34.99379]
	2738.79901	   0.02071	[mu,kappa]: [(93.97290,308.55981),16.75909]
	2504.66588	   0.01894	[mu,kappa]: [(95.96487,306.66159),14.88097]
	3094.92786	   0.02340	[mu,kappa]: [(97.75152,307.87739),26.91027]
	2853.51108	   0.02158	[mu,kappa]: [(99.65216,306.09631),22.37545]
	6002.84404	   0.04539	[mu,kappa]: [(91.95922,40.64546),13.98780]
	1976.84581	   0.01495	[mu,kappa]: [(115.79137,301.92049),18.22143]
	2688.38362	   0.02033	[mu,kappa]: [(89.15951,311.16559),14.18050]
	2416.41129	   0.01827	[mu,kappa]: [(93.97225,307.67922),13.85775]
	4154.91109	   0.03142	[mu,kappa]: [(138.88596,314.77754),25.21893]
	2343.81493	   0.01772	[mu,kappa]: [(91.57202,309.00020),12.30163]
	1786.13623	   0.01351	[mu,kappa]: [(114.45618,302.17094),16.34987]
	2905.07586	   0.02197	[mu,kappa]: [(98.78035,306.86155),23.80819]
	2201.58823	   0.01665	[mu,kappa]: [(93.78268,307.57025),12.17069]
	4678.44766	   0.03537	[mu,kappa]: [(103.70283,303.90242),50.00000]
	3425.82336	   0.02590	[mu,kappa]: [(102.07959,305.34299),34.53133]
	1769.39230	   0.01338	[mu,kappa]: [(110.05404,302.40505),14.32757]
			msglen: 2709070.97410 bits.
Iteration #: 15
	2440.59668	   0.01846	[mu,kappa]: [(92.13729,308.77719),15.16938]
	2652.95679	   0.02006	[mu,kappa]: [(91.25309,310.22794),17.19240]
	3360.63188	   0.02541	[mu,kappa]: [(101.84734,305.45655),36.15691]
	2647.82600	   0.02002	[mu,kappa]: [(93.88913,308.70578),18.44135]
	2047.00226	   0.01548	[mu,kappa]: [(116.81511,300.97494),22.76091]
	4061.06494	   0.03071	[mu,kappa]: [(64.67819,29.45038),3.04420]
	3755.47542	   0.02840	[mu,kappa]: [(129.40627,304.88737),38.08093]
	1887.68226	   0.01428	[mu,kappa]: [(115.47007,301.06936),20.22716]
	2354.37759	   0.01780	[mu,kappa]: [(92.52855,307.83272),13.57431]
	7582.41739	   0.05733	[mu,kappa]: [(104.41250,303.19812),50.00000]
	3390.02052	   0.02563	[mu,kappa]: [(102.46361,305.02622),34.93135]
	2793.05962	   0.02112	[mu,kappa]: [(94.30805,309.17740),21.27089]
	2679.93610	   0.02027	[mu,kappa]: [(100.45741,305.16831),22.12751]
	5388.79423	   0.04075	[mu,kappa]: [(146.51807,334.70909),17.53890]
	2425.65945	   0.01834	[mu,kappa]: [(91.08216,309.04647),13.84434]
	6035.18873	   0.04563	[mu,kappa]: [(105.79373,302.31855),50.00000]
	2761.14640	   0.02088	[mu,kappa]: [(93.75464,308.86003),18.62299]
	4998.56584	   0.03779	[mu,kappa]: [(104.47725,303.27607),50.00000]
	6159.48244	   0.04657	[mu,kappa]: [(105.28952,302.63362),50.00000]
	3202.93333	   0.02422	[mu,kappa]: [(92.79249,311.12318),26.47818]
	1931.82388	   0.01461	[mu,kappa]: [(98.57764,303.89081),13.16584]
	4454.82689	   0.03368	[mu,kappa]: [(100.35561,306.31949),50.00000]
	2440.25930	   0.01845	[mu,kappa]: [(122.76904,301.97157),29.28627]
	4018.80068	   0.03039	[mu,kappa]: [(129.40647,304.77645),40.46535]
	2689.58192	   0.02034	[mu,kappa]: [(92.88555,309.10972),17.46763]
	2426.62523	   0.01835	[mu,kappa]: [(95.13443,306.55182),15.17060]
	3045.60256	   0.02303	[mu,kappa]: [(97.11302,308.36458),28.82247]
	2760.22541	   0.02087	[mu,kappa]: [(99.39325,306.04774),23.01552]
	5803.19098	   0.04388	[mu,kappa]: [(92.19707,40.19792),15.91150]
	1968.93287	   0.01489	[mu,kappa]: [(116.19694,301.06877),21.14049]
	2726.79462	   0.02062	[mu,kappa]: [(87.39209,312.57549),15.39719]
	2356.19451	   0.01782	[mu,kappa]: [(92.85799,307.84689),14.25232]
	4191.73178	   0.03169	[mu,kappa]: [(138.72672,314.42260),28.21095]
	2306.90638	   0.01744	[mu,kappa]: [(90.04242,309.51111),12.85900]
	1748.24595	   0.01322	[mu,kappa]: [(114.76603,301.20541),18.66189]
	2822.42255	   0.02134	[mu,kappa]: [(98.36525,307.03668),24.78826]
	2140.61480	   0.01619	[mu,kappa]: [(92.50423,307.56105),12.58801]
	4721.65042	   0.03570	[mu,kappa]: [(103.96121,303.65447),50.00000]
	3368.50350	   0.02547	[mu,kappa]: [(102.14375,305.25883),36.33361]
	1700.24789	   0.01286	[mu,kappa]: [(110.07860,301.29807),15.70299]
			msglen: 2707024.95632 bits.
Iteration #: 16
	2386.44336	   0.01805	[mu,kappa]: [(91.23059,309.08171),15.58423]
	2628.12742	   0.01987	[mu,kappa]: [(90.19312,311.09368),18.32242]
	3309.15074	   0.02502	[mu,kappa]: [(101.82489,305.43704),38.35722]
	2586.80493	   0.01956	[mu,kappa]: [(93.11604,309.13063),19.24616]
	2072.89845	   0.01568	[mu,kappa]: [(117.08447,300.38805),25.77317]
	4048.64543	   0.03061	[mu,kappa]: [(63.77482,32.96522),3.20619]
	3976.31060	   0.03007	[mu,kappa]: [(129.16235,304.71680),41.58347]
	1881.94984	   0.01423	[mu,kappa]: [(115.72478,300.38243),22.59354]
	2293.14264	   0.01734	[mu,kappa]: [(91.65880,307.72622),13.78390]
	7674.66246	   0.05803	[mu,kappa]: [(104.69465,302.96431),50.00000]
	3333.16148	   0.02520	[mu,kappa]: [(102.53761,304.91845),36.89277]
	2748.22332	   0.02078	[mu,kappa]: [(93.51190,309.83092),22.83906]
	2588.40847	   0.01957	[mu,kappa]: [(100.37302,304.84910),22.54128]
	5480.87339	   0.04144	[mu,kappa]: [(146.80368,337.81288),17.38278]
	2377.22461	   0.01798	[mu,kappa]: [(90.05295,309.36779),14.21461]
	6174.79448	   0.04669	[mu,kappa]: [(106.20500,301.97859),50.00000]
	2701.13690	   0.02043	[mu,kappa]: [(92.96107,309.33902),19.51301]
	5059.55196	   0.03826	[mu,kappa]: [(104.74701,303.02126),50.00000]
	6274.59284	   0.04744	[mu,kappa]: [(105.65751,302.32791),50.00000]
	3298.43316	   0.02494	[mu,kappa]: [(91.70832,312.31399),31.19660]
	1871.61717	   0.01415	[mu,kappa]: [(98.01538,302.69049),13.38621]
	4505.24682	   0.03407	[mu,kappa]: [(100.05125,306.55072),50.00000]
	2557.80208	   0.01934	[mu,kappa]: [(122.73819,301.53233),33.39571]
	4277.14365	   0.03234	[mu,kappa]: [(129.14656,304.62093),44.07743]
	2635.53372	   0.01993	[mu,kappa]: [(92.01850,309.62336),18.25162]
	2351.12995	   0.01778	[mu,kappa]: [(94.53288,306.16407),15.27448]
	3013.81865	   0.02279	[mu,kappa]: [(96.50576,308.92057),31.60232]
	2667.85621	   0.02017	[mu,kappa]: [(99.18758,305.94397),23.66711]
	5597.05480	   0.04232	[mu,kappa]: [(92.28326,39.75861),18.17169]
	1974.52672	   0.01493	[mu,kappa]: [(116.45988,300.42351),23.76915]
	2780.22549	   0.02102	[mu,kappa]: [(85.85493,314.17742),17.01607]
	2294.01503	   0.01735	[mu,kappa]: [(92.03489,307.79291),14.47208]
	4273.48506	   0.03231	[mu,kappa]: [(138.77356,314.29738),31.27310]
	2267.76507	   0.01715	[mu,kappa]: [(88.85466,309.91912),13.25129]
	1726.52890	   0.01306	[mu,kappa]: [(114.97287,300.42805),20.66203]
	2741.68383	   0.02073	[mu,kappa]: [(98.00622,307.21339),26.00224]
	2083.24622	   0.01575	[mu,kappa]: [(91.58038,307.27485),12.79265]
	4764.60617	   0.03603	[mu,kappa]: [(104.16746,303.44403),50.00000]
	3318.05922	   0.02509	[mu,kappa]: [(102.16167,305.20305),38.49699]
	1652.11875	   0.01249	[mu,kappa]: [(110.01560,300.22519),16.74275]
			msglen: 2705368.83843 bits.
Iteration #: 17
	2321.25400	   0.01755	[mu,kappa]: [(90.59510,309.23169),15.79371]
	2596.02931	   0.01963	[mu,kappa]: [(89.34217,312.02523),19.71812]
	3268.32415	   0.02471	[mu,kappa]: [(101.78813,305.44548),40.96539]
	2516.37699	   0.01903	[mu,kappa]: [(92.56354,309.51598),20.08922]
	2100.05498	   0.01588	[mu,kappa]: [(117.21798,299.97709),28.39699]
	4057.01158	   0.03068	[mu,kappa]: [(63.52885,36.00988),3.37979]
	4107.26118	   0.03106	[mu,kappa]: [(128.98240,304.72767),43.53090]
	1882.30130	   0.01423	[mu,kappa]: [(115.87196,299.87588),24.57048]
	2229.19000	   0.01686	[mu,kappa]: [(91.10286,307.29686),13.71156]
	7764.89349	   0.05871	[mu,kappa]: [(104.92762,302.76058),50.00000]
	3285.13304	   0.02484	[mu,kappa]: [(102.59489,304.83835),39.15558]
	2704.59722	   0.02045	[mu,kappa]: [(92.88734,310.54168),24.98090]
	2502.62580	   0.01892	[mu,kappa]: [(100.35765,304.42530),22.76928]
	5510.93231	   0.04167	[mu,kappa]: [(146.85052,340.09296),17.04448]
	2318.37876	   0.01753	[mu,kappa]: [(89.30958,309.52333),14.33852]
	6310.01677	   0.04771	[mu,kappa]: [(106.54272,301.68410),50.00000]
	2631.76633	   0.01990	[mu,kappa]: [(92.38425,309.79791),20.49625]
	5119.26654	   0.03871	[mu,kappa]: [(104.97129,302.80285),50.00000]
	6386.49431	   0.04829	[mu,kappa]: [(105.96162,302.06155),50.00000]
	3497.95003	   0.02645	[mu,kappa]: [(90.75065,313.51602),38.99722]
	1840.91803	   0.01392	[mu,kappa]: [(97.57938,301.00697),13.42147]
	4568.51783	   0.03454	[mu,kappa]: [(99.74368,306.81453),50.00000]
	2648.94779	   0.02003	[mu,kappa]: [(122.60341,301.25953),36.59664]
	4429.50577	   0.03349	[mu,kappa]: [(128.94768,304.63428),46.07828]
	2570.13107	   0.01944	[mu,kappa]: [(91.38346,310.10380),19.05529]
	2280.49234	   0.01725	[mu,kappa]: [(94.18008,305.40076),15.10849]
	3006.55274	   0.02273	[mu,kappa]: [(95.96033,309.53092),35.57498]
	2577.30989	   0.01949	[mu,kappa]: [(99.08031,305.77844),24.25094]
	5397.63498	   0.04081	[mu,kappa]: [(92.30434,39.36566),20.65376]
	1984.51071	   0.01501	[mu,kappa]: [(116.60522,299.96102),26.00661]
	2858.34675	   0.02161	[mu,kappa]: [(84.42973,316.01929),19.35916]
	2227.49869	   0.01684	[mu,kappa]: [(91.50906,307.44088),14.41779]
	4415.74254	   0.03339	[mu,kappa]: [(138.99060,314.39502),34.08890]
	2219.76017	   0.01679	[mu,kappa]: [(87.95351,310.20098),13.38365]
	1713.84915	   0.01296	[mu,kappa]: [(115.09023,299.82689),22.25131]
	2662.60979	   0.02013	[mu,kappa]: [(97.74844,307.39555),27.45396]
	2028.33888	   0.01534	[mu,kappa]: [(91.00076,306.61248),12.71527]
	4806.99481	   0.03635	[mu,kappa]: [(104.33722,303.26765),50.00000]
	3277.72883	   0.02478	[mu,kappa]: [(102.16183,305.17507),41.03448]
	1622.75115	   0.01227	[mu,kappa]: [(109.84412,299.18099),17.36245]
			msglen: 2703763.57629 bits.
Iteration #: 18
	2234.54514	   0.01690	[mu,kappa]: [(90.20656,309.20612),15.76001]
	2548.17874	   0.01927	[mu,kappa]: [(88.64263,313.04608),21.56748]
	3238.84863	   0.02449	[mu,kappa]: [(101.75714,305.46771),44.08111]
	2425.54972	   0.01834	[mu,kappa]: [(92.22877,309.86783),20.98686]
	2122.68616	   0.01605	[mu,kappa]: [(117.26821,299.72909),30.71779]
	4086.39608	   0.03090	[mu,kappa]: [(63.72708,38.32290),3.55008]
	4171.23098	   0.03154	[mu,kappa]: [(128.83999,304.84258),44.44125]
	1882.18549	   0.01423	[mu,kappa]: [(115.95594,299.54968),26.23903]
	2156.47900	   0.01631	[mu,kappa]: [(90.83748,306.48024),13.37891]
	7852.06717	   0.05937	[mu,kappa]: [(105.12471,302.58838),50.00000]
	3246.46612	   0.02455	[mu,kappa]: [(102.65520,304.77960),41.80815]
	2657.77354	   0.02010	[mu,kappa]: [(92.42111,311.30292),28.01928]
	2419.59621	   0.01830	[mu,kappa]: [(100.43542,303.89454),22.81729]
	5491.62078	   0.04152	[mu,kappa]: [(146.76643,341.82946),16.52242]
	2238.42768	   0.01693	[mu,kappa]: [(88.80566,309.49496),14.19036]
	6438.10076	   0.04868	[mu,kappa]: [(106.81907,301.44256),50.00000]
	2541.78385	   0.01922	[mu,kappa]: [(92.01761,310.24621),21.61650]
	5177.02548	   0.03914	[mu,kappa]: [(105.16220,302.62015),50.00000]
	6493.33156	   0.04910	[mu,kappa]: [(106.21383,301.84024),50.00000]
	3871.23814	   0.02927	[mu,kappa]: [(89.91712,314.55020),50.00000]
	1841.98362	   0.01393	[mu,kappa]: [(97.19823,298.84960),13.43190]
	4635.78436	   0.03505	[mu,kappa]: [(99.46516,307.07439),50.00000]
	2713.39442	   0.02052	[mu,kappa]: [(122.41885,301.10838),39.13477]
	4503.64581	   0.03405	[mu,kappa]: [(128.78448,304.74332),47.02167]
	2481.36026	   0.01876	[mu,kappa]: [(90.96248,310.56176),19.89364]
	2213.11666	   0.01674	[mu,kappa]: [(94.06314,304.18647),14.71914]
	3029.68608	   0.02291	[mu,kappa]: [(95.48413,310.14129),41.19534]
	2483.86255	   0.01878	[mu,kappa]: [(99.10421,305.55123),24.77914]
	5210.95452	   0.03940	[mu,kappa]: [(92.28807,39.06203),23.16482]
	1992.50321	   0.01507	[mu,kappa]: [(116.67946,299.67414),27.93590]
	2986.45788	   0.02258	[mu,kappa]: [(82.97780,318.07159),23.12539]
	2150.38733	   0.01626	[mu,kappa]: [(91.26384,306.72817),14.09484]
	4603.14811	   0.03481	[mu,kappa]: [(139.29804,314.62512),36.51703]
	2151.89947	   0.01627	[mu,kappa]: [(87.26049,310.35956),13.23926]
	1703.21000	   0.01288	[mu,kappa]: [(115.15791,299.40936),23.50416]
	2580.09807	   0.01951	[mu,kappa]: [(97.61966,307.58135),29.24834]
	1971.07900	   0.01491	[mu,kappa]: [(90.73380,305.50892),12.41076]
	4848.25883	   0.03666	[mu,kappa]: [(104.48383,303.12066),50.00000]
	3248.28428	   0.02456	[mu,kappa]: [(102.16379,305.16317),44.03879]
	1605.35429	   0.01214	[mu,kappa]: [(109.57259,298.19377),17.62372]
			msglen: 2701923.70076 bits.
Iteration #: 19
	2115.57997	   0.01600	[mu,kappa]: [(90.05859,308.97319),15.50208]
	2476.16092	   0.01872	[mu,kappa]: [(88.04634,314.12135),24.16401]
	3222.81050	   0.02437	[mu,kappa]: [(101.73777,305.48380),47.85048]
	2302.78641	   0.01741	[mu,kappa]: [(92.11747,310.17047),22.00998]
	2138.59595	   0.01617	[mu,kappa]: [(117.27948,299.62874),32.85547]
	4130.08334	   0.03123	[mu,kappa]: [(64.11278,39.91661),3.70836]
	4196.57674	   0.03173	[mu,kappa]: [(128.71966,305.01117),44.74985]
	1877.67365	   0.01420	[mu,kappa]: [(116.01848,299.40360),27.73304]
	2068.43510	   0.01564	[mu,kappa]: [(90.85379,305.24871),12.91423]
	7935.77676	   0.06000	[mu,kappa]: [(105.29100,302.45068),50.00000]
	3218.89581	   0.02434	[mu,kappa]: [(102.72252,304.73098),44.98886]
	2605.18950	   0.01970	[mu,kappa]: [(92.09882,312.04490),32.42670]
	2334.46317	   0.01765	[mu,kappa]: [(100.62177,303.27783),22.78766]
	5437.46819	   0.04111	[mu,kappa]: [(146.61327,343.27564),15.90565]
	2126.20157	   0.01608	[mu,kappa]: [(88.51502,309.26280),13.80283]
	6556.15869	   0.04957	[mu,kappa]: [(107.04048,301.26063),50.00000]
	2419.38981	   0.01830	[mu,kappa]: [(91.86221,310.66711),22.97893]
	5232.54264	   0.03956	[mu,kappa]: [(105.32400,302.47474),50.00000]
	6593.25605	   0.04985	[mu,kappa]: [(106.41943,301.66981),50.00000]
	4457.76156	   0.03371	[mu,kappa]: [(89.23804,315.29246),50.00000]
	1869.91773	   0.01414	[mu,kappa]: [(96.80427,296.39979),13.67088]
	4696.61122	   0.03551	[mu,kappa]: [(99.24697,307.29196),50.00000]
	2757.87482	   0.02085	[mu,kappa]: [(122.22586,301.04835),41.24945]
	4532.67573	   0.03427	[mu,kappa]: [(128.64297,304.90042),47.36287]
	2356.26791	   0.01782	[mu,kappa]: [(90.74919,310.98337),20.82563]
	2146.21880	   0.01623	[mu,kappa]: [(94.15815,302.51131),14.28558]
	3089.44226	   0.02336	[mu,kappa]: [(95.08789,310.66010),48.88615]
	2382.29561	   0.01801	[mu,kappa]: [(99.28449,305.27211),25.35696]
	5041.33002	   0.03812	[mu,kappa]: [(92.24892,38.85397),25.52873]
	1995.28388	   0.01509	[mu,kappa]: [(116.72417,299.55455),29.68536]
	3216.94584	   0.02433	[mu,kappa]: [(81.41523,320.13184),29.33174]
	2056.34418	   0.01555	[mu,kappa]: [(91.29458,305.61570),13.61466]
	4812.78311	   0.03639	[mu,kappa]: [(139.63406,314.90161),38.49790]
	2052.45499	   0.01552	[mu,kappa]: [(86.71358,310.40673),12.85011]
	1689.54840	   0.01278	[mu,kappa]: [(115.21977,299.18799),24.55973]
	2489.93077	   0.01883	[mu,kappa]: [(97.63769,307.75337),31.59163]
	1905.05302	   0.01441	[mu,kappa]: [(90.76245,303.96959),12.04070]
	4888.51645	   0.03696	[mu,kappa]: [(104.61231,303.00144),50.00000]
	3231.84308	   0.02444	[mu,kappa]: [(102.17234,305.15066),47.64821]
	1590.85584	   0.01203	[mu,kappa]: [(109.24098,297.32876),17.67150]
			msglen: 2700135.43398 bits.
Iteration #: 20
	1966.23933	   0.01487	[mu,kappa]: [(90.20651,308.47149),15.17017]
	2387.60105	   0.01806	[mu,kappa]: [(87.61273,315.08862),28.16622]
	3231.21165	   0.02443	[mu,kappa]: [(101.67948,305.51083),50.00000]
	2155.87313	   0.01630	[mu,kappa]: [(92.25809,310.38944),23.48464]
	2147.60386	   0.01624	[mu,kappa]: [(117.28309,299.64269),34.86307]
	4181.70352	   0.03162	[mu,kappa]: [(64.50195,40.93262),3.84896]
	4204.70718	   0.03179	[mu,kappa]: [(128.61629,305.20130),44.72136]
	1867.54060	   0.01412	[mu,kappa]: [(116.08676,299.41636),29.12921]
	1966.18333	   0.01487	[mu,kappa]: [(91.17507,303.64604),12.55240]
	8011.80444	   0.06058	[mu,kappa]: [(105.41463,302.36022),50.00000]
	3210.68702	   0.02428	[mu,kappa]: [(102.74926,304.70980),48.63558]
	2575.04913	   0.01947	[mu,kappa]: [(91.90659,312.66032),39.22636]
	2250.14572	   0.01702	[mu,kappa]: [(100.87824,302.66784),22.81735]
	5361.39099	   0.04054	[mu,kappa]: [(146.42085,344.57504),15.27911]
	1980.78400	   0.01498	[mu,kappa]: [(88.48733,308.77102),13.30655]
	6656.22062	   0.05033	[mu,kappa]: [(107.20673,301.14335),50.00000]
	2273.74225	   0.01719	[mu,kappa]: [(91.94413,311.01579),24.98323]
	5282.99722	   0.03995	[mu,kappa]: [(105.44433,302.37844),50.00000]
	6679.60521	   0.05050	[mu,kappa]: [(106.57388,301.55820),50.00000]
	5023.52748	   0.03798	[mu,kappa]: [(88.68968,315.79097),50.00000]
	1916.26693	   0.01449	[mu,kappa]: [(96.33710,293.98429),14.37071]
	4764.05687	   0.03602	[mu,kappa]: [(99.05493,307.48643),50.00000]
	2788.97728	   0.02109	[mu,kappa]: [(122.05465,301.04933),43.07903]
	4541.20131	   0.03434	[mu,kappa]: [(128.51918,305.07538),47.37454]
	2199.62200	   0.01663	[mu,kappa]: [(90.79010,311.30985),22.13929]
	2082.65381	   0.01575	[mu,kappa]: [(94.42078,300.51251),14.08273]
	3227.08305	   0.02440	[mu,kappa]: [(94.72746,311.06325),50.00000]
	2280.36525	   0.01724	[mu,kappa]: [(99.58017,305.01354),26.16435]
	4891.61325	   0.03699	[mu,kappa]: [(92.19908,38.71965),27.65559]
	1992.11266	   0.01506	[mu,kappa]: [(116.76748,299.57398),31.32121]
	3614.32414	   0.02733	[mu,kappa]: [(79.90160,321.82182),38.66538]
	1948.16480	   0.01473	[mu,kappa]: [(91.62395,304.12407),13.21185]
	5025.26874	   0.03800	[mu,kappa]: [(139.96438,315.17100),40.00017]
	1917.58321	   0.01450	[mu,kappa]: [(86.32953,310.30924),12.30719]
	1670.74249	   0.01264	[mu,kappa]: [(115.30530,299.15683),25.51208]
	2408.64694	   0.01821	[mu,kappa]: [(97.73978,307.93478),34.84920]
	1828.37291	   0.01383	[mu,kappa]: [(91.09821,302.10447),11.84284]
	4926.90020	   0.03725	[mu,kappa]: [(104.70582,302.92415),50.00000]
	3237.99805	   0.02448	[mu,kappa]: [(102.13943,305.15423),50.00000]
	1571.42838	   0.01188	[mu,kappa]: [(108.89687,296.67357),17.63301]
			msglen: 2698269.50978 bits.
Iteration #: 21
	1795.42806	   0.01358	[mu,kappa]: [(90.65306,307.65436),14.80724]
	2289.37558	   0.01731	[mu,kappa]: [(87.42128,315.76551),34.27710]
	3257.90836	   0.02463	[mu,kappa]: [(101.59020,305.55203),50.00000]
	1994.61229	   0.01508	[mu,kappa]: [(92.66151,310.49552),25.70462]
	2152.13884	   0.01627	[mu,kappa]: [(117.29469,299.72146),36.74623]
	4244.65433	   0.03210	[mu,kappa]: [(64.76350,41.40401),3.96150]
	4209.23107	   0.03183	[mu,kappa]: [(128.52952,305.38973),44.48032]
	1853.83193	   0.01402	[mu,kappa]: [(116.17399,299.53722),30.45922]
	1855.35421	   0.01403	[mu,kappa]: [(91.73274,301.79631),12.41420]
	8081.08405	   0.06110	[mu,kappa]: [(105.49554,302.31577),50.00000]
	3226.00586	   0.02439	[mu,kappa]: [(102.71631,304.70877),50.00000]
	2597.32589	   0.01964	[mu,kappa]: [(91.83155,313.06141),49.48934]
	2165.52419	   0.01638	[mu,kappa]: [(101.18936,302.13190),22.98839]
	5273.97499	   0.03988	[mu,kappa]: [(146.20223,345.79112),14.69417]
	1811.10649	   0.01370	[mu,kappa]: [(88.69770,307.98509),12.72987]
	6738.22081	   0.05095	[mu,kappa]: [(107.32396,301.08313),50.00000]
	2116.33152	   0.01600	[mu,kappa]: [(92.27263,311.24790),28.04539]
	5328.97747	   0.04029	[mu,kappa]: [(105.52273,302.32940),50.00000]
	6752.42766	   0.05105	[mu,kappa]: [(106.68102,301.50022),50.00000]
	5485.01925	   0.04147	[mu,kappa]: [(88.36996,316.04248),50.00000]
	1972.50236	   0.01492	[mu,kappa]: [(95.72364,291.81274),15.61218]
	4842.84670	   0.03662	[mu,kappa]: [(98.88615,307.65865),50.00000]
	2812.61110	   0.02127	[mu,kappa]: [(121.91940,301.07778),44.67159]
	4544.59455	   0.03436	[mu,kappa]: [(128.41359,305.24646),47.18317]
	2019.35290	   0.01527	[mu,kappa]: [(91.11899,311.48229),24.06270]
	2022.69747	   0.01530	[mu,kappa]: [(94.74690,298.40562),14.23287]
	3370.47112	   0.02549	[mu,kappa]: [(94.46670,311.34010),50.00000]
	2181.76041	   0.01650	[mu,kappa]: [(99.96206,304.82234),27.33320]
	4762.58937	   0.03601	[mu,kappa]: [(92.14687,38.63431),29.52844]
	1985.23614	   0.01501	[mu,kappa]: [(116.82317,299.68114),32.86251]
	4178.64638	   0.03160	[mu,kappa]: [(78.56221,323.04437),50.00000]
	1832.51869	   0.01386	[mu,kappa]: [(92.18958,302.35222),13.01109]
	5227.63980	   0.03953	[mu,kappa]: [(140.27268,315.40936),41.01917]
	1755.87980	   0.01328	[mu,kappa]: [(86.01346,310.06612),11.59328]
	1648.26523	   0.01247	[mu,kappa]: [(115.43109,299.27106),26.41608]
	2348.89925	   0.01776	[mu,kappa]: [(97.86812,308.11686),39.34030]
	1743.58300	   0.01319	[mu,kappa]: [(91.65094,300.09223),11.92910]
	4964.51393	   0.03754	[mu,kappa]: [(104.76162,302.88889),50.00000]
	3262.43179	   0.02467	[mu,kappa]: [(102.06861,305.17566),50.00000]
	1542.42715	   0.01167	[mu,kappa]: [(108.60512,296.25790),17.59323]
			msglen: 2696390.29939 bits.
Iteration #: 22
	1621.14240	   0.01226	[mu,kappa]: [(91.33533,306.54136),14.47665]
	2206.30209	   0.01668	[mu,kappa]: [(87.51045,316.06998),43.70630]
	3287.26208	   0.02486	[mu,kappa]: [(101.50718,305.60146),50.00000]
	1839.16641	   0.01391	[mu,kappa]: [(93.25003,310.52693),29.03474]
	2154.73404	   0.01629	[mu,kappa]: [(117.31802,299.82194),38.49511]
	4313.68441	   0.03262	[mu,kappa]: [(64.90392,41.48880),4.04119]
	4216.86204	   0.03188	[mu,kappa]: [(128.45988,305.56481),44.07518]
	1839.20425	   0.01391	[mu,kappa]: [(116.28207,299.71327),31.72620]
	1745.02749	   0.01320	[mu,kappa]: [(92.39115,299.89556),12.56879]
	8143.36889	   0.06157	[mu,kappa]: [(105.54778,302.30127),50.00000]
	3250.17213	   0.02458	[mu,kappa]: [(102.66304,304.71909),50.00000]
	2712.60680	   0.02051	[mu,kappa]: [(91.79179,313.28324),50.00000]
	2079.18971	   0.01572	[mu,kappa]: [(101.54094,301.72296),23.30447]
	5181.55983	   0.03918	[mu,kappa]: [(145.96617,346.94264),14.17535]
	1635.52306	   0.01237	[mu,kappa]: [(89.06951,306.93142),12.13724]
	6805.33144	   0.05145	[mu,kappa]: [(107.40628,301.06159),50.00000]
	1971.14425	   0.01491	[mu,kappa]: [(92.76154,311.38574),32.71850]
	5370.31728	   0.04061	[mu,kappa]: [(105.57298,302.31121),50.00000]
	6813.69634	   0.05152	[mu,kappa]: [(106.75491,301.47835),50.00000]
	5791.65253	   0.04379	[mu,kappa]: [(88.29125,316.08381),50.00000]
	2035.93881	   0.01540	[mu,kappa]: [(94.88280,289.93723),17.40992]
	4923.42697	   0.03723	[mu,kappa]: [(98.74782,307.80223),50.00000]
	2832.43824	   0.02142	[mu,kappa]: [(121.82168,301.10835),46.03266]
	4550.30521	   0.03441	[mu,kappa]: [(128.32727,305.40295),46.83626]
	1836.49333	   0.01389	[mu,kappa]: [(91.69553,311.51062),26.94597]
	1966.68555	   0.01487	[mu,kappa]: [(94.99547,296.42224),14.74032]
	3495.70167	   0.02643	[mu,kappa]: [(94.30716,311.51114),50.00000]
	2089.40187	   0.01580	[mu,kappa]: [(100.38773,304.73215),28.89662]
	4653.15769	   0.03518	[mu,kappa]: [(92.09434,38.58299),31.16449]
	1977.24063	   0.01495	[mu,kappa]: [(116.89400,299.82708),34.30497]
	4796.93196	   0.03627	[mu,kappa]: [(77.46975,323.90821),50.00000]
	1719.22634	   0.01300	[mu,kappa]: [(92.85717,300.48668),13.08606]
	5412.35180	   0.04092	[mu,kappa]: [(140.55113,315.61310),41.58801]
	1586.81999	   0.01200	[mu,kappa]: [(85.60236,309.73997),10.74212]
	1624.71215	   0.01229	[mu,kappa]: [(115.60044,299.47540),27.29228]
	2320.35046	   0.01755	[mu,kappa]: [(97.95033,308.28763),45.10696]
	1657.04101	   0.01253	[mu,kappa]: [(92.26953,298.13635),12.35069]
	5000.17515	   0.03781	[mu,kappa]: [(104.79336,302.88001),50.00000]
	3289.29631	   0.02487	[mu,kappa]: [(101.99974,305.20976),50.00000]
	1502.35740	   0.01136	[mu,kappa]: [(108.42329,296.07660),17.58654]
			msglen: 2695031.13552 bits.
Iteration #: 23
	1461.08017	   0.01105	[mu,kappa]: [(92.20458,305.23173),14.42692]
	2227.77825	   0.01685	[mu,kappa]: [(87.65592,316.19201),50.00000]
	3311.70920	   0.02504	[mu,kappa]: [(101.42729,305.65474),50.00000]
	1721.96192	   0.01302	[mu,kappa]: [(93.78519,310.63441),33.83250]
	2157.71708	   0.01632	[mu,kappa]: [(117.35912,299.90719),40.09918]
	4339.23381	   0.03281	[mu,kappa]: [(65.15213,41.96657),4.11800]
	4232.87246	   0.03201	[mu,kappa]: [(128.40593,305.72177),43.53763]
	1826.06366	   0.01381	[mu,kappa]: [(116.41496,299.89406),32.90927]
	1641.18516	   0.01241	[mu,kappa]: [(93.05672,298.14110),13.10668]
	8187.46288	   0.06190	[mu,kappa]: [(105.58716,302.29808),50.00000]
	3269.10332	   0.02472	[mu,kappa]: [(102.61044,304.73847),50.00000]
	2824.81248	   0.02136	[mu,kappa]: [(91.73473,313.41911),50.00000]
	1991.67317	   0.01506	[mu,kappa]: [(101.90804,301.48634),23.69810]
	5087.40002	   0.03847	[mu,kappa]: [(145.72187,348.03044),13.73071]
	1466.17712	   0.01109	[mu,kappa]: [(89.68788,305.60413),11.82587]
	6853.34851	   0.05182	[mu,kappa]: [(107.47263,301.05511),50.00000]
	1878.74607	   0.01421	[mu,kappa]: [(93.15091,311.56532),39.49578]
	5399.64216	   0.04083	[mu,kappa]: [(105.61078,302.30499),50.00000]
	6857.29528	   0.05185	[mu,kappa]: [(106.81367,301.47055),50.00000]
	6055.93792	   0.04579	[mu,kappa]: [(88.27620,316.06168),50.00000]
	2110.23906	   0.01596	[mu,kappa]: [(93.77677,288.29905),19.80345]
	4997.02130	   0.03778	[mu,kappa]: [(98.61573,307.93350),50.00000]
	2852.04379	   0.02157	[mu,kappa]: [(121.76112,301.12171),47.17818]
	4564.11016	   0.03451	[mu,kappa]: [(128.25892,305.54085),46.36429]
	1689.94111	   0.01278	[mu,kappa]: [(92.30155,311.55953),31.38232]
	1913.72132	   0.01447	[mu,kappa]: [(95.07069,294.73855),15.53787]
	3612.74152	   0.02732	[mu,kappa]: [(94.16186,311.64740),50.00000]
	2006.88478	   0.01518	[mu,kappa]: [(100.78982,304.76807),30.76604]
	4561.48959	   0.03449	[mu,kappa]: [(92.03897,38.55545),32.58938]
	1970.43675	   0.01490	[mu,kappa]: [(116.98532,299.96756),35.63086]
	5275.33449	   0.03989	[mu,kappa]: [(76.53577,324.59667),50.00000]
	1614.76231	   0.01221	[mu,kappa]: [(93.52158,298.74398),13.52320]
	5577.16862	   0.04217	[mu,kappa]: [(140.79462,315.78677),41.76594]
	1414.90415	   0.01070	[mu,kappa]: [(85.27935,309.16594),10.04512]
	1602.76210	   0.01212	[mu,kappa]: [(115.81491,299.71100),28.12439]
	2329.78306	   0.01762	[mu,kappa]: [(97.90828,308.45356),50.00000]
	1573.65826	   0.01190	[mu,kappa]: [(92.84986,296.39757),13.16785]
	5025.65490	   0.03800	[mu,kappa]: [(104.81466,302.88103),50.00000]
	3311.09924	   0.02504	[mu,kappa]: [(101.93266,305.24959),50.00000]
	1453.04285	   0.01099	[mu,kappa]: [(108.39369,296.09973),17.60283]
			msglen: 2693881.40925 bits.
Iteration #: 24
	1321.02334	   0.00999	[mu,kappa]: [(93.13662,303.92185),14.57899]
	2314.19875	   0.01750	[mu,kappa]: [(87.72808,316.24932),50.00000]
	3326.34446	   0.02515	[mu,kappa]: [(101.36834,305.69627),50.00000]
	1648.65206	   0.01247	[mu,kappa]: [(94.14416,310.82880),40.14956]
	2164.38304	   0.01637	[mu,kappa]: [(117.41178,299.95911),41.55072]
	4343.89102	   0.03285	[mu,kappa]: [(65.33825,42.52828),4.19541]
	4259.98451	   0.03221	[mu,kappa]: [(128.36095,305.86386),42.86852]
	1817.53476	   0.01375	[mu,kappa]: [(116.56581,300.04927),33.98674]
	1544.89613	   0.01168	[mu,kappa]: [(93.59859,296.67630),13.85465]
	8217.32534	   0.06213	[mu,kappa]: [(105.63197,302.28853),50.00000]
	3279.75274	   0.02480	[mu,kappa]: [(102.57701,304.74948),50.00000]
	2923.08357	   0.02210	[mu,kappa]: [(91.65167,313.52191),50.00000]
	1902.62244	   0.01439	[mu,kappa]: [(102.31847,301.40734),24.18172]
	4996.45206	   0.03778	[mu,kappa]: [(145.46725,349.07160),13.35085]
	1312.50964	   0.00993	[mu,kappa]: [(90.45293,304.18102),11.75537]
	6890.74084	   0.05210	[mu,kappa]: [(107.53877,301.04543),50.00000]
	1847.63096	   0.01397	[mu,kappa]: [(93.32763,311.78455),48.36262]
	5419.58620	   0.04098	[mu,kappa]: [(105.65428,302.29293),50.00000]
	6889.97933	   0.05209	[mu,kappa]: [(106.87400,301.45875),50.00000]
	6291.58387	   0.04757	[mu,kappa]: [(88.26506,316.03141),50.00000]
	2202.80273	   0.01666	[mu,kappa]: [(92.42505,286.77097),22.99134]
	5050.51079	   0.03819	[mu,kappa]: [(98.50218,308.04575),50.00000]
	2874.81599	   0.02174	[mu,kappa]: [(121.72674,301.11077),48.10757]
	4588.82818	   0.03470	[mu,kappa]: [(128.20201,305.66385),45.76673]
	1591.50007	   0.01204	[mu,kappa]: [(92.76544,311.70778),37.59135]
	1857.09942	   0.01404	[mu,kappa]: [(94.96445,293.38230),16.46112]
	3711.40638	   0.02806	[mu,kappa]: [(94.01921,311.76754),50.00000]
	1933.30182	   0.01462	[mu,kappa]: [(101.16674,304.88361),32.93312]
	4487.47454	   0.03393	[mu,kappa]: [(91.98342,38.53343),33.81609]
	1967.94680	   0.01488	[mu,kappa]: [(117.09089,300.07827),36.82340]
	5571.64709	   0.04213	[mu,kappa]: [(75.83052,325.09718),50.00000]
	1518.62517	   0.01149	[mu,kappa]: [(94.06854,297.28163),14.15363]
	5722.50247	   0.04327	[mu,kappa]: [(141.00182,315.94025),41.62082]
	1252.70359	   0.00947	[mu,kappa]: [(84.93570,308.43786),9.45517]
	1585.69808	   0.01199	[mu,kappa]: [(116.06570,299.93633),28.89044]
	2360.06831	   0.01785	[mu,kappa]: [(97.79379,308.58873),50.00000]
	1495.16927	   0.01131	[mu,kappa]: [(93.25558,294.96625),14.19101]
	5041.65307	   0.03812	[mu,kappa]: [(104.84444,302.87444),50.00000]
	3323.71840	   0.02513	[mu,kappa]: [(101.88567,305.27878),50.00000]
	1398.35277	   0.01058	[mu,kappa]: [(108.56118,296.27744),17.64900]
			msglen: 2692999.35414 bits.
Iteration #: 25
	1199.02045	   0.00907	[mu,kappa]: [(94.05023,302.80831),14.84731]
	2396.22751	   0.01812	[mu,kappa]: [(87.74243,316.26950),50.00000]
	3335.76619	   0.02522	[mu,kappa]: [(101.33078,305.71969),50.00000]
	1620.32918	   0.01225	[mu,kappa]: [(94.29106,311.04735),47.94123]
	2173.87693	   0.01644	[mu,kappa]: [(117.46174,299.97313),42.82852]
	4338.75272	   0.03281	[mu,kappa]: [(65.42589,43.02961),4.26848]
	4293.52008	   0.03246	[mu,kappa]: [(128.32424,305.99567),42.08129]
	1813.27703	   0.01371	[mu,kappa]: [(116.71671,300.16624),34.92746]
	1449.44978	   0.01096	[mu,kappa]: [(94.00890,295.59244),14.64834]
	8246.04384	   0.06235	[mu,kappa]: [(105.67851,302.26946),50.00000]
	3287.05077	   0.02486	[mu,kappa]: [(102.56180,304.74621),50.00000]
	3009.74563	   0.02276	[mu,kappa]: [(91.54164,313.61205),50.00000]
	1814.11097	   0.01372	[mu,kappa]: [(102.78606,301.47589),24.84067]
	4907.59323	   0.03711	[mu,kappa]: [(145.21465,350.09429),13.02847]
	1176.36210	   0.00890	[mu,kappa]: [(91.26406,302.89589),11.86378]
	6927.90555	   0.05238	[mu,kappa]: [(107.59918,301.02912),50.00000]
	1879.44202	   0.01421	[mu,kappa]: [(93.29662,311.99767),50.00000]
	5438.77451	   0.04112	[mu,kappa]: [(105.69970,302.27177),50.00000]
	6922.39741	   0.05234	[mu,kappa]: [(106.93097,301.43970),50.00000]
	6513.09288	   0.04925	[mu,kappa]: [(88.22903,316.01488),50.00000]
	2320.78209	   0.01755	[mu,kappa]: [(90.89215,285.28816),27.47745]
	5088.67743	   0.03848	[mu,kappa]: [(98.40950,308.13386),50.00000]
	2898.11120	   0.02191	[mu,kappa]: [(121.70767,301.07548),48.81053]
	4619.30058	   0.03493	[mu,kappa]: [(128.15570,305.77701),45.05572]
	1545.44955	   0.01169	[mu,kappa]: [(93.00092,311.91968),45.64777]
	1785.87215	   0.01351	[mu,kappa]: [(94.75559,292.36229),17.39975]
	3793.73256	   0.02869	[mu,kappa]: [(93.87606,311.87487),50.00000]
	1870.93101	   0.01415	[mu,kappa]: [(101.50531,305.03112),35.46620]
	4428.49583	   0.03349	[mu,kappa]: [(91.93440,38.51623),34.85854]
	1969.13223	   0.01489	[mu,kappa]: [(117.19490,300.15059),37.85569]
	5705.27036	   0.04314	[mu,kappa]: [(75.32978,325.44035),50.00000]
	1423.70286	   0.01077	[mu,kappa]: [(94.49949,296.19969),14.82678]
	5847.84859	   0.04422	[mu,kappa]: [(141.17926,316.08115),41.24654]
	1107.85116	   0.00838	[mu,kappa]: [(84.40006,307.76894),8.93437]
	1573.73861	   0.01190	[mu,kappa]: [(116.33001,300.12946),29.55808]
	2382.44024	   0.01802	[mu,kappa]: [(97.69559,308.69636),50.00000]
	1414.51984	   0.01070	[mu,kappa]: [(93.49327,293.89616),15.24216]
	5056.24794	   0.03823	[mu,kappa]: [(104.87983,302.85678),50.00000]
	3331.94513	   0.02519	[mu,kappa]: [(101.85871,305.29120),50.00000]
	1341.21187	   0.01014	[mu,kappa]: [(108.94661,296.57747),17.75261]
			msglen: 2692251.49938 bits.
Iteration #: 26
	1089.13054	   0.00824	[mu,kappa]: [(94.94512,302.00098),15.17033]
	2471.36760	   0.01869	[mu,kappa]: [(87.71664,316.27874),50.00000]
	3344.21226	   0.02529	[mu,kappa]: [(101.30989,305.72239),50.00000]
	1634.34762	   0.01236	[mu,kappa]: [(94.26626,311.23207),50.00000]
	2184.90365	   0.01652	[mu,kappa]: [(117.50049,299.94795),43.91628]
	4328.80837	   0.03273	[mu,kappa]: [(65.43173,43.43376),4.33450]
	4330.29718	   0.03274	[mu,kappa]: [(128.29682,306.12073),41.21189]
	1812.33396	   0.01371	[mu,kappa]: [(116.85555,300.23741),35.70374]
	1346.76872	   0.01019	[mu,kappa]: [(94.37777,294.91037),15.36406]
	8282.01814	   0.06262	[mu,kappa]: [(105.72000,302.23905),50.00000]
	3295.06864	   0.02492	[mu,kappa]: [(102.55868,304.72648),50.00000]
	3083.81448	   0.02332	[mu,kappa]: [(91.42050,313.68834),50.00000]
	1729.29210	   0.01308	[mu,kappa]: [(103.31151,301.66274),25.76825]
	4817.91194	   0.03643	[mu,kappa]: [(144.97413,351.12007),12.76076]
	1053.86573	   0.00797	[mu,kappa]: [(92.08067,301.90818),12.07565]
	6970.81576	   0.05271	[mu,kappa]: [(107.64722,301.00278),50.00000]
	1915.14783	   0.01448	[mu,kappa]: [(93.21633,312.15633),50.00000]
	5462.73822	   0.04130	[mu,kappa]: [(105.74020,302.23960),50.00000]
	6960.88222	   0.05263	[mu,kappa]: [(106.97784,301.41059),50.00000]
	6714.31127	   0.05077	[mu,kappa]: [(88.17068,316.01054),50.00000]
	2477.18990	   0.01873	[mu,kappa]: [(89.26878,283.83470),34.21877]
	5117.23013	   0.03869	[mu,kappa]: [(98.33803,308.19378),50.00000]
	2919.63034	   0.02208	[mu,kappa]: [(121.69812,301.01808),49.29506]
	4652.14207	   0.03518	[mu,kappa]: [(128.12078,305.88458),44.26698]
	1549.60695	   0.01172	[mu,kappa]: [(93.02884,312.12312),50.00000]
	1690.11900	   0.01278	[mu,kappa]: [(94.56538,291.67208),18.25792]
	3860.80331	   0.02919	[mu,kappa]: [(93.74150,311.96287),50.00000]
	1821.83654	   0.01378	[mu,kappa]: [(101.78867,305.16327),38.41950]
	4381.99429	   0.03313	[mu,kappa]: [(91.89255,38.50437),35.73421]
	1972.83845	   0.01492	[mu,kappa]: [(117.28728,300.18006),38.70600]
	5728.09488	   0.04331	[mu,kappa]: [(74.95570,325.69035),50.00000]
	1322.32228	   0.01000	[mu,kappa]: [(94.90543,295.52407),15.43577]
	5955.55586	   0.04503	[mu,kappa]: [(141.33320,316.21439),40.73204]
	 981.91859	   0.00743	[mu,kappa]: [(83.47117,307.37272),8.44578]
	1566.35946	   0.01185	[mu,kappa]: [(116.59017,300.27454),30.09420]
	2399.35989	   0.01814	[mu,kappa]: [(97.61632,308.77297),50.00000]
	1322.83435	   0.01000	[mu,kappa]: [(93.66867,293.19317),16.18264]
	5074.92809	   0.03837	[mu,kappa]: [(104.91410,302.82658),50.00000]
	3339.98757	   0.02526	[mu,kappa]: [(101.84645,305.28453),50.00000]
	1285.21182	   0.00972	[mu,kappa]: [(109.54879,296.95054),17.94274]
			msglen: 2691571.50994 bits.
Iteration #: 27
	 986.84894	   0.00746	[mu,kappa]: [(95.86910,301.54553),15.54105]
	2540.30127	   0.01921	[mu,kappa]: [(87.67611,316.27646),50.00000]
	3356.79255	   0.02538	[mu,kappa]: [(101.29007,305.71006),50.00000]
	1657.38703	   0.01253	[mu,kappa]: [(94.20013,311.36069),50.00000]
	2195.10238	   0.01660	[mu,kappa]: [(117.52490,299.88652),44.80360]
	4313.71339	   0.03262	[mu,kappa]: [(65.39955,43.78245),4.39550]
	4367.47162	   0.03302	[mu,kappa]: [(128.28135,306.24282),40.31241]
	1812.71141	   0.01371	[mu,kappa]: [(116.97586,300.26122),36.29371]
	1232.22268	   0.00932	[mu,kappa]: [(94.83440,294.64359),15.92439]
	8328.55186	   0.06297	[mu,kappa]: [(105.74464,302.19922),50.00000]
	3307.70131	   0.02501	[mu,kappa]: [(102.55206,304.69549),50.00000]
	3150.67082	   0.02382	[mu,kappa]: [(91.30386,313.74383),50.00000]
	1652.06898	   0.01249	[mu,kappa]: [(103.86735,301.92680),27.04370]
	4724.90560	   0.03573	[mu,kappa]: [(144.75129,352.16685),12.54719]
	 940.61881	   0.00712	[mu,kappa]: [(92.92283,301.29312),12.33927]
	7020.04832	   0.05308	[mu,kappa]: [(107.67372,300.96527),50.00000]
	1947.63384	   0.01473	[mu,kappa]: [(93.12831,312.26569),50.00000]
	5493.64098	   0.04154	[mu,kappa]: [(105.76396,302.19829),50.00000]
	7006.67670	   0.05298	[mu,kappa]: [(107.00455,301.37131),50.00000]
	6898.37588	   0.05216	[mu,kappa]: [(88.10756,316.00509),50.00000]
	2683.58729	   0.02029	[mu,kappa]: [(87.69138,282.48542),44.71293]
	5147.57458	   0.03892	[mu,kappa]: [(98.27648,308.22948),50.00000]
	2936.62282	   0.02221	[mu,kappa]: [(121.69719,300.94420),49.58866]
	4684.50165	   0.03542	[mu,kappa]: [(128.09949,305.99103),43.45397]
	1576.21216	   0.01192	[mu,kappa]: [(92.97077,312.27182),50.00000]
	1563.26437	   0.01182	[mu,kappa]: [(94.53377,291.33348),18.92176]
	3921.56059	   0.02965	[mu,kappa]: [(93.62013,312.02651),50.00000]
	1788.25882	   0.01352	[mu,kappa]: [(101.99012,305.25063),41.82172]
	4345.52939	   0.03286	[mu,kappa]: [(91.85605,38.49757),36.46402]
	1976.89162	   0.01495	[mu,kappa]: [(117.36343,300.16739),39.35921]
	5678.07851	   0.04293	[mu,kappa]: [(74.65162,325.89301),50.00000]
	1210.55401	   0.00916	[mu,kappa]: [(95.41077,295.26691),15.92092]
	6048.62563	   0.04573	[mu,kappa]: [(141.46908,316.34420),40.14649]
	 873.99788	   0.00661	[mu,kappa]: [(81.93088,307.40213),7.97778]
	1561.96478	   0.01181	[mu,kappa]: [(116.83437,300.36356),30.46955]
	2416.43424	   0.01827	[mu,kappa]: [(97.54717,308.82230),50.00000]
	1214.13517	   0.00918	[mu,kappa]: [(93.92493,292.87739),16.90316]
	5100.58852	   0.03857	[mu,kappa]: [(104.93428,302.78699),50.00000]
	3352.45194	   0.02535	[mu,kappa]: [(101.83320,305.26437),50.00000]
	1233.72164	   0.00933	[mu,kappa]: [(110.33348,297.33751),18.23629]
			msglen: 2690836.53286 bits.
Iteration #: 28
	 891.95429	   0.00675	[mu,kappa]: [(96.85698,301.41225),15.95913]
	2603.59631	   0.01969	[mu,kappa]: [(87.62818,316.26758),50.00000]
	3372.81938	   0.02550	[mu,kappa]: [(101.26514,305.68423),50.00000]
	1679.11087	   0.01270	[mu,kappa]: [(94.12909,311.44542),50.00000]
	2203.37469	   0.01666	[mu,kappa]: [(117.53698,299.79775),45.49982]
	4291.91606	   0.03245	[mu,kappa]: [(65.37008,44.12753),4.45581]
	4405.29865	   0.03331	[mu,kappa]: [(128.27606,306.36801),39.43118]
	1813.30255	   0.01371	[mu,kappa]: [(117.07812,300.24371),36.69165]
	1109.71711	   0.00839	[mu,kappa]: [(95.48039,294.76712),16.28619]
	8382.03655	   0.06338	[mu,kappa]: [(105.75062,302.14642),50.00000]
	3323.89929	   0.02513	[mu,kappa]: [(102.53667,304.65333),50.00000]
	3211.74849	   0.02429	[mu,kappa]: [(91.19503,313.78114),50.00000]
	1585.93368	   0.01199	[mu,kappa]: [(104.40941,302.20365),28.65901]
	4628.19406	   0.03499	[mu,kappa]: [(144.54217,353.24164),12.38337]
	 836.15966	   0.00633	[mu,kappa]: [(93.81074,301.03146),12.61324]
	7072.83388	   0.05348	[mu,kappa]: [(107.67843,300.91159),50.00000]
	1977.71414	   0.01496	[mu,kappa]: [(93.03965,312.33753),50.00000]
	5529.10432	   0.04181	[mu,kappa]: [(105.76915,302.14422),50.00000]
	7056.88159	   0.05336	[mu,kappa]: [(107.01036,301.31720),50.00000]
	7067.04247	   0.05343	[mu,kappa]: [(88.04323,315.99745),50.00000]
	2930.20436	   0.02216	[mu,kappa]: [(86.35442,281.40233),50.00000]
	5180.41872	   0.03917	[mu,kappa]: [(98.21869,308.24472),50.00000]
	2948.77604	   0.02230	[mu,kappa]: [(121.70527,300.86435),49.74058]
	4716.95347	   0.03567	[mu,kappa]: [(128.08979,306.10273),42.66747]
	1600.96470	   0.01211	[mu,kappa]: [(92.90090,312.36893),50.00000]
	1409.80703	   0.01066	[mu,kappa]: [(94.78418,291.35760),19.27369]
	3977.90130	   0.03008	[mu,kappa]: [(93.51088,312.06845),50.00000]
	1769.93902	   0.01339	[mu,kappa]: [(102.09815,305.27540),45.60517]
	4316.94879	   0.03264	[mu,kappa]: [(91.82333,38.49433),37.07004]
	1980.19338	   0.01497	[mu,kappa]: [(117.42470,300.12011),39.81781]
	5589.03053	   0.04226	[mu,kappa]: [(74.38613,326.07338),50.00000]
	1092.51777	   0.00826	[mu,kappa]: [(96.10934,295.39514),16.25378]
	6130.47059	   0.04635	[mu,kappa]: [(141.58995,316.47383),39.52845]
	 786.14411	   0.00595	[mu,kappa]: [(79.51549,307.91790),7.55590]
	1559.56478	   0.01179	[mu,kappa]: [(117.05944,300.39788),30.66699]
	2434.18311	   0.01841	[mu,kappa]: [(97.48281,308.84868),50.00000]
	1091.48344	   0.00826	[mu,kappa]: [(94.38206,292.94906),17.31847]
	5131.04178	   0.03880	[mu,kappa]: [(104.93778,302.73536),50.00000]
	3368.47543	   0.02547	[mu,kappa]: [(101.81315,305.23171),50.00000]
	1190.34360	   0.00900	[mu,kappa]: [(111.23330,297.66386),18.60739]
			msglen: 2690258.52214 bits.
Iteration #: 29
	 810.21274	   0.00613	[mu,kappa]: [(97.86599,301.39674),16.43105]
	2660.26626	   0.02012	[mu,kappa]: [(87.57197,316.26503),50.00000]
	3387.81620	   0.02562	[mu,kappa]: [(101.23735,305.64744),50.00000]
	1697.53756	   0.01284	[mu,kappa]: [(94.05958,311.50263),50.00000]
	2208.30509	   0.01670	[mu,kappa]: [(117.54364,299.70213),46.05274]
	4261.18830	   0.03222	[mu,kappa]: [(65.38008,44.52143),4.52200]
	4444.30637	   0.03360	[mu,kappa]: [(128.27643,306.50377),38.60642]
	1812.56670	   0.01371	[mu,kappa]: [(117.16857,300.20695),36.92189]
	 998.07043	   0.00755	[mu,kappa]: [(96.27056,295.04690),16.57512]
	8432.18225	   0.06375	[mu,kappa]: [(105.74163,302.08294),50.00000]
	3339.31271	   0.02525	[mu,kappa]: [(102.51499,304.60174),50.00000]
	3264.34602	   0.02468	[mu,kappa]: [(91.09383,313.81190),50.00000]
	1533.27834	   0.01160	[mu,kappa]: [(104.87006,302.41554),30.42515]
	4528.53264	   0.03424	[mu,kappa]: [(144.34015,354.34593),12.26277]
	 745.69174	   0.00564	[mu,kappa]: [(94.74284,300.90975),12.92139]
	7120.92477	   0.05384	[mu,kappa]: [(107.66595,300.84616),50.00000]
	2003.28954	   0.01515	[mu,kappa]: [(92.95514,312.38782),50.00000]
	5562.34997	   0.04206	[mu,kappa]: [(105.75950,302.07969),50.00000]
	7103.11820	   0.05371	[mu,kappa]: [(106.99957,301.25180),50.00000]
	7217.21998	   0.05457	[mu,kappa]: [(87.97499,315.99765),50.00000]
	3172.73076	   0.02399	[mu,kappa]: [(85.51988,280.91170),50.00000]
	5208.99499	   0.03939	[mu,kappa]: [(98.16663,308.24517),50.00000]
	2956.16551	   0.02235	[mu,kappa]: [(121.72371,300.79419),49.82353]
	4750.38489	   0.03592	[mu,kappa]: [(128.08696,306.22670),41.94745]
	1622.07416	   0.01227	[mu,kappa]: [(92.82810,312.43561),50.00000]
	1262.52086	   0.00955	[mu,kappa]: [(95.25882,291.55084),19.49159]
	4025.60350	   0.03044	[mu,kappa]: [(93.41417,312.09857),50.00000]
	1764.40297	   0.01334	[mu,kappa]: [(102.11906,305.23793),49.62560]
	4294.34187	   0.03247	[mu,kappa]: [(91.79374,38.49289),37.57462]
	1981.27344	   0.01498	[mu,kappa]: [(117.47771,300.05979),40.11771]
	5483.20254	   0.04146	[mu,kappa]: [(74.14942,326.24182),50.00000]
	 985.70738	   0.00746	[mu,kappa]: [(96.94450,295.67012),16.54319]
	6203.44434	   0.04690	[mu,kappa]: [(141.69944,316.60539),38.89704]
	 721.47014	   0.00546	[mu,kappa]: [(76.14046,308.88918),7.25141]
	1557.65959	   0.01178	[mu,kappa]: [(117.26826,300.39876),30.68999]
	2449.46976	   0.01852	[mu,kappa]: [(97.42536,308.85889),50.00000]
	 976.72387	   0.00739	[mu,kappa]: [(95.01101,293.19578),17.59294]
	5159.86453	   0.03901	[mu,kappa]: [(104.92793,302.67349),50.00000]
	3383.60742	   0.02559	[mu,kappa]: [(101.78864,305.18867),50.00000]
	1157.84163	   0.00876	[mu,kappa]: [(112.12137,297.86288),18.93780]
			msglen: 2689924.57082 bits.
Iteration #: 30
	 742.63616	   0.00562	[mu,kappa]: [(98.84506,301.37179),16.91805]
	2710.93480	   0.02050	[mu,kappa]: [(87.50970,316.27554),50.00000]
	3399.20213	   0.02570	[mu,kappa]: [(101.21393,305.61442),50.00000]
	1712.34397	   0.01295	[mu,kappa]: [(93.99811,311.54955),50.00000]
	2210.19359	   0.01671	[mu,kappa]: [(117.55150,299.61611),46.53153]
	4220.56574	   0.03191	[mu,kappa]: [(65.44814,44.99599),4.59990]
	4485.75202	   0.03392	[mu,kappa]: [(128.27657,306.65234),37.85611]
	1810.22758	   0.01369	[mu,kappa]: [(117.25582,300.17213),37.04128]
	 905.26725	   0.00685	[mu,kappa]: [(97.10505,295.29213),16.83780]
	8471.41939	   0.06405	[mu,kappa]: [(105.72872,302.02421),50.00000]
	3351.16936	   0.02534	[mu,kappa]: [(102.49524,304.55536),50.00000]
	3308.63651	   0.02502	[mu,kappa]: [(91.00221,313.84609),50.00000]
	1491.27887	   0.01128	[mu,kappa]: [(105.24025,302.56276),32.21497]
	4427.35254	   0.03348	[mu,kappa]: [(144.13809,355.47705),12.17762]
	 670.45490	   0.00507	[mu,kappa]: [(95.69564,300.77253),13.26737]
	7158.38231	   0.05412	[mu,kappa]: [(107.64839,300.78501),50.00000]
	2024.18272	   0.01531	[mu,kappa]: [(92.87988,312.43180),50.00000]
	5588.39917	   0.04225	[mu,kappa]: [(105.74602,302.02009),50.00000]
	7139.25171	   0.05398	[mu,kappa]: [(106.98395,301.19089),50.00000]
	7350.48562	   0.05558	[mu,kappa]: [(87.90396,316.01133),50.00000]
	3397.06965	   0.02569	[mu,kappa]: [(85.10189,280.83672),50.00000]
	5230.61364	   0.03955	[mu,kappa]: [(98.12535,308.24537),50.00000]
	2960.60652	   0.02239	[mu,kappa]: [(121.75156,300.74304),49.90259]
	4786.40381	   0.03619	[mu,kappa]: [(128.08504,306.36450),41.31190]
	1639.36886	   0.01240	[mu,kappa]: [(92.76004,312.49036),50.00000]
	1138.40413	   0.00861	[mu,kappa]: [(95.82583,291.72250),19.66395]
	4064.23331	   0.03073	[mu,kappa]: [(93.33237,312.12859),50.00000]
	1769.22816	   0.01338	[mu,kappa]: [(102.07679,305.16732),50.00000]
	4275.97838	   0.03233	[mu,kappa]: [(91.76782,38.49130),37.99949]
	1980.11358	   0.01497	[mu,kappa]: [(117.53000,300.00549),40.32125]
	5371.43686	   0.04061	[mu,kappa]: [(73.93838,326.40113),50.00000]
	 897.10312	   0.00679	[mu,kappa]: [(97.81452,295.90728),16.81744]
	6269.62650	   0.04740	[mu,kappa]: [(141.80190,316.73850),38.25950]
	 680.16278	   0.00515	[mu,kappa]: [(71.95426,310.35224),7.13939]
	1555.62708	   0.01176	[mu,kappa]: [(117.47029,300.39051),30.58274]
	2461.18708	   0.01861	[mu,kappa]: [(97.37960,308.86751),50.00000]
	 880.57970	   0.00666	[mu,kappa]: [(95.70879,293.41991),17.81349]
	5182.40875	   0.03918	[mu,kappa]: [(104.91518,302.61657),50.00000]
	3395.15703	   0.02567	[mu,kappa]: [(101.76735,305.15000),50.00000]
	1134.55475	   0.00858	[mu,kappa]: [(112.95319,297.94402),19.14969]
			msglen: 2689676.52749 bits.
			N: 132248
		20.33813 bpr
Null model msglen: 3118813.14029 bits.	(23.58306 bpr)
