Iteration #: 0
	33141.00000	   0.02518	[mu,kappa]: [(54.70734,3.40724),1.03512]
	32659.00000	   0.02481	[mu,kappa]: [(55.67970,3.57873),1.02551]
	32797.00000	   0.02491	[mu,kappa]: [(55.51963,4.55946),1.02141]
	32818.00000	   0.02493	[mu,kappa]: [(55.29180,5.46474),1.02581]
	33059.00000	   0.02511	[mu,kappa]: [(54.83222,4.69818),1.02986]
	33091.00000	   0.02514	[mu,kappa]: [(55.11705,3.90446),1.03264]
	32508.00000	   0.02470	[mu,kappa]: [(54.52668,4.85735),1.03331]
	32877.00000	   0.02498	[mu,kappa]: [(55.31670,4.78023),1.02434]
	33056.00000	   0.02511	[mu,kappa]: [(55.07188,4.98430),1.03099]
	33005.00000	   0.02507	[mu,kappa]: [(56.77677,4.19248),1.01404]
	33055.00000	   0.02511	[mu,kappa]: [(55.13726,5.02160),1.02497]
	33263.00000	   0.02527	[mu,kappa]: [(55.07434,4.19435),1.02891]
	33108.00000	   0.02515	[mu,kappa]: [(55.92925,4.53430),1.01881]
	32832.00000	   0.02494	[mu,kappa]: [(56.53691,3.93658),1.01930]
	32887.00000	   0.02498	[mu,kappa]: [(55.68808,4.03931),1.01532]
	33117.00000	   0.02516	[mu,kappa]: [(55.35969,5.28025),1.01397]
	33017.00000	   0.02508	[mu,kappa]: [(54.11384,6.59646),1.04235]
	32854.00000	   0.02496	[mu,kappa]: [(55.13759,4.96423),1.03047]
	32897.00000	   0.02499	[mu,kappa]: [(54.95887,4.86022),1.03431]
	32845.00000	   0.02495	[mu,kappa]: [(54.29303,5.47164),1.03318]
	32677.00000	   0.02482	[mu,kappa]: [(55.90481,3.30842),1.02196]
	32650.00000	   0.02480	[mu,kappa]: [(55.62162,4.07972),1.02430]
	32991.00000	   0.02506	[mu,kappa]: [(55.02374,4.88851),1.02806]
	33050.00000	   0.02511	[mu,kappa]: [(55.28620,5.20417),1.02658]
	32791.00000	   0.02491	[mu,kappa]: [(55.69503,4.20946),1.02763]
	33072.00000	   0.02512	[mu,kappa]: [(54.32769,5.43243),1.03489]
	32723.00000	   0.02486	[mu,kappa]: [(54.60835,5.52796),1.03080]
	32511.00000	   0.02470	[mu,kappa]: [(54.40206,5.99643),1.04435]
	32752.00000	   0.02488	[mu,kappa]: [(55.73186,3.94710),1.02905]
	32900.00000	   0.02499	[mu,kappa]: [(55.00895,4.70787),1.03287]
	32795.00000	   0.02491	[mu,kappa]: [(54.66263,4.82255),1.03386]
	33060.00000	   0.02511	[mu,kappa]: [(54.54426,4.96346),1.04482]
	32772.00000	   0.02490	[mu,kappa]: [(54.99727,4.24190),1.02676]
	32760.00000	   0.02489	[mu,kappa]: [(55.09960,5.23837),1.02785]
	33293.00000	   0.02529	[mu,kappa]: [(55.15641,4.61418),1.02622]
	32842.00000	   0.02495	[mu,kappa]: [(54.84384,5.61302),1.03410]
	33125.00000	   0.02516	[mu,kappa]: [(55.98313,3.41091),1.01418]
	32805.00000	   0.02492	[mu,kappa]: [(55.19700,4.84828),1.02730]
	32902.00000	   0.02499	[mu,kappa]: [(55.26584,4.23927),1.03654]
	33016.00000	   0.02508	[mu,kappa]: [(54.70739,6.25564),1.04126]
			msglen: 9538467.00000 bits.
Iteration #: 1
	33139.11223	   0.02517	[mu,kappa]: [(55.27686,3.50432),1.03003]
	32659.81293	   0.02481	[mu,kappa]: [(56.52303,2.67886),1.01702]
	32796.13796	   0.02491	[mu,kappa]: [(55.84592,4.05266),1.02087]
	32816.80958	   0.02493	[mu,kappa]: [(54.93419,5.56113),1.02985]
	33057.88148	   0.02511	[mu,kappa]: [(54.78184,5.01973),1.03253]
	33089.84987	   0.02514	[mu,kappa]: [(55.49528,3.75373),1.02717]
	32507.36869	   0.02469	[mu,kappa]: [(54.26839,5.57832),1.03829]
	32875.83460	   0.02497	[mu,kappa]: [(55.40906,4.58688),1.02534]
	33054.96678	   0.02511	[mu,kappa]: [(54.84105,5.21536),1.03217]
	33007.96057	   0.02507	[mu,kappa]: [(57.70236,2.31632),1.00445]
	33053.80261	   0.02511	[mu,kappa]: [(55.05232,5.08292),1.02866]
	33261.83302	   0.02527	[mu,kappa]: [(55.37267,4.10786),1.02712]
	33107.73026	   0.02515	[mu,kappa]: [(56.38881,3.60660),1.01564]
	32834.75857	   0.02494	[mu,kappa]: [(57.44699,2.28228),1.00794]
	32887.33846	   0.02498	[mu,kappa]: [(56.52146,3.09191),1.01407]
	33115.12109	   0.02516	[mu,kappa]: [(55.44017,5.00413),1.02224]
	33023.48359	   0.02509	[mu,kappa]: [(52.63183,8.50620),1.05839]
	32852.91540	   0.02496	[mu,kappa]: [(54.93808,5.11906),1.03114]
	32896.00800	   0.02499	[mu,kappa]: [(54.70302,5.21700),1.03436]
	32845.95604	   0.02495	[mu,kappa]: [(53.67555,6.61260),1.04422]
	32679.47575	   0.02483	[mu,kappa]: [(57.04866,2.05385),1.01229]
	32649.86091	   0.02480	[mu,kappa]: [(56.17663,3.37693),1.01912]
	32989.89767	   0.02506	[mu,kappa]: [(54.92469,5.06847),1.03068]
	33048.79054	   0.02511	[mu,kappa]: [(55.06164,5.23049),1.02892]
	32790.59370	   0.02491	[mu,kappa]: [(56.08814,3.54981),1.02061]
	33072.94391	   0.02512	[mu,kappa]: [(53.68790,6.56612),1.04452]
	32723.23166	   0.02486	[mu,kappa]: [(54.03697,6.35699),1.03990]
	32514.03549	   0.02470	[mu,kappa]: [(53.19829,7.47580),1.05228]
	32751.96360	   0.02488	[mu,kappa]: [(56.25492,3.19173),1.01978]
	32898.87754	   0.02499	[mu,kappa]: [(54.88621,4.93685),1.03232]
	32794.21376	   0.02491	[mu,kappa]: [(54.41877,5.42150),1.03698]
	33059.78419	   0.02511	[mu,kappa]: [(53.91842,5.94803),1.04471]
	32770.78354	   0.02489	[mu,kappa]: [(55.31743,4.19771),1.02704]
	32759.01153	   0.02489	[mu,kappa]: [(54.80586,5.46817),1.03164]
	33291.82323	   0.02529	[mu,kappa]: [(55.28248,4.54422),1.02704]
	32842.09269	   0.02495	[mu,kappa]: [(54.14722,6.33525),1.03963]
	33128.06699	   0.02517	[mu,kappa]: [(57.28542,1.97920),1.00844]
	32803.84525	   0.02492	[mu,kappa]: [(55.15728,4.84484),1.02835]
	32900.66480	   0.02499	[mu,kappa]: [(55.35152,4.14700),1.02922]
	33018.36154	   0.02508	[mu,kappa]: [(53.45024,7.48998),1.04883]
			msglen: 10617482.93546 bits.
Iteration #: 2
	33133.73420	   0.02517	[mu,kappa]: [(55.99217,3.02228),1.02262]
	32663.20522	   0.02481	[mu,kappa]: [(58.31733,0.58576),1.00279]
	32791.75783	   0.02491	[mu,kappa]: [(56.54043,3.07453),1.01536]
	32811.49992	   0.02493	[mu,kappa]: [(54.38808,6.09091),1.03621]
	33052.23219	   0.02511	[mu,kappa]: [(54.46807,5.55130),1.03618]
	33084.84319	   0.02513	[mu,kappa]: [(56.16046,3.10622),1.02030]
	32504.25836	   0.02469	[mu,kappa]: [(53.45470,6.88875),1.04792]
	32869.90359	   0.02497	[mu,kappa]: [(55.60118,4.26366),1.02404]
	33049.46619	   0.02511	[mu,kappa]: [(54.42702,5.75540),1.03646]
	33023.77292	   0.02509	[mu,kappa]: [(60.32972,358.87715),0.98779]
	33047.83970	   0.02511	[mu,kappa]: [(54.82559,5.31525),1.03176]
	33256.14906	   0.02526	[mu,kappa]: [(55.80514,3.68870),1.02302]
	33106.67078	   0.02515	[mu,kappa]: [(57.58927,1.90534),1.00639]
	32848.13319	   0.02495	[mu,kappa]: [(59.94547,359.10896),0.99092]
	32889.18676	   0.02498	[mu,kappa]: [(58.12300,1.08054),1.00281]
	33108.86222	   0.02515	[mu,kappa]: [(55.46744,4.73361),1.02425]
	33053.46881	   0.02511	[mu,kappa]: [(49.87319,12.81299),1.10117]
	32847.19545	   0.02495	[mu,kappa]: [(54.61487,5.51717),1.03439]
	32890.83628	   0.02499	[mu,kappa]: [(54.22060,5.92678),1.03905]
	32850.15639	   0.02496	[mu,kappa]: [(52.14021,8.95713),1.06472]
	32690.55856	   0.02483	[mu,kappa]: [(59.49815,359.22794),0.99506]
	32648.52506	   0.02480	[mu,kappa]: [(57.39691,1.85067),1.00894]
	32984.10710	   0.02506	[mu,kappa]: [(54.64252,5.45114),1.03402]
	33042.91295	   0.02510	[mu,kappa]: [(54.74177,5.51153),1.03259]
	32788.23102	   0.02491	[mu,kappa]: [(57.14304,2.18541),1.01104]
	33076.91635	   0.02513	[mu,kappa]: [(52.16859,8.89014),1.06443]
	32723.79991	   0.02486	[mu,kappa]: [(52.74892,8.18858),1.05634]
	32528.24561	   0.02471	[mu,kappa]: [(51.03400,10.75239),1.08164]
	32751.53289	   0.02488	[mu,kappa]: [(57.59013,1.54754),1.00791]
	32893.06666	   0.02499	[mu,kappa]: [(54.63421,5.34194),1.03455]
	32790.17221	   0.02491	[mu,kappa]: [(53.73431,6.51334),1.04464]
	33059.78485	   0.02511	[mu,kappa]: [(52.72296,7.84710),1.05769]
	32765.04460	   0.02489	[mu,kappa]: [(55.69092,3.85668),1.02392]
	32753.92767	   0.02488	[mu,kappa]: [(54.25774,6.11715),1.03796]
	33285.74568	   0.02529	[mu,kappa]: [(55.44173,4.35265),1.02591]
	32842.05334	   0.02495	[mu,kappa]: [(52.87887,8.05526),1.05479]
	33142.36919	   0.02518	[mu,kappa]: [(59.94264,358.86395),0.99161]
	32797.79918	   0.02492	[mu,kappa]: [(55.08889,4.89474),1.02930]
	32894.90580	   0.02499	[mu,kappa]: [(55.70079,3.80090),1.02442]
	33030.12915	   0.02509	[mu,kappa]: [(51.35442,10.46495),1.07655]
			msglen: 10616183.40791 bits.
Iteration #: 3
	33109.81485	   0.02515	[mu,kappa]: [(57.32129,1.59800),1.01107]
	32678.85578	   0.02482	[mu,kappa]: [(62.37306,356.09747),0.98118]
	32771.23080	   0.02490	[mu,kappa]: [(58.12586,1.05524),1.00340]
	32786.80575	   0.02491	[mu,kappa]: [(53.35434,7.42083),1.04884]
	33025.67329	   0.02509	[mu,kappa]: [(53.73917,6.61723),1.04466]
	33061.65478	   0.02512	[mu,kappa]: [(57.52574,1.51885),1.00888]
	32489.61601	   0.02468	[mu,kappa]: [(51.69124,9.60506),1.07166]
	32842.07796	   0.02495	[mu,kappa]: [(56.05258,3.62503),1.02029]
	33023.55293	   0.02509	[mu,kappa]: [(53.57444,6.93648),1.04648]
	33097.75793	   0.02514	[mu,kappa]: [(66.67038,352.12229),0.96819]
	33019.85852	   0.02508	[mu,kappa]: [(54.36910,5.88498),1.03717]
	33229.57172	   0.02524	[mu,kappa]: [(56.66966,2.65671),1.01546]
	33101.86996	   0.02515	[mu,kappa]: [(60.42622,358.46586),0.98878]
	32910.24664	   0.02500	[mu,kappa]: [(65.90194,352.75100),0.97011]
	32897.68019	   0.02499	[mu,kappa]: [(61.77038,356.89371),0.98275]
	33080.17136	   0.02513	[mu,kappa]: [(55.61120,4.37745),1.02387]
	33195.11623	   0.02522	[mu,kappa]: [(45.15876,22.14790),1.21838]
	32820.25914	   0.02493	[mu,kappa]: [(53.96013,6.40157),1.04193]
	32866.46845	   0.02497	[mu,kappa]: [(53.19776,7.40998),1.05122]
	32869.76756	   0.02497	[mu,kappa]: [(49.09272,14.00858),1.11607]
	32741.84258	   0.02487	[mu,kappa]: [(65.11180,353.31127),0.97299]
	32642.10008	   0.02480	[mu,kappa]: [(60.15808,358.60095),0.99101]
	32956.84751	   0.02504	[mu,kappa]: [(54.03676,6.27962),1.04106]
	33015.41582	   0.02508	[mu,kappa]: [(54.14515,6.24245),1.03960]
	32777.03128	   0.02490	[mu,kappa]: [(59.56080,359.28971),0.99441]
	33095.47043	   0.02514	[mu,kappa]: [(49.15311,13.88488),1.11488]
	32726.31805	   0.02486	[mu,kappa]: [(50.18159,12.21023),1.09581]
	32595.05769	   0.02476	[mu,kappa]: [(47.08351,17.86145),1.16150]
	32749.35522	   0.02488	[mu,kappa]: [(60.63581,358.02557),0.98873]
	32865.73346	   0.02497	[mu,kappa]: [(54.07633,6.15055),1.04079]
	32771.15687	   0.02490	[mu,kappa]: [(52.24497,8.76783),1.06378]
	33059.98136	   0.02511	[mu,kappa]: [(50.28286,11.80097),1.09416]
	32738.16419	   0.02487	[mu,kappa]: [(56.40992,2.99900),1.01762]
	32730.03155	   0.02486	[mu,kappa]: [(53.15991,7.61134),1.05142]
	33257.19554	   0.02526	[mu,kappa]: [(55.76973,3.92212),1.02312]
	32841.74851	   0.02495	[mu,kappa]: [(50.40119,11.87494),1.09205]
	33208.54992	   0.02523	[mu,kappa]: [(66.06456,352.46178),0.97066]
	32769.36871	   0.02489	[mu,kappa]: [(54.96442,5.03227),1.03094]
	32868.01905	   0.02497	[mu,kappa]: [(56.44248,2.92520),1.01753]
	33085.56232	   0.02513	[mu,kappa]: [(47.55639,17.05748),1.15006]
			msglen: 10610117.58028 bits.
Iteration #: 4
	32998.97271	   0.02507	[mu,kappa]: [(60.19941,358.33916),0.99306]
	32749.90972	   0.02488	[mu,kappa]: [(71.73534,347.18589),0.97298]
	32675.73924	   0.02482	[mu,kappa]: [(61.79024,356.83866),0.98411]
	32671.58352	   0.02482	[mu,kappa]: [(51.33221,10.38252),1.07826]
	32901.70793	   0.02499	[mu,kappa]: [(52.22277,8.84894),1.06537]
	32953.88136	   0.02503	[mu,kappa]: [(60.56587,358.02724),0.99066]
	32421.09411	   0.02463	[mu,kappa]: [(48.30676,15.39646),1.13384]
	32712.55118	   0.02485	[mu,kappa]: [(57.08947,2.26106),1.01281]
	32902.56217	   0.02499	[mu,kappa]: [(51.84888,9.47191),1.07062]
	33435.26135	   0.02540	[mu,kappa]: [(80.83637,339.88552),1.00891]
	32889.38000	   0.02498	[mu,kappa]: [(53.45026,7.12689),1.04925]
	33105.94316	   0.02515	[mu,kappa]: [(58.57283,0.35616),1.00224]
	33079.11733	   0.02513	[mu,kappa]: [(67.08923,351.54059),0.97020]
	33193.51825	   0.02522	[mu,kappa]: [(79.31735,341.02524),1.00005]
	32935.93467	   0.02502	[mu,kappa]: [(70.26139,348.57041),0.97040]
	32946.79775	   0.02503	[mu,kappa]: [(56.02232,3.72050),1.02167]
	33872.05503	   0.02573	[mu,kappa]: [(39.63291,40.16178),1.57081]
	32694.54856	   0.02484	[mu,kappa]: [(52.62802,8.29706),1.05978]
	32752.62865	   0.02488	[mu,kappa]: [(51.12788,10.56346),1.08154]
	32962.43638	   0.02504	[mu,kappa]: [(44.06986,24.69987),1.25948]
	32975.68557	   0.02505	[mu,kappa]: [(77.77899,342.14201),0.99300]
	32611.72617	   0.02477	[mu,kappa]: [(66.57077,351.94258),0.97143]
	32829.64811	   0.02494	[mu,kappa]: [(52.79326,8.04360),1.05761]
	32887.19102	   0.02498	[mu,kappa]: [(52.96133,7.86418),1.05533]
	32724.64378	   0.02486	[mu,kappa]: [(65.17251,353.30795),0.97371]
	33183.15429	   0.02521	[mu,kappa]: [(44.16028,24.45609),1.25581]
	32738.31734	   0.02487	[mu,kappa]: [(45.68975,20.85821),1.20237]
	32912.18437	   0.02500	[mu,kappa]: [(41.49851,32.39039),1.39471]
	32738.54094	   0.02487	[mu,kappa]: [(67.70680,350.84357),0.97057]
	32738.19802	   0.02487	[mu,kappa]: [(52.90975,7.82730),1.05618]
	32682.22751	   0.02483	[mu,kappa]: [(49.31801,13.56773),1.11308]
	33061.15574	   0.02512	[mu,kappa]: [(45.92305,20.18166),1.19471]
	32613.07030	   0.02477	[mu,kappa]: [(57.98134,1.07086),1.00633]
	32618.41296	   0.02478	[mu,kappa]: [(50.98889,10.87614),1.08369]
	33124.26105	   0.02516	[mu,kappa]: [(56.50280,2.95827),1.01786]
	32840.48371	   0.02495	[mu,kappa]: [(46.03095,20.12090),1.19207]
	33510.24478	   0.02546	[mu,kappa]: [(79.73487,340.62499),1.00339]
	32636.85719	   0.02479	[mu,kappa]: [(54.73010,5.31371),1.03477]
	32742.92724	   0.02487	[mu,kappa]: [(58.07041,0.94346),1.00579]
	33348.44686	   0.02533	[mu,kappa]: [(42.02025,30.73461),1.36180]
			msglen: 10582012.46905 bits.
Iteration #: 5
	32494.38811	   0.02468	[mu,kappa]: [(66.80898,351.51781),0.97819]
	33055.19831	   0.02511	[mu,kappa]: [(90.16590,332.49723),1.11397]
	32240.60863	   0.02449	[mu,kappa]: [(70.29976,348.44185),0.97686]
	32141.99930	   0.02442	[mu,kappa]: [(47.71087,16.58084),1.15420]
	32332.89365	   0.02456	[mu,kappa]: [(49.37661,13.40795),1.11846]
	32463.14744	   0.02466	[mu,kappa]: [(67.59196,350.83275),0.97714]
	32103.63804	   0.02439	[mu,kappa]: [(43.10404,27.19096),1.30894]
	32122.07536	   0.02440	[mu,kappa]: [(59.51938,359.24795),1.00204]
	32347.00318	   0.02457	[mu,kappa]: [(48.66883,14.70863),1.13272]
	34905.85727	   0.02652	[mu,kappa]: [(102.41195,323.15954),1.38469]
	32291.93938	   0.02453	[mu,kappa]: [(51.70869,9.61337),1.07901]
	32542.90319	   0.02472	[mu,kappa]: [(62.96832,355.41857),0.98621]
	32969.40458	   0.02505	[mu,kappa]: [(81.65178,339.07931),1.02280]
	34427.97243	   0.02615	[mu,kappa]: [(100.70787,324.48109),1.33194]
	33096.53154	   0.02514	[mu,kappa]: [(87.61905,334.47073),1.08012]
	32338.26567	   0.02457	[mu,kappa]: [(57.07937,2.22626),1.01894]
	37158.41486	   0.02823	[mu,kappa]: [(37.52845,63.49759),2.75478]
	32118.13108	   0.02440	[mu,kappa]: [(50.11730,12.16887),1.10479]
	32229.13743	   0.02448	[mu,kappa]: [(47.40693,17.08581),1.16138]
	33396.27616	   0.02537	[mu,kappa]: [(38.89370,44.05103),1.69283]
	33994.51234	   0.02582	[mu,kappa]: [(98.87831,325.85370),1.28303]
	32468.12826	   0.02466	[mu,kappa]: [(80.66516,339.80202),1.01642]
	32246.57839	   0.02450	[mu,kappa]: [(50.43772,11.62820),1.09922]
	32299.61419	   0.02454	[mu,kappa]: [(50.73364,11.18325),1.09424]
	32482.87904	   0.02468	[mu,kappa]: [(77.77244,342.10476),0.99923]
	33593.44624	   0.02552	[mu,kappa]: [(38.95438,43.66527),1.68115]
	32793.46909	   0.02491	[mu,kappa]: [(40.16218,37.52128),1.51592]
	34421.53703	   0.02615	[mu,kappa]: [(37.71132,54.95973),2.13230]
	32681.85599	   0.02483	[mu,kappa]: [(82.92829,338.02639),1.03368]
	32153.69870	   0.02443	[mu,kappa]: [(50.68197,11.19849),1.09512]
	32271.51327	   0.02452	[mu,kappa]: [(44.51702,23.44811),1.24895]
	33065.84325	   0.02512	[mu,kappa]: [(40.39519,36.39662),1.49071]
	32043.15127	   0.02434	[mu,kappa]: [(61.60558,356.86879),0.99152]
	32104.98882	   0.02439	[mu,kappa]: [(47.13795,17.68150),1.16824]
	32517.93784	   0.02470	[mu,kappa]: [(58.22514,0.74188),1.01057]
	32833.85611	   0.02494	[mu,kappa]: [(40.47992,36.18165),1.48463]
	34824.87843	   0.02646	[mu,kappa]: [(101.21097,324.04865),1.34826]
	32031.21086	   0.02433	[mu,kappa]: [(54.35231,5.72845),1.04514]
	32173.05661	   0.02444	[mu,kappa]: [(61.82116,356.62481),0.99066]
	34595.05866	   0.02628	[mu,kappa]: [(37.87050,52.80157),2.02369]
			msglen: 10456380.91401 bits.
Iteration #: 6
	30407.20355	   0.02310	[mu,kappa]: [(81.00997,339.13575),1.05093]
	34168.11770	   0.02596	[mu,kappa]: [(109.96976,316.48823),1.81587]
	30438.97780	   0.02312	[mu,kappa]: [(87.22416,334.44053),1.10961]
	29867.23768	   0.02269	[mu,kappa]: [(42.92700,27.37474),1.35177]
	29909.23097	   0.02272	[mu,kappa]: [(45.31747,21.14749),1.25263]
	30433.32762	   0.02312	[mu,kappa]: [(82.46023,338.03826),1.06196]
	30671.28952	   0.02330	[mu,kappa]: [(38.54672,45.82321),1.80593]
	29666.69428	   0.02254	[mu,kappa]: [(65.61444,352.44102),1.00721]
	29972.35657	   0.02277	[mu,kappa]: [(44.25477,23.73658),1.29162]
	40482.10113	   0.03075	[mu,kappa]: [(117.52158,309.47402),2.70743]
	29767.39275	   0.02261	[mu,kappa]: [(49.22828,13.32032),1.15133]
	30209.94240	   0.02295	[mu,kappa]: [(73.18369,345.53614),1.01133]
	32464.78192	   0.02466	[mu,kappa]: [(102.43026,322.80208),1.43581]
	39104.35506	   0.02971	[mu,kappa]: [(116.62966,310.34663),2.54413]
	33648.24278	   0.02556	[mu,kappa]: [(107.96580,318.23917),1.68683]
	29798.55300	   0.02264	[mu,kappa]: [(60.17647,358.16138),1.02629]
	53309.96972	   0.04050	[mu,kappa]: [(38.82937,78.77620),9.06133]
	29669.21696	   0.02254	[mu,kappa]: [(46.48244,18.60128),1.21675]
	29976.84871	   0.02277	[mu,kappa]: [(42.55526,28.40907),1.37094]
	35188.85858	   0.02673	[mu,kappa]: [(37.56305,65.63548),3.11150]
	37847.81073	   0.02875	[mu,kappa]: [(115.62421,311.29811),2.38901]
	31831.01792	   0.02418	[mu,kappa]: [(101.39113,323.60055),1.40131]
	29772.33940	   0.02262	[mu,kappa]: [(47.01398,17.49702),1.20219]
	29808.81788	   0.02264	[mu,kappa]: [(47.50078,16.55100),1.18980]
	31457.28185	   0.02390	[mu,kappa]: [(98.04802,326.21006),1.30437]
	35279.78345	   0.02680	[mu,kappa]: [(37.55019,65.29005),3.06693]
	32924.06800	   0.02501	[mu,kappa]: [(37.50950,59.15716),2.47377]
	41268.11670	   0.03135	[mu,kappa]: [(38.18068,73.92761),5.09741]
	32386.10079	   0.02460	[mu,kappa]: [(103.73936,321.71892),1.48610]
	29675.56835	   0.02254	[mu,kappa]: [(47.43562,16.63418),1.19134]
	30461.56227	   0.02314	[mu,kappa]: [(39.54705,39.87825),1.62491]
	32978.81305	   0.02505	[mu,kappa]: [(37.52978,57.92888),2.38754]
	29678.84956	   0.02255	[mu,kappa]: [(70.24486,348.09631),1.00587]
	29892.33033	   0.02271	[mu,kappa]: [(42.21178,29.51136),1.39093]
	29992.08924	   0.02278	[mu,kappa]: [(62.75342,355.31721),1.01489]
	32699.35917	   0.02484	[mu,kappa]: [(37.54998,57.65382),2.36822]
	39806.65731	   0.03024	[mu,kappa]: [(116.89674,310.06352),2.59389]
	29489.82715	   0.02240	[mu,kappa]: [(54.38651,5.29718),1.07349]
	29809.44632	   0.02265	[mu,kappa]: [(70.72060,347.66731),1.00648]
	40158.46186	   0.03051	[mu,kappa]: [(38.03199,72.48962),4.54570]
			msglen: 9955852.02404 bits.
Iteration #: 7
	24610.67515	   0.01870	[mu,kappa]: [(100.36216,323.59238),1.55077]
	36922.71079	   0.02805	[mu,kappa]: [(119.07797,307.21603),3.60637]
	25490.47511	   0.01936	[mu,kappa]: [(105.56987,319.48025),1.77601]
	22270.37419	   0.01692	[mu,kappa]: [(41.03137,33.19551),1.67125]
	22112.78626	   0.01680	[mu,kappa]: [(44.37916,22.85562),1.45244]
	24811.59296	   0.01885	[mu,kappa]: [(101.66533,322.58845),1.59830]
	24624.36314	   0.01871	[mu,kappa]: [(37.65592,58.53093),2.85081]
	22595.47361	   0.01717	[mu,kappa]: [(81.72640,337.85567),1.18777]
	22221.83416	   0.01688	[mu,kappa]: [(42.79363,27.22859),1.53620]
	54454.92964	   0.04137	[mu,kappa]: [(122.49911,303.63339),5.47796]
	21945.48475	   0.01667	[mu,kappa]: [(51.17802,9.36610),1.25620]
	23621.85950	   0.01794	[mu,kappa]: [(92.12595,329.91626),1.33179]
	31053.46741	   0.02359	[mu,kappa]: [(115.26253,310.98846),2.69215]
	50824.40571	   0.03861	[mu,kappa]: [(122.11289,304.04458),5.16616]
	34971.42088	   0.02657	[mu,kappa]: [(118.10988,308.20838),3.30446]
	22355.11955	   0.01698	[mu,kappa]: [(72.49342,345.39770),1.13445]
	129248.69841	   0.09818	[mu,kappa]: [(39.62812,84.66317),42.89002]
	21894.92129	   0.01663	[mu,kappa]: [(46.25873,18.47340),1.37889]
	22398.91135	   0.01702	[mu,kappa]: [(40.59626,34.87210),1.71506]
	37717.86605	   0.02865	[mu,kappa]: [(38.70756,76.23500),8.15232]
	47505.49539	   0.03609	[mu,kappa]: [(121.66888,304.50440),4.85634]
	30071.99417	   0.02284	[mu,kappa]: [(114.69469,311.50725),2.60403]
	21959.74053	   0.01668	[mu,kappa]: [(47.16535,16.56918),1.35009]
	21979.62421	   0.01670	[mu,kappa]: [(48.00917,14.92224),1.32632]
	28663.54820	   0.02177	[mu,kappa]: [(112.79629,313.25844),2.35053]
	37454.41453	   0.02845	[mu,kappa]: [(38.67625,75.99056),7.92691]
	30620.56456	   0.02326	[mu,kappa]: [(38.15838,71.32219),5.19082]
	63400.01623	   0.04816	[mu,kappa]: [(39.40407,81.70709),19.27151]
	31522.11810	   0.02395	[mu,kappa]: [(115.95758,310.30543),2.81755]
	21882.19342	   0.01662	[mu,kappa]: [(47.90710,15.08739),1.32900]
	23633.27685	   0.01795	[mu,kappa]: [(37.99419,51.39478),2.34725]
	30073.85535	   0.02285	[mu,kappa]: [(38.06374,70.31100),4.84138]
	22954.56545	   0.01744	[mu,kappa]: [(88.41284,332.72045),1.26777]
	22388.18211	   0.01701	[mu,kappa]: [(40.20375,36.59453),1.76198]
	22654.17403	   0.01721	[mu,kappa]: [(77.06363,341.54875),1.15377]
	29689.09444	   0.02255	[mu,kappa]: [(38.04859,70.07356),4.76575]
	52291.60182	   0.03972	[mu,kappa]: [(122.22450,303.91036),5.26254]
	21858.63697	   0.01661	[mu,kappa]: [(61.34135,356.07984),1.14705]
	23095.15027	   0.01754	[mu,kappa]: [(89.04157,332.24118),1.27756]
	56527.38346	   0.04294	[mu,kappa]: [(39.30151,80.79578),16.08208]
			msglen: 8879040.31189 bits.
Iteration #: 8
	19923.78806	   0.01514	[mu,kappa]: [(107.76595,316.95870),2.28522]
	39886.19023	   0.03030	[mu,kappa]: [(121.03561,304.57053),5.16461]
	21614.13413	   0.01642	[mu,kappa]: [(111.50423,313.75685),2.62114]
	14013.76182	   0.01065	[mu,kappa]: [(46.98386,20.11955),1.90170]
	14113.51908	   0.01072	[mu,kappa]: [(52.61407,8.95023),1.65843]
	20296.02664	   0.01542	[mu,kappa]: [(108.70601,316.17430),2.35716]
	15592.78895	   0.01185	[mu,kappa]: [(40.01535,50.61195),3.46174]
	16487.24710	   0.01252	[mu,kappa]: [(93.72939,328.28025),1.67525]
	14089.34812	   0.01070	[mu,kappa]: [(50.02419,13.57629),1.74776]
	66804.34939	   0.05075	[mu,kappa]: [(123.29251,302.20029),7.36781]
	14373.54802	   0.01092	[mu,kappa]: [(62.55054,355.55872),1.48279]
	18114.80153	   0.01376	[mu,kappa]: [(101.75997,321.93533),1.93957]
	30377.14698	   0.02308	[mu,kappa]: [(118.39418,307.29124),3.93141]
	61345.23370	   0.04660	[mu,kappa]: [(123.04240,302.45832),7.02856]
	36692.96537	   0.02787	[mu,kappa]: [(120.37804,305.26962),4.76797]
	15744.85857	   0.01196	[mu,kappa]: [(85.85686,334.44462),1.53149]
	263124.42827	   0.19988	[mu,kappa]: [(39.63679,86.58337),120.38055]
	14079.77958	   0.01070	[mu,kappa]: [(55.53329,4.45719),1.58549]
	14069.69314	   0.01069	[mu,kappa]: [(46.21062,22.00584),1.95369]
	30165.73113	   0.02292	[mu,kappa]: [(39.75425,76.82028),12.61569]
	56327.74789	   0.04279	[mu,kappa]: [(122.75036,302.75099),6.68176]
	29080.06852	   0.02209	[mu,kappa]: [(117.98986,307.67608),3.80802]
	14171.28292	   0.01077	[mu,kappa]: [(56.89168,2.54874),1.55882]
	14229.35904	   0.01081	[mu,kappa]: [(58.12614,0.91879),1.53775]
	26753.75788	   0.02032	[mu,kappa]: [(116.64595,308.98901),3.44980]
	29658.04594	   0.02253	[mu,kappa]: [(39.75456,76.39417),12.13067]
	21432.61980	   0.01628	[mu,kappa]: [(39.68947,68.51120),7.00681]
	77231.92691	   0.05867	[mu,kappa]: [(39.61622,84.66632),45.38926]
	31322.69362	   0.02379	[mu,kappa]: [(118.87793,306.78717),4.10582]
	14161.49758	   0.01076	[mu,kappa]: [(57.98110,1.08172),1.54017]
	14780.20345	   0.01123	[mu,kappa]: [(41.03610,41.60506),2.76589]
	20716.67061	   0.01574	[mu,kappa]: [(39.66542,66.92605),6.44155]
	17264.09223	   0.01312	[mu,kappa]: [(98.96586,324.16267),1.82934]
	14039.89584	   0.01067	[mu,kappa]: [(45.48866,23.96401),2.01017]
	16227.16393	   0.01233	[mu,kappa]: [(89.86194,331.27912),1.59445]
	20381.28458	   0.01548	[mu,kappa]: [(39.66603,66.55840),6.32145]
	63443.84944	   0.04820	[mu,kappa]: [(123.10913,302.37331),7.13472]
	14821.78814	   0.01126	[mu,kappa]: [(74.82198,343.50990),1.44677]
	17424.63316	   0.01324	[mu,kappa]: [(99.44312,323.78104),1.84668]
	61995.07872	   0.04710	[mu,kappa]: [(39.64475,83.74453),34.84657]
			msglen: 8319711.19468 bits.
Iteration #: 9
	18642.06867	   0.01416	[mu,kappa]: [(108.40385,315.87266),2.43541]
	40460.57064	   0.03074	[mu,kappa]: [(121.77180,303.79226),5.70742]
	20433.73211	   0.01552	[mu,kappa]: [(112.42145,312.60601),2.81749]
	12975.45139	   0.00986	[mu,kappa]: [(48.26920,17.20932),2.11226]
	13026.49633	   0.00990	[mu,kappa]: [(53.15016,7.11322),1.84999]
	19031.48890	   0.01446	[mu,kappa]: [(109.42232,315.06934),2.51648]
	14377.30194	   0.01092	[mu,kappa]: [(42.55133,44.67573),3.60012]
	15182.98085	   0.01153	[mu,kappa]: [(93.21805,327.57392),1.77504]
	13021.50858	   0.00989	[mu,kappa]: [(50.89009,11.32036),1.94820]
	70062.21254	   0.05322	[mu,kappa]: [(123.54661,301.81783),7.91818]
	13219.54985	   0.01004	[mu,kappa]: [(62.07938,354.65305),1.64196]
	16785.73524	   0.01275	[mu,kappa]: [(101.89160,321.01443),2.05306]
	29894.77947	   0.02271	[mu,kappa]: [(119.41867,306.25398),4.33584]
	64101.49131	   0.04870	[mu,kappa]: [(123.35769,302.02399),7.59475]
	36897.15190	   0.02803	[mu,kappa]: [(121.21771,304.40744),5.27679]
	14462.39202	   0.01099	[mu,kappa]: [(84.91200,333.88637),1.63587]
	318235.93192	   0.24175	[mu,kappa]: [(39.64933,87.10649),191.08739]
	12978.76258	   0.00986	[mu,kappa]: [(55.73194,2.98754),1.76711]
	13033.98680	   0.00990	[mu,kappa]: [(47.60234,18.88780),2.16674]
	23950.99208	   0.01819	[mu,kappa]: [(41.03211,75.19979),12.09024]
	58609.33220	   0.04452	[mu,kappa]: [(123.12984,302.26002),7.25897]
	28517.49256	   0.02166	[mu,kappa]: [(119.02880,306.61443),4.19407]
	13056.33018	   0.00992	[mu,kappa]: [(56.94350,1.21800),1.73596]
	13104.05129	   0.00995	[mu,kappa]: [(58.05408,359.70293),1.71079]
	25958.73238	   0.01972	[mu,kappa]: [(117.72025,307.86839),3.77914]
	23620.83676	   0.01794	[mu,kappa]: [(41.12344,74.57473),11.55485]
	18341.77732	   0.01393	[mu,kappa]: [(42.16214,63.65858),6.55339]
	68743.59488	   0.05222	[mu,kappa]: [(39.32690,85.24177),58.36649]
	30974.18931	   0.02353	[mu,kappa]: [(119.86428,305.78348),4.53547]
	13042.31945	   0.00991	[mu,kappa]: [(57.91929,359.84904),1.71379]
	13714.48247	   0.01042	[mu,kappa]: [(43.29229,36.38767),2.96815]
	17952.10362	   0.01364	[mu,kappa]: [(42.23672,61.69928),6.07483]
	15953.31756	   0.01212	[mu,kappa]: [(98.85828,323.31982),1.93500]
	13012.67646	   0.00989	[mu,kappa]: [(46.98979,20.63914),2.22516]
	14920.49143	   0.01133	[mu,kappa]: [(89.10175,330.65196),1.69513]
	17709.96624	   0.01345	[mu,kappa]: [(42.25875,61.25743),5.97461]
	66373.27436	   0.05042	[mu,kappa]: [(123.39963,301.95513),7.69709]
	13606.30807	   0.01034	[mu,kappa]: [(73.74659,342.97352),1.57232]
	16108.44226	   0.01224	[mu,kappa]: [(99.37475,322.92440),1.95343]
	52278.69608	   0.03971	[mu,kappa]: [(39.39426,84.26313),41.96261]
			msglen: 8227045.12503 bits.
Iteration #: 10
	18077.49124	   0.01373	[mu,kappa]: [(108.63899,315.61884),2.44252]
	40608.05081	   0.03085	[mu,kappa]: [(122.37882,303.52441),5.93769]
	19863.83914	   0.01509	[mu,kappa]: [(113.14467,312.26600),2.85633]
	13289.50391	   0.01010	[mu,kappa]: [(45.92294,17.37685),2.23449]
	13209.98259	   0.01004	[mu,kappa]: [(50.04269,7.41494),1.95761]
	18461.44619	   0.01402	[mu,kappa]: [(109.79627,314.79454),2.52961]
	15018.94380	   0.01141	[mu,kappa]: [(42.89321,44.31806),3.64184]
	14793.90165	   0.01124	[mu,kappa]: [(91.23829,327.69537),1.76054]
	13260.33027	   0.01007	[mu,kappa]: [(48.08839,11.56957),2.06339]
	71099.43064	   0.05401	[mu,kappa]: [(123.66148,301.74500),8.04822]
	13235.95828	   0.01006	[mu,kappa]: [(58.26351,355.07070),1.71632]
	16285.24442	   0.01237	[mu,kappa]: [(101.19794,320.93421),2.03843]
	29587.24704	   0.02248	[mu,kappa]: [(120.36441,305.87086),4.51343]
	64995.92618	   0.04937	[mu,kappa]: [(123.53083,301.92532),7.75089]
	36891.79082	   0.02803	[mu,kappa]: [(121.94368,304.10037),5.50070]
	14173.25926	   0.01077	[mu,kappa]: [(81.89986,334.16185),1.63640]
	327291.12283	   0.24863	[mu,kappa]: [(39.71928,87.28873),235.35796]
	13106.55662	   0.00996	[mu,kappa]: [(52.35040,3.34185),1.86524]
	13371.50903	   0.01016	[mu,kappa]: [(45.38586,19.01682),2.29046]
	22960.66209	   0.01744	[mu,kappa]: [(42.63653,74.44053),11.47397]
	59359.99250	   0.04509	[mu,kappa]: [(123.36265,302.13266),7.43925]
	28175.03893	   0.02140	[mu,kappa]: [(119.98920,306.22081),4.36132]
	13161.18602	   0.01000	[mu,kappa]: [(53.45281,1.58867),1.82960]
	13188.55533	   0.01002	[mu,kappa]: [(54.47846,0.09283),1.80015]
	25514.29693	   0.01938	[mu,kappa]: [(118.72070,307.46005),3.91094]
	22733.52848	   0.01727	[mu,kappa]: [(42.83968,73.75431),10.93563]
	18694.29255	   0.01420	[mu,kappa]: [(44.57553,62.49044),6.20769]
	63250.78079	   0.04805	[mu,kappa]: [(38.79921,85.22672),59.07542]
	30727.27347	   0.02334	[mu,kappa]: [(120.76049,305.41148),4.72691]
	13128.87691	   0.00997	[mu,kappa]: [(54.34786,0.22740),1.80388]
	14277.43188	   0.01085	[mu,kappa]: [(42.66721,36.21557),3.06708]
	18413.14572	   0.01399	[mu,kappa]: [(44.55527,60.60189),5.78901]
	15496.32498	   0.01177	[mu,kappa]: [(97.70342,323.31275),1.91789]
	13371.52517	   0.01016	[mu,kappa]: [(44.91804,20.74636),2.34950]
	14577.69182	   0.01107	[mu,kappa]: [(86.56732,330.84748),1.68702]
	18188.42015	   0.01382	[mu,kappa]: [(44.55293,60.18158),5.70205]
	67318.56600	   0.05114	[mu,kappa]: [(123.54516,301.86375),7.84628]
	13458.77425	   0.01022	[mu,kappa]: [(69.90463,343.36572),1.60545]
	15643.33697	   0.01188	[mu,kappa]: [(98.29679,322.90392),1.93656]
	48111.76435	   0.03655	[mu,kappa]: [(38.83458,84.16961),41.65920]
			msglen: 8206709.03259 bits.
Iteration #: 11
	17689.44676	   0.01344	[mu,kappa]: [(109.30528,315.67092),2.44645]
	40786.59194	   0.03098	[mu,kappa]: [(122.92248,303.46569),6.05945]
	19490.06128	   0.01481	[mu,kappa]: [(114.25920,312.28875),2.88171]
	13510.26119	   0.01026	[mu,kappa]: [(43.34582,16.19205),2.34400]
	13343.41976	   0.01014	[mu,kappa]: [(47.06400,6.09871),2.06446]
	18073.17882	   0.01373	[mu,kappa]: [(110.59842,314.84557),2.53734]
	15443.18733	   0.01173	[mu,kappa]: [(42.73016,44.77612),3.65032]
	14512.00046	   0.01102	[mu,kappa]: [(89.74391,327.65716),1.76000]
	13431.55721	   0.01020	[mu,kappa]: [(45.26232,10.26920),2.17307]
	71691.34333	   0.05446	[mu,kappa]: [(123.60212,301.77940),8.04357]
	13250.00388	   0.01007	[mu,kappa]: [(54.96584,354.00452),1.80151]
	15929.34776	   0.01210	[mu,kappa]: [(100.96704,321.00105),2.03030]
	29462.42440	   0.02238	[mu,kappa]: [(121.41492,305.78772),4.62869]
	65535.26392	   0.04978	[mu,kappa]: [(123.53858,301.94574),7.77202]
	36977.89705	   0.02809	[mu,kappa]: [(122.65069,304.02958),5.62886]
	13962.49559	   0.01061	[mu,kappa]: [(79.43694,333.93162),1.65443]
	325901.63063	   0.24757	[mu,kappa]: [(39.80701,87.35922),261.81098]
	13200.77203	   0.01003	[mu,kappa]: [(49.24460,2.07239),1.96675]
	13607.79940	   0.01034	[mu,kappa]: [(42.88059,17.86482),2.39954]
	22922.93719	   0.01741	[mu,kappa]: [(44.65035,74.29216),11.41973]
	59840.87845	   0.04546	[mu,kappa]: [(123.43778,302.13712),7.48587]
	28020.62663	   0.02129	[mu,kappa]: [(121.07215,306.13537),4.47160]
	13239.14016	   0.01006	[mu,kappa]: [(50.29647,0.34775),1.92836]
	13251.78150	   0.01007	[mu,kappa]: [(51.28616,358.89279),1.89593]
	25274.71068	   0.01920	[mu,kappa]: [(119.91848,307.38753),4.00037]
	22743.60023	   0.01728	[mu,kappa]: [(44.97664,73.60172),10.84886]
	19204.97501	   0.01459	[mu,kappa]: [(47.24680,62.85836),6.04825]
	62415.70949	   0.04741	[mu,kappa]: [(38.05280,85.23981),57.62212]
	30646.67210	   0.02328	[mu,kappa]: [(121.72485,305.32382),4.84895]
	13193.85458	   0.01002	[mu,kappa]: [(51.15315,359.00816),1.90045]
	14648.79228	   0.01113	[mu,kappa]: [(41.43104,36.07017),3.12977]
	18943.50087	   0.01439	[mu,kappa]: [(47.05501,61.10424),5.64593]
	15168.53629	   0.01152	[mu,kappa]: [(97.01428,323.35367),1.91045]
	13621.05073	   0.01035	[mu,kappa]: [(42.50453,19.66610),2.45679]
	14328.42735	   0.01088	[mu,kappa]: [(84.53999,330.71294),1.69520]
	18717.50944	   0.01422	[mu,kappa]: [(47.01144,60.71501),5.56313]
	67878.93506	   0.05156	[mu,kappa]: [(123.51736,301.88697),7.86091]
	13352.21627	   0.01014	[mu,kappa]: [(66.69385,342.74697),1.65627]
	15310.15653	   0.01163	[mu,kappa]: [(97.68270,322.94850),1.92889]
	47850.30642	   0.03635	[mu,kappa]: [(38.07482,84.19442),41.17335]
			msglen: 8197011.34848 bits.
Iteration #: 12
	17390.01788	   0.01321	[mu,kappa]: [(110.61097,316.03398),2.44499]
	40972.13076	   0.03112	[mu,kappa]: [(123.46303,303.48960),6.11974]
	19227.44323	   0.01461	[mu,kappa]: [(115.99228,312.65294),2.89368]
	13585.73772	   0.01032	[mu,kappa]: [(40.84799,13.10609),2.47732]
	13374.77219	   0.01016	[mu,kappa]: [(44.40074,2.85363),2.20255]
	17779.41867	   0.01351	[mu,kappa]: [(112.04636,315.22349),2.53784]
	15536.49547	   0.01180	[mu,kappa]: [(42.64294,44.97299),3.64296]
	14252.67204	   0.01083	[mu,kappa]: [(88.78383,327.50054),1.77229]
	13483.90716	   0.01024	[mu,kappa]: [(42.65358,7.01147),2.31161]
	72080.45717	   0.05476	[mu,kappa]: [(123.34056,301.82060),7.99417]
	13201.83396	   0.01003	[mu,kappa]: [(52.21118,351.36972),1.91947]
	15629.63656	   0.01187	[mu,kappa]: [(101.34833,321.24758),2.02549]
	29443.39256	   0.02237	[mu,kappa]: [(122.70936,305.89162),4.69964]
	65904.76561	   0.05007	[mu,kappa]: [(123.36273,301.98000),7.74323]
	37107.40741	   0.02819	[mu,kappa]: [(123.42343,304.06868),5.69844]
	13749.87542	   0.01045	[mu,kappa]: [(77.50545,333.23504),1.69293]
	322453.41875	   0.24495	[mu,kappa]: [(39.90071,87.38194),278.00000]
	13207.76674	   0.01003	[mu,kappa]: [(46.54424,358.95639),2.10064]
	13690.26732	   0.01040	[mu,kappa]: [(40.41498,14.83920),2.53109]
	22982.60421	   0.01746	[mu,kappa]: [(47.21238,74.42108),11.85203]
	60185.68646	   0.04572	[mu,kappa]: [(123.34659,302.16303),7.47851]
	27975.92372	   0.02125	[mu,kappa]: [(122.42251,306.24828),4.54060]
	13235.33352	   0.01005	[mu,kappa]: [(47.58026,357.30617),2.05988]
	13237.64079	   0.01006	[mu,kappa]: [(48.56244,355.94187),2.02441]
	25157.74633	   0.01911	[mu,kappa]: [(121.48541,307.55854),4.05699]
	22832.23661	   0.01734	[mu,kappa]: [(47.67172,73.74498),11.20864]
	19528.48777	   0.01484	[mu,kappa]: [(50.63131,63.70867),6.00497]
	64046.98210	   0.04865	[mu,kappa]: [(37.11146,85.40015),57.21778]
	30659.38594	   0.02329	[mu,kappa]: [(122.88082,305.40132),4.92329]
	13181.77872	   0.01001	[mu,kappa]: [(48.42313,356.02608),2.03010]
	14747.20244	   0.01120	[mu,kappa]: [(40.06590,35.00924),3.18684]
	19241.61881	   0.01462	[mu,kappa]: [(50.25844,62.07997),5.58927]
	14883.43319	   0.01131	[mu,kappa]: [(96.90283,323.47947),1.90990]
	13707.60724	   0.01041	[mu,kappa]: [(40.09444,16.76625),2.58430]
	14089.32935	   0.01070	[mu,kappa]: [(83.02873,330.28754),1.72047]
	19007.61272	   0.01444	[mu,kappa]: [(50.17102,61.71804),5.50467]
	68258.95405	   0.05185	[mu,kappa]: [(123.29243,301.92073),7.82798]
	13216.26217	   0.01004	[mu,kappa]: [(64.06606,341.13095),1.73583]
	15021.89172	   0.01141	[mu,kappa]: [(97.65017,323.09398),1.92756]
	49103.86552	   0.03730	[mu,kappa]: [(37.18895,84.38821),41.71365]
			msglen: 8187011.93010 bits.
Iteration #: 13
	17133.18473	   0.01302	[mu,kappa]: [(112.86824,316.86165),2.43150]
	41127.02276	   0.03124	[mu,kappa]: [(124.04517,303.55205),6.14778]
	19035.59218	   0.01446	[mu,kappa]: [(118.68766,313.50147),2.88897]
	13574.10886	   0.01031	[mu,kappa]: [(38.31798,7.91863),2.67443]
	13349.91821	   0.01014	[mu,kappa]: [(41.88713,357.60879),2.40836]
	17535.68979	   0.01332	[mu,kappa]: [(114.46900,316.08496),2.52517]
	15351.34951	   0.01166	[mu,kappa]: [(42.70848,44.76938),3.62932]
	13972.56937	   0.01061	[mu,kappa]: [(88.31920,327.30933),1.79025]
	13469.73223	   0.01023	[mu,kappa]: [(40.12564,1.67184),2.51777]
	72358.52542	   0.05497	[mu,kappa]: [(122.80380,301.82601),7.95494]
	13110.09315	   0.00996	[mu,kappa]: [(49.72381,347.19346),2.09453]
	15337.72000	   0.01165	[mu,kappa]: [(102.53235,321.81144),2.01504]
	29482.08057	   0.02240	[mu,kappa]: [(124.42582,306.18175),4.73752]
	66166.94431	   0.05026	[mu,kappa]: [(122.94147,301.98348),7.71645]
	37234.83976	   0.02829	[mu,kappa]: [(124.34543,304.18128),5.73272]
	13502.51319	   0.01026	[mu,kappa]: [(75.89850,332.12231),1.75019]
	318903.33501	   0.24226	[mu,kappa]: [(40.00333,87.37949),278.00000]
	13164.97400	   0.01000	[mu,kappa]: [(44.04678,353.96784),2.29995]
	13679.16820	   0.01039	[mu,kappa]: [(37.88389,9.71767),2.72548]
	23196.95574	   0.01762	[mu,kappa]: [(50.28805,74.74053),12.97918]
	60431.50005	   0.04591	[mu,kappa]: [(123.03824,302.16372),7.46603]
	27993.28562	   0.02127	[mu,kappa]: [(124.22933,306.56512),4.57787]
	13183.69338	   0.01002	[mu,kappa]: [(45.08572,352.45338),2.25559]
	13176.44199	   0.01001	[mu,kappa]: [(46.07378,351.24130),2.21535]
	25119.05286	   0.01908	[mu,kappa]: [(123.66015,308.01066),4.08597]
	23056.50421	   0.01752	[mu,kappa]: [(50.87649,74.08211),12.17899]
	19795.18923	   0.01504	[mu,kappa]: [(54.95098,64.70852),6.07308]
	66717.05472	   0.05068	[mu,kappa]: [(36.00907,85.69939),58.55512]
	30715.73018	   0.02333	[mu,kappa]: [(124.37901,305.63021),4.96355]
	13123.73854	   0.00997	[mu,kappa]: [(45.92770,351.28084),2.22309]
	14627.80813	   0.01111	[mu,kappa]: [(38.49712,32.82684),3.26276]
	19436.62331	   0.01477	[mu,kappa]: [(54.44405,63.19802),5.61545]
	14593.88059	   0.01109	[mu,kappa]: [(97.47762,323.80761),1.90735]
	13691.76118	   0.01040	[mu,kappa]: [(37.58384,11.80868),2.77183]
	13821.28821	   0.01050	[mu,kappa]: [(81.89862,329.63203),1.75819]
	19186.25183	   0.01458	[mu,kappa]: [(54.32106,62.86159),5.52352]
	68532.28969	   0.05206	[mu,kappa]: [(122.80143,301.92074),7.80102]
	13040.04706	   0.00991	[mu,kappa]: [(61.71129,338.55440),1.85389]
	14730.99998	   0.01119	[mu,kappa]: [(98.32079,323.46045),1.92364]
	50713.54225	   0.03853	[mu,kappa]: [(36.23813,84.67758),43.11340]
			msglen: 8172841.94796 bits.
Iteration #: 14
	16882.88536	   0.01283	[mu,kappa]: [(116.56563,318.43829),2.41059]
	41217.90667	   0.03131	[mu,kappa]: [(124.69429,303.62757),6.16744]
	18904.77353	   0.01436	[mu,kappa]: [(122.84507,315.14071),2.87779]
	13508.05561	   0.01026	[mu,kappa]: [(35.90152,0.48902),3.00232]
	13294.22867	   0.01010	[mu,kappa]: [(39.65216,350.39163),2.74516]
	17312.90833	   0.01315	[mu,kappa]: [(118.37060,317.73242),2.50537]
	14864.16138	   0.01129	[mu,kappa]: [(42.93339,44.08836),3.62253]
	13597.90762	   0.01033	[mu,kappa]: [(88.43844,327.09523),1.81409]
	13419.91196	   0.01019	[mu,kappa]: [(37.82686,354.22370),2.85773]
	72604.13301	   0.05515	[mu,kappa]: [(121.86656,301.76555),7.97182]
	12967.79189	   0.00985	[mu,kappa]: [(47.51929,341.50109),2.37248]
	14991.60262	   0.01139	[mu,kappa]: [(104.88186,322.87279),1.99832]
	29564.30677	   0.02246	[mu,kappa]: [(126.78636,306.71324),4.75926]
	66371.32902	   0.05042	[mu,kappa]: [(122.16186,301.92398),7.73426]
	37327.97047	   0.02836	[mu,kappa]: [(125.49794,304.35635),5.75260]
	13151.33163	   0.00999	[mu,kappa]: [(74.55075,330.51912),1.83399]
	317708.27413	   0.24135	[mu,kappa]: [(40.11824,87.34711),278.00000]
	13088.54171	   0.00994	[mu,kappa]: [(41.84776,347.15549),2.62304]
	13608.11407	   0.01034	[mu,kappa]: [(35.43027,2.32643),3.05001]
	23712.61993	   0.01801	[mu,kappa]: [(53.51354,75.23714),15.35832]
	60604.68201	   0.04604	[mu,kappa]: [(122.41213,302.10505),7.48807]
	28059.62473	   0.02132	[mu,kappa]: [(126.73176,307.15254),4.59961]
	13096.23244	   0.00995	[mu,kappa]: [(42.89301,345.84080),2.57159]
	13075.54551	   0.00993	[mu,kappa]: [(43.88402,344.83832),2.52228]
	25154.53011	   0.01911	[mu,kappa]: [(126.75857,308.86989),4.10235]
	23521.22220	   0.01787	[mu,kappa]: [(54.21005,74.57999),14.17680]
	20111.95239	   0.01528	[mu,kappa]: [(60.23020,65.59177),6.25858]
	68888.52829	   0.05233	[mu,kappa]: [(34.74541,86.11911),62.07909]
	30794.04572	   0.02339	[mu,kappa]: [(126.40013,306.04153),4.98703]
	13028.63377	   0.00990	[mu,kappa]: [(43.73575,344.82456),2.53382]
	14283.92216	   0.01085	[mu,kappa]: [(36.64251,29.27911),3.39426]
	19634.09608	   0.01492	[mu,kappa]: [(59.72924,64.20117),5.73516]
	14231.63599	   0.01081	[mu,kappa]: [(99.00059,324.45143),1.90145]
	13605.03789	   0.01034	[mu,kappa]: [(35.10080,4.58103),3.08539]
	13450.71786	   0.01022	[mu,kappa]: [(81.13948,328.70108),1.81203]
	19357.11594	   0.01471	[mu,kappa]: [(59.59768,63.89173),5.63123]
	68762.29065	   0.05224	[mu,kappa]: [(121.92294,301.85537),7.82480]
	12779.43622	   0.00971	[mu,kappa]: [(59.54762,334.94763),2.03510]
	14369.86288	   0.01092	[mu,kappa]: [(99.97214,324.17083),1.91582]
	51465.13279	   0.03910	[mu,kappa]: [(35.22937,84.99523),45.03681]
			msglen: 8149466.82023 bits.
Iteration #: 15
	16603.60474	   0.01261	[mu,kappa]: [(122.19342,321.17825),2.40770]
	41181.20832	   0.03128	[mu,kappa]: [(125.40551,303.67797),6.20639]
	18854.37237	   0.01432	[mu,kappa]: [(128.94589,318.08442),2.89874]
	13443.72105	   0.01021	[mu,kappa]: [(33.98811,351.58526),3.56142]
	13256.11054	   0.01007	[mu,kappa]: [(38.02819,342.03593),3.30839]
	17090.05662	   0.01298	[mu,kappa]: [(124.25146,320.63007),2.50752]
	14056.63685	   0.01068	[mu,kappa]: [(43.31748,43.00556),3.65879]
	13018.90749	   0.00989	[mu,kappa]: [(89.17751,326.72003),1.85308]
	13389.65671	   0.01017	[mu,kappa]: [(36.11924,345.52442),3.43059]
	72921.31421	   0.05540	[mu,kappa]: [(120.35779,301.61243),8.10067]
	12777.58796	   0.00971	[mu,kappa]: [(45.82856,334.75871),2.82672]
	14503.39291	   0.01102	[mu,kappa]: [(108.76105,324.58363),1.98706]
	29689.62480	   0.02255	[mu,kappa]: [(130.01838,307.56797),4.80091]
	66574.71826	   0.05057	[mu,kappa]: [(120.86286,301.76986),7.84684]
	37333.55705	   0.02836	[mu,kappa]: [(126.94552,304.57361),5.78619]
	12596.76561	   0.00957	[mu,kappa]: [(73.40998,328.23365),1.96479]
	317961.87616	   0.24154	[mu,kappa]: [(40.24996,87.30053),278.00000]
	13014.23348	   0.00989	[mu,kappa]: [(40.24646,339.26240),3.15920]
	13534.35609	   0.01028	[mu,kappa]: [(33.45061,353.39987),3.60571]
	24962.11860	   0.01896	[mu,kappa]: [(56.06186,75.99497),20.16900]
	60726.72078	   0.04613	[mu,kappa]: [(121.31802,301.95093),7.59028]
	28178.21502	   0.02141	[mu,kappa]: [(130.17431,308.11106),4.64231]
	13003.06344	   0.00988	[mu,kappa]: [(41.28799,338.16394),3.09435]
	12958.36653	   0.00984	[mu,kappa]: [(42.26524,337.37407),3.02847]
	25290.76167	   0.01921	[mu,kappa]: [(131.10091,310.33943),4.14658]
	24501.18202	   0.01861	[mu,kappa]: [(56.84915,75.29893),17.97774]
	20634.79645	   0.01568	[mu,kappa]: [(66.14223,66.09476),6.55319]
	70618.51226	   0.05365	[mu,kappa]: [(33.33800,86.65211),68.91614]
	30875.40024	   0.02345	[mu,kappa]: [(129.12520,306.67724),5.02657]
	12922.27904	   0.00982	[mu,kappa]: [(42.12380,337.31606),3.04675]
	13714.99653	   0.01042	[mu,kappa]: [(34.57122,24.44001),3.64522]
	20008.41414	   0.01520	[mu,kappa]: [(65.89152,64.83134),5.96726]
	13696.44206	   0.01040	[mu,kappa]: [(101.71075,325.43268),1.90080]
	13501.23078	   0.01026	[mu,kappa]: [(33.03712,355.74450),3.62455]
	12869.51419	   0.00978	[mu,kappa]: [(80.70738,327.30116),1.89622]
	19694.87033	   0.01496	[mu,kappa]: [(65.80113,64.55270),5.85136]
	69031.45560	   0.05244	[mu,kappa]: [(120.48822,301.69539),7.95340]
	12378.77513	   0.00940	[mu,kappa]: [(57.66340,330.33230),2.32461]
	13839.50285	   0.01051	[mu,kappa]: [(102.86258,325.26483),1.91304]
	51164.68113	   0.03887	[mu,kappa]: [(34.17981,85.30055),47.42293]
			msglen: 8112338.03223 bits.
Iteration #: 16
	16233.73693	   0.01233	[mu,kappa]: [(129.68886,325.43377),2.48239]
	40895.78984	   0.03107	[mu,kappa]: [(126.13589,303.63389),6.30479]
	18911.07696	   0.01437	[mu,kappa]: [(136.86517,322.94926),3.04126]
	13427.35505	   0.01020	[mu,kappa]: [(32.90961,343.20255),4.42761]
	13283.44955	   0.01009	[mu,kappa]: [(37.29187,334.27782),4.17278]
	16827.62170	   0.01278	[mu,kappa]: [(132.02302,325.23508),2.59929]
	12925.63526	   0.00982	[mu,kappa]: [(43.86628,41.59774),3.80371]
	12106.48108	   0.00920	[mu,kappa]: [(90.26320,325.74485),1.93212]
	13427.51759	   0.01020	[mu,kappa]: [(35.28445,337.46785),4.31032]
	73510.63656	   0.05584	[mu,kappa]: [(118.11209,301.36119),8.42078]
	12567.29078	   0.00955	[mu,kappa]: [(45.00762,328.02537),3.53705]
	13746.06703	   0.01044	[mu,kappa]: [(114.10322,326.80858),2.01141]
	29849.65613	   0.02268	[mu,kappa]: [(134.22481,308.79198),4.94088]
	66888.93547	   0.05081	[mu,kappa]: [(118.87769,301.50534),8.12363]
	37147.38675	   0.02822	[mu,kappa]: [(128.70887,304.77169),5.88108]
	11747.03717	   0.00892	[mu,kappa]: [(72.40651,324.98403),2.18525]
	319675.42327	   0.24284	[mu,kappa]: [(40.39358,87.24409),278.00000]
	12985.73428	   0.00987	[mu,kappa]: [(39.53783,331.81965),3.98511]
	13504.53174	   0.01026	[mu,kappa]: [(32.29554,344.94986),4.46941]
	27256.48970	   0.02071	[mu,kappa]: [(57.15021,76.99836),29.14095]
	60844.12214	   0.04622	[mu,kappa]: [(119.59079,301.67594),7.83448]
	28347.67005	   0.02153	[mu,kappa]: [(134.65707,309.50795),4.78666]
	12945.99502	   0.00983	[mu,kappa]: [(40.57702,330.86219),3.90149]
	12863.51708	   0.00977	[mu,kappa]: [(41.53589,330.19710),3.81218]
	25568.04348	   0.01942	[mu,kappa]: [(136.75950,312.62316),4.31191]
	25962.06335	   0.01972	[mu,kappa]: [(58.05209,76.22709),24.45976]
	21339.30256	   0.01621	[mu,kappa]: [(72.03973,65.83819),6.89388]
	72028.93704	   0.05472	[mu,kappa]: [(31.89080,87.28654),81.53535]
	30918.26953	   0.02349	[mu,kappa]: [(132.64419,307.53441),5.15037]
	12844.94590	   0.00976	[mu,kappa]: [(41.40761,330.12575),3.84026]
	12935.50449	   0.00983	[mu,kappa]: [(32.62513,19.00932),4.09581]
	20606.89839	   0.01565	[mu,kappa]: [(72.25410,64.70272),6.30380]
	12853.34977	   0.00976	[mu,kappa]: [(105.45007,326.44059),1.92909]
	13424.86819	   0.01020	[mu,kappa]: [(31.77077,347.27090),4.46762]
	11964.82001	   0.00909	[mu,kappa]: [(80.39144,325.03484),2.04424]
	20258.04231	   0.01539	[mu,kappa]: [(72.25149,64.45715),6.18608]
	69502.50019	   0.05280	[mu,kappa]: [(118.32954,301.43132),8.26302]
	11814.26262	   0.00898	[mu,kappa]: [(56.37404,325.00857),2.79207]
	13005.17034	   0.00988	[mu,kappa]: [(106.84924,326.45373),1.93963]
	49426.86470	   0.03755	[mu,kappa]: [(33.10768,85.55298),50.37430]
			msglen: 8059692.15663 bits.
Iteration #: 17
	15692.94398	   0.01192	[mu,kappa]: [(137.93791,331.12983),2.71151]
	40179.50990	   0.03052	[mu,kappa]: [(126.86237,303.41270),6.50894]
	19093.91942	   0.01451	[mu,kappa]: [(145.29075,330.01585),3.44206]
	13461.96989	   0.01023	[mu,kappa]: [(32.36650,337.53782),5.48441]
	13370.96264	   0.01016	[mu,kappa]: [(37.19647,328.77626),5.21776]
	16466.12520	   0.01251	[mu,kappa]: [(140.46911,331.59404),2.87246]
	11695.69882	   0.00889	[mu,kappa]: [(44.43484,40.20456),4.15691]
	10837.19772	   0.00823	[mu,kappa]: [(90.92751,323.67403),2.08078]
	13521.68434	   0.01027	[mu,kappa]: [(35.02385,331.91144),5.36839]
	74681.53179	   0.05673	[mu,kappa]: [(115.11186,301.06579),9.02484]
	12407.28787	   0.00943	[mu,kappa]: [(45.11497,322.55436),4.47381]
	12617.67680	   0.00959	[mu,kappa]: [(120.06005,328.98938),2.09874]
	30039.79169	   0.02282	[mu,kappa]: [(139.22680,310.30354),5.31777]
	67485.85799	   0.05127	[mu,kappa]: [(116.16385,301.16931),8.64295]
	36616.90211	   0.02782	[mu,kappa]: [(130.78782,304.84622),6.10526]
	10664.12191	   0.00810	[mu,kappa]: [(71.41533,320.81453),2.55430]
	322558.35079	   0.24503	[mu,kappa]: [(40.52723,87.18691),278.00000]
	13017.76496	   0.00989	[mu,kappa]: [(39.56021,326.33447),5.00286]
	13527.07704	   0.01028	[mu,kappa]: [(31.67465,339.26992),5.52874]
	30532.95339	   0.02319	[mu,kappa]: [(56.88186,77.99022),43.07031]
	61029.41809	   0.04636	[mu,kappa]: [(117.17044,301.30463),8.28766]
	28572.20549	   0.02171	[mu,kappa]: [(139.95148,311.26924),5.17544]
	12950.00200	   0.00984	[mu,kappa]: [(40.63995,325.38429),4.90685]
	12827.22857	   0.00974	[mu,kappa]: [(41.61733,324.71182),4.80064]
	26045.27942	   0.01979	[mu,kappa]: [(143.23823,315.73397),4.76355]
	27457.16505	   0.02086	[mu,kappa]: [(57.96001,77.18131),33.64421]
	22136.31895	   0.01682	[mu,kappa]: [(77.05422,64.71118),7.24192]
	73370.19492	   0.05574	[mu,kappa]: [(30.64232,87.96299),102.51723]
	30868.75832	   0.02345	[mu,kappa]: [(136.86606,308.50690),5.47505]
	12829.33026	   0.00975	[mu,kappa]: [(41.49972,324.65812),4.83729]
	12135.97069	   0.00922	[mu,kappa]: [(31.11148,14.80929),4.80137]
	21400.15595	   0.01626	[mu,kappa]: [(77.71034,63.71206),6.72312]
	11621.94508	   0.00883	[mu,kappa]: [(109.36019,326.83920),2.00630]
	13398.04021	   0.01018	[mu,kappa]: [(31.04518,341.55825),5.51476]
	10760.87374	   0.00817	[mu,kappa]: [(79.74597,321.66902),2.30239]
	21029.60458	   0.01598	[mu,kappa]: [(77.79466,63.50037),6.61809]
	70429.57847	   0.05350	[mu,kappa]: [(115.41919,301.11260),8.84175]
	11203.66278	   0.00851	[mu,kappa]: [(55.97229,319.75481),3.49737]
	11782.04507	   0.00895	[mu,kappa]: [(111.07940,327.10548),2.01602]
	46055.89412	   0.03499	[mu,kappa]: [(31.97442,85.70781),53.72850]
			msglen: 7997792.78311 bits.
Iteration #: 18
	14958.12478	   0.01136	[mu,kappa]: [(145.46600,337.84072),3.15578]
	38846.43797	   0.02951	[mu,kappa]: [(127.66819,302.96529),6.86449]
	19462.28518	   0.01478	[mu,kappa]: [(152.42323,338.75563),4.25895]
	13477.68290	   0.01024	[mu,kappa]: [(31.70373,335.26038),6.43996]
	13391.11601	   0.01017	[mu,kappa]: [(37.18973,325.82080),6.12860]
	15993.25023	   0.01215	[mu,kappa]: [(147.97360,339.26717),3.41022]
	10826.30370	   0.00822	[mu,kappa]: [(44.78381,39.38121),4.82471]
	9378.27216	   0.00712	[mu,kappa]: [(90.35419,320.55117),2.31631]
	13549.56123	   0.01029	[mu,kappa]: [(34.72883,329.23542),6.28961]
	76659.91814	   0.05824	[mu,kappa]: [(111.64416,300.84616),9.97483]
	12304.14674	   0.00935	[mu,kappa]: [(45.84143,318.79298),5.42078]
	11145.37367	   0.00847	[mu,kappa]: [(125.61238,330.66848),2.24266]
	30356.38876	   0.02306	[mu,kappa]: [(144.47152,311.84424),6.14432]
	68456.71992	   0.05200	[mu,kappa]: [(112.95623,300.86803),9.45564]
	35624.55223	   0.02706	[mu,kappa]: [(133.19909,304.69373),6.54936]
	9599.18242	   0.00729	[mu,kappa]: [(70.40151,316.35220),3.13260]
	325852.40712	   0.24753	[mu,kappa]: [(40.61043,87.14664),278.00000]
	13008.95038	   0.00988	[mu,kappa]: [(39.82968,323.09884),5.91508]
	13548.29058	   0.01029	[mu,kappa]: [(30.92771,337.12071),6.49968]
	33779.57822	   0.02566	[mu,kappa]: [(56.02361,78.68075),59.03841]
	61281.33833	   0.04655	[mu,kappa]: [(114.25026,300.93000),8.99112]
	28954.31091	   0.02200	[mu,kappa]: [(145.41581,313.11283),6.02595]
	12929.03732	   0.00982	[mu,kappa]: [(41.02542,322.03634),5.82410]
	12784.26273	   0.00971	[mu,kappa]: [(42.08883,321.25663),5.72187]
	26877.81845	   0.02042	[mu,kappa]: [(149.46636,319.28616),5.74333]
	28234.90833	   0.02145	[mu,kappa]: [(57.39302,77.88152),43.16456]
	23144.96412	   0.01758	[mu,kappa]: [(80.41136,63.29749),7.58994]
	74497.22295	   0.05659	[mu,kappa]: [(29.86182,88.54610),129.61628]
	30757.76440	   0.02337	[mu,kappa]: [(141.45684,309.38587),6.17777]
	12802.13288	   0.00973	[mu,kappa]: [(41.97486,321.23092),5.76075]
	11676.34535	   0.00887	[mu,kappa]: [(29.99594,13.65761),5.75449]
	22453.58199	   0.01706	[mu,kappa]: [(81.31652,62.46248),7.16621]
	10079.11791	   0.00766	[mu,kappa]: [(112.40264,326.26749),2.12217]
	13399.54818	   0.01018	[mu,kappa]: [(30.20556,339.52116),6.49854]
	9480.97216	   0.00720	[mu,kappa]: [(78.43553,317.59477),2.71702]
	22068.63815	   0.01676	[mu,kappa]: [(81.45093,62.28619),7.08009]
	71990.00554	   0.05469	[mu,kappa]: [(112.02639,300.85642),9.74824]
	10753.89778	   0.00817	[mu,kappa]: [(56.47768,315.35213),4.42819]
	10238.98069	   0.00778	[mu,kappa]: [(114.52409,326.83624),2.13144]
	41749.60953	   0.03172	[mu,kappa]: [(30.66400,85.71400),56.38595]
			msglen: 7936487.45909 bits.
Iteration #: 19
	14079.07758	   0.01070	[mu,kappa]: [(151.33649,345.33844),3.85795]
	36854.61936	   0.02800	[mu,kappa]: [(128.65158,302.24444),7.45044]
	20080.33863	   0.01525	[mu,kappa]: [(157.20416,347.81550),5.60390]
	13426.84386	   0.01020	[mu,kappa]: [(30.66258,335.61117),7.17162]
	13227.52527	   0.01005	[mu,kappa]: [(36.99014,324.63327),6.77067]
	15454.48887	   0.01174	[mu,kappa]: [(153.53570,347.76120),4.27613]
	10621.89528	   0.00807	[mu,kappa]: [(44.96526,39.26825),5.85234]
	7937.57283	   0.00603	[mu,kappa]: [(88.42814,316.92524),2.65674]
	13415.94434	   0.01019	[mu,kappa]: [(34.12467,328.64401),6.94498]
	79245.75510	   0.06020	[mu,kappa]: [(108.29278,300.80713),11.22547]
	12164.02137	   0.00924	[mu,kappa]: [(46.87422,316.26932),6.23298]
	9457.32113	   0.00718	[mu,kappa]: [(130.33821,332.01664),2.41809]
	31006.09045	   0.02355	[mu,kappa]: [(148.95354,312.87122),7.68398]
	69610.41472	   0.05288	[mu,kappa]: [(109.78104,300.69930),10.53328]
	34219.29348	   0.02600	[mu,kappa]: [(135.79063,304.18391),7.36053]
	8763.68317	   0.00666	[mu,kappa]: [(69.59612,312.29679),3.99146]
	329077.94683	   0.24998	[mu,kappa]: [(40.62311,87.13302),278.00000]
	12836.63132	   0.00975	[mu,kappa]: [(40.05636,321.39569),6.58061]
	13534.77024	   0.01028	[mu,kappa]: [(29.80473,337.75265),7.26196]
	35993.93710	   0.02734	[mu,kappa]: [(55.09221,79.11091),73.49214]
	61421.42023	   0.04666	[mu,kappa]: [(111.30235,300.64203),9.92819]
	29690.95053	   0.02256	[mu,kappa]: [(149.98176,314.42826),7.59714]
	12760.32504	   0.00969	[mu,kappa]: [(41.43969,320.13716),6.51003]
	12615.97407	   0.00958	[mu,kappa]: [(42.65198,319.19318),6.43051]
	28250.47990	   0.02146	[mu,kappa]: [(154.17080,322.27370),7.48143]
	28074.02184	   0.02133	[mu,kappa]: [(56.93390,78.27807),50.07857]
	24480.94570	   0.01860	[mu,kappa]: [(82.02324,62.28381),7.85131]
	74493.16490	   0.05659	[mu,kappa]: [(29.57486,88.93738),157.02229]
	30752.16018	   0.02336	[mu,kappa]: [(145.65512,309.79735),7.50040]
	12642.14946	   0.00960	[mu,kappa]: [(42.53616,319.19293),6.46653]
	11767.05025	   0.00894	[mu,kappa]: [(29.20721,15.40686),6.88783]
	23806.30330	   0.01808	[mu,kappa]: [(83.04702,61.62609),7.50593]
	8388.88402	   0.00637	[mu,kappa]: [(114.13317,324.96554),2.25165]
	13415.83638	   0.01019	[mu,kappa]: [(29.00881,340.44496),7.29963]
	8347.57655	   0.00634	[mu,kappa]: [(76.68916,313.51798),3.34690]
	23402.47019	   0.01778	[mu,kappa]: [(83.20497,61.48413),7.43721]
	73997.92801	   0.05621	[mu,kappa]: [(108.71788,300.76716),10.94362]
	10537.42911	   0.00801	[mu,kappa]: [(57.68029,311.98340),5.53043]
	8535.23118	   0.00648	[mu,kappa]: [(116.74969,325.86696),2.25938]
	37984.52823	   0.02886	[mu,kappa]: [(29.02832,85.59822),57.05424]
			msglen: 7879135.48613 bits.
Iteration #: 20
	13198.98047	   0.01003	[mu,kappa]: [(155.16104,354.06214),4.79303]
	34612.20164	   0.02629	[mu,kappa]: [(129.72411,301.17041),8.39612]
	20835.13367	   0.01583	[mu,kappa]: [(159.61028,356.30849),7.22153]
	13280.25740	   0.01009	[mu,kappa]: [(29.49788,337.31774),7.78302]
	12861.76998	   0.00977	[mu,kappa]: [(36.68275,324.26055),7.26241]
	14954.66341	   0.01136	[mu,kappa]: [(156.83894,357.15102),5.41313]
	10981.50187	   0.00834	[mu,kappa]: [(45.37792,39.34239),7.15917]
	6660.81955	   0.00506	[mu,kappa]: [(85.87938,313.26777),3.14101]
	13104.42009	   0.00996	[mu,kappa]: [(33.36749,329.07440),7.45336]
	81754.92907	   0.06211	[mu,kappa]: [(105.66816,300.95252),12.53639]
	11930.41384	   0.00906	[mu,kappa]: [(48.05231,314.34176),6.98680]
	7758.83314	   0.00589	[mu,kappa]: [(134.38919,333.71066),2.61078]
	32045.25510	   0.02434	[mu,kappa]: [(151.64878,312.68617),9.93039]
	70565.07745	   0.05361	[mu,kappa]: [(107.24105,300.66769),11.69406]
	32803.36774	   0.02492	[mu,kappa]: [(138.02371,303.14249),8.71500]
	8229.12546	   0.00625	[mu,kappa]: [(69.29075,308.98461),5.21454]
	331851.06153	   0.25209	[mu,kappa]: [(40.58952,87.13767),278.00000]
	12472.12618	   0.00947	[mu,kappa]: [(40.25428,320.36857),7.10929]
	13452.20653	   0.01022	[mu,kappa]: [(28.58555,339.81719),7.91289]
	37400.30963	   0.02841	[mu,kappa]: [(54.22619,79.42921),86.37816]
	61282.55991	   0.04655	[mu,kappa]: [(108.90696,300.44492),10.96758]
	30784.80817	   0.02339	[mu,kappa]: [(152.66235,314.44029),9.84513]
	12409.92225	   0.00943	[mu,kappa]: [(41.86411,318.87314),7.06982]
	12282.14823	   0.00933	[mu,kappa]: [(43.25870,317.74404),7.02521]
	29909.44663	   0.02272	[mu,kappa]: [(156.67276,323.53887),9.72880]
	27423.59558	   0.02083	[mu,kappa]: [(56.75624,78.48593),53.93800]
	25936.58102	   0.01970	[mu,kappa]: [(82.64074,61.72605),7.94692]
	73293.61285	   0.05568	[mu,kappa]: [(29.62103,89.15476),184.20230]
	31050.33564	   0.02359	[mu,kappa]: [(148.43973,309.24797),9.54039]
	12311.92019	   0.00935	[mu,kappa]: [(43.13800,317.76533),7.05640]
	12236.32778	   0.00930	[mu,kappa]: [(28.85829,18.11401),8.05569]
	25255.76913	   0.01919	[mu,kappa]: [(83.76929,61.23685),7.65531]
	6742.20006	   0.00512	[mu,kappa]: [(114.85757,323.37612),2.38379]
	13402.05543	   0.01018	[mu,kappa]: [(27.75648,342.88372),8.00210]
	7472.01466	   0.00568	[mu,kappa]: [(75.15222,309.90036),4.27950]
	24831.06698	   0.01886	[mu,kappa]: [(83.94607,61.12535),7.59989]
	75896.35901	   0.05766	[mu,kappa]: [(106.10579,300.84948),12.20680]
	10506.24345	   0.00798	[mu,kappa]: [(59.21796,309.43983),6.80437]
	6865.43614	   0.00522	[mu,kappa]: [(118.04863,324.65720),2.38709]
	35728.14311	   0.02714	[mu,kappa]: [(26.96487,85.52710),56.91882]
			msglen: 7831122.24889 bits.
Iteration #: 21
	12562.99455	   0.00954	[mu,kappa]: [(156.89603,4.71634),5.82226]
	32994.98179	   0.02507	[mu,kappa]: [(130.67945,299.78423),9.78431]
	21470.07533	   0.01631	[mu,kappa]: [(160.23336,5.22107),8.56004]
	13043.77706	   0.00991	[mu,kappa]: [(28.54949,339.24440),8.38550]
	12378.02945	   0.00940	[mu,kappa]: [(36.43096,324.05022),7.74063]
	14676.86853	   0.01115	[mu,kappa]: [(158.00141,8.01926),6.58406]
	11660.26344	   0.00886	[mu,kappa]: [(46.25367,39.18483),8.64690]
	5662.17757	   0.00430	[mu,kappa]: [(83.53367,309.80333),3.82868]
	12677.85450	   0.00963	[mu,kappa]: [(32.70415,329.71269),7.94967]
	83465.20259	   0.06340	[mu,kappa]: [(103.99833,301.20816),13.58020]
	11677.70824	   0.00887	[mu,kappa]: [(49.25203,312.67887),7.77861]
	6289.90889	   0.00478	[mu,kappa]: [(138.08422,336.38688),2.82899]
	33127.33002	   0.02517	[mu,kappa]: [(152.50417,311.29164),12.29941]
	71043.99392	   0.05397	[mu,kappa]: [(105.62312,300.70848),12.65355]
	32100.72691	   0.02439	[mu,kappa]: [(139.36589,301.59745),10.62563]
	8037.93716	   0.00611	[mu,kappa]: [(69.39754,306.55410),6.78469]
	333688.72188	   0.25349	[mu,kappa]: [(40.54347,87.14810),278.00000]
	12005.21820	   0.00912	[mu,kappa]: [(40.50124,319.48829),7.63136]
	13286.45813	   0.01009	[mu,kappa]: [(27.62464,342.06996),8.55291]
	38574.72186	   0.02930	[mu,kappa]: [(53.43030,79.71206),99.04935]
	60909.57809	   0.04627	[mu,kappa]: [(107.39180,300.28472),11.87342]
	31804.26799	   0.02416	[mu,kappa]: [(153.49732,313.15776),12.15126]
	11968.06760	   0.00909	[mu,kappa]: [(42.33731,317.76322),7.62935]
	11870.24168	   0.00902	[mu,kappa]: [(43.91375,316.46425),7.62648]
	30989.35877	   0.02354	[mu,kappa]: [(157.45801,323.25095),11.72017]
	26719.97620	   0.02030	[mu,kappa]: [(56.88363,78.57648),55.58933]
	27192.03459	   0.02066	[mu,kappa]: [(82.91039,61.41168),7.90343]
	71710.65419	   0.05448	[mu,kappa]: [(29.84839,89.26037),213.06821]
	31690.55658	   0.02407	[mu,kappa]: [(149.47782,307.71745),11.90657]
	11901.08395	   0.00904	[mu,kappa]: [(43.78682,316.50355),7.65239]
	12747.84670	   0.00968	[mu,kappa]: [(29.01702,20.16775),9.07865]
	26509.51526	   0.02014	[mu,kappa]: [(84.18613,61.08040),7.64111]
	5327.50779	   0.00405	[mu,kappa]: [(115.19420,321.65679),2.52775]
	13316.58602	   0.01012	[mu,kappa]: [(26.81038,345.45921),8.68904]
	6933.69372	   0.00527	[mu,kappa]: [(74.17230,306.99151),5.58206]
	26068.83361	   0.01980	[mu,kappa]: [(84.38778,60.99604),7.59409]
	77133.58646	   0.05860	[mu,kappa]: [(104.43994,301.03149),13.22206]
	10667.29164	   0.00810	[mu,kappa]: [(60.67176,307.56229),8.20211]
	5426.59818	   0.00412	[mu,kappa]: [(119.01240,323.39755),2.52243]
	35060.77097	   0.02663	[mu,kappa]: [(24.65314,85.69177),59.10085]
			msglen: 7796229.16500 bits.
Iteration #: 22
	12271.20224	   0.00932	[mu,kappa]: [(156.81825,15.99091),6.91216]
	32521.85666	   0.02471	[mu,kappa]: [(131.38122,298.35244),11.48480]
	22013.58781	   0.01672	[mu,kappa]: [(159.66593,14.61467),9.64956]
	12773.87585	   0.00970	[mu,kappa]: [(27.91511,340.75987),9.01043]
	11894.41963	   0.00904	[mu,kappa]: [(36.26146,323.75695),8.25041]
	14716.40982	   0.01118	[mu,kappa]: [(157.45706,19.16274),7.75376]
	12551.90960	   0.00954	[mu,kappa]: [(47.47606,38.80166),10.31909]
	4989.23666	   0.00379	[mu,kappa]: [(81.71733,306.78419),4.78558]
	12239.29462	   0.00930	[mu,kappa]: [(32.20556,330.17715),8.48285]
	84205.25042	   0.06397	[mu,kappa]: [(103.05034,301.50775),14.26412]
	11502.91728	   0.00874	[mu,kappa]: [(50.35940,311.24586),8.58263]
	5125.07714	   0.00389	[mu,kappa]: [(141.35175,339.79312),3.10375]
	33888.58945	   0.02574	[mu,kappa]: [(152.34940,309.50589),14.25460]
	71023.94092	   0.05395	[mu,kappa]: [(104.74009,300.77032),13.29638]
	32438.02184	   0.02464	[mu,kappa]: [(139.84749,299.93242),12.75175]
	8169.29938	   0.00621	[mu,kappa]: [(69.63255,305.01394),8.42045]
	334344.78390	   0.25399	[mu,kappa]: [(40.50295,87.15790),278.00000]
	11555.51179	   0.00878	[mu,kappa]: [(40.77708,318.60758),8.17807]
	13076.84382	   0.00993	[mu,kappa]: [(27.01499,343.80996),9.20411]
	39818.47064	   0.03025	[mu,kappa]: [(52.70046,79.98392),112.38122]
	60400.67286	   0.04588	[mu,kappa]: [(106.61316,300.13006),12.52094]
	32390.24261	   0.02461	[mu,kappa]: [(153.34573,311.44608),14.02655]
	11553.25663	   0.00878	[mu,kappa]: [(42.81870,316.69423),8.21130]
	11495.47746	   0.00873	[mu,kappa]: [(44.55978,315.26436),8.24855]
	31134.87271	   0.02365	[mu,kappa]: [(157.43480,322.46118),13.19213]
	26211.70498	   0.01991	[mu,kappa]: [(57.32099,78.57008),55.90883]
	27970.27653	   0.02125	[mu,kappa]: [(82.93903,61.20235),7.83458]
	70405.40800	   0.05348	[mu,kappa]: [(30.14679,89.30676),242.87908]
	32471.71034	   0.02467	[mu,kappa]: [(149.42164,305.86912),14.02255]
	11525.79868	   0.00876	[mu,kappa]: [(44.42593,315.31797),8.26925]
	13103.15877	   0.00995	[mu,kappa]: [(29.60305,21.22956),9.87633]
	27286.79413	   0.02073	[mu,kappa]: [(84.39618,61.02467),7.58134]
	4205.70720	   0.00320	[mu,kappa]: [(115.33391,319.55794),2.71332]
	13175.59004	   0.01001	[mu,kappa]: [(26.25113,347.39847),9.36971]
	6754.51818	   0.00513	[mu,kappa]: [(73.64649,304.98073),7.14178]
	26837.10558	   0.02039	[mu,kappa]: [(84.62766,60.96596),7.53841]
	77586.37470	   0.05894	[mu,kappa]: [(103.50194,301.25025),13.88694]
	11015.00848	   0.00837	[mu,kappa]: [(61.83255,306.26426),9.51281]
	4281.84903	   0.00325	[mu,kappa]: [(119.79772,321.80065),2.69356]
	35446.97364	   0.02693	[mu,kappa]: [(22.55647,86.18204),65.58494]
			msglen: 7770974.44628 bits.
Iteration #: 23
	12221.23421	   0.00928	[mu,kappa]: [(155.71872,25.16070),8.13732]
	32949.84316	   0.02503	[mu,kappa]: [(131.80319,297.13434),13.15775]
	22571.72273	   0.01715	[mu,kappa]: [(158.53261,22.40661),10.79485]
	12543.77683	   0.00953	[mu,kappa]: [(27.46035,341.70931),9.64514]
	11485.67311	   0.00873	[mu,kappa]: [(36.07483,323.38762),8.77456]
	14996.37485	   0.01139	[mu,kappa]: [(156.07089,28.01567),9.04902]
	13655.79757	   0.01037	[mu,kappa]: [(48.74914,38.32440),12.18742]
	4615.63077	   0.00351	[mu,kappa]: [(80.41236,304.50657),5.99627]
	11869.86682	   0.00902	[mu,kappa]: [(31.76955,330.40389),9.04526]
	84287.56554	   0.06403	[mu,kappa]: [(102.50309,301.82108),14.71340]
	11417.12099	   0.00867	[mu,kappa]: [(51.29900,310.09313),9.29460]
	4204.25197	   0.00319	[mu,kappa]: [(143.93619,343.05785),3.45952]
	34321.10274	   0.02607	[mu,kappa]: [(151.92627,308.01458),15.66193]
	70673.64779	   0.05369	[mu,kappa]: [(104.27260,300.83408),13.70527]
	33414.33015	   0.02538	[mu,kappa]: [(139.85535,298.52166),14.57331]
	8485.77912	   0.00645	[mu,kappa]: [(69.85688,304.14544),9.75091]
	333870.28537	   0.25363	[mu,kappa]: [(40.47143,87.16616),278.00000]
	11182.95073	   0.00850	[mu,kappa]: [(40.98292,317.77840),8.71234]
	12892.45884	   0.00979	[mu,kappa]: [(26.60707,344.87646),9.85051]
	41179.10812	   0.03128	[mu,kappa]: [(52.04392,80.25311),126.59102]
	59827.42083	   0.04545	[mu,kappa]: [(106.25607,299.97818),12.95709]
	32624.03414	   0.02478	[mu,kappa]: [(152.93301,310.01616),15.40179]
	11217.58667	   0.00852	[mu,kappa]: [(43.21131,315.72875),8.76712]
	11202.08017	   0.00851	[mu,kappa]: [(45.10245,314.21127),8.83215]
	30766.94868	   0.02337	[mu,kappa]: [(157.17287,321.79227),14.36959]
	26020.61257	   0.01977	[mu,kappa]: [(58.04205,78.49040),55.83057]
	28206.58421	   0.02143	[mu,kappa]: [(82.75100,61.05063),7.82053]
	69708.86046	   0.05295	[mu,kappa]: [(30.44559,89.32331),270.78494]
	33170.90421	   0.02520	[mu,kappa]: [(149.02559,304.31169),15.57642]
	11230.96708	   0.00853	[mu,kappa]: [(44.96094,314.27547),8.84824]
	13308.58822	   0.01011	[mu,kappa]: [(30.38456,21.64980),10.49029]
	27511.85044	   0.02090	[mu,kappa]: [(84.39432,61.02589),7.56609]
	3342.09429	   0.00254	[mu,kappa]: [(115.11912,316.92544),2.97380]
	13040.77179	   0.00991	[mu,kappa]: [(25.91063,348.54931),10.02486]
	6840.23267	   0.00520	[mu,kappa]: [(73.37436,303.79745),8.61523]
	27058.86465	   0.02056	[mu,kappa]: [(84.65592,60.99230),7.52481]
	77505.29398	   0.05888	[mu,kappa]: [(102.97081,301.47783),14.31213]
	11449.29555	   0.00870	[mu,kappa]: [(62.71560,305.42023),10.51429]
	3393.72217	   0.00258	[mu,kappa]: [(120.20063,319.60431),2.93033]
	36107.76582	   0.02743	[mu,kappa]: [(21.02948,86.92171),75.95115]
			msglen: 7752985.78206 bits.
Iteration #: 24
	12255.27822	   0.00931	[mu,kappa]: [(154.47499,31.27623),9.37650]
	33794.86020	   0.02567	[mu,kappa]: [(131.99924,296.20650),14.50497]
	22998.83806	   0.01747	[mu,kappa]: [(157.47843,27.45585),11.94768]
	12403.56158	   0.00942	[mu,kappa]: [(27.01679,342.19096),10.25711]
	11175.56297	   0.00849	[mu,kappa]: [(35.79954,323.01794),9.27453]
	15321.13491	   0.01164	[mu,kappa]: [(154.70443,33.83754),10.33097]
	14926.29339	   0.01134	[mu,kappa]: [(49.84950,37.82943),14.15246]
	4471.89132	   0.00340	[mu,kappa]: [(79.50436,303.01641),7.28325]
	11606.69286	   0.00882	[mu,kappa]: [(31.29266,330.45863),9.60280]
	84056.52991	   0.06385	[mu,kappa]: [(102.16133,302.13596),15.04638]
	11385.14327	   0.00865	[mu,kappa]: [(52.07989,309.22354),9.83964]
	3482.92011	   0.00265	[mu,kappa]: [(145.84761,345.64994),3.90620]
	34581.02303	   0.02627	[mu,kappa]: [(151.57336,307.05379),16.56911]
	70181.77808	   0.05331	[mu,kappa]: [(104.01764,300.88989),13.97200]
	34498.06192	   0.02621	[mu,kappa]: [(139.68968,297.47775),15.80466]
	8850.05200	   0.00672	[mu,kappa]: [(70.05992,303.67561),10.63218]
	332468.08148	   0.25256	[mu,kappa]: [(40.44755,87.17381),278.00000]
	10894.63899	   0.00828	[mu,kappa]: [(41.07215,317.07444),9.18562]
	12787.63430	   0.00971	[mu,kappa]: [(26.21369,345.39934),10.46175]
	42617.15475	   0.03237	[mu,kappa]: [(51.47154,80.51753),141.23688]
	59263.78526	   0.04502	[mu,kappa]: [(106.11067,299.82557),13.25089]
	32731.16316	   0.02486	[mu,kappa]: [(152.58888,309.11904),16.33977]
	10960.15831	   0.00833	[mu,kappa]: [(43.47954,314.93264),9.24271]
	10981.96649	   0.00834	[mu,kappa]: [(45.51538,313.36093),9.31831]
	30383.62801	   0.02308	[mu,kappa]: [(156.91223,321.42672),15.42589]
	26186.03306	   0.01989	[mu,kappa]: [(58.95074,78.37763),56.23909]
	28039.45791	   0.02130	[mu,kappa]: [(82.53549,60.93172),7.85090]
	69704.43285	   0.05295	[mu,kappa]: [(30.70204,89.32295),278.00000]
	33705.79788	   0.02561	[mu,kappa]: [(148.66079,303.25181),16.53046]
	11009.07163	   0.00836	[mu,kappa]: [(45.36540,313.43265),9.33074]
	13443.93561	   0.01021	[mu,kappa]: [(31.08706,21.82864),10.98315]
	27333.68269	   0.02076	[mu,kappa]: [(84.35798,61.06103),7.59542]
	2697.34887	   0.00205	[mu,kappa]: [(114.58175,313.97656),3.33242]
	12970.22314	   0.00985	[mu,kappa]: [(25.58297,349.08690),10.62872]
	7052.70123	   0.00536	[mu,kappa]: [(73.23785,303.15030),9.72846]
	26882.65160	   0.02042	[mu,kappa]: [(84.64808,61.05229),7.55534]
	77171.13438	   0.05862	[mu,kappa]: [(102.64875,301.70182),14.60680]
	11872.57887	   0.00902	[mu,kappa]: [(63.41312,304.88653),11.14312]
	2722.98572	   0.00207	[mu,kappa]: [(120.21606,316.94790),3.25287]
	36503.13198	   0.02773	[mu,kappa]: [(20.11579,87.72650),88.18969]
			msglen: 7741608.72019 bits.
		5.88101 bpr
Null model msglen: 11690552.97612 bits.	(8.88088 bpr)
