Iteration #: 0
	26520.00000	   0.02015	[mu,kappa]: [(55.52894,6.39440),1.03518]
	26242.00000	   0.01994	[mu,kappa]: [(55.85387,3.54923),1.02230]
	26159.00000	   0.01987	[mu,kappa]: [(55.44966,4.19102),1.02678]
	26274.00000	   0.01996	[mu,kappa]: [(54.31177,4.44884),1.04224]
	26355.00000	   0.02002	[mu,kappa]: [(55.46148,5.45290),1.02194]
	26334.00000	   0.02000	[mu,kappa]: [(55.27614,4.38000),1.02949]
	26226.00000	   0.01992	[mu,kappa]: [(54.58708,5.71245),1.03494]
	26166.00000	   0.01988	[mu,kappa]: [(56.00126,4.79077),1.01485]
	26651.00000	   0.02025	[mu,kappa]: [(54.81208,5.36393),1.03042]
	26147.00000	   0.01986	[mu,kappa]: [(54.77672,4.40269),1.03575]
	26454.00000	   0.02010	[mu,kappa]: [(55.25293,4.08620),1.02964]
	26681.00000	   0.02027	[mu,kappa]: [(54.79170,5.46093),1.02524]
	26214.00000	   0.01991	[mu,kappa]: [(55.53452,4.86883),1.02714]
	26469.00000	   0.02011	[mu,kappa]: [(56.58147,3.60067),1.01003]
	25944.00000	   0.01971	[mu,kappa]: [(56.03186,3.76665),1.02115]
	26336.00000	   0.02001	[mu,kappa]: [(55.87740,3.97373),1.01447]
	26343.00000	   0.02001	[mu,kappa]: [(55.37619,5.10900),1.01596]
	26004.00000	   0.01975	[mu,kappa]: [(55.80688,3.98506),1.01979]
	26432.00000	   0.02008	[mu,kappa]: [(55.46181,4.39659),1.02662]
	26504.00000	   0.02013	[mu,kappa]: [(54.91317,6.09227),1.03189]
	26209.00000	   0.01991	[mu,kappa]: [(54.99316,4.11382),1.02687]
	26452.00000	   0.02009	[mu,kappa]: [(55.23713,3.88255),1.02566]
	26340.00000	   0.02001	[mu,kappa]: [(55.14893,4.25105),1.03238]
	26304.00000	   0.01998	[mu,kappa]: [(55.16591,4.80890),1.03085]
	26262.00000	   0.01995	[mu,kappa]: [(55.43071,5.13623),1.02382]
	26473.00000	   0.02011	[mu,kappa]: [(55.17895,4.87570),1.03510]
	26190.00000	   0.01990	[mu,kappa]: [(54.46304,4.22633),1.03324]
	26422.00000	   0.02007	[mu,kappa]: [(54.91926,4.35200),1.02614]
	26486.00000	   0.02012	[mu,kappa]: [(55.55745,4.20273),1.02351]
	26299.00000	   0.01998	[mu,kappa]: [(55.27086,3.64762),1.04041]
	26441.00000	   0.02009	[mu,kappa]: [(55.37966,4.70639),1.03191]
	26244.00000	   0.01994	[mu,kappa]: [(55.14543,4.59808),1.02205]
	26198.00000	   0.01990	[mu,kappa]: [(55.39621,5.30057),1.02195]
	26179.00000	   0.01989	[mu,kappa]: [(54.91013,4.17361),1.03520]
	26419.00000	   0.02007	[mu,kappa]: [(54.07145,5.74657),1.04258]
	26350.00000	   0.02002	[mu,kappa]: [(54.99367,4.79057),1.03451]
	26733.00000	   0.02031	[mu,kappa]: [(54.77032,4.47401),1.04476]
	26422.00000	   0.02007	[mu,kappa]: [(55.35018,4.11090),1.02981]
	26260.00000	   0.01995	[mu,kappa]: [(54.82073,5.05919),1.02809]
	26464.00000	   0.02010	[mu,kappa]: [(55.13398,4.02909),1.02059]
	26354.00000	   0.02002	[mu,kappa]: [(54.94815,5.74007),1.02944]
	26362.00000	   0.02003	[mu,kappa]: [(54.82263,6.30671),1.03438]
	26218.00000	   0.01992	[mu,kappa]: [(54.53555,5.08086),1.03533]
	26154.00000	   0.01987	[mu,kappa]: [(53.86128,6.55575),1.03614]
	26121.00000	   0.01984	[mu,kappa]: [(55.43221,4.46879),1.02865]
	26384.00000	   0.02004	[mu,kappa]: [(56.03216,3.51871),1.02542]
	26128.00000	   0.01985	[mu,kappa]: [(55.04929,4.76052),1.03714]
	26412.00000	   0.02006	[mu,kappa]: [(55.23440,5.16870),1.02336]
	26201.00000	   0.01990	[mu,kappa]: [(55.92011,3.78038),1.01644]
	26437.00000	   0.02008	[mu,kappa]: [(54.07503,6.15716),1.04043]
			msglen: 9538467.00000 bits.
Iteration #: 1
	26519.32534	   0.02015	[mu,kappa]: [(54.39126,6.82016),1.03742]
	26243.42130	   0.01994	[mu,kappa]: [(56.82599,2.42656),1.01381]
	26158.59029	   0.01987	[mu,kappa]: [(55.84675,3.72813),1.02242]
	26273.34067	   0.01996	[mu,kappa]: [(54.03574,5.40665),1.04291]
	26353.90713	   0.02002	[mu,kappa]: [(55.22803,5.31545),1.02609]
	26333.26997	   0.02000	[mu,kappa]: [(55.46546,4.18982),1.02631]
	26226.90290	   0.01992	[mu,kappa]: [(53.79752,6.71732),1.04339]
	26165.60132	   0.01988	[mu,kappa]: [(56.41718,3.80937),1.01419]
	26650.78731	   0.02025	[mu,kappa]: [(54.35484,5.94807),1.03661]
	26146.09653	   0.01986	[mu,kappa]: [(54.73689,4.79260),1.03452]
	26453.36472	   0.02010	[mu,kappa]: [(55.61494,3.81868),1.02521]
	26680.60536	   0.02027	[mu,kappa]: [(54.41743,5.98546),1.03466]
	26213.16224	   0.01991	[mu,kappa]: [(55.51718,4.57131),1.02500]
	26473.24259	   0.02011	[mu,kappa]: [(57.96839,1.63040),1.00215]
	25945.44929	   0.01971	[mu,kappa]: [(56.92283,2.53691),1.01255]
	26336.94226	   0.02001	[mu,kappa]: [(56.79834,2.82325),1.01166]
	26341.82157	   0.02001	[mu,kappa]: [(55.50401,4.80397),1.02220]
	26004.61678	   0.01975	[mu,kappa]: [(56.56595,3.00138),1.01484]
	26431.43522	   0.02008	[mu,kappa]: [(55.73857,3.98996),1.02318]
	26504.57393	   0.02013	[mu,kappa]: [(54.00448,6.87750),1.04051]
	26208.15281	   0.01991	[mu,kappa]: [(55.38593,4.03338),1.02649]
	26451.57123	   0.02009	[mu,kappa]: [(55.82998,3.48304),1.02249]
	26339.16730	   0.02001	[mu,kappa]: [(55.32557,4.18709),1.02835]
	26303.20362	   0.01998	[mu,kappa]: [(55.04986,4.89310),1.03021]
	26261.05938	   0.01995	[mu,kappa]: [(55.33244,4.95540),1.02571]
	26472.16286	   0.02011	[mu,kappa]: [(54.90967,5.05892),1.03257]
	26188.90610	   0.01989	[mu,kappa]: [(54.56898,4.78646),1.03552]
	26421.06652	   0.02007	[mu,kappa]: [(55.18158,4.40324),1.02801]
	26485.78433	   0.02012	[mu,kappa]: [(56.04848,3.58446),1.01987]
	26297.95802	   0.01998	[mu,kappa]: [(55.61578,3.41857),1.02824]
	26440.13367	   0.02009	[mu,kappa]: [(55.31656,4.58583),1.02809]
	26243.12926	   0.01994	[mu,kappa]: [(55.39227,4.44907),1.02496]
	26196.98583	   0.01990	[mu,kappa]: [(55.24776,5.16794),1.02596]
	26178.00179	   0.01989	[mu,kappa]: [(55.03390,4.35291),1.03174]
	26421.79723	   0.02007	[mu,kappa]: [(53.04247,7.39178),1.05341]
	26349.25893	   0.02002	[mu,kappa]: [(54.77511,5.09707),1.03371]
	26731.93456	   0.02031	[mu,kappa]: [(54.44723,5.07722),1.03955]
	26421.43885	   0.02007	[mu,kappa]: [(55.70333,3.76823),1.02447]
	26259.41861	   0.01995	[mu,kappa]: [(54.60409,5.48002),1.03363]
	26463.33868	   0.02010	[mu,kappa]: [(55.76385,3.67143),1.02167]
	26353.93343	   0.02002	[mu,kappa]: [(54.30850,6.31514),1.03679]
	26363.32233	   0.02003	[mu,kappa]: [(53.72274,7.30443),1.04413]
	26217.98073	   0.01992	[mu,kappa]: [(54.09320,5.91606),1.04048]
	26159.29582	   0.01987	[mu,kappa]: [(52.56471,8.52939),1.05749]
	26120.33423	   0.01984	[mu,kappa]: [(55.60677,4.15344),1.02480]
	26385.70018	   0.02004	[mu,kappa]: [(56.96582,2.28423),1.01355]
	26127.18735	   0.01985	[mu,kappa]: [(54.78278,5.06040),1.03432]
	26411.09176	   0.02006	[mu,kappa]: [(55.11273,5.16244),1.02761]
	26202.39355	   0.01990	[mu,kappa]: [(56.91490,2.56632),1.01142]
	26440.83433	   0.02009	[mu,kappa]: [(52.87889,7.89874),1.05482]
			msglen: 10617769.28163 bits.
Iteration #: 2
	26519.97844	   0.02015	[mu,kappa]: [(52.92033,8.45088),1.05396]
	26249.44141	   0.01994	[mu,kappa]: [(58.93351,359.93570),0.99827]
	26156.01110	   0.01987	[mu,kappa]: [(56.70239,2.67136),1.01469]
	26271.62917	   0.01996	[mu,kappa]: [(53.18601,6.96642),1.05190]
	26349.44263	   0.02002	[mu,kappa]: [(54.94589,5.42089),1.02987]
	26329.23470	   0.02000	[mu,kappa]: [(55.87889,3.70134),1.02208]
	26230.45002	   0.01993	[mu,kappa]: [(52.22616,8.97380),1.06351]
	26164.72364	   0.01988	[mu,kappa]: [(57.52929,2.12419),1.00620]
	26649.17296	   0.02024	[mu,kappa]: [(53.38178,7.27765),1.04830]
	26141.89685	   0.01986	[mu,kappa]: [(54.49800,5.32739),1.03641]
	26449.98841	   0.02009	[mu,kappa]: [(56.30665,3.05060),1.01851]
	26678.74327	   0.02027	[mu,kappa]: [(53.47735,7.22942),1.04679]
	26208.90701	   0.01991	[mu,kappa]: [(55.73803,4.14143),1.02272]
	26493.21934	   0.02013	[mu,kappa]: [(61.19931,357.72867),0.98387]
	25951.55856	   0.01971	[mu,kappa]: [(59.00980,359.97452),0.99729]
	26341.32797	   0.02001	[mu,kappa]: [(58.69297,0.44428),0.99868]
	26337.38010	   0.02001	[mu,kappa]: [(55.65815,4.40909),1.02259]
	26006.91285	   0.01976	[mu,kappa]: [(58.21270,0.93664),1.00246]
	26428.12104	   0.02008	[mu,kappa]: [(56.39429,3.13105),1.01714]
	26507.45224	   0.02014	[mu,kappa]: [(52.42212,8.94168),1.06056]
	26204.17261	   0.01991	[mu,kappa]: [(55.88147,3.56621),1.02221]
	26449.39523	   0.02009	[mu,kappa]: [(56.83662,2.36133),1.01390]
	26334.93629	   0.02001	[mu,kappa]: [(55.66956,3.86218),1.02440]
	26298.81924	   0.01998	[mu,kappa]: [(54.89202,5.09488),1.03154]
	26256.56423	   0.01995	[mu,kappa]: [(55.28338,4.83576),1.02677]
	26467.96945	   0.02011	[mu,kappa]: [(54.57968,5.49255),1.03506]
	26184.82677	   0.01989	[mu,kappa]: [(54.29504,5.49013),1.03863]
	26416.63393	   0.02007	[mu,kappa]: [(55.38837,4.27382),1.02666]
	26484.12780	   0.02012	[mu,kappa]: [(57.09381,2.25444),1.01115]
	26295.00606	   0.01998	[mu,kappa]: [(56.47702,2.57198),1.01825]
	26435.70147	   0.02008	[mu,kappa]: [(55.42425,4.40066),1.02627]
	26238.87306	   0.01993	[mu,kappa]: [(55.67545,4.08739),1.02333]
	26192.51712	   0.01990	[mu,kappa]: [(55.05806,5.20187),1.02882]
	26173.51497	   0.01988	[mu,kappa]: [(55.15593,4.41240),1.02972]
	26434.46249	   0.02008	[mu,kappa]: [(50.89822,10.80429),1.08359]
	26345.27888	   0.02001	[mu,kappa]: [(54.38283,5.68792),1.03726]
	26728.45634	   0.02030	[mu,kappa]: [(53.89026,6.07760),1.04366]
	26418.34628	   0.02007	[mu,kappa]: [(56.45831,2.89068),1.01713]
	26256.18149	   0.01995	[mu,kappa]: [(53.98348,6.35649),1.04119]
	26460.68016	   0.02010	[mu,kappa]: [(56.66415,2.65548),1.01486]
	26353.41714	   0.02002	[mu,kappa]: [(53.12753,7.82147),1.05124]
	26369.85483	   0.02003	[mu,kappa]: [(51.83033,9.85832),1.06903]
	26217.37573	   0.01992	[mu,kappa]: [(53.02864,7.55341),1.05313]
	26183.94112	   0.01989	[mu,kappa]: [(49.82448,12.88034),1.10165]
	26116.58671	   0.01984	[mu,kappa]: [(56.10031,3.49769),1.01985]
	26393.21899	   0.02005	[mu,kappa]: [(59.20561,359.62223),0.99673]
	26123.21375	   0.01984	[mu,kappa]: [(54.39612,5.64421),1.03728]
	26406.69860	   0.02006	[mu,kappa]: [(54.87097,5.34822),1.03100]
	26208.51300	   0.01991	[mu,kappa]: [(59.01119,0.00146),0.99696]
	26458.12453	   0.02010	[mu,kappa]: [(50.46694,11.67637),1.09058]
			msglen: 10616573.15856 bits.
Iteration #: 3
	26523.77677	   0.02015	[mu,kappa]: [(50.27413,12.36000),1.09424]
	26277.23121	   0.01996	[mu,kappa]: [(63.75998,354.70041),0.97613]
	26143.79264	   0.01986	[mu,kappa]: [(58.60132,0.37275),1.00052]
	26264.09662	   0.01995	[mu,kappa]: [(51.28871,10.04725),1.07782]
	26328.84533	   0.02000	[mu,kappa]: [(54.48514,5.88288),1.03547]
	26310.22024	   0.01999	[mu,kappa]: [(56.76958,2.59259),1.01435]
	26246.93071	   0.01994	[mu,kappa]: [(49.18794,13.92698),1.11421]
	26161.01510	   0.01987	[mu,kappa]: [(60.20425,358.80004),0.98949]
	26641.44630	   0.02024	[mu,kappa]: [(51.41320,10.21166),1.07561]
	26122.27949	   0.01984	[mu,kappa]: [(53.88995,6.29403),1.04309]
	26434.14273	   0.02008	[mu,kappa]: [(57.77978,1.28630),1.00660]
	26669.94977	   0.02026	[mu,kappa]: [(51.56819,10.02479),1.07319]
	26188.92569	   0.01989	[mu,kappa]: [(56.31607,3.31671),1.01779]
	26585.84363	   0.02020	[mu,kappa]: [(68.81624,350.01449),0.96742]
	25979.73602	   0.01974	[mu,kappa]: [(63.85657,354.67283),0.97543]
	26361.62997	   0.02003	[mu,kappa]: [(63.06515,355.54722),0.97754]
	26316.84266	   0.01999	[mu,kappa]: [(56.06434,3.74283),1.01966]
	26017.40757	   0.01976	[mu,kappa]: [(61.99473,356.63003),0.98188]
	26412.47765	   0.02006	[mu,kappa]: [(57.86712,1.29128),1.00553]
	26521.08739	   0.02015	[mu,kappa]: [(49.44498,13.63494),1.10933]
	26185.52302	   0.01989	[mu,kappa]: [(56.85467,2.41287),1.01385]
	26439.18206	   0.02008	[mu,kappa]: [(58.99163,359.83535),0.99828]
	26315.08907	   0.01999	[mu,kappa]: [(56.36764,3.03630),1.01801]
	26278.11749	   0.01996	[mu,kappa]: [(54.57246,5.52565),1.03511]
	26235.57393	   0.01993	[mu,kappa]: [(55.27797,4.73049),1.02738]
	26448.16969	   0.02009	[mu,kappa]: [(53.91754,6.41615),1.04247]
	26165.99634	   0.01988	[mu,kappa]: [(53.52670,6.74376),1.04743]
	26395.81191	   0.02005	[mu,kappa]: [(55.73678,3.88050),1.02358]
	26476.23417	   0.02011	[mu,kappa]: [(59.44923,359.42623),0.99493]
	26281.65904	   0.01997	[mu,kappa]: [(58.30288,0.50023),1.00355]
	26414.81242	   0.02007	[mu,kappa]: [(55.70972,4.01099),1.02364]
	26218.83017	   0.01992	[mu,kappa]: [(56.26281,3.31157),1.01842]
	26171.75603	   0.01988	[mu,kappa]: [(54.76106,5.46584),1.03258]
	26152.62949	   0.01987	[mu,kappa]: [(55.31328,4.33390),1.02800]
	26494.04797	   0.02013	[mu,kappa]: [(46.91473,18.10424),1.16550]
	26326.47995	   0.02000	[mu,kappa]: [(53.54352,6.90384),1.04693]
	26712.46552	   0.02029	[mu,kappa]: [(52.65656,8.01522),1.05843]
	26403.79606	   0.02006	[mu,kappa]: [(58.10032,0.91749),1.00421]
	26240.82737	   0.01993	[mu,kappa]: [(52.66573,8.25540),1.05783]
	26448.17734	   0.02009	[mu,kappa]: [(58.56173,0.38839),1.00085]
	26350.98036	   0.02002	[mu,kappa]: [(50.83095,11.25013),1.08475]
	26400.71129	   0.02006	[mu,kappa]: [(48.35205,15.62177),1.13177]
	26214.38851	   0.01991	[mu,kappa]: [(50.81971,11.01822),1.08503]
	26300.29878	   0.01998	[mu,kappa]: [(45.09593,22.29233),1.22034]
	26098.89275	   0.01983	[mu,kappa]: [(57.21409,2.08481),1.01057]
	26427.96792	   0.02008	[mu,kappa]: [(64.38788,354.06291),0.97445]
	26104.45725	   0.01983	[mu,kappa]: [(53.58102,6.83336),1.04654]
	26386.12966	   0.02004	[mu,kappa]: [(54.41712,5.87511),1.03644]
	26236.78433	   0.01993	[mu,kappa]: [(63.84737,354.70134),0.97530]
	26539.53262	   0.02016	[mu,kappa]: [(46.14334,19.83881),1.18705]
			msglen: 10610981.32094 bits.
Iteration #: 4
	26541.85357	   0.02016	[mu,kappa]: [(45.74068,20.94239),1.20134]
	26404.01602	   0.02006	[mu,kappa]: [(74.82406,344.58154),0.98029]
	26086.71351	   0.01982	[mu,kappa]: [(62.96276,355.53318),0.97975]
	26228.81861	   0.01993	[mu,kappa]: [(47.65844,16.51677),1.14819]
	26232.74192	   0.01993	[mu,kappa]: [(53.61397,6.98851),1.04691]
	26221.55617	   0.01992	[mu,kappa]: [(58.76291,0.16933),1.00065]
	26324.54272	   0.02000	[mu,kappa]: [(44.18268,24.47049),1.25511]
	26143.47842	   0.01986	[mu,kappa]: [(66.52103,352.13234),0.97032]
	26605.08270	   0.02021	[mu,kappa]: [(47.74739,16.57207),1.14649]
	26030.56071	   0.01977	[mu,kappa]: [(52.58190,8.24437),1.06039]
	26360.27314	   0.02002	[mu,kappa]: [(61.10483,357.47835),0.98759]
	26628.62506	   0.02023	[mu,kappa]: [(48.00124,16.11958),1.14067]
	26095.75388	   0.01982	[mu,kappa]: [(57.65820,1.57906),1.00812]
	27007.72242	   0.02052	[mu,kappa]: [(85.10187,336.53250),1.04439]
	26108.28164	   0.01983	[mu,kappa]: [(74.99313,344.47901),0.98047]
	26454.20328	   0.02010	[mu,kappa]: [(73.19288,346.02831),0.97487]
	26221.17181	   0.01992	[mu,kappa]: [(57.04310,2.39908),1.01272]
	26064.98075	   0.01980	[mu,kappa]: [(70.79207,348.08763),0.97085]
	26339.52560	   0.02001	[mu,kappa]: [(61.23930,357.39433),0.98664]
	26585.37348	   0.02020	[mu,kappa]: [(44.51518,23.73976),1.24286]
	26098.58576	   0.01983	[mu,kappa]: [(58.99894,359.85147),0.99929]
	26391.42682	   0.02005	[mu,kappa]: [(63.91992,354.50337),0.97700]
	26222.54814	   0.01992	[mu,kappa]: [(57.89469,1.16736),1.00683]
	26181.36340	   0.01989	[mu,kappa]: [(53.91562,6.41955),1.04365]
	26137.64409	   0.01986	[mu,kappa]: [(55.34293,4.56142),1.02814]
	26355.54427	   0.02002	[mu,kappa]: [(52.56075,8.37186),1.06055]
	26077.97717	   0.01981	[mu,kappa]: [(51.87374,9.27912),1.07024]
	26298.66596	   0.01998	[mu,kappa]: [(56.47705,2.94418),1.01806]
	26439.17838	   0.02008	[mu,kappa]: [(64.90963,353.57579),0.97406]
	26219.53714	   0.01992	[mu,kappa]: [(62.40750,355.98672),0.98253]
	26317.33352	   0.01999	[mu,kappa]: [(56.36351,3.14321),1.01888]
	26125.34180	   0.01985	[mu,kappa]: [(57.58233,1.63036),1.00883]
	26074.86636	   0.01981	[mu,kappa]: [(54.21559,6.11757),1.03997]
	26055.19885	   0.01979	[mu,kappa]: [(55.60427,4.01042),1.02619]
	26776.82536	   0.02034	[mu,kappa]: [(41.32653,32.92692),1.40586]
	26238.47686	   0.01993	[mu,kappa]: [(51.82103,9.47059),1.07089]
	26637.63810	   0.02024	[mu,kappa]: [(50.15196,12.04976),1.09757]
	26335.93197	   0.02001	[mu,kappa]: [(61.83334,356.69832),0.98427]
	26168.80815	   0.01988	[mu,kappa]: [(50.06500,12.35393),1.09908]
	26389.80593	   0.02005	[mu,kappa]: [(62.89174,355.59065),0.98009]
	26339.47264	   0.02001	[mu,kappa]: [(46.71134,18.72257),1.17276]
	26546.61307	   0.02017	[mu,kappa]: [(42.99421,27.81681),1.30853]
	26200.22197	   0.01990	[mu,kappa]: [(46.77600,18.42830),1.17060]
	26856.35871	   0.02040	[mu,kappa]: [(39.58263,40.41605),1.57718]
	26016.37674	   0.01976	[mu,kappa]: [(59.74522,359.05820),0.99446]
	26586.55346	   0.02020	[mu,kappa]: [(76.20264,343.44072),0.98545]
	26016.64824	   0.01976	[mu,kappa]: [(51.90398,9.33205),1.06971]
	26290.04307	   0.01997	[mu,kappa]: [(53.52231,7.05937),1.04813]
	26365.78451	   0.02003	[mu,kappa]: [(74.96157,344.51613),0.98025]
	26926.95413	   0.02046	[mu,kappa]: [(40.51646,36.10779),1.47293]
			msglen: 10584931.13879 bits.
Iteration #: 5
	26623.11474	   0.02022	[mu,kappa]: [(40.18652,37.58248),1.51505]
	26957.58605	   0.02048	[mu,kappa]: [(94.94094,328.89781),1.19281]
	25824.21389	   0.01962	[mu,kappa]: [(73.00313,346.05545),0.98093]
	26062.15064	   0.01980	[mu,kappa]: [(42.29664,29.52528),1.34986]
	25790.08942	   0.01959	[mu,kappa]: [(51.99451,9.23907),1.07413]
	25815.48772	   0.01961	[mu,kappa]: [(63.39647,355.00442),0.98402]
	26685.62679	   0.02027	[mu,kappa]: [(38.96466,43.67999),1.67999]
	26058.45055	   0.01980	[mu,kappa]: [(80.51180,340.00643),1.01369]
	26433.37590	   0.02008	[mu,kappa]: [(42.36415,29.47731),1.34745]
	25607.17264	   0.01945	[mu,kappa]: [(50.08040,12.16526),1.10477]
	26021.78703	   0.01977	[mu,kappa]: [(68.81942,349.72949),0.97596]
	26434.08647	   0.02008	[mu,kappa]: [(42.67497,28.55527),1.33067]
	25668.80332	   0.01950	[mu,kappa]: [(60.80893,357.81412),0.99428]
	28848.92449	   0.02192	[mu,kappa]: [(106.71175,319.62366),1.55798]
	26669.63046	   0.02026	[mu,kappa]: [(95.16818,328.74442),1.19683]
	26857.20147	   0.02040	[mu,kappa]: [(92.48241,330.80293),1.14762]
	25782.59932	   0.01959	[mu,kappa]: [(59.37778,359.46592),1.00204]
	26269.25262	   0.01996	[mu,kappa]: [(88.57811,333.74498),1.09116]
	26005.21481	   0.01976	[mu,kappa]: [(69.08797,349.51921),0.97572]
	26883.55454	   0.02042	[mu,kappa]: [(39.19235,42.43658),1.64266]
	25700.44718	   0.01952	[mu,kappa]: [(63.96671,354.39760),0.98245]
	26170.85867	   0.01988	[mu,kappa]: [(75.14373,344.22900),0.98755]
	25798.54515	   0.01960	[mu,kappa]: [(61.42307,357.07000),0.99172]
	25735.89683	   0.01955	[mu,kappa]: [(52.67187,8.13082),1.06489]
	25687.80490	   0.01951	[mu,kappa]: [(55.62986,4.05900),1.03122]
	25927.94349	   0.01970	[mu,kappa]: [(49.99993,12.36054),1.10621]
	25671.01663	   0.01950	[mu,kappa]: [(48.77298,14.43117),1.12979]
	25853.02646	   0.01964	[mu,kappa]: [(58.20193,0.75102),1.01020]
	26266.64587	   0.01995	[mu,kappa]: [(77.23722,342.54905),0.99586]
	25934.28958	   0.01970	[mu,kappa]: [(71.83868,346.98778),0.97918]
	25870.11081	   0.01965	[mu,kappa]: [(57.91790,1.12430),1.01212]
	25696.90396	   0.01952	[mu,kappa]: [(60.66069,357.95476),0.99514]
	25629.04356	   0.01947	[mu,kappa]: [(53.23258,7.37898),1.05754]
	25607.79624	   0.01945	[mu,kappa]: [(56.30668,3.06027),1.02536]
	28123.79658	   0.02136	[mu,kappa]: [(37.66596,55.66899),2.16987]
	25831.49306	   0.01962	[mu,kappa]: [(48.63449,14.75289),1.13274]
	26289.90380	   0.01997	[mu,kappa]: [(45.81893,20.35136),1.20402]
	26024.67563	   0.01977	[mu,kappa]: [(70.47680,348.24006),0.97681]
	25833.92050	   0.01963	[mu,kappa]: [(45.63411,20.86859),1.21011]
	26121.43858	   0.01984	[mu,kappa]: [(72.85514,346.17306),0.98067]
	26282.80727	   0.01997	[mu,kappa]: [(41.16141,33.58133),1.42678]
	27232.57738	   0.02069	[mu,kappa]: [(38.27250,48.75707),1.85116]
	26131.15931	   0.01985	[mu,kappa]: [(41.25333,33.12709),1.41848]
	29559.58682	   0.02246	[mu,kappa]: [(37.53349,63.76396),2.77985]
	25638.50705	   0.01948	[mu,kappa]: [(65.64902,352.75972),0.97836]
	27279.77567	   0.02072	[mu,kappa]: [(96.85769,327.43060),1.23306]
	25610.63302	   0.01946	[mu,kappa]: [(48.78954,14.46316),1.12950]
	25847.35853	   0.01964	[mu,kappa]: [(51.83820,9.44328),1.07643]
	26929.12143	   0.02046	[mu,kappa]: [(95.11913,328.78752),1.19572]
	28787.59318	   0.02187	[mu,kappa]: [(37.53702,59.34858),2.40140]
			msglen: 10466530.23511 bits.
Iteration #: 6
	26857.52419	   0.02040	[mu,kappa]: [(37.52467,59.26066),2.47387]
	29073.18960	   0.02209	[mu,kappa]: [(113.37862,313.45251),2.10162]
	24713.51392	   0.01877	[mu,kappa]: [(91.73059,331.04514),1.17058]
	25244.22047	   0.01918	[mu,kappa]: [(38.11635,49.31005),1.93203]
	23883.36499	   0.01814	[mu,kappa]: [(49.76777,12.45678),1.13843]
	24104.74461	   0.01831	[mu,kappa]: [(74.23430,344.69343),1.01177]
	28157.21957	   0.02139	[mu,kappa]: [(37.55924,65.36076),3.06676]
	25664.12536	   0.01950	[mu,kappa]: [(101.36921,323.68594),1.39492]
	25592.89467	   0.01944	[mu,kappa]: [(38.14950,49.18582),1.92594]
	23769.42913	   0.01806	[mu,kappa]: [(46.46635,18.62698),1.21454]
	24597.49434	   0.01869	[mu,kappa]: [(84.86428,336.23515),1.08109]
	25498.98623	   0.01937	[mu,kappa]: [(38.30472,47.85759),1.87396]
	23865.31993	   0.01813	[mu,kappa]: [(68.59523,349.65998),1.00221]
	35936.03301	   0.02730	[mu,kappa]: [(119.67484,307.26400),3.23860]
	28815.91122	   0.02189	[mu,kappa]: [(113.52122,313.33061),2.11575]
	28386.00725	   0.02156	[mu,kappa]: [(111.75383,314.95677),1.94594]
	23926.36782	   0.01818	[mu,kappa]: [(65.39275,352.71928),1.00499]
	27020.43949	   0.02053	[mu,kappa]: [(108.87697,317.48246),1.73587]
	24598.35069	   0.01869	[mu,kappa]: [(85.32437,335.90297),1.08551]
	28071.99226	   0.02133	[mu,kappa]: [(37.53075,64.20328),2.92721]
	24023.80152	   0.01825	[mu,kappa]: [(75.44562,343.67230),1.01628]
	25230.42207	   0.01917	[mu,kappa]: [(94.81812,328.69343),1.22740]
	24008.82150	   0.01824	[mu,kappa]: [(69.98950,348.35508),1.00317]
	23821.52097	   0.01810	[mu,kappa]: [(51.08613,10.21844),1.11553]
	23770.28320	   0.01806	[mu,kappa]: [(57.12596,1.78088),1.04469]
	24071.15167	   0.01829	[mu,kappa]: [(46.31674,18.98388),1.21895]
	23892.78252	   0.01815	[mu,kappa]: [(44.44193,23.24368),1.28135]
	23963.26624	   0.01820	[mu,kappa]: [(62.82435,355.26217),1.01231]
	25520.42892	   0.01939	[mu,kappa]: [(97.55442,326.62090),1.28811]
	24730.15732	   0.01879	[mu,kappa]: [(89.96291,332.34133),1.14398]
	23972.67810	   0.01821	[mu,kappa]: [(62.17389,355.96574),1.01466]
	23886.79273	   0.01815	[mu,kappa]: [(68.28113,349.93588),1.00233]
	23716.46383	   0.01802	[mu,kappa]: [(52.15228,8.60031),1.09930]
	23703.58277	   0.01801	[mu,kappa]: [(58.65573,359.85831),1.03361]
	34274.95290	   0.02604	[mu,kappa]: [(38.23717,74.43141),5.31171]
	24051.61031	   0.01827	[mu,kappa]: [(44.22366,23.83955),1.29017]
	24734.98072	   0.01879	[mu,kappa]: [(40.75258,34.56329),1.49150]
	24713.34742	   0.01877	[mu,kappa]: [(87.72551,334.06250),1.11323]
	24332.92943	   0.01848	[mu,kappa]: [(40.55448,35.43291),1.51035]
	24986.32172	   0.01898	[mu,kappa]: [(91.51057,331.20648),1.16710]
	25926.42189	   0.01970	[mu,kappa]: [(37.70018,54.60947),2.17911]
	30192.39006	   0.02294	[mu,kappa]: [(37.78900,69.59628),3.76103]
	25722.72793	   0.01954	[mu,kappa]: [(37.72156,54.07367),2.15122]
	42938.41534	   0.03262	[mu,kappa]: [(38.85485,78.94368),9.28160]
	24048.63406	   0.01827	[mu,kappa]: [(78.85659,340.92960),1.03295]
	29937.69261	   0.02274	[mu,kappa]: [(114.55658,312.34814),2.23581]
	23836.56739	   0.01811	[mu,kappa]: [(44.45070,23.26437),1.28123]
	23939.45704	   0.01819	[mu,kappa]: [(49.49252,12.90966),1.14367]
	29082.80341	   0.02209	[mu,kappa]: [(113.49011,313.36250),2.11216]
	37564.46564	   0.02854	[mu,kappa]: [(38.51539,76.61628),6.67223]
			msglen: 9972503.34207 bits.
Iteration #: 7
	25049.38334	   0.01903	[mu,kappa]: [(38.19221,71.38729),5.20109]
	34668.56004	   0.02634	[mu,kappa]: [(120.86921,305.40408),4.32074]
	21585.43062	   0.01640	[mu,kappa]: [(109.29473,316.40253),2.00253]
	20860.68533	   0.01585	[mu,kappa]: [(37.67985,62.23428),3.22786]
	17700.75013	   0.01345	[mu,kappa]: [(52.65270,7.23304),1.22654]
	19093.56152	   0.01450	[mu,kappa]: [(94.12677,328.48427),1.36521]
	29980.04981	   0.02277	[mu,kappa]: [(38.70096,76.02563),7.95159]
	24561.69661	   0.01866	[mu,kappa]: [(115.03072,311.26619),2.62995]
	21122.57930	   0.01605	[mu,kappa]: [(37.68687,62.09160),3.20948]
	17619.42824	   0.01338	[mu,kappa]: [(46.53498,17.99195),1.36515]
	20529.12604	   0.01560	[mu,kappa]: [(104.29411,320.56232),1.70023]
	20818.15786	   0.01581	[mu,kappa]: [(37.67756,60.68336),3.04934]
	18499.51305	   0.01405	[mu,kappa]: [(86.98352,333.90569),1.23974]
	54540.39146	   0.04143	[mu,kappa]: [(123.53192,302.51513),6.49325]
	34491.45072	   0.02620	[mu,kappa]: [(120.93401,305.34214),4.35221]
	32436.79653	   0.02464	[mu,kappa]: [(120.14290,306.17950),3.96929]
	18348.42108	   0.01394	[mu,kappa]: [(82.22967,337.56483),1.18567]
	29011.39526	   0.02204	[mu,kappa]: [(118.80785,307.54869),3.47674]
	20583.74060	   0.01564	[mu,kappa]: [(104.65978,320.27735),1.71740]
	28993.40465	   0.02203	[mu,kappa]: [(38.60012,75.19310),7.25829]
	19127.73499	   0.01453	[mu,kappa]: [(95.48132,327.44702),1.39699]
	22596.38678	   0.01717	[mu,kappa]: [(111.26658,314.67322),2.17182]
	18705.62745	   0.01421	[mu,kappa]: [(88.89573,332.43191),1.26788]
	17675.73273	   0.01343	[mu,kappa]: [(55.30098,3.45529),1.19112]
	17821.67359	   0.01354	[mu,kappa]: [(67.50822,349.96581),1.12406]
	17845.78017	   0.01356	[mu,kappa]: [(46.26695,18.59526),1.37416]
	17774.36286	   0.01350	[mu,kappa]: [(43.26765,25.96866),1.50415]
	18234.91062	   0.01385	[mu,kappa]: [(78.04593,340.83362),1.15371]
	23438.13482	   0.01781	[mu,kappa]: [(112.90124,313.21748),2.34344]
	21327.27238	   0.01620	[mu,kappa]: [(108.09514,317.40280),1.91765]
	18207.42679	   0.01383	[mu,kappa]: [(76.91958,341.75634),1.14694]
	18496.29616	   0.01405	[mu,kappa]: [(86.54480,334.23090),1.23408]
	17620.07011	   0.01339	[mu,kappa]: [(57.44472,0.73076),1.16915]
	17836.87528	   0.01355	[mu,kappa]: [(70.50638,347.17610),1.12548]
	54531.63861	   0.04143	[mu,kappa]: [(39.44312,81.99548),20.51918]
	17904.34526	   0.01360	[mu,kappa]: [(42.93682,26.96136),1.52361]
	18843.09687	   0.01431	[mu,kappa]: [(38.87019,43.95891),1.99604]
	20990.47910	   0.01595	[mu,kappa]: [(106.49418,318.76203),1.81605]
	18589.05754	   0.01412	[mu,kappa]: [(38.70586,45.18836),2.04363]
	21788.15337	   0.01655	[mu,kappa]: [(109.14831,316.52542),1.99161]
	22615.67621	   0.01718	[mu,kappa]: [(37.88277,67.37893),4.05894]
	37048.67999	   0.02814	[mu,kappa]: [(39.07724,78.90516),11.66652]
	22297.64924	   0.01694	[mu,kappa]: [(37.84981,66.89380),3.95902]
	106442.76929	   0.08086	[mu,kappa]: [(39.63326,84.73480),44.02579]
	19444.58095	   0.01477	[mu,kappa]: [(98.99326,324.76418),1.49398]
	36956.79251	   0.02807	[mu,kappa]: [(121.38700,304.85277),4.61418]
	17732.48458	   0.01347	[mu,kappa]: [(43.27244,25.98616),1.50414]
	17739.49129	   0.01348	[mu,kappa]: [(52.12147,8.02249),1.23505]
	34778.17850	   0.02642	[mu,kappa]: [(120.92069,305.35815),4.34429]
	71467.11973	   0.05429	[mu,kappa]: [(39.55954,83.35574),28.48084]
			msglen: 8873021.96715 bits.
Iteration #: 8
	17618.88195	   0.01338	[mu,kappa]: [(39.84101,68.30797),6.99309]
	40565.48469	   0.03082	[mu,kappa]: [(122.39167,303.16133),6.22845]
	19169.64923	   0.01456	[mu,kappa]: [(114.52334,311.01071),3.02104]
	13435.58876	   0.01021	[mu,kappa]: [(39.93470,55.52024),4.04200]
	11579.23201	   0.00880	[mu,kappa]: [(64.51729,353.69849),1.46156]
	14764.55094	   0.01122	[mu,kappa]: [(103.73932,320.39740),2.02423]
	23739.20623	   0.01803	[mu,kappa]: [(39.83790,76.07541),11.88161]
	24097.33574	   0.01831	[mu,kappa]: [(118.50783,307.19304),3.95227]
	13593.85172	   0.01033	[mu,kappa]: [(39.95158,55.33473),4.01565]
	11276.99591	   0.00857	[mu,kappa]: [(55.86694,4.32269),1.57585]
	17191.80037	   0.01306	[mu,kappa]: [(111.01780,314.19484),2.56032]
	13311.27161	   0.01011	[mu,kappa]: [(40.03631,53.52789),3.78593]
	13754.35316	   0.01045	[mu,kappa]: [(98.37781,324.73123),1.79962]
	72014.53012	   0.05471	[mu,kappa]: [(124.04420,301.41176),8.60636]
	40455.52369	   0.03073	[mu,kappa]: [(122.43479,303.12206),6.26676]
	36885.65859	   0.02802	[mu,kappa]: [(121.93118,303.66189),5.78992]
	13347.07929	   0.01014	[mu,kappa]: [(94.62376,327.69985),1.68886]
	31498.90891	   0.02393	[mu,kappa]: [(121.05800,304.57434),5.14396]
	17299.86117	   0.01314	[mu,kappa]: [(111.27738,313.97472),2.58686]
	22297.51586	   0.01694	[mu,kappa]: [(39.85015,74.61845),10.53294]
	14919.75967	   0.01133	[mu,kappa]: [(104.72652,319.57657),2.07764]
	20666.83462	   0.01570	[mu,kappa]: [(115.89565,309.70776),3.27524]
	14043.35572	   0.01067	[mu,kappa]: [(99.83821,323.54629),1.85256]
	11668.84746	   0.00886	[mu,kappa]: [(67.92301,350.14422),1.44356]
	12259.23868	   0.00931	[mu,kappa]: [(81.49741,338.08597),1.47741]
	11409.94996	   0.00867	[mu,kappa]: [(55.45609,4.94050),1.58456]
	11234.81995	   0.00853	[mu,kappa]: [(50.71617,12.70006),1.72141]
	13038.45793	   0.00991	[mu,kappa]: [(91.14981,330.38655),1.61136]
	22041.07718	   0.01674	[mu,kappa]: [(117.03303,308.62344),3.53084]
	18646.16408	   0.01416	[mu,kappa]: [(113.68075,311.77066),2.89263]
	12960.98739	   0.00985	[mu,kappa]: [(90.18690,331.15047),1.59266]
	13723.11833	   0.01043	[mu,kappa]: [(98.03691,324.99383),1.78857]
	11715.97028	   0.00890	[mu,kappa]: [(70.54368,347.63100),1.43707]
	12400.20523	   0.00942	[mu,kappa]: [(84.39814,335.70122),1.50731]
	67398.29289	   0.05120	[mu,kappa]: [(39.61442,84.79237),47.31461]
	11301.90429	   0.00859	[mu,kappa]: [(50.16536,13.77202),1.74317]
	11739.15301	   0.00892	[mu,kappa]: [(42.94598,33.08052),2.32778]
	17997.18040	   0.01367	[mu,kappa]: [(112.56354,312.80929),2.73815]
	11581.01310	   0.00880	[mu,kappa]: [(42.61131,34.53708),2.39044]
	19311.42098	   0.01467	[mu,kappa]: [(114.42055,311.10382),3.00457]
	15108.89984	   0.01148	[mu,kappa]: [(39.81800,62.40457),5.25448]
	34058.64280	   0.02587	[mu,kappa]: [(39.75019,80.94800),20.51104]
	14829.29106	   0.01127	[mu,kappa]: [(39.81533,61.73068),5.10684]
	213137.57637	   0.16191	[mu,kappa]: [(39.63260,86.59559),121.00011]
	15546.22331	   0.01181	[mu,kappa]: [(107.26099,317.46486),2.23629]
	44180.23266	   0.03356	[mu,kappa]: [(122.71778,302.81355),6.58088]
	11208.12102	   0.00851	[mu,kappa]: [(50.71973,12.71826),1.72137]
	11583.50128	   0.00880	[mu,kappa]: [(63.81200,354.45298),1.46702]
	40767.37517	   0.03097	[mu,kappa]: [(122.42695,303.13227),6.25710]
	107998.10537	   0.08204	[mu,kappa]: [(39.59428,85.83085),73.31800]
			msglen: 8323860.09131 bits.
Iteration #: 9
	15719.46412	   0.01194	[mu,kappa]: [(42.30510,63.83565),6.59694]
	42321.17007	   0.03215	[mu,kappa]: [(122.94512,302.48351),6.94240]
	18260.54355	   0.01387	[mu,kappa]: [(115.67048,309.62146),3.32957]
	12646.62248	   0.00961	[mu,kappa]: [(42.45676,50.23105),4.15827]
	10619.11233	   0.00807	[mu,kappa]: [(63.00364,353.76727),1.61965]
	13587.37246	   0.01032	[mu,kappa]: [(103.99365,319.30392),2.15318]
	19786.75277	   0.01503	[mu,kappa]: [(41.30921,74.13221),11.22153]
	23724.73480	   0.01802	[mu,kappa]: [(119.62772,305.96240),4.44642]
	12799.49175	   0.00972	[mu,kappa]: [(42.47196,50.05780),4.13593]
	10407.53474	   0.00791	[mu,kappa]: [(55.18894,3.98413),1.77081]
	16103.05429	   0.01223	[mu,kappa]: [(111.96839,312.83520),2.77737]
	12562.91271	   0.00954	[mu,kappa]: [(42.50019,48.34517),3.93957]
	12584.44226	   0.00956	[mu,kappa]: [(98.04304,323.89343),1.90373]
	77393.30672	   0.05879	[mu,kappa]: [(124.15032,301.13359),9.19926]
	42235.80441	   0.03208	[mu,kappa]: [(122.98108,302.45240),6.98088]
	38156.02793	   0.02899	[mu,kappa]: [(122.59489,302.88873),6.49251]
	12184.92318	   0.00926	[mu,kappa]: [(93.89199,327.04314),1.78575]
	32106.49459	   0.02439	[mu,kappa]: [(121.88708,303.64656),5.80411]
	16219.73911	   0.01232	[mu,kappa]: [(112.24963,312.61066),2.80887]
	18827.09453	   0.01430	[mu,kappa]: [(41.59067,72.08975),9.85066]
	13751.75682	   0.01045	[mu,kappa]: [(105.08574,318.43810),2.21390]
	19871.01728	   0.01510	[mu,kappa]: [(117.06877,308.34199),3.63629]
	12864.71378	   0.00977	[mu,kappa]: [(99.65972,322.63429),1.96161]
	10682.23846	   0.00812	[mu,kappa]: [(66.20781,350.24271),1.58914]
	11175.74525	   0.00849	[mu,kappa]: [(79.77084,337.96213),1.58384]
	10534.23104	   0.00800	[mu,kappa]: [(54.83350,4.57081),1.78136]
	10426.76608	   0.00792	[mu,kappa]: [(50.76795,11.76715),1.94168]
	11889.82699	   0.00903	[mu,kappa]: [(90.07536,329.88244),1.70678]
	21388.12517	   0.01625	[mu,kappa]: [(118.20355,307.30000),3.94401]
	17677.82765	   0.01343	[mu,kappa]: [(114.78947,310.37682),3.17503]
	11816.74751	   0.00898	[mu,kappa]: [(89.02901,330.69072),1.68818]
	12552.81553	   0.00954	[mu,kappa]: [(97.66323,324.17102),1.89183]
	10712.79645	   0.00814	[mu,kappa]: [(68.73490,347.73081),1.57350]
	11301.52405	   0.00859	[mu,kappa]: [(82.81068,335.46945),1.60870]
	60525.45446	   0.04598	[mu,kappa]: [(39.33563,85.27560),58.98404]
	10496.62524	   0.00797	[mu,kappa]: [(50.30920,12.75309),1.96624]
	11051.88043	   0.00840	[mu,kappa]: [(44.46403,29.99625),2.58648]
	16966.20429	   0.01289	[mu,kappa]: [(113.61828,311.42368),2.98951]
	10912.94448	   0.00829	[mu,kappa]: [(44.21486,31.28628),2.64942]
	18384.39430	   0.01397	[mu,kappa]: [(115.56352,309.71357),3.30973]
	13951.37064	   0.01060	[mu,kappa]: [(42.45579,57.15235),5.15916]
	27826.11776	   0.02114	[mu,kappa]: [(40.08806,80.77405),21.10662]
	13730.61871	   0.01043	[mu,kappa]: [(42.45052,56.43947),5.03875]
	254797.33675	   0.19356	[mu,kappa]: [(39.65283,87.12091),193.14871]
	14400.56139	   0.01094	[mu,kappa]: [(107.88410,316.22366),2.39642]
	46371.87975	   0.03523	[mu,kappa]: [(123.19029,302.20704),7.29452]
	10401.93945	   0.00790	[mu,kappa]: [(50.77449,11.78872),1.94154]
	10627.45008	   0.00807	[mu,kappa]: [(62.34658,354.50505),1.62790]
	42554.04925	   0.03233	[mu,kappa]: [(122.97602,302.46064),6.97110]
	108481.44215	   0.08241	[mu,kappa]: [(39.44206,86.39285),104.21160]
			msglen: 8235525.86928 bits.
Iteration #: 10
	16379.26178	   0.01244	[mu,kappa]: [(44.52076,62.95684),6.29198]
	43052.07724	   0.03270	[mu,kappa]: [(123.32810,302.27582),7.22070]
	17769.43753	   0.01350	[mu,kappa]: [(116.62578,309.04571),3.45679]
	13413.03931	   0.01019	[mu,kappa]: [(43.22301,50.01239),4.16949]
	10601.00739	   0.00805	[mu,kappa]: [(58.46373,354.63038),1.70311]
	13074.98082	   0.00993	[mu,kappa]: [(103.43974,319.03939),2.15116]
	19672.15171	   0.01494	[mu,kappa]: [(42.99473,73.40679),10.66587]
	23500.39465	   0.01785	[mu,kappa]: [(120.59579,305.45540),4.69561]
	13575.32876	   0.01031	[mu,kappa]: [(43.21942,49.85241),4.14996]
	10526.17811	   0.00800	[mu,kappa]: [(51.25641,4.84263),1.89016]
	15550.44895	   0.01181	[mu,kappa]: [(112.59264,312.31809),2.83666]
	13322.17144	   0.01012	[mu,kappa]: [(43.01479,48.21000),3.97809]
	12136.67912	   0.00922	[mu,kappa]: [(96.46966,323.84334),1.89024]
	79316.48278	   0.06025	[mu,kappa]: [(124.12260,301.12641),9.27139]
	42975.72871	   0.03265	[mu,kappa]: [(123.35877,302.24922),7.25676]
	38693.40236	   0.02939	[mu,kappa]: [(123.08645,302.63208),6.79022]
	11782.07106	   0.00895	[mu,kappa]: [(91.62075,327.13974),1.77290]
	32358.06048	   0.02458	[mu,kappa]: [(122.54199,303.30682),6.11312]
	15668.92774	   0.01190	[mu,kappa]: [(112.91052,312.08913),2.87177]
	18932.13998	   0.01438	[mu,kappa]: [(43.54493,71.24424),9.31950]
	13231.85653	   0.01005	[mu,kappa]: [(104.71116,318.13357),2.21636]
	19431.02639	   0.01476	[mu,kappa]: [(118.07458,307.76668),3.80132]
	12396.78811	   0.00942	[mu,kappa]: [(98.35816,322.52004),1.94978]
	10617.04330	   0.00807	[mu,kappa]: [(61.56339,351.05275),1.65900]
	10937.91132	   0.00831	[mu,kappa]: [(75.64157,338.48798),1.60207]
	10661.86596	   0.00810	[mu,kappa]: [(50.94799,5.43386),1.90219]
	10650.07807	   0.00809	[mu,kappa]: [(47.46657,12.54524),2.08106]
	11529.65798	   0.00876	[mu,kappa]: [(87.19270,330.09302),1.69917]
	21019.17494	   0.01597	[mu,kappa]: [(119.21905,306.74301),4.14435]
	17161.80834	   0.01304	[mu,kappa]: [(115.67796,309.80468),3.28313]
	11468.51045	   0.00871	[mu,kappa]: [(85.99526,330.93840),1.68234]
	12108.71613	   0.00920	[mu,kappa]: [(96.02173,324.13165),1.87827]
	10613.17263	   0.00806	[mu,kappa]: [(64.08034,348.50966),1.63257]
	11028.63376	   0.00838	[mu,kappa]: [(78.97286,335.89525),1.61811]
	55848.50530	   0.04243	[mu,kappa]: [(38.80454,85.20383),58.11696]
	10734.37837	   0.00815	[mu,kappa]: [(47.09509,13.52548),2.10742]
	11544.89401	   0.00877	[mu,kappa]: [(42.82949,30.39608),2.73822]
	16427.70878	   0.01248	[mu,kappa]: [(114.41651,310.87177),3.07436]
	11416.25597	   0.00867	[mu,kappa]: [(42.71346,31.66233),2.79895]
	17884.42249	   0.01359	[mu,kappa]: [(116.51145,309.13794),3.43451]
	14738.73196	   0.01120	[mu,kappa]: [(44.12657,56.60040),5.03573]
	26678.53084	   0.02027	[mu,kappa]: [(40.28599,80.44361),20.47172]
	14517.02891	   0.01103	[mu,kappa]: [(44.03477,55.92321),4.93165]
	263938.93730	   0.20050	[mu,kappa]: [(39.74603,87.32652),245.67467]
	13861.75904	   0.01053	[mu,kappa]: [(107.95873,315.82815),2.41455]
	47268.03313	   0.03591	[mu,kappa]: [(123.49688,302.03579),7.55130]
	10624.64613	   0.00807	[mu,kappa]: [(47.47744,12.57451),2.08074]
	10619.49679	   0.00807	[mu,kappa]: [(57.83447,355.36927),1.71439]
	43296.99442	   0.03289	[mu,kappa]: [(123.35678,302.25654),7.24744]
	101816.46275	   0.07735	[mu,kappa]: [(39.27972,86.50933),114.56259]
			msglen: 8212044.80086 bits.
Iteration #: 11
	16993.45502	   0.01291	[mu,kappa]: [(46.93024,63.37999),6.14209]
	43558.14528	   0.03309	[mu,kappa]: [(123.58634,302.25276),7.32335]
	17475.93372	   0.01328	[mu,kappa]: [(117.79253,308.85345),3.54836]
	13926.93795	   0.01058	[mu,kappa]: [(43.63758,50.68057),4.14830]
	10611.98545	   0.00806	[mu,kappa]: [(54.63965,353.69773),1.80366]
	12722.83700	   0.00967	[mu,kappa]: [(103.23230,318.96223),2.15256]
	19999.73271	   0.01519	[mu,kappa]: [(44.98107,73.35110),10.59619]
	23433.68011	   0.01780	[mu,kappa]: [(121.61169,305.28298),4.86029]
	14095.05505	   0.01071	[mu,kappa]: [(43.61180,50.52103),4.13057]
	10636.13204	   0.00808	[mu,kappa]: [(47.75474,3.64162),2.01549]
	15189.28370	   0.01154	[mu,kappa]: [(113.51536,312.16684),2.87922]
	13826.78615	   0.01050	[mu,kappa]: [(43.11686,48.80353),3.97560]
	11827.76500	   0.00899	[mu,kappa]: [(95.25411,323.76475),1.88903]
	80288.64797	   0.06099	[mu,kappa]: [(123.91725,301.21090),9.17040]
	43484.56288	   0.03303	[mu,kappa]: [(123.61235,302.22902),7.35623]
	39102.44895	   0.02970	[mu,kappa]: [(123.47348,302.58435),6.92118]
	11505.44085	   0.00874	[mu,kappa]: [(89.73362,327.02983),1.77692]
	32606.80200	   0.02477	[mu,kappa]: [(123.12392,303.21553),6.27681]
	15310.42019	   0.01163	[mu,kappa]: [(113.86903,311.93787),2.91685]
	19355.48201	   0.01470	[mu,kappa]: [(45.82098,71.22171),9.18501]
	12875.49529	   0.00978	[mu,kappa]: [(104.67995,318.04894),2.22024]
	19187.64708	   0.01458	[mu,kappa]: [(119.23690,307.56550),3.91886]
	12073.88444	   0.00917	[mu,kappa]: [(97.40368,322.43858),1.94824]
	10593.46146	   0.00805	[mu,kappa]: [(57.67155,350.21551),1.74928]
	10784.47249	   0.00819	[mu,kappa]: [(72.12456,338.09532),1.64512]
	10778.25737	   0.00819	[mu,kappa]: [(47.47345,4.23735),2.02810]
	10832.26614	   0.00823	[mu,kappa]: [(44.29167,11.30528),2.21578]
	11284.71008	   0.00857	[mu,kappa]: [(84.72807,329.91276),1.71205]
	20838.09503	   0.01583	[mu,kappa]: [(120.34500,306.54729),4.28394]
	16843.61793	   0.01280	[mu,kappa]: [(116.79764,309.61424),3.36134]
	11232.39937	   0.00853	[mu,kappa]: [(83.39706,330.74541),1.69766]
	11802.42060	   0.00897	[mu,kappa]: [(94.73705,324.04709),1.87752]
	10563.59773	   0.00803	[mu,kappa]: [(60.18516,347.77534),1.71365]
	10848.97737	   0.00824	[mu,kappa]: [(75.67879,335.55855),1.65205]
	54994.54977	   0.04178	[mu,kappa]: [(37.96836,85.17335),55.26316]
	10926.17843	   0.00830	[mu,kappa]: [(43.96947,12.30546),2.24230]
	11895.35089	   0.00904	[mu,kappa]: [(40.70576,29.74668),2.85450]
	16085.64905	   0.01222	[mu,kappa]: [(115.48206,310.69984),3.13552]
	11770.94892	   0.00894	[mu,kappa]: [(40.70056,31.10376),2.91055]
	17584.32373	   0.01336	[mu,kappa]: [(117.67336,308.94574),3.52439]
	15320.62768	   0.01164	[mu,kappa]: [(45.73397,57.33921),4.94479]
	26871.32041	   0.02041	[mu,kappa]: [(40.48566,80.38611),20.67909]
	15089.09399	   0.01146	[mu,kappa]: [(45.52350,56.67229),4.84757]
	265680.65926	   0.20182	[mu,kappa]: [(39.86395,87.42139),278.00000]
	13496.56290	   0.01025	[mu,kappa]: [(108.37394,315.72828),2.42800]
	47852.99655	   0.03635	[mu,kappa]: [(123.66736,302.03188),7.62785]
	10806.11992	   0.00821	[mu,kappa]: [(44.30768,11.34676),2.21509]
	10638.11373	   0.00808	[mu,kappa]: [(54.02464,354.40619),1.81735]
	43808.81430	   0.03328	[mu,kappa]: [(123.61429,302.23598),7.34748]
	97060.85405	   0.07373	[mu,kappa]: [(39.06813,86.50680),114.74443]
			msglen: 8200653.29150 bits.
Iteration #: 12
	17332.50226	   0.01317	[mu,kappa]: [(50.06677,64.14790),6.08046]
	43929.73506	   0.03337	[mu,kappa]: [(123.73781,302.28182),7.34218]
	17295.60771	   0.01314	[mu,kappa]: [(119.32481,308.93666),3.61167]
	14096.06418	   0.01071	[mu,kappa]: [(44.32594,51.25646),4.10429]
	10598.51507	   0.00805	[mu,kappa]: [(51.46353,350.95690),1.94270]
	12445.86538	   0.00945	[mu,kappa]: [(103.48726,319.05625),2.15588]
	20168.73444	   0.01532	[mu,kappa]: [(47.49652,73.52329),10.86997]
	23450.62284	   0.01781	[mu,kappa]: [(122.79010,305.29737),4.96610]
	14266.02547	   0.01084	[mu,kappa]: [(44.27362,51.08860),4.08793]
	10693.36701	   0.00812	[mu,kappa]: [(44.72219,0.24341),2.17790]
	14933.38124	   0.01134	[mu,kappa]: [(114.90270,312.31354),2.90717]
	13991.05000	   0.01063	[mu,kappa]: [(43.40550,49.18059),3.94738]
	11575.27969	   0.00879	[mu,kappa]: [(94.45090,323.65962),1.89889]
	80841.78719	   0.06141	[mu,kappa]: [(123.48238,301.29253),9.02597]
	43856.27870	   0.03332	[mu,kappa]: [(123.75931,302.26008),7.37193]
	39424.47640	   0.02995	[mu,kappa]: [(123.79279,302.60625),6.96591]
	11274.46669	   0.00857	[mu,kappa]: [(88.24727,326.72366),1.79768]
	32836.47504	   0.02494	[mu,kappa]: [(123.69531,303.22418),6.35689]
	15058.25558	   0.01144	[mu,kappa]: [(115.29342,312.08746),2.94643]
	19599.66841	   0.01489	[mu,kappa]: [(48.68543,71.46252),9.31241]
	12597.71267	   0.00957	[mu,kappa]: [(105.11777,318.16272),2.22423]
	19056.37870	   0.01448	[mu,kappa]: [(120.69601,307.61311),4.00016]
	11812.41805	   0.00897	[mu,kappa]: [(96.86428,322.38580),1.95565]
	10554.84871	   0.00802	[mu,kappa]: [(54.44807,347.73915),1.87825]
	10645.66392	   0.00809	[mu,kappa]: [(69.15441,336.81145),1.72002]
	10839.03766	   0.00823	[mu,kappa]: [(44.45482,0.83549),2.19050]
	10933.59559	   0.00831	[mu,kappa]: [(41.38621,7.76496),2.38262]
	11076.73702	   0.00841	[mu,kappa]: [(82.66631,329.35424),1.74696]
	20762.49385	   0.01577	[mu,kappa]: [(121.71127,306.57592),4.37871]
	16637.78613	   0.01264	[mu,kappa]: [(118.30411,309.70568),3.41542]
	11030.82918	   0.00838	[mu,kappa]: [(81.21353,330.12677),1.73611]
	11551.59656	   0.00878	[mu,kappa]: [(93.85868,323.91920),1.88850]
	10504.84950	   0.00798	[mu,kappa]: [(56.95947,345.54770),1.83240]
	10690.64023	   0.00812	[mu,kappa]: [(72.87453,334.48060),1.71594]
	56090.78405	   0.04261	[mu,kappa]: [(36.79189,85.34392),53.86028]
	11032.18167	   0.00838	[mu,kappa]: [(41.08745,8.79255),2.40808]
	12058.64443	   0.00916	[mu,kappa]: [(38.44334,27.39817),2.97548]
	15854.15744	   0.01204	[mu,kappa]: [(116.97903,310.82316),3.17694]
	11931.62655	   0.00906	[mu,kappa]: [(38.53967,28.94211),3.02368]
	17398.60316	   0.01322	[mu,kappa]: [(119.20357,309.02994),3.58655]
	15561.51281	   0.01182	[mu,kappa]: [(47.94145,58.31514),4.86600]
	27054.51702	   0.02055	[mu,kappa]: [(40.86867,80.45467),21.49493]
	15317.81413	   0.01164	[mu,kappa]: [(47.58291,57.63472),4.76993]
	266143.91481	   0.20218	[mu,kappa]: [(39.98569,87.45475),278.00000]
	13219.95844	   0.01004	[mu,kappa]: [(109.28175,315.88946),2.43626]
	48263.54749	   0.03666	[mu,kappa]: [(123.70671,302.06870),7.62392]
	10906.52489	   0.00829	[mu,kappa]: [(41.40754,7.82465),2.38123]
	10630.48082	   0.00808	[mu,kappa]: [(50.85462,351.59677),1.95900]
	44183.22096	   0.03356	[mu,kappa]: [(123.76668,302.26715),7.36361]
	94362.76517	   0.07168	[mu,kappa]: [(38.80977,86.48373),111.98852]
			msglen: 8192501.08473 bits.
Iteration #: 13
	17533.42492	   0.01332	[mu,kappa]: [(54.26204,65.00122),6.10430]
	44198.21152	   0.03358	[mu,kappa]: [(123.76207,302.30973),7.33236]
	17179.36996	   0.01305	[mu,kappa]: [(121.43709,309.31617),3.65013]
	13979.59590	   0.01062	[mu,kappa]: [(45.50548,51.63792),4.04086]
	10574.44571	   0.00803	[mu,kappa]: [(48.63700,346.44490),2.14958]
	12192.58795	   0.00926	[mu,kappa]: [(104.34105,319.38426),2.15454]
	20212.51730	   0.01535	[mu,kappa]: [(50.65364,73.76822),11.55441]
	23505.08699	   0.01786	[mu,kappa]: [(124.26470,305.46449),5.03112]
	14147.81613	   0.01075	[mu,kappa]: [(45.41850,51.45533),4.02568]
	10733.85048	   0.00815	[mu,kappa]: [(41.95820,354.62376),2.41920]
	14732.22181	   0.01119	[mu,kappa]: [(116.99406,312.81781),2.91849]
	13869.42764	   0.01054	[mu,kappa]: [(44.03498,49.24936),3.89967]
	11331.02429	   0.00861	[mu,kappa]: [(94.05544,323.56359),1.91369]
	81232.70770	   0.06171	[mu,kappa]: [(122.71856,301.33322),8.91336]
	44124.04674	   0.03352	[mu,kappa]: [(123.77884,302.28951),7.35934]
	39666.68235	   0.03013	[mu,kappa]: [(124.04891,302.64353),6.97377]
	11044.63717	   0.00839	[mu,kappa]: [(87.06350,326.23943),1.83080]
	33026.73149	   0.02509	[mu,kappa]: [(124.29748,303.27846),6.39311]
	14862.35053	   0.01129	[mu,kappa]: [(117.42658,312.59785),2.95881]
	19735.61890	   0.01499	[mu,kappa]: [(52.25925,71.77896),9.72437]
	12347.03957	   0.00938	[mu,kappa]: [(106.18249,318.54046),2.22200]
	18987.10066	   0.01442	[mu,kappa]: [(122.63956,307.90812),4.05210]
	11562.72831	   0.00878	[mu,kappa]: [(96.76972,322.40154),1.96560]
	10507.52548	   0.00798	[mu,kappa]: [(51.57594,343.66125),2.07104]
	10498.44754	   0.00798	[mu,kappa]: [(66.43549,334.64093),1.83464]
	10881.25213	   0.00827	[mu,kappa]: [(41.69510,355.19779),2.43144]
	11002.60361	   0.00836	[mu,kappa]: [(38.61519,1.79548),2.62915]
	10865.97167	   0.00825	[mu,kappa]: [(80.83242,328.41922),1.80247]
	20742.70883	   0.01576	[mu,kappa]: [(123.48383,306.81197),4.43945]
	16494.20993	   0.01253	[mu,kappa]: [(120.41627,310.10744),3.44718]
	10825.41437	   0.00822	[mu,kappa]: [(79.25377,329.08348),1.79693]
	11308.27790	   0.00859	[mu,kappa]: [(93.37102,323.78029),1.90525]
	10436.81503	   0.00793	[mu,kappa]: [(54.07569,341.86037),2.01011]
	10525.65853	   0.00800	[mu,kappa]: [(70.29042,332.65823),1.81496]
	57512.12572	   0.04369	[mu,kappa]: [(35.20361,85.74065),54.68342]
	11101.97695	   0.00843	[mu,kappa]: [(38.31783,2.84380),2.65242]
	12092.31169	   0.00919	[mu,kappa]: [(35.92817,23.05903),3.14286]
	15683.30890	   0.01191	[mu,kappa]: [(119.14221,311.28724),3.19858]
	11953.60434	   0.00908	[mu,kappa]: [(36.11457,24.89831),3.17794]
	17277.49921	   0.01313	[mu,kappa]: [(121.31719,309.41233),3.62419]
	15561.19220	   0.01182	[mu,kappa]: [(51.14093,59.33603),4.79832]
	26761.33873	   0.02033	[mu,kappa]: [(41.63813,80.47180),22.70538]
	15297.04345	   0.01162	[mu,kappa]: [(50.59600,58.62927),4.69772]
	268829.41064	   0.20422	[mu,kappa]: [(40.10769,87.42844),278.00000]
	12980.99944	   0.00986	[mu,kappa]: [(110.89381,316.38591),2.43406]
	48554.07587	   0.03688	[mu,kappa]: [(123.57838,302.09463),7.59869]
	10973.85201	   0.00834	[mu,kappa]: [(38.64002,1.87988),2.62642]
	10612.41939	   0.00806	[mu,kappa]: [(48.03266,346.97668),2.16985]
	44453.09199	   0.03377	[mu,kappa]: [(123.79400,302.29717),7.35115]
	91860.64045	   0.06978	[mu,kappa]: [(38.54649,86.49230),110.81033]
			msglen: 8178661.55636 bits.
Iteration #: 14
	17856.21639	   0.01356	[mu,kappa]: [(59.56780,65.88325),6.26663]
	44377.87056	   0.03371	[mu,kappa]: [(123.60196,302.30213),7.33155]
	17106.08391	   0.01299	[mu,kappa]: [(124.43056,310.10099),3.67484]
	13636.41480	   0.01036	[mu,kappa]: [(47.30028,51.96990),3.97709]
	10557.21991	   0.00802	[mu,kappa]: [(46.13819,340.32177),2.48034]
	11908.54167	   0.00905	[mu,kappa]: [(106.05727,320.04040),2.14821]
	20487.18462	   0.01556	[mu,kappa]: [(54.19895,74.14453),13.03061]
	23577.70154	   0.01791	[mu,kappa]: [(126.19992,305.79978),5.07450]
	13799.03189	   0.01048	[mu,kappa]: [(47.16643,51.76783),3.96286]
	10807.54251	   0.00821	[mu,kappa]: [(39.55350,347.01493),2.81488]
	14553.80973	   0.01106	[mu,kappa]: [(120.15146,313.83913),2.91944]
	13508.90327	   0.01026	[mu,kappa]: [(45.05481,49.15977),3.85202]
	11034.91327	   0.00838	[mu,kappa]: [(94.15826,323.47948),1.93341]
	81667.28533	   0.06204	[mu,kappa]: [(121.47730,301.31056),8.89117]
	44303.13955	   0.03366	[mu,kappa]: [(123.61349,302.28321),7.35620]
	39827.46216	   0.03026	[mu,kappa]: [(124.21773,302.66315),6.97842]
	10756.39644	   0.00817	[mu,kappa]: [(86.16866,325.53163),1.87905]
	33162.01296	   0.02519	[mu,kappa]: [(124.95666,303.35032),6.41409]
	14692.35350	   0.01116	[mu,kappa]: [(120.63383,313.63152),2.96067]
	20066.05308	   0.01524	[mu,kappa]: [(56.27764,72.18684),10.60828]
	12071.28517	   0.00917	[mu,kappa]: [(108.16280,319.29092),2.21373]
	18959.11575	   0.01440	[mu,kappa]: [(125.32180,308.52286),4.08783]
	11264.99592	   0.00856	[mu,kappa]: [(97.25027,322.50642),1.97772]
	10458.17620	   0.00794	[mu,kappa]: [(49.00404,338.09952),2.37724]
	10307.10361	   0.00783	[mu,kappa]: [(63.83886,331.52810),2.01137]
	10956.05424	   0.00832	[mu,kappa]: [(39.28754,347.55012),2.82665]
	11105.40648	   0.00844	[mu,kappa]: [(36.12845,353.55375),3.03945]
	10596.76883	   0.00805	[mu,kappa]: [(79.14333,327.03016),1.88603]
	20758.74149	   0.01577	[mu,kappa]: [(125.87989,307.30158),4.48159]
	16388.19613	   0.01245	[mu,kappa]: [(123.44667,310.93832),3.46624]
	10561.79018	   0.00802	[mu,kappa]: [(77.42361,327.53546),1.88875]
	11012.21244	   0.00837	[mu,kappa]: [(93.35093,323.62572),1.92804]
	10356.41070	   0.00787	[mu,kappa]: [(51.45713,336.78886),2.29030]
	10312.25407	   0.00783	[mu,kappa]: [(67.80040,330.01662),1.96736]
	59819.43178	   0.04544	[mu,kappa]: [(33.15237,86.37043),58.91167]
	11202.45040	   0.00851	[mu,kappa]: [(35.81074,354.59341),3.05936]
	12058.73145	   0.00916	[mu,kappa]: [(33.16502,16.52038),3.42774]
	15546.52114	   0.01181	[mu,kappa]: [(122.31530,312.23665),3.20873]
	11894.43648	   0.00904	[mu,kappa]: [(33.40009,18.76726),3.44065]
	17199.20793	   0.01307	[mu,kappa]: [(124.31690,310.20324),3.64821]
	15473.15831	   0.01175	[mu,kappa]: [(55.60068,60.43458),4.77594]
	26304.48271	   0.01998	[mu,kappa]: [(43.05068,80.37753),24.76920]
	15166.60768	   0.01152	[mu,kappa]: [(54.83434,59.70309),4.66260]
	272110.36729	   0.20671	[mu,kappa]: [(40.23924,87.38237),278.00000]
	12735.23819	   0.00967	[mu,kappa]: [(113.56107,317.36851),2.42347]
	48755.50443	   0.03704	[mu,kappa]: [(123.20490,302.07585),7.59293]
	11073.17212	   0.00841	[mu,kappa]: [(36.15172,353.66462),3.03415]
	10604.42601	   0.00806	[mu,kappa]: [(45.54632,340.71744),2.50778]
	44633.32598	   0.03391	[mu,kappa]: [(123.63995,302.29201),7.34769]
	89001.28979	   0.06761	[mu,kappa]: [(38.32574,86.52052),111.13943]
			msglen: 8153929.09023 bits.
Iteration #: 15
	18395.44487	   0.01397	[mu,kappa]: [(65.74249,66.51645),6.58779]
	44463.71239	   0.03378	[mu,kappa]: [(123.15667,302.22176),7.37423]
	17074.80502	   0.01297	[mu,kappa]: [(128.62701,311.47548),3.71584]
	12998.53120	   0.00987	[mu,kappa]: [(49.91998,52.13724),3.93821]
	10554.13588	   0.00802	[mu,kappa]: [(44.36418,333.15081),3.02792]
	11520.46036	   0.00875	[mu,kappa]: [(108.94677,321.06814),2.14898]
	21104.35434	   0.01603	[mu,kappa]: [(57.42781,74.68336),15.88359]
	23660.00442	   0.01797	[mu,kappa]: [(128.76798,306.33688),5.12642]
	13149.80064	   0.00999	[mu,kappa]: [(49.72383,51.91296),3.92457]
	10957.78216	   0.00832	[mu,kappa]: [(37.97947,338.34196),3.48292]
	14375.55191	   0.01092	[mu,kappa]: [(124.76844,315.62456),2.93452]
	12828.98134	   0.00975	[mu,kappa]: [(46.60510,48.81265),3.82901]
	10598.09223	   0.00805	[mu,kappa]: [(94.89803,323.27096),1.96967]
	82427.87590	   0.06262	[mu,kappa]: [(119.57112,301.21247),9.03043]
	44389.30290	   0.03372	[mu,kappa]: [(123.16233,302.20422),7.39695]
	39883.50879	   0.03030	[mu,kappa]: [(124.23871,302.62754),7.00984]
	10318.79804	   0.00784	[mu,kappa]: [(85.63364,324.39551),1.95840]
	33211.19519	   0.02523	[mu,kappa]: [(125.67502,303.40753),6.44712]
	14529.15284	   0.01104	[mu,kappa]: [(125.31175,315.44461),2.97741]
	20567.95450	   0.01562	[mu,kappa]: [(60.07105,72.61054),12.09393]
	11702.33403	   0.00889	[mu,kappa]: [(111.39468,320.49300),2.21249]
	18971.13155	   0.01441	[mu,kappa]: [(129.01361,309.58173),4.13771]
	10832.32248	   0.00823	[mu,kappa]: [(98.47747,322.59744),2.00313]
	10401.86283	   0.00790	[mu,kappa]: [(47.10823,331.48638),2.88142]
	10011.33505	   0.00761	[mu,kappa]: [(61.57987,327.40448),2.29660]
	11107.18524	   0.00844	[mu,kappa]: [(37.70705,338.81721),3.49434]
	11296.69787	   0.00858	[mu,kappa]: [(34.46348,344.02596),3.74157]
	10182.69707	   0.00774	[mu,kappa]: [(77.66869,324.96550),2.02132]
	20808.08497	   0.01581	[mu,kappa]: [(129.13039,308.12716),4.53578]
	16312.02109	   0.01239	[mu,kappa]: [(127.72915,312.39410),3.50077]
	10154.95300	   0.00771	[mu,kappa]: [(75.80143,325.26514),2.03701]
	10574.01642	   0.00803	[mu,kappa]: [(93.92438,323.30799),1.96892]
	10246.07620	   0.00778	[mu,kappa]: [(49.45490,330.64558),2.74911]
	9982.67606	   0.00758	[mu,kappa]: [(65.57912,326.42496),2.21357]
	63646.75874	   0.04835	[mu,kappa]: [(30.80547,87.21392),69.65709]
	11387.30991	   0.00865	[mu,kappa]: [(34.11054,345.00121),3.75674]
	11964.76641	   0.00909	[mu,kappa]: [(30.61953,7.83013),3.93634]
	15432.64064	   0.01172	[mu,kappa]: [(126.86773,313.90664),3.23475]
	11751.63807	   0.00893	[mu,kappa]: [(30.81471,10.50929),3.91217]
	17161.96151	   0.01304	[mu,kappa]: [(128.52607,311.58865),3.68844]
	15333.75881	   0.01165	[mu,kappa]: [(61.50695,61.36645),4.84569]
	26007.01073	   0.01976	[mu,kappa]: [(45.30330,80.17740),29.29971]
	14948.77255	   0.01136	[mu,kappa]: [(60.51734,60.62420),4.70934]
	275836.77468	   0.20954	[mu,kappa]: [(40.37856,87.32717),278.00000]
	12431.92069	   0.00944	[mu,kappa]: [(117.68219,319.02143),2.42173]
	48884.14687	   0.03714	[mu,kappa]: [(122.46217,301.97738),7.64531]
	11257.61465	   0.00855	[mu,kappa]: [(34.47897,344.15129),3.73172]
	10617.62922	   0.00807	[mu,kappa]: [(43.79899,333.41875),3.06823]
	44718.79686	   0.03397	[mu,kappa]: [(123.20504,302.21468),7.38747]
	85398.66088	   0.06487	[mu,kappa]: [(38.20906,86.54214),113.89412]
			msglen: 8112294.17904 bits.
Iteration #: 16
	19149.84943	   0.01455	[mu,kappa]: [(72.16597,66.53646),6.99267]
	44420.18444	   0.03374	[mu,kappa]: [(122.29629,302.02639),7.50129]
	17091.44468	   0.01298	[mu,kappa]: [(134.16178,313.64773),3.83897]
	12044.52140	   0.00915	[mu,kappa]: [(53.42922,51.90803),3.97861]
	10608.07400	   0.00806	[mu,kappa]: [(43.65263,326.29128),3.89107]
	10938.70523	   0.00831	[mu,kappa]: [(113.04087,322.32959),2.18117]
	21889.90297	   0.01663	[mu,kappa]: [(59.47127,75.38634),20.61723]
	23733.64515	   0.01803	[mu,kappa]: [(132.08988,307.08774),5.24442]
	12177.41123	   0.00925	[mu,kappa]: [(53.15641,51.66324),3.96488]
	11249.23795	   0.00855	[mu,kappa]: [(37.45558,330.59519),4.52199]
	14172.06614	   0.01077	[mu,kappa]: [(130.96674,318.43716),3.01679]
	11796.63127	   0.00896	[mu,kappa]: [(48.75000,48.04356),3.88183]
	9924.01329	   0.00754	[mu,kappa]: [(96.15474,322.59683),2.04548]
	84007.63579	   0.06382	[mu,kappa]: [(116.84004,301.05488),9.43889]
	44347.83198	   0.03369	[mu,kappa]: [(122.29563,302.01067),7.52245]
	39767.21208	   0.03021	[mu,kappa]: [(124.02289,302.48591),7.10281]
	9643.41039	   0.00733	[mu,kappa]: [(85.36056,322.49053),2.09985]
	33099.08849	   0.02514	[mu,kappa]: [(126.42985,303.39546),6.52689]
	14352.90315	   0.01090	[mu,kappa]: [(131.58261,318.32017),3.06434]
	20820.34392	   0.01582	[mu,kappa]: [(62.86829,72.90828),13.94276]
	11155.55895	   0.00847	[mu,kappa]: [(115.93559,322.06479),2.24485]
	19025.68412	   0.01445	[mu,kappa]: [(133.85387,311.21044),4.26681]
	10167.03188	   0.00772	[mu,kappa]: [(100.35032,322.35870),2.06376]
	10372.74478	   0.00788	[mu,kappa]: [(46.27014,324.96542),3.68121]
	9585.75994	   0.00728	[mu,kappa]: [(60.02943,322.51962),2.76309]
	11399.68366	   0.00866	[mu,kappa]: [(37.17417,331.01107),4.53329]
	11646.08241	   0.00885	[mu,kappa]: [(33.84494,335.56365),4.83606]
	9551.35430	   0.00726	[mu,kappa]: [(76.44532,321.98583),2.25208]
	20888.36955	   0.01587	[mu,kappa]: [(133.37279,309.36032),4.66561]
	16260.90015	   0.01235	[mu,kappa]: [(133.39301,314.69035),3.61228]
	9536.33737	   0.00724	[mu,kappa]: [(74.46182,322.06676),2.28810]
	9897.65521	   0.00752	[mu,kappa]: [(94.96551,322.48008),2.05166]
	10128.68808	   0.00769	[mu,kappa]: [(48.47879,324.38668),3.48096]
	9500.23942	   0.00722	[mu,kappa]: [(63.94027,321.98231),2.62025]
	69006.43233	   0.05242	[mu,kappa]: [(28.72664,88.10182),89.88117]
	11725.55573	   0.00891	[mu,kappa]: [(33.45605,336.43890),4.84605]
	11851.10197	   0.00900	[mu,kappa]: [(28.88288,358.63572),4.78513]
	15333.13004	   0.01165	[mu,kappa]: [(132.92464,316.56425),3.33646]
	11558.64303	   0.00878	[mu,kappa]: [(28.95592,1.55729),4.70734]
	17170.44603	   0.01304	[mu,kappa]: [(134.07925,313.77805),3.81018]
	15215.81753	   0.01156	[mu,kappa]: [(68.53832,61.73744),5.07323]
	26763.36538	   0.02033	[mu,kappa]: [(48.04756,79.99733),40.38941]
	14705.93495	   0.01117	[mu,kappa]: [(67.38658,61.00404),4.90691]
	279988.01999	   0.21269	[mu,kappa]: [(40.50672,87.27320),278.00000]
	12006.94732	   0.00912	[mu,kappa]: [(123.36979,321.44782),2.46498]
	48942.29292	   0.03718	[mu,kappa]: [(121.19984,301.76533),7.80368]
	11595.66684	   0.00881	[mu,kappa]: [(33.85130,335.68081),4.81992]
	10697.87095	   0.00813	[mu,kappa]: [(43.11706,326.49400),3.95032]
	44672.79458	   0.03394	[mu,kappa]: [(122.36095,302.02298),7.51096]
	80788.77761	   0.06137	[mu,kappa]: [(38.22909,86.54970),120.87250]
			msglen: 8054599.25684 bits.
Iteration #: 17
	20050.93070	   0.01523	[mu,kappa]: [(78.02387,65.80802),7.33897]
	44184.16702	   0.03356	[mu,kappa]: [(120.93176,301.69378),7.75512]
	17172.20003	   0.01305	[mu,kappa]: [(140.68805,316.71366),4.15967]
	10981.48811	   0.00834	[mu,kappa]: [(57.16132,51.17594),4.18961]
	10761.62623	   0.00818	[mu,kappa]: [(43.82912,321.18930),4.99564]
	10097.78073	   0.00767	[mu,kappa]: [(117.78392,323.41576),2.26836]
	22292.67444	   0.01693	[mu,kappa]: [(60.22014,76.16655),27.03950]
	23779.20558	   0.01806	[mu,kappa]: [(136.15688,307.99887),5.52951]
	11091.94769	   0.00843	[mu,kappa]: [(56.80800,50.91949),4.17516]
	11666.21724	   0.00886	[mu,kappa]: [(37.49074,325.52816),5.76048]
	13917.52940	   0.01057	[mu,kappa]: [(138.22008,322.37570),3.24812]
	10629.10219	   0.00807	[mu,kappa]: [(51.00923,46.89302),4.10398]
	8982.63251	   0.00682	[mu,kappa]: [(97.29309,321.02182),2.18718]
	87230.59580	   0.06626	[mu,kappa]: [(113.30802,300.91377),10.26351]
	44116.42777	   0.03351	[mu,kappa]: [(120.92475,301.68060),7.77503]
	39363.28352	   0.02990	[mu,kappa]: [(123.50989,302.19281),7.29216]
	8735.62531	   0.00664	[mu,kappa]: [(84.91972,319.57760),2.34650]
	32703.14491	   0.02484	[mu,kappa]: [(127.21379,303.24465),6.69429]
	14144.70214	   0.01075	[mu,kappa]: [(138.90756,322.38660),3.30817]
	20173.43158	   0.01533	[mu,kappa]: [(64.53762,72.91492),15.47156]
	10363.68247	   0.00787	[mu,kappa]: [(121.25359,323.64721),2.33808]
	19135.32539	   0.01454	[mu,kappa]: [(139.63306,313.43295),4.59164]
	9227.66638	   0.00701	[mu,kappa]: [(102.22215,321.32338),2.18254]
	10433.17262	   0.00793	[mu,kappa]: [(46.43762,319.87348),4.73961]
	9124.44398	   0.00693	[mu,kappa]: [(59.45959,317.61640),3.48464]
	11818.24626	   0.00898	[mu,kappa]: [(37.18904,325.91816),5.77247]
	12131.95741	   0.00922	[mu,kappa]: [(33.65498,330.31705),6.13612]
	8744.65629	   0.00664	[mu,kappa]: [(75.37514,318.14205),2.64159]
	21005.78099	   0.01596	[mu,kappa]: [(138.49405,310.98506),4.98560]
	16234.80050	   0.01233	[mu,kappa]: [(140.05682,317.91717),3.90530]
	8755.04419	   0.00665	[mu,kappa]: [(73.37148,318.06019),2.70846]
	8956.86853	   0.00680	[mu,kappa]: [(95.85195,320.72290),2.20441]
	10081.42140	   0.00766	[mu,kappa]: [(48.57338,319.26609),4.48161]
	8952.28706	   0.00680	[mu,kappa]: [(63.14121,317.26452),3.26714]
	73803.18593	   0.05606	[mu,kappa]: [(27.47944,88.73802),113.23850]
	12200.58755	   0.00927	[mu,kappa]: [(33.22814,331.13320),6.14631]
	11852.13541	   0.00900	[mu,kappa]: [(27.80146,352.23133),5.96651]
	15243.07729	   0.01158	[mu,kappa]: [(140.00969,320.34214),3.61240]
	11464.34484	   0.00871	[mu,kappa]: [(27.76504,355.12736),5.84072]
	17239.01085	   0.01310	[mu,kappa]: [(140.62498,316.86721),4.12758]
	15287.35733	   0.01161	[mu,kappa]: [(75.40530,61.33724),5.48947]
	30096.47325	   0.02286	[mu,kappa]: [(50.13937,80.01715),62.82184]
	14614.42398	   0.01110	[mu,kappa]: [(74.17579,60.61964),5.30135]
	284027.67547	   0.21576	[mu,kappa]: [(40.57538,87.24208),278.00000]
	11399.78591	   0.00866	[mu,kappa]: [(130.09673,324.49673),2.59846]
	48929.33376	   0.03717	[mu,kappa]: [(119.32230,301.43504),8.12103]
	12068.27038	   0.00917	[mu,kappa]: [(33.65570,330.41500),6.11543]
	10882.17122	   0.00827	[mu,kappa]: [(43.29741,321.40758),5.06962]
	44429.51618	   0.03375	[mu,kappa]: [(121.01987,301.69405),7.76002]
	75795.58430	   0.05758	[mu,kappa]: [(38.27149,86.58977),134.14923]
			msglen: 7993722.74720 bits.
Iteration #: 18
	21075.09993	   0.01601	[mu,kappa]: [(82.64527,64.76810),7.56257]
	43637.73996	   0.03315	[mu,kappa]: [(119.13528,301.25049),8.16267]
	17380.22580	   0.01320	[mu,kappa]: [(147.31205,320.50819),4.85040]
	10180.08989	   0.00773	[mu,kappa]: [(59.75264,50.16562),4.64901]
	10925.25000	   0.00830	[mu,kappa]: [(44.41695,318.13036),5.98937]
	9011.47030	   0.00685	[mu,kappa]: [(122.30843,323.92461),2.40975]
	21921.02121	   0.01665	[mu,kappa]: [(60.46433,76.83779),34.05527]
	23833.68792	   0.01811	[mu,kappa]: [(140.75255,308.93554),6.14649]
	10271.79293	   0.00780	[mu,kappa]: [(59.32958,49.90986),4.63493]
	11998.38725	   0.00911	[mu,kappa]: [(37.40343,323.21726),6.75076]
	13615.41050	   0.01034	[mu,kappa]: [(145.45674,327.28466),3.72711]
	9747.31599	   0.00740	[mu,kappa]: [(52.33960,45.71051),4.59979]
	7871.39212	   0.00598	[mu,kappa]: [(97.40033,318.42947),2.41070]
	93028.69456	   0.07067	[mu,kappa]: [(109.35870,300.92520),11.62946]
	43577.55263	   0.03310	[mu,kappa]: [(119.12235,301.24056),8.18166]
	38506.50397	   0.02925	[mu,kappa]: [(122.77117,301.73928),7.60094]
	7749.39412	   0.00589	[mu,kappa]: [(83.78804,315.89037),2.74738]
	31878.91391	   0.02422	[mu,kappa]: [(128.11281,302.90305),6.99303]
	13915.23007	   0.01057	[mu,kappa]: [(146.17796,327.50244),3.81619]
	18669.48123	   0.01418	[mu,kappa]: [(65.62309,72.56145),16.20932]
	9328.71565	   0.00709	[mu,kappa]: [(126.50647,324.84316),2.49615]
	19368.45337	   0.01471	[mu,kappa]: [(145.69163,316.07361),5.29472]
	8090.67995	   0.00615	[mu,kappa]: [(103.13519,319.27253),2.36668]
	10548.17372	   0.00801	[mu,kappa]: [(47.22497,316.59255),5.75783]
	8814.17479	   0.00670	[mu,kappa]: [(59.88213,313.48589),4.46880]
	12153.14588	   0.00923	[mu,kappa]: [(37.05876,323.63196),6.76496]
	12553.80971	   0.00954	[mu,kappa]: [(33.08990,328.49078),7.19002]
	7959.05970	   0.00605	[mu,kappa]: [(74.34067,313.98006),3.26794]
	21227.96923	   0.01613	[mu,kappa]: [(144.02095,312.83660),5.68041]
	16272.26623	   0.01236	[mu,kappa]: [(146.80461,321.90920),4.52912]
	8013.52757	   0.00609	[mu,kappa]: [(72.46658,313.84420),3.37798]
	7855.95363	   0.00597	[mu,kappa]: [(95.70653,317.96016),2.44700]
	10124.49753	   0.00769	[mu,kappa]: [(49.42995,315.78088),5.51184]
	8544.36253	   0.00649	[mu,kappa]: [(63.24519,313.06050),4.20493]
	75694.17959	   0.05750	[mu,kappa]: [(26.90739,89.04728),128.51854]
	12624.18437	   0.00959	[mu,kappa]: [(32.60729,329.34726),7.21114]
	12150.85974	   0.00923	[mu,kappa]: [(26.57094,350.75501),7.25354]
	15191.08181	   0.01154	[mu,kappa]: [(147.07341,325.09539),4.19542]
	11693.25234	   0.00888	[mu,kappa]: [(26.50238,353.57323),7.12555]
	17428.29928	   0.01324	[mu,kappa]: [(147.26587,320.69123),4.81026]
	15669.69437	   0.01190	[mu,kappa]: [(80.61546,60.54273),6.00195]
	35930.35768	   0.02729	[mu,kappa]: [(51.08825,80.20577),93.25749]
	14826.14502	   0.01126	[mu,kappa]: [(79.31944,59.81649),5.81879]
	286821.83209	   0.21788	[mu,kappa]: [(40.56060,87.24606),278.00000]
	10594.22322	   0.00805	[mu,kappa]: [(136.93867,327.86916),2.85388]
	48794.17997	   0.03707	[mu,kappa]: [(116.92222,301.03697),8.63537]
	12480.66454	   0.00948	[mu,kappa]: [(33.08658,328.57713),7.16893]
	11065.42572	   0.00841	[mu,kappa]: [(43.84532,318.41266),6.06086]
	43867.05490	   0.03332	[mu,kappa]: [(119.25393,301.25301),8.16118]
	71892.12160	   0.05461	[mu,kappa]: [(38.13608,86.72822),153.68033]
			msglen: 7936249.73597 bits.
Iteration #: 19
	22200.06743	   0.01686	[mu,kappa]: [(85.92358,64.04386),7.65192]
	42612.88113	   0.03237	[mu,kappa]: [(117.19548,300.73618),8.73702]
	17816.56004	   0.01353	[mu,kappa]: [(152.83290,324.34830),6.12920]
	9821.41769	   0.00746	[mu,kappa]: [(60.70354,49.18421),5.37693]
	10934.77096	   0.00831	[mu,kappa]: [(45.18146,316.37139),6.70401]
	7745.00164	   0.00588	[mu,kappa]: [(126.12345,323.81934),2.58932]
	21181.83997	   0.01609	[mu,kappa]: [(60.82374,77.30205),40.49770]
	24040.75752	   0.01826	[mu,kappa]: [(145.23999,309.58983),7.35368]
	9903.53149	   0.00752	[mu,kappa]: [(60.23061,48.93630),5.36684]
	12062.79483	   0.00916	[mu,kappa]: [(37.02802,322.67058),7.35387]
	13293.09298	   0.01010	[mu,kappa]: [(151.55964,332.75023),4.56525]
	9380.68706	   0.00713	[mu,kappa]: [(52.45961,44.76409),5.42439]
	6725.32716	   0.00511	[mu,kappa]: [(96.10232,315.17633),2.73430]
	101588.23368	   0.07717	[mu,kappa]: [(105.69279,301.20531),13.48223]
	42562.89631	   0.03233	[mu,kappa]: [(117.17756,300.72985),8.75544]
	37042.48553	   0.02814	[mu,kappa]: [(122.03136,301.12619),8.05785]
	6853.63237	   0.00521	[mu,kappa]: [(82.02712,312.04367),3.37396]
	30547.87267	   0.02321	[mu,kappa]: [(129.25497,302.31622),7.50058]
	13697.08857	   0.01041	[mu,kappa]: [(152.23382,333.20275),4.71033]
	17125.93970	   0.01301	[mu,kappa]: [(66.48207,72.01827),16.32525]
	8102.75150	   0.00616	[mu,kappa]: [(131.19467,325.58737),2.70833]
	19855.14218	   0.01508	[mu,kappa]: [(150.95372,318.55195),6.62541]
	6876.56253	   0.00522	[mu,kappa]: [(102.60687,316.45418),2.61937]
	10577.87314	   0.00804	[mu,kappa]: [(48.36970,314.51300),6.56413]
	8729.77351	   0.00663	[mu,kappa]: [(61.14317,310.36610),5.66924]
	12221.87746	   0.00928	[mu,kappa]: [(36.61859,323.15671),7.37099]
	12760.95130	   0.00969	[mu,kappa]: [(32.02248,329.02083),7.86469]
	7376.31426	   0.00560	[mu,kappa]: [(73.54702,310.19173),4.23809]
	21706.30221	   0.01649	[mu,kappa]: [(149.01959,314.44184),7.01756]
	16443.83201	   0.01249	[mu,kappa]: [(152.47350,326.05203),5.67019]
	7491.00186	   0.00569	[mu,kappa]: [(71.93680,310.09732),4.40073]
	6734.83393	   0.00512	[mu,kappa]: [(94.21048,314.58700),2.80418]
	10151.21449	   0.00771	[mu,kappa]: [(50.77025,313.46291),6.40004]
	8395.49277	   0.00638	[mu,kappa]: [(64.18958,309.77929),5.44699]
	75395.55482	   0.05727	[mu,kappa]: [(26.60169,89.16735),135.44332]
	12852.42868	   0.00976	[mu,kappa]: [(31.46845,330.01615),7.90519]
	12803.79907	   0.00973	[mu,kappa]: [(25.05819,353.40425),8.46258]
	15229.44703	   0.01157	[mu,kappa]: [(152.92197,330.23714),5.24332]
	12326.24944	   0.00936	[mu,kappa]: [(25.02699,356.20880),8.37936]
	17836.32162	   0.01355	[mu,kappa]: [(152.80486,324.57413),6.07241]
	16282.90594	   0.01237	[mu,kappa]: [(83.90580,59.94856),6.45921]
	41684.31001	   0.03167	[mu,kappa]: [(51.28341,80.45547),122.30522]
	15287.64393	   0.01161	[mu,kappa]: [(82.48802,59.16952),6.31205]
	287882.86057	   0.21869	[mu,kappa]: [(40.51721,87.26178),278.00000]
	9613.66659	   0.00730	[mu,kappa]: [(143.14944,331.45397),3.25463]
	48380.08706	   0.03675	[mu,kappa]: [(114.34902,300.63369),9.35601]
	12683.84226	   0.00964	[mu,kappa]: [(32.01469,329.10700),7.84582]
	11077.48532	   0.00842	[mu,kappa]: [(44.53253,316.73623),6.75864]
	42814.74525	   0.03252	[mu,kappa]: [(117.34935,300.73767),8.72785]
	69660.85052	   0.05292	[mu,kappa]: [(37.82207,86.96016),177.70567]
			msglen: 7880854.73231 bits.
Iteration #: 20
	23360.65632	   0.01775	[mu,kappa]: [(88.48765,63.82008),7.60729]
	41128.71279	   0.03124	[mu,kappa]: [(115.52391,300.14218),9.47464]
	18468.98439	   0.01403	[mu,kappa]: [(156.33073,326.98554),8.00024]
	9842.45819	   0.00748	[mu,kappa]: [(60.69991,48.29050),6.33256]
	10752.35312	   0.00817	[mu,kappa]: [(45.99145,315.17835),7.28191]
	6415.19006	   0.00487	[mu,kappa]: [(129.25768,323.39571),2.79549]
	20741.34193	   0.01576	[mu,kappa]: [(61.37858,77.61331),46.38738]
	24596.09764	   0.01868	[mu,kappa]: [(148.56284,309.40961),9.36361]
	9924.33808	   0.00754	[mu,kappa]: [(60.19921,48.05219),6.33148]
	11877.06763	   0.00902	[mu,kappa]: [(36.47355,322.94847),7.76318]
	12978.38784	   0.00986	[mu,kappa]: [(155.79813,338.20811),5.77300]
	9471.83009	   0.00720	[mu,kappa]: [(52.06666,44.01047),6.54051]
	5656.11297	   0.00430	[mu,kappa]: [(93.87866,311.73339),3.19477]
	111356.49911	   0.08459	[mu,kappa]: [(102.92898,301.75841),15.46006]
	41090.11015	   0.03121	[mu,kappa]: [(115.50233,300.13957),9.49252]
	35096.62585	   0.02666	[mu,kappa]: [(121.54189,300.31899),8.71719]
	6144.19852	   0.00467	[mu,kappa]: [(80.27022,308.57792),4.32774]
	28914.57048	   0.02197	[mu,kappa]: [(130.58232,301.39457),8.35066]
	13508.64145	   0.01026	[mu,kappa]: [(156.34689,338.80009),5.99320]
	15953.34850	   0.01212	[mu,kappa]: [(67.12019,71.55183),16.19548]
	6797.83468	   0.00516	[mu,kappa]: [(135.25647,326.18886),2.96579]
	20636.13905	   0.01568	[mu,kappa]: [(154.36486,319.80448),8.65680]
	5701.98633	   0.00433	[mu,kappa]: [(100.95934,313.28250),2.95826]
	10467.34701	   0.00795	[mu,kappa]: [(49.63452,312.99124),7.27555]
	8817.65429	   0.00670	[mu,kappa]: [(62.76728,308.10888),7.05928]
	12042.20270	   0.00915	[mu,kappa]: [(35.98991,323.53720),7.78306]
	12783.14733	   0.00971	[mu,kappa]: [(30.72524,330.76796),8.35234]
	7064.39121	   0.00537	[mu,kappa]: [(73.25419,307.20630),5.65297]
	22544.29116	   0.01713	[mu,kappa]: [(152.37680,314.93910),9.13216]
	16747.18574	   0.01272	[mu,kappa]: [(156.18475,329.24162),7.34085]
	7244.63675	   0.00550	[mu,kappa]: [(71.93968,307.20021),5.86167]
	5704.06362	   0.00433	[mu,kappa]: [(91.89404,311.09343),3.32127]
	10092.83316	   0.00767	[mu,kappa]: [(52.27730,311.73780),7.23269]
	8480.35357	   0.00644	[mu,kappa]: [(65.56581,307.42514),6.96829]
	74107.72530	   0.05630	[mu,kappa]: [(26.38432,89.21463),138.49653]
	12912.20257	   0.00981	[mu,kappa]: [(30.10416,331.96276),8.41572]
	13721.65741	   0.01042	[mu,kappa]: [(23.65393,357.89296),9.56016]
	15355.07876	   0.01166	[mu,kappa]: [(156.77084,334.76154),6.75101]
	13261.39696	   0.01007	[mu,kappa]: [(23.69683,0.66633),9.53358]
	18451.56467	   0.01402	[mu,kappa]: [(156.32736,327.28133),7.91903]
	16981.03343	   0.01290	[mu,kappa]: [(86.12390,59.71958),6.75869]
	45676.30301	   0.03470	[mu,kappa]: [(51.11245,80.70891),143.82437]
	15853.24820	   0.01204	[mu,kappa]: [(84.50989,58.84331),6.66626]
	287585.96451	   0.21846	[mu,kappa]: [(40.49979,87.26433),278.00000]
	8546.16866	   0.00649	[mu,kappa]: [(148.26515,335.55592),3.80909]
	47600.54913	   0.03616	[mu,kappa]: [(112.10555,300.22796),10.23519]
	12705.56070	   0.00965	[mu,kappa]: [(30.71302,330.86116),8.33646]
	10885.90560	   0.00827	[mu,kappa]: [(45.24781,315.62896),7.31215]
	41295.26913	   0.03137	[mu,kappa]: [(115.71252,300.13824),9.45851]
	69031.78022	   0.05244	[mu,kappa]: [(37.42023,87.26199),205.76386]
			msglen: 7832255.39703 bits.
Iteration #: 21
	24490.50059	   0.01860	[mu,kappa]: [(91.07888,63.93306),7.45857]
	39580.00729	   0.03007	[mu,kappa]: [(114.46441,299.45772),10.30281]
	19025.28708	   0.01445	[mu,kappa]: [(157.88729,327.85602),9.89531]
	10079.08396	   0.00766	[mu,kappa]: [(60.42426,47.39168),7.44408]
	10466.88273	   0.00795	[mu,kappa]: [(46.71822,314.18573),7.86639]
	5205.36188	   0.00395	[mu,kappa]: [(132.03068,323.06139),3.02517]
	20844.66909	   0.01584	[mu,kappa]: [(61.98977,77.84675),52.33508]
	25583.60097	   0.01943	[mu,kappa]: [(150.11512,308.07945),11.94872]
	10167.80411	   0.00772	[mu,kappa]: [(59.91497,47.16319),7.45640]
	11562.78162	   0.00878	[mu,kappa]: [(35.88341,323.43098),8.15760]
	12697.59620	   0.00965	[mu,kappa]: [(158.19732,343.77704),7.03049]
	9835.94625	   0.00747	[mu,kappa]: [(51.74278,43.29411),7.83724]
	4775.35540	   0.00363	[mu,kappa]: [(91.52440,308.41398),3.84277]
	119585.96408	   0.09084	[mu,kappa]: [(101.19619,302.49269),17.13255]
	39551.20948	   0.03005	[mu,kappa]: [(114.44048,299.45863),10.31962]
	33244.62828	   0.02525	[mu,kappa]: [(121.47580,299.33054),9.60538]
	5690.48725	   0.00432	[mu,kappa]: [(78.98602,305.81388),5.66633]
	27587.99806	   0.02096	[mu,kappa]: [(131.85578,300.14694),9.65660]
	13338.66123	   0.01013	[mu,kappa]: [(158.59978,344.35627),7.29926]
	15014.51018	   0.01141	[mu,kappa]: [(67.54274,71.28792),16.04390]
	5605.87690	   0.00426	[mu,kappa]: [(138.87731,327.19494),3.26236]
	21440.75410	   0.01629	[mu,kappa]: [(155.77446,319.27434),10.89222]
	4696.29590	   0.00357	[mu,kappa]: [(98.90927,310.04116),3.41527]
	10284.00827	   0.00781	[mu,kappa]: [(50.77922,311.73369),8.00649]
	9032.13118	   0.00686	[mu,kappa]: [(64.18192,306.55606),8.50301]
	11735.01884	   0.00891	[mu,kappa]: [(35.33061,324.13182),8.17932]
	12714.48210	   0.00966	[mu,kappa]: [(29.50072,332.80994),8.81302]
	7034.10324	   0.00534	[mu,kappa]: [(73.31382,305.17671),7.38847]
	23568.18267	   0.01790	[mu,kappa]: [(153.75523,313.86205),11.60983]
	16983.53519	   0.01290	[mu,kappa]: [(157.98919,330.97887),9.04352]
	7271.58232	   0.00552	[mu,kappa]: [(72.22454,305.25949),7.60478]
	4870.61812	   0.00370	[mu,kappa]: [(89.55443,307.80465),4.05644]
	9993.59168	   0.00759	[mu,kappa]: [(53.63162,310.34729),8.09263]
	8741.71037	   0.00664	[mu,kappa]: [(66.78736,305.87670),8.56034]
	72376.18423	   0.05498	[mu,kappa]: [(26.20857,89.24295),140.58865]
	12889.06501	   0.00979	[mu,kappa]: [(28.83197,334.21195),8.89627]
	14722.42318	   0.01118	[mu,kappa]: [(22.54658,2.20311),10.47965]
	15433.45279	   0.01172	[mu,kappa]: [(158.75375,338.39488),8.24696]
	14291.92599	   0.01086	[mu,kappa]: [(22.65914,4.88759),10.49199]
	18972.29266	   0.01441	[mu,kappa]: [(157.91250,328.25339),9.78967]
	17636.64768	   0.01340	[mu,kappa]: [(88.15889,59.70964),6.87007]
	48147.18304	   0.03658	[mu,kappa]: [(50.81528,80.93510),158.33164]
	16375.94028	   0.01244	[mu,kappa]: [(86.25835,58.69956),6.83380]
	286130.04294	   0.21736	[mu,kappa]: [(40.52439,87.24593),278.00000]
	7585.74638	   0.00576	[mu,kappa]: [(152.11690,341.08148),4.47201]
	46636.57412	   0.03543	[mu,kappa]: [(110.58271,299.78909),11.12014]
	12637.91626	   0.00960	[mu,kappa]: [(29.48491,332.91275),8.79997]
	10585.11107	   0.00804	[mu,kappa]: [(45.88377,314.71164),7.86999]
	39714.86479	   0.03017	[mu,kappa]: [(114.68293,299.44470),10.28408]
	69937.40296	   0.05313	[mu,kappa]: [(36.98015,87.61561),239.55556]
			msglen: 7796786.27559 bits.
Iteration #: 22
	25421.49959	   0.01931	[mu,kappa]: [(93.86255,64.16461),7.28360]
	38321.52530	   0.02911	[mu,kappa]: [(114.04279,298.74391),11.08195]
	19180.97607	   0.01457	[mu,kappa]: [(158.30260,327.68155),11.30801]
	10404.25325	   0.00790	[mu,kappa]: [(60.14857,46.47616),8.68516]
	10205.42894	   0.00775	[mu,kappa]: [(47.32744,313.30959),8.48288]
	4232.95380	   0.00322	[mu,kappa]: [(134.66040,322.94330),3.29501]
	21426.08485	   0.01628	[mu,kappa]: [(62.54063,78.02674),58.36806]
	26925.19603	   0.02045	[mu,kappa]: [(150.33733,306.02001),14.54245]
	10504.55682	   0.00798	[mu,kappa]: [(59.64777,46.25782),8.71162]
	11246.59634	   0.00854	[mu,kappa]: [(35.40441,323.80573),8.59410]
	12468.30218	   0.00947	[mu,kappa]: [(159.32925,350.37673),7.98691]
	10313.46496	   0.00783	[mu,kappa]: [(51.67837,42.57139),9.21120]
	4151.47508	   0.00315	[mu,kappa]: [(89.48337,305.45799),4.72798]
	124814.90518	   0.09482	[mu,kappa]: [(100.19121,303.30670),18.40523]
	38299.01632	   0.02909	[mu,kappa]: [(114.01717,298.74776),11.09686]
	31998.13530	   0.02431	[mu,kappa]: [(121.83736,298.31445),10.64079]
	5516.77649	   0.00419	[mu,kappa]: [(78.15808,303.89051),7.21920]
	27127.09331	   0.02061	[mu,kappa]: [(132.93784,298.81358),11.35938]
	13177.18491	   0.01001	[mu,kappa]: [(159.61631,350.87621),8.25705]
	14173.10672	   0.01077	[mu,kappa]: [(67.83205,71.22221),15.98283]
	4655.86313	   0.00354	[mu,kappa]: [(142.18942,328.90334),3.61107]
	21955.10630	   0.01668	[mu,kappa]: [(155.90744,317.57495),12.79615]
	3937.76454	   0.00299	[mu,kappa]: [(96.92754,306.92012),4.03686]
	10137.78502	   0.00770	[mu,kappa]: [(51.70479,310.69027),8.74363]
	9336.76640	   0.00709	[mu,kappa]: [(65.16414,305.54069),9.71843]
	11425.20256	   0.00868	[mu,kappa]: [(34.79604,324.60758),8.61570]
	12628.77568	   0.00959	[mu,kappa]: [(28.55233,334.54966),9.27284]
	7222.73058	   0.00549	[mu,kappa]: [(73.41463,303.95652),8.98213]
	24506.17336	   0.01862	[mu,kappa]: [(153.80819,311.77169),13.87967]
	16943.40098	   0.01287	[mu,kappa]: [(158.64825,331.93514),10.29625]
	7499.67706	   0.00570	[mu,kappa]: [(72.46699,304.09831),9.16268]
	4300.13183	   0.00327	[mu,kappa]: [(87.59957,304.97157),5.05291]
	9942.23384	   0.00755	[mu,kappa]: [(54.69743,309.24396),8.92934]
	9105.92054	   0.00692	[mu,kappa]: [(67.60923,304.91721),9.86122]
	70431.41836	   0.05350	[mu,kappa]: [(26.05128,89.26409),142.71805]
	12846.31267	   0.00976	[mu,kappa]: [(27.85375,336.12431),9.36647]
	15607.65652	   0.01186	[mu,kappa]: [(21.67726,5.45358),11.14359]
	15334.02558	   0.01165	[mu,kappa]: [(159.62525,342.04227),9.28655]
	15201.95498	   0.01155	[mu,kappa]: [(21.83435,8.03630),11.17112]
	19102.24978	   0.01451	[mu,kappa]: [(158.35665,328.20550),11.18056]
	18080.33818	   0.01374	[mu,kappa]: [(90.21661,59.76712),6.85889]
	49726.76857	   0.03778	[mu,kappa]: [(50.51066,81.12192),168.12233]
	16683.00328	   0.01267	[mu,kappa]: [(87.93141,58.60500),6.87214]
	283555.58908	   0.21540	[mu,kappa]: [(40.58996,87.20724),278.00000]
	6887.86592	   0.00523	[mu,kappa]: [(154.72515,348.80133),5.18772]
	45679.62839	   0.03470	[mu,kappa]: [(109.76809,299.31978),11.83360]
	12553.56000	   0.00954	[mu,kappa]: [(28.53393,334.66139),9.26208]
	10305.53335	   0.00783	[mu,kappa]: [(46.41975,313.89102),8.46324]
	38438.30799	   0.02920	[mu,kappa]: [(114.28671,298.72127),11.06694]
	72432.72411	   0.05502	[mu,kappa]: [(36.54036,87.99003),278.00000]
			msglen: 7772026.76641 bits.
Iteration #: 23
	25975.38607	   0.01973	[mu,kappa]: [(96.54153,64.39494),7.16942]
	37358.50671	   0.02838	[mu,kappa]: [(113.99276,298.07280),11.73239]
	18982.14131	   0.01442	[mu,kappa]: [(158.22919,327.20736),12.31334]
	10774.23291	   0.00819	[mu,kappa]: [(60.03000,45.59297),10.02098]
	10026.28880	   0.00762	[mu,kappa]: [(47.83037,312.59142),9.07953]
	3479.80178	   0.00264	[mu,kappa]: [(137.01119,322.78205),3.63351]
	22312.64258	   0.01695	[mu,kappa]: [(62.97841,78.15894),63.85129]
	28457.20771	   0.02162	[mu,kappa]: [(149.99909,303.89077),16.74171]
	10887.67946	   0.00827	[mu,kappa]: [(59.54826,45.38461),10.05702]
	10986.78412	   0.00835	[mu,kappa]: [(35.10284,324.01821),9.05769]
	12315.14338	   0.00936	[mu,kappa]: [(159.66579,358.33023),8.71505]
	10810.04885	   0.00821	[mu,kappa]: [(51.88649,41.86544),10.56447]
	3776.88412	   0.00287	[mu,kappa]: [(87.80470,303.07090),5.84035]
	127631.18134	   0.09696	[mu,kappa]: [(99.57814,304.13053),19.47735]
	37339.21167	   0.02837	[mu,kappa]: [(113.96569,298.07868),11.74491]
	31342.77220	   0.02381	[mu,kappa]: [(122.42601,297.44416),11.68748]
	5550.55584	   0.00422	[mu,kappa]: [(77.61361,302.62418),8.60184]
	27508.19683	   0.02090	[mu,kappa]: [(133.80806,297.67186),13.18459]
	13064.50764	   0.00992	[mu,kappa]: [(159.87465,358.76151),8.96444]
	13423.52475	   0.01020	[mu,kappa]: [(68.11413,71.35040),16.04997]
	3927.85048	   0.00298	[mu,kappa]: [(145.06737,331.05560),4.03994]
	22191.90225	   0.01686	[mu,kappa]: [(155.48584,315.55512),14.32510]
	3420.87198	   0.00260	[mu,kappa]: [(95.09885,304.13980),4.86428]
	10070.74933	   0.00765	[mu,kappa]: [(52.41942,309.88349),9.39921]
	9665.00615	   0.00734	[mu,kappa]: [(65.80868,304.85449),10.51729]
	11169.51266	   0.00849	[mu,kappa]: [(34.45400,324.89872),9.07674]
	12545.68177	   0.00953	[mu,kappa]: [(27.92169,335.79760),9.70018]
	7502.05983	   0.00570	[mu,kappa]: [(73.46656,303.17624),10.07683]
	25308.90419	   0.01923	[mu,kappa]: [(153.31091,309.49613),15.75302]
	16647.58194	   0.01265	[mu,kappa]: [(158.80733,332.75801),11.16233]
	7802.32160	   0.00593	[mu,kappa]: [(72.60889,303.35338),10.20849]
	3981.55084	   0.00302	[mu,kappa]: [(86.04811,302.76799),6.25989]
	9963.52527	   0.00757	[mu,kappa]: [(55.49291,308.41952),9.62771]
	9481.69336	   0.00720	[mu,kappa]: [(68.12752,304.28056),10.67630]
	68359.47683	   0.05193	[mu,kappa]: [(25.88918,89.27398),144.88887]
	12796.70247	   0.00972	[mu,kappa]: [(27.20188,337.49658),9.79247]
	16267.67424	   0.01236	[mu,kappa]: [(20.93587,7.68277),11.57385]
	15092.29586	   0.01147	[mu,kappa]: [(159.97641,346.34389),9.96480]
	15877.50231	   0.01206	[mu,kappa]: [(21.11318,10.18630),11.60218]
	18884.88932	   0.01435	[mu,kappa]: [(158.31145,327.87083),12.16616]
	18195.17723	   0.01382	[mu,kappa]: [(92.05124,59.83720),6.83464]
	50700.10838	   0.03851	[mu,kappa]: [(50.25335,81.26516),174.66318]
	16679.46138	   0.01267	[mu,kappa]: [(89.31422,58.52519),6.89212]
	280173.36779	   0.21283	[mu,kappa]: [(40.68689,87.15356),278.00000]
	6440.35870	   0.00489	[mu,kappa]: [(156.13741,358.25463),5.97089]
	44768.72722	   0.03401	[mu,kappa]: [(109.36232,298.82992),12.33182]
	12471.69335	   0.00947	[mu,kappa]: [(27.90139,335.91615),9.69106]
	10108.02630	   0.00768	[mu,kappa]: [(46.87006,313.20890),9.04590]
	37469.96571	   0.02846	[mu,kappa]: [(114.25926,298.04357),11.72576]
	76405.66323	   0.05804	[mu,kappa]: [(36.14532,88.33548),278.00000]
			msglen: 7755874.76357 bits.
Iteration #: 24
	26122.64378	   0.01984	[mu,kappa]: [(98.83695,64.60377),7.14842]
	36599.06962	   0.02780	[mu,kappa]: [(114.07017,297.47725),12.25490]
	18600.31464	   0.01413	[mu,kappa]: [(157.96598,326.68304),13.14421]
	11152.48494	   0.00847	[mu,kappa]: [(60.17115,44.75923),11.36593]
	9921.38725	   0.00754	[mu,kappa]: [(48.23470,312.07738),9.60175]
	2893.73210	   0.00220	[mu,kappa]: [(138.91813,322.31127),4.06663]
	23296.03103	   0.01770	[mu,kappa]: [(63.29261,78.25094),68.05828]
	29984.97498	   0.02278	[mu,kappa]: [(149.56223,302.04215),18.37433]
	11276.49551	   0.00857	[mu,kappa]: [(59.70782,44.55977),11.40412]
	10790.75590	   0.00820	[mu,kappa]: [(34.96826,324.13883),9.52297]
	12274.34579	   0.00932	[mu,kappa]: [(159.43015,6.83280),9.43978]
	11245.72090	   0.00854	[mu,kappa]: [(52.29685,41.16787),11.81378]
	3599.35671	   0.00273	[mu,kappa]: [(86.46795,301.25959),7.03905]
	129050.96578	   0.09803	[mu,kappa]: [(99.18103,304.92515),20.55022]
	36581.20410	   0.02779	[mu,kappa]: [(114.04186,297.48421),12.26494]
	31046.34797	   0.02358	[mu,kappa]: [(123.03817,296.80611),12.64482]
	5683.22756	   0.00432	[mu,kappa]: [(77.25481,301.66316),9.57115]
	28358.56694	   0.02154	[mu,kappa]: [(134.47995,296.84714),14.80996]
	13058.37005	   0.00992	[mu,kappa]: [(159.58638,7.22242),9.66765]
	12785.58999	   0.00971	[mu,kappa]: [(68.51141,71.69951),16.25660]
	3362.83526	   0.00255	[mu,kappa]: [(147.39377,333.21425),4.57179]
	22293.41157	   0.01694	[mu,kappa]: [(154.90145,313.69811),15.58306]
	3104.40572	   0.00236	[mu,kappa]: [(93.45809,301.86493),5.87448]
	10061.14439	   0.00764	[mu,kappa]: [(52.96145,309.31550),9.90809]
	9961.75915	   0.00757	[mu,kappa]: [(66.26096,304.32481),10.91697]
	10975.08748	   0.00834	[mu,kappa]: [(34.29289,325.07374),9.53758]
	12462.73150	   0.00947	[mu,kappa]: [(27.56531,336.61769),10.07722]
	7781.13582	   0.00591	[mu,kappa]: [(73.50090,302.53267),10.66325]
	26015.15368	   0.01976	[mu,kappa]: [(152.70388,307.49987),17.21043]
	16212.71562	   0.01232	[mu,kappa]: [(158.75933,333.53984),11.87301]
	8094.50484	   0.00615	[mu,kappa]: [(72.70448,302.73863),10.75296]
	3854.55161	   0.00293	[mu,kappa]: [(84.85442,301.12494),7.48414]
	10025.90549	   0.00762	[mu,kappa]: [(56.08396,307.83856),10.12299]
	9812.30732	   0.00745	[mu,kappa]: [(68.48471,303.76767),11.05582]
	65438.30814	   0.04971	[mu,kappa]: [(25.67317,89.28335),146.36057]
	12736.02438	   0.00968	[mu,kappa]: [(26.82706,338.39660),10.15905]
	16696.81890	   0.01268	[mu,kappa]: [(20.26853,9.14692),11.86818]
	14797.67035	   0.01124	[mu,kappa]: [(160.05583,351.08102),10.53194]
	16314.67608	   0.01239	[mu,kappa]: [(20.44799,11.59301),11.89299]
	18487.03841	   0.01404	[mu,kappa]: [(158.07440,327.48022),12.98029]
	18007.03645	   0.01368	[mu,kappa]: [(93.46747,59.91811),6.86013]
	51097.68019	   0.03882	[mu,kappa]: [(50.07151,81.36216),178.80447]
	16412.31946	   0.01247	[mu,kappa]: [(90.26711,58.46829),6.96124]
	277832.87434	   0.21106	[mu,kappa]: [(40.76174,87.11298),278.00000]
	6180.92327	   0.00470	[mu,kappa]: [(156.52112,8.04189),6.87404]
	43934.15376	   0.03337	[mu,kappa]: [(109.12304,298.31457),12.66139]
	12389.73723	   0.00941	[mu,kappa]: [(27.54352,336.74074),10.06921]
	9986.92905	   0.00759	[mu,kappa]: [(47.23878,312.71824),9.56640]
	36711.97001	   0.02789	[mu,kappa]: [(114.35681,297.44665),12.25867]
	81009.60498	   0.06154	[mu,kappa]: [(35.81066,88.53885),278.00000]
			msglen: 7744071.62067 bits.
Iteration #: 25
	25952.85661	   0.01972	[mu,kappa]: [(100.63647,64.80213),7.20342]
	35993.51498	   0.02734	[mu,kappa]: [(114.16170,296.96466),12.67396]
	18171.63328	   0.01380	[mu,kappa]: [(157.61580,326.10411),13.93424]
	11509.26311	   0.00874	[mu,kappa]: [(60.52344,44.01282),12.63267]
	9867.07780	   0.00750	[mu,kappa]: [(48.55816,311.77911),10.02637]
	2440.37991	   0.00185	[mu,kappa]: [(140.34402,321.45435),4.62095]
	24226.60934	   0.01840	[mu,kappa]: [(63.49150,78.30878),70.63106]
	31360.78632	   0.02382	[mu,kappa]: [(149.19794,300.55467),19.44282]
	11639.13342	   0.00884	[mu,kappa]: [(60.06928,43.82209),12.66555]
	10652.45981	   0.00809	[mu,kappa]: [(34.96446,324.25047),9.96570]
	12354.11613	   0.00939	[mu,kappa]: [(158.81443,14.72900),10.26599]
	11590.01871	   0.00880	[mu,kappa]: [(52.75741,40.52071),12.91657]
	3553.20103	   0.00270	[mu,kappa]: [(85.44308,299.83278),8.12631]
	129631.57210	   0.09847	[mu,kappa]: [(98.92567,305.67323),21.72967]
	35976.21616	   0.02733	[mu,kappa]: [(114.13237,296.97177),12.68163]
	30933.59243	   0.02350	[mu,kappa]: [(123.57675,296.41973),13.46433]
	5848.23480	   0.00444	[mu,kappa]: [(77.02147,300.76609),10.14394]
	29329.51241	   0.02228	[mu,kappa]: [(134.98385,296.35160),16.04602]
	13175.55637	   0.01001	[mu,kappa]: [(158.93470,15.09436),10.47828]
	12284.01864	   0.00933	[mu,kappa]: [(69.05167,72.29336),16.61021]
	2922.61709	   0.00222	[mu,kappa]: [(149.15691,335.03322),5.21943]
	22365.59833	   0.01699	[mu,kappa]: [(154.32063,312.18649),16.61250]
	2938.27344	   0.00223	[mu,kappa]: [(92.05472,300.08015),6.95214]
	10080.31082	   0.00766	[mu,kappa]: [(53.38190,308.96597),10.26468]
	10214.84995	   0.00776	[mu,kappa]: [(66.61553,303.85943),11.04421]
	10836.47208	   0.00823	[mu,kappa]: [(34.27419,325.21956),9.97458]
	12382.90710	   0.00941	[mu,kappa]: [(27.42212,337.16438),10.39504]
	8033.84592	   0.00610	[mu,kappa]: [(73.53948,301.87581),10.89905]
	26643.37184	   0.02024	[mu,kappa]: [(152.16233,305.92317),18.26094]
	15734.09857	   0.01195	[mu,kappa]: [(158.59933,334.09116),12.56756]
	8354.57942	   0.00635	[mu,kappa]: [(72.78807,302.11395),10.95802]
	3847.48399	   0.00292	[mu,kappa]: [(83.96540,299.80588),8.52406]
	10100.07043	   0.00767	[mu,kappa]: [(56.54225,307.45964),10.43022]
	10091.52348	   0.00767	[mu,kappa]: [(68.76494,303.27963),11.15253]
	62367.86421	   0.04738	[mu,kappa]: [(25.39820,89.30349),147.61241]
	12668.90923	   0.00962	[mu,kappa]: [(26.66658,338.99150),10.46090]
	16956.80418	   0.01288	[mu,kappa]: [(19.67060,10.16971),12.10049]
	14497.06689	   0.01101	[mu,kappa]: [(159.96553,355.60793),11.11773]
	16579.25432	   0.01259	[mu,kappa]: [(19.84123,12.57488),12.12353]
	18041.76957	   0.01371	[mu,kappa]: [(157.74654,327.00918),13.75840]
	17626.70275	   0.01339	[mu,kappa]: [(94.42064,60.00461),6.94061]
	51294.08338	   0.03897	[mu,kappa]: [(49.94999,81.42104),181.23928]
	16000.09599	   0.01215	[mu,kappa]: [(90.79389,58.42897),7.08780]
	276103.17221	   0.20974	[mu,kappa]: [(40.82246,87.08538),278.00000]
	6065.55359	   0.00461	[mu,kappa]: [(156.19722,16.82079),7.91097]
	43216.70363	   0.03283	[mu,kappa]: [(108.94080,297.76561),12.87170]
	12310.68115	   0.00935	[mu,kappa]: [(27.39915,337.29011),10.38776]
	9919.94285	   0.00754	[mu,kappa]: [(47.53793,312.43707),9.99997]
	36110.12890	   0.02743	[mu,kappa]: [(114.46608,296.93876),12.68850]
	85578.51134	   0.06501	[mu,kappa]: [(35.53919,88.65184),278.00000]
			msglen: 7735168.61507 bits.
		5.87612 bpr
Null model msglen: 11690552.97612 bits.	(8.88088 bpr)
