Iteration #: 0
	1010.00000	   0.02456	[mu,kappa]: [(112.85763,320.40128),2.04671]
	1031.00000	   0.02507	[mu,kappa]: [(109.32567,320.84116),1.92891]
	1004.00000	   0.02441	[mu,kappa]: [(110.28734,321.57912),1.93790]
	1010.00000	   0.02456	[mu,kappa]: [(109.75685,323.08198),1.75767]
	1070.00000	   0.02601	[mu,kappa]: [(106.57811,322.13952),1.88428]
	1049.00000	   0.02550	[mu,kappa]: [(106.50159,320.23892),1.95399]
	1006.00000	   0.02446	[mu,kappa]: [(107.12378,320.93520),1.88162]
	 993.00000	   0.02414	[mu,kappa]: [(109.30530,322.90974),1.90191]
	1008.00000	   0.02451	[mu,kappa]: [(108.51259,321.37803),1.91729]
	1050.00000	   0.02553	[mu,kappa]: [(110.70172,323.36736),1.85193]
	1069.00000	   0.02599	[mu,kappa]: [(110.28984,321.44962),1.86202]
	1049.00000	   0.02550	[mu,kappa]: [(109.73301,320.60606),1.88908]
	1025.00000	   0.02492	[mu,kappa]: [(112.85814,319.93928),2.06338]
	1060.00000	   0.02577	[mu,kappa]: [(109.23748,323.05824),1.84464]
	1042.00000	   0.02533	[mu,kappa]: [(106.18302,324.37416),1.76975]
	 996.00000	   0.02422	[mu,kappa]: [(108.53903,321.14407),1.93447]
	1012.00000	   0.02461	[mu,kappa]: [(113.37413,320.68494),2.11812]
	 965.00000	   0.02346	[mu,kappa]: [(110.08693,322.70829),1.96728]
	 996.00000	   0.02422	[mu,kappa]: [(114.84582,321.10417),1.95844]
	 975.00000	   0.02371	[mu,kappa]: [(110.20062,323.84626),1.83737]
	1031.00000	   0.02507	[mu,kappa]: [(109.58880,322.49189),1.81476]
	1038.00000	   0.02524	[mu,kappa]: [(110.63164,321.49469),1.92785]
	 962.00000	   0.02339	[mu,kappa]: [(112.17811,320.91015),1.90223]
	1038.00000	   0.02524	[mu,kappa]: [(112.29395,321.65099),1.95890]
	1088.00000	   0.02645	[mu,kappa]: [(110.68854,318.53953),2.03047]
	1038.00000	   0.02524	[mu,kappa]: [(110.52598,322.98600),1.86157]
	1043.00000	   0.02536	[mu,kappa]: [(112.47874,319.68756),2.07030]
	1027.00000	   0.02497	[mu,kappa]: [(108.58751,322.38996),1.86572]
	1102.00000	   0.02679	[mu,kappa]: [(112.52149,322.47995),1.92578]
	 971.00000	   0.02361	[mu,kappa]: [(111.73225,320.62320),1.90418]
	 982.00000	   0.02388	[mu,kappa]: [(108.54202,323.50542),1.83726]
	1095.00000	   0.02662	[mu,kappa]: [(113.23371,321.81765),1.88543]
	1052.00000	   0.02558	[mu,kappa]: [(113.61742,322.69453),1.96116]
	1012.00000	   0.02461	[mu,kappa]: [(108.83677,323.64902),1.88653]
	1043.00000	   0.02536	[mu,kappa]: [(110.70074,323.56006),1.87910]
	1021.00000	   0.02482	[mu,kappa]: [(110.66957,322.42663),1.92865]
	1030.00000	   0.02504	[mu,kappa]: [(110.41980,319.21345),2.02879]
	1026.00000	   0.02495	[mu,kappa]: [(112.25735,320.91465),1.93269]
	1081.00000	   0.02628	[mu,kappa]: [(109.28732,321.72026),1.94153]
	1030.00000	   0.02504	[mu,kappa]: [(109.12131,326.05836),1.71914]
			msglen: -0.00000 bits.
Iteration #: 1
	1011.81432	   0.02460	[mu,kappa]: [(114.51331,319.27972),2.17832]
	1030.16579	   0.02505	[mu,kappa]: [(109.33464,320.87845),1.93616]
	1003.24472	   0.02439	[mu,kappa]: [(110.59446,321.24613),1.95048]
	1010.49035	   0.02457	[mu,kappa]: [(107.57155,325.14219),1.69115]
	1069.92036	   0.02601	[mu,kappa]: [(105.39155,322.36744),1.80343]
	1048.27412	   0.02549	[mu,kappa]: [(106.15844,320.10991),1.92605]
	1005.66245	   0.02445	[mu,kappa]: [(106.07256,321.60478),1.83496]
	 992.19986	   0.02412	[mu,kappa]: [(109.02641,322.61678),1.85726]
	1007.23410	   0.02449	[mu,kappa]: [(108.22926,321.36789),1.89415]
	1049.28187	   0.02551	[mu,kappa]: [(110.07463,323.73253),1.81390]
	1067.99894	   0.02597	[mu,kappa]: [(109.68792,322.28301),1.85827]
	1047.98045	   0.02548	[mu,kappa]: [(109.34689,321.31987),1.89899]
	1027.39596	   0.02498	[mu,kappa]: [(114.62254,318.82315),2.21244]
	1059.65825	   0.02576	[mu,kappa]: [(108.19986,323.61767),1.78480]
	1045.24763	   0.02541	[mu,kappa]: [(103.09279,325.95193),1.62467]
	 995.21699	   0.02420	[mu,kappa]: [(108.45841,320.97250),1.92085]
	1015.82201	   0.02470	[mu,kappa]: [(115.69542,318.68334),2.28441]
	 964.08054	   0.02344	[mu,kappa]: [(110.72450,321.55769),1.95783]
	 996.58954	   0.02423	[mu,kappa]: [(115.84751,320.95223),2.08526]
	 974.63890	   0.02370	[mu,kappa]: [(109.27660,324.29660),1.77682]
	1030.71816	   0.02506	[mu,kappa]: [(108.22023,323.72651),1.76686]
	1037.19748	   0.02522	[mu,kappa]: [(110.88007,321.34706),1.94673]
	 961.16896	   0.02337	[mu,kappa]: [(112.33130,321.42088),1.95674]
	1037.73912	   0.02523	[mu,kappa]: [(113.12455,321.09505),2.01839]
	1088.79018	   0.02647	[mu,kappa]: [(111.84437,318.27010),2.14943]
	1037.23776	   0.02522	[mu,kappa]: [(109.98678,323.31400),1.83017]
	1045.44289	   0.02542	[mu,kappa]: [(114.25144,318.57348),2.21908]
	1026.57165	   0.02496	[mu,kappa]: [(107.68209,322.81819),1.81179]
	1101.28340	   0.02677	[mu,kappa]: [(113.06161,322.09007),1.96200]
	 970.11986	   0.02359	[mu,kappa]: [(111.83848,321.19238),1.95642]
	 982.09525	   0.02388	[mu,kappa]: [(107.22701,324.05310),1.75417]
	1093.96177	   0.02660	[mu,kappa]: [(113.35510,322.29517),1.93790]
	1051.96743	   0.02558	[mu,kappa]: [(114.67632,321.80067),2.02725]
	1011.32742	   0.02459	[mu,kappa]: [(108.25824,323.35783),1.81412]
	1042.13122	   0.02534	[mu,kappa]: [(110.43054,323.43467),1.84284]
	1020.14170	   0.02480	[mu,kappa]: [(110.96600,321.93464),1.92804]
	1030.54407	   0.02506	[mu,kappa]: [(111.56604,318.65298),2.12553]
	1025.46236	   0.02493	[mu,kappa]: [(112.76103,320.99796),1.99888]
	1080.05647	   0.02626	[mu,kappa]: [(109.45376,321.25567),1.93221]
	1033.12571	   0.02512	[mu,kappa]: [(106.00135,328.13427),1.58295]
			msglen: 943906.15922 bits.
Iteration #: 2
	1017.62540	   0.02474	[mu,kappa]: [(117.18109,317.38187),2.44063]
	1027.10381	   0.02497	[mu,kappa]: [(109.44640,320.74295),1.94995]
	1000.44831	   0.02432	[mu,kappa]: [(111.09443,320.82045),1.98541]
	1012.62634	   0.02462	[mu,kappa]: [(103.60027,327.93343),1.55335]
	1069.58675	   0.02600	[mu,kappa]: [(102.74779,323.81044),1.69410]
	1045.44037	   0.02542	[mu,kappa]: [(105.43040,320.35943),1.89425]
	1004.14482	   0.02441	[mu,kappa]: [(104.13140,322.72845),1.75469]
	 989.51650	   0.02406	[mu,kappa]: [(108.14338,323.03919),1.81010]
	1004.34578	   0.02442	[mu,kappa]: [(107.62851,321.63526),1.86625]
	1046.67933	   0.02545	[mu,kappa]: [(108.83100,324.53434),1.75505]
	1064.86113	   0.02589	[mu,kappa]: [(108.95996,322.80813),1.83074]
	1044.78582	   0.02540	[mu,kappa]: [(109.04242,321.55297),1.89436]
	1035.14184	   0.02517	[mu,kappa]: [(117.46960,316.83771),2.50603]
	1058.30910	   0.02573	[mu,kappa]: [(106.06813,324.96204),1.69242]
	1056.42142	   0.02568	[mu,kappa]: [(95.91452,330.43335),1.42467]
	 992.26637	   0.02413	[mu,kappa]: [(108.22188,320.99617),1.91157]
	1028.39908	   0.02500	[mu,kappa]: [(118.96607,316.27159),2.65009]
	 961.44086	   0.02338	[mu,kappa]: [(111.33770,320.92031),1.99038]
	 999.29707	   0.02430	[mu,kappa]: [(118.02223,319.39227),2.29801]
	 973.21722	   0.02366	[mu,kappa]: [(107.28640,325.58924),1.68712]
	1029.78178	   0.02504	[mu,kappa]: [(105.81361,325.36459),1.67042]
	1034.29575	   0.02515	[mu,kappa]: [(111.38802,320.94679),1.98448]
	 958.90542	   0.02331	[mu,kappa]: [(113.14269,320.93368),2.02600]
	1036.71736	   0.02521	[mu,kappa]: [(114.60302,320.00248),2.13456]
	1091.64667	   0.02654	[mu,kappa]: [(114.06854,316.88064),2.35430]
	1034.46497	   0.02515	[mu,kappa]: [(108.95229,323.96742),1.78110]
	1053.31782	   0.02561	[mu,kappa]: [(117.10608,316.60926),2.51213]
	1024.86436	   0.02492	[mu,kappa]: [(105.83333,323.92804),1.73014]
	1098.80273	   0.02671	[mu,kappa]: [(114.04835,321.32312),2.03490]
	 967.73497	   0.02353	[mu,kappa]: [(112.57454,320.76905),2.02016]
	 982.27445	   0.02388	[mu,kappa]: [(104.30811,325.86618),1.63478]
	1091.20629	   0.02653	[mu,kappa]: [(114.12748,321.79827),2.00468]
	1051.78002	   0.02557	[mu,kappa]: [(116.39982,320.44075),2.16705]
	1009.47662	   0.02454	[mu,kappa]: [(106.58362,324.26350),1.73141]
	1039.14480	   0.02526	[mu,kappa]: [(109.66078,323.85094),1.80182]
	1017.12433	   0.02473	[mu,kappa]: [(111.30520,321.58006),1.94931]
	1032.12526	   0.02509	[mu,kappa]: [(113.62009,317.30360),2.30382]
	1023.92704	   0.02489	[mu,kappa]: [(114.01414,320.15995),2.10181]
	1076.79362	   0.02618	[mu,kappa]: [(109.55426,321.03776),1.93941]
	1043.95843	   0.02538	[mu,kappa]: [(98.82726,333.05484),1.38220]
			msglen: 943482.37533 bits.
Iteration #: 3
	1037.02779	   0.02521	[mu,kappa]: [(120.95191,314.66702),2.98991]
	1017.12301	   0.02473	[mu,kappa]: [(109.77290,320.29944),1.98918]
	 991.47426	   0.02411	[mu,kappa]: [(112.04017,319.96865),2.06696]
	1019.12275	   0.02478	[mu,kappa]: [(95.08626,333.42372),1.35509]
	1067.63327	   0.02596	[mu,kappa]: [(97.39995,326.79395),1.53844]
	1035.73380	   0.02518	[mu,kappa]: [(104.20757,320.77061),1.85611]
	 998.46419	   0.02428	[mu,kappa]: [(100.45406,324.71096),1.63488]
	 980.40034	   0.02384	[mu,kappa]: [(106.51651,323.85880),1.74851]
	 994.61983	   0.02418	[mu,kappa]: [(106.62764,322.01263),1.83373]
	1037.82770	   0.02523	[mu,kappa]: [(106.53587,325.89014),1.66886]
	1054.45460	   0.02564	[mu,kappa]: [(107.81401,323.36621),1.79130]
	1034.30411	   0.02515	[mu,kappa]: [(108.69755,321.56532),1.89490]
	1060.63576	   0.02579	[mu,kappa]: [(121.41026,314.06231),3.12212]
	1053.32203	   0.02561	[mu,kappa]: [(101.85097,327.50216),1.55561]
	1093.07568	   0.02658	[mu,kappa]: [(79.24266,341.21267),1.21673]
	 982.44310	   0.02389	[mu,kappa]: [(107.89404,320.94540),1.91220]
	1069.06540	   0.02599	[mu,kappa]: [(123.20185,313.29217),3.43628]
	 952.96084	   0.02317	[mu,kappa]: [(112.36974,319.98059),2.07619]
	1009.11380	   0.02453	[mu,kappa]: [(121.34472,316.77537),2.73385]
	 968.03320	   0.02354	[mu,kappa]: [(103.33806,328.04794),1.55447]
	1026.14437	   0.02495	[mu,kappa]: [(101.06643,328.28972),1.52335]
	1025.05144	   0.02492	[mu,kappa]: [(112.37056,320.07354),2.06941]
	 951.87683	   0.02314	[mu,kappa]: [(114.69382,319.68493),2.16389]
	1034.04455	   0.02514	[mu,kappa]: [(117.02219,318.11641),2.37490]
	1101.39947	   0.02678	[mu,kappa]: [(117.44021,314.60136),2.76864]
	1025.09768	   0.02492	[mu,kappa]: [(107.09724,325.01102),1.71075]
	1079.15006	   0.02624	[mu,kappa]: [(121.05785,313.86872),3.12606]
	1018.69641	   0.02477	[mu,kappa]: [(102.26494,325.97730),1.60970]
	1091.32144	   0.02653	[mu,kappa]: [(115.77592,319.88569),2.18915]
	 960.28043	   0.02335	[mu,kappa]: [(114.01071,319.61317),2.14680]
	 982.16452	   0.02388	[mu,kappa]: [(98.21989,329.58627),1.46372]
	1082.82793	   0.02633	[mu,kappa]: [(115.62871,320.53495),2.13851]
	1052.05283	   0.02558	[mu,kappa]: [(119.11673,318.24156),2.45958]
	1002.89850	   0.02438	[mu,kappa]: [(103.26180,326.17651),1.61500]
	1029.15559	   0.02502	[mu,kappa]: [(108.27472,324.57585),1.74854]
	1007.40352	   0.02449	[mu,kappa]: [(111.95775,320.90980),2.00767]
	1037.67378	   0.02523	[mu,kappa]: [(116.77325,315.12884),2.66683]
	1019.51611	   0.02479	[mu,kappa]: [(116.18085,318.47880),2.30909]
	1066.19477	   0.02592	[mu,kappa]: [(109.79884,320.62617),1.97186]
	1080.21433	   0.02626	[mu,kappa]: [(81.74771,344.68473),1.17126]
			msglen: 942186.56727 bits.
Iteration #: 4
	1097.41249	   0.02668	[mu,kappa]: [(125.32103,311.71700),4.14778]
	 988.07791	   0.02402	[mu,kappa]: [(110.55670,319.11356),2.10099]
	 966.20074	   0.02349	[mu,kappa]: [(113.71840,318.24542),2.25827]
	1034.21180	   0.02514	[mu,kappa]: [(77.25810,344.69035),1.19453]
	1057.35539	   0.02571	[mu,kappa]: [(86.97422,332.20994),1.37118]
	1005.61558	   0.02445	[mu,kappa]: [(102.40502,320.96345),1.83547]
	 978.26723	   0.02379	[mu,kappa]: [(93.73946,327.84456),1.49756]
	 951.70656	   0.02314	[mu,kappa]: [(103.92279,324.74075),1.68971]
	 964.73860	   0.02346	[mu,kappa]: [(105.21210,322.10883),1.82128]
	1009.29044	   0.02454	[mu,kappa]: [(102.62016,327.71693),1.57138]
	1022.41945	   0.02486	[mu,kappa]: [(106.16127,323.69255),1.76536]
	1002.97484	   0.02439	[mu,kappa]: [(108.43688,321.00848),1.93667]
	1138.02650	   0.02767	[mu,kappa]: [(125.84800,311.20204),4.41742]
	1034.88544	   0.02516	[mu,kappa]: [(93.79710,331.80545),1.39776]
	1201.35632	   0.02921	[mu,kappa]: [(51.59964,6.17429),1.33377]
	 953.01079	   0.02317	[mu,kappa]: [(107.63234,320.36009),1.95603]
	1188.43683	   0.02889	[mu,kappa]: [(127.68406,310.61294),5.08204]
	 929.14986	   0.02259	[mu,kappa]: [(114.14880,318.18765),2.27762]
	1042.93957	   0.02536	[mu,kappa]: [(125.45886,313.58437),3.65957]
	 949.43693	   0.02308	[mu,kappa]: [(95.82755,332.15990),1.39930]
	1011.56835	   0.02459	[mu,kappa]: [(91.81595,333.38876),1.35609]
	 999.13341	   0.02429	[mu,kappa]: [(114.10703,318.30928),2.26682]
	 933.20236	   0.02269	[mu,kappa]: [(117.18313,317.43715),2.46269]
	1029.79060	   0.02504	[mu,kappa]: [(120.43287,315.32678),2.88254]
	1133.38496	   0.02755	[mu,kappa]: [(121.61845,311.79596),3.62786]
	 995.42947	   0.02420	[mu,kappa]: [(104.07241,326.24578),1.63681]
	1157.26390	   0.02814	[mu,kappa]: [(125.50824,311.04242),4.41327]
	 997.17109	   0.02424	[mu,kappa]: [(95.69357,329.24211),1.46986]
	1072.14792	   0.02607	[mu,kappa]: [(118.46800,317.45718),2.52325]
	 940.17516	   0.02286	[mu,kappa]: [(116.35546,317.47377),2.42306]
	 977.71601	   0.02377	[mu,kappa]: [(85.88470,336.64017),1.28638]
	1060.66547	   0.02579	[mu,kappa]: [(118.07517,318.24387),2.43063]
	1057.35624	   0.02571	[mu,kappa]: [(122.79286,315.19585),3.07995]
	 980.36329	   0.02384	[mu,kappa]: [(97.17553,329.21172),1.48010]
	 998.08206	   0.02427	[mu,kappa]: [(106.14372,325.25875),1.70175]
	 979.57486	   0.02382	[mu,kappa]: [(113.22986,319.41876),2.15631]
	1057.25363	   0.02570	[mu,kappa]: [(120.79678,312.33399),3.42044]
	1009.69707	   0.02455	[mu,kappa]: [(119.34962,315.83775),2.74726]
	1035.27400	   0.02517	[mu,kappa]: [(110.45017,319.51218),2.07261]
	1189.23688	   0.02891	[mu,kappa]: [(53.24135,10.80816),1.30496]
			msglen: 938962.63587 bits.
Iteration #: 5
	1242.21525	   0.03020	[mu,kappa]: [(129.29332,309.85598),6.12460]
	 924.03591	   0.02247	[mu,kappa]: [(111.76039,316.70734),2.36700]
	 913.21596	   0.02220	[mu,kappa]: [(115.92090,315.46883),2.65848]
	1054.05661	   0.02563	[mu,kappa]: [(53.67977,3.41689),1.33868]
	1019.42747	   0.02479	[mu,kappa]: [(70.79580,339.79694),1.32174]
	 933.50735	   0.02270	[mu,kappa]: [(100.13314,319.96023),1.89720]
	 921.67407	   0.02241	[mu,kappa]: [(83.49874,331.19343),1.42624]
	 881.07315	   0.02142	[mu,kappa]: [(100.52599,324.58304),1.69197]
	 893.68750	   0.02173	[mu,kappa]: [(103.55794,320.96647),1.89141]
	 936.44867	   0.02277	[mu,kappa]: [(97.07112,328.90038),1.52194]
	 945.59365	   0.02299	[mu,kappa]: [(104.22084,322.80108),1.81322]
	 931.02523	   0.02264	[mu,kappa]: [(108.39311,319.14397),2.08904]
	1317.80658	   0.03204	[mu,kappa]: [(129.79536,309.56771),6.56362]
	 980.40299	   0.02384	[mu,kappa]: [(81.06738,337.19945),1.31367]
	1455.22737	   0.03538	[mu,kappa]: [(37.72455,39.42460),2.19827]
	 885.47240	   0.02153	[mu,kappa]: [(107.54250,318.48859),2.11259]
	1453.32007	   0.03533	[mu,kappa]: [(131.54187,309.45282),7.63300]
	 879.58201	   0.02139	[mu,kappa]: [(116.45602,315.37361),2.69572]
	1133.72354	   0.02756	[mu,kappa]: [(129.44456,311.21178),5.34023]
	 895.97972	   0.02179	[mu,kappa]: [(83.94264,337.18521),1.30895]
	 965.32632	   0.02347	[mu,kappa]: [(77.08219,340.25710),1.27976]
	 945.07256	   0.02298	[mu,kappa]: [(116.38094,315.50160),2.67774]
	 897.82924	   0.02183	[mu,kappa]: [(120.18503,314.41678),3.05170]
	1031.52183	   0.02508	[mu,kappa]: [(124.09242,312.38153),3.84272]
	1215.08190	   0.02954	[mu,kappa]: [(125.53004,309.56150),5.14079]
	 921.49590	   0.02241	[mu,kappa]: [(100.00910,326.56065),1.61687]
	1337.87429	   0.03252	[mu,kappa]: [(129.45242,309.41355),6.53951]
	 937.41298	   0.02279	[mu,kappa]: [(85.58142,332.79373),1.39020]
	1037.91142	   0.02523	[mu,kappa]: [(121.66398,314.36346),3.17779]
	 901.01945	   0.02191	[mu,kappa]: [(119.21596,314.49913),2.97128]
	 953.57285	   0.02319	[mu,kappa]: [(66.77110,347.35706),1.26320]
	1018.61673	   0.02477	[mu,kappa]: [(121.09564,315.14803),3.01125]
	1083.15888	   0.02633	[mu,kappa]: [(126.63329,312.30863),4.24932]
	 918.92417	   0.02234	[mu,kappa]: [(87.87065,332.37193),1.40057]
	 922.44006	   0.02243	[mu,kappa]: [(103.50771,324.82357),1.71846]
	 919.60966	   0.02236	[mu,kappa]: [(115.05055,316.76099),2.48471]
	1111.31700	   0.02702	[mu,kappa]: [(124.66132,309.92309),4.77094]
	 997.60616	   0.02426	[mu,kappa]: [(122.85218,312.83994),3.58311]
	 966.69703	   0.02350	[mu,kappa]: [(111.51380,317.15890),2.32070]
	1450.03609	   0.03525	[mu,kappa]: [(39.47934,43.08291),2.22126]
			msglen: 933762.72557 bits.
Iteration #: 6
	1443.11220	   0.03508	[mu,kappa]: [(132.47502,309.66180),8.12489]
	 840.56014	   0.02044	[mu,kappa]: [(112.18697,313.54218),2.80224]
	 848.11152	   0.02062	[mu,kappa]: [(117.30958,312.53009),3.24394]
	1053.82412	   0.02562	[mu,kappa]: [(40.67325,20.18598),1.81785]
	 941.77631	   0.02290	[mu,kappa]: [(56.40197,344.48715),1.49322]
	 831.20638	   0.02021	[mu,kappa]: [(97.22853,316.90153),2.11918]
	 826.60201	   0.02010	[mu,kappa]: [(73.22885,331.28195),1.52464]
	 776.08062	   0.01887	[mu,kappa]: [(96.87849,321.99882),1.82772]
	 792.64611	   0.01927	[mu,kappa]: [(101.43558,317.89468),2.10791]
	 823.14816	   0.02002	[mu,kappa]: [(91.35587,327.26965),1.59825]
	 834.58284	   0.02029	[mu,kappa]: [(102.01344,319.85414),1.99664]
	 832.46240	   0.02024	[mu,kappa]: [(107.80742,315.91823),2.39388]
	1560.52555	   0.03794	[mu,kappa]: [(132.96819,309.55929),8.67694]
	 883.16864	   0.02147	[mu,kappa]: [(68.49420,339.53106),1.40265]
	1851.61130	   0.04501	[mu,kappa]: [(37.26189,57.53524),3.68911]
	 793.38767	   0.01929	[mu,kappa]: [(106.79943,315.26084),2.42616]
	1802.00345	   0.04380	[mu,kappa]: [(134.77055,309.88818),10.06661]
	 819.22772	   0.01992	[mu,kappa]: [(117.95617,312.47220),3.30130]
	1274.13989	   0.03098	[mu,kappa]: [(132.79951,310.70710),7.18554]
	 802.43917	   0.01951	[mu,kappa]: [(71.98005,339.18045),1.37869]
	 877.96982	   0.02135	[mu,kappa]: [(63.05939,344.25978),1.39520]
	 879.01241	   0.02137	[mu,kappa]: [(117.86490,312.58156),3.27540]
	 860.09912	   0.02091	[mu,kappa]: [(122.40653,311.88483),3.85082]
	1049.09482	   0.02551	[mu,kappa]: [(126.89729,310.64095),5.02909]
	1332.20476	   0.03239	[mu,kappa]: [(128.30491,308.69585),6.74387]
	 809.63644	   0.01969	[mu,kappa]: [(95.79560,324.29896),1.72341]
	1579.90462	   0.03841	[mu,kappa]: [(132.57862,309.36672),8.62322]
	 836.95447	   0.02035	[mu,kappa]: [(75.31820,333.16082),1.46811]
	1004.87897	   0.02443	[mu,kappa]: [(124.14630,311.97224),4.05388]
	 857.43256	   0.02085	[mu,kappa]: [(121.26076,311.87642),3.72361]
	 894.26096	   0.02174	[mu,kappa]: [(51.14272,355.89018),1.48758]
	 973.72330	   0.02367	[mu,kappa]: [(123.48759,312.59002),3.80708]
	1136.76634	   0.02764	[mu,kappa]: [(129.77752,310.98311),5.65481]
	 817.15110	   0.01987	[mu,kappa]: [(78.33822,332.39262),1.46990]
	 810.91179	   0.01972	[mu,kappa]: [(100.74918,322.12703),1.86233]
	 843.25652	   0.02050	[mu,kappa]: [(116.21871,313.68485),2.98793]
	1193.47293	   0.02902	[mu,kappa]: [(127.36797,308.82202),6.25355]
	 995.19029	   0.02420	[mu,kappa]: [(125.48859,310.84487),4.64395]
	 876.57298	   0.02131	[mu,kappa]: [(111.85844,313.96854),2.73500]
	1870.88958	   0.04548	[mu,kappa]: [(38.99935,59.89310),3.82402]
			msglen: 929135.55403 bits.
Iteration #: 7
	1592.78261	   0.03872	[mu,kappa]: [(135.36854,310.67381),9.41108]
	 784.17249	   0.01907	[mu,kappa]: [(110.50303,310.71114),3.24566]
	 804.17306	   0.01955	[mu,kappa]: [(116.82436,310.37674),3.74112]
	1009.52760	   0.02455	[mu,kappa]: [(36.23755,25.86239),2.26469]
	 858.61852	   0.02088	[mu,kappa]: [(49.77518,340.63572),1.79840]
	 761.74944	   0.01852	[mu,kappa]: [(92.94822,312.67002),2.52119]
	 744.53385	   0.01811	[mu,kappa]: [(67.16697,326.13537),1.81791]
	 695.44875	   0.01691	[mu,kappa]: [(92.95240,317.67859),2.10523]
	 720.19659	   0.01751	[mu,kappa]: [(97.94681,313.91676),2.45354]
	 729.89791	   0.01775	[mu,kappa]: [(86.85047,322.81235),1.81760]
	 751.51619	   0.01827	[mu,kappa]: [(98.84917,315.88627),2.29377]
	 763.13213	   0.01856	[mu,kappa]: [(105.41143,312.52691),2.76788]
	1742.32179	   0.04235	[mu,kappa]: [(135.89960,310.69987),10.05096]
	 789.75514	   0.01920	[mu,kappa]: [(61.80299,335.32999),1.63721]
	2204.42410	   0.05358	[mu,kappa]: [(39.99091,65.15748),5.37142]
	 730.06465	   0.01775	[mu,kappa]: [(104.08740,311.81582),2.82228]
	2081.27604	   0.05059	[mu,kappa]: [(137.94226,311.48904),11.77302]
	 778.45574	   0.01893	[mu,kappa]: [(117.64065,310.41148),3.80522]
	1388.01684	   0.03374	[mu,kappa]: [(135.99748,311.77584),8.42217]
	 713.68834	   0.01736	[mu,kappa]: [(65.39414,335.12316),1.58779]
	 788.43863	   0.01917	[mu,kappa]: [(56.07640,340.74508),1.63666]
	 834.29848	   0.02029	[mu,kappa]: [(117.54258,310.49817),3.77530]
	 835.13713	   0.02031	[mu,kappa]: [(123.25156,310.55093),4.43796]
	1063.18025	   0.02585	[mu,kappa]: [(128.76890,310.26258),5.80655]
	1407.57609	   0.03422	[mu,kappa]: [(130.13801,308.76791),7.69786]
	 720.80675	   0.01753	[mu,kappa]: [(91.85514,319.96888),1.96533]
	1757.43440	   0.04272	[mu,kappa]: [(135.40651,310.41291),9.95569]
	 747.95517	   0.01819	[mu,kappa]: [(69.19373,328.34143),1.71724]
	 983.98153	   0.02392	[mu,kappa]: [(125.49936,310.94296),4.67955]
	 828.32035	   0.02014	[mu,kappa]: [(121.77837,310.35183),4.29046]
	 818.47419	   0.01990	[mu,kappa]: [(44.27582,354.84770),1.78313]
	 944.43447	   0.02296	[mu,kappa]: [(124.75882,311.39754),4.39232]
	1180.78634	   0.02871	[mu,kappa]: [(132.43274,311.24870),6.57719]
	 727.96886	   0.01770	[mu,kappa]: [(72.40506,327.65022),1.70512]
	 724.56104	   0.01762	[mu,kappa]: [(97.56487,318.08609),2.11964]
	 790.55635	   0.01922	[mu,kappa]: [(115.62117,311.31158),3.43780]
	1245.89781	   0.03029	[mu,kappa]: [(128.99876,308.68481),7.14742]
	 994.97765	   0.02419	[mu,kappa]: [(127.01717,310.15966),5.35743]
	 815.06873	   0.01982	[mu,kappa]: [(110.15710,311.07289),3.16421]
	2276.39400	   0.05533	[mu,kappa]: [(41.85519,67.09417),5.74244]
			msglen: 926309.25943 bits.
Iteration #: 8
	1676.17576	   0.04075	[mu,kappa]: [(138.41466,312.54242),10.15721]
	 759.40779	   0.01847	[mu,kappa]: [(107.03491,308.41030),3.63941]
	 778.40015	   0.01893	[mu,kappa]: [(114.87941,308.81945),4.06566]
	 938.03675	   0.02281	[mu,kappa]: [(34.60080,23.58636),2.49872]
	 809.75821	   0.01969	[mu,kappa]: [(48.02677,331.81520),2.19591]
	 748.12044	   0.01819	[mu,kappa]: [(87.50477,308.72682),3.11568]
	 710.60616	   0.01728	[mu,kappa]: [(63.92964,319.34624),2.28964]
	 660.68197	   0.01607	[mu,kappa]: [(88.53478,313.65032),2.46719]
	 693.82484	   0.01687	[mu,kappa]: [(93.16570,310.36038),2.88793]
	 683.92706	   0.01663	[mu,kappa]: [(83.05683,318.31628),2.11200]
	 714.86940	   0.01738	[mu,kappa]: [(94.68478,312.44256),2.63524]
	 734.03171	   0.01785	[mu,kappa]: [(101.41065,309.71140),3.14779]
	1849.15151	   0.04495	[mu,kappa]: [(138.98261,312.67516),10.89539]
	 736.90283	   0.01792	[mu,kappa]: [(59.25670,328.30904),1.96040]
	2377.90686	   0.05780	[mu,kappa]: [(43.47909,69.10030),6.94486]
	 706.88357	   0.01719	[mu,kappa]: [(99.65104,308.86630),3.25913]
	2284.09954	   0.05552	[mu,kappa]: [(141.31238,314.05413),13.05145]
	 753.50255	   0.01832	[mu,kappa]: [(115.94106,308.96748),4.11850]
	1461.77862	   0.03554	[mu,kappa]: [(139.56415,314.11881),9.16145]
	 662.56024	   0.01611	[mu,kappa]: [(62.74084,328.72028),1.87003]
	 733.07743	   0.01783	[mu,kappa]: [(53.88638,333.31336),1.93695]
	 807.08989	   0.01963	[mu,kappa]: [(115.84519,309.04474),4.08639]
	 812.91412	   0.01977	[mu,kappa]: [(123.28571,309.97486),4.70653]
	1056.12257	   0.02568	[mu,kappa]: [(130.32449,310.65792),6.12061]
	1422.26706	   0.03458	[mu,kappa]: [(131.48458,309.17158),8.10735]
	 678.76055	   0.01651	[mu,kappa]: [(87.86591,315.90661),2.27265]
	1855.14883	   0.04509	[mu,kappa]: [(138.33543,312.21144),10.74128]
	 704.55641	   0.01713	[mu,kappa]: [(65.95729,321.89682),2.09692]
	 961.54792	   0.02338	[mu,kappa]: [(126.36533,310.82239),4.93890]
	 804.98763	   0.01957	[mu,kappa]: [(121.28825,309.50996),4.57244]
	 759.41213	   0.01847	[mu,kappa]: [(42.34049,346.96656),2.05686]
	 919.10660	   0.02235	[mu,kappa]: [(125.57298,311.21343),4.63607]
	1196.81662	   0.02910	[mu,kappa]: [(135.26861,312.64604),6.99204]
	 683.77246	   0.01663	[mu,kappa]: [(69.00510,321.60767),2.05878]
	 683.31855	   0.01662	[mu,kappa]: [(93.80856,314.59825),2.40878]
	 760.94212	   0.01850	[mu,kappa]: [(113.66449,309.65882),3.73322]
	1250.88572	   0.03041	[mu,kappa]: [(130.01611,308.86378),7.52812]
	 981.11271	   0.02385	[mu,kappa]: [(128.03522,310.19692),5.65065]
	 787.57666	   0.01915	[mu,kappa]: [(106.72070,308.73955),3.54401]
	2529.95810	   0.06149	[mu,kappa]: [(45.54587,70.98843),7.71386]
			msglen: 924188.52527 bits.
Iteration #: 9
	1731.41137	   0.04209	[mu,kappa]: [(141.52609,315.07152),10.69333]
	 748.75484	   0.01821	[mu,kappa]: [(102.98434,306.27328),4.17029]
	 757.06574	   0.01841	[mu,kappa]: [(112.26097,307.33345),4.41129]
	 875.84010	   0.02130	[mu,kappa]: [(34.36378,19.37547),2.59138]
	 796.86233	   0.01938	[mu,kappa]: [(47.25869,324.02513),2.72811]
	 772.36398	   0.01878	[mu,kappa]: [(82.53533,305.50717),4.04687]
	 712.18946	   0.01732	[mu,kappa]: [(61.29381,313.91523),2.94150]
	 647.86730	   0.01576	[mu,kappa]: [(84.36784,310.55370),2.90019]
	 691.16158	   0.01681	[mu,kappa]: [(88.44607,307.41638),3.48481]
	 661.10823	   0.01608	[mu,kappa]: [(79.80542,315.22663),2.40950]
	 698.41667	   0.01698	[mu,kappa]: [(90.59630,309.78163),3.02955]
	 722.59483	   0.01757	[mu,kappa]: [(97.13079,307.30559),3.63721]
	1925.70644	   0.04681	[mu,kappa]: [(142.08233,315.28258),11.55720]
	 713.78311	   0.01736	[mu,kappa]: [(57.58985,322.78987),2.33032]
	2417.05516	   0.05875	[mu,kappa]: [(46.58632,71.20881),8.22060]
	 704.12814	   0.01712	[mu,kappa]: [(94.97339,306.28828),3.87972]
	2474.62357	   0.06015	[mu,kappa]: [(144.60966,317.41319),14.28866]
	 731.56835	   0.01779	[mu,kappa]: [(113.60021,307.60553),4.43117]
	1529.05072	   0.03717	[mu,kappa]: [(143.47186,317.79031),9.69881]
	 636.98790	   0.01549	[mu,kappa]: [(61.04980,324.04384),2.15982]
	 706.27261	   0.01718	[mu,kappa]: [(52.78257,327.27920),2.26917]
	 783.24493	   0.01905	[mu,kappa]: [(113.52504,307.68931),4.39337]
	 785.78256	   0.01911	[mu,kappa]: [(123.03885,309.63597),4.84033]
	1032.80074	   0.02511	[mu,kappa]: [(131.85361,311.41231),6.20299]
	1401.37643	   0.03407	[mu,kappa]: [(132.32156,309.41985),8.33470]
	 658.22951	   0.01601	[mu,kappa]: [(84.25814,313.02475),2.59414]
	1916.85551	   0.04659	[mu,kappa]: [(141.24507,314.52129),11.32774]
	 691.29909	   0.01681	[mu,kappa]: [(63.36673,316.85605),2.56714]
	 931.46529	   0.02265	[mu,kappa]: [(127.28153,311.18601),5.00223]
	 778.51775	   0.01893	[mu,kappa]: [(120.33931,308.79925),4.76328]
	 725.56504	   0.01764	[mu,kappa]: [(41.90579,339.37440),2.34071]
	 888.96576	   0.02162	[mu,kappa]: [(126.57882,311.66176),4.68273]
	1199.32311	   0.02916	[mu,kappa]: [(138.55044,315.08378),7.12783]
	 667.38205	   0.01623	[mu,kappa]: [(66.24836,317.00026),2.47652]
	 660.95521	   0.01607	[mu,kappa]: [(90.32821,312.17914),2.69317]
	 736.95460	   0.01792	[mu,kappa]: [(111.24003,308.25258),4.01217]
	1227.49720	   0.02984	[mu,kappa]: [(130.43011,308.84275),7.75439]
	 954.18916	   0.02320	[mu,kappa]: [(128.87817,310.47600),5.74840]
	 774.51685	   0.01883	[mu,kappa]: [(102.74667,306.61289),4.03967]
	2660.26680	   0.06466	[mu,kappa]: [(48.73960,73.24772),9.50684]
			msglen: 922259.35500 bits.
Iteration #: 10
	1773.46037	   0.04311	[mu,kappa]: [(144.32904,317.97923),11.11133]
	 749.08162	   0.01822	[mu,kappa]: [(99.48119,304.09153),5.16130]
	 738.95742	   0.01797	[mu,kappa]: [(109.48602,305.55469),5.05349]
	 844.32681	   0.02053	[mu,kappa]: [(35.64651,18.86756),2.59408]
	 804.99182	   0.01957	[mu,kappa]: [(45.69819,318.86245),3.42816]
	 825.01261	   0.02006	[mu,kappa]: [(79.52003,303.13597),5.49807]
	 729.39099	   0.01774	[mu,kappa]: [(58.76940,310.16574),3.79688]
	 636.62512	   0.01548	[mu,kappa]: [(81.20561,308.13984),3.43876]
	 697.90337	   0.01697	[mu,kappa]: [(85.03540,304.92344),4.40409]
	 637.51499	   0.01550	[mu,kappa]: [(77.34765,313.51289),2.66023]
	 682.49940	   0.01660	[mu,kappa]: [(87.49297,307.59576),3.53797]
	 717.46725	   0.01745	[mu,kappa]: [(93.73555,305.04742),4.43730]
	1987.46299	   0.04831	[mu,kappa]: [(144.79916,318.18564),12.13459]
	 698.21333	   0.01698	[mu,kappa]: [(55.54482,319.62845),2.69812]
	2407.76184	   0.05852	[mu,kappa]: [(48.84029,72.10026),8.91845]
	 714.04809	   0.01736	[mu,kappa]: [(91.45799,303.94838),4.94897]
	2668.47944	   0.06486	[mu,kappa]: [(147.38416,321.17322),15.57359]
	 711.41446	   0.01730	[mu,kappa]: [(111.05247,305.94161),5.00030]
	1610.11811	   0.03914	[mu,kappa]: [(147.37666,323.07719),10.07109]
	 616.28661	   0.01499	[mu,kappa]: [(59.21183,322.03938),2.38345]
	 688.83740	   0.01675	[mu,kappa]: [(51.12088,324.11076),2.58501]
	 760.97548	   0.01850	[mu,kappa]: [(111.01807,306.04375),4.94528]
	 754.57776	   0.01835	[mu,kappa]: [(122.61373,309.16687),4.99576]
	1001.06731	   0.02434	[mu,kappa]: [(133.26281,312.26121),6.18045]
	1366.67439	   0.03322	[mu,kappa]: [(132.25600,309.01363),8.67181]
	 636.44291	   0.01548	[mu,kappa]: [(81.56570,311.13291),2.90851]
	1958.60184	   0.04761	[mu,kappa]: [(143.74125,316.96209),11.82960]
	 685.24592	   0.01666	[mu,kappa]: [(60.80103,313.50227),3.10404]
	 896.39339	   0.02180	[mu,kappa]: [(128.41294,311.86869),4.97067]
	 749.47972	   0.01823	[mu,kappa]: [(119.06391,307.80745),5.06093]
	 707.38283	   0.01720	[mu,kappa]: [(40.94629,335.45591),2.62354]
	 855.39553	   0.02080	[mu,kappa]: [(128.09167,312.71218),4.61096]
	1202.79880	   0.02924	[mu,kappa]: [(142.24977,318.92900),7.03684]
	 655.51418	   0.01594	[mu,kappa]: [(63.64200,314.03797),2.92008]
	 636.30615	   0.01548	[mu,kappa]: [(87.85202,310.58652),2.96633]
	 712.72471	   0.01733	[mu,kappa]: [(108.89073,306.69746),4.46278]
	1195.29996	   0.02906	[mu,kappa]: [(129.87940,308.14064),8.14282]
	 920.10746	   0.02237	[mu,kappa]: [(129.46881,310.65324),5.80232]
	 770.51980	   0.01874	[mu,kappa]: [(99.31594,304.44607),4.93896]
	2724.63784	   0.06622	[mu,kappa]: [(50.88995,74.49393),10.77089]
			msglen: 920410.97910 bits.
Iteration #: 11
	1795.25301	   0.04364	[mu,kappa]: [(146.52445,320.81192),11.43809]
	 772.35827	   0.01878	[mu,kappa]: [(97.49362,302.13331),7.05529]
	 732.93130	   0.01782	[mu,kappa]: [(107.08466,303.45966),6.43909]
	 847.26327	   0.02060	[mu,kappa]: [(39.32266,24.20369),2.51237]
	 826.47211	   0.02010	[mu,kappa]: [(42.98392,315.62229),4.38900]
	 898.03583	   0.02184	[mu,kappa]: [(78.72386,301.79817),7.28457]
	 751.02037	   0.01826	[mu,kappa]: [(56.15761,307.73899),4.85832]
	 616.95201	   0.01500	[mu,kappa]: [(79.15364,306.10189),4.14516]
	 710.84669	   0.01729	[mu,kappa]: [(83.47472,302.96729),5.78755]
	 600.10732	   0.01460	[mu,kappa]: [(75.42457,312.76737),2.84361]
	 658.42302	   0.01601	[mu,kappa]: [(85.60245,305.60042),4.25936]
	 720.07735	   0.01751	[mu,kappa]: [(91.91930,302.99364),5.82739]
	2024.08057	   0.04920	[mu,kappa]: [(146.82579,320.83883),12.66702]
	 676.12021	   0.01644	[mu,kappa]: [(52.66257,318.13310),3.06730]
	2403.54952	   0.05842	[mu,kappa]: [(50.40191,72.12512),8.97980]
	 741.81020	   0.01804	[mu,kappa]: [(89.95014,302.10626),6.73325]
	2837.81476	   0.06897	[mu,kappa]: [(149.36569,324.67938),16.92475]
	 700.11414	   0.01703	[mu,kappa]: [(108.71008,303.87942),6.23925]
	1710.47211	   0.04158	[mu,kappa]: [(150.98600,330.61617),10.19426]
	 587.93005	   0.01430	[mu,kappa]: [(56.74382,322.36077),2.51372]
	 667.47247	   0.01623	[mu,kappa]: [(48.37237,323.16691),2.88366]
	 747.15731	   0.01817	[mu,kappa]: [(108.71323,303.99165),6.14146]
	 719.93227	   0.01751	[mu,kappa]: [(121.92198,308.21839),5.34347]
	 963.01787	   0.02341	[mu,kappa]: [(134.42337,312.98810),6.14447]
	1339.18718	   0.03256	[mu,kappa]: [(131.02555,307.62449),9.52445]
	 601.13795	   0.01462	[mu,kappa]: [(79.66039,309.79470),3.21944]
	1973.36532	   0.04797	[mu,kappa]: [(145.50657,318.95708),12.32034]
	 673.18820	   0.01637	[mu,kappa]: [(57.96157,311.25343),3.72856]
	 856.63301	   0.02083	[mu,kappa]: [(129.84063,312.86734),4.89617]
	 720.87932	   0.01753	[mu,kappa]: [(117.45677,306.21364),5.73551]
	 694.06393	   0.01688	[mu,kappa]: [(38.75299,334.84843),2.91718]
	 819.26124	   0.01992	[mu,kappa]: [(130.39331,314.69981),4.44107]
	1218.79889	   0.02963	[mu,kappa]: [(146.43956,325.50683),6.69636]
	 634.62156	   0.01543	[mu,kappa]: [(60.84891,312.12591),3.39700]
	 598.26910	   0.01455	[mu,kappa]: [(86.35241,309.42611),3.23883]
	 689.78887	   0.01677	[mu,kappa]: [(106.90414,304.76070),5.37442]
	1175.48433	   0.02858	[mu,kappa]: [(128.19042,306.51800),9.14490]
	 880.94555	   0.02142	[mu,kappa]: [(129.63769,310.39426),5.95544]
	 785.03905	   0.01909	[mu,kappa]: [(97.30575,302.42603),6.65722]
	2760.12448	   0.06709	[mu,kappa]: [(52.05742,75.13003),11.48174]
			msglen: 918321.61374 bits.
Iteration #: 12
	1784.69896	   0.04338	[mu,kappa]: [(147.97746,322.89683),11.90075]
	 830.44864	   0.02019	[mu,kappa]: [(97.34867,301.03637),9.77642]
	 755.88713	   0.01838	[mu,kappa]: [(105.82858,301.69062),8.99639]
	 876.57120	   0.02131	[mu,kappa]: [(46.64711,32.93227),2.42716]
	 873.34821	   0.02124	[mu,kappa]: [(39.37983,313.56840),5.80832]
	 959.94602	   0.02334	[mu,kappa]: [(79.09444,301.33327),8.88006]
	 775.32623	   0.01885	[mu,kappa]: [(53.07979,306.38382),6.08250]
	 585.78045	   0.01425	[mu,kappa]: [(77.80329,304.41018),5.07348]
	 724.83252	   0.01763	[mu,kappa]: [(83.40744,301.83704),7.45097]
	 543.06629	   0.01321	[mu,kappa]: [(73.16580,312.37343),3.01893]
	 624.16060	   0.01518	[mu,kappa]: [(84.65398,303.81778),5.30163]
	 734.81499	   0.01787	[mu,kappa]: [(91.76458,301.61869),7.84685]
	2023.92567	   0.04920	[mu,kappa]: [(148.04705,322.53797),13.40517]
	 644.96382	   0.01569	[mu,kappa]: [(48.68411,317.26684),3.57004]
	2409.76922	   0.05857	[mu,kappa]: [(51.56617,71.55418),8.65791]
	 786.59533	   0.01913	[mu,kappa]: [(90.24624,301.17624),8.96670]
	2957.72771	   0.07189	[mu,kappa]: [(150.53268,327.20520),18.58137]
	 712.24394	   0.01732	[mu,kappa]: [(107.29385,301.97488),8.63154]
	1830.77209	   0.04450	[mu,kappa]: [(153.96248,341.25144),10.18297]
	 546.56167	   0.01329	[mu,kappa]: [(53.11407,324.06609),2.63779]
	 638.37681	   0.01553	[mu,kappa]: [(44.40152,323.09238),3.29759]
	 756.53847	   0.01840	[mu,kappa]: [(107.29552,302.05651),8.47044]
	 678.62164	   0.01650	[mu,kappa]: [(120.85685,306.42620),6.22153]
	 909.41392	   0.02211	[mu,kappa]: [(135.18286,313.13004),6.30513]
	1348.29793	   0.03278	[mu,kappa]: [(129.08075,305.56898),11.47827]
	 547.07395	   0.01331	[mu,kappa]: [(77.82387,308.52648),3.59612]
	1955.40659	   0.04753	[mu,kappa]: [(146.41839,319.84158),13.09015]
	 654.55779	   0.01592	[mu,kappa]: [(54.49002,309.65331),4.54106]
	 800.48132	   0.01946	[mu,kappa]: [(131.44810,313.91086),4.89922]
	 697.48985	   0.01696	[mu,kappa]: [(115.77176,304.03921),7.27494]
	 680.21242	   0.01654	[mu,kappa]: [(35.42070,335.46738),3.36531]
	 770.34438	   0.01873	[mu,kappa]: [(133.55629,317.99354),4.25171]
	1258.64534	   0.03060	[mu,kappa]: [(150.89804,337.83041),6.27636]
	 602.48881	   0.01465	[mu,kappa]: [(57.39422,310.69325),4.00783]
	 541.00860	   0.01316	[mu,kappa]: [(85.12980,308.21046),3.58327]
	 675.47424	   0.01643	[mu,kappa]: [(105.64485,302.69939),7.18887]
	1197.34334	   0.02911	[mu,kappa]: [(126.01612,304.43961),11.35377]
	 830.67834	   0.02020	[mu,kappa]: [(129.22033,309.22032),6.50053]
	 830.04049	   0.02018	[mu,kappa]: [(97.07033,301.18432),9.22530]
	2776.06506	   0.06747	[mu,kappa]: [(52.35907,75.52374),12.02401]
			msglen: 915782.41730 bits.
Iteration #: 13
	1736.67078	   0.04222	[mu,kappa]: [(148.70200,323.52907),12.91993]
	 900.01152	   0.02188	[mu,kappa]: [(98.06721,300.80684),12.32408]
	 809.77943	   0.01969	[mu,kappa]: [(105.81199,300.89248),11.95246]
	 907.89538	   0.02208	[mu,kappa]: [(57.01190,41.21384),2.49331]
	 963.94413	   0.02344	[mu,kappa]: [(35.98112,312.25896),7.70657]
	 986.31940	   0.02398	[mu,kappa]: [(79.48322,301.34536),10.10986]
	 807.31465	   0.01963	[mu,kappa]: [(49.94384,305.72700),7.47241]
	 548.56041	   0.01334	[mu,kappa]: [(76.75523,303.26061),6.18801]
	 728.30063	   0.01771	[mu,kappa]: [(83.78480,301.44532),8.99137]
	 471.39683	   0.01147	[mu,kappa]: [(70.13261,311.61591),3.32188]
	 586.09061	   0.01425	[mu,kappa]: [(84.23098,302.57230),6.61311]
	 753.02664	   0.01831	[mu,kappa]: [(92.39487,301.10210),9.89642]
	1989.69099	   0.04836	[mu,kappa]: [(148.54219,322.78212),14.76818]
	 612.89129	   0.01491	[mu,kappa]: [(44.40643,316.26137),4.40384]
	2405.19184	   0.05846	[mu,kappa]: [(52.50898,70.63912),8.28531]
	 825.51756	   0.02007	[mu,kappa]: [(91.10491,300.99694),10.95113]
	3034.79526	   0.07376	[mu,kappa]: [(151.05671,328.41369),20.92204]
	 754.43639	   0.01835	[mu,kappa]: [(107.10672,300.99450),11.57402]
	1955.13620	   0.04752	[mu,kappa]: [(155.69402,354.29135),10.47740]
	 492.16384	   0.01197	[mu,kappa]: [(48.60638,325.55115),2.90988]
	 606.04811	   0.01474	[mu,kappa]: [(40.08370,322.57324),4.02749]
	 797.32463	   0.01939	[mu,kappa]: [(107.09002,301.02720),11.38411]
	 639.22122	   0.01555	[mu,kappa]: [(119.73904,304.07279),8.02961]
	 831.79147	   0.02023	[mu,kappa]: [(135.30136,311.90124),6.99761]
	1421.69753	   0.03456	[mu,kappa]: [(127.57080,303.80419),14.53746]
	 481.32527	   0.01171	[mu,kappa]: [(75.68801,307.07111),4.16455]
	1914.88819	   0.04655	[mu,kappa]: [(146.58966,319.30517),14.56934]
	 639.44507	   0.01555	[mu,kappa]: [(50.88859,308.54767),5.65243]
	 715.03233	   0.01739	[mu,kappa]: [(132.67479,313.95756),5.18087]
	 694.64882	   0.01689	[mu,kappa]: [(114.76376,302.13398),9.84468]
	 665.46504	   0.01618	[mu,kappa]: [(31.78296,335.21656),4.17297]
	 692.89584	   0.01685	[mu,kappa]: [(136.89670,321.99140),4.18761]
	1322.97398	   0.03216	[mu,kappa]: [(153.65216,357.97087),6.20548]
	 568.38292	   0.01382	[mu,kappa]: [(53.67770,309.50300),4.89780]
	 470.78201	   0.01145	[mu,kappa]: [(83.66108,306.63872),4.13082]
	 681.68034	   0.01658	[mu,kappa]: [(105.40554,301.33395),9.73554]
	1283.17917	   0.03120	[mu,kappa]: [(124.57947,302.87164),14.58104]
	 771.70128	   0.01877	[mu,kappa]: [(128.29929,306.95577),7.85811]
	 888.06286	   0.02159	[mu,kappa]: [(97.74015,300.84165),11.72655]
	2774.32012	   0.06743	[mu,kappa]: [(51.88375,76.02224),12.88745]
			msglen: 913175.46320 bits.
Iteration #: 14
	1668.61649	   0.04056	[mu,kappa]: [(148.92598,322.79149),14.65179]
	 949.35107	   0.02308	[mu,kappa]: [(98.60850,300.99182),14.05817]
	 860.68268	   0.02093	[mu,kappa]: [(106.14202,300.74283),14.15047]
	 924.90159	   0.02249	[mu,kappa]: [(67.31626,47.34837),2.83021]
	1074.76589	   0.02613	[mu,kappa]: [(33.57261,311.40376),9.51955]
	 994.75514	   0.02419	[mu,kappa]: [(79.52311,301.54663),11.11692]
	 841.51347	   0.02046	[mu,kappa]: [(47.87171,305.31811),8.85406]
	 517.92645	   0.01260	[mu,kappa]: [(75.97946,302.61951),7.45026]
	 725.89774	   0.01765	[mu,kappa]: [(83.89960,301.42325),10.29138]
	 401.72606	   0.00977	[mu,kappa]: [(67.21764,310.29134),3.86294]
	 556.45766	   0.01353	[mu,kappa]: [(83.91963,301.90913),8.02474]
	 765.12040	   0.01861	[mu,kappa]: [(92.79633,301.06242),11.48094]
	1943.93682	   0.04725	[mu,kappa]: [(148.59919,321.92720),16.82694]
	 588.70847	   0.01432	[mu,kappa]: [(41.20581,315.26520),5.53856]
	2377.44931	   0.05779	[mu,kappa]: [(53.30239,69.49807),8.02817]
	 848.28047	   0.02063	[mu,kappa]: [(91.59019,301.16410),12.37287]
	3094.65727	   0.07522	[mu,kappa]: [(151.22997,328.75706),23.95623]
	 798.71407	   0.01942	[mu,kappa]: [(107.37285,300.72470),13.84529]
	2048.96334	   0.04980	[mu,kappa]: [(156.01976,6.22031),11.52260]
	 433.41582	   0.01054	[mu,kappa]: [(44.47382,325.92068),3.39630]
	 578.77483	   0.01408	[mu,kappa]: [(36.69971,321.69364),5.08075]
	 841.72255	   0.02047	[mu,kappa]: [(107.34583,300.72405),13.65985]
	 621.18294	   0.01511	[mu,kappa]: [(119.16694,302.17999),10.40897]
	 750.52425	   0.01825	[mu,kappa]: [(134.87320,309.36093),8.44279]
	1540.47543	   0.03745	[mu,kappa]: [(126.99178,302.77910),17.66692]
	 422.10872	   0.01027	[mu,kappa]: [(73.84716,305.61644),5.02723]
	1877.91458	   0.04565	[mu,kappa]: [(146.36974,317.90203),16.77181]
	 632.49583	   0.01538	[mu,kappa]: [(48.40139,307.83503),6.93791]
	 614.52232	   0.01495	[mu,kappa]: [(133.06251,312.14325),5.91066]
	 713.05142	   0.01734	[mu,kappa]: [(114.58470,301.08632),12.39785]
	 655.70604	   0.01595	[mu,kappa]: [(28.74143,334.44793),5.35269]
	 589.67523	   0.01434	[mu,kappa]: [(139.46473,324.84995),4.33072]
	1391.91087	   0.03384	[mu,kappa]: [(152.67342,18.76715),6.78868]
	 541.87246	   0.01318	[mu,kappa]: [(50.99975,308.60377),6.03476]
	 407.18382	   0.00991	[mu,kappa]: [(82.24631,304.94869),4.99377]
	 698.96098	   0.01700	[mu,kappa]: [(105.59682,300.77237),11.93662]
	1403.12208	   0.03411	[mu,kappa]: [(124.15949,302.07424),17.64650]
	 729.53099	   0.01774	[mu,kappa]: [(127.47980,304.50117),10.03865]
	 930.28007	   0.02262	[mu,kappa]: [(98.25477,300.95115),13.47926]
	2773.14434	   0.06740	[mu,kappa]: [(50.84496,76.80613),14.35521]
			msglen: 911053.97822 bits.
Iteration #: 15
	1607.00308	   0.03906	[mu,kappa]: [(148.95026,321.53599),16.71338]
	 976.66746	   0.02375	[mu,kappa]: [(98.72547,301.31772),15.01150]
	 889.72178	   0.02163	[mu,kappa]: [(106.32585,300.83363),15.38474]
	 938.53141	   0.02282	[mu,kappa]: [(75.03003,51.43750),3.46023]
	1155.26310	   0.02809	[mu,kappa]: [(31.84467,310.94971),10.72836]
	1009.74529	   0.02455	[mu,kappa]: [(79.35573,301.80483),11.94264]
	 861.10698	   0.02094	[mu,kappa]: [(47.09109,304.94136),9.90658]
	 503.59534	   0.01225	[mu,kappa]: [(75.53499,302.29092),8.76855]
	 730.56528	   0.01777	[mu,kappa]: [(83.70920,301.54342),11.32542]
	 348.52136	   0.00848	[mu,kappa]: [(65.34027,308.77948),4.65786]
	 543.53496	   0.01322	[mu,kappa]: [(83.53410,301.60327),9.35826]
	 774.85566	   0.01884	[mu,kappa]: [(92.74233,301.19803),12.52607]
	1906.18194	   0.04633	[mu,kappa]: [(148.51727,320.80642),19.09042]
	 571.56110	   0.01390	[mu,kappa]: [(39.29989,314.71018),6.63039]
	2329.47946	   0.05662	[mu,kappa]: [(53.99138,68.14323),7.86182]
	 864.19184	   0.02101	[mu,kappa]: [(91.58228,301.44949),13.26522]
	3149.70677	   0.07655	[mu,kappa]: [(151.30187,328.97845),27.24434]
	 824.90805	   0.02006	[mu,kappa]: [(107.55789,300.73098),15.15183]
	2095.77841	   0.05094	[mu,kappa]: [(155.73288,14.07683),13.54023]
	 383.21961	   0.00932	[mu,kappa]: [(41.36761,325.68373),4.04395]
	 560.07764	   0.01362	[mu,kappa]: [(34.39248,321.32731),6.17367]
	 868.23562	   0.02111	[mu,kappa]: [(107.52430,300.70688),14.98126]
	 619.92173	   0.01508	[mu,kappa]: [(119.10190,301.00182),12.43786]
	 694.89439	   0.01690	[mu,kappa]: [(134.37158,306.65777),10.42597]
	1654.20780	   0.04021	[mu,kappa]: [(126.98792,302.27909),20.03037]
	 382.61333	   0.00931	[mu,kappa]: [(72.80832,304.44539),6.17781]
	1858.21860	   0.04517	[mu,kappa]: [(146.07130,316.43868),19.11975]
	 626.66176	   0.01524	[mu,kappa]: [(47.34244,307.35874),8.05422]
	 529.42926	   0.01288	[mu,kappa]: [(132.80554,309.12059),7.14226]
	 731.01813	   0.01778	[mu,kappa]: [(114.72679,300.56346),14.14542]
	 657.01337	   0.01598	[mu,kappa]: [(26.32010,334.78628),6.64689]
	 482.69626	   0.01174	[mu,kappa]: [(141.01003,325.14925),4.69223]
	1437.88320	   0.03495	[mu,kappa]: [(149.81905,32.06079),7.94842]
	 523.07293	   0.01272	[mu,kappa]: [(49.81937,307.98864),7.14669]
	 364.95748	   0.00888	[mu,kappa]: [(81.23399,303.55836),6.17124]
	 710.94899	   0.01729	[mu,kappa]: [(105.68376,300.57346),13.32342]
	1506.77758	   0.03663	[mu,kappa]: [(124.27429,301.74737),19.81583]
	 715.20479	   0.01739	[mu,kappa]: [(127.14592,302.66335),12.32183]
	 954.14963	   0.02320	[mu,kappa]: [(98.34645,301.21541),14.47267]
	2787.87863	   0.06776	[mu,kappa]: [(49.56711,77.85267),16.44000]
			msglen: 909589.33157 bits.
Iteration #: 16
	1560.65657	   0.03794	[mu,kappa]: [(148.94819,320.38973),18.54472]
	 991.13521	   0.02410	[mu,kappa]: [(98.60616,301.66638),15.47677]
	 901.65843	   0.02192	[mu,kappa]: [(106.35185,300.98550),15.98128]
	 964.59559	   0.02345	[mu,kappa]: [(80.21096,54.18735),4.34095]
	1194.82488	   0.02905	[mu,kappa]: [(30.38840,310.88467),11.38026]
	1032.97926	   0.02511	[mu,kappa]: [(79.13422,302.07698),12.48436]
	 864.07661	   0.02101	[mu,kappa]: [(47.11027,304.55877),10.59886]
	 503.74827	   0.01225	[mu,kappa]: [(75.29137,302.14295),9.90958]
	 742.50926	   0.01806	[mu,kappa]: [(83.40224,301.71201),12.01919]
	 314.59839	   0.00766	[mu,kappa]: [(64.50427,307.46458),5.63545]
	 544.03158	   0.01323	[mu,kappa]: [(83.11895,301.47950),10.40922]
	 784.37212	   0.01907	[mu,kappa]: [(92.46694,301.37435),13.13241]
	1876.70711	   0.04562	[mu,kappa]: [(148.43749,319.88552),20.98953]
	 556.83154	   0.01354	[mu,kappa]: [(38.14636,314.62954),7.44302]
	2266.99956	   0.05510	[mu,kappa]: [(54.65508,66.63815),7.72986]
	 878.04500	   0.02135	[mu,kappa]: [(91.34539,301.75410),13.75259]
	3198.17280	   0.07773	[mu,kappa]: [(151.37935,329.46158),30.38017]
	 835.61742	   0.02032	[mu,kappa]: [(107.60848,300.81350),15.79436]
	2116.75638	   0.05145	[mu,kappa]: [(155.57988,17.92252),16.49911]
	 347.17070	   0.00845	[mu,kappa]: [(39.09887,325.56577),4.75817]
	 547.91882	   0.01333	[mu,kappa]: [(32.65215,321.77907),7.06387]
	 879.03460	   0.02137	[mu,kappa]: [(107.57013,300.76977),15.63800]
	 622.62011	   0.01514	[mu,kappa]: [(119.24798,300.24115),13.80828]
	 668.99938	   0.01627	[mu,kappa]: [(134.07014,304.52155),12.40202]
	1738.18103	   0.04225	[mu,kappa]: [(127.17935,302.07812),21.49268]
	 363.13673	   0.00884	[mu,kappa]: [(72.39357,303.64703),7.44966]
	1847.99549	   0.04492	[mu,kappa]: [(145.80700,315.26013),21.01780]
	 617.81701	   0.01503	[mu,kappa]: [(47.18968,306.99808),8.86573]
	 474.77366	   0.01155	[mu,kappa]: [(132.41680,306.21231),8.69924]
	 740.50845	   0.01801	[mu,kappa]: [(114.91327,300.25551),15.13797]
	 671.33418	   0.01633	[mu,kappa]: [(24.18220,336.84280),7.85289]
	 392.73600	   0.00956	[mu,kappa]: [(141.79945,323.18811),5.28272]
	1448.23897	   0.03521	[mu,kappa]: [(147.33269,39.10206),9.30228]
	 508.76529	   0.01238	[mu,kappa]: [(49.63719,307.54893),8.05170]
	 344.15717	   0.00838	[mu,kappa]: [(80.56785,302.62749),7.47088]
	 715.67943	   0.01740	[mu,kappa]: [(105.63371,300.48571),14.07725]
	1576.90459	   0.03833	[mu,kappa]: [(124.54072,301.66929),21.08660]
	 716.59297	   0.01743	[mu,kappa]: [(127.15533,301.41280),14.12945]
	 967.18413	   0.02352	[mu,kappa]: [(98.20381,301.50598),14.97133]
	2811.93534	   0.06835	[mu,kappa]: [(48.37274,78.99757),18.99620]
			msglen: 908631.21729 bits.
Iteration #: 17
	1524.54833	   0.03706	[mu,kappa]: [(148.95990,319.47125),19.84599]
	 999.28035	   0.02430	[mu,kappa]: [(98.44840,301.98926),15.70126]
	 905.63368	   0.02202	[mu,kappa]: [(106.31310,301.13491),16.26529]
	1004.76440	   0.02443	[mu,kappa]: [(83.74646,56.18500),5.37521]
	1209.21038	   0.02940	[mu,kappa]: [(29.08620,311.11848),11.71935]
	1056.18566	   0.02568	[mu,kappa]: [(78.92109,302.33558),12.71476]
	 859.65097	   0.02090	[mu,kappa]: [(47.50099,304.15288),11.08309]
	 510.81926	   0.01243	[mu,kappa]: [(75.10946,302.08713),10.70411]
	 755.60716	   0.01837	[mu,kappa]: [(83.11210,301.87631),12.37236]
	 295.64556	   0.00720	[mu,kappa]: [(64.30026,306.46216),6.68061]
	 550.11627	   0.01338	[mu,kappa]: [(82.75282,301.42638),11.08733]
	 792.43954	   0.01927	[mu,kappa]: [(92.18943,301.52878),13.43147]
	1848.62355	   0.04494	[mu,kappa]: [(148.37726,319.19978),22.28590]
	 542.96576	   0.01321	[mu,kappa]: [(37.38336,314.84205),7.99001]
	2195.15148	   0.05336	[mu,kappa]: [(55.26792,65.14142),7.64961]
	 889.13103	   0.02162	[mu,kappa]: [(91.10093,302.02925),13.96334]
	3235.54105	   0.07864	[mu,kappa]: [(151.46092,330.19514),33.25554]
	 838.93857	   0.02040	[mu,kappa]: [(107.59494,300.90181),16.09919]
	2141.65673	   0.05206	[mu,kappa]: [(155.68578,19.20694),20.11921]
	 323.26777	   0.00787	[mu,kappa]: [(37.37094,325.84252),5.45629]
	 539.97776	   0.01313	[mu,kappa]: [(31.18323,322.88791),7.71832]
	 882.30193	   0.02145	[mu,kappa]: [(107.55349,300.83988),15.95286]
	 625.31081	   0.01521	[mu,kappa]: [(119.44079,299.69932),14.64069]
	 661.72446	   0.01609	[mu,kappa]: [(133.94332,302.96316),14.00820]
	1794.03516	   0.04361	[mu,kappa]: [(127.38757,302.06632),22.26706]
	 357.02019	   0.00869	[mu,kappa]: [(72.23549,303.14704),8.60413]
	1837.33976	   0.04466	[mu,kappa]: [(145.57508,314.35320),22.26721]
	 608.04370	   0.01479	[mu,kappa]: [(47.47888,306.66968),9.45785]
	 445.93235	   0.01085	[mu,kappa]: [(132.16041,303.99905),10.25764]
	 744.41901	   0.01810	[mu,kappa]: [(115.07048,300.03810),15.65206]
	 698.85832	   0.01700	[mu,kappa]: [(22.22278,340.43666),8.94325]
	 327.65323	   0.00797	[mu,kappa]: [(142.13557,320.24884),6.10075]
	1427.29765	   0.03470	[mu,kappa]: [(145.63166,43.01002),10.47922]
	 497.89748	   0.01211	[mu,kappa]: [(49.93711,307.17889),8.76679]
	 337.06836	   0.00820	[mu,kappa]: [(80.09389,302.05468),8.62162]
	 716.79717	   0.01743	[mu,kappa]: [(105.54025,300.41416),14.47419]
	1620.29572	   0.03939	[mu,kappa]: [(124.79581,301.74498),21.72946]
	 723.50535	   0.01759	[mu,kappa]: [(127.30312,300.53784),15.35446]
	 974.69061	   0.02370	[mu,kappa]: [(98.02754,301.76998),15.21044]
	2830.65346	   0.06880	[mu,kappa]: [(47.45728,80.03905),21.77558]
			msglen: 908002.15574 bits.
Iteration #: 18
	1493.63018	   0.03631	[mu,kappa]: [(148.97724,318.67445),20.60922]
	1004.43694	   0.02442	[mu,kappa]: [(98.33371,302.27407),15.82791]
	 907.04575	   0.02205	[mu,kappa]: [(106.26147,301.26637),16.41843]
	1049.34661	   0.02551	[mu,kappa]: [(86.13213,57.75184),6.38695]
	1210.05154	   0.02942	[mu,kappa]: [(27.97456,311.50116),11.91849]
	1074.78716	   0.02613	[mu,kappa]: [(78.73029,302.56256),12.71368]
	 855.28483	   0.02080	[mu,kappa]: [(48.02779,303.70606),11.48503]
	 519.28645	   0.01263	[mu,kappa]: [(74.93213,302.06898),11.15507]
	 766.31002	   0.01863	[mu,kappa]: [(82.87887,302.00768),12.47336]
	 286.55308	   0.00698	[mu,kappa]: [(64.35759,305.74245),7.67964]
	 556.80996	   0.01354	[mu,kappa]: [(82.46019,301.38334),11.44506]
	 798.34050	   0.01941	[mu,kappa]: [(91.98977,301.63632),13.54079]
	1819.08552	   0.04422	[mu,kappa]: [(148.31780,318.62870),23.03069]
	 529.79506	   0.01289	[mu,kappa]: [(36.90273,315.16497),8.35875]
	2123.06698	   0.05161	[mu,kappa]: [(55.72829,63.79650),7.65585]
	 896.95961	   0.02181	[mu,kappa]: [(90.92795,302.25490),14.01059]
	3258.48239	   0.07920	[mu,kappa]: [(151.51055,331.00240),35.96608]
	 839.88243	   0.02042	[mu,kappa]: [(107.56119,300.97758),16.25356]
	2180.83419	   0.05301	[mu,kappa]: [(155.88675,19.26240),23.93794]
	 307.50824	   0.00749	[mu,kappa]: [(36.04382,326.49318),6.07851]
	 534.34063	   0.01300	[mu,kappa]: [(29.93798,324.41747),8.18215]
	 883.16210	   0.02147	[mu,kappa]: [(107.51796,300.89793),16.11265]
	 627.68140	   0.01527	[mu,kappa]: [(119.61992,299.28647),15.11135]
	 663.55673	   0.01614	[mu,kappa]: [(133.92232,301.81586),15.17549]
	1830.56542	   0.04450	[mu,kappa]: [(127.56281,302.18983),22.61484]
	 357.65327	   0.00870	[mu,kappa]: [(72.12137,302.84089),9.49034]
	1824.17043	   0.04434	[mu,kappa]: [(145.35616,313.61386),22.97516]
	 600.00759	   0.01459	[mu,kappa]: [(47.96579,306.32416),9.93858]
	 432.77394	   0.01053	[mu,kappa]: [(132.04718,302.41932),11.60434]
	 746.04306	   0.01814	[mu,kappa]: [(115.18621,299.86706),15.89502]
	 737.82433	   0.01794	[mu,kappa]: [(20.49680,345.24645),9.93308]
	 285.04061	   0.00694	[mu,kappa]: [(142.26744,317.44219),7.06843]
	1392.49920	   0.03385	[mu,kappa]: [(144.45085,45.51261),11.37386]
	 490.56899	   0.01193	[mu,kappa]: [(50.43397,306.82127),9.36265]
	 336.47054	   0.00819	[mu,kappa]: [(79.72622,301.68916),9.47685]
	 716.96703	   0.01744	[mu,kappa]: [(105.45279,300.33039),14.68874]
	1647.14278	   0.04004	[mu,kappa]: [(124.99921,301.93093),22.00677]
	 731.61932	   0.01779	[mu,kappa]: [(127.49136,299.89888),16.10417]
	 979.41355	   0.02381	[mu,kappa]: [(97.89960,301.99283),15.33089]
	2835.00161	   0.06891	[mu,kappa]: [(46.87088,80.85540),24.45845]
			msglen: 907592.43972 bits.
Iteration #: 19
	1466.99266	   0.03566	[mu,kappa]: [(149.00217,317.90314),20.94519]
	1008.11563	   0.02451	[mu,kappa]: [(98.27126,302.52603),15.93086]
	 907.88931	   0.02208	[mu,kappa]: [(106.21008,301.38039),16.52386]
	1087.93267	   0.02645	[mu,kappa]: [(87.60687,59.03029),7.20054]
	1202.32657	   0.02923	[mu,kappa]: [(27.10849,311.85481),12.07351]
	1088.17363	   0.02646	[mu,kappa]: [(78.56226,302.75523),12.58372]
	 854.44218	   0.02078	[mu,kappa]: [(48.55150,303.22083),11.86089]
	 526.76901	   0.01281	[mu,kappa]: [(74.75042,302.06694),11.35406]
	 773.89758	   0.01882	[mu,kappa]: [(82.70135,302.09928),12.42714]
	 283.39147	   0.00690	[mu,kappa]: [(64.45397,305.25138),8.54862]
	 562.25844	   0.01368	[mu,kappa]: [(82.23500,301.32836),11.58716]
	 802.22136	   0.01951	[mu,kappa]: [(91.87085,301.69403),13.54871]
	1789.84013	   0.04351	[mu,kappa]: [(148.25423,318.08031),23.36400]
	 517.30137	   0.01258	[mu,kappa]: [(36.67831,315.45826),8.62689]
	2061.29270	   0.05010	[mu,kappa]: [(56.02854,62.66450),7.74459]
	 901.95813	   0.02193	[mu,kappa]: [(90.82975,302.42991),13.97922]
	3267.67488	   0.07942	[mu,kappa]: [(151.50640,331.73325),38.65100]
	 840.30045	   0.02043	[mu,kappa]: [(107.51967,301.03889),16.34501]
	2226.46261	   0.05412	[mu,kappa]: [(156.06217,18.87629),27.49550]
	 296.50203	   0.00722	[mu,kappa]: [(35.06416,327.36098),6.59655]
	 529.27403	   0.01287	[mu,kappa]: [(28.94166,326.14115),8.50460]
	 883.50613	   0.02148	[mu,kappa]: [(107.47559,300.94160),16.20543]
	 629.63093	   0.01531	[mu,kappa]: [(119.76845,298.95652),15.35390]
	 669.19107	   0.01627	[mu,kappa]: [(133.97042,300.95031),15.97317]
	1854.67349	   0.04508	[mu,kappa]: [(127.70194,302.41474),22.73833]
	 360.83121	   0.00878	[mu,kappa]: [(71.98522,302.65736),10.08908]
	1810.96551	   0.04402	[mu,kappa]: [(145.14845,312.97669),23.31947]
	 595.10007	   0.01447	[mu,kappa]: [(48.50853,305.95255),10.36944]
	 427.84206	   0.01041	[mu,kappa]: [(132.03526,301.28843),12.68246]
	 746.73479	   0.01816	[mu,kappa]: [(115.26214,299.72211),15.98736]
	 784.73239	   0.01908	[mu,kappa]: [(19.06167,350.91278),10.83227]
	 258.64459	   0.00630	[mu,kappa]: [(142.37133,315.22795),8.05076]
	1361.81584	   0.03311	[mu,kappa]: [(143.58130,47.26220),12.04520]
	 486.77755	   0.01184	[mu,kappa]: [(50.96883,306.46768),9.88467]
	 338.14952	   0.00823	[mu,kappa]: [(79.42975,301.43487),10.04068]
	 717.14323	   0.01744	[mu,kappa]: [(105.37962,300.22905),14.81000]
	1664.04534	   0.04045	[mu,kappa]: [(125.15309,302.19876),22.10427]
	 739.16613	   0.01797	[mu,kappa]: [(127.68682,299.41579),16.52125]
	 982.63695	   0.02389	[mu,kappa]: [(97.82849,302.17826),15.40824]
	2823.39637	   0.06862	[mu,kappa]: [(46.57395,81.44138),26.80845]
			msglen: 907330.20409 bits.
Iteration #: 20
	1445.46433	   0.03514	[mu,kappa]: [(149.05181,317.12552),20.96884]
	1011.05179	   0.02458	[mu,kappa]: [(98.24755,302.75512),16.04639]
	 908.69458	   0.02209	[mu,kappa]: [(106.15798,301.47922),16.61681]
	1116.07968	   0.02713	[mu,kappa]: [(88.40128,60.07327),7.75649]
	1188.91040	   0.02890	[mu,kappa]: [(26.50856,312.02761),12.24046]
	1097.12576	   0.02667	[mu,kappa]: [(78.41760,302.92141),12.40169]
	 857.80078	   0.02086	[mu,kappa]: [(48.98357,302.72239),12.21487]
	 532.58438	   0.01295	[mu,kappa]: [(74.57296,302.07954),11.39697]
	 778.75735	   0.01894	[mu,kappa]: [(82.57121,302.15641),12.31271]
	 283.44682	   0.00690	[mu,kappa]: [(64.49858,304.94856),9.24375]
	 566.11126	   0.01377	[mu,kappa]: [(82.06740,301.25941),11.60585]
	 804.55133	   0.01956	[mu,kappa]: [(91.81498,301.70761),13.51176]
	1763.45320	   0.04287	[mu,kappa]: [(148.19746,317.52529),23.40533]
	 505.73834	   0.01230	[mu,kappa]: [(36.67862,315.64784),8.84990]
	2014.04995	   0.04896	[mu,kappa]: [(56.24867,61.75084),7.87878]
	 904.84508	   0.02200	[mu,kappa]: [(90.78958,302.56130),13.92243]
	3266.74274	   0.07940	[mu,kappa]: [(151.44831,332.32211),41.41676]
	 840.66529	   0.02044	[mu,kappa]: [(107.47101,301.08548),16.41181]
	2267.96683	   0.05513	[mu,kappa]: [(156.18379,18.40017),30.51091]
	 288.10124	   0.00701	[mu,kappa]: [(34.39198,328.27557),7.01482]
	 523.74443	   0.01274	[mu,kappa]: [(28.20900,327.87515),8.72838]
	 883.81080	   0.02149	[mu,kappa]: [(107.42670,300.97030),16.27007]
	 631.00159	   0.01535	[mu,kappa]: [(119.88306,298.67873),15.45886]
	 675.88120	   0.01644	[mu,kappa]: [(134.06425,300.28486),16.49794]
	1870.62812	   0.04547	[mu,kappa]: [(127.81038,302.71480),22.77196]
	 364.42767	   0.00887	[mu,kappa]: [(71.82665,302.56053),10.45365]
	1799.90972	   0.04375	[mu,kappa]: [(144.95978,312.42163),23.43701]
	 593.56152	   0.01444	[mu,kappa]: [(49.00959,305.58171),10.76528]
	 426.83908	   0.01038	[mu,kappa]: [(132.08738,300.46450),13.51579]
	 746.86152	   0.01816	[mu,kappa]: [(115.30250,299.58763),15.99700]
	 835.99205	   0.02033	[mu,kappa]: [(17.92521,357.08033),11.65432]
	 242.56078	   0.00591	[mu,kappa]: [(142.52914,313.60851),8.94334]
	1344.05035	   0.03267	[mu,kappa]: [(142.94631,48.45795),12.55348]
	 486.09096	   0.01182	[mu,kappa]: [(51.44502,306.14496),10.34239]
	 340.18521	   0.00828	[mu,kappa]: [(79.19178,301.24579),10.38279]
	 717.52124	   0.01745	[mu,kappa]: [(105.31540,300.10878),14.88132]
	1674.65808	   0.04071	[mu,kappa]: [(125.26701,302.52490),22.13976]
	 745.39765	   0.01813	[mu,kappa]: [(127.87626,299.03923),16.72467]
	 985.01504	   0.02395	[mu,kappa]: [(97.80006,302.33500),15.48031]
	2799.72185	   0.06805	[mu,kappa]: [(46.48728,81.85275),28.76633]
			msglen: 907157.97955 bits.
Iteration #: 21
	1429.43328	   0.03475	[mu,kappa]: [(149.14249,316.34626),20.77668]
	1013.66351	   0.02465	[mu,kappa]: [(98.24687,302.97056),16.18958]
	 909.54527	   0.02212	[mu,kappa]: [(106.10242,301.56329),16.70952]
	1134.76768	   0.02759	[mu,kappa]: [(88.74253,60.90963),8.10305]
	1172.34668	   0.02850	[mu,kappa]: [(26.15941,311.93052),12.45380]
	1102.67190	   0.02681	[mu,kappa]: [(78.29693,303.07085),12.21359]
	 864.43814	   0.02102	[mu,kappa]: [(49.28307,302.24068),12.52832]
	 536.75056	   0.01306	[mu,kappa]: [(74.41064,302.11109),11.35538]
	 781.53512	   0.01900	[mu,kappa]: [(82.48050,302.18689),12.17816]
	 284.98275	   0.00694	[mu,kappa]: [(64.47928,304.80372),9.76045]
	 568.56428	   0.01383	[mu,kappa]: [(81.94903,301.18002),11.56400]
	 805.83316	   0.01959	[mu,kappa]: [(91.80337,301.68328),13.46052]
	1741.18678	   0.04233	[mu,kappa]: [(148.15956,316.96622),23.24246]
	 495.53080	   0.01205	[mu,kappa]: [(36.85505,315.72956),9.05976]
	1978.57773	   0.04809	[mu,kappa]: [(56.46168,61.02924),8.01853]
	 906.30562	   0.02204	[mu,kappa]: [(90.78945,302.65688),13.86766]
	3259.25630	   0.07922	[mu,kappa]: [(151.34751,332.76106),44.32784]
	 841.04298	   0.02045	[mu,kappa]: [(107.41445,301.11530),16.46834]
	2300.35671	   0.05591	[mu,kappa]: [(156.26209,17.95600),32.92391]
	 281.24905	   0.00685	[mu,kappa]: [(33.98531,329.13677),7.35462]
	 517.49986	   0.01259	[mu,kappa]: [(27.73404,329.51187),8.88639]
	 884.14031	   0.02150	[mu,kappa]: [(107.37029,300.98171),16.32151]
	 631.75919	   0.01536	[mu,kappa]: [(119.96497,298.42940),15.48536]
	 682.26064	   0.01659	[mu,kappa]: [(134.18294,299.76718),16.83717]
	1881.22476	   0.04573	[mu,kappa]: [(127.89370,303.06876),22.80025]
	 367.56125	   0.00894	[mu,kappa]: [(71.66235,302.53292),10.65308]
	1791.56014	   0.04355	[mu,kappa]: [(144.79387,311.94525),23.42019]
	 594.81082	   0.01447	[mu,kappa]: [(49.41363,305.25021),11.11342]
	 427.47278	   0.01040	[mu,kappa]: [(132.17284,299.85341),14.15540]
	 746.55189	   0.01815	[mu,kappa]: [(115.31266,299.44920),15.96200]
	 889.00991	   0.02162	[mu,kappa]: [(17.06300,3.47826),12.41909]
	 232.62604	   0.00567	[mu,kappa]: [(142.75140,312.44828),9.70918]
	1339.80642	   0.03257	[mu,kappa]: [(142.51400,49.20171),12.92548]
	 487.69760	   0.01186	[mu,kappa]: [(51.81693,305.88825),10.72484]
	 341.87416	   0.00832	[mu,kappa]: [(79.00672,301.10035),10.57710]
	 718.10902	   0.01746	[mu,kappa]: [(105.25415,299.96677),14.92225]
	1681.20850	   0.04087	[mu,kappa]: [(125.35019,302.88959),22.18432]
	 750.12038	   0.01824	[mu,kappa]: [(128.05175,298.73613),16.80140]
	 986.93541	   0.02400	[mu,kappa]: [(97.79811,302.47073),15.56268]
	2769.73263	   0.06732	[mu,kappa]: [(46.53172,82.14636),30.39212]
			msglen: 907035.02112 bits.
Iteration #: 22
	1418.48074	   0.03448	[mu,kappa]: [(149.28110,315.58099),20.45118]
	1016.18900	   0.02471	[mu,kappa]: [(98.25673,303.18020),16.36467]
	 910.39786	   0.02214	[mu,kappa]: [(106.04214,301.63217),16.80342]
	1146.70794	   0.02788	[mu,kappa]: [(88.80640,61.57422),8.31605]
	1154.94025	   0.02808	[mu,kappa]: [(26.02322,311.53352),12.73666]
	1105.77389	   0.02688	[mu,kappa]: [(78.19862,303.21013),12.04339]
	 872.85821	   0.02122	[mu,kappa]: [(49.44926,301.79524),12.78416]
	 539.54647	   0.01312	[mu,kappa]: [(74.27020,302.16374),11.27612]
	 782.85497	   0.01904	[mu,kappa]: [(82.42120,302.19625),12.04891]
	 287.00959	   0.00699	[mu,kappa]: [(64.41465,304.78938),10.12180]
	 569.96483	   0.01386	[mu,kappa]: [(81.87167,301.09264),11.49933]
	 806.48554	   0.01961	[mu,kappa]: [(91.82031,301.62533),13.40837]
	1723.04206	   0.04188	[mu,kappa]: [(148.14656,316.41295),22.94411]
	 487.02067	   0.01185	[mu,kappa]: [(37.15311,315.74211),9.26891]
	1950.00333	   0.04740	[mu,kappa]: [(56.70117,60.45380),8.14014]
	 906.87979	   0.02205	[mu,kappa]: [(90.81412,302.72275),13.82556]
	3247.36664	   0.07893	[mu,kappa]: [(151.21831,333.06499),47.40772]
	 841.39642	   0.02046	[mu,kappa]: [(107.35042,301.12564),16.51744]
	2323.79127	   0.05648	[mu,kappa]: [(156.31136,17.56744),34.82498]
	 275.53971	   0.00671	[mu,kappa]: [(33.80346,329.91869),7.63904]
	 510.75343	   0.01242	[mu,kappa]: [(27.50046,331.01370),9.00173]
	 884.45710	   0.02151	[mu,kappa]: [(107.30668,300.97276),16.36302]
	 631.99067	   0.01537	[mu,kappa]: [(120.01749,298.19024),15.47038]
	 687.73169	   0.01672	[mu,kappa]: [(134.30870,299.36194),17.05956]
	1888.44902	   0.04590	[mu,kappa]: [(127.95748,303.46019),22.87420]
	 369.98983	   0.00900	[mu,kappa]: [(71.50701,302.56273),10.74707]
	1785.47787	   0.04340	[mu,kappa]: [(144.64751,311.54486),23.33417]
	 597.87603	   0.01454	[mu,kappa]: [(49.70586,304.98599),11.39625]
	 428.59182	   0.01043	[mu,kappa]: [(132.26857,299.39282),14.65367]
	 745.91304	   0.01814	[mu,kappa]: [(115.29856,299.29457),15.90279]
	 942.14115	   0.02291	[mu,kappa]: [(16.44528,9.92249),13.14878]
	 226.25883	   0.00551	[mu,kappa]: [(143.01637,311.61992),10.35722]
	1346.19609	   0.03273	[mu,kappa]: [(142.24884,49.59825),13.17694]
	 490.66499	   0.01194	[mu,kappa]: [(52.08003,305.72013),11.02056]
	 343.06350	   0.00835	[mu,kappa]: [(78.86916,300.98579),10.68096]
	 718.88699	   0.01748	[mu,kappa]: [(105.19236,299.79915),14.94012]
	1685.20132	   0.04096	[mu,kappa]: [(125.41114,303.27760),22.27855]
	 753.44035	   0.01832	[mu,kappa]: [(128.20834,298.48315),16.81038]
	 988.62013	   0.02404	[mu,kappa]: [(97.80977,302.59142),15.65881]
	2738.04696	   0.06655	[mu,kappa]: [(46.65085,82.36097),31.77445]
			msglen: 906937.30048 bits.
Iteration #: 23
	1411.75373	   0.03432	[mu,kappa]: [(149.46552,314.84740),20.06191]
	1018.75453	   0.02477	[mu,kappa]: [(98.26882,303.39153),16.57237]
	 911.18047	   0.02216	[mu,kappa]: [(105.97728,301.68593),16.89605]
	1154.15410	   0.02806	[mu,kappa]: [(88.70975,62.10861),8.45398]
	1138.67749	   0.02768	[mu,kappa]: [(26.04908,310.84549),13.10747]
	1107.21382	   0.02692	[mu,kappa]: [(78.11894,303.34216),11.90156]
	 881.65948	   0.02144	[mu,kappa]: [(49.50462,301.39352),12.97684]
	 541.30458	   0.01317	[mu,kappa]: [(74.15342,302.23587),11.18756]
	 783.21922	   0.01905	[mu,kappa]: [(82.38548,302.18743),11.93633]
	 289.04270	   0.00704	[mu,kappa]: [(64.32747,304.87976),10.36295]
	 570.64633	   0.01388	[mu,kappa]: [(81.82701,300.99766),11.43234]
	 806.80535	   0.01962	[mu,kappa]: [(91.85403,301.53662),13.35916]
	1708.43867	   0.04153	[mu,kappa]: [(148.15912,315.87472),22.56610]
	 480.34280	   0.01169	[mu,kappa]: [(37.52200,315.73806),9.47669]
	1924.54262	   0.04678	[mu,kappa]: [(56.97424,59.97379),8.23626]
	 906.93730	   0.02205	[mu,kappa]: [(90.85209,302.76364),13.79770]
	3231.98208	   0.07855	[mu,kappa]: [(151.07450,333.25376),50.63519]
	 841.67257	   0.02047	[mu,kappa]: [(107.28040,301.11455),16.55740]
	2340.58100	   0.05689	[mu,kappa]: [(156.34051,17.22155),36.36134]
	 270.86930	   0.00659	[mu,kappa]: [(33.80789,330.64024),7.88704]
	 503.91830	   0.01226	[mu,kappa]: [(27.48816,332.38815),9.09072]
	 884.70964	   0.02151	[mu,kappa]: [(107.23725,300.94117),16.39324]
	 631.84063	   0.01537	[mu,kappa]: [(120.04467,297.94760),15.43584]
	 692.11677	   0.01683	[mu,kappa]: [(134.42878,299.04317),17.21378]
	1893.71147	   0.04603	[mu,kappa]: [(128.00727,303.87696),23.02251]
	 371.75081	   0.00905	[mu,kappa]: [(71.36891,302.63899),10.77996]
	1780.96846	   0.04329	[mu,kappa]: [(144.51406,311.21539),23.22538]
	 601.77836	   0.01464	[mu,kappa]: [(49.89868,304.80119),11.60440]
	 429.66999	   0.01045	[mu,kappa]: [(132.35969,299.03953),15.05319]
	 745.06025	   0.01812	[mu,kappa]: [(115.26574,299.11454),15.82978]
	 994.23086	   0.02417	[mu,kappa]: [(16.04642,16.26843),13.86375]
	 221.93949	   0.00541	[mu,kappa]: [(143.29640,311.03113),10.91308]
	1360.01354	   0.03306	[mu,kappa]: [(142.10877,49.75013),13.32748]
	 494.18494	   0.01202	[mu,kappa]: [(52.25337,305.64732),11.22799]
	 343.80953	   0.00837	[mu,kappa]: [(78.77225,300.89240),10.73349]
	 719.84148	   0.01751	[mu,kappa]: [(105.12879,299.60254),14.93715]
	1687.66034	   0.04102	[mu,kappa]: [(125.45726,303.67812),22.44342]
	 755.58792	   0.01837	[mu,kappa]: [(128.34373,298.26274),16.78847]
	 990.17376	   0.02407	[mu,kappa]: [(97.82641,302.70219),15.76713]
	2707.25534	   0.06580	[mu,kappa]: [(46.81255,82.52077),32.98660]
			msglen: 906852.39060 bits.
			N: 41130
		22.04844 bpr
Null model msglen: 969971.45106 bits.	(23.58306 bpr)
