Iteration #: 0
	10928.00000	   0.00830	[mu,kappa]: [(54.97465,6.12902),1.03337]
	10834.00000	   0.00823	[mu,kappa]: [(55.59856,3.75540),1.01527]
	10944.00000	   0.00831	[mu,kappa]: [(54.27988,3.94445),1.03064]
	10876.00000	   0.00826	[mu,kappa]: [(55.81925,2.24606),1.02688]
	10944.00000	   0.00831	[mu,kappa]: [(55.46212,2.92655),1.02749]
	11025.00000	   0.00838	[mu,kappa]: [(54.42954,4.36951),1.01709]
	10916.00000	   0.00829	[mu,kappa]: [(54.27838,3.67961),1.03470]
	11039.00000	   0.00839	[mu,kappa]: [(54.52162,5.21135),1.04873]
	11163.00000	   0.00848	[mu,kappa]: [(55.01675,5.72779),1.03511]
	10999.00000	   0.00836	[mu,kappa]: [(55.31097,5.18479),1.04049]
	11048.00000	   0.00839	[mu,kappa]: [(55.04522,5.95187),1.02894]
	10888.00000	   0.00827	[mu,kappa]: [(54.85776,4.99773),1.01921]
	10949.00000	   0.00832	[mu,kappa]: [(55.63414,2.37643),1.03628]
	10916.00000	   0.00829	[mu,kappa]: [(55.14391,6.95010),1.03188]
	10688.00000	   0.00812	[mu,kappa]: [(54.92248,6.25315),1.03033]
	10982.00000	   0.00834	[mu,kappa]: [(55.83872,2.57828),1.01968]
	11074.00000	   0.00841	[mu,kappa]: [(57.31678,2.60975),1.03560]
	11049.00000	   0.00839	[mu,kappa]: [(55.62024,4.12084),1.02821]
	10995.00000	   0.00835	[mu,kappa]: [(56.85735,4.54660),0.99786]
	11053.00000	   0.00840	[mu,kappa]: [(54.39917,4.63969),1.01245]
	10864.00000	   0.00825	[mu,kappa]: [(54.10656,5.28921),1.04574]
	10813.00000	   0.00821	[mu,kappa]: [(54.52411,5.53681),1.03414]
	11052.00000	   0.00840	[mu,kappa]: [(55.07170,4.47957),1.03447]
	10921.00000	   0.00830	[mu,kappa]: [(56.34797,3.67809),1.01941]
	10963.00000	   0.00833	[mu,kappa]: [(54.29490,4.78991),1.03999]
	11137.00000	   0.00846	[mu,kappa]: [(55.50548,3.56378),1.01412]
	11006.00000	   0.00836	[mu,kappa]: [(57.15503,3.69279),1.01674]
	11011.00000	   0.00836	[mu,kappa]: [(56.29922,3.87039),1.03106]
	10967.00000	   0.00833	[mu,kappa]: [(54.37874,6.08100),1.03623]
	10820.00000	   0.00822	[mu,kappa]: [(55.88289,3.00021),1.03847]
	10873.00000	   0.00826	[mu,kappa]: [(55.77688,4.90186),1.01148]
	11003.00000	   0.00836	[mu,kappa]: [(55.36366,4.80804),1.03225]
	10911.00000	   0.00829	[mu,kappa]: [(55.29759,2.74943),1.00895]
	11018.00000	   0.00837	[mu,kappa]: [(54.64273,5.18116),1.03084]
	10982.00000	   0.00834	[mu,kappa]: [(55.18998,5.63375),1.04121]
	11096.00000	   0.00843	[mu,kappa]: [(55.46522,3.93864),1.01166]
	11086.00000	   0.00842	[mu,kappa]: [(53.28669,6.82850),1.04334]
	10884.00000	   0.00827	[mu,kappa]: [(54.61954,4.28770),1.02070]
	10961.00000	   0.00833	[mu,kappa]: [(57.03402,2.04062),1.02431]
	11004.00000	   0.00836	[mu,kappa]: [(54.29204,5.53531),1.05034]
	10838.00000	   0.00823	[mu,kappa]: [(56.21957,3.98528),1.01013]
	11023.00000	   0.00837	[mu,kappa]: [(55.68330,4.55557),1.03172]
	10805.00000	   0.00821	[mu,kappa]: [(55.65511,4.97663),1.02213]
	11139.00000	   0.00846	[mu,kappa]: [(54.06996,5.63839),1.04825]
	10862.00000	   0.00825	[mu,kappa]: [(54.59810,4.92763),1.02847]
	10851.00000	   0.00824	[mu,kappa]: [(56.30741,3.01695),1.01684]
	10824.00000	   0.00822	[mu,kappa]: [(54.67111,4.85126),1.03713]
	10899.00000	   0.00828	[mu,kappa]: [(55.70344,6.21753),1.01194]
	10815.00000	   0.00822	[mu,kappa]: [(54.45605,6.14677),1.03493]
	10854.00000	   0.00825	[mu,kappa]: [(55.28838,4.30780),1.03043]
	11067.00000	   0.00841	[mu,kappa]: [(54.65470,3.77219),1.02720]
	10980.00000	   0.00834	[mu,kappa]: [(55.59916,2.83192),1.01170]
	11124.00000	   0.00845	[mu,kappa]: [(55.11781,5.33159),1.01438]
	10994.00000	   0.00835	[mu,kappa]: [(54.98744,7.54396),1.03124]
	10687.00000	   0.00812	[mu,kappa]: [(53.65268,6.15690),1.04188]
	11112.00000	   0.00844	[mu,kappa]: [(55.28316,2.94269),1.01751]
	10963.00000	   0.00833	[mu,kappa]: [(55.21595,3.68715),1.04193]
	10821.00000	   0.00822	[mu,kappa]: [(54.79931,3.35161),1.03319]
	10981.00000	   0.00834	[mu,kappa]: [(54.70285,4.66332),1.01597]
	10945.00000	   0.00831	[mu,kappa]: [(55.35343,5.04234),1.02597]
	11063.00000	   0.00840	[mu,kappa]: [(54.85127,6.12476),1.02970]
	11062.00000	   0.00840	[mu,kappa]: [(55.56966,5.44809),1.03136]
	11130.00000	   0.00846	[mu,kappa]: [(55.22599,3.15199),1.03527]
	10971.00000	   0.00833	[mu,kappa]: [(54.55827,6.22385),1.02942]
	10903.00000	   0.00828	[mu,kappa]: [(53.40113,7.32175),1.04798]
	11015.00000	   0.00837	[mu,kappa]: [(53.58921,6.75973),1.02886]
	11000.00000	   0.00836	[mu,kappa]: [(55.13426,5.39556),1.03796]
	11031.00000	   0.00838	[mu,kappa]: [(54.17112,3.80223),1.04926]
	10828.00000	   0.00823	[mu,kappa]: [(55.52946,3.19949),1.02622]
	11036.00000	   0.00838	[mu,kappa]: [(53.78209,4.32106),1.04763]
	10941.00000	   0.00831	[mu,kappa]: [(54.73550,5.25567),1.03815]
	11243.00000	   0.00854	[mu,kappa]: [(55.92558,3.57050),1.02113]
	11027.00000	   0.00838	[mu,kappa]: [(55.77397,4.75176),1.03835]
	11010.00000	   0.00836	[mu,kappa]: [(56.40827,5.98484),1.01920]
	11222.00000	   0.00852	[mu,kappa]: [(56.02843,4.69775),1.01222]
	11001.00000	   0.00836	[mu,kappa]: [(55.45798,5.35822),1.02713]
	11062.00000	   0.00840	[mu,kappa]: [(55.00525,4.58169),1.01307]
	10976.00000	   0.00834	[mu,kappa]: [(54.25411,5.56602),1.03343]
	10908.00000	   0.00829	[mu,kappa]: [(54.59096,6.66170),1.02361]
	11050.00000	   0.00839	[mu,kappa]: [(55.58241,3.95413),1.02877]
	10928.00000	   0.00830	[mu,kappa]: [(53.45773,4.28059),1.04898]
	11178.00000	   0.00849	[mu,kappa]: [(54.87813,6.74405),1.03135]
	10931.00000	   0.00830	[mu,kappa]: [(56.76212,1.18088),1.01491]
	10923.00000	   0.00830	[mu,kappa]: [(54.45518,5.45172),1.02544]
	10865.00000	   0.00825	[mu,kappa]: [(53.51398,6.19230),1.04049]
	10989.00000	   0.00835	[mu,kappa]: [(54.44421,5.85118),1.02634]
	11049.00000	   0.00839	[mu,kappa]: [(54.11522,5.01931),1.04065]
	10879.00000	   0.00826	[mu,kappa]: [(57.74440,3.02174),1.03989]
	10835.00000	   0.00823	[mu,kappa]: [(55.25202,3.75316),1.02473]
	10844.00000	   0.00824	[mu,kappa]: [(54.86307,4.99436),1.03381]
	11018.00000	   0.00837	[mu,kappa]: [(54.81473,4.80660),1.03315]
	11175.00000	   0.00849	[mu,kappa]: [(55.96350,3.99599),1.03707]
	10928.00000	   0.00830	[mu,kappa]: [(55.31279,4.06991),1.02777]
	11012.00000	   0.00837	[mu,kappa]: [(55.15214,5.09977),1.02828]
	10802.00000	   0.00821	[mu,kappa]: [(54.69117,5.47478),1.01916]
	10985.00000	   0.00834	[mu,kappa]: [(55.39977,7.32065),1.02476]
	10924.00000	   0.00830	[mu,kappa]: [(54.60597,6.81978),1.03498]
	11086.00000	   0.00842	[mu,kappa]: [(56.26069,3.86578),1.01113]
	10989.00000	   0.00835	[mu,kappa]: [(53.76886,7.32188),1.03339]
	11113.00000	   0.00844	[mu,kappa]: [(55.55193,3.99146),1.03155]
	10722.00000	   0.00815	[mu,kappa]: [(55.06395,6.23951),1.03787]
	10995.00000	   0.00835	[mu,kappa]: [(54.76648,5.09471),1.01706]
	10922.00000	   0.00830	[mu,kappa]: [(57.06940,2.68102),1.01016]
	11024.00000	   0.00837	[mu,kappa]: [(57.39881,2.82082),1.00486]
	10811.00000	   0.00821	[mu,kappa]: [(54.68339,4.79368),1.03939]
	11043.00000	   0.00839	[mu,kappa]: [(56.64808,1.26268),1.01363]
	10950.00000	   0.00832	[mu,kappa]: [(54.47569,6.45041),1.02710]
	11008.00000	   0.00836	[mu,kappa]: [(55.12915,4.39870),1.03895]
	10979.00000	   0.00834	[mu,kappa]: [(56.01779,4.48442),1.03090]
	10954.00000	   0.00832	[mu,kappa]: [(55.71372,5.06774),1.02186]
	10770.00000	   0.00818	[mu,kappa]: [(55.77031,3.21095),1.02789]
	11036.00000	   0.00838	[mu,kappa]: [(53.92927,7.98052),1.02378]
	11018.00000	   0.00837	[mu,kappa]: [(56.20657,5.16082),1.02708]
	10978.00000	   0.00834	[mu,kappa]: [(55.96439,2.56437),1.00529]
	10801.00000	   0.00821	[mu,kappa]: [(55.72466,5.27902),1.01973]
	11065.00000	   0.00841	[mu,kappa]: [(55.01978,5.62166),1.02636]
	11021.00000	   0.00837	[mu,kappa]: [(55.29331,4.20535),1.03854]
	11013.00000	   0.00837	[mu,kappa]: [(53.78712,5.40454),1.04243]
	10962.00000	   0.00833	[mu,kappa]: [(56.38781,5.53207),1.02716]
	11103.00000	   0.00843	[mu,kappa]: [(54.62173,5.43073),1.05346]
			msglen: 9538467.00000 bits.
Iteration #: 1
	10927.69506	   0.00830	[mu,kappa]: [(54.00017,6.91257),1.04070]
	10833.71553	   0.00823	[mu,kappa]: [(56.58875,2.80174),1.01348]
	10942.81237	   0.00831	[mu,kappa]: [(54.59900,4.52789),1.03444]
	10877.05637	   0.00826	[mu,kappa]: [(57.49245,0.81790),1.01127]
	10943.89937	   0.00831	[mu,kappa]: [(56.62296,2.04980),1.01710]
	11023.67801	   0.00837	[mu,kappa]: [(54.88050,4.68302),1.02821]
	10914.73530	   0.00829	[mu,kappa]: [(54.64415,4.25634),1.03518]
	11038.66096	   0.00839	[mu,kappa]: [(53.63967,6.39735),1.04830]
	11162.45039	   0.00848	[mu,kappa]: [(54.22769,6.36726),1.03882]
	10998.04193	   0.00835	[mu,kappa]: [(54.71696,5.47874),1.03544]
	11047.42421	   0.00839	[mu,kappa]: [(54.29429,6.51226),1.03657]
	10886.99847	   0.00827	[mu,kappa]: [(54.91295,5.18476),1.02823]
	10949.15315	   0.00832	[mu,kappa]: [(56.93878,1.31668),1.01755]
	10915.94009	   0.00829	[mu,kappa]: [(53.75336,7.84994),1.04311]
	10687.75939	   0.00812	[mu,kappa]: [(53.95692,7.05954),1.04038]
	10983.02347	   0.00834	[mu,kappa]: [(57.49388,1.11556),1.00900]
	11076.44107	   0.00841	[mu,kappa]: [(58.81217,0.10092),1.00397]
	11048.34149	   0.00839	[mu,kappa]: [(56.03339,3.51640),1.02101]
	10995.26236	   0.00835	[mu,kappa]: [(58.00174,2.42037),0.99759]
	11051.53135	   0.00840	[mu,kappa]: [(54.81854,4.97014),1.02751]
	10864.14074	   0.00825	[mu,kappa]: [(53.24063,6.81366),1.05174]
	10812.75309	   0.00821	[mu,kappa]: [(53.84468,6.52406),1.04244]
	11051.07290	   0.00840	[mu,kappa]: [(55.03813,4.61269),1.03115]
	10921.50941	   0.00830	[mu,kappa]: [(57.38161,2.11429),1.00847]
	10962.43386	   0.00833	[mu,kappa]: [(53.87311,5.84312),1.04367]
	11136.72790	   0.00846	[mu,kappa]: [(56.63501,2.60915),1.01301]
	11007.56623	   0.00836	[mu,kappa]: [(58.38948,1.37606),1.00051]
	11010.79341	   0.00836	[mu,kappa]: [(56.88721,2.62759),1.01499]
	10967.42030	   0.00833	[mu,kappa]: [(53.33374,7.43730),1.04847]
	10819.83640	   0.00822	[mu,kappa]: [(56.76736,1.96360),1.01869]
	10872.09040	   0.00826	[mu,kappa]: [(56.18308,4.09267),1.01501]
	11002.07867	   0.00836	[mu,kappa]: [(55.21983,4.75113),1.02878]
	10911.05071	   0.00829	[mu,kappa]: [(57.05344,1.63070),1.00929]
	11017.36964	   0.00837	[mu,kappa]: [(54.26142,5.86708),1.03742]
	10981.28709	   0.00834	[mu,kappa]: [(54.30377,6.21576),1.03960]
	11095.42802	   0.00843	[mu,kappa]: [(56.42424,3.09228),1.01375]
	11089.68334	   0.00842	[mu,kappa]: [(51.66347,9.58331),1.07016]
	10882.87874	   0.00827	[mu,kappa]: [(55.03411,4.48036),1.02775]
	10964.99300	   0.00833	[mu,kappa]: [(59.15527,359.42006),0.99988]
	11004.27030	   0.00836	[mu,kappa]: [(53.17449,7.08294),1.05369]
	10838.21668	   0.00823	[mu,kappa]: [(57.29057,2.46355),1.00651]
	11022.11594	   0.00837	[mu,kappa]: [(55.74091,4.11419),1.02412]
	10804.09984	   0.00821	[mu,kappa]: [(55.71176,4.51501),1.02172]
	11139.65559	   0.00846	[mu,kappa]: [(52.94335,7.37791),1.05571]
	10861.23123	   0.00825	[mu,kappa]: [(54.42466,5.51528),1.03525]
	10852.36776	   0.00824	[mu,kappa]: [(57.83355,1.22837),1.00530]
	10823.29677	   0.00822	[mu,kappa]: [(54.31394,5.52852),1.03855]
	10897.56665	   0.00828	[mu,kappa]: [(55.30134,5.92481),1.02247]
	10815.34619	   0.00822	[mu,kappa]: [(53.41137,7.42896),1.04731]
	10853.16151	   0.00824	[mu,kappa]: [(55.48908,4.10686),1.02614]
	11065.89910	   0.00841	[mu,kappa]: [(55.20254,3.89327),1.02816]
	10980.50923	   0.00834	[mu,kappa]: [(57.27108,1.52096),1.00829]
	11122.84224	   0.00845	[mu,kappa]: [(55.12828,5.30011),1.02492]
	10994.65281	   0.00835	[mu,kappa]: [(53.28454,8.78177),1.04838]
	10688.70178	   0.00812	[mu,kappa]: [(52.40897,8.31310),1.06030]
	11111.83256	   0.00844	[mu,kappa]: [(56.67949,2.05116),1.01412]
	10961.93842	   0.00833	[mu,kappa]: [(55.48069,3.55704),1.02953]
	10819.98500	   0.00822	[mu,kappa]: [(55.45506,3.31790),1.02775]
	10979.81235	   0.00834	[mu,kappa]: [(55.03221,4.80814),1.02642]
	10944.08762	   0.00831	[mu,kappa]: [(55.23763,4.94818),1.02693]
	11062.71035	   0.00840	[mu,kappa]: [(53.97226,6.93386),1.04006]
	11060.98310	   0.00840	[mu,kappa]: [(55.08478,5.41774),1.02957]
	11129.27021	   0.00845	[mu,kappa]: [(56.00207,2.70408),1.02385]
	10971.07407	   0.00833	[mu,kappa]: [(53.62128,7.31889),1.04368]
	10907.76250	   0.00829	[mu,kappa]: [(51.40407,10.26727),1.07516]
	11016.85939	   0.00837	[mu,kappa]: [(52.37606,8.87612),1.05770]
	10999.24679	   0.00836	[mu,kappa]: [(54.46958,5.87131),1.03716]
	11029.69745	   0.00838	[mu,kappa]: [(54.06747,4.80751),1.04434]
	10827.84433	   0.00823	[mu,kappa]: [(56.56149,2.32907),1.01698]
	11035.30230	   0.00838	[mu,kappa]: [(53.39695,5.83267),1.05053]
	10940.47524	   0.00831	[mu,kappa]: [(54.12078,6.04080),1.04068]
	11243.10429	   0.00854	[mu,kappa]: [(56.91728,2.37643),1.01257]
	11025.87557	   0.00838	[mu,kappa]: [(55.54375,4.43038),1.02742]
	11008.44556	   0.00836	[mu,kappa]: [(56.00674,5.15631),1.01791]
	11221.32515	   0.00852	[mu,kappa]: [(56.56851,3.61623),1.01214]
	11000.04291	   0.00836	[mu,kappa]: [(55.13119,5.30630),1.02810]
	11060.84753	   0.00840	[mu,kappa]: [(55.48720,4.37443),1.02163]
	10975.95258	   0.00834	[mu,kappa]: [(53.56657,6.78761),1.04516]
	10908.09444	   0.00829	[mu,kappa]: [(53.56948,7.74867),1.04287]
	11049.38749	   0.00839	[mu,kappa]: [(56.07935,3.33708),1.02089]
	10927.43442	   0.00830	[mu,kappa]: [(53.04481,6.10219),1.05455]
	11178.16067	   0.00849	[mu,kappa]: [(53.60898,7.78889),1.04447]
	10936.70144	   0.00831	[mu,kappa]: [(59.66250,358.39793),0.99599]
	10922.44896	   0.00830	[mu,kappa]: [(54.05531,6.28063),1.03808]
	10866.89675	   0.00826	[mu,kappa]: [(52.28931,8.45187),1.06136]
	10988.75321	   0.00835	[mu,kappa]: [(53.79464,6.84691),1.04100]
	11048.74218	   0.00839	[mu,kappa]: [(53.53628,6.32928),1.04729]
	10880.73982	   0.00827	[mu,kappa]: [(58.93968,0.34114),1.00354]
	10834.34093	   0.00823	[mu,kappa]: [(55.94263,3.28608),1.02116]
	10843.26076	   0.00824	[mu,kappa]: [(54.52484,5.48135),1.03563]
	11017.18575	   0.00837	[mu,kappa]: [(54.60087,5.25703),1.03478]
	11174.23549	   0.00849	[mu,kappa]: [(56.26203,3.20890),1.02144]
	10927.23971	   0.00830	[mu,kappa]: [(55.73322,3.71370),1.02349]
	11011.13324	   0.00836	[mu,kappa]: [(54.92292,5.25143),1.03041]
	10801.14108	   0.00821	[mu,kappa]: [(54.46070,5.96727),1.03245]
	10984.47787	   0.00834	[mu,kappa]: [(54.00088,7.96825),1.03878]
	10924.79920	   0.00830	[mu,kappa]: [(53.19325,8.21387),1.04997]
	11086.38474	   0.00842	[mu,kappa]: [(57.38659,2.28811),1.00616]
	10991.83788	   0.00835	[mu,kappa]: [(52.13999,9.58813),1.06215]
	11112.28336	   0.00844	[mu,kappa]: [(55.94708,3.46744),1.02268]
	10721.75519	   0.00814	[mu,kappa]: [(53.91081,7.08414),1.04278]
	10993.92396	   0.00835	[mu,kappa]: [(54.81783,5.34873),1.02856]
	10925.64670	   0.00830	[mu,kappa]: [(59.14317,0.00404),0.99534]
	11028.35294	   0.00838	[mu,kappa]: [(59.58999,359.81301),0.99102]
	10810.27184	   0.00821	[mu,kappa]: [(54.30034,5.48640),1.03927]
	11048.31487	   0.00839	[mu,kappa]: [(59.50109,358.58533),0.99645]
	10950.24242	   0.00832	[mu,kappa]: [(53.47390,7.64460),1.04473]
	11007.00714	   0.00836	[mu,kappa]: [(55.02993,4.54109),1.03239]
	10978.21556	   0.00834	[mu,kappa]: [(56.18174,3.70420),1.02017]
	10953.05053	   0.00832	[mu,kappa]: [(55.72805,4.58061),1.02147]
	10770.05086	   0.00818	[mu,kappa]: [(56.78516,2.15900),1.01564]
	11038.67840	   0.00839	[mu,kappa]: [(52.21448,10.10023),1.05935]
	11016.91176	   0.00837	[mu,kappa]: [(56.07594,4.37762),1.01968]
	10979.61949	   0.00834	[mu,kappa]: [(58.04362,0.73841),1.00151]
	10799.98948	   0.00820	[mu,kappa]: [(55.67034,4.81125),1.02134]
	11064.25935	   0.00841	[mu,kappa]: [(54.52749,6.03191),1.03362]
	11020.00470	   0.00837	[mu,kappa]: [(55.33915,4.12341),1.02960]
	11013.50742	   0.00837	[mu,kappa]: [(52.93571,7.18477),1.05421]
	10960.64804	   0.00833	[mu,kappa]: [(56.04631,4.72392),1.01975]
	11102.72690	   0.00843	[mu,kappa]: [(53.49594,6.70901),1.05105]
			msglen: 10618895.86064 bits.
Iteration #: 2
	10925.81169	   0.00830	[mu,kappa]: [(52.38892,9.00021),1.06089]
	10831.91726	   0.00823	[mu,kappa]: [(58.40041,0.63521),1.00097]
	10937.80890	   0.00831	[mu,kappa]: [(54.50056,5.09545),1.03629]
	10882.13811	   0.00827	[mu,kappa]: [(60.92204,357.23329),0.98916]
	10943.26965	   0.00831	[mu,kappa]: [(58.84545,359.67949),1.00012]
	11018.61055	   0.00837	[mu,kappa]: [(54.88075,4.92484),1.03107]
	10909.64556	   0.00829	[mu,kappa]: [(54.68956,4.70425),1.03479]
	11036.98203	   0.00838	[mu,kappa]: [(52.10386,8.79500),1.06589]
	11159.27075	   0.00848	[mu,kappa]: [(52.95753,8.01289),1.05354]
	10993.46041	   0.00835	[mu,kappa]: [(54.04826,6.29656),1.04085]
	11044.25531	   0.00839	[mu,kappa]: [(53.00575,8.09980),1.05248]
	10882.11070	   0.00827	[mu,kappa]: [(54.62010,5.57152),1.03340]
	10950.78657	   0.00832	[mu,kappa]: [(59.71771,358.45266),0.99625]
	10916.40727	   0.00829	[mu,kappa]: [(51.60552,10.55341),1.07205]
	10686.21349	   0.00812	[mu,kappa]: [(52.27783,9.23078),1.06222]
	10987.50332	   0.00835	[mu,kappa]: [(60.77498,357.58215),0.98871]
	11090.05770	   0.00842	[mu,kappa]: [(63.32058,355.08742),0.97841]
	11044.44919	   0.00839	[mu,kappa]: [(57.08133,2.20216),1.01147]
	10998.36820	   0.00836	[mu,kappa]: [(60.80142,358.65428),0.98309]
	11046.51186	   0.00839	[mu,kappa]: [(54.66414,5.35109),1.03285]
	10864.30292	   0.00825	[mu,kappa]: [(51.41140,9.79990),1.07566]
	10810.67137	   0.00821	[mu,kappa]: [(52.39389,8.64893),1.06101]
	11045.99479	   0.00839	[mu,kappa]: [(55.01414,4.74983),1.03061]
	10923.11617	   0.00830	[mu,kappa]: [(59.95648,358.96172),0.99111]
	10959.32813	   0.00833	[mu,kappa]: [(52.75445,7.72506),1.05684]
	11135.30558	   0.00846	[mu,kappa]: [(58.59610,0.33405),0.99984]
	11014.99830	   0.00837	[mu,kappa]: [(61.94454,357.02255),0.98024]
	11009.78437	   0.00836	[mu,kappa]: [(58.83153,0.16913),0.99877]
	10968.50100	   0.00833	[mu,kappa]: [(51.27294,10.48968),1.07727]
	10819.62342	   0.00822	[mu,kappa]: [(59.03544,359.46410),0.99947]
	10867.97667	   0.00826	[mu,kappa]: [(57.04925,2.72503),1.00963]
	10997.02556	   0.00835	[mu,kappa]: [(55.19334,4.72647),1.02831]
	10912.82913	   0.00829	[mu,kappa]: [(59.86444,358.63480),0.99272]
	11013.57489	   0.00837	[mu,kappa]: [(53.30300,7.27157),1.04920]
	10977.91248	   0.00834	[mu,kappa]: [(53.09655,7.75721),1.05213]
	11092.81456	   0.00843	[mu,kappa]: [(58.00767,1.16662),1.00336]
	11106.28918	   0.00844	[mu,kappa]: [(48.28777,15.43592),1.13202]
	10877.87164	   0.00826	[mu,kappa]: [(55.18060,4.50686),1.02828]
	10983.38468	   0.00834	[mu,kappa]: [(64.37802,353.89911),0.97549]
	11005.33129	   0.00836	[mu,kappa]: [(51.16286,10.27415),1.07967]
	10838.88215	   0.00823	[mu,kappa]: [(59.65926,359.46437),0.99175]
	11017.43580	   0.00837	[mu,kappa]: [(56.28659,3.31677),1.01802]
	10799.31838	   0.00820	[mu,kappa]: [(56.07081,3.83251),1.01892]
	11142.22277	   0.00846	[mu,kappa]: [(50.74845,10.93179),1.08607]
	10856.95767	   0.00825	[mu,kappa]: [(53.72632,6.60174),1.04410]
	10857.88842	   0.00825	[mu,kappa]: [(61.22011,357.37941),0.98526]
	10819.23177	   0.00822	[mu,kappa]: [(53.51559,6.79044),1.04715]
	10892.52753	   0.00827	[mu,kappa]: [(54.75891,6.10442),1.03048]
	10816.12214	   0.00822	[mu,kappa]: [(51.38088,10.38151),1.07554]
	10848.39762	   0.00824	[mu,kappa]: [(55.95389,3.56953),1.02131]
	11060.92235	   0.00840	[mu,kappa]: [(55.71082,3.57830),1.02405]
	10983.26489	   0.00834	[mu,kappa]: [(60.23477,358.28786),0.99060]
	11117.73789	   0.00845	[mu,kappa]: [(54.87282,5.46681),1.03013]
	10999.13975	   0.00836	[mu,kappa]: [(50.58214,12.36563),1.08856]
	10695.88787	   0.00813	[mu,kappa]: [(49.70851,12.79590),1.10356]
	11111.47820	   0.00844	[mu,kappa]: [(58.99332,359.58383),0.99844]
	10957.29546	   0.00832	[mu,kappa]: [(56.19426,2.90570),1.02060]
	10815.55417	   0.00822	[mu,kappa]: [(56.36330,2.57644),1.01898]
	10974.76401	   0.00834	[mu,kappa]: [(55.01916,4.92145),1.02929]
	10939.05473	   0.00831	[mu,kappa]: [(55.14492,4.93823),1.02820]
	11060.84444	   0.00840	[mu,kappa]: [(52.36705,9.03851),1.06100]
	11056.02176	   0.00840	[mu,kappa]: [(54.63147,5.76239),1.03360]
	11126.07564	   0.00845	[mu,kappa]: [(57.49238,1.20324),1.01007]
	10970.86026	   0.00833	[mu,kappa]: [(51.73150,9.95823),1.07002]
	10929.23311	   0.00830	[mu,kappa]: [(47.69196,16.72515),1.14606]
	11025.91715	   0.00838	[mu,kappa]: [(49.49465,13.52241),1.10725]
	10995.22807	   0.00835	[mu,kappa]: [(53.52212,7.08679),1.04679]
	11025.15366	   0.00838	[mu,kappa]: [(53.51079,6.15819),1.04865]
	10826.61520	   0.00822	[mu,kappa]: [(58.58756,0.09738),1.00131]
	11033.12269	   0.00838	[mu,kappa]: [(52.10205,8.29307),1.06612]
	10937.19572	   0.00831	[mu,kappa]: [(52.97746,7.70571),1.05365]
	11242.75207	   0.00854	[mu,kappa]: [(59.10244,359.77427),0.99685]
	11020.91288	   0.00837	[mu,kappa]: [(55.78113,3.98001),1.02291]
	11003.29660	   0.00836	[mu,kappa]: [(56.10798,4.35742),1.01726]
	11218.17760	   0.00852	[mu,kappa]: [(57.87843,1.70264),1.00323]
	10995.04782	   0.00835	[mu,kappa]: [(54.78630,5.53958),1.03175]
	11055.90924	   0.00840	[mu,kappa]: [(55.90987,3.84105),1.02038]
	10974.94943	   0.00834	[mu,kappa]: [(51.91141,9.31797),1.06769]
	10908.79343	   0.00829	[mu,kappa]: [(51.48727,10.56916),1.07338]
	11045.73878	   0.00839	[mu,kappa]: [(57.25268,1.92108),1.01034]
	10926.61186	   0.00830	[mu,kappa]: [(51.51074,9.07006),1.07450]
	11178.98847	   0.00849	[mu,kappa]: [(51.46323,10.62961),1.07418]
	10963.10043	   0.00833	[mu,kappa]: [(65.91449,352.18129),0.97322]
	10919.45079	   0.00830	[mu,kappa]: [(52.84997,8.03042),1.05451]
	10875.18563	   0.00826	[mu,kappa]: [(49.51429,13.11722),1.10705]
	10987.15195	   0.00835	[mu,kappa]: [(52.21294,9.09854),1.06301]
	11047.07015	   0.00839	[mu,kappa]: [(52.06397,8.77042),1.06605]
	10893.78578	   0.00828	[mu,kappa]: [(63.32190,355.27590),0.97766]
	10830.64661	   0.00823	[mu,kappa]: [(57.12037,1.97947),1.01144]
	10838.90131	   0.00823	[mu,kappa]: [(53.84000,6.47497),1.04302]
	11012.52668	   0.00837	[mu,kappa]: [(54.07049,6.08536),1.04047]
	11170.91215	   0.00849	[mu,kappa]: [(57.53291,1.59874),1.00855]
	10922.86949	   0.00830	[mu,kappa]: [(56.54580,2.77679),1.01608]
	11006.23555	   0.00836	[mu,kappa]: [(54.53302,5.69870),1.03479]
	10797.13891	   0.00820	[mu,kappa]: [(53.58532,7.11984),1.04492]
	10984.19497	   0.00834	[mu,kappa]: [(51.89560,10.39234),1.06737]
	10928.24735	   0.00830	[mu,kappa]: [(50.72572,11.71050),1.08605]
	11087.72913	   0.00842	[mu,kappa]: [(59.90539,359.14735),0.99052]
	11005.00424	   0.00836	[mu,kappa]: [(48.87796,14.81403),1.11992]
	11108.26733	   0.00844	[mu,kappa]: [(56.96805,2.24402),1.01281]
	10720.47938	   0.00814	[mu,kappa]: [(52.15673,9.36235),1.06433]
	10989.08241	   0.00835	[mu,kappa]: [(54.41477,5.88358),1.03546]
	10941.82521	   0.00831	[mu,kappa]: [(64.04773,354.58429),0.97378]
	11048.18326	   0.00839	[mu,kappa]: [(64.88782,353.92337),0.97044]
	10806.20389	   0.00821	[mu,kappa]: [(53.50590,6.76117),1.04743]
	11073.01197	   0.00841	[mu,kappa]: [(65.54604,352.54813),0.97368]
	10951.11848	   0.00832	[mu,kappa]: [(51.40005,10.55687),1.07487]
	11001.94232	   0.00836	[mu,kappa]: [(55.01435,4.68593),1.03096]
	10974.34400	   0.00834	[mu,kappa]: [(57.15470,2.30531),1.01050]
	10948.17068	   0.00832	[mu,kappa]: [(56.05530,3.90113),1.01896]
	10769.69037	   0.00818	[mu,kappa]: [(59.00684,359.65564),0.99855]
	11053.09690	   0.00840	[mu,kappa]: [(48.79750,15.36799),1.12183]
	11012.31853	   0.00837	[mu,kappa]: [(56.62037,3.28801),1.01396]
	10987.77284	   0.00835	[mu,kappa]: [(61.93416,356.52201),0.98199]
	10795.06551	   0.00820	[mu,kappa]: [(55.85350,4.25856),1.02051]
	11060.17686	   0.00840	[mu,kappa]: [(53.58677,7.17474),1.04523]
	11015.04152	   0.00837	[mu,kappa]: [(55.68309,3.79238),1.02450]
	11015.44785	   0.00837	[mu,kappa]: [(50.87356,10.63734),1.08373]
	10955.80303	   0.00832	[mu,kappa]: [(56.36883,3.77926),1.01578]
	11102.06247	   0.00843	[mu,kappa]: [(51.72968,9.41356),1.07141]
			msglen: 10615671.87177 bits.
Iteration #: 3
	10916.98313	   0.00829	[mu,kappa]: [(49.38727,13.73297),1.11071]
	10823.43164	   0.00822	[mu,kappa]: [(62.48288,356.06531),0.98033]
	10914.62794	   0.00829	[mu,kappa]: [(54.02940,5.96342),1.04194]
	10905.75265	   0.00828	[mu,kappa]: [(68.67264,349.69804),0.97114]
	10940.41142	   0.00831	[mu,kappa]: [(63.77608,354.47669),0.97753]
	10994.95402	   0.00835	[mu,kappa]: [(54.67332,5.28537),1.03435]
	10886.23418	   0.00827	[mu,kappa]: [(54.49748,5.23502),1.03703]
	11029.08339	   0.00838	[mu,kappa]: [(49.10557,13.83312),1.11603]
	11144.33307	   0.00847	[mu,kappa]: [(50.52758,11.70141),1.09010]
	10971.94251	   0.00833	[mu,kappa]: [(52.77417,8.09505),1.05676]
	11029.45918	   0.00838	[mu,kappa]: [(50.55774,11.75102),1.08953]
	10859.21346	   0.00825	[mu,kappa]: [(53.96098,6.43902),1.04188]
	10958.71228	   0.00832	[mu,kappa]: [(65.94220,352.19605),0.97371]
	10918.99278	   0.00829	[mu,kappa]: [(47.83255,16.81803),1.14421]
	10678.97956	   0.00811	[mu,kappa]: [(49.15897,14.17847),1.11518]
	11008.16621	   0.00836	[mu,kappa]: [(68.21717,350.22374),0.97032]
	11152.67343	   0.00847	[mu,kappa]: [(73.86701,345.34512),0.97699]
	11026.22825	   0.00838	[mu,kappa]: [(59.45709,359.36899),0.99533]
	11013.44892	   0.00837	[mu,kappa]: [(67.57748,351.43117),0.96607]
	11023.08689	   0.00837	[mu,kappa]: [(54.14779,6.09014),1.03986]
	10865.03547	   0.00825	[mu,kappa]: [(47.87994,16.06293),1.14197]
	10800.75865	   0.00820	[mu,kappa]: [(49.54264,13.25291),1.10759]
	11022.21804	   0.00837	[mu,kappa]: [(54.93284,4.92167),1.03184]
	10930.40707	   0.00830	[mu,kappa]: [(66.00968,352.56743),0.97056]
	10944.79546	   0.00831	[mu,kappa]: [(50.39321,11.56968),1.09240]
	11128.62166	   0.00845	[mu,kappa]: [(62.98173,355.50435),0.97873]
	11049.33524	   0.00839	[mu,kappa]: [(70.44856,348.58196),0.96805]
	11004.97469	   0.00836	[mu,kappa]: [(63.43464,355.08409),0.97712]
	10973.46632	   0.00834	[mu,kappa]: [(47.47050,17.15998),1.15214]
	10818.69781	   0.00822	[mu,kappa]: [(64.20072,354.04090),0.97650]
	10848.98768	   0.00824	[mu,kappa]: [(59.11456,0.04971),0.99612]
	10973.33855	   0.00834	[mu,kappa]: [(55.20372,4.68430),1.02877]
	10921.06316	   0.00830	[mu,kappa]: [(66.09068,352.26225),0.97183]
	10995.70196	   0.00835	[mu,kappa]: [(51.32134,10.27868),1.07730]
	10962.02495	   0.00833	[mu,kappa]: [(50.81413,11.19515),1.08540]
	11080.61481	   0.00842	[mu,kappa]: [(61.54093,357.10938),0.98401]
	11184.81260	   0.00850	[mu,kappa]: [(42.97008,27.69062),1.30702]
	10854.45764	   0.00825	[mu,kappa]: [(55.32239,4.39990),1.02778]
	11067.81281	   0.00841	[mu,kappa]: [(76.28286,343.28550),0.98588]
	11010.27351	   0.00836	[mu,kappa]: [(47.40765,17.02980),1.15326]
	10841.93373	   0.00824	[mu,kappa]: [(65.22220,353.43501),0.97130]
	10995.53384	   0.00835	[mu,kappa]: [(57.59428,1.64025),1.00777]
	10777.01851	   0.00819	[mu,kappa]: [(56.99015,2.53082),1.01198]
	11154.27255	   0.00847	[mu,kappa]: [(46.70621,18.44964),1.17114]
	10836.85023	   0.00823	[mu,kappa]: [(52.20614,8.87016),1.06437]
	10883.19451	   0.00827	[mu,kappa]: [(69.06278,349.60259),0.96909]
	10800.10609	   0.00820	[mu,kappa]: [(51.82226,9.38557),1.06996]
	10869.73841	   0.00826	[mu,kappa]: [(53.88276,6.97393),1.04198]
	10819.65112	   0.00822	[mu,kappa]: [(47.63634,16.87376),1.14821]
	10826.07041	   0.00822	[mu,kappa]: [(56.95851,2.32848),1.01309]
	11037.82778	   0.00839	[mu,kappa]: [(56.60095,2.60606),1.01658]
	10995.94216	   0.00835	[mu,kappa]: [(66.90298,351.51932),0.97061]
	11094.03366	   0.00843	[mu,kappa]: [(54.37487,6.00372),1.03691]
	11020.94300	   0.00837	[mu,kappa]: [(46.05915,20.57919),1.19176]
	10729.62160	   0.00815	[mu,kappa]: [(45.00764,22.30558),1.22283]
	11109.87534	   0.00844	[mu,kappa]: [(64.08353,354.21370),0.97630]
	10935.80929	   0.00831	[mu,kappa]: [(57.68360,1.22360),1.00828]
	10795.15303	   0.00820	[mu,kappa]: [(58.14236,0.61247),1.00509]
	10951.15679	   0.00832	[mu,kappa]: [(54.87247,5.12106),1.03201]
	10915.49979	   0.00829	[mu,kappa]: [(55.02779,5.00993),1.03027]
	11052.13328	   0.00840	[mu,kappa]: [(49.34882,13.80702),1.11143]
	11032.87433	   0.00838	[mu,kappa]: [(53.85951,6.69163),1.04299]
	11111.46021	   0.00844	[mu,kappa]: [(60.68988,357.69659),0.98991]
	10969.84675	   0.00833	[mu,kappa]: [(48.21271,15.84803),1.13502]
	11030.94099	   0.00838	[mu,kappa]: [(42.18600,30.16832),1.35010]
	11068.65513	   0.00841	[mu,kappa]: [(44.59773,23.54029),1.23854]
	10976.32019	   0.00834	[mu,kappa]: [(51.68672,9.77532),1.07183]
	11004.58474	   0.00836	[mu,kappa]: [(52.10648,8.56322),1.06645]
	10820.85627	   0.00822	[mu,kappa]: [(63.10429,355.23221),0.97922]
	11023.43791	   0.00837	[mu,kappa]: [(49.31642,13.15585),1.11172]
	10921.70734	   0.00830	[mu,kappa]: [(50.68923,11.26741),1.08743]
	11241.00433	   0.00854	[mu,kappa]: [(64.12770,354.34001),0.97521]
	10997.69931	   0.00835	[mu,kappa]: [(56.45955,3.05770),1.01707]
	10980.13332	   0.00834	[mu,kappa]: [(56.74613,3.16588),1.01302]
	11203.74255	   0.00851	[mu,kappa]: [(61.00466,357.90560),0.98552]
	10971.73215	   0.00833	[mu,kappa]: [(54.19805,6.21324),1.03907]
	11032.87826	   0.00838	[mu,kappa]: [(56.76163,2.71116),1.01414]
	10970.12311	   0.00833	[mu,kappa]: [(48.67704,14.76002),1.12472]
	10912.28877	   0.00829	[mu,kappa]: [(47.70112,16.97638),1.14703]
	11028.66464	   0.00838	[mu,kappa]: [(59.88873,358.83641),0.99299]
	10923.49243	   0.00830	[mu,kappa]: [(48.27847,14.95343),1.13262]
	11183.12855	   0.00850	[mu,kappa]: [(47.64084,17.10112),1.14859]
	11084.24703	   0.00842	[mu,kappa]: [(79.68411,340.45029),1.00458]
	10905.30914	   0.00828	[mu,kappa]: [(50.39633,11.84365),1.09221]
	10914.18144	   0.00829	[mu,kappa]: [(44.71985,22.98913),1.23291]
	10979.58588	   0.00834	[mu,kappa]: [(49.14032,14.07528),1.11539]
	11039.24675	   0.00839	[mu,kappa]: [(49.07773,13.83838),1.11646]
	10953.82394	   0.00832	[mu,kappa]: [(73.74281,345.54800),0.97575]
	10813.37042	   0.00821	[mu,kappa]: [(59.65714,359.04480),0.99450]
	10818.37466	   0.00822	[mu,kappa]: [(52.41367,8.57190),1.06156]
	10990.64989	   0.00835	[mu,kappa]: [(52.92092,7.77946),1.05491]
	11155.39438	   0.00847	[mu,kappa]: [(60.50493,358.14864),0.98971]
	10902.41476	   0.00828	[mu,kappa]: [(58.30453,0.66616),1.00298]
	10983.26956	   0.00834	[mu,kappa]: [(53.76093,6.71856),1.04431]
	10778.37800	   0.00819	[mu,kappa]: [(51.77968,9.71962),1.07020]
	10983.80962	   0.00834	[mu,kappa]: [(48.23940,16.22358),1.13512]
	10944.56018	   0.00831	[mu,kappa]: [(46.42799,19.51299),1.18009]
	11093.92534	   0.00843	[mu,kappa]: [(65.81715,352.83008),0.97032]
	11067.32230	   0.00841	[mu,kappa]: [(43.66169,26.07931),1.27705]
	11089.49968	   0.00842	[mu,kappa]: [(59.25514,359.54396),0.99683]
	10714.46697	   0.00814	[mu,kappa]: [(48.94813,14.51856),1.11946]
	10966.43821	   0.00833	[mu,kappa]: [(53.51710,7.08836),1.04707]
	11016.09612	   0.00837	[mu,kappa]: [(75.34917,344.24976),0.98010]
	11139.31598	   0.00846	[mu,kappa]: [(77.06678,342.93916),0.98602]
	10787.08393	   0.00819	[mu,kappa]: [(51.82053,9.36092),1.07003]
	11186.41529	   0.00850	[mu,kappa]: [(78.91087,341.06929),0.99988]
	10955.29336	   0.00832	[mu,kappa]: [(47.60165,17.07562),1.14925]
	10978.25614	   0.00834	[mu,kappa]: [(54.96178,4.84243),1.03168]
	10956.24842	   0.00832	[mu,kappa]: [(59.50221,359.42390),0.99463]
	10925.47534	   0.00830	[mu,kappa]: [(56.92797,2.63637),1.01241]
	10767.91167	   0.00818	[mu,kappa]: [(64.04566,354.29255),0.97624]
	11121.91277	   0.00845	[mu,kappa]: [(43.46264,26.90479),1.28783]
	10991.09477	   0.00835	[mu,kappa]: [(58.11348,1.23750),1.00308]
	11025.28615	   0.00838	[mu,kappa]: [(70.77476,348.02665),0.97044]
	10772.22797	   0.00818	[mu,kappa]: [(56.43243,3.31988),1.01645]
	11041.07244	   0.00839	[mu,kappa]: [(51.74500,9.80076),1.07078]
	10991.86330	   0.00835	[mu,kappa]: [(56.42293,2.92425),1.01793]
	11024.58259	   0.00837	[mu,kappa]: [(46.95742,17.88037),1.16433]
	10933.61727	   0.00831	[mu,kappa]: [(57.45194,2.14045),1.00773]
	11098.92896	   0.00843	[mu,kappa]: [(48.39592,15.14796),1.13072]
			msglen: 10600788.30020 bits.
Iteration #: 4
	10876.64754	   0.00826	[mu,kappa]: [(44.47002,23.81120),1.24713]
	10784.30483	   0.00819	[mu,kappa]: [(71.88840,347.07114),0.97494]
	10808.09611	   0.00821	[mu,kappa]: [(52.96599,7.56214),1.05782]
	11011.33901	   0.00836	[mu,kappa]: [(84.97042,336.36768),1.04940]
	10926.84106	   0.00830	[mu,kappa]: [(74.92760,344.35273),0.98417]
	10886.24276	   0.00827	[mu,kappa]: [(54.21108,5.91371),1.04269]
	10778.74196	   0.00819	[mu,kappa]: [(53.98308,6.05746),1.04567]
	10993.05686	   0.00835	[mu,kappa]: [(44.16117,24.32289),1.25768]
	11075.62737	   0.00841	[mu,kappa]: [(46.26302,19.60436),1.18769]
	10872.87463	   0.00826	[mu,kappa]: [(50.30558,11.91213),1.09726]
	10961.43130	   0.00833	[mu,kappa]: [(46.28171,19.62913),1.18734]
	10753.90439	   0.00817	[mu,kappa]: [(52.64403,8.26567),1.06164]
	10993.90256	   0.00835	[mu,kappa]: [(79.62871,340.47446),1.00762]
	10932.23526	   0.00830	[mu,kappa]: [(42.33292,29.91179),1.34775]
	10646.04082	   0.00809	[mu,kappa]: [(44.12981,24.70181),1.26056]
	11100.47831	   0.00843	[mu,kappa]: [(84.05274,337.12765),1.03991]
	11432.22254	   0.00868	[mu,kappa]: [(93.62483,329.91104),1.16412]
	10942.75154	   0.00831	[mu,kappa]: [(64.94129,353.48500),0.97643]
	11081.02872	   0.00842	[mu,kappa]: [(82.47578,338.67006),1.02201]
	10915.39091	   0.00829	[mu,kappa]: [(53.07232,7.58326),1.05615]
	10869.36226	   0.00826	[mu,kappa]: [(42.51662,28.87606),1.33345]
	10755.28197	   0.00817	[mu,kappa]: [(44.75647,22.96853),1.23584]
	10912.97695	   0.00829	[mu,kappa]: [(54.76464,5.14369),1.03675]
	10962.60892	   0.00833	[mu,kappa]: [(79.51290,340.80077),1.00401]
	10877.92646	   0.00826	[mu,kappa]: [(46.15674,19.60566),1.19003]
	11097.69593	   0.00843	[mu,kappa]: [(73.03508,346.06242),0.97751]
	11202.93884	   0.00851	[mu,kappa]: [(87.94184,334.36158),1.07751]
	10982.52300	   0.00834	[mu,kappa]: [(74.01110,345.25855),0.97988]
	10997.71115	   0.00835	[mu,kappa]: [(41.96420,30.83164),1.36733]
	10813.85372	   0.00821	[mu,kappa]: [(75.85774,343.57926),0.98769]
	10762.08135	   0.00818	[mu,kappa]: [(63.97309,354.61942),0.97784]
	10864.52597	   0.00825	[mu,kappa]: [(55.28040,4.52459),1.03129]
	10957.51908	   0.00832	[mu,kappa]: [(79.81567,340.44184),1.00731]
	10913.37475	   0.00829	[mu,kappa]: [(47.65402,16.66790),1.15105]
	10888.87017	   0.00827	[mu,kappa]: [(46.74794,18.55478),1.17413]
	11024.64547	   0.00838	[mu,kappa]: [(69.71960,349.01060),0.97228]
	11561.37627	   0.00878	[mu,kappa]: [(38.24245,48.86881),1.84977]
	10746.90268	   0.00816	[mu,kappa]: [(55.60749,4.01997),1.02827]
	11444.14275	   0.00869	[mu,kappa]: [(97.07845,327.24821),1.23437]
	11034.41142	   0.00838	[mu,kappa]: [(41.93189,30.75266),1.36758]
	10855.06780	   0.00825	[mu,kappa]: [(77.80485,342.21941),0.99393]
	10895.12327	   0.00828	[mu,kappa]: [(60.60311,358.07178),0.99197]
	10674.75590	   0.00811	[mu,kappa]: [(59.14776,359.81037),0.99987]
	11211.96944	   0.00852	[mu,kappa]: [(41.14336,33.48323),1.42149]
	10744.22242	   0.00816	[mu,kappa]: [(49.26566,13.65396),1.11630]
	10996.27448	   0.00835	[mu,kappa]: [(85.56002,336.05538),1.05313]
	10711.98212	   0.00814	[mu,kappa]: [(48.58661,14.83209),1.13005]
	10765.22174	   0.00818	[mu,kappa]: [(52.28333,9.06253),1.06624]
	10837.10772	   0.00823	[mu,kappa]: [(42.15503,30.24359),1.35603]
	10723.63520	   0.00815	[mu,kappa]: [(59.21544,359.59207),1.00007]
	10931.93095	   0.00830	[mu,kappa]: [(58.50896,0.32195),1.00507]
	11052.38343	   0.00840	[mu,kappa]: [(81.44577,339.18006),1.01813]
	10985.15441	   0.00835	[mu,kappa]: [(53.42946,7.20133),1.05148]
	11125.13828	   0.00845	[mu,kappa]: [(40.40352,36.96500),1.49277]
	10890.26107	   0.00827	[mu,kappa]: [(39.54792,40.38028),1.58171]
	11101.97921	   0.00843	[mu,kappa]: [(75.57210,343.84640),0.98622]
	10837.36676	   0.00823	[mu,kappa]: [(60.99004,357.46793),0.99093]
	10701.72442	   0.00813	[mu,kappa]: [(62.08270,356.25496),0.98627]
	10842.68336	   0.00824	[mu,kappa]: [(54.57953,5.46833),1.03851]
	10807.28924	   0.00821	[mu,kappa]: [(54.85712,5.14666),1.03545]
	11012.38579	   0.00837	[mu,kappa]: [(44.41269,23.95934),1.24935]
	10926.46399	   0.00830	[mu,kappa]: [(52.38104,8.72299),1.06515]
	11044.56462	   0.00839	[mu,kappa]: [(67.97522,350.41454),0.97368]
	10966.05033	   0.00833	[mu,kappa]: [(42.85825,28.14935),1.31786]
	11520.74248	   0.00875	[mu,kappa]: [(37.91522,52.29316),1.99146]
	11272.48895	   0.00856	[mu,kappa]: [(39.22159,42.33161),1.63359]
	10889.22754	   0.00827	[mu,kappa]: [(48.27263,15.52688),1.13697]
	10910.08926	   0.00829	[mu,kappa]: [(49.26054,13.37677),1.11629]
	10794.11191	   0.00820	[mu,kappa]: [(73.39868,345.67296),0.97918]
	10979.25609	   0.00834	[mu,kappa]: [(44.54997,23.14502),1.24179]
	10850.37516	   0.00824	[mu,kappa]: [(46.58428,18.81336),1.17833]
	11232.43089	   0.00853	[mu,kappa]: [(75.56155,343.94649),0.98524]
	10891.18349	   0.00827	[mu,kappa]: [(58.03286,1.04591),1.00780]
	10874.21462	   0.00826	[mu,kappa]: [(58.40852,0.86961),1.00403]
	11137.71115	   0.00846	[mu,kappa]: [(68.35106,350.37551),0.97118]
	10864.57205	   0.00825	[mu,kappa]: [(53.07761,7.68810),1.05593]
	10927.25418	   0.00830	[mu,kappa]: [(58.69635,0.27924),1.00305]
	10948.41765	   0.00832	[mu,kappa]: [(43.52452,26.10982),1.28500]
	10929.73763	   0.00830	[mu,kappa]: [(42.19313,30.28658),1.35528]
	10950.43803	   0.00832	[mu,kappa]: [(65.96737,352.45587),0.97464]
	10910.00605	   0.00829	[mu,kappa]: [(43.10572,26.90016),1.30172]
	11203.68506	   0.00851	[mu,kappa]: [(42.11802,30.53001),1.35983]
	11622.93529	   0.00883	[mu,kappa]: [(101.33488,323.88101),1.34908]
	10840.22610	   0.00823	[mu,kappa]: [(46.07617,19.96293),1.19295]
	11100.01939	   0.00843	[mu,kappa]: [(39.32486,41.54281),1.61313]
	10945.11955	   0.00831	[mu,kappa]: [(44.13819,24.58942),1.25972]
	11003.59019	   0.00836	[mu,kappa]: [(44.13405,24.36423),1.25858]
	11221.86746	   0.00852	[mu,kappa]: [(93.39745,330.13375),1.15900]
	10734.19746	   0.00815	[mu,kappa]: [(65.46646,352.91456),0.97568]
	10723.82099	   0.00815	[mu,kappa]: [(49.64673,12.99600),1.10905]
	10889.94684	   0.00827	[mu,kappa]: [(50.63441,11.30872),1.09169]
	11084.29204	   0.00842	[mu,kappa]: [(67.38972,351.09819),0.97300]
	10808.66109	   0.00821	[mu,kappa]: [(62.30632,356.15764),0.98461]
	10877.63875	   0.00826	[mu,kappa]: [(52.23536,8.87647),1.06724]
	10691.96713	   0.00812	[mu,kappa]: [(48.41044,15.32794),1.13399]
	10983.32284	   0.00834	[mu,kappa]: [(42.80526,28.60174),1.32295]
	11022.47051	   0.00837	[mu,kappa]: [(40.79292,35.17310),1.45416]
	11121.25052	   0.00845	[mu,kappa]: [(79.06906,341.19464),1.00089]
	11365.46315	   0.00863	[mu,kappa]: [(38.60641,46.32732),1.75665]
	11003.52888	   0.00836	[mu,kappa]: [(64.50844,353.88407),0.97766]
	10687.21432	   0.00812	[mu,kappa]: [(43.83949,25.43287),1.27240]
	10862.27609	   0.00825	[mu,kappa]: [(51.73663,9.65726),1.07435]
	11347.40525	   0.00862	[mu,kappa]: [(95.72508,328.38780),1.20255]
	11545.46221	   0.00877	[mu,kappa]: [(98.01582,326.67679),1.25224]
	10698.98879	   0.00813	[mu,kappa]: [(48.59355,14.80199),1.12989]
	11690.98527	   0.00888	[mu,kappa]: [(100.43062,324.59681),1.32185]
	10975.88793	   0.00834	[mu,kappa]: [(42.09057,30.54689),1.36078]
	10869.43440	   0.00826	[mu,kappa]: [(54.84647,5.00844),1.03597]
	10873.35124	   0.00826	[mu,kappa]: [(64.97807,353.50770),0.97597]
	10821.43314	   0.00822	[mu,kappa]: [(58.99103,0.00891),1.00081]
	10759.16787	   0.00817	[mu,kappa]: [(75.46278,343.95740),0.98559]
	11451.70157	   0.00870	[mu,kappa]: [(38.49193,47.45903),1.79404]
	10893.92445	   0.00828	[mu,kappa]: [(61.65691,357.04600),0.98628]
	11192.98995	   0.00850	[mu,kappa]: [(88.63998,333.69532),1.08844]
	10667.50147	   0.00810	[mu,kappa]: [(57.84786,1.40385),1.00860]
	10953.13030	   0.00832	[mu,kappa]: [(48.33555,15.48323),1.13567]
	10885.51860	   0.00827	[mu,kappa]: [(58.05366,0.91712),1.00805]
	11068.49792	   0.00841	[mu,kappa]: [(41.42616,32.43056),1.40045]
	10832.06552	   0.00823	[mu,kappa]: [(60.08529,358.83848),0.99386]
	11085.17981	   0.00842	[mu,kappa]: [(43.17026,26.99992),1.30069]
			msglen: 10534000.31343 bits.
