Iteration #: 0
	7133.00000	   0.02838	[mu,kappa]: [(98.98470,327.56852),1.63366]
	7091.00000	   0.02821	[mu,kappa]: [(99.91680,327.94177),1.64546]
	7029.00000	   0.02797	[mu,kappa]: [(100.15236,327.83877),1.60026]
	7193.00000	   0.02862	[mu,kappa]: [(98.71081,329.05340),1.59156]
	7168.00000	   0.02852	[mu,kappa]: [(98.91554,327.02553),1.68842]
	7124.00000	   0.02834	[mu,kappa]: [(101.25231,327.83410),1.63809]
	7227.00000	   0.02875	[mu,kappa]: [(99.39784,329.38415),1.58246]
	7163.00000	   0.02850	[mu,kappa]: [(98.57861,329.09419),1.58609]
	7169.00000	   0.02852	[mu,kappa]: [(100.57515,328.23865),1.65273]
	7164.00000	   0.02850	[mu,kappa]: [(100.23774,328.11303),1.62054]
	7310.00000	   0.02908	[mu,kappa]: [(99.35474,328.35775),1.65863]
	7308.00000	   0.02908	[mu,kappa]: [(99.76196,328.60168),1.59869]
	7160.00000	   0.02849	[mu,kappa]: [(100.72989,327.42141),1.64550]
	7190.00000	   0.02861	[mu,kappa]: [(101.26004,327.03220),1.68119]
	7201.00000	   0.02865	[mu,kappa]: [(99.23978,328.12499),1.61057]
	7314.00000	   0.02910	[mu,kappa]: [(99.92990,327.98436),1.62032]
	7247.00000	   0.02883	[mu,kappa]: [(100.90368,327.38976),1.64656]
	7102.00000	   0.02826	[mu,kappa]: [(99.90393,328.14871),1.60378]
	7182.00000	   0.02857	[mu,kappa]: [(100.89723,327.64373),1.64413]
	7131.00000	   0.02837	[mu,kappa]: [(99.59743,328.72296),1.58689]
	7100.00000	   0.02825	[mu,kappa]: [(100.13598,328.04350),1.58439]
	7173.00000	   0.02854	[mu,kappa]: [(99.62808,328.02576),1.60906]
	7111.00000	   0.02829	[mu,kappa]: [(98.78456,329.11689),1.59271]
	7104.00000	   0.02826	[mu,kappa]: [(101.19402,327.07625),1.66662]
	7312.00000	   0.02909	[mu,kappa]: [(100.54264,327.22890),1.65952]
	7219.00000	   0.02872	[mu,kappa]: [(99.64774,327.73350),1.66006]
	7190.00000	   0.02861	[mu,kappa]: [(100.61567,327.50986),1.64933]
	7205.00000	   0.02867	[mu,kappa]: [(99.74528,327.21943),1.65517]
	7204.00000	   0.02866	[mu,kappa]: [(101.04611,326.66457),1.68258]
	7086.00000	   0.02819	[mu,kappa]: [(99.48420,327.24662),1.65647]
	7164.00000	   0.02850	[mu,kappa]: [(99.40298,328.04483),1.60291]
	7316.00000	   0.02911	[mu,kappa]: [(99.19505,327.57396),1.63819]
	7293.00000	   0.02902	[mu,kappa]: [(99.78996,329.11938),1.59015]
	7115.00000	   0.02831	[mu,kappa]: [(100.09024,327.25235),1.62489]
	7148.00000	   0.02844	[mu,kappa]: [(99.97705,328.74112),1.63458]
			msglen: 0.00000 bits.
Iteration #: 1
	7131.92879	   0.02837	[mu,kappa]: [(99.02832,327.79404),1.62901]
	7090.08704	   0.02821	[mu,kappa]: [(100.12410,327.60799),1.64685]
	7027.85836	   0.02796	[mu,kappa]: [(99.82373,328.41582),1.60319]
	7195.01057	   0.02863	[mu,kappa]: [(97.72391,330.04167),1.54926]
	7167.47829	   0.02852	[mu,kappa]: [(99.75803,326.27721),1.70105]
	7123.55405	   0.02834	[mu,kappa]: [(101.51991,327.34037),1.66059]
	7228.97213	   0.02876	[mu,kappa]: [(98.29327,330.33599),1.54197]
	7165.65362	   0.02851	[mu,kappa]: [(97.47831,330.24068),1.54122]
	7168.14216	   0.02852	[mu,kappa]: [(100.86925,327.53510),1.65764]
	7163.00453	   0.02850	[mu,kappa]: [(100.11826,328.18489),1.62036]
	7308.42200	   0.02908	[mu,kappa]: [(99.55449,327.82998),1.64350]
	7307.80868	   0.02907	[mu,kappa]: [(99.16240,329.19271),1.57989]
	7159.83406	   0.02849	[mu,kappa]: [(101.13982,326.98530),1.67076]
	7192.94268	   0.02862	[mu,kappa]: [(102.21126,325.85543),1.72910]
	7200.50683	   0.02865	[mu,kappa]: [(98.86265,328.67532),1.59561]
	7313.00982	   0.02910	[mu,kappa]: [(99.80555,328.16376),1.61868]
	7247.02316	   0.02883	[mu,kappa]: [(101.34779,326.89708),1.67528]
	7101.23839	   0.02825	[mu,kappa]: [(99.51352,328.66172),1.59690]
	7181.72123	   0.02857	[mu,kappa]: [(101.25354,327.14982),1.66656]
	7131.52330	   0.02837	[mu,kappa]: [(98.77656,329.60392),1.56282]
	7099.06726	   0.02824	[mu,kappa]: [(99.53486,328.93797),1.58157]
	7172.23473	   0.02854	[mu,kappa]: [(99.30753,328.51905),1.60145]
	7112.89940	   0.02830	[mu,kappa]: [(97.80726,330.04965),1.55003]
	7105.76955	   0.02827	[mu,kappa]: [(101.96539,326.18584),1.71003]
	7312.41449	   0.02909	[mu,kappa]: [(101.15030,326.59715),1.68837]
	7218.14088	   0.02872	[mu,kappa]: [(100.05796,327.21185),1.66380]
	7189.82005	   0.02861	[mu,kappa]: [(101.04251,327.00582),1.67135]
	7204.51372	   0.02866	[mu,kappa]: [(100.23131,326.87290),1.67171]
	7207.38163	   0.02868	[mu,kappa]: [(102.07613,325.59565),1.73629]
	7085.33247	   0.02819	[mu,kappa]: [(99.95297,326.93497),1.66864]
	7163.47384	   0.02850	[mu,kappa]: [(98.96534,328.72967),1.59142]
	7314.90555	   0.02910	[mu,kappa]: [(99.32096,327.64774),1.63683]
	7293.61676	   0.02902	[mu,kappa]: [(98.93134,329.81884),1.56040]
	7113.90470	   0.02830	[mu,kappa]: [(100.22479,327.43173),1.64219]
	7146.80528	   0.02843	[mu,kappa]: [(99.84905,328.48118),1.61779]
			msglen: 5800906.02445 bits.
Iteration #: 2
	7127.84138	   0.02836	[mu,kappa]: [(98.96912,328.05588),1.62029]
	7086.38081	   0.02819	[mu,kappa]: [(100.46279,327.24811),1.65974]
	7024.25765	   0.02795	[mu,kappa]: [(99.35689,328.91049),1.59011]
	7202.23636	   0.02865	[mu,kappa]: [(95.61048,332.21729),1.47719]
	7167.18224	   0.02852	[mu,kappa]: [(101.00042,325.24420),1.74766]
	7121.90324	   0.02834	[mu,kappa]: [(102.19580,326.42820),1.70245]
	7236.20518	   0.02879	[mu,kappa]: [(96.08362,332.48058),1.47119]
	7175.30371	   0.02855	[mu,kappa]: [(95.11392,332.68071),1.46325]
	7165.35948	   0.02851	[mu,kappa]: [(101.42227,326.79049),1.68465]
	7158.89000	   0.02848	[mu,kappa]: [(99.97674,328.27013),1.61761]
	7304.19265	   0.02906	[mu,kappa]: [(99.73568,327.64298),1.64272]
	7306.76842	   0.02907	[mu,kappa]: [(98.05358,330.28384),1.54105]
	7158.87929	   0.02848	[mu,kappa]: [(101.98444,326.04025),1.71688]
	7203.64661	   0.02866	[mu,kappa]: [(103.92766,323.89925),1.83270]
	7198.28980	   0.02864	[mu,kappa]: [(98.08285,329.56759),1.56394]
	7308.89155	   0.02908	[mu,kappa]: [(99.61061,328.37089),1.61191]
	7246.86307	   0.02883	[mu,kappa]: [(102.27434,325.83846),1.72752]
	7098.25715	   0.02824	[mu,kappa]: [(98.85164,329.34211),1.57411]
	7180.38630	   0.02857	[mu,kappa]: [(102.02233,326.22332),1.70983]
	7133.31588	   0.02838	[mu,kappa]: [(97.22363,331.15919),1.51098]
	7097.00196	   0.02824	[mu,kappa]: [(98.58184,329.91609),1.55275]
	7169.12177	   0.02852	[mu,kappa]: [(98.71939,329.17791),1.57917]
	7119.72920	   0.02833	[mu,kappa]: [(95.72094,332.17852),1.47870]
	7112.05029	   0.02830	[mu,kappa]: [(103.42813,324.52680),1.79658]
	7313.54413	   0.02910	[mu,kappa]: [(102.27310,325.40510),1.74713]
	7215.09759	   0.02871	[mu,kappa]: [(100.68949,326.60899),1.68700]
	7188.72036	   0.02860	[mu,kappa]: [(101.88353,326.06671),1.71558]
	7202.42689	   0.02866	[mu,kappa]: [(101.04752,326.14655),1.70666]
	7219.63962	   0.02872	[mu,kappa]: [(103.90441,323.61496),1.84614]
	7082.69761	   0.02818	[mu,kappa]: [(100.69634,326.32218),1.69740]
	7161.41927	   0.02849	[mu,kappa]: [(98.12655,329.67814),1.55983]
	7310.63221	   0.02909	[mu,kappa]: [(99.43697,327.69373),1.63619]
	7295.77078	   0.02903	[mu,kappa]: [(97.30186,331.36265),1.50622]
	7110.21788	   0.02829	[mu,kappa]: [(100.55770,327.17639),1.66007]
	7142.87968	   0.02842	[mu,kappa]: [(99.56462,328.64324),1.60457]
			msglen: 5800321.92494 bits.
Iteration #: 3
	7112.51243	   0.02830	[mu,kappa]: [(98.76211,328.44003),1.60696]
	7072.44830	   0.02814	[mu,kappa]: [(101.11063,326.59172),1.69019]
	7010.52889	   0.02789	[mu,kappa]: [(98.55650,329.71383),1.56230]
	7228.97697	   0.02876	[mu,kappa]: [(90.94603,336.92226),1.35961]
	7167.36488	   0.02852	[mu,kappa]: [(103.00929,323.36499),1.85356]
	7116.23426	   0.02831	[mu,kappa]: [(103.57366,324.77474),1.78752]
	7263.06514	   0.02890	[mu,kappa]: [(91.33887,337.16884),1.35462]
	7211.27752	   0.02869	[mu,kappa]: [(89.83250,337.99495),1.33818]
	7155.14511	   0.02847	[mu,kappa]: [(102.51338,325.53793),1.74483]
	7143.30343	   0.02842	[mu,kappa]: [(99.80512,328.40381),1.61332]
	7288.41437	   0.02900	[mu,kappa]: [(100.01559,327.42914),1.65128]
	7302.41319	   0.02905	[mu,kappa]: [(95.85737,332.48633),1.47112]
	7155.57978	   0.02847	[mu,kappa]: [(103.57342,324.27315),1.81151]
	7243.98367	   0.02882	[mu,kappa]: [(106.76755,320.62191),2.05609]
	7189.51953	   0.02860	[mu,kappa]: [(96.48485,331.27358),1.50700]
	7293.21789	   0.02902	[mu,kappa]: [(99.29228,328.70723),1.60002]
	7246.63084	   0.02883	[mu,kappa]: [(104.00726,323.88333),1.83473]
	7086.69854	   0.02820	[mu,kappa]: [(97.61475,330.60005),1.53081]
	7175.71344	   0.02855	[mu,kappa]: [(103.50845,324.52535),1.79885]
	7139.57043	   0.02841	[mu,kappa]: [(94.02880,334.35468),1.41938]
	7089.01800	   0.02820	[mu,kappa]: [(96.79600,331.69722),1.49525]
	7157.04483	   0.02847	[mu,kappa]: [(97.58357,330.37895),1.53756]
	7144.95237	   0.02843	[mu,kappa]: [(91.13389,336.79702),1.36227]
	7135.92524	   0.02839	[mu,kappa]: [(105.94490,321.64434),1.97966]
	7318.11934	   0.02912	[mu,kappa]: [(104.26290,323.23979),1.87071]
	7203.90577	   0.02866	[mu,kappa]: [(101.80307,325.51855),1.74046]
	7184.85102	   0.02859	[mu,kappa]: [(103.45266,324.33571),1.80758]
	7194.91657	   0.02863	[mu,kappa]: [(102.48322,324.72873),1.78098]
	7265.73738	   0.02891	[mu,kappa]: [(106.87237,320.25354),2.08265]
	7073.15914	   0.02814	[mu,kappa]: [(101.98230,325.10633),1.75984]
	7153.25176	   0.02846	[mu,kappa]: [(96.43883,331.45640),1.50138]
	7294.65581	   0.02902	[mu,kappa]: [(99.58913,327.68206),1.63868]
	7303.48894	   0.02906	[mu,kappa]: [(93.96827,334.64801),1.41250]
	7096.43918	   0.02823	[mu,kappa]: [(101.23293,326.50646),1.69367]
	7127.93605	   0.02836	[mu,kappa]: [(99.06792,329.10850),1.58574]
			msglen: 5798148.03132 bits.
Iteration #: 4
	7055.27151	   0.02807	[mu,kappa]: [(98.41367,328.97898),1.59119]
	7022.12228	   0.02794	[mu,kappa]: [(102.40828,325.26644),1.76058]
	6958.25665	   0.02768	[mu,kappa]: [(97.17897,331.14311),1.51734]
	7324.17770	   0.02914	[mu,kappa]: [(80.27936,347.68274),1.21826]
	7172.11380	   0.02853	[mu,kappa]: [(106.17871,320.08700),2.09158]
	7098.34412	   0.02824	[mu,kappa]: [(106.06110,321.87819),1.97216]
	7358.67913	   0.02928	[mu,kappa]: [(80.59586,347.92807),1.21415]
	7341.29552	   0.02921	[mu,kappa]: [(77.69416,350.34169),1.20214]
	7119.68439	   0.02833	[mu,kappa]: [(104.55787,323.26436),1.87750]
	7085.33815	   0.02819	[mu,kappa]: [(99.68662,328.53108),1.61277]
	7230.49594	   0.02877	[mu,kappa]: [(100.62484,326.90848),1.67914]
	7282.79828	   0.02898	[mu,kappa]: [(91.33174,337.03785),1.36117]
	7146.50446	   0.02843	[mu,kappa]: [(106.30667,321.18491),2.01839]
	7395.24154	   0.02942	[mu,kappa]: [(110.72976,315.74570),2.56454]
	7154.18958	   0.02846	[mu,kappa]: [(93.24394,334.63876),1.41569]
	7234.54720	   0.02878	[mu,kappa]: [(98.85274,329.20829),1.58533]
	7249.17233	   0.02884	[mu,kappa]: [(106.92601,320.53423),2.06949]
	7041.68092	   0.02802	[mu,kappa]: [(95.27835,333.00458),1.46005]
	7161.50168	   0.02849	[mu,kappa]: [(106.11835,321.54973),1.99304]
	7158.63135	   0.02848	[mu,kappa]: [(87.08268,341.28210),1.28615]
	7056.59208	   0.02808	[mu,kappa]: [(93.27402,335.24508),1.40146]
	7110.18056	   0.02829	[mu,kappa]: [(95.42277,332.64374),1.46999]
	7234.49222	   0.02878	[mu,kappa]: [(80.66499,347.34183),1.22060]
	7227.33942	   0.02875	[mu,kappa]: [(109.66904,317.15844),2.39053]
	7338.63485	   0.02920	[mu,kappa]: [(107.46619,319.60235),2.14393]
	7164.70728	   0.02851	[mu,kappa]: [(103.80945,323.45571),1.86036]
	7173.63144	   0.02854	[mu,kappa]: [(106.15494,321.30257),2.00908]
	7169.95956	   0.02853	[mu,kappa]: [(104.95858,322.12757),1.94521]
	7437.85432	   0.02959	[mu,kappa]: [(110.92455,315.29509),2.62345]
	7040.38191	   0.02801	[mu,kappa]: [(104.22900,322.81226),1.89882]
	7120.05890	   0.02833	[mu,kappa]: [(93.02072,334.97934),1.40738]
	7235.76225	   0.02879	[mu,kappa]: [(99.94498,327.46984),1.65321]
	7327.91702	   0.02915	[mu,kappa]: [(86.72245,341.84164),1.27787]
	7046.78723	   0.02804	[mu,kappa]: [(102.58916,325.11238),1.76875]
	7071.65446	   0.02814	[mu,kappa]: [(98.28941,329.92842),1.55928]
			msglen: 5790406.93888 bits.
Iteration #: 5
	6853.40200	   0.02727	[mu,kappa]: [(98.25385,329.44162),1.59072]
	6856.55517	   0.02728	[mu,kappa]: [(104.93412,322.65927),1.93295]
	6768.09479	   0.02693	[mu,kappa]: [(95.13897,333.39817),1.46430]
	7629.33522	   0.03035	[mu,kappa]: [(60.69316,11.63129),1.26764]
	7211.10989	   0.02869	[mu,kappa]: [(110.44941,315.20743),2.64856]
	7055.50417	   0.02807	[mu,kappa]: [(109.84525,317.34995),2.39762]
	7664.93227	   0.03050	[mu,kappa]: [(60.92242,11.84858),1.26443]
	7771.83019	   0.03092	[mu,kappa]: [(57.14327,17.41528),1.32946]
	7012.23413	   0.02790	[mu,kappa]: [(107.96043,319.41979),2.18573]
	6883.19561	   0.02739	[mu,kappa]: [(100.06094,328.29579),1.63934]
	7033.21450	   0.02798	[mu,kappa]: [(102.13408,325.53821),1.76366]
	7191.82403	   0.02861	[mu,kappa]: [(82.22766,346.34504),1.23984]
	7135.49814	   0.02839	[mu,kappa]: [(110.27041,316.46765),2.49684]
	7933.44709	   0.03156	[mu,kappa]: [(114.78421,310.08550),3.79033]
	7013.29053	   0.02790	[mu,kappa]: [(87.00875,341.10273),1.30280]
	7027.55208	   0.02796	[mu,kappa]: [(98.62109,329.64310),1.58560]
	7279.85665	   0.02896	[mu,kappa]: [(110.99147,315.58722),2.61344]
	6871.54563	   0.02734	[mu,kappa]: [(91.16625,337.32632),1.36924]
	7132.09768	   0.02838	[mu,kappa]: [(109.99593,316.94098),2.44146]
	7197.60171	   0.02864	[mu,kappa]: [(72.80306,356.40028),1.19542]
	6925.24435	   0.02755	[mu,kappa]: [(86.51063,342.16511),1.28657]
	6934.22673	   0.02759	[mu,kappa]: [(91.66007,336.64586),1.38360]
	7519.81842	   0.02992	[mu,kappa]: [(61.25563,10.83523),1.26014]
	7564.34900	   0.03010	[mu,kappa]: [(113.85970,311.54886),3.36742]
	7432.88617	   0.02957	[mu,kappa]: [(111.67256,314.43566),2.78116]
	7043.39421	   0.02802	[mu,kappa]: [(107.15854,319.84877),2.14177]
	7155.02522	   0.02847	[mu,kappa]: [(110.10088,316.63745),2.47521]
	7101.67797	   0.02825	[mu,kappa]: [(108.74698,317.89237),2.32678]
	8045.61866	   0.03201	[mu,kappa]: [(114.94671,309.65967),3.93319]
	6942.80389	   0.02762	[mu,kappa]: [(107.81392,318.91903),2.22335]
	6986.01651	   0.02779	[mu,kappa]: [(86.40023,341.81368),1.29233]
	7033.10651	   0.02798	[mu,kappa]: [(101.03150,326.59518),1.71084]
	7384.64670	   0.02938	[mu,kappa]: [(71.89642,357.62077),1.19425]
	6884.12235	   0.02739	[mu,kappa]: [(105.19537,322.39851),1.95062]
	6870.94182	   0.02734	[mu,kappa]: [(97.43327,330.98912),1.53834]
			msglen: 5766725.06874 bits.
Iteration #: 6
	6275.25585	   0.02497	[mu,kappa]: [(99.44506,328.96953),1.66073]
	6433.17885	   0.02560	[mu,kappa]: [(108.95942,318.45499),2.34447]
	6198.42144	   0.02466	[mu,kappa]: [(93.43309,335.88962),1.44513]
	8389.84653	   0.03338	[mu,kappa]: [(47.17530,43.56594),1.98968]
	7411.23996	   0.02949	[mu,kappa]: [(114.47735,309.96679),3.90475]
	7015.78936	   0.02791	[mu,kappa]: [(113.98515,312.01597),3.35394]
	8427.40428	   0.03353	[mu,kappa]: [(47.32158,43.66087),1.98655]
	8918.25022	   0.03548	[mu,kappa]: [(45.84176,49.40579),2.26462]
	6777.93276	   0.02697	[mu,kappa]: [(112.24753,314.33792),2.88574]
	6314.44446	   0.02512	[mu,kappa]: [(102.03832,326.84195),1.75806]
	6498.27242	   0.02585	[mu,kappa]: [(105.35845,322.61066),1.99643]
	6835.30945	   0.02719	[mu,kappa]: [(68.42759,2.51283),1.24046]
	7189.86972	   0.02861	[mu,kappa]: [(114.34980,311.13349),3.57237]
	9484.57797	   0.03773	[mu,kappa]: [(117.13299,305.84049),6.36645]
	6538.01653	   0.02601	[mu,kappa]: [(77.58227,351.65196),1.24360]
	6434.70433	   0.02560	[mu,kappa]: [(99.76737,329.15330),1.65588]
	7455.84339	   0.02966	[mu,kappa]: [(114.92039,310.26387),3.83447]
	6334.59712	   0.02520	[mu,kappa]: [(85.67804,343.64415),1.30695]
	7132.80629	   0.02838	[mu,kappa]: [(114.12002,311.60711),3.44969]
	7187.52629	   0.02860	[mu,kappa]: [(55.53534,22.00316),1.42940]
	6474.22470	   0.02576	[mu,kappa]: [(76.23754,353.63953),1.23382]
	6383.71017	   0.02540	[mu,kappa]: [(86.79816,342.34045),1.32455]
	8222.28111	   0.03271	[mu,kappa]: [(47.42623,42.66511),1.95364]
	8584.03824	   0.03415	[mu,kappa]: [(116.73870,306.84854),5.50100]
	7790.66622	   0.03100	[mu,kappa]: [(115.40538,309.20825),4.21013]
	6766.66076	   0.02692	[mu,kappa]: [(111.49750,314.90637),2.78556]
	7187.59289	   0.02860	[mu,kappa]: [(114.21065,311.30884),3.52359]
	6987.46832	   0.02780	[mu,kappa]: [(113.04756,312.66948),3.18958]
	9777.35013	   0.03890	[mu,kappa]: [(117.14923,305.57158),6.64422]
	6738.03832	   0.02681	[mu,kappa]: [(112.17391,313.83137),2.96130]
	6527.42233	   0.02597	[mu,kappa]: [(76.31934,353.10776),1.23784]
	6474.38453	   0.02576	[mu,kappa]: [(103.81071,324.26690),1.89070]
	7420.87790	   0.02952	[mu,kappa]: [(54.61578,24.01889),1.46062]
	6471.17206	   0.02575	[mu,kappa]: [(109.26463,318.10001),2.38172]
	6286.82511	   0.02501	[mu,kappa]: [(97.66451,331.47771),1.57101]
			msglen: 5718806.00459 bits.
Iteration #: 7
	5295.74580	   0.02107	[mu,kappa]: [(103.11885,327.15087),1.85557]
	5817.75923	   0.02315	[mu,kappa]: [(113.18045,314.31469),3.04797]
	5179.54410	   0.02061	[mu,kappa]: [(94.66263,337.09498),1.51054]
	9602.44519	   0.03820	[mu,kappa]: [(44.37875,60.47747),3.57388]
	7900.37321	   0.03143	[mu,kappa]: [(116.52849,306.65916),5.73193]
	7100.42325	   0.02825	[mu,kappa]: [(116.69772,308.25178),4.81586]
	9641.27310	   0.03836	[mu,kappa]: [(44.47078,60.50449),3.56806]
	10970.44143	   0.04365	[mu,kappa]: [(43.83678,64.41332),4.31761]
	6521.90899	   0.02595	[mu,kappa]: [(115.65314,310.25993),4.00655]
	5372.54740	   0.02138	[mu,kappa]: [(106.19822,324.22236),2.02448]
	5653.90041	   0.02249	[mu,kappa]: [(109.84565,318.98585),2.43405]
	6022.39841	   0.02396	[mu,kappa]: [(58.82979,19.04530),1.46719]
	7435.12070	   0.02958	[mu,kappa]: [(116.78045,307.54623),5.18329]
	11962.27602	   0.04759	[mu,kappa]: [(117.23047,304.07815),9.18868]
	5575.34869	   0.02218	[mu,kappa]: [(70.37158,2.52512),1.31318]
	5430.52343	   0.02161	[mu,kappa]: [(103.45047,327.33511),1.85040]
	7904.57439	   0.03145	[mu,kappa]: [(117.02633,306.88340),5.61156]
	5316.57147	   0.02115	[mu,kappa]: [(82.63133,349.39385),1.32889]
	7287.80486	   0.02900	[mu,kappa]: [(116.70849,307.92112),4.97799]
	6927.29200	   0.02756	[mu,kappa]: [(48.41326,42.56973),2.10214]
	5546.03854	   0.02207	[mu,kappa]: [(68.36418,5.56465),1.32325]
	5349.55623	   0.02128	[mu,kappa]: [(84.45979,347.31946),1.34685]
	9318.18094	   0.03707	[mu,kappa]: [(44.48334,59.84191),3.47870]
	10318.71508	   0.04105	[mu,kappa]: [(117.34483,304.62836),8.05606]
	8534.94952	   0.03396	[mu,kappa]: [(117.10062,306.12319),6.20544]
	6434.55805	   0.02560	[mu,kappa]: [(115.07282,310.79163),3.82915]
	7396.87539	   0.02943	[mu,kappa]: [(116.70588,307.68389),5.10229]
	6945.73593	   0.02763	[mu,kappa]: [(116.01552,308.79911),4.53587]
	12500.45548	   0.04973	[mu,kappa]: [(117.11118,303.93942),9.54550]
	6533.43867	   0.02599	[mu,kappa]: [(115.48377,309.81196),4.13843]
	5586.57811	   0.02223	[mu,kappa]: [(68.56936,4.83368),1.32317]
	5572.77362	   0.02217	[mu,kappa]: [(108.23284,321.00357),2.24942]
	7234.79365	   0.02878	[mu,kappa]: [(47.90306,44.51405),2.18967]
	5877.33870	   0.02338	[mu,kappa]: [(113.43571,313.94139),3.11411]
	5277.74002	   0.02100	[mu,kappa]: [(100.68668,330.57689),1.70998]
			msglen: 5673434.27438 bits.
Iteration #: 8
	4592.60502	   0.01827	[mu,kappa]: [(108.05758,325.87114),2.06807]
	5460.29795	   0.02172	[mu,kappa]: [(116.31835,312.33593),3.57984]
	4390.13720	   0.01747	[mu,kappa]: [(99.52468,337.17979),1.62712]
	10605.82328	   0.04220	[mu,kappa]: [(43.45168,65.93096),5.50416]
	8314.27048	   0.03308	[mu,kappa]: [(116.77458,305.40327),6.86865]
	7247.49653	   0.02883	[mu,kappa]: [(117.83003,306.73387),5.75153]
	10642.58182	   0.04234	[mu,kappa]: [(43.52650,65.93535),5.49253]
	13110.61189	   0.05216	[mu,kappa]: [(42.82778,69.78876),7.08737]
	6436.15764	   0.02561	[mu,kappa]: [(117.57228,308.48928),4.77138]
	4718.75132	   0.01877	[mu,kappa]: [(111.05124,322.68747),2.28502]
	5104.50411	   0.02031	[mu,kappa]: [(113.94377,317.07904),2.80489]
	5169.43141	   0.02057	[mu,kappa]: [(57.87103,25.27382),1.69384]
	7688.35695	   0.03059	[mu,kappa]: [(117.55764,306.13676),6.19579]
	13607.53602	   0.05414	[mu,kappa]: [(115.99911,303.63457),10.84028]
	4690.74736	   0.01866	[mu,kappa]: [(70.91128,6.88813),1.41763]
	4710.70603	   0.01874	[mu,kappa]: [(108.49381,326.09909),2.06248]
	8289.34685	   0.03298	[mu,kappa]: [(117.48265,305.60591),6.70191]
	4459.74494	   0.01774	[mu,kappa]: [(85.64158,351.56505),1.40329]
	7482.21297	   0.02977	[mu,kappa]: [(117.67170,306.44968),5.94883]
	6422.03101	   0.02555	[mu,kappa]: [(47.40149,48.98651),2.74484]
	4676.47683	   0.01861	[mu,kappa]: [(68.57688,10.36635),1.44177]
	4490.12318	   0.01787	[mu,kappa]: [(87.80769,349.12045),1.42320]
	10183.25937	   0.04051	[mu,kappa]: [(43.56294,65.31714),5.30971]
	11495.38700	   0.04573	[mu,kappa]: [(116.49536,303.97076),9.53489]
	9107.36169	   0.03623	[mu,kappa]: [(117.13358,305.01516),7.40416]
	6294.22280	   0.02504	[mu,kappa]: [(117.13007,308.95659),4.55610]
	7627.16837	   0.03035	[mu,kappa]: [(117.54375,306.24828),6.10003]
	7009.22865	   0.02789	[mu,kappa]: [(117.30715,307.17550),5.42392]
	14308.71204	   0.05693	[mu,kappa]: [(115.76740,303.55601),11.26244]
	6482.42527	   0.02579	[mu,kappa]: [(117.16987,308.06237),4.93894]
	4708.24720	   0.01873	[mu,kappa]: [(68.79654,9.53445),1.43916]
	4967.98456	   0.01977	[mu,kappa]: [(112.62332,319.19811),2.57043]
	6780.44603	   0.02698	[mu,kappa]: [(46.91545,50.83012),2.89402]
	5537.67909	   0.02203	[mu,kappa]: [(116.48010,311.96978),3.66287]
	4533.92715	   0.01804	[mu,kappa]: [(105.82596,329.72923),1.88276]
			msglen: 5654676.08550 bits.
Iteration #: 9
	4403.96713	   0.01752	[mu,kappa]: [(112.20191,326.61178),2.13587]
	5373.43319	   0.02138	[mu,kappa]: [(118.87021,312.14254),3.69581]
	4156.73161	   0.01654	[mu,kappa]: [(104.34305,338.39687),1.69000]
	10872.20049	   0.04325	[mu,kappa]: [(42.72473,68.16828),7.02939]
	8435.04998	   0.03356	[mu,kappa]: [(116.17750,304.94237),7.26711]
	7283.65032	   0.02898	[mu,kappa]: [(118.39038,306.26890),6.00562]
	10904.12520	   0.04338	[mu,kappa]: [(42.79961,68.15362),7.00914]
	14465.64940	   0.05755	[mu,kappa]: [(41.83436,73.39324),10.11211]
	6413.64842	   0.02552	[mu,kappa]: [(118.94182,308.05306),4.95663]
	4552.53990	   0.01811	[mu,kappa]: [(115.25222,323.37314),2.35756]
	4968.45856	   0.01977	[mu,kappa]: [(117.33008,317.26063),2.88983]
	4750.14953	   0.01890	[mu,kappa]: [(60.46560,24.08664),1.78621]
	7753.59701	   0.03085	[mu,kappa]: [(117.67725,305.66681),6.49453]
	14265.86263	   0.05676	[mu,kappa]: [(114.00021,303.57618),11.76773]
	4339.50485	   0.01727	[mu,kappa]: [(74.78785,6.81418),1.48475]
	4520.16775	   0.01798	[mu,kappa]: [(112.87394,326.95889),2.13085]
	8393.64380	   0.03339	[mu,kappa]: [(117.25929,305.16399),7.04639]
	4167.81594	   0.01658	[mu,kappa]: [(90.32492,352.47322),1.46459]
	7530.83843	   0.02996	[mu,kappa]: [(118.01312,305.97718),6.22331]
	5965.14962	   0.02373	[mu,kappa]: [(47.89711,47.73353),3.00398]
	4320.11071	   0.01719	[mu,kappa]: [(72.40513,10.18308),1.51029]
	4203.41437	   0.01672	[mu,kappa]: [(92.47509,350.07757),1.48454]
	10350.43259	   0.04118	[mu,kappa]: [(42.87722,67.34092),6.69374]
	11913.76711	   0.04740	[mu,kappa]: [(114.87542,303.78363),10.23717]
	9275.63705	   0.03690	[mu,kappa]: [(116.41897,304.61962),7.83133]
	6256.29501	   0.02489	[mu,kappa]: [(118.54793,308.50733),4.73105]
	7685.87107	   0.03058	[mu,kappa]: [(117.72262,305.77289),6.39136]
	7022.05211	   0.02794	[mu,kappa]: [(117.90783,306.66994),5.66578]
	15065.99861	   0.05994	[mu,kappa]: [(113.65210,303.53865),12.28408]
	6465.69881	   0.02572	[mu,kappa]: [(118.17185,307.56742),5.14335]
	4350.11419	   0.01731	[mu,kappa]: [(72.53879,9.30370),1.50807]
	4815.33077	   0.01916	[mu,kappa]: [(116.23761,319.52895),2.64860]
	6319.89052	   0.02514	[mu,kappa]: [(47.27526,49.74685),3.18730]
	5455.16602	   0.02170	[mu,kappa]: [(118.94914,311.74979),3.78290]
	4330.03730	   0.01723	[mu,kappa]: [(110.42883,330.77369),1.94865]
			msglen: 5647634.93447 bits.
Iteration #: 10
	4419.55516	   0.01758	[mu,kappa]: [(115.62046,328.78069),2.10714]
	5358.91993	   0.02132	[mu,kappa]: [(121.75425,312.78531),3.65012]
	4177.23171	   0.01662	[mu,kappa]: [(107.65263,340.98674),1.68891]
	10566.80117	   0.04204	[mu,kappa]: [(42.31317,69.42698),8.05449]
	8400.81725	   0.03342	[mu,kappa]: [(115.23283,304.63148),7.43600]
	7228.71173	   0.02876	[mu,kappa]: [(119.03640,306.08025),6.02439]
	10593.19400	   0.04214	[mu,kappa]: [(42.39694,69.38776),8.02103]
	15379.29718	   0.06119	[mu,kappa]: [(40.95957,77.00447),14.39337]
	6371.19118	   0.02535	[mu,kappa]: [(120.56713,308.07342),4.93453]
	4572.60474	   0.01819	[mu,kappa]: [(119.26471,325.56428),2.32608]
	4972.12880	   0.01978	[mu,kappa]: [(120.80339,318.62365),2.84416]
	4695.68708	   0.01868	[mu,kappa]: [(62.07251,21.07979),1.83754]
	7696.95422	   0.03062	[mu,kappa]: [(117.72412,305.40971),6.55132]
	14656.89416	   0.05831	[mu,kappa]: [(111.57430,303.61442),12.69923]
	4328.39482	   0.01722	[mu,kappa]: [(76.63183,6.16151),1.53333]
	4541.36026	   0.01807	[mu,kappa]: [(116.69731,329.35379),2.10535]
	8342.75759	   0.03319	[mu,kappa]: [(116.87623,304.88959),7.14793]
	4177.20457	   0.01662	[mu,kappa]: [(92.76746,353.95480),1.49154]
	7473.57405	   0.02973	[mu,kappa]: [(118.35540,305.74866),6.25857]
	5748.93056	   0.02287	[mu,kappa]: [(48.53953,43.38820),3.02438]
	4304.04539	   0.01712	[mu,kappa]: [(74.44126,9.29068),1.55893]
	4214.57464	   0.01677	[mu,kappa]: [(94.90485,351.72178),1.50756]
	9993.69861	   0.03976	[mu,kappa]: [(42.53426,68.19654),7.51079]
	12072.13413	   0.04803	[mu,kappa]: [(112.82632,303.68506),10.82229]
	9250.84208	   0.03680	[mu,kappa]: [(115.40308,304.34926),8.02984]
	6212.20165	   0.02472	[mu,kappa]: [(120.14418,308.54273),4.70266]
	7628.47224	   0.03035	[mu,kappa]: [(117.83988,305.51997),6.44173]
	6964.33231	   0.02771	[mu,kappa]: [(118.50433,306.46732),5.67775]
	15568.64704	   0.06194	[mu,kappa]: [(111.11738,303.62468),13.36245]
	6413.78261	   0.02552	[mu,kappa]: [(119.24656,307.46044),5.13050]
	4334.74166	   0.01725	[mu,kappa]: [(74.38751,8.32528),1.55824]
	4823.10030	   0.01919	[mu,kappa]: [(119.74903,321.13681),2.60560]
	6071.99589	   0.02416	[mu,kappa]: [(47.86021,45.58048),3.20515]
	5438.73834	   0.02164	[mu,kappa]: [(121.76064,312.33402),3.73809]
	4352.48292	   0.01732	[mu,kappa]: [(114.16502,333.36811),1.93148]
			msglen: 5641371.74842 bits.
Iteration #: 11
	4456.10657	   0.01773	[mu,kappa]: [(118.89047,331.72018),2.06006]
	5343.73341	   0.02126	[mu,kappa]: [(125.55689,313.85658),3.62650]
	4239.69309	   0.01687	[mu,kappa]: [(109.84763,344.32031),1.66221]
	9855.96304	   0.03921	[mu,kappa]: [(42.38994,69.88222),8.58476]
	8294.65810	   0.03300	[mu,kappa]: [(114.16140,304.29817),7.58154]
	7119.46931	   0.02833	[mu,kappa]: [(120.14242,305.92992),6.02661]
	9878.05768	   0.03930	[mu,kappa]: [(42.49295,69.80938),8.53300]
	16596.22079	   0.06603	[mu,kappa]: [(40.13259,80.61603),22.71802]
	6301.20285	   0.02507	[mu,kappa]: [(122.92913,308.24962),4.92130]
	4614.17690	   0.01836	[mu,kappa]: [(123.74008,328.70690),2.29272]
	4985.09352	   0.01983	[mu,kappa]: [(124.98703,320.65706),2.80543]
	4815.04657	   0.01916	[mu,kappa]: [(61.05107,17.57902),1.90684]
	7572.11322	   0.03013	[mu,kappa]: [(118.00585,305.15053),6.57829]
	15125.44615	   0.06018	[mu,kappa]: [(108.99921,303.73191),13.90252]
	4432.66710	   0.01764	[mu,kappa]: [(75.27057,5.28065),1.58304]
	4587.49769	   0.01825	[mu,kappa]: [(120.58513,332.67386),2.06697]
	8214.07659	   0.03268	[mu,kappa]: [(116.59704,304.59522),7.21703]
	4259.21051	   0.01695	[mu,kappa]: [(92.66666,355.68434),1.49808]
	7354.31458	   0.02926	[mu,kappa]: [(119.03872,305.53577),6.26938]
	5766.51802	   0.02294	[mu,kappa]: [(48.45275,37.73020),2.99866]
	4408.83044	   0.01754	[mu,kappa]: [(73.38317,8.24150),1.60981]
	4293.79085	   0.01708	[mu,kappa]: [(94.90828,353.63638),1.50838]
	9289.58758	   0.03696	[mu,kappa]: [(42.73801,68.03019),7.77106]
	12208.33148	   0.04857	[mu,kappa]: [(110.57235,303.61791),11.52602]
	9145.49745	   0.03639	[mu,kappa]: [(114.30156,304.05462),8.20960]
	6139.47535	   0.02443	[mu,kappa]: [(122.39589,308.73638),4.67690]
	7504.45751	   0.02986	[mu,kappa]: [(118.21084,305.26915),6.46324]
	6853.47992	   0.02727	[mu,kappa]: [(119.46535,306.30401),5.66917]
	16202.16688	   0.06446	[mu,kappa]: [(108.46475,303.80729),14.77965]
	6321.48640	   0.02515	[mu,kappa]: [(120.81562,307.44258),5.10748]
	4441.28937	   0.01767	[mu,kappa]: [(73.05787,7.09228),1.61250]
	4842.39509	   0.01927	[mu,kappa]: [(123.77954,323.46578),2.56102]
	6058.45666	   0.02410	[mu,kappa]: [(47.92536,40.02992),3.15566]
	5420.48200	   0.02157	[mu,kappa]: [(125.49599,313.32440),3.71618]
	4405.00734	   0.01753	[mu,kappa]: [(117.61508,336.88069),1.89569]
			msglen: 5632177.05240 bits.
Iteration #: 12
	4441.89606	   0.01767	[mu,kappa]: [(122.40127,335.17801),2.03032]
	5319.99135	   0.02117	[mu,kappa]: [(130.53387,315.24947),3.72946]
	4255.28352	   0.01693	[mu,kappa]: [(111.41130,348.06655),1.63191]
	8764.64986	   0.03487	[mu,kappa]: [(43.32467,69.24348),8.46703]
	8140.36774	   0.03239	[mu,kappa]: [(113.01110,303.89550),7.74119]
	6977.35384	   0.02776	[mu,kappa]: [(121.90873,305.75318),6.10184]
	8787.57556	   0.03496	[mu,kappa]: [(43.46664,69.13097),8.39882]
	18833.55142	   0.07493	[mu,kappa]: [(39.27868,83.40295),39.99057]
	6219.70477	   0.02475	[mu,kappa]: [(126.27893,308.50507),5.02980]
	4619.59766	   0.01838	[mu,kappa]: [(129.03506,332.69832),2.31116]
	4967.97436	   0.01977	[mu,kappa]: [(130.17580,323.22241),2.84490]
	4993.93819	   0.01987	[mu,kappa]: [(57.63019,12.99921),2.02251]
	7398.18326	   0.02943	[mu,kappa]: [(118.66220,304.82530),6.64214]
	15761.26716	   0.06271	[mu,kappa]: [(106.48753,303.95692),15.37782]
	4544.82372	   0.01808	[mu,kappa]: [(71.20367,3.48620),1.65616]
	4587.36428	   0.01825	[mu,kappa]: [(124.95268,336.75101),2.05606]
	8029.77177	   0.03195	[mu,kappa]: [(116.52560,304.22501),7.30591]
	4311.57261	   0.01715	[mu,kappa]: [(90.47525,357.12654),1.50078]
	7192.50689	   0.02862	[mu,kappa]: [(120.23275,305.27252),6.33312]
	5925.45704	   0.02358	[mu,kappa]: [(47.12220,31.18084),3.00792]
	4524.66610	   0.01800	[mu,kappa]: [(69.70536,6.40357),1.68245]
	4339.70161	   0.01727	[mu,kappa]: [(92.91154,355.28630),1.50421]
	8310.28507	   0.03306	[mu,kappa]: [(43.90987,66.58104),7.43205]
	12382.93288	   0.04927	[mu,kappa]: [(108.25395,303.59123),12.35110]
	8988.52180	   0.03576	[mu,kappa]: [(113.18051,303.69596),8.40310]
	6044.44867	   0.02405	[mu,kappa]: [(125.54700,308.99179),4.75509]
	7332.32662	   0.02917	[mu,kappa]: [(118.98063,304.95483),6.52476]
	6701.48447	   0.02666	[mu,kappa]: [(120.96822,306.09969),5.72058]
	17069.74455	   0.06791	[mu,kappa]: [(105.92882,304.11825),16.53973]
	6196.50568	   0.02465	[mu,kappa]: [(123.09108,307.42204),5.16472]
	4561.70980	   0.01815	[mu,kappa]: [(69.04009,4.92320),1.69329]
	4822.41083	   0.01919	[mu,kappa]: [(128.65374,326.35186),2.57343]
	6193.36597	   0.02464	[mu,kappa]: [(46.93508,33.67642),3.13211]
	5395.31946	   0.02147	[mu,kappa]: [(130.41009,314.61760),3.82451]
	4409.74540	   0.01755	[mu,kappa]: [(121.23598,341.10275),1.87397]
			msglen: 5618789.00021 bits.
Iteration #: 13
	4344.02765	   0.01728	[mu,kappa]: [(126.33605,339.29152),2.03226]
	5306.20189	   0.02111	[mu,kappa]: [(136.47979,316.98597),4.06606]
	4183.76505	   0.01665	[mu,kappa]: [(112.69089,352.33778),1.60649]
	7590.97946	   0.03020	[mu,kappa]: [(45.68483,67.62179),7.82162]
	7949.68017	   0.03163	[mu,kappa]: [(111.69959,303.38354),7.91853]
	6818.77041	   0.02713	[mu,kappa]: [(124.34039,305.52084),6.33190]
	7623.72074	   0.03033	[mu,kappa]: [(45.89398,67.48762),7.75219]
	21642.09033	   0.08610	[mu,kappa]: [(38.56598,84.81026),65.52525]
	6153.44046	   0.02448	[mu,kappa]: [(130.55564,308.82676),5.37777]
	4570.11804	   0.01818	[mu,kappa]: [(135.10526,337.85787),2.41821]
	4912.81356	   0.01955	[mu,kappa]: [(136.25570,326.43229),3.01825]
	5190.59329	   0.02065	[mu,kappa]: [(52.69796,6.41767),2.22120]
	7182.71040	   0.02858	[mu,kappa]: [(119.67673,304.39150),6.79064]
	16553.19225	   0.06586	[mu,kappa]: [(104.19768,304.28933),16.97754]
	4624.96192	   0.01840	[mu,kappa]: [(65.29144,0.07949),1.78151]
	4511.45348	   0.01795	[mu,kappa]: [(129.93316,341.86915),2.09449]
	7796.83664	   0.03102	[mu,kappa]: [(116.62746,303.73540),7.44321]
	4289.30661	   0.01707	[mu,kappa]: [(86.62335,357.99724),1.51175]
	6998.77509	   0.02785	[mu,kappa]: [(121.93579,304.92100),6.51284]
	6149.08205	   0.02446	[mu,kappa]: [(44.44263,23.36702),3.08875]
	4607.30437	   0.01833	[mu,kappa]: [(64.24410,3.10512),1.80097]
	4307.78943	   0.01714	[mu,kappa]: [(89.28730,356.40285),1.50673]
	7354.46826	   0.02926	[mu,kappa]: [(46.57360,64.29628),6.75583]
	12605.80348	   0.05015	[mu,kappa]: [(105.96392,303.59495),13.19849]
	8790.92837	   0.03497	[mu,kappa]: [(111.99236,303.23509),8.60788]
	5942.32278	   0.02364	[mu,kappa]: [(129.55812,309.27642),5.03336]
	7119.73934	   0.02833	[mu,kappa]: [(120.13453,304.53457),6.67671]
	6515.44433	   0.02592	[mu,kappa]: [(123.00216,305.80933),5.89555]
	18152.37741	   0.07222	[mu,kappa]: [(103.67832,304.55717),18.48824]
	6047.76934	   0.02406	[mu,kappa]: [(126.06125,307.35513),5.37963]
	4656.02307	   0.01853	[mu,kappa]: [(63.23012,1.08626),1.83024]
	4745.15247	   0.01888	[mu,kappa]: [(134.35129,329.93042),2.68128]
	6391.28831	   0.02543	[mu,kappa]: [(44.65350,26.37610),3.17002]
	5384.20766	   0.02142	[mu,kappa]: [(136.29810,316.23163),4.17492]
	4332.86190	   0.01724	[mu,kappa]: [(125.26155,346.30177),1.88200]
			msglen: 5605260.79803 bits.
Iteration #: 14
	4150.29199	   0.01651	[mu,kappa]: [(130.62954,344.73345),2.07156]
	5339.70137	   0.02124	[mu,kappa]: [(142.63801,319.11390),4.79033]
	4014.45072	   0.01597	[mu,kappa]: [(113.80854,357.89481),1.59021]
	6956.73238	   0.02768	[mu,kappa]: [(49.45883,66.50906),7.29738]
	7744.77378	   0.03081	[mu,kappa]: [(110.08629,302.71157),8.13239]
	6658.46794	   0.02649	[mu,kappa]: [(127.21019,305.20888),6.82979]
	7004.68782	   0.02787	[mu,kappa]: [(49.75178,66.39755),7.23949]
	23147.36944	   0.09209	[mu,kappa]: [(38.16331,85.40337),87.87086]
	6138.93678	   0.02442	[mu,kappa]: [(135.28341,309.20962),6.13344]
	4468.37684	   0.01778	[mu,kappa]: [(141.37755,345.00268),2.64872]
	4827.15023	   0.01921	[mu,kappa]: [(142.64287,330.62086),3.38791]
	5444.68179	   0.02166	[mu,kappa]: [(47.38063,357.62733),2.57295]
	6930.13129	   0.02757	[mu,kappa]: [(120.89323,303.80508),7.09220]
	17439.58826	   0.06938	[mu,kappa]: [(102.23826,304.69207),18.47177]
	4685.68345	   0.01864	[mu,kappa]: [(58.49931,354.91388),2.00070]
	4353.78995	   0.01732	[mu,kappa]: [(135.24482,348.91058),2.19908]
	7522.92491	   0.02993	[mu,kappa]: [(116.76522,303.07773),7.67824]
	4183.05845	   0.01664	[mu,kappa]: [(81.39582,358.54172),1.54111]
	6780.25089	   0.02698	[mu,kappa]: [(123.96917,304.44478),6.89559]
	6466.14043	   0.02573	[mu,kappa]: [(40.78440,14.05165),3.30860]
	4664.39740	   0.01856	[mu,kappa]: [(57.85747,358.21876),2.00099]
	4188.32660	   0.01666	[mu,kappa]: [(84.26291,357.23942),1.52506]
	6900.77935	   0.02746	[mu,kappa]: [(50.55044,63.07340),6.28751]
	12883.27966	   0.05126	[mu,kappa]: [(103.77762,303.58387),13.91743]
	8574.46758	   0.03411	[mu,kappa]: [(110.63427,302.62089),8.83819]
	5853.67238	   0.02329	[mu,kappa]: [(134.03663,309.56744),5.64437]
	6870.91053	   0.02734	[mu,kappa]: [(121.51178,303.96479),6.98999]
	6298.68313	   0.02506	[mu,kappa]: [(125.36762,305.38895),6.27693]
	19360.43682	   0.07702	[mu,kappa]: [(101.81704,305.08646),20.38978]
	5883.29791	   0.02341	[mu,kappa]: [(129.46292,307.20323),5.85386]
	4739.37028	   0.01886	[mu,kappa]: [(56.62989,355.42168),2.06779]
	4608.12423	   0.01833	[mu,kappa]: [(140.44924,334.66792),2.92008]
	6669.02327	   0.02653	[mu,kappa]: [(41.26095,18.00751),3.32654]
	5427.46150	   0.02159	[mu,kappa]: [(142.40054,318.20320),4.92986]
	4166.58064	   0.01658	[mu,kappa]: [(129.56262,353.39588),1.93112]
			msglen: 5593833.96871 bits.
Iteration #: 15
	3858.80512	   0.01535	[mu,kappa]: [(134.97287,352.54232),2.16757]
	5468.65556	   0.02176	[mu,kappa]: [(147.92022,321.47468),6.10737]
	3743.44681	   0.01489	[mu,kappa]: [(114.97058,5.75965),1.60813]
	6883.10616	   0.02739	[mu,kappa]: [(54.07621,66.78069),7.22832]
	7564.31788	   0.03010	[mu,kappa]: [(108.10367,301.83523),8.43317]
	6512.59438	   0.02591	[mu,kappa]: [(130.06206,304.79341),7.73692]
	6949.93099	   0.02765	[mu,kappa]: [(54.45613,66.71735),7.18599]
	23350.98559	   0.09290	[mu,kappa]: [(37.97366,85.67341),101.69644]
	6220.32859	   0.02475	[mu,kappa]: [(139.61955,309.60025),7.50459]
	4327.30792	   0.01722	[mu,kappa]: [(146.79886,355.03338),3.04960]
	4724.00328	   0.01880	[mu,kappa]: [(148.43171,336.06700),4.03422]
	5768.55603	   0.02295	[mu,kappa]: [(43.36402,347.42264),3.17026]
	6648.20523	   0.02645	[mu,kappa]: [(122.06339,303.03036),7.64059]
	18339.68576	   0.07296	[mu,kappa]: [(100.67686,305.10922),19.66625]
	4712.41310	   0.01875	[mu,kappa]: [(52.49129,348.27906),2.36102]
	4121.23888	   0.01640	[mu,kappa]: [(140.10659,359.01400),2.40297]
	7223.51503	   0.02874	[mu,kappa]: [(116.77209,302.21415),8.08900]
	3968.47171	   0.01579	[mu,kappa]: [(75.78400,359.17347),1.60150]
	6545.81009	   0.02604	[mu,kappa]: [(126.00131,303.81290),7.59447]
	6842.56651	   0.02722	[mu,kappa]: [(37.45960,3.49829),3.74236]
	4673.51201	   0.01859	[mu,kappa]: [(52.06166,351.98623),2.32146]
	3958.49935	   0.01575	[mu,kappa]: [(78.76863,358.22045),1.57199]
	6908.90370	   0.02749	[mu,kappa]: [(55.35202,63.66579),6.23167]
	13228.85006	   0.05263	[mu,kappa]: [(101.77308,303.48684),14.37264]
	8378.31469	   0.03333	[mu,kappa]: [(109.04889,301.80715),9.14120]
	5805.33004	   0.02310	[mu,kappa]: [(138.26315,309.80370),6.76313]
	6592.96256	   0.02623	[mu,kappa]: [(122.84997,303.20946),7.56056]
	6056.49901	   0.02410	[mu,kappa]: [(127.70586,304.79448),6.97316]
	20577.51368	   0.08187	[mu,kappa]: [(100.39782,305.65241),22.06397]
	5714.21522	   0.02273	[mu,kappa]: [(132.79636,306.91597),6.72110]
	4799.11218	   0.01909	[mu,kappa]: [(50.90573,348.26427),2.45769]
	4415.51850	   0.01757	[mu,kappa]: [(146.18774,341.15062),3.33526]
	6969.54246	   0.02773	[mu,kappa]: [(37.88295,8.66091),3.66064]
	5576.98459	   0.02219	[mu,kappa]: [(147.62132,320.36934),6.30372]
	3916.29732	   0.01558	[mu,kappa]: [(133.56763,3.55573),2.05396]
			msglen: 5581934.39320 bits.
Iteration #: 16
	3490.56257	   0.01389	[mu,kappa]: [(138.53531,3.41283),2.35981]
	5712.37182	   0.02273	[mu,kappa]: [(151.54009,323.57986),8.10354]
	3384.99330	   0.01347	[mu,kappa]: [(116.14903,16.22981),1.71439]
	7112.92288	   0.02830	[mu,kappa]: [(58.78121,67.61228),7.55233]
	7453.70555	   0.02966	[mu,kappa]: [(105.89596,300.75223),8.87806]
	6398.75362	   0.02546	[mu,kappa]: [(132.32919,304.25618),9.15715]
	7205.16261	   0.02867	[mu,kappa]: [(59.24191,67.59125),7.52700]
	23269.60658	   0.09258	[mu,kappa]: [(37.86031,85.80869),109.09111]
	6416.67395	   0.02553	[mu,kappa]: [(142.74817,309.87045),9.56059]
	4170.09481	   0.01659	[mu,kappa]: [(150.18427,7.73419),3.67113]
	4612.50074	   0.01835	[mu,kappa]: [(152.81163,342.52255),5.01951]
	6113.75139	   0.02432	[mu,kappa]: [(41.53337,337.78431),4.09194]
	6359.48879	   0.02530	[mu,kappa]: [(122.92037,302.06777),8.53185]
	19166.72361	   0.07625	[mu,kappa]: [(99.55619,305.49678),20.51257]
	4651.72334	   0.01851	[mu,kappa]: [(48.48672,341.05452),2.89695]
	3842.69663	   0.01529	[mu,kappa]: [(143.19857,12.28790),2.76010]
	6929.41031	   0.02757	[mu,kappa]: [(116.54389,301.15059),8.76176]
	3611.82423	   0.01437	[mu,kappa]: [(71.04734,0.21041),1.69554]
	6314.87937	   0.02512	[mu,kappa]: [(127.62418,303.01922),8.71271]
	7154.64378	   0.02847	[mu,kappa]: [(35.51119,353.30628),4.42662]
	4573.52984	   0.01820	[mu,kappa]: [(48.01310,345.15100),2.78668]
	3588.40168	   0.01428	[mu,kappa]: [(74.07302,359.66446),1.65176]
	7165.25725	   0.02851	[mu,kappa]: [(60.40523,64.91319),6.53715]
	13640.71935	   0.05427	[mu,kappa]: [(100.04405,303.23521),14.51246]
	8247.81021	   0.03281	[mu,kappa]: [(107.33251,300.78709),9.57356]
	5816.65221	   0.02314	[mu,kappa]: [(141.46116,309.86725),8.49943]
	6307.58168	   0.02510	[mu,kappa]: [(123.85748,302.26705),8.48542]
	5806.53198	   0.02310	[mu,kappa]: [(129.57533,304.00330),8.08653]
	21693.58880	   0.08631	[mu,kappa]: [(99.44308,306.21472),23.50352]
	5557.43298	   0.02211	[mu,kappa]: [(135.44971,306.43856),8.09246]
	4781.25624	   0.01902	[mu,kappa]: [(47.22576,340.62160),3.03997]
	4179.39100	   0.01663	[mu,kappa]: [(150.69281,349.56041),3.96733]
	7150.38622	   0.02845	[mu,kappa]: [(35.54910,359.47273),4.20009]
	5853.14797	   0.02329	[mu,kappa]: [(151.17293,322.26751),8.37607]
	3611.82270	   0.01437	[mu,kappa]: [(136.04406,16.80250),2.31327]
			msglen: 5569387.01821 bits.
Iteration #: 17
	3098.51979	   0.01233	[mu,kappa]: [(140.21881,16.18187),2.69869]
	6010.66017	   0.02391	[mu,kappa]: [(153.59810,325.08201),10.50671]
	2992.67584	   0.01191	[mu,kappa]: [(116.65633,27.64519),1.97089]
	7453.31470	   0.02965	[mu,kappa]: [(62.54397,68.01769),8.03511]
	7445.43030	   0.02962	[mu,kappa]: [(103.80459,299.54780),9.45305]
	6337.49245	   0.02521	[mu,kappa]: [(133.66930,303.63157),11.02982]
	7575.25026	   0.03014	[mu,kappa]: [(63.07245,68.02288),8.02298]
	23376.68771	   0.09300	[mu,kappa]: [(37.74549,85.87638),111.76704]
	6674.85253	   0.02656	[mu,kappa]: [(144.48182,309.93281),11.97597]
	4029.87179	   0.01603	[mu,kappa]: [(151.13043,20.64628),4.56018]
	4495.65558	   0.01789	[mu,kappa]: [(155.60630,349.06194),6.33606]
	6434.15409	   0.02560	[mu,kappa]: [(41.33193,330.67097),5.28560]
	6115.69407	   0.02433	[mu,kappa]: [(123.33840,301.01220),9.80890]
	19824.08178	   0.07887	[mu,kappa]: [(98.87411,305.85184),21.09363]
	4497.43233	   0.01789	[mu,kappa]: [(46.30249,334.62840),3.61004]
	3572.11936	   0.01421	[mu,kappa]: [(143.63863,26.09733),3.33840]
	6693.91262	   0.02663	[mu,kappa]: [(116.13872,299.99100),9.73260]
	3139.26462	   0.01249	[mu,kappa]: [(67.34429,1.90230),1.81758]
	6129.73576	   0.02439	[mu,kappa]: [(128.57995,302.13670),10.26673]
	7325.01949	   0.02914	[mu,kappa]: [(34.66493,345.79422),5.27672]
	4359.13918	   0.01734	[mu,kappa]: [(45.55802,338.99743),3.39321]
	3106.31332	   0.01236	[mu,kappa]: [(70.40194,1.78092),1.75961]
	7531.55735	   0.02996	[mu,kappa]: [(64.65404,65.57077),7.01436]
	14073.19116	   0.05599	[mu,kappa]: [(98.66202,302.80685),14.36319]
	8215.23322	   0.03268	[mu,kappa]: [(105.73642,299.63885),10.12751]
	5876.10982	   0.02338	[mu,kappa]: [(143.33104,309.69297),10.67964]
	6065.68593	   0.02413	[mu,kappa]: [(124.38297,301.22947),9.80578]
	5590.80141	   0.02224	[mu,kappa]: [(130.69239,303.08056),9.63641]
	22613.42410	   0.08997	[mu,kappa]: [(98.92673,306.76774),24.85126]
	5436.36241	   0.02163	[mu,kappa]: [(137.06046,305.78588),9.92581]
	4676.09577	   0.01860	[mu,kappa]: [(45.35451,333.99500),3.81546]
	3924.19829	   0.01561	[mu,kappa]: [(153.51163,359.01056),4.83805]
	7155.09645	   0.02847	[mu,kappa]: [(34.14087,352.55930),4.89220]
	6188.27794	   0.02462	[mu,kappa]: [(153.16867,323.59530),10.84083]
	3312.68841	   0.01318	[mu,kappa]: [(136.01767,30.32374),2.78623]
			msglen: 5558368.95029 bits.
Iteration #: 18
	2738.90909	   0.01090	[mu,kappa]: [(139.88135,27.87646),3.22037]
	6276.24274	   0.02497	[mu,kappa]: [(154.74681,326.10981),12.89490]
	2633.82476	   0.01048	[mu,kappa]: [(116.01149,37.40220),2.40568]
	7750.58852	   0.03084	[mu,kappa]: [(64.83768,67.76542),8.41824]
	7533.05448	   0.02997	[mu,kappa]: [(102.05838,298.37163),10.03303]
	6339.24840	   0.02522	[mu,kappa]: [(134.19581,303.04135),13.07657]
	7897.75361	   0.03142	[mu,kappa]: [(65.42644,67.78693),8.40981]
	23736.40296	   0.09443	[mu,kappa]: [(37.60866,85.90075),110.68708]
	6901.57445	   0.02746	[mu,kappa]: [(145.26321,309.84821),14.21021]
	3933.31368	   0.01565	[mu,kappa]: [(150.51234,30.82247),5.74740]
	4383.77363	   0.01744	[mu,kappa]: [(157.24578,354.59673),7.94097]
	6671.20024	   0.02654	[mu,kappa]: [(42.01222,326.32251),6.48939]
	5968.37685	   0.02375	[mu,kappa]: [(123.42814,300.05881),11.38686]
	20242.58308	   0.08053	[mu,kappa]: [(98.52188,306.21080),21.52249]
	4305.51191	   0.01713	[mu,kappa]: [(45.28201,329.88747),4.43087]
	3357.06892	   0.01336	[mu,kappa]: [(142.18879,36.97179),4.19008]
	6557.46983	   0.02609	[mu,kappa]: [(115.73407,298.92748),10.91384]
	2645.30616	   0.01053	[mu,kappa]: [(63.88469,4.39147),1.96945]
	6032.44214	   0.02400	[mu,kappa]: [(128.94375,301.33493),12.10975]
	7338.65219	   0.02920	[mu,kappa]: [(34.18798,341.80008),6.06199]
	4098.92573	   0.01631	[mu,kappa]: [(44.06550,334.45412),4.08423]
	2605.47545	   0.01037	[mu,kappa]: [(66.97635,4.64838),1.89648]
	7879.21297	   0.03135	[mu,kappa]: [(67.45222,65.34051),7.41667]
	14464.66312	   0.05755	[mu,kappa]: [(97.56138,302.24242),13.98273]
	8272.81115	   0.03291	[mu,kappa]: [(104.43424,298.50809),10.68828]
	5945.63546	   0.02366	[mu,kappa]: [(144.20413,309.37488),12.86376]
	5919.07988	   0.02355	[mu,kappa]: [(124.52878,300.29051),11.43205]
	5453.88043	   0.02170	[mu,kappa]: [(131.13620,302.20655),11.47970]
	23291.80785	   0.09266	[mu,kappa]: [(98.72430,307.33043),26.27636]
	5367.50419	   0.02136	[mu,kappa]: [(137.76567,305.09807),11.95247]
	4530.58353	   0.01803	[mu,kappa]: [(44.62178,329.24217),4.69664]
	3681.65906	   0.01465	[mu,kappa]: [(154.93296,7.66756),5.96553]
	7034.39305	   0.02799	[mu,kappa]: [(33.02466,349.12239),5.57812]
	6483.68137	   0.02580	[mu,kappa]: [(154.27089,324.49719),13.24390]
	3073.38914	   0.01223	[mu,kappa]: [(134.19671,40.75252),3.52402]
			msglen: 5550219.70132 bits.
Iteration #: 19
	2439.41363	   0.00971	[mu,kappa]: [(138.43712,36.66856),3.92152]
	6490.24600	   0.02582	[mu,kappa]: [(155.49063,326.86607),15.01791]
	2347.89505	   0.00934	[mu,kappa]: [(114.51947,44.50942),3.01028]
	7957.42401	   0.03166	[mu,kappa]: [(65.93376,67.17533),8.61813]
	7669.60131	   0.03051	[mu,kappa]: [(100.63070,297.33746),10.49370]
	6388.13381	   0.02542	[mu,kappa]: [(134.25885,302.61522),14.95142]
	8120.31165	   0.03231	[mu,kappa]: [(66.58169,67.20882),8.60477]
	24210.33885	   0.09632	[mu,kappa]: [(37.46858,85.89604),107.34526]
	7054.47184	   0.02807	[mu,kappa]: [(145.60194,309.73193),15.93589]
	3873.26025	   0.01541	[mu,kappa]: [(149.57477,37.45015),7.16779]
	4297.78996	   0.01710	[mu,kappa]: [(158.24597,358.39977),9.80236]
	6793.07039	   0.02703	[mu,kappa]: [(43.19844,323.74533),7.51925]
	5920.53721	   0.02356	[mu,kappa]: [(123.39276,299.37039),13.06642]
	20413.09773	   0.08121	[mu,kappa]: [(98.33931,306.60384),21.90006]
	4127.39127	   0.01642	[mu,kappa]: [(45.03334,326.73492),5.25817]
	3205.83488	   0.01276	[mu,kappa]: [(140.26560,44.11325),5.27496]
	6505.63134	   0.02588	[mu,kappa]: [(115.46861,298.10605),12.13918]
	2214.73815	   0.00881	[mu,kappa]: [(60.07802,7.62654),2.16382]
	6023.16898	   0.02396	[mu,kappa]: [(128.97542,300.76744),13.97063]
	7232.42139	   0.02877	[mu,kappa]: [(33.66656,340.59353),6.62686]
	3857.98759	   0.01535	[mu,kappa]: [(43.16381,331.53491),4.77653]
	2168.58786	   0.00863	[mu,kappa]: [(63.16330,8.17941),2.07337]
	8148.74911	   0.03242	[mu,kappa]: [(69.01162,64.61874),7.64738]
	14783.59596	   0.05882	[mu,kappa]: [(96.57708,301.60682),13.45918]
	8369.94968	   0.03330	[mu,kappa]: [(103.40587,297.50842),11.13694]
	5999.58788	   0.02387	[mu,kappa]: [(144.57832,309.05958),14.68319]
	5872.06926	   0.02336	[mu,kappa]: [(124.50846,299.61450),13.15582]
	5402.19982	   0.02149	[mu,kappa]: [(131.19670,301.55470),13.34308]
	23750.93768	   0.09449	[mu,kappa]: [(98.67433,307.90145),27.90838]
	5345.03677	   0.02127	[mu,kappa]: [(137.95851,304.53803),13.82154]
	4387.63804	   0.01746	[mu,kappa]: [(44.63536,326.15284),5.56380]
	3473.53646	   0.01382	[mu,kappa]: [(155.63234,14.00802),7.35155]
	6875.44880	   0.02735	[mu,kappa]: [(31.81257,348.84577),6.13956]
	6715.58928	   0.02672	[mu,kappa]: [(154.98482,325.16971),15.32883]
	2910.30812	   0.01158	[mu,kappa]: [(131.91304,47.56064),4.50148]
			msglen: 5544591.45906 bits.
Iteration #: 20
	2204.83779	   0.00877	[mu,kappa]: [(136.68547,42.64280),4.74926]
	6676.56467	   0.02656	[mu,kappa]: [(156.03829,327.43829),16.75585]
	2146.70464	   0.00854	[mu,kappa]: [(112.71610,49.35514),3.77348]
	8094.55065	   0.03220	[mu,kappa]: [(66.36435,66.55754),8.68704]
	7803.88951	   0.03105	[mu,kappa]: [(99.43385,296.48122),10.81448]
	6457.19104	   0.02569	[mu,kappa]: [(134.12797,302.39930),16.42805]
	8265.51064	   0.03288	[mu,kappa]: [(67.07061,66.59988),8.66495]
	24646.70428	   0.09805	[mu,kappa]: [(37.35095,85.87620),103.47118]
	7147.81700	   0.02844	[mu,kappa]: [(145.78291,309.64995),17.09352]
	3815.58905	   0.01518	[mu,kappa]: [(148.96122,41.34342),8.64263]
	4256.06348	   0.01693	[mu,kappa]: [(158.91102,0.43145),11.82467]
	6842.63559	   0.02722	[mu,kappa]: [(44.69270,322.00161),8.41824]
	5941.66608	   0.02364	[mu,kappa]: [(123.34304,298.97605),14.65232]
	20368.86986	   0.08104	[mu,kappa]: [(98.22201,307.02171),22.30747]
	3978.82580	   0.01583	[mu,kappa]: [(45.35594,324.59900),6.05177]
	3094.66305	   0.01231	[mu,kappa]: [(138.58673,48.51872),6.41370]
	6499.88612	   0.02586	[mu,kappa]: [(115.37617,297.54404),13.29752]
	1876.58636	   0.00747	[mu,kappa]: [(56.11981,11.40395),2.41558]
	6071.02565	   0.02415	[mu,kappa]: [(128.86757,300.47148),15.60178]
	7071.84475	   0.02814	[mu,kappa]: [(32.96929,341.15705),6.99905]
	3654.41656	   0.01454	[mu,kappa]: [(42.70209,329.73362),5.42458]
	1824.06116	   0.00726	[mu,kappa]: [(59.14536,12.17389),2.30427]
	8345.80189	   0.03320	[mu,kappa]: [(69.85453,63.79495),7.74688]
	15027.85059	   0.05979	[mu,kappa]: [(95.60096,300.95373),12.90175]
	8454.84048	   0.03364	[mu,kappa]: [(102.58391,296.67261),11.45299]
	6037.74788	   0.02402	[mu,kappa]: [(144.76303,308.82503),15.99666]
	5894.63929	   0.02345	[mu,kappa]: [(124.44766,299.23290),14.76902]
	5410.34189	   0.02153	[mu,kappa]: [(131.09742,301.17603),14.96799]
	24045.51205	   0.09566	[mu,kappa]: [(98.67526,308.43807),29.81016]
	5351.10207	   0.02129	[mu,kappa]: [(137.94051,304.17459),15.29625]
	4263.05256	   0.01696	[mu,kappa]: [(45.18586,324.07481),6.38001]
	3308.41697	   0.01316	[mu,kappa]: [(156.11579,17.71662),8.93266]
	6747.22828	   0.02684	[mu,kappa]: [(30.41833,350.85803),6.59552]
	6909.56748	   0.02749	[mu,kappa]: [(155.51708,325.68975),16.99244]
	2809.99484	   0.01118	[mu,kappa]: [(129.78875,51.80752),5.57678]
			msglen: 5540732.83960 bits.
Iteration #: 21
	2031.15509	   0.00808	[mu,kappa]: [(134.98051,46.52106),5.60158]
	6843.74591	   0.02723	[mu,kappa]: [(156.44922,327.87166),18.03350]
	2030.25087	   0.00808	[mu,kappa]: [(111.00179,52.52137),4.65888]
	8179.98493	   0.03254	[mu,kappa]: [(66.51804,66.04670),8.69288]
	7906.78983	   0.03146	[mu,kappa]: [(98.43439,295.79316),11.04255]
	6527.81043	   0.02597	[mu,kappa]: [(133.92729,302.35893),17.45559]
	8354.87313	   0.03324	[mu,kappa]: [(67.27977,66.09482),8.66167]
	24976.13820	   0.09936	[mu,kappa]: [(37.27031,85.85213),100.18189]
	7205.48499	   0.02867	[mu,kappa]: [(145.90877,309.60530),17.76064]
	3742.84882	   0.01489	[mu,kappa]: [(148.74615,43.57088),10.02701]
	4262.53903	   0.01696	[mu,kappa]: [(159.35591,1.28810),13.80844]
	6880.96314	   0.02738	[mu,kappa]: [(46.34457,320.63158),9.29399]
	6003.96090	   0.02389	[mu,kappa]: [(123.28935,298.81135),16.03442]
	20162.05796	   0.08021	[mu,kappa]: [(98.12676,307.43479),22.78416]
	3859.74545	   0.01536	[mu,kappa]: [(46.08723,322.99805),6.83386]
	2998.70958	   0.01193	[mu,kappa]: [(137.27607,51.27887),7.40736]
	6519.00006	   0.02594	[mu,kappa]: [(115.42200,297.17897),14.36425]
	1624.44606	   0.00646	[mu,kappa]: [(52.49411,15.46010),2.73234]
	6146.41209	   0.02445	[mu,kappa]: [(128.69757,300.39260),16.88667]
	6906.51883	   0.02748	[mu,kappa]: [(32.08717,342.80844),7.27260]
	3481.55123	   0.01385	[mu,kappa]: [(42.57289,328.55427),6.02771]
	1565.75552	   0.00623	[mu,kappa]: [(55.44117,16.38753),2.59665]
	8484.44055	   0.03376	[mu,kappa]: [(70.37530,63.04185),7.77502]
	15206.62257	   0.06050	[mu,kappa]: [(94.62186,300.32935),12.39965]
	8503.66808	   0.03383	[mu,kappa]: [(101.94139,295.98365),11.68390]
	6066.13972	   0.02413	[mu,kappa]: [(144.87970,308.67059),16.82694]
	5957.98823	   0.02370	[mu,kappa]: [(124.36866,299.08216),16.15309]
	5449.97557	   0.02168	[mu,kappa]: [(130.93409,301.01969),16.22672]
	24228.20784	   0.09639	[mu,kappa]: [(98.68574,308.88991),31.94562]
	5369.92507	   0.02137	[mu,kappa]: [(137.85064,303.98202),16.31526]
	4161.84925	   0.01656	[mu,kappa]: [(46.10587,322.50842),7.17995]
	3190.47509	   0.01269	[mu,kappa]: [(156.54785,19.45995),10.58758]
	6687.72303	   0.02661	[mu,kappa]: [(28.90505,354.41952),7.02566]
	7077.84438	   0.02816	[mu,kappa]: [(155.92321,326.08763),18.18451]
	2750.39857	   0.01094	[mu,kappa]: [(127.95031,54.51285),6.54443]
			msglen: 5538044.48704 bits.
Iteration #: 22
	1908.33356	   0.00759	[mu,kappa]: [(133.46830,48.98273),6.37018]
	6981.56470	   0.02778	[mu,kappa]: [(156.73904,328.17859),18.84876]
	1985.31669	   0.00790	[mu,kappa]: [(109.59065,54.46884),5.55093]
	8220.11540	   0.03270	[mu,kappa]: [(66.58940,65.67222),8.68272]
	7968.71425	   0.03170	[mu,kappa]: [(97.63177,295.24677),11.22801]
	6594.24632	   0.02624	[mu,kappa]: [(133.70546,302.43146),18.10121]
	8397.03526	   0.03341	[mu,kappa]: [(67.40132,65.72311),8.64291]
	25188.01751	   0.10021	[mu,kappa]: [(37.23075,85.83023),97.90263]
	7244.76137	   0.02882	[mu,kappa]: [(146.00508,309.56796),18.06843]
	3667.92942	   0.01459	[mu,kappa]: [(148.79845,44.91713),11.28608]
	4302.07861	   0.01712	[mu,kappa]: [(159.61941,1.63364),15.53557]
	6946.04702	   0.02764	[mu,kappa]: [(48.01757,319.50607),10.19773]
	6091.63462	   0.02424	[mu,kappa]: [(123.21452,298.79598),17.18432]
	19844.95697	   0.07895	[mu,kappa]: [(98.03327,307.82160),23.32810]
	3769.20544	   0.01500	[mu,kappa]: [(47.07880,321.69074),7.63651]
	2910.60687	   0.01158	[mu,kappa]: [(136.29235,53.09893),8.17718]
	6559.43971	   0.02610	[mu,kappa]: [(115.55200,296.93911),15.34983]
	1441.09706	   0.00574	[mu,kappa]: [(49.47808,19.49105),3.11523]
	6233.20126	   0.02480	[mu,kappa]: [(128.49228,300.45430),17.83135]
	6761.57465	   0.02690	[mu,kappa]: [(31.07977,345.15442),7.52304]
	3330.84065	   0.01325	[mu,kappa]: [(42.68195,327.69004),6.60187]
	1376.58031	   0.00548	[mu,kappa]: [(52.36576,20.53528),2.95116]
	8571.55998	   0.03410	[mu,kappa]: [(70.77366,62.39766),7.77153]
	15326.27818	   0.06097	[mu,kappa]: [(93.67937,299.77602),11.99935]
	8514.72053	   0.03388	[mu,kappa]: [(101.47440,295.40942),11.88200]
	6089.95645	   0.02423	[mu,kappa]: [(144.96393,308.55710),17.28092]
	6045.18558	   0.02405	[mu,kappa]: [(124.26283,299.08144),17.28061]
	5503.85389	   0.02190	[mu,kappa]: [(130.74178,301.00684),17.12199]
	24330.34521	   0.09680	[mu,kappa]: [(98.69037,309.23327),34.19468]
	5393.92450	   0.02146	[mu,kappa]: [(137.74172,303.89817),16.94160]
	4087.52320	   0.01626	[mu,kappa]: [(47.24628,321.22418),8.00241]
	3118.49994	   0.01241	[mu,kappa]: [(156.90145,20.14178),12.17546]
	6713.27193	   0.02671	[mu,kappa]: [(27.40367,358.94314),7.49362]
	7213.90035	   0.02870	[mu,kappa]: [(156.21481,326.36438),18.92301]
	2713.68261	   0.01080	[mu,kappa]: [(126.41784,56.32795),7.27803]
			msglen: 5536113.08894 bits.
Iteration #: 23
	1823.73776	   0.00726	[mu,kappa]: [(132.19732,50.51722),6.98946]
	7083.88525	   0.02818	[mu,kappa]: [(156.92188,328.35070),19.28604]
	1987.44788	   0.00791	[mu,kappa]: [(108.51743,55.57041),6.29659]
	8221.67293	   0.03271	[mu,kappa]: [(66.66296,65.42592),8.68327]
	7991.16949	   0.03179	[mu,kappa]: [(97.02327,294.80524),11.40236]
	6656.62595	   0.02648	[mu,kappa]: [(133.48659,302.56389),18.46561]
	8399.92270	   0.03342	[mu,kappa]: [(67.51748,65.47623),8.63493]
	25293.61340	   0.10063	[mu,kappa]: [(37.23020,85.81355),96.67494]
	7278.40832	   0.02896	[mu,kappa]: [(146.08377,309.51148),18.14834]
	3608.87569	   0.01436	[mu,kappa]: [(148.97802,45.86267),12.43347]
	4350.96932	   0.01731	[mu,kappa]: [(159.73479,1.81856),16.88600]
	7049.30882	   0.02805	[mu,kappa]: [(49.58787,318.62702),11.09820]
	6195.03945	   0.02465	[mu,kappa]: [(123.10720,298.87071),18.11885]
	19461.55230	   0.07743	[mu,kappa]: [(97.92617,308.17608),23.92001]
	3707.41726	   0.01475	[mu,kappa]: [(48.18323,320.59831),8.46538]
	2833.34545	   0.01127	[mu,kappa]: [(135.57456,54.35973),8.74077]
	6621.93111	   0.02635	[mu,kappa]: [(115.71506,296.77369),16.26286]
	1309.60087	   0.00521	[mu,kappa]: [(47.11348,23.20523),3.56162]
	6323.72776	   0.02516	[mu,kappa]: [(128.26628,300.59657),18.49790]
	6647.82331	   0.02645	[mu,kappa]: [(30.05408,347.89172),7.79219]
	3198.33338	   0.01273	[mu,kappa]: [(42.94199,326.98215),7.16160]
	1239.48488	   0.00493	[mu,kappa]: [(49.97613,24.34357),3.36470]
	8615.45895	   0.03428	[mu,kappa]: [(71.13696,61.84710),7.75775]
	15388.09890	   0.06122	[mu,kappa]: [(92.82067,299.31757),11.71039]
	8496.08084	   0.03380	[mu,kappa]: [(101.17428,294.91385),12.08168]
	6114.52392	   0.02433	[mu,kappa]: [(145.03253,308.44918),17.48277]
	6146.10800	   0.02445	[mu,kappa]: [(124.12465,299.17038),18.17497]
	5563.28857	   0.02213	[mu,kappa]: [(130.53900,301.07391),17.71818]
	24365.04550	   0.09693	[mu,kappa]: [(98.68405,309.47380),36.41457]
	5421.09962	   0.02157	[mu,kappa]: [(137.63986,303.86898),17.27824]
	4042.43901	   0.01608	[mu,kappa]: [(48.46065,320.15841),8.85066]
	3081.72609	   0.01226	[mu,kappa]: [(157.13535,20.39147),13.57396]
	6823.45045	   0.02715	[mu,kappa]: [(26.04844,3.83708),8.01709]
	7314.52368	   0.02910	[mu,kappa]: [(156.40341,326.50833),19.30146]
	2690.26317	   0.01070	[mu,kappa]: [(125.17458,57.60849),7.76586]
			msglen: 5534690.64173 bits.
Iteration #: 24
	1765.83414	   0.00703	[mu,kappa]: [(131.14895,51.43858),7.44412]
	7156.04737	   0.02847	[mu,kappa]: [(157.01903,328.39336),19.46670]
	2013.00511	   0.00801	[mu,kappa]: [(107.71781,56.11106),6.81704]
	8195.15771	   0.03260	[mu,kappa]: [(66.77068,65.29222),8.70563]
	7981.61612	   0.03176	[mu,kappa]: [(96.59252,294.42776),11.58128]
	6714.71883	   0.02672	[mu,kappa]: [(133.28365,302.72124),18.63823]
	8374.67949	   0.03332	[mu,kappa]: [(67.65876,65.33783),8.64803]
	25312.17185	   0.10070	[mu,kappa]: [(37.26239,85.80305),96.37108]
	7314.09507	   0.02910	[mu,kappa]: [(146.15769,309.42642),18.10100]
	3572.44443	   0.01421	[mu,kappa]: [(149.19253,46.67629),13.48194]
	4392.33041	   0.01748	[mu,kappa]: [(159.74025,1.93924),17.86477]
	7182.13035	   0.02857	[mu,kappa]: [(50.96527,318.00985),11.90753]
	6306.61760	   0.02509	[mu,kappa]: [(122.96354,299.00068),18.87446]
	19047.09980	   0.07578	[mu,kappa]: [(97.79277,308.50343),24.54331]
	3674.06751	   0.01462	[mu,kappa]: [(49.25649,319.71350),9.28561]
	2768.98227	   0.01102	[mu,kappa]: [(135.05832,55.26681),9.14454]
	6705.08051	   0.02668	[mu,kappa]: [(115.87154,296.65547),17.10408]
	1216.41538	   0.00484	[mu,kappa]: [(45.32281,26.38002),4.06354]
	6413.04489	   0.02552	[mu,kappa]: [(128.02853,300.78151),18.95842]
	6568.96188	   0.02614	[mu,kappa]: [(29.13194,350.69609),8.08953]
	3085.12696	   0.01228	[mu,kappa]: [(43.26376,326.35755),7.71422]
	1140.79060	   0.00454	[mu,kappa]: [(48.19136,27.60860),3.83011]
	8628.56982	   0.03433	[mu,kappa]: [(71.50093,61.36001),7.74235]
	15393.50731	   0.06124	[mu,kappa]: [(92.07778,298.95192),11.51986]
	8458.95373	   0.03365	[mu,kappa]: [(101.02027,294.46285),12.30090]
	6143.24348	   0.02444	[mu,kappa]: [(145.10012,308.32982),17.53333]
	6253.23867	   0.02488	[mu,kappa]: [(123.95360,299.31290),18.87985]
	5622.90519	   0.02237	[mu,kappa]: [(130.33668,301.17988),18.09050]
	24340.74855	   0.09684	[mu,kappa]: [(98.66761,309.63260),38.49257]
	5450.21274	   0.02168	[mu,kappa]: [(137.56030,303.85976),17.41813]
	4026.29760	   0.01602	[mu,kappa]: [(49.61028,319.31155),9.68133]
	3065.18394	   0.01220	[mu,kappa]: [(157.25254,20.49422),14.72202]
	7000.55555	   0.02785	[mu,kappa]: [(24.91265,8.51474),8.56099]
	7386.54735	   0.02939	[mu,kappa]: [(156.50901,326.52570),19.44132]
	2675.61782	   0.01065	[mu,kappa]: [(124.16819,58.54394),8.05686]
			msglen: 5533640.97508 bits.
Iteration #: 25
	1725.58013	   0.00687	[mu,kappa]: [(130.27495,51.94201),7.75185]
	7208.09029	   0.02868	[mu,kappa]: [(157.05374,328.33423),19.49773]
	2047.14350	   0.00815	[mu,kappa]: [(107.11124,56.27976),7.12928]
	8152.46715	   0.03243	[mu,kappa]: [(66.91015,65.25726),8.75120]
	7949.67844	   0.03163	[mu,kappa]: [(96.31156,294.07961),11.77068]
	6767.29404	   0.02692	[mu,kappa]: [(133.10184,302.88228),18.68766]
	8333.36900	   0.03315	[mu,kappa]: [(67.82262,65.29299),8.68286]
	25267.26404	   0.10052	[mu,kappa]: [(37.31793,85.79811),96.78319]
	7354.35404	   0.02926	[mu,kappa]: [(146.23638,309.31454),17.99202]
	3556.13916	   0.01415	[mu,kappa]: [(149.39697,47.49335),14.44144]
	4420.44117	   0.01759	[mu,kappa]: [(159.67028,2.00241),18.54759]
	7326.37513	   0.02915	[mu,kappa]: [(52.11349,317.63707),12.53980]
	6420.64650	   0.02555	[mu,kappa]: [(122.78483,299.16822),19.49457]
	18628.93883	   0.07411	[mu,kappa]: [(97.62256,308.81454),25.18978]
	3666.09604	   0.01459	[mu,kappa]: [(50.18798,319.03896),10.03287]
	2716.05994	   0.01081	[mu,kappa]: [(134.68541,55.94193),9.43344]
	6805.03407	   0.02707	[mu,kappa]: [(115.99730,296.57399),17.87143]
	1151.47895	   0.00458	[mu,kappa]: [(43.99077,28.89834),4.60496]
	6497.66339	   0.02585	[mu,kappa]: [(127.78407,300.98749),19.27769]
	6523.65516	   0.02596	[mu,kappa]: [(28.40697,353.24950),8.39672]
	2995.05894	   0.01192	[mu,kappa]: [(43.56239,325.79284),8.25745]
	1070.40175	   0.00426	[mu,kappa]: [(46.88396,30.22874),4.33462]
	8623.87897	   0.03431	[mu,kappa]: [(71.86908,60.90637),7.72666]
	15348.17142	   0.06106	[mu,kappa]: [(91.45909,298.66011),11.40522]
	8413.95956	   0.03348	[mu,kappa]: [(100.98355,294.03091),12.54646]
	6176.63178	   0.02457	[mu,kappa]: [(145.17623,308.19483),17.50135]
	6361.12537	   0.02531	[mu,kappa]: [(123.75228,299.49015),19.44410]
	5679.02646	   0.02259	[mu,kappa]: [(130.14019,301.30043),18.30563]
	24268.09673	   0.09655	[mu,kappa]: [(98.64508,309.73302),40.36381]
	5479.53438	   0.02180	[mu,kappa]: [(137.50935,303.85026),17.43207]
	4034.73910	   0.01605	[mu,kappa]: [(50.59527,318.68483),10.42290]
	3057.15890	   0.01216	[mu,kappa]: [(157.28163,20.53439),15.62477]
	7213.34478	   0.02870	[mu,kappa]: [(23.98923,12.57637),9.05892]
	7440.23564	   0.02960	[mu,kappa]: [(156.55417,326.44495),19.44564]
	2666.86728	   0.01061	[mu,kappa]: [(123.33646,59.24437),8.21291]
			msglen: 5532876.98821 bits.
Iteration #: 26
	1696.59765	   0.00675	[mu,kappa]: [(129.52563,52.15147),7.94403]
	7248.55886	   0.02884	[mu,kappa]: [(157.04582,328.21030),19.45242]
	2082.90460	   0.00829	[mu,kappa]: [(106.63490,56.19387),7.29209]
	8103.92280	   0.03224	[mu,kappa]: [(67.05888,65.31044),8.81664]
	7904.24206	   0.03145	[mu,kappa]: [(96.14743,293.73804),11.97154]
	6813.36993	   0.02711	[mu,kappa]: [(132.94198,303.03419),18.66305]
	8286.10067	   0.03297	[mu,kappa]: [(67.98785,65.33004),8.73554]
	25182.61380	   0.10019	[mu,kappa]: [(37.38602,85.79724),97.67533]
	7398.69228	   0.02944	[mu,kappa]: [(146.32352,309.18075),17.86022]
	3554.66395	   0.01414	[mu,kappa]: [(149.57428,48.37118),15.32570]
	4436.65202	   0.01765	[mu,kappa]: [(159.55079,2.00697),19.02285]
	7465.92901	   0.02970	[mu,kappa]: [(53.04590,317.45780),12.96135]
	6533.65519	   0.02599	[mu,kappa]: [(122.57555,299.36540),20.02236]
	18227.03203	   0.07251	[mu,kappa]: [(97.40594,309.12165),25.85810]
	3677.16748	   0.01463	[mu,kappa]: [(50.92622,318.55460),10.64871]
	2671.52502	   0.01063	[mu,kappa]: [(134.41042,56.46422),9.64355]
	6916.93465	   0.02752	[mu,kappa]: [(116.08248,296.52745),18.56493]
	1107.37291	   0.00441	[mu,kappa]: [(43.00975,30.75587),5.16221]
	6575.76593	   0.02616	[mu,kappa]: [(127.53606,301.20272),19.50790]
	6505.88895	   0.02588	[mu,kappa]: [(27.91890,355.33753),8.68268]
	2930.75386	   0.01166	[mu,kappa]: [(43.77512,325.28900),8.78065]
	1021.00225	   0.00406	[mu,kappa]: [(45.93274,32.20659),4.86010]
	8611.65340	   0.03426	[mu,kappa]: [(72.22714,60.46169),7.70894]
	15261.75612	   0.06072	[mu,kappa]: [(90.95253,298.42000),11.34367]
	8369.07769	   0.03330	[mu,kappa]: [(101.03404,293.60357),12.81867]
	6213.54483	   0.02472	[mu,kappa]: [(145.26398,308.04465),17.42973]
	6466.61408	   0.02573	[mu,kappa]: [(123.52525,299.69317),19.91400]
	5729.64166	   0.02280	[mu,kappa]: [(129.95206,301.42122),18.41630]
	24159.07714	   0.09611	[mu,kappa]: [(98.62173,309.79346),42.00549]
	5507.57999	   0.02191	[mu,kappa]: [(137.48720,303.82844),17.37050]
	4060.09835	   0.01615	[mu,kappa]: [(51.37617,318.25211),11.01699]
	3051.32255	   0.01214	[mu,kappa]: [(157.25244,20.52290),16.32386]
	7428.83814	   0.02956	[mu,kappa]: [(23.22780,15.92283),9.45854]
	7483.72361	   0.02977	[mu,kappa]: [(156.55819,326.30270),19.38330]
	2661.72654	   0.01059	[mu,kappa]: [(122.62738,59.78332),8.28618]
			msglen: 5532318.89663 bits.
Iteration #: 27
	1674.77389	   0.00666	[mu,kappa]: [(128.86018,52.14874),8.05279]
	7282.87614	   0.02898	[mu,kappa]: [(157.01002,328.05519),19.37363]
	2117.72823	   0.00843	[mu,kappa]: [(106.24622,55.92921),7.36351]
	8056.23574	   0.03205	[mu,kappa]: [(67.19207,65.44398),8.89787]
	7851.83407	   0.03124	[mu,kappa]: [(96.06948,293.39126),12.18354]
	6852.76732	   0.02726	[mu,kappa]: [(132.80326,303.16892),18.59717]
	8239.23011	   0.03278	[mu,kappa]: [(68.13180,65.44007),8.80160]
	25077.64827	   0.09977	[mu,kappa]: [(37.45695,85.79890),98.83170]
	7445.69471	   0.02962	[mu,kappa]: [(146.41850,309.02912),17.72692]
	3563.33639	   0.01418	[mu,kappa]: [(149.71866,49.32450),16.15137]
	4444.76222	   0.01768	[mu,kappa]: [(159.39943,1.96087),19.36376]
	7592.26631	   0.03021	[mu,kappa]: [(53.80199,317.40806),13.19620]
	6644.20666	   0.02643	[mu,kappa]: [(122.34142,299.58894),20.49648]
	17854.72928	   0.07103	[mu,kappa]: [(97.13354,309.43599),26.55205]
	3699.67602	   0.01472	[mu,kappa]: [(51.47242,318.21702),11.11007]
	2632.45532	   0.01047	[mu,kappa]: [(134.19967,56.88749),9.80130]
	7036.23091	   0.02799	[mu,kappa]: [(116.12686,296.51672),19.18850]
	1078.41525	   0.00429	[mu,kappa]: [(42.29798,32.03006),5.70873]
	6646.98077	   0.02645	[mu,kappa]: [(127.28695,301.42072),19.68758]
	6506.87857	   0.02589	[mu,kappa]: [(27.66042,356.89768),8.92363]
	2891.21927	   0.01150	[mu,kappa]: [(43.87182,324.85137),9.27086]
	 987.11620	   0.00393	[mu,kappa]: [(45.24602,33.61726),5.38599]
	8598.17915	   0.03421	[mu,kappa]: [(72.55968,60.00805),7.68756]
	15144.52905	   0.06025	[mu,kappa]: [(90.53617,298.21369),11.31731]
	8329.10360	   0.03314	[mu,kappa]: [(101.14591,293.17505),13.11530]
	6252.55722	   0.02488	[mu,kappa]: [(145.36203,307.88024),17.34366]
	6568.52248	   0.02613	[mu,kappa]: [(123.27775,299.91789),20.32909]
	5774.14260	   0.02297	[mu,kappa]: [(129.77378,301.53337),18.46044]
	24024.10946	   0.09558	[mu,kappa]: [(98.60370,309.82551),43.42496]
	5533.61410	   0.02202	[mu,kappa]: [(137.49111,303.78663),17.26744]
	4094.23062	   0.01629	[mu,kappa]: [(51.96290,317.96452),11.44665]
	3045.25563	   0.01212	[mu,kappa]: [(157.18688,20.45440),16.86923]
	7624.22003	   0.03033	[mu,kappa]: [(22.57890,18.67673),9.75039]
	7521.88887	   0.02993	[mu,kappa]: [(156.53529,326.13147),19.29366]
	2658.58554	   0.01058	[mu,kappa]: [(122.00284,60.21618),8.31362]
			msglen: 5531891.05912 bits.
			N: 251346
		22.00907 bpr
Null model msglen: 5927508.97978 bits.	(23.58306 bpr)
