Iteration #: 0
	328802.00000	   0.24978	[mu,kappa]: [(55.09191,4.82023),1.02896]
	330336.00000	   0.25094	[mu,kappa]: [(55.62802,4.46616),1.02337]
	328675.00000	   0.24968	[mu,kappa]: [(55.03822,4.89035),1.03122]
	328560.00000	   0.24959	[mu,kappa]: [(54.93511,4.70850),1.03146]
			msglen: 9538467.00000 bits.
Iteration #: 1
	328800.57837	   0.24978	[mu,kappa]: [(55.01920,4.93135),1.03016]
	330339.34763	   0.25095	[mu,kappa]: [(55.97463,3.86755),1.02043]
	328674.29570	   0.24968	[mu,kappa]: [(54.85830,5.12022),1.03221]
	328558.77830	   0.24959	[mu,kappa]: [(54.84795,4.97178),1.03243]
			msglen: 10616766.78435 bits.
Iteration #: 2
	328793.24255	   0.24977	[mu,kappa]: [(54.84212,5.17030),1.03209]
	330355.80084	   0.25096	[mu,kappa]: [(56.81899,2.70410),1.01325]
	328670.42841	   0.24968	[mu,kappa]: [(54.50301,5.61120),1.03581]
	328553.52819	   0.24959	[mu,kappa]: [(54.57284,5.42445),1.03522]
			msglen: 10616585.62048 bits.
Iteration #: 3
	328758.72206	   0.24975	[mu,kappa]: [(54.46044,5.68934),1.03622]
	330432.95286	   0.25102	[mu,kappa]: [(58.76010,0.29235),0.99897]
	328652.16049	   0.24966	[mu,kappa]: [(53.75008,6.66760),1.04429]
	328529.16460	   0.24957	[mu,kappa]: [(53.94489,6.33959),1.04213]
			msglen: 10615742.34810 bits.
Iteration #: 4
	328597.78150	   0.24962	[mu,kappa]: [(53.65373,6.81415),1.04558]
	330791.93151	   0.25129	[mu,kappa]: [(63.26077,355.30048),0.97730]
	328567.37170	   0.24960	[mu,kappa]: [(52.18961,8.95869),1.06447]
	328415.91529	   0.24949	[mu,kappa]: [(52.61371,8.28877),1.05873]
			msglen: 10611840.10711 bits.
Iteration #: 5
	327854.03486	   0.24906	[mu,kappa]: [(51.99778,9.24530),1.06804]
	332443.33524	   0.25254	[mu,kappa]: [(73.65811,345.61337),0.97605]
	328180.29388	   0.24931	[mu,kappa]: [(49.15559,13.92969),1.11583]
	327895.33601	   0.24909	[mu,kappa]: [(49.96798,12.49684),1.10055]
			msglen: 10594121.44646 bits.
Iteration #: 6
	324508.49391	   0.24652	[mu,kappa]: [(48.83276,14.44837),1.12644]
	339784.00371	   0.25812	[mu,kappa]: [(93.21085,330.26294),1.15749]
	326494.32166	   0.24803	[mu,kappa]: [(44.17435,24.39959),1.25930]
	325586.18071	   0.24734	[mu,kappa]: [(45.39673,21.42357),1.21531]
			msglen: 10518340.46442 bits.
Iteration #: 7
	310825.26167	   0.23612	[mu,kappa]: [(43.82019,25.01499),1.29266]
	368804.44429	   0.28017	[mu,kappa]: [(112.32784,314.52651),1.96890]
	320226.11478	   0.24326	[mu,kappa]: [(38.99543,43.10253),1.69026]
	316517.17926	   0.24045	[mu,kappa]: [(39.94633,38.14573),1.55523]
			msglen: 10252677.73121 bits.
Iteration #: 8
	269932.08222	   0.20506	[mu,kappa]: [(39.02815,41.63571),1.76063]
	447248.88120	   0.33976	[mu,kappa]: [(120.59398,305.90784),3.97983]
	306730.29372	   0.23301	[mu,kappa]: [(37.42600,63.46753),3.01994]
	292461.74286	   0.22217	[mu,kappa]: [(37.41712,58.52496),2.56194]
			msglen: 9724337.25092 bits.
Iteration #: 9
	210492.82278	   0.15990	[mu,kappa]: [(37.65417,52.08756),2.51628]
	534985.65676	   0.40641	[mu,kappa]: [(121.86672,303.99232),5.61070]
	305322.62081	   0.23194	[mu,kappa]: [(38.19432,74.17389),6.66541]
	265571.89965	   0.20175	[mu,kappa]: [(37.75049,69.87129),4.86060]
			msglen: 9314288.36783 bits.
Iteration #: 10
	173608.69808	   0.13188	[mu,kappa]: [(38.90319,44.03202),2.54367]
	575325.26489	   0.43705	[mu,kappa]: [(121.14471,304.36589),5.44294]
	325283.59720	   0.24711	[mu,kappa]: [(39.08084,79.88341),14.77692]
	242155.43983	   0.18396	[mu,kappa]: [(38.31133,73.70612),7.62276]
			msglen: 9000724.91589 bits.
Iteration #: 11
	165517.35092	   0.12574	[mu,kappa]: [(43.62126,26.27092),2.32406]
	587892.74925	   0.44660	[mu,kappa]: [(120.57604,304.78344),5.13918]
	364313.95727	   0.27676	[mu,kappa]: [(39.63244,84.26321),38.71427]
	198648.94255	   0.15091	[mu,kappa]: [(39.13221,74.48444),9.71805]
			msglen: 8606098.09595 bits.
Iteration #: 12
	177316.23811	   0.13470	[mu,kappa]: [(47.08721,16.81903),2.27667]
	584481.36356	   0.44401	[mu,kappa]: [(120.68153,304.84759),5.06638]
	412233.93164	   0.31316	[mu,kappa]: [(39.57469,86.22638),89.12681]
	142341.46669	   0.10813	[mu,kappa]: [(40.69888,71.96823),9.21807]
			msglen: 8326287.72067 bits.
Iteration #: 13
	193435.52652	   0.14695	[mu,kappa]: [(46.39955,13.60104),2.25543]
	576492.82803	   0.43794	[mu,kappa]: [(121.09676,304.73625),5.12572]
	426131.23349	   0.32372	[mu,kappa]: [(39.52078,86.76723),134.80661]
	120313.41196	   0.09140	[mu,kappa]: [(42.85491,69.47345),8.20783]
			msglen: 8250325.28521 bits.
Iteration #: 14
	207545.55009	   0.15766	[mu,kappa]: [(44.18653,11.96893),2.26690]
	569320.02474	   0.43249	[mu,kappa]: [(121.55425,304.62693),5.23339]
	418853.46666	   0.31819	[mu,kappa]: [(39.53579,86.95818),161.31254]
	120653.95852	   0.09166	[mu,kappa]: [(44.79502,69.21040),7.94881]
			msglen: 8232229.84680 bits.
Iteration #: 15
	216848.03624	   0.16473	[mu,kappa]: [(42.35728,9.86387),2.30467]
	564152.04337	   0.42857	[mu,kappa]: [(121.98478,304.57053),5.33275]
	410635.08281	   0.31194	[mu,kappa]: [(39.55590,87.04832),176.84744]
	124737.83758	   0.09476	[mu,kappa]: [(46.42473,69.88361),8.06702]
			msglen: 8225140.70176 bits.
Iteration #: 16
	222497.05418	   0.16902	[mu,kappa]: [(41.10019,7.26680),2.35452]
	560500.06373	   0.42579	[mu,kappa]: [(122.37829,304.56318),5.40236]
	404822.42114	   0.30753	[mu,kappa]: [(39.56522,87.10012),186.50946]
	128553.46095	   0.09766	[mu,kappa]: [(47.80776,70.70944),8.31882]
			msglen: 8221346.64621 bits.
Iteration #: 17
	225864.51829	   0.17158	[mu,kappa]: [(40.23233,4.55880),2.41002]
	557873.01033	   0.42380	[mu,kappa]: [(122.73541,304.59188),5.44454]
	400999.19860	   0.30462	[mu,kappa]: [(39.56433,87.13337),192.63436]
	131636.27278	   0.10000	[mu,kappa]: [(48.98155,71.41646),8.58131]
			msglen: 8218991.89358 bits.
Iteration #: 18
	227714.70125	   0.17299	[mu,kappa]: [(39.58974,1.99429),2.46899]
	556011.07885	   0.42238	[mu,kappa]: [(123.05503,304.64400),5.46672]
	398596.08083	   0.30280	[mu,kappa]: [(39.55702,87.15572),196.45467]
	134051.13907	   0.10183	[mu,kappa]: [(49.98752,71.92822),8.78766]
			msglen: 8217428.78467 bits.
Iteration #: 19
	228401.48080	   0.17351	[mu,kappa]: [(39.05803,359.65647),2.53147]
	554785.79887	   0.42145	[mu,kappa]: [(123.33547,304.71046),5.47485]
	397232.21508	   0.30176	[mu,kappa]: [(39.54675,87.17051),198.67907]
	135953.50526	   0.10328	[mu,kappa]: [(50.88065,72.24257),8.90585]
			msglen: 8216297.23220 bits.
Iteration #: 20
	228057.40109	   0.17325	[mu,kappa]: [(38.55929,357.50978),2.59946]
	554125.54332	   0.42095	[mu,kappa]: [(123.57763,304.78624),5.47271]
	396661.55190	   0.30133	[mu,kappa]: [(39.53584,87.17949),199.74047]
	137528.50370	   0.10448	[mu,kappa]: [(51.72184,72.38065),8.92596]
			msglen: 8215322.59582 bits.
Iteration #: 21
	226697.34617	   0.17221	[mu,kappa]: [(38.03842,355.45514),2.67723]
	553986.06952	   0.42084	[mu,kappa]: [(123.78583,304.86972),5.46251]
	396720.94169	   0.30137	[mu,kappa]: [(39.52550,87.18376),199.91527]
	138968.64262	   0.10557	[mu,kappa]: [(52.57094,72.36501),8.84977]
			msglen: 8214263.14040 bits.
		6.24007 bpr
Null model msglen: 11690552.97612 bits.	(8.88088 bpr)
