Iteration #: 0
	 42401.000	     0.201	[mu,kappa]: [(36.967,67.217),2.207]
	 42316.000	     0.200	[mu,kappa]: [(37.138,67.051),2.202]
	 42284.000	     0.200	[mu,kappa]: [(36.737,66.726),2.189]
	 42153.000	     0.199	[mu,kappa]: [(36.893,66.441),2.170]
	 42278.000	     0.200	[mu,kappa]: [(37.032,67.515),2.234]
			msglen: 0.000 bits.
Iteration #: 1
	 42397.717	     0.201	[mu,kappa]: [(36.963,67.291),2.226]
	 42312.120	     0.200	[mu,kappa]: [(37.033,67.105),2.207]
	 42281.177	     0.200	[mu,kappa]: [(36.861,66.506),2.162]
	 42157.238	     0.199	[mu,kappa]: [(36.944,65.824),2.101]
	 42283.749	     0.200	[mu,kappa]: [(36.976,68.158),2.312]
			msglen: 1586385.891 bits.
Iteration #: 2
	 42365.493	     0.200	[mu,kappa]: [(36.938,67.846),2.285]
	 42274.735	     0.200	[mu,kappa]: [(36.979,67.252),2.224]
	 42254.004	     0.200	[mu,kappa]: [(36.942,65.644),2.085]
	 42196.614	     0.200	[mu,kappa]: [(37.098,63.252),1.905]
	 42341.154	     0.200	[mu,kappa]: [(36.938,70.274),2.572]
			msglen: 1584017.957 bits.
Iteration #: 3
	 42071.416	     0.199	[mu,kappa]: [(36.871,69.641),2.506]
	 41921.009	     0.198	[mu,kappa]: [(36.894,67.911),2.305]
	 41972.674	     0.199	[mu,kappa]: [(37.065,62.791),1.885]
	 42518.096	     0.201	[mu,kappa]: [(38.295,52.686),1.404]
	 42948.804	     0.203	[mu,kappa]: [(37.097,75.305),3.619]
			msglen: 1562709.094 bits.
Iteration #: 4
	 39917.238	     0.189	[mu,kappa]: [(36.739,74.357),3.555]
	 39062.700	     0.185	[mu,kappa]: [(36.508,70.571),2.777]
	 39186.373	     0.185	[mu,kappa]: [(37.348,53.886),1.527]
	 43950.415	     0.208	[mu,kappa]: [(67.004,359.560),0.664]
	 49315.274	     0.233	[mu,kappa]: [(38.060,82.215),11.538]
			msglen: 1418651.066 bits.
Iteration #: 5
	 29339.789	     0.139	[mu,kappa]: [(36.551,77.678),8.010]
	 25596.047	     0.121	[mu,kappa]: [(35.056,71.487),4.414]
	 25347.312	     0.120	[mu,kappa]: [(41.986,17.358),1.126]
	 44358.374	     0.210	[mu,kappa]: [(124.203,309.151),1.902]
	 86790.477	     0.410	[mu,kappa]: [(39.398,85.977),60.377]
			msglen: 1117374.028 bits.
Iteration #: 6
	 17572.864	     0.083	[mu,kappa]: [(36.752,74.112),9.902]
	 14501.020	     0.069	[mu,kappa]: [(33.058,58.942),5.094]
	 15985.653	     0.076	[mu,kappa]: [(54.647,339.999),1.441]
	 45164.364	     0.214	[mu,kappa]: [(129.290,302.791),3.388]
	118208.099	     0.559	[mu,kappa]: [(39.718,87.036),133.007]
			msglen: 1026328.226 bits.
Iteration #: 7
	 16862.282	     0.080	[mu,kappa]: [(38.154,73.197),9.812]
	 14563.097	     0.069	[mu,kappa]: [(32.035,53.019),4.998]
	 15680.581	     0.074	[mu,kappa]: [(47.222,332.297),1.956]
	 44120.214	     0.209	[mu,kappa]: [(133.108,301.803),4.122]
	120205.826	     0.569	[mu,kappa]: [(39.809,87.267),170.807]
			msglen: 1014602.350 bits.
Iteration #: 8
	 18445.288	     0.087	[mu,kappa]: [(40.403,74.364),10.300]
	 15494.496	     0.073	[mu,kappa]: [(31.741,52.733),4.911]
	 16615.254	     0.079	[mu,kappa]: [(42.773,324.580),2.557]
	 42886.384	     0.203	[mu,kappa]: [(136.334,301.766),4.752]
	117990.577	     0.558	[mu,kappa]: [(39.841,87.353),189.803]
			msglen: 1008958.382 bits.
Iteration #: 9
	 20117.106	     0.095	[mu,kappa]: [(42.581,75.600),11.153]
	 15794.309	     0.075	[mu,kappa]: [(32.807,54.364),4.835]
	 17645.836	     0.083	[mu,kappa]: [(42.449,316.634),3.308]
	 41842.975	     0.198	[mu,kappa]: [(138.637,302.088),5.238]
	116031.773	     0.549	[mu,kappa]: [(39.843,87.406),201.919]
			msglen: 1004830.851 bits.
Iteration #: 10
	 21626.375	     0.102	[mu,kappa]: [(43.856,76.468),12.087]
	 15830.367	     0.075	[mu,kappa]: [(35.191,56.691),4.774]
	 18401.982	     0.087	[mu,kappa]: [(43.752,310.477),4.262]
	 41038.889	     0.194	[mu,kappa]: [(140.213,302.492),5.578]
	114534.388	     0.542	[mu,kappa]: [(39.827,87.446),210.444]
			msglen: 1001706.593 bits.
Iteration #: 11
	 22838.270	     0.108	[mu,kappa]: [(43.907,77.105),13.041]
	 15990.286	     0.076	[mu,kappa]: [(38.292,58.660),4.734]
	 18753.945	     0.089	[mu,kappa]: [(45.170,306.746),5.258]
	 40493.982	     0.192	[mu,kappa]: [(141.096,302.701),5.833]
	113355.517	     0.536	[mu,kappa]: [(39.805,87.479),216.795]
			msglen: 999697.244 bits.
Iteration #: 12
	 23805.289	     0.113	[mu,kappa]: [(42.950,77.766),14.108]
	 16359.234	     0.077	[mu,kappa]: [(41.488,59.810),4.687]
	 18782.478	     0.089	[mu,kappa]: [(46.206,304.936),5.976]
	 40173.642	     0.190	[mu,kappa]: [(141.410,302.639),6.027]
	112311.357	     0.531	[mu,kappa]: [(39.792,87.504),222.093]
			msglen: 998366.623 bits.
Iteration #: 13
	 24706.905	     0.117	[mu,kappa]: [(41.457,78.564),15.405]
	 16783.249	     0.079	[mu,kappa]: [(44.765,60.366),4.622]
	 18721.529	     0.089	[mu,kappa]: [(46.797,304.158),6.367]
	 39969.242	     0.189	[mu,kappa]: [(141.440,302.443),6.170]
	111251.075	     0.526	[mu,kappa]: [(39.795,87.523),227.240]
			msglen: 997087.504 bits.
Iteration #: 14
	 25694.371	     0.122	[mu,kappa]: [(39.830,79.475),16.981]
	 17083.790	     0.081	[mu,kappa]: [(48.245,60.723),4.590]
	 18749.003	     0.089	[mu,kappa]: [(46.997,303.877),6.554]
	 39799.611	     0.188	[mu,kappa]: [(141.374,302.210),6.286]
	110105.225	     0.521	[mu,kappa]: [(39.814,87.537),232.709]
			msglen: 995689.243 bits.
Iteration #: 15
	 26803.738	     0.127	[mu,kappa]: [(38.329,80.408),18.782]
	 17189.701	     0.081	[mu,kappa]: [(51.840,61.162),4.645]
	 18926.316	     0.090	[mu,kappa]: [(46.867,303.904),6.629]
	 39649.379	     0.188	[mu,kappa]: [(141.281,301.987),6.384]
	108862.866	     0.515	[mu,kappa]: [(39.846,87.547),238.620]
			msglen: 994258.615 bits.
Iteration #: 16
	 27958.860	     0.132	[mu,kappa]: [(37.085,81.274),20.703]
	 17125.382	     0.081	[mu,kappa]: [(55.323,61.809),4.821]
	 19247.343	     0.091	[mu,kappa]: [(46.457,304.177),6.639]
	 39534.376	     0.187	[mu,kappa]: [(141.187,301.798),6.462]
	107566.039	     0.509	[mu,kappa]: [(39.889,87.553),244.823]
			msglen: 992910.204 bits.
Iteration #: 17
	 29044.743	     0.137	[mu,kappa]: [(36.118,82.027),22.654]
	 16953.712	     0.080	[mu,kappa]: [(58.455,62.658),5.132]
	 19670.967	     0.093	[mu,kappa]: [(45.822,304.663),6.611]
	 39474.385	     0.187	[mu,kappa]: [(141.099,301.660),6.511]
	106288.192	     0.503	[mu,kappa]: [(39.938,87.555),250.995]
			msglen: 991703.499 bits.
Iteration #: 18
	 29976.595	     0.142	[mu,kappa]: [(35.390,82.661),24.583]
	 16736.199	     0.079	[mu,kappa]: [(61.070,63.619),5.578]
	 20140.751	     0.095	[mu,kappa]: [(45.031,305.321),6.563]
	 39481.254	     0.187	[mu,kappa]: [(141.020,301.578),6.528]
	105097.201	     0.497	[mu,kappa]: [(39.989,87.556),256.795]
			msglen: 990650.124 bits.
Iteration #: 19
	 30719.046	     0.145	[mu,kappa]: [(34.840,83.192),26.480]
	 16522.021	     0.078	[mu,kappa]: [(63.097,64.587),6.146]
	 20601.674	     0.097	[mu,kappa]: [(44.154,306.102),6.506]
	 39555.887	     0.187	[mu,kappa]: [(140.949,301.551),6.512]
	104033.372	     0.492	[mu,kappa]: [(40.039,87.554),261.989]
			msglen: 989746.309 bits.
Iteration #: 20
	 31270.907	     0.148	[mu,kappa]: [(34.418,83.643),28.352]
	 16349.421	     0.077	[mu,kappa]: [(64.537,65.489),6.803]
	 21012.520	     0.099	[mu,kappa]: [(43.254,306.949),6.450]
	 39689.917	     0.188	[mu,kappa]: [(140.881,301.571),6.466]
	103109.236	     0.488	[mu,kappa]: [(40.087,87.551),266.467]
			msglen: 988988.037 bits.
Iteration #: 21
	 31645.622	     0.150	[mu,kappa]: [(34.082,84.035),30.218]
	 16246.738	     0.077	[mu,kappa]: [(65.441,66.289),7.505]
	 21351.046	     0.101	[mu,kappa]: [(42.377,307.809),6.402]
	 39869.212	     0.189	[mu,kappa]: [(140.810,301.624),6.399]
	102319.382	     0.484	[mu,kappa]: [(40.131,87.546),270.220]
			msglen: 988366.463 bits.
Iteration #: 22
	 31859.604	     0.151	[mu,kappa]: [(33.800,84.385),32.097]
	 16231.809	     0.077	[mu,kappa]: [(65.896,66.985),8.200]
	 21612.217	     0.102	[mu,kappa]: [(41.551,308.640),6.363]
	 40077.680	     0.190	[mu,kappa]: [(140.730,301.697),6.318]
	101650.691	     0.481	[mu,kappa]: [(40.173,87.540),273.296]
			msglen: 987860.635 bits.
Iteration #: 23
	 31926.642	     0.151	[mu,kappa]: [(33.543,84.706),34.015]
	 16312.204	     0.077	[mu,kappa]: [(66.005,67.588),8.850]
	 21802.290	     0.103	[mu,kappa]: [(40.787,309.412),6.338]
	 40300.675	     0.191	[mu,kappa]: [(140.638,301.779),6.231]
	101090.188	     0.478	[mu,kappa]: [(40.214,87.533),275.759]
			msglen: 987438.830 bits.
Iteration #: 24
	 31854.753	     0.151	[mu,kappa]: [(33.286,85.009),36.009]
	 16487.502	     0.078	[mu,kappa]: [(65.864,68.119),9.436]
	 21932.581	     0.104	[mu,kappa]: [(40.086,310.112),6.324]
	 40527.170	     0.192	[mu,kappa]: [(140.534,301.860),6.144]
	100629.995	     0.476	[mu,kappa]: [(40.253,87.524),277.661]
			msglen: 987065.369 bits.
Iteration #: 25
	 31644.208	     0.150	[mu,kappa]: [(33.007,85.304),38.136]
	 16752.885	     0.079	[mu,kappa]: [(65.550,68.597),9.960]
	 22015.364	     0.104	[mu,kappa]: [(39.446,310.738),6.322]
	 40750.253	     0.193	[mu,kappa]: [(140.421,301.936),6.060]
	100269.291	     0.474	[mu,kappa]: [(40.292,87.514),278.000]
			msglen: 986706.738 bits.
Iteration #: 26
	 31244.700	     0.148	[mu,kappa]: [(32.677,85.601),40.480]
	 17094.842	     0.081	[mu,kappa]: [(65.125,69.032),10.432]
	 22061.965	     0.104	[mu,kappa]: [(38.863,311.294),6.330]
	 40966.417	     0.194	[mu,kappa]: [(140.303,302.008),5.979]
	100064.076	     0.473	[mu,kappa]: [(40.332,87.501),278.000]
			msglen: 986320.421 bits.
Iteration #: 27
	 30666.257	     0.145	[mu,kappa]: [(32.276,85.913),43.208]
	 17516.988	     0.083	[mu,kappa]: [(64.618,69.446),10.870]
	 22082.228	     0.104	[mu,kappa]: [(38.331,311.792),6.346]
	 41174.232	     0.195	[mu,kappa]: [(140.184,302.076),5.904]
	 99992.296	     0.473	[mu,kappa]: [(40.375,87.486),278.000]
			msglen: 985857.194 bits.
Iteration #: 28
	 29913.272	     0.141	[mu,kappa]: [(31.789,86.257),46.605]
	 18019.133	     0.085	[mu,kappa]: [(64.044,69.849),11.292]
	 22085.560	     0.104	[mu,kappa]: [(37.842,312.244),6.367]
	 41374.141	     0.196	[mu,kappa]: [(140.068,302.143),5.832]
	100039.895	     0.473	[mu,kappa]: [(40.420,87.467),278.000]
			msglen: 985252.860 bits.
Iteration #: 29
	 28981.267	     0.137	[mu,kappa]: [(31.202,86.649),51.143]
	 18591.853	     0.088	[mu,kappa]: [(63.420,70.244),11.707]
	 22082.202	     0.104	[mu,kappa]: [(37.382,312.664),6.391]
	 41567.515	     0.197	[mu,kappa]: [(139.956,302.211),5.762]
	100209.163	     0.474	[mu,kappa]: [(40.470,87.445),277.539]
			msglen: 984419.011 bits.
Iteration #: 30
	 27862.930	     0.132	[mu,kappa]: [(30.519,87.107),57.588]
	 19200.689	     0.091	[mu,kappa]: [(62.773,70.614),12.113]
	 22083.971	     0.104	[mu,kappa]: [(36.928,313.071),6.414]
	 41756.060	     0.197	[mu,kappa]: [(139.849,302.284),5.695]
	100528.350	     0.475	[mu,kappa]: [(40.525,87.420),276.184]
			msglen: 983256.076 bits.
Iteration #: 31
	 26588.301	     0.126	[mu,kappa]: [(29.780,87.631),66.960]
	 19772.225	     0.094	[mu,kappa]: [(62.153,70.928),12.483]
	 22104.978	     0.105	[mu,kappa]: [(36.450,313.485),6.434]
	 41940.950	     0.198	[mu,kappa]: [(139.745,302.359),5.629]
	101025.546	     0.478	[mu,kappa]: [(40.580,87.391),274.436]
			msglen: 981758.645 bits.
Iteration #: 32
	 25271.414	     0.120	[mu,kappa]: [(29.100,88.181),79.778]
	 20216.374	     0.096	[mu,kappa]: [(61.614,71.150),12.774]
	 22159.971	     0.105	[mu,kappa]: [(35.909,313.928),6.444]
	 42121.733	     0.199	[mu,kappa]: [(139.639,302.430),5.565]
	101662.509	     0.481	[mu,kappa]: [(40.627,87.362),272.880]
			msglen: 980201.055 bits.
Iteration #: 33
	 24045.634	     0.114	[mu,kappa]: [(28.608,88.669),94.477]
	 20489.001	     0.097	[mu,kappa]: [(61.192,71.278),12.953]
	 22253.856	     0.105	[mu,kappa]: [(35.283,314.416),6.444]
	 42296.066	     0.200	[mu,kappa]: [(139.524,302.488),5.506]
	102347.443	     0.484	[mu,kappa]: [(40.655,87.340),271.947]
			msglen: 979026.556 bits.
Iteration #: 34
	 22991.435	     0.109	[mu,kappa]: [(28.324,89.029),107.979]
	 20640.717	     0.098	[mu,kappa]: [(60.878,71.355),13.039]
	 22366.916	     0.106	[mu,kappa]: [(34.602,314.941),6.436]
	 42460.960	     0.201	[mu,kappa]: [(139.395,302.524),5.454]
	102971.973	     0.487	[mu,kappa]: [(40.661,87.328),271.475]
			msglen: 978359.539 bits.
Iteration #: 35
	 22142.458	     0.105	[mu,kappa]: [(28.179,89.264),118.601]
	 20739.827	     0.098	[mu,kappa]: [(60.646,71.421),13.078]
	 22465.921	     0.106	[mu,kappa]: [(33.945,315.469),6.430]
	 42614.764	     0.202	[mu,kappa]: [(139.255,302.538),5.410]
	103469.030	     0.489	[mu,kappa]: [(40.652,87.324),271.098]
			msglen: 978023.037 bits.
Iteration #: 36
	 21493.706	     0.102	[mu,kappa]: [(28.101,89.412),126.415]
	 20813.396	     0.098	[mu,kappa]: [(60.475,71.486),13.102]
	 22532.312	     0.107	[mu,kappa]: [(33.367,315.965),6.431]
	 42756.723	     0.202	[mu,kappa]: [(139.113,302.538),5.371]
	103835.863	     0.491	[mu,kappa]: [(40.638,87.324),270.712]
			msglen: 977852.892 bits.
Iteration #: 37
	 21012.368	     0.099	[mu,kappa]: [(28.054,89.507),132.046]
	 20866.787	     0.099	[mu,kappa]: [(60.349,71.547),13.128]
	 22565.814	     0.107	[mu,kappa]: [(32.886,316.406),6.440]
	 42886.149	     0.203	[mu,kappa]: [(138.979,302.533),5.337]
	104100.882	     0.492	[mu,kappa]: [(40.624,87.326),270.351]
			msglen: 977763.683 bits.
Iteration #: 38
	 20659.367	     0.098	[mu,kappa]: [(28.022,89.571),136.086]
	 20902.766	     0.099	[mu,kappa]: [(60.259,71.599),13.158]
	 22573.969	     0.107	[mu,kappa]: [(32.494,316.785),6.456]
	 43002.626	     0.203	[mu,kappa]: [(138.856,302.527),5.306]
	104293.271	     0.493	[mu,kappa]: [(40.613,87.328),270.042]
			msglen: 977715.006 bits.
Iteration #: 39
	 20400.898	     0.096	[mu,kappa]: [(27.999,89.614),138.981]
	 20924.922	     0.099	[mu,kappa]: [(60.195,71.642),13.190]
	 22565.147	     0.107	[mu,kappa]: [(32.177,317.104),6.477]
	 43106.236	     0.204	[mu,kappa]: [(138.746,302.522),5.279]
	104434.797	     0.494	[mu,kappa]: [(40.603,87.330),269.791]
			msglen: 977687.358 bits.
Iteration #: 40
	 20210.996	     0.096	[mu,kappa]: [(27.980,89.644),141.057]
	 20936.905	     0.099	[mu,kappa]: [(60.150,71.678),13.225]
	 22546.122	     0.107	[mu,kappa]: [(31.921,317.371),6.499]
	 43197.528	     0.204	[mu,kappa]: [(138.650,302.518),5.256]
	104540.449	     0.494	[mu,kappa]: [(40.596,87.332),269.588]
			msglen: 977671.012 bits.
Iteration #: 41
	 20070.648	     0.095	[mu,kappa]: [(27.966,89.665),142.547]
	 20941.810	     0.099	[mu,kappa]: [(60.118,71.706),13.258]
	 22521.752	     0.107	[mu,kappa]: [(31.712,317.594),6.521]
	 43277.359	     0.205	[mu,kappa]: [(138.567,302.515),5.235]
	104620.431	     0.495	[mu,kappa]: [(40.590,87.333),269.425]
			msglen: 977660.967 bits.
Iteration #: 42
	 19966.186	     0.094	[mu,kappa]: [(27.953,89.680),143.617]
	 20942.021	     0.099	[mu,kappa]: [(60.097,71.729),13.291]
	 22495.288	     0.106	[mu,kappa]: [(31.542,317.780),6.543]
	 43346.750	     0.205	[mu,kappa]: [(138.494,302.514),5.217]
	104681.754	     0.495	[mu,kappa]: [(40.585,87.334),269.294]
			msglen: 977654.573 bits.
