Iteration #: 0
	 30155.000	     0.143	[mu,kappa]: [(36.818,67.063),2.214]
	 30119.000	     0.142	[mu,kappa]: [(37.061,66.790),2.215]
	 30165.000	     0.143	[mu,kappa]: [(37.262,67.035),2.210]
	 30299.000	     0.143	[mu,kappa]: [(36.752,66.907),2.204]
	 30259.000	     0.143	[mu,kappa]: [(37.060,67.339),2.213]
	 30418.000	     0.144	[mu,kappa]: [(36.863,66.995),2.190]
	 30017.000	     0.142	[mu,kappa]: [(36.857,66.818),2.156]
			msglen: 1017495.365 bits.
Iteration #: 1
	 30154.186	     0.143	[mu,kappa]: [(36.881,67.397),2.243]
	 30117.713	     0.142	[mu,kappa]: [(36.965,67.336),2.238]
	 30163.321	     0.143	[mu,kappa]: [(37.073,67.336),2.228]
	 30297.125	     0.143	[mu,kappa]: [(36.856,67.038),2.211]
	 30258.301	     0.143	[mu,kappa]: [(37.002,67.524),2.246]
	 30416.598	     0.144	[mu,kappa]: [(36.930,66.682),2.171]
	 30024.755	     0.142	[mu,kappa]: [(36.979,65.562),2.071]
			msglen: 1586523.367 bits.
Iteration #: 2
	 30145.505	     0.143	[mu,kappa]: [(36.893,68.330),2.339]
	 30106.466	     0.142	[mu,kappa]: [(36.930,68.168),2.320]
	 30148.827	     0.143	[mu,kappa]: [(36.985,67.937),2.291]
	 30278.625	     0.143	[mu,kappa]: [(36.895,67.310),2.235]
	 30251.124	     0.143	[mu,kappa]: [(36.950,68.463),2.349]
	 30401.653	     0.144	[mu,kappa]: [(36.967,66.011),2.113]
	 30099.801	     0.142	[mu,kappa]: [(37.211,61.981),1.821]
			msglen: 1584836.270 bits.
Iteration #: 3
	 30074.321	     0.142	[mu,kappa]: [(36.882,70.958),2.684]
	 30008.821	     0.142	[mu,kappa]: [(36.889,70.508),2.618]
	 30017.914	     0.142	[mu,kappa]: [(36.905,69.808),2.521]
	 30103.482	     0.142	[mu,kappa]: [(36.866,68.179),2.332]
	 30195.521	     0.143	[mu,kappa]: [(36.912,71.214),2.721]
	 30248.196	     0.143	[mu,kappa]: [(37.030,63.950),1.960]
	 30783.745	     0.146	[mu,kappa]: [(39.776,45.873),1.199]
			msglen: 1569365.022 bits.
Iteration #: 4
	 29820.160	     0.141	[mu,kappa]: [(37.056,76.876),4.396]
	 29481.498	     0.139	[mu,kappa]: [(36.969,76.097),4.065]
	 29137.557	     0.138	[mu,kappa]: [(36.845,74.789),3.622]
	 28700.510	     0.136	[mu,kappa]: [(36.602,71.375),2.870]
	 30101.757	     0.142	[mu,kappa]: [(37.115,77.273),4.589]
	 28696.053	     0.136	[mu,kappa]: [(36.965,58.511),1.712]
	 35494.466	     0.168	[mu,kappa]: [(101.622,334.218),0.751]
			msglen: 1473772.391 bits.
Iteration #: 5
	 32046.764	     0.152	[mu,kappa]: [(38.090,82.683),16.717]
	 29894.954	     0.141	[mu,kappa]: [(37.807,81.985),13.981]
	 27255.744	     0.129	[mu,kappa]: [(37.316,80.706),10.585]
	 23355.111	     0.110	[mu,kappa]: [(36.034,76.651),5.855]
	 33423.607	     0.158	[mu,kappa]: [(38.233,83.018),18.360]
	 20491.390	     0.097	[mu,kappa]: [(34.022,48.461),1.769]
	 44964.431	     0.213	[mu,kappa]: [(129.063,304.497),2.609]
			msglen: 1245492.216 bits.
Iteration #: 6
	 37057.308	     0.175	[mu,kappa]: [(39.449,85.810),56.558]
	 30507.688	     0.144	[mu,kappa]: [(39.253,84.985),40.460]
	 23438.447	     0.111	[mu,kappa]: [(38.644,82.750),22.686]
	 16218.961	     0.077	[mu,kappa]: [(34.966,71.282),7.379]
	 41397.115	     0.196	[mu,kappa]: [(39.519,86.115),66.224]
	 14837.454	     0.070	[mu,kappa]: [(32.858,4.922),2.219]
	 47975.028	     0.227	[mu,kappa]: [(129.673,302.025),3.689]
			msglen: 1090843.083 bits.
Iteration #: 7
	 39991.062	     0.189	[mu,kappa]: [(39.730,86.966),122.179]
	 27659.994	     0.131	[mu,kappa]: [(39.612,86.305),75.478]
	 17181.476	     0.081	[mu,kappa]: [(39.454,83.498),28.707]
	 13556.578	     0.064	[mu,kappa]: [(36.768,61.643),5.944]
	 48799.914	     0.231	[mu,kappa]: [(39.780,87.165),148.837]
	 17469.680	     0.083	[mu,kappa]: [(33.133,348.058),2.886]
	 46773.296	     0.221	[mu,kappa]: [(132.606,302.013),4.068]
			msglen: 1025337.267 bits.
Iteration #: 8
	 40135.274	     0.190	[mu,kappa]: [(39.791,87.301),175.302]
	 24606.079	     0.116	[mu,kappa]: [(39.546,86.546),91.850]
	 14845.928	     0.070	[mu,kappa]: [(39.804,82.808),26.519]
	 14715.600	     0.070	[mu,kappa]: [(41.970,61.462),5.364]
	 52215.425	     0.247	[mu,kappa]: [(39.865,87.494),223.170]
	 19868.459	     0.094	[mu,kappa]: [(30.886,337.378),3.476]
	 45045.235	     0.213	[mu,kappa]: [(135.493,302.051),4.512]
			msglen: 1005970.568 bits.
Iteration #: 9
	 39284.554	     0.186	[mu,kappa]: [(39.829,87.428),206.781]
	 22920.562	     0.108	[mu,kappa]: [(39.300,86.527),91.819]
	 15055.929	     0.071	[mu,kappa]: [(39.871,82.272),25.005]
	 16047.178	     0.076	[mu,kappa]: [(48.576,64.209),5.405]
	 53356.282	     0.252	[mu,kappa]: [(39.935,87.641),277.207]
	 21076.825	     0.100	[mu,kappa]: [(30.753,326.297),4.284]
	 43690.669	     0.207	[mu,kappa]: [(137.171,301.924),4.969]
			msglen: 997508.402 bits.
Iteration #: 10
	 38341.320	     0.181	[mu,kappa]: [(39.868,87.476),223.645]
	 22484.806	     0.106	[mu,kappa]: [(38.840,86.489),86.211]
	 15931.157	     0.075	[mu,kappa]: [(39.365,82.227),24.950]
	 16741.362	     0.079	[mu,kappa]: [(54.377,65.959),5.811]
	 53692.660	     0.254	[mu,kappa]: [(40.004,87.717),278.000]
	 21467.312	     0.102	[mu,kappa]: [(32.063,318.418),5.262]
	 42773.382	     0.202	[mu,kappa]: [(138.047,301.726),5.350]
			msglen: 993555.381 bits.
Iteration #: 11
	 37829.705	     0.179	[mu,kappa]: [(39.931,87.501),242.161]
	 22387.406	     0.106	[mu,kappa]: [(38.198,86.539),81.621]
	 16669.851	     0.079	[mu,kappa]: [(38.334,82.424),25.241]
	 16732.415	     0.079	[mu,kappa]: [(58.570,66.531),6.338]
	 54126.085	     0.256	[mu,kappa]: [(40.076,87.712),278.000]
	 21407.094	     0.101	[mu,kappa]: [(33.489,314.567),6.022]
	 42279.444	     0.200	[mu,kappa]: [(138.421,301.549),5.595]
			msglen: 990994.742 bits.
Iteration #: 12
	 37523.986	     0.177	[mu,kappa]: [(40.024,87.522),261.857]
	 22419.668	     0.106	[mu,kappa]: [(37.466,86.658),78.533]
	 17363.895	     0.082	[mu,kappa]: [(37.144,82.660),25.453]
	 16451.287	     0.078	[mu,kappa]: [(61.562,66.751),6.919]
	 54388.396	     0.257	[mu,kappa]: [(40.168,87.674),278.000]
	 21226.981	     0.100	[mu,kappa]: [(34.554,313.024),6.445]
	 42057.786	     0.199	[mu,kappa]: [(138.567,301.446),5.716]
			msglen: 989127.441 bits.
Iteration #: 13
	 37396.119	     0.177	[mu,kappa]: [(40.125,87.542),278.000]
	 22447.885	     0.106	[mu,kappa]: [(36.726,86.825),77.568]
	 17887.861	     0.085	[mu,kappa]: [(36.111,82.806),25.512]
	 16137.304	     0.076	[mu,kappa]: [(63.728,67.016),7.581]
	 54510.760	     0.258	[mu,kappa]: [(40.277,87.620),278.000]
	 21090.010	     0.100	[mu,kappa]: [(35.320,312.462),6.661]
	 41962.061	     0.198	[mu,kappa]: [(138.658,301.417),5.766]
			msglen: 987726.375 bits.
Iteration #: 14
	 37414.181	     0.177	[mu,kappa]: [(40.211,87.558),278.000]
	 22406.322	     0.106	[mu,kappa]: [(35.987,87.046),79.151]
	 18150.775	     0.086	[mu,kappa]: [(35.356,82.818),25.391]
	 15903.949	     0.075	[mu,kappa]: [(65.149,67.389),8.293]
	 54606.012	     0.258	[mu,kappa]: [(40.398,87.556),278.000]
	 21023.650	     0.099	[mu,kappa]: [(35.865,312.322),6.769]
	 41927.111	     0.198	[mu,kappa]: [(138.749,301.445),5.780]
			msglen: 986748.890 bits.
Iteration #: 15
	 37548.145	     0.178	[mu,kappa]: [(40.284,87.551),278.000]
	 22203.470	     0.105	[mu,kappa]: [(35.196,87.351),84.083]
	 18092.597	     0.086	[mu,kappa]: [(34.864,82.689),25.031]
	 15766.948	     0.075	[mu,kappa]: [(65.939,67.797),8.973]
	 54888.494	     0.260	[mu,kappa]: [(40.527,87.491),278.000]
	 21005.199	     0.099	[mu,kappa]: [(36.246,312.360),6.814]
	 41927.147	     0.198	[mu,kappa]: [(138.848,301.512),5.773]
			msglen: 985689.603 bits.
Iteration #: 16
	 37709.292	     0.178	[mu,kappa]: [(40.346,87.535),278.000]
	 21965.692	     0.104	[mu,kappa]: [(34.299,87.763),94.027]
	 17818.515	     0.084	[mu,kappa]: [(34.622,82.420),24.433]
	 15737.955	     0.074	[mu,kappa]: [(66.248,68.203),9.561]
	 55244.970	     0.261	[mu,kappa]: [(40.670,87.423),278.000]
	 21009.780	     0.099	[mu,kappa]: [(36.505,312.452),6.823]
	 41945.795	     0.198	[mu,kappa]: [(138.944,301.600),5.754]
			msglen: 984161.740 bits.
Iteration #: 17
	 37858.255	     0.179	[mu,kappa]: [(40.401,87.517),278.000]
	 21818.688	     0.103	[mu,kappa]: [(33.322,88.282),112.462]
	 17362.573	     0.082	[mu,kappa]: [(34.582,82.004),23.612]
	 15756.170	     0.075	[mu,kappa]: [(66.281,68.553),10.026]
	 55641.076	     0.263	[mu,kappa]: [(40.837,87.346),278.000]
	 21022.607	     0.099	[mu,kappa]: [(36.675,312.533),6.814]
	 41972.632	     0.199	[mu,kappa]: [(139.029,301.693),5.732]
			msglen: 981824.734 bits.
Iteration #: 18
	 37974.259	     0.180	[mu,kappa]: [(40.442,87.502),278.000]
	 21881.955	     0.103	[mu,kappa]: [(32.446,88.828),142.432]
	 16741.499	     0.079	[mu,kappa]: [(34.597,81.442),22.602]
	 15735.377	     0.074	[mu,kappa]: [(66.239,68.799),10.353]
	 56061.281	     0.265	[mu,kappa]: [(41.025,87.258),278.000]
	 21037.366	     0.100	[mu,kappa]: [(36.776,312.583),6.798]
	 42000.262	     0.199	[mu,kappa]: [(139.099,301.779),5.710]
			msglen: 979052.593 bits.
Iteration #: 19
	 38077.922	     0.180	[mu,kappa]: [(40.446,87.502),278.000]
	 22074.706	     0.104	[mu,kappa]: [(31.894,89.256),178.657]
	 16074.390	     0.076	[mu,kappa]: [(34.438,80.792),21.512]
	 15649.414	     0.074	[mu,kappa]: [(66.239,68.945),10.561]
	 56491.302	     0.267	[mu,kappa]: [(41.212,87.169),278.000]
	 21041.379	     0.100	[mu,kappa]: [(36.837,312.596),6.779]
	 42022.888	     0.199	[mu,kappa]: [(139.150,301.847),5.692]
			msglen: 977004.859 bits.
Iteration #: 20
	 38231.355	     0.181	[mu,kappa]: [(40.390,87.529),278.000]
	 22106.325	     0.105	[mu,kappa]: [(31.657,89.511),210.172]
	 15562.853	     0.074	[mu,kappa]: [(33.953,80.172),20.546]
	 15574.626	     0.074	[mu,kappa]: [(66.263,69.062),10.707]
	 56914.199	     0.269	[mu,kappa]: [(41.377,87.087),278.000]
	 21005.997	     0.099	[mu,kappa]: [(36.934,312.553),6.766]
	 42036.644	     0.199	[mu,kappa]: [(139.184,301.893),5.680]
			msglen: 975913.298 bits.
Iteration #: 21
	 38450.822	     0.182	[mu,kappa]: [(40.272,87.583),278.000]
	 21917.240	     0.104	[mu,kappa]: [(31.593,89.643),233.110]
	 15253.171	     0.072	[mu,kappa]: [(33.151,79.657),19.853]
	 15587.243	     0.074	[mu,kappa]: [(66.245,69.196),10.848]
	 57275.313	     0.271	[mu,kappa]: [(41.528,87.009),278.000]
	 20907.531	     0.099	[mu,kappa]: [(37.145,312.428),6.768]
	 42040.680	     0.199	[mu,kappa]: [(139.212,301.926),5.673]
			msglen: 975215.929 bits.
Iteration #: 22
	 38734.511	     0.183	[mu,kappa]: [(40.103,87.662),278.000]
	 21617.485	     0.102	[mu,kappa]: [(31.598,89.710),249.180]
	 15047.826	     0.071	[mu,kappa]: [(32.100,79.247),19.467]
	 15709.181	     0.074	[mu,kappa]: [(66.147,69.350),11.013]
	 57536.868	     0.272	[mu,kappa]: [(41.683,86.930),278.000]
	 20750.633	     0.098	[mu,kappa]: [(37.498,312.214),6.789]
	 42035.495	     0.199	[mu,kappa]: [(139.250,301.959),5.669]
			msglen: 974541.202 bits.
Iteration #: 23
	 39113.508	     0.185	[mu,kappa]: [(39.895,87.759),278.000]
	 21273.462	     0.101	[mu,kappa]: [(31.627,89.744),260.666]
	 14833.787	     0.070	[mu,kappa]: [(30.845,78.912),19.376]
	 15931.266	     0.075	[mu,kappa]: [(65.960,69.508),11.205]
	 57700.364	     0.273	[mu,kappa]: [(41.853,86.845),278.000]
	 20557.783	     0.097	[mu,kappa]: [(37.967,311.929),6.824]
	 42021.830	     0.199	[mu,kappa]: [(139.304,301.999),5.666]
			msglen: 973743.985 bits.
Iteration #: 24
	 39645.750	     0.188	[mu,kappa]: [(39.658,87.869),278.000]
	 20890.553	     0.099	[mu,kappa]: [(31.657,89.761),269.010]
	 14533.055	     0.069	[mu,kappa]: [(29.394,78.627),19.601]
	 16235.636	     0.077	[mu,kappa]: [(65.691,69.655),11.414]
	 57773.791	     0.273	[mu,kappa]: [(42.040,86.754),278.000]
	 20352.565	     0.096	[mu,kappa]: [(38.513,311.608),6.866]
	 42000.650	     0.199	[mu,kappa]: [(139.375,302.049),5.664]
			msglen: 972782.278 bits.
Iteration #: 25
	 40394.803	     0.191	[mu,kappa]: [(39.411,87.983),278.000]
	 20448.064	     0.097	[mu,kappa]: [(31.674,89.767),274.963]
	 14107.998	     0.067	[mu,kappa]: [(27.749,78.391),20.225]
	 16602.031	     0.079	[mu,kappa]: [(65.357,69.776),11.628]
	 57751.927	     0.273	[mu,kappa]: [(42.237,86.657),278.000]
	 20154.148	     0.095	[mu,kappa]: [(39.096,311.286),6.910]
	 41973.030	     0.199	[mu,kappa]: [(139.461,302.106),5.662]
			msglen: 971669.698 bits.
Iteration #: 26
	 41407.424	     0.196	[mu,kappa]: [(39.170,88.092),278.000]
	 19925.462	     0.094	[mu,kappa]: [(31.672,89.768),278.000]
	 13556.154	     0.064	[mu,kappa]: [(25.930,78.239),21.418]
	 17006.984	     0.080	[mu,kappa]: [(64.978,69.858),11.828]
	 57616.753	     0.273	[mu,kappa]: [(42.435,86.561),278.000]
	 19979.256	     0.094	[mu,kappa]: [(39.679,310.997),6.951]
	 41939.966	     0.198	[mu,kappa]: [(139.558,302.169),5.661]
			msglen: 970448.860 bits.
Iteration #: 27
	 42697.026	     0.202	[mu,kappa]: [(38.954,88.187),278.000]
	 19325.593	     0.091	[mu,kappa]: [(31.645,89.766),278.000]
	 12895.396	     0.061	[mu,kappa]: [(24.008,78.258),23.453]
	 17420.980	     0.082	[mu,kappa]: [(64.572,69.889),11.992]
	 57344.737	     0.271	[mu,kappa]: [(42.621,86.469),278.000]
	 19845.876	     0.094	[mu,kappa]: [(40.222,310.774),6.982]
	 41902.391	     0.198	[mu,kappa]: [(139.659,302.232),5.661]
			msglen: 969162.374 bits.
Iteration #: 28
	 44239.802	     0.209	[mu,kappa]: [(38.773,88.262),278.000]
	 18668.304	     0.088	[mu,kappa]: [(31.588,89.762),278.000]
	 12161.034	     0.058	[mu,kappa]: [(22.126,78.586),26.693]
	 17807.590	     0.084	[mu,kappa]: [(64.163,69.857),12.096]
	 56918.753	     0.269	[mu,kappa]: [(42.790,86.384),278.000]
	 19774.922	     0.094	[mu,kappa]: [(40.672,310.645),7.002]
	 41861.595	     0.198	[mu,kappa]: [(139.760,302.291),5.662]
			msglen: 967851.133 bits.
Iteration #: 29
	 45979.731	     0.217	[mu,kappa]: [(38.630,88.316),278.000]
	 17963.429	     0.085	[mu,kappa]: [(31.507,89.761),278.000]
	 11415.205	     0.054	[mu,kappa]: [(20.482,79.378),31.505]
	 18131.686	     0.086	[mu,kappa]: [(63.771,69.763),12.118]
	 56336.969	     0.266	[mu,kappa]: [(42.937,86.308),278.000]
	 19784.959	     0.094	[mu,kappa]: [(40.967,310.624),7.007]
	 41820.022	     0.198	[mu,kappa]: [(139.852,302.339),5.664]
			msglen: 966588.333 bits.
Iteration #: 30
	 47846.535	     0.226	[mu,kappa]: [(38.522,88.351),278.000]
	 17245.393	     0.082	[mu,kappa]: [(31.401,89.763),278.000]
	 10701.065	     0.051	[mu,kappa]: [(19.261,80.644),37.909]
	 18376.158	     0.087	[mu,kappa]: [(63.420,69.627),12.059]
	 55601.002	     0.263	[mu,kappa]: [(43.062,86.243),278.000]
	 19879.862	     0.094	[mu,kappa]: [(41.057,310.698),6.997]
	 41781.985	     0.198	[mu,kappa]: [(139.925,302.370),5.668]
			msglen: 965475.300 bits.
Iteration #: 31
	 49764.391	     0.235	[mu,kappa]: [(38.444,88.370),278.000]
	 16548.608	     0.078	[mu,kappa]: [(31.274,89.767),278.000]
	 10045.100	     0.048	[mu,kappa]: [(18.503,82.163),45.408]
	 18551.271	     0.088	[mu,kappa]: [(63.124,69.483),11.945]
	 54730.523	     0.259	[mu,kappa]: [(43.170,86.187),278.000]
	 20038.555	     0.095	[mu,kappa]: [(40.937,310.832),6.975]
	 41753.552	     0.197	[mu,kappa]: [(139.969,302.381),5.673]
			msglen: 964571.118 bits.
Iteration #: 32
	 51670.658	     0.244	[mu,kappa]: [(38.389,88.378),278.000]
	 15893.562	     0.075	[mu,kappa]: [(31.127,89.773),278.000]
	  9464.870	     0.045	[mu,kappa]: [(18.102,83.643),53.329]
	 18676.353	     0.088	[mu,kappa]: [(62.887,69.359),11.810]
	 53763.937	     0.254	[mu,kappa]: [(43.269,86.138),278.000]
	 20222.314	     0.096	[mu,kappa]: [(40.656,310.999),6.946]
	 41740.306	     0.197	[mu,kappa]: [(139.982,302.376),5.678]
			msglen: 963859.460 bits.
Iteration #: 33
	 53531.422	     0.253	[mu,kappa]: [(38.352,88.379),278.000]
	 15287.559	     0.072	[mu,kappa]: [(30.963,89.780),278.000]
	  8967.415	     0.042	[mu,kappa]: [(17.916,84.912),61.161]
	 18761.969	     0.089	[mu,kappa]: [(62.710,69.263),11.681]
	 52741.558	     0.249	[mu,kappa]: [(43.362,86.095),278.000]
	 20397.694	     0.096	[mu,kappa]: [(40.290,311.182),6.915]
	 41744.384	     0.197	[mu,kappa]: [(139.965,302.360),5.679]
			msglen: 963295.203 bits.
Iteration #: 34
	 55334.880	     0.262	[mu,kappa]: [(38.329,88.376),278.000]
	 14733.141	     0.070	[mu,kappa]: [(30.788,89.789),278.000]
	  8547.197	     0.040	[mu,kappa]: [(17.838,85.933),68.567]
	 18812.912	     0.089	[mu,kappa]: [(62.585,69.191),11.570]
	 51692.239	     0.244	[mu,kappa]: [(43.452,86.053),278.000]
	 20547.493	     0.097	[mu,kappa]: [(39.897,311.375),6.889]
	 41764.137	     0.198	[mu,kappa]: [(139.927,302.338),5.678]
			msglen: 962838.774 bits.
Iteration #: 35
	 57077.399	     0.270	[mu,kappa]: [(38.315,88.370),278.000]
	 14232.041	     0.067	[mu,kappa]: [(30.606,89.801),278.000]
	  8192.250	     0.039	[mu,kappa]: [(17.805,86.728),75.331]
	 18834.069	     0.089	[mu,kappa]: [(62.506,69.137),11.479]
	 50633.506	     0.239	[mu,kappa]: [(43.542,86.013),278.000]
	 20666.831	     0.098	[mu,kappa]: [(39.514,311.571),6.870]
	 41795.903	     0.198	[mu,kappa]: [(139.874,302.314),5.673]
			msglen: 962461.401 bits.
Iteration #: 36
	 58756.763	     0.278	[mu,kappa]: [(38.309,88.362),278.000]
	 13785.298	     0.065	[mu,kappa]: [(30.424,89.815),278.000]
	  7890.031	     0.037	[mu,kappa]: [(17.782,87.340),81.329]
	 18831.230	     0.089	[mu,kappa]: [(62.460,69.094),11.407]
	 49576.115	     0.234	[mu,kappa]: [(43.631,85.972),278.000]
	 20756.954	     0.098	[mu,kappa]: [(39.159,311.764),6.857]
	 41835.609	     0.198	[mu,kappa]: [(139.813,302.291),5.666]
			msglen: 962142.871 bits.
Iteration #: 37
	 60370.810	     0.286	[mu,kappa]: [(38.309,88.354),278.000]
	 13392.794	     0.063	[mu,kappa]: [(30.243,89.831),278.000]
	  7629.874	     0.036	[mu,kappa]: [(17.753,87.808),86.510]
	 18810.148	     0.089	[mu,kappa]: [(62.442,69.056),11.348]
	 48527.260	     0.230	[mu,kappa]: [(43.721,85.932),278.000]
	 20821.515	     0.098	[mu,kappa]: [(38.843,311.946),6.850]
	 41879.599	     0.198	[mu,kappa]: [(139.748,302.268),5.658]
			msglen: 961869.019 bits.
Iteration #: 38
	 61917.716	     0.293	[mu,kappa]: [(38.314,88.345),278.000]
	 13053.110	     0.062	[mu,kappa]: [(30.066,89.848),278.000]
	  7403.469	     0.035	[mu,kappa]: [(17.710,88.164),90.883]
	 18775.856	     0.089	[mu,kappa]: [(62.443,69.022),11.300]
	 47492.104	     0.225	[mu,kappa]: [(43.811,85.890),278.000]
	 20864.815	     0.099	[mu,kappa]: [(38.566,312.115),6.848]
	 41924.929	     0.198	[mu,kappa]: [(139.684,302.247),5.649]
			msglen: 961629.872 bits.
Iteration #: 39
	 63396.418	     0.300	[mu,kappa]: [(38.323,88.335),278.000]
	 12763.659	     0.060	[mu,kappa]: [(29.898,89.866),278.000]
	  7204.602	     0.034	[mu,kappa]: [(17.653,88.435),94.496]
	 18732.454	     0.089	[mu,kappa]: [(62.458,68.989),11.260]
	 46474.438	     0.220	[mu,kappa]: [(43.901,85.849),278.000]
	 20891.039	     0.099	[mu,kappa]: [(38.329,312.267),6.851]
	 41969.391	     0.198	[mu,kappa]: [(139.622,302.227),5.639]
			msglen: 961418.361 bits.
Iteration #: 40
	 64806.836	     0.307	[mu,kappa]: [(38.335,88.324),278.000]
	 12520.967	     0.059	[mu,kappa]: [(29.738,89.884),278.000]
	  7028.701	     0.033	[mu,kappa]: [(17.582,88.640),97.429]
	 18683.132	     0.088	[mu,kappa]: [(62.483,68.955),11.225]
	 45476.978	     0.215	[mu,kappa]: [(43.991,85.806),278.000]
	 20903.954	     0.099	[mu,kappa]: [(38.129,312.402),6.857]
	 42011.433	     0.199	[mu,kappa]: [(139.563,302.208),5.631]
			msglen: 961229.402 bits.
Iteration #: 41
	 66149.892	     0.313	[mu,kappa]: [(38.350,88.313),278.000]
	 12320.995	     0.058	[mu,kappa]: [(29.589,89.902),278.000]
	  6872.410	     0.033	[mu,kappa]: [(17.501,88.795),99.769]
	 18630.295	     0.088	[mu,kappa]: [(62.516,68.920),11.193]
	 44501.559	     0.210	[mu,kappa]: [(44.080,85.764),278.000]
	 20906.806	     0.099	[mu,kappa]: [(37.962,312.518),6.864]
	 42050.042	     0.199	[mu,kappa]: [(139.509,302.191),5.622]
			msglen: 961059.242 bits.
Iteration #: 42
	 67427.412	     0.319	[mu,kappa]: [(38.368,88.301),278.000]
	 12159.424	     0.058	[mu,kappa]: [(29.452,89.920),278.000]
	  6733.241	     0.032	[mu,kappa]: [(17.412,88.910),101.609]
	 18575.697	     0.088	[mu,kappa]: [(62.553,68.884),11.163]
	 43549.284	     0.206	[mu,kappa]: [(44.170,85.721),278.000]
	 20902.314	     0.099	[mu,kappa]: [(37.826,312.616),6.874]
	 42084.628	     0.199	[mu,kappa]: [(139.461,302.175),5.615]
			msglen: 960904.995 bits.
Iteration #: 43
	 68641.954	     0.325	[mu,kappa]: [(38.389,88.290),278.000]
	 12031.890	     0.057	[mu,kappa]: [(29.327,89.937),278.000]
	  6609.305	     0.031	[mu,kappa]: [(17.318,88.995),103.034]
	 18520.567	     0.088	[mu,kappa]: [(62.594,68.846),11.134]
	 42620.665	     0.202	[mu,kappa]: [(44.258,85.679),278.000]
	 20892.702	     0.099	[mu,kappa]: [(37.715,312.699),6.884]
	 42114.917	     0.199	[mu,kappa]: [(139.417,302.160),5.609]
			msglen: 960764.346 bits.
Iteration #: 44
	 69796.616	     0.330	[mu,kappa]: [(38.412,88.278),278.000]
	 11934.166	     0.056	[mu,kappa]: [(29.215,89.953),278.000]
	  6499.123	     0.031	[mu,kappa]: [(17.222,89.056),104.123]
	 18465.726	     0.087	[mu,kappa]: [(62.637,68.808),11.105]
	 41715.750	     0.197	[mu,kappa]: [(44.347,85.636),278.000]
	 20879.751	     0.099	[mu,kappa]: [(37.627,312.766),6.894]
	 42140.868	     0.199	[mu,kappa]: [(139.379,302.146),5.604]
			msglen: 960635.361 bits.
Iteration #: 45
	 70894.846	     0.335	[mu,kappa]: [(38.436,88.265),278.000]
	 11862.281	     0.056	[mu,kappa]: [(29.116,89.968),278.000]
	  6401.485	     0.030	[mu,kappa]: [(17.126,89.098),104.942]
	 18411.676	     0.087	[mu,kappa]: [(62.680,68.768),11.076]
	 40834.246	     0.193	[mu,kappa]: [(44.434,85.593),278.000]
	 20864.862	     0.099	[mu,kappa]: [(37.559,312.819),6.904]
	 42162.604	     0.199	[mu,kappa]: [(139.345,302.133),5.600]
			msglen: 960516.380 bits.
Iteration #: 46
	 71940.264	     0.340	[mu,kappa]: [(38.462,88.253),278.000]
	 11812.604	     0.056	[mu,kappa]: [(29.030,89.981),278.000]
	  6315.355	     0.030	[mu,kappa]: [(17.033,89.127),105.546]
	 18358.690	     0.087	[mu,kappa]: [(62.724,68.728),11.047]
	 39975.616	     0.189	[mu,kappa]: [(44.521,85.550),278.000]
	 20849.114	     0.099	[mu,kappa]: [(37.506,312.861),6.914]
	 42180.357	     0.199	[mu,kappa]: [(139.317,302.121),5.597]
			msglen: 960405.962 bits.
Iteration #: 47
	 72936.516	     0.345	[mu,kappa]: [(38.490,88.241),278.000]
	 11781.887	     0.056	[mu,kappa]: [(28.955,89.992),278.000]
	  6239.813	     0.030	[mu,kappa]: [(16.943,89.145),105.982]
	 18306.872	     0.087	[mu,kappa]: [(62.769,68.688),11.018]
	 39139.169	     0.185	[mu,kappa]: [(44.607,85.507),278.000]
	 20833.317	     0.099	[mu,kappa]: [(37.467,312.893),6.923]
	 42194.426	     0.200	[mu,kappa]: [(139.292,302.110),5.594]
			msglen: 960302.849 bits.
Iteration #: 48
	 73887.159	     0.349	[mu,kappa]: [(38.518,88.228),278.000]
	 11767.276	     0.056	[mu,kappa]: [(28.892,90.002),278.000]
	  6174.014	     0.029	[mu,kappa]: [(16.859,89.155),106.287]
	 18256.211	     0.086	[mu,kappa]: [(62.813,68.646),10.988]
	 38324.126	     0.181	[mu,kappa]: [(44.692,85.464),278.000]
	 20818.065	     0.098	[mu,kappa]: [(37.439,312.916),6.931]
	 42205.149	     0.200	[mu,kappa]: [(139.272,302.099),5.593]
			msglen: 960205.950 bits.
Iteration #: 49
	 74795.573	     0.354	[mu,kappa]: [(38.548,88.215),278.000]
	 11766.307	     0.056	[mu,kappa]: [(28.839,90.011),278.000]
	  6117.168	     0.029	[mu,kappa]: [(16.781,89.158),106.491]
	 18206.627	     0.086	[mu,kappa]: [(62.858,68.605),10.959]
	 37529.678	     0.178	[mu,kappa]: [(44.777,85.421),278.000]
	 20803.773	     0.098	[mu,kappa]: [(37.420,312.932),6.938]
	 42212.875	     0.200	[mu,kappa]: [(139.254,302.089),5.592]
			msglen: 960114.323 bits.
Iteration #: 50
	 75664.906	     0.358	[mu,kappa]: [(38.578,88.203),278.000]
	 11776.878	     0.056	[mu,kappa]: [(28.797,90.018),278.000]
	  6068.528	     0.029	[mu,kappa]: [(16.711,89.157),106.619]
	 18157.995	     0.086	[mu,kappa]: [(62.903,68.564),10.929]
	 36755.018	     0.174	[mu,kappa]: [(44.862,85.378),278.000]
	 20790.720	     0.098	[mu,kappa]: [(37.408,312.941),6.944]
	 42217.955	     0.200	[mu,kappa]: [(139.240,302.079),5.593]
			msglen: 960027.162 bits.
Iteration #: 51
	 76498.047	     0.362	[mu,kappa]: [(38.610,88.190),278.000]
	 11797.218	     0.056	[mu,kappa]: [(28.763,90.023),278.000]
	  6027.386	     0.029	[mu,kappa]: [(16.647,89.153),106.689]
	 18110.173	     0.086	[mu,kappa]: [(62.947,68.523),10.899]
	 35999.373	     0.170	[mu,kappa]: [(44.946,85.334),277.965]
	 20779.078	     0.098	[mu,kappa]: [(37.402,312.946),6.950]
	 42220.726	     0.200	[mu,kappa]: [(139.229,302.070),5.593]
			msglen: 959943.772 bits.
Iteration #: 52
	 77297.700	     0.366	[mu,kappa]: [(38.641,88.178),278.000]
	 11825.839	     0.056	[mu,kappa]: [(28.738,90.028),278.000]
	  5993.070	     0.028	[mu,kappa]: [(16.591,89.147),106.718]
	 18062.612	     0.085	[mu,kappa]: [(62.992,68.481),10.869]
	 35262.343	     0.167	[mu,kappa]: [(45.030,85.291),277.322]
	 20768.931	     0.098	[mu,kappa]: [(37.401,312.948),6.954]
	 42221.504	     0.200	[mu,kappa]: [(139.220,302.061),5.594]
			msglen: 959863.058 bits.
Iteration #: 53
	 78067.750	     0.369	[mu,kappa]: [(38.674,88.165),278.000]
	 11861.452	     0.056	[mu,kappa]: [(28.720,90.031),278.000]
	  5964.953	     0.028	[mu,kappa]: [(16.542,89.139),106.717]
	 18008.544	     0.085	[mu,kappa]: [(63.043,68.436),10.837]
	 34548.462	     0.163	[mu,kappa]: [(45.114,85.246),276.268]
	 20760.272	     0.098	[mu,kappa]: [(37.403,312.946),6.957]
	 42220.567	     0.200	[mu,kappa]: [(139.212,302.053),5.596]
			msglen: 959783.900 bits.
Iteration #: 54
	 78811.398	     0.373	[mu,kappa]: [(38.707,88.152),278.000]
	 11904.017	     0.056	[mu,kappa]: [(28.709,90.033),278.000]
	  5942.528	     0.028	[mu,kappa]: [(16.500,89.131),106.694]
	 17948.130	     0.085	[mu,kappa]: [(63.100,68.386),10.803]
	 33854.865	     0.160	[mu,kappa]: [(45.198,85.200),274.897]
	 20753.153	     0.098	[mu,kappa]: [(37.407,312.941),6.960]
	 42217.910	     0.200	[mu,kappa]: [(139.206,302.045),5.598]
			msglen: 959705.521 bits.
Iteration #: 55
	 79531.572	     0.376	[mu,kappa]: [(38.742,88.139),278.000]
	 11953.086	     0.057	[mu,kappa]: [(28.705,90.035),278.000]
	  5925.316	     0.028	[mu,kappa]: [(16.465,89.122),106.654]
	 17882.085	     0.085	[mu,kappa]: [(63.164,68.333),10.766]
	 33178.682	     0.157	[mu,kappa]: [(45.283,85.152),273.267]
	 20747.638	     0.098	[mu,kappa]: [(37.413,312.936),6.962]
	 42213.620	     0.200	[mu,kappa]: [(139.202,302.035),5.601]
			msglen: 959627.340 bits.
Iteration #: 56
	 80230.833	     0.379	[mu,kappa]: [(38.776,88.126),278.000]
	 12008.106	     0.057	[mu,kappa]: [(28.707,90.035),278.000]
	  5912.880	     0.028	[mu,kappa]: [(16.438,89.113),106.603]
	 17811.097	     0.084	[mu,kappa]: [(63.234,68.276),10.727]
	 32517.492	     0.154	[mu,kappa]: [(45.370,85.102),271.422]
	 20743.746	     0.098	[mu,kappa]: [(37.420,312.930),6.963]
	 42207.847	     0.200	[mu,kappa]: [(139.198,302.026),5.604]
			msglen: 959548.922 bits.
Iteration #: 57
	 80911.332	     0.383	[mu,kappa]: [(38.812,88.113),278.000]
	 12068.547	     0.057	[mu,kappa]: [(28.714,90.034),278.000]
	  5904.815	     0.028	[mu,kappa]: [(16.416,89.104),106.545]
	 17735.749	     0.084	[mu,kappa]: [(63.310,68.217),10.687]
	 31869.350	     0.151	[mu,kappa]: [(45.457,85.051),269.394]
	 20741.451	     0.098	[mu,kappa]: [(37.428,312.923),6.964]
	 42200.757	     0.200	[mu,kappa]: [(139.195,302.016),5.607]
			msglen: 959469.938 bits.
Iteration #: 58
	 81574.816	     0.386	[mu,kappa]: [(38.848,88.100),278.000]
	 12133.955	     0.057	[mu,kappa]: [(28.727,90.032),278.000]
	  5900.742	     0.028	[mu,kappa]: [(16.401,89.096),106.485]
	 17656.525	     0.084	[mu,kappa]: [(63.392,68.155),10.645]
	 31232.746	     0.148	[mu,kappa]: [(45.546,84.998),267.208]
	 20740.701	     0.098	[mu,kappa]: [(37.436,312.916),6.964]
	 42192.516	     0.200	[mu,kappa]: [(139.192,302.005),5.611]
			msglen: 959390.146 bits.
Iteration #: 59
	 82222.657	     0.389	[mu,kappa]: [(38.884,88.087),278.000]
	 12203.950	     0.058	[mu,kappa]: [(28.744,90.030),278.000]
	  5900.308	     0.028	[mu,kappa]: [(16.392,89.088),106.426]
	 17573.824	     0.083	[mu,kappa]: [(63.479,68.092),10.603]
	 30606.553	     0.145	[mu,kappa]: [(45.637,84.943),264.884]
	 20741.429	     0.098	[mu,kappa]: [(37.444,312.910),6.963]
	 42183.279	     0.200	[mu,kappa]: [(139.191,301.995),5.616]
			msglen: 959309.372 bits.
Iteration #: 60
	 82855.891	     0.392	[mu,kappa]: [(38.921,88.074),278.000]
	 12278.223	     0.058	[mu,kappa]: [(28.766,90.026),278.000]
	  5903.190	     0.028	[mu,kappa]: [(16.388,89.081),106.370]
	 17487.977	     0.083	[mu,kappa]: [(63.571,68.026),10.559]
	 29989.980	     0.142	[mu,kappa]: [(45.729,84.887),262.437]
	 20743.555	     0.098	[mu,kappa]: [(37.451,312.903),6.962]
	 42173.185	     0.199	[mu,kappa]: [(139.189,301.983),5.620]
			msglen: 959227.504 bits.
Iteration #: 61
	 83475.254	     0.395	[mu,kappa]: [(38.958,88.061),278.000]
	 12356.527	     0.058	[mu,kappa]: [(28.791,90.023),278.000]
	  5909.091	     0.028	[mu,kappa]: [(16.389,89.075),106.319]
	 17399.256	     0.082	[mu,kappa]: [(63.667,67.959),10.515]
	 29382.518	     0.139	[mu,kappa]: [(45.823,84.829),259.882]
	 20746.996	     0.098	[mu,kappa]: [(37.459,312.898),6.960]
	 42162.359	     0.199	[mu,kappa]: [(139.188,301.972),5.625]
			msglen: 959144.480 bits.
Iteration #: 62
	 84081.223	     0.398	[mu,kappa]: [(38.996,88.047),278.000]
	 12438.661	     0.059	[mu,kappa]: [(28.820,90.018),278.000]
	  5917.742	     0.028	[mu,kappa]: [(16.395,89.070),106.275]
	 17307.895	     0.082	[mu,kappa]: [(63.767,67.890),10.469]
	 28783.902	     0.136	[mu,kappa]: [(45.919,84.769),257.230]
	 20751.670	     0.098	[mu,kappa]: [(37.465,312.893),6.957]
	 42150.908	     0.199	[mu,kappa]: [(139.187,301.960),5.630]
			msglen: 959060.284 bits.
Iteration #: 63
	 84674.042	     0.400	[mu,kappa]: [(39.033,88.034),278.000]
	 12524.464	     0.059	[mu,kappa]: [(28.853,90.013),278.000]
	  5928.899	     0.028	[mu,kappa]: [(16.406,89.066),106.239]
	 17214.095	     0.081	[mu,kappa]: [(63.871,67.820),10.423]
	 28194.078	     0.133	[mu,kappa]: [(46.016,84.707),254.491]
	 20757.494	     0.098	[mu,kappa]: [(37.471,312.889),6.954]
	 42138.928	     0.199	[mu,kappa]: [(139.187,301.948),5.636]
			msglen: 958974.941 bits.
Iteration #: 64
	 85253.760	     0.403	[mu,kappa]: [(39.071,88.020),278.000]
	 12613.802	     0.060	[mu,kappa]: [(28.889,90.008),278.000]
	  5942.344	     0.028	[mu,kappa]: [(16.420,89.063),106.211]
	 17118.038	     0.081	[mu,kappa]: [(63.979,67.748),10.377]
	 27613.164	     0.131	[mu,kappa]: [(46.116,84.644),251.674]
	 20764.391	     0.098	[mu,kappa]: [(37.476,312.886),6.951]
	 42126.501	     0.199	[mu,kappa]: [(139.186,301.936),5.641]
			msglen: 958888.514 bits.
Iteration #: 65
	 85820.254	     0.406	[mu,kappa]: [(39.109,88.007),278.000]
	 12706.564	     0.060	[mu,kappa]: [(28.927,90.002),278.000]
	  5957.882	     0.028	[mu,kappa]: [(16.439,89.061),106.193]
	 17019.888	     0.080	[mu,kappa]: [(64.090,67.676),10.330]
	 27041.428	     0.128	[mu,kappa]: [(46.218,84.579),248.788]
	 20772.288	     0.098	[mu,kappa]: [(37.481,312.884),6.947]
	 42113.697	     0.199	[mu,kappa]: [(139.186,301.924),5.647]
			msglen: 958801.104 bits.
Iteration #: 66
	 86373.257	     0.409	[mu,kappa]: [(39.147,87.993),278.000]
	 12802.653	     0.061	[mu,kappa]: [(28.968,89.996),278.000]
	  5975.337	     0.028	[mu,kappa]: [(16.460,89.060),106.185]
	 16919.805	     0.080	[mu,kappa]: [(64.205,67.602),10.282]
	 26479.258	     0.125	[mu,kappa]: [(46.322,84.511),245.841]
	 20781.115	     0.098	[mu,kappa]: [(37.484,312.883),6.943]
	 42100.576	     0.199	[mu,kappa]: [(139.186,301.911),5.652]
			msglen: 958712.840 bits.
Iteration #: 67
	 86912.381	     0.411	[mu,kappa]: [(39.186,87.979),278.000]
	 12901.982	     0.061	[mu,kappa]: [(29.012,89.989),278.000]
	  5994.553	     0.028	[mu,kappa]: [(16.486,89.060),106.187]
	 16817.945	     0.080	[mu,kappa]: [(64.322,67.527),10.234]
	 25927.141	     0.123	[mu,kappa]: [(46.428,84.442),242.841]
	 20790.809	     0.098	[mu,kappa]: [(37.486,312.883),6.938]
	 42087.190	     0.199	[mu,kappa]: [(139.186,301.898),5.658]
			msglen: 958623.886 bits.
Iteration #: 68
	 87437.139	     0.414	[mu,kappa]: [(39.224,87.966),278.000]
	 13004.467	     0.062	[mu,kappa]: [(29.058,89.983),278.000]
	  6015.392	     0.028	[mu,kappa]: [(16.514,89.061),106.198]
	 16714.467	     0.079	[mu,kappa]: [(64.443,67.451),10.186]
	 25385.640	     0.120	[mu,kappa]: [(46.536,84.372),239.795]
	 20801.311	     0.098	[mu,kappa]: [(37.488,312.884),6.934]
	 42073.583	     0.199	[mu,kappa]: [(139.185,301.885),5.664]
			msglen: 958534.434 bits.
Iteration #: 69
	 87946.967	     0.416	[mu,kappa]: [(39.262,87.952),278.000]
	 13110.027	     0.062	[mu,kappa]: [(29.106,89.975),278.000]
	  6037.727	     0.029	[mu,kappa]: [(16.545,89.062),106.220]
	 16609.540	     0.079	[mu,kappa]: [(64.567,67.375),10.137]
	 24855.374	     0.118	[mu,kappa]: [(46.646,84.299),236.711]
	 20812.569	     0.098	[mu,kappa]: [(37.488,312.886),6.929]
	 42059.796	     0.199	[mu,kappa]: [(139.185,301.872),5.670]
			msglen: 958444.704 bits.
Iteration #: 70
	 88441.243	     0.418	[mu,kappa]: [(39.300,87.938),278.000]
	 13218.579	     0.063	[mu,kappa]: [(29.155,89.968),278.000]
	  6061.447	     0.029	[mu,kappa]: [(16.578,89.065),106.250]
	 16503.343	     0.078	[mu,kappa]: [(64.694,67.297),10.087]
	 24336.996	     0.115	[mu,kappa]: [(46.757,84.225),233.599]
	 20824.532	     0.098	[mu,kappa]: [(37.488,312.889),6.923]
	 42045.860	     0.199	[mu,kappa]: [(139.185,301.859),5.676]
			msglen: 958354.941 bits.
Iteration #: 71
	 88919.308	     0.421	[mu,kappa]: [(39.338,87.924),278.000]
	 13330.033	     0.063	[mu,kappa]: [(29.207,89.961),278.000]
	  6086.450	     0.029	[mu,kappa]: [(16.614,89.068),106.290]
	 16396.071	     0.078	[mu,kappa]: [(64.824,67.219),10.038]
	 23831.176	     0.113	[mu,kappa]: [(46.870,84.149),230.467]
	 20837.154	     0.099	[mu,kappa]: [(37.486,312.894),6.918]
	 42031.808	     0.199	[mu,kappa]: [(139.184,301.845),5.682]
			msglen: 958265.413 bits.
Iteration #: 72
	 89380.482	     0.423	[mu,kappa]: [(39.376,87.910),278.000]
	 13444.293	     0.064	[mu,kappa]: [(29.260,89.953),278.000]
	  6112.644	     0.029	[mu,kappa]: [(16.652,89.073),106.339]
	 16287.938	     0.077	[mu,kappa]: [(64.956,67.141),9.988]
	 23338.582	     0.110	[mu,kappa]: [(46.985,84.071),227.323]
	 20850.393	     0.099	[mu,kappa]: [(37.483,312.899),6.912]
	 42017.668	     0.199	[mu,kappa]: [(139.183,301.832),5.688]
			msglen: 958176.408 bits.
Iteration #: 73
	 89824.086	     0.425	[mu,kappa]: [(39.413,87.896),278.000]
	 13561.253	     0.064	[mu,kappa]: [(29.314,89.945),278.000]
	  6139.943	     0.029	[mu,kappa]: [(16.693,89.078),106.397]
	 16179.179	     0.077	[mu,kappa]: [(65.090,67.062),9.938]
	 22859.866	     0.108	[mu,kappa]: [(47.101,83.993),224.179]
	 20864.208	     0.099	[mu,kappa]: [(37.480,312.906),6.906]
	 42003.466	     0.199	[mu,kappa]: [(139.183,301.818),5.695]
			msglen: 958088.227 bits.
Iteration #: 74
	 90249.455	     0.427	[mu,kappa]: [(39.450,87.883),278.000]
	 13680.795	     0.065	[mu,kappa]: [(29.370,89.937),278.000]
	  6168.268	     0.029	[mu,kappa]: [(16.734,89.083),106.462]
	 16070.047	     0.076	[mu,kappa]: [(65.226,66.983),9.889]
	 22395.647	     0.106	[mu,kappa]: [(47.219,83.913),221.042]
	 20878.559	     0.099	[mu,kappa]: [(37.475,312.914),6.900]
	 41989.228	     0.199	[mu,kappa]: [(139.182,301.804),5.701]
			msglen: 958001.186 bits.
Iteration #: 75
	 90655.959	     0.429	[mu,kappa]: [(39.487,87.869),278.000]
	 13802.789	     0.065	[mu,kappa]: [(29.426,89.929),278.000]
	  6197.545	     0.029	[mu,kappa]: [(16.778,89.089),106.535]
	 15960.818	     0.075	[mu,kappa]: [(65.364,66.904),9.839]
	 21946.498	     0.104	[mu,kappa]: [(47.337,83.832),217.925]
	 20893.410	     0.099	[mu,kappa]: [(37.470,312.923),6.893]
	 41974.982	     0.199	[mu,kappa]: [(139.180,301.790),5.707]
			msglen: 957915.603 bits.
Iteration #: 76
	 91043.017	     0.431	[mu,kappa]: [(39.523,87.855),278.000]
	 13927.090	     0.066	[mu,kappa]: [(29.484,89.920),278.000]
	  6227.702	     0.029	[mu,kappa]: [(16.823,89.095),106.615]
	 15851.785	     0.075	[mu,kappa]: [(65.503,66.825),9.789]
	 21512.931	     0.102	[mu,kappa]: [(47.455,83.750),214.836]
	 20908.721	     0.099	[mu,kappa]: [(37.464,312.933),6.887]
	 41960.754	     0.198	[mu,kappa]: [(139.179,301.776),5.713]
			msglen: 957831.795 bits.
Iteration #: 77
	 91410.118	     0.432	[mu,kappa]: [(39.559,87.842),278.000]
	 14053.540	     0.066	[mu,kappa]: [(29.543,89.912),278.000]
	  6258.670	     0.030	[mu,kappa]: [(16.870,89.102),106.702]
	 15743.252	     0.074	[mu,kappa]: [(65.644,66.747),9.740]
	 21095.391	     0.100	[mu,kappa]: [(47.574,83.668),211.786]
	 20924.454	     0.099	[mu,kappa]: [(37.456,312.944),6.880]
	 41946.575	     0.198	[mu,kappa]: [(139.178,301.762),5.719]
			msglen: 957750.072 bits.
Iteration #: 78
	 91756.833	     0.434	[mu,kappa]: [(39.594,87.829),278.000]
	 14181.964	     0.067	[mu,kappa]: [(29.603,89.904),278.000]
	  6290.381	     0.030	[mu,kappa]: [(16.918,89.109),106.796]
	 15635.533	     0.074	[mu,kappa]: [(65.785,66.669),9.691]
	 20694.247	     0.098	[mu,kappa]: [(47.693,83.585),208.785]
	 20940.569	     0.099	[mu,kappa]: [(37.448,312.956),6.873]
	 41932.474	     0.198	[mu,kappa]: [(139.176,301.748),5.726]
			msglen: 957670.725 bits.
Iteration #: 79
	 92082.829	     0.436	[mu,kappa]: [(39.629,87.815),278.000]
	 14312.175	     0.068	[mu,kappa]: [(29.663,89.895),278.000]
	  6322.769	     0.030	[mu,kappa]: [(16.967,89.117),106.895]
	 15528.941	     0.073	[mu,kappa]: [(65.926,66.593),9.643]
	 20309.778	     0.096	[mu,kappa]: [(47.812,83.502),205.841]
	 20957.025	     0.099	[mu,kappa]: [(37.440,312.969),6.867]
	 41918.482	     0.198	[mu,kappa]: [(139.175,301.734),5.732]
			msglen: 957594.022 bits.
Iteration #: 80
	 92387.888	     0.437	[mu,kappa]: [(39.662,87.802),278.000]
	 14443.971	     0.068	[mu,kappa]: [(29.723,89.887),278.000]
	  6355.767	     0.030	[mu,kappa]: [(17.016,89.125),107.000]
	 15423.784	     0.073	[mu,kappa]: [(66.067,66.517),9.595]
	 19942.177	     0.094	[mu,kappa]: [(47.930,83.420),202.964]
	 20973.780	     0.099	[mu,kappa]: [(37.430,312.983),6.860]
	 41904.634	     0.198	[mu,kappa]: [(139.173,301.720),5.738]
			msglen: 957520.199 bits.
Iteration #: 81
	 92671.908	     0.438	[mu,kappa]: [(39.696,87.790),278.000]
	 14577.140	     0.069	[mu,kappa]: [(29.784,89.878),278.000]
	  6389.308	     0.030	[mu,kappa]: [(17.067,89.133),107.109]
	 15320.357	     0.072	[mu,kappa]: [(66.207,66.443),9.549]
	 19591.538	     0.093	[mu,kappa]: [(48.047,83.338),200.160]
	 20990.786	     0.099	[mu,kappa]: [(37.420,312.998),6.853]
	 41890.962	     0.198	[mu,kappa]: [(139.171,301.707),5.744]
			msglen: 957449.455 bits.
Iteration #: 82
	 92934.919	     0.440	[mu,kappa]: [(39.728,87.777),278.000]
	 14711.458	     0.070	[mu,kappa]: [(29.846,89.870),278.000]
	  6423.326	     0.030	[mu,kappa]: [(17.119,89.141),107.224]
	 15218.935	     0.072	[mu,kappa]: [(66.347,66.370),9.503]
	 19257.861	     0.091	[mu,kappa]: [(48.162,83.256),197.436]
	 21007.999	     0.099	[mu,kappa]: [(37.409,313.014),6.845]
	 41877.502	     0.198	[mu,kappa]: [(139.170,301.693),5.750]
			msglen: 957381.949 bits.
Iteration #: 83
	 93177.080	     0.441	[mu,kappa]: [(39.760,87.765),278.000]
	 14846.696	     0.070	[mu,kappa]: [(29.907,89.861),278.000]
	  6457.753	     0.031	[mu,kappa]: [(17.171,89.150),107.343]
	 15119.766	     0.072	[mu,kappa]: [(66.485,66.299),9.459]
	 18941.049	     0.090	[mu,kappa]: [(48.276,83.176),194.797]
	 21025.371	     0.099	[mu,kappa]: [(37.397,313.030),6.838]
	 41864.286	     0.198	[mu,kappa]: [(139.168,301.680),5.756]
			msglen: 957317.794 bits.
Iteration #: 84
	 93398.683	     0.442	[mu,kappa]: [(39.790,87.753),278.000]
	 14982.616	     0.071	[mu,kappa]: [(29.969,89.853),278.000]
	  6492.523	     0.031	[mu,kappa]: [(17.223,89.158),107.465]
	 15023.070	     0.071	[mu,kappa]: [(66.621,66.230),9.415]
	 18640.909	     0.088	[mu,kappa]: [(48.387,83.097),192.248]
	 21042.850	     0.100	[mu,kappa]: [(37.385,313.047),6.831]
	 41851.348	     0.198	[mu,kappa]: [(139.166,301.667),5.761]
			msglen: 957257.058 bits.
Iteration #: 85
	 93600.145	     0.443	[mu,kappa]: [(39.820,87.742),278.000]
	 15118.983	     0.072	[mu,kappa]: [(30.030,89.845),278.000]
	  6527.569	     0.031	[mu,kappa]: [(17.276,89.167),107.592]
	 14929.035	     0.071	[mu,kappa]: [(66.755,66.163),9.373]
	 18357.158	     0.087	[mu,kappa]: [(48.497,83.020),189.791]
	 21060.390	     0.100	[mu,kappa]: [(37.373,313.065),6.824]
	 41838.720	     0.198	[mu,kappa]: [(139.164,301.654),5.767]
			msglen: 957199.766 bits.
Iteration #: 86
	 93782.004	     0.444	[mu,kappa]: [(39.849,87.730),278.000]
	 15255.559	     0.072	[mu,kappa]: [(30.091,89.837),278.000]
	  6562.824	     0.031	[mu,kappa]: [(17.329,89.176),107.721]
	 14837.815	     0.070	[mu,kappa]: [(66.886,66.099),9.333]
	 18089.430	     0.086	[mu,kappa]: [(48.603,82.944),187.429]
	 21077.939	     0.100	[mu,kappa]: [(37.360,313.083),6.817]
	 41826.429	     0.198	[mu,kappa]: [(139.162,301.642),5.772]
			msglen: 957145.903 bits.
Iteration #: 87
	 93944.902	     0.444	[mu,kappa]: [(39.877,87.719),278.000]
	 15392.112	     0.073	[mu,kappa]: [(30.152,89.828),278.000]
	  6598.224	     0.031	[mu,kappa]: [(17.382,89.185),107.853]
	 14749.528	     0.070	[mu,kappa]: [(67.015,66.036),9.294]
	 17837.282	     0.084	[mu,kappa]: [(48.707,82.870),185.161]
	 21095.449	     0.100	[mu,kappa]: [(37.346,313.101),6.810]
	 41814.503	     0.198	[mu,kappa]: [(139.160,301.629),5.778]
			msglen: 957095.414 bits.
Iteration #: 88
	 94089.580	     0.445	[mu,kappa]: [(39.904,87.709),278.000]
	 15528.415	     0.073	[mu,kappa]: [(30.212,89.820),278.000]
	  6633.703	     0.031	[mu,kappa]: [(17.436,89.194),107.988]
	 14664.260	     0.069	[mu,kappa]: [(67.141,65.976),9.256]
	 17600.203	     0.083	[mu,kappa]: [(48.807,82.799),182.989]
	 21112.874	     0.100	[mu,kappa]: [(37.332,313.120),6.803]
	 41802.965	     0.198	[mu,kappa]: [(139.158,301.618),5.783]
			msglen: 957048.214 bits.
Iteration #: 89
	 94216.854	     0.446	[mu,kappa]: [(39.931,87.698),278.000]
	 15664.251	     0.074	[mu,kappa]: [(30.272,89.812),278.000]
	  6669.200	     0.032	[mu,kappa]: [(17.489,89.203),108.124]
	 14582.067	     0.069	[mu,kappa]: [(67.263,65.919),9.220]
	 17377.627	     0.082	[mu,kappa]: [(48.905,82.729),180.912]
	 21130.168	     0.100	[mu,kappa]: [(37.318,313.140),6.796]
	 41791.835	     0.198	[mu,kappa]: [(139.156,301.606),5.788]
			msglen: 957004.193 bits.
Iteration #: 90
	 94327.603	     0.446	[mu,kappa]: [(39.956,87.688),278.000]
	 15799.414	     0.075	[mu,kappa]: [(30.331,89.805),278.000]
	  6704.654	     0.032	[mu,kappa]: [(17.542,89.211),108.262]
	 14502.973	     0.069	[mu,kappa]: [(67.383,65.864),9.185]
	 17168.940	     0.081	[mu,kappa]: [(48.999,82.662),178.928]
	 21147.289	     0.100	[mu,kappa]: [(37.303,313.159),6.789]
	 41781.127	     0.198	[mu,kappa]: [(139.154,301.595),5.793]
			msglen: 956963.216 bits.
Iteration #: 91
	 94422.753	     0.447	[mu,kappa]: [(39.981,87.679),278.000]
	 15933.710	     0.075	[mu,kappa]: [(30.389,89.797),278.000]
	  6740.007	     0.032	[mu,kappa]: [(17.595,89.220),108.401]
	 14426.978	     0.068	[mu,kappa]: [(67.498,65.811),9.152]
	 16973.497	     0.080	[mu,kappa]: [(49.089,82.598),177.035]
	 21164.198	     0.100	[mu,kappa]: [(37.288,313.179),6.783]
	 41770.856	     0.198	[mu,kappa]: [(139.151,301.585),5.797]
			msglen: 956925.135 bits.
Iteration #: 92
	 94503.260	     0.447	[mu,kappa]: [(40.004,87.670),278.000]
	 16066.960	     0.076	[mu,kappa]: [(30.447,89.789),278.000]
	  6775.204	     0.032	[mu,kappa]: [(17.647,89.229),108.540]
	 14354.059	     0.068	[mu,kappa]: [(67.610,65.760),9.121]
	 16790.627	     0.079	[mu,kappa]: [(49.177,82.535),175.232]
	 21180.859	     0.100	[mu,kappa]: [(37.273,313.199),6.776]
	 41761.030	     0.198	[mu,kappa]: [(139.149,301.574),5.801]
			msglen: 956889.792 bits.
Iteration #: 93
	 94570.093	     0.447	[mu,kappa]: [(40.027,87.661),278.000]
	 16199.000	     0.077	[mu,kappa]: [(30.504,89.782),278.000]
	  6810.194	     0.032	[mu,kappa]: [(17.699,89.237),108.680]
	 14284.174	     0.068	[mu,kappa]: [(67.719,65.712),9.091]
	 16619.647	     0.079	[mu,kappa]: [(49.260,82.476),173.514]
	 21197.239	     0.100	[mu,kappa]: [(37.257,313.219),6.770]
	 41751.653	     0.197	[mu,kappa]: [(139.147,301.565),5.806]
			msglen: 956857.022 bits.
Iteration #: 94
	 94624.222	     0.448	[mu,kappa]: [(40.049,87.652),278.000]
	 16329.681	     0.077	[mu,kappa]: [(30.559,89.775),278.000]
	  6844.928	     0.032	[mu,kappa]: [(17.750,89.246),108.820]
	 14217.261	     0.067	[mu,kappa]: [(67.823,65.667),9.062]
	 16459.869	     0.078	[mu,kappa]: [(49.341,82.418),171.880]
	 21213.311	     0.100	[mu,kappa]: [(37.242,313.239),6.763]
	 41742.727	     0.197	[mu,kappa]: [(139.145,301.555),5.810]
			msglen: 956826.660 bits.
Iteration #: 95
	 94666.607	     0.448	[mu,kappa]: [(40.070,87.644),278.000]
	 16458.870	     0.078	[mu,kappa]: [(30.614,89.767),278.000]
	  6879.361	     0.033	[mu,kappa]: [(17.801,89.254),108.959]
	 14153.250	     0.067	[mu,kappa]: [(67.924,65.623),9.035]
	 16310.610	     0.077	[mu,kappa]: [(49.417,82.363),170.327]
	 21229.049	     0.100	[mu,kappa]: [(37.226,313.259),6.757]
	 41734.252	     0.197	[mu,kappa]: [(139.143,301.546),5.813]
			msglen: 956798.540 bits.
Iteration #: 96
	 94698.185	     0.448	[mu,kappa]: [(40.090,87.636),278.000]
	 16586.450	     0.078	[mu,kappa]: [(30.668,89.760),278.000]
	  6913.451	     0.033	[mu,kappa]: [(17.851,89.262),109.097]
	 14092.057	     0.067	[mu,kappa]: [(68.022,65.582),9.009]
	 16171.200	     0.076	[mu,kappa]: [(49.491,82.311),168.850]
	 21244.433	     0.100	[mu,kappa]: [(37.210,313.279),6.751]
	 41726.223	     0.197	[mu,kappa]: [(139.140,301.537),5.817]
			msglen: 956772.503 bits.
Iteration #: 97
	 94719.864	     0.448	[mu,kappa]: [(40.110,87.628),278.000]
	 16712.321	     0.079	[mu,kappa]: [(30.721,89.754),278.000]
	  6947.161	     0.033	[mu,kappa]: [(17.900,89.270),109.235]
	 14033.591	     0.066	[mu,kappa]: [(68.115,65.543),8.985]
	 16040.985	     0.076	[mu,kappa]: [(49.561,82.261),167.447]
	 21259.446	     0.101	[mu,kappa]: [(37.194,313.299),6.746]
	 41718.633	     0.197	[mu,kappa]: [(139.138,301.529),5.820]
			msglen: 956748.393 bits.
Iteration #: 98
	 94732.512	     0.448	[mu,kappa]: [(40.128,87.621),278.000]
	 16836.393	     0.080	[mu,kappa]: [(30.773,89.747),278.000]
	  6980.456	     0.033	[mu,kappa]: [(17.948,89.278),109.370]
	 13977.755	     0.066	[mu,kappa]: [(68.206,65.506),8.962]
	 15919.337	     0.075	[mu,kappa]: [(49.628,82.213),166.114]
	 21274.074	     0.101	[mu,kappa]: [(37.178,313.319),6.740]
	 41711.472	     0.197	[mu,kappa]: [(139.136,301.521),5.824]
			msglen: 956726.064 bits.
Iteration #: 99
	 94736.959	     0.448	[mu,kappa]: [(40.147,87.614),278.000]
	 16958.596	     0.080	[mu,kappa]: [(30.823,89.740),278.000]
	  7013.307	     0.033	[mu,kappa]: [(17.996,89.285),109.505]
	 13924.449	     0.066	[mu,kappa]: [(68.292,65.471),8.940]
	 15805.652	     0.075	[mu,kappa]: [(49.691,82.167),164.848]
	 21288.306	     0.101	[mu,kappa]: [(37.162,313.339),6.735]
	 41704.731	     0.197	[mu,kappa]: [(139.134,301.514),5.827]
			msglen: 956705.377 bits.
Iteration #: 100
	 94733.988	     0.448	[mu,kappa]: [(40.164,87.607),278.000]
	 17078.868	     0.081	[mu,kappa]: [(30.873,89.734),278.000]
	  7045.686	     0.033	[mu,kappa]: [(18.043,89.292),109.637]
	 13873.570	     0.066	[mu,kappa]: [(68.376,65.437),8.919]
	 15699.356	     0.074	[mu,kappa]: [(49.752,82.124),163.646]
	 21302.135	     0.101	[mu,kappa]: [(37.146,313.359),6.730]
	 41698.396	     0.197	[mu,kappa]: [(139.131,301.506),5.830]
			msglen: 956686.201 bits.
Iteration #: 101
	 94724.333	     0.448	[mu,kappa]: [(40.181,87.600),278.000]
	 17197.163	     0.081	[mu,kappa]: [(30.921,89.728),278.000]
	  7077.570	     0.033	[mu,kappa]: [(18.089,89.299),109.767]
	 13825.015	     0.065	[mu,kappa]: [(68.456,65.406),8.900]
	 15599.908	     0.074	[mu,kappa]: [(49.810,82.082),162.505]
	 21315.558	     0.101	[mu,kappa]: [(37.130,313.378),6.725]
	 41692.454	     0.197	[mu,kappa]: [(139.129,301.499),5.832]
			msglen: 956668.416 bits.
Iteration #: 102
	 94708.681	     0.448	[mu,kappa]: [(40.197,87.594),278.000]
	 17313.443	     0.082	[mu,kappa]: [(30.969,89.722),278.000]
	  7108.939	     0.034	[mu,kappa]: [(18.134,89.306),109.895]
	 13778.682	     0.065	[mu,kappa]: [(68.533,65.376),8.881]
	 15506.796	     0.073	[mu,kappa]: [(49.865,82.042),161.421]
	 21328.571	     0.101	[mu,kappa]: [(37.114,313.397),6.720]
	 41686.889	     0.197	[mu,kappa]: [(139.127,301.493),5.835]
			msglen: 956651.910 bits.
Iteration #: 103
	 94687.669	     0.448	[mu,kappa]: [(40.212,87.588),278.000]
	 17427.683	     0.082	[mu,kappa]: [(31.015,89.716),278.000]
	  7139.776	     0.034	[mu,kappa]: [(18.178,89.313),110.020]
	 13734.467	     0.065	[mu,kappa]: [(68.607,65.348),8.864]
	 15419.543	     0.073	[mu,kappa]: [(49.918,82.005),160.392]
	 21341.175	     0.101	[mu,kappa]: [(37.098,313.416),6.715]
	 41681.686	     0.197	[mu,kappa]: [(139.124,301.486),5.837]
			msglen: 956636.579 bits.
Iteration #: 104
	 94661.889	     0.448	[mu,kappa]: [(40.227,87.582),278.000]
	 17539.864	     0.083	[mu,kappa]: [(31.060,89.710),278.000]
	  7170.068	     0.034	[mu,kappa]: [(18.221,89.319),110.143]
	 13692.272	     0.065	[mu,kappa]: [(68.678,65.321),8.847]
	 15337.705	     0.073	[mu,kappa]: [(49.968,81.969),159.414]
	 21353.373	     0.101	[mu,kappa]: [(37.083,313.435),6.711]
	 41676.829	     0.197	[mu,kappa]: [(139.122,301.480),5.840]
			msglen: 956622.329 bits.
Iteration #: 105
	 94631.883	     0.448	[mu,kappa]: [(40.241,87.577),278.000]
	 17649.977	     0.083	[mu,kappa]: [(31.104,89.704),278.000]
	  7199.803	     0.034	[mu,kappa]: [(18.263,89.325),110.264]
	 13651.999	     0.065	[mu,kappa]: [(68.746,65.295),8.832]
	 15260.867	     0.072	[mu,kappa]: [(50.016,81.935),158.485]
	 21365.169	     0.101	[mu,kappa]: [(37.067,313.453),6.707]
	 41672.301	     0.197	[mu,kappa]: [(139.119,301.475),5.842]
			msglen: 956609.071 bits.
Iteration #: 106
	 94598.150	     0.447	[mu,kappa]: [(40.255,87.571),278.000]
	 17758.021	     0.084	[mu,kappa]: [(31.147,89.699),278.000]
	  7228.973	     0.034	[mu,kappa]: [(18.304,89.331),110.381]
	 13613.554	     0.064	[mu,kappa]: [(68.811,65.271),8.817]
	 15188.647	     0.072	[mu,kappa]: [(50.061,81.902),157.603]
	 21376.569	     0.101	[mu,kappa]: [(37.051,313.471),6.703]
	 41668.086	     0.197	[mu,kappa]: [(139.117,301.469),5.844]
			msglen: 956596.726 bits.
Iteration #: 107
	 94561.147	     0.447	[mu,kappa]: [(40.269,87.566),278.000]
	 17863.999	     0.084	[mu,kappa]: [(31.188,89.693),278.000]
	  7257.572	     0.034	[mu,kappa]: [(18.344,89.336),110.496]
	 13576.846	     0.064	[mu,kappa]: [(68.874,65.249),8.803]
	 15120.691	     0.072	[mu,kappa]: [(50.104,81.871),156.763]
	 21387.579	     0.101	[mu,kappa]: [(37.036,313.489),6.699]
	 41664.166	     0.197	[mu,kappa]: [(139.115,301.464),5.846]
			msglen: 956585.222 bits.
Iteration #: 108
	 94521.289	     0.447	[mu,kappa]: [(40.282,87.561),278.000]
	 17967.922	     0.085	[mu,kappa]: [(31.229,89.688),278.000]
	  7285.596	     0.034	[mu,kappa]: [(18.384,89.342),110.608]
	 13541.787	     0.064	[mu,kappa]: [(68.934,65.227),8.790]
	 15056.673	     0.071	[mu,kappa]: [(50.146,81.841),155.965]
	 21398.207	     0.101	[mu,kappa]: [(37.021,313.506),6.695]
	 41660.527	     0.197	[mu,kappa]: [(139.112,301.459),5.848]
			msglen: 956574.491 bits.
Iteration #: 109
	 94478.956	     0.447	[mu,kappa]: [(40.294,87.556),278.000]
	 18069.803	     0.085	[mu,kappa]: [(31.269,89.683),278.000]
	  7313.043	     0.035	[mu,kappa]: [(18.422,89.347),110.717]
	 13508.292	     0.064	[mu,kappa]: [(68.991,65.207),8.777]
	 14996.293	     0.071	[mu,kappa]: [(50.185,81.813),155.206]
	 21408.464	     0.101	[mu,kappa]: [(37.006,313.523),6.691]
	 41657.150	     0.197	[mu,kappa]: [(139.110,301.454),5.849]
			msglen: 956564.472 bits.
Iteration #: 110
	 94434.490	     0.447	[mu,kappa]: [(40.306,87.552),278.000]
	 18169.662	     0.086	[mu,kappa]: [(31.307,89.678),278.000]
	  7339.913	     0.035	[mu,kappa]: [(18.459,89.352),110.823]
	 13476.281	     0.064	[mu,kappa]: [(69.047,65.187),8.765]
	 14939.275	     0.071	[mu,kappa]: [(50.223,81.786),154.483]
	 21418.357	     0.101	[mu,kappa]: [(36.991,313.540),6.688]
	 41654.022	     0.197	[mu,kappa]: [(139.107,301.449),5.851]
			msglen: 956555.111 bits.
