Iteration #: 0
	 16318.000	     0.077	[mu,kappa]: [(37.196,66.900),2.181]
	 16337.000	     0.077	[mu,kappa]: [(36.790,67.917),2.278]
	 16482.000	     0.078	[mu,kappa]: [(37.067,67.221),2.206]
	 16069.000	     0.076	[mu,kappa]: [(36.807,67.029),2.194]
	 16255.000	     0.077	[mu,kappa]: [(36.406,67.236),2.232]
	 16409.000	     0.078	[mu,kappa]: [(37.170,67.290),2.188]
	 15938.000	     0.075	[mu,kappa]: [(36.985,65.900),2.153]
	 16178.000	     0.077	[mu,kappa]: [(37.251,66.777),2.167]
	 16287.000	     0.077	[mu,kappa]: [(36.702,66.735),2.199]
	 16227.000	     0.077	[mu,kappa]: [(36.968,67.351),2.248]
	 16365.000	     0.077	[mu,kappa]: [(37.041,66.590),2.178]
	 16239.000	     0.077	[mu,kappa]: [(36.952,67.481),2.206]
	 16328.000	     0.077	[mu,kappa]: [(37.081,66.419),2.175]
			msglen: 945147.566 bits.
Iteration #: 1
	 16315.556	     0.077	[mu,kappa]: [(37.081,66.452),2.144]
	 16351.890	     0.077	[mu,kappa]: [(36.867,69.371),2.456]
	 16478.828	     0.078	[mu,kappa]: [(37.006,67.288),2.223]
	 16065.791	     0.076	[mu,kappa]: [(36.900,66.814),2.185]
	 16254.177	     0.077	[mu,kappa]: [(36.699,67.876),2.301]
	 16405.706	     0.078	[mu,kappa]: [(37.082,66.820),2.172]
	 15942.524	     0.075	[mu,kappa]: [(36.984,65.048),2.042]
	 16177.572	     0.077	[mu,kappa]: [(37.124,65.983),2.101]
	 16283.625	     0.077	[mu,kappa]: [(36.830,66.795),2.191]
	 16230.290	     0.077	[mu,kappa]: [(36.924,68.448),2.351]
	 16363.302	     0.077	[mu,kappa]: [(37.001,66.177),2.127]
	 16235.894	     0.077	[mu,kappa]: [(36.973,67.386),2.231]
	 16326.845	     0.077	[mu,kappa]: [(37.012,66.019),2.115]
			msglen: 1586259.672 bits.
Iteration #: 2
	 16290.653	     0.077	[mu,kappa]: [(37.065,65.105),2.037]
	 16498.912	     0.078	[mu,kappa]: [(36.978,73.371),3.107]
	 16447.480	     0.078	[mu,kappa]: [(36.949,67.809),2.282]
	 16033.565	     0.076	[mu,kappa]: [(36.928,66.503),2.160]
	 16251.034	     0.077	[mu,kappa]: [(36.807,69.887),2.532]
	 16373.957	     0.077	[mu,kappa]: [(37.029,66.169),2.124]
	 15985.315	     0.076	[mu,kappa]: [(37.302,60.539),1.741]
	 16172.062	     0.076	[mu,kappa]: [(37.176,63.427),1.912]
	 16250.632	     0.077	[mu,kappa]: [(36.886,66.667),2.177]
	 16263.072	     0.077	[mu,kappa]: [(36.921,71.195),2.710]
	 16344.799	     0.077	[mu,kappa]: [(37.054,64.408),1.986]
	 16206.347	     0.077	[mu,kappa]: [(36.934,68.036),2.306]
	 16314.171	     0.077	[mu,kappa]: [(37.084,63.913),1.950]
			msglen: 1580938.594 bits.
Iteration #: 3
	 16033.773	     0.076	[mu,kappa]: [(37.183,60.873),1.779]
	 17976.629	     0.085	[mu,kappa]: [(37.678,80.262),6.818]
	 16164.255	     0.076	[mu,kappa]: [(36.817,69.655),2.527]
	 15725.514	     0.074	[mu,kappa]: [(36.841,65.902),2.134]
	 16261.745	     0.077	[mu,kappa]: [(36.965,74.696),3.479]
	 16065.735	     0.076	[mu,kappa]: [(36.936,64.642),2.028]
	 16318.408	     0.077	[mu,kappa]: [(41.620,38.803),1.054]
	 16078.447	     0.076	[mu,kappa]: [(38.065,53.756),1.452]
	 15937.969	     0.075	[mu,kappa]: [(36.805,66.498),2.188]
	 16628.418	     0.079	[mu,kappa]: [(37.216,77.059),4.322]
	 16139.892	     0.076	[mu,kappa]: [(37.418,58.229),1.642]
	 15942.784	     0.075	[mu,kappa]: [(36.820,70.263),2.609]
	 16158.431	     0.076	[mu,kappa]: [(37.676,56.134),1.547]
			msglen: 1534410.901 bits.
Iteration #: 4
	 13802.218	     0.065	[mu,kappa]: [(37.948,45.729),1.342]
	 31298.485	     0.148	[mu,kappa]: [(39.162,85.362),42.625]
	 14089.316	     0.067	[mu,kappa]: [(36.407,73.816),3.670]
	 13316.810	     0.063	[mu,kappa]: [(35.969,64.828),2.272]
	 16608.626	     0.079	[mu,kappa]: [(37.707,81.165),9.748]
	 13601.418	     0.064	[mu,kappa]: [(36.097,60.800),1.969]
	 17790.386	     0.084	[mu,kappa]: [(111.571,324.672),0.954]
	 14802.012	     0.070	[mu,kappa]: [(55.868,8.422),0.756]
	 13517.734	     0.064	[mu,kappa]: [(35.968,66.545),2.438]
	 19874.351	     0.094	[mu,kappa]: [(38.388,83.275),18.004]
	 14192.566	     0.067	[mu,kappa]: [(41.638,32.529),1.053]
	 14038.035	     0.066	[mu,kappa]: [(36.536,74.956),4.027]
	 14500.042	     0.069	[mu,kappa]: [(46.866,21.171),0.886]
			msglen: 1280659.566 bits.
Iteration #: 5
	  7698.407	     0.036	[mu,kappa]: [(62.152,346.435),1.015]
	 76439.884	     0.362	[mu,kappa]: [(39.704,87.086),141.677]
	  7334.287	     0.035	[mu,kappa]: [(34.911,70.053),5.869]
	  6424.321	     0.030	[mu,kappa]: [(32.884,45.768),2.350]
	 14455.359	     0.068	[mu,kappa]: [(38.764,83.323),26.185]
	  6683.515	     0.032	[mu,kappa]: [(34.653,31.525),1.784]
	 21955.301	     0.104	[mu,kappa]: [(131.707,302.061),3.389]
	 11307.712	     0.053	[mu,kappa]: [(115.117,313.927),1.598]
	  6508.787	     0.031	[mu,kappa]: [(32.754,51.326),2.693]
	 26189.850	     0.124	[mu,kappa]: [(39.342,85.878),58.760]
	  8888.480	     0.042	[mu,kappa]: [(90.704,328.162),1.073]
	  7567.335	     0.036	[mu,kappa]: [(35.506,72.363),6.921]
	  9978.763	     0.047	[mu,kappa]: [(105.355,319.860),1.292]
			msglen: 1042706.083 bits.
Iteration #: 6
	  5783.416	     0.027	[mu,kappa]: [(66.074,332.047),1.385]
	 92417.950	     0.437	[mu,kappa]: [(39.862,87.454),215.952]
	  5787.228	     0.027	[mu,kappa]: [(34.666,63.079),6.399]
	  4833.069	     0.023	[mu,kappa]: [(31.113,29.447),2.960]
	 12047.116	     0.057	[mu,kappa]: [(38.963,83.222),28.785]
	  4954.554	     0.023	[mu,kappa]: [(33.686,13.002),2.292]
	 25043.506	     0.118	[mu,kappa]: [(136.428,299.679),5.341]
	  9876.969	     0.047	[mu,kappa]: [(119.497,307.682),2.332]
	  4942.088	     0.023	[mu,kappa]: [(30.931,36.419),3.346]
	 24523.253	     0.116	[mu,kappa]: [(39.403,86.173),74.188]
	  7000.849	     0.033	[mu,kappa]: [(95.146,318.128),1.523]
	  5983.542	     0.028	[mu,kappa]: [(35.605,66.851),7.382]
	  8238.459	     0.039	[mu,kappa]: [(109.692,311.988),1.859]
			msglen: 1011425.537 bits.
Iteration #: 7
	  5348.545	     0.025	[mu,kappa]: [(57.372,328.458),1.686]
	 93723.336	     0.443	[mu,kappa]: [(39.936,87.582),258.372]
	  6188.638	     0.029	[mu,kappa]: [(35.914,62.318),6.298]
	  5069.188	     0.024	[mu,kappa]: [(28.410,24.881),3.437]
	 12158.572	     0.058	[mu,kappa]: [(39.297,82.780),27.051]
	  5050.459	     0.024	[mu,kappa]: [(30.002,7.661),2.803]
	 26638.480	     0.126	[mu,kappa]: [(140.442,299.580),6.830]
	  8883.772	     0.042	[mu,kappa]: [(119.623,305.946),2.599]
	  5232.809	     0.025	[mu,kappa]: [(28.709,32.547),3.771]
	 23197.485	     0.110	[mu,kappa]: [(39.243,86.044),71.931]
	  6244.825	     0.030	[mu,kappa]: [(88.450,315.480),1.680]
	  6382.750	     0.030	[mu,kappa]: [(37.383,66.290),7.178]
	  7313.141	     0.035	[mu,kappa]: [(106.824,309.807),2.020]
			msglen: 1003584.082 bits.
Iteration #: 8
	  5210.611	     0.025	[mu,kappa]: [(52.588,323.525),2.035]
	 93058.911	     0.440	[mu,kappa]: [(39.980,87.642),278.000]
	  6454.307	     0.031	[mu,kappa]: [(38.819,63.621),6.119]
	  5250.272	     0.025	[mu,kappa]: [(26.104,19.914),3.731]
	 12658.063	     0.060	[mu,kappa]: [(39.903,82.547),26.538]
	  5202.522	     0.025	[mu,kappa]: [(27.543,0.196),3.204]
	 27585.274	     0.130	[mu,kappa]: [(143.370,300.244),7.884]
	  8204.694	     0.039	[mu,kappa]: [(117.904,304.723),2.786]
	  5418.368	     0.026	[mu,kappa]: [(26.768,29.317),3.986]
	 23074.042	     0.109	[mu,kappa]: [(38.933,85.950),68.242]
	  5857.448	     0.028	[mu,kappa]: [(82.324,312.599),1.891]
	  6700.282	     0.032	[mu,kappa]: [(40.970,67.378),6.993]
	  6757.205	     0.032	[mu,kappa]: [(102.623,307.857),2.180]
			msglen: 999639.776 bits.
Iteration #: 9
	  5146.197	     0.024	[mu,kappa]: [(51.062,317.718),2.453]
	 92394.505	     0.437	[mu,kappa]: [(40.012,87.666),278.000]
	  6596.957	     0.031	[mu,kappa]: [(43.413,65.257),5.982]
	  5263.201	     0.025	[mu,kappa]: [(24.073,13.285),4.063]
	 13033.570	     0.062	[mu,kappa]: [(40.614,82.399),26.862]
	  5253.586	     0.025	[mu,kappa]: [(26.090,350.534),3.683]
	 27999.540	     0.132	[mu,kappa]: [(145.585,301.213),8.524]
	  7822.491	     0.037	[mu,kappa]: [(115.549,303.386),2.988]
	  5402.983	     0.026	[mu,kappa]: [(24.937,25.264),4.209]
	 23431.576	     0.111	[mu,kappa]: [(38.421,85.991),66.041]
	  5658.920	     0.027	[mu,kappa]: [(78.831,309.216),2.191]
	  6965.566	     0.033	[mu,kappa]: [(46.282,68.594),6.930]
	  6462.909	     0.031	[mu,kappa]: [(99.121,305.626),2.414]
			msglen: 996402.729 bits.
Iteration #: 10
	  5052.837	     0.024	[mu,kappa]: [(51.023,312.146),3.015]
	 92311.301	     0.437	[mu,kappa]: [(40.048,87.661),278.000]
	  6707.535	     0.032	[mu,kappa]: [(49.369,66.462),5.924]
	  5181.118	     0.025	[mu,kappa]: [(22.090,4.857),4.685]
	 13139.495	     0.062	[mu,kappa]: [(41.388,82.240),27.671]
	  5255.715	     0.025	[mu,kappa]: [(25.242,340.271),4.506]
	 28127.224	     0.133	[mu,kappa]: [(147.376,302.361),8.867]
	  7617.671	     0.036	[mu,kappa]: [(113.441,301.824),3.277]
	  5259.774	     0.025	[mu,kappa]: [(22.829,19.769),4.657]
	 23723.381	     0.112	[mu,kappa]: [(37.636,86.180),65.289]
	  5494.294	     0.026	[mu,kappa]: [(77.567,305.689),2.602]
	  7285.339	     0.034	[mu,kappa]: [(52.844,69.347),7.050]
	  6276.316	     0.030	[mu,kappa]: [(97.054,303.170),2.763]
			msglen: 992029.792 bits.
Iteration #: 11
	  4891.151	     0.023	[mu,kappa]: [(51.547,307.555),3.819]
	 92419.379	     0.437	[mu,kappa]: [(40.103,87.642),278.000]
	  6762.612	     0.032	[mu,kappa]: [(55.901,66.882),5.983]
	  5108.146	     0.024	[mu,kappa]: [(20.269,356.238),5.887]
	 13138.643	     0.062	[mu,kappa]: [(42.397,82.035),29.221]
	  5305.145	     0.025	[mu,kappa]: [(24.610,332.132),5.933]
	 28154.479	     0.133	[mu,kappa]: [(148.913,303.672),9.015]
	  7481.522	     0.035	[mu,kappa]: [(111.732,299.948),3.762]
	  5079.147	     0.024	[mu,kappa]: [(20.479,13.267),5.601]
	 24086.179	     0.114	[mu,kappa]: [(36.528,86.506),65.740]
	  5280.415	     0.025	[mu,kappa]: [(77.813,302.244),3.210]
	  7628.804	     0.036	[mu,kappa]: [(59.539,69.454),7.423]
	  6096.380	     0.029	[mu,kappa]: [(96.191,300.514),3.327]
			msglen: 986021.971 bits.
Iteration #: 12
	  4661.484	     0.022	[mu,kappa]: [(52.369,304.384),4.894]
	 92665.760	     0.438	[mu,kappa]: [(40.183,87.613),278.000]
	  6639.550	     0.031	[mu,kappa]: [(62.009,66.415),6.143]
	  5113.674	     0.024	[mu,kappa]: [(18.900,350.562),7.656]
	 13176.225	     0.062	[mu,kappa]: [(44.003,81.727),32.482]
	  5424.605	     0.026	[mu,kappa]: [(24.057,327.891),7.802]
	 28147.139	     0.133	[mu,kappa]: [(150.296,305.134),9.075]
	  7366.658	     0.035	[mu,kappa]: [(110.150,297.743),4.642]
	  4947.159	     0.023	[mu,kappa]: [(18.494,8.043),7.158]
	 24553.149	     0.116	[mu,kappa]: [(35.082,86.968),68.185]
	  5029.836	     0.024	[mu,kappa]: [(78.996,299.174),4.169]
	  7786.547	     0.037	[mu,kappa]: [(64.966,68.961),7.999]
	  5920.213	     0.028	[mu,kappa]: [(95.975,297.806),4.312]
			msglen: 978504.539 bits.
Iteration #: 13
	  4427.091	     0.021	[mu,kappa]: [(52.987,302.639),6.210]
	 93011.643	     0.440	[mu,kappa]: [(40.279,87.577),278.000]
	  6310.501	     0.030	[mu,kappa]: [(67.162,65.281),6.287]
	  5164.017	     0.024	[mu,kappa]: [(18.150,348.498),9.352]
	 13486.500	     0.064	[mu,kappa]: [(46.396,81.321),40.253]
	  5532.962	     0.026	[mu,kappa]: [(23.933,326.356),9.471]
	 28084.099	     0.133	[mu,kappa]: [(151.549,306.639),9.195]
	  7300.500	     0.035	[mu,kappa]: [(108.848,295.620),6.131]
	  4899.612	     0.023	[mu,kappa]: [(17.326,5.661),8.889]
	 24989.342	     0.118	[mu,kappa]: [(33.361,87.565),74.796]
	  4814.202	     0.023	[mu,kappa]: [(80.273,296.959),5.528]
	  7596.547	     0.036	[mu,kappa]: [(68.498,68.139),8.562]
	  5814.985	     0.028	[mu,kappa]: [(96.076,295.586),5.875]
			msglen: 969430.007 bits.
Iteration #: 14
	  4306.221	     0.020	[mu,kappa]: [(52.793,301.868),7.773]
	 93364.662	     0.442	[mu,kappa]: [(40.361,87.551),278.000]
	  5854.302	     0.028	[mu,kappa]: [(71.662,63.763),6.299]
	  5178.827	     0.024	[mu,kappa]: [(18.053,348.044),10.441]
	 14327.666	     0.068	[mu,kappa]: [(48.862,80.991),57.137]
	  5605.846	     0.027	[mu,kappa]: [(24.517,325.531),10.569]
	 27935.559	     0.132	[mu,kappa]: [(152.534,307.838),9.476]
	  7335.252	     0.035	[mu,kappa]: [(108.449,294.126),8.044]
	  4876.314	     0.023	[mu,kappa]: [(16.938,4.932),10.212]
	 25157.126	     0.119	[mu,kappa]: [(31.644,88.225),88.907]
	  4634.757	     0.022	[mu,kappa]: [(80.913,295.769),6.911]
	  7079.848	     0.033	[mu,kappa]: [(70.662,67.130),8.962]
	  5775.620	     0.027	[mu,kappa]: [(96.572,294.271),7.612]
			msglen: 959861.798 bits.
Iteration #: 15
	  4362.218	     0.021	[mu,kappa]: [(52.114,301.432),9.446]
	 93803.959	     0.444	[mu,kappa]: [(40.385,87.551),278.000]
	  5475.412	     0.026	[mu,kappa]: [(75.935,62.422),6.205]
	  5163.106	     0.024	[mu,kappa]: [(18.269,348.502),10.947]
	 15369.862	     0.073	[mu,kappa]: [(50.320,80.875),79.731]
	  5663.473	     0.027	[mu,kappa]: [(25.442,324.813),11.129]
	 27700.312	     0.131	[mu,kappa]: [(153.149,308.474),9.849]
	  7468.173	     0.035	[mu,kappa]: [(108.922,293.300),9.766]
	  4864.981	     0.023	[mu,kappa]: [(16.936,5.442),11.030]
	 24841.740	     0.117	[mu,kappa]: [(30.419,88.747),109.041]
	  4463.881	     0.021	[mu,kappa]: [(80.921,295.282),7.953]
	  6528.095	     0.031	[mu,kappa]: [(72.058,66.092),9.297]
	  5726.787	     0.027	[mu,kappa]: [(97.345,293.680),8.924]
			msglen: 953684.902 bits.
Iteration #: 16
	  4525.828	     0.021	[mu,kappa]: [(51.506,300.958),10.894]
	 94661.681	     0.448	[mu,kappa]: [(40.358,87.566),278.000]
	  5334.928	     0.025	[mu,kappa]: [(79.708,61.952),6.073]
	  5189.691	     0.025	[mu,kappa]: [(18.329,350.457),11.096]
	 15821.081	     0.075	[mu,kappa]: [(50.881,80.884),97.247]
	  5706.544	     0.027	[mu,kappa]: [(26.185,324.433),11.311]
	 27391.895	     0.130	[mu,kappa]: [(153.498,308.710),10.210]
	  7654.944	     0.036	[mu,kappa]: [(109.740,292.851),10.983]
	  4945.077	     0.023	[mu,kappa]: [(16.871,7.998),11.521]
	 23945.157	     0.113	[mu,kappa]: [(29.759,89.058),126.504]
	  4328.551	     0.020	[mu,kappa]: [(80.666,295.120),8.702]
	  6254.476	     0.030	[mu,kappa]: [(72.404,65.457),9.791]
	  5672.147	     0.027	[mu,kappa]: [(98.105,293.483),9.745]
			msglen: 951157.646 bits.
Iteration #: 17
	  4709.852	     0.022	[mu,kappa]: [(51.055,300.451),11.933]
	 95733.332	     0.453	[mu,kappa]: [(40.315,87.576),278.000]
	  5340.160	     0.025	[mu,kappa]: [(83.166,62.183),5.900]
	  5250.358	     0.025	[mu,kappa]: [(18.261,353.464),11.088]
	 15778.194	     0.075	[mu,kappa]: [(51.056,80.935),108.049]
	  5723.893	     0.027	[mu,kappa]: [(26.749,324.323),11.336]
	 27048.069	     0.128	[mu,kappa]: [(153.719,308.780),10.528]
	  7856.902	     0.037	[mu,kappa]: [(110.591,292.583),11.725]
	  5097.330	     0.024	[mu,kappa]: [(16.698,11.954),11.853]
	 22790.357	     0.108	[mu,kappa]: [(29.387,89.251),138.706]
	  4248.697	     0.020	[mu,kappa]: [(80.376,295.095),9.271]
	  6217.976	     0.029	[mu,kappa]: [(71.666,65.243),10.572]
	  5636.881	     0.027	[mu,kappa]: [(98.700,293.500),10.221]
			msglen: 949932.385 bits.
Iteration #: 18
	  4871.894	     0.023	[mu,kappa]: [(50.665,299.990),12.586]
	 96671.936	     0.457	[mu,kappa]: [(40.272,87.583),278.000]
	  5372.972	     0.025	[mu,kappa]: [(86.810,62.602),5.724]
	  5310.021	     0.025	[mu,kappa]: [(18.238,356.677),11.035]
	 15604.686	     0.074	[mu,kappa]: [(51.085,81.007),115.135]
	  5723.332	     0.027	[mu,kappa]: [(27.278,324.290),11.361]
	 26686.680	     0.126	[mu,kappa]: [(153.870,308.767),10.826]
	  8055.279	     0.038	[mu,kappa]: [(111.384,292.396),12.142]
	  5263.565	     0.025	[mu,kappa]: [(16.498,16.209),12.134]
	 21718.598	     0.103	[mu,kappa]: [(29.139,89.387),147.536]
	  4216.052	     0.020	[mu,kappa]: [(80.141,295.123),9.709]
	  6312.338	     0.030	[mu,kappa]: [(70.323,65.243),11.693]
	  5624.646	     0.027	[mu,kappa]: [(99.124,293.635),10.488]
			msglen: 949049.704 bits.
Iteration #: 19
	  4999.490	     0.024	[mu,kappa]: [(50.277,299.607),12.958]
	 97378.003	     0.461	[mu,kappa]: [(40.233,87.589),278.000]
	  5377.354	     0.025	[mu,kappa]: [(90.747,62.929),5.604]
	  5357.443	     0.025	[mu,kappa]: [(18.339,359.641),10.966]
	 15439.640	     0.073	[mu,kappa]: [(51.045,81.101),120.683]
	  5720.511	     0.027	[mu,kappa]: [(27.821,324.252),11.434]
	 26310.317	     0.124	[mu,kappa]: [(153.969,308.674),11.130]
	  8243.921	     0.039	[mu,kappa]: [(112.106,292.246),12.369]
	  5418.187	     0.026	[mu,kappa]: [(16.289,20.248),12.418]
	 20832.717	     0.099	[mu,kappa]: [(28.957,89.493),154.433]
	  4215.152	     0.020	[mu,kappa]: [(79.984,295.162),10.042]
	  6509.061	     0.031	[mu,kappa]: [(68.904,65.385),13.050]
	  5630.202	     0.027	[mu,kappa]: [(99.411,293.835),10.637]
			msglen: 948309.240 bits.
Iteration #: 20
	  5093.224	     0.024	[mu,kappa]: [(49.879,299.297),13.153]
	 97872.132	     0.463	[mu,kappa]: [(40.197,87.596),278.000]
	  5335.849	     0.025	[mu,kappa]: [(94.758,63.074),5.565]
	  5393.895	     0.026	[mu,kappa]: [(18.592,2.226),10.876]
	 15305.823	     0.072	[mu,kappa]: [(50.962,81.214),125.786]
	  5724.453	     0.027	[mu,kappa]: [(28.368,324.198),11.547]
	 25929.013	     0.123	[mu,kappa]: [(154.036,308.523),11.446]
	  8420.757	     0.040	[mu,kappa]: [(112.761,292.114),12.494]
	  5555.881	     0.026	[mu,kappa]: [(16.061,23.967),12.731]
	 20122.331	     0.095	[mu,kappa]: [(28.818,89.577),160.077]
	  4234.361	     0.020	[mu,kappa]: [(79.897,295.186),10.294]
	  6796.500	     0.032	[mu,kappa]: [(67.760,65.660),14.382]
	  5647.781	     0.027	[mu,kappa]: [(99.592,294.069),10.721]
			msglen: 947693.039 bits.
Iteration #: 21
	  5157.658	     0.024	[mu,kappa]: [(49.477,299.040),13.250]
	 98197.057	     0.464	[mu,kappa]: [(40.165,87.604),278.000]
	  5253.181	     0.025	[mu,kappa]: [(98.597,63.041),5.592]
	  5423.084	     0.026	[mu,kappa]: [(19.016,4.422),10.755]
	 15203.245	     0.072	[mu,kappa]: [(50.849,81.340),130.902]
	  5737.151	     0.027	[mu,kappa]: [(28.895,324.127),11.686]
	 25558.440	     0.121	[mu,kappa]: [(154.091,308.356),11.757]
	  8585.152	     0.041	[mu,kappa]: [(113.360,291.997),12.569]
	  5676.737	     0.027	[mu,kappa]: [(15.791,27.422),13.099]
	 19551.213	     0.092	[mu,kappa]: [(28.712,89.644),164.829]
	  4266.205	     0.020	[mu,kappa]: [(79.864,295.183),10.485]
	  7150.089	     0.034	[mu,kappa]: [(66.980,66.031),15.466]
	  5672.788	     0.027	[mu,kappa]: [(99.692,294.321),10.770]
			msglen: 947186.751 bits.
Iteration #: 22
	  5197.925	     0.025	[mu,kappa]: [(49.074,298.819),13.300]
	 98392.103	     0.465	[mu,kappa]: [(40.135,87.612),278.000]
	  5141.800	     0.024	[mu,kappa]: [(102.156,62.873),5.657]
	  5448.427	     0.026	[mu,kappa]: [(19.631,6.255),10.594]
	 15131.514	     0.072	[mu,kappa]: [(50.719,81.471),136.140]
	  5757.093	     0.027	[mu,kappa]: [(29.376,324.029),11.838]
	 25209.583	     0.119	[mu,kappa]: [(154.144,308.199),12.051]
	  8737.180	     0.041	[mu,kappa]: [(113.914,291.891),12.619]
	  5781.281	     0.027	[mu,kappa]: [(15.451,30.729),13.553]
	 19084.938	     0.090	[mu,kappa]: [(28.630,89.698),168.929]
	  4306.079	     0.020	[mu,kappa]: [(79.868,295.147),10.634]
	  7542.202	     0.036	[mu,kappa]: [(66.504,66.437),16.232]
	  5701.876	     0.027	[mu,kappa]: [(99.730,294.582),10.799]
			msglen: 946757.399 bits.
Iteration #: 23
	  5218.843	     0.025	[mu,kappa]: [(48.673,298.619),13.332]
	 98490.034	     0.466	[mu,kappa]: [(40.107,87.621),278.000]
	  5014.233	     0.024	[mu,kappa]: [(105.444,62.624),5.747]
	  5472.898	     0.026	[mu,kappa]: [(20.462,7.755),10.400]
	 15090.334	     0.071	[mu,kappa]: [(50.579,81.599),141.442]
	  5782.032	     0.027	[mu,kappa]: [(29.797,323.890),12.002]
	 24886.078	     0.118	[mu,kappa]: [(154.197,308.063),12.321]
	  8877.240	     0.042	[mu,kappa]: [(114.433,291.795),12.658]
	  5869.813	     0.028	[mu,kappa]: [(15.011,34.043),14.152]
	 18696.465	     0.088	[mu,kappa]: [(28.570,89.742),172.572]
	  4351.373	     0.021	[mu,kappa]: [(79.894,295.077),10.751]
	  7949.786	     0.038	[mu,kappa]: [(66.237,66.821),16.707]
	  5732.873	     0.027	[mu,kappa]: [(99.721,294.847),10.816]
			msglen: 946370.169 bits.
Iteration #: 24
	  5224.743	     0.025	[mu,kappa]: [(48.272,298.433),13.364]
	 98517.108	     0.466	[mu,kappa]: [(40.081,87.629),278.000]
	  4880.547	     0.023	[mu,kappa]: [(108.510,62.343),5.859]
	  5499.050	     0.026	[mu,kappa]: [(21.538,8.960),10.185]
	 15078.915	     0.071	[mu,kappa]: [(50.437,81.720),146.679]
	  5810.345	     0.027	[mu,kappa]: [(30.150,323.694),12.184]
	 24586.969	     0.116	[mu,kappa]: [(154.250,307.946),12.567]
	  9005.919	     0.043	[mu,kappa]: [(114.924,291.708),12.693]
	  5942.514	     0.028	[mu,kappa]: [(14.452,37.569),14.983]
	 18365.345	     0.087	[mu,kappa]: [(28.526,89.779),175.932]
	  4400.737	     0.021	[mu,kappa]: [(79.932,294.974),10.848]
	  8355.211	     0.040	[mu,kappa]: [(66.101,67.150),16.950]
	  5764.598	     0.027	[mu,kappa]: [(99.674,295.112),10.827]
			msglen: 945993.371 bits.
Iteration #: 25
	  5219.515	     0.025	[mu,kappa]: [(47.866,298.257),13.403]
	 98493.648	     0.466	[mu,kappa]: [(40.056,87.638),278.000]
	  4747.577	     0.022	[mu,kappa]: [(111.400,62.067),5.994]
	  5528.863	     0.026	[mu,kappa]: [(22.884,9.911),9.975]
	 15095.612	     0.071	[mu,kappa]: [(50.298,81.832),151.698]
	  5841.733	     0.028	[mu,kappa]: [(30.436,323.421),12.397]
	 24309.633	     0.115	[mu,kappa]: [(154.299,307.842),12.792]
	  9123.947	     0.043	[mu,kappa]: [(115.393,291.629),12.727]
	  5999.701	     0.028	[mu,kappa]: [(13.778,41.560),16.176]
	 18075.845	     0.085	[mu,kappa]: [(28.498,89.809),179.187]
	  4453.510	     0.021	[mu,kappa]: [(79.975,294.844),10.930]
	  8745.852	     0.041	[mu,kappa]: [(66.043,67.413),17.023]
	  5796.563	     0.027	[mu,kappa]: [(99.596,295.377),10.836]
			msglen: 945595.750 bits.
Iteration #: 26
	  5206.670	     0.025	[mu,kappa]: [(47.449,298.087),13.453]
	 98434.875	     0.466	[mu,kappa]: [(40.034,87.646),278.000]
	  4619.613	     0.022	[mu,kappa]: [(114.143,61.812),6.159]
	  5563.424	     0.026	[mu,kappa]: [(24.495,10.662),9.807]
	 15137.570	     0.072	[mu,kappa]: [(50.167,81.934),156.364]
	  5877.840	     0.028	[mu,kappa]: [(30.650,323.047),12.660]
	 24051.291	     0.114	[mu,kappa]: [(154.344,307.749),13.000]
	  9232.164	     0.044	[mu,kappa]: [(115.842,291.557),12.763]
	  6042.052	     0.029	[mu,kappa]: [(13.041,46.292),17.916]
	 17815.525	     0.084	[mu,kappa]: [(28.488,89.833),182.539]
	  4509.422	     0.021	[mu,kappa]: [(80.016,294.689),11.003]
	  9112.833	     0.043	[mu,kappa]: [(66.032,67.622),16.980]
	  5828.723	     0.028	[mu,kappa]: [(99.491,295.641),10.843]
			msglen: 945146.707 bits.
Iteration #: 27
	  5189.213	     0.025	[mu,kappa]: [(47.012,297.921),13.511]
	 98351.515	     0.465	[mu,kappa]: [(40.013,87.653),278.000]
	  4499.899	     0.021	[mu,kappa]: [(116.744,61.575),6.352]
	  5602.498	     0.026	[mu,kappa]: [(26.311,11.276),9.728]
	 15200.687	     0.072	[mu,kappa]: [(50.045,82.025),160.580]
	  5922.941	     0.028	[mu,kappa]: [(30.783,322.547),12.996]
	 23809.497	     0.113	[mu,kappa]: [(154.383,307.662),13.192]
	  9331.460	     0.044	[mu,kappa]: [(116.272,291.492),12.800]
	  6070.126	     0.029	[mu,kappa]: [(12.343,51.943),20.449]
	 17574.704	     0.083	[mu,kappa]: [(28.496,89.852),186.218]
	  4568.567	     0.022	[mu,kappa]: [(80.053,294.515),11.069]
	  9449.584	     0.045	[mu,kappa]: [(66.053,67.799),16.867]
	  5861.309	     0.028	[mu,kappa]: [(99.366,295.905),10.851]
			msglen: 944624.256 bits.
Iteration #: 28
	  5169.081	     0.024	[mu,kappa]: [(46.551,297.765),13.570]
	 98249.906	     0.465	[mu,kappa]: [(39.995,87.660),278.000]
	  4391.721	     0.021	[mu,kappa]: [(119.188,61.339),6.571]
	  5644.447	     0.027	[mu,kappa]: [(28.196,11.826),9.781]
	 15279.828	     0.072	[mu,kappa]: [(49.933,82.106),164.301]
	  5984.192	     0.028	[mu,kappa]: [(30.811,321.907),13.418]
	 23582.232	     0.112	[mu,kappa]: [(154.418,307.580),13.373]
	  9422.722	     0.045	[mu,kappa]: [(116.685,291.431),12.840]
	  6082.880	     0.029	[mu,kappa]: [(11.826,58.383),24.046]
	 17347.085	     0.082	[mu,kappa]: [(28.528,89.865),190.463]
	  4631.493	     0.022	[mu,kappa]: [(80.079,294.329),11.131]
	  9751.685	     0.046	[mu,kappa]: [(66.099,67.964),16.719]
	  5894.729	     0.028	[mu,kappa]: [(99.222,296.171),10.860]
			msglen: 944029.008 bits.
Iteration #: 29
	  5146.323	     0.024	[mu,kappa]: [(46.074,297.634),13.618]
	 98131.829	     0.464	[mu,kappa]: [(39.979,87.665),278.000]
	  4298.272	     0.020	[mu,kappa]: [(121.445,61.083),6.805]
	  5686.783	     0.027	[mu,kappa]: [(29.963,12.385),9.986]
	 15369.225	     0.073	[mu,kappa]: [(49.830,82.177),167.524]
	  6070.181	     0.029	[mu,kappa]: [(30.697,321.139),13.919]
	 23367.894	     0.111	[mu,kappa]: [(154.447,307.501),13.543]
	  9506.800	     0.045	[mu,kappa]: [(117.081,291.374),12.881]
	  6076.908	     0.029	[mu,kappa]: [(11.602,65.034),28.910]
	 17131.293	     0.081	[mu,kappa]: [(28.585,89.872),195.452]
	  4699.140	     0.022	[mu,kappa]: [(80.087,294.141),11.187]
	 10017.957	     0.047	[mu,kappa]: [(66.164,68.126),16.556]
	  5929.395	     0.028	[mu,kappa]: [(99.061,296.440),10.868]
			msglen: 943392.955 bits.
Iteration #: 30
	  5118.968	     0.024	[mu,kappa]: [(45.607,297.564),13.638]
	 97995.163	     0.463	[mu,kappa]: [(39.966,87.669),278.000]
	  4221.608	     0.020	[mu,kappa]: [(123.489,60.797),7.039]
	  5726.609	     0.027	[mu,kappa]: [(31.441,13.006),10.326]
	 15463.196	     0.073	[mu,kappa]: [(49.737,82.239),170.280]
	  6187.208	     0.029	[mu,kappa]: [(30.408,320.286),14.457]
	 23165.276	     0.110	[mu,kappa]: [(154.472,307.425),13.703]
	  9584.512	     0.045	[mu,kappa]: [(117.460,291.318),12.925]
	  6049.363	     0.029	[mu,kappa]: [(11.691,71.102),35.055]
	 16931.656	     0.080	[mu,kappa]: [(28.667,89.873),201.212]
	  4772.350	     0.023	[mu,kappa]: [(80.071,293.962),11.236]
	 10250.697	     0.048	[mu,kappa]: [(66.245,68.277),16.385]
	  5965.393	     0.028	[mu,kappa]: [(98.884,296.712),10.874]
			msglen: 942768.254 bits.
Iteration #: 31
	  5084.565	     0.024	[mu,kappa]: [(45.191,297.601),13.622]
	 97836.800	     0.463	[mu,kappa]: [(39.957,87.673),278.000]
	  4161.765	     0.020	[mu,kappa]: [(125.311,60.480),7.263]
	  5760.380	     0.027	[mu,kappa]: [(32.546,13.695),10.750]
	 15556.918	     0.074	[mu,kappa]: [(49.655,82.293),172.613]
	  6335.488	     0.030	[mu,kappa]: [(29.939,319.421),14.969]
	 22973.509	     0.109	[mu,kappa]: [(154.495,307.352),13.853]
	  9656.698	     0.046	[mu,kappa]: [(117.824,291.262),12.973]
	  6003.253	     0.028	[mu,kappa]: [(12.024,76.064),42.254]
	 16755.739	     0.079	[mu,kappa]: [(28.770,89.870),207.581]
	  4850.972	     0.023	[mu,kappa]: [(80.022,293.798),11.274]
	 10453.830	     0.049	[mu,kappa]: [(66.339,68.406),16.208]
	  6002.084	     0.028	[mu,kappa]: [(98.696,296.987),10.876]
			msglen: 942199.697 bits.
Iteration #: 32
	  5042.661	     0.024	[mu,kappa]: [(44.873,297.784),13.571]
	 97656.853	     0.462	[mu,kappa]: [(39.950,87.675),278.000]
	  4116.836	     0.019	[mu,kappa]: [(126.920,60.145),7.468]
	  5784.302	     0.027	[mu,kappa]: [(33.292,14.414),11.194]
	 15646.721	     0.074	[mu,kappa]: [(49.583,82.340),174.559]
	  6508.481	     0.031	[mu,kappa]: [(29.323,318.621),15.401]
	 22791.964	     0.108	[mu,kappa]: [(154.515,307.284),13.995]
	  9724.293	     0.046	[mu,kappa]: [(118.173,291.204),13.024]
	  5948.696	     0.028	[mu,kappa]: [(12.505,79.852),50.140]
	 16609.070	     0.079	[mu,kappa]: [(28.886,89.862),214.277]
	  4933.154	     0.023	[mu,kappa]: [(79.935,293.649),11.296]
	 10630.946	     0.050	[mu,kappa]: [(66.443,68.500),16.023]
	  6038.021	     0.029	[mu,kappa]: [(98.504,297.258),10.877]
			msglen: 941707.275 bits.
Iteration #: 33
	  4996.118	     0.024	[mu,kappa]: [(44.682,298.126),13.499]
	 97460.375	     0.461	[mu,kappa]: [(39.947,87.676),278.000]
	  4083.837	     0.019	[mu,kappa]: [(128.339,59.804),7.653]
	  5796.158	     0.027	[mu,kappa]: [(33.752,15.113),11.605]
	 15729.860	     0.074	[mu,kappa]: [(49.521,82.380),176.141]
	  6695.542	     0.032	[mu,kappa]: [(28.614,317.946),15.728]
	 22620.167	     0.107	[mu,kappa]: [(154.535,307.222),14.127]
	  9788.274	     0.046	[mu,kappa]: [(118.505,291.144),13.079]
	  5897.875	     0.028	[mu,kappa]: [(13.052,82.664),58.337]
	 16491.881	     0.078	[mu,kappa]: [(29.010,89.853),221.037]
	  5015.517	     0.024	[mu,kappa]: [(79.816,293.506),11.301]
	 10784.983	     0.051	[mu,kappa]: [(66.553,68.558),15.833]
	  6071.411	     0.029	[mu,kappa]: [(98.318,297.519),10.877]
			msglen: 941290.617 bits.
Iteration #: 34
	  4950.340	     0.023	[mu,kappa]: [(44.627,298.609),13.424]
	 97255.149	     0.460	[mu,kappa]: [(39.947,87.677),278.000]
	  4059.680	     0.019	[mu,kappa]: [(129.597,59.469),7.819]
	  5796.467	     0.027	[mu,kappa]: [(34.007,15.757),11.953]
	 15804.225	     0.075	[mu,kappa]: [(49.471,82.412),177.378]
	  6885.434	     0.033	[mu,kappa]: [(27.867,317.429),15.954]
	 22457.726	     0.106	[mu,kappa]: [(154.555,307.168),14.250]
	  9849.482	     0.047	[mu,kappa]: [(118.820,291.084),13.136]
	  5859.370	     0.028	[mu,kappa]: [(13.612,84.749),66.540]
	 16400.581	     0.078	[mu,kappa]: [(29.137,89.844),227.686]
	  5094.147	     0.024	[mu,kappa]: [(79.672,293.357),11.291]
	 10918.605	     0.052	[mu,kappa]: [(66.665,68.582),15.640]
	  6100.793	     0.029	[mu,kappa]: [(98.150,297.763),10.883]
			msglen: 940940.493 bits.
Iteration #: 35
	  4911.275	     0.023	[mu,kappa]: [(44.694,299.190),13.361]
	 97048.601	     0.459	[mu,kappa]: [(39.950,87.677),278.000]
	  4041.773	     0.019	[mu,kappa]: [(130.720,59.146),7.971]
	  5787.724	     0.027	[mu,kappa]: [(34.126,16.333),12.227]
	 15868.228	     0.075	[mu,kappa]: [(49.430,82.438),178.294]
	  7068.663	     0.033	[mu,kappa]: [(27.122,317.071),16.097]
	 22304.281	     0.105	[mu,kappa]: [(154.575,307.121),14.365]
	  9908.442	     0.047	[mu,kappa]: [(119.116,291.028),13.193]
	  5836.757	     0.028	[mu,kappa]: [(14.152,86.310),74.537]
	 16330.849	     0.077	[mu,kappa]: [(29.264,89.835),234.128]
	  5165.671	     0.024	[mu,kappa]: [(79.516,293.194),11.273]
	 11034.266	     0.052	[mu,kappa]: [(66.777,68.579),15.448]
	  6125.470	     0.029	[mu,kappa]: [(98.011,297.989),10.897]
			msglen: 940646.270 bits.
Iteration #: 36
	  4883.652	     0.023	[mu,kappa]: [(44.853,299.821),13.320]
	 96846.314	     0.458	[mu,kappa]: [(39.954,87.676),278.000]
	  4028.198	     0.019	[mu,kappa]: [(131.728,58.839),8.112]
	  5772.965	     0.027	[mu,kappa]: [(34.157,16.843),12.431]
	 15920.806	     0.075	[mu,kappa]: [(49.399,82.457),178.918]
	  7238.372	     0.034	[mu,kappa]: [(26.407,316.860),16.179]
	 22159.474	     0.105	[mu,kappa]: [(154.595,307.080),14.472]
	  9965.320	     0.047	[mu,kappa]: [(119.391,290.976),13.247]
	  5830.136	     0.028	[mu,kappa]: [(14.657,87.488),82.190]
	 16279.305	     0.077	[mu,kappa]: [(29.390,89.827),240.316]
	  5227.864	     0.025	[mu,kappa]: [(79.361,293.008),11.252]
	 11134.066	     0.053	[mu,kappa]: [(66.886,68.557),15.258]
	  6145.528	     0.029	[mu,kappa]: [(97.906,298.197),10.921]
			msglen: 940398.958 bits.
Iteration #: 37
	  4870.210	     0.023	[mu,kappa]: [(45.070,300.461),13.305]
	 96651.943	     0.457	[mu,kappa]: [(39.961,87.675),278.000]
	  4017.652	     0.019	[mu,kappa]: [(132.639,58.547),8.243]
	  5754.810	     0.027	[mu,kappa]: [(34.134,17.296),12.573]
	 15961.436	     0.075	[mu,kappa]: [(49.377,82.470),179.286]
	  7390.375	     0.035	[mu,kappa]: [(25.740,316.774),16.217]
	 22022.928	     0.104	[mu,kappa]: [(154.615,307.045),14.572]
	 10020.010	     0.047	[mu,kappa]: [(119.646,290.931),13.296]
	  5837.881	     0.028	[mu,kappa]: [(15.119,88.380),89.399]
	 16243.729	     0.077	[mu,kappa]: [(29.513,89.819),246.220]
	  5279.734	     0.025	[mu,kappa]: [(79.214,292.799),11.235]
	 11219.690	     0.053	[mu,kappa]: [(66.992,68.522),15.074]
	  6161.602	     0.029	[mu,kappa]: [(97.838,298.391),10.957]
			msglen: 940191.514 bits.
Iteration #: 38
	  4871.765	     0.023	[mu,kappa]: [(45.313,301.078),13.312]
	 96467.656	     0.456	[mu,kappa]: [(39.969,87.673),278.000]
	  4009.299	     0.019	[mu,kappa]: [(133.465,58.271),8.367]
	  5735.104	     0.027	[mu,kappa]: [(34.080,17.701),12.665]
	 15990.089	     0.076	[mu,kappa]: [(49.362,82.478),179.433]
	  7522.752	     0.036	[mu,kappa]: [(25.129,316.790),16.224]
	 21894.251	     0.104	[mu,kappa]: [(154.635,307.014),14.666]
	 10072.263	     0.048	[mu,kappa]: [(119.880,290.893),13.337]
	  5857.791	     0.028	[mu,kappa]: [(15.536,89.054),96.075]
	 16222.652	     0.077	[mu,kappa]: [(29.632,89.811),251.817]
	  5321.296	     0.025	[mu,kappa]: [(79.082,292.566),11.227]
	 11292.484	     0.053	[mu,kappa]: [(67.096,68.479),14.898]
	  6174.597	     0.029	[mu,kappa]: [(97.806,298.577),11.004]
			msglen: 940018.086 bits.
Iteration #: 39
	  4887.710	     0.023	[mu,kappa]: [(45.555,301.653),13.338]
	 96294.616	     0.455	[mu,kappa]: [(39.978,87.670),278.000]
	  4002.622	     0.019	[mu,kappa]: [(134.218,58.009),8.485]
	  5714.942	     0.027	[mu,kappa]: [(34.009,18.065),12.719]
	 16007.147	     0.076	[mu,kappa]: [(49.354,82.481),179.394]
	  7635.274	     0.036	[mu,kappa]: [(24.577,316.886),16.210]
	 21773.047	     0.103	[mu,kappa]: [(154.655,306.986),14.753]
	 10121.792	     0.048	[mu,kappa]: [(120.096,290.861),13.370]
	  5887.693	     0.028	[mu,kappa]: [(15.910,89.561),102.140]
	 16214.877	     0.077	[mu,kappa]: [(29.747,89.804),257.089]
	  5353.243	     0.025	[mu,kappa]: [(78.967,292.311),11.230]
	 11353.577	     0.054	[mu,kappa]: [(67.197,68.433),14.730]
	  6185.460	     0.029	[mu,kappa]: [(97.806,298.759),11.061]
			msglen: 939873.373 bits.
Iteration #: 40
	  4916.593	     0.023	[mu,kappa]: [(45.777,302.179),13.374]
	 96133.324	     0.455	[mu,kappa]: [(39.989,87.667),278.000]
	  3997.302	     0.019	[mu,kappa]: [(134.906,57.760),8.597]
	  5694.851	     0.027	[mu,kappa]: [(33.932,18.396),12.745]
	 16013.292	     0.076	[mu,kappa]: [(49.353,82.479),179.197]
	  7728.829	     0.037	[mu,kappa]: [(24.081,317.042),16.183]
	 21658.933	     0.102	[mu,kappa]: [(154.675,306.960),14.835]
	 10168.343	     0.048	[mu,kappa]: [(120.294,290.832),13.397]
	  5925.696	     0.028	[mu,kappa]: [(16.244,89.940),107.543]
	 16219.182	     0.077	[mu,kappa]: [(29.857,89.798),262.029]
	  5376.627	     0.025	[mu,kappa]: [(78.871,292.037),11.247]
	 11403.987	     0.054	[mu,kappa]: [(67.298,68.384),14.573]
	  6195.041	     0.029	[mu,kappa]: [(97.834,298.942),11.127]
			msglen: 939752.395 bits.
Iteration #: 41
	  4956.616	     0.023	[mu,kappa]: [(45.968,302.653),13.416]
	 95983.818	     0.454	[mu,kappa]: [(40.000,87.663),278.000]
	  3993.128	     0.019	[mu,kappa]: [(135.535,57.522),8.704]
	  5674.994	     0.027	[mu,kappa]: [(33.856,18.698),12.749]
	 16009.412	     0.076	[mu,kappa]: [(49.357,82.474),178.870]
	  7804.962	     0.037	[mu,kappa]: [(23.639,317.242),16.146]
	 21551.554	     0.102	[mu,kappa]: [(154.694,306.934),14.912]
	 10211.733	     0.048	[mu,kappa]: [(120.477,290.806),13.418]
	  5970.234	     0.028	[mu,kappa]: [(16.541,90.221),112.264]
	 16234.229	     0.077	[mu,kappa]: [(29.961,89.793),266.637]
	  5392.616	     0.026	[mu,kappa]: [(78.793,291.745),11.280]
	 11444.687	     0.054	[mu,kappa]: [(67.398,68.335),14.425]
	  6204.017	     0.029	[mu,kappa]: [(97.884,299.131),11.200]
			msglen: 939650.557 bits.
Iteration #: 42
	  5005.972	     0.024	[mu,kappa]: [(46.122,303.079),13.458]
	 95845.794	     0.453	[mu,kappa]: [(40.012,87.660),278.000]
	  3989.950	     0.019	[mu,kappa]: [(136.113,57.295),8.805]
	  5655.350	     0.027	[mu,kappa]: [(33.784,18.976),12.740]
	 15996.508	     0.076	[mu,kappa]: [(49.366,82.465),178.433]
	  7865.523	     0.037	[mu,kappa]: [(23.246,317.474),16.106]
	 21450.587	     0.101	[mu,kappa]: [(154.712,306.910),14.984]
	 10251.858	     0.048	[mu,kappa]: [(120.646,290.778),13.434]
	  6020.022	     0.028	[mu,kappa]: [(16.807,90.428),116.318]
	 16258.616	     0.077	[mu,kappa]: [(30.061,89.789),270.924]
	  5402.320	     0.026	[mu,kappa]: [(78.733,291.439),11.330]
	 11476.629	     0.054	[mu,kappa]: [(67.498,68.287),14.288]
	  6212.870	     0.029	[mu,kappa]: [(97.952,299.328),11.279]
			msglen: 939563.790 bits.
Iteration #: 43
	  5063.054	     0.024	[mu,kappa]: [(46.241,303.459),13.497]
	 95718.678	     0.453	[mu,kappa]: [(40.024,87.655),278.000]
	  3987.640	     0.019	[mu,kappa]: [(136.644,57.078),8.900]
	  5635.822	     0.027	[mu,kappa]: [(33.720,19.233),12.722]
	 15975.620	     0.076	[mu,kappa]: [(49.380,82.453),177.905]
	  7912.438	     0.037	[mu,kappa]: [(22.894,317.726),16.064]
	 21355.749	     0.101	[mu,kappa]: [(154.730,306.887),15.052]
	 10288.693	     0.049	[mu,kappa]: [(120.802,290.749),13.448]
	  6074.001	     0.029	[mu,kappa]: [(17.046,90.579),119.750]
	 16290.971	     0.077	[mu,kappa]: [(30.157,89.785),274.910]
	  5406.692	     0.026	[mu,kappa]: [(78.688,291.121),11.396]
	 11500.742	     0.054	[mu,kappa]: [(67.597,68.239),14.161]
	  6221.898	     0.029	[mu,kappa]: [(98.031,299.537),11.365]
			msglen: 939488.653 bits.
Iteration #: 44
	  5126.543	     0.024	[mu,kappa]: [(46.327,303.801),13.532]
	 95601.699	     0.452	[mu,kappa]: [(40.037,87.651),278.000]
	  3986.081	     0.019	[mu,kappa]: [(137.134,56.871),8.991]
	  5616.303	     0.027	[mu,kappa]: [(33.664,19.471),12.699]
	 15947.782	     0.075	[mu,kappa]: [(49.397,82.439),177.303]
	  7947.552	     0.038	[mu,kappa]: [(22.580,317.991),16.023]
	 21266.794	     0.101	[mu,kappa]: [(154.746,306.865),15.116]
	 10322.283	     0.049	[mu,kappa]: [(120.948,290.714),13.460]
	  6131.282	     0.029	[mu,kappa]: [(17.261,90.688),122.621]
	 16330.031	     0.077	[mu,kappa]: [(30.247,89.782),278.000]
	  5406.486	     0.026	[mu,kappa]: [(78.657,290.790),11.479]
	 11517.919	     0.054	[mu,kappa]: [(67.696,68.193),14.042]
	  6231.244	     0.029	[mu,kappa]: [(98.119,299.760),11.457]
			msglen: 939423.002 bits.
Iteration #: 45
	  5195.426	     0.025	[mu,kappa]: [(46.383,304.108),13.560]
	 95492.290	     0.452	[mu,kappa]: [(40.051,87.646),278.000]
	  3985.158	     0.019	[mu,kappa]: [(137.586,56.673),9.077]
	  5596.322	     0.026	[mu,kappa]: [(33.618,19.691),12.674]
	 15913.959	     0.075	[mu,kappa]: [(49.418,82.422),176.640]
	  7972.509	     0.038	[mu,kappa]: [(22.296,318.261),15.985]
	 21183.510	     0.100	[mu,kappa]: [(154.761,306.844),15.176]
	 10352.729	     0.049	[mu,kappa]: [(121.085,290.674),13.472]
	  6188.336	     0.029	[mu,kappa]: [(17.454,90.765),125.002]
	 16379.782	     0.077	[mu,kappa]: [(30.334,89.778),278.000]
	  5402.247	     0.026	[mu,kappa]: [(78.640,290.449),11.579]
	 11528.812	     0.055	[mu,kappa]: [(67.796,68.149),13.933]
	  6240.921	     0.030	[mu,kappa]: [(98.211,299.999),11.555]
			msglen: 939367.730 bits.
Iteration #: 46
	  5268.955	     0.025	[mu,kappa]: [(46.415,304.387),13.583]
	 95382.598	     0.451	[mu,kappa]: [(40.064,87.642),278.000]
	  3984.768	     0.019	[mu,kappa]: [(138.005,56.484),9.158]
	  5574.291	     0.026	[mu,kappa]: [(33.587,19.883),12.653]
	 15875.219	     0.075	[mu,kappa]: [(49.441,82.403),175.931]
	  7988.592	     0.038	[mu,kappa]: [(22.039,318.530),15.952]
	 21105.724	     0.100	[mu,kappa]: [(154.775,306.825),15.233]
	 10380.174	     0.049	[mu,kappa]: [(121.213,290.627),13.485]
	  6233.326	     0.029	[mu,kappa]: [(17.618,90.821),126.976]
	 16459.707	     0.078	[mu,kappa]: [(30.416,89.769),278.000]
	  5394.331	     0.026	[mu,kappa]: [(78.635,290.097),11.696]
	 11533.471	     0.055	[mu,kappa]: [(67.897,68.105),13.834]
	  6250.846	     0.030	[mu,kappa]: [(98.304,300.253),11.660]
			msglen: 939318.552 bits.
Iteration #: 47
	  5346.557	     0.025	[mu,kappa]: [(46.428,304.639),13.600]
	 95274.871	     0.451	[mu,kappa]: [(40.078,87.637),278.000]
	  3984.825	     0.019	[mu,kappa]: [(138.392,56.303),9.235]
	  5551.410	     0.026	[mu,kappa]: [(33.569,20.056),12.636]
	 15833.443	     0.075	[mu,kappa]: [(49.467,82.383),175.182]
	  7997.191	     0.038	[mu,kappa]: [(21.803,318.796),15.925]
	 21033.292	     0.099	[mu,kappa]: [(154.788,306.809),15.286]
	 10404.801	     0.049	[mu,kappa]: [(121.333,290.570),13.500]
	  6273.917	     0.030	[mu,kappa]: [(17.758,90.864),128.643]
	 16554.587	     0.078	[mu,kappa]: [(30.493,89.759),278.000]
	  5382.931	     0.025	[mu,kappa]: [(78.641,289.733),11.832]
	 11533.319	     0.055	[mu,kappa]: [(67.999,68.062),13.742]
	  6260.857	     0.030	[mu,kappa]: [(98.395,300.526),11.774]
			msglen: 939273.456 bits.
Iteration #: 48
	  5428.013	     0.026	[mu,kappa]: [(46.427,304.870),13.613]
	 95171.909	     0.450	[mu,kappa]: [(40.092,87.633),278.000]
	  3985.230	     0.019	[mu,kappa]: [(138.752,56.130),9.307]
	  5527.962	     0.026	[mu,kappa]: [(33.564,20.217),12.625]
	 15788.551	     0.075	[mu,kappa]: [(49.495,82.361),174.398]
	  7999.358	     0.038	[mu,kappa]: [(21.584,319.057),15.904]
	 20966.106	     0.099	[mu,kappa]: [(154.798,306.794),15.336]
	 10426.819	     0.049	[mu,kappa]: [(121.446,290.505),13.518]
	  6311.915	     0.030	[mu,kappa]: [(17.880,90.896),130.058]
	 16657.995	     0.079	[mu,kappa]: [(30.566,89.749),278.000]
	  5368.111	     0.025	[mu,kappa]: [(78.659,289.356),11.987]
	 11529.295	     0.055	[mu,kappa]: [(68.099,68.021),13.657]
	  6270.738	     0.030	[mu,kappa]: [(98.483,300.817),11.898]
			msglen: 939231.057 bits.
Iteration #: 49
	  5513.252	     0.026	[mu,kappa]: [(46.416,305.082),13.622]
	 95074.799	     0.450	[mu,kappa]: [(40.106,87.628),278.000]
	  3985.879	     0.019	[mu,kappa]: [(139.086,55.965),9.376]
	  5504.093	     0.026	[mu,kappa]: [(33.569,20.368),12.619]
	 15740.916	     0.074	[mu,kappa]: [(49.524,82.339),173.586]
	  7996.088	     0.038	[mu,kappa]: [(21.379,319.309),15.889]
	 20904.087	     0.099	[mu,kappa]: [(154.808,306.782),15.382]
	 10446.467	     0.049	[mu,kappa]: [(121.552,290.429),13.540]
	  6348.144	     0.030	[mu,kappa]: [(17.988,90.921),131.261]
	 16766.177	     0.079	[mu,kappa]: [(30.635,89.739),278.000]
	  5349.808	     0.025	[mu,kappa]: [(78.687,288.965),12.163]
	 11522.076	     0.054	[mu,kappa]: [(68.197,67.981),13.577]
	  6280.213	     0.030	[mu,kappa]: [(98.566,301.127),12.035]
			msglen: 939190.299 bits.
Iteration #: 50
	  5602.324	     0.026	[mu,kappa]: [(46.398,305.276),13.627]
	 94983.748	     0.449	[mu,kappa]: [(40.120,87.623),278.000]
	  3986.680	     0.019	[mu,kappa]: [(139.397,55.809),9.441]
	  5479.909	     0.026	[mu,kappa]: [(33.584,20.511),12.619]
	 15691.077	     0.074	[mu,kappa]: [(49.555,82.315),172.754]
	  7988.224	     0.038	[mu,kappa]: [(21.185,319.554),15.880]
	 20847.189	     0.099	[mu,kappa]: [(154.815,306.773),15.426]
	 10464.006	     0.049	[mu,kappa]: [(121.653,290.343),13.567]
	  6383.079	     0.030	[mu,kappa]: [(18.085,90.939),132.286]
	 16876.769	     0.080	[mu,kappa]: [(30.700,89.730),278.000]
	  5327.866	     0.025	[mu,kappa]: [(78.726,288.558),12.362]
	 11512.180	     0.054	[mu,kappa]: [(68.294,67.942),13.502]
	  6288.949	     0.030	[mu,kappa]: [(98.641,301.458),12.186]
			msglen: 939150.305 bits.
Iteration #: 51
	  5695.386	     0.027	[mu,kappa]: [(46.377,305.456),13.630]
	 94898.510	     0.449	[mu,kappa]: [(40.134,87.618),278.000]
	  3987.550	     0.019	[mu,kappa]: [(139.688,55.660),9.502]
	  5455.497	     0.026	[mu,kappa]: [(33.607,20.649),12.625]
	 15639.592	     0.074	[mu,kappa]: [(49.587,82.290),171.909]
	  7976.457	     0.038	[mu,kappa]: [(20.999,319.791),15.877]
	 20795.396	     0.098	[mu,kappa]: [(154.820,306.767),15.466]
	 10479.720	     0.050	[mu,kappa]: [(121.747,290.246),13.599]
	  6417.004	     0.030	[mu,kappa]: [(18.172,90.953),133.162]
	 16988.251	     0.080	[mu,kappa]: [(30.762,89.721),278.000]
	  5302.054	     0.025	[mu,kappa]: [(78.777,288.132),12.588]
	 11500.032	     0.054	[mu,kappa]: [(68.389,67.904),13.432]
	  6296.552	     0.030	[mu,kappa]: [(98.708,301.810),12.356]
			msglen: 939110.282 bits.
Iteration #: 52
	  5792.686	     0.027	[mu,kappa]: [(46.357,305.620),13.630]
	 94818.608	     0.448	[mu,kappa]: [(40.148,87.613),278.000]
	  3988.418	     0.019	[mu,kappa]: [(139.959,55.518),9.561]
	  5430.933	     0.026	[mu,kappa]: [(33.638,20.781),12.635]
	 15586.985	     0.074	[mu,kappa]: [(49.619,82.265),171.057]
	  7961.352	     0.038	[mu,kappa]: [(20.820,320.019),15.881]
	 20748.729	     0.098	[mu,kappa]: [(154.823,306.765),15.504]
	 10493.917	     0.050	[mu,kappa]: [(121.836,290.137),13.637]
	  6450.097	     0.031	[mu,kappa]: [(18.252,90.962),133.912]
	 17099.637	     0.081	[mu,kappa]: [(30.821,89.713),278.000]
	  5272.077	     0.025	[mu,kappa]: [(78.841,287.685),12.846]
	 11485.995	     0.054	[mu,kappa]: [(68.482,67.868),13.366]
	  6302.565	     0.030	[mu,kappa]: [(98.764,302.185),12.547]
			msglen: 939069.451 bits.
Iteration #: 53
	  5894.562	     0.028	[mu,kappa]: [(46.339,305.771),13.629]
	 94743.466	     0.448	[mu,kappa]: [(40.162,87.609),278.000]
	  3989.224	     0.019	[mu,kappa]: [(140.212,55.384),9.617]
	  5406.287	     0.026	[mu,kappa]: [(33.677,20.909),12.651]
	 15533.731	     0.073	[mu,kappa]: [(49.653,82.239),170.204]
	  7943.373	     0.038	[mu,kappa]: [(20.645,320.240),15.889]
	 20707.248	     0.098	[mu,kappa]: [(154.825,306.766),15.538]
	 10506.929	     0.050	[mu,kappa]: [(121.919,290.016),13.681]
	  6482.466	     0.031	[mu,kappa]: [(18.326,90.969),134.557]
	 17210.290	     0.081	[mu,kappa]: [(30.878,89.706),278.000]
	  5237.587	     0.025	[mu,kappa]: [(78.917,287.215),13.140]
	 11470.382	     0.054	[mu,kappa]: [(68.574,67.833),13.303]
	  6306.455	     0.030	[mu,kappa]: [(98.810,302.582),12.765]
			msglen: 939026.996 bits.
Iteration #: 54
	  6001.431	     0.028	[mu,kappa]: [(46.326,305.906),13.626]
	 94672.480	     0.448	[mu,kappa]: [(40.176,87.604),278.000]
	  3989.913	     0.019	[mu,kappa]: [(140.450,55.256),9.670]
	  5381.620	     0.025	[mu,kappa]: [(33.722,21.032),12.672]
	 15480.240	     0.073	[mu,kappa]: [(49.687,82.214),169.353]
	  7922.894	     0.037	[mu,kappa]: [(20.474,320.454),15.904]
	 20671.053	     0.098	[mu,kappa]: [(154.823,306.771),15.570]
	 10519.116	     0.050	[mu,kappa]: [(121.995,289.884),13.734]
	  6514.179	     0.031	[mu,kappa]: [(18.395,90.972),135.114]
	 17319.808	     0.082	[mu,kappa]: [(30.932,89.698),278.000]
	  5198.197	     0.025	[mu,kappa]: [(79.008,286.720),13.479]
	 11453.467	     0.054	[mu,kappa]: [(68.663,67.799),13.244]
	  6307.601	     0.030	[mu,kappa]: [(98.843,303.004),13.015]
			msglen: 938982.014 bits.
Iteration #: 55
	  6113.783	     0.029	[mu,kappa]: [(46.321,306.026),13.621]
	 94605.062	     0.447	[mu,kappa]: [(40.189,87.599),278.000]
	  3990.441	     0.019	[mu,kappa]: [(140.671,55.136),9.720]
	  5356.993	     0.025	[mu,kappa]: [(33.774,21.151),12.697]
	 15426.865	     0.073	[mu,kappa]: [(49.721,82.188),168.509]
	  7900.222	     0.037	[mu,kappa]: [(20.304,320.662),15.923]
	 20640.292	     0.098	[mu,kappa]: [(154.819,306.780),15.598]
	 10530.866	     0.050	[mu,kappa]: [(122.066,289.739),13.794]
	  6545.280	     0.031	[mu,kappa]: [(18.459,90.974),135.597]
	 17427.941	     0.082	[mu,kappa]: [(30.983,89.691),278.000]
	  5153.491	     0.024	[mu,kappa]: [(79.115,286.198),13.871]
	 11435.490	     0.054	[mu,kappa]: [(68.751,67.766),13.188]
	  6305.274	     0.030	[mu,kappa]: [(98.862,303.449),13.304]
			msglen: 938933.482 bits.
Iteration #: 56
	  6232.178	     0.029	[mu,kappa]: [(46.325,306.127),13.616]
	 94540.663	     0.447	[mu,kappa]: [(40.202,87.594),278.000]
	  3990.763	     0.019	[mu,kappa]: [(140.879,55.023),9.768]
	  5332.466	     0.025	[mu,kappa]: [(33.831,21.266),12.726]
	 15373.902	     0.073	[mu,kappa]: [(49.755,82.162),167.673]
	  7875.603	     0.037	[mu,kappa]: [(20.136,320.867),15.948]
	 20615.164	     0.098	[mu,kappa]: [(154.812,306.793),15.623]
	 10542.593	     0.050	[mu,kappa]: [(122.130,289.583),13.864]
	  6575.795	     0.031	[mu,kappa]: [(18.519,90.974),136.018]
	 17534.541	     0.083	[mu,kappa]: [(31.033,89.685),278.000]
	  5103.049	     0.024	[mu,kappa]: [(79.241,285.647),14.328]
	 11416.660	     0.054	[mu,kappa]: [(68.837,67.735),13.136]
	  6298.623	     0.030	[mu,kappa]: [(98.865,303.919),13.639]
			msglen: 938880.239 bits.
Iteration #: 57
	  6357.229	     0.030	[mu,kappa]: [(46.341,306.207),13.609]
	 94478.790	     0.447	[mu,kappa]: [(40.215,87.590),278.000]
	  3990.839	     0.019	[mu,kappa]: [(141.073,54.918),9.814]
	  5308.103	     0.025	[mu,kappa]: [(33.894,21.376),12.760]
	 15321.594	     0.072	[mu,kappa]: [(49.790,82.136),166.849]
	  7849.230	     0.037	[mu,kappa]: [(19.968,321.068),15.979]
	 20595.916	     0.097	[mu,kappa]: [(154.802,306.810),15.645]
	 10554.732	     0.050	[mu,kappa]: [(122.187,289.417),13.944]
	  6605.745	     0.031	[mu,kappa]: [(18.576,90.972),136.387]
	 17639.527	     0.083	[mu,kappa]: [(31.081,89.678),278.000]
	  5046.475	     0.024	[mu,kappa]: [(79.387,285.068),14.862]
	 11397.160	     0.054	[mu,kappa]: [(68.920,67.704),13.086]
	  6286.659	     0.030	[mu,kappa]: [(98.853,304.413),14.032]
			msglen: 938820.995 bits.
Iteration #: 58
	  6489.576	     0.031	[mu,kappa]: [(46.371,306.264),13.601]
	 94419.004	     0.447	[mu,kappa]: [(40.227,87.585),278.000]
	  3990.625	     0.019	[mu,kappa]: [(141.255,54.819),9.857]
	  5283.972	     0.025	[mu,kappa]: [(33.962,21.481),12.798]
	 15270.140	     0.072	[mu,kappa]: [(49.824,82.111),166.038]
	  7821.257	     0.037	[mu,kappa]: [(19.799,321.270),16.015]
	 20582.846	     0.097	[mu,kappa]: [(154.788,306.833),15.663]
	 10567.728	     0.050	[mu,kappa]: [(122.237,289.240),14.034]
	  6635.139	     0.031	[mu,kappa]: [(18.631,90.969),136.712]
	 17742.862	     0.084	[mu,kappa]: [(31.127,89.672),278.000]
	  4983.441	     0.024	[mu,kappa]: [(79.556,284.463),15.490]
	 11377.155	     0.054	[mu,kappa]: [(69.002,67.675),13.039]
	  6268.254	     0.030	[mu,kappa]: [(98.822,304.927),14.492]
			msglen: 938754.400 bits.
Iteration #: 59
	  6629.841	     0.031	[mu,kappa]: [(46.416,306.292),13.590]
	 94360.921	     0.446	[mu,kappa]: [(40.239,87.581),278.000]
	  3990.077	     0.019	[mu,kappa]: [(141.424,54.728),9.899]
	  5260.151	     0.025	[mu,kappa]: [(34.035,21.581),12.840]
	 15219.697	     0.072	[mu,kappa]: [(49.857,82.085),165.242]
	  7791.801	     0.037	[mu,kappa]: [(19.630,321.475),16.056]
	 20576.284	     0.097	[mu,kappa]: [(154.770,306.860),15.677]
	 10582.020	     0.050	[mu,kappa]: [(122.278,289.056),14.136]
	  6663.988	     0.032	[mu,kappa]: [(18.682,90.966),137.002]
	 17844.538	     0.084	[mu,kappa]: [(31.172,89.666),278.000]
	  4913.742	     0.023	[mu,kappa]: [(79.751,283.836),16.229]
	 11356.787	     0.054	[mu,kappa]: [(69.082,67.647),12.995]
	  6242.154	     0.030	[mu,kappa]: [(98.772,305.458),15.034]
			msglen: 938679.203 bits.
Iteration #: 60
	  6778.544	     0.032	[mu,kappa]: [(46.480,306.288),13.577]
	 94304.214	     0.446	[mu,kappa]: [(40.251,87.576),278.000]
	  3989.144	     0.019	[mu,kappa]: [(141.582,54.644),9.938]
	  5236.727	     0.025	[mu,kappa]: [(34.113,21.672),12.886]
	 15170.387	     0.072	[mu,kappa]: [(49.891,82.060),164.461]
	  7760.957	     0.037	[mu,kappa]: [(19.458,321.688),16.105]
	 20576.573	     0.097	[mu,kappa]: [(154.748,306.892),15.687]
	 10598.009	     0.050	[mu,kappa]: [(122.310,288.867),14.250]
	  6692.295	     0.032	[mu,kappa]: [(18.732,90.962),137.262]
	 17944.566	     0.085	[mu,kappa]: [(31.215,89.661),278.000]
	  4837.363	     0.023	[mu,kappa]: [(79.974,283.196),17.098]
	 11336.187	     0.054	[mu,kappa]: [(69.159,67.620),12.953]
	  6207.034	     0.029	[mu,kappa]: [(98.703,305.998),15.669]
			msglen: 938594.536 bits.
Iteration #: 61
	  6935.993	     0.033	[mu,kappa]: [(46.564,306.248),13.558]
	 94248.603	     0.446	[mu,kappa]: [(40.263,87.572),278.000]
	  3987.770	     0.019	[mu,kappa]: [(141.728,54.568),9.975]
	  5213.795	     0.025	[mu,kappa]: [(34.194,21.755),12.935]
	 15122.301	     0.072	[mu,kappa]: [(49.923,82.036),163.697]
	  7728.823	     0.037	[mu,kappa]: [(19.285,321.912),16.160]
	 20584.019	     0.097	[mu,kappa]: [(154.721,306.928),15.692]
	 10616.024	     0.050	[mu,kappa]: [(122.331,288.678),14.374]
	  6720.062	     0.032	[mu,kappa]: [(18.780,90.957),137.498]
	 18042.969	     0.085	[mu,kappa]: [(31.257,89.655),278.000]
	  4754.557	     0.022	[mu,kappa]: [(80.227,282.552),18.112]
	 11315.475	     0.054	[mu,kappa]: [(69.234,67.594),12.913]
	  6161.611	     0.029	[mu,kappa]: [(98.615,306.539),16.412]
			msglen: 938500.325 bits.
Iteration #: 62
	  7102.113	     0.034	[mu,kappa]: [(46.670,306.168),13.534]
	 94193.853	     0.445	[mu,kappa]: [(40.274,87.568),278.000]
	  3985.892	     0.019	[mu,kappa]: [(141.864,54.501),10.011]
	  5191.449	     0.025	[mu,kappa]: [(34.280,21.827),12.987]
	 15075.505	     0.071	[mu,kappa]: [(49.956,82.012),162.951]
	  7695.532	     0.036	[mu,kappa]: [(19.109,322.153),16.222]
	 20598.820	     0.097	[mu,kappa]: [(154.689,306.968),15.692]
	 10636.280	     0.050	[mu,kappa]: [(122.340,288.495),14.508]
	  6747.290	     0.032	[mu,kappa]: [(18.826,90.951),137.714]
	 18139.775	     0.086	[mu,kappa]: [(31.297,89.650),278.000]
	  4665.903	     0.022	[mu,kappa]: [(80.510,281.920),19.279]
	 11294.764	     0.053	[mu,kappa]: [(69.307,67.569),12.876]
	  6104.825	     0.029	[mu,kappa]: [(98.509,307.067),17.271]
			msglen: 938397.745 bits.
Iteration #: 63
	  7276.259	     0.034	[mu,kappa]: [(46.800,306.048),13.500]
	 94139.766	     0.445	[mu,kappa]: [(40.286,87.563),278.000]
	  3983.452	     0.019	[mu,kappa]: [(141.988,54.443),10.045]
	  5169.770	     0.024	[mu,kappa]: [(34.370,21.886),13.042]
	 15030.042	     0.071	[mu,kappa]: [(49.987,81.988),162.223]
	  7661.307	     0.036	[mu,kappa]: [(18.930,322.416),16.294]
	 20620.966	     0.098	[mu,kappa]: [(154.652,307.011),15.687]
	 10658.835	     0.050	[mu,kappa]: [(122.337,288.324),14.649]
	  6773.979	     0.032	[mu,kappa]: [(18.871,90.946),137.916]
	 18235.019	     0.086	[mu,kappa]: [(31.337,89.645),278.000]
	  4572.349	     0.022	[mu,kappa]: [(80.821,281.317),20.598]
	 11274.165	     0.053	[mu,kappa]: [(69.378,67.546),12.841]
	  6036.092	     0.029	[mu,kappa]: [(98.387,307.568),18.248]
			msglen: 938289.512 bits.
Iteration #: 64
	  7457.019	     0.035	[mu,kappa]: [(46.954,305.889),13.455]
	 94086.175	     0.445	[mu,kappa]: [(40.297,87.559),278.000]
	  3980.398	     0.019	[mu,kappa]: [(142.103,54.394),10.077]
	  5148.810	     0.024	[mu,kappa]: [(34.463,21.929),13.099]
	 14985.935	     0.071	[mu,kappa]: [(50.018,81.965),161.513]
	  7626.513	     0.036	[mu,kappa]: [(18.750,322.706),16.376]
	 20650.114	     0.098	[mu,kappa]: [(154.611,307.054),15.675]
	 10683.586	     0.051	[mu,kappa]: [(122.319,288.175),14.791]
	  6800.132	     0.032	[mu,kappa]: [(18.914,90.940),138.106]
	 18328.738	     0.087	[mu,kappa]: [(31.375,89.640),278.000]
	  4475.204	     0.021	[mu,kappa]: [(81.156,280.757),22.049]
	 11253.794	     0.053	[mu,kappa]: [(69.445,67.523),12.808]
	  5955.581	     0.028	[mu,kappa]: [(98.252,308.028),19.333]
			msglen: 938179.730 bits.
Iteration #: 65
	  7642.117	     0.036	[mu,kappa]: [(47.132,305.697),13.397]
	 94032.943	     0.445	[mu,kappa]: [(40.307,87.555),278.000]
	  3976.706	     0.019	[mu,kappa]: [(142.207,54.355),10.108]
	  5128.577	     0.024	[mu,kappa]: [(34.558,21.956),13.157]
	 14943.192	     0.071	[mu,kappa]: [(50.049,81.942),160.822]
	  7591.695	     0.036	[mu,kappa]: [(18.568,323.022),16.469]
	 20685.481	     0.098	[mu,kappa]: [(154.565,307.094),15.659]
	 10710.285	     0.051	[mu,kappa]: [(122.287,288.053),14.929]
	  6825.763	     0.032	[mu,kappa]: [(18.956,90.934),138.288]
	 18420.969	     0.087	[mu,kappa]: [(31.412,89.635),278.000]
	  4376.085	     0.021	[mu,kappa]: [(81.507,280.253),23.595]
	 11233.771	     0.053	[mu,kappa]: [(69.510,67.501),12.777]
	  5864.415	     0.028	[mu,kappa]: [(98.111,308.436),20.503]
			msglen: 938073.166 bits.
Iteration #: 66
	  7828.481	     0.037	[mu,kappa]: [(47.329,305.480),13.325]
	 93979.948	     0.444	[mu,kappa]: [(40.318,87.551),278.000]
	  3972.399	     0.019	[mu,kappa]: [(142.301,54.325),10.138]
	  5109.030	     0.024	[mu,kappa]: [(34.656,21.964),13.215]
	 14901.805	     0.070	[mu,kappa]: [(50.078,81.920),160.149]
	  7557.563	     0.036	[mu,kappa]: [(18.386,323.362),16.572]
	 20725.790	     0.098	[mu,kappa]: [(154.517,307.129),15.637]
	 10738.618	     0.051	[mu,kappa]: [(122.240,287.966),15.057]
	  6850.898	     0.032	[mu,kappa]: [(18.998,90.929),138.465]
	 18511.748	     0.088	[mu,kappa]: [(31.448,89.630),278.000]
	  4276.801	     0.020	[mu,kappa]: [(81.866,279.812),25.187]
	 11214.226	     0.053	[mu,kappa]: [(69.572,67.480),12.747]
	  5764.693	     0.027	[mu,kappa]: [(97.966,308.783),21.722]
			msglen: 937974.152 bits.
Iteration #: 67
	  8012.528	     0.038	[mu,kappa]: [(47.540,305.251),13.241]
	 93927.089	     0.444	[mu,kappa]: [(40.328,87.548),278.000]
	  3967.558	     0.019	[mu,kappa]: [(142.386,54.304),10.167]
	  5090.088	     0.024	[mu,kappa]: [(34.755,21.955),13.274]
	 14861.751	     0.070	[mu,kappa]: [(50.107,81.898),159.496]
	  7524.913	     0.036	[mu,kappa]: [(18.208,323.718),16.685]
	 20769.326	     0.098	[mu,kappa]: [(154.468,307.155),15.611]
	 10768.300	     0.051	[mu,kappa]: [(122.180,287.916),15.168]
	  6875.583	     0.033	[mu,kappa]: [(19.038,90.923),138.636]
	 18601.111	     0.088	[mu,kappa]: [(31.484,89.625),278.000]
	  4179.201	     0.020	[mu,kappa]: [(82.223,279.433),26.774]
	 11195.292	     0.053	[mu,kappa]: [(69.631,67.459),12.720]
	  5659.260	     0.027	[mu,kappa]: [(97.824,309.069),22.947]
			msglen: 937885.671 bits.
Iteration #: 68
	  8190.636	     0.039	[mu,kappa]: [(47.760,305.019),13.148]
	 93874.276	     0.444	[mu,kappa]: [(40.338,87.544),278.000]
	  3962.327	     0.019	[mu,kappa]: [(142.464,54.290),10.196]
	  5071.660	     0.024	[mu,kappa]: [(34.855,21.929),13.334]
	 14822.998	     0.070	[mu,kappa]: [(50.135,81.877),158.862]
	  7494.497	     0.035	[mu,kappa]: [(18.034,324.080),16.804]
	 20814.111	     0.098	[mu,kappa]: [(154.420,307.170),15.583]
	 10799.172	     0.051	[mu,kappa]: [(122.108,287.904),15.258]
	  6899.880	     0.033	[mu,kappa]: [(19.078,90.917),138.801]
	 18689.092	     0.088	[mu,kappa]: [(31.518,89.620),278.000]
	  4084.980	     0.019	[mu,kappa]: [(82.569,279.111),28.309]
	 11177.102	     0.053	[mu,kappa]: [(69.687,67.439),12.693]
	  5551.269	     0.026	[mu,kappa]: [(97.688,309.299),24.138]
			msglen: 937809.012 bits.
Iteration #: 69
	  8359.613	     0.040	[mu,kappa]: [(47.979,304.794),13.049]
	 93821.430	     0.444	[mu,kappa]: [(40.347,87.540),278.000]
	  3956.901	     0.019	[mu,kappa]: [(142.534,54.280),10.225]
	  5053.671	     0.024	[mu,kappa]: [(34.953,21.887),13.393]
	 14785.502	     0.070	[mu,kappa]: [(50.162,81.856),158.247]
	  7466.902	     0.035	[mu,kappa]: [(17.868,324.436),16.925]
	 20858.153	     0.099	[mu,kappa]: [(154.374,307.173),15.553]
	 10831.245	     0.051	[mu,kappa]: [(122.028,287.925),15.325]
	  6923.868	     0.033	[mu,kappa]: [(19.117,90.911),138.960]
	 18775.722	     0.089	[mu,kappa]: [(31.552,89.616),278.000]
	  3995.522	     0.019	[mu,kappa]: [(82.899,278.838),29.760]
	 11159.776	     0.053	[mu,kappa]: [(69.740,67.419),12.668]
	  5443.696	     0.026	[mu,kappa]: [(97.559,309.480),25.263]
			msglen: 937744.036 bits.
Iteration #: 70
	  8517.050	     0.040	[mu,kappa]: [(48.192,304.582),12.948]
	 93768.488	     0.443	[mu,kappa]: [(40.357,87.536),278.000]
	  3951.498	     0.019	[mu,kappa]: [(142.599,54.274),10.252]
	  5036.070	     0.024	[mu,kappa]: [(35.049,21.834),13.453]
	 14749.216	     0.070	[mu,kappa]: [(50.189,81.836),157.651]
	  7442.478	     0.035	[mu,kappa]: [(17.711,324.775),17.046]
	 20899.681	     0.099	[mu,kappa]: [(154.333,307.164),15.524]
	 10864.682	     0.051	[mu,kappa]: [(121.942,287.974),15.370]
	  6947.627	     0.033	[mu,kappa]: [(19.155,90.905),139.109]
	 18861.029	     0.089	[mu,kappa]: [(31.585,89.611),278.000]
	  3911.805	     0.019	[mu,kappa]: [(83.207,278.606),31.108]
	 11143.411	     0.053	[mu,kappa]: [(69.789,67.400),12.644]
	  5338.965	     0.025	[mu,kappa]: [(97.438,309.622),26.301]
			msglen: 937689.708 bits.
Iteration #: 71
	  8661.446	     0.041	[mu,kappa]: [(48.395,304.388),12.849]
	 93715.404	     0.443	[mu,kappa]: [(40.366,87.533),278.000]
	  3946.325	     0.019	[mu,kappa]: [(142.660,54.268),10.280]
	  5018.837	     0.024	[mu,kappa]: [(35.142,21.771),13.514]
	 14714.088	     0.070	[mu,kappa]: [(50.215,81.817),157.076]
	  7421.346	     0.035	[mu,kappa]: [(17.565,325.090),17.163]
	 20937.307	     0.099	[mu,kappa]: [(154.297,307.145),15.498]
	 10899.734	     0.052	[mu,kappa]: [(121.852,288.046),15.394]
	  6971.225	     0.033	[mu,kappa]: [(19.192,90.899),139.245]
	 18945.042	     0.090	[mu,kappa]: [(31.617,89.607),278.000]
	  3834.397	     0.018	[mu,kappa]: [(83.489,278.409),32.345]
	 11128.076	     0.053	[mu,kappa]: [(69.836,67.381),12.620]
	  5238.773	     0.025	[mu,kappa]: [(97.326,309.735),27.243]
			msglen: 937644.598 bits.
Iteration #: 72
	  8792.155	     0.042	[mu,kappa]: [(48.582,304.213),12.755]
	 93662.148	     0.443	[mu,kappa]: [(40.375,87.529),278.000]
	  3941.555	     0.019	[mu,kappa]: [(142.717,54.261),10.306]
	  5001.967	     0.024	[mu,kappa]: [(35.230,21.701),13.574]
	 14680.066	     0.069	[mu,kappa]: [(50.240,81.798),156.520]
	  7403.439	     0.035	[mu,kappa]: [(17.431,325.375),17.272]
	 20970.077	     0.099	[mu,kappa]: [(154.266,307.119),15.474]
	 10936.664	     0.052	[mu,kappa]: [(121.762,288.135),15.401]
	  6994.717	     0.033	[mu,kappa]: [(19.228,90.892),139.367]
	 19027.788	     0.090	[mu,kappa]: [(31.648,89.602),278.000]
	  3763.506	     0.018	[mu,kappa]: [(83.745,278.239),33.471]
	 11113.808	     0.053	[mu,kappa]: [(69.879,67.362),12.597]
	  5144.111	     0.024	[mu,kappa]: [(97.221,309.824),28.092]
			msglen: 937607.215 bits.
Iteration #: 73
	  8909.216	     0.042	[mu,kappa]: [(48.753,304.058),12.668]
	 93608.711	     0.443	[mu,kappa]: [(40.384,87.526),278.000]
	  3937.313	     0.019	[mu,kappa]: [(142.773,54.251),10.332]
	  4985.461	     0.024	[mu,kappa]: [(35.314,21.626),13.635]
	 14647.100	     0.069	[mu,kappa]: [(50.264,81.780),155.984]
	  7388.568	     0.035	[mu,kappa]: [(17.309,325.630),17.373]
	 20997.455	     0.099	[mu,kappa]: [(154.240,307.086),15.454]
	 10975.682	     0.052	[mu,kappa]: [(121.674,288.235),15.393]
	  7018.133	     0.033	[mu,kappa]: [(19.264,90.885),139.471]
	 19109.290	     0.090	[mu,kappa]: [(31.679,89.598),278.000]
	  3699.062	     0.017	[mu,kappa]: [(83.974,278.093),34.492]
	 11100.613	     0.053	[mu,kappa]: [(69.920,67.343),12.574]
	  5055.396	     0.024	[mu,kappa]: [(97.123,309.898),28.852]
			msglen: 937576.177 bits.
Iteration #: 74
	  9013.161	     0.043	[mu,kappa]: [(48.908,303.921),12.588]
	 93555.104	     0.442	[mu,kappa]: [(40.392,87.523),278.000]
	  3933.672	     0.019	[mu,kappa]: [(142.827,54.238),10.357]
	  4969.320	     0.024	[mu,kappa]: [(35.392,21.548),13.696]
	 14615.142	     0.069	[mu,kappa]: [(50.287,81.762),155.468]
	  7376.477	     0.035	[mu,kappa]: [(17.199,325.856),17.464]
	 21019.251	     0.099	[mu,kappa]: [(154.220,307.049),15.437]
	 11016.911	     0.052	[mu,kappa]: [(121.588,288.342),15.374]
	  7041.481	     0.033	[mu,kappa]: [(19.298,90.877),139.557]
	 19189.573	     0.091	[mu,kappa]: [(31.709,89.594),278.000]
	  3640.802	     0.017	[mu,kappa]: [(84.178,277.966),35.413]
	 11088.467	     0.052	[mu,kappa]: [(69.958,67.324),12.552]
	  4972.639	     0.024	[mu,kappa]: [(97.029,309.959),29.532]
			msglen: 937550.285 bits.
Iteration #: 75
	  9104.831	     0.043	[mu,kappa]: [(49.045,303.801),12.517]
	 93501.353	     0.442	[mu,kappa]: [(40.401,87.520),278.000]
	  3930.661	     0.019	[mu,kappa]: [(142.882,54.222),10.381]
	  4953.536	     0.023	[mu,kappa]: [(35.465,21.469),13.756]
	 14584.150	     0.069	[mu,kappa]: [(50.310,81.745),154.971]
	  7366.884	     0.035	[mu,kappa]: [(17.100,326.053),17.544]
	 21035.534	     0.099	[mu,kappa]: [(154.204,307.011),15.425]
	 11060.378	     0.052	[mu,kappa]: [(121.507,288.453),15.346]
	  7064.751	     0.033	[mu,kappa]: [(19.331,90.869),139.623]
	 19268.656	     0.091	[mu,kappa]: [(31.739,89.589),278.000]
	  3588.345	     0.017	[mu,kappa]: [(84.357,277.856),36.243]
	 11077.327	     0.052	[mu,kappa]: [(69.994,67.305),12.530]
	  4895.595	     0.023	[mu,kappa]: [(96.939,310.011),30.142]
			msglen: 937528.531 bits.
Iteration #: 76
	  9185.234	     0.043	[mu,kappa]: [(49.167,303.696),12.453]
	 93447.496	     0.442	[mu,kappa]: [(40.409,87.516),278.000]
	  3928.273	     0.019	[mu,kappa]: [(142.936,54.202),10.404]
	  4938.100	     0.023	[mu,kappa]: [(35.533,21.391),13.816]
	 14554.083	     0.069	[mu,kappa]: [(50.332,81.728),154.492]
	  7359.508	     0.035	[mu,kappa]: [(17.012,326.226),17.615]
	 21046.551	     0.100	[mu,kappa]: [(154.192,306.971),15.416]
	 11106.023	     0.053	[mu,kappa]: [(121.430,288.566),15.312]
	  7087.919	     0.034	[mu,kappa]: [(19.363,90.861),139.670]
	 19346.556	     0.092	[mu,kappa]: [(31.768,89.585),278.000]
	  3541.245	     0.017	[mu,kappa]: [(84.513,277.761),36.988]
	 11067.130	     0.052	[mu,kappa]: [(70.028,67.286),12.508]
	  4823.881	     0.023	[mu,kappa]: [(96.852,310.057),30.692]
			msglen: 937510.092 bits.
Iteration #: 77
	  9255.446	     0.044	[mu,kappa]: [(49.274,303.604),12.397]
	 93393.583	     0.442	[mu,kappa]: [(40.417,87.513),278.000]
	  3926.481	     0.019	[mu,kappa]: [(142.991,54.178),10.425]
	  4922.999	     0.023	[mu,kappa]: [(35.595,21.313),13.876]
	 14524.905	     0.069	[mu,kappa]: [(50.353,81.712),154.033]
	  7354.078	     0.035	[mu,kappa]: [(16.933,326.378),17.677]
	 21052.663	     0.100	[mu,kappa]: [(154.184,306.931),15.410]
	 11153.718	     0.053	[mu,kappa]: [(121.357,288.680),15.274]
	  7110.952	     0.034	[mu,kappa]: [(19.393,90.852),139.700]
	 19423.287	     0.092	[mu,kappa]: [(31.796,89.582),278.000]
	  3499.034	     0.017	[mu,kappa]: [(84.649,277.677),37.657]
	 11057.801	     0.052	[mu,kappa]: [(70.060,67.267),12.487]
	  4757.053	     0.023	[mu,kappa]: [(96.767,310.098),31.190]
			msglen: 937494.301 bits.
Iteration #: 78
	  9316.538	     0.044	[mu,kappa]: [(49.368,303.525),12.347]
	 93339.668	     0.441	[mu,kappa]: [(40.425,87.510),278.000]
	  3925.240	     0.019	[mu,kappa]: [(143.046,54.151),10.446]
	  4908.218	     0.023	[mu,kappa]: [(35.653,21.237),13.934]
	 14496.583	     0.069	[mu,kappa]: [(50.374,81.696),153.590]
	  7350.346	     0.035	[mu,kappa]: [(16.863,326.511),17.730]
	 21054.286	     0.100	[mu,kappa]: [(154.180,306.892),15.408]
	 11203.291	     0.053	[mu,kappa]: [(121.290,288.792),15.231]
	  7133.810	     0.034	[mu,kappa]: [(19.423,90.843),139.714]
	 19498.859	     0.092	[mu,kappa]: [(31.824,89.578),278.000]
	  3461.247	     0.016	[mu,kappa]: [(84.766,277.604),38.256]
	 11049.260	     0.052	[mu,kappa]: [(70.090,67.248),12.466]
	  4694.654	     0.022	[mu,kappa]: [(96.683,310.136),31.644]
			msglen: 937480.628 bits.
Iteration #: 79
	  9369.539	     0.044	[mu,kappa]: [(49.450,303.456),12.305]
	 93285.808	     0.441	[mu,kappa]: [(40.432,87.507),278.000]
	  3924.500	     0.019	[mu,kappa]: [(143.102,54.121),10.466]
	  4893.741	     0.023	[mu,kappa]: [(35.706,21.164),13.990]
	 14469.085	     0.068	[mu,kappa]: [(50.394,81.681),153.165]
	  7348.084	     0.035	[mu,kappa]: [(16.800,326.630),17.776]
	 21051.863	     0.100	[mu,kappa]: [(154.179,306.854),15.408]
	 11254.536	     0.053	[mu,kappa]: [(121.227,288.902),15.187]
	  7156.454	     0.034	[mu,kappa]: [(19.452,90.835),139.713]
	 19573.283	     0.093	[mu,kappa]: [(31.851,89.574),278.000]
	  3427.439	     0.016	[mu,kappa]: [(84.867,277.541),38.792]
	 11041.421	     0.052	[mu,kappa]: [(70.119,67.230),12.445]
	  4636.247	     0.022	[mu,kappa]: [(96.601,310.171),32.059]
			msglen: 937468.652 bits.
Iteration #: 80
	  9415.406	     0.045	[mu,kappa]: [(49.520,303.396),12.268]
	 93232.063	     0.441	[mu,kappa]: [(40.440,87.504),278.000]
	  3924.206	     0.019	[mu,kappa]: [(143.158,54.088),10.485]
	  4879.552	     0.023	[mu,kappa]: [(35.756,21.094),14.045]
	 14442.385	     0.068	[mu,kappa]: [(50.413,81.667),152.755]
	  7347.090	     0.035	[mu,kappa]: [(16.745,326.736),17.815]
	 21045.834	     0.100	[mu,kappa]: [(154.180,306.817),15.411]
	 11307.235	     0.053	[mu,kappa]: [(121.169,289.010),15.141]
	  7178.845	     0.034	[mu,kappa]: [(19.480,90.826),139.700]
	 19646.565	     0.093	[mu,kappa]: [(31.877,89.570),278.000]
	  3397.193	     0.016	[mu,kappa]: [(84.952,277.485),39.271]
	 11034.199	     0.052	[mu,kappa]: [(70.146,67.212),12.424]
	  4581.427	     0.022	[mu,kappa]: [(96.519,310.203),32.441]
			msglen: 937458.042 bits.
Iteration #: 81
	  9455.019	     0.045	[mu,kappa]: [(49.581,303.344),12.236]
	 93178.486	     0.441	[mu,kappa]: [(40.447,87.502),278.000]
	  3924.309	     0.019	[mu,kappa]: [(143.214,54.052),10.503]
	  4865.638	     0.023	[mu,kappa]: [(35.803,21.026),14.098]
	 14416.455	     0.068	[mu,kappa]: [(50.432,81.652),152.361]
	  7347.180	     0.035	[mu,kappa]: [(16.695,326.831),17.848]
	 21036.622	     0.099	[mu,kappa]: [(154.183,306.782),15.416]
	 11361.165	     0.054	[mu,kappa]: [(121.115,289.116),15.094]
	  7200.946	     0.034	[mu,kappa]: [(19.507,90.816),139.676]
	 19718.715	     0.093	[mu,kappa]: [(31.903,89.567),278.000]
	  3370.128	     0.016	[mu,kappa]: [(85.024,277.437),39.699]
	 11027.512	     0.052	[mu,kappa]: [(70.172,67.194),12.403]
	  4529.827	     0.021	[mu,kappa]: [(96.437,310.235),32.796]
			msglen: 937448.538 bits.
