Iteration #: 0
	  1331.000	     0.006	[mu,kappa]: [(37.369,67.117),2.093]
	  1312.000	     0.006	[mu,kappa]: [(35.324,65.512),2.215]
	  1311.000	     0.006	[mu,kappa]: [(38.471,66.013),2.079]
	  1318.000	     0.006	[mu,kappa]: [(37.606,66.139),2.129]
	  1295.000	     0.006	[mu,kappa]: [(37.455,66.803),2.193]
	  1270.000	     0.006	[mu,kappa]: [(36.419,65.776),2.075]
	  1287.000	     0.006	[mu,kappa]: [(36.847,64.664),2.112]
	  1315.000	     0.006	[mu,kappa]: [(36.703,68.031),2.217]
	  1335.000	     0.006	[mu,kappa]: [(36.812,65.632),2.157]
	  1279.000	     0.006	[mu,kappa]: [(37.253,69.111),2.432]
	  1345.000	     0.006	[mu,kappa]: [(37.046,68.869),2.379]
	  1314.000	     0.006	[mu,kappa]: [(37.677,67.293),2.171]
	  1375.000	     0.007	[mu,kappa]: [(36.713,67.629),2.253]
	  1328.000	     0.006	[mu,kappa]: [(37.611,66.486),2.167]
	  1339.000	     0.006	[mu,kappa]: [(36.177,65.092),2.152]
	  1274.000	     0.006	[mu,kappa]: [(37.254,65.412),2.022]
	  1353.000	     0.006	[mu,kappa]: [(38.142,69.623),2.221]
	  1402.000	     0.007	[mu,kappa]: [(38.151,65.370),1.950]
	  1388.000	     0.007	[mu,kappa]: [(36.321,68.938),2.429]
	  1405.000	     0.007	[mu,kappa]: [(35.539,63.924),2.131]
	  1334.000	     0.006	[mu,kappa]: [(37.525,65.816),2.155]
	  1307.000	     0.006	[mu,kappa]: [(37.500,66.046),2.047]
	  1325.000	     0.006	[mu,kappa]: [(36.635,68.646),2.423]
	  1309.000	     0.006	[mu,kappa]: [(37.265,68.528),2.295]
	  1339.000	     0.006	[mu,kappa]: [(36.760,65.704),2.138]
	  1369.000	     0.006	[mu,kappa]: [(35.785,67.905),2.246]
	  1335.000	     0.006	[mu,kappa]: [(37.054,66.884),2.116]
	  1349.000	     0.006	[mu,kappa]: [(38.061,66.076),2.123]
	  1320.000	     0.006	[mu,kappa]: [(38.319,67.588),2.267]
	  1254.000	     0.006	[mu,kappa]: [(37.112,67.456),2.280]
	  1355.000	     0.006	[mu,kappa]: [(36.806,66.405),2.197]
	  1348.000	     0.006	[mu,kappa]: [(37.797,67.347),2.152]
	  1357.000	     0.006	[mu,kappa]: [(38.526,68.393),2.190]
	  1312.000	     0.006	[mu,kappa]: [(37.917,66.480),2.099]
	  1353.000	     0.006	[mu,kappa]: [(36.961,67.398),2.263]
	  1263.000	     0.006	[mu,kappa]: [(35.522,66.637),2.254]
	  1381.000	     0.007	[mu,kappa]: [(36.581,68.045),2.332]
	  1310.000	     0.006	[mu,kappa]: [(36.323,66.186),2.163]
	  1317.000	     0.006	[mu,kappa]: [(35.166,64.828),2.298]
	  1351.000	     0.006	[mu,kappa]: [(36.842,65.656),2.057]
	  1319.000	     0.006	[mu,kappa]: [(37.625,67.481),2.147]
	  1396.000	     0.007	[mu,kappa]: [(35.666,67.917),2.401]
	  1312.000	     0.006	[mu,kappa]: [(37.327,68.469),2.256]
	  1264.000	     0.006	[mu,kappa]: [(36.527,66.640),2.296]
	  1324.000	     0.006	[mu,kappa]: [(38.792,67.545),2.110]
	  1277.000	     0.006	[mu,kappa]: [(36.064,65.676),2.115]
	  1365.000	     0.006	[mu,kappa]: [(37.137,66.421),2.253]
	  1331.000	     0.006	[mu,kappa]: [(37.450,67.644),2.287]
	  1351.000	     0.006	[mu,kappa]: [(36.233,65.848),2.154]
	  1331.000	     0.006	[mu,kappa]: [(37.133,66.662),2.368]
	  1304.000	     0.006	[mu,kappa]: [(36.475,64.975),2.133]
	  1340.000	     0.006	[mu,kappa]: [(37.593,67.424),2.328]
	  1326.000	     0.006	[mu,kappa]: [(37.462,67.833),2.244]
	  1273.000	     0.006	[mu,kappa]: [(36.740,67.424),2.381]
	  1342.000	     0.006	[mu,kappa]: [(36.237,68.520),2.497]
	  1230.000	     0.006	[mu,kappa]: [(38.733,67.140),2.015]
	  1316.000	     0.006	[mu,kappa]: [(35.764,67.985),2.414]
	  1272.000	     0.006	[mu,kappa]: [(36.467,68.104),2.241]
	  1331.000	     0.006	[mu,kappa]: [(38.399,67.793),2.116]
	  1286.000	     0.006	[mu,kappa]: [(38.021,68.022),2.152]
	  1319.000	     0.006	[mu,kappa]: [(37.101,66.912),2.068]
	  1280.000	     0.006	[mu,kappa]: [(35.801,69.112),2.454]
	  1240.000	     0.006	[mu,kappa]: [(36.046,68.605),2.201]
	  1277.000	     0.006	[mu,kappa]: [(37.661,68.525),2.355]
	  1339.000	     0.006	[mu,kappa]: [(36.288,67.520),2.205]
	  1305.000	     0.006	[mu,kappa]: [(37.898,66.294),2.048]
	  1258.000	     0.006	[mu,kappa]: [(35.926,66.339),2.109]
	  1360.000	     0.006	[mu,kappa]: [(37.857,68.548),2.255]
	  1365.000	     0.006	[mu,kappa]: [(37.622,68.681),2.367]
	  1342.000	     0.006	[mu,kappa]: [(35.257,66.635),2.191]
	  1255.000	     0.006	[mu,kappa]: [(37.483,66.472),2.121]
	  1327.000	     0.006	[mu,kappa]: [(37.221,64.921),2.047]
	  1316.000	     0.006	[mu,kappa]: [(35.504,65.461),2.202]
	  1269.000	     0.006	[mu,kappa]: [(35.428,65.522),2.061]
	  1262.000	     0.006	[mu,kappa]: [(36.742,66.799),2.201]
	  1311.000	     0.006	[mu,kappa]: [(35.872,69.920),2.224]
	  1393.000	     0.007	[mu,kappa]: [(36.519,68.826),2.482]
	  1348.000	     0.006	[mu,kappa]: [(35.145,66.491),2.050]
	  1336.000	     0.006	[mu,kappa]: [(37.927,68.049),2.092]
	  1343.000	     0.006	[mu,kappa]: [(36.482,67.858),2.196]
	  1368.000	     0.006	[mu,kappa]: [(38.623,65.787),2.030]
	  1293.000	     0.006	[mu,kappa]: [(36.528,67.733),2.221]
	  1340.000	     0.006	[mu,kappa]: [(38.509,65.965),2.075]
	  1311.000	     0.006	[mu,kappa]: [(36.589,68.889),2.350]
	  1351.000	     0.006	[mu,kappa]: [(37.212,67.369),2.144]
	  1280.000	     0.006	[mu,kappa]: [(37.115,67.432),2.298]
	  1273.000	     0.006	[mu,kappa]: [(37.784,70.384),2.320]
	  1328.000	     0.006	[mu,kappa]: [(35.699,67.031),2.302]
	  1257.000	     0.006	[mu,kappa]: [(36.998,65.236),2.012]
	  1406.000	     0.007	[mu,kappa]: [(37.812,64.336),1.908]
	  1305.000	     0.006	[mu,kappa]: [(37.089,67.402),2.251]
	  1402.000	     0.007	[mu,kappa]: [(36.557,67.738),2.146]
	  1261.000	     0.006	[mu,kappa]: [(37.840,68.468),2.274]
	  1370.000	     0.006	[mu,kappa]: [(37.361,66.167),2.104]
	  1335.000	     0.006	[mu,kappa]: [(37.677,67.443),2.134]
	  1365.000	     0.006	[mu,kappa]: [(35.701,66.996),2.256]
	  1332.000	     0.006	[mu,kappa]: [(37.327,67.013),2.185]
	  1298.000	     0.006	[mu,kappa]: [(36.259,66.795),2.207]
	  1308.000	     0.006	[mu,kappa]: [(36.597,64.128),2.029]
	  1360.000	     0.006	[mu,kappa]: [(37.635,67.348),2.190]
	  1350.000	     0.006	[mu,kappa]: [(37.205,64.432),2.168]
	  1330.000	     0.006	[mu,kappa]: [(38.647,68.199),2.271]
	  1335.000	     0.006	[mu,kappa]: [(38.140,66.895),2.158]
	  1355.000	     0.006	[mu,kappa]: [(38.864,67.845),2.134]
	  1313.000	     0.006	[mu,kappa]: [(37.383,66.415),2.181]
	  1326.000	     0.006	[mu,kappa]: [(36.628,66.747),2.148]
	  1291.000	     0.006	[mu,kappa]: [(36.665,63.906),2.118]
	  1298.000	     0.006	[mu,kappa]: [(35.832,67.118),2.296]
	  1355.000	     0.006	[mu,kappa]: [(37.829,65.228),2.110]
	  1318.000	     0.006	[mu,kappa]: [(36.619,65.823),2.203]
	  1334.000	     0.006	[mu,kappa]: [(34.990,66.363),2.210]
	  1305.000	     0.006	[mu,kappa]: [(36.231,65.851),2.063]
	  1319.000	     0.006	[mu,kappa]: [(35.989,66.348),2.119]
	  1309.000	     0.006	[mu,kappa]: [(34.904,66.897),2.394]
	  1270.000	     0.006	[mu,kappa]: [(35.625,65.077),2.167]
	  1280.000	     0.006	[mu,kappa]: [(36.296,67.621),2.228]
	  1307.000	     0.006	[mu,kappa]: [(36.554,65.463),2.164]
	  1323.000	     0.006	[mu,kappa]: [(36.831,66.857),2.263]
	  1301.000	     0.006	[mu,kappa]: [(35.720,65.026),2.122]
	  1328.000	     0.006	[mu,kappa]: [(36.348,64.756),2.143]
	  1329.000	     0.006	[mu,kappa]: [(37.845,68.431),2.323]
	  1352.000	     0.006	[mu,kappa]: [(37.169,66.844),2.188]
	  1324.000	     0.006	[mu,kappa]: [(37.970,68.040),2.336]
	  1341.000	     0.006	[mu,kappa]: [(37.079,65.732),2.201]
	  1319.000	     0.006	[mu,kappa]: [(36.621,69.586),2.428]
	  1304.000	     0.006	[mu,kappa]: [(34.553,61.569),1.896]
	  1297.000	     0.006	[mu,kappa]: [(37.858,68.768),2.307]
	  1294.000	     0.006	[mu,kappa]: [(35.681,68.195),2.189]
	  1367.000	     0.006	[mu,kappa]: [(36.511,65.519),2.063]
	  1400.000	     0.007	[mu,kappa]: [(38.588,70.186),2.273]
	  1302.000	     0.006	[mu,kappa]: [(35.387,64.659),2.078]
	  1306.000	     0.006	[mu,kappa]: [(37.184,69.457),2.226]
	  1355.000	     0.006	[mu,kappa]: [(36.230,66.280),2.159]
	  1322.000	     0.006	[mu,kappa]: [(37.444,67.105),2.209]
	  1325.000	     0.006	[mu,kappa]: [(37.036,69.744),2.337]
	  1356.000	     0.006	[mu,kappa]: [(36.605,67.507),2.268]
	  1302.000	     0.006	[mu,kappa]: [(36.820,69.496),2.385]
	  1283.000	     0.006	[mu,kappa]: [(35.333,63.945),2.045]
	  1268.000	     0.006	[mu,kappa]: [(37.898,68.260),2.318]
	  1312.000	     0.006	[mu,kappa]: [(35.066,68.858),2.368]
	  1368.000	     0.006	[mu,kappa]: [(37.439,68.643),2.275]
	  1319.000	     0.006	[mu,kappa]: [(38.493,68.819),2.332]
	  1253.000	     0.006	[mu,kappa]: [(36.873,66.950),2.142]
	  1319.000	     0.006	[mu,kappa]: [(37.176,66.723),2.277]
	  1313.000	     0.006	[mu,kappa]: [(37.050,64.624),2.051]
	  1404.000	     0.007	[mu,kappa]: [(36.429,67.486),2.289]
	  1353.000	     0.006	[mu,kappa]: [(36.647,66.902),2.413]
	  1365.000	     0.006	[mu,kappa]: [(36.784,68.400),2.324]
	  1320.000	     0.006	[mu,kappa]: [(37.372,65.520),1.958]
	  1331.000	     0.006	[mu,kappa]: [(37.516,66.369),2.223]
	  1289.000	     0.006	[mu,kappa]: [(37.580,67.370),2.161]
	  1278.000	     0.006	[mu,kappa]: [(37.593,64.161),1.974]
	  1283.000	     0.006	[mu,kappa]: [(37.492,68.307),2.199]
	  1278.000	     0.006	[mu,kappa]: [(37.375,68.337),2.287]
	  1356.000	     0.006	[mu,kappa]: [(37.246,64.949),2.077]
	  1281.000	     0.006	[mu,kappa]: [(37.917,65.162),2.089]
	  1242.000	     0.006	[mu,kappa]: [(37.221,68.586),2.426]
	  1380.000	     0.007	[mu,kappa]: [(38.443,66.040),2.010]
	  1283.000	     0.006	[mu,kappa]: [(38.685,67.230),2.059]
	  1370.000	     0.006	[mu,kappa]: [(36.975,66.400),2.240]
			msglen: 921627.815 bits.
Iteration #: 1
	  1329.564	     0.006	[mu,kappa]: [(37.356,63.942),1.922]
	  1308.459	     0.006	[mu,kappa]: [(36.120,66.600),2.226]
	  1310.601	     0.006	[mu,kappa]: [(37.868,63.045),1.855]
	  1315.723	     0.006	[mu,kappa]: [(37.303,64.728),1.997]
	  1291.865	     0.006	[mu,kappa]: [(37.141,66.962),2.189]
	  1270.031	     0.006	[mu,kappa]: [(36.908,62.346),1.850]
	  1285.775	     0.006	[mu,kappa]: [(36.921,63.191),1.920]
	  1312.055	     0.006	[mu,kappa]: [(36.870,68.026),2.292]
	  1332.162	     0.006	[mu,kappa]: [(36.854,65.207),2.063]
	  1288.266	     0.006	[mu,kappa]: [(37.092,73.022),3.023]
	  1349.970	     0.006	[mu,kappa]: [(36.992,71.983),2.829]
	  1310.809	     0.006	[mu,kappa]: [(37.305,66.592),2.138]
	  1372.675	     0.006	[mu,kappa]: [(36.816,68.786),2.390]
	  1324.893	     0.006	[mu,kappa]: [(37.236,66.094),2.109]
	  1336.237	     0.006	[mu,kappa]: [(36.547,64.646),2.039]
	  1277.654	     0.006	[mu,kappa]: [(37.523,60.185),1.705]
	  1349.799	     0.006	[mu,kappa]: [(37.552,69.024),2.342]
	  1413.316	     0.007	[mu,kappa]: [(38.481,57.007),1.527]
	  1397.541	     0.007	[mu,kappa]: [(36.742,72.806),3.008]
	  1402.706	     0.007	[mu,kappa]: [(36.226,63.170),1.958]
	  1331.134	     0.006	[mu,kappa]: [(37.184,65.371),2.059]
	  1308.521	     0.006	[mu,kappa]: [(37.543,61.669),1.780]
	  1333.318	     0.006	[mu,kappa]: [(36.834,72.642),2.974]
	  1308.584	     0.006	[mu,kappa]: [(37.071,70.200),2.543]
	  1336.568	     0.006	[mu,kappa]: [(36.876,64.635),2.014]
	  1366.340	     0.006	[mu,kappa]: [(36.461,68.556),2.377]
	  1332.878	     0.006	[mu,kappa]: [(37.133,64.552),1.980]
	  1346.773	     0.006	[mu,kappa]: [(37.523,64.567),1.976]
	  1317.835	     0.006	[mu,kappa]: [(37.453,69.331),2.424]
	  1252.666	     0.006	[mu,kappa]: [(36.948,69.420),2.465]
	  1351.727	     0.006	[mu,kappa]: [(36.832,66.796),2.195]
	  1344.868	     0.006	[mu,kappa]: [(37.401,66.062),2.085]
	  1353.295	     0.006	[mu,kappa]: [(37.694,67.763),2.217]
	  1310.602	     0.006	[mu,kappa]: [(37.556,63.925),1.921]
	  1350.949	     0.006	[mu,kappa]: [(36.894,68.974),2.413]
	  1260.434	     0.006	[mu,kappa]: [(36.260,68.188),2.368]
	  1382.303	     0.007	[mu,kappa]: [(36.761,70.713),2.649]
	  1307.025	     0.006	[mu,kappa]: [(36.662,65.597),2.096]
	  1314.416	     0.006	[mu,kappa]: [(35.962,68.433),2.449]
	  1352.156	     0.006	[mu,kappa]: [(37.169,61.685),1.800]
	  1316.010	     0.006	[mu,kappa]: [(37.344,65.943),2.075]
	  1401.862	     0.007	[mu,kappa]: [(36.417,71.878),2.874]
	  1310.038	     0.006	[mu,kappa]: [(37.117,69.293),2.420]
	  1262.864	     0.006	[mu,kappa]: [(36.649,69.380),2.494]
	  1321.501	     0.006	[mu,kappa]: [(37.974,64.983),1.968]
	  1275.285	     0.006	[mu,kappa]: [(36.617,63.697),1.955]
	  1362.306	     0.006	[mu,kappa]: [(36.907,68.349),2.356]
	  1329.865	     0.006	[mu,kappa]: [(37.091,69.717),2.493]
	  1348.101	     0.006	[mu,kappa]: [(36.618,65.101),2.061]
	  1333.303	     0.006	[mu,kappa]: [(36.872,71.006),2.721]
	  1301.872	     0.006	[mu,kappa]: [(36.713,64.042),1.986]
	  1340.546	     0.006	[mu,kappa]: [(37.112,70.532),2.613]
	  1323.532	     0.006	[mu,kappa]: [(37.143,68.761),2.365]
	  1276.807	     0.006	[mu,kappa]: [(36.778,71.497),2.792]
	  1357.553	     0.006	[mu,kappa]: [(36.717,73.738),3.238]
	  1232.608	     0.006	[mu,kappa]: [(38.354,61.234),1.713]
	  1322.732	     0.006	[mu,kappa]: [(36.464,72.161),2.923]
	  1269.637	     0.006	[mu,kappa]: [(36.755,68.644),2.367]
	  1328.316	     0.006	[mu,kappa]: [(37.786,65.262),1.995]
	  1282.816	     0.006	[mu,kappa]: [(37.536,66.420),2.100]
	  1318.772	     0.006	[mu,kappa]: [(37.307,62.882),1.854]
	  1291.067	     0.006	[mu,kappa]: [(36.577,73.193),3.101]
	  1236.871	     0.006	[mu,kappa]: [(36.647,67.721),2.261]
	  1279.804	     0.006	[mu,kappa]: [(37.203,71.498),2.737]
	  1335.786	     0.006	[mu,kappa]: [(36.676,67.418),2.247]
	  1306.261	     0.006	[mu,kappa]: [(37.740,61.939),1.786]
	  1256.254	     0.006	[mu,kappa]: [(36.609,63.803),1.954]
	  1357.810	     0.006	[mu,kappa]: [(37.337,69.370),2.416]
	  1368.917	     0.006	[mu,kappa]: [(37.196,71.773),2.782]
	  1338.385	     0.006	[mu,kappa]: [(36.196,66.398),2.185]
	  1253.013	     0.006	[mu,kappa]: [(37.290,64.598),1.982]
	  1329.219	     0.006	[mu,kappa]: [(37.357,60.958),1.759]
	  1312.499	     0.006	[mu,kappa]: [(36.205,66.233),2.187]
	  1269.587	     0.006	[mu,kappa]: [(36.477,61.424),1.813]
	  1259.014	     0.006	[mu,kappa]: [(36.825,67.069),2.215]
	  1307.847	     0.006	[mu,kappa]: [(36.637,68.824),2.363]
	  1407.965	     0.007	[mu,kappa]: [(36.829,73.646),3.197]
	  1348.492	     0.006	[mu,kappa]: [(36.436,61.431),1.804]
	  1334.033	     0.006	[mu,kappa]: [(37.661,64.480),1.936]
	  1339.715	     0.006	[mu,kappa]: [(36.789,67.359),2.229]
	  1370.820	     0.006	[mu,kappa]: [(38.167,61.052),1.726]
	  1290.163	     0.006	[mu,kappa]: [(36.773,67.993),2.299]
	  1339.763	     0.006	[mu,kappa]: [(37.898,62.908),1.845]
	  1313.805	     0.006	[mu,kappa]: [(36.820,71.371),2.732]
	  1348.027	     0.006	[mu,kappa]: [(37.161,65.744),2.068]
	  1279.311	     0.006	[mu,kappa]: [(36.938,69.832),2.522]
	  1274.353	     0.006	[mu,kappa]: [(37.373,71.449),2.674]
	  1327.038	     0.006	[mu,kappa]: [(36.347,69.526),2.523]
	  1261.433	     0.006	[mu,kappa]: [(37.441,59.607),1.680]
	  1424.231	     0.007	[mu,kappa]: [(38.708,53.921),1.415]
	  1302.716	     0.006	[mu,kappa]: [(36.956,68.711),2.378]
	  1398.714	     0.007	[mu,kappa]: [(36.892,65.832),2.083]
	  1259.639	     0.006	[mu,kappa]: [(37.308,69.787),2.473]
	  1368.503	     0.006	[mu,kappa]: [(37.267,63.838),1.931]
	  1332.191	     0.006	[mu,kappa]: [(37.396,65.537),2.039]
	  1362.415	     0.006	[mu,kappa]: [(36.358,68.430),2.385]
	  1328.781	     0.006	[mu,kappa]: [(37.112,66.818),2.173]
	  1294.893	     0.006	[mu,kappa]: [(36.614,67.145),2.234]
	  1311.993	     0.006	[mu,kappa]: [(37.107,59.533),1.700]
	  1356.646	     0.006	[mu,kappa]: [(37.256,67.167),2.195]
	  1346.836	     0.006	[mu,kappa]: [(36.923,65.034),2.064]
	  1327.987	     0.006	[mu,kappa]: [(37.619,69.711),2.452]
	  1331.821	     0.006	[mu,kappa]: [(37.513,66.085),2.089]
	  1351.658	     0.006	[mu,kappa]: [(37.946,65.909),2.040]
	  1309.854	     0.006	[mu,kappa]: [(37.106,66.420),2.146]
	  1323.167	     0.006	[mu,kappa]: [(36.860,65.445),2.066]
	  1289.644	     0.006	[mu,kappa]: [(36.772,62.948),1.919]
	  1296.946	     0.006	[mu,kappa]: [(36.407,69.463),2.510]
	  1353.513	     0.006	[mu,kappa]: [(37.410,63.643),1.924]
	  1314.761	     0.006	[mu,kappa]: [(36.705,66.643),2.196]
	  1330.321	     0.006	[mu,kappa]: [(36.046,66.772),2.233]
	  1305.531	     0.006	[mu,kappa]: [(36.864,61.912),1.823]
	  1316.860	     0.006	[mu,kappa]: [(36.616,64.146),1.979]
	  1312.715	     0.006	[mu,kappa]: [(36.050,71.279),2.816]
	  1266.971	     0.006	[mu,kappa]: [(36.275,65.023),2.082]
	  1277.268	     0.006	[mu,kappa]: [(36.664,68.081),2.316]
	  1304.096	     0.006	[mu,kappa]: [(36.714,65.304),2.080]
	  1320.841	     0.006	[mu,kappa]: [(36.804,68.745),2.400]
	  1299.088	     0.006	[mu,kappa]: [(36.403,63.511),1.960]
	  1325.549	     0.006	[mu,kappa]: [(36.619,64.215),2.007]
	  1329.811	     0.006	[mu,kappa]: [(37.278,70.837),2.627]
	  1348.740	     0.006	[mu,kappa]: [(37.029,66.806),2.179]
	  1325.252	     0.006	[mu,kappa]: [(37.296,70.973),2.656]
	  1337.672	     0.006	[mu,kappa]: [(36.898,66.632),2.187]
	  1328.587	     0.006	[mu,kappa]: [(36.893,73.026),3.025]
	  1324.984	     0.006	[mu,kappa]: [(37.075,49.792),1.357]
	  1297.123	     0.006	[mu,kappa]: [(37.312,70.627),2.586]
	  1290.537	     0.006	[mu,kappa]: [(36.481,67.135),2.217]
	  1367.841	     0.006	[mu,kappa]: [(36.982,61.758),1.814]
	  1398.393	     0.007	[mu,kappa]: [(37.705,70.503),2.515]
	  1302.072	     0.006	[mu,kappa]: [(36.351,61.583),1.838]
	  1303.219	     0.006	[mu,kappa]: [(37.144,68.924),2.355]
	  1351.940	     0.006	[mu,kappa]: [(36.635,65.485),2.087]
	  1318.873	     0.006	[mu,kappa]: [(37.131,67.534),2.243]
	  1327.441	     0.006	[mu,kappa]: [(37.046,71.486),2.717]
	  1354.130	     0.006	[mu,kappa]: [(36.754,69.082),2.432]
	  1307.737	     0.006	[mu,kappa]: [(36.949,72.278),2.871]
	  1285.472	     0.006	[mu,kappa]: [(36.408,59.782),1.741]
	  1268.456	     0.006	[mu,kappa]: [(37.290,70.685),2.607]
	  1315.389	     0.006	[mu,kappa]: [(36.244,71.466),2.789]
	  1366.679	     0.006	[mu,kappa]: [(37.158,69.829),2.484]
	  1320.254	     0.006	[mu,kappa]: [(37.548,71.243),2.666]
	  1250.416	     0.006	[mu,kappa]: [(36.992,65.412),2.054]
	  1317.157	     0.006	[mu,kappa]: [(36.925,69.069),2.436]
	  1315.118	     0.006	[mu,kappa]: [(37.243,60.886),1.763]
	  1402.802	     0.007	[mu,kappa]: [(36.673,69.530),2.496]
	  1358.830	     0.006	[mu,kappa]: [(36.711,71.891),2.882]
	  1366.037	     0.006	[mu,kappa]: [(36.865,70.705),2.633]
	  1329.624	     0.006	[mu,kappa]: [(38.009,57.298),1.552]
	  1327.841	     0.006	[mu,kappa]: [(37.095,67.598),2.264]
	  1285.951	     0.006	[mu,kappa]: [(37.286,66.332),2.114]
	  1287.026	     0.006	[mu,kappa]: [(37.969,57.219),1.563]
	  1279.880	     0.006	[mu,kappa]: [(37.238,67.804),2.245]
	  1277.209	     0.006	[mu,kappa]: [(37.106,69.979),2.514]
	  1356.363	     0.006	[mu,kappa]: [(37.244,62.138),1.834]
	  1280.580	     0.006	[mu,kappa]: [(37.524,62.855),1.866]
	  1250.057	     0.006	[mu,kappa]: [(37.045,72.757),2.984]
	  1384.349	     0.007	[mu,kappa]: [(38.207,60.302),1.681]
	  1282.895	     0.006	[mu,kappa]: [(38.108,63.012),1.828]
	  1367.046	     0.006	[mu,kappa]: [(36.852,67.971),2.317]
			msglen: 1582674.085 bits.
Iteration #: 2
	  1312.000	     0.006	[mu,kappa]: [(37.928,55.273),1.505]
	  1278.273	     0.006	[mu,kappa]: [(36.389,67.882),2.357]
	  1303.143	     0.006	[mu,kappa]: [(38.983,50.792),1.337]
	  1290.810	     0.006	[mu,kappa]: [(37.393,59.401),1.696]
	  1261.388	     0.006	[mu,kappa]: [(36.874,67.248),2.256]
	  1264.306	     0.006	[mu,kappa]: [(38.518,49.568),1.320]
	  1269.801	     0.006	[mu,kappa]: [(37.705,54.464),1.489]
	  1284.948	     0.006	[mu,kappa]: [(36.767,70.140),2.597]
	  1302.810	     0.006	[mu,kappa]: [(36.910,62.260),1.873]
	  1380.871	     0.007	[mu,kappa]: [(37.618,79.785),6.270]
	  1401.288	     0.007	[mu,kappa]: [(37.373,78.302),5.022]
	  1279.670	     0.006	[mu,kappa]: [(37.001,65.637),2.103]
	  1352.053	     0.006	[mu,kappa]: [(36.806,72.299),2.945]
	  1293.922	     0.006	[mu,kappa]: [(37.004,64.438),2.011]
	  1308.240	     0.006	[mu,kappa]: [(36.823,60.930),1.801]
	  1303.213	     0.006	[mu,kappa]: [(42.604,36.269),1.003]
	  1325.567	     0.006	[mu,kappa]: [(37.091,71.597),2.787]
	  1508.818	     0.007	[mu,kappa]: [(56.578,13.489),0.707]
	  1493.544	     0.007	[mu,kappa]: [(37.498,79.642),6.149]
	  1380.814	     0.007	[mu,kappa]: [(37.031,56.250),1.580]
	  1301.885	     0.006	[mu,kappa]: [(37.088,62.283),1.865]
	  1315.726	     0.006	[mu,kappa]: [(40.207,44.221),1.164]
	  1416.829	     0.007	[mu,kappa]: [(37.486,79.418),5.923]
	  1307.333	     0.006	[mu,kappa]: [(37.067,75.040),3.572]
	  1310.077	     0.006	[mu,kappa]: [(37.088,59.997),1.739]
	  1344.499	     0.006	[mu,kappa]: [(36.654,71.949),2.894]
	  1309.076	     0.006	[mu,kappa]: [(37.398,58.494),1.653]
	  1323.041	     0.006	[mu,kappa]: [(37.620,58.417),1.642]
	  1301.552	     0.006	[mu,kappa]: [(37.086,73.114),3.081]
	  1241.558	     0.006	[mu,kappa]: [(36.928,73.731),3.238]
	  1319.921	     0.006	[mu,kappa]: [(36.726,67.276),2.270]
	  1314.014	     0.006	[mu,kappa]: [(37.141,63.653),1.947]
	  1321.890	     0.006	[mu,kappa]: [(37.127,68.403),2.355]
	  1293.428	     0.006	[mu,kappa]: [(38.042,55.267),1.501]
	  1332.978	     0.006	[mu,kappa]: [(36.855,72.764),3.032]
	  1239.322	     0.006	[mu,kappa]: [(36.550,71.625),2.850]
	  1398.121	     0.007	[mu,kappa]: [(37.075,76.373),4.050]
	  1276.936	     0.006	[mu,kappa]: [(36.746,63.636),1.969]
	  1299.811	     0.006	[mu,kappa]: [(36.497,73.052),3.140]
	  1355.592	     0.006	[mu,kappa]: [(39.547,45.616),1.207]
	  1286.199	     0.006	[mu,kappa]: [(37.139,63.230),1.919]
	  1464.355	     0.007	[mu,kappa]: [(37.236,78.575),5.259]
	  1293.527	     0.006	[mu,kappa]: [(36.960,73.002),3.067]
	  1254.744	     0.006	[mu,kappa]: [(36.836,74.100),3.344]
	  1298.482	     0.006	[mu,kappa]: [(37.914,58.444),1.629]
	  1255.345	     0.006	[mu,kappa]: [(37.272,56.574),1.580]
	  1338.621	     0.006	[mu,kappa]: [(36.803,71.546),2.814]
	  1321.611	     0.006	[mu,kappa]: [(37.013,74.239),3.356]
	  1318.487	     0.006	[mu,kappa]: [(36.799,62.100),1.868]
	  1361.353	     0.006	[mu,kappa]: [(37.188,77.167),4.403]
	  1278.523	     0.006	[mu,kappa]: [(37.131,58.326),1.659]
	  1349.974	     0.006	[mu,kappa]: [(37.150,75.974),3.884]
	  1301.523	     0.006	[mu,kappa]: [(36.921,71.890),2.858]
	  1317.250	     0.006	[mu,kappa]: [(37.249,77.889),4.789]
	  1511.805	     0.007	[mu,kappa]: [(37.725,80.930),7.886]
	  1253.840	     0.006	[mu,kappa]: [(42.703,38.476),1.025]
	  1392.697	     0.007	[mu,kappa]: [(37.310,78.971),5.561]
	  1248.656	     0.006	[mu,kappa]: [(36.768,71.836),2.862]
	  1302.872	     0.006	[mu,kappa]: [(37.665,59.760),1.699]
	  1252.883	     0.006	[mu,kappa]: [(37.180,64.382),1.995]
	  1311.451	     0.006	[mu,kappa]: [(38.668,50.460),1.337]
	  1402.155	     0.007	[mu,kappa]: [(37.550,80.201),6.803]
	  1209.828	     0.006	[mu,kappa]: [(36.667,69.295),2.492]
	  1310.510	     0.006	[mu,kappa]: [(37.333,77.452),4.513]
	  1305.858	     0.006	[mu,kappa]: [(36.664,68.832),2.439]
	  1311.948	     0.006	[mu,kappa]: [(40.177,45.001),1.178]
	  1236.616	     0.006	[mu,kappa]: [(37.278,56.597),1.579]
	  1340.331	     0.006	[mu,kappa]: [(37.044,72.992),3.056]
	  1410.974	     0.007	[mu,kappa]: [(37.383,77.898),4.759]
	  1306.711	     0.006	[mu,kappa]: [(36.440,66.694),2.232]
	  1230.465	     0.006	[mu,kappa]: [(37.465,58.664),1.658]
	  1341.931	     0.006	[mu,kappa]: [(40.670,41.780),1.115]
	  1281.464	     0.006	[mu,kappa]: [(36.430,66.692),2.235]
	  1270.832	     0.006	[mu,kappa]: [(38.903,46.042),1.232]
	  1229.845	     0.006	[mu,kappa]: [(36.722,67.932),2.336]
	  1285.997	     0.006	[mu,kappa]: [(36.734,71.801),2.853]
	  1556.232	     0.007	[mu,kappa]: [(37.717,80.742),7.558]
	  1351.377	     0.006	[mu,kappa]: [(39.048,45.375),1.215]
	  1314.330	     0.006	[mu,kappa]: [(37.978,56.472),1.545]
	  1309.082	     0.006	[mu,kappa]: [(36.716,68.398),2.385]
	  1391.672	     0.007	[mu,kappa]: [(42.183,39.324),1.047]
	  1263.866	     0.006	[mu,kappa]: [(36.726,70.254),2.617]
	  1333.782	     0.006	[mu,kappa]: [(39.142,50.080),1.314]
	  1344.143	     0.006	[mu,kappa]: [(37.203,77.347),4.478]
	  1317.841	     0.006	[mu,kappa]: [(37.066,62.830),1.897]
	  1274.980	     0.006	[mu,kappa]: [(36.984,74.650),3.472]
	  1294.238	     0.006	[mu,kappa]: [(37.335,76.863),4.207]
	  1322.284	     0.006	[mu,kappa]: [(36.762,74.520),3.465]
	  1293.834	     0.006	[mu,kappa]: [(43.688,33.167),0.953]
	  1581.190	     0.007	[mu,kappa]: [(73.659,356.653),0.624]
	  1282.030	     0.006	[mu,kappa]: [(36.850,72.069),2.898]
	  1366.806	     0.006	[mu,kappa]: [(36.901,63.348),1.939]
	  1249.635	     0.006	[mu,kappa]: [(37.083,73.995),3.281]
	  1349.492	     0.006	[mu,kappa]: [(37.799,55.652),1.525]
	  1303.767	     0.006	[mu,kappa]: [(37.273,61.663),1.817]
	  1341.165	     0.006	[mu,kappa]: [(36.609,72.025),2.915]
	  1297.243	     0.006	[mu,kappa]: [(36.873,66.738),2.207]
	  1265.401	     0.006	[mu,kappa]: [(36.627,68.395),2.393]
	  1340.508	     0.006	[mu,kappa]: [(42.629,34.907),0.990]
	  1324.708	     0.006	[mu,kappa]: [(36.929,67.519),2.278]
	  1317.194	     0.006	[mu,kappa]: [(36.930,62.209),1.871]
	  1314.833	     0.006	[mu,kappa]: [(37.179,73.687),3.197]
	  1301.132	     0.006	[mu,kappa]: [(37.182,63.824),1.958]
	  1322.444	     0.006	[mu,kappa]: [(37.548,62.044),1.825]
	  1278.748	     0.006	[mu,kappa]: [(36.889,65.740),2.120]
	  1293.785	     0.006	[mu,kappa]: [(36.917,62.508),1.886]
	  1273.890	     0.006	[mu,kappa]: [(37.624,54.215),1.484]
	  1290.543	     0.006	[mu,kappa]: [(36.768,74.319),3.408]
	  1335.714	     0.006	[mu,kappa]: [(37.932,55.181),1.504]
	  1283.841	     0.006	[mu,kappa]: [(36.661,67.206),2.268]
	  1299.847	     0.006	[mu,kappa]: [(36.367,68.118),2.382]
	  1304.417	     0.006	[mu,kappa]: [(38.922,47.385),1.259]
	  1293.713	     0.006	[mu,kappa]: [(37.128,58.047),1.645]
	  1358.201	     0.006	[mu,kappa]: [(37.038,77.985),4.898]
	  1238.395	     0.006	[mu,kappa]: [(36.572,62.736),1.921]
	  1252.289	     0.006	[mu,kappa]: [(36.688,70.635),2.676]
	  1274.682	     0.006	[mu,kappa]: [(36.798,62.907),1.919]
	  1301.884	     0.006	[mu,kappa]: [(36.802,72.460),2.979]
	  1278.456	     0.006	[mu,kappa]: [(37.123,56.615),1.588]
	  1300.075	     0.006	[mu,kappa]: [(36.981,59.333),1.713]
	  1341.785	     0.006	[mu,kappa]: [(37.233,76.218),3.960]
	  1316.781	     0.006	[mu,kappa]: [(36.829,66.878),2.224]
	  1342.087	     0.006	[mu,kappa]: [(37.269,76.562),4.099]
	  1306.072	     0.006	[mu,kappa]: [(36.752,66.995),2.242]
	  1424.611	     0.007	[mu,kappa]: [(37.565,79.789),6.284]
	  1511.913	     0.007	[mu,kappa]: [(84.058,345.453),0.641]
	  1302.313	     0.006	[mu,kappa]: [(37.203,75.698),3.769]
	  1260.671	     0.006	[mu,kappa]: [(36.583,67.937),2.343]
	  1368.674	     0.006	[mu,kappa]: [(39.174,46.589),1.236]
	  1393.336	     0.007	[mu,kappa]: [(37.286,74.817),3.471]
	  1298.869	     0.006	[mu,kappa]: [(38.394,47.924),1.287]
	  1280.837	     0.006	[mu,kappa]: [(36.931,71.751),2.828]
	  1321.124	     0.006	[mu,kappa]: [(36.752,63.236),1.942]
	  1289.174	     0.006	[mu,kappa]: [(36.859,68.853),2.428]
	  1355.589	     0.006	[mu,kappa]: [(37.267,77.251),4.411]
	  1338.151	     0.006	[mu,kappa]: [(36.820,73.094),3.105]
	  1366.658	     0.006	[mu,kappa]: [(37.412,78.672),5.277]
	  1303.307	     0.006	[mu,kappa]: [(40.726,38.585),1.070]
	  1276.649	     0.006	[mu,kappa]: [(37.213,75.954),3.863]
	  1356.165	     0.006	[mu,kappa]: [(37.082,77.812),4.765]
	  1357.209	     0.006	[mu,kappa]: [(37.039,74.152),3.326]
	  1339.064	     0.006	[mu,kappa]: [(37.372,76.747),4.159]
	  1223.179	     0.006	[mu,kappa]: [(37.019,62.066),1.853]
	  1302.014	     0.006	[mu,kappa]: [(36.883,73.175),3.119]
	  1327.049	     0.006	[mu,kappa]: [(40.512,41.956),1.122]
	  1394.171	     0.007	[mu,kappa]: [(36.856,74.175),3.358]
	  1421.270	     0.007	[mu,kappa]: [(37.330,78.656),5.308]
	  1379.103	     0.007	[mu,kappa]: [(37.096,76.213),3.980]
	  1409.217	     0.007	[mu,kappa]: [(53.516,16.581),0.740]
	  1298.813	     0.006	[mu,kappa]: [(36.837,69.378),2.496]
	  1255.745	     0.006	[mu,kappa]: [(37.029,64.738),2.030]
	  1360.497	     0.006	[mu,kappa]: [(52.521,17.768),0.753]
	  1251.201	     0.006	[mu,kappa]: [(36.919,69.033),2.442]
	  1272.037	     0.006	[mu,kappa]: [(37.047,74.598),3.446]
	  1353.150	     0.006	[mu,kappa]: [(38.960,48.453),1.282]
	  1271.855	     0.006	[mu,kappa]: [(38.630,51.261),1.361]
	  1330.846	     0.006	[mu,kappa]: [(37.560,79.511),5.997]
	  1418.411	     0.007	[mu,kappa]: [(44.032,34.392),0.958]
	  1279.772	     0.006	[mu,kappa]: [(39.540,49.075),1.277]
	  1340.212	     0.006	[mu,kappa]: [(36.753,70.625),2.673]
			msglen: 1528547.005 bits.
Iteration #: 3
	  1135.667	     0.005	[mu,kappa]: [(45.831,21.482),0.915]
	  1072.613	     0.005	[mu,kappa]: [(35.785,71.023),3.155]
	  1179.610	     0.006	[mu,kappa]: [(63.379,359.705),0.716]
	  1081.546	     0.005	[mu,kappa]: [(38.240,41.960),1.280]
	  1049.124	     0.005	[mu,kappa]: [(35.851,69.047),2.811]
	  1151.875	     0.005	[mu,kappa]: [(65.670,356.576),0.709]
	  1103.953	     0.005	[mu,kappa]: [(46.918,18.780),0.888]
	  1110.085	     0.005	[mu,kappa]: [(36.379,74.966),4.153]
	  1075.694	     0.005	[mu,kappa]: [(36.069,54.439),1.691]
	  2210.729	     0.010	[mu,kappa]: [(39.067,85.069),37.210]
	  1865.033	     0.009	[mu,kappa]: [(38.708,84.134),25.102]
	  1055.229	     0.005	[mu,kappa]: [(35.760,64.787),2.325]
	  1234.838	     0.006	[mu,kappa]: [(36.951,78.315),6.004]
	  1065.101	     0.005	[mu,kappa]: [(35.772,61.381),2.060]
	  1085.168	     0.005	[mu,kappa]: [(36.496,49.736),1.516]
	  1362.550	     0.006	[mu,kappa]: [(110.094,324.876),0.957]
	  1179.008	     0.006	[mu,kappa]: [(36.819,77.093),5.114]
	  1970.937	     0.009	[mu,kappa]: [(127.774,309.111),1.787]
	  2351.132	     0.011	[mu,kappa]: [(39.021,84.999),36.019]
	  1178.817	     0.006	[mu,kappa]: [(41.486,29.176),1.043]
	  1075.161	     0.005	[mu,kappa]: [(36.208,54.150),1.673]
	  1270.651	     0.006	[mu,kappa]: [(90.426,338.876),0.731]
	  2161.378	     0.010	[mu,kappa]: [(38.975,84.862),33.905]
	  1342.257	     0.006	[mu,kappa]: [(37.775,81.453),10.720]
	  1092.593	     0.005	[mu,kappa]: [(37.350,45.312),1.374]
	  1216.978	     0.006	[mu,kappa]: [(36.821,77.899),5.690]
	  1103.261	     0.005	[mu,kappa]: [(39.200,37.888),1.189]
	  1116.628	     0.005	[mu,kappa]: [(39.626,37.027),1.167]
	  1218.265	     0.006	[mu,kappa]: [(37.235,79.262),6.898]
	  1196.141	     0.006	[mu,kappa]: [(37.378,80.086),7.994]
	  1098.983	     0.005	[mu,kappa]: [(35.800,69.298),2.854]
	  1082.008	     0.005	[mu,kappa]: [(35.944,58.627),1.887]
	  1109.023	     0.005	[mu,kappa]: [(36.122,71.303),3.169]
	  1120.352	     0.005	[mu,kappa]: [(46.124,21.178),0.909]
	  1236.431	     0.006	[mu,kappa]: [(37.091,78.920),6.557]
	  1113.387	     0.005	[mu,kappa]: [(36.714,77.516),5.429]
	  1570.599	     0.007	[mu,kappa]: [(38.157,82.705),15.183]
	  1051.482	     0.005	[mu,kappa]: [(35.683,59.338),1.941]
	  1228.922	     0.006	[mu,kappa]: [(37.113,79.498),7.246]
	  1286.908	     0.006	[mu,kappa]: [(83.738,343.082),0.706]
	  1059.835	     0.005	[mu,kappa]: [(36.019,57.210),1.812]
	  2022.734	     0.010	[mu,kappa]: [(38.754,84.353),27.384]
	  1207.540	     0.006	[mu,kappa]: [(37.175,79.159),6.794]
	  1233.032	     0.006	[mu,kappa]: [(37.471,80.558),8.792]
	  1097.615	     0.005	[mu,kappa]: [(40.155,36.144),1.142]
	  1071.227	     0.005	[mu,kappa]: [(41.584,29.661),1.044]
	  1195.674	     0.006	[mu,kappa]: [(36.751,77.262),5.245]
	  1301.956	     0.006	[mu,kappa]: [(37.539,80.634),8.908]
	  1088.978	     0.005	[mu,kappa]: [(36.028,54.078),1.679]
	  1630.635	     0.008	[mu,kappa]: [(38.396,83.344),18.748]
	  1076.970	     0.005	[mu,kappa]: [(38.897,38.100),1.201]
	  1470.578	     0.007	[mu,kappa]: [(38.059,82.339),13.590]
	  1171.255	     0.006	[mu,kappa]: [(36.864,77.669),5.500]
	  1686.594	     0.008	[mu,kappa]: [(38.591,83.871),22.691]
	  2940.196	     0.014	[mu,kappa]: [(39.266,85.732),51.313]
	  1292.916	     0.006	[mu,kappa]: [(108.199,327.062),0.909]
	  2014.946	     0.010	[mu,kappa]: [(38.854,84.605),30.364]
	  1124.253	     0.005	[mu,kappa]: [(36.814,77.667),5.511]
	  1090.789	     0.005	[mu,kappa]: [(38.334,42.626),1.288]
	  1031.159	     0.005	[mu,kappa]: [(35.887,60.818),2.016]
	  1187.729	     0.006	[mu,kappa]: [(63.285,359.213),0.717]
	  2403.852	     0.011	[mu,kappa]: [(39.129,85.332),41.943]
	  1030.733	     0.005	[mu,kappa]: [(36.154,73.489),3.692]
	  1600.898	     0.008	[mu,kappa]: [(38.488,83.518),19.917]
	  1105.473	     0.005	[mu,kappa]: [(36.057,72.638),3.477]
	  1258.923	     0.006	[mu,kappa]: [(88.269,340.540),0.719]
	  1055.270	     0.005	[mu,kappa]: [(41.598,29.657),1.043]
	  1248.873	     0.006	[mu,kappa]: [(37.189,79.107),6.729]
	  1798.150	     0.009	[mu,kappa]: [(38.611,83.843),22.448]
	  1085.012	     0.005	[mu,kappa]: [(35.608,68.247),2.722]
	  1036.183	     0.005	[mu,kappa]: [(39.109,38.482),1.200]
	  1325.626	     0.006	[mu,kappa]: [(97.456,333.862),0.784]
	  1064.267	     0.005	[mu,kappa]: [(35.605,68.305),2.730]
	  1195.592	     0.006	[mu,kappa]: [(79.567,345.323),0.700]
	  1029.896	     0.005	[mu,kappa]: [(35.904,70.742),3.086]
	  1156.207	     0.005	[mu,kappa]: [(36.791,77.595),5.463]
	  2918.964	     0.014	[mu,kappa]: [(39.239,85.626),48.572]
	  1280.010	     0.006	[mu,kappa]: [(82.368,343.362),0.706]
	  1127.677	     0.005	[mu,kappa]: [(43.490,26.776),0.984]
	  1101.602	     0.005	[mu,kappa]: [(35.986,71.701),3.269]
	  1419.069	     0.007	[mu,kappa]: [(105.817,328.640),0.874]
	  1094.973	     0.005	[mu,kappa]: [(36.397,75.202),4.243]
	  1216.151	     0.006	[mu,kappa]: [(66.668,356.787),0.703]
	  1631.686	     0.008	[mu,kappa]: [(38.439,83.462),19.525]
	  1086.763	     0.005	[mu,kappa]: [(36.053,55.996),1.756]
	  1284.127	     0.006	[mu,kappa]: [(37.652,81.092),9.852]
	  1497.392	     0.007	[mu,kappa]: [(38.325,83.032),16.824]
	  1329.468	     0.006	[mu,kappa]: [(37.578,81.037),9.761]
	  1393.214	     0.007	[mu,kappa]: [(114.332,321.414),1.059]
	  2421.021	     0.011	[mu,kappa]: [(131.786,304.347),2.421]
	  1161.522	     0.005	[mu,kappa]: [(36.898,77.973),5.727]
	  1125.871	     0.005	[mu,kappa]: [(35.832,58.033),1.863]
	  1213.974	     0.006	[mu,kappa]: [(37.479,80.316),8.337]
	  1163.383	     0.006	[mu,kappa]: [(44.575,23.761),0.947]
	  1079.629	     0.005	[mu,kappa]: [(36.626,51.325),1.557]
	  1218.294	     0.006	[mu,kappa]: [(36.836,78.050),5.810]
	  1075.269	     0.005	[mu,kappa]: [(35.787,67.821),2.649]
	  1065.790	     0.005	[mu,kappa]: [(35.958,71.816),3.297]
	  1413.964	     0.007	[mu,kappa]: [(111.221,323.623),0.988]
	  1103.688	     0.005	[mu,kappa]: [(35.910,69.594),2.888]
	  1087.673	     0.005	[mu,kappa]: [(36.087,54.325),1.686]
	  1257.523	     0.006	[mu,kappa]: [(37.411,79.922),7.723]
	  1071.190	     0.005	[mu,kappa]: [(35.944,59.139),1.915]
	  1094.137	     0.005	[mu,kappa]: [(36.720,52.148),1.580]
	  1055.185	     0.005	[mu,kappa]: [(35.711,65.270),2.374]
	  1067.590	     0.005	[mu,kappa]: [(36.016,55.208),1.724]
	  1108.867	     0.005	[mu,kappa]: [(47.222,18.010),0.882]
	  1283.621	     0.006	[mu,kappa]: [(37.520,80.817),9.296]
	  1156.525	     0.005	[mu,kappa]: [(45.906,21.305),0.914]
	  1068.836	     0.005	[mu,kappa]: [(35.766,69.230),2.847]
	  1093.501	     0.005	[mu,kappa]: [(35.822,71.509),3.249]
	  1214.158	     0.006	[mu,kappa]: [(75.250,348.854),0.694]
	  1091.981	     0.005	[mu,kappa]: [(39.259,36.710),1.172]
	  1769.570	     0.008	[mu,kappa]: [(38.583,83.985),23.692]
	  1020.932	     0.005	[mu,kappa]: [(35.694,56.784),1.809]
	  1094.318	     0.005	[mu,kappa]: [(36.482,75.871),4.521]
	  1050.679	     0.005	[mu,kappa]: [(35.825,56.909),1.808]
	  1196.050	     0.006	[mu,kappa]: [(36.997,78.551),6.210]
	  1089.513	     0.005	[mu,kappa]: [(41.168,30.388),1.059]
	  1087.656	     0.005	[mu,kappa]: [(37.702,42.904),1.314]
	  1482.858	     0.007	[mu,kappa]: [(38.137,82.524),14.343]
	  1092.644	     0.005	[mu,kappa]: [(35.786,68.224),2.702]
	  1521.863	     0.007	[mu,kappa]: [(38.240,82.818),15.713]
	  1085.187	     0.005	[mu,kappa]: [(35.771,68.644),2.761]
	  2284.533	     0.011	[mu,kappa]: [(39.058,85.077),37.304]
	  2549.228	     0.012	[mu,kappa]: [(132.805,302.236),2.825]
	  1388.348	     0.007	[mu,kappa]: [(37.984,82.053),12.517]
	  1056.438	     0.005	[mu,kappa]: [(35.854,70.840),3.110]
	  1284.859	     0.006	[mu,kappa]: [(79.000,346.222),0.697]
	  1403.740	     0.007	[mu,kappa]: [(37.744,81.130),9.892]
	  1197.790	     0.006	[mu,kappa]: [(70.742,351.720),0.699]
	  1146.830	     0.005	[mu,kappa]: [(36.823,77.420),5.330]
	  1088.338	     0.005	[mu,kappa]: [(35.740,58.033),1.868]
	  1090.021	     0.005	[mu,kappa]: [(36.122,72.522),3.440]
	  1626.506	     0.008	[mu,kappa]: [(38.421,83.366),18.867]
	  1257.618	     0.006	[mu,kappa]: [(37.177,79.358),7.037]
	  1894.490	     0.009	[mu,kappa]: [(38.800,84.378),27.665]
	  1318.261	     0.006	[mu,kappa]: [(102.883,329.238),0.852]
	  1385.271	     0.007	[mu,kappa]: [(38.060,82.294),13.399]
	  1728.819	     0.008	[mu,kappa]: [(38.541,83.836),22.388]
	  1329.594	     0.006	[mu,kappa]: [(37.515,80.512),8.680]
	  1535.569	     0.007	[mu,kappa]: [(38.305,82.942),16.341]
	  1010.871	     0.005	[mu,kappa]: [(36.237,53.388),1.643]
	  1226.835	     0.006	[mu,kappa]: [(37.215,79.446),7.136]
	  1307.252	     0.006	[mu,kappa]: [(96.555,334.369),0.777]
	  1373.754	     0.006	[mu,kappa]: [(37.493,80.623),8.909]
	  1978.925	     0.009	[mu,kappa]: [(38.790,84.399),27.914]
	  1529.253	     0.007	[mu,kappa]: [(38.114,82.556),14.501]
	  1781.488	     0.008	[mu,kappa]: [(126.362,310.423),1.660]
	  1107.019	     0.005	[mu,kappa]: [(36.229,73.586),3.711]
	  1033.804	     0.005	[mu,kappa]: [(35.775,62.176),2.114]
	  1699.168	     0.008	[mu,kappa]: [(125.791,310.972),1.614]
	  1059.605	     0.005	[mu,kappa]: [(36.174,72.780),3.496]
	  1274.858	     0.006	[mu,kappa]: [(37.645,81.002),9.642]
	  1248.482	     0.006	[mu,kappa]: [(71.558,352.021),0.695]
	  1143.281	     0.005	[mu,kappa]: [(60.067,2.486),0.734]
	  2052.083	     0.010	[mu,kappa]: [(39.006,84.910),34.645]
	  1519.971	     0.007	[mu,kappa]: [(114.140,322.172),1.042]
	  1181.282	     0.006	[mu,kappa]: [(72.387,352.379),0.690]
	  1170.578	     0.006	[mu,kappa]: [(36.501,75.847),4.508]
			msglen: 1274733.073 bits.
Iteration #: 4
	   708.366	     0.003	[mu,kappa]: [(87.979,326.471),1.150]
	   547.543	     0.003	[mu,kappa]: [(33.065,63.203),4.368]
	   848.190	     0.004	[mu,kappa]: [(108.979,315.559),1.522]
	   593.717	     0.003	[mu,kappa]: [(55.163,347.991),1.139]
	   523.705	     0.002	[mu,kappa]: [(32.460,58.161),3.601]
	   843.288	     0.004	[mu,kappa]: [(110.271,314.470),1.579]
	   698.972	     0.003	[mu,kappa]: [(90.623,324.819),1.181]
	   616.232	     0.003	[mu,kappa]: [(35.220,71.858),6.883]
	   547.638	     0.003	[mu,kappa]: [(36.767,15.636),1.579]
	  5003.729	     0.024	[mu,kappa]: [(39.698,87.032),134.163]
	  3154.360	     0.015	[mu,kappa]: [(39.560,86.619),91.889]
	   519.031	     0.002	[mu,kappa]: [(31.855,46.387),2.623]
	   809.500	     0.004	[mu,kappa]: [(37.341,78.540),12.277]
	   526.395	     0.002	[mu,kappa]: [(32.395,36.194),2.150]
	   567.233	     0.003	[mu,kappa]: [(42.109,3.622),1.358]
	  1367.503	     0.006	[mu,kappa]: [(127.065,304.623),2.777]
	   714.570	     0.003	[mu,kappa]: [(36.608,76.109),9.584]
	  2780.874	     0.013	[mu,kappa]: [(134.467,300.001),4.560]
	  5194.671	     0.025	[mu,kappa]: [(39.679,87.007),130.330]
	   698.595	     0.003	[mu,kappa]: [(75.418,332.736),1.092]
	   548.312	     0.003	[mu,kappa]: [(37.228,14.704),1.553]
	  1079.786	     0.005	[mu,kappa]: [(120.649,308.679),2.103]
	  4566.971	     0.022	[mu,kappa]: [(39.663,86.954),123.394]
	  1239.631	     0.006	[mu,kappa]: [(38.958,83.976),30.306]
	   586.925	     0.003	[mu,kappa]: [(49.043,354.060),1.213]
	   776.340	     0.004	[mu,kappa]: [(37.058,77.762),11.283]
	   621.127	     0.003	[mu,kappa]: [(62.179,342.045),1.095]
	   632.528	     0.003	[mu,kappa]: [(64.114,340.834),1.086]
	   860.169	     0.004	[mu,kappa]: [(37.943,80.283),15.254]
	   919.094	     0.004	[mu,kappa]: [(38.363,81.784),19.195]
	   550.016	     0.003	[mu,kappa]: [(32.498,58.860),3.695]
	   539.905	     0.003	[mu,kappa]: [(33.714,27.699),1.867]
	   566.058	     0.003	[mu,kappa]: [(33.363,63.651),4.410]
	   700.524	     0.003	[mu,kappa]: [(88.579,326.239),1.154]
	   849.021	     0.004	[mu,kappa]: [(37.714,79.678),14.078]
	   694.197	     0.003	[mu,kappa]: [(36.799,77.036),10.484]
	  1841.325	     0.009	[mu,kappa]: [(39.298,85.534),50.208]
	   523.264	     0.002	[mu,kappa]: [(33.061,30.124),1.953]
	   891.683	     0.004	[mu,kappa]: [(37.998,80.796),16.418]
	  1049.594	     0.005	[mu,kappa]: [(118.295,309.969),1.951]
	   532.191	     0.003	[mu,kappa]: [(34.640,23.438),1.752]
	  3647.822	     0.017	[mu,kappa]: [(39.577,86.734),100.478]
	   845.464	     0.004	[mu,kappa]: [(37.866,80.105),14.889]
	  1003.375	     0.005	[mu,kappa]: [(38.576,82.601),22.266]
	   625.971	     0.003	[mu,kappa]: [(66.312,339.590),1.077]
	   633.849	     0.003	[mu,kappa]: [(75.321,333.056),1.087]
	   733.313	     0.003	[mu,kappa]: [(36.675,76.501),9.952]
	  1068.225	     0.005	[mu,kappa]: [(38.632,82.707),22.750]
	   555.407	     0.003	[mu,kappa]: [(37.010,14.716),1.563]
	  2225.137	     0.011	[mu,kappa]: [(39.426,86.106),65.943]
	   604.884	     0.003	[mu,kappa]: [(61.214,342.471),1.102]
	  1595.125	     0.008	[mu,kappa]: [(39.224,85.133),43.049]
	   734.834	     0.003	[mu,kappa]: [(36.951,77.273),10.720]
	  2647.248	     0.013	[mu,kappa]: [(39.512,86.470),82.377]
	  8411.666	     0.040	[mu,kappa]: [(39.771,87.261),175.183]
	  1264.099	     0.006	[mu,kappa]: [(126.503,305.234),2.666]
	  3923.146	     0.019	[mu,kappa]: [(39.616,86.850),111.240]
	   706.070	     0.003	[mu,kappa]: [(36.927,77.291),10.745]
	   596.877	     0.003	[mu,kappa]: [(54.579,348.910),1.142]
	   510.384	     0.002	[mu,kappa]: [(32.695,34.341),2.075]
	   855.099	     0.004	[mu,kappa]: [(108.867,315.415),1.526]
	  5939.970	     0.028	[mu,kappa]: [(39.720,87.128),148.705]
	   549.161	     0.003	[mu,kappa]: [(34.343,68.725),5.680]
	  2283.630	     0.011	[mu,kappa]: [(39.468,86.232),70.953]
	   578.349	     0.003	[mu,kappa]: [(33.892,66.853),5.144]
	  1053.965	     0.005	[mu,kappa]: [(119.957,309.169),2.047]
	   624.476	     0.003	[mu,kappa]: [(75.365,333.043),1.087]
	   869.848	     0.004	[mu,kappa]: [(37.848,79.998),14.677]
	  2800.534	     0.013	[mu,kappa]: [(39.521,86.450),81.424]
	   539.710	     0.003	[mu,kappa]: [(32.107,56.239),3.410]
	   581.413	     0.003	[mu,kappa]: [(61.319,342.794),1.097]
	  1185.360	     0.006	[mu,kappa]: [(122.901,307.212),2.298]
	   529.618	     0.003	[mu,kappa]: [(32.119,56.403),3.427]
	   953.153	     0.005	[mu,kappa]: [(116.648,310.702),1.868]
	   522.946	     0.002	[mu,kappa]: [(33.027,62.424),4.212]
	   723.020	     0.003	[mu,kappa]: [(36.875,77.152),10.598]
	  8026.628	     0.038	[mu,kappa]: [(39.762,87.226),167.740]
	  1037.908	     0.005	[mu,kappa]: [(117.698,310.089),1.929]
	   681.405	     0.003	[mu,kappa]: [(81.185,330.322),1.101]
	   566.794	     0.003	[mu,kappa]: [(33.446,64.695),4.640]
	  1356.898	     0.006	[mu,kappa]: [(125.692,305.687),2.572]
	   612.919	     0.003	[mu,kappa]: [(35.356,72.355),7.124]
	   892.749	     0.004	[mu,kappa]: [(110.951,314.472),1.588]
	  2293.524	     0.011	[mu,kappa]: [(39.446,86.194),69.271]
	   548.912	     0.003	[mu,kappa]: [(35.521,19.932),1.669]
	  1122.581	     0.005	[mu,kappa]: [(38.817,83.442),26.605]
	  1889.822	     0.009	[mu,kappa]: [(39.387,85.836),57.565]
	  1155.048	     0.005	[mu,kappa]: [(38.769,83.377),26.199]
	  1475.835	     0.007	[mu,kappa]: [(128.562,303.631),3.019]
	  4076.966	     0.019	[mu,kappa]: [(136.866,298.485),5.771]
	   743.411	     0.004	[mu,kappa]: [(37.133,77.874),11.410]
	   563.218	     0.003	[mu,kappa]: [(33.901,26.074),1.830]
	   956.606	     0.005	[mu,kappa]: [(38.494,82.162),20.516]
	   715.177	     0.003	[mu,kappa]: [(84.810,328.096),1.127]
	   559.595	     0.003	[mu,kappa]: [(40.653,7.119),1.403]
	   785.366	     0.004	[mu,kappa]: [(37.148,78.063),11.653]
	   532.794	     0.003	[mu,kappa]: [(32.137,54.947),3.260]
	   549.659	     0.003	[mu,kappa]: [(33.479,64.989),4.706]
	  1442.440	     0.007	[mu,kappa]: [(127.416,304.269),2.848]
	   553.236	     0.003	[mu,kappa]: [(32.652,59.536),3.771]
	   554.066	     0.003	[mu,kappa]: [(36.884,15.325),1.572]
	   946.966	     0.004	[mu,kappa]: [(38.312,81.466),18.211]
	   533.384	     0.003	[mu,kappa]: [(33.453,29.233),1.910]
	   564.646	     0.003	[mu,kappa]: [(39.967,9.013),1.429]
	   519.288	     0.002	[mu,kappa]: [(31.813,47.847),2.715]
	   541.347	     0.003	[mu,kappa]: [(36.068,17.775),1.624]
	   704.996	     0.003	[mu,kappa]: [(91.297,324.379),1.190]
	  1081.289	     0.005	[mu,kappa]: [(38.680,83.030),24.284]
	   722.069	     0.003	[mu,kappa]: [(88.153,326.363),1.152]
	   534.793	     0.003	[mu,kappa]: [(32.457,58.708),3.679]
	   562.076	     0.003	[mu,kappa]: [(33.277,64.348),4.588]
	   941.995	     0.004	[mu,kappa]: [(114.964,311.815),1.773]
	   618.589	     0.003	[mu,kappa]: [(63.596,340.665),1.093]
	  2866.480	     0.014	[mu,kappa]: [(39.509,86.543),86.334]
	   513.612	     0.002	[mu,kappa]: [(34.487,22.589),1.749]
	   628.385	     0.003	[mu,kappa]: [(35.767,73.734),7.879]
	   528.289	     0.003	[mu,kappa]: [(34.576,22.805),1.747]
	   797.921	     0.004	[mu,kappa]: [(37.485,78.991),12.935]
	   641.354	     0.003	[mu,kappa]: [(73.844,333.797),1.086]
	   592.771	     0.003	[mu,kappa]: [(52.762,349.805),1.166]
	  1670.435	     0.008	[mu,kappa]: [(39.276,85.336),46.453]
	   542.627	     0.003	[mu,kappa]: [(32.219,56.037),3.370]
	  1828.770	     0.009	[mu,kappa]: [(39.341,85.639),52.610]
	   540.484	     0.003	[mu,kappa]: [(32.307,57.174),3.495]
	  5180.086	     0.024	[mu,kappa]: [(39.694,87.035),134.455]
	  4692.084	     0.022	[mu,kappa]: [(137.605,297.734),6.457]
	  1422.940	     0.007	[mu,kappa]: [(39.157,84.782),38.235]
	   537.407	     0.003	[mu,kappa]: [(33.034,62.694),4.266]
	  1018.996	     0.005	[mu,kappa]: [(116.498,310.961),1.850]
	  1230.748	     0.006	[mu,kappa]: [(38.867,83.471),26.817]
	   906.443	     0.004	[mu,kappa]: [(112.848,312.807),1.689]
	   708.731	     0.003	[mu,kappa]: [(36.793,76.780),10.211]
	   544.455	     0.003	[mu,kappa]: [(33.788,26.183),1.838]
	   568.371	     0.003	[mu,kappa]: [(33.874,66.545),5.055]
	  2230.017	     0.011	[mu,kappa]: [(39.437,86.119),66.469]
	   897.786	     0.004	[mu,kappa]: [(37.962,80.494),15.716]
	  3443.437	     0.016	[mu,kappa]: [(39.596,86.743),101.546]
	  1238.616	     0.006	[mu,kappa]: [(124.541,305.898),2.495]
	  1487.983	     0.007	[mu,kappa]: [(39.220,85.076),42.192]
	  2686.184	     0.013	[mu,kappa]: [(39.491,86.452),81.132]
	  1073.620	     0.005	[mu,kappa]: [(38.580,82.500),21.850]
	  1897.932	     0.009	[mu,kappa]: [(39.375,85.754),55.427]
	   517.677	     0.002	[mu,kappa]: [(37.968,12.641),1.513]
	   882.736	     0.004	[mu,kappa]: [(38.019,80.649),16.067]
	  1161.666	     0.005	[mu,kappa]: [(122.596,307.364),2.274]
	  1127.023	     0.005	[mu,kappa]: [(38.608,82.706),22.738]
	  3620.339	     0.017	[mu,kappa]: [(39.591,86.755),102.445]
	  1735.701	     0.008	[mu,kappa]: [(39.268,85.377),47.148]
	  2409.466	     0.011	[mu,kappa]: [(133.719,300.399),4.300]
	   590.675	     0.003	[mu,kappa]: [(34.432,68.914),5.733]
	   509.912	     0.002	[mu,kappa]: [(32.193,38.581),2.242]
	  2261.163	     0.011	[mu,kappa]: [(133.428,300.565),4.204]
	   555.042	     0.003	[mu,kappa]: [(34.017,67.103),5.194]
	  1099.331	     0.005	[mu,kappa]: [(38.789,83.295),25.739]
	   946.436	     0.004	[mu,kappa]: [(113.360,312.850),1.695]
	   805.319	     0.004	[mu,kappa]: [(106.641,316.683),1.458]
	  4406.151	     0.021	[mu,kappa]: [(39.675,86.972),125.855]
	  1597.255	     0.008	[mu,kappa]: [(128.547,303.840),2.985]
	   896.904	     0.004	[mu,kappa]: [(113.889,312.906),1.700]
	   671.326	     0.003	[mu,kappa]: [(35.764,73.682),7.847]
			msglen: 1048404.452 bits.
Iteration #: 5
	   582.960	     0.003	[mu,kappa]: [(85.666,319.208),1.548]
	   431.230	     0.002	[mu,kappa]: [(31.886,49.280),4.585]
	   724.846	     0.003	[mu,kappa]: [(108.095,310.850),1.957]
	   478.946	     0.002	[mu,kappa]: [(55.388,334.992),1.590]
	   417.751	     0.002	[mu,kappa]: [(31.043,41.785),3.966]
	   724.911	     0.003	[mu,kappa]: [(109.580,309.988),2.027]
	   577.380	     0.003	[mu,kappa]: [(88.288,317.948),1.579]
	   461.447	     0.002	[mu,kappa]: [(35.223,64.080),6.647]
	   441.245	     0.002	[mu,kappa]: [(37.484,356.050),2.085]
	  6314.837	     0.030	[mu,kappa]: [(39.872,87.469),220.934]
	  3434.803	     0.016	[mu,kappa]: [(39.733,87.115),145.456]
	   418.278	     0.002	[mu,kappa]: [(30.611,26.434),3.119]
	   578.788	     0.003	[mu,kappa]: [(38.102,76.365),12.291]
	   424.666	     0.002	[mu,kappa]: [(31.768,15.087),2.668]
	   457.034	     0.002	[mu,kappa]: [(43.152,346.484),1.847]
	  1322.901	     0.006	[mu,kappa]: [(129.726,302.474),3.671]
	   517.145	     0.002	[mu,kappa]: [(37.256,71.955),9.261]
	  3122.384	     0.015	[mu,kappa]: [(138.410,299.298),6.312]
	  6480.058	     0.031	[mu,kappa]: [(39.855,87.450),214.267]
	   569.915	     0.003	[mu,kappa]: [(73.615,323.814),1.511]
	   441.530	     0.002	[mu,kappa]: [(37.978,355.326),2.056]
	   977.598	     0.005	[mu,kappa]: [(121.927,305.509),2.710]
	  5574.552	     0.026	[mu,kappa]: [(39.839,87.405),202.117]
	   970.639	     0.005	[mu,kappa]: [(39.222,84.405),37.577]
	   473.042	     0.002	[mu,kappa]: [(49.791,339.383),1.681]
	   556.383	     0.003	[mu,kappa]: [(37.782,74.982),11.128]
	   502.425	     0.002	[mu,kappa]: [(61.680,330.666),1.533]
	   511.821	     0.002	[mu,kappa]: [(63.420,329.807),1.518]
	   616.860	     0.003	[mu,kappa]: [(38.673,79.302),16.009]
	   670.383	     0.003	[mu,kappa]: [(38.925,81.595),21.312]
	   438.227	     0.002	[mu,kappa]: [(31.092,42.768),4.045]
	   435.145	     0.002	[mu,kappa]: [(33.684,6.749),2.382]
	   444.803	     0.002	[mu,kappa]: [(32.292,50.088),4.613]
	   576.735	     0.003	[mu,kappa]: [(86.269,319.041),1.551]
	   607.217	     0.003	[mu,kappa]: [(38.460,78.316),14.503]
	   499.315	     0.002	[mu,kappa]: [(37.469,73.664),10.225]
	  1634.547	     0.008	[mu,kappa]: [(39.447,86.077),70.153]
	   422.320	     0.002	[mu,kappa]: [(32.874,8.931),2.475]
	   641.767	     0.003	[mu,kappa]: [(38.639,80.131),17.538]
	   935.937	     0.004	[mu,kappa]: [(119.086,306.492),2.504]
	   428.761	     0.002	[mu,kappa]: [(34.900,2.843),2.263]
	  4108.987	     0.019	[mu,kappa]: [(39.753,87.219),161.085]
	   605.690	     0.003	[mu,kappa]: [(38.599,79.017),15.536]
	   745.146	     0.004	[mu,kappa]: [(39.020,82.720),25.647]
	   506.669	     0.002	[mu,kappa]: [(65.413,328.934),1.502]
	   516.694	     0.002	[mu,kappa]: [(73.556,324.082),1.503]
	   529.213	     0.003	[mu,kappa]: [(37.328,72.683),9.651]
	   795.760	     0.004	[mu,kappa]: [(39.070,82.856),26.344]
	   447.626	     0.002	[mu,kappa]: [(37.777,355.260),2.070]
	  2152.310	     0.010	[mu,kappa]: [(39.582,86.639),98.051]
	   489.438	     0.002	[mu,kappa]: [(60.809,330.945),1.544]
	  1356.359	     0.006	[mu,kappa]: [(39.387,85.665),57.993]
	   527.934	     0.002	[mu,kappa]: [(37.677,74.092),10.491]
	  2768.301	     0.013	[mu,kappa]: [(39.680,86.981),128.028]
	 11815.704	     0.056	[mu,kappa]: [(39.931,87.647),278.000]
	  1210.245	     0.006	[mu,kappa]: [(129.024,302.940),3.513]
	  4596.860	     0.022	[mu,kappa]: [(39.794,87.318),180.501]
	   507.198	     0.002	[mu,kappa]: [(37.638,74.126),10.516]
	   481.036	     0.002	[mu,kappa]: [(54.861,335.704),1.591]
	   411.500	     0.002	[mu,kappa]: [(32.198,13.238),2.591]
	   731.148	     0.003	[mu,kappa]: [(107.964,310.729),1.963]
	  7811.670	     0.037	[mu,kappa]: [(39.890,87.546),245.786]
	   420.772	     0.002	[mu,kappa]: [(33.839,58.469),5.627]
	  2264.769	     0.011	[mu,kappa]: [(39.628,86.758),107.147]
	   448.056	     0.002	[mu,kappa]: [(33.127,55.262),5.198]
	   948.939	     0.004	[mu,kappa]: [(121.084,305.888),2.635]
	   509.049	     0.002	[mu,kappa]: [(73.599,324.076),1.503]
	   622.866	     0.003	[mu,kappa]: [(38.594,78.841),15.265]
	  2916.296	     0.014	[mu,kappa]: [(39.688,86.961),126.299]
	   432.183	     0.002	[mu,kappa]: [(30.623,38.980),3.813]
	   470.029	     0.002	[mu,kappa]: [(60.924,331.225),1.535]
	  1094.275	     0.005	[mu,kappa]: [(124.670,304.388),2.981]
	   424.015	     0.002	[mu,kappa]: [(30.636,39.204),3.828]
	   843.053	     0.004	[mu,kappa]: [(117.112,307.051),2.394]
	   412.840	     0.002	[mu,kappa]: [(31.817,48.108),4.458]
	   519.742	     0.002	[mu,kappa]: [(37.574,73.874),10.354]
	 11079.989	     0.052	[mu,kappa]: [(39.925,87.621),277.457]
	   923.556	     0.004	[mu,kappa]: [(118.375,306.573),2.475]
	   556.976	     0.003	[mu,kappa]: [(79.091,322.103),1.504]
	   443.671	     0.002	[mu,kappa]: [(32.437,51.706),4.798]
	  1287.087	     0.006	[mu,kappa]: [(128.047,303.264),3.375]
	   457.120	     0.002	[mu,kappa]: [(35.435,64.990),6.860]
	   767.907	     0.004	[mu,kappa]: [(110.373,310.003),2.038]
	  2255.817	     0.011	[mu,kappa]: [(39.604,86.723),104.084]
	   442.197	     0.002	[mu,kappa]: [(35.998,359.737),2.178]
	   857.520	     0.004	[mu,kappa]: [(39.148,83.779),31.987]
	  1748.954	     0.008	[mu,kappa]: [(39.539,86.374),83.038]
	   879.866	     0.004	[mu,kappa]: [(39.099,83.707),31.389]
	  1460.477	     0.007	[mu,kappa]: [(131.534,301.761),4.028]
	  4940.929	     0.023	[mu,kappa]: [(141.035,298.236),7.980]
	   532.610	     0.003	[mu,kappa]: [(37.882,75.179),11.272]
	   454.192	     0.002	[mu,kappa]: [(33.989,5.170),2.349]
	   703.009	     0.003	[mu,kappa]: [(39.015,82.121),23.158]
	   586.827	     0.003	[mu,kappa]: [(82.551,320.420),1.528]
	   450.261	     0.002	[mu,kappa]: [(41.629,349.288),1.891]
	   562.200	     0.003	[mu,kappa]: [(37.879,75.524),11.554]
	   427.043	     0.002	[mu,kappa]: [(30.671,37.300),3.683]
	   429.750	     0.002	[mu,kappa]: [(32.491,52.169),4.850]
	  1404.542	     0.007	[mu,kappa]: [(130.164,302.207),3.773]
	   440.032	     0.002	[mu,kappa]: [(31.288,43.794),4.105]
	   446.402	     0.002	[mu,kappa]: [(37.614,355.796),2.078]
	   687.260	     0.003	[mu,kappa]: [(38.931,81.126),19.959]
	   429.898	     0.002	[mu,kappa]: [(33.315,8.212),2.426]
	   453.977	     0.002	[mu,kappa]: [(40.881,350.844),1.916]
	   418.392	     0.002	[mu,kappa]: [(30.503,28.163),3.205]
	   436.222	     0.002	[mu,kappa]: [(36.677,357.848),2.133]
	   582.988	     0.003	[mu,kappa]: [(88.963,317.609),1.589]
	   813.385	     0.004	[mu,kappa]: [(39.059,83.276),28.569]
	   594.379	     0.003	[mu,kappa]: [(85.836,319.124),1.550]
	   426.279	     0.002	[mu,kappa]: [(31.042,42.532),4.032]
	   440.724	     0.002	[mu,kappa]: [(32.199,51.103),4.759]
	   825.367	     0.004	[mu,kappa]: [(115.096,307.919),2.271]
	   501.053	     0.002	[mu,kappa]: [(62.936,329.632),1.530]
	  3049.396	     0.014	[mu,kappa]: [(39.679,87.049),135.259]
	   414.480	     0.002	[mu,kappa]: [(34.832,1.916),2.268]
	   463.317	     0.002	[mu,kappa]: [(36.058,67.540),7.555]
	   426.042	     0.002	[mu,kappa]: [(34.893,2.175),2.264]
	   570.225	     0.003	[mu,kappa]: [(38.245,77.149),13.082]
	   522.499	     0.002	[mu,kappa]: [(72.185,324.613),1.506]
	   478.370	     0.002	[mu,kappa]: [(53.210,336.251),1.627]
	  1450.261	     0.007	[mu,kappa]: [(39.432,85.873),63.721]
	   434.346	     0.002	[mu,kappa]: [(30.756,38.787),3.776]
	  1646.149	     0.008	[mu,kappa]: [(39.491,86.180),74.322]
	   431.953	     0.002	[mu,kappa]: [(30.856,40.358),3.880]
	  6542.908	     0.031	[mu,kappa]: [(39.868,87.472),221.432]
	  5884.770	     0.028	[mu,kappa]: [(141.826,297.633),8.844]
	  1173.790	     0.006	[mu,kappa]: [(39.343,85.294),50.076]
	   423.925	     0.002	[mu,kappa]: [(31.833,48.509),4.503]
	   899.645	     0.004	[mu,kappa]: [(116.928,307.255),2.372]
	   941.539	     0.004	[mu,kappa]: [(39.207,83.806),32.307]
	   787.672	     0.004	[mu,kappa]: [(112.594,308.680),2.163]
	   510.624	     0.002	[mu,kappa]: [(37.485,73.191),9.930]
	   439.270	     0.002	[mu,kappa]: [(33.876,5.222),2.359]
	   441.019	     0.002	[mu,kappa]: [(33.091,54.763),5.125]
	  2162.835	     0.010	[mu,kappa]: [(39.593,86.650),99.006]
	   644.643	     0.003	[mu,kappa]: [(38.654,79.648),16.613]
	  3894.795	     0.018	[mu,kappa]: [(39.772,87.225),163.037]
	  1165.646	     0.006	[mu,kappa]: [(126.690,303.386),3.257]
	  1258.575	     0.006	[mu,kappa]: [(39.387,85.604),56.563]
	  2793.398	     0.013	[mu,kappa]: [(39.659,86.965),125.737]
	   795.300	     0.004	[mu,kappa]: [(39.050,82.582),25.055]
	  1735.827	     0.008	[mu,kappa]: [(39.526,86.292),79.263]
	   416.880	     0.002	[mu,kappa]: [(38.818,353.620),2.012]
	   634.628	     0.003	[mu,kappa]: [(38.704,79.890),17.073]
	  1069.761	     0.005	[mu,kappa]: [(124.301,304.500),2.946]
	   839.421	     0.004	[mu,kappa]: [(39.037,82.859),26.332]
	  4108.655	     0.019	[mu,kappa]: [(39.768,87.236),164.659]
	  1513.171	     0.007	[mu,kappa]: [(39.420,85.918),64.903]
	  2654.203	     0.013	[mu,kappa]: [(137.572,299.557),5.933]
	   451.989	     0.002	[mu,kappa]: [(33.974,58.814),5.672]
	   411.337	     0.002	[mu,kappa]: [(31.405,17.613),2.758]
	  2472.781	     0.012	[mu,kappa]: [(137.243,299.665),5.792]
	   429.399	     0.002	[mu,kappa]: [(33.313,55.703),5.235]
	   834.978	     0.004	[mu,kappa]: [(39.144,83.597),30.703]
	   822.782	     0.004	[mu,kappa]: [(113.195,308.727),2.171]
	   684.004	     0.003	[mu,kappa]: [(105.428,311.719),1.881]
	  5420.745	     0.026	[mu,kappa]: [(39.850,87.420),206.447]
	  1576.093	     0.007	[mu,kappa]: [(131.498,301.925),3.983]
	   780.023	     0.004	[mu,kappa]: [(113.812,308.792),2.178]
	   495.174	     0.002	[mu,kappa]: [(36.055,67.447),7.527]
			msglen: 1012659.694 bits.
Iteration #: 6
	   541.507	     0.003	[mu,kappa]: [(77.750,316.997),1.717]
	   455.564	     0.002	[mu,kappa]: [(31.288,45.997),4.580]
	   657.763	     0.003	[mu,kappa]: [(104.267,309.381),2.060]
	   467.843	     0.002	[mu,kappa]: [(48.695,331.161),1.938]
	   443.672	     0.002	[mu,kappa]: [(29.650,37.616),4.122]
	   657.737	     0.003	[mu,kappa]: [(106.103,308.525),2.138]
	   534.650	     0.003	[mu,kappa]: [(80.615,315.791),1.738]
	   474.864	     0.002	[mu,kappa]: [(36.919,62.367),6.191]
	   452.559	     0.002	[mu,kappa]: [(33.668,349.973),2.537]
	  6530.974	     0.031	[mu,kappa]: [(39.946,87.612),270.873]
	  3324.111	     0.016	[mu,kappa]: [(39.760,87.216),165.803]
	   443.814	     0.002	[mu,kappa]: [(28.198,20.486),3.479]
	   566.536	     0.003	[mu,kappa]: [(40.050,75.568),11.502]
	   446.788	     0.002	[mu,kappa]: [(28.920,8.519),3.098]
	   460.387	     0.002	[mu,kappa]: [(38.395,341.193),2.276]
	  1249.666	     0.006	[mu,kappa]: [(131.607,302.147),4.131]
	   517.771	     0.002	[mu,kappa]: [(39.608,70.785),8.542]
	  3262.598	     0.015	[mu,kappa]: [(141.924,299.907),7.488]
	  6663.453	     0.032	[mu,kappa]: [(39.926,87.592),261.536]
	   539.323	     0.003	[mu,kappa]: [(65.336,320.974),1.758]
	   451.892	     0.002	[mu,kappa]: [(34.078,349.400),2.503]
	   893.767	     0.004	[mu,kappa]: [(121.862,304.601),2.923]
	  5672.166	     0.027	[mu,kappa]: [(39.907,87.544),244.513]
	   908.078	     0.004	[mu,kappa]: [(39.145,84.171),36.590]
	   468.110	     0.002	[mu,kappa]: [(43.938,334.956),2.067]
	   548.408	     0.003	[mu,kappa]: [(39.877,74.057),10.344]
	   484.800	     0.002	[mu,kappa]: [(54.210,327.281),1.843]
	   492.130	     0.002	[mu,kappa]: [(55.769,326.576),1.815]
	   594.610	     0.003	[mu,kappa]: [(40.064,78.763),15.266]
	   638.321	     0.003	[mu,kappa]: [(39.624,81.222),20.618]
	   465.252	     0.002	[mu,kappa]: [(29.774,38.681),4.184]
	   453.146	     0.002	[mu,kappa]: [(30.490,0.280),2.831]
	   469.415	     0.002	[mu,kappa]: [(31.927,47.125),4.588]
	   535.235	     0.003	[mu,kappa]: [(78.410,316.868),1.715]
	   588.203	     0.003	[mu,kappa]: [(40.050,77.698),13.737]
	   495.374	     0.002	[mu,kappa]: [(39.649,72.617),9.459]
	  1512.545	     0.007	[mu,kappa]: [(39.276,86.012),70.671]
	   441.757	     0.002	[mu,kappa]: [(29.803,2.190),2.928]
	   615.413	     0.003	[mu,kappa]: [(39.706,79.680),16.825]
	   851.778	     0.004	[mu,kappa]: [(118.233,305.420),2.677]
	   444.059	     0.002	[mu,kappa]: [(31.506,356.510),2.714]
	  4031.262	     0.019	[mu,kappa]: [(39.793,87.336),187.259]
	   584.632	     0.003	[mu,kappa]: [(40.041,78.457),14.785]
	   705.145	     0.003	[mu,kappa]: [(39.356,82.409),24.916]
	   485.227	     0.002	[mu,kappa]: [(57.580,325.891),1.782]
	   488.801	     0.002	[mu,kappa]: [(65.284,321.314),1.745]
	   527.734	     0.002	[mu,kappa]: [(39.602,71.562),8.911]
	   752.463	     0.004	[mu,kappa]: [(39.388,82.544),25.600]
	   458.723	     0.002	[mu,kappa]: [(33.913,349.178),2.524]
	  2010.683	     0.010	[mu,kappa]: [(39.507,86.661),103.666]
	   473.270	     0.002	[mu,kappa]: [(53.443,327.444),1.864]
	  1256.077	     0.006	[mu,kappa]: [(39.197,85.543),57.394]
	   523.043	     0.002	[mu,kappa]: [(39.905,73.088),9.721]
	  2640.506	     0.012	[mu,kappa]: [(39.678,87.061),142.302]
	 12796.231	     0.061	[mu,kappa]: [(40.006,87.782),278.000]
	  1136.679	     0.005	[mu,kappa]: [(130.767,302.559),3.930]
	  4588.602	     0.022	[mu,kappa]: [(39.849,87.448),214.248]
	   502.278	     0.002	[mu,kappa]: [(39.833,73.122),9.743]
	   470.144	     0.002	[mu,kappa]: [(48.232,331.905),1.937]
	   431.798	     0.002	[mu,kappa]: [(29.280,6.755),3.023]
	   663.692	     0.003	[mu,kappa]: [(104.081,309.228),2.069]
	  8247.576	     0.039	[mu,kappa]: [(39.966,87.694),278.000]
	   438.630	     0.002	[mu,kappa]: [(34.679,56.303),5.359]
	  2127.389	     0.010	[mu,kappa]: [(39.585,86.798),115.098]
	   469.637	     0.002	[mu,kappa]: [(33.453,52.782),5.030]
	   865.942	     0.004	[mu,kappa]: [(120.799,304.939),2.832]
	   481.525	     0.002	[mu,kappa]: [(65.327,321.317),1.744]
	   601.842	     0.003	[mu,kappa]: [(40.094,78.264),14.511]
	  2777.805	     0.013	[mu,kappa]: [(39.688,87.036),140.022]
	   459.734	     0.002	[mu,kappa]: [(28.922,34.242),4.022]
	   454.107	     0.002	[mu,kappa]: [(53.540,327.827),1.848]
	  1008.273	     0.005	[mu,kappa]: [(125.319,303.646),3.257]
	   451.030	     0.002	[mu,kappa]: [(28.953,34.493),4.033]
	   766.037	     0.004	[mu,kappa]: [(115.685,305.867),2.549]
	   436.620	     0.002	[mu,kappa]: [(31.122,44.768),4.481]
	   515.293	     0.002	[mu,kappa]: [(39.780,72.848),9.586]
	 11992.589	     0.057	[mu,kappa]: [(40.002,87.770),278.000]
	   840.199	     0.004	[mu,kappa]: [(117.300,305.445),2.643]
	   522.045	     0.002	[mu,kappa]: [(70.823,319.676),1.705]
	   467.369	     0.002	[mu,kappa]: [(32.233,48.831),4.730]
	  1202.425	     0.006	[mu,kappa]: [(129.556,302.792),3.754]
	   469.182	     0.002	[mu,kappa]: [(37.239,63.333),6.372]
	   696.215	     0.003	[mu,kappa]: [(107.149,308.607),2.146]
	  2114.882	     0.010	[mu,kappa]: [(39.548,86.759),111.214]
	   455.965	     0.002	[mu,kappa]: [(32.422,353.512),2.631]
	   806.105	     0.004	[mu,kappa]: [(39.202,83.512),31.117]
	  1622.765	     0.008	[mu,kappa]: [(39.427,86.349),85.482]
	   827.535	     0.004	[mu,kappa]: [(39.144,83.447),30.545]
	  1399.110	     0.007	[mu,kappa]: [(133.808,301.614),4.589]
	  5440.640	     0.026	[mu,kappa]: [(144.833,298.995),9.531]
	   524.690	     0.002	[mu,kappa]: [(39.996,74.270),10.486]
	   472.476	     0.002	[mu,kappa]: [(30.733,358.598),2.805]
	   667.572	     0.003	[mu,kappa]: [(39.571,81.770),22.452]
	   547.487	     0.003	[mu,kappa]: [(74.413,318.076),1.714]
	   455.158	     0.002	[mu,kappa]: [(37.115,343.964),2.318]
	   552.536	     0.003	[mu,kappa]: [(39.904,74.649),10.765]
	   454.133	     0.002	[mu,kappa]: [(28.884,32.513),3.916]
	   452.456	     0.002	[mu,kappa]: [(32.341,49.325),4.769]
	  1331.776	     0.006	[mu,kappa]: [(132.131,301.917),4.260]
	   466.804	     0.002	[mu,kappa]: [(30.106,39.926),4.223]
	   457.627	     0.002	[mu,kappa]: [(33.775,349.741),2.530]
	   656.133	     0.003	[mu,kappa]: [(39.812,80.716),19.261]
	   448.459	     0.002	[mu,kappa]: [(30.186,1.737),2.871]
	   459.723	     0.002	[mu,kappa]: [(36.486,345.523),2.342]
	   444.407	     0.002	[mu,kappa]: [(28.163,22.313),3.551]
	   448.740	     0.002	[mu,kappa]: [(32.992,351.657),2.587]
	   539.432	     0.003	[mu,kappa]: [(81.361,315.460),1.746]
	   767.163	     0.004	[mu,kappa]: [(39.222,82.994),27.787]
	   551.998	     0.003	[mu,kappa]: [(77.933,316.911),1.719]
	   452.665	     0.002	[mu,kappa]: [(29.693,38.388),4.175]
	   464.613	     0.002	[mu,kappa]: [(31.848,48.056),4.707]
	   748.865	     0.004	[mu,kappa]: [(113.124,306.659),2.407]
	   482.608	     0.002	[mu,kappa]: [(55.343,326.267),1.837]
	  2925.797	     0.014	[mu,kappa]: [(39.682,87.141),151.964]
	   429.801	     0.002	[mu,kappa]: [(31.447,355.299),2.732]
	   471.688	     0.002	[mu,kappa]: [(38.128,66.045),6.975]
	   441.510	     0.002	[mu,kappa]: [(31.497,355.670),2.722]
	   555.826	     0.003	[mu,kappa]: [(40.063,76.424),12.296]
	   495.476	     0.002	[mu,kappa]: [(63.953,321.748),1.759]
	   469.844	     0.002	[mu,kappa]: [(46.840,332.118),1.995]
	  1341.889	     0.006	[mu,kappa]: [(39.258,85.776),63.555]
	   461.791	     0.002	[mu,kappa]: [(29.083,34.182),3.986]
	  1523.986	     0.007	[mu,kappa]: [(39.348,86.125),75.374]
	   459.080	     0.002	[mu,kappa]: [(29.310,35.938),4.064]
	  6769.604	     0.032	[mu,kappa]: [(39.942,87.615),271.566]
	  6620.543	     0.031	[mu,kappa]: [(145.661,298.359),10.536]
	  1089.800	     0.005	[mu,kappa]: [(39.165,85.129),49.121]
	   448.181	     0.002	[mu,kappa]: [(31.166,45.182),4.516]
	   817.064	     0.004	[mu,kappa]: [(115.470,306.074),2.522]
	   884.823	     0.004	[mu,kappa]: [(39.292,83.528),31.423]
	   714.540	     0.003	[mu,kappa]: [(109.909,307.298),2.288]
	   508.160	     0.002	[mu,kappa]: [(39.770,72.111),9.178]
	   457.291	     0.002	[mu,kappa]: [(30.638,358.563),2.818]
	   462.667	     0.002	[mu,kappa]: [(33.377,52.273),4.972]
	  2021.563	     0.010	[mu,kappa]: [(39.526,86.673),104.854]
	   619.982	     0.003	[mu,kappa]: [(39.908,79.147),15.883]
	  3827.849	     0.018	[mu,kappa]: [(39.818,87.342),189.969]
	  1083.873	     0.005	[mu,kappa]: [(127.819,302.778),3.602]
	  1165.911	     0.006	[mu,kappa]: [(39.202,85.472),55.872]
	  2659.633	     0.013	[mu,kappa]: [(39.646,87.044),139.255]
	   753.213	     0.004	[mu,kappa]: [(39.455,82.256),24.332]
	  1608.707	     0.008	[mu,kappa]: [(39.406,86.254),81.063]
	   425.450	     0.002	[mu,kappa]: [(34.787,347.810),2.456]
	   609.638	     0.003	[mu,kappa]: [(39.902,79.405),16.349]
	   984.600	     0.005	[mu,kappa]: [(124.850,303.731),3.213]
	   793.670	     0.004	[mu,kappa]: [(39.333,82.555),25.596]
	  4043.793	     0.019	[mu,kappa]: [(39.814,87.355),192.211]
	  1400.073	     0.007	[mu,kappa]: [(39.238,85.830),64.852]
	  2735.981	     0.013	[mu,kappa]: [(140.963,300.085),7.012]
	   470.878	     0.002	[mu,kappa]: [(34.898,56.711),5.395]
	   433.745	     0.002	[mu,kappa]: [(28.650,11.139),3.176]
	  2535.904	     0.012	[mu,kappa]: [(140.583,300.159),6.834]
	   449.856	     0.002	[mu,kappa]: [(33.761,53.324),5.055]
	   785.893	     0.004	[mu,kappa]: [(39.253,83.319),29.860]
	   746.028	     0.004	[mu,kappa]: [(110.710,307.400),2.294]
	   621.803	     0.003	[mu,kappa]: [(100.909,310.147),1.985]
	  5536.691	     0.026	[mu,kappa]: [(39.921,87.559),250.581]
	  1507.651	     0.007	[mu,kappa]: [(133.782,301.778),4.533]
	   706.949	     0.003	[mu,kappa]: [(111.538,307.536),2.297]
	   504.287	     0.002	[mu,kappa]: [(38.127,65.953),6.952]
			msglen: 1006485.322 bits.
Iteration #: 7
	   518.570	     0.002	[mu,kappa]: [(72.944,314.305),1.927]
	   468.787	     0.002	[mu,kappa]: [(31.338,46.226),4.506]
	   616.749	     0.003	[mu,kappa]: [(100.739,307.788),2.196]
	   464.582	     0.002	[mu,kappa]: [(45.572,326.392),2.273]
	   457.189	     0.002	[mu,kappa]: [(28.550,36.514),4.180]
	   616.665	     0.003	[mu,kappa]: [(102.672,306.914),2.284]
	   510.900	     0.002	[mu,kappa]: [(75.771,313.169),1.945]
	   492.478	     0.002	[mu,kappa]: [(40.400,63.301),5.861]
	   463.086	     0.002	[mu,kappa]: [(31.502,342.983),2.948]
	  6640.674	     0.031	[mu,kappa]: [(39.997,87.692),278.000]
	  3217.738	     0.015	[mu,kappa]: [(39.747,87.248),175.775]
	   459.010	     0.002	[mu,kappa]: [(25.983,15.754),3.750]
	   581.331	     0.003	[mu,kappa]: [(43.107,75.336),11.153]
	   461.782	     0.002	[mu,kappa]: [(26.634,2.002),3.459]
	   466.582	     0.002	[mu,kappa]: [(36.071,334.841),2.678]
	  1193.862	     0.006	[mu,kappa]: [(131.956,302.016),4.433]
	   537.958	     0.003	[mu,kappa]: [(43.658,70.903),8.146]
	  3330.515	     0.016	[mu,kappa]: [(144.316,300.929),8.228]
	  6742.882	     0.032	[mu,kappa]: [(39.974,87.670),278.000]
	   524.403	     0.002	[mu,kappa]: [(60.981,317.389),2.039]
	   461.686	     0.002	[mu,kappa]: [(31.890,342.574),2.906]
	   838.072	     0.004	[mu,kappa]: [(120.594,303.745),3.102]
	  5690.241	     0.027	[mu,kappa]: [(39.951,87.618),278.000]
	   909.483	     0.004	[mu,kappa]: [(38.829,84.092),35.718]
	   469.032	     0.002	[mu,kappa]: [(41.218,329.506),2.435]
	   564.833	     0.003	[mu,kappa]: [(43.279,73.899),9.958]
	   477.509	     0.002	[mu,kappa]: [(50.639,323.032),2.155]
	   483.393	     0.002	[mu,kappa]: [(52.063,322.526),2.114]
	   604.227	     0.003	[mu,kappa]: [(42.049,78.488),15.072]
	   644.063	     0.003	[mu,kappa]: [(40.471,81.029),20.533]
	   479.333	     0.002	[mu,kappa]: [(28.771,37.727),4.228]
	   466.609	     0.002	[mu,kappa]: [(28.271,353.338),3.220]
	   483.165	     0.002	[mu,kappa]: [(32.371,47.761),4.492]
	   512.128	     0.002	[mu,kappa]: [(73.604,314.237),1.920]
	   599.356	     0.003	[mu,kappa]: [(42.402,77.427),13.478]
	   511.749	     0.002	[mu,kappa]: [(43.299,72.553),9.054]
	  1474.291	     0.007	[mu,kappa]: [(38.880,85.956),67.734]
	   456.153	     0.002	[mu,kappa]: [(27.579,355.013),3.326]
	   622.470	     0.003	[mu,kappa]: [(41.153,79.456),16.683]
	   797.285	     0.004	[mu,kappa]: [(116.382,304.341),2.840]
	   456.197	     0.002	[mu,kappa]: [(29.316,349.527),3.111]
	  3934.947	     0.019	[mu,kappa]: [(39.799,87.386),203.112]
	   594.437	     0.003	[mu,kappa]: [(42.122,78.184),14.570]
	   710.003	     0.003	[mu,kappa]: [(39.644,82.277),24.764]
	   475.055	     0.002	[mu,kappa]: [(53.724,322.095),2.063]
	   474.914	     0.002	[mu,kappa]: [(60.934,317.836),2.016]
	   546.858	     0.003	[mu,kappa]: [(43.475,71.596),8.509]
	   757.537	     0.004	[mu,kappa]: [(39.653,82.406),25.419]
	   469.341	     0.002	[mu,kappa]: [(31.754,342.144),2.940]
	  1931.393	     0.009	[mu,kappa]: [(39.309,86.632),102.027]
	   467.046	     0.002	[mu,kappa]: [(49.953,323.039),2.187]
	  1236.913	     0.006	[mu,kappa]: [(38.748,85.478),54.960]
	   540.764	     0.003	[mu,kappa]: [(43.589,72.995),9.329]
	  2539.174	     0.012	[mu,kappa]: [(39.614,87.073),146.730]
	 13063.595	     0.062	[mu,kappa]: [(40.052,87.776),278.000]
	  1082.022	     0.005	[mu,kappa]: [(131.028,302.386),4.204]
	  4534.463	     0.021	[mu,kappa]: [(39.877,87.512),238.271]
	   518.888	     0.002	[mu,kappa]: [(43.466,73.023),9.346]
	   466.788	     0.002	[mu,kappa]: [(45.123,327.200),2.265]
	   445.721	     0.002	[mu,kappa]: [(27.011,0.232),3.386]
	   622.628	     0.003	[mu,kappa]: [(100.480,307.576),2.211]
	  8418.215	     0.040	[mu,kappa]: [(40.013,87.741),278.000]
	   452.780	     0.002	[mu,kappa]: [(36.944,57.435),5.113]
	  2040.574	     0.010	[mu,kappa]: [(39.448,86.778),114.786]
	   483.846	     0.002	[mu,kappa]: [(34.939,53.802),4.841]
	   811.195	     0.004	[mu,kappa]: [(119.391,304.038),3.000]
	   467.796	     0.002	[mu,kappa]: [(60.976,317.851),2.013]
	   612.507	     0.003	[mu,kappa]: [(42.274,77.987),14.288]
	  2669.824	     0.013	[mu,kappa]: [(39.628,87.043),143.990]
	   474.423	     0.002	[mu,kappa]: [(27.378,32.183),4.138]
	   447.564	     0.002	[mu,kappa]: [(50.022,323.572),2.158]
	   949.365	     0.004	[mu,kappa]: [(124.571,302.990),3.468]
	   465.416	     0.002	[mu,kappa]: [(27.432,32.486),4.145]
	   717.029	     0.003	[mu,kappa]: [(113.403,304.623),2.710]
	   449.380	     0.002	[mu,kappa]: [(31.041,44.932),4.425]
	   532.551	     0.003	[mu,kappa]: [(43.451,72.771),9.187]
	 12242.982	     0.058	[mu,kappa]: [(40.047,87.771),278.000]
	   786.680	     0.004	[mu,kappa]: [(115.243,304.273),2.811]
	   503.291	     0.002	[mu,kappa]: [(66.200,316.686),1.937]
	   481.039	     0.002	[mu,kappa]: [(32.906,49.535),4.607]
	  1140.972	     0.005	[mu,kappa]: [(129.585,302.498),4.012]
	   486.861	     0.002	[mu,kappa]: [(40.855,64.184),6.029]
	   651.929	     0.003	[mu,kappa]: [(103.935,307.119),2.280]
	  2029.303	     0.010	[mu,kappa]: [(39.384,86.738),110.406]
	   467.594	     0.002	[mu,kappa]: [(30.246,346.503),3.034]
	   809.804	     0.004	[mu,kappa]: [(39.076,83.417),30.647]
	  1567.665	     0.007	[mu,kappa]: [(39.153,86.294),82.627]
	   831.583	     0.004	[mu,kappa]: [(38.996,83.366),30.132]
	  1348.231	     0.006	[mu,kappa]: [(134.567,301.707),4.942]
	  5767.863	     0.027	[mu,kappa]: [(147.649,300.133),10.597]
	   540.655	     0.003	[mu,kappa]: [(43.410,74.097),10.106]
	   486.656	     0.002	[mu,kappa]: [(28.536,351.416),3.209]
	   673.051	     0.003	[mu,kappa]: [(40.198,81.592),22.350]
	   526.153	     0.002	[mu,kappa]: [(69.665,315.193),1.940]
	   461.694	     0.002	[mu,kappa]: [(34.807,337.670),2.707]
	   568.024	     0.003	[mu,kappa]: [(43.152,74.458),10.389]
	   468.616	     0.002	[mu,kappa]: [(27.262,30.290),4.049]
	   465.712	     0.002	[mu,kappa]: [(33.092,50.054),4.637]
	  1275.268	     0.006	[mu,kappa]: [(132.547,301.820),4.578]
	   480.731	     0.002	[mu,kappa]: [(29.310,39.313),4.245]
	   468.150	     0.002	[mu,kappa]: [(31.606,342.766),2.941]
	   663.089	     0.003	[mu,kappa]: [(40.949,80.489),19.171]
	   462.035	     0.002	[mu,kappa]: [(27.955,354.880),3.254]
	   466.488	     0.002	[mu,kappa]: [(34.179,339.294),2.721]
	   459.662	     0.002	[mu,kappa]: [(25.984,17.863),3.807]
	   459.837	     0.002	[mu,kappa]: [(30.831,344.602),2.998]
	   515.218	     0.002	[mu,kappa]: [(76.509,312.846),1.953]
	   771.690	     0.004	[mu,kappa]: [(39.249,82.894),27.524]
	   528.549	     0.003	[mu,kappa]: [(73.122,314.217),1.929]
	   466.435	     0.002	[mu,kappa]: [(28.642,37.345),4.224]
	   478.067	     0.002	[mu,kappa]: [(32.275,48.557),4.599]
	   700.710	     0.003	[mu,kappa]: [(110.535,305.326),2.558]
	   474.993	     0.002	[mu,kappa]: [(51.699,322.025),2.153]
	  2820.249	     0.013	[mu,kappa]: [(39.626,87.168),158.519]
	   442.495	     0.002	[mu,kappa]: [(29.305,347.893),3.153]
	   490.053	     0.002	[mu,kappa]: [(42.037,66.638),6.602]
	   454.141	     0.002	[mu,kappa]: [(29.335,348.421),3.134]
	   568.744	     0.003	[mu,kappa]: [(42.853,76.167),11.976]
	   482.361	     0.002	[mu,kappa]: [(59.686,318.135),2.039]
	   468.631	     0.002	[mu,kappa]: [(43.903,326.977),2.354]
	  1314.570	     0.006	[mu,kappa]: [(38.847,85.708),60.805]
	   476.316	     0.002	[mu,kappa]: [(27.600,32.308),4.096]
	  1480.417	     0.007	[mu,kappa]: [(39.007,86.064),72.366]
	   473.326	     0.002	[mu,kappa]: [(27.991,34.413),4.150]
	  6885.626	     0.033	[mu,kappa]: [(39.992,87.696),278.000]
	  7124.771	     0.034	[mu,kappa]: [(148.538,299.399),11.737]
	  1080.758	     0.005	[mu,kappa]: [(38.721,85.056),47.234]
	   461.242	     0.002	[mu,kappa]: [(31.122,45.361),4.454]
	   764.456	     0.004	[mu,kappa]: [(113.206,304.848),2.678]
	   888.638	     0.004	[mu,kappa]: [(39.218,83.414),30.917]
	   669.326	     0.003	[mu,kappa]: [(106.851,305.783),2.443]
	   526.491	     0.002	[mu,kappa]: [(43.619,72.097),8.779]
	   471.353	     0.002	[mu,kappa]: [(28.452,351.272),3.227]
	   476.706	     0.002	[mu,kappa]: [(34.810,53.314),4.791]
	  1941.283	     0.009	[mu,kappa]: [(39.341,86.643),103.330]
	   628.643	     0.003	[mu,kappa]: [(41.664,78.893),15.710]
	  3740.782	     0.018	[mu,kappa]: [(39.833,87.391),206.618]
	  1026.070	     0.005	[mu,kappa]: [(127.408,302.264),3.854]
	  1149.513	     0.005	[mu,kappa]: [(38.760,85.402),53.516]
	  2556.203	     0.012	[mu,kappa]: [(39.564,87.058),143.051]
	   758.667	     0.004	[mu,kappa]: [(39.852,82.104),24.195]
	  1557.391	     0.007	[mu,kappa]: [(39.111,86.192),78.092]
	   434.052	     0.002	[mu,kappa]: [(32.592,341.068),2.858]
	   617.808	     0.003	[mu,kappa]: [(41.561,79.154),16.191]
	   926.561	     0.004	[mu,kappa]: [(124.015,303.038),3.421]
	   798.910	     0.004	[mu,kappa]: [(39.561,82.430),25.426]
	  3955.641	     0.019	[mu,kappa]: [(39.827,87.407),209.515]
	  1370.483	     0.006	[mu,kappa]: [(38.812,85.770),62.072]
	  2766.245	     0.013	[mu,kappa]: [(143.173,301.009),7.677]
	   486.308	     0.002	[mu,kappa]: [(37.295,57.879),5.144]
	   448.464	     0.002	[mu,kappa]: [(26.357,4.948),3.519]
	  2554.840	     0.012	[mu,kappa]: [(142.718,301.042),7.472]
	   463.783	     0.002	[mu,kappa]: [(35.445,54.439),4.856]
	   789.922	     0.004	[mu,kappa]: [(39.210,83.212),29.463]
	   698.148	     0.003	[mu,kappa]: [(107.845,305.987),2.439]
	   584.307	     0.003	[mu,kappa]: [(97.019,308.398),2.129]
	  5571.619	     0.026	[mu,kappa]: [(39.968,87.634),278.000]
	  1451.501	     0.007	[mu,kappa]: [(134.577,301.890),4.879]
	   660.960	     0.003	[mu,kappa]: [(108.888,306.248),2.430]
	   523.978	     0.002	[mu,kappa]: [(42.045,66.564),6.581]
			msglen: 1003233.486 bits.
