Iteration #: 0
	 52806.000	     0.250	[mu,kappa]: [(36.850,66.922),2.195]
	 52905.000	     0.250	[mu,kappa]: [(36.928,67.091),2.219]
	 52696.000	     0.249	[mu,kappa]: [(37.007,67.190),2.192]
	 53025.000	     0.251	[mu,kappa]: [(37.030,66.771),2.196]
			msglen: 0.000 bits.
Iteration #: 1
	 52805.354	     0.250	[mu,kappa]: [(36.913,66.780),2.183]
	 52907.104	     0.250	[mu,kappa]: [(36.923,67.545),2.256]
	 52695.194	     0.249	[mu,kappa]: [(37.000,66.867),2.182]
	 53024.348	     0.251	[mu,kappa]: [(36.979,66.770),2.181]
			msglen: 1586573.085 bits.
Iteration #: 2
	 52798.578	     0.250	[mu,kappa]: [(36.949,66.383),2.146]
	 52926.969	     0.250	[mu,kappa]: [(36.912,68.711),2.379]
	 52688.282	     0.249	[mu,kappa]: [(36.993,66.432),2.147]
	 53018.171	     0.251	[mu,kappa]: [(36.980,66.338),2.141]
			msglen: 1586083.399 bits.
Iteration #: 3
	 52730.395	     0.249	[mu,kappa]: [(37.001,65.098),2.040]
	 53127.183	     0.251	[mu,kappa]: [(36.935,71.823),2.811]
	 52618.913	     0.249	[mu,kappa]: [(37.021,65.164),2.044]
	 52955.509	     0.250	[mu,kappa]: [(37.025,64.904),2.024]
			msglen: 1581405.430 bits.
Iteration #: 4
	 52024.860	     0.246	[mu,kappa]: [(37.167,60.895),1.779]
	 55208.013	     0.261	[mu,kappa]: [(37.347,78.080),4.857]
	 51904.058	     0.245	[mu,kappa]: [(37.163,61.091),1.789]
	 52295.069	     0.247	[mu,kappa]: [(37.245,60.113),1.735]
			msglen: 1540553.420 bits.
Iteration #: 5
	 45827.535	     0.217	[mu,kappa]: [(38.396,44.889),1.295]
	 73588.399	     0.348	[mu,kappa]: [(38.678,84.066),23.966]
	 45656.370	     0.216	[mu,kappa]: [(38.212,45.796),1.319]
	 46359.696	     0.219	[mu,kappa]: [(39.353,40.965),1.198]
			msglen: 1304011.586 bits.
Iteration #: 6
	 28964.831	     0.137	[mu,kappa]: [(81.730,337.500),0.925]
	123256.517	     0.583	[mu,kappa]: [(39.532,86.510),83.829]
	 28554.600	     0.135	[mu,kappa]: [(79.039,339.211),0.918]
	 30656.052	     0.145	[mu,kappa]: [(92.119,331.190),0.983]
			msglen: 1084811.063 bits.
Iteration #: 7
	 26047.909	     0.123	[mu,kappa]: [(94.144,327.564),1.157]
	131541.853	     0.622	[mu,kappa]: [(39.648,86.915),116.546]
	 25549.376	     0.121	[mu,kappa]: [(90.477,329.536),1.126]
	 28292.862	     0.134	[mu,kappa]: [(106.851,320.621),1.346]
			msglen: 1069184.562 bits.
Iteration #: 8
	 26524.007	     0.125	[mu,kappa]: [(88.412,330.784),1.097]
	129973.537	     0.615	[mu,kappa]: [(39.686,87.019),129.154]
	 26139.038	     0.124	[mu,kappa]: [(81.309,334.461),1.068]
	 28795.418	     0.136	[mu,kappa]: [(111.497,318.748),1.422]
			msglen: 1066339.333 bits.
Iteration #: 9
	 26751.984	     0.127	[mu,kappa]: [(80.063,335.205),1.055]
	128647.286	     0.608	[mu,kappa]: [(39.708,87.074),137.085]
	 26663.587	     0.126	[mu,kappa]: [(67.417,342.311),1.070]
	 29369.144	     0.139	[mu,kappa]: [(119.213,314.636),1.665]
			msglen: 1062304.287 bits.
Iteration #: 10
	 26339.431	     0.125	[mu,kappa]: [(67.993,341.583),1.073]
	127652.707	     0.604	[mu,kappa]: [(39.725,87.110),142.851]
	 27003.393	     0.128	[mu,kappa]: [(50.230,355.019),1.244]
	 30436.468	     0.144	[mu,kappa]: [(127.998,308.622),2.284]
			msglen: 1053135.580 bits.
Iteration #: 11
	 24815.869	     0.117	[mu,kappa]: [(52.942,350.829),1.237]
	126635.301	     0.599	[mu,kappa]: [(39.745,87.142),148.451]
	 27209.301	     0.129	[mu,kappa]: [(36.683,12.879),1.743]
	 32771.529	     0.155	[mu,kappa]: [(134.526,303.059),3.604]
			msglen: 1036941.131 bits.
Iteration #: 12
	 22489.417	     0.106	[mu,kappa]: [(41.018,0.142),1.592]
	125270.042	     0.592	[mu,kappa]: [(39.772,87.180),155.628]
	 27645.717	     0.131	[mu,kappa]: [(30.890,28.967),2.533]
	 36026.824	     0.170	[mu,kappa]: [(137.707,300.331),5.412]
			msglen: 1023859.499 bits.
Iteration #: 13
	 21069.721	     0.100	[mu,kappa]: [(35.724,2.431),1.903]
	123635.808	     0.585	[mu,kappa]: [(39.805,87.222),164.168]
	 28608.746	     0.135	[mu,kappa]: [(29.724,39.266),3.209]
	 38117.725	     0.180	[mu,kappa]: [(138.762,299.895),6.295]
			msglen: 1019693.588 bits.
Iteration #: 14
	 20601.361	     0.097	[mu,kappa]: [(34.034,356.793),2.056]
	122165.436	     0.578	[mu,kappa]: [(39.833,87.258),172.110]
	 29597.705	     0.140	[mu,kappa]: [(30.654,47.294),3.695]
	 39067.497	     0.185	[mu,kappa]: [(138.938,300.064),6.374]
			msglen: 1017679.767 bits.
Iteration #: 15
	 20438.110	     0.097	[mu,kappa]: [(34.379,345.276),2.191]
	120969.723	     0.572	[mu,kappa]: [(39.850,87.288),178.710]
	 30468.588	     0.144	[mu,kappa]: [(32.857,54.464),4.195]
	 39555.580	     0.187	[mu,kappa]: [(138.967,300.309),6.273]
			msglen: 1015262.062 bits.
Iteration #: 16
	 20455.345	     0.097	[mu,kappa]: [(36.905,331.139),2.444]
	119901.847	     0.567	[mu,kappa]: [(39.857,87.315),184.484]
	 31351.234	     0.148	[mu,kappa]: [(35.846,60.580),4.831]
	 39723.575	     0.188	[mu,kappa]: [(139.266,300.653),6.194]
			msglen: 1011862.918 bits.
Iteration #: 17
	 20645.294	     0.098	[mu,kappa]: [(40.768,319.130),2.934]
	118818.251	     0.562	[mu,kappa]: [(39.854,87.344),190.122]
	 32358.303	     0.153	[mu,kappa]: [(38.954,65.242),5.617]
	 39610.152	     0.187	[mu,kappa]: [(140.024,301.181),6.180]
			msglen: 1007755.063 bits.
Iteration #: 18
	 20873.950	     0.099	[mu,kappa]: [(44.127,311.397),3.708]
	117675.093	     0.557	[mu,kappa]: [(39.842,87.375),195.902]
	 33517.173	     0.159	[mu,kappa]: [(41.398,68.309),6.424]
	 39365.785	     0.186	[mu,kappa]: [(141.107,301.880),6.213]
			msglen: 1004054.933 bits.
Iteration #: 19
	 20905.581	     0.099	[mu,kappa]: [(46.264,307.178),4.631]
	116557.883	     0.551	[mu,kappa]: [(39.825,87.406),201.520]
	 34769.783	     0.164	[mu,kappa]: [(42.718,70.020),7.076]
	 39198.752	     0.185	[mu,kappa]: [(142.059,302.552),6.253]
			msglen: 1001774.334 bits.
Iteration #: 20
	 20630.858	     0.098	[mu,kappa]: [(47.526,305.129),5.403]
	115570.155	     0.547	[mu,kappa]: [(39.811,87.433),206.560]
	 36025.667	     0.170	[mu,kappa]: [(43.028,70.833),7.506]
	 39205.319	     0.185	[mu,kappa]: [(142.539,302.968),6.267]
			msglen: 1000796.381 bits.
Iteration #: 21
	 20188.209	     0.095	[mu,kappa]: [(48.288,304.173),5.901]
	114743.707	     0.543	[mu,kappa]: [(39.806,87.453),210.886]
	 37169.520	     0.176	[mu,kappa]: [(42.821,71.185),7.747]
	 39330.563	     0.186	[mu,kappa]: [(142.650,303.155),6.244]
			msglen: 1000404.317 bits.
Iteration #: 22
	 19751.859	     0.093	[mu,kappa]: [(48.755,303.679),6.206]
	114084.321	     0.540	[mu,kappa]: [(39.808,87.467),214.455]
	 38110.392	     0.180	[mu,kappa]: [(42.493,71.338),7.875]
	 39485.428	     0.187	[mu,kappa]: [(142.610,303.234),6.201]
			msglen: 1000217.730 bits.
Iteration #: 23
	 19390.175	     0.092	[mu,kappa]: [(49.043,303.387),6.406]
	113581.436	     0.537	[mu,kappa]: [(39.814,87.476),217.267]
	 38832.891	     0.184	[mu,kappa]: [(42.200,71.411),7.946]
	 39627.499	     0.187	[mu,kappa]: [(142.529,303.272),6.159]
			msglen: 1000119.635 bits.
Iteration #: 24
	 19109.228	     0.090	[mu,kappa]: [(49.214,303.201),6.546]
	113208.398	     0.535	[mu,kappa]: [(39.820,87.483),219.405]
	 39367.676	     0.186	[mu,kappa]: [(41.972,71.451),7.990]
	 39746.698	     0.188	[mu,kappa]: [(142.446,303.291),6.122]
			msglen: 1000067.117 bits.
Iteration #: 25
	 18896.398	     0.089	[mu,kappa]: [(49.308,303.079),6.650]
	112935.687	     0.534	[mu,kappa]: [(39.825,87.487),220.991]
	 39755.623	     0.188	[mu,kappa]: [(41.806,71.475),8.019]
	 39844.291	     0.188	[mu,kappa]: [(142.370,303.300),6.092]
			msglen: 1000039.032 bits.
Iteration #: 26
	 18736.585	     0.089	[mu,kappa]: [(49.348,303.002),6.727]
	112737.820	     0.533	[mu,kappa]: [(39.829,87.490),222.152]
	 40033.402	     0.189	[mu,kappa]: [(41.688,71.494),8.040]
	 39924.193	     0.189	[mu,kappa]: [(142.304,303.304),6.068]
			msglen: 1000023.973 bits.
Iteration #: 27
	 18616.711	     0.088	[mu,kappa]: [(49.351,302.955),6.785]
	112594.734	     0.533	[mu,kappa]: [(39.832,87.492),222.995]
	 40230.285	     0.190	[mu,kappa]: [(41.606,71.509),8.057]
	 39990.269	     0.189	[mu,kappa]: [(142.247,303.304),6.049]
			msglen: 1000015.792 bits.
