Iteration #: 0
	125744.00000	   0.50028	[mu,kappa]: [(99.76867,327.90486),1.62738]
	125602.00000	   0.49972	[mu,kappa]: [(100.10299,327.97501),1.63284]
			msglen: 0.00000 bits.
Iteration #: 1
	125743.99562	   0.50028	[mu,kappa]: [(99.72324,328.01203),1.62555]
	125602.00438	   0.49972	[mu,kappa]: [(100.14799,327.86797),1.63469]
			msglen: 1957765.34639 bits.
Iteration #: 2
	125743.98534	   0.50028	[mu,kappa]: [(99.62123,328.15072),1.62057]
	125602.01466	   0.49972	[mu,kappa]: [(100.24816,327.73034),1.63977]
			msglen: 1957758.96458 bits.
Iteration #: 3
	125743.94632	   0.50028	[mu,kappa]: [(99.40537,328.39851),1.61074]
	125602.05368	   0.49972	[mu,kappa]: [(100.45719,327.48745),1.64998]
			msglen: 1957734.89417 bits.
Iteration #: 4
	125743.74156	   0.50028	[mu,kappa]: [(98.96486,328.87513),1.59203]
	125602.25844	   0.49972	[mu,kappa]: [(100.87202,327.03080),1.67012]
			msglen: 1957643.80631 bits.
Iteration #: 5
	125742.42506	   0.50028	[mu,kappa]: [(98.07226,329.81519),1.55704]
	125603.57494	   0.49972	[mu,kappa]: [(101.66767,326.16864),1.71048]
			msglen: 1957299.67725 bits.
Iteration #: 6
	125733.23863	   0.50024	[mu,kappa]: [(96.24001,331.70978),1.49405]
	125612.76137	   0.49976	[mu,kappa]: [(103.13574,324.57150),1.79371]
			msglen: 1956010.00771 bits.
Iteration #: 7
	125668.30088	   0.49998	[mu,kappa]: [(92.37736,335.63529),1.39051]
	125677.69912	   0.50002	[mu,kappa]: [(105.66477,321.75501),1.97306]
			msglen: 1951319.56160 bits.
Iteration #: 8
	125233.49235	   0.49825	[mu,kappa]: [(84.16884,343.94807),1.25903]
	126112.50765	   0.50175	[mu,kappa]: [(109.44181,317.31828),2.38176]
			msglen: 1935928.61835 bits.
Iteration #: 9
	122876.72382	   0.48887	[mu,kappa]: [(69.46792,0.37862),1.21867]
	128469.27618	   0.51113	[mu,kappa]: [(113.65587,311.86015),3.33314]
			msglen: 1898479.86621 bits.
Iteration #: 10
	115546.20858	   0.45971	[mu,kappa]: [(55.58005,22.74858),1.48634]
	135799.79142	   0.54029	[mu,kappa]: [(116.48256,307.62947),5.08044]
			msglen: 1852442.39323 bits.
Iteration #: 11
	106403.01494	   0.42333	[mu,kappa]: [(50.11566,38.12109),1.96417]
	144942.98506	   0.57667	[mu,kappa]: [(117.44597,305.90167),6.45601]
			msglen: 1832914.95059 bits.
Iteration #: 12
	100286.72384	   0.39900	[mu,kappa]: [(48.41831,44.91503),2.34268]
	151059.27616	   0.60100	[mu,kappa]: [(117.61012,305.64053),6.73505]
			msglen: 1828302.90292 bits.
Iteration #: 13
	96009.69956	   0.38198	[mu,kappa]: [(47.50348,48.43477),2.61887]
	155336.30044	   0.61802	[mu,kappa]: [(117.60386,305.83773),6.56486]
			msglen: 1826089.90307 bits.
Iteration #: 14
	92630.55095	   0.36854	[mu,kappa]: [(46.83480,50.83101),2.85617]
	158715.44905	   0.63146	[mu,kappa]: [(117.56288,306.12681),6.32436]
			msglen: 1824488.47730 bits.
Iteration #: 15
	89862.03038	   0.35752	[mu,kappa]: [(46.33023,52.67209),3.07390]
	161483.96962	   0.64248	[mu,kappa]: [(117.50388,306.41290),6.10310]
			msglen: 1823295.16102 bits.
Iteration #: 16
	87574.87711	   0.34842	[mu,kappa]: [(45.95322,54.14084),3.27404]
	163771.12289	   0.65158	[mu,kappa]: [(117.43189,306.67444),5.91348]
			msglen: 1822415.63009 bits.
Iteration #: 17
	85678.21994	   0.34088	[mu,kappa]: [(45.67188,55.32854),3.45577]
	165667.78006	   0.65912	[mu,kappa]: [(117.35296,306.90767),5.75338]
			msglen: 1821773.48760 bits.
Iteration #: 18
	84099.96325	   0.33460	[mu,kappa]: [(45.46045,56.29683),3.61878]
	167246.03675	   0.66540	[mu,kappa]: [(117.27255,307.11328),5.61874]
			msglen: 1821307.53632 bits.
Iteration #: 19
	82782.44570	   0.32936	[mu,kappa]: [(45.30004,57.09177),3.76352]
	168563.55430	   0.67064	[mu,kappa]: [(117.19444,307.29320),5.50568]
			msglen: 1820970.80635 bits.
Iteration #: 20
	81679.66286	   0.32497	[mu,kappa]: [(45.17736,57.74850),3.89100]
	169666.33714	   0.67503	[mu,kappa]: [(117.12088,307.44969),5.41083]
			msglen: 1820728.19562 bits.
Iteration #: 21
	80754.76199	   0.32129	[mu,kappa]: [(45.08300,58.29391),4.00248]
	170591.23801	   0.67871	[mu,kappa]: [(117.05307,307.58512),5.33130]
			msglen: 1820553.83529 bits.
		7.24322 bpr
Null model msglen: 2203606.00100 bits.	(8.76722 bpr)
