Iteration #: 0
	12776.00000	   0.05083	[mu,kappa]: [(100.00775,327.86239),1.62497]
	12459.00000	   0.04957	[mu,kappa]: [(99.48542,328.44259),1.60786]
	12434.00000	   0.04947	[mu,kappa]: [(100.44131,327.51906),1.63886]
	12527.00000	   0.04984	[mu,kappa]: [(98.31963,328.62980),1.59050]
	12364.00000	   0.04919	[mu,kappa]: [(100.24127,327.28929),1.66173]
	12503.00000	   0.04974	[mu,kappa]: [(99.75485,328.29878),1.64116]
	12459.00000	   0.04957	[mu,kappa]: [(100.15511,327.48936),1.64426]
	12774.00000	   0.05082	[mu,kappa]: [(100.58540,327.78514),1.66341]
	12514.00000	   0.04979	[mu,kappa]: [(99.89870,327.30230),1.64472]
	12762.00000	   0.05077	[mu,kappa]: [(101.32725,327.78672),1.65212]
	12526.00000	   0.04984	[mu,kappa]: [(99.69444,328.47333),1.60850]
	12558.00000	   0.04996	[mu,kappa]: [(99.58497,328.79870),1.59322]
	12626.00000	   0.05023	[mu,kappa]: [(99.77894,327.84917),1.64055]
	12645.00000	   0.05031	[mu,kappa]: [(100.26496,327.72415),1.63645]
	12498.00000	   0.04972	[mu,kappa]: [(99.74911,327.85383),1.59939]
	12578.00000	   0.05004	[mu,kappa]: [(99.85685,328.82833),1.61766]
	12639.00000	   0.05029	[mu,kappa]: [(99.85689,327.45713),1.63619]
	12467.00000	   0.04960	[mu,kappa]: [(99.91548,328.13195),1.64644]
	12648.00000	   0.05032	[mu,kappa]: [(99.33069,327.41165),1.61825]
	12589.00000	   0.05009	[mu,kappa]: [(100.35359,327.92034),1.63168]
			msglen: 0.00000 bits.
Iteration #: 1
	12775.09717	   0.05083	[mu,kappa]: [(99.97671,327.95424),1.62741]
	12459.32138	   0.04957	[mu,kappa]: [(99.01039,328.94311),1.58911]
	12433.74653	   0.04947	[mu,kappa]: [(100.71479,327.27755),1.65669]
	12531.36678	   0.04986	[mu,kappa]: [(97.37158,329.82344),1.55185]
	12364.99248	   0.04920	[mu,kappa]: [(100.82974,326.68240),1.68476]
	12501.89311	   0.04974	[mu,kappa]: [(99.79189,328.04204),1.63159]
	12458.75292	   0.04957	[mu,kappa]: [(100.47575,327.21463),1.65922]
	12774.63072	   0.05082	[mu,kappa]: [(101.11018,326.95961),1.68021]
	12513.63789	   0.04979	[mu,kappa]: [(100.24501,327.12008),1.66026]
	12763.09276	   0.05078	[mu,kappa]: [(101.77687,327.00904),1.67852]
	12526.05916	   0.04984	[mu,kappa]: [(99.24764,328.89776),1.59196]
	12559.61534	   0.04997	[mu,kappa]: [(98.82264,329.54105),1.56754]
	12625.16631	   0.05023	[mu,kappa]: [(99.92534,327.67824),1.64146]
	12644.39628	   0.05031	[mu,kappa]: [(100.44213,327.53637),1.64680]
	12497.26906	   0.04972	[mu,kappa]: [(99.35083,328.56311),1.59634]
	12577.67666	   0.05004	[mu,kappa]: [(99.45949,328.95656),1.59611]
	12638.24531	   0.05028	[mu,kappa]: [(100.05436,327.42997),1.64666]
	12466.01597	   0.04960	[mu,kappa]: [(100.08054,327.75316),1.64343]
	12646.79698	   0.05032	[mu,kappa]: [(99.25011,327.90655),1.62050]
	12588.22718	   0.05008	[mu,kappa]: [(100.43142,327.77224),1.63838]
			msglen: 1958145.81361 bits.
Iteration #: 2
	12771.33076	   0.05081	[mu,kappa]: [(99.95671,327.98177),1.62794]
	12460.04548	   0.04957	[mu,kappa]: [(98.06897,329.91693),1.55317]
	12432.47510	   0.04946	[mu,kappa]: [(101.29066,326.65480),1.68682]
	12547.95651	   0.04992	[mu,kappa]: [(95.28134,332.08768),1.47940]
	12368.33453	   0.04921	[mu,kappa]: [(101.86696,325.62080),1.73524]
	12498.21410	   0.04973	[mu,kappa]: [(99.78249,328.01461),1.62791]
	12457.35727	   0.04956	[mu,kappa]: [(101.07673,326.61232),1.68757]
	12777.46271	   0.05084	[mu,kappa]: [(102.05563,325.85637),1.72761]
	12512.04241	   0.04978	[mu,kappa]: [(100.86057,326.57327),1.68748]
	12767.54129	   0.05080	[mu,kappa]: [(102.72950,325.77887),1.73485]
	12525.83217	   0.04984	[mu,kappa]: [(98.39666,329.74510),1.56010]
	12565.43934	   0.04999	[mu,kappa]: [(97.35288,330.99491),1.51701]
	12621.66810	   0.05022	[mu,kappa]: [(100.14764,327.47810),1.64883]
	12641.66973	   0.05030	[mu,kappa]: [(100.81568,327.12494),1.66558]
	12495.77862	   0.04972	[mu,kappa]: [(98.67177,329.33057),1.57304]
	12576.74443	   0.05004	[mu,kappa]: [(98.68188,329.64306),1.56590]
	12635.19441	   0.05027	[mu,kappa]: [(100.41479,327.13931),1.66215]
	12462.66409	   0.04958	[mu,kappa]: [(100.32537,327.45869),1.65155]
	12643.33081	   0.05030	[mu,kappa]: [(99.06501,328.28190),1.61135]
	12584.91813	   0.05007	[mu,kappa]: [(100.64349,327.48936),1.65062]
			msglen: 1957845.37770 bits.
Iteration #: 3
	12757.00073	   0.05075	[mu,kappa]: [(99.95703,327.98137),1.62898]
	12462.34925	   0.04958	[mu,kappa]: [(96.14485,331.88876),1.48810]
	12427.78429	   0.04944	[mu,kappa]: [(102.39977,325.44505),1.74696]
	12610.97214	   0.05017	[mu,kappa]: [(90.55248,336.91453),1.35930]
	12381.09363	   0.04926	[mu,kappa]: [(103.68490,323.69081),1.84143]
	12484.21005	   0.04967	[mu,kappa]: [(99.75406,328.05477),1.62573]
	12452.17037	   0.04954	[mu,kappa]: [(102.19156,325.44591),1.74549]
	12788.36828	   0.05088	[mu,kappa]: [(103.76169,323.95544),1.82904]
	12506.19388	   0.04976	[mu,kappa]: [(101.97040,325.46622),1.74292]
	12784.93083	   0.05087	[mu,kappa]: [(104.52320,323.64539),1.85153]
	12524.58921	   0.04983	[mu,kappa]: [(96.70017,331.46288),1.50191]
	12587.14766	   0.05008	[mu,kappa]: [(94.30233,334.03977),1.42732]
	12608.43609	   0.05016	[mu,kappa]: [(100.55325,327.09480),1.66619]
	12631.42195	   0.05026	[mu,kappa]: [(101.55741,326.32158),1.70346]
	12489.90021	   0.04969	[mu,kappa]: [(97.35097,330.70363),1.52614]
	12572.95468	   0.05002	[mu,kappa]: [(97.15896,331.14582),1.51297]
	12623.74413	   0.05022	[mu,kappa]: [(101.08246,326.49511),1.69310]
	12449.99432	   0.04953	[mu,kappa]: [(100.78522,326.98043),1.67231]
	12630.27526	   0.05025	[mu,kappa]: [(98.65465,328.82498),1.59227]
	12572.46306	   0.05002	[mu,kappa]: [(101.11285,326.94598),1.67528]
			msglen: 1956710.10294 bits.
Iteration #: 4
	12703.03968	   0.05054	[mu,kappa]: [(100.05610,327.89560),1.63520]
	12467.92705	   0.04960	[mu,kappa]: [(92.06662,336.01146),1.38113]
	12411.96031	   0.04938	[mu,kappa]: [(104.41384,323.22797),1.87494]
	12847.09214	   0.05111	[mu,kappa]: [(79.43728,348.15950),1.21456]
	12431.02966	   0.04946	[mu,kappa]: [(106.64825,320.38888),2.07279]
	12431.33610	   0.04946	[mu,kappa]: [(99.77060,328.07605),1.62717]
	12434.45034	   0.04947	[mu,kappa]: [(104.19226,323.29173),1.86948]
	12831.45404	   0.05105	[mu,kappa]: [(106.60217,320.72361),2.04945]
	12486.02020	   0.04968	[mu,kappa]: [(103.94318,323.39117),1.86190]
	12852.43031	   0.05113	[mu,kappa]: [(107.49988,320.10173),2.10440]
	12517.06790	   0.04980	[mu,kappa]: [(93.18534,335.01371),1.40463]
	12665.37974	   0.05039	[mu,kappa]: [(87.53149,340.76557),1.29198]
	12559.32887	   0.04997	[mu,kappa]: [(101.36312,326.29353),1.70597]
	12594.22214	   0.05011	[mu,kappa]: [(102.98485,324.78400),1.78445]
	12465.40190	   0.04959	[mu,kappa]: [(94.68895,333.42887),1.44549]
	12556.10983	   0.04996	[mu,kappa]: [(94.07040,334.25289),1.42401]
	12581.83941	   0.05006	[mu,kappa]: [(102.34798,325.20445),1.76010]
	12403.08873	   0.04935	[mu,kappa]: [(101.70581,326.03283),1.71928]
	12580.27987	   0.05005	[mu,kappa]: [(97.86258,329.75088),1.56067]
	12526.54178	   0.04984	[mu,kappa]: [(102.09448,325.87533),1.72863]
			msglen: 1952490.35031 bits.
Iteration #: 5
	12506.33408	   0.04976	[mu,kappa]: [(100.57043,327.44683),1.66425]
	12465.49763	   0.04959	[mu,kappa]: [(83.31309,344.85632),1.24766]
	12368.07875	   0.04921	[mu,kappa]: [(107.70966,319.47798),2.16504]
	13698.33998	   0.05450	[mu,kappa]: [(58.65323,14.32142),1.28978]
	12628.17759	   0.05024	[mu,kappa]: [(110.73217,315.47200),2.60696]
	12237.80439	   0.04869	[mu,kappa]: [(100.11829,327.82475),1.64738]
	12383.48431	   0.04927	[mu,kappa]: [(107.46831,319.61654),2.15107]
	13004.36292	   0.05174	[mu,kappa]: [(110.59958,315.87207),2.55643]
	12425.93006	   0.04944	[mu,kappa]: [(107.18306,319.81070),2.13260]
	13113.05405	   0.05217	[mu,kappa]: [(111.54561,314.97976),2.68833]
	12468.68706	   0.04961	[mu,kappa]: [(85.81069,342.45675),1.27556]
	12924.17437	   0.05142	[mu,kappa]: [(72.75553,356.24982),1.18901]
	12385.59786	   0.04928	[mu,kappa]: [(103.04541,324.59615),1.80376]
	12468.86565	   0.04961	[mu,kappa]: [(105.57987,321.95523),1.96975]
	12358.73706	   0.04917	[mu,kappa]: [(89.33985,338.87979),1.33110]
	12475.43116	   0.04963	[mu,kappa]: [(87.74290,340.64176),1.30144]
	12437.86662	   0.04949	[mu,kappa]: [(104.70364,322.72782),1.91560]
	12238.24551	   0.04869	[mu,kappa]: [(103.56875,324.10698),1.83207]
	12391.17733	   0.04930	[mu,kappa]: [(96.59790,331.21756),1.51961]
	12366.15360	   0.04920	[mu,kappa]: [(104.07430,323.76121),1.85406]
			msglen: 1937940.28055 bits.
Iteration #: 6
	11873.63120	   0.04724	[mu,kappa]: [(102.40298,325.83890),1.77570]
	12319.87911	   0.04902	[mu,kappa]: [(67.94716,2.30489),1.22299]
	12306.20245	   0.04896	[mu,kappa]: [(111.98642,314.24895),2.85050]
	16403.21250	   0.06526	[mu,kappa]: [(45.62550,49.47773),2.21995]
	13352.48033	   0.05312	[mu,kappa]: [(114.76785,309.92707),3.88086]
	11610.90410	   0.04620	[mu,kappa]: [(101.70452,326.51502),1.74160]
	12297.77505	   0.04893	[mu,kappa]: [(111.75774,314.43601),2.81724]
	13654.40755	   0.05432	[mu,kappa]: [(114.65992,310.30023),3.76271]
	12309.54592	   0.04897	[mu,kappa]: [(111.47914,314.69279),2.77397]
	14039.75023	   0.05586	[mu,kappa]: [(115.38899,309.42328),4.08021]
	12186.66346	   0.04849	[mu,kappa]: [(72.63465,356.83291),1.21239]
	13596.65840	   0.05410	[mu,kappa]: [(53.55370,25.37533),1.46243]
	11857.22934	   0.04718	[mu,kappa]: [(106.28766,321.27782),2.05810]
	12124.40621	   0.04824	[mu,kappa]: [(109.57728,317.42721),2.41516]
	11911.75660	   0.04739	[mu,kappa]: [(80.00927,348.79095),1.23854]
	12100.02453	   0.04814	[mu,kappa]: [(76.49668,352.66439),1.21866]
	12025.10927	   0.04784	[mu,kappa]: [(108.54329,318.53706),2.29536]
	11743.54222	   0.04672	[mu,kappa]: [(106.99088,320.51928),2.11838]
	11742.33886	   0.04672	[mu,kappa]: [(95.48826,332.81483),1.50115]
	11890.48268	   0.04731	[mu,kappa]: [(107.60704,319.96232),2.16707]
			msglen: 1898952.96306 bits.
Iteration #: 7
	10475.67447	   0.04168	[mu,kappa]: [(106.35415,322.52613),2.08058]
	11514.41091	   0.04581	[mu,kappa]: [(55.42475,23.73228),1.51546]
	12407.97372	   0.04937	[mu,kappa]: [(115.47848,309.44057),4.22491]
	22582.73123	   0.08985	[mu,kappa]: [(43.66077,66.75684),4.69518]
	15222.69580	   0.06056	[mu,kappa]: [(116.88070,306.07338),6.21993]
	10211.90337	   0.04063	[mu,kappa]: [(105.50245,323.47041),2.01578]
	12343.81904	   0.04911	[mu,kappa]: [(115.31279,309.61087),4.15685]
	15371.95639	   0.06116	[mu,kappa]: [(116.89435,306.32657),6.00342]
	12283.85826	   0.04887	[mu,kappa]: [(115.11205,309.84600),4.06828]
	16349.79939	   0.06505	[mu,kappa]: [(117.23880,305.74140),6.56992]
	11124.05449	   0.04426	[mu,kappa]: [(60.38015,15.12917),1.38543]
	14525.67670	   0.05779	[mu,kappa]: [(46.28980,50.09210),2.42293]
	10783.64309	   0.04290	[mu,kappa]: [(110.71399,316.73427),2.62461]
	11541.57585	   0.04592	[mu,kappa]: [(113.70842,312.47082),3.33960]
	10569.34698	   0.04205	[mu,kappa]: [(70.58153,1.16795),1.28112]
	10871.19144	   0.04325	[mu,kappa]: [(65.33248,8.00809),1.31520]
	11266.46114	   0.04482	[mu,kappa]: [(112.83278,313.64523),3.09660]
	10759.68955	   0.04281	[mu,kappa]: [(111.40284,315.84113),2.74409]
	10176.78655	   0.04049	[mu,kappa]: [(96.75304,333.00333),1.58114]
	10962.75165	   0.04362	[mu,kappa]: [(111.98179,315.18991),2.84203]
			msglen: 1842376.94946 bits.
Iteration #: 8
	9047.05035	   0.03599	[mu,kappa]: [(110.67962,319.91421),2.46893]
	10024.41738	   0.03988	[mu,kappa]: [(53.27332,33.59639),1.91656]
	12721.09775	   0.05061	[mu,kappa]: [(116.91544,306.96574),5.60849]
	30296.05279	   0.12053	[mu,kappa]: [(42.82994,72.13406),8.37595]
	17326.05894	   0.06893	[mu,kappa]: [(116.84260,304.52608),8.29342]
	8768.32190	   0.03489	[mu,kappa]: [(109.89540,320.97614),2.37446]
	12598.14309	   0.05012	[mu,kappa]: [(116.81250,307.10163),5.51302]
	17333.41925	   0.06896	[mu,kappa]: [(116.98315,304.69026),8.00986]
	12462.26634	   0.04958	[mu,kappa]: [(116.69753,307.29214),5.38760]
	18873.45373	   0.07509	[mu,kappa]: [(117.04222,304.32722),8.72031]
	9452.73289	   0.03761	[mu,kappa]: [(57.93552,24.47757),1.66472]
	14661.81437	   0.05833	[mu,kappa]: [(45.61976,57.68396),3.59434]
	9773.94372	   0.03889	[mu,kappa]: [(114.20856,313.71511),3.26775]
	11106.89612	   0.04419	[mu,kappa]: [(116.16384,309.58247),4.32544]
	8751.98424	   0.03482	[mu,kappa]: [(68.96574,8.14660),1.42204]
	9099.07879	   0.03620	[mu,kappa]: [(63.05931,16.36697),1.51455]
	10630.71006	   0.04230	[mu,kappa]: [(115.61299,310.67393),3.96691]
	9855.36366	   0.03921	[mu,kappa]: [(114.71427,312.81432),3.44454]
	8434.81172	   0.03356	[mu,kappa]: [(100.89966,332.30482),1.74976]
	10128.38294	   0.04030	[mu,kappa]: [(115.15231,312.16948),3.58949]
			msglen: 1811336.47401 bits.
Iteration #: 9
	8472.13185	   0.03371	[mu,kappa]: [(113.97478,319.80403),2.59583]
	9149.41929	   0.03640	[mu,kappa]: [(55.70140,33.29167),2.11315]
	12840.18658	   0.05109	[mu,kappa]: [(117.16104,306.02940),6.25927]
	34482.68418	   0.13719	[mu,kappa]: [(41.83812,75.27721),12.07268]
	18330.71576	   0.07293	[mu,kappa]: [(115.67209,304.01343),9.44198]
	8189.23644	   0.03258	[mu,kappa]: [(113.26756,320.98348),2.49165]
	12691.24578	   0.05049	[mu,kappa]: [(117.10142,306.14929),6.14857]
	18253.57659	   0.07262	[mu,kappa]: [(115.94616,304.13363),9.09690]
	12521.67320	   0.04982	[mu,kappa]: [(117.05349,306.32066),6.00185]
	20080.07274	   0.07989	[mu,kappa]: [(115.78988,303.88179),9.91728]
	8586.30082	   0.03416	[mu,kappa]: [(60.75423,25.02451),1.82086]
	14003.39634	   0.05571	[mu,kappa]: [(46.35851,56.71847),4.12028]
	9346.92182	   0.03719	[mu,kappa]: [(116.54952,312.92340),3.49877]
	10903.08673	   0.04338	[mu,kappa]: [(117.45410,308.56351),4.73600]
	7926.06409	   0.03154	[mu,kappa]: [(72.19389,9.97757),1.52932]
	8247.15014	   0.03281	[mu,kappa]: [(66.13734,17.64211),1.64353]
	10345.47872	   0.04116	[mu,kappa]: [(117.20644,309.67625),4.31411]
	9468.26119	   0.03767	[mu,kappa]: [(116.87896,311.95283),3.70284]
	7740.36695	   0.03080	[mu,kappa]: [(104.68314,333.52884),1.82010]
	9768.03078	   0.03886	[mu,kappa]: [(117.20607,311.27194),3.87053]
			msglen: 1801352.66524 bits.
Iteration #: 10
	8348.17151	   0.03321	[mu,kappa]: [(117.19419,321.19558),2.54816]
	9056.91647	   0.03603	[mu,kappa]: [(57.70367,30.82799),2.18938]
	12769.40803	   0.05080	[mu,kappa]: [(117.07395,305.57751),6.51449]
	35372.22453	   0.14073	[mu,kappa]: [(40.95859,78.10558),16.47770]
	18743.41372	   0.07457	[mu,kappa]: [(113.91373,303.79355),10.23113]
	8072.28994	   0.03212	[mu,kappa]: [(116.48547,322.52573),2.44304]
	12611.78781	   0.05018	[mu,kappa]: [(117.05385,305.69180),6.39299]
	18592.32169	   0.07397	[mu,kappa]: [(114.34428,303.87902),9.80419]
	12430.82723	   0.04946	[mu,kappa]: [(117.07478,305.85896),6.23056]
	20596.02722	   0.08194	[mu,kappa]: [(113.97856,303.70987),10.76015]
	8527.28963	   0.03393	[mu,kappa]: [(62.85148,23.81016),1.89556]
	13430.43604	   0.05343	[mu,kappa]: [(47.74341,52.88064),4.11708]
	9188.46065	   0.03656	[mu,kappa]: [(118.92683,313.21626),3.48170]
	10749.70194	   0.04277	[mu,kappa]: [(118.66240,308.26791),4.81641]
	7888.65438	   0.03139	[mu,kappa]: [(74.21975,10.96082),1.58601]
	8203.12715	   0.03264	[mu,kappa]: [(68.26213,17.58905),1.71108]
	10182.27460	   0.04051	[mu,kappa]: [(118.74839,309.49558),4.35653]
	9309.52061	   0.03704	[mu,kappa]: [(119.08752,312.10506),3.69819]
	7664.25105	   0.03049	[mu,kappa]: [(107.53029,336.26816),1.78875]
	9608.89579	   0.03823	[mu,kappa]: [(119.33077,311.34233),3.87717]
			msglen: 1794244.82818 bits.
Iteration #: 11
	8324.59845	   0.03312	[mu,kappa]: [(121.12468,323.34192),2.48517]
	9335.98227	   0.03714	[mu,kappa]: [(57.54921,28.67352),2.24993]
	12605.51692	   0.05015	[mu,kappa]: [(117.02400,305.23161),6.66016]
	34642.16217	   0.13782	[mu,kappa]: [(40.25907,80.56801),22.68055]
	19053.36738	   0.07580	[mu,kappa]: [(111.81276,303.67674),11.04044]
	8056.39033	   0.03205	[mu,kappa]: [(120.32923,324.82985),2.37816]
	12444.24841	   0.04951	[mu,kappa]: [(117.04686,305.34322),6.52977]
	18802.52605	   0.07481	[mu,kappa]: [(112.41746,303.71823),10.49596]
	12258.39493	   0.04877	[mu,kappa]: [(117.14970,305.51095),6.35413]
	21000.55733	   0.08355	[mu,kappa]: [(111.84545,303.63938),11.64189]
	8785.13916	   0.03495	[mu,kappa]: [(62.48073,22.77032),1.95469]
	13393.43792	   0.05329	[mu,kappa]: [(49.22566,48.78790),3.98910]
	9087.52430	   0.03616	[mu,kappa]: [(122.05553,313.98031),3.43508]
	10586.22540	   0.04212	[mu,kappa]: [(120.34895,308.20641),4.82816]
	8092.18028	   0.03220	[mu,kappa]: [(73.72583,11.91179),1.62180]
	8435.79100	   0.03356	[mu,kappa]: [(67.82927,17.60663),1.76038]
	10031.44302	   0.03991	[mu,kappa]: [(120.84824,309.60383),4.34365]
	9198.40677	   0.03660	[mu,kappa]: [(122.03549,312.68376),3.65954]
	7720.13040	   0.03072	[mu,kappa]: [(110.00646,339.62191),1.73368]
	9491.97749	   0.03777	[mu,kappa]: [(122.21110,311.81607),3.84729]
			msglen: 1786515.25437 bits.
Iteration #: 12
	8282.94523	   0.03296	[mu,kappa]: [(126.07051,326.03192),2.47462]
	9771.88189	   0.03888	[mu,kappa]: [(55.27303,26.82390),2.33206]
	12378.23122	   0.04925	[mu,kappa]: [(117.15042,304.88508),6.78325]
	33159.77201	   0.13193	[mu,kappa]: [(39.67284,82.39251),31.18317]
	19432.33542	   0.07731	[mu,kappa]: [(109.49668,303.64576),11.97658]
	8016.45658	   0.03189	[mu,kappa]: [(125.10023,327.66960),2.35884]
	12214.98495	   0.04860	[mu,kappa]: [(117.22030,304.99437),6.64614]
	19035.32175	   0.07573	[mu,kappa]: [(110.27408,303.62307),11.26957]
	12026.51261	   0.04785	[mu,kappa]: [(117.42167,305.16385),6.46048]
	21494.34442	   0.08552	[mu,kappa]: [(109.52692,303.65874),12.67537]
	9141.75885	   0.03637	[mu,kappa]: [(59.81688,21.78098),2.03031]
	13878.17494	   0.05522	[mu,kappa]: [(50.19380,46.18449),3.89782]
	8986.53643	   0.03575	[mu,kappa]: [(126.24346,315.03393),3.45799]
	10407.83818	   0.04141	[mu,kappa]: [(122.78334,308.24222),4.88119]
	8320.70913	   0.03311	[mu,kappa]: [(70.90841,12.65448),1.66253]
	8725.67126	   0.03472	[mu,kappa]: [(65.05649,17.54561),1.81983]
	9871.87698	   0.03928	[mu,kappa]: [(123.79016,309.84859),4.38393]
	9090.15909	   0.03617	[mu,kappa]: [(126.03248,313.51952),3.69178]
	7726.84745	   0.03074	[mu,kappa]: [(112.33073,343.27737),1.68427]
	9383.64159	   0.03733	[mu,kappa]: [(126.16211,312.53810),3.89213]
			msglen: 1778293.24902 bits.
Iteration #: 13
	8182.02857	   0.03255	[mu,kappa]: [(131.89837,329.34140),2.55166]
	10286.29983	   0.04093	[mu,kappa]: [(51.59667,24.69524),2.45254]
	12087.24236	   0.04809	[mu,kappa]: [(117.45878,304.48202),6.91974]
	31396.26017	   0.12491	[mu,kappa]: [(39.16239,83.54627),41.52129]
	19939.87632	   0.07933	[mu,kappa]: [(107.07308,303.70899),13.02599]
	7906.07206	   0.03146	[mu,kappa]: [(130.68097,331.12126),2.41371]
	11922.82809	   0.04744	[mu,kappa]: [(117.57565,304.58828),6.77853]
	19338.30633	   0.07694	[mu,kappa]: [(107.99054,303.59332),12.11341]
	11733.02416	   0.04668	[mu,kappa]: [(117.88972,304.75926),6.58752]
	22141.28952	   0.08809	[mu,kappa]: [(107.14563,303.77874),13.84904]
	9531.47893	   0.03792	[mu,kappa]: [(55.61443,20.31343),2.14384]
	14667.57844	   0.05836	[mu,kappa]: [(50.72387,45.63541),3.85270]
	8875.73364	   0.03531	[mu,kappa]: [(131.42322,316.34281),3.61930]
	10221.23598	   0.04067	[mu,kappa]: [(126.00899,308.32324),5.05432]
	8513.65440	   0.03387	[mu,kappa]: [(66.28705,12.86514),1.73097]
	9010.05187	   0.03585	[mu,kappa]: [(60.62249,16.99051),1.91203]
	9705.22477	   0.03861	[mu,kappa]: [(127.59174,310.17504),4.55475]
	8982.24012	   0.03574	[mu,kappa]: [(131.03012,314.57535),3.87152]
	7615.12425	   0.03030	[mu,kappa]: [(114.38491,347.27983),1.64602]
	9290.45019	   0.03696	[mu,kappa]: [(131.14438,313.47799),4.09828]
			msglen: 1769782.41402 bits.
Iteration #: 14
	7998.86332	   0.03182	[mu,kappa]: [(138.10889,333.56285),2.74338]
	10839.13707	   0.04312	[mu,kappa]: [(47.43545,21.56659),2.61786]
	11725.88638	   0.04665	[mu,kappa]: [(117.86293,303.95945),7.11551]
	29658.35121	   0.11800	[mu,kappa]: [(38.75930,84.25523),52.81271]
	20595.66578	   0.08194	[mu,kappa]: [(104.67836,303.85866),14.08825]
	7697.53596	   0.03063	[mu,kappa]: [(136.62391,335.50616),2.56097]
	11559.96545	   0.04599	[mu,kappa]: [(118.01927,304.06088),6.97247]
	19734.63920	   0.07851	[mu,kappa]: [(105.66928,303.61471),12.94840]
	11368.59057	   0.04523	[mu,kappa]: [(118.45218,304.23148),6.78164]
	22950.34266	   0.09131	[mu,kappa]: [(104.85166,303.99319),15.06189]
	9934.04828	   0.03952	[mu,kappa]: [(50.84682,17.72904),2.30794]
	15556.90093	   0.06189	[mu,kappa]: [(51.58999,47.01239),3.84762]
	8755.43213	   0.03483	[mu,kappa]: [(137.13657,317.89318),4.00076]
	10031.89460	   0.03991	[mu,kappa]: [(129.81561,308.38562),5.45067]
	8662.03554	   0.03446	[mu,kappa]: [(60.70987,12.16097),1.84544]
	9275.18730	   0.03690	[mu,kappa]: [(55.47339,15.44797),2.05236]
	9534.55244	   0.03793	[mu,kappa]: [(131.97667,310.51776),4.95435]
	8881.99015	   0.03534	[mu,kappa]: [(136.58708,315.81963),4.29471]
	7353.67499	   0.02926	[mu,kappa]: [(115.88262,351.96677),1.61679]
	9231.30606	   0.03673	[mu,kappa]: [(136.70393,314.60164),4.58032]
			msglen: 1760758.31578 bits.
Iteration #: 15
	7722.55593	   0.03073	[mu,kappa]: [(144.05300,339.26770),3.07288]
	11378.54824	   0.04527	[mu,kappa]: [(43.53949,16.87371),2.82627]
	11295.58916	   0.04494	[mu,kappa]: [(118.22294,303.25214),7.44199]
	28127.21750	   0.11190	[mu,kappa]: [(38.48693,84.72322),64.20512]
	21384.02071	   0.08508	[mu,kappa]: [(102.47006,304.06117),15.00228]
	7377.01373	   0.02935	[mu,kappa]: [(142.35922,341.49438),2.81262]
	11125.88678	   0.04427	[mu,kappa]: [(118.40329,303.34538),7.29785]
	20236.48301	   0.08051	[mu,kappa]: [(103.44696,303.64958),13.64952]
	10929.90267	   0.04349	[mu,kappa]: [(118.94951,303.51120),7.11249]
	23882.83877	   0.09502	[mu,kappa]: [(102.80998,304.27104),16.15644]
	10322.62850	   0.04107	[mu,kappa]: [(46.37761,13.52826),2.52389]
	16457.08227	   0.06548	[mu,kappa]: [(53.75690,50.20327),3.91164]
	8633.31135	   0.03435	[mu,kappa]: [(142.64217,319.61274),4.71447]
	9850.49527	   0.03919	[mu,kappa]: [(133.72163,308.32830),6.21918]
	8761.54374	   0.03486	[mu,kappa]: [(55.19333,10.29042),2.01084]
	9505.24415	   0.03782	[mu,kappa]: [(50.54869,12.56609),2.24230]
	9368.68807	   0.03727	[mu,kappa]: [(136.38201,310.76149),5.72458]
	8805.94194	   0.03504	[mu,kappa]: [(141.94499,317.14660),5.09770]
	6942.56296	   0.02762	[mu,kappa]: [(116.64401,358.11533),1.59557]
	9238.44524	   0.03676	[mu,kappa]: [(142.02663,315.78649),5.50470]
			msglen: 1750886.17500 bits.
Iteration #: 16
	7369.27584	   0.02932	[mu,kappa]: [(149.09573,347.36040),3.56114]
	11810.64794	   0.04699	[mu,kappa]: [(40.31927,10.32585),3.09028]
	10821.27037	   0.04305	[mu,kappa]: [(118.41682,302.32574),7.99792]
	26879.45194	   0.10694	[mu,kappa]: [(38.32009,85.04916),74.89761]
	22245.96289	   0.08851	[mu,kappa]: [(100.60340,304.26740),15.63688]
	6962.77597	   0.02770	[mu,kappa]: [(147.29336,350.20774),3.18228]
	10643.57277	   0.04235	[mu,kappa]: [(118.60132,302.40586),7.85119]
	20831.91918	   0.08288	[mu,kappa]: [(101.48189,303.64664),14.11188]
	10437.20746	   0.04153	[mu,kappa]: [(119.24231,302.55978),7.67592]
	24856.52598	   0.09889	[mu,kappa]: [(101.17532,304.56843),17.01838]
	10624.33736	   0.04227	[mu,kappa]: [(42.70524,7.46255),2.79953]
	17457.56185	   0.06946	[mu,kappa]: [(57.87730,54.89646),4.14006]
	8524.73760	   0.03392	[mu,kappa]: [(147.15954,321.29784),5.87774]
	9705.85115	   0.03862	[mu,kappa]: [(137.04821,308.02929),7.53604]
	8763.37809	   0.03487	[mu,kappa]: [(50.47429,7.18044),2.22211]
	9635.59746	   0.03834	[mu,kappa]: [(46.41961,8.20041),2.47958]
	9232.42875	   0.03673	[mu,kappa]: [(140.07136,310.74315),7.03215]
	8778.01574	   0.03492	[mu,kappa]: [(146.26936,318.31580),6.42358]
	6416.12454	   0.02553	[mu,kappa]: [(116.79227,6.89492),1.60146]
	9349.35711	   0.03720	[mu,kappa]: [(146.20940,316.76599),7.03640]
			msglen: 1739980.72491 bits.
Iteration #: 17
	7007.12230	   0.02788	[mu,kappa]: [(152.61761,358.64867),4.23802]
	12028.64522	   0.04786	[mu,kappa]: [(37.91351,1.98388),3.47003]
	10374.96512	   0.04128	[mu,kappa]: [(118.43817,301.22203),8.89323]
	25945.38181	   0.10322	[mu,kappa]: [(38.20528,85.28056),84.18943]
	23067.47904	   0.09177	[mu,kappa]: [(99.20907,304.44053),15.97952]
	6532.46726	   0.02599	[mu,kappa]: [(150.69235,2.62570),3.71134]
	10184.22521	   0.04052	[mu,kappa]: [(118.60867,301.28354),8.74118]
	21452.49984	   0.08535	[mu,kappa]: [(99.93096,303.56953),14.31577]
	9961.41483	   0.03963	[mu,kappa]: [(119.31272,301.41694),8.58153]
	25751.81056	   0.10245	[mu,kappa]: [(100.06861,304.85616),17.66773]
	10738.02836	   0.04272	[mu,kappa]: [(39.97333,359.58359),3.18379]
	18791.14695	   0.07476	[mu,kappa]: [(63.48234,59.90270),4.69071]
	8429.83213	   0.03354	[mu,kappa]: [(150.23605,322.66897),7.46328]
	9639.45528	   0.03835	[mu,kappa]: [(139.19568,307.41222),9.45770]
	8564.51858	   0.03408	[mu,kappa]: [(46.70404,2.74122),2.48865]
	9555.21625	   0.03802	[mu,kappa]: [(43.17054,2.29433),2.78799]
	9153.85530	   0.03642	[mu,kappa]: [(142.44894,310.32836),8.91177]
	8793.00695	   0.03498	[mu,kappa]: [(149.07162,319.04674),8.23041]
	5830.59670	   0.02320	[mu,kappa]: [(116.67740,18.63640),1.69540]
	9544.33229	   0.03797	[mu,kappa]: [(148.77063,317.26703),9.08661]
			msglen: 1728468.93177 bits.
Iteration #: 18
	6756.52752	   0.02688	[mu,kappa]: [(154.11062,12.14969),5.18840]
	12027.40132	   0.04785	[mu,kappa]: [(36.39797,352.85600),4.06308]
	10070.83327	   0.04007	[mu,kappa]: [(118.42479,300.09318),10.17432]
	25361.46776	   0.10090	[mu,kappa]: [(38.09177,85.44512),91.38632]
	23703.15675	   0.09430	[mu,kappa]: [(98.30933,304.57798),16.11063]
	6216.25129	   0.02473	[mu,kappa]: [(151.84028,17.26169),4.52009]
	9862.93155	   0.03924	[mu,kappa]: [(118.57103,300.13215),10.01642]
	21974.07747	   0.08742	[mu,kappa]: [(98.84907,303.41955),14.30651]
	9621.30371	   0.03828	[mu,kappa]: [(119.29994,300.23874),9.88258]
	26439.79117	   0.10519	[mu,kappa]: [(99.49775,305.14105),18.22360]
	10648.52259	   0.04237	[mu,kappa]: [(38.21627,350.79485),3.76762]
	20505.15323	   0.08158	[mu,kappa]: [(68.67298,63.58180),5.63051]
	8311.59468	   0.03307	[mu,kappa]: [(152.03376,323.64096),9.19888]
	9670.58396	   0.03848	[mu,kappa]: [(140.07317,306.55265),11.72824]
	8108.36147	   0.03226	[mu,kappa]: [(43.69699,357.07753),2.85323]
	9218.02815	   0.03668	[mu,kappa]: [(40.70079,355.22671),3.22993]
	9128.58584	   0.03632	[mu,kappa]: [(143.48518,309.56449),11.08165]
	8784.45963	   0.03495	[mu,kappa]: [(150.54683,319.30895),10.17397]
	5233.21317	   0.02082	[mu,kappa]: [(116.59735,30.87113),1.96159]
	9703.75548	   0.03861	[mu,kappa]: [(149.99440,317.31101),11.21336]
			msglen: 1717589.37117 bits.
Iteration #: 19
	6705.06065	   0.02668	[mu,kappa]: [(153.79132,24.21744),6.53601]
	11906.40316	   0.04737	[mu,kappa]: [(35.71300,345.17029),4.86814]
	9972.39279	   0.03968	[mu,kappa]: [(118.51072,299.13951),11.71690]
	25174.36329	   0.10016	[mu,kappa]: [(37.95594,85.55495),95.70707]
	24079.81850	   0.09580	[mu,kappa]: [(97.75469,304.69662),16.12763]
	6106.38161	   0.02430	[mu,kappa]: [(151.03862,29.67727),5.76499]
	9745.95632	   0.03878	[mu,kappa]: [(118.63249,299.15556),11.55729]
	22312.70783	   0.08877	[mu,kappa]: [(98.10045,303.21215),14.14644]
	9489.07510	   0.03775	[mu,kappa]: [(119.35764,299.23634),11.46386]
	26870.14876	   0.10690	[mu,kappa]: [(99.30327,305.45412),18.81716]
	10454.36845	   0.04159	[mu,kappa]: [(37.36601,343.20000),4.56523]
	22157.83935	   0.08816	[mu,kappa]: [(71.83430,65.28612),6.70083]
	8144.25965	   0.03240	[mu,kappa]: [(153.05959,324.28348),10.85388]
	9777.82037	   0.03890	[mu,kappa]: [(140.11489,305.65547),13.93192]
	7488.47949	   0.02979	[mu,kappa]: [(41.35592,351.41949),3.34427]
	8724.98504	   0.03471	[mu,kappa]: [(38.97266,348.59919),3.83287]
	9127.55487	   0.03632	[mu,kappa]: [(143.66210,308.66418),13.14510]
	8702.35077	   0.03462	[mu,kappa]: [(151.26120,319.26805),11.95128]
	4664.45645	   0.01856	[mu,kappa]: [(116.51219,40.32272),2.44449]
	9741.57758	   0.03876	[mu,kappa]: [(150.50173,317.10365),13.06199]
			msglen: 1709056.46073 bits.
Iteration #: 20
	6797.48988	   0.02705	[mu,kappa]: [(152.78301,32.17306),8.21060]
	11702.97904	   0.04656	[mu,kappa]: [(35.54184,340.21917),5.68082]
	10034.00482	   0.03992	[mu,kappa]: [(118.69238,298.47060),13.25664]
	25328.05577	   0.10077	[mu,kappa]: [(37.80709,85.61437),96.85889]
	24253.73208	   0.09649	[mu,kappa]: [(97.33071,304.80593),16.08344]
	6160.10526	   0.02451	[mu,kappa]: [(149.62108,37.49850),7.37151]
	9790.92768	   0.03895	[mu,kappa]: [(118.79532,298.46637),13.10133]
	22506.05637	   0.08954	[mu,kappa]: [(97.45863,302.94040),13.87300]
	9525.82083	   0.03790	[mu,kappa]: [(119.50568,298.52938),13.05833]
	27112.77476	   0.10787	[mu,kappa]: [(99.27179,305.82346),19.54175]
	10217.55767	   0.04065	[mu,kappa]: [(37.13353,338.08939),5.40158]
	23351.24645	   0.09290	[mu,kappa]: [(73.01424,65.58110),7.51369]
	7957.01518	   0.03166	[mu,kappa]: [(153.70051,324.59367),12.40903]
	9922.36313	   0.03948	[mu,kappa]: [(139.81316,304.90710),15.77142]
	6872.36201	   0.02734	[mu,kappa]: [(39.55978,347.30677),3.90458]
	8218.56631	   0.03270	[mu,kappa]: [(37.81711,343.94873),4.49917]
	9136.89402	   0.03635	[mu,kappa]: [(143.48035,307.83692),14.86085]
	8575.14179	   0.03412	[mu,kappa]: [(151.64471,319.05240),13.49632]
	4193.72350	   0.01669	[mu,kappa]: [(115.96485,46.38060),3.13573]
	9689.18345	   0.03855	[mu,kappa]: [(150.73046,316.79773),14.56304]
			msglen: 1703591.56568 bits.
Iteration #: 21
	6881.93542	   0.02738	[mu,kappa]: [(152.05064,36.41031),9.86960]
	11414.08169	   0.04541	[mu,kappa]: [(35.60773,337.43234),6.31716]
	10163.04972	   0.04043	[mu,kappa]: [(118.90388,298.07242),14.58278]
	25628.33241	   0.10196	[mu,kappa]: [(37.66108,85.63697),95.72386]
	24313.21276	   0.09673	[mu,kappa]: [(96.90217,304.90218),15.97885]
	6230.89302	   0.02479	[mu,kappa]: [(148.53991,41.73144),8.93378]
	9906.99933	   0.03942	[mu,kappa]: [(118.99422,298.05129),14.43527]
	22643.94960	   0.09009	[mu,kappa]: [(96.76461,302.57573),13.49255]
	9639.94354	   0.03835	[mu,kappa]: [(119.68933,298.10670),14.44162]
	27264.34499	   0.10847	[mu,kappa]: [(99.28059,306.25924),20.46844]
	9945.14589	   0.03957	[mu,kappa]: [(37.25981,334.96266),6.09863]
	24170.09859	   0.09616	[mu,kappa]: [(73.09519,65.26463),7.94652]
	7817.93716	   0.03111	[mu,kappa]: [(154.18270,324.72880),13.86612]
	10064.76424	   0.04004	[mu,kappa]: [(139.45223,304.40344),17.10455]
	6357.34679	   0.02529	[mu,kappa]: [(38.10636,344.99092),4.44618]
	7771.01035	   0.03092	[mu,kappa]: [(36.99566,341.26485),5.10123]
	9153.62217	   0.03642	[mu,kappa]: [(143.23418,307.22460),16.11515]
	8470.49915	   0.03370	[mu,kappa]: [(151.93738,318.85585),14.79279]
	3882.93404	   0.01545	[mu,kappa]: [(114.87911,50.12165),4.00138]
	9625.89913	   0.03830	[mu,kappa]: [(150.91066,316.56716),15.72134]
			msglen: 1700446.54397 bits.
Iteration #: 22
	6879.57041	   0.02737	[mu,kappa]: [(151.81804,38.37233),11.24206]
	11083.08966	   0.04410	[mu,kappa]: [(35.75975,335.87575),6.76856]
	10303.45026	   0.04099	[mu,kappa]: [(119.10485,297.87020),15.64615]
	25918.57974	   0.10312	[mu,kappa]: [(37.52833,85.64127),93.66254]
	24292.04768	   0.09665	[mu,kappa]: [(96.44853,304.97633),15.81491]
	6222.88913	   0.02476	[mu,kappa]: [(147.94172,44.00261),10.12457]
	10037.75563	   0.03994	[mu,kappa]: [(119.18717,297.83470),15.50687]
	22777.47138	   0.09062	[mu,kappa]: [(95.98283,302.09216),13.02771]
	9772.32477	   0.03888	[mu,kappa]: [(119.86787,297.89063),15.55332]
	27387.40557	   0.10896	[mu,kappa]: [(99.31610,306.75244),21.70235]
	9662.38077	   0.03844	[mu,kappa]: [(37.59163,332.93548),6.63638]
	24782.86179	   0.09860	[mu,kappa]: [(72.75969,64.80231),8.09729]
	7767.98439	   0.03091	[mu,kappa]: [(154.62367,324.98998),15.13236]
	10177.22913	   0.04049	[mu,kappa]: [(139.11272,304.12275),17.94535]
	5955.00592	   0.02369	[mu,kappa]: [(36.83108,344.00983),4.93467]
	7396.31550	   0.02943	[mu,kappa]: [(36.33403,339.90067),5.60003]
	9166.21707	   0.03647	[mu,kappa]: [(143.01500,306.84254),16.90195]
	8421.68439	   0.03351	[mu,kappa]: [(152.24085,318.87062),15.77987]
	3750.12487	   0.01492	[mu,kappa]: [(113.69377,52.52511),4.97311]
	9591.61194	   0.03816	[mu,kappa]: [(151.12651,316.54798),16.51755]
			msglen: 1698527.03675 bits.
		6.75772 bpr
Null model msglen: 2203606.00100 bits.	(8.76722 bpr)
