Iteration #: 0
	6217.00000	   0.02473	[mu,kappa]: [(100.21779,327.28738),1.63362]
	6532.00000	   0.02599	[mu,kappa]: [(98.14065,329.15794),1.56462]
	6187.00000	   0.02462	[mu,kappa]: [(100.46851,327.09095),1.64399]
	6171.00000	   0.02455	[mu,kappa]: [(99.71198,327.16047),1.69379]
	6199.00000	   0.02466	[mu,kappa]: [(100.24968,327.40016),1.61204]
	6364.00000	   0.02532	[mu,kappa]: [(99.61872,326.63224),1.67165]
	6124.00000	   0.02436	[mu,kappa]: [(99.65988,328.12379),1.60379]
	6256.00000	   0.02489	[mu,kappa]: [(99.94043,328.71932),1.57179]
	6384.00000	   0.02540	[mu,kappa]: [(99.58694,327.77177),1.63540]
	6290.00000	   0.02503	[mu,kappa]: [(100.23204,328.24195),1.63159]
	6203.00000	   0.02468	[mu,kappa]: [(99.97020,327.79014),1.61766]
	6393.00000	   0.02544	[mu,kappa]: [(100.23641,327.52728),1.63491]
	6353.00000	   0.02528	[mu,kappa]: [(103.44322,326.60995),1.66688]
	6293.00000	   0.02504	[mu,kappa]: [(101.12443,328.87969),1.62374]
	6229.00000	   0.02478	[mu,kappa]: [(100.29295,328.18185),1.65821]
	6175.00000	   0.02457	[mu,kappa]: [(100.59507,329.05016),1.59661]
	6335.00000	   0.02520	[mu,kappa]: [(100.52949,328.29726),1.63126]
	6279.00000	   0.02498	[mu,kappa]: [(98.57838,328.34056),1.58767]
	6337.00000	   0.02521	[mu,kappa]: [(99.82175,327.72101),1.63274]
	6165.00000	   0.02453	[mu,kappa]: [(100.72201,326.49066),1.67998]
	6296.00000	   0.02505	[mu,kappa]: [(99.87774,328.70880),1.59356]
	6411.00000	   0.02551	[mu,kappa]: [(100.23076,327.67630),1.59176]
	6202.00000	   0.02468	[mu,kappa]: [(99.90483,327.08150),1.66254]
	6345.00000	   0.02524	[mu,kappa]: [(99.35491,328.60347),1.61096]
	6293.00000	   0.02504	[mu,kappa]: [(101.10990,328.09420),1.62612]
	6327.00000	   0.02517	[mu,kappa]: [(99.36428,325.41733),1.69852]
	6345.00000	   0.02524	[mu,kappa]: [(100.56450,327.74285),1.63848]
	6165.00000	   0.02453	[mu,kappa]: [(99.43504,328.14969),1.61487]
	6292.00000	   0.02503	[mu,kappa]: [(98.93874,328.93393),1.60652]
	6220.00000	   0.02475	[mu,kappa]: [(99.85224,328.11198),1.63851]
	6300.00000	   0.02507	[mu,kappa]: [(99.21537,328.49730),1.62332]
	6284.00000	   0.02500	[mu,kappa]: [(99.66738,327.63040),1.65860]
	6364.00000	   0.02532	[mu,kappa]: [(99.42373,328.77183),1.61335]
	6201.00000	   0.02467	[mu,kappa]: [(98.81125,327.42254),1.61884]
	6277.00000	   0.02497	[mu,kappa]: [(100.10168,329.32828),1.58925]
	6306.00000	   0.02509	[mu,kappa]: [(98.84616,328.59287),1.59724]
	6306.00000	   0.02509	[mu,kappa]: [(99.66629,327.74786),1.68800]
	6313.00000	   0.02512	[mu,kappa]: [(99.88776,328.89964),1.64302]
	6366.00000	   0.02533	[mu,kappa]: [(100.23887,327.61536),1.66426]
	6247.00000	   0.02485	[mu,kappa]: [(99.65373,328.36641),1.62559]
			msglen: 1693574.22052 bits.
Iteration #: 1
	6216.31506	   0.02473	[mu,kappa]: [(100.46795,327.24435),1.65296]
	6536.79713	   0.02601	[mu,kappa]: [(96.62691,330.92336),1.51326]
	6186.82781	   0.02461	[mu,kappa]: [(100.91536,326.81521),1.67278]
	6171.61680	   0.02455	[mu,kappa]: [(100.66398,326.07668),1.71629]
	6197.83959	   0.02466	[mu,kappa]: [(100.19908,327.77822),1.62694]
	6364.36109	   0.02532	[mu,kappa]: [(100.42933,326.11530),1.70218]
	6123.47197	   0.02436	[mu,kappa]: [(99.24752,328.70371),1.59411]
	6256.47528	   0.02489	[mu,kappa]: [(98.95383,329.84336),1.55170]
	6383.12751	   0.02540	[mu,kappa]: [(99.67403,327.76042),1.63496]
	6289.12113	   0.02502	[mu,kappa]: [(100.22425,328.05784),1.62941]
	6202.11243	   0.02468	[mu,kappa]: [(99.86652,328.04746),1.62061]
	6392.28997	   0.02543	[mu,kappa]: [(100.44698,327.40526),1.64927]
	6358.46409	   0.02530	[mu,kappa]: [(104.38934,325.35332),1.75642]
	6291.78802	   0.02503	[mu,kappa]: [(100.95295,328.52594),1.61917]
	6228.22886	   0.02478	[mu,kappa]: [(100.64087,327.44628),1.66086]
	6174.47563	   0.02457	[mu,kappa]: [(99.95509,329.39297),1.57919]
	6334.09331	   0.02520	[mu,kappa]: [(100.53586,328.03407),1.63205]
	6280.05892	   0.02499	[mu,kappa]: [(97.72821,329.54800),1.55837]
	6336.15990	   0.02521	[mu,kappa]: [(99.91417,327.71291),1.63654]
	6167.49857	   0.02454	[mu,kappa]: [(101.74104,325.58422),1.73232]
	6295.95928	   0.02505	[mu,kappa]: [(99.19479,329.36254),1.57376]
	6409.68630	   0.02550	[mu,kappa]: [(99.83849,328.44461),1.59858]
	6202.01879	   0.02468	[mu,kappa]: [(100.52889,326.57446),1.68560]
	6344.81211	   0.02524	[mu,kappa]: [(98.86895,329.03600),1.58725]
	6292.14705	   0.02503	[mu,kappa]: [(101.15591,327.83015),1.63926]
	6329.60674	   0.02518	[mu,kappa]: [(100.73012,324.74725),1.75857]
	6344.41271	   0.02524	[mu,kappa]: [(100.79959,327.42359),1.65310]
	6164.44504	   0.02453	[mu,kappa]: [(99.13621,328.54715),1.60229]
	6292.57362	   0.02504	[mu,kappa]: [(98.23634,329.53516),1.56997]
	6219.13587	   0.02474	[mu,kappa]: [(99.92296,327.90540),1.63444]
	6299.47922	   0.02506	[mu,kappa]: [(98.90546,328.71880),1.60065]
	6283.34669	   0.02500	[mu,kappa]: [(100.08868,327.15042),1.66487]
	6363.77412	   0.02532	[mu,kappa]: [(98.93328,329.10854),1.58704]
	6200.08387	   0.02467	[mu,kappa]: [(98.68009,328.03189),1.61376]
	6277.38148	   0.02498	[mu,kappa]: [(99.21780,329.93065),1.55911]
	6306.73760	   0.02509	[mu,kappa]: [(98.09894,329.47279),1.56644]
	6305.48023	   0.02509	[mu,kappa]: [(100.40948,326.66506),1.69486]
	6311.68169	   0.02511	[mu,kappa]: [(99.81770,328.45990),1.62197]
	6365.85969	   0.02533	[mu,kappa]: [(100.78925,326.88118),1.68008]
	6246.25480	   0.02485	[mu,kappa]: [(99.46740,328.44017),1.61202]
			msglen: 1958502.72073 bits.
Iteration #: 2
	6213.47970	   0.02472	[mu,kappa]: [(100.99988,326.74748),1.68015]
	6554.71168	   0.02608	[mu,kappa]: [(93.34518,334.33081),1.41727]
	6185.87457	   0.02461	[mu,kappa]: [(101.80690,325.91862),1.71987]
	6174.63936	   0.02457	[mu,kappa]: [(102.16710,324.60558),1.78554]
	6194.08448	   0.02464	[mu,kappa]: [(100.25574,327.77408),1.63500]
	6365.67042	   0.02533	[mu,kappa]: [(101.76311,324.94423),1.76386]
	6121.07864	   0.02435	[mu,kappa]: [(98.49932,329.51142),1.56685]
	6258.75821	   0.02490	[mu,kappa]: [(97.19036,331.58010),1.49757]
	6379.24566	   0.02538	[mu,kappa]: [(99.78067,327.72829),1.63672]
	6285.30205	   0.02501	[mu,kappa]: [(100.24610,327.94449),1.63181]
	6198.37271	   0.02466	[mu,kappa]: [(99.73673,328.21425),1.61742]
	6389.10591	   0.02542	[mu,kappa]: [(100.89545,326.95404),1.67197]
	6381.17745	   0.02539	[mu,kappa]: [(106.40117,322.69907),1.91845]
	6287.76935	   0.02502	[mu,kappa]: [(100.80324,328.36127),1.62047]
	6225.63137	   0.02477	[mu,kappa]: [(101.23591,326.70801),1.68699]
	6172.53933	   0.02456	[mu,kappa]: [(98.90241,330.24422),1.54627]
	6330.29720	   0.02519	[mu,kappa]: [(100.62955,327.79092),1.63970]
	6283.92651	   0.02500	[mu,kappa]: [(95.92806,331.54053),1.49538]
	6332.37443	   0.02519	[mu,kappa]: [(100.07916,327.59461),1.64296]
	6176.35765	   0.02457	[mu,kappa]: [(103.53016,323.73915),1.83578]
	6295.38554	   0.02505	[mu,kappa]: [(97.95377,330.56072),1.53184]
	6406.25304	   0.02549	[mu,kappa]: [(99.30530,329.02824),1.58490]
	6201.59725	   0.02467	[mu,kappa]: [(101.59147,325.57780),1.73460]
	6343.49215	   0.02524	[mu,kappa]: [(97.86813,330.06252),1.54802]
	6288.81422	   0.02502	[mu,kappa]: [(101.44411,327.32537),1.66134]
	6341.21288	   0.02523	[mu,kappa]: [(102.89780,322.90461),1.87312]
	6341.63307	   0.02523	[mu,kappa]: [(101.31964,326.80669),1.68111]
	6161.70446	   0.02451	[mu,kappa]: [(98.52971,329.22857),1.57718]
	6294.33174	   0.02504	[mu,kappa]: [(96.71618,331.09403),1.51286]
	6215.38555	   0.02473	[mu,kappa]: [(100.01433,327.79258),1.63643]
	6297.10978	   0.02505	[mu,kappa]: [(98.19276,329.47771),1.56881]
	6280.62467	   0.02499	[mu,kappa]: [(100.75191,326.52929),1.69016]
	6362.47037	   0.02531	[mu,kappa]: [(97.91827,330.11187),1.54713]
	6196.84448	   0.02465	[mu,kappa]: [(98.30900,328.67230),1.59410]
	6278.71003	   0.02498	[mu,kappa]: [(97.58773,331.40325),1.50620]
	6308.93149	   0.02510	[mu,kappa]: [(96.51953,331.16364),1.50901]
	6305.24925	   0.02509	[mu,kappa]: [(101.54794,325.49955),1.74138]
	6307.93834	   0.02510	[mu,kappa]: [(99.59273,328.54152),1.60911]
	6365.02177	   0.02532	[mu,kappa]: [(101.74179,325.85783),1.72486]
	6242.89322	   0.02484	[mu,kappa]: [(99.06948,328.83349),1.59415]
			msglen: 1957883.13630 bits.
Iteration #: 3
	6202.90444	   0.02468	[mu,kappa]: [(102.03072,325.68055),1.73408]
	6622.46507	   0.02635	[mu,kappa]: [(85.77271,341.91971),1.27446]
	6182.48072	   0.02460	[mu,kappa]: [(103.44656,324.16453),1.81548]
	6186.55586	   0.02461	[mu,kappa]: [(104.62269,322.07918),1.93999]
	6179.94935	   0.02459	[mu,kappa]: [(100.46518,327.55749),1.64743]
	6371.22532	   0.02535	[mu,kappa]: [(103.98179,322.73362),1.89550]
	6111.65372	   0.02432	[mu,kappa]: [(97.04617,331.02036),1.51604]
	6267.06936	   0.02493	[mu,kappa]: [(93.60217,335.12061),1.40042]
	6364.56601	   0.02532	[mu,kappa]: [(99.97349,327.60588),1.64355]
	6270.85373	   0.02495	[mu,kappa]: [(100.37312,327.76414),1.63995]
	6184.11833	   0.02460	[mu,kappa]: [(99.55289,328.42053),1.61116]
	6377.21122	   0.02537	[mu,kappa]: [(101.78468,326.01926),1.71797]
	6466.79251	   0.02573	[mu,kappa]: [(109.64992,318.43934),2.26499]
	6273.12370	   0.02496	[mu,kappa]: [(100.74072,328.20257),1.62609]
	6215.99013	   0.02473	[mu,kappa]: [(102.36326,325.46880),1.74681]
	6165.25132	   0.02453	[mu,kappa]: [(96.97687,332.04679),1.48653]
	6316.07453	   0.02513	[mu,kappa]: [(100.92902,327.38211),1.65770]
	6298.06216	   0.02506	[mu,kappa]: [(91.97499,335.61249),1.38776]
	6318.06146	   0.02514	[mu,kappa]: [(100.41324,327.29415),1.65779]
	6209.71848	   0.02471	[mu,kappa]: [(106.43718,320.53254),2.05753]
	6292.82057	   0.02504	[mu,kappa]: [(95.49910,332.99855),1.45646]
	6393.25975	   0.02544	[mu,kappa]: [(98.39485,329.94238),1.55402]
	6200.30334	   0.02467	[mu,kappa]: [(103.43131,323.70458),1.83887]
	6338.03058	   0.02522	[mu,kappa]: [(95.82405,332.16739),1.47989]
	6276.66426	   0.02497	[mu,kappa]: [(102.16787,326.38929),1.70521]
	6386.13388	   0.02541	[mu,kappa]: [(106.19830,319.58367),2.12200]
	6331.32482	   0.02519	[mu,kappa]: [(102.36674,325.63641),1.73881]
	6150.98656	   0.02447	[mu,kappa]: [(97.32220,330.52113),1.53230]
	6300.40363	   0.02507	[mu,kappa]: [(93.45622,334.41966),1.41730]
	6201.14475	   0.02467	[mu,kappa]: [(100.21254,327.60416),1.64511]
	6287.78281	   0.02502	[mu,kappa]: [(96.72293,331.03952),1.51495]
	6270.56922	   0.02495	[mu,kappa]: [(101.92375,325.38156),1.74725]
	6357.07893	   0.02529	[mu,kappa]: [(95.85391,332.21822),1.47868]
	6184.59568	   0.02461	[mu,kappa]: [(97.47486,329.71876),1.55795]
	6283.47808	   0.02500	[mu,kappa]: [(94.31601,334.58028),1.41468]
	6316.66229	   0.02513	[mu,kappa]: [(93.11583,334.65887),1.41091]
	6304.89001	   0.02508	[mu,kappa]: [(103.46576,323.54085),1.84863]
	6293.72541	   0.02504	[mu,kappa]: [(99.19348,328.91168),1.59325]
	6362.09779	   0.02531	[mu,kappa]: [(103.44051,324.04552),1.82214]
	6229.92021	   0.02479	[mu,kappa]: [(98.30948,329.63494),1.56448]
			msglen: 1955593.57645 bits.
Iteration #: 4
	6165.84291	   0.02453	[mu,kappa]: [(103.95803,323.63412),1.85231]
	6874.61496	   0.02735	[mu,kappa]: [(68.85186,0.16877),1.19178]
	6172.86665	   0.02456	[mu,kappa]: [(106.23221,321.07473),2.02473]
	6234.09032	   0.02480	[mu,kappa]: [(108.29175,317.99734),2.28836]
	6128.29483	   0.02438	[mu,kappa]: [(101.04614,326.97475),1.67879]
	6395.47073	   0.02544	[mu,kappa]: [(107.41177,319.00799),2.18944]
	6074.72104	   0.02417	[mu,kappa]: [(94.20278,333.95525),1.43370]
	6294.37050	   0.02504	[mu,kappa]: [(85.76703,342.89536),1.26352]
	6310.78496	   0.02511	[mu,kappa]: [(100.45275,327.20999),1.66619]
	6217.93229	   0.02474	[mu,kappa]: [(100.80973,327.31144),1.66437]
	6131.26260	   0.02439	[mu,kappa]: [(99.37942,328.65235),1.60700]
	6335.12824	   0.02520	[mu,kappa]: [(103.49809,324.20296),1.81960]
	6778.82281	   0.02697	[mu,kappa]: [(113.65018,312.81055),3.07379]
	6219.70580	   0.02475	[mu,kappa]: [(100.94041,327.85871),1.64442]
	6182.56922	   0.02460	[mu,kappa]: [(104.44154,323.20866),1.87953]
	6136.10377	   0.02441	[mu,kappa]: [(93.22970,335.74480),1.39035]
	6264.43737	   0.02492	[mu,kappa]: [(101.70361,326.52629),1.70139]
	6346.90842	   0.02525	[mu,kappa]: [(83.00988,344.65871),1.24583]
	6265.91291	   0.02493	[mu,kappa]: [(101.16947,326.57508),1.69583]
	6335.10431	   0.02520	[mu,kappa]: [(110.46407,315.71323),2.56269]
	6280.31530	   0.02499	[mu,kappa]: [(90.39339,338.10432),1.33983]
	6344.00834	   0.02524	[mu,kappa]: [(96.80384,331.58428),1.50332]
	6198.68629	   0.02466	[mu,kappa]: [(106.43874,320.44466),2.06967]
	6315.03167	   0.02512	[mu,kappa]: [(91.59242,336.47755),1.37312]
	6233.71447	   0.02480	[mu,kappa]: [(103.69928,324.62354),1.80091]
	6554.49643	   0.02608	[mu,kappa]: [(110.52113,314.65376),2.69770]
	6295.45087	   0.02505	[mu,kappa]: [(104.34625,323.46006),1.86511]
	6109.54345	   0.02431	[mu,kappa]: [(94.98342,332.98365),1.46007]
	6319.34805	   0.02514	[mu,kappa]: [(86.24869,341.66642),1.28158]
	6148.98385	   0.02446	[mu,kappa]: [(100.73324,327.11885),1.67142]
	6251.11351	   0.02487	[mu,kappa]: [(93.77545,334.11478),1.42924]
	6235.65415	   0.02481	[mu,kappa]: [(104.01969,323.22111),1.87483]
	6334.32253	   0.02520	[mu,kappa]: [(91.58847,336.55010),1.37160]
	6138.07712	   0.02442	[mu,kappa]: [(95.83527,331.57897),1.50071]
	6297.79787	   0.02506	[mu,kappa]: [(87.28899,341.52681),1.28204]
	6341.73077	   0.02523	[mu,kappa]: [(85.53845,342.28735),1.27328]
	6306.91076	   0.02509	[mu,kappa]: [(106.55646,320.19930),2.08865]
	6240.67507	   0.02483	[mu,kappa]: [(98.60109,329.55224),1.57303]
	6354.39113	   0.02528	[mu,kappa]: [(106.28940,320.90121),2.03709]
	6180.80373	   0.02459	[mu,kappa]: [(96.95382,331.09050),1.51843]
			msglen: 1947533.79699 bits.
Iteration #: 5
	6051.06481	   0.02407	[mu,kappa]: [(107.22971,320.06436),2.12729]
	7764.26967	   0.03089	[mu,kappa]: [(49.20496,35.15437),1.65590]
	6158.17809	   0.02450	[mu,kappa]: [(110.23305,316.36858),2.50740]
	6418.48809	   0.02554	[mu,kappa]: [(112.64774,312.59606),3.11011]
	5954.27996	   0.02369	[mu,kappa]: [(102.56009,325.52331),1.76770]
	6500.51456	   0.02586	[mu,kappa]: [(111.74503,313.80647),2.87712]
	5934.60048	   0.02361	[mu,kappa]: [(88.92236,339.45669),1.32916]
	6366.58281	   0.02533	[mu,kappa]: [(69.90723,0.05515),1.19670]
	6128.57787	   0.02438	[mu,kappa]: [(101.76322,326.05484),1.73872]
	6038.77220	   0.02403	[mu,kappa]: [(102.10378,326.09068),1.73955]
	5948.45744	   0.02367	[mu,kappa]: [(99.62318,328.60204),1.62633]
	6201.97999	   0.02468	[mu,kappa]: [(106.53679,320.93196),2.05791]
	7828.65420	   0.03115	[mu,kappa]: [(116.87949,307.42617),5.04174]
	6038.16384	   0.02402	[mu,kappa]: [(101.92692,326.86187),1.70619]
	6081.50529	   0.02420	[mu,kappa]: [(107.86869,319.39107),2.18708]
	6020.25827	   0.02395	[mu,kappa]: [(86.02403,343.06774),1.27404]
	6092.13682	   0.02424	[mu,kappa]: [(103.53372,324.66354),1.81551]
	6494.05927	   0.02584	[mu,kappa]: [(65.34674,4.80788),1.22145]
	6091.20110	   0.02423	[mu,kappa]: [(102.92350,324.89822),1.79930]
	6780.81362	   0.02698	[mu,kappa]: [(114.58129,310.09852),3.77766]
	6217.91980	   0.02474	[mu,kappa]: [(79.99923,348.76267),1.22076]
	6166.31087	   0.02453	[mu,kappa]: [(94.32313,334.28660),1.44063]
	6212.54693	   0.02472	[mu,kappa]: [(110.58477,315.58994),2.60464]
	6218.18557	   0.02474	[mu,kappa]: [(83.10789,345.19275),1.25189]
	6096.87119	   0.02426	[mu,kappa]: [(106.55659,321.44385),2.02476]
	7144.59062	   0.02843	[mu,kappa]: [(114.64945,309.14551),4.09926]
	6185.70368	   0.02461	[mu,kappa]: [(107.67886,319.74097),2.15752]
	5955.58752	   0.02369	[mu,kappa]: [(90.80204,337.42271),1.36749]
	6362.84333	   0.02532	[mu,kappa]: [(71.43559,357.55354),1.19850]
	5972.66629	   0.02376	[mu,kappa]: [(102.13111,325.83009),1.75102]
	6111.08441	   0.02431	[mu,kappa]: [(88.20733,339.92852),1.32148]
	6129.29278	   0.02439	[mu,kappa]: [(107.45504,319.50840),2.17202]
	6238.19048	   0.02482	[mu,kappa]: [(83.03809,345.32472),1.25038]
	5969.31535	   0.02375	[mu,kappa]: [(93.08079,334.67576),1.42940]
	6325.49802	   0.02517	[mu,kappa]: [(72.91258,356.70566),1.19281]
	6406.21612	   0.02549	[mu,kappa]: [(70.05246,359.09037),1.20071]
	6334.01171	   0.02520	[mu,kappa]: [(110.75057,315.28236),2.64645]
	6054.88679	   0.02409	[mu,kappa]: [(98.08487,330.28279),1.56300]
	6347.12375	   0.02525	[mu,kappa]: [(110.33285,316.14983),2.53393]
	6004.59640	   0.02389	[mu,kappa]: [(94.90282,333.40469),1.46396]
			msglen: 1923325.53269 bits.
Iteration #: 6
	5786.81438	   0.02302	[mu,kappa]: [(111.53145,315.18886),2.74723]
	10470.43644	   0.04166	[mu,kappa]: [(43.90427,62.50370),3.46545]
	6190.55443	   0.02463	[mu,kappa]: [(114.32922,311.09279),3.57917]
	7003.54732	   0.02786	[mu,kappa]: [(115.98912,307.70486),4.91463]
	5490.44092	   0.02184	[mu,kappa]: [(105.78311,322.57095),2.00262]
	6871.94283	   0.02734	[mu,kappa]: [(115.42439,308.71820),4.40001]
	5491.89134	   0.02185	[mu,kappa]: [(81.16091,348.18449),1.26185]
	6476.57326	   0.02577	[mu,kappa]: [(52.80323,28.02901),1.53363]
	5638.39509	   0.02243	[mu,kappa]: [(104.76724,323.44856),1.94217]
	5557.41125	   0.02211	[mu,kappa]: [(105.11080,323.41666),1.94736]
	5440.82654	   0.02165	[mu,kappa]: [(101.38017,327.47188),1.72740]
	5882.79605	   0.02341	[mu,kappa]: [(110.78119,316.25118),2.59989]
	10565.26839	   0.04203	[mu,kappa]: [(117.95663,304.35581),8.46290]
	5546.56957	   0.02207	[mu,kappa]: [(104.63774,324.48353),1.88670]
	5859.62882	   0.02331	[mu,kappa]: [(112.17421,314.37636),2.87659]
	5632.81516	   0.02241	[mu,kappa]: [(74.97088,355.45861),1.22715]
	5639.64245	   0.02244	[mu,kappa]: [(107.04901,321.25636),2.10036]
	6819.06474	   0.02713	[mu,kappa]: [(49.54118,35.33805),1.71800]
	5629.54626	   0.02240	[mu,kappa]: [(106.36117,321.68476),2.06379]
	8050.57517	   0.03203	[mu,kappa]: [(116.99629,305.88241),6.30207]
	5962.12282	   0.02372	[mu,kappa]: [(64.66984,7.53667),1.26527]
	5640.94479	   0.02244	[mu,kappa]: [(91.78404,337.65969),1.40499]
	6326.84214	   0.02517	[mu,kappa]: [(114.60493,310.34525),3.79317]
	5874.29208	   0.02337	[mu,kappa]: [(70.04075,0.32320),1.23509]
	5764.26196	   0.02293	[mu,kappa]: [(110.71129,316.82669),2.53474]
	8787.76814	   0.03496	[mu,kappa]: [(116.79258,305.29042),6.91752]
	5938.88531	   0.02363	[mu,kappa]: [(111.96834,314.77571),2.81406]
	5482.14434	   0.02181	[mu,kappa]: [(85.06585,344.04998),1.30206]
	6392.25747	   0.02543	[mu,kappa]: [(54.20760,24.23217),1.47019]
	5500.19504	   0.02188	[mu,kappa]: [(105.23275,323.06777),1.96802]
	5664.91304	   0.02254	[mu,kappa]: [(79.88838,349.27453),1.25535]
	5892.06219	   0.02344	[mu,kappa]: [(111.80009,314.55683),2.84057]
	5895.75435	   0.02346	[mu,kappa]: [(69.88367,0.57133),1.23524]
	5466.30354	   0.02175	[mu,kappa]: [(89.92714,338.72925),1.38369]
	6311.04261	   0.02511	[mu,kappa]: [(55.55247,22.43250),1.43091]
	6494.14623	   0.02584	[mu,kappa]: [(52.97094,26.79995),1.51827]
	6487.15415	   0.02581	[mu,kappa]: [(114.72886,310.05496),3.88582]
	5529.06765	   0.02200	[mu,kappa]: [(98.77834,330.32542),1.61098]
	6403.03444	   0.02547	[mu,kappa]: [(114.40990,310.87936),3.63743]
	5488.06730	   0.02183	[mu,kappa]: [(93.08205,336.07455),1.44007]
			msglen: 1874965.70634 bits.
Iteration #: 7
	5473.43347	   0.02178	[mu,kappa]: [(115.23249,311.05580),3.75251]
	16477.21635	   0.06555	[mu,kappa]: [(42.91865,72.49808),7.72388]
	6391.75468	   0.02543	[mu,kappa]: [(116.83604,307.53430),5.16186]
	8065.53665	   0.03209	[mu,kappa]: [(117.11749,305.15573),7.17398]
	4775.74810	   0.01900	[mu,kappa]: [(110.35014,318.87408),2.44913]
	7619.00482	   0.03031	[mu,kappa]: [(117.01748,305.80872),6.43781]
	4630.04296	   0.01842	[mu,kappa]: [(75.84355,356.58368),1.30202]
	6436.38682	   0.02561	[mu,kappa]: [(47.07588,47.95932),2.37733]
	4872.24888	   0.01939	[mu,kappa]: [(109.31771,319.94122),2.34258]
	4806.65500	   0.01912	[mu,kappa]: [(109.66728,319.87413),2.35362]
	4609.25011	   0.01834	[mu,kappa]: [(105.52280,324.99688),1.97530]
	5472.06037	   0.02177	[mu,kappa]: [(114.70701,312.06970),3.49486]
	14378.11879	   0.05720	[mu,kappa]: [(117.30819,303.39685),11.50866]
	4770.63144	   0.01898	[mu,kappa]: [(109.15876,321.12671),2.25169]
	5623.76185	   0.02237	[mu,kappa]: [(115.67434,310.30501),3.97776]
	4828.71422	   0.01921	[mu,kappa]: [(66.81920,8.03888),1.33691]
	4958.33125	   0.01973	[mu,kappa]: [(111.58352,317.34203),2.62034]
	7170.32436	   0.02853	[mu,kappa]: [(45.45633,54.19932),2.84888]
	4927.65755	   0.01961	[mu,kappa]: [(110.91571,317.85671),2.55446]
	10057.56286	   0.04001	[mu,kappa]: [(117.19552,304.11918),8.98246]
	5328.94715	   0.02120	[mu,kappa]: [(55.33501,25.60215),1.58428]
	4701.00459	   0.01870	[mu,kappa]: [(92.32000,339.65405),1.45541]
	6663.20366	   0.02651	[mu,kappa]: [(116.85312,306.96359),5.50721]
	5116.71246	   0.02036	[mu,kappa]: [(60.84981,15.62487),1.42299]
	5325.05500	   0.02119	[mu,kappa]: [(114.72340,312.62167),3.38231]
	11298.08711	   0.04495	[mu,kappa]: [(116.68890,303.81184),9.77039]
	5660.96076	   0.02252	[mu,kappa]: [(115.56136,310.66826),3.86942]
	4590.48792	   0.01826	[mu,kappa]: [(81.95206,349.89845),1.32682]
	6212.03962	   0.02472	[mu,kappa]: [(47.76837,44.53975),2.20319]
	4766.24931	   0.01896	[mu,kappa]: [(109.79477,319.47295),2.38825]
	4787.48597	   0.01905	[mu,kappa]: [(73.98569,358.41108),1.30384]
	5629.89810	   0.02240	[mu,kappa]: [(115.36476,310.47477),3.91459]
	5139.19108	   0.02045	[mu,kappa]: [(60.66580,15.97478),1.42688]
	4556.30539	   0.01813	[mu,kappa]: [(89.70501,341.48218),1.42276]
	6056.80976	   0.02410	[mu,kappa]: [(48.59626,42.66063),2.10305]
	6414.23149	   0.02552	[mu,kappa]: [(47.10060,46.95051),2.33108]
	6889.04086	   0.02741	[mu,kappa]: [(116.86949,306.74830),5.65405]
	4643.71588	   0.01848	[mu,kappa]: [(102.27254,328.85692),1.78005]
	6647.52553	   0.02645	[mu,kappa]: [(116.84470,307.36889),5.25667]
	4574.60784	   0.01820	[mu,kappa]: [(94.34206,337.27299),1.50610]
			msglen: 1826294.19910 bits.
Iteration #: 8
	5344.37105	   0.02126	[mu,kappa]: [(117.57306,309.07565),4.49267]
	24019.25519	   0.09556	[mu,kappa]: [(41.78223,77.09391),14.03698]
	6624.56949	   0.02636	[mu,kappa]: [(117.82341,306.07035),6.16863]
	8834.66821	   0.03515	[mu,kappa]: [(116.77186,304.29610),8.45033]
	4305.59282	   0.01713	[mu,kappa]: [(114.49198,316.68595),2.85739]
	8201.12284	   0.03263	[mu,kappa]: [(117.06237,304.74934),7.62996]
	3834.19916	   0.01526	[mu,kappa]: [(77.79134,359.18043),1.40512]
	5996.57878	   0.02386	[mu,kappa]: [(46.87788,52.54342),3.16060]
	4357.18701	   0.01734	[mu,kappa]: [(113.57879,317.77478),2.72096]
	4303.99836	   0.01712	[mu,kappa]: [(113.96732,317.71918),2.73551]
	4011.12612	   0.01596	[mu,kappa]: [(110.35441,323.14034),2.25015]
	5270.69042	   0.02097	[mu,kappa]: [(117.36089,310.00459),4.17491]
	16823.05740	   0.06693	[mu,kappa]: [(115.75105,303.28916),13.18220]
	4242.65120	   0.01688	[mu,kappa]: [(113.69757,319.04419),2.60594]
	5553.34405	   0.02209	[mu,kappa]: [(117.77506,308.40755),4.76702]
	4019.57473	   0.01599	[mu,kappa]: [(67.36091,12.15777),1.48596]
	4525.43087	   0.01801	[mu,kappa]: [(115.48947,315.13442),3.07562]
	7030.74048	   0.02797	[mu,kappa]: [(45.26860,58.40354),3.95376]
	4474.60528	   0.01780	[mu,kappa]: [(114.86370,315.63984),2.99153]
	11392.65849	   0.04532	[mu,kappa]: [(116.16024,303.64682),10.43926]
	4550.97905	   0.01811	[mu,kappa]: [(54.97898,30.87701),1.89115]
	3932.25425	   0.01565	[mu,kappa]: [(96.90337,339.57880),1.58062]
	6984.50092	   0.02779	[mu,kappa]: [(117.53655,305.61427),6.57109]
	4295.53157	   0.01709	[mu,kappa]: [(60.72973,20.44527),1.63013]
	5099.94443	   0.02029	[mu,kappa]: [(117.58717,310.53746),4.03385]
	12971.19212	   0.05160	[mu,kappa]: [(115.33887,303.47522),11.37376]
	5561.28912	   0.02213	[mu,kappa]: [(117.79663,308.73459),4.63460]
	3804.73341	   0.01514	[mu,kappa]: [(84.97784,351.44208),1.42354]
	5675.71401	   0.02258	[mu,kappa]: [(47.54933,49.35621),2.87545]
	4277.43991	   0.01702	[mu,kappa]: [(114.00915,317.29659),2.77950]
	3965.67831	   0.01578	[mu,kappa]: [(75.59637,1.27828),1.41225]
	5540.34868	   0.02204	[mu,kappa]: [(117.48618,308.54526),4.69240]
	4316.31692	   0.01717	[mu,kappa]: [(60.53444,20.81984),1.63672]
	3799.44944	   0.01512	[mu,kappa]: [(93.88960,341.66908),1.53803]
	5474.21717	   0.02178	[mu,kappa]: [(48.35464,47.56469),2.71478]
	5944.07748	   0.02365	[mu,kappa]: [(46.90370,51.62012),3.08383]
	7254.22308	   0.02886	[mu,kappa]: [(117.43615,305.44685),6.74065]
	3981.02529	   0.01584	[mu,kappa]: [(107.29835,327.36162),1.99867]
	6911.71360	   0.02750	[mu,kappa]: [(117.74602,305.93669),6.27946]
	3839.94931	   0.01528	[mu,kappa]: [(99.08564,336.83981),1.64495]
			msglen: 1801850.76744 bits.
Iteration #: 9
	5307.96038	   0.02112	[mu,kappa]: [(119.44497,308.46084),4.72845]
	28819.73102	   0.11465	[mu,kappa]: [(40.66656,80.46682),22.59709]
	6695.62606	   0.02664	[mu,kappa]: [(118.30863,305.54392),6.47903]
	9085.95632	   0.03615	[mu,kappa]: [(115.75222,303.98777),8.91768]
	4153.83805	   0.01653	[mu,kappa]: [(117.94735,316.32788),2.99749]
	8384.17002	   0.03336	[mu,kappa]: [(116.45710,304.35147),8.03594]
	3495.41606	   0.01391	[mu,kappa]: [(81.17148,359.26666),1.48613]
	5494.35619	   0.02186	[mu,kappa]: [(48.40296,49.96005),3.46872]
	4187.51653	   0.01666	[mu,kappa]: [(117.03865,317.42960),2.85222]
	4140.36493	   0.01647	[mu,kappa]: [(117.55373,317.41839),2.86829]
	3806.49480	   0.01515	[mu,kappa]: [(114.26709,323.08321),2.35421]
	5211.94531	   0.02074	[mu,kappa]: [(119.54178,309.39999),4.39374]
	17823.41318	   0.07091	[mu,kappa]: [(113.59266,303.42220),14.15420]
	4071.29368	   0.01620	[mu,kappa]: [(117.59306,318.87915),2.73210]
	5535.32777	   0.02202	[mu,kappa]: [(119.42729,307.80138),5.01587]
	3644.96927	   0.01450	[mu,kappa]: [(70.47122,11.68759),1.58445]
	4389.21809	   0.01746	[mu,kappa]: [(118.81573,314.72654),3.22956]
	6518.18084	   0.02593	[mu,kappa]: [(46.46148,56.20261),4.37118]
	4328.88277	   0.01722	[mu,kappa]: [(118.12071,315.20882),3.13960]
	11878.33901	   0.04726	[mu,kappa]: [(114.44572,303.54746),11.09845]
	4115.71269	   0.01638	[mu,kappa]: [(57.32272,29.02588),2.04320]
	3640.68796	   0.01449	[mu,kappa]: [(100.97991,340.05135),1.65418]
	7082.12045	   0.02818	[mu,kappa]: [(117.64922,305.11305),6.90744]
	3886.57420	   0.01546	[mu,kappa]: [(63.37343,19.25357),1.75024]
	5036.45773	   0.02004	[mu,kappa]: [(120.06840,309.98364),4.24420]
	13658.83459	   0.05434	[mu,kappa]: [(113.24481,303.47209),12.24629]
	5535.06283	   0.02202	[mu,kappa]: [(119.60428,308.13445),4.87647]
	3484.90454	   0.01387	[mu,kappa]: [(88.56882,351.74804),1.49830]
	5180.20317	   0.02061	[mu,kappa]: [(49.15720,46.68653),3.14770]
	4117.91170	   0.01638	[mu,kappa]: [(117.47842,316.94924),2.91456]
	3610.85268	   0.01437	[mu,kappa]: [(78.83193,1.21871),1.49647]
	5514.76508	   0.02194	[mu,kappa]: [(119.09051,307.91322),4.94000]
	3905.17695	   0.01554	[mu,kappa]: [(63.17707,19.61305),1.75759]
	3507.00325	   0.01395	[mu,kappa]: [(97.59882,341.98298),1.61144]
	4986.12895	   0.01984	[mu,kappa]: [(50.09523,44.95907),2.96648]
	5440.35391	   0.02165	[mu,kappa]: [(48.41779,48.97563),3.38239]
	7365.54845	   0.02930	[mu,kappa]: [(117.41072,304.95944),7.08817]
	3747.63895	   0.01491	[mu,kappa]: [(111.36746,327.49630),2.08948]
	6992.03006	   0.02782	[mu,kappa]: [(118.12569,305.41637),6.59664]
	3565.03156	   0.01418	[mu,kappa]: [(103.10271,337.22043),1.72043]
			msglen: 1789324.62822 bits.
Iteration #: 10
	5268.64113	   0.02096	[mu,kappa]: [(121.64822,308.37330),4.78099]
	30353.89952	   0.12076	[mu,kappa]: [(39.75697,82.68511),33.84069]
	6656.02673	   0.02648	[mu,kappa]: [(118.86108,305.26891),6.54531]
	9107.78735	   0.03624	[mu,kappa]: [(114.39597,303.77515),9.15685]
	4101.52943	   0.01632	[mu,kappa]: [(121.55212,316.92316),3.01586]
	8369.39153	   0.03330	[mu,kappa]: [(115.59821,304.08051),8.19302]
	3412.89056	   0.01358	[mu,kappa]: [(81.62801,359.55313),1.51656]
	5300.86252	   0.02109	[mu,kappa]: [(50.13447,46.67743),3.52413]
	4127.90759	   0.01642	[mu,kappa]: [(120.48339,318.03497),2.86338]
	4085.73859	   0.01626	[mu,kappa]: [(121.23419,318.10824),2.88327]
	3741.91436	   0.01489	[mu,kappa]: [(117.77801,324.08168),2.35321]
	5171.29408	   0.02057	[mu,kappa]: [(122.08676,309.39706),4.44326]
	18443.09057	   0.07337	[mu,kappa]: [(111.09492,303.62440),15.19874]
	4019.69169	   0.01599	[mu,kappa]: [(121.63095,319.80123),2.74796]
	5497.22509	   0.02187	[mu,kappa]: [(121.39849,307.66994),5.07069]
	3558.47498	   0.01416	[mu,kappa]: [(70.92436,11.25063),1.63622]
	4341.84784	   0.01728	[mu,kappa]: [(122.43885,315.23459),3.25717]
	6207.73768	   0.02470	[mu,kappa]: [(48.52270,52.83204),4.35816]
	4275.25546	   0.01701	[mu,kappa]: [(121.53790,315.67446),3.16023]
	12066.05536	   0.04800	[mu,kappa]: [(112.32539,303.51946),11.63205]
	4015.91854	   0.01598	[mu,kappa]: [(57.92341,26.91522),2.12613]
	3560.60461	   0.01417	[mu,kappa]: [(103.15116,341.36274),1.65091]
	7044.01166	   0.02802	[mu,kappa]: [(117.70233,304.81519),6.99197]
	3794.69001	   0.01510	[mu,kappa]: [(63.62933,17.83988),1.82118]
	5003.26458	   0.01991	[mu,kappa]: [(123.03152,310.09982),4.29698]
	14066.93784	   0.05596	[mu,kappa]: [(110.71418,303.56115),13.10776]
	5497.85806	   0.02187	[mu,kappa]: [(121.77213,308.04208),4.93119]
	3403.34881	   0.01354	[mu,kappa]: [(89.38397,352.45213),1.51432]
	5016.61568	   0.01996	[mu,kappa]: [(50.59290,43.39630),3.21988]
	4062.47141	   0.01616	[mu,kappa]: [(121.01335,317.55760),2.92897]
	3525.49798	   0.01403	[mu,kappa]: [(79.09568,1.25785),1.53265]
	5471.70274	   0.02177	[mu,kappa]: [(120.94497,307.75330),4.99320]
	3812.77060	   0.01517	[mu,kappa]: [(63.45562,18.18983),1.82878]
	3426.80494	   0.01363	[mu,kappa]: [(98.97852,342.91607),1.61267]
	4836.97108	   0.01924	[mu,kappa]: [(51.50470,41.87099),3.04462]
	5254.50260	   0.02091	[mu,kappa]: [(50.00719,45.61143),3.44290]
	7328.92430	   0.02916	[mu,kappa]: [(117.28255,304.65910),7.18234]
	3677.10699	   0.01463	[mu,kappa]: [(114.64918,328.68695),2.08344]
	6951.24286	   0.02766	[mu,kappa]: [(118.53645,305.13302),6.66699]
	3487.49266	   0.01388	[mu,kappa]: [(105.36804,338.46123),1.71493]
			msglen: 1780296.10523 bits.
Iteration #: 11
	5215.31574	   0.02075	[mu,kappa]: [(124.59385,308.50941),4.85878]
	29863.06659	   0.11881	[mu,kappa]: [(39.05995,83.86441),46.29541]
	6559.72669	   0.02610	[mu,kappa]: [(119.75668,305.02817),6.58727]
	9053.45737	   0.03602	[mu,kappa]: [(112.85329,303.54046),9.38072]
	4053.48976	   0.01613	[mu,kappa]: [(125.80822,318.02327),3.04875]
	8273.02962	   0.03291	[mu,kappa]: [(114.65005,303.78376),8.31279]
	3401.15523	   0.01353	[mu,kappa]: [(78.89608,359.72754),1.53075]
	5399.50098	   0.02148	[mu,kappa]: [(50.94303,45.37852),3.53956]
	4070.43646	   0.01620	[mu,kappa]: [(124.40925,319.10920),2.87825]
	4036.23464	   0.01606	[mu,kappa]: [(125.51788,319.32735),2.90894]
	3684.22390	   0.01466	[mu,kappa]: [(121.39414,325.59410),2.33934]
	5123.14491	   0.02038	[mu,kappa]: [(125.42833,309.67161),4.52454]
	19187.50643	   0.07633	[mu,kappa]: [(108.51744,303.89921),16.57420]
	3977.98658	   0.01583	[mu,kappa]: [(126.33915,321.36088),2.77798]
	5440.17362	   0.02164	[mu,kappa]: [(124.08352,307.72816),5.14660]
	3571.73026	   0.01421	[mu,kappa]: [(68.20396,10.96057),1.67871]
	4300.60799	   0.01711	[mu,kappa]: [(126.85409,316.24509),3.31156]
	6275.84364	   0.02497	[mu,kappa]: [(50.48346,51.43851),4.29525]
	4223.59707	   0.01680	[mu,kappa]: [(125.60521,316.59560),3.19608]
	12227.37911	   0.04865	[mu,kappa]: [(109.98833,303.51433),12.26382]
	4078.29639	   0.01623	[mu,kappa]: [(55.88810,25.50838),2.20316]
	3511.98050	   0.01397	[mu,kappa]: [(103.65790,342.91522),1.61500]
	6938.28693	   0.02760	[mu,kappa]: [(117.92627,304.52020),7.03954]
	3832.67441	   0.01525	[mu,kappa]: [(60.81398,16.61976),1.89056]
	4972.83263	   0.01979	[mu,kappa]: [(126.92671,310.56603),4.39792]
	14550.96867	   0.05789	[mu,kappa]: [(108.00504,303.72733),14.19835]
	5446.26511	   0.02167	[mu,kappa]: [(124.70805,308.16705),5.01385]
	3376.65254	   0.01344	[mu,kappa]: [(87.31636,353.06760),1.50695]
	5117.52135	   0.02036	[mu,kappa]: [(50.70994,41.88226),3.25765]
	4010.17902	   0.01596	[mu,kappa]: [(125.11449,318.65581),2.95208]
	3518.94747	   0.01400	[mu,kappa]: [(76.07657,1.12662),1.55633]
	5406.26341	   0.02151	[mu,kappa]: [(123.43636,307.76906),5.05949]
	3851.47419	   0.01532	[mu,kappa]: [(60.67873,16.98454),1.89811]
	3382.89114	   0.01346	[mu,kappa]: [(98.11989,343.83356),1.58414]
	4935.13705	   0.01964	[mu,kappa]: [(51.44845,40.52223),3.09259]
	5354.91249	   0.02131	[mu,kappa]: [(50.53121,44.13736),3.46404]
	7220.23662	   0.02873	[mu,kappa]: [(117.26640,304.35290),7.23671]
	3618.17152	   0.01440	[mu,kappa]: [(117.62249,330.35391),2.05451]
	6848.67046	   0.02725	[mu,kappa]: [(119.24114,304.87386),6.70882]
	3436.03150	   0.01367	[mu,kappa]: [(106.16115,339.93883),1.67700]
			msglen: 1772920.83189 bits.
Iteration #: 12
	5160.34515	   0.02053	[mu,kappa]: [(128.38843,308.79459),5.07649]
	28614.56200	   0.11384	[mu,kappa]: [(38.58500,84.51393),58.62416]
	6426.45521	   0.02557	[mu,kappa]: [(121.08024,304.74440),6.69023]
	8966.16507	   0.03567	[mu,kappa]: [(111.15210,303.24188),9.61178]
	3987.07473	   0.01586	[mu,kappa]: [(130.81530,319.55515),3.16408]
	8127.11018	   0.03233	[mu,kappa]: [(113.62588,303.40146),8.43571]
	3394.69076	   0.01351	[mu,kappa]: [(73.56015,358.86879),1.57703]
	5625.00199	   0.02238	[mu,kappa]: [(51.09715,45.71526),3.56697]
	3985.05147	   0.01586	[mu,kappa]: [(128.92629,320.54621),2.95248]
	3965.22753	   0.01578	[mu,kappa]: [(130.51061,321.00389),3.00783]
	3590.92862	   0.01429	[mu,kappa]: [(125.23822,327.48487),2.35060]
	5076.96688	   0.02020	[mu,kappa]: [(129.66368,310.15180),4.75200]
	20166.77070	   0.08023	[mu,kappa]: [(106.08110,304.27005),18.24250]
	3918.84665	   0.01559	[mu,kappa]: [(131.81437,323.53359),2.88657]
	5380.03421	   0.02141	[mu,kappa]: [(127.59349,307.90338),5.36000]
	3608.28781	   0.01436	[mu,kappa]: [(63.26938,9.72028),1.75820]
	4251.63564	   0.01692	[mu,kappa]: [(132.13963,317.70459),3.47684]
	6551.64717	   0.02607	[mu,kappa]: [(52.29924,52.26978),4.29007]
	4153.36685	   0.01653	[mu,kappa]: [(130.42164,317.88590),3.31783]
	12434.62368	   0.04947	[mu,kappa]: [(107.56397,303.53055),12.97168]
	4201.95662	   0.01672	[mu,kappa]: [(52.16019,23.55876),2.31460]
	3433.63965	   0.01366	[mu,kappa]: [(102.48054,344.26033),1.57720]
	6785.05848	   0.02699	[mu,kappa]: [(118.37175,304.15092),7.11831]
	3916.66256	   0.01558	[mu,kappa]: [(56.01488,14.31172),2.00646]
	4960.08762	   0.01973	[mu,kappa]: [(131.82044,311.33517),4.67683]
	15207.60632	   0.06050	[mu,kappa]: [(105.32682,303.99051),15.46789]
	5397.19576	   0.02147	[mu,kappa]: [(128.51878,308.44149),5.24573]
	3342.53983	   0.01330	[mu,kappa]: [(82.60054,352.82757),1.52040]
	5326.95884	   0.02119	[mu,kappa]: [(49.88205,41.55130),3.30170]
	3934.64171	   0.01566	[mu,kappa]: [(129.88904,320.15499),3.04505]
	3523.80126	   0.01402	[mu,kappa]: [(70.47913,359.83638),1.61846]
	5329.04650	   0.02120	[mu,kappa]: [(126.67431,307.87636),5.24404]
	3936.48329	   0.01566	[mu,kappa]: [(55.92894,14.71859),2.01322]
	3317.56043	   0.01320	[mu,kappa]: [(94.92949,344.14679),1.56317]
	5131.74847	   0.02042	[mu,kappa]: [(50.38921,40.22100),3.14759]
	5577.15009	   0.02219	[mu,kappa]: [(50.27370,44.12919),3.49342]
	7061.01084	   0.02809	[mu,kappa]: [(117.40126,303.96540),7.31381]
	3520.62801	   0.01401	[mu,kappa]: [(120.38622,332.30106),2.03342]
	6704.41927	   0.02667	[mu,kappa]: [(120.31537,304.56106),6.80242]
	3353.01212	   0.01334	[mu,kappa]: [(105.43457,341.23586),1.63644]
			msglen: 1765712.16359 bits.
Iteration #: 13
	5118.18536	   0.02036	[mu,kappa]: [(132.80758,309.19933),5.55606]
	27318.69650	   0.10868	[mu,kappa]: [(38.30782,84.92826),70.18821]
	6259.96275	   0.02491	[mu,kappa]: [(122.74448,304.35511),6.93203]
	8868.47366	   0.03528	[mu,kappa]: [(109.26120,302.83084),9.83459]
	3896.57100	   0.01550	[mu,kappa]: [(136.38240,321.64762),3.40927]
	7945.28522	   0.03161	[mu,kappa]: [(112.44635,302.87450),8.57894]
	3384.27309	   0.01347	[mu,kappa]: [(66.55836,356.22107),1.69524]
	5862.00801	   0.02332	[mu,kappa]: [(51.44538,47.06558),3.61112]
	3859.23395	   0.01536	[mu,kappa]: [(133.91668,322.44508),3.11425]
	3864.63798	   0.01538	[mu,kappa]: [(136.04603,323.29376),3.21937]
	3444.25468	   0.01370	[mu,kappa]: [(129.27664,329.90384),2.39372]
	5048.60958	   0.02009	[mu,kappa]: [(134.52825,310.82366),5.24807]
	21326.94092	   0.08485	[mu,kappa]: [(103.96632,304.72747),20.02284]
	3837.12826	   0.01527	[mu,kappa]: [(137.84264,326.58668),3.11770]
	5332.03427	   0.02121	[mu,kappa]: [(131.72497,308.16105),5.83529]
	3650.69217	   0.01453	[mu,kappa]: [(57.30236,6.62623),1.90653]
	4198.14218	   0.01670	[mu,kappa]: [(138.01376,319.73242),3.82698]
	6902.98495	   0.02746	[mu,kappa]: [(54.73173,54.69524),4.37367]
	4059.13105	   0.01615	[mu,kappa]: [(135.79765,319.62784),3.57651]
	12703.57346	   0.05054	[mu,kappa]: [(105.16375,303.54337),13.63169]
	4346.84226	   0.01729	[mu,kappa]: [(47.80231,19.97040),2.47912]
	3309.18454	   0.01317	[mu,kappa]: [(99.43292,345.17310),1.54940]
	6586.73804	   0.02621	[mu,kappa]: [(118.94938,303.63977),7.28285]
	4026.92465	   0.01602	[mu,kappa]: [(50.51481,9.79101),2.20307]
	4993.18072	   0.01987	[mu,kappa]: [(137.32981,312.42976),5.28417]
	16026.61440	   0.06376	[mu,kappa]: [(102.85258,304.33949),16.71008]
	5369.73877	   0.02136	[mu,kappa]: [(132.96697,308.84015),5.75989]
	3291.69717	   0.01310	[mu,kappa]: [(75.70779,351.12429),1.59077]
	5539.64631	   0.02204	[mu,kappa]: [(48.92013,41.70331),3.35072]
	3826.48811	   0.01522	[mu,kappa]: [(135.18785,322.17262),3.24453]
	3532.43260	   0.01405	[mu,kappa]: [(63.40791,356.56087),1.76259]
	5248.18896	   0.02088	[mu,kappa]: [(130.48862,308.02766),5.65212]
	4047.10851	   0.01610	[mu,kappa]: [(50.47659,10.27138),2.20734]
	3220.50040	   0.01281	[mu,kappa]: [(89.26191,343.42141),1.57618]
	5330.35737	   0.02121	[mu,kappa]: [(49.16489,40.26373),3.20827]
	5805.93988	   0.02310	[mu,kappa]: [(50.05194,44.93619),3.53196]
	6854.62411	   0.02727	[mu,kappa]: [(117.59511,303.42909),7.46083]
	3365.12862	   0.01339	[mu,kappa]: [(122.89784,334.62538),2.02097]
	6521.41729	   0.02595	[mu,kappa]: [(121.67324,304.13000),7.01865]
	3222.42826	   0.01282	[mu,kappa]: [(102.94632,342.15072),1.60273]
			msglen: 1757768.90965 bits.
Iteration #: 14
	5103.83113	   0.02031	[mu,kappa]: [(137.25432,309.66581),6.45910]
	26212.00320	   0.10428	[mu,kappa]: [(38.16508,85.21099),80.54047]
	6061.15046	   0.02411	[mu,kappa]: [(124.50011,303.79846),7.41963]
	8799.87860	   0.03501	[mu,kappa]: [(107.16720,302.25333),10.04838]
	3780.17999	   0.01504	[mu,kappa]: [(142.09726,324.61194),3.83436]
	7753.66229	   0.03085	[mu,kappa]: [(111.02126,302.14817),8.78426]
	3379.37297	   0.01345	[mu,kappa]: [(59.30149,351.43676),1.92326]
	6057.01675	   0.02410	[mu,kappa]: [(52.76882,49.38379),3.68317]
	3683.80362	   0.01466	[mu,kappa]: [(139.14256,325.11591),3.38581]
	3731.03346	   0.01485	[mu,kappa]: [(141.76738,326.58978),3.58202]
	3234.12496	   0.01287	[mu,kappa]: [(133.51013,333.38182),2.46479]
	5056.21038	   0.02012	[mu,kappa]: [(139.36266,311.64120),6.17497]
	22546.70487	   0.08970	[mu,kappa]: [(102.30345,305.23209),21.71647]
	3735.46460	   0.01486	[mu,kappa]: [(143.97005,331.12811),3.51694]
	5311.15794	   0.02113	[mu,kappa]: [(135.91225,308.44162),6.73706]
	3699.91563	   0.01472	[mu,kappa]: [(51.49474,1.26715),2.14905]
	4148.42471	   0.01651	[mu,kappa]: [(143.87739,322.55043),4.45156]
	7329.19517	   0.02916	[mu,kappa]: [(58.52333,58.27820),4.61417]
	3938.10295	   0.01567	[mu,kappa]: [(141.31723,322.03035),4.02767]
	13045.29970	   0.05190	[mu,kappa]: [(102.90027,303.49858),14.09095]
	4494.74309	   0.01788	[mu,kappa]: [(43.61130,14.21485),2.71074]
	3136.47690	   0.01248	[mu,kappa]: [(94.57051,345.71319),1.53948]
	6346.21913	   0.02525	[mu,kappa]: [(119.47616,302.92379),7.61386]
	4167.95334	   0.01658	[mu,kappa]: [(45.48346,2.52075),2.51562]
	5107.80109	   0.02032	[mu,kappa]: [(142.60335,313.81699),6.41677]
	16944.52976	   0.06741	[mu,kappa]: [(100.70943,304.72923),17.67158]
	5384.29036	   0.02142	[mu,kappa]: [(137.42064,309.30675),6.73202]
	3232.11109	   0.01286	[mu,kappa]: [(67.78768,347.66776),1.75424]
	5691.62799	   0.02264	[mu,kappa]: [(48.46595,42.32724),3.39932]
	3679.86762	   0.01464	[mu,kappa]: [(140.69323,325.02990),3.58487]
	3558.42047	   0.01416	[mu,kappa]: [(56.38366,350.93495),2.03254]
	5169.84699	   0.02057	[mu,kappa]: [(134.39953,308.15565),6.42315]
	4186.59972	   0.01666	[mu,kappa]: [(45.46976,3.10419),2.51420]
	3097.39210	   0.01232	[mu,kappa]: [(81.54044,341.44447),1.65366]
	5470.78485	   0.02177	[mu,kappa]: [(48.40997,40.65792),3.26735]
	5979.01390	   0.02379	[mu,kappa]: [(50.58354,46.53983),3.58166]
	6606.86793	   0.02629	[mu,kappa]: [(117.68194,302.68211),7.75094]
	3142.79762	   0.01250	[mu,kappa]: [(125.22830,337.81581),2.00806]
	6300.32910	   0.02507	[mu,kappa]: [(123.08834,303.51798),7.45632]
	3041.79357	   0.01210	[mu,kappa]: [(98.64125,342.74234),1.58153]
			msglen: 1748482.82349 bits.
Iteration #: 15
	5128.95425	   0.02041	[mu,kappa]: [(140.89894,310.03976),7.92418]
	25354.39458	   0.10087	[mu,kappa]: [(38.09019,85.40769),89.34570]
	5842.88563	   0.02325	[mu,kappa]: [(126.00355,303.02780),8.28825]
	8808.50775	   0.03504	[mu,kappa]: [(104.99190,301.47996),10.28085]
	3643.29565	   0.01450	[mu,kappa]: [(147.40211,328.90003),4.48469]
	7592.47472	   0.03021	[mu,kappa]: [(109.39922,301.20566),9.12268]
	3377.88638	   0.01344	[mu,kappa]: [(53.27922,344.77234),2.30518]
	6191.77532	   0.02463	[mu,kappa]: [(55.59385,52.69026),3.82906]
	3459.41967	   0.01376	[mu,kappa]: [(144.29058,329.11291),3.78875]
	3570.29663	   0.01421	[mu,kappa]: [(147.17807,331.53071),4.13237]
	2963.71874	   0.01179	[mu,kappa]: [(138.01833,339.00173),2.56958]
	5112.49374	   0.02034	[mu,kappa]: [(143.29040,312.42714),7.66197]
	23702.19763	   0.09430	[mu,kappa]: [(101.17715,305.73832),23.26374]
	3628.33906	   0.01444	[mu,kappa]: [(149.54513,338.12629),4.13002]
	5329.85065	   0.02121	[mu,kappa]: [(139.35218,308.60861),8.20958]
	3742.22721	   0.01489	[mu,kappa]: [(46.82923,353.87674),2.52090]
	4113.24796	   0.01637	[mu,kappa]: [(148.97438,326.33812),5.42345]
	7946.97886	   0.03162	[mu,kappa]: [(63.77955,62.36236),5.14085]
	3793.25427	   0.01509	[mu,kappa]: [(146.42041,325.35989),4.72155]
	13460.22163	   0.05355	[mu,kappa]: [(100.90729,303.33306),14.25786]
	4614.38033	   0.01836	[mu,kappa]: [(40.15705,6.39617),3.04445]
	2909.17416	   0.01158	[mu,kappa]: [(88.66764,346.15641),1.55737]
	6081.27666	   0.02419	[mu,kappa]: [(119.78403,301.97130),8.22462]
	4336.23064	   0.01725	[mu,kappa]: [(41.84959,352.94152),3.00847]
	5324.96519	   0.02119	[mu,kappa]: [(146.65250,315.25582),8.18280]
	17862.60812	   0.07106	[mu,kappa]: [(98.98966,305.10474),18.21106]
	5455.49147	   0.02171	[mu,kappa]: [(141.01652,309.68557),8.30196]
	3160.76902	   0.01258	[mu,kappa]: [(60.52746,342.58541),2.04815]
	5727.39261	   0.02279	[mu,kappa]: [(48.93159,43.74052),3.46242]
	3497.62034	   0.01392	[mu,kappa]: [(145.97035,329.25544),4.09843]
	3605.78334	   0.01435	[mu,kappa]: [(50.87125,343.35253),2.48558]
	5101.97105	   0.02030	[mu,kappa]: [(137.70159,308.13472),7.69707]
	4349.54033	   0.01731	[mu,kappa]: [(41.81908,353.62688),2.99560]
	2946.88504	   0.01173	[mu,kappa]: [(73.23376,338.24348),1.83139]
	5496.44241	   0.02187	[mu,kappa]: [(48.51907,41.76633),3.33573]
	6056.68177	   0.02410	[mu,kappa]: [(52.36556,49.11590),3.67194]
	6339.09504	   0.02522	[mu,kappa]: [(117.54555,301.69781),8.28988]
	2855.58612	   0.01136	[mu,kappa]: [(127.74122,342.87022),1.99725]
	6055.24891	   0.02409	[mu,kappa]: [(124.27146,302.68287),8.24458]
	2806.43708	   0.01117	[mu,kappa]: [(93.14071,343.26961),1.58291]
			msglen: 1737711.37598 bits.
Iteration #: 16
	5183.92087	   0.02062	[mu,kappa]: [(143.13760,310.08443),9.87076]
	24773.50246	   0.09856	[mu,kappa]: [(38.02915,85.54557),96.24231]
	5655.10115	   0.02250	[mu,kappa]: [(126.96495,302.05380),9.66536]
	8912.90947	   0.03546	[mu,kappa]: [(103.05113,300.54960),10.55749]
	3503.55041	   0.01394	[mu,kappa]: [(151.74531,334.90648),5.35024]
	7501.31820	   0.02984	[mu,kappa]: [(107.88250,300.11072),9.65140]
	3363.39218	   0.01338	[mu,kappa]: [(49.22228,337.28571),2.90686]
	6270.26356	   0.02495	[mu,kappa]: [(59.73799,56.35091),4.12493]
	3210.36121	   0.01277	[mu,kappa]: [(148.93869,335.12636),4.33480]
	3406.54886	   0.01355	[mu,kappa]: [(151.70450,338.81805),4.87555]
	2664.27436	   0.01060	[mu,kappa]: [(142.59041,348.30447),2.74795]
	5197.44828	   0.02068	[mu,kappa]: [(145.73259,312.87601),9.59091]
	24703.69843	   0.09828	[mu,kappa]: [(100.61503,306.22133),24.80019]
	3549.39811	   0.01412	[mu,kappa]: [(153.79673,348.54828),4.97107]
	5383.85899	   0.02142	[mu,kappa]: [(141.43869,308.46884),10.18789]
	3750.50572	   0.01492	[mu,kappa]: [(43.70876,345.55767),3.08599]
	4094.32783	   0.01629	[mu,kappa]: [(152.76685,331.01829),6.67395]
	8904.53005	   0.03543	[mu,kappa]: [(69.42644,65.85643),6.03498]
	3637.49602	   0.01447	[mu,kappa]: [(150.58286,329.75458),5.64272]
	13901.05272	   0.05530	[mu,kappa]: [(99.33657,303.01733),14.15388]
	4667.97332	   0.01857	[mu,kappa]: [(37.70601,357.52948),3.55257]
	2614.03963	   0.01040	[mu,kappa]: [(83.01519,346.73299),1.60797]
	5845.72768	   0.02326	[mu,kappa]: [(119.85508,300.83002),9.24030]
	4523.94565	   0.01800	[mu,kappa]: [(39.93778,342.89622),3.79634]
	5590.68170	   0.02224	[mu,kappa]: [(149.05125,316.35034),10.31979]
	18648.00568	   0.07419	[mu,kappa]: [(97.75705,305.43719),18.38028]
	5566.75152	   0.02215	[mu,kappa]: [(143.16629,309.74435),10.35446]
	3058.70414	   0.01217	[mu,kappa]: [(55.08789,336.52945),2.51492]
	5603.84222	   0.02230	[mu,kappa]: [(50.32056,45.94679),3.58552]
	3301.50769	   0.01314	[mu,kappa]: [(150.51329,335.43284),4.79007]
	3667.08369	   0.01459	[mu,kappa]: [(47.47017,335.20903),3.21388]
	5054.43881	   0.02011	[mu,kappa]: [(139.78936,307.79801),9.47835]
	4525.65128	   0.01801	[mu,kappa]: [(39.85409,343.62248),3.76237]
	2754.30397	   0.01096	[mu,kappa]: [(66.07176,334.09067),2.13987]
	5360.29324	   0.02133	[mu,kappa]: [(49.49713,43.68735),3.45422]
	6017.50958	   0.02394	[mu,kappa]: [(55.35552,52.31340),3.86372]
	6104.94795	   0.02429	[mu,kappa]: [(117.25771,300.53262),9.19253]
	2525.91550	   0.01005	[mu,kappa]: [(130.82525,351.08334),2.02459]
	5839.86429	   0.02323	[mu,kappa]: [(125.00877,301.64788),9.51546]
	2507.35357	   0.00998	[mu,kappa]: [(87.67724,343.94204),1.61491]
			msglen: 1726276.96725 bits.
Iteration #: 17
	5235.90566	   0.02083	[mu,kappa]: [(144.03802,309.69141),11.96703]
	24506.50085	   0.09750	[mu,kappa]: [(37.94724,85.63931),100.00000]
	5580.67850	   0.02220	[mu,kappa]: [(127.35168,301.01353),11.56263]
	9075.40364	   0.03611	[mu,kappa]: [(101.63359,299.56911),10.85022]
	3379.58717	   0.01345	[mu,kappa]: [(154.82049,342.54502),6.34832]
	7492.95007	   0.02981	[mu,kappa]: [(106.83098,299.00303),10.33069]
	3333.06320	   0.01326	[mu,kappa]: [(46.94623,330.62565),3.80165]
	6299.24260	   0.02506	[mu,kappa]: [(64.00370,59.17835),4.60868]
	2976.57395	   0.01184	[mu,kappa]: [(152.58208,343.44649),5.02420]
	3271.58402	   0.01302	[mu,kappa]: [(154.86184,348.55721),5.77635]
	2388.55948	   0.00950	[mu,kappa]: [(146.13366,1.90166),3.08777]
	5256.91298	   0.02092	[mu,kappa]: [(146.82608,312.80663),11.60504]
	25508.56873	   0.10148	[mu,kappa]: [(100.51809,306.68537),26.52446]
	3539.64551	   0.01408	[mu,kappa]: [(156.07635,2.03848),6.02249]
	5450.29464	   0.02168	[mu,kappa]: [(142.21342,307.95740),12.34884]
	3718.22313	   0.01479	[mu,kappa]: [(41.90928,338.15773),3.91031]
	4070.49968	   0.01620	[mu,kappa]: [(155.26708,336.19940),7.99273]
	10112.00825	   0.04023	[mu,kappa]: [(73.87326,67.96423),7.07396]
	3483.17322	   0.01386	[mu,kappa]: [(153.58443,334.96877),6.68678]
	14274.85682	   0.05679	[mu,kappa]: [(98.23912,302.57917),13.86713]
	4649.66805	   0.01850	[mu,kappa]: [(36.12861,349.65019),4.29786]
	2252.88498	   0.00896	[mu,kappa]: [(78.42310,347.42765),1.68756]
	5719.96423	   0.02276	[mu,kappa]: [(119.85138,299.66730),10.70130]
	4735.40998	   0.01884	[mu,kappa]: [(39.32583,334.90258),4.95989]
	5787.29659	   0.02303	[mu,kappa]: [(150.17614,316.89451),12.36855]
	19176.07636	   0.07629	[mu,kappa]: [(96.96729,305.74133),18.33707]
	5670.40530	   0.02256	[mu,kappa]: [(143.98697,309.38744),12.51279]
	2919.91269	   0.01162	[mu,kappa]: [(51.58927,330.66430),3.20149]
	5332.78124	   0.02122	[mu,kappa]: [(52.03978,48.36013),3.83154]
	3122.89754	   0.01243	[mu,kappa]: [(153.88426,343.68082),5.62739]
	3746.22240	   0.01491	[mu,kappa]: [(45.84451,328.42092),4.31256]
	5036.07331	   0.02004	[mu,kappa]: [(140.60131,307.10164),11.54912]
	4718.06794	   0.01877	[mu,kappa]: [(39.17621,335.58995),4.89412]
	2515.75677	   0.01001	[mu,kappa]: [(60.84796,329.56973),2.60158]
	5072.15579	   0.02018	[mu,kappa]: [(50.81012,45.96239),3.68472]
	5872.72147	   0.02337	[mu,kappa]: [(58.65546,55.13107),4.21282]
	5977.45442	   0.02378	[mu,kappa]: [(117.05251,299.35478),10.48591]
	2194.29082	   0.00873	[mu,kappa]: [(134.01690,2.84265),2.16397]
	5742.30960	   0.02285	[mu,kappa]: [(125.31428,300.56296),11.30087]
	2149.41843	   0.00855	[mu,kappa]: [(83.17043,344.70622),1.67682]
			msglen: 1715802.17603 bits.
Iteration #: 18
	5271.54047	   0.02097	[mu,kappa]: [(144.13225,309.01759),13.91698]
	24578.26192	   0.09778	[mu,kappa]: [(37.83260,85.69048),100.00000]
	5661.04734	   0.02252	[mu,kappa]: [(127.39627,300.13662),13.74523]
	9235.53526	   0.03674	[mu,kappa]: [(100.70332,298.63035),11.10135]
	3271.70071	   0.01302	[mu,kappa]: [(156.66022,350.81741),7.42143]
	7537.96251	   0.02999	[mu,kappa]: [(106.28554,298.00156),11.02119]
	3294.09264	   0.01311	[mu,kappa]: [(45.92356,325.99643),4.93787]
	6296.00446	   0.02505	[mu,kappa]: [(67.11773,60.54432),5.19897]
	2779.77313	   0.01106	[mu,kappa]: [(154.87508,353.18891),5.85537]
	3176.10154	   0.01264	[mu,kappa]: [(156.48863,359.41571),6.80769]
	2178.92591	   0.00867	[mu,kappa]: [(147.33796,17.28974),3.68644]
	5269.13978	   0.02096	[mu,kappa]: [(147.11867,312.32569),13.45451]
	26136.74016	   0.10398	[mu,kappa]: [(100.65703,307.14371),28.54731]
	3616.65235	   0.01439	[mu,kappa]: [(156.32280,15.75042),7.28110]
	5518.49583	   0.02196	[mu,kappa]: [(142.19789,307.24878),14.36860]
	3655.22298	   0.01454	[mu,kappa]: [(40.91568,333.15609),4.92173]
	4016.63906	   0.01598	[mu,kappa]: [(156.81752,341.14799),9.29060]
	11149.91979	   0.04436	[mu,kappa]: [(76.56459,68.79673),7.82903]
	3328.68321	   0.01324	[mu,kappa]: [(155.55131,340.22790),7.78334]
	14524.75643	   0.05779	[mu,kappa]: [(97.46429,302.06730),13.49062]
	4578.16784	   0.01822	[mu,kappa]: [(34.95584,344.69391),5.19204]
	1866.59315	   0.00743	[mu,kappa]: [(74.68653,348.33749),1.78492]
	5738.33089	   0.02283	[mu,kappa]: [(119.93385,298.69450),12.43500]
	4929.90833	   0.01961	[mu,kappa]: [(39.34541,330.15997),6.29395]
	5868.85342	   0.02335	[mu,kappa]: [(150.61797,316.94971),14.13862]
	19428.12413	   0.07729	[mu,kappa]: [(96.42236,306.05624),18.22603]
	5745.39325	   0.02286	[mu,kappa]: [(144.03106,308.77242),14.46705]
	2764.72353	   0.01100	[mu,kappa]: [(49.60991,326.10894),4.09405]
	5021.32087	   0.01998	[mu,kappa]: [(53.23257,50.38241),4.24156]
	2974.05969	   0.01183	[mu,kappa]: [(155.91624,353.00144),6.58210]
	3833.63418	   0.01525	[mu,kappa]: [(45.40109,324.05363),5.67934]
	5054.19617	   0.02011	[mu,kappa]: [(140.59677,306.24168),13.60980]
	4890.43494	   0.01946	[mu,kappa]: [(39.12574,330.78848),6.19598]
	2259.55080	   0.00899	[mu,kappa]: [(57.43572,325.47751),3.21280]
	4740.75767	   0.01886	[mu,kappa]: [(51.68676,48.07361),4.07631]
	5692.96338	   0.02265	[mu,kappa]: [(61.09822,56.83773),4.70777]
	5981.74827	   0.02380	[mu,kappa]: [(117.07377,298.35869),12.00157]
	1902.01428	   0.00757	[mu,kappa]: [(135.94351,16.34097),2.48483]
	5806.42436	   0.02310	[mu,kappa]: [(125.39342,299.65719),13.39123]
	1771.60536	   0.00705	[mu,kappa]: [(79.54611,345.58074),1.75747]
			msglen: 1707757.97252 bits.
Iteration #: 19
	5307.32279	   0.02112	[mu,kappa]: [(143.93433,308.33470),15.55116]
	24879.25744	   0.09898	[mu,kappa]: [(37.69254,85.70678),100.00000]
	5851.62193	   0.02328	[mu,kappa]: [(127.33751,299.57679),15.81310]
	9363.65279	   0.03725	[mu,kappa]: [(100.00183,297.77088),11.27080]
	3166.75640	   0.01260	[mu,kappa]: [(157.56423,358.04824),8.55760]
	7591.44788	   0.03020	[mu,kappa]: [(106.01616,297.14673),11.58887]
	3242.53992	   0.01290	[mu,kappa]: [(45.72889,323.29569),6.08492]
	6288.70633	   0.02502	[mu,kappa]: [(68.85479,60.79232),5.74337]
	2615.87488	   0.01041	[mu,kappa]: [(155.91861,2.43112),6.80373]
	3105.14771	   0.01236	[mu,kappa]: [(156.90316,9.09227),7.93102]
	2054.69694	   0.00818	[mu,kappa]: [(146.27370,30.50490),4.59382]
	5264.79973	   0.02095	[mu,kappa]: [(147.09943,311.69821),15.04898]
	26637.38006	   0.10597	[mu,kappa]: [(100.82104,307.59034),30.85652]
	3758.14674	   0.01495	[mu,kappa]: [(155.27330,26.63334),8.67039]
	5594.75588	   0.02226	[mu,kappa]: [(141.90770,306.59966),16.03467]
	3564.96396	   0.01418	[mu,kappa]: [(40.29987,330.55052),5.88369]
	3929.52281	   0.01563	[mu,kappa]: [(157.74324,344.85887),10.63491]
	11756.33832	   0.04677	[mu,kappa]: [(78.06919,68.91448),8.15370]
	3170.67992	   0.01262	[mu,kappa]: [(156.75706,344.41341),8.95349]
	14671.22777	   0.05837	[mu,kappa]: [(96.77766,301.51945),13.08205]
	4477.87456	   0.01782	[mu,kappa]: [(33.71267,342.96355),6.01945]
	1514.62595	   0.00603	[mu,kappa]: [(71.04071,349.65987),1.89132]
	5855.52177	   0.02330	[mu,kappa]: [(120.12356,298.02348),14.13422]
	5020.44050	   0.01997	[mu,kappa]: [(39.57092,327.95831),7.40990]
	5886.87647	   0.02342	[mu,kappa]: [(150.78899,316.70454),15.66192]
	19488.60918	   0.07753	[mu,kappa]: [(95.89298,306.42110),18.12076]
	5809.07361	   0.02311	[mu,kappa]: [(143.80503,308.15667),16.05905]
	2620.24185	   0.01043	[mu,kappa]: [(48.70503,323.08424),5.07532]
	4798.16495	   0.01909	[mu,kappa]: [(53.38921,51.79205),4.78384]
	2845.36920	   0.01132	[mu,kappa]: [(156.83198,1.51126),7.62755]
	3886.49302	   0.01546	[mu,kappa]: [(45.71597,321.67263),6.98940]
	5108.89386	   0.02033	[mu,kappa]: [(140.29637,305.49081),15.39286]
	4963.76864	   0.01975	[mu,kappa]: [(39.27079,328.56648),7.28940]
	2030.12930	   0.00808	[mu,kappa]: [(55.38952,322.21580),3.94012]
	4499.44558	   0.01790	[mu,kappa]: [(51.62391,49.73823),4.61458]
	5561.28982	   0.02213	[mu,kappa]: [(62.25317,57.51615),5.25012]
	6070.76686	   0.02415	[mu,kappa]: [(117.27539,297.63867),13.46907]
	1678.71966	   0.00668	[mu,kappa]: [(135.91516,28.73619),3.02245]
	5986.15637	   0.02382	[mu,kappa]: [(125.42172,299.07345),15.40608]
	1428.69866	   0.00569	[mu,kappa]: [(76.06664,346.70642),1.84562]
			msglen: 1702313.19464 bits.
Iteration #: 20
	5359.24150	   0.02132	[mu,kappa]: [(143.73911,307.83247),16.75669]
	25108.79087	   0.09989	[mu,kappa]: [(37.56225,85.72442),98.55431]
	6077.46805	   0.02418	[mu,kappa]: [(127.26485,299.34296),17.48231]
	9452.45690	   0.03761	[mu,kappa]: [(99.35654,297.00067),11.36376]
	3054.11003	   0.01215	[mu,kappa]: [(157.95586,2.95832),9.72049]
	7621.16667	   0.03032	[mu,kappa]: [(105.84991,296.42742),12.00160]
	3179.71513	   0.01265	[mu,kappa]: [(46.01701,321.76789),7.06669]
	6297.56379	   0.02506	[mu,kappa]: [(69.68292,60.56826),6.15717]
	2472.33349	   0.00984	[mu,kappa]: [(156.17117,9.55422),7.79204]
	3033.83761	   0.01207	[mu,kappa]: [(156.69914,16.11394),9.03708]
	2017.84421	   0.00803	[mu,kappa]: [(143.98479,39.95594),5.76622]
	5281.34620	   0.02101	[mu,kappa]: [(147.05649,311.16038),16.31559]
	27037.15433	   0.10756	[mu,kappa]: [(100.93129,307.98851),33.36695]
	3907.61513	   0.01555	[mu,kappa]: [(153.79762,34.12115),9.96913]
	5681.62395	   0.02260	[mu,kappa]: [(141.62929,306.16509),17.21820]
	3460.09583	   0.01377	[mu,kappa]: [(39.76431,329.53217),6.63311]
	3828.90556	   0.01523	[mu,kappa]: [(158.29216,346.64800),12.09906]
	12051.37628	   0.04795	[mu,kappa]: [(79.05329,68.75859),8.19378]
	3018.83422	   0.01201	[mu,kappa]: [(157.47861,346.68622),10.23805]
	14750.32580	   0.05868	[mu,kappa]: [(96.05457,300.96049),12.67729]
	4396.57708	   0.01749	[mu,kappa]: [(32.12264,343.72606),6.67559]
	1229.54185	   0.00489	[mu,kappa]: [(66.96826,351.46401),2.00956]
	6005.85591	   0.02389	[mu,kappa]: [(120.36516,297.64185),15.60004]
	4999.00704	   0.01989	[mu,kappa]: [(39.76725,327.13599),8.16095]
	5912.40649	   0.02352	[mu,kappa]: [(150.91620,316.38040),16.95380]
	19437.04092	   0.07733	[mu,kappa]: [(95.26494,306.85587),18.05511]
	5880.37923	   0.02340	[mu,kappa]: [(143.59178,307.71590),17.19686]
	2502.67285	   0.00996	[mu,kappa]: [(48.50407,321.16494),6.02086]
	4714.01037	   0.01876	[mu,kappa]: [(52.53818,52.73007),5.36639]
	2722.71508	   0.01083	[mu,kappa]: [(157.10312,7.73631),8.69443]
	3891.21843	   0.01548	[mu,kappa]: [(46.44705,320.35072),8.05890]
	5188.30927	   0.02064	[mu,kappa]: [(139.99703,304.99783),16.70841]
	4932.78844	   0.01963	[mu,kappa]: [(39.37041,327.77472),8.02589]
	1854.16823	   0.00738	[mu,kappa]: [(54.30812,319.74338),4.74978]
	4404.40338	   0.01752	[mu,kappa]: [(50.58523,50.96660),5.22039]
	5506.44784	   0.02191	[mu,kappa]: [(62.41385,57.67534),5.73576]
	6183.85052	   0.02460	[mu,kappa]: [(117.56395,297.17888),14.73560]
	1537.52334	   0.00612	[mu,kappa]: [(134.41127,38.40630),3.80712]
	6205.01469	   0.02469	[mu,kappa]: [(125.44581,298.81237),17.07224]
	1150.26348	   0.00458	[mu,kappa]: [(72.17342,348.15770),1.94082]
			msglen: 1698700.07549 bits.
Iteration #: 21
	5424.39086	   0.02158	[mu,kappa]: [(143.64098,307.55637),17.49463]
	25250.44648	   0.10045	[mu,kappa]: [(37.46407,85.73797),97.00111]
	6292.76183	   0.02504	[mu,kappa]: [(127.16616,299.36273),18.70281]
	9501.44963	   0.03780	[mu,kappa]: [(98.74995,296.31490),11.42230]
	2935.52560	   0.01168	[mu,kappa]: [(158.17936,5.35176),10.87622]
	7620.14009	   0.03032	[mu,kappa]: [(105.74755,295.81099),12.31350]
	3111.46473	   0.01238	[mu,kappa]: [(46.59207,320.77974),7.89488]
	6302.04004	   0.02507	[mu,kappa]: [(70.16961,60.20151),6.45492]
	2339.68657	   0.00931	[mu,kappa]: [(156.10628,14.15055),8.73138]
	2944.89845	   0.01172	[mu,kappa]: [(156.35499,20.47284),10.01661]
	2054.76773	   0.00818	[mu,kappa]: [(141.35255,46.22871),7.03769]
	5328.28858	   0.02120	[mu,kappa]: [(147.10084,310.82061),17.19124]
	27350.01180	   0.10881	[mu,kappa]: [(100.99853,308.29736),35.95315]
	4010.45083	   0.01596	[mu,kappa]: [(152.34468,39.16324),10.99667]
	5769.58530	   0.02295	[mu,kappa]: [(141.44321,305.96049),17.89955]
	3349.68572	   0.01333	[mu,kappa]: [(39.22695,329.34370),7.18953]
	3747.59676	   0.01491	[mu,kappa]: [(158.63789,346.67695),13.70754]
	12189.44491	   0.04849	[mu,kappa]: [(79.91367,68.49327),8.13007]
	2893.21634	   0.01151	[mu,kappa]: [(157.93110,347.04290),11.66094]
	14779.48881	   0.05880	[mu,kappa]: [(95.30544,300.40379),12.31182]
	4362.66655	   0.01736	[mu,kappa]: [(30.24900,346.13236),7.22129]
	1008.99179	   0.00402	[mu,kappa]: [(62.66891,353.66300),2.15065]
	6156.57178	   0.02449	[mu,kappa]: [(120.59493,297.47917),16.80208]
	4909.13762	   0.01953	[mu,kappa]: [(39.89290,326.91666),8.65066]
	5978.69701	   0.02379	[mu,kappa]: [(151.10055,316.14875),17.96072]
	19317.61770	   0.07685	[mu,kappa]: [(94.53440,307.36090),18.06705]
	5958.73533	   0.02371	[mu,kappa]: [(143.47838,307.48985),17.86173]
	2409.72572	   0.00959	[mu,kappa]: [(48.78411,319.85587),6.90429]
	4719.71025	   0.01878	[mu,kappa]: [(51.14803,53.34172),5.90513]
	2599.49269	   0.01034	[mu,kappa]: [(157.15612,11.39674),9.71176]
	3866.69732	   0.01538	[mu,kappa]: [(47.39664,319.46856),8.94173]
	5273.20550	   0.02098	[mu,kappa]: [(139.77875,304.76077),17.50758]
	4838.72810	   0.01925	[mu,kappa]: [(39.38415,327.62482),8.50411]
	1728.85922	   0.00688	[mu,kappa]: [(53.98257,317.86373),5.63316]
	4410.91252	   0.01755	[mu,kappa]: [(48.99306,51.82130),5.80556]
	5485.20396	   0.02182	[mu,kappa]: [(62.15828,57.63358),6.12849]
	6295.03863	   0.02505	[mu,kappa]: [(117.86908,296.91413),15.79854]
	1479.11236	   0.00589	[mu,kappa]: [(132.22819,45.14190),4.85340]
	6417.61087	   0.02553	[mu,kappa]: [(125.43786,298.79977),18.33504]
	 933.94403	   0.00372	[mu,kappa]: [(68.00421,349.89805),2.05191]
			msglen: 1696156.40105 bits.
Iteration #: 22
	5488.08383	   0.02184	[mu,kappa]: [(143.62179,307.44966),17.83142]
	25299.72734	   0.10065	[mu,kappa]: [(37.40928,85.74954),96.02512]
	6485.93641	   0.02580	[mu,kappa]: [(127.01745,299.55133),19.57205]
	9515.44736	   0.03786	[mu,kappa]: [(98.21942,295.69551),11.48590]
	2823.94369	   0.01124	[mu,kappa]: [(158.39420,5.81441),12.03621]
	7598.40351	   0.03023	[mu,kappa]: [(105.71779,295.26057),12.58875]
	3046.66463	   0.01212	[mu,kappa]: [(47.31817,320.02352),8.63862]
	6297.01193	   0.02505	[mu,kappa]: [(70.57000,59.82144),6.68728]
	2215.65699	   0.00882	[mu,kappa]: [(156.00599,16.67062),9.59122]
	2838.68350	   0.01130	[mu,kappa]: [(156.09429,22.84644),10.85346]
	2138.39029	   0.00851	[mu,kappa]: [(138.89664,50.39366),8.22332]
	5390.03235	   0.02144	[mu,kappa]: [(147.22866,310.66031),17.68753]
	27581.99184	   0.10973	[mu,kappa]: [(101.04915,308.50219),38.47295]
	4049.75173	   0.01611	[mu,kappa]: [(151.05581,42.70308),11.75704]
	5845.43431	   0.02326	[mu,kappa]: [(141.32540,305.91658),18.17524]
	3241.66144	   0.01290	[mu,kappa]: [(38.67018,329.56396),7.62825]
	3710.88086	   0.01476	[mu,kappa]: [(158.87841,345.73473),15.40546]
	12261.71055	   0.04878	[mu,kappa]: [(80.70361,68.18019),8.06513]
	2810.28935	   0.01118	[mu,kappa]: [(158.24170,346.19119),13.20070]
	14765.02687	   0.05874	[mu,kappa]: [(94.58646,299.85294),12.00961]
	4391.93419	   0.01747	[mu,kappa]: [(28.25434,349.60778),7.74583]
	 840.02344	   0.00334	[mu,kappa]: [(58.45298,356.15517),2.32198]
	6303.37813	   0.02508	[mu,kappa]: [(120.77321,297.46244),17.78626]
	4790.81914	   0.01906	[mu,kappa]: [(39.95234,326.93775),9.00721]
	6075.09455	   0.02417	[mu,kappa]: [(151.35269,316.06434),18.64171]
	19159.92486	   0.07623	[mu,kappa]: [(93.72974,307.93455),18.20413]
	6031.00894	   0.02399	[mu,kappa]: [(143.44416,307.42228),18.13310]
	2337.60842	   0.00930	[mu,kappa]: [(49.35812,318.86311),7.75095]
	4767.47765	   0.01897	[mu,kappa]: [(49.58745,53.78570),6.36740]
	2479.58135	   0.00987	[mu,kappa]: [(157.21485,13.01544),10.67048]
	3836.13745	   0.01526	[mu,kappa]: [(48.43001,318.77257),9.73097]
	5347.50064	   0.02128	[mu,kappa]: [(139.61683,304.69827),17.88273]
	4719.13429	   0.01878	[mu,kappa]: [(39.32100,327.74198),8.84957]
	1643.80097	   0.00654	[mu,kappa]: [(54.19686,316.41338),6.58910]
	4470.99214	   0.01779	[mu,kappa]: [(47.20377,52.44842),6.32485]
	5469.42067	   0.02176	[mu,kappa]: [(61.82945,57.55670),6.44730]
	6405.18108	   0.02548	[mu,kappa]: [(118.14836,296.77820),16.70524]
	1491.96842	   0.00594	[mu,kappa]: [(130.00600,49.43930),6.05718]
	6612.84928	   0.02631	[mu,kappa]: [(125.37125,298.95292),19.27354]
	 767.43562	   0.00306	[mu,kappa]: [(63.83414,351.87519),2.18474]
			msglen: 1694229.93518 bits.
		6.74063 bpr
Null model msglen: 2203606.00100 bits.	(8.76722 bpr)
