Iteration #: 0
	9068.00000	   0.09068	[mu,kappa]: [(99.04803,359.60517),0.54263]
	8980.00000	   0.08980	[mu,kappa]: [(98.94093,4.19322),0.54030]
	9121.00000	   0.09121	[mu,kappa]: [(94.56324,1.53925),0.56938]
	9020.00000	   0.09020	[mu,kappa]: [(92.78618,3.41690),0.56478]
	9114.00000	   0.09114	[mu,kappa]: [(95.81904,0.27631),0.53668]
	9083.00000	   0.09083	[mu,kappa]: [(99.01499,4.09300),0.50585]
	8974.00000	   0.08974	[mu,kappa]: [(93.59584,1.42537),0.59121]
	9040.00000	   0.09040	[mu,kappa]: [(96.58585,3.66244),0.54267]
	9234.00000	   0.09234	[mu,kappa]: [(93.97462,3.14854),0.53249]
	9157.00000	   0.09157	[mu,kappa]: [(97.87396,1.69347),0.55866]
	9209.00000	   0.09209	[mu,kappa]: [(92.83565,5.72390),0.53042]
			msglen: -0.00000 bits.
Iteration #: 1
	9067.91109	   0.09068	[mu,kappa]: [(100.26052,0.49722),0.54652]
	8980.39094	   0.08980	[mu,kappa]: [(100.43884,4.20522),0.53578]
	9120.97193	   0.09121	[mu,kappa]: [(93.67534,1.18693),0.56840]
	9020.30664	   0.09020	[mu,kappa]: [(91.29788,2.70122),0.56361]
	9113.43564	   0.09113	[mu,kappa]: [(95.80752,0.98435),0.54355]
	9083.39217	   0.09083	[mu,kappa]: [(100.95759,4.95871),0.51028]
	8974.23685	   0.08974	[mu,kappa]: [(92.04498,0.61802),0.58767]
	9039.79013	   0.09040	[mu,kappa]: [(96.99088,3.56344),0.54044]
	9233.79189	   0.09234	[mu,kappa]: [(93.40185,3.24534),0.53702]
	9156.89262	   0.09157	[mu,kappa]: [(98.52539,1.70495),0.55562]
	9208.88010	   0.09209	[mu,kappa]: [(91.95064,5.30657),0.53185]
			msglen: 2351586.14861 bits.
Iteration #: 2
	9067.97972	   0.09068	[mu,kappa]: [(102.00137,1.18117),0.54730]
	8981.01427	   0.08981	[mu,kappa]: [(102.65319,4.43279),0.53195]
	9120.71567	   0.09121	[mu,kappa]: [(92.42699,0.89457),0.56998]
	9020.96897	   0.09021	[mu,kappa]: [(89.21614,2.10342),0.56748]
	9112.54958	   0.09113	[mu,kappa]: [(95.73562,1.37216),0.54761]
	9084.51520	   0.09085	[mu,kappa]: [(103.74886,5.71338),0.51173]
	8975.01859	   0.08975	[mu,kappa]: [(89.89429,0.00675),0.59004]
	9039.10688	   0.09039	[mu,kappa]: [(97.59445,3.55637),0.53863]
	9233.20381	   0.09233	[mu,kappa]: [(92.54188,3.19065),0.54130]
	9156.41593	   0.09156	[mu,kappa]: [(99.49625,1.81871),0.55282]
	9208.51138	   0.09209	[mu,kappa]: [(90.67459,4.89326),0.53546]
			msglen: 2351570.62304 bits.
Iteration #: 3
	9068.20277	   0.09068	[mu,kappa]: [(104.53878,1.83184),0.54645]
	8982.26316	   0.08982	[mu,kappa]: [(105.90956,4.90074),0.52900]
	9120.07991	   0.09120	[mu,kappa]: [(90.66139,0.58832),0.57444]
	9022.34737	   0.09022	[mu,kappa]: [(86.30164,1.49926),0.57715]
	9110.76060	   0.09111	[mu,kappa]: [(95.60557,1.57623),0.55020]
	9087.05525	   0.09087	[mu,kappa]: [(107.80756,6.57421),0.51252]
	8976.71996	   0.08977	[mu,kappa]: [(86.90280,359.44089),0.59883]
	9037.57279	   0.09038	[mu,kappa]: [(98.48440,3.62564),0.53689]
	9231.92387	   0.09232	[mu,kappa]: [(91.28395,3.01128),0.54637]
	9155.31108	   0.09155	[mu,kappa]: [(100.93153,2.03114),0.55000]
	9207.76325	   0.09208	[mu,kappa]: [(88.84008,4.42535),0.54183]
			msglen: 2351538.58519 bits.
Iteration #: 4
	9068.68386	   0.09069	[mu,kappa]: [(108.24437,2.59020),0.54567]
	8984.88262	   0.08985	[mu,kappa]: [(110.66324,5.69391),0.52847]
	9118.66946	   0.09119	[mu,kappa]: [(88.17740,0.20729),0.58294]
	9025.23698	   0.09025	[mu,kappa]: [(82.28028,0.79407),0.59537]
	9106.98792	   0.09107	[mu,kappa]: [(95.41011,1.66392),0.55224]
	9092.56330	   0.09093	[mu,kappa]: [(113.67731,7.76500),0.51626]
	8980.28011	   0.08980	[mu,kappa]: [(82.79474,358.81099),0.61670]
	9034.29149	   0.09034	[mu,kappa]: [(99.79341,3.77197),0.53510]
	9229.21362	   0.09229	[mu,kappa]: [(89.47576,2.70432),0.55349]
	9152.92838	   0.09153	[mu,kappa]: [(103.04552,2.35959),0.54724]
	9206.26227	   0.09206	[mu,kappa]: [(86.23422,3.84762),0.55238]
			msglen: 2351471.16244 bits.
Iteration #: 5
	9069.66695	   0.09070	[mu,kappa]: [(113.60510,3.61043),0.54805]
	8990.40563	   0.08990	[mu,kappa]: [(117.47108,6.98597),0.53462]
	9115.62214	   0.09116	[mu,kappa]: [(84.73869,359.69311),0.59802]
	9031.32911	   0.09031	[mu,kappa]: [(76.90339,359.91163),0.62774]
	9099.01067	   0.09099	[mu,kappa]: [(95.13763,1.66099),0.55450]
	9104.33367	   0.09104	[mu,kappa]: [(121.93009,9.60667),0.53003]
	8987.71111	   0.08988	[mu,kappa]: [(77.32115,358.03396),0.64938]
	9027.35367	   0.09027	[mu,kappa]: [(101.71722,4.00736),0.53347]
	9223.49604	   0.09223	[mu,kappa]: [(86.92522,2.24377),0.56453]
	9147.87242	   0.09148	[mu,kappa]: [(106.14547,2.84201),0.54527]
	9203.19860	   0.09203	[mu,kappa]: [(82.61244,3.10154),0.56996]
			msglen: 2351329.51703 bits.
Iteration #: 6
	9071.64060	   0.09072	[mu,kappa]: [(121.14056,5.11106),0.55992]
	9001.98230	   0.09002	[mu,kappa]: [(126.77852,9.11306),0.55684]
	9109.12102	   0.09109	[mu,kappa]: [(80.12391,358.98518),0.62430]
	9044.17804	   0.09044	[mu,kappa]: [(70.09004,358.79547),0.68429]
	9082.24305	   0.09082	[mu,kappa]: [(94.78020,1.56051),0.55788]
	9129.20045	   0.09129	[mu,kappa]: [(132.77010,12.67794),0.56759]
	9003.20417	   0.09003	[mu,kappa]: [(70.40340,357.05117),0.70719]
	9012.80514	   0.09013	[mu,kappa]: [(104.53344,4.34980),0.53288]
	9211.48628	   0.09211	[mu,kappa]: [(83.42639,1.58330),0.58262]
	9137.24605	   0.09137	[mu,kappa]: [(110.64118,3.53943),0.54617]
	9196.89290	   0.09197	[mu,kappa]: [(77.75967,2.12409),0.59965]
			msglen: 2351034.97071 bits.
Iteration #: 7
	9075.51368	   0.09076	[mu,kappa]: [(131.06744,7.45664),0.59346]
	9025.89132	   0.09026	[mu,kappa]: [(138.35019,12.75291),0.61232]
	9095.43777	   0.09095	[mu,kappa]: [(74.25548,358.02353),0.66971]
	9071.10520	   0.09071	[mu,kappa]: [(62.13019,357.42512),0.78114]
	9047.44921	   0.09047	[mu,kappa]: [(94.35133,1.31868),0.56385]
	9180.89776	   0.09181	[mu,kappa]: [(145.29873,18.20218),0.65150]
	9035.29919	   0.09035	[mu,kappa]: [(62.33630,355.84148),0.80674]
	8982.70555	   0.08983	[mu,kappa]: [(108.59844,4.81115),0.53563]
	9186.52300	   0.09187	[mu,kappa]: [(78.84254,0.65917),0.61305]
	9115.21973	   0.09115	[mu,kappa]: [(116.97988,4.53702),0.55477]
	9183.95758	   0.09184	[mu,kappa]: [(71.63511,0.85531),0.65007]
			msglen: 2350435.88518 bits.
Iteration #: 8
	9082.78021	   0.09083	[mu,kappa]: [(142.65940,11.31226),0.66810]
	9073.82778	   0.09074	[mu,kappa]: [(150.63765,19.37520),0.72551]
	9067.28561	   0.09067	[mu,kappa]: [(67.41278,356.76328),0.74625]
	9126.52063	   0.09127	[mu,kappa]: [(53.77287,355.84759),0.94116]
	8977.10227	   0.08977	[mu,kappa]: [(93.92592,0.83759),0.57510]
	9285.36507	   0.09285	[mu,kappa]: [(157.22542,29.08956),0.81025]
	9100.62601	   0.09101	[mu,kappa]: [(53.87233,354.44919),0.97162]
	8922.05974	   0.08922	[mu,kappa]: [(114.25043,5.36273),0.54683]
	9135.80639	   0.09136	[mu,kappa]: [(73.28331,359.39983),0.66406]
	9070.74784	   0.09071	[mu,kappa]: [(125.36759,5.92794),0.58057]
	9157.87845	   0.09158	[mu,kappa]: [(64.58771,359.25974),0.73412]
			msglen: 2349270.87785 bits.
Iteration #: 9
	9095.22657	   0.09095	[mu,kappa]: [(153.97044,17.92049),0.80550]
	9164.58581	   0.09165	[mu,kappa]: [(161.14965,32.29082),0.91999]
	9011.77438	   0.09012	[mu,kappa]: [(60.39703,355.20351),0.86836]
	9235.97958	   0.09236	[mu,kappa]: [(45.96824,354.21642),1.19170]
	8842.09052	   0.08842	[mu,kappa]: [(93.71698,359.93762),0.59672]
	9485.59900	   0.09486	[mu,kappa]: [(165.72626,51.83443),1.06925]
	9228.40199	   0.09228	[mu,kappa]: [(45.95784,353.02002),1.23012]
	8806.13720	   0.08806	[mu,kappa]: [(121.47802,5.84441),0.57608]
	9037.44556	   0.09037	[mu,kappa]: [(67.34341,357.74947),0.74631]
	8985.47940	   0.08985	[mu,kappa]: [(135.19093,7.72757),0.63837]
	9107.28000	   0.09107	[mu,kappa]: [(57.47450,357.36392),0.86715]
			msglen: 2347193.74991 bits.
Iteration #: 10
	9112.95744	   0.09113	[mu,kappa]: [(162.82371,29.30522),1.01514]
	9319.12889	   0.09319	[mu,kappa]: [(167.65262,56.99243),1.20374]
	8910.31298	   0.08910	[mu,kappa]: [(54.38736,353.41635),1.04514]
	9434.86398	   0.09435	[mu,kappa]: [(39.37476,352.81576),1.55684]
	8607.71220	   0.08608	[mu,kappa]: [(94.17372,358.34126),0.63804]
	9834.35705	   0.09834	[mu,kappa]: [(168.46248,88.15008),1.43887]
	9458.91473	   0.09459	[mu,kappa]: [(39.23903,351.82581),1.60778]
	8605.87664	   0.08606	[mu,kappa]: [(129.34493,5.77814),0.63715]
	8862.77341	   0.08863	[mu,kappa]: [(62.19547,355.70276),0.86792]
	8837.37115	   0.08837	[mu,kappa]: [(144.65565,9.59012),0.74236]
	9015.73152	   0.09016	[mu,kappa]: [(51.43545,355.29049),1.05889]
			msglen: 2344017.92652 bits.
Iteration #: 11
	9129.61273	   0.09130	[mu,kappa]: [(168.11679,46.70163),1.27507]
	9538.62088	   0.09539	[mu,kappa]: [(169.19103,89.24593),1.55092]
	8745.54656	   0.08746	[mu,kappa]: [(50.47788,351.52551),1.26419]
	9745.58323	   0.09746	[mu,kappa]: [(34.05053,352.04614),2.04243]
	8267.77908	   0.08268	[mu,kappa]: [(95.93438,355.73684),0.71502]
	10353.10031	   0.10353	[mu,kappa]: [(166.45056,115.75026),1.89750]
	9818.84804	   0.09819	[mu,kappa]: [(33.75836,351.25962),2.11330]
	8317.08959	   0.08317	[mu,kappa]: [(135.83210,4.21176),0.74168]
	8595.83900	   0.08596	[mu,kappa]: [(59.30074,353.30899),1.02354]
	8621.39806	   0.08621	[mu,kappa]: [(151.59624,10.27401),0.89159]
	8866.58252	   0.08867	[mu,kappa]: [(47.40888,353.22907),1.29672]
			msglen: 2340153.19748 bits.
Iteration #: 12
	9127.50066	   0.09127	[mu,kappa]: [(170.25517,65.48978),1.52417]
	9774.53645	   0.09774	[mu,kappa]: [(167.53081,111.38235),1.89435]
	8513.79562	   0.08514	[mu,kappa]: [(49.32047,349.58705),1.47867]
	10131.78573	   0.10132	[mu,kappa]: [(29.51384,352.40281),2.62969]
	7900.31219	   0.07900	[mu,kappa]: [(99.27173,352.00256),0.85138]
	10974.05548	   0.10974	[mu,kappa]: [(162.79426,128.92928),2.38432]
	10274.09437	   0.10274	[mu,kappa]: [(29.02687,351.83354),2.73569]
	8005.33198	   0.08005	[mu,kappa]: [(138.89853,0.22858),0.89059]
	8267.53566	   0.08268	[mu,kappa]: [(59.88862,350.58852),1.18732]
	8381.05497	   0.08381	[mu,kappa]: [(154.75200,7.77179),1.06041]
	8649.99689	   0.08650	[mu,kappa]: [(45.83409,351.29586),1.53104]
			msglen: 2336388.84563 bits.
Iteration #: 13
	9077.27598	   0.09077	[mu,kappa]: [(170.65030,78.50244),1.69622]
	9943.57434	   0.09944	[mu,kappa]: [(164.65458,122.72243),2.16718]
	8222.17076	   0.08222	[mu,kappa]: [(51.19404,347.47320),1.62960]
	10501.57173	   0.10501	[mu,kappa]: [(25.14047,354.53678),3.33034]
	7654.79060	   0.07655	[mu,kappa]: [(103.33591,347.47324),1.07404]
	11574.59508	   0.11574	[mu,kappa]: [(158.55584,135.07196),2.84641]
	10741.25853	   0.10741	[mu,kappa]: [(24.44875,354.25195),3.50925]
	7785.54600	   0.07786	[mu,kappa]: [(137.88621,354.30661),1.07778]
	7952.85674	   0.07953	[mu,kappa]: [(64.57027,347.45686),1.33467]
	8190.16540	   0.08190	[mu,kappa]: [(153.96410,1.66855),1.21608]
	8356.19483	   0.08356	[mu,kappa]: [(46.78569,349.39387),1.69559]
			msglen: 2332651.70836 bits.
Iteration #: 14
	8938.95891	   0.08939	[mu,kappa]: [(170.30156,86.15518),1.77492]
	9991.18331	   0.09991	[mu,kappa]: [(160.95886,128.86123),2.36677]
	7866.77540	   0.07867	[mu,kappa]: [(56.31826,344.96620),1.70169]
	10805.53963	   0.10805	[mu,kappa]: [(20.78675,359.25190),4.29727]
	7632.48686	   0.07633	[mu,kappa]: [(106.68761,342.88710),1.40066]
	12109.48253	   0.12109	[mu,kappa]: [(153.93882,138.04770),3.29994]
	11205.65778	   0.11206	[mu,kappa]: [(19.97995,359.32962),4.64187]
	7712.55667	   0.07713	[mu,kappa]: [(133.87469,348.27221),1.30388]
	7709.01692	   0.07709	[mu,kappa]: [(72.96209,343.88441),1.48530]
	8069.70847	   0.08070	[mu,kappa]: [(149.93331,354.48335),1.35180]
	7958.63353	   0.07959	[mu,kappa]: [(50.37834,347.28114),1.76158]
			msglen: 2327824.70961 bits.
Iteration #: 15
	8668.89844	   0.08669	[mu,kappa]: [(169.29599,93.13422),1.79249]
	9922.06753	   0.09922	[mu,kappa]: [(156.38360,132.58588),2.54713]
	7439.21603	   0.07439	[mu,kappa]: [(64.63031,342.07455),1.74383]
	11091.63198	   0.11092	[mu,kappa]: [(17.14247,6.60782),5.81436]
	7808.22757	   0.07808	[mu,kappa]: [(108.57995,338.99135),1.82518]
	12640.21719	   0.12640	[mu,kappa]: [(149.36930,139.35599),3.79063]
	11777.19029	   0.11777	[mu,kappa]: [(16.44366,6.67670),6.47809]
	7726.55858	   0.07727	[mu,kappa]: [(128.79362,343.53239),1.56973]
	7540.88300	   0.07541	[mu,kappa]: [(83.01463,340.19018),1.69991]
	7952.38642	   0.07952	[mu,kappa]: [(144.18822,348.71786),1.48261]
	7432.72296	   0.07433	[mu,kappa]: [(56.83124,344.87339),1.75950]
			msglen: 2321692.39756 bits.
Iteration #: 16
	8268.98984	   0.08269	[mu,kappa]: [(167.22581,101.99186),1.78794]
	9804.91465	   0.09805	[mu,kappa]: [(151.29735,134.90211),2.75527]
	6988.74292	   0.06989	[mu,kappa]: [(74.36153,339.29861),1.82345]
	11429.46984	   0.11429	[mu,kappa]: [(15.06992,13.93732),7.70228]
	8060.93790	   0.08061	[mu,kappa]: [(109.08526,336.19387),2.29862]
	13224.23275	   0.13224	[mu,kappa]: [(145.60948,139.66883),4.28268]
	12487.87993	   0.12488	[mu,kappa]: [(14.63241,12.55183),8.63604]
	7713.50963	   0.07714	[mu,kappa]: [(124.11107,340.46784),1.85076]
	7431.44443	   0.07432	[mu,kappa]: [(91.46908,337.00202),2.00277]
	7748.50172	   0.07749	[mu,kappa]: [(138.45685,345.09989),1.60876]
	6841.37639	   0.06842	[mu,kappa]: [(65.28691,342.60553),1.75024]
			msglen: 2316863.45035 bits.
Iteration #: 17
	7844.76573	   0.07845	[mu,kappa]: [(163.97626,110.65878),1.78158]
	9745.69180	   0.09746	[mu,kappa]: [(146.66578,136.22897),2.97792]
	6625.59022	   0.06626	[mu,kappa]: [(82.39879,337.21450),1.94585]
	11793.34679	   0.11793	[mu,kappa]: [(14.36374,18.38452),8.88132]
	8287.98232	   0.08288	[mu,kappa]: [(108.70392,334.42013),2.73555]
	13801.58498	   0.13801	[mu,kappa]: [(143.29746,139.47351),4.65179]
	13074.45003	   0.13074	[mu,kappa]: [(14.08955,14.22162),9.84576]
	7635.94335	   0.07636	[mu,kappa]: [(120.30228,338.82210),2.10260]
	7378.40903	   0.07379	[mu,kappa]: [(96.70224,334.67232),2.33071]
	7469.00781	   0.07469	[mu,kappa]: [(133.61182,343.26738),1.71077]
	6343.22795	   0.06343	[mu,kappa]: [(73.08159,341.14693),1.76387]
			msglen: 2314658.75777 bits.
Iteration #: 18
	7500.18829	   0.07500	[mu,kappa]: [(160.23234,117.09847),1.78502]
	9776.19927	   0.09776	[mu,kappa]: [(143.22652,136.92180),3.17003]
	6354.26414	   0.06354	[mu,kappa]: [(88.12906,335.76473),2.07357]
	12135.55246	   0.12135	[mu,kappa]: [(14.24733,21.34431),9.18561]
	8451.10699	   0.08451	[mu,kappa]: [(108.11519,333.28960),3.08425]
	14259.24932	   0.14259	[mu,kappa]: [(142.50946,139.21844),4.85138]
	13490.49697	   0.13490	[mu,kappa]: [(14.02129,13.35772),10.16950]
	7530.03985	   0.07530	[mu,kappa]: [(117.44836,338.10593),2.30790]
	7349.77211	   0.07350	[mu,kappa]: [(99.72397,332.98062),2.62137]
	7188.19798	   0.07188	[mu,kappa]: [(129.81113,342.53569),1.78731]
	5964.93261	   0.05965	[mu,kappa]: [(79.12834,340.49880),1.78573]
			msglen: 2313643.75990 bits.
Iteration #: 19
	7249.81164	   0.07250	[mu,kappa]: [(156.56796,121.47902),1.80152]
	9857.15531	   0.09857	[mu,kappa]: [(140.81601,137.20035),3.30792]
	6133.45347	   0.06134	[mu,kappa]: [(92.46880,334.66591),2.19479]
	12462.19988	   0.12462	[mu,kappa]: [(14.36836,24.55891),9.09150]
	8545.13730	   0.08545	[mu,kappa]: [(107.61819,332.49078),3.34144]
	14581.83722	   0.14582	[mu,kappa]: [(142.86642,139.18356),4.94257]
	13838.35653	   0.13838	[mu,kappa]: [(14.10601,11.19229),10.20891]
	7419.02600	   0.07419	[mu,kappa]: [(115.41748,337.98314),2.47400]
	7317.86765	   0.07318	[mu,kappa]: [(101.65006,331.62269),2.86191]
	6938.07187	   0.06938	[mu,kappa]: [(126.91235,342.44925),1.84971]
	5657.08314	   0.05657	[mu,kappa]: [(84.11798,340.32146),1.80934]
			msglen: 2313000.55135 bits.
Iteration #: 20
	7069.31510	   0.07069	[mu,kappa]: [(153.05060,124.36318),1.82582]
	9954.34629	   0.09954	[mu,kappa]: [(138.85825,137.12758),3.39242]
	5952.84016	   0.05953	[mu,kappa]: [(95.92131,333.74691),2.31308]
	12759.53823	   0.12759	[mu,kappa]: [(14.66107,28.78014),8.85844]
	8587.15991	   0.08587	[mu,kappa]: [(107.19501,331.84091),3.52153]
	14817.82101	   0.14818	[mu,kappa]: [(143.96025,139.48134),4.99950]
	14136.52809	   0.14136	[mu,kappa]: [(14.27004,7.75444),10.27467]
	7314.99940	   0.07315	[mu,kappa]: [(113.92911,338.29623),2.61225]
	7284.20222	   0.07284	[mu,kappa]: [(102.90689,330.40135),3.05722]
	6722.65618	   0.06723	[mu,kappa]: [(124.59217,342.78549),1.90634]
	5400.59342	   0.05401	[mu,kappa]: [(88.54661,340.37611),1.84095]
			msglen: 2312434.80641 bits.
Iteration #: 21
	6931.82116	   0.06932	[mu,kappa]: [(149.58872,126.17546),1.85411]
	10051.44936	   0.10051	[mu,kappa]: [(136.86211,136.71651),3.43671]
	5808.82591	   0.05809	[mu,kappa]: [(98.67600,332.92287),2.43105]
	13015.02737	   0.13015	[mu,kappa]: [(15.19209,34.46815),8.58888]
	8596.18464	   0.08596	[mu,kappa]: [(106.80546,331.22346),3.64205]
	15007.69021	   0.15007	[mu,kappa]: [(145.55784,140.16747),5.07539]
	14384.30508	   0.14384	[mu,kappa]: [(14.54597,2.74704),10.52279]
	7224.78572	   0.07225	[mu,kappa]: [(112.79127,338.98183),2.73386]
	7254.06594	   0.07254	[mu,kappa]: [(103.67477,329.17569),3.21484]
	6538.44108	   0.06539	[mu,kappa]: [(122.60640,343.41488),1.96438]
	5187.40354	   0.05188	[mu,kappa]: [(92.56645,340.53814),1.88712]
			msglen: 2311754.02846 bits.
Iteration #: 22
	6812.78340	   0.06813	[mu,kappa]: [(146.14681,127.27120),1.88712]
	10141.53203	   0.10141	[mu,kappa]: [(134.49319,135.98982),3.46083]
	5694.56991	   0.05695	[mu,kappa]: [(100.84631,332.14413),2.54900]
	13226.74659	   0.13227	[mu,kappa]: [(16.13582,41.80732),8.34983]
	8584.89100	   0.08585	[mu,kappa]: [(106.43878,330.55638),3.71924]
	15173.88910	   0.15174	[mu,kappa]: [(147.55909,141.30823),5.21065]
	14596.90740	   0.14597	[mu,kappa]: [(15.04191,356.03340),11.09621]
	7151.03757	   0.07151	[mu,kappa]: [(111.91650,340.03897),2.85002]
	7229.45375	   0.07230	[mu,kappa]: [(104.07583,327.82772),3.34371]
	6379.44008	   0.06380	[mu,kappa]: [(120.83869,344.25051),2.03142]
	5008.74916	   0.05009	[mu,kappa]: [(96.20735,340.74276),1.95276]
			msglen: 2310738.87288 bits.
Iteration #: 23
	6686.21164	   0.06686	[mu,kappa]: [(142.81613,128.00233),1.92966]
	10221.48966	   0.10221	[mu,kappa]: [(131.54721,135.00647),3.49317]
	5601.26118	   0.05601	[mu,kappa]: [(102.53460,331.37344),2.66682]
	13392.55442	   0.13392	[mu,kappa]: [(17.71375,50.27578),8.23491]
	8559.92773	   0.08560	[mu,kappa]: [(106.09335,329.77616),3.76721]
	15330.49516	   0.15330	[mu,kappa]: [(149.90010,142.99341),5.44422]
	14808.81380	   0.14808	[mu,kappa]: [(15.88935,348.09329),12.18012]
	7094.60955	   0.07095	[mu,kappa]: [(111.26719,341.52227),2.97367]
	7210.91979	   0.07211	[mu,kappa]: [(104.19974,326.24912),3.45483]
	6238.59968	   0.06239	[mu,kappa]: [(119.24895,345.23805),2.11620]
	4855.11739	   0.04855	[mu,kappa]: [(99.47518,340.96024),2.04261]
			msglen: 2309156.30776 bits.
Iteration #: 24
	6525.36356	   0.06526	[mu,kappa]: [(139.79844,128.72441),1.98766]
	10292.17935	   0.10292	[mu,kappa]: [(127.96021,133.87084),3.57258]
	5521.00237	   0.05521	[mu,kappa]: [(103.82380,330.57939),2.78353]
	13501.95009	   0.13502	[mu,kappa]: [(19.96509,58.46253),8.37721]
	8524.14639	   0.08524	[mu,kappa]: [(105.76002,328.82428),3.79730]
	15489.09445	   0.15489	[mu,kappa]: [(152.47191,145.30419),5.81726]
	15056.75012	   0.15056	[mu,kappa]: [(17.09193,340.23798),13.95119]
	7058.78455	   0.07059	[mu,kappa]: [(110.81153,343.54736),3.12177]
	7200.26841	   0.07200	[mu,kappa]: [(104.09875,324.33136),3.56064]
	6110.72174	   0.06111	[mu,kappa]: [(117.81591,346.37575),2.22802]
	4719.73899	   0.04720	[mu,kappa]: [(102.34619,341.21353),2.16037]
			msglen: 2306937.54068 bits.
Iteration #: 25
	6312.64786	   0.06313	[mu,kappa]: [(137.28893,129.75094),2.06236]
	10364.38971	   0.10364	[mu,kappa]: [(123.84285,132.71113),3.74650]
	5448.82958	   0.05449	[mu,kappa]: [(104.75011,329.72480),2.89366]
	13554.31455	   0.13554	[mu,kappa]: [(22.46240,64.83498),8.88044]
	8478.66688	   0.08479	[mu,kappa]: [(105.40946,327.62678),3.81631]
	15656.82881	   0.15656	[mu,kappa]: [(155.08822,148.23994),6.36858]
	15327.01685	   0.15327	[mu,kappa]: [(18.39836,333.92087),16.35093]
	7055.03348	   0.07055	[mu,kappa]: [(110.49071,346.29291),3.31797]
	7203.35498	   0.07203	[mu,kappa]: [(103.77939,321.95236),3.67382]
	5996.89808	   0.05997	[mu,kappa]: [(116.48633,347.74698),2.37381]
	4602.01922	   0.04602	[mu,kappa]: [(104.72264,341.60527),2.30359]
			msglen: 2304386.46437 bits.
Iteration #: 26
	6047.47351	   0.06048	[mu,kappa]: [(135.39771,131.34429),2.14551]
	10458.05406	   0.10458	[mu,kappa]: [(119.50763,131.63533),4.06509]
	5380.17377	   0.05380	[mu,kappa]: [(105.30771,328.72640),2.98560]
	13582.37187	   0.13582	[mu,kappa]: [(24.48080,68.76684),9.67457]
	8422.18755	   0.08422	[mu,kappa]: [(104.98966,326.06124),3.82696]
	15832.44632	   0.15832	[mu,kappa]: [(157.52151,151.61747),7.12228]
	15533.36453	   0.15533	[mu,kappa]: [(19.46998,329.72121),18.88125]
	7106.41502	   0.07107	[mu,kappa]: [(110.21801,349.95336),3.60215]
	7231.36281	   0.07231	[mu,kappa]: [(103.21241,318.97007),3.80976]
	5902.89584	   0.05903	[mu,kappa]: [(115.17519,349.49095),2.55611]
	4503.25472	   0.04504	[mu,kappa]: [(106.46865,342.26915),2.45932]
			msglen: 2301950.88625 bits.
Iteration #: 27
	5741.53093	   0.05742	[mu,kappa]: [(134.24511,133.84353),2.22228]
	10579.28775	   0.10579	[mu,kappa]: [(115.43587,130.69752),4.57134]
	5302.00253	   0.05302	[mu,kappa]: [(105.51584,327.40313),3.04904]
	13623.93159	   0.13624	[mu,kappa]: [(25.64482,70.65878),10.48841]
	8345.20398	   0.08345	[mu,kappa]: [(104.45351,323.93578),3.83649]
	16011.34029	   0.16011	[mu,kappa]: [(159.57166,154.97088),8.05979]
	15616.73431	   0.15616	[mu,kappa]: [(20.16664,327.29232),20.91753]
	7245.64963	   0.07246	[mu,kappa]: [(109.93674,354.60148),4.06091]
	7298.08763	   0.07298	[mu,kappa]: [(102.39275,315.28025),3.99888]
	5824.14490	   0.05824	[mu,kappa]: [(113.85563,351.68260),2.77739]
	4412.08646	   0.04412	[mu,kappa]: [(107.56433,343.23705),2.60946]
			msglen: 2299689.35183 bits.
Iteration #: 28
	5420.02955	   0.05420	[mu,kappa]: [(133.99432,137.84391),2.28356]
	10701.35680	   0.10701	[mu,kappa]: [(112.08512,129.88177),5.28131]
	5186.87413	   0.05187	[mu,kappa]: [(105.44768,325.47036),3.08728]
	13704.19308	   0.13704	[mu,kappa]: [(26.13818,71.33471),11.07590]
	8226.29319	   0.08226	[mu,kappa]: [(103.78123,321.04179),3.87053]
	16193.07944	   0.16193	[mu,kappa]: [(161.12875,157.58184),9.08553]
	15613.29331	   0.15613	[mu,kappa]: [(20.56642,325.99254),22.23017]
	7518.88821	   0.07519	[mu,kappa]: [(109.66721,359.99508),4.89931]
	7416.49207	   0.07417	[mu,kappa]: [(101.40444,311.00570),4.30246]
	5726.07240	   0.05726	[mu,kappa]: [(112.60634,354.20372),3.04595]
	4293.42782	   0.04294	[mu,kappa]: [(108.15265,344.31983),2.74044]
			msglen: 2297251.66444 bits.
Iteration #: 29
	5133.60892	   0.05134	[mu,kappa]: [(134.60160,144.14767),2.34246]
	10785.80337	   0.10786	[mu,kappa]: [(109.64138,129.11148),6.15593]
	4999.73184	   0.05000	[mu,kappa]: [(105.14619,322.61122),3.12280]
	13849.28110	   0.13849	[mu,kappa]: [(26.31239,71.44830),11.36716]
	8040.87285	   0.08041	[mu,kappa]: [(102.96020,317.32963),3.98168]
	16378.64203	   0.16378	[mu,kappa]: [(162.21280,158.81246),10.05495]
	15591.55619	   0.15591	[mu,kappa]: [(20.80857,325.32838),22.95229]
	8004.71851	   0.08005	[mu,kappa]: [(109.48997,5.46132),6.60662]
	7594.62377	   0.07595	[mu,kappa]: [(100.41755,306.73620),4.81235]
	5530.65494	   0.05531	[mu,kappa]: [(111.50515,356.64918),3.36491]
	4090.50648	   0.04091	[mu,kappa]: [(108.36601,345.01448),2.83918]
			msglen: 2294083.23529 bits.
Iteration #: 30
	4952.27734	   0.04953	[mu,kappa]: [(135.56705,153.19855),2.44233]
	10816.83068	   0.10817	[mu,kappa]: [(107.99653,128.31120),7.08909]
	4720.64237	   0.04721	[mu,kappa]: [(104.57606,318.68285),3.19671]
	14075.31241	   0.14075	[mu,kappa]: [(26.41046,71.29617),11.39558]
	7784.76388	   0.07785	[mu,kappa]: [(102.00972,313.20290),4.24622]
	16558.75729	   0.16558	[mu,kappa]: [(162.94829,158.47289),10.87479]
	15592.95790	   0.15593	[mu,kappa]: [(20.99245,325.02004),23.27805]
	8815.07171	   0.08815	[mu,kappa]: [(109.51647,10.07098),10.25412]
	7822.10161	   0.07822	[mu,kappa]: [(99.63239,303.49402),5.61069]
	5116.43127	   0.05117	[mu,kappa]: [(110.51188,358.26453),3.68574]
	3744.85356	   0.03745	[mu,kappa]: [(108.15471,344.39836),2.87855]
			msglen: 2289667.35773 bits.
Iteration #: 31
	4944.62885	   0.04945	[mu,kappa]: [(136.24140,164.26689),2.63801]
	10808.39662	   0.10808	[mu,kappa]: [(106.93093,127.48206),7.94414]
	4386.41687	   0.04387	[mu,kappa]: [(103.81787,314.26130),3.35095]
	14364.99371	   0.14365	[mu,kappa]: [(26.52736,70.97433),11.22232]
	7505.39545	   0.07505	[mu,kappa]: [(101.11676,309.73382),4.71331]
	16687.90245	   0.16687	[mu,kappa]: [(163.47962,156.82184),11.54700]
	15620.05067	   0.15620	[mu,kappa]: [(21.15604,324.87848),23.35006]
	9940.69502	   0.09941	[mu,kappa]: [(109.76187,13.15344),16.83573]
	8052.62048	   0.08053	[mu,kappa]: [(99.18383,302.11897),6.65503]
	4417.68102	   0.04418	[mu,kappa]: [(109.40671,358.12494),3.86808]
	3271.21887	   0.03272	[mu,kappa]: [(107.28656,341.48564),2.83877]
			msglen: 2284983.26772 bits.
Iteration #: 32
	5154.78901	   0.05155	[mu,kappa]: [(136.53702,175.59478),2.96135]
	10792.75466	   0.10793	[mu,kappa]: [(106.25454,126.70346),8.62867]
	4095.37284	   0.04096	[mu,kappa]: [(103.33691,310.90848),3.56373]
	14664.66157	   0.14664	[mu,kappa]: [(26.63238,70.61341),10.94386]
	7281.93954	   0.07282	[mu,kappa]: [(100.59217,308.02267),5.28679]
	16687.32053	   0.16687	[mu,kappa]: [(163.90542,154.21965),12.15534]
	15655.92439	   0.15656	[mu,kappa]: [(21.30207,324.75797),23.28263]
	10927.14136	   0.10927	[mu,kappa]: [(110.01531,14.74516),23.39229]
	8220.67571	   0.08221	[mu,kappa]: [(99.02325,302.45364),7.70828]
	3680.83829	   0.03681	[mu,kappa]: [(107.93785,356.26780),3.87084]
	2838.58209	   0.02839	[mu,kappa]: [(105.85105,337.15317),2.78495]
			msglen: 2282279.49633 bits.
Iteration #: 33
	5566.93914	   0.05567	[mu,kappa]: [(136.74529,185.70629),3.42254]
	10812.09086	   0.10812	[mu,kappa]: [(105.84126,126.07355),9.11900]
	3891.35450	   0.03892	[mu,kappa]: [(103.37108,309.28305),3.75722]
	14935.08386	   0.14935	[mu,kappa]: [(26.68430,70.30767),10.65394]
	7128.86595	   0.07129	[mu,kappa]: [(100.40177,307.81373),5.79802]
	16491.21934	   0.16491	[mu,kappa]: [(164.25976,150.72700),12.86256]
	15680.30532	   0.15680	[mu,kappa]: [(21.42893,324.62069),23.15883]
	11420.51235	   0.11420	[mu,kappa]: [(110.14764,15.40897),26.45035]
	8310.82952	   0.08311	[mu,kappa]: [(98.95123,303.51856),8.56761]
	3199.81554	   0.03200	[mu,kappa]: [(106.34143,354.31496),3.86254]
	2562.98364	   0.02563	[mu,kappa]: [(104.54563,333.83086),2.78162]
			msglen: 2280951.65349 bits.
Iteration #: 34
	6108.35936	   0.06109	[mu,kappa]: [(137.02639,193.99205),4.03267]
	10899.72039	   0.10900	[mu,kappa]: [(105.62439,125.68317),9.42851]
	3741.48018	   0.03742	[mu,kappa]: [(103.61253,308.57982),3.91435]
	15159.27321	   0.15159	[mu,kappa]: [(26.67302,70.08073),10.40362]
	7012.12237	   0.07012	[mu,kappa]: [(100.29306,308.11344),6.20014]
	16073.20836	   0.16073	[mu,kappa]: [(164.51103,146.31235),13.87992]
	15681.52677	   0.15681	[mu,kappa]: [(21.53230,324.47704),23.03888]
	11670.53604	   0.11670	[mu,kappa]: [(110.21694,15.65706),27.18250]
	8351.09105	   0.08351	[mu,kappa]: [(98.83990,304.53264),9.20402]
	2914.75198	   0.02915	[mu,kappa]: [(104.98338,353.01279),3.89732]
	2387.93028	   0.02388	[mu,kappa]: [(103.60255,331.83843),2.81109]
			msglen: 2279876.00228 bits.
Iteration #: 35
	6694.62644	   0.06695	[mu,kappa]: [(137.47931,200.41092),4.78736]
	11074.71110	   0.11075	[mu,kappa]: [(105.58722,125.56599),9.57582]
	3622.10536	   0.03622	[mu,kappa]: [(103.82592,308.22135),4.05760]
	15339.16114	   0.15339	[mu,kappa]: [(26.61494,69.90296),10.20552]
	6919.29121	   0.06919	[mu,kappa]: [(100.17617,308.42794),6.51341]
	15475.96931	   0.15476	[mu,kappa]: [(164.62757,141.16838),15.41924]
	15663.76810	   0.15663	[mu,kappa]: [(21.61597,324.34551),22.94929]
	11860.93509	   0.11861	[mu,kappa]: [(110.26633,15.73429),27.07801]
	8367.94249	   0.08368	[mu,kappa]: [(98.69412,305.27121),9.65157]
	2721.96465	   0.02722	[mu,kappa]: [(103.96188,352.16062),3.95108]
	2259.52510	   0.02260	[mu,kappa]: [(102.89400,330.56874),2.85633]
			msglen: 2278767.92589 bits.
Iteration #: 36
	7252.20654	   0.07252	[mu,kappa]: [(138.11601,205.17237),5.64959]
	11335.39593	   0.11335	[mu,kappa]: [(105.73602,125.69609),9.57998]
	3526.56767	   0.03527	[mu,kappa]: [(103.94937,308.02210),4.20058]
	15483.53496	   0.15483	[mu,kappa]: [(26.53477,69.73191),10.05434]
	6850.63045	   0.06851	[mu,kappa]: [(100.06093,308.64456),6.75648]
	14777.86180	   0.14778	[mu,kappa]: [(164.61615,135.83048),17.66179]
	15634.58955	   0.15634	[mu,kappa]: [(21.68608,324.23284),22.89291]
	12028.55355	   0.12028	[mu,kappa]: [(110.30855,15.74115),26.74118]
	8376.31017	   0.08376	[mu,kappa]: [(98.55035,305.75813),9.94527]
	2576.46457	   0.02577	[mu,kappa]: [(103.26159,351.52242),4.00557]
	2157.88481	   0.02158	[mu,kappa]: [(102.33483,329.65131),2.91123]
			msglen: 2277625.31966 bits.
Iteration #: 37
	7727.04497	   0.07727	[mu,kappa]: [(138.88841,208.51405),6.53859]
	11659.29178	   0.11659	[mu,kappa]: [(106.06939,125.99441),9.46809]
	3453.65495	   0.03454	[mu,kappa]: [(104.00064,307.89992),4.34185]
	15600.75427	   0.15600	[mu,kappa]: [(26.45079,69.54608),9.94198]
	6805.49687	   0.06806	[mu,kappa]: [(99.96808,308.75872),6.93851]
	14059.96570	   0.14060	[mu,kappa]: [(164.53902,130.96557),20.68965]
	15599.13672	   0.15599	[mu,kappa]: [(21.74607,324.13649),22.86508]
	12174.88150	   0.12175	[mu,kappa]: [(110.34448,15.72088),26.37098]
	8382.49823	   0.08383	[mu,kappa]: [(98.42998,306.05895),10.11544]
	2460.78524	   0.02461	[mu,kappa]: [(102.84975,350.97530),4.05151]
	2076.48975	   0.02077	[mu,kappa]: [(101.91323,328.90353),2.96996]
			msglen: 2276553.36299 bits.
Iteration #: 38
	8095.14550	   0.08095	[mu,kappa]: [(139.72716,210.68190),7.34312]
	12010.52610	   0.12010	[mu,kappa]: [(106.55394,126.35476),9.27763]
	3402.33145	   0.03403	[mu,kappa]: [(104.02295,307.79064),4.47216]
	15697.48132	   0.15697	[mu,kappa]: [(26.37246,69.34668),9.86040]
	6780.46236	   0.06781	[mu,kappa]: [(99.90666,308.78961),7.06600]
	13387.09216	   0.13387	[mu,kappa]: [(164.47764,127.02435),24.36114]
	15560.65792	   0.15560	[mu,kappa]: [(21.79741,324.05190),22.85993]
	12298.81001	   0.12299	[mu,kappa]: [(110.37170,15.69202),26.03247]
	8388.41807	   0.08388	[mu,kappa]: [(98.33799,306.23372),10.19078]
	2366.73135	   0.02367	[mu,kappa]: [(102.68522,350.46238),4.08463]
	2012.34376	   0.02013	[mu,kappa]: [(101.64275,328.22369),3.02590]
			msglen: 2275680.28920 bits.
Iteration #: 39
	8364.35890	   0.08364	[mu,kappa]: [(140.56180,211.96213),7.97149]
	12350.41324	   0.12350	[mu,kappa]: [(107.11894,126.68909),9.05025]
	3369.37178	   0.03370	[mu,kappa]: [(104.04878,307.65754),4.58305]
	15778.49407	   0.15778	[mu,kappa]: [(26.30239,69.14552),9.80172]
	6770.12009	   0.06770	[mu,kappa]: [(99.87191,308.76575),7.14835]
	12799.28323	   0.12799	[mu,kappa]: [(164.47001,124.09915),28.26198]
	15521.28069	   0.15521	[mu,kappa]: [(21.84103,323.97609),22.87193]
	12401.11367	   0.12401	[mu,kappa]: [(110.38841,15.66198),25.74673]
	8393.92774	   0.08394	[mu,kappa]: [(98.26875,306.33385),10.19981]
	2289.05998	   0.02289	[mu,kappa]: [(102.71110,349.95607),4.10491]
	1962.57662	   0.01963	[mu,kappa]: [(101.51946,327.56022),3.07434]
			msglen: 2275070.37124 bits.
Iteration #: 40
	8559.92140	   0.08560	[mu,kappa]: [(141.33607,212.65161),8.39617]
	12649.20843	   0.12649	[mu,kappa]: [(107.67969,126.95457),8.82178]
	3349.51747	   0.03350	[mu,kappa]: [(104.08436,307.49787),4.67209]
	15847.12968	   0.15847	[mu,kappa]: [(26.23975,68.95302),9.75910]
	6768.57344	   0.06769	[mu,kappa]: [(99.85069,308.71768),7.19841]
	12313.35906	   0.12313	[mu,kappa]: [(164.50175,122.04102),31.87959]
	15482.33265	   0.15482	[mu,kappa]: [(21.87792,323.90795),22.89631]
	12484.33097	   0.12484	[mu,kappa]: [(110.39511,15.63371),25.51683]
	8398.28626	   0.08398	[mu,kappa]: [(98.21245,306.40004),10.16901]
	2223.58585	   0.02224	[mu,kappa]: [(102.85869,349.44348),4.11574]
	1923.75479	   0.01924	[mu,kappa]: [(101.50795,326.89979),3.11427]
			msglen: 2274697.39404 bits.
Iteration #: 41
	8706.98607	   0.08707	[mu,kappa]: [(142.01486,212.99462),8.64708]
	12892.86711	   0.12893	[mu,kappa]: [(108.17232,127.14621),8.61593]
	3337.37347	   0.03338	[mu,kappa]: [(104.11915,307.32659),4.74242]
	15905.89879	   0.15906	[mu,kappa]: [(26.18311,68.77389),9.72739]
	6771.04891	   0.06771	[mu,kappa]: [(99.83048,308.66857),7.22905]
	11928.66459	   0.11929	[mu,kappa]: [(164.54419,120.63033),34.87438]
	15444.61119	   0.15444	[mu,kappa]: [(21.90915,323.84690),22.92904]
	12552.05382	   0.12552	[mu,kappa]: [(110.39429,15.60861),25.33634]
	8401.10611	   0.08401	[mu,kappa]: [(98.16136,306.45830),10.11932]
	2166.92070	   0.02167	[mu,kappa]: [(103.06348,348.92183),4.12168]
	1892.46924	   0.01893	[mu,kappa]: [(101.55800,326.24994),3.14751]
			msglen: 2274488.66125 bits.
Iteration #: 42
	8822.92245	   0.08823	[mu,kappa]: [(142.58442,213.15333),8.77516]
	13081.17047	   0.13081	[mu,kappa]: [(108.56898,127.27632),8.44378]
	3328.96160	   0.03329	[mu,kappa]: [(104.14170,307.15845),4.79938]
	15956.91660	   0.15957	[mu,kappa]: [(26.13152,68.60904),9.70299]
	6774.61737	   0.06775	[mu,kappa]: [(99.80494,308.63003),7.25002]
	11633.56176	   0.11633	[mu,kappa]: [(164.58039,119.67098),37.17095]
	15408.61350	   0.15408	[mu,kappa]: [(21.93579,323.79204),22.96679]
	12608.08798	   0.12608	[mu,kappa]: [(110.38908,15.58732),25.19447]
	8402.52554	   0.08403	[mu,kappa]: [(98.11251,306.52028),10.06412]
	2116.58990	   0.02117	[mu,kappa]: [(103.27856,348.39513),4.12648]
	1866.03282	   0.01866	[mu,kappa]: [(101.62708,325.62268),3.17666]
			msglen: 2274376.17761 bits.
Iteration #: 43
	8917.99110	   0.08918	[mu,kappa]: [(143.04797,213.21971),8.82600]
	13221.46510	   0.13221	[mu,kappa]: [(108.87017,127.36059),8.30711]
	3322.00421	   0.03322	[mu,kappa]: [(104.14674,307.00153),4.84772]
	16002.01399	   0.16002	[mu,kappa]: [(26.08455,68.45813),9.68332]
	6777.91167	   0.06778	[mu,kappa]: [(99.77346,308.60463),7.26712]
	11411.60181	   0.11411	[mu,kappa]: [(164.60590,119.01602),38.86030]
	15374.65715	   0.15374	[mu,kappa]: [(21.95882,323.74228),23.00682]
	12655.75628	   0.12656	[mu,kappa]: [(110.38205,15.56978),25.08016]
	8402.91606	   0.08403	[mu,kappa]: [(98.06644,306.58819),10.01021]
	2070.98857	   0.02071	[mu,kappa]: [(103.47742,347.87018),4.13227]
	1842.69405	   0.01843	[mu,kappa]: [(101.68963,325.02664),3.20378]
			msglen: 2274315.31302 bits.
Iteration #: 44
	8998.10136	   0.08998	[mu,kappa]: [(143.41857,213.24078),8.83196]
	13323.35303	   0.13323	[mu,kappa]: [(109.09025,127.41247),8.20244]
	3315.45857	   0.03316	[mu,kappa]: [(104.13441,306.85837),4.89074]
	16042.65539	   0.16042	[mu,kappa]: [(26.04197,68.32069),9.66652]
	6780.50328	   0.06781	[mu,kappa]: [(99.73817,308.59043),7.28312]
	11246.21799	   0.11246	[mu,kappa]: [(164.62203,118.56372),40.08180]
	15342.91782	   0.15343	[mu,kappa]: [(21.97905,323.69671),23.04710]
	12697.55293	   0.12697	[mu,kappa]: [(110.37484,15.55549),24.98439]
	8402.63514	   0.08403	[mu,kappa]: [(98.02486,306.65996),9.96009]
	2029.14909	   0.02030	[mu,kappa]: [(103.64894,347.35360),4.13991]
	1821.45541	   0.01822	[mu,kappa]: [(101.73454,324.46590),3.23010]
			msglen: 2274281.26234 bits.
Iteration #: 45
	9066.82015	   0.09067	[mu,kappa]: [(143.71257,213.23934),8.81353]
	13395.89744	   0.13396	[mu,kappa]: [(109.24699,127.44208),8.12430]
	3308.96758	   0.03309	[mu,kappa]: [(104.10743,306.72867),4.93045]
	16079.88701	   0.16080	[mu,kappa]: [(26.00355,68.19604),9.65135]
	6782.40218	   0.06783	[mu,kappa]: [(99.70160,308.58425),7.29900]
	11123.20214	   0.11123	[mu,kappa]: [(164.63138,118.24633),40.96242]
	15313.44742	   0.15313	[mu,kappa]: [(21.99706,323.65476),23.08626]
	12735.15311	   0.12735	[mu,kappa]: [(110.36827,15.54374),24.90090]
	8401.94602	   0.08402	[mu,kappa]: [(97.98912,306.73267),9.91410]
	1990.48533	   0.01991	[mu,kappa]: [(103.79094,346.85035),4.14946]
	1801.79162	   0.01802	[mu,kappa]: [(101.75931,323.94122),3.25619]
			msglen: 2274261.17411 bits.
Iteration #: 46
	9126.46710	   0.09126	[mu,kappa]: [(143.94575,213.22632),8.78292]
	13446.63129	   0.13446	[mu,kappa]: [(109.35655,127.45665),8.06709]
	3302.48520	   0.03303	[mu,kappa]: [(104.06915,306.61110),4.96796]
	16114.38613	   0.16114	[mu,kappa]: [(25.96894,68.08331),9.63707]
	6783.77073	   0.06784	[mu,kappa]: [(99.66568,308.58325),7.31493]
	11031.38546	   0.11031	[mu,kappa]: [(164.63621,118.01942),41.60004]
	15286.20198	   0.15286	[mu,kappa]: [(22.01330,323.61614),23.12348]
	12769.60462	   0.12769	[mu,kappa]: [(110.36265,15.53388),24.82575]
	8401.02430	   0.08401	[mu,kappa]: [(97.95980,306.80389),9.87172]
	1954.61245	   0.01955	[mu,kappa]: [(103.90545,346.36345),4.16065]
	1783.43075	   0.01784	[mu,kappa]: [(101.76539,323.45138),3.28227]
			msglen: 2274248.51941 bits.
Iteration #: 47
	9178.66954	   0.09179	[mu,kappa]: [(144.13156,213.20713),8.74716]
	13481.44123	   0.13481	[mu,kappa]: [(109.43192,127.46123),8.02585]
	3296.07589	   0.03296	[mu,kappa]: [(104.02258,306.50419),5.00389]
	16146.56319	   0.16146	[mu,kappa]: [(25.93777,67.98146),9.62331]
	6784.79060	   0.06785	[mu,kappa]: [(99.63159,308.58533),7.33073]
	10962.38951	   0.10962	[mu,kappa]: [(164.63818,117.85395),42.06533]
	15261.07564	   0.15261	[mu,kappa]: [(22.02802,323.58066),23.15836]
	12801.54104	   0.12801	[mu,kappa]: [(110.35800,15.52541),24.75662]
	8399.98386	   0.08400	[mu,kappa]: [(97.93683,306.87208),9.83222]
	1921.24643	   0.01922	[mu,kappa]: [(103.99604,345.89433),4.17309]
	1766.22305	   0.01767	[mu,kappa]: [(101.75567,322.99424),3.30837]
			msglen: 2274239.96337 bits.
Iteration #: 48
	9224.64405	   0.09225	[mu,kappa]: [(144.28085,213.18470),8.71013]
	13504.77673	   0.13505	[mu,kappa]: [(109.48291,127.45931),7.99654]
	3289.82363	   0.03290	[mu,kappa]: [(103.97020,306.40665),5.03853]
	16176.66230	   0.16176	[mu,kappa]: [(25.90966,67.88935),9.60991]
	6785.61296	   0.06786	[mu,kappa]: [(99.59991,308.58911),7.34616]
	10910.07614	   0.10910	[mu,kappa]: [(164.63838,117.73083),42.40803]
	15237.93037	   0.15238	[mu,kappa]: [(22.04145,323.54817),23.19078]
	12831.34712	   0.12831	[mu,kappa]: [(110.35420,15.51794),24.69224]
	8398.89844	   0.08399	[mu,kappa]: [(97.91972,306.93644),9.79494]
	1890.15528	   0.01891	[mu,kappa]: [(104.06652,345.44336),4.18642]
	1750.07299	   0.01750	[mu,kappa]: [(101.73322,322.56735),3.33447]
			msglen: 2274233.77194 bits.
Iteration #: 49
	9265.34332	   0.09265	[mu,kappa]: [(144.40204,213.16075),8.67392]
	13519.93531	   0.13520	[mu,kappa]: [(109.51671,127.45328),7.97600]
	3283.79763	   0.03284	[mu,kappa]: [(103.91390,306.31743),5.07203]
	16204.83622	   0.16204	[mu,kappa]: [(25.88423,67.80586),9.59688]
	6786.34720	   0.06786	[mu,kappa]: [(99.57081,308.59377),7.36103]
	10869.99567	   0.10870	[mu,kappa]: [(164.63753,117.63735),42.66298]
	15216.61667	   0.15216	[mu,kappa]: [(22.05371,323.51847),23.22076]
	12859.26775	   0.12859	[mu,kappa]: [(110.35114,15.51123),24.63188]
	8397.81568	   0.08398	[mu,kappa]: [(97.90778,306.99670),9.75939]
	1861.13729	   0.01862	[mu,kappa]: [(104.12037,345.01022),4.20033]
	1734.90726	   0.01735	[mu,kappa]: [(101.70082,322.16821),3.36049]
			msglen: 2274229.02049 bits.
Iteration #: 50
	9301.53677	   0.09302	[mu,kappa]: [(144.50155,213.13645),8.63958]
	13529.32935	   0.13529	[mu,kappa]: [(109.53849,127.44478),7.96184]
	3278.04395	   0.03278	[mu,kappa]: [(103.85510,306.23568),5.10448]
	16231.19399	   0.16231	[mu,kappa]: [(25.86118,67.72998),9.58425]
	6787.06494	   0.06787	[mu,kappa]: [(99.54425,308.59883),7.37520]
	10838.93283	   0.10839	[mu,kappa]: [(164.63609,117.56496),42.85464]
	15196.98590	   0.15197	[mu,kappa]: [(22.06493,323.49138),23.24843]
	12885.47319	   0.12885	[mu,kappa]: [(110.34867,15.50512),24.57513]
	8396.76595	   0.08397	[mu,kappa]: [(97.90028,307.05288),9.72522]
	1834.01184	   0.01834	[mu,kappa]: [(104.16059,344.59424),4.21455]
	1720.66129	   0.01721	[mu,kappa]: [(101.66080,321.79448),3.38636]
			msglen: 2274225.20019 bits.
Iteration #: 51
	9333.85797	   0.09334	[mu,kappa]: [(144.58423,213.11259),8.60758]
	13534.70709	   0.13534	[mu,kappa]: [(109.55194,127.43493),7.95226]
	3272.58722	   0.03273	[mu,kappa]: [(103.79484,306.16068),5.13589]
	16255.82745	   0.16255	[mu,kappa]: [(25.84022,67.66078),9.57208]
	6787.80855	   0.06788	[mu,kappa]: [(99.52004,308.60405),7.38859]
	10814.56233	   0.10814	[mu,kappa]: [(164.63435,117.50782),43.00027]
	15178.89658	   0.15179	[mu,kappa]: [(22.07519,323.46667),23.27394]
	12910.09519	   0.12910	[mu,kappa]: [(110.34669,15.49950),24.52174]
	8395.76786	   0.08396	[mu,kappa]: [(97.89650,307.10521),9.69221]
	1808.61556	   0.01809	[mu,kappa]: [(104.18968,344.19459),4.22889]
	1707.27421	   0.01708	[mu,kappa]: [(101.61509,321.44399),3.41204]
			msglen: 2274222.02010 bits.
Iteration #: 52
	9362.83505	   0.09363	[mu,kappa]: [(144.65378,213.08971),8.57803]
	13537.32545	   0.13537	[mu,kappa]: [(109.55967,127.42446),7.94593]
	3267.43549	   0.03268	[mu,kappa]: [(103.73390,306.09186),5.16630]
	16278.82418	   0.16278	[mu,kappa]: [(25.82111,67.59747),9.56042]
	6788.59964	   0.06789	[mu,kappa]: [(99.49797,308.60930),7.40115]
	10795.19723	   0.10795	[mu,kappa]: [(164.63250,117.46189),43.11215]
	15162.21716	   0.15162	[mu,kappa]: [(22.08459,323.44412),23.29746]
	12933.24587	   0.12933	[mu,kappa]: [(110.34509,15.49428),24.47149]
	8394.83205	   0.08395	[mu,kappa]: [(97.89582,307.15396),9.66021]
	1784.80036	   0.01785	[mu,kappa]: [(104.20966,343.81035),4.24321]
	1694.68752	   0.01695	[mu,kappa]: [(101.56521,321.11478),3.43746]
			msglen: 2274219.30616 bits.
Iteration #: 53
	9388.91182	   0.09389	[mu,kappa]: [(144.71295,213.06818),8.55091]
	13538.08152	   0.13538	[mu,kappa]: [(109.56352,127.41387),7.94189]
	3262.58529	   0.03263	[mu,kappa]: [(103.67282,306.02870),5.19571]
	16300.27260	   0.16300	[mu,kappa]: [(25.80365,67.53937),9.54931]
	6789.44613	   0.06790	[mu,kappa]: [(99.47781,308.61454),7.41289]
	10779.60817	   0.10780	[mu,kappa]: [(164.63065,117.42433),43.19908]
	15146.82674	   0.15146	[mu,kappa]: [(22.09319,323.42353),23.31916]
	12955.02670	   0.12955	[mu,kappa]: [(110.34380,15.48941),24.42421]
	8393.96367	   0.08394	[mu,kappa]: [(97.89770,307.19944),9.62914]
	1762.43223	   0.01763	[mu,kappa]: [(104.22222,343.44062),4.25739]
	1682.84513	   0.01683	[mu,kappa]: [(101.51234,320.80511),3.46257]
			msglen: 2274216.94871 bits.
Iteration #: 54
	9412.46342	   0.09412	[mu,kappa]: [(144.76386,213.04824),8.52607]
	13537.61074	   0.13537	[mu,kappa]: [(109.56479,127.40347),7.93945]
	3258.02569	   0.03258	[mu,kappa]: [(103.61201,305.97076),5.22415]
	16320.26291	   0.16320	[mu,kappa]: [(25.78766,67.48589),9.53877]
	6790.34744	   0.06790	[mu,kappa]: [(99.45934,308.61975),7.42384]
	10766.89442	   0.10767	[mu,kappa]: [(164.62886,117.39312),43.26740]
	15132.61482	   0.15132	[mu,kappa]: [(22.10108,323.40470),23.33920]
	12975.53242	   0.12975	[mu,kappa]: [(110.34275,15.48486),24.37973]
	8393.16425	   0.08393	[mu,kappa]: [(97.90166,307.24194),9.59896]
	1741.39015	   0.01742	[mu,kappa]: [(104.22868,343.08454),4.27135]
	1671.69375	   0.01672	[mu,kappa]: [(101.45745,320.51340),3.48735]
			msglen: 2274214.87485 bits.
Iteration #: 55
	9433.80842	   0.09434	[mu,kappa]: [(144.80811,213.03000),8.50334]
	13536.35948	   0.13536	[mu,kappa]: [(109.56436,127.39347),7.93810]
	3253.74149	   0.03254	[mu,kappa]: [(103.55174,305.91762),5.25162]
	16338.88625	   0.16338	[mu,kappa]: [(25.77299,67.43652),9.52880]
	6791.29818	   0.06791	[mu,kappa]: [(99.44236,308.62492),7.43402]
	10756.39200	   0.10756	[mu,kappa]: [(164.62718,117.36680),43.32173]
	15119.48069	   0.15119	[mu,kappa]: [(22.10831,323.38745),23.35771]
	12994.85234	   0.12995	[mu,kappa]: [(110.34189,15.48058),24.33786]
	8392.43290	   0.08392	[mu,kappa]: [(97.90734,307.28174),9.56963]
	1721.56496	   0.01722	[mu,kappa]: [(104.23015,342.74131),4.28504]
	1661.18328	   0.01662	[mu,kappa]: [(101.40126,320.23821),3.51177]
			msglen: 2274213.03343 bits.
Iteration #: 56
	9453.21848	   0.09453	[mu,kappa]: [(144.84694,213.01350),8.48255]
	13534.63816	   0.13534	[mu,kappa]: [(109.56288,127.38397),7.93749]
	3249.71531	   0.03250	[mu,kappa]: [(103.49222,305.86892),5.27816]
	16356.23330	   0.16356	[mu,kappa]: [(25.75952,67.39085),9.51940]
	6792.29061	   0.06792	[mu,kappa]: [(99.42671,308.63005),7.44349]
	10747.60820	   0.10748	[mu,kappa]: [(164.62562,117.34430),43.36543]
	15107.33257	   0.15107	[mu,kappa]: [(22.11495,323.37164),23.37483]
	13013.07073	   0.13013	[mu,kappa]: [(110.34119,15.47655),24.29845]
	8391.76729	   0.08392	[mu,kappa]: [(97.91441,307.31909),9.54113]
	1702.85835	   0.01703	[mu,kappa]: [(104.22753,342.41018),4.29840]
	1651.26699	   0.01652	[mu,kappa]: [(101.34435,319.97829),3.53580]
			msglen: 2274211.38679 bits.
Iteration #: 57
	9470.92611	   0.09471	[mu,kappa]: [(144.88131,212.99872),8.46349]
	13532.66004	   0.13532	[mu,kappa]: [(109.56076,127.37503),7.93736]
	3245.92911	   0.03246	[mu,kappa]: [(103.43358,305.82433),5.30377]
	16372.39276	   0.16372	[mu,kappa]: [(25.74711,67.34849),9.51055]
	6793.31617	   0.06793	[mu,kappa]: [(99.41223,308.63517),7.45229]
	10740.17474	   0.10740	[mu,kappa]: [(164.62419,117.32485),43.40100]
	15096.08684	   0.15096	[mu,kappa]: [(22.12104,323.35712),23.39068]
	13030.26667	   0.13030	[mu,kappa]: [(110.34061,15.47274),24.26133]
	8391.16423	   0.08391	[mu,kappa]: [(97.92262,307.35420),9.51347]
	1685.18175	   0.01686	[mu,kappa]: [(104.22153,342.09045),4.31141]
	1641.90158	   0.01642	[mu,kappa]: [(101.28717,319.73247),3.55942]
			msglen: 2274209.90607 bits.
Iteration #: 58
	9487.13102	   0.09487	[mu,kappa]: [(144.91197,212.98559),8.44601]
	13530.56934	   0.13530	[mu,kappa]: [(109.55830,127.36668),7.93754]
	3242.36504	   0.03243	[mu,kappa]: [(103.37590,305.78354),5.32849]
	16387.45020	   0.16387	[mu,kappa]: [(25.73568,67.30914),9.50223]
	6794.36640	   0.06794	[mu,kappa]: [(99.39880,308.64026),7.46046]
	10733.81415	   0.10734	[mu,kappa]: [(164.62288,117.30784),43.43026]
	15085.66731	   0.15085	[mu,kappa]: [(22.12664,323.34376),23.40537]
	13046.51397	   0.13046	[mu,kappa]: [(110.34014,15.46913),24.22634]
	8390.62008	   0.08391	[mu,kappa]: [(97.93175,307.38726),9.48663]
	1668.45532	   0.01669	[mu,kappa]: [(104.21276,341.78148),4.32404]
	1633.04716	   0.01633	[mu,kappa]: [(101.23007,319.49972),3.58262]
			msglen: 2274208.56843 bits.
Iteration #: 59
	9502.00537	   0.09502	[mu,kappa]: [(144.93950,212.97401),8.42994]
	13528.46149	   0.13528	[mu,kappa]: [(109.55570,127.35890),7.93791]
	3239.00603	   0.03239	[mu,kappa]: [(103.31925,305.74626),5.35235]
	16401.48717	   0.16401	[mu,kappa]: [(25.72514,67.27251),9.49442]
	6795.43348	   0.06796	[mu,kappa]: [(99.38629,308.64533),7.46807]
	10728.31565	   0.10728	[mu,kappa]: [(164.62170,117.29282),43.45460]
	15076.00446	   0.15076	[mu,kappa]: [(22.13179,323.33146),23.41899]
	13061.88114	   0.13062	[mu,kappa]: [(110.33975,15.46571),24.19333]
	8390.13105	   0.08390	[mu,kappa]: [(97.94164,307.41845),9.46059]
	1652.60708	   0.01653	[mu,kappa]: [(104.20171,341.48269),4.33629]
	1624.66708	   0.01625	[mu,kappa]: [(101.17330,319.27909),3.60540]
			msglen: 2274207.35530 bits.
Iteration #: 60
	9515.69801	   0.09516	[mu,kappa]: [(144.96438,212.96387),8.41514]
	13526.39772	   0.13526	[mu,kappa]: [(109.55308,127.35168),7.93839]
	3235.83604	   0.03236	[mu,kappa]: [(103.26364,305.71225),5.37537]
	16414.58065	   0.16414	[mu,kappa]: [(25.71539,67.23835),9.48708]
	6796.51047	   0.06797	[mu,kappa]: [(99.37463,308.65038),7.47514]
	10723.51765	   0.10723	[mu,kappa]: [(164.62064,117.27946),43.47505]
	15067.03491	   0.15067	[mu,kappa]: [(22.13654,323.32011),23.43163]
	13076.43149	   0.13076	[mu,kappa]: [(110.33942,15.46245),24.16217]
	8389.69341	   0.08390	[mu,kappa]: [(97.95213,307.44792),9.43535]
	1637.57194	   0.01638	[mu,kappa]: [(104.18879,341.19353),4.34813]
	1616.72771	   0.01617	[mu,kappa]: [(101.11708,319.06973),3.62773]
			msglen: 2274206.25135 bits.
Iteration #: 61
	9528.33808	   0.09528	[mu,kappa]: [(144.98698,212.95506),8.40148]
	13524.41551	   0.13524	[mu,kappa]: [(109.55053,127.34499),7.93891]
	3232.84024	   0.03233	[mu,kappa]: [(103.20910,305.68125),5.39758]
	16426.80275	   0.16426	[mu,kappa]: [(25.70637,67.20645),9.48018]
	6797.59140	   0.06798	[mu,kappa]: [(99.36371,308.65541),7.48172]
	10719.29510	   0.10719	[mu,kappa]: [(164.61968,117.26748),43.49240]
	15058.70081	   0.15058	[mu,kappa]: [(22.14091,323.30963),23.44338]
	13090.22330	   0.13090	[mu,kappa]: [(110.33915,15.45934),24.13271]
	8389.30352	   0.08389	[mu,kappa]: [(97.96311,307.47579),9.41089]
	1623.29103	   0.01624	[mu,kappa]: [(104.17434,340.91350),4.35958]
	1609.19826	   0.01610	[mu,kappa]: [(101.06155,318.87085),3.64963]
			msglen: 2274205.24370 bits.
Iteration #: 62
	9540.03796	   0.09540	[mu,kappa]: [(145.00763,212.94744),8.38883]
	13522.53603	   0.13522	[mu,kappa]: [(109.54810,127.33880),7.93944]
	3230.00500	   0.03230	[mu,kappa]: [(103.15561,305.65306),5.41900]
	16438.22062	   0.16438	[mu,kappa]: [(25.69802,67.17661),9.47370]
	6798.67123	   0.06799	[mu,kappa]: [(99.35348,308.66042),7.48786]
	10715.55027	   0.10715	[mu,kappa]: [(164.61882,117.25666),43.50725]
	15050.94936	   0.15051	[mu,kappa]: [(22.14494,323.29995),23.45431]
	13103.31010	   0.13103	[mu,kappa]: [(110.33892,15.45637),24.10483]
	8388.95797	   0.08389	[mu,kappa]: [(97.97449,307.50220),9.38720]
	1609.71097	   0.01610	[mu,kappa]: [(104.15863,340.64213),4.37062]
	1602.05050	   0.01602	[mu,kappa]: [(101.00684,318.68176),3.67108]
			msglen: 2274204.32142 bits.
			N: 100000
		22.74204 bpr
Null model msglen: 2358306.46988 bits.	(23.58306 bpr)
