Iteration #: 0
	1345.00000	   0.06725	[mu,kappa]: [(69.80105,127.62147),0.45473]
	1444.00000	   0.07220	[mu,kappa]: [(89.23626,126.28756),0.39994]
	1411.00000	   0.07055	[mu,kappa]: [(81.27258,132.43260),0.43441]
	1415.00000	   0.07075	[mu,kappa]: [(74.51077,110.26323),0.41414]
	1506.00000	   0.07530	[mu,kappa]: [(71.56724,116.05286),0.47815]
	1449.00000	   0.07245	[mu,kappa]: [(63.70537,130.00818),0.41346]
	1356.00000	   0.06780	[mu,kappa]: [(76.46992,121.69864),0.34055]
	1461.00000	   0.07305	[mu,kappa]: [(63.97432,128.20143),0.41293]
	1472.00000	   0.07360	[mu,kappa]: [(76.50190,116.07627),0.42525]
	1460.00000	   0.07300	[mu,kappa]: [(76.74610,123.69651),0.41230]
	1417.00000	   0.07085	[mu,kappa]: [(78.17845,112.78924),0.39859]
	1463.00000	   0.07315	[mu,kappa]: [(59.12695,133.66327),0.45948]
	1399.00000	   0.06995	[mu,kappa]: [(73.23035,130.55838),0.37803]
	1402.00000	   0.07010	[mu,kappa]: [(67.68964,127.18021),0.40210]
			msglen: 440309.98989 bits.
Iteration #: 1
	1345.19827	   0.06726	[mu,kappa]: [(69.13746,127.62937),0.46415]
	1443.71969	   0.07219	[mu,kappa]: [(88.30486,125.28683),0.37370]
	1410.67113	   0.07053	[mu,kappa]: [(79.24511,132.04205),0.42149]
	1415.01869	   0.07075	[mu,kappa]: [(75.32523,110.30735),0.41415]
	1506.27342	   0.07531	[mu,kappa]: [(70.98930,116.13156),0.49067]
	1448.91043	   0.07245	[mu,kappa]: [(64.94398,130.49362),0.42208]
	1356.18743	   0.06781	[mu,kappa]: [(78.15177,121.66827),0.32817]
	1460.89245	   0.07304	[mu,kappa]: [(65.24343,128.71723),0.42147]
	1472.00348	   0.07360	[mu,kappa]: [(76.24074,115.76880),0.42368]
	1459.94884	   0.07300	[mu,kappa]: [(76.13896,123.39365),0.40729]
	1417.06813	   0.07085	[mu,kappa]: [(78.73190,112.39347),0.39239]
	1463.13376	   0.07316	[mu,kappa]: [(60.59087,134.04146),0.47940]
	1399.01872	   0.06995	[mu,kappa]: [(73.54691,130.72103),0.37184]
	1401.95557	   0.07010	[mu,kappa]: [(68.48027,127.52671),0.40570]
			msglen: 471115.73614 bits.
Iteration #: 2
	1345.37638	   0.06727	[mu,kappa]: [(68.44511,127.64484),0.47590]
	1443.66108	   0.07218	[mu,kappa]: [(88.24840,124.38402),0.34878]
	1410.39882	   0.07052	[mu,kappa]: [(77.70637,131.76630),0.41120]
	1414.96111	   0.07075	[mu,kappa]: [(76.04288,110.25382),0.41326]
	1506.56175	   0.07533	[mu,kappa]: [(70.30910,116.24134),0.50590]
	1448.80898	   0.07244	[mu,kappa]: [(65.73397,130.85801),0.43113]
	1356.39750	   0.06782	[mu,kappa]: [(80.19107,121.55861),0.31303]
	1460.77433	   0.07304	[mu,kappa]: [(66.05710,129.10292),0.43042]
	1471.91426	   0.07359	[mu,kappa]: [(76.07805,115.49203),0.42230]
	1459.81752	   0.07299	[mu,kappa]: [(75.74848,123.14754),0.40259]
	1417.06825	   0.07085	[mu,kappa]: [(79.45475,111.94906),0.38495]
	1463.45431	   0.07317	[mu,kappa]: [(61.39960,134.25498),0.50221]
	1398.96159	   0.06995	[mu,kappa]: [(73.99149,130.90671),0.36446]
	1401.84411	   0.07009	[mu,kappa]: [(69.03131,127.80228),0.40902]
			msglen: 471113.83336 bits.
Iteration #: 3
	1345.56108	   0.06728	[mu,kappa]: [(67.70620,127.66349),0.49045]
	1443.78787	   0.07219	[mu,kappa]: [(89.17037,123.53672),0.32372]
	1410.11620	   0.07051	[mu,kappa]: [(76.58221,131.58905),0.40246]
	1414.82181	   0.07074	[mu,kappa]: [(76.71143,110.11725),0.41144]
	1506.91270	   0.07534	[mu,kappa]: [(69.52037,116.38641),0.52447]
	1448.67747	   0.07243	[mu,kappa]: [(66.17608,131.13297),0.44093]
	1356.68094	   0.06784	[mu,kappa]: [(82.79557,121.35695),0.29487]
	1460.62590	   0.07303	[mu,kappa]: [(66.51778,129.39417),0.44008]
	1471.72898	   0.07359	[mu,kappa]: [(75.99552,115.23572),0.42096]
	1459.59816	   0.07298	[mu,kappa]: [(75.54128,122.94325),0.39786]
	1417.01149	   0.07085	[mu,kappa]: [(80.38761,111.43728),0.37602]
	1463.98584	   0.07320	[mu,kappa]: [(61.70859,134.34066),0.52872]
	1398.83597	   0.06994	[mu,kappa]: [(74.59143,131.12007),0.35561]
	1401.65561	   0.07008	[mu,kappa]: [(69.39894,128.02649),0.41222]
			msglen: 471111.52674 bits.
Iteration #: 4
	1345.77415	   0.06729	[mu,kappa]: [(66.90788,127.68164),0.50836]
	1444.11046	   0.07221	[mu,kappa]: [(91.27937,122.69006),0.29757]
	1409.76749	   0.07049	[mu,kappa]: [(75.80866,131.49592),0.39450]
	1414.57951	   0.07073	[mu,kappa]: [(77.37258,109.90543),0.40865]
	1507.37687	   0.07537	[mu,kappa]: [(68.61988,116.57017),0.54720]
	1448.49271	   0.07242	[mu,kappa]: [(66.34185,131.33915),0.45186]
	1357.09649	   0.06786	[mu,kappa]: [(86.28117,121.03629),0.27356]
	1460.42261	   0.07302	[mu,kappa]: [(66.69809,129.61462),0.45082]
	1471.42552	   0.07357	[mu,kappa]: [(75.98111,114.99136),0.41957]
	1459.26738	   0.07296	[mu,kappa]: [(75.49618,122.76848),0.39283]
	1416.89696	   0.07085	[mu,kappa]: [(81.59023,110.83364),0.36534]
	1464.78887	   0.07324	[mu,kappa]: [(61.63293,134.32159),0.56001]
	1398.63562	   0.06993	[mu,kappa]: [(75.38870,131.36854),0.34500]
	1401.36535	   0.07007	[mu,kappa]: [(69.62378,128.21327),0.41543]
			msglen: 471108.41696 bits.
Iteration #: 5
	1346.03711	   0.06730	[mu,kappa]: [(66.04239,127.69611),0.53037]
	1444.67948	   0.07223	[mu,kappa]: [(94.96902,121.76751),0.26987]
	1409.29482	   0.07047	[mu,kappa]: [(75.33645,131.47571),0.38672]
	1414.19596	   0.07071	[mu,kappa]: [(78.06582,109.62024),0.40478]
	1508.01748	   0.07540	[mu,kappa]: [(67.60874,116.79468),0.57506]
	1448.22248	   0.07241	[mu,kappa]: [(66.28254,131.49021),0.46437]
	1357.72105	   0.06789	[mu,kappa]: [(91.15890,120.54493),0.24923]
	1460.13089	   0.07301	[mu,kappa]: [(66.65002,129.78019),0.46308]
	1470.96187	   0.07355	[mu,kappa]: [(76.02819,114.75149),0.41802]
	1458.78445	   0.07294	[mu,kappa]: [(75.60335,122.61299),0.38723]
	1416.71412	   0.07084	[mu,kappa]: [(83.14976,110.10452),0.35262]
	1465.96653	   0.07330	[mu,kappa]: [(61.26072,134.21323),0.59746]
	1398.34227	   0.06992	[mu,kappa]: [(76.44625,131.66362),0.33229]
	1400.93148	   0.07005	[mu,kappa]: [(69.73540,128.37284),0.41877]
			msglen: 471104.01378 bits.
Iteration #: 6
	1346.37503	   0.06732	[mu,kappa]: [(65.10750,127.70412),0.55737]
	1445.58757	   0.07228	[mu,kappa]: [(100.94671,120.64700),0.24106]
	1408.62731	   0.07043	[mu,kappa]: [(75.13287,131.52109),0.37861]
	1413.61177	   0.07068	[mu,kappa]: [(78.83196,109.25796),0.39968]
	1508.92079	   0.07544	[mu,kappa]: [(66.49364,117.05997),0.60928]
	1447.82037	   0.07239	[mu,kappa]: [(66.03584,131.59530),0.47893]
	1358.66052	   0.06793	[mu,kappa]: [(98.28533,119.78151),0.22278]
	1459.70269	   0.07298	[mu,kappa]: [(66.41163,129.90178),0.47733]
	1470.27144	   0.07351	[mu,kappa]: [(76.13502,114.50917),0.41617]
	1458.08652	   0.07290	[mu,kappa]: [(75.86426,122.46808),0.38080]
	1416.44299	   0.07082	[mu,kappa]: [(85.19422,109.20181),0.33762]
	1467.67842	   0.07338	[mu,kappa]: [(60.66258,134.02716),0.64272]
	1397.92473	   0.06990	[mu,kappa]: [(77.85912,132.02306),0.31711]
	1400.28986	   0.07001	[mu,kappa]: [(69.75563,128.51295),0.42237]
			msglen: 471097.66020 bits.
Iteration #: 7
	1346.82004	   0.06734	[mu,kappa]: [(64.10710,127.70318),0.59043]
	1446.97733	   0.07235	[mu,kappa]: [(110.39376,119.09765),0.21323]
	1407.67016	   0.07038	[mu,kappa]: [(75.18295,131.62942),0.36971]
	1412.73944	   0.07064	[mu,kappa]: [(79.71695,108.80879),0.39319]
	1510.20937	   0.07551	[mu,kappa]: [(65.28797,117.36339),0.65135]
	1447.21874	   0.07236	[mu,kappa]: [(65.63106,131.66075),0.49611]
	1360.06277	   0.06800	[mu,kappa]: [(109.05114,118.52852),0.19685]
	1459.06816	   0.07295	[mu,kappa]: [(66.01235,129.98705),0.49412]
	1469.25493	   0.07346	[mu,kappa]: [(76.30486,114.25737),0.41391]
	1457.08109	   0.07285	[mu,kappa]: [(76.29250,122.32610),0.37322]
	1416.05295	   0.07080	[mu,kappa]: [(87.91436,108.05385),0.32015]
	1470.16316	   0.07351	[mu,kappa]: [(59.89796,133.77345),0.69781]
	1397.33625	   0.06987	[mu,kappa]: [(79.77414,132.47476),0.29907]
	1399.34562	   0.06997	[mu,kappa]: [(69.70119,128.63992),0.42631]
			msglen: 471088.44648 bits.
Iteration #: 8
	1347.41541	   0.06737	[mu,kappa]: [(63.05175,127.69113),0.63086]
	1449.05382	   0.07245	[mu,kappa]: [(124.83492,116.58061),0.19183]
	1406.29242	   0.07032	[mu,kappa]: [(75.49113,131.80358),0.35957]
	1411.45345	   0.07057	[mu,kappa]: [(80.77654,108.25567),0.38507]
	1512.05978	   0.07560	[mu,kappa]: [(64.01248,117.69885),0.70309]
	1446.31913	   0.07232	[mu,kappa]: [(65.09324,131.69136),0.51650]
	1362.13251	   0.06811	[mu,kappa]: [(125.17366,116.23425),0.17770]
	1458.12588	   0.07291	[mu,kappa]: [(65.47722,130.04167),0.51406]
	1467.76851	   0.07339	[mu,kappa]: [(76.54638,113.98832),0.41106]
	1455.63535	   0.07278	[mu,kappa]: [(76.91599,122.17997),0.36418]
	1415.50031	   0.07078	[mu,kappa]: [(91.59801,106.54903),0.30026]
	1473.77191	   0.07369	[mu,kappa]: [(59.01891,133.46226),0.76514]
	1396.51021	   0.06983	[mu,kappa]: [(82.42614,133.06433),0.27783]
	1397.96131	   0.06990	[mu,kappa]: [(69.58593,128.75935),0.43068]
			msglen: 471075.11044 bits.
Iteration #: 9
	1348.22025	   0.06741	[mu,kappa]: [(61.95898,127.66612),0.68022]
	1452.09970	   0.07260	[mu,kappa]: [(144.46505,111.40267),0.18716]
	1404.31282	   0.07022	[mu,kappa]: [(76.08464,132.05365),0.34773]
	1409.57749	   0.07048	[mu,kappa]: [(82.08221,107.57206),0.37507]
	1514.72614	   0.07573	[mu,kappa]: [(62.69521,118.05616),0.76669]
	1444.97955	   0.07225	[mu,kappa]: [(64.44670,131.69141),0.54080]
	1365.14732	   0.06826	[mu,kappa]: [(146.49701,111.01542),0.17670]
	1456.72973	   0.07284	[mu,kappa]: [(64.83039,130.07031),0.53778]
	1465.60844	   0.07328	[mu,kappa]: [(76.87478,113.69272),0.40743]
	1453.56251	   0.07268	[mu,kappa]: [(77.78121,122.02272),0.35331]
	1414.72526	   0.07074	[mu,kappa]: [(96.67910,104.50447),0.27844]
	1479.01476	   0.07395	[mu,kappa]: [(58.07190,133.10481),0.84760]
	1395.35476	   0.06977	[mu,kappa]: [(86.20611,133.87016),0.25323]
	1395.94126	   0.06980	[mu,kappa]: [(69.42290,128.87687),0.43553]
			msglen: 471055.93143 bits.
Iteration #: 10
	1349.31524	   0.06747	[mu,kappa]: [(60.85308,127.62672),0.74029]
	1456.48834	   0.07282	[mu,kappa]: [(164.75217,94.39879),0.21063]
	1401.48434	   0.07007	[mu,kappa]: [(77.01991,132.39973),0.33372]
	1406.87003	   0.07034	[mu,kappa]: [(83.72942,106.71822),0.36293]
	1518.57044	   0.07593	[mu,kappa]: [(61.37048,118.42052),0.84472]
	1442.99890	   0.07215	[mu,kappa]: [(63.71808,131.66561),0.56971]
	1369.47085	   0.06847	[mu,kappa]: [(167.31478,90.81482),0.20507]
	1454.67300	   0.07273	[mu,kappa]: [(64.09838,130.07750),0.56601]
	1462.49299	   0.07312	[mu,kappa]: [(77.31346,113.35881),0.40276]
	1450.60643	   0.07253	[mu,kappa]: [(78.96033,121.84704),0.34020]
	1413.64868	   0.07068	[mu,kappa]: [(103.78261,101.60184),0.25614]
	1486.62058	   0.07433	[mu,kappa]: [(57.09818,132.71387),0.94860]
	1393.74723	   0.06969	[mu,kappa]: [(91.79154,135.03679),0.22560]
	1393.01295	   0.06965	[mu,kappa]: [(69.22658,128.99888),0.44085]
			msglen: 471028.64734 bits.
Iteration #: 11
	1350.80875	   0.06754	[mu,kappa]: [(59.76437,127.57202),0.81304]
	1462.68648	   0.07313	[mu,kappa]: [(172.09967,3.18997),0.26547]
	1397.48119	   0.06987	[mu,kappa]: [(78.39406,132.87687),0.31707]
	1403.01184	   0.07015	[mu,kappa]: [(85.84873,105.63538),0.34843]
	1524.09740	   0.07620	[mu,kappa]: [(60.07703,118.77235),0.94009]
	1440.10033	   0.07200	[mu,kappa]: [(62.93894,131.62003),0.60397]
	1375.55496	   0.06878	[mu,kappa]: [(171.26790,347.97694),0.26431]
	1451.67140	   0.07258	[mu,kappa]: [(63.31261,130.06842),0.59944]
	1458.04565	   0.07290	[mu,kappa]: [(77.89650,112.97113),0.39676]
	1446.42806	   0.07232	[mu,kappa]: [(80.56290,121.64472),0.32445]
	1412.17058	   0.07061	[mu,kappa]: [(113.65682,97.24578),0.23655]
	1497.60386	   0.07488	[mu,kappa]: [(56.13294,132.30392),1.07200]
	1391.53083	   0.06958	[mu,kappa]: [(100.37295,136.85785),0.19640]
	1388.80866	   0.06944	[mu,kappa]: [(69.01520,129.13337),0.44658]
			msglen: 470990.46391 bits.
Iteration #: 12
	1352.84232	   0.06764	[mu,kappa]: [(58.72783,127.50190),0.90053]
	1471.23035	   0.07356	[mu,kappa]: [(163.01099,324.62936),0.34697]
	1391.89584	   0.06960	[mu,kappa]: [(80.36458,133.54392),0.29733]
	1397.60327	   0.06988	[mu,kappa]: [(88.61985,104.23647),0.33150]
	1531.98569	   0.07660	[mu,kappa]: [(58.85536,119.08725),1.05591]
	1435.91989	   0.07180	[mu,kappa]: [(62.14770,131.56304),0.64425]
	1383.91590	   0.06920	[mu,kappa]: [(161.68297,320.73495),0.34897]
	1447.35150	   0.07237	[mu,kappa]: [(62.51151,130.04978),0.63873]
	1451.78850	   0.07259	[mu,kappa]: [(78.67169,112.50907),0.38910]
	1440.60236	   0.07203	[mu,kappa]: [(82.75483,121.40613),0.30568]
	1410.17294	   0.07051	[mu,kappa]: [(126.64302,90.23051),0.22552]
	1513.31762	   0.07566	[mu,kappa]: [(55.20382,131.89103),1.22186]
	1388.51802	   0.06943	[mu,kappa]: [(113.84505,140.01983),0.16982]
	1382.85580	   0.06914	[mu,kappa]: [(68.81331,129.29097),0.45257]
			msglen: 470938.29083 bits.
Iteration #: 13
	1355.59247	   0.06778	[mu,kappa]: [(57.78122,127.41738),1.00459]
	1482.65267	   0.07413	[mu,kappa]: [(155.72419,316.67499),0.44930]
	1384.26176	   0.06921	[mu,kappa]: [(83.18269,134.49932),0.27429]
	1390.18644	   0.06951	[mu,kappa]: [(92.28608,102.39195),0.31237]
	1543.09498	   0.07715	[mu,kappa]: [(57.74479,119.33636),1.19509]
	1430.01339	   0.07150	[mu,kappa]: [(61.39085,131.50639),0.69104]
	1395.06246	   0.06975	[mu,kappa]: [(154.69361,314.64030),0.45344]
	1441.25786	   0.07206	[mu,kappa]: [(61.74178,130.03070),0.68435]
	1443.16293	   0.07216	[mu,kappa]: [(79.70406,111.94519),0.37943]
	1432.64127	   0.07163	[mu,kappa]: [(85.78863,121.11940),0.28369]
	1407.53213	   0.07038	[mu,kappa]: [(141.29927,77.97709),0.23107]
	1535.44043	   0.07677	[mu,kappa]: [(54.32909,131.49263),1.40193]
	1384.50860	   0.06923	[mu,kappa]: [(133.72424,146.51532),0.15506]
	1374.59261	   0.06873	[mu,kappa]: [(68.65444,129.48603),0.45856]
			msglen: 470869.40825 bits.
Iteration #: 14
	1359.26385	   0.06796	[mu,kappa]: [(56.96252,127.32122),1.12640]
	1497.33742	   0.07487	[mu,kappa]: [(150.74016,313.49955),0.56731]
	1374.12383	   0.06871	[mu,kappa]: [(87.24684,135.91030),0.24811]
	1380.31412	   0.06902	[mu,kappa]: [(97.15649,99.90862),0.29186]
	1558.40915	   0.07792	[mu,kappa]: [(56.78036,119.48662),1.35966]
	1421.90470	   0.07110	[mu,kappa]: [(60.72279,131.46639),0.74449]
	1409.35453	   0.07047	[mu,kappa]: [(149.95457,312.10397),0.57289]
	1432.90243	   0.07165	[mu,kappa]: [(61.05825,130.02391),0.73643]
	1431.60433	   0.07158	[mu,kappa]: [(81.07872,111.24387),0.36748]
	1422.06633	   0.07110	[mu,kappa]: [(90.04904,120.76948),0.25868]
	1404.14821	   0.07021	[mu,kappa]: [(153.42203,55.78707),0.25936]
	1565.80164	   0.07829	[mu,kappa]: [(53.51569,131.12735),1.61443]
	1379.33354	   0.06897	[mu,kappa]: [(156.14054,164.50947),0.16489]
	1363.43592	   0.06817	[mu,kappa]: [(68.58341,129.73803),0.46418]
			msglen: 470782.74387 bits.
Iteration #: 15
	1364.06792	   0.06820	[mu,kappa]: [(56.30635,127.21865),1.26570]
	1515.30226	   0.07576	[mu,kappa]: [(147.31388,311.85833),0.69539]
	1361.17706	   0.06806	[mu,kappa]: [(93.17329,138.06910),0.21986]
	1367.68529	   0.06839	[mu,kappa]: [(103.55777,96.50097),0.27170]
	1578.86151	   0.07894	[mu,kappa]: [(55.98994,119.50080),1.54955]
	1411.20385	   0.07056	[mu,kappa]: [(60.20314,131.46541),0.80422]
	1426.79294	   0.07134	[mu,kappa]: [(146.69309,310.76652),0.70187]
	1421.88486	   0.07109	[mu,kappa]: [(60.52115,130.04729),0.79459]
	1416.69626	   0.07084	[mu,kappa]: [(82.89996,110.36103),0.35318]
	1408.55201	   0.07043	[mu,kappa]: [(96.10877,120.33676),0.23162]
	1399.99639	   0.07000	[mu,kappa]: [(158.46163,23.47780),0.31023]
	1605.91817	   0.08029	[mu,kappa]: [(52.75777,130.81502),1.85813]
	1372.93223	   0.06865	[mu,kappa]: [(167.17045,225.36806),0.20383]
	1348.92925	   0.06745	[mu,kappa]: [(68.65642,130.07292),0.46900]
			msglen: 470680.62483 bits.
Iteration #: 16
	1370.18378	   0.06851	[mu,kappa]: [(55.83898,127.11790),1.41995]
	1535.97066	   0.07680	[mu,kappa]: [(144.92498,310.91329),0.82652]
	1345.46338	   0.06727	[mu,kappa]: [(101.81632,141.50406),0.19206]
	1352.33741	   0.06762	[mu,kappa]: [(111.65674,91.76248),0.25475]
	1605.00837	   0.08025	[mu,kappa]: [(55.39192,119.33687),1.76108]
	1397.80618	   0.06989	[mu,kappa]: [(59.88999,131.53339),0.86918]
	1446.80178	   0.07234	[mu,kappa]: [(144.40902,309.98394),0.83342]
	1408.09467	   0.07041	[mu,kappa]: [(60.18928,130.12545),0.85777]
	1398.39853	   0.06992	[mu,kappa]: [(85.28023,109.24689),0.33686]
	1392.12980	   0.06961	[mu,kappa]: [(104.74237,119.79497),0.20472]
	1395.19271	   0.06976	[mu,kappa]: [(157.08655,356.40477),0.37820]
	1656.18946	   0.08281	[mu,kappa]: [(52.03719,130.57707),2.12583]
	1365.45190	   0.06827	[mu,kappa]: [(160.63500,272.04605),0.26437]
	1330.97136	   0.06655	[mu,kappa]: [(68.93601,130.52409),0.47264]
			msglen: 470570.09335 bits.
Iteration #: 17
	1377.70384	   0.06889	[mu,kappa]: [(55.57216,127.02988),1.58358]
	1558.08046	   0.07790	[mu,kappa]: [(143.24599,310.36077),0.95242]
	1327.54594	   0.06638	[mu,kappa]: [(113.92479,147.20101),0.16932]
	1334.81667	   0.06674	[mu,kappa]: [(121.09558,85.17006),0.24468]
	1636.61820	   0.08183	[mu,kappa]: [(54.99484,118.94672),1.98560]
	1382.11876	   0.06911	[mu,kappa]: [(59.82823,131.70862),0.93769]
	1468.14584	   0.07341	[mu,kappa]: [(142.79225,309.51614),0.95924]
	1391.94010	   0.06960	[mu,kappa]: [(60.10812,130.29084),0.92433]
	1377.26298	   0.06886	[mu,kappa]: [(88.31091,107.85323),0.31935]
	1373.36995	   0.06867	[mu,kappa]: [(116.70057,119.10628),0.18185]
	1390.03827	   0.06950	[mu,kappa]: [(153.65399,341.02659),0.45604]
	1714.99257	   0.08574	[mu,kappa]: [(51.32803,130.43753),2.40277]
	1357.31920	   0.06787	[mu,kappa]: [(153.14103,284.90443),0.33674]
	1310.04723	   0.06550	[mu,kappa]: [(69.47763,131.13176),0.47500]
			msglen: 470462.10496 bits.
Iteration #: 18
	1386.56883	   0.06933	[mu,kappa]: [(55.49730,126.96651),1.74801]
	1579.89119	   0.07899	[mu,kappa]: [(142.06855,310.07167),1.06477]
	1308.51027	   0.06543	[mu,kappa]: [(128.78597,156.98613),0.15774]
	1316.17922	   0.06581	[mu,kappa]: [(130.68025,76.21370),0.24444]
	1672.41673	   0.08362	[mu,kappa]: [(54.80054,118.27487),2.20975]
	1365.16186	   0.06826	[mu,kappa]: [(60.03436,132.03653),1.00779]
	1489.13824	   0.07446	[mu,kappa]: [(141.64530,309.25971),1.07102]
	1374.44838	   0.06872	[mu,kappa]: [(60.29432,130.58285),0.99231]
	1354.46385	   0.06772	[mu,kappa]: [(92.01336,106.14319),0.30202]
	1353.38473	   0.06767	[mu,kappa]: [(131.89839,118.20360),0.16797]
	1384.98482	   0.06925	[mu,kappa]: [(150.34605,332.73079),0.53662]
	1778.36151	   0.08891	[mu,kappa]: [(50.60591,130.42516),2.66859]
	1349.20251	   0.06746	[mu,kappa]: [(147.59859,289.64686),0.41313]
	1287.28785	   0.06437	[mu,kappa]: [(70.30757,131.93937),0.47637]
			msglen: 470367.66531 bits.
Iteration #: 19
	1396.50285	   0.06983	[mu,kappa]: [(55.58353,126.93870),1.90306]
	1599.68418	   0.07998	[mu,kappa]: [(141.25558,309.98852),1.15730]
	1289.68747	   0.06449	[mu,kappa]: [(142.60374,173.62916),0.16132]
	1297.72151	   0.06489	[mu,kappa]: [(138.73897,64.79072),0.25459]
	1710.31512	   0.08551	[mu,kappa]: [(54.81211,117.25908),2.41869]
	1348.37654	   0.06742	[mu,kappa]: [(60.48441,132.56649),1.07766]
	1508.12750	   0.07540	[mu,kappa]: [(140.83728,309.16858),1.16256]
	1357.06689	   0.06785	[mu,kappa]: [(60.72338,131.04480),1.05992]
	1331.50706	   0.06658	[mu,kappa]: [(96.29215,104.09597),0.28637]
	1333.54366	   0.06668	[mu,kappa]: [(148.43568,116.91401),0.16660]
	1380.49639	   0.06903	[mu,kappa]: [(147.62007,328.04926),0.61390]
	1840.93944	   0.09204	[mu,kappa]: [(49.85802,130.57609),2.90407]
	1341.82538	   0.06709	[mu,kappa]: [(143.45731,291.66685),0.48771]
	1264.20600	   0.06321	[mu,kappa]: [(71.40109,132.98657),0.47748]
			msglen: 470292.90573 bits.
Iteration #: 20
	1406.98250	   0.07035	[mu,kappa]: [(55.78283,126.95600),2.03947]
	1616.28452	   0.08081	[mu,kappa]: [(140.71439,310.08775),1.22734]
	1272.20844	   0.06361	[mu,kappa]: [(150.56240,197.72591),0.17838]
	1280.54671	   0.06403	[mu,kappa]: [(144.13192,51.76370),0.27304]
	1748.20835	   0.08740	[mu,kappa]: [(55.04493,115.83399),2.60154]
	1333.16149	   0.06666	[mu,kappa]: [(61.11482,133.34882),1.14611]
	1523.99817	   0.07620	[mu,kappa]: [(140.27876,309.22406),1.23122]
	1341.18999	   0.06706	[mu,kappa]: [(61.33024,131.72093),1.12593]
	1309.72134	   0.06549	[mu,kappa]: [(100.93617,101.69777),0.27357]
	1315.01240	   0.06575	[mu,kappa]: [(163.47935,114.53916),0.17707]
	1376.87456	   0.06884	[mu,kappa]: [(145.44880,325.32766),0.68377]
	1897.90666	   0.09489	[mu,kappa]: [(49.08585,130.93482),3.09886]
	1335.71838	   0.06679	[mu,kappa]: [(140.18058,292.43937),0.55672]
	1242.18650	   0.06211	[mu,kappa]: [(72.67779,134.30302),0.47917]
			msglen: 470236.97254 bits.
Iteration #: 21
	1417.28302	   0.07086	[mu,kappa]: [(56.04089,127.02968),2.15124]
	1629.27869	   0.08146	[mu,kappa]: [(140.38214,310.36332),1.27597]
	1256.67243	   0.06284	[mu,kappa]: [(151.79743,221.64663),0.20377]
	1265.24208	   0.06326	[mu,kappa]: [(146.81806,38.90674),0.29678]
	1784.95817	   0.08924	[mu,kappa]: [(55.53617,113.93699),2.75603]
	1320.42213	   0.06602	[mu,kappa]: [(61.83992,134.43542),1.21273]
	1536.37169	   0.07682	[mu,kappa]: [(139.90861,309.42146),1.27817]
	1327.69810	   0.06639	[mu,kappa]: [(62.02666,132.65687),1.18979]
	1289.85132	   0.06449	[mu,kappa]: [(105.68948,98.92142),0.26409]
	1298.40786	   0.06492	[mu,kappa]: [(175.47547,103.95143),0.19549]
	1374.16402	   0.06871	[mu,kappa]: [(143.72032,323.76520),0.74438]
	1946.52995	   0.09732	[mu,kappa]: [(48.29782,131.55213),3.25438]
	1331.07200	   0.06656	[mu,kappa]: [(137.42039,292.51884),0.61850]
	1222.04855	   0.06111	[mu,kappa]: [(74.02337,135.90873),0.48209]
			msglen: 470193.86868 bits.
Iteration #: 22
	1426.57320	   0.07133	[mu,kappa]: [(56.30761,127.17817),2.23669]
	1638.86237	   0.08194	[mu,kappa]: [(140.21724,310.81896),1.30684]
	1243.10157	   0.06216	[mu,kappa]: [(149.37192,238.17965),0.23321]
	1251.83266	   0.06259	[mu,kappa]: [(147.49328,27.80421),0.32354]
	1821.02415	   0.09104	[mu,kappa]: [(56.34926,111.51627),2.88982]
	1310.40109	   0.06552	[mu,kappa]: [(62.57796,135.88504),1.27786]
	1545.45078	   0.07727	[mu,kappa]: [(139.68620,309.76375),1.30711]
	1316.77953	   0.06584	[mu,kappa]: [(62.72673,133.90484),1.25158]
	1271.96877	   0.06360	[mu,kappa]: [(110.34850,95.70608),0.25772]
	1283.74799	   0.06419	[mu,kappa]: [(174.98211,309.79848),0.21807]
	1372.17881	   0.06861	[mu,kappa]: [(142.33253,322.94180),0.79585]
	1986.39905	   0.09931	[mu,kappa]: [(47.49894,132.48088),3.38112]
	1327.75912	   0.06639	[mu,kappa]: [(134.95977,292.15937),0.67327]
	1203.92091	   0.06020	[mu,kappa]: [(75.32511,137.82279),0.48651]
			msglen: 470155.51011 bits.
Iteration #: 23
	1433.95392	   0.07170	[mu,kappa]: [(56.54160,127.43387),2.29764]
	1645.51672	   0.08227	[mu,kappa]: [(140.19271,311.46479),1.32473]
	1231.09825	   0.06156	[mu,kappa]: [(145.83498,248.21450),0.26466]
	1239.92964	   0.06200	[mu,kappa]: [(146.94888,18.98905),0.35220]
	1858.62340	   0.09292	[mu,kappa]: [(57.57286,108.54508),3.01948]
	1302.78748	   0.06514	[mu,kappa]: [(63.27263,137.77080),1.34258]
	1551.70309	   0.07758	[mu,kappa]: [(139.58526,310.25883),1.32279]
	1308.02818	   0.06540	[mu,kappa]: [(63.36770,135.53191),1.31189]
	1255.62574	   0.06278	[mu,kappa]: [(114.82229,91.94076),0.25392]
	1270.61127	   0.06353	[mu,kappa]: [(167.79289,302.11570),0.24271]
	1370.58596	   0.06853	[mu,kappa]: [(141.20650,322.61848),0.83957]
	2018.70897	   0.10093	[mu,kappa]: [(46.68500,133.77124),3.49431]
	1325.45235	   0.06627	[mu,kappa]: [(132.65935,291.49415),0.72245]
	1187.37504	   0.05937	[mu,kappa]: [(76.49934,140.07685),0.49234]
			msglen: 470113.21564 bits.
Iteration #: 24
	1438.36481	   0.07192	[mu,kappa]: [(56.70812,127.85152),2.33795]
	1649.72485	   0.08248	[mu,kappa]: [(140.28996,312.31620),1.33440]
	1220.02394	   0.06100	[mu,kappa]: [(142.14999,254.47890),0.29771]
	1228.89737	   0.06145	[mu,kappa]: [(145.74579,12.15340),0.38264]
	1901.74653	   0.09508	[mu,kappa]: [(59.31230,105.04748),3.17020]
	1296.92347	   0.06485	[mu,kappa]: [(63.90440,140.18669),1.40893]
	1555.58787	   0.07778	[mu,kappa]: [(139.58816,310.91927),1.32993]
	1300.62900	   0.06503	[mu,kappa]: [(63.91999,137.62879),1.37198]
	1240.04316	   0.06201	[mu,kappa]: [(119.14193,87.43733),0.25199]
	1258.31895	   0.06292	[mu,kappa]: [(161.86475,300.22714),0.26884]
	1368.96947	   0.06845	[mu,kappa]: [(140.27962,322.64801),0.87753]
	2045.43187	   0.10226	[mu,kappa]: [(45.84191,135.46366),3.61156]
	1323.72986	   0.06619	[mu,kappa]: [(130.42208,290.60393),0.76814]
	1171.60885	   0.05858	[mu,kappa]: [(77.50095,142.73031),0.49923]
			msglen: 470057.04596 bits.
Iteration #: 25
	1438.36014	   0.07192	[mu,kappa]: [(56.77273,128.52119),2.36217]
	1651.80829	   0.08259	[mu,kappa]: [(140.49314,313.39395),1.34021]
	1209.09610	   0.06046	[mu,kappa]: [(138.55239,258.75537),0.33302]
	1217.93956	   0.06090	[mu,kappa]: [(144.19454,6.67679),0.41541]
	1956.35855	   0.09781	[mu,kappa]: [(61.66665,101.13657),3.37866]
	1291.96952	   0.06460	[mu,kappa]: [(64.49495,143.24933),1.48049]
	1557.39949	   0.07787	[mu,kappa]: [(139.68061,311.76341),1.33278]
	1293.48366	   0.06468	[mu,kappa]: [(64.38995,140.31728),1.43412]
	1224.20530	   0.06121	[mu,kappa]: [(123.44761,81.85990),0.25128]
	1246.03282	   0.06230	[mu,kappa]: [(156.69702,299.33480),0.29699]
	1366.84727	   0.06834	[mu,kappa]: [(139.49524,322.93085),0.91202]
	2068.83733	   0.10343	[mu,kappa]: [(44.94562,137.57466),3.75344]
	1322.12392	   0.06611	[mu,kappa]: [(128.17316,289.55169),0.81282]
	1155.53807	   0.05778	[mu,kappa]: [(78.32016,145.88909),0.50668]
			msglen: 469973.43283 bits.
Iteration #: 26
	1431.79745	   0.07159	[mu,kappa]: [(56.69401,129.58914),2.37480]
	1651.86658	   0.08259	[mu,kappa]: [(140.78334,314.72486),1.34622]
	1197.40025	   0.05987	[mu,kappa]: [(135.05003,262.05586),0.37207]
	1206.10469	   0.06031	[mu,kappa]: [(142.42240,1.91364),0.45174]
	2030.78261	   0.10153	[mu,kappa]: [(64.68357,97.05323),3.70130]
	1287.01765	   0.06435	[mu,kappa]: [(65.11186,147.08845),1.56363]
	1557.20873	   0.07786	[mu,kappa]: [(139.84627,312.81795),1.33519]
	1285.25455	   0.06427	[mu,kappa]: [(64.82309,143.75189),1.50247]
	1206.84877	   0.06035	[mu,kappa]: [(127.96338,74.54526),0.25134]
	1232.76661	   0.06164	[mu,kappa]: [(151.88412,298.84606),0.32864]
	1363.65716	   0.06818	[mu,kappa]: [(138.79223,323.39223),0.94562]
	2091.40406	   0.10456	[mu,kappa]: [(43.95752,140.06791),3.94670]
	1320.12184	   0.06601	[mu,kappa]: [(125.85166,288.40618),0.85928]
	1137.76906	   0.05689	[mu,kappa]: [(78.97626,149.73352),0.51406]
			msglen: 469841.06264 bits.
Iteration #: 27
	1415.52859	   0.07078	[mu,kappa]: [(56.42061,131.28831),2.38045]
	1649.79532	   0.08249	[mu,kappa]: [(141.13155,316.34363),1.35652]
	1183.87414	   0.05920	[mu,kappa]: [(131.59479,264.99927),0.41716]
	1192.27962	   0.05962	[mu,kappa]: [(140.41561,357.29302),0.49379]
	2135.71444	   0.10677	[mu,kappa]: [(68.29923,93.17830),4.23183]
	1281.26524	   0.06407	[mu,kappa]: [(65.88004,151.81121),1.66965]
	1554.87607	   0.07774	[mu,kappa]: [(140.06016,314.12281),1.34101]
	1274.42063	   0.06372	[mu,kappa]: [(65.31657,148.10326),1.58470]
	1186.41955	   0.05933	[mu,kappa]: [(132.86992,64.09140),0.25258]
	1217.37501	   0.06087	[mu,kappa]: [(147.10665,298.64086),0.36632]
	1358.75660	   0.06794	[mu,kappa]: [(138.09364,323.97420),0.98136]
	2116.02923	   0.10579	[mu,kappa]: [(42.80973,142.80125),4.23118]
	1317.15774	   0.06586	[mu,kappa]: [(123.41058,287.26168),0.91070]
	1116.50783	   0.05583	[mu,kappa]: [(79.51600,154.55901),0.52067]
			msglen: 469624.10333 bits.
Iteration #: 28
	1385.36603	   0.06927	[mu,kappa]: [(55.90833,133.96459),2.38498]
	1645.40525	   0.08227	[mu,kappa]: [(141.49010,318.29788),1.37565]
	1167.37258	   0.05837	[mu,kappa]: [(128.14542,268.01809),0.47148]
	1175.32392	   0.05877	[mu,kappa]: [(138.02300,352.42336),0.54531]
	2282.28006	   0.11410	[mu,kappa]: [(72.29900,89.98718),5.13624]
	1274.51740	   0.06373	[mu,kappa]: [(67.00164,157.41426),1.81882]
	1550.15540	   0.07751	[mu,kappa]: [(140.28016,315.74059),1.35436]
	1259.58224	   0.06298	[mu,kappa]: [(66.04788,153.49032),1.69502]
	1161.18287	   0.05806	[mu,kappa]: [(137.67773,47.75876),0.25832]
	1198.64979	   0.05994	[mu,kappa]: [(142.13404,298.78411),0.41395]
	1351.52182	   0.06758	[mu,kappa]: [(137.29485,324.64993),1.02296]
	2146.43841	   0.10731	[mu,kappa]: [(41.37727,145.43956),4.67376]
	1312.65383	   0.06563	[mu,kappa]: [(120.82305,286.25299),0.97045]
	1089.55040	   0.05448	[mu,kappa]: [(80.02387,160.81338),0.52603]
			msglen: 469262.59352 bits.
Iteration #: 29
	1337.03677	   0.06685	[mu,kappa]: [(55.20207,138.02351),2.39736]
	1638.72422	   0.08193	[mu,kappa]: [(141.79169,320.66200),1.40841]
	1147.00781	   0.05736	[mu,kappa]: [(124.71213,271.43874),0.53863]
	1154.65261	   0.05774	[mu,kappa]: [(134.98148,347.36220),0.61221]
	2474.74197	   0.12372	[mu,kappa]: [(76.33716,87.92962),6.70194]
	1268.56488	   0.06343	[mu,kappa]: [(68.77783,163.62083),2.04770]
	1542.96288	   0.07715	[mu,kappa]: [(140.44481,317.77359),1.37946]
	1240.48675	   0.06203	[mu,kappa]: [(67.31835,159.80498),1.85893]
	1129.90498	   0.05650	[mu,kappa]: [(139.56267,23.30134),0.27931]
	1175.76796	   0.05879	[mu,kappa]: [(136.89802,299.50839),0.47656]
	1341.69137	   0.06709	[mu,kappa]: [(136.26499,325.47895),1.07435]
	2187.57127	   0.10937	[mu,kappa]: [(39.45153,147.32961),5.40145]
	1306.19252	   0.06531	[mu,kappa]: [(118.09192,285.54940),1.04131]
	1054.69401	   0.05274	[mu,kappa]: [(80.65491,169.03340),0.53052]
			msglen: 468671.18238 bits.
Iteration #: 30
	1268.97892	   0.06345	[mu,kappa]: [(54.64380,143.58470),2.42811]
	1630.57210	   0.08153	[mu,kappa]: [(141.99206,323.56363),1.45793]
	1122.98414	   0.05615	[mu,kappa]: [(121.41028,275.47227),0.62020]
	1131.61346	   0.05659	[mu,kappa]: [(131.11768,342.98938),0.70090]
	2693.33249	   0.13464	[mu,kappa]: [(80.00606,87.21756),9.26565]
	1270.31045	   0.06352	[mu,kappa]: [(71.59659,169.71367),2.42438]
	1533.89574	   0.07669	[mu,kappa]: [(140.51125,320.38303),1.41873]
	1220.30068	   0.06102	[mu,kappa]: [(69.56457,166.43414),2.11978]
	1093.69511	   0.05469	[mu,kappa]: [(134.72653,358.45338),0.33517]
	1149.37049	   0.05747	[mu,kappa]: [(131.62428,301.20204),0.55758]
	1330.06924	   0.06651	[mu,kappa]: [(134.90699,326.70401),1.13727]
	2245.90125	   0.11228	[mu,kappa]: [(36.79658,147.39160),6.70026]
	1297.87389	   0.06490	[mu,kappa]: [(115.25746,285.28962),1.12346]
	1011.10204	   0.05056	[mu,kappa]: [(81.67779,179.42407),0.53539]
			msglen: 467778.62053 bits.
Iteration #: 31
	1183.37176	   0.05917	[mu,kappa]: [(55.00381,149.79502),2.47243]
	1623.05577	   0.08115	[mu,kappa]: [(142.16682,327.18095),1.52270]
	1097.19450	   0.05487	[mu,kappa]: [(118.41298,280.25245),0.71244]
	1110.55404	   0.05553	[mu,kappa]: [(126.66345,340.76192),0.81130]
	2875.05126	   0.14373	[mu,kappa]: [(82.99417,87.54288),12.71627]
	1295.69633	   0.06479	[mu,kappa]: [(75.72021,174.68311),3.09842]
	1524.68904	   0.07623	[mu,kappa]: [(140.54220,323.76594),1.46985]
	1206.57103	   0.06033	[mu,kappa]: [(73.14160,172.24089),2.54994]
	1057.77263	   0.05290	[mu,kappa]: [(126.00259,344.79713),0.43803]
	1122.38096	   0.05612	[mu,kappa]: [(126.75730,304.29696),0.65370]
	1318.96020	   0.06595	[mu,kappa]: [(133.27058,328.74961),1.20688]
	2335.68012	   0.11677	[mu,kappa]: [(33.51139,144.45502),9.36614]
	1288.55662	   0.06443	[mu,kappa]: [(112.35897,285.47567),1.21405]
	 960.46574	   0.04803	[mu,kappa]: [(83.37705,191.30049),0.53592]
			msglen: 466512.68031 bits.
Iteration #: 32
	1071.22452	   0.05357	[mu,kappa]: [(56.67049,154.92074),2.48289]
	1617.56882	   0.08088	[mu,kappa]: [(142.46092,331.51246),1.60115]
	1070.44186	   0.05353	[mu,kappa]: [(115.53828,286.10924),0.81488]
	1095.11756	   0.05476	[mu,kappa]: [(121.97455,341.28174),0.93603]
	2959.41922	   0.14794	[mu,kappa]: [(85.24034,88.19941),16.42826]
	1362.89097	   0.06815	[mu,kappa]: [(80.65980,177.91870),4.52250]
	1516.39626	   0.07582	[mu,kappa]: [(140.63760,327.92980),1.53065]
	1195.47267	   0.05978	[mu,kappa]: [(77.65765,176.35722),3.28414]
	1027.17724	   0.05137	[mu,kappa]: [(117.82664,341.27191),0.58219]
	1096.77700	   0.05484	[mu,kappa]: [(122.29071,308.98525),0.76067]
	1309.68674	   0.06549	[mu,kappa]: [(131.44177,331.81103),1.27597]
	2497.42234	   0.12485	[mu,kappa]: [(30.81081,139.49940),15.12776]
	1278.81558	   0.06394	[mu,kappa]: [(109.25471,286.02081),1.31991]
	 901.58923	   0.04509	[mu,kappa]: [(85.79185,205.36131),0.50558]
			msglen: 464833.74662 bits.
Iteration #: 33
	 918.86357	   0.04595	[mu,kappa]: [(57.48012,156.85072),2.38397]
	1613.75865	   0.08068	[mu,kappa]: [(143.10563,336.05160),1.69429]
	1044.32041	   0.05222	[mu,kappa]: [(111.98821,292.59826),0.93684]
	1086.58019	   0.05433	[mu,kappa]: [(117.03775,343.76868),1.05970]
	2978.86680	   0.14892	[mu,kappa]: [(86.67048,88.80350),19.72030]
	1494.60097	   0.07473	[mu,kappa]: [(85.03189,179.46671),8.57388]
	1508.54869	   0.07543	[mu,kappa]: [(140.93991,332.36523),1.60085]
	1148.96864	   0.05745	[mu,kappa]: [(81.59350,178.67044),4.58705]
	1005.51281	   0.05028	[mu,kappa]: [(110.54479,342.87088),0.75101]
	1074.05414	   0.05371	[mu,kappa]: [(117.59928,314.44241),0.87597]
	1301.62196	   0.06508	[mu,kappa]: [(129.44552,335.43257),1.33596]
	2718.28952	   0.13589	[mu,kappa]: [(30.07292,137.03599),21.59282]
	1272.25282	   0.06362	[mu,kappa]: [(105.51759,286.48389),1.46694]
	 833.76082	   0.04170	[mu,kappa]: [(87.63122,229.34172),0.42890]
			msglen: 463068.56962 bits.
Iteration #: 34
	 752.62391	   0.03764	[mu,kappa]: [(52.26822,151.50606),2.17309]
	1611.01081	   0.08055	[mu,kappa]: [(144.82561,340.29314),1.80476]
	1023.91616	   0.05120	[mu,kappa]: [(107.73049,297.39944),1.06836]
	1083.92994	   0.05420	[mu,kappa]: [(112.05655,347.36228),1.15035]
	2977.51745	   0.14885	[mu,kappa]: [(87.44088,89.30199),21.95329]
	1792.14739	   0.08960	[mu,kappa]: [(88.12769,179.94721),22.44826]
	1500.02023	   0.07500	[mu,kappa]: [(142.11761,336.51012),1.67727]
	 995.78483	   0.04980	[mu,kappa]: [(83.78316,179.53889),6.82575]
	 995.88541	   0.04980	[mu,kappa]: [(103.81381,346.60319),0.90287]
	1056.64892	   0.05284	[mu,kappa]: [(112.87137,319.04252),0.97414]
	1292.33888	   0.06462	[mu,kappa]: [(127.76343,339.06627),1.36873]
	2867.86198	   0.14337	[mu,kappa]: [(30.18441,137.16146),24.29501]
	1277.14557	   0.06386	[mu,kappa]: [(101.09838,285.57262),1.68463]
	 773.16853	   0.03867	[mu,kappa]: [(85.70266,269.33059),0.42343]
			msglen: 460772.51588 bits.
Iteration #: 35
	 635.92765	   0.03181	[mu,kappa]: [(42.30524,134.01213),2.11493]
	1612.08263	   0.08060	[mu,kappa]: [(148.28255,344.10471),1.96363]
	1008.24557	   0.05042	[mu,kappa]: [(104.01674,298.70759),1.18713]
	1080.31258	   0.05402	[mu,kappa]: [(107.57634,351.51623),1.20055]
	2960.96944	   0.14802	[mu,kappa]: [(87.88420,89.64507),23.31960]
	2203.16259	   0.11014	[mu,kappa]: [(89.47358,179.96896),43.62624]
	1491.00778	   0.07455	[mu,kappa]: [(144.89523,340.19175),1.77740]
	 709.79870	   0.03550	[mu,kappa]: [(84.49126,179.87063),9.47870]
	 991.62342	   0.04959	[mu,kappa]: [(98.13443,351.13494),1.01216]
	1040.21376	   0.05202	[mu,kappa]: [(109.22037,321.94675),1.03138]
	1277.25678	   0.06387	[mu,kappa]: [(127.08410,342.46085),1.37438]
	2952.32315	   0.14759	[mu,kappa]: [(30.35119,137.84501),24.90021]
	1303.26966	   0.06517	[mu,kappa]: [(96.70172,282.23856),2.02991]
	 733.80628	   0.03670	[mu,kappa]: [(83.36836,296.89158),0.56421]
			msglen: 459398.77959 bits.
Iteration #: 36
	 619.31226	   0.03098	[mu,kappa]: [(38.89129,113.01371),2.42204]
	1627.85921	   0.08139	[mu,kappa]: [(153.20771,347.96755),2.21039]
	 996.84416	   0.04985	[mu,kappa]: [(100.98451,296.71109),1.26072]
	1077.39258	   0.05388	[mu,kappa]: [(103.09002,356.39497),1.22088]
	2938.00521	   0.14687	[mu,kappa]: [(88.17097,89.85957),24.22008]
	2372.26069	   0.11860	[mu,kappa]: [(89.82304,179.93760),53.41946]
	1487.53297	   0.07438	[mu,kappa]: [(149.12239,343.90670),1.91494]
	 524.07559	   0.02622	[mu,kappa]: [(84.63686,179.95424),11.81803]
	 992.26028	   0.04962	[mu,kappa]: [(92.85709,356.61261),1.08078]
	1024.53998	   0.05123	[mu,kappa]: [(106.55708,323.83494),1.02621]
	1258.97769	   0.06295	[mu,kappa]: [(127.16111,346.02039),1.35095]
	2990.79827	   0.14951	[mu,kappa]: [(30.45169,138.48099),24.99479]
	1374.20271	   0.06871	[mu,kappa]: [(92.63024,276.91429),2.62567]
	 715.93840	   0.03581	[mu,kappa]: [(81.25542,306.64839),0.67428]
			msglen: 458837.73103 bits.
Iteration #: 37
	 665.89028	   0.03331	[mu,kappa]: [(40.62855,98.84564),3.03315]
	1653.51230	   0.08267	[mu,kappa]: [(158.18321,352.92691),2.65425]
	 967.67631	   0.04839	[mu,kappa]: [(98.11372,294.68319),1.29531]
	1071.11521	   0.05356	[mu,kappa]: [(97.49119,2.38183),1.28333]
	2904.41044	   0.14519	[mu,kappa]: [(88.39277,89.98402),24.97990]
	2417.21662	   0.12084	[mu,kappa]: [(89.92473,179.91957),55.54755]
	1476.64846	   0.07383	[mu,kappa]: [(153.34285,348.98517),2.14242]
	 442.26346	   0.02213	[mu,kappa]: [(84.70995,179.87606),13.98792]
	 991.55552	   0.04959	[mu,kappa]: [(87.25264,3.44687),1.18817]
	 995.43696	   0.04978	[mu,kappa]: [(103.63009,327.94678),0.99629]
	1227.16617	   0.06136	[mu,kappa]: [(126.24711,350.99915),1.33604]
	2987.22543	   0.14933	[mu,kappa]: [(30.47625,139.18833),25.27204]
	1505.00093	   0.07525	[mu,kappa]: [(89.29048,272.03679),3.89670]
	 694.88190	   0.03476	[mu,kappa]: [(78.37811,313.92090),0.72047]
			msglen: 458051.61820 bits.
Iteration #: 38
	 762.50237	   0.03814	[mu,kappa]: [(43.19931,91.71624),3.92453]
	1692.06905	   0.08460	[mu,kappa]: [(162.77744,358.89655),3.54671]
	 892.37268	   0.04463	[mu,kappa]: [(95.10989,295.41132),1.24653]
	1056.69380	   0.05284	[mu,kappa]: [(90.89491,8.87290),1.45610]
	2861.39893	   0.14304	[mu,kappa]: [(88.62148,90.08369),25.76766]
	2448.21047	   0.12239	[mu,kappa]: [(89.96741,179.92010),55.20972]
	1440.92153	   0.07205	[mu,kappa]: [(156.92129,355.77943),2.52798]
	 409.84996	   0.02051	[mu,kappa]: [(84.70195,179.81809),15.70508]
	 985.11891	   0.04926	[mu,kappa]: [(81.74392,10.70961),1.40599]
	 938.35927	   0.04693	[mu,kappa]: [(99.30220,337.50857),0.97886]
	1167.44666	   0.05838	[mu,kappa]: [(122.87307,358.01472),1.36026]
	2949.76354	   0.14746	[mu,kappa]: [(30.42451,140.27780),26.09112]
	1740.63367	   0.08703	[mu,kappa]: [(87.40460,268.84843),7.63571]
	 654.65916	   0.03275	[mu,kappa]: [(73.62880,326.35329),0.73097]
			msglen: 456235.79221 bits.
Iteration #: 39
	 900.98709	   0.04506	[mu,kappa]: [(45.06395,89.59982),5.01984]
	1765.91580	   0.08829	[mu,kappa]: [(167.16924,3.60131),5.70476]
	 754.89781	   0.03776	[mu,kappa]: [(89.14337,303.12985),1.01370]
	1035.60125	   0.05179	[mu,kappa]: [(84.04771,14.22560),1.79865]
	2813.97129	   0.14067	[mu,kappa]: [(88.91462,90.20045),26.63011]
	2484.72214	   0.12422	[mu,kappa]: [(90.00259,179.95067),53.95982]
	1352.34891	   0.06762	[mu,kappa]: [(159.75306,3.04955),3.14815]
	 409.40776	   0.02049	[mu,kappa]: [(84.50052,180.15189),16.28661]
	 975.60700	   0.04879	[mu,kappa]: [(76.73653,16.37358),1.78289]
	 850.93256	   0.04256	[mu,kappa]: [(91.30536,353.59805),1.03976]
	1069.43508	   0.05348	[mu,kappa]: [(115.36225,6.32753),1.45083]
	2877.05276	   0.14383	[mu,kappa]: [(30.29723,142.03831),27.85788]
	2114.64617	   0.10572	[mu,kappa]: [(87.75018,268.07973),20.94909]
	 594.47437	   0.02974	[mu,kappa]: [(64.99836,348.28004),0.78229]
			msglen: 452827.89093 bits.
Iteration #: 40
	1053.06048	   0.05266	[mu,kappa]: [(46.43768,90.80814),6.32370]
	1952.67901	   0.09762	[mu,kappa]: [(171.15486,1.78010),11.91812]
	 652.40480	   0.03263	[mu,kappa]: [(70.30265,312.78814),0.77451]
	1035.28800	   0.05177	[mu,kappa]: [(78.63101,15.52751),2.26678]
	2771.69728	   0.13856	[mu,kappa]: [(89.31614,90.33984),27.46524]
	2519.16129	   0.12594	[mu,kappa]: [(90.04880,179.96359),52.54460]
	1183.61108	   0.05918	[mu,kappa]: [(161.69637,5.71876),3.87026]
	 432.75920	   0.02166	[mu,kappa]: [(84.20965,181.09004),15.29289]
	 985.16247	   0.04927	[mu,kappa]: [(73.10418,17.60364),2.23789]
	 784.86457	   0.03925	[mu,kappa]: [(80.04176,4.80223),1.19940]
	 970.19993	   0.04852	[mu,kappa]: [(103.63180,10.87284),1.59522]
	2762.68314	   0.13811	[mu,kappa]: [(30.12489,144.46550),31.43731]
	2340.44812	   0.11701	[mu,kappa]: [(89.05105,269.03961),52.39404]
	 555.98063	   0.02781	[mu,kappa]: [(53.80042,4.13921),0.91705]
			msglen: 449191.99611 bits.
Iteration #: 41
	1194.84009	   0.05975	[mu,kappa]: [(47.58979,93.39434),8.17409]
	2249.99851	   0.11249	[mu,kappa]: [(173.58025,358.72177),25.96279]
	 638.78278	   0.03195	[mu,kappa]: [(48.89241,300.67249),0.75902]
	1064.24240	   0.05322	[mu,kappa]: [(77.27295,13.50361),2.76311]
	2745.21998	   0.13724	[mu,kappa]: [(89.78628,90.44781),28.07952]
	2542.89441	   0.12713	[mu,kappa]: [(90.08293,179.92468),51.60674]
	 917.73479	   0.04590	[mu,kappa]: [(160.51668,2.92672),4.11962]
	 469.32129	   0.02348	[mu,kappa]: [(84.01705,182.36520),13.44100]
	1011.01814	   0.05056	[mu,kappa]: [(72.91527,15.47068),2.64934]
	 761.77872	   0.03810	[mu,kappa]: [(72.01438,6.47507),1.32375]
	 917.34374	   0.04588	[mu,kappa]: [(93.26977,10.26749),1.80065]
	2617.42773	   0.13085	[mu,kappa]: [(29.94876,147.18034),38.17580]
	2318.69412	   0.11592	[mu,kappa]: [(89.61673,269.58213),86.71538]
	 550.70330	   0.02755	[mu,kappa]: [(43.05227,4.98133),0.96172]
			msglen: 446685.88136 bits.
Iteration #: 42
	1321.50081	   0.06608	[mu,kappa]: [(48.14424,95.56840),10.81817]
	2368.58954	   0.11841	[mu,kappa]: [(175.55955,358.44167),44.03919]
	 664.71762	   0.03325	[mu,kappa]: [(43.13620,269.74500),0.84441]
	1101.76101	   0.05509	[mu,kappa]: [(79.67704,11.32179),3.28753]
	2745.42840	   0.13725	[mu,kappa]: [(90.19381,90.47208),28.38720]
	2553.08351	   0.12763	[mu,kappa]: [(90.07784,179.85510),51.40508]
	 737.14119	   0.03687	[mu,kappa]: [(154.66822,0.24711),4.18829]
	 507.34644	   0.02538	[mu,kappa]: [(83.89702,183.53673),11.56741]
	1031.69778	   0.05159	[mu,kappa]: [(75.92695,13.17224),3.03597]
	 749.90474	   0.03751	[mu,kappa]: [(69.99635,5.83453),1.34144]
	 905.10559	   0.04526	[mu,kappa]: [(90.20502,8.88818),2.04325]
	2480.35422	   0.12400	[mu,kappa]: [(29.82053,149.39063),48.45483]
	2279.76464	   0.11397	[mu,kappa]: [(89.75926,269.69365),99.70846]
	 553.60450	   0.02770	[mu,kappa]: [(33.00279,358.57302),0.88116]
			msglen: 445219.64967 bits.
Iteration #: 43
	1397.24368	   0.06986	[mu,kappa]: [(47.86805,96.80255),13.94742]
	2277.43384	   0.11386	[mu,kappa]: [(177.51286,358.02337),73.62346]
	 709.58446	   0.03549	[mu,kappa]: [(48.08357,245.12720),1.01327]
	1138.40988	   0.05693	[mu,kappa]: [(82.74087,9.83903),3.84872]
	2770.39967	   0.13850	[mu,kappa]: [(90.44777,90.44346),28.39386]
	2555.17049	   0.12774	[mu,kappa]: [(90.04980,179.79924),51.68864]
	 722.13015	   0.03612	[mu,kappa]: [(149.03922,359.50706),5.07413]
	 537.75164	   0.02690	[mu,kappa]: [(83.76560,184.20797),10.00645]
	1044.81636	   0.05225	[mu,kappa]: [(79.40242,11.61172),3.43080]
	 734.89721	   0.03676	[mu,kappa]: [(70.65864,5.78740),1.27636]
	 901.48365	   0.04508	[mu,kappa]: [(91.37413,8.27894),2.25319]
	2387.82210	   0.11937	[mu,kappa]: [(29.75806,150.50570),58.27703]
	2263.19817	   0.11315	[mu,kappa]: [(89.79717,269.72187),102.90674]
	 559.65870	   0.02800	[mu,kappa]: [(21.05456,343.26972),0.77452]
			msglen: 443892.65612 bits.
Iteration #: 44
	1401.64629	   0.07008	[mu,kappa]: [(47.12337,97.40370),17.27181]
	2135.95949	   0.10679	[mu,kappa]: [(179.08858,356.22352),137.47231]
	 761.88139	   0.03811	[mu,kappa]: [(52.48173,232.42444),1.22590]
	1162.79513	   0.05814	[mu,kappa]: [(84.25959,8.95672),4.43131]
	2818.56304	   0.14090	[mu,kappa]: [(90.49710,90.39999),28.10490]
	2553.08077	   0.12763	[mu,kappa]: [(90.02023,179.77880),52.17680]
	 805.96721	   0.04031	[mu,kappa]: [(146.92228,359.31177),7.39674]
	 552.61259	   0.02765	[mu,kappa]: [(83.63286,184.25681),8.82807]
	1046.87477	   0.05235	[mu,kappa]: [(81.23736,10.77254),3.83403]
	 714.55510	   0.03574	[mu,kappa]: [(70.10017,7.09188),1.18141]
	 883.71905	   0.04420	[mu,kappa]: [(92.45697,8.43105),2.40266]
	2335.63863	   0.11677	[mu,kappa]: [(29.73446,150.85654),64.11424]
	2257.75818	   0.11287	[mu,kappa]: [(89.80989,269.73867),103.79322]
	 568.94835	   0.02846	[mu,kappa]: [(10.44980,295.78831),0.74026]
			msglen: 442522.10898 bits.
Iteration #: 45
	1355.05697	   0.06775	[mu,kappa]: [(46.31003,97.72158),21.03000]
	2043.98600	   0.10219	[mu,kappa]: [(179.86192,347.61649),214.38421]
	 810.17054	   0.04052	[mu,kappa]: [(54.48786,226.04652),1.41777]
	1173.45507	   0.05868	[mu,kappa]: [(83.98429,8.35853),5.09771]
	2879.39664	   0.14394	[mu,kappa]: [(90.39533,90.34529),27.56746]
	2550.75332	   0.12752	[mu,kappa]: [(89.99794,179.78742),52.65339]
	 920.93412	   0.04606	[mu,kappa]: [(147.46294,358.97442),11.80739]
	 550.42500	   0.02754	[mu,kappa]: [(83.59500,183.80794),7.96736]
	1038.24463	   0.05192	[mu,kappa]: [(81.12412,10.36075),4.28506]
	 689.64709	   0.03450	[mu,kappa]: [(66.23125,9.80989),1.09528]
	 843.37507	   0.04218	[mu,kappa]: [(91.25950,9.05921),2.50277]
	2309.42805	   0.11546	[mu,kappa]: [(29.72534,150.91487),66.95849]
	2256.36754	   0.11280	[mu,kappa]: [(89.81705,269.75460),104.06509]
	 578.75998	   0.02895	[mu,kappa]: [(13.21009,228.67674),0.78562]
			msglen: 441708.59300 bits.
Iteration #: 46
	1284.70548	   0.06424	[mu,kappa]: [(45.62579,97.96889),25.78520]
	2007.00745	   0.10034	[mu,kappa]: [(179.95168,198.56601),240.72172]
	 851.44904	   0.04258	[mu,kappa]: [(55.62341,222.87027),1.54850]
	1188.56905	   0.05943	[mu,kappa]: [(83.34906,7.73770),5.87485]
	2941.56775	   0.14705	[mu,kappa]: [(90.22314,90.27688),26.89098]
	2551.63443	   0.12756	[mu,kappa]: [(89.98191,179.81044),52.98112]
	 997.03815	   0.04986	[mu,kappa]: [(148.82700,358.86148),18.20389]
	 536.61703	   0.02685	[mu,kappa]: [(83.71283,183.06616),7.31602]
	1031.36511	   0.05158	[mu,kappa]: [(80.41903,10.06531),4.78248]
	 668.48264	   0.03344	[mu,kappa]: [(60.43268,13.63262),1.02767]
	 796.73014	   0.03985	[mu,kappa]: [(88.49166,9.83757),2.58366]
	2298.30064	   0.11490	[mu,kappa]: [(29.72370,150.86323),68.30244]
	2256.78186	   0.11282	[mu,kappa]: [(89.82170,269.76825),104.10589]
	 589.75123	   0.02950	[mu,kappa]: [(19.82181,207.49976),0.84835]
			msglen: 441299.57451 bits.
Iteration #: 47
	1208.06945	   0.06041	[mu,kappa]: [(45.12304,98.21567),32.18383]
	2001.31582	   0.10006	[mu,kappa]: [(179.90597,187.29411),245.24903]
	 886.87319	   0.04435	[mu,kappa]: [(56.36536,221.51798),1.61486]
	1213.20732	   0.06066	[mu,kappa]: [(83.47269,6.99382),6.60236]
	2998.36209	   0.14989	[mu,kappa]: [(90.02403,90.19658),26.18730]
	2556.30893	   0.12780	[mu,kappa]: [(89.96753,179.83720),53.13379]
	1008.18412	   0.05042	[mu,kappa]: [(149.79336,359.03247),24.98660]
	 516.84043	   0.02586	[mu,kappa]: [(83.92510,182.20491),6.79922]
	1030.71725	   0.05154	[mu,kappa]: [(80.22494,9.80137),5.19532]
	 658.95484	   0.03296	[mu,kappa]: [(54.95903,18.21084),0.97798]
	 762.72481	   0.03815	[mu,kappa]: [(85.96196,10.59677),2.64404]
	2296.96044	   0.11483	[mu,kappa]: [(29.72461,150.75967),68.85222]
	2257.67362	   0.11287	[mu,kappa]: [(89.82435,269.77881),104.06715]
	 603.80770	   0.03020	[mu,kappa]: [(24.27510,199.41650),0.89162]
			msglen: 441045.38791 bits.
Iteration #: 48
	1132.65303	   0.05664	[mu,kappa]: [(44.80135,98.49237),40.96060]
	2007.38144	   0.10036	[mu,kappa]: [(179.89889,186.98045),244.51740]
	 917.35370	   0.04588	[mu,kappa]: [(56.62180,221.14717),1.63431]
	1235.75980	   0.06179	[mu,kappa]: [(84.18109,6.20384),7.16398]
	3044.28421	   0.15219	[mu,kappa]: [(89.82116,90.11635),25.54193]
	2564.19413	   0.12819	[mu,kappa]: [(89.95306,179.86231),53.13708]
	 987.01931	   0.04936	[mu,kappa]: [(150.22607,359.23536),30.27586]
	 494.61235	   0.02475	[mu,kappa]: [(84.12838,181.35140),6.37698]
	1030.19641	   0.05152	[mu,kappa]: [(80.40201,9.67542),5.43197]
	 662.05403	   0.03312	[mu,kappa]: [(50.49101,23.47760),0.95295]
	 743.58805	   0.03719	[mu,kappa]: [(84.03528,11.50047),2.66444]
	2301.99149	   0.11508	[mu,kappa]: [(29.72589,150.62439),68.91035]
	2257.90614	   0.11288	[mu,kappa]: [(89.82592,269.78612),104.05953]
	 621.00591	   0.03106	[mu,kappa]: [(26.35120,194.56876),0.91456]
			msglen: 440877.18422 bits.
Iteration #: 49
	1061.48289	   0.05308	[mu,kappa]: [(44.64854,98.81701),52.97922]
	2013.91815	   0.10069	[mu,kappa]: [(179.90666,188.45851),243.05730]
	 943.13814	   0.04717	[mu,kappa]: [(56.48861,221.21541),1.62610]
	1250.84651	   0.06255	[mu,kappa]: [(85.07710,5.41138),7.60111]
	3076.43574	   0.15379	[mu,kappa]: [(89.63601,90.05075),25.01183]
	2574.58566	   0.12871	[mu,kappa]: [(89.93976,179.88374),53.02320]
	 964.80031	   0.04825	[mu,kappa]: [(150.38027,359.36268),33.63791]
	 472.00378	   0.02362	[mu,kappa]: [(84.28114,180.60581),6.02313]
	1026.46945	   0.05133	[mu,kappa]: [(80.57610,9.73647),5.51887]
	 674.48636	   0.03374	[mu,kappa]: [(47.02488,29.26125),0.95844]
	 734.73494	   0.03675	[mu,kappa]: [(82.26739,12.71643),2.64978]
	2309.74621	   0.11547	[mu,kappa]: [(29.72761,150.46984),68.67048]
	2257.51755	   0.11286	[mu,kappa]: [(89.82717,269.79061),104.09839]
	 639.83430	   0.03201	[mu,kappa]: [(26.61127,190.23652),0.92597]
			msglen: 440742.69367 bits.
Iteration #: 50
	 997.67582	   0.04989	[mu,kappa]: [(44.63647,99.14975),68.73585]
	2018.26831	   0.10090	[mu,kappa]: [(179.91541,190.13380),241.94335]
	 964.81103	   0.04825	[mu,kappa]: [(56.23316,221.43938),1.60375]
	1259.92310	   0.06300	[mu,kappa]: [(85.99520,4.61457),7.99772]
	3095.18877	   0.15473	[mu,kappa]: [(89.48732,90.00498),24.62162]
	2586.54394	   0.12931	[mu,kappa]: [(89.92852,179.90084),52.82666]
	 950.36904	   0.04753	[mu,kappa]: [(150.42849,359.42349),35.55655]
	 450.20853	   0.02253	[mu,kappa]: [(84.39486,180.03670),5.71656]
	1019.32389	   0.05097	[mu,kappa]: [(80.61254,9.95799),5.51670]
	 692.42009	   0.03463	[mu,kappa]: [(44.49967,35.12453),0.99142]
	 732.03644	   0.03661	[mu,kappa]: [(80.37731,14.26720),2.61778]
	2317.40198	   0.11585	[mu,kappa]: [(29.72981,150.31053),68.27140]
	2257.03792	   0.11284	[mu,kappa]: [(89.82832,269.79313),104.14614]
	 658.79114	   0.03295	[mu,kappa]: [(25.83835,185.52774),0.93262]
			msglen: 440627.14745 bits.
Iteration #: 51
	 944.66000	   0.04724	[mu,kappa]: [(44.70862,99.41129),86.94641]
	2020.78340	   0.10103	[mu,kappa]: [(179.92141,191.46018),241.25342]
	 983.02246	   0.04916	[mu,kappa]: [(56.11002,221.71456),1.57543]
	1265.85076	   0.06330	[mu,kappa]: [(86.88812,3.81443),8.41177]
	3102.47870	   0.15509	[mu,kappa]: [(89.38487,89.97739),24.37454]
	2599.04437	   0.12993	[mu,kappa]: [(89.91910,179.91346),52.58291]
	 942.99034	   0.04716	[mu,kappa]: [(150.43918,359.44684),36.57093]
	 429.78733	   0.02151	[mu,kappa]: [(84.48944,179.67302),5.44180]
	1009.14218	   0.05046	[mu,kappa]: [(80.51746,10.29650),5.47151]
	 712.74227	   0.03565	[mu,kappa]: [(42.79632,40.59778),1.04371]
	 732.70670	   0.03665	[mu,kappa]: [(78.33416,16.08890),2.58350]
	2323.33097	   0.11615	[mu,kappa]: [(29.73260,150.16415),67.82033]
	2256.76111	   0.11282	[mu,kappa]: [(89.82924,269.79453),104.17641]
	 676.69943	   0.03385	[mu,kappa]: [(24.71596,180.31513),0.93764]
			msglen: 440538.07248 bits.
Iteration #: 52
	 904.26886	   0.04522	[mu,kappa]: [(44.79446,99.56763),103.93674]
	2022.15594	   0.10110	[mu,kappa]: [(179.92495,192.35306),240.86361]
	 998.22379	   0.04992	[mu,kappa]: [(56.28047,222.03893),1.54597]
	1270.92333	   0.06355	[mu,kappa]: [(87.72557,3.03204),8.86437]
	3100.96071	   0.15502	[mu,kappa]: [(89.32738,89.96428),24.25773]
	2611.30468	   0.13054	[mu,kappa]: [(89.91087,179.92189),52.32112]
	 940.40034	   0.04703	[mu,kappa]: [(150.43454,359.45278),37.05068]
	 410.94338	   0.02056	[mu,kappa]: [(84.57389,179.50989),5.18955]
	 996.56384	   0.04984	[mu,kappa]: [(80.32490,10.72094),5.41017]
	 733.15738	   0.03667	[mu,kappa]: [(41.74556,45.37937),1.10685]
	 735.07289	   0.03677	[mu,kappa]: [(76.21693,18.09427),2.55648]
	2326.71069	   0.11632	[mu,kappa]: [(29.73685,150.04933),67.42389]
	2256.69966	   0.11282	[mu,kappa]: [(89.82979,269.79545),104.18586]
	 692.61450	   0.03464	[mu,kappa]: [(23.67778,174.88587),0.94145]
			msglen: 440480.07273 bits.
Iteration #: 53
	 875.67387	   0.04379	[mu,kappa]: [(44.85409,99.65095),116.69238]
	2022.86073	   0.10113	[mu,kappa]: [(179.92689,192.89279),240.66102]
	1010.83722	   0.05055	[mu,kappa]: [(56.79558,222.44902),1.51836]
	1276.40599	   0.06382	[mu,kappa]: [(88.47557,2.29857),9.34699]
	3093.46436	   0.15464	[mu,kappa]: [(89.30583,89.96210),24.24608]
	2622.89335	   0.13112	[mu,kappa]: [(89.90334,179.92669),52.06010]
	 940.79359	   0.04705	[mu,kappa]: [(150.42132,359.45221),37.21958]
	 393.74536	   0.01971	[mu,kappa]: [(84.64448,179.51957),4.95530]
	 982.57282	   0.04914	[mu,kappa]: [(80.06058,11.21343),5.34637]
	 752.20351	   0.03762	[mu,kappa]: [(41.17295,49.35494),1.17438]
	 738.34065	   0.03693	[mu,kappa]: [(74.12304,20.19794),2.54203]
	2327.52083	   0.11636	[mu,kappa]: [(29.74255,149.97606),67.16205]
	2256.73455	   0.11282	[mu,kappa]: [(89.82995,269.79628),104.18398]
	 705.95316	   0.03531	[mu,kappa]: [(22.89589,169.68107),0.94334]
			msglen: 440444.11594 bits.
Iteration #: 54
	 856.43035	   0.04283	[mu,kappa]: [(44.88678,99.69782),125.06509]
	2023.17431	   0.10115	[mu,kappa]: [(179.92791,193.18295),240.57201]
	1021.34267	   0.05107	[mu,kappa]: [(57.62029,222.96994),1.49448]
	1282.60432	   0.06413	[mu,kappa]: [(89.11558,1.64031),9.83454]
	3082.42784	   0.15409	[mu,kappa]: [(89.30932,89.96826),24.31035]
	2633.65041	   0.13166	[mu,kappa]: [(89.89626,179.92861),51.80937]
	 942.95281	   0.04716	[mu,kappa]: [(150.40185,359.45046),37.20926]
	 378.22981	   0.01893	[mu,kappa]: [(84.68893,179.66128),4.73731]
	 968.22895	   0.04842	[mu,kappa]: [(79.74611,11.75702),5.28703]
	 769.05143	   0.03846	[mu,kappa]: [(40.92470,52.54381),1.24179]
	 742.14611	   0.03712	[mu,kappa]: [(72.14008,22.31664),2.54217]
	2326.51220	   0.11631	[mu,kappa]: [(29.74862,149.93922),67.04582]
	2256.72708	   0.11282	[mu,kappa]: [(89.82979,269.79721),104.18320]
	 716.52170	   0.03584	[mu,kappa]: [(22.37870,165.08624),0.94265]
			msglen: 440419.77016 bits.
Iteration #: 55
	 843.67683	   0.04219	[mu,kappa]: [(44.90376,99.72752),130.31011]
	2023.25567	   0.10115	[mu,kappa]: [(179.92843,193.30614),240.55167]
	1030.23620	   0.05152	[mu,kappa]: [(58.66582,223.59340),1.47530]
	1289.29890	   0.06447	[mu,kappa]: [(89.63872,1.07157),10.29798]
	3069.74362	   0.15346	[mu,kappa]: [(89.32811,89.98056),24.42228]
	2643.55041	   0.13216	[mu,kappa]: [(89.88960,179.92846),51.57286]
	 946.07010	   0.04731	[mu,kappa]: [(150.37773,359.44986),37.09822]
	 364.40212	   0.01824	[mu,kappa]: [(84.69189,179.88906),4.53495]
	 954.42307	   0.04773	[mu,kappa]: [(79.40506,12.32962),5.23589]
	 783.37310	   0.03918	[mu,kappa]: [(40.88034,55.05573),1.30611]
	 746.27064	   0.03733	[mu,kappa]: [(70.33317,24.37693),2.55642]
	2324.64094	   0.11622	[mu,kappa]: [(29.75432,149.92636),67.03346]
	2256.57555	   0.11281	[mu,kappa]: [(89.82943,269.79831),104.19334]
	 724.48285	   0.03624	[mu,kappa]: [(22.07113,161.30248),0.93926]
			msglen: 440401.80260 bits.
Iteration #: 56
	 835.03493	   0.04176	[mu,kappa]: [(44.91304,99.74864),133.63241]
	2023.19968	   0.10115	[mu,kappa]: [(179.92867,193.32145),240.57224]
	1037.93504	   0.05190	[mu,kappa]: [(59.82481,224.28717),1.46097]
	1296.17455	   0.06481	[mu,kappa]: [(90.05165,0.59463),10.71356]
	3056.75079	   0.15281	[mu,kappa]: [(89.35484,89.99695),24.55816]
	2652.61053	   0.13261	[mu,kappa]: [(89.88342,179.92696),51.35203]
	 949.60281	   0.04749	[mu,kappa]: [(150.35069,359.45121),36.93485]
	 352.21160	   0.01763	[mu,kappa]: [(84.64033,180.15953),4.34784]
	 941.72858	   0.04709	[mu,kappa]: [(79.06240,12.90468),5.19483]
	 795.17966	   0.03977	[mu,kappa]: [(40.95485,57.03610),1.36560]
	 750.50946	   0.03754	[mu,kappa]: [(68.73872,26.32375),2.58254]
	2322.60915	   0.11611	[mu,kappa]: [(29.75942,149.92663),67.07462]
	2256.23922	   0.11280	[mu,kappa]: [(89.82899,269.79956),104.21895]
	 730.21399	   0.03652	[mu,kappa]: [(21.91343,158.36310),0.93354]
			msglen: 440388.14386 bits.
Iteration #: 57
	 828.90864	   0.04146	[mu,kappa]: [(44.91864,99.76498),135.83054]
	2023.06571	   0.10114	[mu,kappa]: [(179.92876,193.27015),240.61600]
	1044.73223	   0.05224	[mu,kappa]: [(60.99865,225.01244),1.45108]
	1303.04622	   0.06515	[mu,kappa]: [(90.36886,0.20328),11.06714]
	3044.29879	   0.15219	[mu,kappa]: [(89.38457,90.01548),24.70069]
	2660.85961	   0.13302	[mu,kappa]: [(89.87784,179.92474),51.14744]
	 953.18997	   0.04767	[mu,kappa]: [(150.32261,359.45456),36.74995]
	 341.55429	   0.01710	[mu,kappa]: [(84.52659,180.43733),4.17549]
	 930.37746	   0.04653	[mu,kappa]: [(78.74044,13.45576),5.16435]
	 804.65665	   0.04024	[mu,kappa]: [(41.09209,58.62310),1.41935]
	 754.64026	   0.03774	[mu,kappa]: [(67.36570,28.12388),2.61754]
	2320.78615	   0.11602	[mu,kappa]: [(29.76388,149.93312),67.13345]
	2255.72875	   0.11277	[mu,kappa]: [(89.82853,269.80090),104.25986]
	 734.15528	   0.03672	[mu,kappa]: [(21.86073,156.20871),0.92604]
			msglen: 440377.77775 bits.
Iteration #: 58
	 824.33904	   0.04123	[mu,kappa]: [(44.92236,99.77828),137.37076]
	2022.89222	   0.10113	[mu,kappa]: [(179.92879,193.18086),240.67132]
	1050.81369	   0.05255	[mu,kappa]: [(62.11160,225.73469),1.44488]
	1309.88735	   0.06550	[mu,kappa]: [(90.60735,359.88709),11.35426]
	3032.86289	   0.15162	[mu,kappa]: [(89.41433,90.03450),24.83868]
	2668.33305	   0.13339	[mu,kappa]: [(89.87291,179.92229),50.95923]
	 956.60402	   0.04784	[mu,kappa]: [(150.29517,359.45966),36.56311]
	 332.29502	   0.01663	[mu,kappa]: [(84.34902,180.69696),4.01723]
	 920.34278	   0.04603	[mu,kappa]: [(78.45511,13.96151),5.14384]
	 812.06561	   0.04061	[mu,kappa]: [(41.25648,59.92916),1.46701]
	 758.45587	   0.03793	[mu,kappa]: [(66.20212,29.76470),2.65840]
	2319.30143	   0.11595	[mu,kappa]: [(29.76770,149.94201),67.19082]
	2255.08318	   0.11274	[mu,kappa]: [(89.82812,269.80227),104.31300]
	 736.72386	   0.03685	[mu,kappa]: [(21.88371,154.74252),0.91735]
			msglen: 440369.97138 bits.
Iteration #: 59
	 820.77330	   0.04105	[mu,kappa]: [(44.92501,99.78940),138.51339]
	2022.70453	   0.10112	[mu,kappa]: [(179.92877,193.07312),240.73053]
	1056.29560	   0.05282	[mu,kappa]: [(63.11459,226.42797),1.44155]
	1316.76187	   0.06584	[mu,kappa]: [(90.78334,359.63449),11.57762]
	3022.65616	   0.15110	[mu,kappa]: [(89.44248,90.05278),24.96583]
	2675.07172	   0.13373	[mu,kappa]: [(89.86867,179.91990),50.78725]
	 959.71739	   0.04799	[mu,kappa]: [(150.26967,359.46613),36.38628]
	 324.28805	   0.01623	[mu,kappa]: [(84.11120,180.92246),3.87217]
	 911.45532	   0.04558	[mu,kappa]: [(78.21487,14.40817),5.13201]
	 817.69298	   0.04090	[mu,kappa]: [(41.42638,61.03794),1.50868]
	 761.80312	   0.03810	[mu,kappa]: [(65.22376,31.24936),2.70260]
	2318.15118	   0.11589	[mu,kappa]: [(29.77091,149.95134),67.23921]
	2254.35088	   0.11270	[mu,kappa]: [(89.82779,269.80361),104.37428]
	 738.27792	   0.03693	[mu,kappa]: [(21.96421,153.85886),0.90793]
			msglen: 440364.10824 bits.
Iteration #: 60
	 817.89123	   0.04091	[mu,kappa]: [(44.92699,99.79881),139.40306]
	2022.51891	   0.10112	[mu,kappa]: [(179.92874,192.95992),240.78874]
	1061.25632	   0.05307	[mu,kappa]: [(63.98254,227.07537),1.44027]
	1323.74974	   0.06619	[mu,kappa]: [(90.91078,359.43456),11.74416]
	3013.71960	   0.15066	[mu,kappa]: [(89.46823,90.06951),25.07925]
	2681.12119	   0.13403	[mu,kappa]: [(89.86510,179.91775),50.63108]
	 962.47419	   0.04813	[mu,kappa]: [(150.24689,359.47357),36.22594]
	 317.38972	   0.01589	[mu,kappa]: [(83.82050,181.10576),3.73931]
	 903.49984	   0.04518	[mu,kappa]: [(78.02166,14.78955),5.12725]
	 821.82100	   0.04110	[mu,kappa]: [(41.58937,62.00803),1.54471]
	 764.59976	   0.03824	[mu,kappa]: [(64.40179,32.59071),2.74830]
	2317.27422	   0.11585	[mu,kappa]: [(29.77355,149.96019),67.27745]
	2253.57776	   0.11266	[mu,kappa]: [(89.82754,269.80488),104.43966]
	 739.10653	   0.03697	[mu,kappa]: [(22.09098,153.45618),0.89815]
			msglen: 440359.67762 bits.
Iteration #: 61
	 815.50045	   0.04079	[mu,kappa]: [(44.92850,99.80680),140.12200]
	2022.34501	   0.10111	[mu,kappa]: [(179.92870,192.84949),240.84303]
	1065.75621	   0.05329	[mu,kappa]: [(64.70869,227.66760),1.44036]
	1330.90376	   0.06655	[mu,kappa]: [(91.00099,359.27772),11.86250]
	3005.99047	   0.15027	[mu,kappa]: [(89.49133,90.08427),25.17832]
	2686.53106	   0.13430	[mu,kappa]: [(89.86215,179.91595),50.49008]
	 964.86601	   0.04825	[mu,kappa]: [(150.22718,359.48161),36.08483]
	 311.46480	   0.01559	[mu,kappa]: [(83.48643,181.24469),3.61757]
	 896.27282	   0.04482	[mu,kappa]: [(77.87299,15.10543),5.12797]
	 824.71002	   0.04125	[mu,kappa]: [(41.73896,62.87866),1.57558]
	 766.82944	   0.03835	[mu,kappa]: [(63.70794,33.80605),2.79430]
	2316.59621	   0.11581	[mu,kappa]: [(29.77570,149.96817),67.30714]
	2252.80135	   0.11263	[mu,kappa]: [(89.82738,269.80605),104.50577]
	 739.43240	   0.03698	[mu,kappa]: [(22.25666,153.44274),0.88826]
			msglen: 440356.27836 bits.
Iteration #: 62
	 813.47858	   0.04068	[mu,kappa]: [(44.92965,99.81360),140.71908]
	2022.18771	   0.10110	[mu,kappa]: [(179.92865,192.74661),240.89199]
	1069.84724	   0.05350	[mu,kappa]: [(65.29829,228.20106),1.44128]
	1338.23760	   0.06691	[mu,kappa]: [(91.06293,359.15592),11.94138]
	2999.35157	   0.14994	[mu,kappa]: [(89.51183,90.09693),25.26371]
	2691.35400	   0.13455	[mu,kappa]: [(89.85974,179.91449),50.36340]
	 966.91254	   0.04835	[mu,kappa]: [(150.21053,359.48995),35.96324]
	 306.38922	   0.01534	[mu,kappa]: [(83.11926,181.34105),3.50588]
	 889.60681	   0.04449	[mu,kappa]: [(77.76385,15.35953),5.13275]
	 826.58875	   0.04134	[mu,kappa]: [(41.87232,63.67523),1.60186]
	 768.52500	   0.03844	[mu,kappa]: [(63.11714,34.91351),2.83995]
	2316.05127	   0.11579	[mu,kappa]: [(29.77742,149.97517),67.33063]
	2252.04903	   0.11259	[mu,kappa]: [(89.82729,269.80710),104.57014]
	 739.42067	   0.03698	[mu,kappa]: [(22.45599,153.73872),0.87840]
			msglen: 440353.61036 bits.
Iteration #: 63
	 811.74275	   0.04060	[mu,kappa]: [(44.93053,99.81940),141.22511]
	2022.04858	   0.10109	[mu,kappa]: [(179.92861,192.65363),240.93520]
	1073.57657	   0.05369	[mu,kappa]: [(65.76333,228.67600),1.44262]
	1345.73182	   0.06729	[mu,kappa]: [(91.10349,359.06251),11.98880]
	2993.66441	   0.14966	[mu,kappa]: [(89.52995,90.10756),25.33678]
	2695.64440	   0.13476	[mu,kappa]: [(89.85779,179.91336),50.25002]
	 968.64772	   0.04844	[mu,kappa]: [(150.19675,359.49838),35.86000]
	 302.05103	   0.01512	[mu,kappa]: [(82.72887,181.39899),3.40321]
	 883.37444	   0.04418	[mu,kappa]: [(77.68833,15.55772),5.14042]
	 827.65075	   0.04139	[mu,kappa]: [(41.98874,64.41380),1.62411]
	 769.74950	   0.03850	[mu,kappa]: [(62.60856,35.92999),2.88496]
	2315.58951	   0.11576	[mu,kappa]: [(29.77880,149.98123),67.35006]
	2251.33861	   0.11255	[mu,kappa]: [(89.82727,269.80804),104.63114]
	 739.18990	   0.03697	[mu,kappa]: [(22.68477,154.27668),0.86867]
			msglen: 440351.45739 bits.
Iteration #: 64
	 810.23364	   0.04052	[mu,kappa]: [(44.93120,99.82438),141.66080]
	2021.92712	   0.10109	[mu,kappa]: [(179.92857,192.57135),240.97287]
	1076.98720	   0.05386	[mu,kappa]: [(66.11865,229.09501),1.44412]
	1353.34592	   0.06767	[mu,kappa]: [(91.12797,358.99208),12.01160]
	2988.78977	   0.14941	[mu,kappa]: [(89.54597,90.11633),25.39914]
	2699.45665	   0.13495	[mu,kappa]: [(89.85622,179.91252),50.14882]
	 970.11058	   0.04851	[mu,kappa]: [(150.18554,359.50673),35.77326]
	 298.35051	   0.01494	[mu,kappa]: [(82.32411,181.42372),3.30857]
	 877.48312	   0.04388	[mu,kappa]: [(77.64055,15.70673),5.15005]
	 828.05518	   0.04141	[mu,kappa]: [(42.08862,65.10435),1.64286]
	 770.58006	   0.03854	[mu,kappa]: [(62.16554,36.87025),2.92932]
	2315.17717	   0.11574	[mu,kappa]: [(29.77988,149.98644),67.36706]
	2250.68008	   0.11252	[mu,kappa]: [(89.82730,269.80886),104.68782]
	 738.82299	   0.03695	[mu,kappa]: [(22.93944,155.00095),0.85910]
			msglen: 440349.66769 bits.
Iteration #: 65
	 808.90702	   0.04046	[mu,kappa]: [(44.93169,99.82868),142.04081]
	2021.82168	   0.10108	[mu,kappa]: [(179.92853,192.49957),241.00556]
	1080.11775	   0.05401	[mu,kappa]: [(66.37943,229.46192),1.44560]
	1361.02982	   0.06805	[mu,kappa]: [(91.14040,358.94025),12.01548]
	2984.59899	   0.14920	[mu,kappa]: [(89.56018,90.12348),25.45237]
	2702.84351	   0.13512	[mu,kappa]: [(89.85497,179.91192),50.05863]
	 971.33987	   0.04857	[mu,kappa]: [(150.17654,359.51491),35.70089]
	 295.19985	   0.01478	[mu,kappa]: [(81.91244,181.42073),3.22108]
	 871.86703	   0.04360	[mu,kappa]: [(77.61519,15.81326),5.16091]
	 827.93020	   0.04141	[mu,kappa]: [(42.17292,65.75319),1.65858]
	 771.09631	   0.03857	[mu,kappa]: [(61.77512,37.74664),2.97314]
	2314.79383	   0.11572	[mu,kappa]: [(29.78074,149.99091),67.38268]
	2250.07764	   0.11249	[mu,kappa]: [(89.82737,269.80958),104.73977]
	 738.37649	   0.03693	[mu,kappa]: [(23.21686,155.86640),0.84971]
			msglen: 440348.13650 bits.
Iteration #: 66
	 807.72901	   0.04040	[mu,kappa]: [(44.93204,99.83242),142.37605]
	2021.73009	   0.10108	[mu,kappa]: [(179.92850,192.43760),241.03395]
	1083.00225	   0.05416	[mu,kappa]: [(66.55986,229.78109),1.44694]
	1368.73213	   0.06844	[mu,kappa]: [(91.14381,358.90349),12.00501]
	2980.97905	   0.14902	[mu,kappa]: [(89.57286,90.12927),25.49796]
	2705.85472	   0.13527	[mu,kappa]: [(89.85395,179.91151),49.97827]
	 972.37122	   0.04863	[mu,kappa]: [(150.16941,359.52287),35.64081]
	 292.52246	   0.01465	[mu,kappa]: [(81.49991,181.39527),3.13994]
	 866.47980	   0.04333	[mu,kappa]: [(77.60771,15.88353),5.17247]
	 827.37751	   0.04138	[mu,kappa]: [(42.24274,66.36438),1.67166]
	 771.37325	   0.03858	[mu,kappa]: [(61.42741,38.56921),3.01662]
	2314.42864	   0.11571	[mu,kappa]: [(29.78142,149.99475),67.39753]
	2249.53157	   0.11246	[mu,kappa]: [(89.82748,269.81020),104.78692]
	 737.88829	   0.03691	[mu,kappa]: [(23.51425,156.83696),0.84048]
			msglen: 440346.79214 bits.
Iteration #: 67
	 806.67325	   0.04034	[mu,kappa]: [(44.93229,99.83574),142.67480]
	2021.65014	   0.10107	[mu,kappa]: [(179.92848,192.38447),241.05876]
	1085.67019	   0.05429	[mu,kappa]: [(66.67245,230.05693),1.44809]
	1376.40526	   0.06882	[mu,kappa]: [(91.14050,358.87894),11.98384]
	2977.83387	   0.14886	[mu,kappa]: [(89.58428,90.13393),25.53719]
	2708.53602	   0.13540	[mu,kappa]: [(89.85313,179.91126),49.90662]
	 973.23587	   0.04867	[mu,kappa]: [(150.16384,359.53059),35.59110]
	 290.25215	   0.01453	[mu,kappa]: [(81.09118,181.35203),3.06444]
	 861.28860	   0.04307	[mu,kappa]: [(77.61441,15.92306),5.18433]
	 826.47703	   0.04133	[mu,kappa]: [(42.29916,66.94074),1.68243]
	 771.47750	   0.03859	[mu,kappa]: [(61.11491,39.34600),3.05998]
	2314.07717	   0.11569	[mu,kappa]: [(29.78196,149.99806),67.41189]
	2249.03968	   0.11244	[mu,kappa]: [(89.82761,269.81074),104.82945]
	 737.38326	   0.03688	[mu,kappa]: [(23.82919,157.88406),0.83143]
			msglen: 440345.58557 bits.
Iteration #: 68
	 805.71906	   0.04030	[mu,kappa]: [(44.93245,99.83870),142.94351]
	2021.57972	   0.10107	[mu,kappa]: [(179.92846,192.33920),241.08065]
	1088.14680	   0.05441	[mu,kappa]: [(66.72794,230.29369),1.44902]
	1384.00787	   0.06920	[mu,kappa]: [(91.13217,358.86431),11.95485]
	2975.08352	   0.14873	[mu,kappa]: [(89.59464,90.13768),25.57115]
	2710.92865	   0.13552	[mu,kappa]: [(89.85245,179.91113),49.84266]
	 973.96052	   0.04871	[mu,kappa]: [(150.15956,359.53805),35.55007]
	 288.33207	   0.01444	[mu,kappa]: [(80.68975,181.29504),2.99394]
	 856.26995	   0.04282	[mu,kappa]: [(77.63232,15.93661),5.19618]
	 825.29138	   0.04128	[mu,kappa]: [(42.34313,67.48446),1.69117]
	 771.46576	   0.03858	[mu,kappa]: [(60.83202,40.08335),3.10342]
	2313.73877	   0.11567	[mu,kappa]: [(29.78238,150.00092),67.42583]
	2248.59843	   0.11242	[mu,kappa]: [(89.82775,269.81121),104.86764]
	 736.87749	   0.03686	[mu,kappa]: [(24.15961,158.98518),0.82253]
			msglen: 440344.48304 bits.
Iteration #: 69
	 804.85016	   0.04025	[mu,kappa]: [(44.93254,99.84140),143.18721]
	2021.51697	   0.10107	[mu,kappa]: [(179.92844,192.30080),241.10021]
	1090.45349	   0.05453	[mu,kappa]: [(66.73529,230.49525),1.44973]
	1391.50574	   0.06958	[mu,kappa]: [(91.12010,358.85778),11.92025]
	2972.66246	   0.14861	[mu,kappa]: [(89.60413,90.14071),25.60075]
	2713.06918	   0.13563	[mu,kappa]: [(89.85189,179.91108),49.78542]
	 974.56749	   0.04874	[mu,kappa]: [(150.15632,359.54526),35.51629]
	 286.71365	   0.01436	[mu,kappa]: [(80.29811,181.22767),2.92789]
	 851.40682	   0.04258	[mu,kappa]: [(77.65911,15.92818),5.20784]
	 823.86959	   0.04120	[mu,kappa]: [(42.37544,67.99737),1.69810]
	 771.38482	   0.03858	[mu,kappa]: [(60.57454,40.78622),3.14714]
	2313.41480	   0.11566	[mu,kappa]: [(29.78273,150.00340),67.43931]
	2248.20366	   0.11240	[mu,kappa]: [(89.82790,269.81162),104.90186]
	 736.38117	   0.03683	[mu,kappa]: [(24.50374,160.12256),0.81379]
			msglen: 440343.46106 bits.
Iteration #: 70
	 804.05367	   0.04021	[mu,kappa]: [(44.93258,99.84389),143.40988]
	2021.46035	   0.10106	[mu,kappa]: [(179.92843,192.26841),241.11791]
	1092.60830	   0.05464	[mu,kappa]: [(66.70191,230.66513),1.45024]
	1398.87156	   0.06994	[mu,kappa]: [(91.10523,358.85787),11.88178]
	2970.51736	   0.14850	[mu,kappa]: [(89.61291,90.14319),25.62672]
	2714.98963	   0.13573	[mu,kappa]: [(89.85141,179.91110),49.73409]
	 975.07525	   0.04876	[mu,kappa]: [(150.15394,359.55223),35.48856]
	 285.35555	   0.01429	[mu,kappa]: [(79.91798,181.15264),2.86581]
	 846.68664	   0.04234	[mu,kappa]: [(77.69298,15.90111),5.21913]
	 822.25033	   0.04112	[mu,kappa]: [(42.39673,68.48119),1.70341]
	 771.27221	   0.03858	[mu,kappa]: [(60.33932,41.45845),3.19130]
	2313.10751	   0.11564	[mu,kappa]: [(29.78300,150.00556),67.45224]
	2247.85104	   0.11238	[mu,kappa]: [(89.82806,269.81197),104.93246]
	 735.90062	   0.03681	[mu,kappa]: [(24.86007,161.28212),0.80519]
			msglen: 440342.50304 bits.
Iteration #: 71
	 803.31942	   0.04018	[mu,kappa]: [(44.93259,99.84622),143.61465]
	2021.40854	   0.10106	[mu,kappa]: [(179.92843,192.24126),241.13417]
	1094.62643	   0.05474	[mu,kappa]: [(66.63390,230.80644),1.45055]
	1406.08429	   0.07030	[mu,kappa]: [(91.08826,358.86341),11.84074]
	2968.60511	   0.14840	[mu,kappa]: [(89.62110,90.14525),25.64966]
	2716.71781	   0.13581	[mu,kappa]: [(89.85100,179.91116),49.68792]
	 975.49897	   0.04878	[mu,kappa]: [(150.15225,359.55897),35.46589]
	 284.22260	   0.01423	[mu,kappa]: [(79.55044,181.07209),2.80726]
	 842.10001	   0.04212	[mu,kappa]: [(77.73256,15.85816),5.22998]
	 820.46435	   0.04103	[mu,kappa]: [(42.40746,68.93760),1.70725]
	 771.15725	   0.03857	[mu,kappa]: [(60.12396,42.10302),3.23604]
	2312.81924	   0.11563	[mu,kappa]: [(29.78323,150.00743),67.46448]
	2247.53639	   0.11236	[mu,kappa]: [(89.82822,269.81227),104.95981]
	 735.43960	   0.03678	[mu,kappa]: [(25.22734,162.45261),0.79675]
			msglen: 440341.59700 bits.
Iteration #: 72
	 802.63931	   0.04014	[mu,kappa]: [(44.93256,99.84843),143.80402]
	2021.36051	   0.10106	[mu,kappa]: [(179.92843,192.21870),241.14930]
	1096.52068	   0.05483	[mu,kappa]: [(66.53628,230.92194),1.45068]
	1413.12827	   0.07066	[mu,kappa]: [(91.06970,358.87346),11.79814]
	2966.89085	   0.14832	[mu,kappa]: [(89.62880,90.14701),25.67007]
	2718.27767	   0.13589	[mu,kappa]: [(89.85063,179.91125),49.64627]
	 975.85106	   0.04880	[mu,kappa]: [(150.15113,359.56549),35.44746]
	 283.28496	   0.01418	[mu,kappa]: [(79.19612,180.98770),2.75188]
	 837.63982	   0.04189	[mu,kappa]: [(77.77678,15.80161),5.24031]
	 818.53649	   0.04094	[mu,kappa]: [(42.40796,69.36828),1.70973]
	 771.06222	   0.03856	[mu,kappa]: [(59.92663,42.72221),3.28145]
	2312.55210	   0.11561	[mu,kappa]: [(29.78341,150.00906),67.47593]
	2247.25584	   0.11235	[mu,kappa]: [(89.82839,269.81253),104.98424]
	 735.00022	   0.03676	[mu,kappa]: [(25.60444,163.62492),0.78847]
			msglen: 440340.73411 bits.
Iteration #: 73
	 802.00692	   0.04011	[mu,kappa]: [(44.93251,99.85055),143.97995]
	2021.31541	   0.10106	[mu,kappa]: [(179.92843,192.20019),241.16356]
	1098.30180	   0.05492	[mu,kappa]: [(66.41317,231.01403),1.45067]
	1419.99235	   0.07100	[mu,kappa]: [(91.04992,358.88725),11.75475]
	2965.34645	   0.14824	[mu,kappa]: [(89.63609,90.14853),25.68833]
	2719.68981	   0.13596	[mu,kappa]: [(89.85031,179.91136),49.60859]
	 976.14168	   0.04881	[mu,kappa]: [(150.15046,359.57179),35.43261]
	 282.51720	   0.01415	[mu,kappa]: [(78.85526,180.90073),2.69934]
	 833.30065	   0.04168	[mu,kappa]: [(77.82484,15.73332),5.25008]
	 816.48718	   0.04084	[mu,kappa]: [(42.39844,69.77488),1.71095]
	 771.00345	   0.03856	[mu,kappa]: [(59.74587,43.31780),3.32761]
	2312.30776	   0.11560	[mu,kappa]: [(29.78357,150.01047),67.48649]
	2247.00587	   0.11234	[mu,kappa]: [(89.82855,269.81276),105.00607]
	 734.58348	   0.03674	[mu,kappa]: [(25.99037,164.79161),0.78033]
			msglen: 440339.90779 bits.
Iteration #: 74
	 801.41707	   0.04008	[mu,kappa]: [(44.93244,99.85260),144.14404]
	2021.27257	   0.10105	[mu,kappa]: [(179.92844,192.18525),241.17715]
	1099.97889	   0.05500	[mu,kappa]: [(66.26799,231.08482),1.45054]
	1426.66900	   0.07133	[mu,kappa]: [(91.02920,358.90420),11.71113]
	2963.94912	   0.14817	[mu,kappa]: [(89.64304,90.14991),25.70477]
	2720.97185	   0.13603	[mu,kappa]: [(89.85002,179.91149),49.57440]
	 976.37912	   0.04883	[mu,kappa]: [(150.15015,359.57789),35.42081]
	 281.89769	   0.01411	[mu,kappa]: [(78.52790,180.81211),2.64937]
	 829.07838	   0.04146	[mu,kappa]: [(77.87613,15.65484),5.25928]
	 814.33357	   0.04073	[mu,kappa]: [(42.37899,70.15910),1.71100]
	 770.99236	   0.03856	[mu,kappa]: [(59.58052,43.89115),3.37456]
	2312.08737	   0.11559	[mu,kappa]: [(29.78369,150.01167),67.49610]
	2246.78336	   0.11232	[mu,kappa]: [(89.82871,269.81295),105.02555]
	 734.18965	   0.03672	[mu,kappa]: [(26.38422,165.94651),0.77236]
			msglen: 440339.11299 bits.
Iteration #: 75
	 800.86561	   0.04005	[mu,kappa]: [(44.93235,99.85460),144.29752]
	2021.23147	   0.10105	[mu,kappa]: [(179.92845,192.17351),241.19024]
	1101.55964	   0.05508	[mu,kappa]: [(66.10362,231.13613),1.45029]
	1433.15368	   0.07166	[mu,kappa]: [(91.00773,358.92381),11.66772]
	2962.68037	   0.14811	[mu,kappa]: [(89.64970,90.15119),25.71964]
	2722.13894	   0.13608	[mu,kappa]: [(89.84976,179.91162),49.54330]
	 976.57019	   0.04884	[mu,kappa]: [(150.15014,359.58378),35.41160]
	 281.40789	   0.01409	[mu,kappa]: [(78.21385,180.72250),2.60171]
	 824.96988	   0.04126	[mu,kappa]: [(77.93016,15.56744),5.26789]
	 812.09042	   0.04062	[mu,kappa]: [(42.34965,70.52257),1.70995]
	 771.03631	   0.03856	[mu,kappa]: [(59.42959,44.44334),3.42232]
	2311.89157	   0.11558	[mu,kappa]: [(29.78380,150.01270),67.50470]
	2246.58556	   0.11231	[mu,kappa]: [(89.82888,269.81311),105.04294]
	 733.81847	   0.03670	[mu,kappa]: [(26.78512,167.08448),0.76456]
			msglen: 440338.34583 bits.
Iteration #: 76
	 800.34917	   0.04003	[mu,kappa]: [(44.93225,99.85658),144.44144]
	2021.19170	   0.10105	[mu,kappa]: [(179.92846,192.16464),241.20295]
	1103.05061	   0.05516	[mu,kappa]: [(65.92249,231.16959),1.44996]
	1439.44414	   0.07197	[mu,kappa]: [(90.98565,358.94569),11.62482]
	2961.52510	   0.14805	[mu,kappa]: [(89.65611,90.15241),25.73315]
	2723.20404	   0.13614	[mu,kappa]: [(89.84951,179.91176),49.51493]
	 976.72051	   0.04884	[mu,kappa]: [(150.15037,359.58948),35.40462]
	 281.03193	   0.01407	[mu,kappa]: [(77.91282,180.63237),2.55614]
	 820.97281	   0.04106	[mu,kappa]: [(77.98657,15.47219),5.27592]
	 809.77068	   0.04050	[mu,kappa]: [(42.31039,70.86692),1.70786]
	 771.13937	   0.03857	[mu,kappa]: [(59.29223,44.97519),3.47090]
	2311.72056	   0.11557	[mu,kappa]: [(29.78389,150.01355),67.51227]
	2246.41007	   0.11231	[mu,kappa]: [(89.82904,269.81325),105.05843]
	 733.46931	   0.03669	[mu,kappa]: [(27.19221,168.20115),0.75693]
			msglen: 440337.60327 bits.
Iteration #: 77
	 799.86499	   0.04000	[mu,kappa]: [(44.93214,99.85852),144.57661]
	2021.15293	   0.10105	[mu,kappa]: [(179.92848,192.15838),241.21538]
	1104.45738	   0.05523	[mu,kappa]: [(65.72669,231.18659),1.44957]
	1445.53995	   0.07228	[mu,kappa]: [(90.96308,358.96953),11.58266]
	2960.47095	   0.14800	[mu,kappa]: [(89.66231,90.15361),25.74547]
	2724.17831	   0.13619	[mu,kappa]: [(89.84929,179.91190),49.48900]
	 976.83475	   0.04885	[mu,kappa]: [(150.15079,359.59500),35.39959]
	 280.75610	   0.01406	[mu,kappa]: [(77.62442,180.54202),2.51248]
	 817.08544	   0.04086	[mu,kappa]: [(78.04504,15.37001),5.28338]
	 807.38604	   0.04038	[mu,kappa]: [(42.26113,71.19371),1.70480]
	 771.30293	   0.03858	[mu,kappa]: [(59.16767,45.48739),3.52027]
	2311.57414	   0.11556	[mu,kappa]: [(29.78396,150.01424),67.51880]
	2246.25483	   0.11230	[mu,kappa]: [(89.82920,269.81337),105.07220]
	 733.14127	   0.03667	[mu,kappa]: [(27.60460,169.29287),0.74947]
			msglen: 440336.88295 bits.
Iteration #: 78
	 799.41079	   0.03998	[mu,kappa]: [(44.93202,99.86046),144.70370]
	2021.11492	   0.10105	[mu,kappa]: [(179.92850,192.15450),241.22759]
	1105.78479	   0.05529	[mu,kappa]: [(65.51801,231.18837),1.44912]
	1451.44211	   0.07257	[mu,kappa]: [(90.94010,358.99507),11.54141]
	2959.50772	   0.14795	[mu,kappa]: [(89.66832,90.15482),25.75675]
	2725.07139	   0.13623	[mu,kappa]: [(89.84907,179.91204),49.46524]
	 976.91678	   0.04885	[mu,kappa]: [(150.15136,359.60032),35.39627]
	 280.56856	   0.01405	[mu,kappa]: [(77.34822,180.45165),2.47056]
	 813.30655	   0.04068	[mu,kappa]: [(78.10534,15.26168),5.29029]
	 804.94717	   0.04026	[mu,kappa]: [(42.20175,71.50444),1.70082]
	 771.52622	   0.03859	[mu,kappa]: [(59.05520,45.98051),3.57040]
	2311.45177	   0.11556	[mu,kappa]: [(29.78401,150.01478),67.52431]
	2246.11801	   0.11229	[mu,kappa]: [(89.82935,269.81346),105.08442]
	 732.83322	   0.03665	[mu,kappa]: [(28.02141,170.35653),0.74220]
			msglen: 440336.18304 bits.
Iteration #: 79
	 798.98466	   0.03996	[mu,kappa]: [(44.93190,99.86238),144.82327]
	2021.07748	   0.10104	[mu,kappa]: [(179.92852,192.15280),241.23965]
	1107.03701	   0.05536	[mu,kappa]: [(65.29808,231.17603),1.44863]
	1457.15269	   0.07286	[mu,kappa]: [(90.91677,359.02209),11.50116]
	2958.62695	   0.14790	[mu,kappa]: [(89.67417,90.15604),25.76710]
	2725.89161	   0.13627	[mu,kappa]: [(89.84888,179.91218),49.44343]
	 976.96990	   0.04886	[mu,kappa]: [(150.15206,359.60546),35.39444]
	 280.45899	   0.01404	[mu,kappa]: [(77.08375,180.36135),2.43021]
	 809.63526	   0.04049	[mu,kappa]: [(78.16724,15.14787),5.29666]
	 802.46406	   0.04013	[mu,kappa]: [(42.13212,71.80054),1.69598]
	 771.80679	   0.03860	[mu,kappa]: [(58.95414,46.45502),3.62125]
	2311.35267	   0.11555	[mu,kappa]: [(29.78405,150.01518),67.52881]
	2245.99806	   0.11229	[mu,kappa]: [(89.82951,269.81354),105.09521]
	 732.54387	   0.03664	[mu,kappa]: [(28.44171,171.38953),0.73511]
			msglen: 440335.50212 bits.
Iteration #: 80
	 798.58500	   0.03994	[mu,kappa]: [(44.93177,99.86429),144.93580]
	2021.04046	   0.10104	[mu,kappa]: [(179.92855,192.15311),241.25160]
	1108.21771	   0.05542	[mu,kappa]: [(65.06831,231.15054),1.44811]
	1462.67462	   0.07313	[mu,kappa]: [(90.89313,359.05043),11.46200]
	2957.82155	   0.14786	[mu,kappa]: [(89.67986,90.15730),25.77661]
	2726.64624	   0.13631	[mu,kappa]: [(89.84870,179.91232),49.42338]
	 976.99688	   0.04886	[mu,kappa]: [(150.15286,359.61043),35.39394]
	 280.41840	   0.01404	[mu,kappa]: [(76.83051,180.27117),2.39132]
	 806.07103	   0.04031	[mu,kappa]: [(78.23055,15.02920),5.30252]
	 799.94610	   0.04001	[mu,kappa]: [(42.05211,72.08338),1.69031]
	 772.14082	   0.03862	[mu,kappa]: [(58.86386,46.91135),3.67275]
	2311.27579	   0.11555	[mu,kappa]: [(29.78408,150.01544),67.53234]
	2245.89362	   0.11228	[mu,kappa]: [(89.82966,269.81360),105.10470]
	 732.27178	   0.03663	[mu,kappa]: [(28.86456,172.38975),0.72821]
			msglen: 440334.83914 bits.
Iteration #: 81
	 798.21041	   0.03992	[mu,kappa]: [(44.93163,99.86620),145.04167]
	2021.00376	   0.10104	[mu,kappa]: [(179.92858,192.15528),241.26347]
	1109.33015	   0.05547	[mu,kappa]: [(64.83001,231.11275),1.44758]
	1468.01140	   0.07340	[mu,kappa]: [(90.86924,359.07994),11.42396]
	2957.08556	   0.14783	[mu,kappa]: [(89.68542,90.15859),25.78538]
	2727.34164	   0.13634	[mu,kappa]: [(89.84853,179.91246),49.40492]
	 977.00013	   0.04886	[mu,kappa]: [(150.15373,359.61521),35.39464]
	 280.43887	   0.01404	[mu,kappa]: [(76.58802,180.18111),2.35376]
	 802.61350	   0.04014	[mu,kappa]: [(78.29510,14.90621),5.30790]
	 797.40224	   0.03988	[mu,kappa]: [(41.96156,72.35421),1.68389]
	 772.52346	   0.03864	[mu,kappa]: [(58.78370,47.34990),3.72483]
	2311.21997	   0.11555	[mu,kappa]: [(29.78410,150.01556),67.53495]
	2245.80349	   0.11228	[mu,kappa]: [(89.82981,269.81364),105.11298]
	 732.01541	   0.03661	[mu,kappa]: [(29.28900,173.35543),0.72150]
			msglen: 440334.19332 bits.
Iteration #: 82
	 797.85969	   0.03990	[mu,kappa]: [(44.93149,99.86810),145.14121]
	2020.96730	   0.10104	[mu,kappa]: [(179.92861,192.15918),241.27528]
	1110.37725	   0.05552	[mu,kappa]: [(64.58435,231.06344),1.44704]
	1473.16706	   0.07366	[mu,kappa]: [(90.84513,359.11048),11.38707]
	2956.41389	   0.14779	[mu,kappa]: [(89.69084,90.15994),25.79345]
	2727.98338	   0.13638	[mu,kappa]: [(89.84837,179.91260),49.38789]
	 976.98174	   0.04886	[mu,kappa]: [(150.15467,359.61983),35.39641]
	 280.51344	   0.01405	[mu,kappa]: [(76.35580,180.09116),2.31742]
	 799.26244	   0.03997	[mu,kappa]: [(78.36072,14.77943),5.31280]
	 794.84105	   0.03975	[mu,kappa]: [(41.86036,72.61422),1.67675]
	 772.94909	   0.03866	[mu,kappa]: [(58.71305,47.77102),3.77741]
	2311.18389	   0.11554	[mu,kappa]: [(29.78411,150.01556),67.53669]
	2245.72665	   0.11227	[mu,kappa]: [(89.82995,269.81367),105.12014]
	 731.77312	   0.03660	[mu,kappa]: [(29.71406,174.28521),0.71498]
			msglen: 440333.56412 bits.
Iteration #: 83
	 797.53177	   0.03989	[mu,kappa]: [(44.93134,99.87000),145.23473]
	2020.93103	   0.10104	[mu,kappa]: [(179.92864,192.16467),241.28705]
	1111.36167	   0.05557	[mu,kappa]: [(64.33244,231.00330),1.44650]
	1478.14590	   0.07391	[mu,kappa]: [(90.82082,359.14195),11.35132]
	2955.80218	   0.14776	[mu,kappa]: [(89.69615,90.16132),25.80089]
	2728.57640	   0.13641	[mu,kappa]: [(89.84822,179.91274),49.37217]
	 976.94355	   0.04886	[mu,kappa]: [(150.15566,359.62427),35.39915]
	 280.63595	   0.01405	[mu,kappa]: [(76.13334,180.00129),2.28221]
	 796.01772	   0.03981	[mu,kappa]: [(78.42726,14.64933),5.31727]
	 792.27073	   0.03962	[mu,kappa]: [(41.74839,72.86452),1.66895]
	 773.41153	   0.03868	[mu,kappa]: [(58.65129,48.17509),3.83040]
	2311.16614	   0.11554	[mu,kappa]: [(29.78411,150.01544),67.53762]
	2245.66217	   0.11227	[mu,kappa]: [(89.83009,269.81369),105.12626]
	 731.54324	   0.03659	[mu,kappa]: [(30.13876,175.17806),0.70865]
			msglen: 440332.95121 bits.
Iteration #: 84
	 797.22571	   0.03987	[mu,kappa]: [(44.93118,99.87190),145.32247]
	2020.89490	   0.10103	[mu,kappa]: [(179.92868,192.17165),241.29879]
	1112.28588	   0.05562	[mu,kappa]: [(64.07528,230.93297),1.44597]
	1482.95252	   0.07415	[mu,kappa]: [(90.79636,359.17425),11.31671]
	2955.24664	   0.14774	[mu,kappa]: [(89.70133,90.16276),25.80775]
	2729.12509	   0.13643	[mu,kappa]: [(89.84809,179.91288),49.35764]
	 976.88721	   0.04885	[mu,kappa]: [(150.15669,359.62854),35.40278]
	 280.80094	   0.01406	[mu,kappa]: [(75.92019,179.91146),2.24805]
	 792.87920	   0.03966	[mu,kappa]: [(78.49455,14.51636),5.32131]
	 789.69916	   0.03950	[mu,kappa]: [(41.62556,73.10610),1.66055]
	 773.90424	   0.03871	[mu,kappa]: [(58.59782,48.56248),3.88371]
	2311.16523	   0.11554	[mu,kappa]: [(29.78409,150.01520),67.53779]
	2245.60924	   0.11227	[mu,kappa]: [(89.83023,269.81369),105.13141]
	 731.32405	   0.03658	[mu,kappa]: [(30.56215,176.03329),0.70252]
			msglen: 440332.35441 bits.
Iteration #: 85
	 796.94062	   0.03986	[mu,kappa]: [(44.93103,99.87379),145.40467]
	2020.85890	   0.10103	[mu,kappa]: [(179.92872,192.18000),241.31049]
	1113.15218	   0.05566	[mu,kappa]: [(63.81384,230.85301),1.44545]
	1487.59166	   0.07438	[mu,kappa]: [(90.77176,359.20729),11.28323]
	2954.74391	   0.14771	[mu,kappa]: [(89.70640,90.16424),25.81407]
	2729.63336	   0.13646	[mu,kappa]: [(89.84796,179.91302),49.34420]
	 976.81418	   0.04885	[mu,kappa]: [(150.15774,359.63264),35.40721]
	 281.00353	   0.01407	[mu,kappa]: [(75.71588,179.82164),2.21485]
	 789.84671	   0.03950	[mu,kappa]: [(78.56244,14.38097),5.32495]
	 787.13387	   0.03937	[mu,kappa]: [(41.49182,73.33991),1.65159]
	 774.42049	   0.03873	[mu,kappa]: [(58.55203,48.93356),3.93722]
	2311.17967	   0.11554	[mu,kappa]: [(29.78407,150.01486),67.53727]
	2245.56711	   0.11226	[mu,kappa]: [(89.83037,269.81368),105.13565]
	 731.11380	   0.03657	[mu,kappa]: [(30.98328,176.85045),0.69657]
			msglen: 440331.77366 bits.
Iteration #: 86
	 796.67570	   0.03984	[mu,kappa]: [(44.93086,99.87567),145.48153]
	2020.82302	   0.10103	[mu,kappa]: [(179.92876,192.18963),241.32218]
	1113.96278	   0.05570	[mu,kappa]: [(63.54900,230.76395),1.44494]
	1492.06818	   0.07460	[mu,kappa]: [(90.74707,359.24100),11.25084]
	2954.29104	   0.14769	[mu,kappa]: [(89.71136,90.16576),25.81988]
	2730.10471	   0.13648	[mu,kappa]: [(89.84785,179.91317),49.33174]
	 976.72584	   0.04884	[mu,kappa]: [(150.15882,359.63658),35.41238]
	 281.23938	   0.01408	[mu,kappa]: [(75.51997,179.73183),2.18255]
	 786.91999	   0.03936	[mu,kappa]: [(78.63077,14.24359),5.32821]
	 784.58205	   0.03924	[mu,kappa]: [(41.34712,73.56679),1.64212]
	 774.95352	   0.03876	[mu,kappa]: [(58.51335,49.28871),3.99085]
	2311.20790	   0.11554	[mu,kappa]: [(29.78404,150.01440),67.53613]
	2245.53512	   0.11226	[mu,kappa]: [(89.83050,269.81367),105.13903]
	 730.91078	   0.03656	[mu,kappa]: [(31.40125,177.62940),0.69081]
			msglen: 440331.20899 bits.
Iteration #: 87
	 796.43017	   0.03983	[mu,kappa]: [(44.93070,99.87753),145.55326]
	2020.78727	   0.10103	[mu,kappa]: [(179.92880,192.20043),241.33383]
	1114.71980	   0.05574	[mu,kappa]: [(63.28162,230.66628),1.44447]
	1496.38698	   0.07482	[mu,kappa]: [(90.72231,359.27528),11.21953]
	2953.88532	   0.14767	[mu,kappa]: [(89.71621,90.16732),25.82521]
	2730.54231	   0.13650	[mu,kappa]: [(89.84775,179.91331),49.32019]
	 976.62343	   0.04884	[mu,kappa]: [(150.15992,359.64036),35.41823]
	 281.50461	   0.01410	[mu,kappa]: [(75.33202,179.64202),2.15109]
	 784.09867	   0.03922	[mu,kappa]: [(78.69939,14.10464),5.33111]
	 782.05049	   0.03911	[mu,kappa]: [(41.19150,73.78752),1.63221]
	 775.49664	   0.03879	[mu,kappa]: [(58.48119,49.62831),4.04448]
	2311.24839	   0.11555	[mu,kappa]: [(29.78400,150.01385),67.53442]
	2245.51265	   0.11226	[mu,kappa]: [(89.83063,269.81364),105.14160]
	 730.71328	   0.03655	[mu,kappa]: [(31.81520,178.37021),0.68524]
			msglen: 440330.66052 bits.
Iteration #: 88
	 796.20330	   0.03982	[mu,kappa]: [(44.93053,99.87939),145.62004]
	2020.75164	   0.10103	[mu,kappa]: [(179.92884,192.21231),241.34545]
	1115.42530	   0.05578	[mu,kappa]: [(63.01250,230.56045),1.44401]
	1500.55303	   0.07503	[mu,kappa]: [(90.69752,359.31006),11.18926]
	2953.52431	   0.14765	[mu,kappa]: [(89.72094,90.16890),25.83010]
	2730.94901	   0.13652	[mu,kappa]: [(89.84766,179.91346),49.30948]
	 976.50811	   0.04883	[mu,kappa]: [(150.16102,359.64398),35.42469]
	 281.79572	   0.01411	[mu,kappa]: [(75.15160,179.55221),2.12040]
	 781.38219	   0.03908	[mu,kappa]: [(78.76814,13.96451),5.33366]
	 779.54559	   0.03899	[mu,kappa]: [(41.02500,74.00281),1.62191]
	 776.04338	   0.03881	[mu,kappa]: [(58.45501,49.95279),4.09801]
	2311.29962	   0.11555	[mu,kappa]: [(29.78396,150.01320),67.53222]
	2245.49915	   0.11226	[mu,kappa]: [(89.83075,269.81361),105.14342]
	 730.51964	   0.03654	[mu,kappa]: [(32.22432,179.07316),0.67984]
			msglen: 440330.12839 bits.
Iteration #: 89
	 795.99437	   0.03981	[mu,kappa]: [(44.93036,99.88122),145.68204]
	2020.71616	   0.10103	[mu,kappa]: [(179.92889,192.22517),241.35704]
	1116.08133	   0.05581	[mu,kappa]: [(62.74238,230.44690),1.44358]
	1504.57127	   0.07523	[mu,kappa]: [(90.67271,359.34528),11.16001]
	2953.20572	   0.14763	[mu,kappa]: [(89.72556,90.17052),25.83455]
	2731.32741	   0.13654	[mu,kappa]: [(89.84758,179.91361),49.29952]
	 976.38099	   0.04883	[mu,kappa]: [(150.16213,359.64744),35.43172]
	 282.10961	   0.01413	[mu,kappa]: [(74.97832,179.46244),2.09044]
	 778.76982	   0.03895	[mu,kappa]: [(78.83687,13.82363),5.33589]
	 777.07331	   0.03887	[mu,kappa]: [(40.84771,74.21329),1.61125]
	 776.58758	   0.03884	[mu,kappa]: [(58.43426,50.26254),4.15132]
	2311.36009	   0.11555	[mu,kappa]: [(29.78390,150.01247),67.52959]
	2245.49406	   0.11226	[mu,kappa]: [(89.83087,269.81356),105.14452]
	 730.32827	   0.03653	[mu,kappa]: [(32.62787,179.73872),0.67462]
			msglen: 440329.61276 bits.
Iteration #: 90
	 795.80268	   0.03980	[mu,kappa]: [(44.93018,99.88303),145.73944]
	2020.68084	   0.10102	[mu,kappa]: [(179.92893,192.23892),241.36858]
	1116.68991	   0.05584	[mu,kappa]: [(62.47198,230.32602),1.44319]
	1508.44664	   0.07542	[mu,kappa]: [(90.64794,359.38085),11.13173]
	2952.92744	   0.14762	[mu,kappa]: [(89.73006,90.17215),25.83860]
	2731.67987	   0.13656	[mu,kappa]: [(89.84751,179.91376),49.29027]
	 976.24310	   0.04882	[mu,kappa]: [(150.16325,359.65076),35.43927]
	 282.44345	   0.01414	[mu,kappa]: [(74.81178,179.37273),2.06115]
	 776.26060	   0.03882	[mu,kappa]: [(78.90544,13.68237),5.33780]
	 774.63915	   0.03874	[mu,kappa]: [(40.65979,74.41954),1.60031]
	 777.12345	   0.03887	[mu,kappa]: [(58.41842,50.55800),4.20431]
	2311.42835	   0.11556	[mu,kappa]: [(29.78385,150.01165),67.52658]
	2245.49690	   0.11226	[mu,kappa]: [(89.83098,269.81351),105.14494]
	 730.13761	   0.03652	[mu,kappa]: [(33.02516,180.36755),0.66957]
			msglen: 440329.11380 bits.
			N: 20000
		22.01646 bpr
Null model msglen: 471661.29398 bits.	(23.58306 bpr)
