Iteration #: 0
	1347.00000	   0.06735	[mu,kappa]: [(76.59136,128.77516),0.33151]
	1296.00000	   0.06480	[mu,kappa]: [(66.58596,119.12282),0.45598]
	1304.00000	   0.06520	[mu,kappa]: [(85.76280,124.99094),0.42718]
	1308.00000	   0.06540	[mu,kappa]: [(83.80241,126.66270),0.50867]
	1404.00000	   0.07020	[mu,kappa]: [(71.50989,114.63692),0.39468]
	1377.00000	   0.06885	[mu,kappa]: [(72.42202,111.46886),0.41259]
	1366.00000	   0.06830	[mu,kappa]: [(68.90402,127.75261),0.47274]
	1442.00000	   0.07210	[mu,kappa]: [(72.08434,121.16141),0.39384]
	1272.00000	   0.06360	[mu,kappa]: [(71.43338,133.59798),0.46638]
	1303.00000	   0.06515	[mu,kappa]: [(69.12729,125.81026),0.35552]
	1274.00000	   0.06370	[mu,kappa]: [(70.80548,119.65209),0.45917]
	1315.00000	   0.06575	[mu,kappa]: [(70.76998,134.36386),0.49243]
	1373.00000	   0.06865	[mu,kappa]: [(68.01357,117.19386),0.28652]
	1340.00000	   0.06700	[mu,kappa]: [(69.81345,120.46705),0.44453]
	1279.00000	   0.06395	[mu,kappa]: [(71.97166,131.33015),0.31875]
			msglen: 440329.11380 bits.
Iteration #: 1
	1347.17770	   0.06736	[mu,kappa]: [(78.17706,128.97604),0.31709]
	1296.12892	   0.06481	[mu,kappa]: [(67.09961,119.59305),0.47045]
	1303.64099	   0.06518	[mu,kappa]: [(84.14000,124.04395),0.40820]
	1307.30594	   0.06537	[mu,kappa]: [(80.42338,125.70488),0.49736]
	1403.88004	   0.07019	[mu,kappa]: [(72.78164,114.92017),0.39495]
	1376.92938	   0.06885	[mu,kappa]: [(73.44742,111.71764),0.41465]
	1366.27229	   0.06831	[mu,kappa]: [(68.13076,127.74179),0.48652]
	1441.89979	   0.07209	[mu,kappa]: [(72.74637,121.27086),0.39293]
	1272.15796	   0.06361	[mu,kappa]: [(70.03097,133.45621),0.47385]
	1302.91555	   0.06515	[mu,kappa]: [(70.96202,126.28722),0.35085]
	1274.16505	   0.06371	[mu,kappa]: [(70.41517,119.72104),0.46920]
	1315.31794	   0.06577	[mu,kappa]: [(69.04901,134.15727),0.50469]
	1372.98683	   0.06865	[mu,kappa]: [(73.18464,118.18921),0.27263]
	1340.07512	   0.06700	[mu,kappa]: [(69.80612,120.63339),0.45360]
	1279.14650	   0.06396	[mu,kappa]: [(74.38581,131.97354),0.30617]
			msglen: 471129.78056 bits.
Iteration #: 2
	1347.34903	   0.06737	[mu,kappa]: [(80.23534,129.20430),0.29982]
	1296.24765	   0.06481	[mu,kappa]: [(67.24141,119.96395),0.48682]
	1303.33823	   0.06517	[mu,kappa]: [(83.12101,123.22987),0.39136]
	1306.87576	   0.06534	[mu,kappa]: [(77.57550,124.95148),0.49347]
	1403.65371	   0.07018	[mu,kappa]: [(73.84731,115.06267),0.39400]
	1376.74807	   0.06884	[mu,kappa]: [(74.26458,111.83821),0.41590]
	1366.53686	   0.06833	[mu,kappa]: [(67.30968,127.73777),0.50357]
	1441.66401	   0.07208	[mu,kappa]: [(73.33233,121.32822),0.39113]
	1272.27890	   0.06362	[mu,kappa]: [(68.78070,133.34006),0.48460]
	1302.76306	   0.06514	[mu,kappa]: [(72.64301,126.66514),0.34396]
	1274.26433	   0.06371	[mu,kappa]: [(69.92006,119.80018),0.48123]
	1315.68947	   0.06578	[mu,kappa]: [(67.51392,133.96942),0.52171]
	1373.21625	   0.06866	[mu,kappa]: [(78.51993,118.74804),0.25531]
	1340.06515	   0.06700	[mu,kappa]: [(69.62616,120.77373),0.46403]
	1279.30952	   0.06397	[mu,kappa]: [(77.05449,132.64038),0.29026]
			msglen: 471126.72922 bits.
Iteration #: 3
	1347.56855	   0.06738	[mu,kappa]: [(83.00587,129.47794),0.27942]
	1296.37040	   0.06482	[mu,kappa]: [(67.08108,120.27132),0.50578]
	1303.02144	   0.06515	[mu,kappa]: [(82.67431,122.51693),0.37531]
	1306.55831	   0.06533	[mu,kappa]: [(75.17260,124.37920),0.49546]
	1403.30071	   0.07016	[mu,kappa]: [(74.78965,115.09381),0.39181]
	1376.43614	   0.06882	[mu,kappa]: [(74.93902,111.86019),0.41639]
	1366.84117	   0.06834	[mu,kappa]: [(66.42863,127.73680),0.52459]
	1441.28138	   0.07206	[mu,kappa]: [(73.88398,121.34396),0.38838]
	1272.37663	   0.06362	[mu,kappa]: [(67.62632,133.23586),0.49886]
	1302.53451	   0.06513	[mu,kappa]: [(74.30808,126.97698),0.33466]
	1274.31468	   0.06372	[mu,kappa]: [(69.31910,119.89430),0.49575]
	1316.16271	   0.06581	[mu,kappa]: [(66.10317,133.78538),0.54397]
	1373.72326	   0.06869	[mu,kappa]: [(84.69392,118.92928),0.23440]
	1339.97646	   0.06700	[mu,kappa]: [(69.29231,120.90061),0.47626]
	1279.53363	   0.06398	[mu,kappa]: [(80.27623,133.39064),0.27081]
			msglen: 471122.93325 bits.
Iteration #: 4
	1347.89364	   0.06739	[mu,kappa]: [(86.87966,129.82530),0.25577]
	1296.50719	   0.06483	[mu,kappa]: [(66.67069,120.54040),0.52812]
	1302.63313	   0.06513	[mu,kappa]: [(82.79301,121.87140),0.35900]
	1306.25250	   0.06531	[mu,kappa]: [(73.11969,123.96197),0.50251]
	1402.77931	   0.07014	[mu,kappa]: [(75.67776,115.03157),0.38830]
	1375.95076	   0.06880	[mu,kappa]: [(75.52209,111.80310),0.41614]
	1367.23053	   0.06836	[mu,kappa]: [(65.48162,127.73581),0.55043]
	1440.71391	   0.07203	[mu,kappa]: [(74.43918,121.32479),0.38460]
	1272.45624	   0.06362	[mu,kappa]: [(66.52514,133.13251),0.51709]
	1302.20973	   0.06511	[mu,kappa]: [(76.09679,127.24766),0.32269]
	1274.31826	   0.06372	[mu,kappa]: [(68.61200,120.00734),0.51334]
	1316.79639	   0.06584	[mu,kappa]: [(64.77155,133.59342),0.57226]
	1374.59186	   0.06873	[mu,kappa]: [(92.68131,118.71006),0.21058]
	1339.79668	   0.06699	[mu,kappa]: [(68.81801,121.02364),0.49078]
	1279.86986	   0.06399	[mu,kappa]: [(84.49140,134.30708),0.24775]
			msglen: 471117.77088 bits.
Iteration #: 5
	1348.39529	   0.06742	[mu,kappa]: [(92.52625,130.29600),0.22918]
	1296.66638	   0.06483	[mu,kappa]: [(66.05168,120.78884),0.55479]
	1302.11575	   0.06511	[mu,kappa]: [(83.50975,121.25755),0.34161]
	1305.87737	   0.06529	[mu,kappa]: [(71.32835,123.67437),0.51429]
	1402.02291	   0.07010	[mu,kappa]: [(76.57413,114.88505),0.38335]
	1375.22247	   0.06876	[mu,kappa]: [(76.05612,111.67889),0.41511]
	1367.75720	   0.06839	[mu,kappa]: [(64.46904,127.73235),0.58216]
	1439.89498	   0.07199	[mu,kappa]: [(75.03536,121.27457),0.37964]
	1272.51603	   0.06363	[mu,kappa]: [(65.44688,133.02140),0.53991]
	1301.75579	   0.06509	[mu,kappa]: [(78.17141,127.49805),0.30779]
	1274.26522	   0.06371	[mu,kappa]: [(67.80065,120.14218),0.53469]
	1317.66936	   0.06588	[mu,kappa]: [(63.48892,133.38511),0.60763]
	1375.96130	   0.06880	[mu,kappa]: [(103.98978,117.94396),0.18619]
	1339.49531	   0.06697	[mu,kappa]: [(68.21409,121.15011),0.50817]
	1280.38464	   0.06402	[mu,kappa]: [(90.42299,135.52560),0.22145]
			msglen: 471110.47682 bits.
Iteration #: 6
	1349.16877	   0.06746	[mu,kappa]: [(101.11726,130.98806),0.20106]
	1296.85642	   0.06484	[mu,kappa]: [(65.26021,121.02852),0.58688]
	1301.40197	   0.06507	[mu,kappa]: [(84.91515,120.63548),0.32245]
	1305.35194	   0.06527	[mu,kappa]: [(69.72429,123.49338),0.53081]
	1400.93323	   0.07005	[mu,kappa]: [(77.54094,114.65576),0.37679]
	1374.14788	   0.06871	[mu,kappa]: [(76.57858,111.49334),0.41324]
	1368.48917	   0.06842	[mu,kappa]: [(63.39792,127.72441),0.62105]
	1438.72318	   0.07193	[mu,kappa]: [(75.71314,121.19462),0.37330]
	1272.54786	   0.06363	[mu,kappa]: [(64.37280,132.89647),0.56813]
	1301.12477	   0.06506	[mu,kappa]: [(80.74676,127.74847),0.28968]
	1274.13367	   0.06371	[mu,kappa]: [(66.89061,120.30044),0.56063]
	1318.89223	   0.06594	[mu,kappa]: [(62.23863,133.15546),0.65149]
	1378.03876	   0.06890	[mu,kappa]: [(120.58167,116.18748),0.16711]
	1339.02094	   0.06695	[mu,kappa]: [(67.49124,121.28534),0.52906]
	1281.16921	   0.06406	[mu,kappa]: [(99.32486,137.30773),0.19341]
			msglen: 471100.04257 bits.
Iteration #: 7
	1350.34515	   0.06752	[mu,kappa]: [(114.54253,132.12869),0.17542]
	1297.08723	   0.06486	[mu,kappa]: [(64.33111,121.26646),0.62568]
	1300.40656	   0.06502	[mu,kappa]: [(87.18704,119.95629),0.30103]
	1304.57942	   0.06523	[mu,kappa]: [(68.25052,123.39896),0.55239]
	1399.37058	   0.06997	[mu,kappa]: [(78.64668,114.33758),0.36838]
	1372.57882	   0.06863	[mu,kappa]: [(77.12561,111.24659),0.41039]
	1369.52016	   0.06848	[mu,kappa]: [(62.28204,127.71044),0.66866]
	1437.05249	   0.07185	[mu,kappa]: [(76.52052,121.08388),0.36533]
	1272.53627	   0.06363	[mu,kappa]: [(63.29499,132.75436),0.60275]
	1300.25039	   0.06501	[mu,kappa]: [(84.14003,128.02283),0.26813]
	1273.88755	   0.06370	[mu,kappa]: [(65.89263,120.48208),0.59214]
	1320.62270	   0.06603	[mu,kappa]: [(61.01575,132.90302),0.70556]
	1381.11701	   0.06905	[mu,kappa]: [(142.78219,111.91006),0.16457]
	1338.29546	   0.06691	[mu,kappa]: [(66.66227,121.43270),0.55423]
	1282.35021	   0.06412	[mu,kappa]: [(113.22051,140.25403),0.16787]
			msglen: 471085.11676 bits.
Iteration #: 8
	1352.10371	   0.06760	[mu,kappa]: [(134.55272,134.39395),0.16135]
	1297.37186	   0.06487	[mu,kappa]: [(63.30067,121.50537),0.67266]
	1299.01916	   0.06495	[mu,kappa]: [(90.64109,119.15247),0.27708]
	1303.43308	   0.06517	[mu,kappa]: [(66.86802,123.37382),0.57952]
	1397.14176	   0.06986	[mu,kappa]: [(79.97388,113.91564),0.35785]
	1370.30870	   0.06851	[mu,kappa]: [(77.73541,110.93297),0.40639]
	1370.98182	   0.06855	[mu,kappa]: [(61.14157,127.68933),0.72682]
	1434.67971	   0.07173	[mu,kappa]: [(77.51843,120.93867),0.35539]
	1272.45678	   0.06362	[mu,kappa]: [(62.21574,132.59459),0.64496]
	1299.04435	   0.06495	[mu,kappa]: [(88.86036,128.35560),0.24322]
	1273.47302	   0.06367	[mu,kappa]: [(64.82397,120.68497),0.63034]
	1323.08567	   0.06615	[mu,kappa]: [(59.82499,132.62988),0.77193]
	1385.59359	   0.06928	[mu,kappa]: [(165.10238,96.08230),0.19068]
	1337.20563	   0.06686	[mu,kappa]: [(65.74428,121.59355),0.58451]
	1284.10116	   0.06421	[mu,kappa]: [(133.84080,146.12823),0.15454]
			msglen: 471063.91541 bits.
Iteration #: 9
	1354.68337	   0.06773	[mu,kappa]: [(158.54934,141.05988),0.17250]
	1297.72855	   0.06489	[mu,kappa]: [(62.20829,121.74387),0.72948]
	1297.09906	   0.06486	[mu,kappa]: [(95.81809,118.11788),0.25086]
	1301.74248	   0.06509	[mu,kappa]: [(65.55554,123.40285),0.61287]
	1393.98791	   0.06970	[mu,kappa]: [(81.62962,113.36369),0.34487]
	1367.05794	   0.06835	[mu,kappa]: [(78.45185,110.54005),0.40099]
	1373.05873	   0.06865	[mu,kappa]: [(60.00210,127.66036),0.79762]
	1431.33136	   0.07156	[mu,kappa]: [(78.78853,120.75217),0.34313]
	1272.27373	   0.06361	[mu,kappa]: [(61.14686,132.41979),0.69612]
	1297.39380	   0.06487	[mu,kappa]: [(95.77147,128.80642),0.21567]
	1272.81383	   0.06364	[mu,kappa]: [(63.70932,120.90448),0.67649]
	1326.59819	   0.06633	[mu,kappa]: [(58.67837,132.34164),0.85304]
	1391.98495	   0.06960	[mu,kappa]: [(172.37948,356.02209),0.24788]
	1335.59295	   0.06678	[mu,kappa]: [(64.76039,121.76699),0.62084]
	1286.65315	   0.06433	[mu,kappa]: [(157.37306,162.72835),0.16760]
			msglen: 471034.17683 bits.
Iteration #: 10
	1358.38871	   0.06792	[mu,kappa]: [(175.78991,218.24741),0.21614]
	1298.18361	   0.06491	[mu,kappa]: [(61.09683,121.97674),0.79793]
	1294.47473	   0.06472	[mu,kappa]: [(103.61141,116.66174),0.22369]
	1299.28156	   0.06496	[mu,kappa]: [(64.30862,123.47246),0.65318]
	1389.57667	   0.06948	[mu,kappa]: [(83.76010,112.63921),0.32913]
	1362.46314	   0.06812	[mu,kappa]: [(79.32834,110.04696),0.39389]
	1376.00447	   0.06880	[mu,kappa]: [(58.89309,127.62326),0.88340]
	1426.65508	   0.07133	[mu,kappa]: [(80.44481,120.51324),0.32814]
	1271.93844	   0.06360	[mu,kappa]: [(60.10855,132.23601),0.75768]
	1295.16298	   0.06476	[mu,kappa]: [(106.33194,129.49822),0.18782]
	1271.80718	   0.06359	[mu,kappa]: [(62.58098,121.13311),0.73192]
	1331.59649	   0.06658	[mu,kappa]: [(57.59250,132.04720),0.95164]
	1400.92297	   0.07004	[mu,kappa]: [(162.71010,321.62555),0.33105]
	1333.24396	   0.06666	[mu,kappa]: [(63.74097,121.94968),0.66415]
	1290.29999	   0.06452	[mu,kappa]: [(169.21849,230.72832),0.21357]
			msglen: 470993.23403 bits.
Iteration #: 11
	1363.58130	   0.06818	[mu,kappa]: [(165.31743,293.98139),0.28792]
	1298.77534	   0.06494	[mu,kappa]: [(60.01179,122.19508),0.87978]
	1290.95342	   0.06455	[mu,kappa]: [(115.31716,114.38487),0.19902]
	1295.76319	   0.06479	[mu,kappa]: [(63.13803,123.56983),0.70114]
	1383.50825	   0.06917	[mu,kappa]: [(86.57196,111.67455),0.31043]
	1356.07968	   0.06780	[mu,kappa]: [(80.43210,109.42144),0.38473]
	1380.15445	   0.06901	[mu,kappa]: [(57.84557,127.57814),0.98648]
	1420.22508	   0.07101	[mu,kappa]: [(82.65144,120.20431),0.31002]
	1271.38939	   0.06357	[mu,kappa]: [(59.12777,132.05275),0.83107]
	1292.20351	   0.06461	[mu,kappa]: [(122.54768,130.74180),0.16550]
	1270.32280	   0.06352	[mu,kappa]: [(61.47812,121.36023),0.79794]
	1338.65608	   0.06693	[mu,kappa]: [(56.58551,131.75841),1.07052]
	1413.11215	   0.07065	[mu,kappa]: [(155.46604,315.06662),0.43508]
	1329.88619	   0.06649	[mu,kappa]: [(62.72395,122.13556),0.71534]
	1295.38915	   0.06477	[mu,kappa]: [(161.71878,280.58238),0.28712]
			msglen: 470938.32568 bits.
Iteration #: 12
	1370.64297	   0.06853	[mu,kappa]: [(156.47134,300.54246),0.38082]
	1299.55829	   0.06498	[mu,kappa]: [(58.99944,122.38674),0.97655]
	1286.34873	   0.06432	[mu,kappa]: [(131.97018,110.26888),0.18394]
	1290.85004	   0.06454	[mu,kappa]: [(62.06759,123.68249),0.75725]
	1375.34985	   0.06877	[mu,kappa]: [(90.36221,110.36118),0.28882]
	1347.41347	   0.06737	[mu,kappa]: [(81.84884,108.61584),0.37316]
	1385.92411	   0.06930	[mu,kappa]: [(56.88955,127.52557),1.10894]
	1411.57746	   0.07058	[mu,kappa]: [(85.65117,119.79737),0.28852]
	1270.55718	   0.06353	[mu,kappa]: [(58.23613,131.88319),0.91749]
	1288.38001	   0.06442	[mu,kappa]: [(144.85847,133.62125),0.15970]
	1268.21041	   0.06341	[mu,kappa]: [(60.44502,121.57216),0.87561]
	1348.48453	   0.06742	[mu,kappa]: [(55.67396,131.48972),1.21219]
	1429.21789	   0.07146	[mu,kappa]: [(150.59200,312.56198),0.55596]
	1325.19932	   0.06626	[mu,kappa]: [(61.75411,122.31593),0.77506]
	1302.28574	   0.06511	[mu,kappa]: [(154.10729,292.54557),0.38113]
			msglen: 470867.29725 bits.
Iteration #: 13
	1379.89710	   0.06899	[mu,kappa]: [(150.61640,302.72065),0.48921]
	1300.60557	   0.06503	[mu,kappa]: [(58.10398,122.53706),1.08907]
	1280.53471	   0.06403	[mu,kappa]: [(151.86555,100.78265),0.18841]
	1284.19533	   0.06421	[mu,kappa]: [(61.13085,123.79839),0.82156]
	1364.71695	   0.06824	[mu,kappa]: [(95.55411,108.52037),0.26490]
	1336.00249	   0.06680	[mu,kappa]: [(83.68735,107.56142),0.35894]
	1393.77165	   0.06969	[mu,kappa]: [(56.05083,127.46678),1.25193]
	1400.29469	   0.07001	[mu,kappa]: [(89.81025,119.24636),0.26373]
	1269.37758	   0.06347	[mu,kappa]: [(57.46698,131.74440),1.01748]
	1283.61778	   0.06418	[mu,kappa]: [(167.84425,146.03574),0.18131]
	1265.32203	   0.06327	[mu,kappa]: [(59.52806,121.75278),0.96542]
	1361.84988	   0.06809	[mu,kappa]: [(54.86943,131.25792),1.37805]
	1449.66284	   0.07248	[mu,kappa]: [(147.27887,311.36036),0.68939]
	1318.85498	   0.06594	[mu,kappa]: [(60.88087,122.47994),0.84349]
	1311.29641	   0.06557	[mu,kappa]: [(148.80363,297.16129),0.49015]
			msglen: 470779.76141 bits.
Iteration #: 14
	1391.48426	   0.06957	[mu,kappa]: [(146.60811,303.74716),0.60778]
	1302.00472	   0.06510	[mu,kappa]: [(57.36347,122.62969),1.21691]
	1273.52706	   0.06368	[mu,kappa]: [(168.19803,66.34665),0.21839]
	1275.52740	   0.06378	[mu,kappa]: [(60.36593,123.90655),0.89346]
	1351.41061	   0.06757	[mu,kappa]: [(102.71014,105.84659),0.24024]
	1321.56088	   0.06608	[mu,kappa]: [(86.08171,106.16141),0.34202]
	1404.09934	   0.07020	[mu,kappa]: [(55.34740,127.40385),1.41483]
	1386.14980	   0.06931	[mu,kappa]: [(95.68260,118.47145),0.23641]
	1267.81567	   0.06339	[mu,kappa]: [(56.85138,131.65788),1.13052]
	1277.97128	   0.06390	[mu,kappa]: [(172.49056,277.53669),0.23011]
	1261.55540	   0.06308	[mu,kappa]: [(58.77121,121.88447),1.06692]
	1379.39944	   0.06897	[mu,kappa]: [(54.17513,131.08212),1.56728]
	1474.34559	   0.07371	[mu,kappa]: [(145.00878,310.75903),0.82962]
	1310.59837	   0.06553	[mu,kappa]: [(60.15403,122.61561),0.92008]
	1322.55019	   0.06613	[mu,kappa]: [(145.07990,299.45237),0.60896]
			msglen: 470678.47168 bits.
Iteration #: 15
	1405.21809	   0.07026	[mu,kappa]: [(143.74602,304.28880),0.73027]
	1303.84340	   0.06519	[mu,kappa]: [(56.80489,122.64755),1.35772]
	1265.56904	   0.06328	[mu,kappa]: [(167.90307,349.72565),0.27042]
	1264.77607	   0.06324	[mu,kappa]: [(59.80818,123.99833),0.97140]
	1335.58699	   0.06678	[mu,kappa]: [(112.40917,101.79466),0.21794]
	1304.16522	   0.06521	[mu,kappa]: [(89.18564,104.28405),0.32284]
	1417.08155	   0.07085	[mu,kappa]: [(54.78568,127.33988),1.59419]
	1369.28617	   0.06846	[mu,kappa]: [(104.06536,117.32472),0.20849]
	1265.90039	   0.06330	[mu,kappa]: [(56.41280,131.65025),1.25449]
	1271.69271	   0.06359	[mu,kappa]: [(161.14978,296.36158),0.29757]
	1256.91704	   0.06285	[mu,kappa]: [(58.20986,121.94955),1.17824]
	1401.35181	   0.07007	[mu,kappa]: [(53.58310,130.98383),1.77541]
	1502.37941	   0.07512	[mu,kappa]: [(143.46958,310.51081),0.96906]
	1300.36992	   0.06502	[mu,kappa]: [(59.61713,122.71154),1.00329]
	1335.86219	   0.06679	[mu,kappa]: [(142.35665,300.70157),0.73139]
			msglen: 470570.12115 bits.
Iteration #: 16
	1420.49166	   0.07102	[mu,kappa]: [(141.61891,304.56755),0.84935]
	1306.18522	   0.06531	[mu,kappa]: [(56.43938,122.57306),1.50684]
	1257.16879	   0.06286	[mu,kappa]: [(159.91424,326.12526),0.33641]
	1252.20275	   0.06261	[mu,kappa]: [(59.48106,124.06903),1.05295]
	1317.87944	   0.06589	[mu,kappa]: [(124.71942,95.35617),0.20272]
	1284.40309	   0.06422	[mu,kappa]: [(93.14850,101.76010),0.30245]
	1432.45930	   0.07162	[mu,kappa]: [(54.35807,127.27876),1.78292]
	1350.34992	   0.06752	[mu,kappa]: [(115.88557,115.50699),0.18368]
	1263.75985	   0.06319	[mu,kappa]: [(56.16144,131.75382),1.38538]
	1265.25321	   0.06326	[mu,kappa]: [(153.34855,299.67977),0.37514]
	1251.58591	   0.06258	[mu,kappa]: [(57.86396,121.93138),1.29597]
	1427.14399	   0.07136	[mu,kappa]: [(53.07375,130.98713),1.99332]
	1532.03871	   0.07660	[mu,kappa]: [(142.47258,310.52161),1.09906]
	1288.43048	   0.06442	[mu,kappa]: [(59.29909,122.75877),1.09061]
	1350.64766	   0.06753	[mu,kappa]: [(140.26988,301.36966),0.85014]
			msglen: 470464.45566 bits.
Iteration #: 17
	1436.32577	   0.07181	[mu,kappa]: [(139.97968,304.67665),0.95747]
	1309.04399	   0.06545	[mu,kappa]: [(56.25956,122.38694),1.65751]
	1249.02455	   0.06245	[mu,kappa]: [(153.54923,318.80110),0.40862]
	1238.45274	   0.06192	[mu,kappa]: [(59.38722,124.11839),1.13510]
	1299.35930	   0.06497	[mu,kappa]: [(138.17822,84.68660),0.19964]
	1263.36079	   0.06317	[mu,kappa]: [(98.05694,98.39232),0.28269]
	1449.41715	   0.07247	[mu,kappa]: [(54.04365,127.22419),1.97051]
	1330.45477	   0.06652	[mu,kappa]: [(131.45851,112.33018),0.16747]
	1261.63460	   0.06308	[mu,kappa]: [(56.08985,132.00646),1.51759]
	1259.26396	   0.06296	[mu,kappa]: [(147.93178,300.84353),0.45595]
	1245.93655	   0.06230	[mu,kappa]: [(57.73248,121.81406),1.41541]
	1455.25891	   0.07276	[mu,kappa]: [(52.61978,131.11873),2.20769]
	1561.08197	   0.07805	[mu,kappa]: [(141.90388,310.76532),1.21162]
	1275.41162	   0.06377	[mu,kappa]: [(59.20624,122.75148),1.17880]
	1365.97335	   0.06830	[mu,kappa]: [(138.59157,301.65631),0.95771]
			msglen: 470371.30043 bits.
Iteration #: 18
	1451.59295	   0.07258	[mu,kappa]: [(138.67462,304.65936),1.04844]
	1312.37019	   0.06562	[mu,kappa]: [(56.24127,122.06542),1.80200]
	1241.82890	   0.06209	[mu,kappa]: [(148.89323,315.48452),0.48089]
	1224.45057	   0.06122	[mu,kappa]: [(59.50324,124.14908),1.21484]
	1281.28052	   0.06407	[mu,kappa]: [(149.48594,67.12274),0.21089]
	1242.37850	   0.06212	[mu,kappa]: [(103.83471,93.98745),0.26593]
	1466.68290	   0.07333	[mu,kappa]: [(53.81322,127.17836),2.14491]
	1310.91871	   0.06555	[mu,kappa]: [(148.98667,105.85032),0.16506]
	1259.84430	   0.06299	[mu,kappa]: [(56.17257,132.45045),1.64484]
	1254.29698	   0.06272	[mu,kappa]: [(143.98335,301.26560),0.53446]
	1240.47932	   0.06203	[mu,kappa]: [(57.79198,121.57999),1.53142]
	1483.49130	   0.07417	[mu,kappa]: [(52.19440,131.40808),2.40393]
	1587.39432	   0.07936	[mu,kappa]: [(141.69569,311.25245),1.30155]
	1262.21418	   0.06311	[mu,kappa]: [(59.31794,122.68556),1.26460]
	1380.77634	   0.06904	[mu,kappa]: [(137.17341,301.65576),1.04800]
			msglen: 470296.89771 bits.
Iteration #: 19
	1465.32508	   0.07326	[mu,kappa]: [(137.60274,304.53412),1.11886]
	1316.06110	   0.06580	[mu,kappa]: [(56.35059,121.57681),1.93347]
	1236.04367	   0.06180	[mu,kappa]: [(145.44867,313.67866),0.54875]
	1211.14603	   0.06056	[mu,kappa]: [(59.78165,124.16323),1.28982]
	1264.70933	   0.06324	[mu,kappa]: [(155.49886,42.63070),0.23412]
	1222.66153	   0.06114	[mu,kappa]: [(110.13910,88.41855),0.25450]
	1482.87353	   0.07414	[mu,kappa]: [(53.63742,127.14102),2.29569]
	1292.87513	   0.06464	[mu,kappa]: [(164.39632,88.41931),0.17735]
	1258.70958	   0.06294	[mu,kappa]: [(56.37180,133.13158),1.76161]
	1250.69363	   0.06254	[mu,kappa]: [(140.96747,301.30809),0.60662]
	1235.72127	   0.06179	[mu,kappa]: [(58.00163,121.20596),1.63953]
	1509.64759	   0.07548	[mu,kappa]: [(51.78056,131.88770),2.57065]
	1609.61090	   0.08048	[mu,kappa]: [(141.80739,312.01530),1.36780]
	1249.76197	   0.06249	[mu,kappa]: [(59.58949,122.55501),1.34540]
	1394.15966	   0.06971	[mu,kappa]: [(135.91203,301.41070),1.11775]
			msglen: 470242.04400 bits.
Iteration #: 20
	1476.93216	   0.07384	[mu,kappa]: [(136.69159,304.30444),1.16854]
	1320.00105	   0.06600	[mu,kappa]: [(56.55426,120.87938),2.04770]
	1231.77892	   0.06159	[mu,kappa]: [(142.84714,312.58274),0.60951]
	1199.23975	   0.05996	[mu,kappa]: [(60.16056,124.15884),1.35868]
	1250.24752	   0.06251	[mu,kappa]: [(156.17867,19.17156),0.26467]
	1204.96410	   0.06025	[mu,kappa]: [(116.36108,81.71172),0.25005]
	1496.90802	   0.07484	[mu,kappa]: [(53.49377,127.10959),2.41687]
	1276.97703	   0.06385	[mu,kappa]: [(171.60255,30.56168),0.20032]
	1258.47788	   0.06293	[mu,kappa]: [(56.64795,134.09998),1.86436]
	1248.47698	   0.06243	[mu,kappa]: [(138.56570,301.09430),0.67010]
	1232.02114	   0.06160	[mu,kappa]: [(58.31379,120.65983),1.73699]
	1532.27792	   0.07661	[mu,kappa]: [(51.37568,132.59323),2.70308]
	1627.36162	   0.08136	[mu,kappa]: [(142.21185,313.09961),1.41323]
	1238.73551	   0.06194	[mu,kappa]: [(59.96230,122.34823),1.41967]
	1405.60040	   0.07028	[mu,kappa]: [(134.72736,300.93468),1.16698]
			msglen: 470203.11467 bits.
Iteration #: 21
	1486.22809	   0.07431	[mu,kappa]: [(135.88338,303.96448),1.19986]
	1324.12526	   0.06621	[mu,kappa]: [(56.82930,119.92115),2.14394]
	1228.82805	   0.06144	[mu,kappa]: [(140.84415,311.85698),0.66212]
	1189.03692	   0.05945	[mu,kappa]: [(60.57691,124.12839),1.42108]
	1237.98337	   0.06190	[mu,kappa]: [(154.19104,3.29088),0.29852]
	1189.50329	   0.05948	[mu,kappa]: [(121.81412,74.11980),0.25305]
	1508.23660	   0.07541	[mu,kappa]: [(53.36913,127.07981),2.50784]
	1263.33833	   0.06317	[mu,kappa]: [(167.25316,341.62908),0.22889]
	1259.31459	   0.06297	[mu,kappa]: [(56.97150,135.41355),1.95229]
	1247.40361	   0.06237	[mu,kappa]: [(136.57605,300.66920),0.72426]
	1229.52804	   0.06148	[mu,kappa]: [(58.68599,119.89923),1.82310]
	1550.98509	   0.07755	[mu,kappa]: [(50.99035,133.56335),2.80332]
	1641.08363	   0.08205	[mu,kappa]: [(142.88560,314.56004),1.44330]
	1229.43163	   0.06147	[mu,kappa]: [(60.37728,122.04623),1.48702]
	1414.97351	   0.07075	[mu,kappa]: [(133.54980,300.22388),1.19833]
			msglen: 470174.57560 bits.
Iteration #: 22
	1493.30362	   0.07466	[mu,kappa]: [(135.12776,303.50347),1.21651]
	1328.48562	   0.06642	[mu,kappa]: [(57.16907,118.64141),2.22476]
	1226.79479	   0.06134	[mu,kappa]: [(139.27422,311.33092),0.70677]
	1180.46538	   0.05903	[mu,kappa]: [(60.97723,124.05949),1.47733]
	1227.62509	   0.06138	[mu,kappa]: [(151.58883,353.87547),0.33320]
	1176.07565	   0.05881	[mu,kappa]: [(126.01218,66.11347),0.26298]
	1516.79086	   0.07584	[mu,kappa]: [(53.25732,127.04635),2.57208]
	1251.66902	   0.06258	[mu,kappa]: [(161.48885,327.34900),0.25954]
	1261.37348	   0.06307	[mu,kappa]: [(57.33243,137.14207),2.02726]
	1247.08747	   0.06236	[mu,kappa]: [(134.85934,300.04875),0.76972]
	1228.22398	   0.06141	[mu,kappa]: [(59.08997,118.87245),1.89914]
	1566.24865	   0.07831	[mu,kappa]: [(50.64372,134.83948),2.87801]
	1651.63845	   0.08258	[mu,kappa]: [(143.80205,316.45739),1.46446]
	1221.78503	   0.06109	[mu,kappa]: [(60.78553,121.62295),1.54791]
	1422.43291	   0.07112	[mu,kappa]: [(132.31329,299.26523),1.21588]
			msglen: 470150.93208 bits.
Iteration #: 23
	1498.35655	   0.07491	[mu,kappa]: [(134.37857,302.90978),1.22245]
	1333.30252	   0.06667	[mu,kappa]: [(57.58544,116.97375),2.29531]
	1225.21394	   0.06126	[mu,kappa]: [(138.01976,310.91256),0.74437]
	1173.17865	   0.05866	[mu,kappa]: [(61.32221,123.93654),1.52814]
	1218.67946	   0.06094	[mu,kappa]: [(149.12550,348.33754),0.36758]
	1164.23836	   0.05822	[mu,kappa]: [(128.81460,58.24842),0.27883]
	1522.76078	   0.07613	[mu,kappa]: [(53.15424,127.00320),2.61507]
	1241.46075	   0.06207	[mu,kappa]: [(156.83091,321.67558),0.29047]
	1264.91514	   0.06325	[mu,kappa]: [(57.74644,139.36888),2.09352]
	1247.10679	   0.06236	[mu,kappa]: [(133.31119,299.24027),0.80786]
	1228.01947	   0.06140	[mu,kappa]: [(59.51559,117.52069),1.96799]
	1579.05076	   0.07895	[mu,kappa]: [(50.36000,136.46504),2.93563]
	1659.98653	   0.08299	[mu,kappa]: [(144.92689,318.85513),1.48311]
	1215.47406	   0.06078	[mu,kappa]: [(61.15310,121.04639),1.60335]
	1428.25622	   0.07141	[mu,kappa]: [(130.95192,298.04315),1.22410]
			msglen: 470127.32878 bits.
Iteration #: 24
	1501.55563	   0.07507	[mu,kappa]: [(133.59205,302.17471),1.22124]
	1339.01065	   0.06695	[mu,kappa]: [(58.10880,114.85215),2.36279]
	1223.61368	   0.06118	[mu,kappa]: [(136.99215,310.55451),0.77610]
	1166.64712	   0.05834	[mu,kappa]: [(61.58526,123.74153),1.57431]
	1210.57616	   0.06053	[mu,kappa]: [(146.95843,345.03277),0.40131]
	1153.44456	   0.05768	[mu,kappa]: [(130.36055,50.97503),0.29961]
	1526.35283	   0.07631	[mu,kappa]: [(53.05291,126.94365),2.64269]
	1232.11718	   0.06161	[mu,kappa]: [(153.14923,318.80368),0.32099]
	1270.44783	   0.06352	[mu,kappa]: [(58.25927,142.18601),2.15767]
	1247.05233	   0.06235	[mu,kappa]: [(131.84731,298.25305),0.84034]
	1228.84513	   0.06144	[mu,kappa]: [(59.97082,115.78187),2.03384]
	1590.57767	   0.07952	[mu,kappa]: [(50.16772,138.48296),2.98482]
	1667.01707	   0.08334	[mu,kappa]: [(146.21537,321.81180),1.50523]
	1210.01621	   0.06050	[mu,kappa]: [(61.45985,120.27944),1.65467]
	1432.72596	   0.07163	[mu,kappa]: [(129.39838,296.54601),1.22730]
			msglen: 470099.15673 bits.
Iteration #: 25
	1502.95333	   0.07514	[mu,kappa]: [(132.72556,301.29644),1.21586]
	1346.32458	   0.06732	[mu,kappa]: [(58.78717,112.22289),2.43641]
	1221.51884	   0.06108	[mu,kappa]: [(136.11982,310.24007),0.80328]
	1160.18797	   0.05801	[mu,kappa]: [(61.74710,123.45355),1.61668]
	1202.71352	   0.06014	[mu,kappa]: [(145.05192,343.06738),0.43458]
	1143.09908	   0.05716	[mu,kappa]: [(130.90950,44.51819),0.32458]
	1527.60628	   0.07638	[mu,kappa]: [(52.93905,126.86000),2.66032]
	1223.00161	   0.06115	[mu,kappa]: [(150.14178,317.19007),0.35103]
	1278.89997	   0.06395	[mu,kappa]: [(58.95058,145.67756),2.22912]
	1246.52055	   0.06233	[mu,kappa]: [(130.39528,297.10559),0.86896]
	1230.71742	   0.06154	[mu,kappa]: [(60.47959,113.59775),2.10228]
	1602.08005	   0.08010	[mu,kappa]: [(50.10062,140.92896),3.03390]
	1673.50934	   0.08367	[mu,kappa]: [(147.61178,325.36612),1.53652]
	1204.80536	   0.06024	[mu,kappa]: [(61.69508,119.28011),1.70345]
	1436.06211	   0.07180	[mu,kappa]: [(127.58383,294.77301),1.22956]
			msglen: 470061.19821 bits.
Iteration #: 26
	1502.42877	   0.07512	[mu,kappa]: [(131.73585,300.28488),1.20884]
	1356.34838	   0.06782	[mu,kappa]: [(59.68359,109.06588),2.52809]
	1218.41445	   0.06092	[mu,kappa]: [(135.33943,309.97810),0.82723]
	1152.92805	   0.05765	[mu,kappa]: [(61.78847,123.04661),1.65608]
	1194.44330	   0.05972	[mu,kappa]: [(143.31222,341.94760),0.46795]
	1132.54866	   0.05663	[mu,kappa]: [(130.71375,38.87675),0.35344]
	1526.26640	   0.07631	[mu,kappa]: [(52.78646,126.74261),2.67282]
	1213.41948	   0.06067	[mu,kappa]: [(147.54977,316.30542),0.38098]
	1291.85973	   0.06459	[mu,kappa]: [(59.93507,149.88506),2.32150]
	1245.07118	   0.06226	[mu,kappa]: [(128.88936,295.83219),0.89556]
	1233.78382	   0.06169	[mu,kappa]: [(61.07847,110.92736),2.18067]
	1614.83982	   0.08074	[mu,kappa]: [(50.19760,143.81773),3.09126]
	1680.17129	   0.08400	[mu,kappa]: [(149.05380,329.51281),1.58293]
	1199.08644	   0.05996	[mu,kappa]: [(61.85156,118.00175),1.75154]
	1438.39022	   0.07192	[mu,kappa]: [(125.43921,292.74214),1.23495]
			msglen: 470006.55075 bits.
Iteration #: 27
	1499.63670	   0.07498	[mu,kappa]: [(130.57635,299.16825),1.20243]
	1370.73934	   0.06854	[mu,kappa]: [(60.86867,105.42680),2.65381]
	1213.68695	   0.06069	[mu,kappa]: [(134.58736,309.80283),0.84937]
	1143.71472	   0.05719	[mu,kappa]: [(61.68153,122.48558),1.69337]
	1185.02058	   0.05925	[mu,kappa]: [(141.62303,341.38220),0.50235]
	1121.03331	   0.05606	[mu,kappa]: [(129.95787,33.89140),0.38634]
	1521.69083	   0.07608	[mu,kappa]: [(52.55107,126.57802),2.68490]
	1202.56232	   0.06013	[mu,kappa]: [(145.15321,315.96311),0.41161]
	1311.92423	   0.06560	[mu,kappa]: [(61.35350,154.75279),2.45509]
	1242.16450	   0.06211	[mu,kappa]: [(127.26649,294.49042),0.92209]
	1238.35663	   0.06192	[mu,kappa]: [(61.81108,107.76947),2.27876]
	1630.13406	   0.08150	[mu,kappa]: [(50.49663,147.11995),3.16590]
	1687.72542	   0.08438	[mu,kappa]: [(150.48445,334.17211),1.65133]
	1191.88285	   0.05960	[mu,kappa]: [(61.91898,116.39455),1.80123]
	1439.72756	   0.07198	[mu,kappa]: [(122.89883,290.49923),1.24795]
			msglen: 469925.30777 bits.
Iteration #: 28
	1493.94713	   0.07469	[mu,kappa]: [(129.19253,298.00157),1.19883]
	1391.90726	   0.06959	[mu,kappa]: [(62.40515,101.45395),2.83544]
	1206.55522	   0.06033	[mu,kappa]: [(133.78922,309.77714),0.87133]
	1131.00467	   0.05655	[mu,kappa]: [(61.37920,121.71992),1.72966]
	1173.54187	   0.05868	[mu,kappa]: [(139.84798,341.18357),0.53917]
	1107.62609	   0.05539	[mu,kappa]: [(128.74069,29.31945),0.42401]
	1512.79499	   0.07564	[mu,kappa]: [(52.16200,126.34580),2.70198]
	1189.43754	   0.05947	[mu,kappa]: [(142.74293,316.12754),0.44416]
	1343.18794	   0.06716	[mu,kappa]: [(63.34415,160.06820),2.66090]
	1237.08825	   0.06186	[mu,kappa]: [(125.46137,293.16953),0.95076]
	1244.92694	   0.06225	[mu,kappa]: [(62.71758,104.19393),2.40948]
	1649.03856	   0.08245	[mu,kappa]: [(51.01569,150.73139),3.26774]
	1697.05463	   0.08485	[mu,kappa]: [(151.87396,339.16541),1.75077]
	1181.90412	   0.05910	[mu,kappa]: [(61.87639,114.41010),1.85551]
	1439.98478	   0.07200	[mu,kappa]: [(119.90605,288.12648),1.27403]
			msglen: 469802.77168 bits.
Iteration #: 29
	1484.37038	   0.07422	[mu,kappa]: [(127.51309,296.87644),1.20047]
	1423.17055	   0.07116	[mu,kappa]: [(64.32681,97.42086),3.10300]
	1196.00092	   0.05980	[mu,kappa]: [(132.84446,309.99778),0.89502]
	1112.79357	   0.05564	[mu,kappa]: [(60.80106,120.67444),1.76664]
	1158.89657	   0.05795	[mu,kappa]: [(137.82095,341.22259),0.58041]
	1091.19581	   0.05456	[mu,kappa]: [(127.06790,24.89803),0.46794]
	1498.12085	   0.07490	[mu,kappa]: [(51.50812,126.01442),2.73155]
	1172.81081	   0.05864	[mu,kappa]: [(140.09295,316.84084),0.48050]
	1391.86556	   0.06959	[mu,kappa]: [(65.99880,165.44107),2.98851]
	1228.88440	   0.06145	[mu,kappa]: [(123.39828,291.99763),0.98419]
	1254.10705	   0.06271	[mu,kappa]: [(63.81788,100.37290),2.58928]
	1671.81276	   0.08358	[mu,kappa]: [(51.71070,154.44216),3.40690]
	1709.47833	   0.08547	[mu,kappa]: [(153.24795,344.21956),1.89456]
	1167.48533	   0.05838	[mu,kappa]: [(61.68178,112.01157),1.91833]
	1439.00711	   0.07195	[mu,kappa]: [(116.41971,285.74619),1.32047]
			msglen: 469616.38824 bits.
Iteration #: 30
	1469.45811	   0.07347	[mu,kappa]: [(125.43326,295.92840),1.21011]
	1468.68841	   0.07343	[mu,kappa]: [(66.62774,93.70555),3.49760]
	1180.69806	   0.05904	[mu,kappa]: [(131.60207,310.60036),0.92271]
	1086.71086	   0.05434	[mu,kappa]: [(59.81358,119.23699),1.80732]
	1139.75501	   0.05699	[mu,kappa]: [(135.32856,341.42128),0.62883]
	1070.43719	   0.05353	[mu,kappa]: [(124.83419,20.41181),0.52077]
	1476.25668	   0.07381	[mu,kappa]: [(50.41945,125.53882),2.78588]
	1151.18740	   0.05756	[mu,kappa]: [(136.93568,318.18141),0.52334]
	1467.01460	   0.07335	[mu,kappa]: [(69.34193,170.37453),3.52530]
	1216.27984	   0.06082	[mu,kappa]: [(120.97522,291.14211),1.02557]
	1266.36180	   0.06332	[mu,kappa]: [(65.09291,96.59030),2.83708]
	1696.47172	   0.08482	[mu,kappa]: [(52.40003,157.91977),3.59118]
	1727.31106	   0.08636	[mu,kappa]: [(154.71125,349.02120),2.10486]
	1146.65347	   0.05734	[mu,kappa]: [(61.25650,109.19092),1.99488]
	1436.71579	   0.07183	[mu,kappa]: [(112.41773,283.51067),1.39780]
			msglen: 469327.78451 bits.
Iteration #: 31
	1447.08823	   0.07235	[mu,kappa]: [(122.78460,295.33785),1.23099]
	1532.91063	   0.07664	[mu,kappa]: [(69.28616,90.70767),4.07691]
	1158.86930	   0.05795	[mu,kappa]: [(129.82019,311.76612),0.95685]
	1050.44298	   0.05253	[mu,kappa]: [(58.20518,117.24268),1.85781]
	1114.55807	   0.05573	[mu,kappa]: [(132.07825,341.78395),0.68809]
	1043.97749	   0.05220	[mu,kappa]: [(121.78844,15.78926),0.58705]
	1447.03024	   0.07235	[mu,kappa]: [(48.64774,124.86857),2.88810]
	1122.79679	   0.05614	[mu,kappa]: [(132.93635,320.24038),0.57643]
	1581.46922	   0.07907	[mu,kappa]: [(73.38839,174.43002),4.45742]
	1197.55462	   0.05988	[mu,kappa]: [(118.03617,290.79744),1.07892]
	1281.23283	   0.06406	[mu,kappa]: [(66.47811,93.20085),3.17009]
	1716.23541	   0.08580	[mu,kappa]: [(52.63896,160.70741),3.82261]
	1754.97992	   0.08774	[mu,kappa]: [(156.45215,353.31734),2.42368]
	1117.42714	   0.05588	[mu,kappa]: [(60.46173,105.98915),2.09167]
	1433.42713	   0.07167	[mu,kappa]: [(107.89818,281.56720),1.52292]
			msglen: 468853.86728 bits.
Iteration #: 32
	1413.70873	   0.07068	[mu,kappa]: [(119.28903,295.33228),1.26737]
	1619.47124	   0.08097	[mu,kappa]: [(72.32879,88.71870),4.93148]
	1127.73188	   0.05639	[mu,kappa]: [(127.09396,313.75195),1.00020]
	1002.40979	   0.05013	[mu,kappa]: [(55.67453,114.45000),1.93132]
	1081.22846	   0.05407	[mu,kappa]: [(127.63283,342.47182),0.76358]
	1010.35811	   0.05052	[mu,kappa]: [(117.49877,11.22705),0.67522]
	1413.91037	   0.07069	[mu,kappa]: [(45.87315,123.99338),3.08794]
	1085.26999	   0.05427	[mu,kappa]: [(127.65137,323.14941),0.64523]
	1753.77972	   0.08768	[mu,kappa]: [(78.24916,177.40601),6.30930]
	1169.98205	   0.05850	[mu,kappa]: [(114.33563,291.16869),1.14984]
	1295.50221	   0.06478	[mu,kappa]: [(67.88561,90.52474),3.59396]
	1716.91560	   0.08584	[mu,kappa]: [(51.50389,162.18430),4.10698]
	1801.21119	   0.09005	[mu,kappa]: [(158.71590,357.01965),2.94461]
	1078.21295	   0.05392	[mu,kappa]: [(59.07531,102.49847),2.21682]
	1430.30770	   0.07151	[mu,kappa]: [(102.89892,279.99127),1.72701]
			msglen: 467951.26983 bits.
Iteration #: 33
	1362.00683	   0.06810	[mu,kappa]: [(114.51984,296.22263),1.32743]
	1730.25381	   0.08651	[mu,kappa]: [(75.89860,87.79318),6.24432]
	1081.77464	   0.05409	[mu,kappa]: [(122.73115,316.98735),1.05859]
	 941.24061	   0.04707	[mu,kappa]: [(51.95832,110.49286),2.05522]
	1035.92384	   0.05180	[mu,kappa]: [(121.32376,343.89351),0.86711]
	 967.29424	   0.04837	[mu,kappa]: [(111.42773,7.27483),0.80426]
	1386.13948	   0.06931	[mu,kappa]: [(41.86736,123.09779),3.50264]
	1034.21707	   0.05172	[mu,kappa]: [(120.48735,327.18505),0.74104]
	2012.47353	   0.10061	[mu,kappa]: [(83.92163,179.37792),11.15003]
	1127.90535	   0.05640	[mu,kappa]: [(109.53550,292.48594),1.24859]
	1299.12549	   0.06496	[mu,kappa]: [(69.28003,88.68747),4.08826]
	1681.44809	   0.08407	[mu,kappa]: [(47.36295,161.36107),4.55598]
	1883.54928	   0.09417	[mu,kappa]: [(161.74654,0.21463),3.92360]
	1026.81772	   0.05135	[mu,kappa]: [(56.85954,98.78622),2.38071]
	1429.83004	   0.07149	[mu,kappa]: [(97.59971,278.68517),2.07858]
			msglen: 465851.70604 bits.
Iteration #: 34
	1278.42332	   0.06392	[mu,kappa]: [(108.02653,298.30621),1.43059]
	1870.46471	   0.09351	[mu,kappa]: [(80.18053,87.71534),8.49930]
	1011.17252	   0.05056	[mu,kappa]: [(115.74540,322.03591),1.15155]
	 859.04978	   0.04296	[mu,kappa]: [(47.62773,104.83507),2.25879]
	 972.04955	   0.04861	[mu,kappa]: [(112.52641,346.59565),1.03227]
	 911.16721	   0.04557	[mu,kappa]: [(103.54509,4.71589),1.02057]
	1365.26130	   0.06826	[mu,kappa]: [(37.19687,122.83887),4.37687]
	 961.95484	   0.04810	[mu,kappa]: [(111.08818,332.63566),0.89367]
	2387.76017	   0.11937	[mu,kappa]: [(88.66095,180.29970),27.04029]
	1060.58867	   0.05303	[mu,kappa]: [(103.40991,294.86229),1.39728]
	1268.18644	   0.06341	[mu,kappa]: [(70.90136,87.41184),4.61217]
	1622.23334	   0.08111	[mu,kappa]: [(39.42818,157.00058),5.87123]
	2037.84866	   0.10188	[mu,kappa]: [(165.68031,2.83717),6.24872]
	 952.97480	   0.04766	[mu,kappa]: [(54.16575,94.58778),2.58477]
	1440.86469	   0.07204	[mu,kappa]: [(92.58939,277.10453),2.76297]
			msglen: 461730.07889 bits.
Iteration #: 35
	1156.29947	   0.05782	[mu,kappa]: [(99.99301,300.84413),1.57027]
	2072.39386	   0.10361	[mu,kappa]: [(84.63581,88.29026),12.64954]
	 914.33244	   0.04572	[mu,kappa]: [(105.79923,328.97044),1.29595]
	 749.41701	   0.03748	[mu,kappa]: [(44.89172,98.30942),2.46178]
	 893.32111	   0.04467	[mu,kappa]: [(101.86890,350.97857),1.30688]
	 849.65776	   0.04249	[mu,kappa]: [(95.13041,4.39785),1.38991]
	1324.41115	   0.06622	[mu,kappa]: [(33.70454,124.46315),5.95522]
	 871.30991	   0.04357	[mu,kappa]: [(100.45263,339.31310),1.12735]
	2694.02124	   0.13468	[mu,kappa]: [(89.88189,180.19745),44.02561]
	 963.35881	   0.04817	[mu,kappa]: [(96.36747,297.14634),1.58662]
	1177.07199	   0.05886	[mu,kappa]: [(72.99728,86.24776),5.11532]
	1666.10674	   0.08330	[mu,kappa]: [(32.97739,151.57374),9.99676]
	2312.15423	   0.11559	[mu,kappa]: [(169.99659,3.54467),13.13061]
	 844.75881	   0.04225	[mu,kappa]: [(52.54550,89.73524),2.75088]
	1511.38548	   0.07557	[mu,kappa]: [(89.00990,273.75558),4.36688]
			msglen: 457125.34378 bits.
Iteration #: 36
	 997.46330	   0.04988	[mu,kappa]: [(92.83917,304.81967),1.62392]
	2312.78564	   0.11562	[mu,kappa]: [(87.81344,89.19467),18.74105]
	 812.71839	   0.04065	[mu,kappa]: [(96.21538,339.62712),1.51758]
	 632.76640	   0.03165	[mu,kappa]: [(44.75438,92.55820),2.50674]
	 829.54414	   0.04149	[mu,kappa]: [(93.27991,357.77496),1.77446]
	 814.95576	   0.04076	[mu,kappa]: [(89.36767,6.66272),2.00490]
	1235.53314	   0.06178	[mu,kappa]: [(32.33905,126.38735),8.08285]
	 785.80098	   0.03930	[mu,kappa]: [(92.00244,348.78108),1.46326]
	2778.57369	   0.13890	[mu,kappa]: [(89.95660,180.07205),47.86927]
	 833.48576	   0.04168	[mu,kappa]: [(90.32034,299.79836),1.66847]
	1033.58855	   0.05169	[mu,kappa]: [(74.33499,85.16166),5.45475]
	1882.26270	   0.09410	[mu,kappa]: [(30.71501,148.82692),18.48947]
	2591.16283	   0.12953	[mu,kappa]: [(172.84038,1.44631),26.09913]
	 723.09188	   0.03617	[mu,kappa]: [(52.61718,84.55730),2.78149]
	1736.26682	   0.08681	[mu,kappa]: [(87.89453,269.38038),9.39760]
			msglen: 452500.14986 bits.
Iteration #: 37
	 828.36797	   0.04143	[mu,kappa]: [(90.52499,314.45430),1.39487]
	2467.35112	   0.12335	[mu,kappa]: [(89.36546,89.88280),24.51509]
	 750.10066	   0.03752	[mu,kappa]: [(93.82410,353.06201),1.83801]
	 552.64334	   0.02765	[mu,kappa]: [(45.92251,89.56146),2.42964]
	 824.39903	   0.04123	[mu,kappa]: [(91.78523,4.44021),2.43758]
	 844.56051	   0.04224	[mu,kappa]: [(89.15017,9.21929),2.83874]
	1118.57390	   0.05593	[mu,kappa]: [(32.72438,124.85613),9.65053]
	 742.57876	   0.03714	[mu,kappa]: [(90.75742,359.33773),1.89262]
	2848.71356	   0.14241	[mu,kappa]: [(89.86715,180.05602),46.38327]
	 685.50953	   0.03429	[mu,kappa]: [(87.89084,306.27956),1.39775]
	 904.62861	   0.04524	[mu,kappa]: [(73.61310,84.85301),5.59478]
	2068.48924	   0.10341	[mu,kappa]: [(30.08174,148.48162),30.35933]
	2583.97041	   0.12918	[mu,kappa]: [(174.70398,0.14687),38.23620]
	 637.41218	   0.03188	[mu,kappa]: [(53.37231,81.02974),2.73487]
	2142.70117	   0.10712	[mu,kappa]: [(88.54883,268.09762),25.71886]
			msglen: 448515.42712 bits.
Iteration #: 38
	 765.16031	   0.03827	[mu,kappa]: [(90.03198,319.75655),1.02321]
	2512.60429	   0.12561	[mu,kappa]: [(89.98993,90.25007),28.02397]
	 744.59740	   0.03724	[mu,kappa]: [(95.31296,0.21001),2.09156]
	 526.79043	   0.02635	[mu,kappa]: [(45.09392,92.73548),2.25510]
	 864.71859	   0.04324	[mu,kappa]: [(93.22946,6.68570),3.02660]
	 911.60857	   0.04559	[mu,kappa]: [(90.70172,9.19880),3.59488]
	1050.67105	   0.05254	[mu,kappa]: [(34.14251,120.45612),10.29681]
	 746.74843	   0.03735	[mu,kappa]: [(92.56215,4.15838),2.20943]
	2897.90056	   0.14487	[mu,kappa]: [(89.79403,180.08327),44.35966]
	 631.86047	   0.03161	[mu,kappa]: [(85.34229,305.10448),0.96630]
	 828.82646	   0.04145	[mu,kappa]: [(71.40687,85.90655),5.75089]
	2132.06131	   0.10659	[mu,kappa]: [(29.84571,149.73852),45.40208]
	2451.82489	   0.12257	[mu,kappa]: [(176.36434,359.13682),54.01841]
	 599.87280	   0.03001	[mu,kappa]: [(52.55103,81.82223),2.60830]
	2334.75445	   0.11672	[mu,kappa]: [(89.33076,269.12004),59.86577]
			msglen: 445859.59166 bits.
Iteration #: 39
	 797.09717	   0.03986	[mu,kappa]: [(89.82175,309.98658),0.74862]
	2515.95024	   0.12578	[mu,kappa]: [(90.26307,90.36394),29.69649]
	 768.43217	   0.03843	[mu,kappa]: [(98.63061,2.22253),2.24310]
	 527.46719	   0.02639	[mu,kappa]: [(41.96417,99.60719),2.04125]
	 920.96938	   0.04606	[mu,kappa]: [(95.64963,6.36486),3.46109]
	 986.78514	   0.04935	[mu,kappa]: [(92.52289,7.82259),4.17750]
	1035.13509	   0.05176	[mu,kappa]: [(35.89469,115.18577),11.18362]
	 772.02204	   0.03861	[mu,kappa]: [(95.69978,4.98980),2.39372]
	2907.63914	   0.14535	[mu,kappa]: [(89.75371,180.09213),43.61559]
	 672.61197	   0.03364	[mu,kappa]: [(81.53571,284.06345),0.75412]
	 785.58105	   0.03929	[mu,kappa]: [(69.07621,87.05261),6.05100]
	2125.90730	   0.10628	[mu,kappa]: [(29.75988,150.82702),60.79331]
	2300.54096	   0.11501	[mu,kappa]: [(177.86184,358.22165),83.00465]
	 583.01526	   0.02916	[mu,kappa]: [(50.26573,84.48257),2.43520]
	2300.84592	   0.11502	[mu,kappa]: [(89.67168,269.61092),91.27543]
			msglen: 444403.69655 bits.
Iteration #: 40
	 837.70974	   0.04189	[mu,kappa]: [(88.48496,292.94387),0.60101]
	2525.13416	   0.12623	[mu,kappa]: [(90.41108,90.35055),30.35539]
	 790.54160	   0.03954	[mu,kappa]: [(102.99968,3.39709),2.37364]
	 533.06200	   0.02667	[mu,kappa]: [(37.95230,107.84783),1.87967]
	 967.79414	   0.04840	[mu,kappa]: [(98.23249,5.93214),3.76079]
	1046.51752	   0.05233	[mu,kappa]: [(93.83100,6.76564),4.59409]
	1048.09265	   0.05241	[mu,kappa]: [(37.54052,110.65454),12.98090]
	 793.07950	   0.03966	[mu,kappa]: [(99.55470,5.40026),2.53350]
	2887.47545	   0.14434	[mu,kappa]: [(89.73914,180.06101),44.10914]
	 727.31687	   0.03638	[mu,kappa]: [(77.31858,260.23143),0.77164]
	 754.05292	   0.03771	[mu,kappa]: [(67.33751,87.46965),6.42939]
	2098.88971	   0.10493	[mu,kappa]: [(29.74973,151.28958),70.26983]
	2161.12485	   0.10804	[mu,kappa]: [(179.08968,356.28830),139.02574]
	 569.43937	   0.02849	[mu,kappa]: [(47.46721,86.90070),2.28286]
	2259.76951	   0.11297	[mu,kappa]: [(89.76629,269.71136),101.93825]
			msglen: 443401.99034 bits.
Iteration #: 41
	 860.03597	   0.04301	[mu,kappa]: [(84.41678,276.37010),0.53634]
	2545.70813	   0.12726	[mu,kappa]: [(90.49090,90.31723),30.48989]
	 807.00627	   0.04036	[mu,kappa]: [(107.51119,4.40232),2.50453]
	 537.86806	   0.02691	[mu,kappa]: [(33.79421,116.76454),1.78287]
	 997.59746	   0.04989	[mu,kappa]: [(100.30979,5.65630),3.92586]
	1083.60198	   0.05418	[mu,kappa]: [(93.99252,6.10716),4.87386]
	1061.99090	   0.05310	[mu,kappa]: [(38.98215,107.27236),15.79390]
	 806.76788	   0.04035	[mu,kappa]: [(103.30018,5.85169),2.64979]
	2857.68126	   0.14286	[mu,kappa]: [(89.74414,180.02013),45.07439]
	 767.32836	   0.03838	[mu,kappa]: [(72.79209,244.74570),0.88274]
	 721.14842	   0.03607	[mu,kappa]: [(66.35625,87.18353),6.76119]
	2085.20316	   0.10425	[mu,kappa]: [(29.75397,151.51315),74.42635]
	2071.23061	   0.10355	[mu,kappa]: [(179.77007,351.26500),204.53059]
	 555.56280	   0.02779	[mu,kappa]: [(44.31871,88.43526),2.15589]
	2241.26873	   0.11205	[mu,kappa]: [(89.79474,269.74311),104.89164]
			msglen: 442900.23647 bits.
Iteration #: 42
	 863.83163	   0.04320	[mu,kappa]: [(78.10853,262.55094),0.51283]
	2574.54125	   0.12870	[mu,kappa]: [(90.51200,90.30418),30.34657]
	 819.37950	   0.04098	[mu,kappa]: [(111.76750,5.12684),2.63878]
	 541.53320	   0.02709	[mu,kappa]: [(30.11789,125.87046),1.73794]
	1012.03190	   0.05061	[mu,kappa]: [(101.69744,5.47026),3.99449]
	1105.68087	   0.05529	[mu,kappa]: [(92.86339,5.71897),5.11158]
	1059.23336	   0.05297	[mu,kappa]: [(40.29179,104.81403),19.88613]
	 814.55488	   0.04074	[mu,kappa]: [(106.58109,6.21144),2.74773]
	2829.96822	   0.14147	[mu,kappa]: [(89.76151,179.98741),46.02442]
	 790.44910	   0.03953	[mu,kappa]: [(68.45981,235.13239),1.01428]
	 683.83117	   0.03420	[mu,kappa]: [(66.06019,86.36399),6.97969]
	2095.37523	   0.10475	[mu,kappa]: [(29.75936,151.60698),75.77479]
	2031.93359	   0.10158	[mu,kappa]: [(179.95117,335.74432),232.27804]
	 542.66783	   0.02715	[mu,kappa]: [(40.96592,88.92633),2.05374]
	2234.98827	   0.11173	[mu,kappa]: [(89.80555,269.75901),105.79522]
			msglen: 442689.52298 bits.
Iteration #: 43
	 855.89584	   0.04280	[mu,kappa]: [(71.19021,251.04789),0.51250]
	2607.99535	   0.13038	[mu,kappa]: [(90.48116,90.31437),30.04884]
	 830.87558	   0.04155	[mu,kappa]: [(116.01220,5.47739),2.78845]
	 544.31901	   0.02723	[mu,kappa]: [(27.30586,134.41810),1.72770]
	1015.94068	   0.05080	[mu,kappa]: [(102.63031,5.33089),4.00659]
	1124.67460	   0.05624	[mu,kappa]: [(90.68689,5.51583),5.40357]
	1036.96731	   0.05185	[mu,kappa]: [(41.49547,103.00481),25.98660]
	 818.89311	   0.04095	[mu,kappa]: [(109.64144,6.38854),2.83529]
	2808.26319	   0.14039	[mu,kappa]: [(89.78343,179.96453),46.78407]
	 801.99085	   0.04011	[mu,kappa]: [(64.92433,228.63004),1.14591]
	 645.44381	   0.03229	[mu,kappa]: [(66.25274,85.15173),7.08865]
	2124.14277	   0.10619	[mu,kappa]: [(29.76386,151.55252),75.73606]
	2018.34724	   0.10090	[mu,kappa]: [(179.97996,295.63995),239.45424]
	 532.23210	   0.02663	[mu,kappa]: [(37.67085,88.37326),1.98043]
	2234.01856	   0.11168	[mu,kappa]: [(89.81135,269.76875),106.02396]
			msglen: 442490.72639 bits.
Iteration #: 44
	 841.84722	   0.04210	[mu,kappa]: [(64.82846,240.92849),0.52939]
	2643.42103	   0.13215	[mu,kappa]: [(90.41011,90.33908),29.66302]
	 842.80389	   0.04215	[mu,kappa]: [(120.52157,5.42374),2.97669]
	 546.45478	   0.02734	[mu,kappa]: [(25.36613,141.67144),1.73766]
	1010.14044	   0.05051	[mu,kappa]: [(103.32479,5.21934),3.98803]
	1148.57053	   0.05743	[mu,kappa]: [(87.80499,5.43852),5.83764]
	 999.24951	   0.04997	[mu,kappa]: [(42.55724,101.66590),35.49158]
	 819.61172	   0.04099	[mu,kappa]: [(112.76478,6.35635),2.92202]
	2792.60180	   0.13960	[mu,kappa]: [(89.80474,179.94874),47.33457]
	 806.95537	   0.04036	[mu,kappa]: [(62.33914,223.85494),1.27223]
	 611.10335	   0.03057	[mu,kappa]: [(66.68305,83.64810),7.13464]
	2162.91141	   0.10813	[mu,kappa]: [(29.76799,151.34281),74.95719]
	2013.83814	   0.10068	[mu,kappa]: [(179.98191,267.82300),241.42126]
	 524.90949	   0.02626	[mu,kappa]: [(34.69130,86.89881),1.93954]
	2235.58132	   0.11176	[mu,kappa]: [(89.81493,269.77517),105.96846]
			msglen: 442255.27684 bits.
Iteration #: 45
	 825.15552	   0.04127	[mu,kappa]: [(59.53392,231.68860),0.56284]
	2679.41374	   0.13395	[mu,kappa]: [(90.31593,90.36790),29.22457]
	 855.30537	   0.04277	[mu,kappa]: [(125.35094,4.96961),3.24330]
	 548.28016	   0.02743	[mu,kappa]: [(24.09240,147.16470),1.75830]
	 992.76553	   0.04964	[mu,kappa]: [(103.86825,5.12683),3.95618]
	1183.18751	   0.05916	[mu,kappa]: [(84.67891,5.42656),6.48961]
	 952.36128	   0.04763	[mu,kappa]: [(43.42300,100.74033),50.50861]
	 814.70595	   0.04075	[mu,kappa]: [(116.06654,6.12079),3.02072]
	2781.55990	   0.13905	[mu,kappa]: [(89.82355,179.93756),47.71764]
	 808.77519	   0.04045	[mu,kappa]: [(60.58196,220.18495),1.39194]
	 585.37825	   0.02928	[mu,kappa]: [(67.08512,81.94683),7.17761]
	2202.78769	   0.11012	[mu,kappa]: [(29.77325,151.01750),73.74132]
	2010.96615	   0.10054	[mu,kappa]: [(179.98082,252.45957),242.39049]
	 520.87865	   0.02606	[mu,kappa]: [(32.22531,84.75382),1.93258]
	2238.47911	   0.11191	[mu,kappa]: [(89.81689,269.77982),105.76814]
			msglen: 441983.46572 bits.
Iteration #: 46
	 808.02872	   0.04041	[mu,kappa]: [(55.42124,223.35313),0.61375]
	2714.91348	   0.13572	[mu,kappa]: [(90.22159,90.39245),28.75974]
	 868.16744	   0.04342	[mu,kappa]: [(130.27183,4.14304),3.65069]
	 550.26647	   0.02753	[mu,kappa]: [(23.24065,150.77166),1.78403]
	 961.65817	   0.04809	[mu,kappa]: [(104.20909,5.04661),3.92448]
	1231.55572	   0.06158	[mu,kappa]: [(81.88617,5.40723),7.37552]
	 903.84451	   0.04520	[mu,kappa]: [(44.06296,100.21776),72.55900]
	 801.28867	   0.04007	[mu,kappa]: [(119.43446,5.70179),3.14531]
	2773.61645	   0.13865	[mu,kappa]: [(89.84005,179.92936),47.98496]
	 809.75526	   0.04050	[mu,kappa]: [(59.46558,217.35642),1.50420]
	 571.20646	   0.02857	[mu,kappa]: [(67.23412,80.15547),7.26435]
	2235.81078	   0.11177	[mu,kappa]: [(29.77926,150.66195),72.33674]
	2007.53027	   0.10036	[mu,kappa]: [(179.97856,238.82432),243.39289]
	 520.17654	   0.02602	[mu,kappa]: [(30.37492,82.31681),1.95879]
	2242.18106	   0.11209	[mu,kappa]: [(89.81760,269.78366),105.48051]
			msglen: 441710.53593 bits.
Iteration #: 47
	 792.58166	   0.03964	[mu,kappa]: [(52.53056,216.24938),0.68004]
	2748.70793	   0.13741	[mu,kappa]: [(90.15216,90.40852),28.29924]
	 882.05783	   0.04411	[mu,kappa]: [(134.88599,3.02637),4.29188]
	 552.75249	   0.02765	[mu,kappa]: [(22.63302,152.66340),1.80916]
	 917.24683	   0.04587	[mu,kappa]: [(104.16279,4.97435),3.90340]
	1290.59306	   0.06453	[mu,kappa]: [(79.90911,5.31319),8.38449]
	 860.79674	   0.04305	[mu,kappa]: [(44.48176,99.99550),98.67963]
	 776.97870	   0.03886	[mu,kappa]: [(122.55582,5.13977),3.30226]
	2767.62282	   0.13835	[mu,kappa]: [(89.85507,179.92309),48.17800]
	 811.63021	   0.04059	[mu,kappa]: [(58.88706,215.26030),1.60550]
	 569.17399	   0.02847	[mu,kappa]: [(67.04347,78.37605),7.40942]
	2257.68356	   0.11287	[mu,kappa]: [(29.78350,150.36629),71.04208]
	2003.13867	   0.10014	[mu,kappa]: [(179.97465,225.59388),244.62341]
	 522.61645	   0.02615	[mu,kappa]: [(29.14158,79.96322),2.01208]
	2246.41905	   0.11230	[mu,kappa]: [(89.81768,269.78727),105.13377]
			msglen: 441485.36266 bits.
Iteration #: 48
	 780.89296	   0.03906	[mu,kappa]: [(50.88081,210.67745),0.75367]
	2779.65438	   0.13896	[mu,kappa]: [(90.12300,90.41723),27.87113]
	 899.02399	   0.04496	[mu,kappa]: [(138.87131,1.78946),5.30948]
	 555.59529	   0.02779	[mu,kappa]: [(22.16313,153.22569),1.82547]
	 864.00215	   0.04321	[mu,kappa]: [(103.44578,4.91382),3.90124]
	1351.88588	   0.06759	[mu,kappa]: [(78.88540,5.11588),9.31990]
	 827.12691	   0.04137	[mu,kappa]: [(44.70542,99.92385),120.91759]
	 740.57811	   0.03704	[mu,kappa]: [(125.02382,4.51351),3.47785]
	2762.72003	   0.13811	[mu,kappa]: [(89.86892,179.91801),48.32760]
	 815.47348	   0.04078	[mu,kappa]: [(58.84548,213.83467),1.68913]
	 577.39715	   0.02888	[mu,kappa]: [(66.60162,76.66457),7.59329]
	2269.08380	   0.11344	[mu,kappa]: [(29.78663,150.17129),70.10571]
	1998.12730	   0.09989	[mu,kappa]: [(179.96858,213.87219),246.00493]
	 527.54645	   0.02639	[mu,kappa]: [(28.44367,77.81726),2.07950]
	2250.89211	   0.11253	[mu,kappa]: [(89.81788,269.79096),104.75523]
			msglen: 441311.24009 bits.
Iteration #: 49
	 774.21810	   0.03872	[mu,kappa]: [(50.42049,206.64183),0.82328]
	2806.68237	   0.14031	[mu,kappa]: [(90.13299,90.42269),27.49278]
	 921.09530	   0.04606	[mu,kappa]: [(142.16323,0.65852),6.93691]
	 558.30345	   0.02793	[mu,kappa]: [(21.77443,152.96034),1.82589]
	 808.76166	   0.04045	[mu,kappa]: [(101.81811,4.87273),3.92834]
	1408.73551	   0.07044	[mu,kappa]: [(78.66152,4.82956),10.04662]
	 803.59744	   0.04019	[mu,kappa]: [(44.80359,99.91269),135.23612]
	 691.45137	   0.03458	[mu,kappa]: [(126.47421,3.93270),3.62980]
	2758.23611	   0.13789	[mu,kappa]: [(89.88070,179.91352),48.45805]
	 821.57096	   0.04109	[mu,kappa]: [(59.35935,212.98950),1.74893]
	 591.76061	   0.02960	[mu,kappa]: [(66.09044,75.03420),7.77465]
	2273.52463	   0.11366	[mu,kappa]: [(29.78962,150.06310),69.57541]
	1993.18228	   0.09965	[mu,kappa]: [(179.95979,204.23784),247.35868]
	 533.83025	   0.02671	[mu,kappa]: [(28.13604,75.78480),2.14587]
	2255.04995	   0.11274	[mu,kappa]: [(89.81877,269.79483),104.39053]
			msglen: 441146.96215 bits.
Iteration #: 50
	 772.54005	   0.03864	[mu,kappa]: [(50.99137,203.85115),0.87953]
	2828.86839	   0.14142	[mu,kappa]: [(90.16627,90.42830),27.17375]
	 947.56526	   0.04739	[mu,kappa]: [(144.86941,359.82589),9.55309]
	 560.50601	   0.02804	[mu,kappa]: [(21.44798,152.30689),1.80883]
	 758.77657	   0.03795	[mu,kappa]: [(99.31653,4.84618),4.00339]
	1459.03318	   0.07295	[mu,kappa]: [(79.02519,4.48755),10.53877]
	 789.08630	   0.03946	[mu,kappa]: [(44.84470,99.92282),143.25847]
	 630.43786	   0.03154	[mu,kappa]: [(126.60720,3.49146),3.69815]
	2753.68473	   0.13766	[mu,kappa]: [(89.88889,179.90920),48.58817]
	 829.54115	   0.04149	[mu,kappa]: [(60.37197,212.58286),1.78285]
	 607.49184	   0.03039	[mu,kappa]: [(65.65446,73.49989),7.91472]
	2274.79226	   0.11372	[mu,kappa]: [(29.79198,150.00839),69.32639]
	1989.23294	   0.09945	[mu,kappa]: [(179.94739,196.70107),248.45640]
	 540.28157	   0.02703	[mu,kappa]: [(28.06275,73.79096),2.20049]
	2258.16189	   0.11289	[mu,kappa]: [(89.82015,269.79859),104.10275]
			msglen: 440959.84187 bits.
Iteration #: 51
	 774.95981	   0.03876	[mu,kappa]: [(52.29666,201.91409),0.91809]
	2845.92343	   0.14227	[mu,kappa]: [(90.20052,90.43581),26.92094]
	 971.96116	   0.04860	[mu,kappa]: [(147.05996,359.38094),13.66266]
	 562.31529	   0.02813	[mu,kappa]: [(21.16432,151.50423),1.77827]
	 720.56468	   0.03604	[mu,kappa]: [(96.43278,4.80929),4.14522]
	1501.42168	   0.07507	[mu,kappa]: [(79.80321,4.12584),10.82009]
	 781.15950	   0.03907	[mu,kappa]: [(44.86354,99.93780),147.48196]
	 563.69944	   0.02820	[mu,kappa]: [(125.20721,3.20886),3.65007]
	2748.86900	   0.13742	[mu,kappa]: [(89.89268,179.90493),48.72743]
	 838.61966	   0.04194	[mu,kappa]: [(61.71308,212.46353),1.79323]
	 621.19588	   0.03107	[mu,kappa]: [(65.33592,72.09511),7.99494]
	2275.51043	   0.11376	[mu,kappa]: [(29.79344,149.98163),69.20498]
	1987.63373	   0.09937	[mu,kappa]: [(179.93087,191.25223),248.98824]
	 546.35341	   0.02733	[mu,kappa]: [(28.09966,71.84251),2.24040]
	2259.81290	   0.11297	[mu,kappa]: [(89.82116,269.80175),103.93663]
			msglen: 440750.73378 bits.
Iteration #: 52
	 780.22016	   0.03902	[mu,kappa]: [(53.97725,200.51602),0.93897]
	2858.64482	   0.14290	[mu,kappa]: [(90.22066,90.44439),26.73636]
	 982.93438	   0.04915	[mu,kappa]: [(148.67779,359.28466),19.46786]
	 564.07978	   0.02822	[mu,kappa]: [(20.88475,150.64465),1.74024]
	 697.26066	   0.03487	[mu,kappa]: [(93.94566,4.74197),4.34262]
	1533.03632	   0.07665	[mu,kappa]: [(80.82467,3.77926),10.92608]
	 777.45754	   0.03888	[mu,kappa]: [(44.87381,99.95091),149.57495]
	 503.83671	   0.02521	[mu,kappa]: [(122.47522,3.00508),3.53288]
	2743.96117	   0.13717	[mu,kappa]: [(89.89249,179.90100),48.87279]
	 847.89767	   0.04240	[mu,kappa]: [(63.15669,212.51916),1.78520]
	 631.38901	   0.03158	[mu,kappa]: [(65.10731,70.84497),8.01899]
	2276.83155	   0.11382	[mu,kappa]: [(29.79403,149.96895),69.11276]
	1990.13220	   0.09949	[mu,kappa]: [(179.91285,187.96056),248.57645]
	 552.07193	   0.02762	[mu,kappa]: [(28.16099,69.95565),2.26770]
	2260.24609	   0.11299	[mu,kappa]: [(89.82143,269.80423),103.88261]
			msglen: 440563.61420 bits.
Iteration #: 53
	 787.20072	   0.03937	[mu,kappa]: [(55.73280,199.44421),0.94460]
	2868.48410	   0.14340	[mu,kappa]: [(90.22485,90.45106),26.60904]
	 974.54905	   0.04873	[mu,kappa]: [(149.66342,359.38416),25.92757]
	 566.13116	   0.02832	[mu,kappa]: [(20.57052,149.76363),1.69973]
	 686.41930	   0.03433	[mu,kappa]: [(92.34067,4.66315),4.54390]
	1551.94390	   0.07759	[mu,kappa]: [(81.89600,3.47850),10.90922]
	 776.23779	   0.03882	[mu,kappa]: [(44.88063,99.96012),150.49617]
	 461.20703	   0.02308	[mu,kappa]: [(119.34037,2.78110),3.43529]
	2739.40638	   0.13694	[mu,kappa]: [(89.88939,179.89784),49.01191]
	 856.68679	   0.04284	[mu,kappa]: [(64.50818,212.67600),1.76458]
	 638.06872	   0.03192	[mu,kappa]: [(64.92434,69.74593),8.00288]
	2278.88875	   0.11393	[mu,kappa]: [(29.79411,149.96366),69.01103]
	1997.11947	   0.09984	[mu,kappa]: [(179.90196,186.81395),247.14263]
	 557.69963	   0.02790	[mu,kappa]: [(28.19631,68.12052),2.28605]
	2259.95721	   0.11298	[mu,kappa]: [(89.82135,269.80625),103.89923]
			msglen: 440446.90397 bits.
Iteration #: 54
	 794.90033	   0.03976	[mu,kappa]: [(57.35360,198.54270),0.93932]
	2876.52076	   0.14380	[mu,kappa]: [(90.21730,90.45396),26.52148]
	 954.53462	   0.04773	[mu,kappa]: [(150.14133,359.52105),31.23362]
	 568.60729	   0.02844	[mu,kappa]: [(20.20393,148.89080),1.66032]
	 682.19990	   0.03412	[mu,kappa]: [(91.51340,4.60981),4.70178]
	1559.72763	   0.07798	[mu,kappa]: [(82.85206,3.23735),10.83514]
	 776.34569	   0.03883	[mu,kappa]: [(44.88592,99.96569),150.79014]
	 435.38172	   0.02179	[mu,kappa]: [(116.77564,2.53013),3.38957]
	2735.64089	   0.13676	[mu,kappa]: [(89.88457,179.89575),49.13131]
	 864.53736	   0.04324	[mu,kappa]: [(65.63679,212.87832),1.73713]
	 641.91030	   0.03211	[mu,kappa]: [(64.75379,68.77369),7.96333]
	2281.37222	   0.11405	[mu,kappa]: [(29.79411,149.96253),68.89665]
	2005.60110	   0.10027	[mu,kappa]: [(179.90417,187.43165),245.27828]
	 563.41998	   0.02819	[mu,kappa]: [(28.18281,66.31815),2.29906]
	2259.30023	   0.11295	[mu,kappa]: [(89.82115,269.80776),103.95261]
			msglen: 440394.34196 bits.
Iteration #: 55
	 802.22908	   0.04012	[mu,kappa]: [(58.70942,197.69475),0.92885]
	2883.33943	   0.14414	[mu,kappa]: [(90.20201,90.45339),26.46000]
	 935.14317	   0.04676	[mu,kappa]: [(150.34049,359.62210),34.71096]
	 571.30508	   0.02858	[mu,kappa]: [(19.79907,148.08217),1.62465]
	 679.72941	   0.03400	[mu,kappa]: [(91.10294,4.59911),4.80951]
	1560.28733	   0.07801	[mu,kappa]: [(83.61571,3.04970),10.75695]
	 777.07408	   0.03886	[mu,kappa]: [(44.89049,99.96859),150.76766]
	 419.69366	   0.02100	[mu,kappa]: [(115.00887,2.30215),3.37666]
	2732.87852	   0.13662	[mu,kappa]: [(89.87909,179.89474),49.22288]
	 871.05048	   0.04356	[mu,kappa]: [(66.47713,213.07798),1.70850]
	 643.58111	   0.03219	[mu,kappa]: [(64.58036,67.90225),7.91297]
	2283.87795	   0.11418	[mu,kappa]: [(29.79441,149.96368),68.78098]
	2012.22499	   0.10060	[mu,kappa]: [(179.91328,188.92581),243.68975]
	 569.07452	   0.02847	[mu,kappa]: [(28.11655,64.55442),2.30969]
	2258.51119	   0.11291	[mu,kappa]: [(89.82089,269.80874),104.02030]
			msglen: 440373.32776 bits.
Iteration #: 56
	 808.49392	   0.04043	[mu,kappa]: [(59.77803,196.84396),0.91769]
	2889.44872	   0.14444	[mu,kappa]: [(90.18249,90.45013),26.41346]
	 921.78773	   0.04610	[mu,kappa]: [(150.41967,359.68301),36.74068]
	 573.89131	   0.02871	[mu,kappa]: [(19.39190,147.40487),1.59358]
	 676.92284	   0.03386	[mu,kappa]: [(90.85175,4.62648),4.88305]
	1557.29168	   0.07786	[mu,kappa]: [(84.19310,2.90167),10.70024]
	 778.04296	   0.03891	[mu,kappa]: [(44.89469,99.96974),150.59916]
	 408.76992	   0.02046	[mu,kappa]: [(113.81684,2.12298),3.37700]
	2731.08006	   0.13653	[mu,kappa]: [(89.87387,179.89464),49.28564]
	 876.13745	   0.04382	[mu,kappa]: [(67.04122,213.24851),1.68252]
	 643.62608	   0.03219	[mu,kappa]: [(64.40470,67.11184),7.86000]
	2286.08860	   0.11429	[mu,kappa]: [(29.79511,149.96579),68.67681]
	2016.32104	   0.10080	[mu,kappa]: [(179.92181,190.46236),242.62363]
	 574.31644	   0.02873	[mu,kappa]: [(28.01171,62.85626),2.31920]
	2257.78124	   0.11287	[mu,kappa]: [(89.82065,269.80926),104.08475]
			msglen: 440364.27709 bits.
Iteration #: 57
	 813.58589	   0.04069	[mu,kappa]: [(60.61149,195.98301),0.90790]
	2895.25515	   0.14473	[mu,kappa]: [(90.16135,90.44475),26.37285]
	 914.18012	   0.04572	[mu,kappa]: [(150.45094,359.71771),37.85716]
	 576.16094	   0.02882	[mu,kappa]: [(19.01510,146.89936),1.56646]
	 673.45663	   0.03369	[mu,kappa]: [(90.64994,4.67989),4.93766]
	1553.01753	   0.07765	[mu,kappa]: [(84.62626,2.78044),10.66954]
	 779.09366	   0.03897	[mu,kappa]: [(44.89862,99.96976),150.36776]
	 399.99831	   0.02002	[mu,kappa]: [(112.96387,1.98956),3.38216]
	2730.02100	   0.13647	[mu,kappa]: [(89.86943,179.89512),49.32460]
	 880.04883	   0.04401	[mu,kappa]: [(67.38734,213.38776),1.66057]
	 642.55542	   0.03214	[mu,kappa]: [(64.23324,66.38809),7.80917]
	2287.89380	   0.11438	[mu,kappa]: [(29.79608,149.96792),68.59032]
	2018.60786	   0.10092	[mu,kappa]: [(179.92761,191.65198),241.99474]
	 578.90937	   0.02896	[mu,kappa]: [(27.89013,61.24737),2.32751]
	2257.21549	   0.11284	[mu,kappa]: [(89.82048,269.80948),104.13578]
			msglen: 440359.62248 bits.
Iteration #: 58
	 817.68539	   0.04089	[mu,kappa]: [(61.27448,195.12404),0.89997]
	2900.94119	   0.14502	[mu,kappa]: [(90.14010,90.43778),26.33290]
	 910.55020	   0.04554	[mu,kappa]: [(150.46228,359.73736),38.43921]
	 578.06067	   0.02892	[mu,kappa]: [(18.68590,146.57188),1.54226]
	 669.55264	   0.03349	[mu,kappa]: [(90.46326,4.74895),4.98226]
	1548.53244	   0.07742	[mu,kappa]: [(84.95789,2.67700),10.66014]
	 780.17501	   0.03902	[mu,kappa]: [(44.90226,99.96902),150.10901]
	 392.33455	   0.01963	[mu,kappa]: [(112.30477,1.88936),3.38948]
	2729.43335	   0.13645	[mu,kappa]: [(89.86585,179.89590),49.34719]
	 883.12219	   0.04416	[mu,kappa]: [(67.57718,213.50529),1.64265]
	 640.81847	   0.03205	[mu,kappa]: [(64.07061,65.71992),7.76295]
	2289.34360	   0.11445	[mu,kappa]: [(29.79715,149.96959),68.52073]
	2019.83228	   0.10098	[mu,kappa]: [(179.93111,192.44557),241.64820]
	 582.79606	   0.02915	[mu,kappa]: [(27.76928,59.73825),2.33438]
	2256.82196	   0.11282	[mu,kappa]: [(89.82037,269.80953),104.17174]
			msglen: 440356.70612 bits.
Iteration #: 59
	 821.02410	   0.04106	[mu,kappa]: [(61.81778,194.28066),0.89377]
	2906.52819	   0.14530	[mu,kappa]: [(90.11948,90.42978),26.29173]
	 909.36653	   0.04548	[mu,kappa]: [(150.46450,359.74856),38.71629]
	 579.61823	   0.02900	[mu,kappa]: [(18.40898,146.40669),1.52011]
	 665.47513	   0.03329	[mu,kappa]: [(90.28441,4.82680),5.02125]
	1544.23671	   0.07721	[mu,kappa]: [(85.22012,2.58579),10.66553]
	 781.26895	   0.03907	[mu,kappa]: [(44.90554,99.96779),149.83771]
	 385.38251	   0.01929	[mu,kappa]: [(111.76124,1.81052),3.39822]
	2729.10858	   0.13643	[mu,kappa]: [(89.86302,179.89680),49.35998]
	 885.63351	   0.04429	[mu,kappa]: [(67.65868,213.61218),1.62820]
	 638.75700	   0.03195	[mu,kappa]: [(63.91852,65.09865),7.72237]
	2290.53641	   0.11451	[mu,kappa]: [(29.79816,149.97064),68.46415]
	2020.47259	   0.10101	[mu,kappa]: [(179.93310,192.93055),241.46528]
	 586.02965	   0.02932	[mu,kappa]: [(27.65954,58.32880),2.33970]
	2256.56192	   0.11281	[mu,kappa]: [(89.82032,269.80950),104.19557]
			msglen: 440354.57686 bits.
Iteration #: 60
	 823.79684	   0.04120	[mu,kappa]: [(62.27600,193.46205),0.88895]
	2911.97210	   0.14557	[mu,kappa]: [(90.09983,90.42121),26.24936]
	 909.59876	   0.04549	[mu,kappa]: [(150.46219,359.75497),38.82154]
	 580.88789	   0.02906	[mu,kappa]: [(18.18255,146.37891),1.49944]
	 661.41397	   0.03308	[mu,kappa]: [(90.11350,4.90935),5.05666]
	1540.24132	   0.07701	[mu,kappa]: [(85.43453,2.50346),10.68010]
	 782.36352	   0.03913	[mu,kappa]: [(44.90847,99.96624),149.56116]
	 378.98554	   0.01897	[mu,kappa]: [(111.29188,1.74443),3.40814]
	2728.91734	   0.13642	[mu,kappa]: [(89.86080,179.89771),49.36744]
	 887.77132	   0.04440	[mu,kappa]: [(67.66539,213.71704),1.61654]
	 636.60041	   0.03184	[mu,kappa]: [(63.77685,64.51760),7.68758]
	2291.55914	   0.11456	[mu,kappa]: [(29.79903,149.97111),68.41651]
	2020.79743	   0.10103	[mu,kappa]: [(179.93419,193.20996),241.37301]
	 588.70390	   0.02945	[mu,kappa]: [(27.56577,57.01359),2.34357]
	2256.39051	   0.11280	[mu,kappa]: [(89.82032,269.80945),104.21117]
			msglen: 440352.87258 bits.
Iteration #: 61
	 826.14744	   0.04132	[mu,kappa]: [(62.67178,192.67264),0.88519]
	2917.21888	   0.14583	[mu,kappa]: [(90.08129,90.41245),26.20659]
	 910.60837	   0.04554	[mu,kappa]: [(150.45757,359.75863),38.83143]
	 581.92501	   0.02911	[mu,kappa]: [(18.00242,146.46235),1.47986]
	 657.48411	   0.03289	[mu,kappa]: [(89.95187,4.99425),5.08942]
	1536.55103	   0.07682	[mu,kappa]: [(85.61514,2.42801),10.69980]
	 783.44759	   0.03918	[mu,kappa]: [(44.91104,99.96451),149.28409]
	 373.07101	   0.01867	[mu,kappa]: [(110.87442,1.68551),3.41915]
	2728.78992	   0.13641	[mu,kappa]: [(89.85903,179.89857),49.37222]
	 889.65531	   0.04449	[mu,kappa]: [(67.61998,213.82533),1.60712]
	 634.48798	   0.03174	[mu,kappa]: [(63.64474,63.97185),7.65823]
	2292.47294	   0.11461	[mu,kappa]: [(29.79973,149.97111),68.37469]
	2020.95218	   0.10103	[mu,kappa]: [(179.93476,193.36256),241.33007]
	 590.91580	   0.02956	[mu,kappa]: [(27.48949,55.78549),2.34615]
	2256.27243	   0.11280	[mu,kappa]: [(89.82035,269.80939),104.22178]
			msglen: 440351.44113 bits.
Iteration #: 62
	 828.17736	   0.04142	[mu,kappa]: [(63.01987,191.91355),0.88221]
	2922.22606	   0.14608	[mu,kappa]: [(90.06390,90.40373),26.16430]
	 912.01281	   0.04561	[mu,kappa]: [(150.45182,359.76068),38.78984]
	 582.77742	   0.02915	[mu,kappa]: [(17.86392,146.63312),1.46115]
	 653.74693	   0.03270	[mu,kappa]: [(89.80042,5.08015),5.11998]
	1533.13887	   0.07665	[mu,kappa]: [(85.77097,2.35821),10.72194]
	 784.51113	   0.03924	[mu,kappa]: [(44.91330,99.96270),149.01006]
	 367.59444	   0.01840	[mu,kappa]: [(110.49644,1.63034),3.43116]
	2728.69251	   0.13641	[mu,kappa]: [(89.85761,179.89937),49.37568]
	 891.35966	   0.04458	[mu,kappa]: [(67.53773,213.94008),1.59946]
	 632.49630	   0.03164	[mu,kappa]: [(63.52113,63.45781),7.63375]
	2293.31633	   0.11465	[mu,kappa]: [(29.80028,149.97073),68.33660]
	2021.01516	   0.10104	[mu,kappa]: [(179.93502,193.44013),241.31369]
	 592.75105	   0.02965	[mu,kappa]: [(27.43029,54.63741),2.34762]
	2256.18399	   0.11279	[mu,kappa]: [(89.82041,269.80933),104.22960]
			msglen: 440350.20905 bits.
Iteration #: 63
	 829.95754	   0.04151	[mu,kappa]: [(63.33009,191.18397),0.87982]
	2926.96743	   0.14632	[mu,kappa]: [(90.04764,90.39521),26.12319]
	 913.58734	   0.04569	[mu,kappa]: [(150.44562,359.76175),38.72198]
	 583.48388	   0.02919	[mu,kappa]: [(17.76266,146.87077),1.44316]
	 650.22954	   0.03252	[mu,kappa]: [(89.65948,5.16623),5.14859]
	1529.97284	   0.07649	[mu,kappa]: [(85.90791,2.29322),10.74483]
	 785.54585	   0.03929	[mu,kappa]: [(44.91528,99.96085),148.74188]
	 362.52049	   0.01814	[mu,kappa]: [(110.15068,1.57692),3.44408]
	2728.61039	   0.13640	[mu,kappa]: [(89.85646,179.90012),49.37849]
	 892.93063	   0.04465	[mu,kappa]: [(67.42909,214.06267),1.59320]
	 630.66198	   0.03155	[mu,kappa]: [(63.40504,62.97284),7.61349]
	2294.11176	   0.11469	[mu,kappa]: [(29.80068,149.97008),68.30095]
	2021.02888	   0.10104	[mu,kappa]: [(179.93511,193.47450),241.31144]
	 594.28080	   0.02973	[mu,kappa]: [(27.38683,53.56290),2.34817]
	2256.11065	   0.11279	[mu,kappa]: [(89.82051,269.80929),104.23601]
			msglen: 440349.13464 bits.
Iteration #: 64
	 831.53792	   0.04159	[mu,kappa]: [(63.60912,190.48220),0.87785]
	2931.43100	   0.14654	[mu,kappa]: [(90.03246,90.38696),26.08376]
	 915.20244	   0.04577	[mu,kappa]: [(150.43939,359.76225),38.64228]
	 584.07496	   0.02922	[mu,kappa]: [(17.69473,147.15838),1.42581]
	 646.93855	   0.03236	[mu,kappa]: [(89.52889,5.25199),5.17542]
	1527.02411	   0.07635	[mu,kappa]: [(86.02989,2.23246),10.76746]
	 786.54540	   0.03934	[mu,kappa]: [(44.91703,99.95902),148.48164]
	 357.81709	   0.01791	[mu,kappa]: [(109.83262,1.52413),3.45782]
	2728.53812	   0.13640	[mu,kappa]: [(89.85550,179.90080),49.38092]
	 894.39785	   0.04473	[mu,kappa]: [(67.30137,214.19347),1.58807]
	 628.99777	   0.03146	[mu,kappa]: [(63.29560,62.51495),7.59680]
	2294.87149	   0.11473	[mu,kappa]: [(29.80096,149.96925),68.26704]
	2021.01667	   0.10104	[mu,kappa]: [(179.93511,193.48465),241.31650]
	 595.56263	   0.02979	[mu,kappa]: [(27.35734,52.55624),2.34796]
	2256.04400	   0.11278	[mu,kappa]: [(89.82062,269.80925),104.24182]
			msglen: 440348.19043 bits.
Iteration #: 65
	 832.95432	   0.04166	[mu,kappa]: [(63.86170,189.80620),0.87619]
	2935.61533	   0.14675	[mu,kappa]: [(90.01830,90.37903),26.04630]
	 916.78549	   0.04585	[mu,kappa]: [(150.43333,359.76238),38.55891]
	 584.57453	   0.02924	[mu,kappa]: [(17.65671,147.48207),1.40904]
	 643.86894	   0.03221	[mu,kappa]: [(89.40823,5.33710),5.20059]
	1524.26853	   0.07621	[mu,kappa]: [(86.13962,2.17550),10.78926]
	 787.50528	   0.03939	[mu,kappa]: [(44.91857,99.95721),148.23088]
	 353.45395	   0.01769	[mu,kappa]: [(109.53928,1.47136),3.47231]
	2728.47431	   0.13640	[mu,kappa]: [(89.85471,179.90144),49.38308]
	 895.78100	   0.04480	[mu,kappa]: [(67.15979,214.33228),1.58386]
	 627.50303	   0.03139	[mu,kappa]: [(63.19209,62.08257),7.58307]
	2295.60167	   0.11476	[mu,kappa]: [(29.80113,149.96829),68.23447]
	2020.99143	   0.10104	[mu,kappa]: [(179.93505,193.48175),241.32512]
	 596.64279	   0.02985	[mu,kappa]: [(27.33994,51.61232),2.34714]
	2255.97939	   0.11278	[mu,kappa]: [(89.82075,269.80923),104.24747]
			msglen: 440347.35625 bits.
Iteration #: 66
	 834.23292	   0.04172	[mu,kappa]: [(64.09130,189.15399),0.87477]
	2939.52596	   0.14695	[mu,kappa]: [(90.00509,90.37142),26.01095]
	 918.29771	   0.04592	[mu,kappa]: [(150.42759,359.76229),38.47643]
	 585.00113	   0.02926	[mu,kappa]: [(17.64559,147.83058),1.39280]
	 641.00960	   0.03206	[mu,kappa]: [(89.29689,5.42135),5.22424]
	1521.68624	   0.07608	[mu,kappa]: [(86.23903,2.12199),10.80995]
	 788.42255	   0.03943	[mu,kappa]: [(44.91993,99.95545),147.99060]
	 349.40252	   0.01749	[mu,kappa]: [(109.26849,1.41833),3.48748]
	2728.41913	   0.13639	[mu,kappa]: [(89.85403,179.90204),49.38498]
	 897.09380	   0.04486	[mu,kappa]: [(67.00823,214.47857),1.58041]
	 626.17018	   0.03132	[mu,kappa]: [(63.09393,61.67437),7.57177]
	2296.30508	   0.11480	[mu,kappa]: [(29.80121,149.96726),68.20308]
	2020.96033	   0.10104	[mu,kappa]: [(179.93496,193.47230),241.33523]
	 597.55844	   0.02989	[mu,kappa]: [(27.33283,50.72658),2.34583]
	2255.91442	   0.11278	[mu,kappa]: [(89.82089,269.80921),104.25318]
			msglen: 440346.61631 bits.
Iteration #: 67
	 835.39330	   0.04178	[mu,kappa]: [(64.30060,188.52373),0.87353]
	2943.17274	   0.14713	[mu,kappa]: [(89.99276,90.36414),25.97775]
	 919.72025	   0.04599	[mu,kappa]: [(150.42222,359.76206),38.39727]
	 585.36914	   0.02928	[mu,kappa]: [(17.65874,148.19477),1.37708]
	 638.34659	   0.03193	[mu,kappa]: [(89.19419,5.50457),5.24646]
	1519.26071	   0.07596	[mu,kappa]: [(86.32953,2.07164),10.82940]
	 789.29553	   0.03947	[mu,kappa]: [(44.92114,99.95374),147.76145]
	 345.63619	   0.01730	[mu,kappa]: [(109.01857,1.36490),3.50327]
	2728.37316	   0.13639	[mu,kappa]: [(89.85345,179.90260),49.38663]
	 898.34624	   0.04493	[mu,kappa]: [(66.84964,214.63169),1.57761]
	 624.98853	   0.03126	[mu,kappa]: [(63.00064,61.28919),7.56242]
	2296.98278	   0.11483	[mu,kappa]: [(29.80122,149.96618),68.17279]
	2020.92734	   0.10103	[mu,kappa]: [(179.93486,193.46005),241.34572]
	 598.33959	   0.02993	[mu,kappa]: [(27.33436,49.89487),2.34413]
	2255.84792	   0.11278	[mu,kappa]: [(89.82104,269.80920),104.25905]
			msglen: 440345.95773 bits.
Iteration #: 68
	 836.45044	   0.04183	[mu,kappa]: [(64.49172,187.91379),0.87242]
	2946.56791	   0.14730	[mu,kappa]: [(89.98125,90.35718),25.94668]
	 921.04591	   0.04606	[mu,kappa]: [(150.41724,359.76173),38.32265]
	 585.68972	   0.02930	[mu,kappa]: [(17.69381,148.56724),1.36184]
	 635.86513	   0.03181	[mu,kappa]: [(89.09946,5.58666),5.26737]
	1516.97803	   0.07585	[mu,kappa]: [(86.41224,2.02422),10.84760]
	 790.12354	   0.03952	[mu,kappa]: [(44.92221,99.95210),147.54374]
	 342.13044	   0.01713	[mu,kappa]: [(108.78811,1.31106),3.51963]
	2728.33688	   0.13639	[mu,kappa]: [(89.85296,179.90313),49.38800]
	 899.54591	   0.04499	[mu,kappa]: [(66.68631,214.79089),1.57535]
	 623.94640	   0.03121	[mu,kappa]: [(62.91182,60.92594),7.55462]
	2297.63505	   0.11486	[mu,kappa]: [(29.80118,149.96509),68.14358]
	2020.89462	   0.10103	[mu,kappa]: [(179.93476,193.44713),241.35598]
	 599.01057	   0.02996	[mu,kappa]: [(27.34308,49.11339),2.34213]
	2255.77945	   0.11277	[mu,kappa]: [(89.82120,269.80920),104.26513]
			msglen: 440345.36978 bits.
Iteration #: 69
	 837.41602	   0.04188	[mu,kappa]: [(64.66641,187.32277),0.87141]
	2949.72483	   0.14746	[mu,kappa]: [(89.97050,90.35052),25.91768]
	 922.27412	   0.04612	[mu,kappa]: [(150.41266,359.76135),38.25305]
	 585.97154	   0.02931	[mu,kappa]: [(17.74870,148.94203),1.34708]
	 633.55059	   0.03169	[mu,kappa]: [(89.01201,5.66754),5.28706]
	1514.82620	   0.07574	[mu,kappa]: [(86.48800,1.97950),10.86458]
	 790.90666	   0.03956	[mu,kappa]: [(44.92317,99.95051),147.33754]
	 338.86289	   0.01696	[mu,kappa]: [(108.57590,1.25680),3.53652]
	2728.31060	   0.13639	[mu,kappa]: [(89.85253,179.90363),49.38910]
	 900.69876	   0.04504	[mu,kappa]: [(66.52009,214.95542),1.57357]
	 623.03229	   0.03116	[mu,kappa]: [(62.82715,60.58359),7.54804]
	2298.26198	   0.11490	[mu,kappa]: [(29.80109,149.96401),68.11545]
	2020.86331	   0.10103	[mu,kappa]: [(179.93465,193.43471),241.36571]
	 599.59125	   0.02999	[mu,kappa]: [(27.35770,48.37866),2.33990]
	2255.70895	   0.11277	[mu,kappa]: [(89.82137,269.80919),104.27141]
			msglen: 440344.84343 bits.
Iteration #: 70
	 838.29935	   0.04192	[mu,kappa]: [(64.82615,186.74945),0.87049]
	2952.65719	   0.14760	[mu,kappa]: [(89.96045,90.34416),25.89065]
	 923.40799	   0.04618	[mu,kappa]: [(150.40845,359.76093),38.18855]
	 586.22133	   0.02933	[mu,kappa]: [(17.82153,149.31437),1.33277]
	 631.38911	   0.03158	[mu,kappa]: [(88.93122,5.74715),5.30562]
	1512.79473	   0.07564	[mu,kappa]: [(86.55753,1.93730),10.88039]
	 791.64554	   0.03959	[mu,kappa]: [(44.92403,99.94900),147.14277]
	 335.81327	   0.01681	[mu,kappa]: [(108.38084,1.20216),3.55389]
	2728.29435	   0.13639	[mu,kappa]: [(89.85215,179.90411),49.38992]
	 901.80960	   0.04510	[mu,kappa]: [(66.35246,215.12455),1.57221]
	 622.23542	   0.03113	[mu,kappa]: [(62.74635,60.26116),7.54240]
	2298.86370	   0.11493	[mu,kappa]: [(29.80096,149.96294),68.08841]
	2020.83396	   0.10103	[mu,kappa]: [(179.93455,193.42341),241.37477]
	 600.09794	   0.03002	[mu,kappa]: [(27.37714,47.68744),2.33750]
	2255.63652	   0.11276	[mu,kappa]: [(89.82154,269.80920),104.27789]
			msglen: 440344.37097 bits.
			N: 20000
		22.01722 bpr
Null model msglen: 471661.29398 bits.	(23.58306 bpr)
