Iteration #: 0
	1217.00000	   0.06085	[mu,kappa]: [(77.84602,109.48459),0.48594]
	1200.00000	   0.06000	[mu,kappa]: [(76.64762,128.03319),0.37975]
	1169.00000	   0.05845	[mu,kappa]: [(68.65859,108.31618),0.25890]
	1158.00000	   0.05790	[mu,kappa]: [(82.99611,116.50078),0.34475]
	1167.00000	   0.05835	[mu,kappa]: [(68.41331,133.02985),0.53991]
	1206.00000	   0.06030	[mu,kappa]: [(79.76903,119.99664),0.42966]
	1185.00000	   0.05925	[mu,kappa]: [(67.20442,130.59133),0.42166]
	1150.00000	   0.05750	[mu,kappa]: [(70.63287,123.34122),0.43342]
	1160.00000	   0.05800	[mu,kappa]: [(75.14951,119.64272),0.37298]
	1210.00000	   0.06050	[mu,kappa]: [(71.99100,125.17996),0.38333]
	1184.00000	   0.05920	[mu,kappa]: [(67.78899,115.87254),0.55082]
	1164.00000	   0.05820	[mu,kappa]: [(84.82306,123.44330),0.36652]
	1158.00000	   0.05790	[mu,kappa]: [(75.00995,126.87913),0.46075]
	1181.00000	   0.05905	[mu,kappa]: [(72.33426,133.00438),0.38523]
	1123.00000	   0.05615	[mu,kappa]: [(65.07184,133.08601),0.42100]
	1174.00000	   0.05870	[mu,kappa]: [(68.97778,130.22324),0.45298]
	1194.00000	   0.05970	[mu,kappa]: [(67.02107,127.12041),0.35902]
			msglen: 440364.85902 bits.
Iteration #: 1
	1217.00047	   0.06085	[mu,kappa]: [(76.90218,109.10893),0.49062]
	1199.83668	   0.05999	[mu,kappa]: [(76.65097,127.92606),0.37044]
	1168.98348	   0.05845	[mu,kappa]: [(76.09476,109.38719),0.24084]
	1158.12747	   0.05791	[mu,kappa]: [(84.64793,115.75721),0.32794]
	1167.68880	   0.05838	[mu,kappa]: [(66.58778,132.76917),0.56399]
	1205.76416	   0.06029	[mu,kappa]: [(78.74520,119.37465),0.42290]
	1184.86756	   0.05924	[mu,kappa]: [(67.54663,130.81704),0.42854]
	1149.91477	   0.05750	[mu,kappa]: [(70.48481,123.41096),0.43930]
	1159.87453	   0.05799	[mu,kappa]: [(76.08527,119.57158),0.36614]
	1209.80117	   0.06049	[mu,kappa]: [(72.64715,125.31741),0.38036]
	1184.85920	   0.05924	[mu,kappa]: [(66.96775,116.22251),0.58055]
	1163.94920	   0.05820	[mu,kappa]: [(85.08084,122.70407),0.34679]
	1157.88812	   0.05789	[mu,kappa]: [(73.40908,126.55285),0.46329]
	1180.83825	   0.05904	[mu,kappa]: [(72.50574,133.18889),0.38067]
	1122.88652	   0.05615	[mu,kappa]: [(65.78035,133.38318),0.42920]
	1174.00844	   0.05870	[mu,kappa]: [(68.40070,130.23718),0.46287]
	1193.71117	   0.05969	[mu,kappa]: [(69.01956,127.71526),0.35637]
			msglen: 471157.03083 bits.
Iteration #: 2
	1216.91747	   0.06085	[mu,kappa]: [(76.03433,108.84972),0.49736]
	1199.57363	   0.05998	[mu,kappa]: [(76.93775,127.86488),0.36012]
	1169.38189	   0.05847	[mu,kappa]: [(84.29935,109.55654),0.22039]
	1158.28301	   0.05791	[mu,kappa]: [(87.04762,114.87848),0.30880]
	1168.65048	   0.05843	[mu,kappa]: [(64.93396,132.52192),0.59536]
	1205.43684	   0.06027	[mu,kappa]: [(78.02853,118.85271),0.41717]
	1184.64074	   0.05923	[mu,kappa]: [(67.68204,130.99573),0.43608]
	1149.73032	   0.05749	[mu,kappa]: [(70.24827,123.47399),0.44617]
	1159.65532	   0.05798	[mu,kappa]: [(77.13832,119.44201),0.35750]
	1209.48455	   0.06047	[mu,kappa]: [(73.28406,125.42467),0.37621]
	1186.03080	   0.05930	[mu,kappa]: [(65.97911,116.59124),0.61675]
	1163.91810	   0.05820	[mu,kappa]: [(86.11419,121.99552),0.32603]
	1157.72291	   0.05789	[mu,kappa]: [(72.03392,126.31689),0.46882]
	1180.55819	   0.05903	[mu,kappa]: [(72.77019,133.40144),0.37523]
	1122.70002	   0.05614	[mu,kappa]: [(66.17821,133.60970),0.43801]
	1173.95540	   0.05870	[mu,kappa]: [(67.77680,130.24724),0.47502]
	1193.36034	   0.05967	[mu,kappa]: [(70.73214,128.19404),0.35175]
			msglen: 471153.24030 bits.
Iteration #: 3
	1216.72332	   0.06084	[mu,kappa]: [(75.19810,108.69299),0.50625]
	1199.18639	   0.05996	[mu,kappa]: [(77.52700,127.84382),0.34835]
	1170.23081	   0.05851	[mu,kappa]: [(94.48785,108.76054),0.19834]
	1158.50550	   0.05793	[mu,kappa]: [(90.48299,113.77743),0.28720]
	1170.01222	   0.05850	[mu,kappa]: [(63.40183,132.27560),0.63516]
	1204.96729	   0.06025	[mu,kappa]: [(77.56791,118.40616),0.41194]
	1184.28771	   0.05921	[mu,kappa]: [(67.64789,131.13846),0.44455]
	1149.42000	   0.05747	[mu,kappa]: [(69.92692,123.53492),0.45426]
	1159.32251	   0.05797	[mu,kappa]: [(78.38483,119.25013),0.34682]
	1209.01717	   0.06045	[mu,kappa]: [(73.94622,125.51041),0.37077]
	1187.67930	   0.05938	[mu,kappa]: [(64.85091,116.98431),0.66112]
	1163.90926	   0.05820	[mu,kappa]: [(88.07950,121.26817),0.30355]
	1157.46946	   0.05787	[mu,kappa]: [(70.81479,126.15345),0.47727]
	1180.12973	   0.05901	[mu,kappa]: [(73.14304,133.64808),0.36868]
	1122.40635	   0.05612	[mu,kappa]: [(66.33078,133.78170),0.44775]
	1173.83160	   0.05869	[mu,kappa]: [(67.09597,130.25079),0.48987]
	1192.90138	   0.05964	[mu,kappa]: [(72.30300,128.60015),0.34497]
			msglen: 471148.01556 bits.
Iteration #: 4
	1216.37107	   0.06082	[mu,kappa]: [(74.35846,108.62862),0.51752]
	1198.63254	   0.05993	[mu,kappa]: [(78.46684,127.86057),0.33470]
	1171.64381	   0.05858	[mu,kappa]: [(108.31712,106.59950),0.17805]
	1158.84275	   0.05794	[mu,kappa]: [(95.42637,112.31373),0.26343]
	1171.95898	   0.05860	[mu,kappa]: [(61.95851,132.02164),0.68501]
	1204.28652	   0.06021	[mu,kappa]: [(77.32695,118.01346),0.40679]
	1183.75507	   0.05919	[mu,kappa]: [(67.47142,131.25337),0.45428]
	1148.93499	   0.05745	[mu,kappa]: [(69.52318,123.59770),0.46387]
	1158.83925	   0.05794	[mu,kappa]: [(79.92350,118.98609),0.33382]
	1208.34288	   0.06042	[mu,kappa]: [(74.67995,125.58167),0.36382]
	1190.03777	   0.05950	[mu,kappa]: [(63.61378,117.40211),0.71570]
	1163.93262	   0.05820	[mu,kappa]: [(91.27287,120.45661),0.27894]
	1157.07998	   0.05785	[mu,kappa]: [(69.69605,126.04806),0.48873]
	1179.49983	   0.05897	[mu,kappa]: [(73.64902,133.93819),0.36078]
	1121.95364	   0.05610	[mu,kappa]: [(66.28565,133.91044),0.45878]
	1173.61243	   0.05868	[mu,kappa]: [(66.35232,130.24594),0.50796]
	1192.27585	   0.05961	[mu,kappa]: [(73.86193,128.96705),0.33580]
			msglen: 471140.56207 bits.
Iteration #: 5
	1215.78834	   0.06079	[mu,kappa]: [(73.48911,108.64902),0.53148]
	1197.84771	   0.05989	[mu,kappa]: [(79.84535,127.91693),0.31874]
	1173.81443	   0.05869	[mu,kappa]: [(127.11203,101.86292),0.16724]
	1159.35840	   0.05797	[mu,kappa]: [(102.63043,110.23758),0.23870]
	1174.76017	   0.05874	[mu,kappa]: [(60.58568,131.75539),0.74699]
	1203.29768	   0.06016	[mu,kappa]: [(77.28387,117.65568),0.40135]
	1182.96113	   0.05915	[mu,kappa]: [(67.17361,131.34701),0.46558]
	1148.19847	   0.05741	[mu,kappa]: [(69.03959,123.66583),0.47530]
	1158.14863	   0.05791	[mu,kappa]: [(81.89155,118.63205),0.31819]
	1207.37669	   0.06037	[mu,kappa]: [(75.53836,125.64477),0.35513]
	1193.44373	   0.05967	[mu,kappa]: [(62.30160,117.83983),0.78305]
	1164.00605	   0.05820	[mu,kappa]: [(96.22120,119.46190),0.25236]
	1156.48596	   0.05782	[mu,kappa]: [(68.63566,125.98938),0.50346]
	1178.58727	   0.05893	[mu,kappa]: [(74.32527,134.28597),0.35122]
	1121.26516	   0.05606	[mu,kappa]: [(66.07874,134.00443),0.47149]
	1173.25513	   0.05866	[mu,kappa]: [(65.54476,130.23166),0.52995]
	1191.40508	   0.05957	[mu,kappa]: [(75.54074,129.32407),0.32399]
			msglen: 471129.80700 bits.
Iteration #: 6
	1214.86795	   0.06074	[mu,kappa]: [(72.57263,108.74779),0.54854]
	1196.73933	   0.05984	[mu,kappa]: [(81.81080,128.02037),0.30005]
	1177.02598	   0.05885	[mu,kappa]: [(148.68773,90.46338),0.17765]
	1160.13889	   0.05801	[mu,kappa]: [(113.15969,107.05068),0.21610]
	1178.80694	   0.05894	[mu,kappa]: [(59.27658,131.47598),0.82373]
	1201.86409	   0.06009	[mu,kappa]: [(77.43155,117.31577),0.39526]
	1181.78557	   0.05909	[mu,kappa]: [(66.77245,131.42535),0.47880]
	1147.09611	   0.05736	[mu,kappa]: [(68.48038,123.74257),0.48889]
	1157.16857	   0.05786	[mu,kappa]: [(84.49096,118.15816),0.29967]
	1205.99576	   0.06030	[mu,kappa]: [(76.58787,125.70625),0.34439]
	1198.38823	   0.05992	[mu,kappa]: [(60.95095,118.28744),0.86625]
	1164.15685	   0.05821	[mu,kappa]: [(103.82152,118.11000),0.22500]
	1155.58829	   0.05778	[mu,kappa]: [(67.60469,125.96887),0.52184]
	1177.27423	   0.05886	[mu,kappa]: [(75.22660,134.71280),0.33965]
	1120.22923	   0.05601	[mu,kappa]: [(65.73923,134.07113),0.48627]
	1172.69292	   0.05863	[mu,kappa]: [(64.67797,130.20807),0.55660]
	1190.18106	   0.05951	[mu,kappa]: [(77.49261,129.70138),0.30924]
			msglen: 471114.28268 bits.
Iteration #: 7
	1213.45541	   0.06067	[mu,kappa]: [(71.60140,108.91809),0.56922]
	1195.17877	   0.05976	[mu,kappa]: [(84.60909,128.18718),0.27829]
	1181.66314	   0.05908	[mu,kappa]: [(164.86009,55.65275),0.21739]
	1161.30046	   0.05807	[mu,kappa]: [(127.89868,101.60443),0.20197]
	1184.66186	   0.05923	[mu,kappa]: [(58.03264,131.18607),0.91844]
	1199.79505	   0.05999	[mu,kappa]: [(77.77840,116.97754),0.38816]
	1180.05572	   0.05900	[mu,kappa]: [(66.28593,131.49483),0.49428]
	1145.46304	   0.05727	[mu,kappa]: [(67.85338,123.83107),0.50499]
	1155.78495	   0.05779	[mu,kappa]: [(88.03300,117.51482),0.27814]
	1204.02798	   0.06020	[mu,kappa]: [(77.91749,125.77410),0.33125]
	1205.58075	   0.06028	[mu,kappa]: [(59.59934,118.72974),0.96905]
	1164.42374	   0.05822	[mu,kappa]: [(115.42460,116.03887),0.20026]
	1154.24479	   0.05771	[mu,kappa]: [(66.58716,125.98048),0.54433]
	1175.39550	   0.05877	[mu,kappa]: [(76.43427,135.25122),0.32567]
	1118.68611	   0.05594	[mu,kappa]: [(65.29370,134.11830),0.50353]
	1171.82653	   0.05859	[mu,kappa]: [(63.76359,130.17674),0.58876]
	1188.45622	   0.05942	[mu,kappa]: [(79.91949,130.13594),0.29124]
			msglen: 471092.01455 bits.
Iteration #: 8
	1211.33424	   0.06057	[mu,kappa]: [(70.57911,109.15105),0.59406]
	1192.99321	   0.05965	[mu,kappa]: [(88.65290,128.44930),0.25338]
	1188.21622	   0.05941	[mu,kappa]: [(165.48796,355.01034),0.28536]
	1162.99403	   0.05815	[mu,kappa]: [(145.62789,90.70267),0.20619]
	1193.11944	   0.05966	[mu,kappa]: [(56.85993,130.89160),1.03492]
	1196.83065	   0.05984	[mu,kappa]: [(78.35038,116.62463),0.37966]
	1177.53037	   0.05888	[mu,kappa]: [(65.73502,131.56335),0.51236]
	1143.06837	   0.05715	[mu,kappa]: [(67.17215,123.93458),0.52394]
	1153.84475	   0.05769	[mu,kappa]: [(93.01324,116.61667),0.25384]
	1201.23972	   0.06006	[mu,kappa]: [(79.65320,125.85952),0.31533]
	1216.02869	   0.06080	[mu,kappa]: [(58.28259,119.14674),1.09584]
	1164.85837	   0.05824	[mu,kappa]: [(132.21076,112.31465),0.18549]
	1152.25571	   0.05761	[mu,kappa]: [(65.58031,126.02044),0.57149]
	1172.72686	   0.05864	[mu,kappa]: [(78.07054,135.95174),0.30891]
	1116.41265	   0.05582	[mu,kappa]: [(64.76981,134.15547),0.52368]
	1170.51347	   0.05853	[mu,kappa]: [(62.82129,130.14125),0.62740]
	1186.03326	   0.05930	[mu,kappa]: [(83.11639,130.68060),0.26978]
			msglen: 471060.45859 bits.
Iteration #: 9
	1208.21272	   0.06041	[mu,kappa]: [(69.52273,109.43402),0.62365]
	1189.96119	   0.05950	[mu,kappa]: [(94.64633,128.86970),0.22583]
	1197.26295	   0.05986	[mu,kappa]: [(159.01996,330.17307),0.37683]
	1165.40448	   0.05827	[mu,kappa]: [(160.77939,64.09140),0.23721]
	1205.26681	   0.06026	[mu,kappa]: [(55.76555,130.60134),1.17740]
	1192.63033	   0.05963	[mu,kappa]: [(79.19462,116.23934),0.36935]
	1173.88523	   0.05869	[mu,kappa]: [(65.14667,131.64140),0.53332]
	1139.60109	   0.05698	[mu,kappa]: [(66.45847,124.05671),0.54607]
	1151.15222	   0.05756	[mu,kappa]: [(100.22328,115.30716),0.22786]
	1197.32741	   0.05987	[mu,kappa]: [(81.98106,125.98002),0.29629]
	1231.11742	   0.06155	[mu,kappa]: [(57.03176,119.51400),1.25153]
	1165.52516	   0.05828	[mu,kappa]: [(152.57978,103.57297),0.19175]
	1149.35034	   0.05747	[mu,kappa]: [(64.59517,126.08721),0.60384]
	1168.97731	   0.05845	[mu,kappa]: [(80.32309,136.89457),0.28902]
	1113.10861	   0.05566	[mu,kappa]: [(64.19984,134.19535),0.54705]
	1168.55774	   0.05843	[mu,kappa]: [(61.87978,130.10772),0.67348]
	1182.65902	   0.05913	[mu,kappa]: [(87.54825,131.42099),0.24489]
			msglen: 471016.59437 bits.
Iteration #: 10
	1203.72123	   0.06019	[mu,kappa]: [(68.46463,109.74899),0.65855]
	1185.81924	   0.05929	[mu,kappa]: [(103.77207,129.58065),0.19744]
	1209.40457	   0.06047	[mu,kappa]: [(153.60395,321.35607),0.48771]
	1168.73795	   0.05844	[mu,kappa]: [(164.94276,13.05924),0.29595]
	1222.51237	   0.06112	[mu,kappa]: [(54.75422,130.32663),1.35016]
	1186.77577	   0.05934	[mu,kappa]: [(80.38472,115.80154),0.35684]
	1168.70975	   0.05844	[mu,kappa]: [(64.55691,131.74329),0.55733]
	1134.66681	   0.05673	[mu,kappa]: [(65.74491,124.20173),0.57158]
	1147.47507	   0.05737	[mu,kappa]: [(110.82770,113.26964),0.20304]
	1191.92284	   0.05960	[mu,kappa]: [(85.18490,126.16468),0.27395]
	1252.64920	   0.06263	[mu,kappa]: [(55.87013,119.80307),1.44107]
	1166.49726	   0.05833	[mu,kappa]: [(169.52919,68.21432),0.22679]
	1145.18282	   0.05726	[mu,kappa]: [(63.65729,126.18159),0.64186]
	1163.79470	   0.05819	[mu,kappa]: [(83.48599,138.21086),0.26588]
	1108.39328	   0.05542	[mu,kappa]: [(63.62407,134.25533),0.57390]
	1165.70635	   0.05829	[mu,kappa]: [(60.97747,130.08560),0.72790]
	1178.03079	   0.05890	[mu,kappa]: [(93.98193,132.51126),0.21728]
			msglen: 470957.36377 bits.
Iteration #: 11
	1197.43798	   0.05987	[mu,kappa]: [(67.45385,110.07145),0.69914]
	1180.29288	   0.05901	[mu,kappa]: [(117.72562,130.89715),0.17275]
	1225.12957	   0.06126	[mu,kappa]: [(149.74742,317.30612),0.61431]
	1173.18961	   0.05866	[mu,kappa]: [(160.19405,340.83669),0.37770]
	1246.51444	   0.06232	[mu,kappa]: [(53.82501,130.08118),1.55658]
	1178.80709	   0.05894	[mu,kappa]: [(82.02719,115.28764),0.34182]
	1161.53424	   0.05808	[mu,kappa]: [(64.01338,131.88839),0.58440]
	1127.81327	   0.05639	[mu,kappa]: [(65.07697,124.37521),0.60049]
	1142.57233	   0.05713	[mu,kappa]: [(125.96975,109.76335),0.18525]
	1184.62948	   0.05923	[mu,kappa]: [(89.70593,126.46447),0.24856]
	1282.75039	   0.06414	[mu,kappa]: [(54.81071,119.98178),1.66841]
	1167.84722	   0.05839	[mu,kappa]: [(168.38375,344.34867),0.28877]
	1139.35379	   0.05697	[mu,kappa]: [(62.80690,126.30718),0.68577]
	1156.80134	   0.05784	[mu,kappa]: [(88.02412,140.12228),0.23984]
	1101.83055	   0.05509	[mu,kappa]: [(63.09336,134.35900),0.60428]
	1161.66617	   0.05808	[mu,kappa]: [(60.16236,130.08860),0.79126]
	1171.82965	   0.05859	[mu,kappa]: [(103.66170,134.26101),0.18915]
			msglen: 470880.70044 bits.
Iteration #: 12
	1188.96987	   0.05945	[mu,kappa]: [(66.55510,110.37005),0.74552]
	1173.16805	   0.05866	[mu,kappa]: [(137.43905,133.75292),0.16048]
	1244.59361	   0.06223	[mu,kappa]: [(147.07528,315.19144),0.75195]
	1178.88770	   0.05894	[mu,kappa]: [(154.89471,328.05724),0.47653]
	1278.89834	   0.06394	[mu,kappa]: [(52.96867,129.88106),1.79738]
	1168.31760	   0.05842	[mu,kappa]: [(84.26614,114.67034),0.32421]
	1151.91543	   0.05760	[mu,kappa]: [(63.57613,132.10223),0.61430]
	1118.61171	   0.05593	[mu,kappa]: [(64.51329,124.58470),0.63258]
	1136.25829	   0.05681	[mu,kappa]: [(144.89998,102.61594),0.18342]
	1175.11176	   0.05876	[mu,kappa]: [(96.22213,126.97279),0.22118]
	1323.50010	   0.06617	[mu,kappa]: [(53.85514,120.01456),1.93436]
	1169.63310	   0.05848	[mu,kappa]: [(160.11622,323.20719),0.37086]
	1131.48305	   0.05658	[mu,kappa]: [(62.09733,126.47109),0.73545]
	1147.68082	   0.05738	[mu,kappa]: [(94.65019,143.01730),0.21228]
	1093.00862	   0.05465	[mu,kappa]: [(62.67007,134.53725),0.63801]
	1156.16285	   0.05781	[mu,kappa]: [(59.49018,130.13561),0.86368]
	1163.79910	   0.05819	[mu,kappa]: [(118.21628,137.38361),0.16553]
			msglen: 470787.23112 bits.
Iteration #: 13
	1178.11053	   0.05891	[mu,kappa]: [(65.84331,110.60757),0.79736]
	1164.40927	   0.05822	[mu,kappa]: [(159.46915,142.42227),0.17055]
	1267.36242	   0.06337	[mu,kappa]: [(145.26275,314.07584),0.89418]
	1185.82271	   0.05929	[mu,kappa]: [(150.80852,322.12150),0.58631]
	1320.65562	   0.06603	[mu,kappa]: [(52.16652,129.74491),2.06800]
	1155.12124	   0.05776	[mu,kappa]: [(87.27894,113.91913),0.30434]
	1139.60222	   0.05698	[mu,kappa]: [(63.31422,132.41659),0.64654]
	1106.81537	   0.05534	[mu,kappa]: [(64.12178,124.84028),0.66730]
	1128.50798	   0.05643	[mu,kappa]: [(162.72004,82.75128),0.20431]
	1163.24786	   0.05816	[mu,kappa]: [(105.68216,127.86978),0.19430]
	1376.14449	   0.06880	[mu,kappa]: [(52.99554,119.86350),2.23353]
	1171.88534	   0.05859	[mu,kappa]: [(153.93921,316.86295),0.46601]
	1121.35519	   0.05607	[mu,kappa]: [(61.58980,126.68448),0.79026]
	1136.32589	   0.05682	[mu,kappa]: [(104.29520,147.60066),0.18632]
	1081.69568	   0.05409	[mu,kappa]: [(62.42463,134.82834),0.67460]
	1149.06185	   0.05745	[mu,kappa]: [(59.01957,130.25142),0.94442]
	1153.87636	   0.05769	[mu,kappa]: [(137.95398,143.88774),0.15528]
			msglen: 470682.05405 bits.
Iteration #: 14
	1165.05276	   0.05825	[mu,kappa]: [(65.39099,110.74274),0.85391]
	1154.29128	   0.05772	[mu,kappa]: [(174.31887,207.70114),0.20439]
	1292.26090	   0.06461	[mu,kappa]: [(144.08594,313.58537),1.03279]
	1193.79234	   0.05969	[mu,kappa]: [(147.81665,318.96735),0.70025]
	1371.28649	   0.06856	[mu,kappa]: [(51.39251,129.69452),2.35601]
	1139.45389	   0.05697	[mu,kappa]: [(91.24781,113.00092),0.28316]
	1124.75557	   0.05624	[mu,kappa]: [(63.29441,132.86729),0.68045]
	1092.57005	   0.05463	[mu,kappa]: [(63.96803,125.15395),0.70385]
	1119.57441	   0.05598	[mu,kappa]: [(169.94769,18.97660),0.24604]
	1149.30707	   0.05747	[mu,kappa]: [(118.99868,129.52841),0.17246]
	1439.99928	   0.07199	[mu,kappa]: [(52.22160,119.49149),2.55142]
	1174.60167	   0.05873	[mu,kappa]: [(149.57580,313.97806),0.56739]
	1109.11826	   0.05546	[mu,kappa]: [(61.34160,126.96199),0.84899]
	1123.00924	   0.05615	[mu,kappa]: [(117.48728,155.16976),0.16747]
	1068.04781	   0.05340	[mu,kappa]: [(62.42439,135.27529),0.71336]
	1140.53822	   0.05703	[mu,kappa]: [(58.80182,130.46602),1.03180]
	1142.34075	   0.05712	[mu,kappa]: [(158.06516,161.41858),0.16665]
			msglen: 470574.91791 bits.
Iteration #: 15
	1150.53786	   0.05753	[mu,kappa]: [(65.24810,110.73179),0.91409]
	1143.44968	   0.05717	[mu,kappa]: [(166.52622,281.98453),0.25402]
	1317.52021	   0.06587	[mu,kappa]: [(143.39115,313.55943),1.15918]
	1202.40502	   0.06012	[mu,kappa]: [(145.62477,317.20260),0.81098]
	1428.14354	   0.07140	[mu,kappa]: [(50.62031,129.75620),2.64136]
	1122.08037	   0.05611	[mu,kappa]: [(96.29246,111.87605),0.26222]
	1108.09814	   0.05541	[mu,kappa]: [(63.56027,133.48866),0.71541]
	1076.55782	   0.05383	[mu,kappa]: [(64.09462,125.53643),0.74134]
	1110.03231	   0.05550	[mu,kappa]: [(164.14156,335.39178),0.30068]
	1134.03320	   0.05670	[mu,kappa]: [(135.84425,132.81912),0.16155]
	1511.67428	   0.07558	[mu,kappa]: [(51.53309,118.86855),2.86507]
	1177.74933	   0.05889	[mu,kappa]: [(146.41261,312.40037),0.66811]
	1095.42598	   0.05477	[mu,kappa]: [(61.38717,127.31899),0.91007]
	1108.46232	   0.05542	[mu,kappa]: [(132.50242,167.93793),0.16234]
	1052.75297	   0.05264	[mu,kappa]: [(62.71330,135.91997),0.75359]
	1131.20183	   0.05656	[mu,kappa]: [(58.86511,130.81184),1.12320]
	1129.87512	   0.05649	[mu,kappa]: [(167.98061,216.26356),0.19857]
			msglen: 470477.14025 bits.
Iteration #: 16
	1135.76610	   0.05679	[mu,kappa]: [(65.42141,110.52862),0.97688]
	1132.74801	   0.05664	[mu,kappa]: [(158.19333,291.37552),0.31039]
	1341.27196	   0.06706	[mu,kappa]: [(143.06843,313.93381),1.26651]
	1211.16119	   0.06056	[mu,kappa]: [(143.99124,316.24944),0.91168]
	1486.72490	   0.07433	[mu,kappa]: [(49.83306,129.96282),2.90205]
	1104.15050	   0.05521	[mu,kappa]: [(102.37816,110.48191),0.24326]
	1090.81379	   0.05454	[mu,kappa]: [(64.10849,134.30621),0.75103]
	1059.90000	   0.05300	[mu,kappa]: [(64.49830,125.99210),0.77907]
	1100.65619	   0.05503	[mu,kappa]: [(157.74358,322.81539),0.36032]
	1118.49678	   0.05593	[mu,kappa]: [(153.32497,140.27352),0.16530]
	1585.57045	   0.07927	[mu,kappa]: [(50.95257,117.97867),3.14978]
	1181.26289	   0.05906	[mu,kappa]: [(144.01671,311.45713),0.76181]
	1081.35474	   0.05407	[mu,kappa]: [(61.71788,127.76727),0.97186]
	1093.72985	   0.05469	[mu,kappa]: [(144.46467,188.14800),0.17374]
	1036.94070	   0.05185	[mu,kappa]: [(63.28879,136.79540),0.79488]
	1122.02632	   0.05610	[mu,kappa]: [(59.19842,131.31977),1.21564]
	1117.42563	   0.05587	[mu,kappa]: [(163.06891,263.42802),0.24255]
			msglen: 470396.48790 bits.
Iteration #: 17
	1122.02991	   0.05610	[mu,kappa]: [(65.86726,110.08486),1.04165]
	1122.98890	   0.05615	[mu,kappa]: [(152.16553,294.23194),0.36730]
	1362.13885	   0.06810	[mu,kappa]: [(143.03737,314.69299),1.35164]
	1219.57833	   0.06098	[mu,kappa]: [(142.74116,315.82964),0.99757]
	1542.14779	   0.07710	[mu,kappa]: [(49.02832,130.35516),3.12306]
	1086.81363	   0.05434	[mu,kappa]: [(109.26824,108.70199),0.22769]
	1074.16427	   0.05371	[mu,kappa]: [(64.87901,135.33315),0.78729]
	1043.78651	   0.05219	[mu,kappa]: [(65.12046,126.51620),0.81657]
	1092.15884	   0.05461	[mu,kappa]: [(152.78071,317.65013),0.41929]
	1103.73689	   0.05519	[mu,kappa]: [(167.24632,162.48461),0.18190]
	1655.79999	   0.08278	[mu,kappa]: [(50.52799,116.82029),3.38839]
	1185.03473	   0.05925	[mu,kappa]: [(142.10361,310.86947),0.84385]
	1068.05295	   0.05340	[mu,kappa]: [(62.27440,128.31273),1.03307]
	1079.82175	   0.05399	[mu,kappa]: [(149.56090,212.94089),0.19801]
	1021.82377	   0.05109	[mu,kappa]: [(64.09241,137.92210),0.83724]
	1114.03640	   0.05570	[mu,kappa]: [(59.74642,132.01765),1.30635]
	1105.88651	   0.05530	[mu,kappa]: [(156.25199,277.84008),0.29077]
			msglen: 470334.24784 bits.
Iteration #: 18
	1110.29990	   0.05552	[mu,kappa]: [(66.50593,109.35231),1.10834]
	1114.65899	   0.05573	[mu,kappa]: [(147.58549,295.41091),0.42138]
	1379.55094	   0.06897	[mu,kappa]: [(143.24139,315.84703),1.41561]
	1227.29196	   0.06136	[mu,kappa]: [(141.75594,315.79274),1.06670]
	1590.88591	   0.07954	[mu,kappa]: [(48.21187,130.98041),3.30188]
	1070.83994	   0.05354	[mu,kappa]: [(116.58824,106.33171),0.21610]
	1059.06251	   0.05296	[mu,kappa]: [(65.77071,136.57491),0.82442]
	1029.06079	   0.05146	[mu,kappa]: [(65.86193,127.09824),0.85361]
	1084.96237	   0.05425	[mu,kappa]: [(148.90466,314.99130),0.47443]
	1090.42546	   0.05452	[mu,kappa]: [(171.50058,228.25987),0.20620]
	1718.26357	   0.08590	[mu,kappa]: [(50.32315,115.39674),3.57563]
	1188.91431	   0.05945	[mu,kappa]: [(140.49156,310.49573),0.91200]
	1056.33650	   0.05282	[mu,kappa]: [(62.96032,128.95846),1.09282]
	1067.38906	   0.05337	[mu,kappa]: [(149.03004,233.65563),0.22924]
	1008.29655	   0.05042	[mu,kappa]: [(65.02557,139.31237),0.88104]
	1107.94524	   0.05540	[mu,kappa]: [(60.42279,132.93418),1.39337]
	1095.81598	   0.05479	[mu,kappa]: [(150.72073,283.43391),0.33871]
			msglen: 470286.51012 bits.
Iteration #: 19
	1101.03470	   0.05505	[mu,kappa]: [(67.24986,108.28764),1.17753]
	1107.86056	   0.05539	[mu,kappa]: [(143.87210,295.93407),0.47148]
	1393.66529	   0.06968	[mu,kappa]: [(143.64363,317.41895),1.46259]
	1234.08561	   0.06170	[mu,kappa]: [(140.96142,316.04907),1.11972]
	1631.59727	   0.08157	[mu,kappa]: [(47.38542,131.88796),3.44722]
	1056.48275	   0.05283	[mu,kappa]: [(123.95969,103.05334),0.20837]
	1045.87618	   0.05230	[mu,kappa]: [(66.67423,138.03885),0.86278]
	1016.02412	   0.05080	[mu,kappa]: [(66.61347,127.73006),0.89000]
	1079.13816	   0.05396	[mu,kappa]: [(145.74563,313.46011),0.52463]
	1078.75882	   0.05394	[mu,kappa]: [(165.94194,267.10053),0.23396]
	1771.55441	   0.08857	[mu,kappa]: [(50.40746,113.70270),3.71572]
	1192.72312	   0.05964	[mu,kappa]: [(139.06983,310.24948),0.96630]
	1046.48893	   0.05233	[mu,kappa]: [(63.67000,129.71149),1.15061]
	1056.62190	   0.05283	[mu,kappa]: [(146.07735,247.20135),0.26337]
	 996.75024	   0.04984	[mu,kappa]: [(65.98221,140.97931),0.92694]
	1103.98325	   0.05520	[mu,kappa]: [(61.13560,134.10664),1.47569]
	1087.35471	   0.05437	[mu,kappa]: [(146.24035,286.16023),0.38452]
			msglen: 470247.15341 bits.
Iteration #: 20
	1094.24107	   0.05471	[mu,kappa]: [(68.02826,106.85783),1.25045]
	1102.39924	   0.05512	[mu,kappa]: [(140.69240,296.12898),0.51782]
	1405.06864	   0.07025	[mu,kappa]: [(144.22018,319.43677),1.49840]
	1239.85303	   0.06199	[mu,kappa]: [(140.31450,316.54083),1.15891]
	1664.88064	   0.08323	[mu,kappa]: [(46.53858,133.12441),3.57465]
	1043.56864	   0.05218	[mu,kappa]: [(131.08415,98.41512),0.20416]
	1034.48668	   0.05173	[mu,kappa]: [(67.50122,139.74310),0.90284]
	1004.48308	   0.05023	[mu,kappa]: [(67.28255,128.41383),0.92550]
	1074.48577	   0.05373	[mu,kappa]: [(143.06627,312.51935),0.57009]
	1068.55322	   0.05343	[mu,kappa]: [(159.71318,279.02223),0.26306]
	1816.66391	   0.09082	[mu,kappa]: [(50.85535,111.71585),3.81813]
	1196.26835	   0.05981	[mu,kappa]: [(137.77331,310.06904),1.00831]
	1038.29811	   0.05192	[mu,kappa]: [(64.31358,130.59005),1.20615]
	1047.34547	   0.05237	[mu,kappa]: [(142.49258,255.68297),0.29865]
	 987.13211	   0.04936	[mu,kappa]: [(66.87842,142.94467),0.97587]
	1101.95394	   0.05510	[mu,kappa]: [(61.81106,135.58885),1.55333]
	1080.31811	   0.05402	[mu,kappa]: [(142.44992,287.66247),0.42805]
			msglen: 470209.65338 bits.
Iteration #: 21
	1089.62368	   0.05448	[mu,kappa]: [(68.79815,105.04636),1.32899]
	1097.90945	   0.05490	[mu,kappa]: [(137.85473,296.11591),0.56133]
	1414.49177	   0.07072	[mu,kappa]: [(144.95130,321.92619),1.52930]
	1244.52983	   0.06223	[mu,kappa]: [(139.78954,317.22869),1.18726]
	1692.60032	   0.08462	[mu,kappa]: [(45.64817,134.72688),3.70361]
	1031.65822	   0.05159	[mu,kappa]: [(137.72370,91.80261),0.20323]
	1024.44850	   0.05123	[mu,kappa]: [(68.19894,141.72242),0.94515]
	 993.88885	   0.04970	[mu,kappa]: [(67.80561,129.16875),0.95972]
	1070.64375	   0.05353	[mu,kappa]: [(140.72228,311.90402),0.61165]
	1059.39845	   0.05297	[mu,kappa]: [(154.27642,284.40608),0.29293]
	1856.27539	   0.09280	[mu,kappa]: [(51.75432,109.39810),3.89531]
	1199.34146	   0.05997	[mu,kappa]: [(136.56144,309.90580),1.04026]
	1031.18706	   0.05156	[mu,kappa]: [(64.82945,131.63013),1.25925]
	1039.17235	   0.05196	[mu,kappa]: [(138.87914,261.23644),0.33484]
	 979.10503	   0.04896	[mu,kappa]: [(67.66784,145.24277),1.02912]
	1101.39231	   0.05507	[mu,kappa]: [(62.40774,137.45777),1.62739]
	1074.33358	   0.05372	[mu,kappa]: [(139.10819,288.53142),0.47000]
			msglen: 470167.12904 bits.
Iteration #: 22
	1086.67056	   0.05434	[mu,kappa]: [(69.54208,102.86099),1.41557]
	1093.94202	   0.05470	[mu,kappa]: [(135.23766,295.93822),0.60330]
	1422.63809	   0.07113	[mu,kappa]: [(145.81396,324.90030),1.56146]
	1248.02766	   0.06240	[mu,kappa]: [(139.36729,318.08467),1.20782]
	1717.33907	   0.08586	[mu,kappa]: [(44.68064,136.71017),3.85745]
	1020.16181	   0.05101	[mu,kappa]: [(143.61720,82.41367),0.20558]
	1015.11669	   0.05076	[mu,kappa]: [(68.75288,144.03203),0.99058]
	 983.43652	   0.04918	[mu,kappa]: [(68.14782,130.03871),0.99211]
	1067.16483	   0.05336	[mu,kappa]: [(138.61779,311.45790),0.65047]
	1050.76838	   0.05254	[mu,kappa]: [(149.51766,287.53014),0.32393]
	1894.26594	   0.09470	[mu,kappa]: [(53.21347,106.70741),3.96377]
	1201.70280	   0.06008	[mu,kappa]: [(135.40279,309.72015),1.06458]
	1024.31108	   0.05122	[mu,kappa]: [(65.18594,132.89354),1.30980]
	1031.61323	   0.05158	[mu,kappa]: [(135.38885,265.10674),0.37258]
	 972.18467	   0.04861	[mu,kappa]: [(68.34525,147.92088),1.08858]
	1101.71858	   0.05509	[mu,kappa]: [(62.92376,139.81793),1.70030]
	1068.93807	   0.05345	[mu,kappa]: [(136.05907,289.01550),0.51151]
			msglen: 470111.17111 bits.
Iteration #: 23
	1084.58305	   0.05423	[mu,kappa]: [(70.25717,100.34188),1.51288]
	1090.00128	   0.05450	[mu,kappa]: [(132.75077,295.61138),0.64518]
	1430.12150	   0.07150	[mu,kappa]: [(146.77864,328.34418),1.60098]
	1250.18374	   0.06251	[mu,kappa]: [(139.02669,319.08739),1.22348]
	1742.15995	   0.08710	[mu,kappa]: [(43.59191,139.04211),4.06667]
	1008.38127	   0.05042	[mu,kappa]: [(148.38357,69.32544),0.21157]
	1005.69986	   0.05029	[mu,kappa]: [(69.18592,146.75087),1.04049]
	 972.07703	   0.04861	[mu,kappa]: [(68.29772,131.10449),1.02185]
	1063.54488	   0.05318	[mu,kappa]: [(136.67582,311.07720),0.68782]
	1042.06706	   0.05211	[mu,kappa]: [(145.22595,289.60125),0.35697]
	1935.61888	   0.09676	[mu,kappa]: [(55.36288,103.62259),4.04826]
	1203.05930	   0.06015	[mu,kappa]: [(134.26498,309.48091),1.08359]
	1016.57427	   0.05083	[mu,kappa]: [(65.37912,134.47953),1.35780]
	1024.12573	   0.05121	[mu,kappa]: [(132.03231,267.97013),0.41305]
	 965.81829	   0.04830	[mu,kappa]: [(68.94653,151.03622),1.15723]
	1102.36365	   0.05512	[mu,kappa]: [(63.40414,142.80182),1.77662]
	1063.62027	   0.05318	[mu,kappa]: [(133.19136,289.23300),0.55398]
			msglen: 470029.71379 bits.
Iteration #: 24
	1081.97579	   0.05410	[mu,kappa]: [(70.93863,97.56446),1.62302]
	1085.54849	   0.05428	[mu,kappa]: [(130.31536,295.14872),0.68869]
	1437.47715	   0.07187	[mu,kappa]: [(147.81198,332.19438),1.65429]
	1250.72476	   0.06253	[mu,kappa]: [(138.73809,320.21877),1.23693]
	1770.63380	   0.08852	[mu,kappa]: [(42.31888,141.60169),4.37661]
	 995.49706	   0.04978	[mu,kappa]: [(151.44518,51.91320),0.22205]
	 995.25345	   0.04977	[mu,kappa]: [(69.56203,149.98270),1.09718]
	 958.44690	   0.04793	[mu,kappa]: [(68.26383,132.50386),1.04777]
	1059.22144	   0.05296	[mu,kappa]: [(134.82071,310.69122),0.72516]
	1032.62974	   0.05163	[mu,kappa]: [(141.22028,291.06554),0.39348]
	1986.69451	   0.09932	[mu,kappa]: [(58.33056,100.18357),4.18957]
	1203.04064	   0.06015	[mu,kappa]: [(133.10788,309.16823),1.09957]
	1006.57262	   0.05033	[mu,kappa]: [(65.43485,136.54155),1.40356]
	1016.11983	   0.05081	[mu,kappa]: [(128.78083,270.21176),0.45790]
	 959.42714	   0.04798	[mu,kappa]: [(69.55210,154.64701),1.23982]
	1102.91144	   0.05515	[mu,kappa]: [(63.95671,146.55910),1.86440]
	1057.82522	   0.05289	[mu,kappa]: [(130.41606,289.25466),0.59914]
			msglen: 469903.32317 bits.
Iteration #: 25
	1076.24326	   0.05381	[mu,kappa]: [(71.55960,94.62586),1.74559]
	1079.99422	   0.05400	[mu,kappa]: [(127.85623,294.58343),0.73592]
	1445.23077	   0.07226	[mu,kappa]: [(148.88589,336.31904),1.72885]
	1249.24584	   0.06246	[mu,kappa]: [(138.45494,321.46348),1.25082]
	1807.05093	   0.09034	[mu,kappa]: [(40.75827,144.12000),4.86557]
	 980.53532	   0.04903	[mu,kappa]: [(152.05011,30.91950),0.23873]
	 982.64237	   0.04914	[mu,kappa]: [(69.99990,153.84872),1.16458]
	 940.73722	   0.04704	[mu,kappa]: [(68.07978,134.46169),1.06821]
	1053.56501	   0.05268	[mu,kappa]: [(132.96617,310.26402),0.76430]
	1021.70785	   0.05109	[mu,kappa]: [(137.35253,292.14174),0.43552]
	2055.66979	   0.10276	[mu,kappa]: [(62.18128,96.54362),4.45812]
	1201.18161	   0.06006	[mu,kappa]: [(131.87753,308.78276),1.11478]
	 992.48983	   0.04963	[mu,kappa]: [(65.42411,139.30752),1.44808]
	1006.94537	   0.05035	[mu,kappa]: [(125.60205,272.08138),0.50937]
	 952.45701	   0.04763	[mu,kappa]: [(70.29744,158.79159),1.34428]
	1103.35798	   0.05517	[mu,kappa]: [(64.78212,151.22070),1.97794]
	1050.94562	   0.05255	[mu,kappa]: [(127.65658,289.14875),0.64912]
			msglen: 469697.32410 bits.
Iteration #: 26
	1062.50820	   0.05313	[mu,kappa]: [(72.04642,91.59513),1.87412]
	1072.69017	   0.05364	[mu,kappa]: [(125.29893,294.00016),0.78946]
	1454.05519	   0.07270	[mu,kappa]: [(149.99128,340.51243),1.83446]
	1245.21075	   0.06226	[mu,kappa]: [(138.09934,322.81766),1.26794]
	1856.90440	   0.09283	[mu,kappa]: [(38.74047,146.11376),5.69547]
	 962.35423	   0.04812	[mu,kappa]: [(149.54757,9.32339),0.26520]
	 966.46982	   0.04833	[mu,kappa]: [(70.69863,158.45688),1.24950]
	 916.51282	   0.04583	[mu,kappa]: [(67.82865,137.32584),1.08097]
	1045.88110	   0.05230	[mu,kappa]: [(131.00418,309.82031),0.80764]
	1008.45729	   0.05043	[mu,kappa]: [(133.50177,293.02130),0.48605]
	2152.78947	   0.10762	[mu,kappa]: [(66.81640,93.01348),4.98022]
	1196.91552	   0.05985	[mu,kappa]: [(130.49784,308.36818),1.13168]
	 971.95509	   0.04860	[mu,kappa]: [(65.50483,143.09022),1.49396]
	 995.87007	   0.04980	[mu,kappa]: [(122.47458,273.79304),0.57035]
	 944.46517	   0.04723	[mu,kappa]: [(71.38979,163.44670),1.48411]
	1104.65031	   0.05523	[mu,kappa]: [(66.21487,156.81732),2.14365]
	1042.31039	   0.05212	[mu,kappa]: [(124.84557,289.02341),0.70662]
			msglen: 469341.43547 bits.
Iteration #: 27
	1032.46339	   0.05163	[mu,kappa]: [(72.24600,88.38483),1.99098]
	1062.86976	   0.05315	[mu,kappa]: [(122.56606,293.59149),0.85267]
	1465.07718	   0.07325	[mu,kappa]: [(151.15196,344.52651),1.98558]
	1237.95487	   0.06190	[mu,kappa]: [(137.53449,324.31979),1.29159]
	1928.62867	   0.09642	[mu,kappa]: [(36.06233,146.84847),7.28627]
	 939.66702	   0.04699	[mu,kappa]: [(143.84445,350.96782),0.30870]
	 944.75992	   0.04724	[mu,kappa]: [(71.96179,163.82094),1.36335]
	 882.40031	   0.04413	[mu,kappa]: [(67.70265,141.57127),1.08302]
	1035.39842	   0.05177	[mu,kappa]: [(128.78941,309.51004),0.85855]
	 991.89285	   0.04960	[mu,kappa]: [(129.56714,294.01971),0.54934]
	2289.71990	   0.11446	[mu,kappa]: [(71.87996,90.06146),5.99088]
	1189.54277	   0.05948	[mu,kappa]: [(128.85570,308.05888),1.15311]
	 941.71839	   0.04709	[mu,kappa]: [(66.00235,148.23810),1.54682]
	 981.98223	   0.04910	[mu,kappa]: [(119.38940,275.62910),0.64454]
	 935.08887	   0.04676	[mu,kappa]: [(73.11391,168.45683),1.68332]
	1109.71922	   0.05549	[mu,kappa]: [(68.74204,163.14134),2.41445]
	1031.11623	   0.05156	[mu,kappa]: [(121.92083,289.09161),0.77515]
			msglen: 468675.20389 bits.
Iteration #: 28
	 975.42587	   0.04878	[mu,kappa]: [(71.87644,84.43914),2.06732]
	1049.31839	   0.05247	[mu,kappa]: [(119.55560,293.75491),0.93022]
	1480.36472	   0.07401	[mu,kappa]: [(152.44211,348.16664),2.20647]
	1226.53745	   0.06133	[mu,kappa]: [(136.51724,326.11917),1.32604]
	2040.86518	   0.10202	[mu,kappa]: [(32.82177,145.56298),10.97396]
	 911.06043	   0.04556	[mu,kappa]: [(135.63729,338.41073),0.38240]
	 913.35457	   0.04567	[mu,kappa]: [(74.13603,169.70251),1.52183]
	 833.29561	   0.04167	[mu,kappa]: [(68.06449,147.60874),1.06845]
	1021.08205	   0.05106	[mu,kappa]: [(126.11032,309.72271),0.92214]
	 970.61988	   0.04854	[mu,kappa]: [(125.43406,295.76539),0.63168]
	2475.91101	   0.12377	[mu,kappa]: [(76.74638,88.22291),7.88743]
	1177.98356	   0.05890	[mu,kappa]: [(126.77036,308.16045),1.18300]
	 896.43707	   0.04483	[mu,kappa]: [(67.46556,154.88377),1.61575]
	 963.76352	   0.04819	[mu,kappa]: [(116.31629,278.10793),0.73696]
	 922.81998	   0.04615	[mu,kappa]: [(75.74972,173.43951),1.98505]
	1125.08458	   0.05626	[mu,kappa]: [(72.86154,169.58647),2.91483]
	1016.07613	   0.05081	[mu,kappa]: [(118.79939,289.78330),0.85957]
			msglen: 467376.56353 bits.
Iteration #: 29
	 890.99296	   0.04456	[mu,kappa]: [(70.41585,78.23596),2.09948]
	1030.15206	   0.05151	[mu,kappa]: [(116.05592,295.10372),1.02866]
	1503.99869	   0.07519	[mu,kappa]: [(154.06922,351.46278),2.54221]
	1209.55964	   0.06048	[mu,kappa]: [(134.67613,328.53194),1.37555]
	2231.99517	   0.11158	[mu,kappa]: [(30.28773,143.05155),19.86604]
	 875.90325	   0.04380	[mu,kappa]: [(126.16662,332.72685),0.50412]
	 861.67550	   0.04309	[mu,kappa]: [(77.16043,175.42228),1.72882]
	 762.29253	   0.03812	[mu,kappa]: [(69.02768,154.99735),1.01845]
	1001.60429	   0.05008	[mu,kappa]: [(122.64777,311.11815),1.00486]
	 942.90527	   0.04715	[mu,kappa]: [(120.84820,299.22116),0.74125]
	2703.60565	   0.13515	[mu,kappa]: [(80.64644,87.80612),10.89612]
	1160.50762	   0.05803	[mu,kappa]: [(123.94744,309.16707),1.22644]
	 826.70509	   0.04134	[mu,kappa]: [(70.21816,162.29724),1.70203]
	 938.84827	   0.04695	[mu,kappa]: [(113.03822,282.06729),0.85488]
	 900.03445	   0.04501	[mu,kappa]: [(79.15903,177.70943),2.45859]
	1164.00871	   0.05820	[mu,kappa]: [(78.40149,175.07203),4.01203]
	 995.21085	   0.04976	[mu,kappa]: [(115.27101,291.76885),0.96674]
			msglen: 465447.51332 bits.
Iteration #: 30
	 825.19431	   0.04127	[mu,kappa]: [(66.77692,68.92158),2.21536]
	1007.87216	   0.05040	[mu,kappa]: [(111.59910,297.51605),1.14240]
	1546.55414	   0.07732	[mu,kappa]: [(156.63551,354.75979),3.08627]
	1187.74202	   0.05939	[mu,kappa]: [(131.76316,331.74358),1.42661]
	2431.24397	   0.12154	[mu,kappa]: [(29.67776,142.73921),30.33530]
	 841.55671	   0.04208	[mu,kappa]: [(116.40420,333.09428),0.66606]
	 780.92097	   0.03905	[mu,kappa]: [(79.37424,179.78441),1.92612]
	 675.96594	   0.03381	[mu,kappa]: [(67.83402,161.09802),0.90134]
	 979.56426	   0.04898	[mu,kappa]: [(118.03633,313.82699),1.09566]
	 912.78786	   0.04564	[mu,kappa]: [(115.25303,304.28049),0.86948]
	2922.37042	   0.14608	[mu,kappa]: [(83.10600,88.39969),14.02100]
	1138.36203	   0.05692	[mu,kappa]: [(120.02946,311.13964),1.27460]
	 732.76879	   0.03665	[mu,kappa]: [(72.41531,168.25829),1.76560]
	 910.46778	   0.04553	[mu,kappa]: [(108.78366,287.31653),0.99657]
	 856.43866	   0.04283	[mu,kappa]: [(81.99963,180.29056),3.17975]
	1278.88340	   0.06394	[mu,kappa]: [(83.63563,178.36451),7.14145]
	 971.30658	   0.04857	[mu,kappa]: [(110.79693,294.89366),1.09183]
			msglen: 463594.42821 bits.
Iteration #: 31
	 840.16316	   0.04202	[mu,kappa]: [(61.42383,60.68245),2.60505]
	 984.68786	   0.04924	[mu,kappa]: [(105.97729,299.44904),1.26360]
	1632.01635	   0.08159	[mu,kappa]: [(160.84005,358.26815),4.14966]
	1157.46468	   0.05787	[mu,kappa]: [(127.80082,335.28084),1.45401]
	2490.49700	   0.12450	[mu,kappa]: [(29.66013,144.19913),37.51062]
	 814.08895	   0.04071	[mu,kappa]: [(106.74881,336.42889),0.83137]
	 659.38938	   0.03298	[mu,kappa]: [(78.01909,182.28508),1.92127]
	 590.72692	   0.02955	[mu,kappa]: [(56.17787,160.48361),0.70952]
	 955.48478	   0.04778	[mu,kappa]: [(112.22646,316.71059),1.17239]
	 883.88137	   0.04420	[mu,kappa]: [(108.48723,309.06365),0.99559]
	3055.73912	   0.15275	[mu,kappa]: [(84.57446,89.14143),16.19928]
	1110.70284	   0.05554	[mu,kappa]: [(114.85398,313.07551),1.31253]
	 617.24316	   0.03087	[mu,kappa]: [(69.75758,170.24810),1.67366]
	 883.40130	   0.04418	[mu,kappa]: [(103.16735,291.80795),1.16064]
	 757.55412	   0.03789	[mu,kappa]: [(82.89344,180.92217),4.08806]
	1619.64071	   0.08097	[mu,kappa]: [(87.38529,179.57586),18.87837]
	 947.31832	   0.04737	[mu,kappa]: [(105.13113,297.46667),1.22785]
			msglen: 460767.94809 bits.
Iteration #: 32
	 939.30407	   0.04697	[mu,kappa]: [(56.97308,57.48989),3.23057]
	 950.97676	   0.04755	[mu,kappa]: [(99.48791,299.40896),1.42487]
	1815.00992	   0.09074	[mu,kappa]: [(166.19914,1.83712),6.97817]
	1100.67006	   0.05504	[mu,kappa]: [(121.85814,338.56723),1.46327]
	2478.70673	   0.12391	[mu,kappa]: [(29.72021,145.99106),43.53916]
	 781.37918	   0.03908	[mu,kappa]: [(97.41258,340.22608),0.99607]
	 496.08177	   0.02482	[mu,kappa]: [(69.32677,184.62817),1.54424]
	 513.40884	   0.02568	[mu,kappa]: [(27.14948,133.26317),0.60777]
	 916.55128	   0.04583	[mu,kappa]: [(105.14465,318.63689),1.24880]
	 845.11312	   0.04226	[mu,kappa]: [(100.91749,311.98192),1.12983]
	3095.00586	   0.15471	[mu,kappa]: [(85.68620,89.65846),17.72678]
	1063.87845	   0.05320	[mu,kappa]: [(108.07610,313.93873),1.36009]
	 484.10882	   0.02422	[mu,kappa]: [(56.89276,165.66027),1.37674]
	 850.79285	   0.04255	[mu,kappa]: [(96.87613,293.56487),1.38260]
	 534.36189	   0.02673	[mu,kappa]: [(81.22299,180.67701),4.52875]
	2220.30918	   0.11099	[mu,kappa]: [(89.23577,179.84153),41.17665]
	 914.34123	   0.04572	[mu,kappa]: [(98.67672,297.87321),1.40739]
			msglen: 457832.81721 bits.
Iteration #: 33
	1102.37043	   0.05512	[mu,kappa]: [(54.12794,59.28853),3.84456]
	 911.76811	   0.04559	[mu,kappa]: [(92.30242,295.63538),1.64111]
	2171.12083	   0.10853	[mu,kappa]: [(170.90835,3.57866),15.90987]
	1012.28975	   0.05062	[mu,kappa]: [(111.45025,341.84060),1.45784]
	2434.37814	   0.12169	[mu,kappa]: [(29.76570,147.57100),50.07608]
	 741.81008	   0.03710	[mu,kappa]: [(87.79723,344.05963),1.13973]
	 403.46757	   0.02019	[mu,kappa]: [(54.85762,186.09418),1.28202]
	 472.31943	   0.02363	[mu,kappa]: [(22.15231,77.45703),0.79319]
	 861.82096	   0.04310	[mu,kappa]: [(96.16802,318.77527),1.31373]
	 797.04496	   0.03986	[mu,kappa]: [(92.28773,311.66074),1.24701]
	3086.71491	   0.15430	[mu,kappa]: [(86.77525,89.99376),19.14389]
	 997.59005	   0.04988	[mu,kappa]: [(98.91406,312.70929),1.41372]
	 416.07224	   0.02082	[mu,kappa]: [(41.45528,151.85924),1.32305]
	 820.22849	   0.04102	[mu,kappa]: [(90.39571,290.42941),1.67616]
	 371.70771	   0.01860	[mu,kappa]: [(78.03744,179.68181),4.55641]
	2521.33768	   0.12604	[mu,kappa]: [(89.72412,179.88556),51.32624]
	 877.95866	   0.04390	[mu,kappa]: [(91.68711,294.24546),1.64442]
			msglen: 455294.47804 bits.
Iteration #: 34
	1292.68792	   0.06463	[mu,kappa]: [(52.59858,63.82878),4.31421]
	 882.61211	   0.04414	[mu,kappa]: [(87.61274,290.09583),1.96234]
	2501.17766	   0.12503	[mu,kappa]: [(173.48926,1.72805),30.28265]
	 943.63735	   0.04719	[mu,kappa]: [(99.83402,347.47031),1.59193]
	2374.52393	   0.11870	[mu,kappa]: [(29.80434,148.76595),57.07076]
	 710.55663	   0.03554	[mu,kappa]: [(81.88021,350.18224),1.32814]
	 359.28499	   0.01798	[mu,kappa]: [(43.92558,182.53964),1.21950]
	 451.44330	   0.02259	[mu,kappa]: [(29.96886,65.56579),1.02443]
	 809.81045	   0.04050	[mu,kappa]: [(88.87614,319.87996),1.39799]
	 750.81925	   0.03755	[mu,kappa]: [(85.95013,311.12160),1.36211]
	3034.52893	   0.15169	[mu,kappa]: [(87.89375,90.18536),20.84918]
	 935.51598	   0.04678	[mu,kappa]: [(91.07084,311.70605),1.50406]
	 390.17489	   0.01953	[mu,kappa]: [(36.66118,133.47267),1.49685]
	 804.06347	   0.04021	[mu,kappa]: [(86.68362,284.96845),2.11105]
	 299.80758	   0.01501	[mu,kappa]: [(75.92536,177.86945),4.63626]
	2606.89413	   0.13031	[mu,kappa]: [(89.85329,179.89475),52.52742]
	 852.46142	   0.04263	[mu,kappa]: [(87.28259,288.69868),1.99315]
			msglen: 453701.98437 bits.
Iteration #: 35
	1478.63908	   0.07393	[mu,kappa]: [(51.70548,69.38400),4.69963]
	 887.07621	   0.04436	[mu,kappa]: [(87.86665,284.29849),2.37352]
	2484.64824	   0.12420	[mu,kappa]: [(175.37249,0.94387),44.43242]
	 965.87807	   0.04830	[mu,kappa]: [(97.30171,355.40439),1.93026]
	2319.89987	   0.11597	[mu,kappa]: [(29.83164,149.51773),62.96850]
	 719.01170	   0.03596	[mu,kappa]: [(84.56662,358.09198),1.59009]
	 332.95606	   0.01667	[mu,kappa]: [(39.18760,173.18797),1.17680]
	 443.89862	   0.02221	[mu,kappa]: [(39.18320,63.94939),1.18531]
	 789.79983	   0.03950	[mu,kappa]: [(89.23087,324.49690),1.45482]
	 728.04585	   0.03641	[mu,kappa]: [(86.74508,312.99247),1.41677]
	2946.82284	   0.14730	[mu,kappa]: [(88.88056,90.28872),22.94415]
	 909.09456	   0.04546	[mu,kappa]: [(90.56897,313.16411),1.55496]
	 381.91101	   0.01911	[mu,kappa]: [(39.20963,120.24494),1.71768]
	 826.65354	   0.04134	[mu,kappa]: [(87.35367,279.10194),2.75103]
	 265.61096	   0.01330	[mu,kappa]: [(75.00372,175.85226),4.75377]
	2659.00313	   0.13292	[mu,kappa]: [(89.89024,179.90460),51.63942]
	 861.05042	   0.04306	[mu,kappa]: [(87.67119,282.84095),2.45530]
			msglen: 452610.75084 bits.
Iteration #: 36
	1629.21193	   0.08145	[mu,kappa]: [(50.73801,75.33865),5.15086]
	 895.59679	   0.04479	[mu,kappa]: [(88.71094,278.43700),2.96054]
	2344.44346	   0.11720	[mu,kappa]: [(177.11000,0.44193),67.03405]
	1055.26264	   0.05277	[mu,kappa]: [(99.19402,2.46220),2.48750]
	2284.97481	   0.11423	[mu,kappa]: [(29.83743,149.96553),66.66388]
	 758.33727	   0.03793	[mu,kappa]: [(89.95751,4.74635),1.99020]
	 312.59409	   0.01565	[mu,kappa]: [(38.37189,161.35838),1.16211]
	 439.25290	   0.02198	[mu,kappa]: [(46.93601,62.98031),1.30602]
	 777.62951	   0.03889	[mu,kappa]: [(93.26720,333.08851),1.50776]
	 704.76306	   0.03525	[mu,kappa]: [(90.57732,318.23414),1.40984]
	2837.22573	   0.14183	[mu,kappa]: [(89.60274,90.36312),25.15943]
	 881.96783	   0.04410	[mu,kappa]: [(93.55541,318.00469),1.54175]
	 379.19085	   0.01898	[mu,kappa]: [(42.60545,113.91060),1.95841]
	 876.06485	   0.04381	[mu,kappa]: [(88.15791,273.43508),3.93673]
	 248.02720	   0.01242	[mu,kappa]: [(74.34856,174.27086),4.91270]
	2697.26758	   0.13483	[mu,kappa]: [(89.89080,179.91938),50.58717]
	 878.18949	   0.04392	[mu,kappa]: [(88.51002,276.95772),3.16076]
			msglen: 451173.72468 bits.
Iteration #: 37
	1728.87678	   0.08643	[mu,kappa]: [(49.67611,81.24474),5.77492]
	 878.37964	   0.04393	[mu,kappa]: [(88.49471,273.08445),3.90417]
	2198.55660	   0.10991	[mu,kappa]: [(178.62756,359.21726),113.13010]
	1197.08630	   0.05985	[mu,kappa]: [(101.67257,6.46061),3.23933]
	2264.14123	   0.11318	[mu,kappa]: [(29.82381,150.27402),68.61610]
	 817.95595	   0.04091	[mu,kappa]: [(94.53932,8.53947),2.52342]
	 294.97888	   0.01477	[mu,kappa]: [(40.22326,151.66460),1.19870]
	 429.80856	   0.02151	[mu,kappa]: [(52.12823,62.16147),1.38411]
	 762.02558	   0.03811	[mu,kappa]: [(98.33129,344.46580),1.62827]
	 667.77047	   0.03340	[mu,kappa]: [(95.55423,327.86689),1.37873]
	2736.24811	   0.13678	[mu,kappa]: [(90.08934,90.41607),27.09985]
	 836.03582	   0.04181	[mu,kappa]: [(98.06212,327.34497),1.50308]
	 375.52264	   0.01879	[mu,kappa]: [(44.70320,112.26025),2.18246]
	 962.04617	   0.04811	[mu,kappa]: [(88.05926,269.18562),7.01667]
	 241.38530	   0.01209	[mu,kappa]: [(73.77208,173.54166),5.09670]
	2729.08348	   0.13642	[mu,kappa]: [(89.88483,179.94044),49.62637]
	 880.09849	   0.04401	[mu,kappa]: [(88.28434,271.75759),4.43910]
			msglen: 449142.43006 bits.
Iteration #: 38
	1786.12889	   0.08929	[mu,kappa]: [(48.64104,86.31007),6.56951]
	 791.07165	   0.03956	[mu,kappa]: [(87.33409,268.78382),5.27073]
	2090.48270	   0.10450	[mu,kappa]: [(179.60731,354.61330),185.15388]
	1346.96144	   0.06734	[mu,kappa]: [(103.34032,7.45168),3.94970]
	2249.19236	   0.11244	[mu,kappa]: [(29.79522,150.53375),69.62070]
	 876.27385	   0.04382	[mu,kappa]: [(97.20142,9.66138),3.05781]
	 283.84464	   0.01421	[mu,kappa]: [(42.88417,148.04529),1.29273]
	 415.61819	   0.02080	[mu,kappa]: [(54.02493,62.09628),1.40955]
	 743.93881	   0.03721	[mu,kappa]: [(102.68114,355.14215),1.83421]
	 621.89022	   0.03111	[mu,kappa]: [(100.67816,341.31469),1.37480]
	2666.15435	   0.13328	[mu,kappa]: [(90.41321,90.43066),28.53592]
	 778.30826	   0.03892	[mu,kappa]: [(103.05618,340.68883),1.50154]
	 371.67845	   0.01860	[mu,kappa]: [(44.95594,113.84654),2.33809]
	1143.51567	   0.05718	[mu,kappa]: [(88.28370,268.00549),18.19929]
	 247.55667	   0.01240	[mu,kappa]: [(73.23720,174.37285),5.23560]
	2759.26986	   0.13793	[mu,kappa]: [(89.88543,179.98438),48.64463]
	 828.11399	   0.04141	[mu,kappa]: [(87.39483,268.06266),6.83290]
			msglen: 446678.87826 bits.
Iteration #: 39
	1808.94953	   0.09043	[mu,kappa]: [(47.75475,89.87161),7.41712]
	 590.37300	   0.02953	[mu,kappa]: [(85.07830,264.45980),5.92354]
	2039.75314	   0.10197	[mu,kappa]: [(179.92783,342.87007),227.05902]
	1444.65510	   0.07223	[mu,kappa]: [(103.77089,6.79303),4.37325]
	2232.36966	   0.11160	[mu,kappa]: [(29.76224,150.75110),70.36146]
	 912.47385	   0.04563	[mu,kappa]: [(97.73332,9.16558),3.44331]
	 286.37984	   0.01434	[mu,kappa]: [(44.13988,152.21337),1.41041]
	 404.80467	   0.02026	[mu,kappa]: [(51.96190,62.53659),1.38079]
	 730.06945	   0.03651	[mu,kappa]: [(105.36720,1.96179),2.03208]
	 587.06162	   0.02937	[mu,kappa]: [(104.22662,353.60319),1.40307]
	2634.87922	   0.13171	[mu,kappa]: [(90.61642,90.40031),29.41076]
	 734.93191	   0.03676	[mu,kappa]: [(106.76961,352.93569),1.54724]
	 372.73688	   0.01865	[mu,kappa]: [(43.09200,117.90992),2.36879]
	1520.03512	   0.07599	[mu,kappa]: [(89.30401,269.20405),59.85165]
	 269.75483	   0.01351	[mu,kappa]: [(72.68605,177.47166),5.22545]
	2779.84782	   0.13896	[mu,kappa]: [(89.89526,180.03649),47.79921]
	 650.92434	   0.03256	[mu,kappa]: [(86.36514,265.70759),9.47368]
			msglen: 444125.01067 bits.
Iteration #: 40
	1798.23029	   0.08990	[mu,kappa]: [(47.13267,92.06708),8.28567]
	 390.99292	   0.01957	[mu,kappa]: [(80.73395,257.85906),5.09120]
	2022.07898	   0.10109	[mu,kappa]: [(179.97891,290.65147),237.92103]
	1494.90171	   0.07474	[mu,kappa]: [(103.46350,5.75095),4.53826]
	2212.43737	   0.11060	[mu,kappa]: [(29.73781,150.89816),71.21211]
	 933.92004	   0.04670	[mu,kappa]: [(96.88695,8.14318),3.67729]
	 298.22252	   0.01493	[mu,kappa]: [(44.30073,159.39723),1.50105]
	 401.28108	   0.02008	[mu,kappa]: [(47.62100,62.29721),1.33120]
	 725.53043	   0.03629	[mu,kappa]: [(107.33755,5.10278),2.15884]
	 571.75372	   0.02860	[mu,kappa]: [(106.75015,0.99125),1.43120]
	2636.24501	   0.13178	[mu,kappa]: [(90.71454,90.34989),29.78038]
	 716.78112	   0.03585	[mu,kappa]: [(109.61821,0.21606),1.59841]
	 377.57269	   0.01890	[mu,kappa]: [(40.06228,122.99450),2.30800]
	1935.40659	   0.09675	[mu,kappa]: [(89.77499,269.74159),106.78774]
	 299.43375	   0.01499	[mu,kappa]: [(72.36993,181.31190),5.12518]
	2781.76274	   0.13905	[mu,kappa]: [(89.91256,180.04364),47.49695]
	 403.44905	   0.02019	[mu,kappa]: [(84.69392,263.48213),9.71453]
			msglen: 443165.97307 bits.
Iteration #: 41
	1762.88711	   0.08813	[mu,kappa]: [(46.73909,93.42184),9.23339]
	 323.95170	   0.01622	[mu,kappa]: [(76.34992,251.19244),4.54231]
	2017.57030	   0.10086	[mu,kappa]: [(179.97942,259.29124),240.27844]
	1520.76711	   0.07603	[mu,kappa]: [(102.82941,4.92136),4.56299]
	2195.80453	   0.10977	[mu,kappa]: [(29.72602,150.97851),72.06856]
	 950.69969	   0.04754	[mu,kappa]: [(95.24433,7.23035),3.82802]
	 310.96069	   0.01557	[mu,kappa]: [(44.18225,165.80631),1.54444]
	 402.51331	   0.02014	[mu,kappa]: [(42.98232,60.61343),1.29097]
	 728.12719	   0.03642	[mu,kappa]: [(109.35442,6.11856),2.22186]
	 569.00329	   0.02846	[mu,kappa]: [(109.20821,4.30579),1.44104]
	2657.22430	   0.13283	[mu,kappa]: [(90.73263,90.30593),29.79013]
	 714.68741	   0.03574	[mu,kappa]: [(112.49513,3.45727),1.63005]
	 382.41026	   0.01914	[mu,kappa]: [(36.92450,127.77487),2.22001]
	2078.63866	   0.10391	[mu,kappa]: [(89.89473,269.84578),115.46078]
	 324.10154	   0.01622	[mu,kappa]: [(72.47903,184.25327),4.98555]
	2770.70518	   0.13850	[mu,kappa]: [(89.92949,180.00574),47.71536]
	 289.94773	   0.01452	[mu,kappa]: [(82.86428,261.44808),9.30207]
			msglen: 442983.93803 bits.
Iteration #: 42
	1712.71650	   0.08562	[mu,kappa]: [(46.45165,94.34418),10.30777]
	 301.14009	   0.01508	[mu,kappa]: [(73.00407,246.16174),4.28548]
	2015.69194	   0.10077	[mu,kappa]: [(179.97870,253.56845),241.01130]
	1531.81746	   0.07658	[mu,kappa]: [(102.03828,4.51608),4.53881]
	2187.14438	   0.10934	[mu,kappa]: [(29.72280,151.02098),72.68226]
	 965.26043	   0.04827	[mu,kappa]: [(93.06192,6.76176),3.96923]
	 321.25823	   0.01608	[mu,kappa]: [(44.08113,170.36250),1.56296]
	 405.61057	   0.02030	[mu,kappa]: [(38.98720,58.00142),1.27759]
	 731.81761	   0.03660	[mu,kappa]: [(111.69060,6.57105),2.26255]
	 569.04592	   0.02847	[mu,kappa]: [(111.85495,6.24026),1.44587]
	2687.47284	   0.13434	[mu,kappa]: [(90.69979,90.27456),29.59636]
	 716.52339	   0.03584	[mu,kappa]: [(115.66028,5.28121),1.65820]
	 386.73694	   0.01935	[mu,kappa]: [(34.06093,131.91333),2.14187]
	2133.15459	   0.10664	[mu,kappa]: [(89.91120,269.85763),113.94950]
	 340.97129	   0.01707	[mu,kappa]: [(72.92731,186.02830),4.82740]
	2757.85994	   0.13786	[mu,kappa]: [(89.93889,179.96158),48.09538]
	 235.77789	   0.01181	[mu,kappa]: [(81.29847,259.86597),8.95313]
			msglen: 442884.79028 bits.
Iteration #: 43
	1652.56731	   0.08262	[mu,kappa]: [(46.18686,95.04997),11.55973]
	 290.11879	   0.01452	[mu,kappa]: [(70.37593,242.43569),4.13313]
	2013.96390	   0.10068	[mu,kappa]: [(179.97844,252.10094),241.53483]
	1533.49789	   0.07667	[mu,kappa]: [(101.16578,4.40498),4.50500]
	2185.92997	   0.10928	[mu,kappa]: [(29.72325,151.04437),72.97642]
	 980.06317	   0.04901	[mu,kappa]: [(90.47018,6.64528),4.14365]
	 329.56744	   0.01650	[mu,kappa]: [(43.93510,173.39048),1.57477]
	 409.68687	   0.02050	[mu,kappa]: [(35.69723,55.04145),1.29191]
	 735.44236	   0.03678	[mu,kappa]: [(114.47582,6.82754),2.30716]
	 568.99751	   0.02846	[mu,kappa]: [(114.68158,7.66815),1.45591]
	2720.74551	   0.13600	[mu,kappa]: [(90.63216,90.25449),29.31504]
	 719.03545	   0.03596	[mu,kappa]: [(119.11845,6.51561),1.69784]
	 391.53283	   0.01959	[mu,kappa]: [(31.45639,135.54108),2.08554]
	2166.22877	   0.10829	[mu,kappa]: [(89.90194,269.85023),111.71171]
	 352.72738	   0.01765	[mu,kappa]: [(73.56827,186.93930),4.66664]
	2747.87178	   0.13736	[mu,kappa]: [(89.94071,179.92910),48.42809]
	 202.02307	   0.01012	[mu,kappa]: [(79.91300,258.56949),8.62449]
			msglen: 442799.11746 bits.
Iteration #: 44
	1585.61269	   0.07927	[mu,kappa]: [(45.92318,95.63746),13.06577]
	 284.06575	   0.01422	[mu,kappa]: [(68.19829,239.62017),4.02999]
	2011.89559	   0.10058	[mu,kappa]: [(179.97824,250.82774),242.12088]
	1527.69492	   0.07638	[mu,kappa]: [(100.24820,4.44767),4.47511]
	2189.82493	   0.10947	[mu,kappa]: [(29.72509,151.05339),73.01413]
	 997.20496	   0.04986	[mu,kappa]: [(87.58518,6.74686),4.37888]
	 336.85396	   0.01686	[mu,kappa]: [(43.68130,175.39180),1.58752]
	 414.66812	   0.02075	[mu,kappa]: [(32.97687,52.14116),1.33023]
	 739.29734	   0.03697	[mu,kappa]: [(117.77454,6.87055),2.37231]
	 568.06328	   0.02842	[mu,kappa]: [(117.62379,8.72497),1.47430]
	2755.60808	   0.13775	[mu,kappa]: [(90.53791,90.24116),28.99394]
	 721.58472	   0.03609	[mu,kappa]: [(122.80314,7.27986),1.75730]
	 397.47183	   0.01989	[mu,kappa]: [(29.06662,138.76495),2.05219]
	2188.47810	   0.10940	[mu,kappa]: [(89.88929,269.84040),109.99126]
	 361.92516	   0.01811	[mu,kappa]: [(74.30671,187.29037),4.51191]
	2740.78519	   0.13701	[mu,kappa]: [(89.93818,179.90892),48.67345]
	 178.96538	   0.00897	[mu,kappa]: [(78.62930,257.43616),8.31776]
			msglen: 442711.00083 bits.
Iteration #: 45
	1514.13544	   0.07570	[mu,kappa]: [(45.66505,96.15357),14.93658]
	 280.86767	   0.01406	[mu,kappa]: [(66.33655,237.46668),3.95637]
	2009.28328	   0.10045	[mu,kappa]: [(179.97795,248.58384),242.84823]
	1514.00887	   0.07569	[mu,kappa]: [(99.29659,4.56962),4.45549]
	2197.07984	   0.10983	[mu,kappa]: [(29.72770,151.04717),72.88047]
	1018.32295	   0.05092	[mu,kappa]: [(84.56661,6.99091),4.69873]
	 343.65243	   0.01720	[mu,kappa]: [(43.31220,176.65727),1.60451]
	 420.52399	   0.02104	[mu,kappa]: [(30.72934,49.64714),1.38948]
	 743.63140	   0.03719	[mu,kappa]: [(121.55202,6.65665),2.47610]
	 565.35481	   0.02828	[mu,kappa]: [(120.55245,9.46842),1.50195]
	2792.30300	   0.13958	[mu,kappa]: [(90.42191,90.22966),28.64025]
	 723.43441	   0.03618	[mu,kappa]: [(126.56499,7.60778),1.84379]
	 404.74210	   0.02025	[mu,kappa]: [(26.89739,141.56802),2.04007]
	2204.05354	   0.11018	[mu,kappa]: [(89.87820,269.83201),108.74415]
	 370.03348	   0.01852	[mu,kappa]: [(75.08612,187.27116),4.36903]
	2735.75918	   0.13675	[mu,kappa]: [(89.93389,179.89754),48.84837]
	 162.81362	   0.00816	[mu,kappa]: [(77.42168,256.42687),8.04543]
			msglen: 442612.29221 bits.
Iteration #: 46
	1439.62455	   0.07198	[mu,kappa]: [(45.42197,96.62195),17.33164]
	 279.64755	   0.01400	[mu,kappa]: [(64.73611,235.82161),3.90178]
	2006.02182	   0.10028	[mu,kappa]: [(179.97747,244.80338),243.74810]
	1491.48038	   0.07457	[mu,kappa]: [(98.30169,4.73011),4.45052]
	2206.70065	   0.11031	[mu,kappa]: [(29.73089,151.02268),72.63640]
	1044.75477	   0.05224	[mu,kappa]: [(81.63568,7.32843),5.11808]
	 350.32179	   0.01753	[mu,kappa]: [(42.85753,177.34788),1.62661]
	 427.34036	   0.02138	[mu,kappa]: [(28.88060,47.83082),1.46683]
	 748.81801	   0.03745	[mu,kappa]: [(125.65346,6.14066),2.64162]
	 559.85455	   0.02801	[mu,kappa]: [(123.28324,9.94973),1.53727]
	2831.29453	   0.14153	[mu,kappa]: [(90.28765,90.21603),28.24615]
	 723.63308	   0.03619	[mu,kappa]: [(130.19200,7.52004),1.96349]
	 413.38749	   0.02069	[mu,kappa]: [(24.97248,143.86027),2.04584]
	2215.51439	   0.11075	[mu,kappa]: [(89.86918,269.82570),107.81186]
	 377.92235	   0.01891	[mu,kappa]: [(75.87801,186.99725),4.24071]
	2732.13925	   0.13657	[mu,kappa]: [(89.92948,179.89201),48.97404]
	 151.54449	   0.00760	[mu,kappa]: [(76.29319,255.54204),7.81161]
			msglen: 442498.48127 bits.
Iteration #: 47
	1363.08535	   0.06815	[mu,kappa]: [(45.20186,97.05388),20.48574]
	 280.00461	   0.01402	[mu,kappa]: [(63.39220,234.59253),3.85816]
	2002.09573	   0.10009	[mu,kappa]: [(179.97661,239.22374),244.82219]
	1459.74096	   0.07298	[mu,kappa]: [(97.23224,4.90326),4.46453]
	2218.07965	   0.11088	[mu,kappa]: [(29.73466,150.97560),72.31764]
	1076.89568	   0.05385	[mu,kappa]: [(79.04410,7.71780),5.62764]
	 357.20934	   0.01788	[mu,kappa]: [(42.36729,177.55711),1.65257]
	 435.43457	   0.02179	[mu,kappa]: [(27.38601,46.85510),1.55944]
	 755.49179	   0.03778	[mu,kappa]: [(129.81817,5.29040),2.89988]
	 550.53672	   0.02754	[mu,kappa]: [(125.60328,10.23031),1.57491]
	2872.91038	   0.14361	[mu,kappa]: [(90.13836,90.19713),27.80023]
	 720.99452	   0.03606	[mu,kappa]: [(133.45857,7.04791),2.12034]
	 423.47969	   0.02119	[mu,kappa]: [(23.30827,145.49687),2.06487]
	2224.43432	   0.11120	[mu,kappa]: [(89.86194,269.82135),107.07661]
	 386.18278	   0.01933	[mu,kappa]: [(76.68103,186.54537),4.12648]
	2729.47036	   0.13644	[mu,kappa]: [(89.92583,179.89035),49.06597]
	 143.95356	   0.00722	[mu,kappa]: [(75.26304,254.79707),7.61238]
			msglen: 442367.87542 bits.
Iteration #: 48
	1285.33165	   0.06426	[mu,kappa]: [(45.00970,97.45726),24.75078]
	 281.72327	   0.01411	[mu,kappa]: [(62.33204,233.72318),3.81793]
	1997.61068	   0.09986	[mu,kappa]: [(179.97508,231.95855),246.03850]
	1420.00889	   0.07100	[mu,kappa]: [(96.03233,5.07061),4.50303]
	2230.68560	   0.11151	[mu,kappa]: [(29.73911,150.90150),71.94298]
	1113.29801	   0.05567	[mu,kappa]: [(76.99880,8.11920),6.17922]
	 364.67392	   0.01825	[mu,kappa]: [(41.89612,177.33969),1.67905]
	 445.42300	   0.02229	[mu,kappa]: [(26.25436,46.75311),1.66459]
	 764.71178	   0.03824	[mu,kappa]: [(133.75234,4.11672),3.29627]
	 536.58484	   0.02684	[mu,kappa]: [(127.30548,10.39575),1.60496]
	2917.03541	   0.14581	[mu,kappa]: [(89.97837,90.17053),27.29423]
	 714.09419	   0.03571	[mu,kappa]: [(136.18724,6.25408),2.31452]
	 435.15396	   0.02177	[mu,kappa]: [(21.90019,146.27186),2.09144]
	2231.73826	   0.11156	[mu,kappa]: [(89.85625,269.81867),106.46562]
	 395.26918	   0.01978	[mu,kappa]: [(77.52192,185.97559),4.02338]
	2727.38405	   0.13634	[mu,kappa]: [(89.92332,179.89129),49.13576]
	 139.27332	   0.00699	[mu,kappa]: [(74.36292,254.20891),7.43869]
			msglen: 442219.71315 bits.
Iteration #: 49
	1207.25923	   0.06036	[mu,kappa]: [(44.84974,97.84697),30.65971]
	 284.62638	   0.01425	[mu,kappa]: [(61.60094,233.17155),3.77414]
	1992.79841	   0.09962	[mu,kappa]: [(179.97249,223.50694),247.33277]
	1375.48572	   0.06877	[mu,kappa]: [(94.62970,5.21747),4.57418]
	2243.86572	   0.11217	[mu,kappa]: [(29.74439,150.79801),71.52142]
	1150.61134	   0.05753	[mu,kappa]: [(75.59168,8.49480),6.69511]
	 373.00506	   0.01867	[mu,kappa]: [(41.49207,176.73103),1.70111]
	 458.13374	   0.02292	[mu,kappa]: [(25.55118,47.43474),1.77983]
	 778.17434	   0.03892	[mu,kappa]: [(137.23920,2.70591),3.90663]
	 517.62899	   0.02590	[mu,kappa]: [(128.21687,10.56079),1.61327]
	2962.77122	   0.14810	[mu,kappa]: [(89.81457,90.13475),26.72952]
	 701.17371	   0.03507	[mu,kappa]: [(138.29576,5.23841),2.54016]
	 448.53258	   0.02244	[mu,kappa]: [(20.72681,145.92464),2.11940]
	2237.93843	   0.11187	[mu,kappa]: [(89.85214,269.81742),105.93802]
	 405.52395	   0.02029	[mu,kappa]: [(78.45055,185.34777),3.92690]
	2725.51023	   0.13624	[mu,kappa]: [(89.92173,179.89405),49.19436]
	 136.96097	   0.00687	[mu,kappa]: [(73.63375,253.78691),7.27871]
			msglen: 442049.96186 bits.
Iteration #: 50
	1130.22048	   0.05651	[mu,kappa]: [(44.73078,98.24669),39.01183]
	 288.52061	   0.01444	[mu,kappa]: [(61.24500,232.89531),3.72174]
	1987.97502	   0.09938	[mu,kappa]: [(179.96828,214.55815),248.62196]
	1330.72740	   0.06653	[mu,kappa]: [(92.97184,5.32631),4.69112]
	2256.79423	   0.11282	[mu,kappa]: [(29.75056,150.66764),71.05659]
	1185.02437	   0.05925	[mu,kappa]: [(74.80142,8.80735),7.10836]
	 382.29410	   0.01913	[mu,kappa]: [(41.19082,175.77311),1.71371]
	 474.28322	   0.02373	[mu,kappa]: [(25.35507,48.72929),1.90297]
	 798.34949	   0.03993	[mu,kappa]: [(140.21270,1.23588),4.87276]
	 493.88394	   0.02471	[mu,kappa]: [(128.19950,10.85986),1.58356]
	3008.20033	   0.15037	[mu,kappa]: [(89.65752,90.08945),26.12295]
	 679.75260	   0.03400	[mu,kappa]: [(139.79777,4.12082),2.78015]
	 463.57467	   0.02319	[mu,kappa]: [(19.77362,144.20507),2.14383]
	2243.26372	   0.11214	[mu,kappa]: [(89.84979,269.81751),105.47507]
	 417.11227	   0.02087	[mu,kappa]: [(79.52434,184.73190),3.83213]
	2723.44860	   0.13614	[mu,kappa]: [(89.92021,179.89810),49.25429]
	 136.57495	   0.00685	[mu,kappa]: [(73.11645,253.52957),7.11962]
			msglen: 441848.27463 bits.
Iteration #: 51
	1056.50677	   0.05283	[mu,kappa]: [(44.66949,98.66696),50.89016]
	 293.19583	   0.01468	[mu,kappa]: [(61.28571,232.84886),3.65844]
	1983.54507	   0.09916	[mu,kappa]: [(179.96154,205.81201),249.80724]
	1290.76905	   0.06454	[mu,kappa]: [(91.09748,5.36442),4.87407]
	2268.60001	   0.11341	[mu,kappa]: [(29.75730,150.51935),70.54980]
	1213.89924	   0.06069	[mu,kappa]: [(74.56476,9.01545),7.39635]
	 392.35362	   0.01963	[mu,kappa]: [(41.00864,174.54167),1.71373]
	 494.07455	   0.02472	[mu,kappa]: [(25.68836,50.44726),2.03201]
	 828.08589	   0.04141	[mu,kappa]: [(142.74288,359.96079),6.46387]
	 466.34264	   0.02333	[mu,kappa]: [(127.11236,11.42346),1.50223]
	3050.32671	   0.15248	[mu,kappa]: [(89.52110,90.03598),25.50988]
	 646.22995	   0.03232	[mu,kappa]: [(140.74594,3.00628),2.99502]
	 479.96956	   0.02401	[mu,kappa]: [(19.05831,141.00899),2.16291]
	2247.66948	   0.11236	[mu,kappa]: [(89.84926,269.81888),105.07904]
	 429.89745	   0.02151	[mu,kappa]: [(80.78244,184.20605),3.73463]
	2720.83629	   0.13601	[mu,kappa]: [(89.91735,179.90293),49.32894]
	 137.69786	   0.00691	[mu,kappa]: [(72.83484,253.42876),6.94908]
			msglen: 441601.64068 bits.
Iteration #: 52
	 989.62053	   0.04948	[mu,kappa]: [(44.68097,99.07030),67.18153]
	 298.40830	   0.01494	[mu,kappa]: [(61.68720,232.98811),3.58503]
	1980.23469	   0.09899	[mu,kappa]: [(179.95091,198.03336),250.72446]
	1260.92927	   0.06304	[mu,kappa]: [(89.22541,5.27715),5.14653]
	2278.55595	   0.11390	[mu,kappa]: [(29.76395,150.36749),70.00713]
	1235.92228	   0.06179	[mu,kappa]: [(74.83930,9.07791),7.57486]
	 402.73050	   0.02015	[mu,kappa]: [(40.92669,173.14787),1.70133]
	 517.02825	   0.02587	[mu,kappa]: [(26.48400,52.42265),2.16519]
	 868.23033	   0.04342	[mu,kappa]: [(144.95529,359.13576),9.14260]
	 437.27047	   0.02188	[mu,kappa]: [(124.76747,12.33682),1.36716]
	3085.37198	   0.15423	[mu,kappa]: [(89.41828,89.97796),24.94191]
	 597.03553	   0.02986	[mu,kappa]: [(141.14402,1.93344),3.11218]
	 497.15681	   0.02487	[mu,kappa]: [(18.62812,136.51854),2.17848]
	2250.80344	   0.11252	[mu,kappa]: [(89.85004,269.82116),104.77834]
	 443.28569	   0.02218	[mu,kappa]: [(82.21186,183.83635),3.63158]
	2717.53675	   0.13584	[mu,kappa]: [(89.91167,179.90787),49.42724]
	 139.87924	   0.00702	[mu,kappa]: [(72.77102,253.47486),6.75855]
			msglen: 441308.58640 bits.
Iteration #: 53
	 933.58473	   0.04668	[mu,kappa]: [(44.75157,99.37820),86.84445]
	 303.83554	   0.01521	[mu,kappa]: [(62.33458,233.27404),3.50597]
	1979.54971	   0.09896	[mu,kappa]: [(179.93546,192.09713),251.04594]
	1245.91093	   0.06229	[mu,kappa]: [(87.77139,5.01214),5.51435]
	2286.03780	   0.11428	[mu,kappa]: [(29.77022,150.23009),69.46291]
	1250.18840	   0.06251	[mu,kappa]: [(75.58782,8.98191),7.66741]
	 412.78092	   0.02066	[mu,kappa]: [(40.87542,171.70190),1.67959]
	 542.24435	   0.02713	[mu,kappa]: [(27.62630,54.50090),2.30109]
	 912.07722	   0.04561	[mu,kappa]: [(146.91098,358.86500),13.52705]
	 410.42831	   0.02054	[mu,kappa]: [(120.98802,13.58328),1.19795]
	3110.19958	   0.15547	[mu,kappa]: [(89.35304,89.92110),24.47398]
	 533.79873	   0.02670	[mu,kappa]: [(140.88900,0.80563),3.05396]
	 514.43843	   0.02574	[mu,kappa]: [(18.51779,131.19717),2.19402]
	2252.28240	   0.11259	[mu,kappa]: [(89.85076,269.82345),104.61244]
	 456.15464	   0.02282	[mu,kappa]: [(83.72106,183.65126),3.52382]
	2713.85253	   0.13566	[mu,kappa]: [(89.90273,179.91226),49.54521]
	 142.63576	   0.00715	[mu,kappa]: [(72.84458,253.65450),6.54999]
			msglen: 441000.43657 bits.
Iteration #: 54
	 890.56611	   0.04453	[mu,kappa]: [(44.83320,99.55638),105.64706]
	 309.12012	   0.01547	[mu,kappa]: [(63.06763,233.66358),3.42818]
	1983.55180	   0.09916	[mu,kappa]: [(179.91800,188.63538),250.33013]
	1246.11569	   0.06230	[mu,kappa]: [(87.11680,4.57727),5.93583]
	2290.42944	   0.11450	[mu,kappa]: [(29.77683,150.12636),69.00001]
	1255.93997	   0.06280	[mu,kappa]: [(76.69402,8.77449),7.68690]
	 421.89806	   0.02111	[mu,kappa]: [(40.76279,170.27192),1.65211]
	 569.03935	   0.02846	[mu,kappa]: [(29.02208,56.49782),2.43935]
	 943.22697	   0.04717	[mu,kappa]: [(148.49447,359.00156),19.85901]
	 389.73236	   0.01950	[mu,kappa]: [(115.93221,15.04573),1.03200]
	3124.40391	   0.15618	[mu,kappa]: [(89.32003,89.87053),24.13958]
	 469.21441	   0.02348	[mu,kappa]: [(139.89823,359.40014),2.83132]
	 531.20273	   0.02657	[mu,kappa]: [(18.70891,125.55618),2.21125]
	2252.28973	   0.11259	[mu,kappa]: [(89.85059,269.82515),104.57986]
	 467.26006	   0.02338	[mu,kappa]: [(85.17537,183.63776),3.41582]
	2710.47398	   0.13549	[mu,kappa]: [(89.89155,179.91567),49.66411]
	 145.53530	   0.00730	[mu,kappa]: [(72.93566,253.93879),6.33688]
			msglen: 440744.18022 bits.
Iteration #: 55
	 859.60411	   0.04299	[mu,kappa]: [(44.88913,99.64788),119.82803]
	 314.07617	   0.01572	[mu,kappa]: [(63.76065,234.10087),3.35699]
	1992.36929	   0.09960	[mu,kappa]: [(179.90776,187.66801),248.51972]
	1255.28878	   0.06276	[mu,kappa]: [(87.25365,4.05459),6.33859]
	2291.65466	   0.11456	[mu,kappa]: [(29.78408,150.06655),68.70138]
	1253.60767	   0.06268	[mu,kappa]: [(77.93153,8.54269),7.64805]
	 429.82705	   0.02151	[mu,kappa]: [(40.55912,168.91229),1.62026]
	 597.11477	   0.02987	[mu,kappa]: [(30.60247,58.19726),2.58004]
	 949.16180	   0.04746	[mu,kappa]: [(149.52282,359.26272),26.83988]
	 376.95922	   0.01886	[mu,kappa]: [(110.48277,16.60370),0.89864]
	3129.83301	   0.15645	[mu,kappa]: [(89.31341,89.82969),23.93785]
	 419.56479	   0.02099	[mu,kappa]: [(138.49761,357.61905),2.56615]
	 547.02268	   0.02736	[mu,kappa]: [(19.13504,119.99604),2.22826]
	2251.40376	   0.11255	[mu,kappa]: [(89.85005,269.82628),104.63523]
	 476.08060	   0.02382	[mu,kappa]: [(86.48884,183.76291),3.31107]
	2708.13129	   0.13537	[mu,kappa]: [(89.87975,179.91805),49.76046]
	 148.30033	   0.00744	[mu,kappa]: [(72.94825,254.27954),6.13326]
			msglen: 440590.70854 bits.
Iteration #: 56
	 838.14111	   0.04191	[mu,kappa]: [(44.91875,99.69915),129.17535]
	 318.71818	   0.01595	[mu,kappa]: [(64.33724,234.52813),3.29550]
	2002.21200	   0.10009	[mu,kappa]: [(179.91032,188.56586),246.32154]
	1265.23044	   0.06326	[mu,kappa]: [(87.82050,3.52800),6.68282]
	2290.62917	   0.11451	[mu,kappa]: [(29.79131,150.04443),68.57544]
	1245.31859	   0.06226	[mu,kappa]: [(79.06281,8.35059),7.57902]
	 436.54733	   0.02184	[mu,kappa]: [(40.29885,167.70746),1.58514]
	 625.90926	   0.03131	[mu,kappa]: [(32.28162,59.44092),2.72213]
	 936.81613	   0.04685	[mu,kappa]: [(150.04014,359.47076),32.34820]
	 370.77598	   0.01856	[mu,kappa]: [(105.68582,18.20071),0.80204]
	3128.49769	   0.15638	[mu,kappa]: [(89.32768,89.80179),23.85017]
	 388.84685	   0.01946	[mu,kappa]: [(137.32766,355.66775),2.35307]
	 561.43166	   0.02808	[mu,kappa]: [(19.70531,114.83893),2.24180]
	2250.11712	   0.11248	[mu,kappa]: [(89.84952,269.82686),104.73417]
	 482.79755	   0.02415	[mu,kappa]: [(87.62040,183.98928),3.21171]
	2707.19662	   0.13533	[mu,kappa]: [(89.86838,179.91947),49.81883]
	 150.81430	   0.00756	[mu,kappa]: [(72.82910,254.62679),5.94737]
			msglen: 440519.22007 bits.
Iteration #: 57
	 823.28410	   0.04117	[mu,kappa]: [(44.93367,99.73316),135.14642]
	 323.07153	   0.01617	[mu,kappa]: [(64.74120,234.89957),3.24606]
	2009.51877	   0.10046	[mu,kappa]: [(179.91884,190.25267),244.51661]
	1271.41825	   0.06357	[mu,kappa]: [(88.46570,3.03923),6.97711]
	2288.66890	   0.11441	[mu,kappa]: [(29.79799,150.04584),68.56518]
	1233.66902	   0.06168	[mu,kappa]: [(79.95784,8.21662),7.50828]
	 442.02911	   0.02212	[mu,kappa]: [(40.01649,166.73841),1.55020]
	 654.40606	   0.03273	[mu,kappa]: [(33.97217,60.22313),2.86358]
	 921.85554	   0.04610	[mu,kappa]: [(150.26451,359.59796),35.77050]
	 368.20009	   0.01843	[mu,kappa]: [(101.77374,19.83571),0.73188]
	3122.25008	   0.15607	[mu,kappa]: [(89.35573,89.78795),23.85267]
	 370.62454	   0.01855	[mu,kappa]: [(136.67187,353.80529),2.20035]
	 573.92878	   0.02871	[mu,kappa]: [(20.33497,110.31346),2.25021]
	2248.77986	   0.11242	[mu,kappa]: [(89.84904,269.82702),104.84460]
	 487.66343	   0.02440	[mu,kappa]: [(88.52205,184.27660),3.12049]
	2707.58806	   0.13535	[mu,kappa]: [(89.85796,179.92003),49.83686]
	 153.04390	   0.00767	[mu,kappa]: [(72.55040,254.94712),5.78348]
			msglen: 440485.53893 bits.
Iteration #: 58
	 812.68031	   0.04064	[mu,kappa]: [(44.94176,99.75920),139.07162]
	 327.16499	   0.01638	[mu,kappa]: [(64.95610,235.19508),3.20842]
	2013.92443	   0.10068	[mu,kappa]: [(179.92638,191.85100),243.33358]
	1273.49095	   0.06367	[mu,kappa]: [(89.02810,2.59813),7.24333]
	2286.74156	   0.11431	[mu,kappa]: [(29.80381,150.05846),68.60581]
	1220.66391	   0.06103	[mu,kappa]: [(80.60930,8.13424),7.45010]
	 446.34308	   0.02233	[mu,kappa]: [(39.74884,166.04878),1.51819]
	 681.56363	   0.03409	[mu,kappa]: [(35.62486,60.64339),3.00116]
	 911.85387	   0.04560	[mu,kappa]: [(150.35919,359.67034),37.65053]
	 367.01194	   0.01837	[mu,kappa]: [(98.47421,21.49177),0.67844]
	3113.00954	   0.15561	[mu,kappa]: [(89.39170,89.78610),23.91736]
	 358.71126	   0.01795	[mu,kappa]: [(136.43450,352.13519),2.08720]
	 584.19457	   0.02922	[mu,kappa]: [(20.96610,106.51560),2.25256]
	2247.62221	   0.11236	[mu,kappa]: [(89.84870,269.82696),104.94465]
	 491.03088	   0.02457	[mu,kappa]: [(89.17708,184.58828),3.03872]
	2708.97366	   0.13542	[mu,kappa]: [(89.84903,179.91987),49.82114]
	 155.01921	   0.00777	[mu,kappa]: [(72.11680,255.23101),5.64108]
			msglen: 440466.41125 bits.
Iteration #: 59
	 804.81141	   0.04025	[mu,kappa]: [(44.94661,99.78091),141.78808]
	 331.04157	   0.01657	[mu,kappa]: [(65.00229,235.41707),3.17981]
	2016.37028	   0.10080	[mu,kappa]: [(179.93128,192.99967),242.64323]
	1272.76017	   0.06364	[mu,kappa]: [(89.47710,2.20081),7.49566]
	2285.37697	   0.11425	[mu,kappa]: [(29.80854,150.07448),68.65205]
	1207.48808	   0.06037	[mu,kappa]: [(81.06698,8.09099),7.40614]
	 449.70722	   0.02250	[mu,kappa]: [(39.52857,165.63901),1.48985]
	 706.71617	   0.03535	[mu,kappa]: [(37.22281,60.81613),3.13200]
	 907.14888	   0.04536	[mu,kappa]: [(150.39929,359.71259),38.60045]
	 366.23311	   0.01833	[mu,kappa]: [(95.55319,23.12538),0.63580]
	3102.37145	   0.15508	[mu,kappa]: [(89.43136,89.79283),24.01790]
	 349.93395	   0.01751	[mu,kappa]: [(136.45113,350.64901),1.99738]
	 592.22507	   0.02962	[mu,kappa]: [(21.56337,103.42119),2.24820]
	2246.73186	   0.11231	[mu,kappa]: [(89.84856,269.82679),105.02464]
	 493.35394	   0.02468	[mu,kappa]: [(89.61198,184.89692),2.96577]
	2710.93397	   0.13551	[mu,kappa]: [(89.84189,179.91920),49.78267]
	 156.79589	   0.00786	[mu,kappa]: [(71.55787,255.48558),5.51610]
			msglen: 440453.28028 bits.
Iteration #: 60
	 798.79546	   0.03995	[mu,kappa]: [(44.94964,99.79976),143.76351]
	 334.72277	   0.01675	[mu,kappa]: [(64.91284,235.57730),3.15683]
	2017.68710	   0.10087	[mu,kappa]: [(179.93409,193.69660),242.26326]
	1270.49572	   0.06352	[mu,kappa]: [(89.82761,1.84095),7.74007]
	2284.79355	   0.11422	[mu,kappa]: [(29.81202,150.08975),68.67932]
	1194.69612	   0.05973	[mu,kappa]: [(81.38529,8.07628),7.37277]
	 452.37786	   0.02263	[mu,kappa]: [(39.37039,165.47932),1.46491]
	 729.61948	   0.03649	[mu,kappa]: [(38.76032,60.82922),3.25474]
	 906.11706	   0.04531	[mu,kappa]: [(150.41464,359.73876),39.02341]
	 365.54837	   0.01829	[mu,kappa]: [(92.89366,24.69165),0.60044]
	3091.34840	   0.15453	[mu,kappa]: [(89.47163,89.80519),24.13517]
	 342.91788	   0.01716	[mu,kappa]: [(136.60337,349.30394),1.92185]
	 598.25964	   0.02993	[mu,kappa]: [(22.10426,100.94043),2.23732]
	2246.08962	   0.11228	[mu,kappa]: [(89.84860,269.82654),105.08457]
	 495.02034	   0.02477	[mu,kappa]: [(89.86971,185.18502),2.90024]
	2713.09693	   0.13562	[mu,kappa]: [(89.83648,179.91826),49.73272]
	 158.41370	   0.00794	[mu,kappa]: [(70.90938,255.72257),5.40374]
			msglen: 440443.07124 bits.
Iteration #: 61
	 794.12101	   0.03971	[mu,kappa]: [(44.95144,99.81643),145.25280]
	 338.20238	   0.01693	[mu,kappa]: [(64.72044,235.68818),3.13657]
	2018.38162	   0.10090	[mu,kappa]: [(179.93556,194.06484),242.06228]
	1267.52851	   0.06337	[mu,kappa]: [(90.10177,1.51364),7.97805]
	2284.99887	   0.11423	[mu,kappa]: [(29.81424,150.10240),68.67834]
	1182.50578	   0.05913	[mu,kappa]: [(81.60637,8.08233),7.34579]
	 454.57200	   0.02274	[mu,kappa]: [(39.27357,165.52598),1.44286]
	 750.30188	   0.03752	[mu,kappa]: [(40.23337,60.74110),3.36932]
	 907.27656	   0.04537	[mu,kappa]: [(150.41731,359.75599),39.15495]
	 364.88586	   0.01826	[mu,kappa]: [(90.43970,26.15697),0.57016]
	3080.48542	   0.15398	[mu,kappa]: [(89.51048,89.82113),24.25751]
	 337.05902	   0.01687	[mu,kappa]: [(136.81950,348.05780),1.85579]
	 602.63939	   0.03014	[mu,kappa]: [(22.57458,98.96638),2.22074]
	2245.64223	   0.11226	[mu,kappa]: [(89.84877,269.82622),105.12820]
	 496.29500	   0.02483	[mu,kappa]: [(89.99175,185.44319),2.84077]
	2715.21439	   0.13573	[mu,kappa]: [(89.83254,179.91723),49.67987]
	 159.89007	   0.00802	[mu,kappa]: [(70.20326,255.95148),5.30008]
			msglen: 440434.58269 bits.
Iteration #: 62
	 790.47430	   0.03953	[mu,kappa]: [(44.95232,99.83127),146.39869]
	 341.46051	   0.01709	[mu,kappa]: [(64.45331,235.75966),3.11702]
	2018.73503	   0.10092	[mu,kappa]: [(179.93625,194.22676),241.96129]
	1264.33405	   0.06321	[mu,kappa]: [(90.31823,1.21572),8.20927]
	2285.88295	   0.11427	[mu,kappa]: [(29.81535,150.11179),68.64911]
	1170.98991	   0.05855	[mu,kappa]: [(81.75975,8.10337),7.32192]
	 456.44854	   0.02284	[mu,kappa]: [(39.22978,165.73248),1.42322]
	 768.91667	   0.03845	[mu,kappa]: [(41.63788,60.58937),3.47628]
	 909.62769	   0.04549	[mu,kappa]: [(150.41283,359.76795),39.12876]
	 364.24324	   0.01823	[mu,kappa]: [(88.15798,27.50074),0.54351]
	3070.04932	   0.15346	[mu,kappa]: [(89.54684,89.83938),24.37861]
	 332.06060	   0.01662	[mu,kappa]: [(137.05753,346.87860),1.79657]
	 605.71030	   0.03030	[mu,kappa]: [(22.96653,97.40071),2.19963]
	2245.34087	   0.11224	[mu,kappa]: [(89.84901,269.82582),105.15938]
	 497.34170	   0.02488	[mu,kappa]: [(90.01222,185.66753),2.78630]
	2717.15509	   0.13583	[mu,kappa]: [(89.82978,179.91624),49.62933]
	 161.22923	   0.00808	[mu,kappa]: [(69.46502,256.17768),5.20233]
			msglen: 440427.28554 bits.
Iteration #: 63
	 787.64663	   0.03939	[mu,kappa]: [(44.95247,99.84451),147.28622]
	 344.47695	   0.01724	[mu,kappa]: [(64.13450,235.79903),3.09691]
	2018.90060	   0.10093	[mu,kappa]: [(179.93651,194.26949),241.91555]
	1261.16780	   0.06306	[mu,kappa]: [(90.49085,0.94520),8.43281]
	2287.28967	   0.11434	[mu,kappa]: [(29.81556,150.11794),68.59618]
	1160.16478	   0.05801	[mu,kappa]: [(81.86563,8.13470),7.29908]
	 458.11605	   0.02292	[mu,kappa]: [(39.22847,166.05551),1.40563]
	 785.65313	   0.03929	[mu,kappa]: [(42.97012,60.39868),3.57638]
	 912.55741	   0.04563	[mu,kappa]: [(150.40408,359.77661),39.02019]
	 363.63023	   0.01820	[mu,kappa]: [(86.02178,28.71323),0.51951]
	3060.16217	   0.15297	[mu,kappa]: [(89.58023,89.85914),24.49534]
	 327.75046	   0.01641	[mu,kappa]: [(137.29268,345.74482),1.74266]
	 607.77980	   0.03040	[mu,kappa]: [(23.27720,96.16207),2.17518]
	2245.14991	   0.11223	[mu,kappa]: [(89.84926,269.82533),105.18101]
	 498.25681	   0.02493	[mu,kappa]: [(89.95746,185.85750),2.73600]
	2718.86646	   0.13591	[mu,kappa]: [(89.82794,179.91536),49.58372]
	 162.43115	   0.00814	[mu,kappa]: [(68.71383,256.40303),5.10869]
			msglen: 440420.91330 bits.
Iteration #: 64
	 785.48723	   0.03928	[mu,kappa]: [(44.95208,99.85632),147.97036]
	 347.23844	   0.01738	[mu,kappa]: [(63.78228,235.81153),3.07557]
	2018.96256	   0.10093	[mu,kappa]: [(179.93654,194.24736),241.90011]
	1258.15995	   0.06291	[mu,kappa]: [(90.62958,0.70074),8.64763]
	2289.05923	   0.11443	[mu,kappa]: [(29.81507,150.12113),68.52566]
	1150.02467	   0.05750	[mu,kappa]: [(81.93790,8.17232),7.27616]
	 459.64594	   0.02300	[mu,kappa]: [(39.25945,166.45738),1.38977]
	 800.69464	   0.04004	[mu,kappa]: [(44.22724,60.18577),3.67029]
	 915.70603	   0.04579	[mu,kappa]: [(150.39279,359.78310),38.87159]
	 363.05366	   0.01817	[mu,kappa]: [(84.00575,29.79298),0.49747]
	3050.87560	   0.15250	[mu,kappa]: [(89.61056,89.87983),24.60621]
	 324.01094	   0.01622	[mu,kappa]: [(137.51018,344.64323),1.69309]
	 609.10443	   0.03047	[mu,kappa]: [(23.50731,95.18606),2.14848]
	2245.04468	   0.11223	[mu,kappa]: [(89.84947,269.82476),105.19511]
	 499.09495	   0.02497	[mu,kappa]: [(89.84723,186.01446),2.68928]
	2720.34034	   0.13598	[mu,kappa]: [(89.82679,179.91463),49.54398]
	 163.49669	   0.00820	[mu,kappa]: [(67.96361,256.62702),5.01805]
			msglen: 440415.31191 bits.
Iteration #: 65
	 783.87928	   0.03920	[mu,kappa]: [(44.95127,99.86682),148.48992]
	 349.74082	   0.01750	[mu,kappa]: [(63.41087,235.80106),3.05274]
	2018.96792	   0.10093	[mu,kappa]: [(179.93644,194.19219),241.90101]
	1255.37145	   0.06277	[mu,kappa]: [(90.74160,0.48125),8.85282]
	2291.04902	   0.11453	[mu,kappa]: [(29.81407,150.12179),68.44361]
	1140.55441	   0.05703	[mu,kappa]: [(81.98632,8.21269),7.25263]
	 461.08392	   0.02307	[mu,kappa]: [(39.31387,166.90680),1.37540]
	 814.20401	   0.04072	[mu,kappa]: [(45.40759,59.96227),3.75857]
	 918.86925	   0.04595	[mu,kappa]: [(150.38005,359.78808),38.70661]
	 362.51567	   0.01814	[mu,kappa]: [(82.08499,30.74429),0.47693]
	3042.20769	   0.15207	[mu,kappa]: [(89.63793,89.90105),24.71059]
	 320.75165	   0.01606	[mu,kappa]: [(137.70130,343.56662),1.64717]
	 609.89114	   0.03051	[mu,kappa]: [(23.66014,94.42234),2.12047]
	2245.00757	   0.11223	[mu,kappa]: [(89.84961,269.82411),105.20306]
	 499.88577	   0.02501	[mu,kappa]: [(89.69620,186.14076),2.64565]
	2721.59084	   0.13605	[mu,kappa]: [(89.82616,179.91406),49.51015]
	 164.42958	   0.00824	[mu,kappa]: [(67.22411,256.84781),4.92980]
			msglen: 440410.37946 bits.
Iteration #: 66
	 782.72752	   0.03914	[mu,kappa]: [(44.95018,99.87613),148.87447]
	 351.98849	   0.01762	[mu,kappa]: [(63.03118,235.77067),3.02841]
	2018.94330	   0.10093	[mu,kappa]: [(179.93628,194.12193),241.91038]
	1252.82556	   0.06264	[mu,kappa]: [(90.83218,0.28567),9.04758]
	2293.14136	   0.11463	[mu,kappa]: [(29.81273,150.12036),68.35534]
	1131.73380	   0.05659	[mu,kappa]: [(82.01783,8.25278),7.22841]
	 462.45834	   0.02314	[mu,kappa]: [(39.38437,167.37864),1.36231]
	 826.32169	   0.04132	[mu,kappa]: [(46.51075,59.73635),3.84164]
	 921.93558	   0.04610	[mu,kappa]: [(150.36659,359.79197),38.53832]
	 362.01508	   0.01812	[mu,kappa]: [(80.23553,31.57522),0.45760]
	3034.15969	   0.15167	[mu,kappa]: [(89.66249,89.92244),24.80822]
	 317.89860	   0.01591	[mu,kappa]: [(137.86110,342.51191),1.60441]
	 610.30325	   0.03053	[mu,kappa]: [(23.74079,93.83128),2.09190]
	2245.02514	   0.11223	[mu,kappa]: [(89.84967,269.82342),105.20595]
	 500.64432	   0.02505	[mu,kappa]: [(89.51524,186.23921),2.60473]
	2722.64170	   0.13610	[mu,kappa]: [(89.82594,179.91364),49.48179]
	 165.23657	   0.00828	[mu,kappa]: [(66.50196,257.06302),4.84360]
			msglen: 440406.03970 bits.
Iteration #: 67
	 781.95186	   0.03911	[mu,kappa]: [(44.94890,99.88435),149.14785]
	 353.99260	   0.01772	[mu,kappa]: [(62.65153,235.72284),3.00273]
	2018.90398	   0.10093	[mu,kappa]: [(179.93609,194.04644),241.92373]
	1250.52540	   0.06252	[mu,kappa]: [(90.90535,0.11289),9.23133]
	2295.24461	   0.11474	[mu,kappa]: [(29.81118,150.11728),68.26512]
	1123.53933	   0.05618	[mu,kappa]: [(82.03746,8.29003),7.20359]
	 463.78598	   0.02320	[mu,kappa]: [(39.46509,167.85344),1.35031]
	 837.16909	   0.04187	[mu,kappa]: [(47.53750,59.51370),3.91978]
	 924.84789	   0.04625	[mu,kappa]: [(150.35291,359.79505),38.37377]
	 361.54888	   0.01809	[mu,kappa]: [(78.43510,32.29615),0.43928]
	3026.72301	   0.15130	[mu,kappa]: [(89.68444,89.94368),24.89903]
	 315.38950	   0.01579	[mu,kappa]: [(137.98717,341.47864),1.56440]
	 610.46734	   0.03054	[mu,kappa]: [(23.75552,93.38132),2.06338]
	2245.08653	   0.11223	[mu,kappa]: [(89.84964,269.82269),105.20466]
	 501.37745	   0.02508	[mu,kappa]: [(89.31250,186.31281),2.56620]
	2723.51971	   0.13614	[mu,kappa]: [(89.82601,179.91337),49.45828]
	 165.92685	   0.00832	[mu,kappa]: [(65.80148,257.27011),4.75931]
			msglen: 440402.22953 bits.
Iteration #: 68
	 781.48382	   0.03908	[mu,kappa]: [(44.94750,99.89155),149.32993]
	 355.76912	   0.01781	[mu,kappa]: [(62.27817,235.65968),2.97592]
	2018.85876	   0.10093	[mu,kappa]: [(179.93590,193.97103),241.93852]
	1248.46373	   0.06242	[mu,kappa]: [(90.96426,359.96169),9.40365]
	2297.29106	   0.11484	[mu,kappa]: [(29.80951,150.11293),68.17623]
	1115.94488	   0.05580	[mu,kappa]: [(82.04888,8.32242),7.17839]
	 465.07601	   0.02327	[mu,kappa]: [(39.55143,168.31667),1.33924]
	 846.85312	   0.04235	[mu,kappa]: [(48.48959,59.29818),3.99323]
	 927.58055	   0.04638	[mu,kappa]: [(150.33937,359.79748),38.21657]
	 361.11324	   0.01807	[mu,kappa]: [(76.66376,32.91862),0.42185]
	3019.88208	   0.15095	[mu,kappa]: [(89.70400,89.96452),24.98307]
	 313.17131	   0.01568	[mu,kappa]: [(138.07885,340.46789),1.52680]
	 610.47964	   0.03054	[mu,kappa]: [(23.71133,93.04689),2.03538]
	2245.18259	   0.11224	[mu,kappa]: [(89.84953,269.82193),105.19992]
	 502.08764	   0.02512	[mu,kappa]: [(89.09406,186.36459),2.52979]
	2724.25127	   0.13618	[mu,kappa]: [(89.82630,179.91322),49.43895]
	 166.51119	   0.00835	[mu,kappa]: [(65.12533,257.46667),4.67688]
			msglen: 440398.89295 bits.
Iteration #: 69
	 781.26452	   0.03907	[mu,kappa]: [(44.94605,99.89784),149.43763]
	 357.33701	   0.01788	[mu,kappa]: [(61.91577,235.58301),2.94824]
	2018.81267	   0.10092	[mu,kappa]: [(179.93571,193.89842),241.95332]
	1246.62830	   0.06233	[mu,kappa]: [(91.01142,359.83074),9.56432]
	2299.23354	   0.11494	[mu,kappa]: [(29.80780,150.10765),68.09099]
	1108.92215	   0.05545	[mu,kappa]: [(82.05477,8.34843),7.15303]
	 466.33268	   0.02333	[mu,kappa]: [(39.63995,168.75798),1.32893]
	 855.47031	   0.04278	[mu,kappa]: [(49.36962,59.09230),4.06219]
	 930.12578	   0.04651	[mu,kappa]: [(150.32620,359.79940),38.06844]
	 360.70405	   0.01805	[mu,kappa]: [(74.90434,33.45460),0.40524]
	3013.61578	   0.15064	[mu,kappa]: [(89.72136,89.98474),25.06049]
	 311.19880	   0.01558	[mu,kappa]: [(138.13674,339.48155),1.49131]
	 610.41173	   0.03053	[mu,kappa]: [(23.61557,92.80697),2.00824]
	2245.30551	   0.11224	[mu,kappa]: [(89.84933,269.82117),105.19242]
	 502.77517	   0.02515	[mu,kappa]: [(88.86455,186.39746),2.49528]
	2724.86085	   0.13621	[mu,kappa]: [(89.82676,179.91319),49.42314]
	 167.00116	   0.00837	[mu,kappa]: [(64.47499,257.65054),4.59633]
			msglen: 440395.97834 bits.
Iteration #: 70
	 781.24341	   0.03907	[mu,kappa]: [(44.94459,99.90330),149.48541]
	 358.71673	   0.01795	[mu,kappa]: [(61.56770,235.49441),2.91993]
	2018.76856	   0.10092	[mu,kappa]: [(179.93553,193.82991),241.96732]
	1245.00490	   0.06225	[mu,kappa]: [(91.04893,359.71860),9.71330]
	2301.04170	   0.11503	[mu,kappa]: [(29.80611,150.10175),68.01100]
	1102.44108	   0.05512	[mu,kappa]: [(82.05711,8.36704),7.12777]
	 467.55714	   0.02339	[mu,kappa]: [(39.72814,169.17045),1.31926]
	 863.10975	   0.04316	[mu,kappa]: [(50.18078,58.89755),4.12683]
	 932.48574	   0.04663	[mu,kappa]: [(150.31358,359.80089),37.92999]
	 360.31718	   0.01803	[mu,kappa]: [(73.14251,33.91602),0.38942]
	3007.89829	   0.15036	[mu,kappa]: [(89.73672,90.00415),25.13148]
	 309.43342	   0.01549	[mu,kappa]: [(138.16235,338.52169),1.45767]
	 610.31527	   0.03053	[mu,kappa]: [(23.47558,92.64411),1.98219]
	2245.44860	   0.11225	[mu,kappa]: [(89.84905,269.82041),105.18272]
	 503.43944	   0.02519	[mu,kappa]: [(88.62745,186.41422),2.46248]
	2725.37022	   0.13624	[mu,kappa]: [(89.82734,179.91325),49.41024]
	 167.40855	   0.00839	[mu,kappa]: [(63.85107,257.81987),4.51767]
			msglen: 440393.43737 bits.
Iteration #: 71
	 781.37733	   0.03908	[mu,kappa]: [(44.94316,99.90800),149.48566]
	 359.92915	   0.01801	[mu,kappa]: [(61.23638,235.39529),2.89126]
	2018.72795	   0.10092	[mu,kappa]: [(179.93536,193.76606),241.98013]
	1243.57893	   0.06218	[mu,kappa]: [(91.07851,359.62377),9.85070]
	2302.69849	   0.11511	[mu,kappa]: [(29.80447,150.09546),67.93718]
	1096.47029	   0.05483	[mu,kappa]: [(82.05733,8.37768),7.10280]
	 468.74870	   0.02345	[mu,kappa]: [(39.81425,169.54995),1.31011]
	 869.85503	   0.04350	[mu,kappa]: [(50.92669,58.71469),4.18734]
	 934.66792	   0.04674	[mu,kappa]: [(150.30162,359.80202),37.80127]
	 359.94863	   0.01801	[mu,kappa]: [(71.36684,34.31440),0.37437]
	3002.70012	   0.15010	[mu,kappa]: [(89.75027,90.02263),25.19632]
	 307.84236	   0.01541	[mu,kappa]: [(138.15778,337.59022),1.42564]
	 610.22616	   0.03052	[mu,kappa]: [(23.29850,92.54372),1.95739]
	2245.60623	   0.11226	[mu,kappa]: [(89.84872,269.81966),105.17135]
	 504.07956	   0.02522	[mu,kappa]: [(88.38541,186.41747),2.43121]
	2725.79829	   0.13626	[mu,kappa]: [(89.82800,179.91339),49.39971]
	 167.74486	   0.00841	[mu,kappa]: [(63.25360,257.97310),4.44096]
			msglen: 440391.22488 bits.
Iteration #: 72
	 781.62977	   0.03909	[mu,kappa]: [(44.94177,99.91202),149.44888]
	 360.99471	   0.01807	[mu,kappa]: [(60.92342,235.28693),2.86243]
	2018.69156	   0.10092	[mu,kappa]: [(179.93520,193.70698),241.99157]
	1242.33618	   0.06212	[mu,kappa]: [(91.10163,359.54470),9.97681]
	2304.19697	   0.11519	[mu,kappa]: [(29.80292,150.08898),67.87003]
	1090.97751	   0.05455	[mu,kappa]: [(82.05649,8.38014),7.07831]
	 469.90574	   0.02351	[mu,kappa]: [(39.89714,169.89449),1.30139]
	 875.78519	   0.04380	[mu,kappa]: [(51.61125,58.54393),4.24391]
	 936.68248	   0.04684	[mu,kappa]: [(150.29039,359.80284),37.68197]
	 359.59459	   0.01800	[mu,kappa]: [(69.56854,34.66064),0.36009]
	2997.98910	   0.14986	[mu,kappa]: [(89.76219,90.04009),25.25531]
	 306.39780	   0.01534	[mu,kappa]: [(138.12554,336.68868),1.39502]
	 610.16795	   0.03052	[mu,kappa]: [(23.09105,92.49357),1.93393]
	2245.77364	   0.11227	[mu,kappa]: [(89.84833,269.81894),105.15873]
	 504.69469	   0.02525	[mu,kappa]: [(88.14042,186.40958),2.40133]
	2726.16114	   0.13628	[mu,kappa]: [(89.82871,179.91359),49.39110]
	 168.02100	   0.00842	[mu,kappa]: [(62.68220,258.10904),4.36621]
			msglen: 440389.29905 bits.
Iteration #: 73
	 781.97016	   0.03911	[mu,kappa]: [(44.94045,99.91545),149.38394]
	 361.93286	   0.01811	[mu,kappa]: [(60.62980,235.17048),2.83364]
	2018.65965	   0.10092	[mu,kappa]: [(179.93506,193.65260),242.00158]
	1241.26319	   0.06206	[mu,kappa]: [(91.11949,359.47988),10.09201]
	2305.53761	   0.11525	[mu,kappa]: [(29.80146,150.08247),67.80964]
	1085.93008	   0.05430	[mu,kappa]: [(82.05532,8.37452),7.05443]
	 471.02628	   0.02357	[mu,kappa]: [(39.97617,170.20371),1.29300]
	 880.97514	   0.04406	[mu,kappa]: [(52.23849,58.38514),4.29675]
	 938.54077	   0.04693	[mu,kappa]: [(150.27995,359.80339),37.57165]
	 359.25147	   0.01798	[mu,kappa]: [(67.74130,34.96495),0.34656]
	2993.73137	   0.14965	[mu,kappa]: [(89.77265,90.05645),25.30882]
	 305.07622	   0.01527	[mu,kappa]: [(138.06833,335.81809),1.36563]
	 610.15475	   0.03052	[mu,kappa]: [(22.85940,92.48342),1.91184]
	2245.94693	   0.11227	[mu,kappa]: [(89.84790,269.81825),105.14524]
	 505.28415	   0.02528	[mu,kappa]: [(87.89396,186.39271),2.37272]
	2726.47223	   0.13629	[mu,kappa]: [(89.82945,179.91384),49.38400]
	 168.24715	   0.00843	[mu,kappa]: [(62.13619,258.22676),4.29346]
			msglen: 440387.62163 bits.
Iteration #: 74
	 782.37327	   0.03913	[mu,kappa]: [(44.93921,99.91836),149.29821]
	 362.76167	   0.01816	[mu,kappa]: [(60.35601,235.04697),2.80505]
	2018.63219	   0.10091	[mu,kappa]: [(179.93492,193.60273),242.01020]
	1240.34740	   0.06202	[mu,kappa]: [(91.13312,359.42778),10.19682]
	2306.72606	   0.11531	[mu,kappa]: [(29.80011,150.07604),67.75586]
	1081.29545	   0.05407	[mu,kappa]: [(82.05436,8.36118),7.03129]
	 472.10831	   0.02362	[mu,kappa]: [(40.05100,170.47842),1.28488]
	 885.49562	   0.04428	[mu,kappa]: [(52.81247,58.23791),4.34609]
	 940.25447	   0.04702	[mu,kappa]: [(150.27029,359.80370),37.46975]
	 358.91601	   0.01796	[mu,kappa]: [(65.88099,35.23676),0.33379]
	2989.89240	   0.14946	[mu,kappa]: [(89.78181,90.07171),25.35721]
	 303.85782	   0.01521	[mu,kappa]: [(137.98895,334.97893),1.33731]
	 610.19366	   0.03052	[mu,kappa]: [(22.60910,92.50474),1.89112]
	2246.12290	   0.11228	[mu,kappa]: [(89.84744,269.81759),105.13120]
	 505.84750	   0.02531	[mu,kappa]: [(87.64711,186.36877),2.34526]
	2726.74267	   0.13630	[mu,kappa]: [(89.83020,179.91413),49.37809]
	 168.43259	   0.00844	[mu,kappa]: [(61.61474,258.32564),4.22270]
			msglen: 440386.15815 bits.
Iteration #: 75
	 782.81853	   0.03915	[mu,kappa]: [(44.93804,99.92080),149.19776]
	 363.49767	   0.01819	[mu,kappa]: [(60.10215,234.91739),2.77680]
	2018.60900	   0.10091	[mu,kappa]: [(179.93479,193.55712),242.01750]
	1239.57706	   0.06198	[mu,kappa]: [(91.14336,359.38699),10.29180]
	2307.77139	   0.11536	[mu,kappa]: [(29.79887,150.06978),67.70837]
	1077.04161	   0.05385	[mu,kappa]: [(82.05397,8.34064),7.00896]
	 473.15010	   0.02367	[mu,kappa]: [(40.12158,170.72026),1.27698]
	 889.41303	   0.04448	[mu,kappa]: [(53.33719,58.10169),4.39216]
	 941.83509	   0.04710	[mu,kappa]: [(150.26142,359.80380),37.37570]
	 358.58524	   0.01795	[mu,kappa]: [(63.98539,35.48473),0.32177]
	2986.43784	   0.14928	[mu,kappa]: [(89.78982,90.08586),25.40088]
	 302.72600	   0.01515	[mu,kappa]: [(137.89014,334.17115),1.30992]
	 610.28673	   0.03053	[mu,kappa]: [(22.34504,92.55047),1.87172]
	2246.29899	   0.11229	[mu,kappa]: [(89.84696,269.81696),105.11685]
	 506.38445	   0.02533	[mu,kappa]: [(87.40065,186.33945),2.31886]
	2726.98155	   0.13632	[mu,kappa]: [(89.83096,179.91444),49.37310]
	 168.58572	   0.00845	[mu,kappa]: [(61.11688,258.40532),4.15394]
			msglen: 440384.87798 bits.
Iteration #: 76
	 783.28945	   0.03917	[mu,kappa]: [(44.93695,99.92285),149.08752]
	 364.15572	   0.01823	[mu,kappa]: [(59.86801,234.78263),2.74899]
	2018.58979	   0.10091	[mu,kappa]: [(179.93467,193.51551),242.02358]
	1238.94123	   0.06195	[mu,kappa]: [(91.15090,359.35615),10.37757]
	2308.68463	   0.11541	[mu,kappa]: [(29.79774,150.06375),67.66674]
	1073.13749	   0.05366	[mu,kappa]: [(82.05438,8.31354),6.98750]
	 474.15030	   0.02372	[mu,kappa]: [(40.18801,170.93137),1.26925]
	 892.78923	   0.04465	[mu,kappa]: [(53.81651,57.97582),4.43519]
	 943.29374	   0.04717	[mu,kappa]: [(150.25332,359.80372),37.28893]
	 358.25659	   0.01793	[mu,kappa]: [(62.05387,35.71674),0.31048]
	2983.33417	   0.14913	[mu,kappa]: [(89.79681,90.09893),25.44021]
	 301.66688	   0.01510	[mu,kappa]: [(137.77450,333.39422),1.28334]
	 610.43250	   0.03053	[mu,kappa]: [(22.07144,92.61479),1.85359]
	2246.47315	   0.11230	[mu,kappa]: [(89.84646,269.81637),105.10242]
	 506.89494	   0.02536	[mu,kappa]: [(87.15511,186.30620),2.29343]
	2727.19620	   0.13633	[mu,kappa]: [(89.83170,179.91476),49.36880]
	 168.71399	   0.00846	[mu,kappa]: [(60.64156,258.46565),4.08714]
			msglen: 440383.75424 bits.
Iteration #: 77
	 783.77304	   0.03920	[mu,kappa]: [(44.93595,99.92456),148.97141]
	 364.74904	   0.01825	[mu,kappa]: [(59.65314,234.64353),2.72171]
	2018.57423	   0.10091	[mu,kappa]: [(179.93456,193.47763),242.02856]
	1238.42966	   0.06192	[mu,kappa]: [(91.15631,359.33398),10.45477]
	2309.47783	   0.11545	[mu,kappa]: [(29.79672,150.05800),67.63047]
	1069.55330	   0.05348	[mu,kappa]: [(82.05577,8.28059),6.96695]
	 475.10797	   0.02377	[mu,kappa]: [(40.25046,171.11424),1.26165]
	 895.68140	   0.04479	[mu,kappa]: [(54.25415,57.85960),4.47542]
	 944.64092	   0.04724	[mu,kappa]: [(150.24596,359.80347),37.20886]
	 357.92785	   0.01791	[mu,kappa]: [(60.08719,35.93996),0.29991]
	2980.54927	   0.14899	[mu,kappa]: [(89.80290,90.11095),25.47559]
	 300.66893	   0.01505	[mu,kappa]: [(137.64448,332.64722),1.25746]
	 610.62725	   0.03054	[mu,kappa]: [(21.79188,92.69298),1.83666]
	2246.64377	   0.11231	[mu,kappa]: [(89.84596,269.81582),105.08807]
	 507.37903	   0.02538	[mu,kappa]: [(86.91083,186.27024),2.26889]
	2727.39249	   0.13634	[mu,kappa]: [(89.83243,179.91510),49.36503]
	 168.82401	   0.00846	[mu,kappa]: [(60.18773,258.50672),4.02229]
			msglen: 440382.76361 bits.
Iteration #: 78
	 784.25921	   0.03922	[mu,kappa]: [(44.93502,99.92598),148.85253]
	 365.28928	   0.01828	[mu,kappa]: [(59.45691,234.50088),2.69502]
	2018.56197	   0.10091	[mu,kappa]: [(179.93445,193.44321),242.03254]
	1238.03273	   0.06190	[mu,kappa]: [(91.16003,359.31935),10.52406]
	2310.16322	   0.11548	[mu,kappa]: [(29.79579,150.05254),67.59904]
	1066.26074	   0.05332	[mu,kappa]: [(82.05822,8.24253),6.94732]
	 476.02267	   0.02382	[mu,kappa]: [(40.30921,171.27145),1.25414]
	 898.14192	   0.04491	[mu,kappa]: [(54.65361,57.75233),4.51307]
	 945.88651	   0.04730	[mu,kappa]: [(150.23930,359.80308),37.13495]
	 357.59718	   0.01790	[mu,kappa]: [(58.08727,36.16091),0.29005]
	2978.05280	   0.14886	[mu,kappa]: [(89.80820,90.12197),25.50737]
	 299.72262	   0.01500	[mu,kappa]: [(137.50229,331.92889),1.23218]
	 610.86591	   0.03056	[mu,kappa]: [(21.50934,92.78123),1.82085]
	2246.80966	   0.11232	[mu,kappa]: [(89.84545,269.81531),105.07395]
	 507.83697	   0.02541	[mu,kappa]: [(86.66801,186.23262),2.24517]
	2727.57507	   0.13635	[mu,kappa]: [(89.83314,179.91543),49.36162]
	 168.92152	   0.00847	[mu,kappa]: [(59.75432,258.52879),3.95934]
			msglen: 440381.88602 bits.
Iteration #: 79
	 784.74038	   0.03925	[mu,kappa]: [(44.93417,99.92716),148.73327]
	 365.78655	   0.01831	[mu,kappa]: [(59.27856,234.35540),2.66897]
	2018.55267	   0.10091	[mu,kappa]: [(179.93436,193.41201),242.03562]
	1237.74140	   0.06189	[mu,kappa]: [(91.16243,359.31118),10.58607]
	2310.75274	   0.11551	[mu,kappa]: [(29.79495,150.04739),67.57194]
	1063.23320	   0.05316	[mu,kappa]: [(82.06179,8.20009),6.92862]
	 476.89435	   0.02386	[mu,kappa]: [(40.36450,171.40562),1.24672]
	 900.21850	   0.04502	[mu,kappa]: [(55.01818,57.65330),4.54837]
	 947.03964	   0.04736	[mu,kappa]: [(150.23329,359.80255),37.06667]
	 357.26313	   0.01788	[mu,kappa]: [(56.05694,36.38552),0.28086]
	2975.81647	   0.14875	[mu,kappa]: [(89.81282,90.13205),25.53591]
	 298.82009	   0.01496	[mu,kappa]: [(137.34989,331.23774),1.20744]
	 611.14276	   0.03057	[mu,kappa]: [(21.22626,92.87653),1.80608]
	2246.96990	   0.11233	[mu,kappa]: [(89.84494,269.81483),105.06014]
	 508.26911	   0.02543	[mu,kappa]: [(86.42673,186.19419),2.22222]
	2727.74761	   0.13635	[mu,kappa]: [(89.83382,179.91576),49.35849]
	 169.01150	   0.00847	[mu,kappa]: [(59.34028,258.53224),3.89823]
			msglen: 440381.10437 bits.
Iteration #: 80
	 785.21092	   0.03927	[mu,kappa]: [(44.93339,99.92813),148.61541]
	 366.24961	   0.01833	[mu,kappa]: [(59.11723,234.20776),2.64359]
	2018.54600	   0.10091	[mu,kappa]: [(179.93426,193.38376),242.03793]
	1237.54715	   0.06188	[mu,kappa]: [(91.16378,359.30855),10.64143]
	2311.25766	   0.11554	[mu,kappa]: [(29.79420,150.04254),67.54868]
	1060.44586	   0.05302	[mu,kappa]: [(82.06650,8.15400),6.91086]
	 477.72336	   0.02390	[mu,kappa]: [(40.41662,171.51930),1.23937]
	 901.95425	   0.04510	[mu,kappa]: [(55.35092,57.56185),4.58151]
	 948.10879	   0.04741	[mu,kappa]: [(150.22790,359.80190),37.00355]
	 356.92457	   0.01786	[mu,kappa]: [(53.99978,36.61923),0.27233]
	2973.81409	   0.14865	[mu,kappa]: [(89.81684,90.14126),25.56152]
	 297.95489	   0.01492	[mu,kappa]: [(137.18903,330.57209),1.18315]
	 611.45190	   0.03058	[mu,kappa]: [(20.94459,92.97651),1.79226]
	2247.12384	   0.11233	[mu,kappa]: [(89.84444,269.81439),105.04675]
	 508.67594	   0.02545	[mu,kappa]: [(86.18701,186.15563),2.19997]
	2727.91295	   0.13636	[mu,kappa]: [(89.83447,179.91608),49.35553]
	 169.09822	   0.00848	[mu,kappa]: [(58.94459,258.51760),3.83892]
			msglen: 440380.40413 bits.
Iteration #: 81
	 785.66685	   0.03929	[mu,kappa]: [(44.93267,99.92893),148.50028]
	 366.68597	   0.01835	[mu,kappa]: [(58.97202,234.05859),2.61889]
	2018.54163	   0.10091	[mu,kappa]: [(179.93417,193.35823),242.03954]
	1237.44196	   0.06187	[mu,kappa]: [(91.16430,359.31060),10.69073]
	2311.68844	   0.11556	[mu,kappa]: [(29.79353,150.03800),67.52878]
	1057.87572	   0.05290	[mu,kappa]: [(82.07233,8.10493),6.89400]
	 478.51040	   0.02394	[mu,kappa]: [(40.46579,171.61491),1.23206]
	 903.38793	   0.04518	[mu,kappa]: [(55.65465,57.47733),4.61269]
	 949.10170	   0.04746	[mu,kappa]: [(150.22307,359.80116),36.94511]
	 356.58070	   0.01785	[mu,kappa]: [(51.91999,36.86708),0.26442]
	2972.02169	   0.14856	[mu,kappa]: [(89.82035,90.14964),25.58450]
	 297.12174	   0.01487	[mu,kappa]: [(137.02118,329.93018),1.15927]
	 611.78759	   0.03060	[mu,kappa]: [(20.66588,93.07934),1.77931]
	2247.27106	   0.11234	[mu,kappa]: [(89.84394,269.81399),105.03383]
	 509.05805	   0.02547	[mu,kappa]: [(85.94878,186.11751),2.17838]
	2728.07329	   0.13637	[mu,kappa]: [(89.83510,179.91640),49.35268]
	 169.18529	   0.00848	[mu,kappa]: [(58.56625,258.48549),3.78134]
			msglen: 440379.77306 bits.
Iteration #: 82
	 786.10547	   0.03931	[mu,kappa]: [(44.93202,99.92959),148.38882]
	 367.10205	   0.01837	[mu,kappa]: [(58.84197,233.90845),2.59489]
	2018.53929	   0.10091	[mu,kappa]: [(179.93409,193.33520),242.04055]
	1237.41826	   0.06187	[mu,kappa]: [(91.16416,359.31660),10.73453]
	2312.05454	   0.11558	[mu,kappa]: [(29.79293,150.03375),67.51184]
	1055.50158	   0.05278	[mu,kappa]: [(82.07929,8.05350),6.87804]
	 479.25643	   0.02398	[mu,kappa]: [(40.51226,171.69470),1.22480]
	 904.55417	   0.04523	[mu,kappa]: [(55.93200,57.39915),4.64210]
	 950.02544	   0.04751	[mu,kappa]: [(150.21875,359.80031),36.89095]
	 356.23099	   0.01783	[mu,kappa]: [(49.82221,37.13383),0.25712]
	2970.41744	   0.14848	[mu,kappa]: [(89.82340,90.15727),25.60513]
	 296.31638	   0.01483	[mu,kappa]: [(136.84763,329.31015),1.13574]
	 612.14446	   0.03062	[mu,kappa]: [(20.39130,93.18366),1.76716]
	2247.41128	   0.11235	[mu,kappa]: [(89.84345,269.81361),105.02141]
	 509.41615	   0.02548	[mu,kappa]: [(85.71197,186.08024),2.15739]
	2728.23031	   0.13638	[mu,kappa]: [(89.83569,179.91669),49.34989]
	 169.27575	   0.00849	[mu,kappa]: [(58.20434,258.43659),3.72542]
			msglen: 440379.20085 bits.
Iteration #: 83
	 786.52510	   0.03933	[mu,kappa]: [(44.93142,99.93013),148.28164]
	 367.50328	   0.01839	[mu,kappa]: [(58.72613,233.75786),2.57159]
	2018.53869	   0.10091	[mu,kappa]: [(179.93401,193.31445),242.04104]
	1237.46897	   0.06187	[mu,kappa]: [(91.16348,359.32587),10.77335]
	2312.36448	   0.11559	[mu,kappa]: [(29.79239,150.02978),67.49746]
	1053.30406	   0.05267	[mu,kappa]: [(82.08733,8.00029),6.86294]
	 479.96266	   0.02401	[mu,kappa]: [(40.55621,171.76076),1.21758]
	 905.48385	   0.04528	[mu,kappa]: [(56.18535,57.32676),4.66988]
	 950.88642	   0.04755	[mu,kappa]: [(150.21491,359.79939),36.84066]
	 355.87516	   0.01781	[mu,kappa]: [(47.71143,37.42403),0.25038]
	2968.98159	   0.14841	[mu,kappa]: [(89.82606,90.16421),25.62366]
	 295.53530	   0.01480	[mu,kappa]: [(136.66941,328.71016),1.11252]
	 612.51762	   0.03064	[mu,kappa]: [(20.12175,93.28847),1.75573]
	2247.54439	   0.11235	[mu,kappa]: [(89.84298,269.81327),105.00953]
	 509.75106	   0.02550	[mu,kappa]: [(85.47645,186.04417),2.13699]
	2728.38523	   0.13639	[mu,kappa]: [(89.83626,179.91697),49.34713]
	 169.37214	   0.00849	[mu,kappa]: [(57.85795,258.37165),3.67110]
			msglen: 440378.67886 bits.
Iteration #: 84
	 786.92480	   0.03935	[mu,kappa]: [(44.93088,99.93058),148.17915]
	 367.89424	   0.01841	[mu,kappa]: [(58.62355,233.60727),2.54898]
	2018.53962	   0.10091	[mu,kappa]: [(179.93393,193.29579),242.04107]
	1237.58742	   0.06188	[mu,kappa]: [(91.16235,359.33786),10.80768]
	2312.62578	   0.11561	[mu,kappa]: [(29.79191,150.02607),67.48531]
	1051.26546	   0.05257	[mu,kappa]: [(82.09644,7.94582),6.84868]
	 480.63045	   0.02405	[mu,kappa]: [(40.59781,171.81499),1.21038]
	 906.20436	   0.04532	[mu,kappa]: [(56.41688,57.25964),4.69619]
	 951.69045	   0.04759	[mu,kappa]: [(150.21149,359.79840),36.79390]
	 355.51311	   0.01779	[mu,kappa]: [(45.59285,37.74213),0.24418]
	2967.69631	   0.14835	[mu,kappa]: [(89.82837,90.17051),25.64029]
	 294.77571	   0.01476	[mu,kappa]: [(136.48738,328.12835),1.08957]
	 612.90273	   0.03066	[mu,kappa]: [(19.85785,93.39307),1.74495]
	2247.67038	   0.11236	[mu,kappa]: [(89.84252,269.81295),104.99820]
	 510.06366	   0.02552	[mu,kappa]: [(85.24209,186.00953),2.11711]
	2728.53898	   0.13639	[mu,kappa]: [(89.83680,179.91724),49.34436]
	 169.47653	   0.00850	[mu,kappa]: [(57.52625,258.29143),3.61830]
			msglen: 440378.19985 bits.
			N: 20000
		22.01891 bpr
Null model msglen: 471661.29398 bits.	(23.58306 bpr)
