Iteration #: 0
	1109.00000	   0.05545	[mu,kappa]: [(67.72625,120.66666),0.48619]
	1109.00000	   0.05545	[mu,kappa]: [(79.31980,128.72599),0.33118]
	1127.00000	   0.05635	[mu,kappa]: [(79.21658,122.67080),0.48575]
	1098.00000	   0.05490	[mu,kappa]: [(71.90823,121.49125),0.47141]
	1145.00000	   0.05725	[mu,kappa]: [(59.10712,121.76904),0.38385]
	1087.00000	   0.05435	[mu,kappa]: [(71.41952,120.20011),0.34065]
	1061.00000	   0.05305	[mu,kappa]: [(63.51553,114.78910),0.42589]
	1102.00000	   0.05510	[mu,kappa]: [(69.97701,115.73527),0.44225]
	1105.00000	   0.05525	[mu,kappa]: [(74.20309,126.53643),0.47593]
	1127.00000	   0.05635	[mu,kappa]: [(67.80533,119.64146),0.34871]
	1096.00000	   0.05480	[mu,kappa]: [(68.75819,123.89448),0.29109]
	1164.00000	   0.05820	[mu,kappa]: [(67.19690,120.68450),0.48312]
	1150.00000	   0.05750	[mu,kappa]: [(77.36060,139.57109),0.41399]
	1101.00000	   0.05505	[mu,kappa]: [(75.00551,124.18940),0.43760]
	1125.00000	   0.05625	[mu,kappa]: [(63.63302,130.68255),0.41010]
	1081.00000	   0.05405	[mu,kappa]: [(89.50700,128.71423),0.40799]
	1083.00000	   0.05415	[mu,kappa]: [(87.68006,124.49172),0.40359]
	1130.00000	   0.05650	[mu,kappa]: [(76.18780,125.18649),0.41942]
			msglen: 440378.19985 bits.
Iteration #: 1
	1109.38077	   0.05547	[mu,kappa]: [(67.40322,120.91903),0.50461]
	1109.21587	   0.05546	[mu,kappa]: [(80.68789,128.77510),0.31422]
	1126.91848	   0.05635	[mu,kappa]: [(76.87331,121.99551),0.48453]
	1098.21774	   0.05491	[mu,kappa]: [(70.95484,121.41022),0.48157]
	1144.52434	   0.05723	[mu,kappa]: [(62.38590,123.05588),0.38948]
	1087.00497	   0.05435	[mu,kappa]: [(73.74738,120.59398),0.33284]
	1060.85143	   0.05304	[mu,kappa]: [(65.50621,115.87618),0.43699]
	1102.07913	   0.05510	[mu,kappa]: [(70.34304,116.06304),0.45104]
	1105.13153	   0.05526	[mu,kappa]: [(72.45864,126.22499),0.48197]
	1126.85417	   0.05634	[mu,kappa]: [(70.43722,120.33762),0.34450]
	1096.07863	   0.05480	[mu,kappa]: [(73.08377,124.83499),0.27753]
	1164.35306	   0.05822	[mu,kappa]: [(67.03042,120.98750),0.50185]
	1149.90759	   0.05749	[mu,kappa]: [(75.98211,139.67741),0.40445]
	1101.02763	   0.05505	[mu,kappa]: [(74.01383,123.93461),0.43803]
	1124.93259	   0.05625	[mu,kappa]: [(64.94359,131.15871),0.41821]
	1080.70503	   0.05404	[mu,kappa]: [(88.18171,127.82210),0.38042]
	1082.84250	   0.05414	[mu,kappa]: [(86.68192,123.47431),0.38071]
	1129.97456	   0.05650	[mu,kappa]: [(75.37483,124.91172),0.41580]
			msglen: 471175.98515 bits.
Iteration #: 2
	1109.80118	   0.05549	[mu,kappa]: [(66.87428,121.15061),0.52652]
	1109.43552	   0.05547	[mu,kappa]: [(82.72341,128.87467),0.29468]
	1126.85837	   0.05634	[mu,kappa]: [(74.89435,121.49852),0.48791]
	1098.39342	   0.05492	[mu,kappa]: [(70.01793,121.38596),0.49462]
	1144.12371	   0.05721	[mu,kappa]: [(64.76647,123.96148),0.39507]
	1086.97826	   0.05435	[mu,kappa]: [(76.05426,120.81910),0.32226]
	1060.72791	   0.05304	[mu,kappa]: [(66.80848,116.66536),0.44882]
	1102.08199	   0.05510	[mu,kappa]: [(70.46022,116.32538),0.46070]
	1105.24329	   0.05526	[mu,kappa]: [(70.93223,126.00844),0.49183]
	1126.68432	   0.05633	[mu,kappa]: [(72.76648,120.80150),0.33795]
	1096.27534	   0.05481	[mu,kappa]: [(77.59333,125.56800),0.26036]
	1164.74889	   0.05824	[mu,kappa]: [(66.61623,121.25272),0.52396]
	1149.74375	   0.05749	[mu,kappa]: [(75.00457,139.86528),0.39603]
	1100.95696	   0.05505	[mu,kappa]: [(73.18112,123.75108),0.43998]
	1124.80833	   0.05624	[mu,kappa]: [(65.80040,131.51753),0.42661]
	1080.55106	   0.05403	[mu,kappa]: [(87.71514,127.05797),0.35496]
	1082.74826	   0.05414	[mu,kappa]: [(86.45065,122.55804),0.35901]
	1129.83944	   0.05649	[mu,kappa]: [(74.77387,124.70388),0.41293]
			msglen: 471172.87097 bits.
Iteration #: 3
	1110.32583	   0.05552	[mu,kappa]: [(66.16614,121.37421),0.55289]
	1109.71882	   0.05549	[mu,kappa]: [(85.69410,129.03267),0.27226]
	1126.78969	   0.05634	[mu,kappa]: [(73.18589,121.15257),0.49540]
	1098.55630	   0.05493	[mu,kappa]: [(69.06621,121.41121),0.51100]
	1143.71373	   0.05718	[mu,kappa]: [(66.48833,124.61693),0.40023]
	1086.93349	   0.05435	[mu,kappa]: [(78.54526,120.90032),0.30867]
	1060.59101	   0.05303	[mu,kappa]: [(67.58497,117.25806),0.46157]
	1102.01272	   0.05510	[mu,kappa]: [(70.36847,116.54888),0.47164]
	1105.34815	   0.05527	[mu,kappa]: [(69.55157,125.86777),0.50562]
	1126.47628	   0.05632	[mu,kappa]: [(74.99201,121.08986),0.32877]
	1096.63172	   0.05483	[mu,kappa]: [(82.85123,126.17164),0.23941]
	1165.25252	   0.05826	[mu,kappa]: [(65.99205,121.49765),0.55043]
	1149.48697	   0.05747	[mu,kappa]: [(74.36734,140.13202),0.38805]
	1100.78472	   0.05504	[mu,kappa]: [(72.45616,123.62503),0.44335]
	1124.61171	   0.05623	[mu,kappa]: [(66.30888,131.79185),0.43555]
	1080.48761	   0.05403	[mu,kappa]: [(88.18227,126.39346),0.32991]
	1082.69139	   0.05414	[mu,kappa]: [(87.03544,121.69818),0.33717]
	1129.58736	   0.05648	[mu,kappa]: [(74.34013,124.54857),0.41054]
			msglen: 471169.14938 bits.
Iteration #: 4
	1111.02667	   0.05555	[mu,kappa]: [(65.30307,121.59881),0.58486]
	1110.13019	   0.05551	[mu,kappa]: [(90.06705,129.26760),0.24693]
	1126.68585	   0.05633	[mu,kappa]: [(71.66679,120.93363),0.50686]
	1098.72596	   0.05494	[mu,kappa]: [(68.07756,121.48070),0.53135]
	1143.22147	   0.05716	[mu,kappa]: [(67.72744,125.10384),0.40491]
	1086.88012	   0.05434	[mu,kappa]: [(81.46536,120.84395),0.29187]
	1060.40378	   0.05302	[mu,kappa]: [(67.95206,117.72179),0.47564]
	1101.85818	   0.05509	[mu,kappa]: [(70.09584,116.75364),0.48428]
	1105.45401	   0.05527	[mu,kappa]: [(68.26017,125.78746),0.52370]
	1126.21189	   0.05631	[mu,kappa]: [(77.30668,121.23544),0.31671]
	1097.21427	   0.05486	[mu,kappa]: [(89.68325,126.70715),0.21508]
	1165.93701	   0.05830	[mu,kappa]: [(65.19013,121.73461),0.58240]
	1149.10267	   0.05745	[mu,kappa]: [(74.02722,140.47971),0.37994]
	1100.48756	   0.05502	[mu,kappa]: [(71.79831,123.54609),0.44815]
	1124.31349	   0.05622	[mu,kappa]: [(66.54424,132.00370),0.44536]
	1080.49524	   0.05403	[mu,kappa]: [(89.74052,125.79437),0.30409]
	1082.66199	   0.05413	[mu,kappa]: [(88.55828,120.84053),0.31424]
	1129.18964	   0.05646	[mu,kappa]: [(74.04070,124.43466),0.40838]
			msglen: 471164.18963 bits.
Iteration #: 5
	1111.99604	   0.05560	[mu,kappa]: [(64.30956,121.83011),0.62383]
	1110.75004	   0.05554	[mu,kappa]: [(96.66570,129.61809),0.21934]
	1126.51681	   0.05633	[mu,kappa]: [(70.27133,120.82148),0.52245]
	1098.91744	   0.05495	[mu,kappa]: [(67.03849,121.59040),0.55644]
	1142.56951	   0.05713	[mu,kappa]: [(68.61174,125.47577),0.40914]
	1086.82694	   0.05434	[mu,kappa]: [(85.14995,120.63653),0.27175]
	1060.12311	   0.05301	[mu,kappa]: [(67.99349,118.10315),0.49153]
	1101.58837	   0.05508	[mu,kappa]: [(69.66283,116.95514),0.49911]
	1105.56564	   0.05528	[mu,kappa]: [(67.01652,125.75525),0.54664]
	1125.86733	   0.05629	[mu,kappa]: [(79.92583,121.25297),0.30154]
	1098.12204	   0.05491	[mu,kappa]: [(99.43002,127.23674),0.18900]
	1166.89668	   0.05834	[mu,kappa]: [(64.24075,121.97177),0.62129]
	1148.53909	   0.05743	[mu,kappa]: [(73.95953,140.91643),0.37123]
	1100.02090	   0.05500	[mu,kappa]: [(71.17581,123.50680),0.45443]
	1123.86751	   0.05619	[mu,kappa]: [(66.56078,132.16855),0.45642]
	1080.57632	   0.05403	[mu,kappa]: [(92.69749,125.21853),0.27681]
	1082.66157	   0.05413	[mu,kappa]: [(91.26204,119.91446),0.28961]
	1128.59465	   0.05643	[mu,kappa]: [(73.85285,124.35381),0.40626]
			msglen: 471157.24276 bits.
Iteration #: 6
	1113.36129	   0.05567	[mu,kappa]: [(63.21211,122.07091),0.67148]
	1111.68587	   0.05558	[mu,kappa]: [(106.90773,130.16894),0.19174]
	1126.24323	   0.05631	[mu,kappa]: [(68.94968,120.79951),0.54256]
	1099.14441	   0.05496	[mu,kappa]: [(65.94410,121.73684),0.58723]
	1141.66248	   0.05708	[mu,kappa]: [(69.23497,125.76976),0.41300]
	1086.78489	   0.05434	[mu,kappa]: [(90.10882,120.23675),0.24848]
	1059.69236	   0.05299	[mu,kappa]: [(67.77114,118.43511),0.50983]
	1101.15341	   0.05506	[mu,kappa]: [(69.08584,117.16522),0.51668]
	1105.68537	   0.05528	[mu,kappa]: [(65.79311,125.76157),0.57525]
	1125.41106	   0.05627	[mu,kappa]: [(83.12675,121.14040),0.28306]
	1099.49723	   0.05498	[mu,kappa]: [(114.15761,127.85492),0.16556]
	1168.26200	   0.05841	[mu,kappa]: [(63.17475,122.21372),0.66877]
	1147.72140	   0.05739	[mu,kappa]: [(74.15933,141.45806),0.36147]
	1099.31412	   0.05497	[mu,kappa]: [(70.56452,123.50210),0.46231]
	1123.20487	   0.05616	[mu,kappa]: [(66.39883,132.29802),0.46910]
	1080.75158	   0.05404	[mu,kappa]: [(97.62127,124.60783),0.24806]
	1082.70181	   0.05414	[mu,kappa]: [(95.58817,118.81661),0.26321]
	1127.72263	   0.05639	[mu,kappa]: [(73.76289,124.30019),0.40399]
			msglen: 471147.33691 bits.
Iteration #: 7
	1115.30306	   0.05577	[mu,kappa]: [(62.04020,122.32117),0.72984]
	1113.08424	   0.05565	[mu,kappa]: [(122.77871,131.13723),0.16988]
	1125.81006	   0.05629	[mu,kappa]: [(67.66764,120.85407),0.56776]
	1099.42148	   0.05497	[mu,kappa]: [(64.79819,121.91649),0.62490]
	1140.37372	   0.05702	[mu,kappa]: [(69.66728,126.01283),0.41657]
	1086.76982	   0.05434	[mu,kappa]: [(97.16598,119.55325),0.22292]
	1059.03312	   0.05295	[mu,kappa]: [(67.33325,118.74127),0.53118]
	1100.47781	   0.05502	[mu,kappa]: [(68.38026,117.39263),0.53760]
	1105.81335	   0.05529	[mu,kappa]: [(64.57550,125.79913),0.61053]
	1124.80150	   0.05624	[mu,kappa]: [(87.31176,120.87532),0.26127]
	1101.53822	   0.05508	[mu,kappa]: [(135.53582,128.79786),0.15448]
	1170.21841	   0.05851	[mu,kappa]: [(62.02483,122.46188),0.72688]
	1146.54379	   0.05733	[mu,kappa]: [(74.64386,142.13119),0.35024]
	1098.26255	   0.05491	[mu,kappa]: [(69.94726,123.52898),0.47195]
	1122.22553	   0.05611	[mu,kappa]: [(66.08996,132.40175),0.48382]
	1081.06065	   0.05405	[mu,kappa]: [(105.50849,123.86646),0.21907]
	1082.80541	   0.05414	[mu,kappa]: [(102.29636,117.37286),0.23587]
	1126.45728	   0.05632	[mu,kappa]: [(73.76554,124.27015),0.40134]
			msglen: 471133.17381 bits.
Iteration #: 8
	1118.07906	   0.05590	[mu,kappa]: [(60.82625,122.57824),0.80132]
	1115.14304	   0.05576	[mu,kappa]: [(144.80835,133.27596),0.16507]
	1125.13930	   0.05626	[mu,kappa]: [(66.40605,120.97360),0.59883]
	1099.76612	   0.05499	[mu,kappa]: [(63.61324,122.12531),0.67084]
	1138.53095	   0.05693	[mu,kappa]: [(69.96334,126.22617),0.41985]
	1086.80566	   0.05434	[mu,kappa]: [(107.63389,118.38428),0.19751]
	1058.03555	   0.05290	[mu,kappa]: [(66.72080,119.03825),0.55629]
	1099.45197	   0.05497	[mu,kappa]: [(67.56335,117.64322),0.56254]
	1105.94730	   0.05530	[mu,kappa]: [(63.36139,125.86246),0.65373]
	1123.98477	   0.05620	[mu,kappa]: [(93.11479,120.40293),0.23656]
	1104.51357	   0.05523	[mu,kappa]: [(160.28377,131.21757),0.16943]
	1173.03072	   0.05865	[mu,kappa]: [(60.82586,122.71473),0.79800]
	1144.86005	   0.05724	[mu,kappa]: [(75.45755,142.97784),0.33708]
	1096.71636	   0.05484	[mu,kappa]: [(69.31376,123.58616),0.48351]
	1120.78720	   0.05604	[mu,kappa]: [(65.66125,132.48895),0.50099]
	1081.56500	   0.05408	[mu,kappa]: [(117.88040,122.79690),0.19360]
	1083.00875	   0.05415	[mu,kappa]: [(112.56736,115.23988),0.21026]
	1124.63463	   0.05623	[mu,kappa]: [(73.86395,124.26221),0.39809]
			msglen: 471113.03284 bits.
Iteration #: 9
	1122.05346	   0.05610	[mu,kappa]: [(59.60464,122.83699),0.88872]
	1118.12196	   0.05591	[mu,kappa]: [(167.83115,142.04639),0.18958]
	1124.12167	   0.05621	[mu,kappa]: [(65.16023,121.14776),0.63665]
	1100.20066	   0.05501	[mu,kappa]: [(62.41020,122.35828),0.72663]
	1135.90126	   0.05679	[mu,kappa]: [(70.16856,126.42784),0.42281]
	1086.92818	   0.05435	[mu,kappa]: [(123.15354,116.22622),0.17799]
	1056.54730	   0.05283	[mu,kappa]: [(65.97262,119.33716),0.58591]
	1097.92182	   0.05490	[mu,kappa]: [(66.65671,117.91980),0.59224]
	1106.08218	   0.05530	[mu,kappa]: [(62.15961,125.94758),0.70626]
	1122.89344	   0.05614	[mu,kappa]: [(101.56560,119.60452),0.21038]
	1108.77279	   0.05544	[mu,kappa]: [(178.51301,250.97792),0.21652]
	1177.07345	   0.05885	[mu,kappa]: [(59.61411,122.96809),0.88495]
	1142.47383	   0.05712	[mu,kappa]: [(76.68138,144.06331),0.32156]
	1094.46732	   0.05472	[mu,kappa]: [(68.66113,123.67385),0.49715]
	1118.69219	   0.05593	[mu,kappa]: [(65.13895,132.56971),0.52102]
	1082.35236	   0.05412	[mu,kappa]: [(135.97054,120.85859),0.17986]
	1083.36560	   0.05417	[mu,kappa]: [(127.65026,111.59848),0.19249]
	1122.03054	   0.05610	[mu,kappa]: [(74.07043,124.27706),0.39392]
			msglen: 471084.71247 bits.
Iteration #: 10
	1127.72950	   0.05639	[mu,kappa]: [(58.40981,123.09002),0.99522]
	1122.34569	   0.05612	[mu,kappa]: [(173.43250,285.77417),0.24551]
	1122.60862	   0.05613	[mu,kappa]: [(63.93918,121.36659),0.68221]
	1100.75458	   0.05504	[mu,kappa]: [(61.21748,122.60919),0.79401]
	1132.17833	   0.05661	[mu,kappa]: [(70.32386,126.63500),0.42530]
	1087.18901	   0.05436	[mu,kappa]: [(143.81117,111.45699),0.17475]
	1054.36278	   0.05272	[mu,kappa]: [(65.12911,119.64430),0.62077]
	1095.67830	   0.05478	[mu,kappa]: [(65.68842,118.22188),0.62742]
	1106.21009	   0.05531	[mu,kappa]: [(60.98871,126.05181),0.76968]
	1121.44765	   0.05607	[mu,kappa]: [(114.19451,118.20672),0.18644]
	1114.74611	   0.05574	[mu,kappa]: [(165.48354,303.30221),0.29116]
	1182.86441	   0.05914	[mu,kappa]: [(58.42557,123.21539),0.99085]
	1139.13194	   0.05696	[mu,kappa]: [(78.44879,145.48948),0.30331]
	1091.23629	   0.05456	[mu,kappa]: [(67.99466,123.79356),0.51300]
	1115.67489	   0.05578	[mu,kappa]: [(64.55140,132.65618),0.54428]
	1083.54059	   0.05418	[mu,kappa]: [(157.65492,115.70147),0.18969]
	1083.95114	   0.05420	[mu,kappa]: [(146.88490,103.88290),0.19278]
	1118.35010	   0.05592	[mu,kappa]: [(74.40779,124.31796),0.38848]
			msglen: 471045.57619 bits.
Iteration #: 11
	1135.77532	   0.05679	[mu,kappa]: [(57.27390,123.32805),1.12411]
	1128.18969	   0.05641	[mu,kappa]: [(162.07016,301.46996),0.32684]
	1120.40793	   0.05602	[mu,kappa]: [(62.76432,121.61996),0.73645]
	1101.46739	   0.05507	[mu,kappa]: [(60.06942,122.87062),0.87474]
	1126.97895	   0.05635	[mu,kappa]: [(70.46959,126.86568),0.42706]
	1087.65897	   0.05438	[mu,kappa]: [(164.68852,95.21379),0.19848]
	1051.21732	   0.05256	[mu,kappa]: [(64.23493,119.96170),0.66152]
	1092.45183	   0.05462	[mu,kappa]: [(64.69440,118.54544),0.66874]
	1106.32126	   0.05532	[mu,kappa]: [(59.87514,126.17371),0.84558]
	1119.56143	   0.05598	[mu,kappa]: [(132.30328,115.45822),0.17248]
	1122.91906	   0.05615	[mu,kappa]: [(156.84709,305.39892),0.38730]
	1191.09150	   0.05955	[mu,kappa]: [(57.29354,123.44809),1.11899]
	1134.52764	   0.05673	[mu,kappa]: [(80.97222,147.41764),0.28211]
	1086.66773	   0.05433	[mu,kappa]: [(67.32884,123.94805),0.53108]
	1111.39573	   0.05557	[mu,kappa]: [(63.93156,132.76373),0.57104]
	1085.27746	   0.05426	[mu,kappa]: [(175.62657,68.77817),0.22991]
	1084.86421	   0.05424	[mu,kappa]: [(164.84325,79.77927),0.22038]
	1113.22658	   0.05566	[mu,kappa]: [(74.91119,124.39128),0.38131]
			msglen: 470992.82537 bits.
Iteration #: 12
	1147.01960	   0.05735	[mu,kappa]: [(56.22387,123.54030),1.27839]
	1136.03468	   0.05680	[mu,kappa]: [(154.60518,304.22751),0.42756]
	1117.28987	   0.05586	[mu,kappa]: [(61.66782,121.89725),0.80013]
	1102.39150	   0.05512	[mu,kappa]: [(59.00405,123.13419),0.97036]
	1119.86197	   0.05599	[mu,kappa]: [(70.64895,127.14044),0.42773]
	1088.42868	   0.05442	[mu,kappa]: [(172.35377,3.33022),0.25088]
	1046.79517	   0.05234	[mu,kappa]: [(63.34052,120.28750),0.70863]
	1087.92074	   0.05440	[mu,kappa]: [(63.71902,118.88276),0.71667]
	1106.40745	   0.05532	[mu,kappa]: [(58.85097,126.31326),0.93530]
	1117.15816	   0.05586	[mu,kappa]: [(153.99488,108.41689),0.17967]
	1133.76272	   0.05669	[mu,kappa]: [(151.24662,306.24472),0.50055]
	1202.60847	   0.06013	[mu,kappa]: [(56.24606,123.65609),1.27236]
	1128.32528	   0.05642	[mu,kappa]: [(84.58451,150.10823),0.25811]
	1080.34353	   0.05402	[mu,kappa]: [(66.68844,124.14126),0.55127]
	1105.45346	   0.05527	[mu,kappa]: [(63.31894,132.91198),0.60139]
	1087.73149	   0.05439	[mu,kappa]: [(167.86152,321.64027),0.29728]
	1086.22472	   0.05431	[mu,kappa]: [(169.36912,5.50150),0.27610]
	1106.24251	   0.05531	[mu,kappa]: [(75.63080,124.50743),0.37192]
			msglen: 470924.16190 bits.
Iteration #: 13
	1162.37397	   0.05812	[mu,kappa]: [(55.27859,123.71496),1.45993]
	1146.17489	   0.05731	[mu,kappa]: [(149.66709,305.41632),0.54283]
	1113.01479	   0.05565	[mu,kappa]: [(60.68959,122.18761),0.87356]
	1103.59413	   0.05518	[mu,kappa]: [(58.06005,123.39114),1.08177]
	1110.38845	   0.05552	[mu,kappa]: [(70.91012,127.48394),0.42684]
	1089.60400	   0.05448	[mu,kappa]: [(163.25864,324.49948),0.32599]
	1040.76548	   0.05204	[mu,kappa]: [(62.50172,120.61659),0.76216]
	1081.74836	   0.05409	[mu,kappa]: [(62.81395,119.22278),0.77131]
	1106.46922	   0.05532	[mu,kappa]: [(57.95077,126.47237),1.03962]
	1114.19950	   0.05571	[mu,kappa]: [(171.95720,71.43841),0.21446]
	1147.60147	   0.05738	[mu,kappa]: [(147.49727,306.77901),0.62679]
	1218.35556	   0.06092	[mu,kappa]: [(55.30281,123.82826),1.45280]
	1120.22134	   0.05601	[mu,kappa]: [(89.78800,153.98998),0.23227]
	1071.83394	   0.05359	[mu,kappa]: [(66.10866,124.37847),0.57319]
	1097.43318	   0.05487	[mu,kappa]: [(62.76028,133.12562),0.63514]
	1091.06800	   0.05455	[mu,kappa]: [(158.81002,313.98697),0.38487]
	1088.16257	   0.05441	[mu,kappa]: [(161.94806,331.14753),0.35421]
	1096.99115	   0.05485	[mu,kappa]: [(76.63447,124.68218),0.35981]
			msglen: 470838.95183 bits.
Iteration #: 14
	1182.62581	   0.05913	[mu,kappa]: [(54.44593,123.83967),1.66805]
	1158.68030	   0.05793	[mu,kappa]: [(146.29107,306.11786),0.66750]
	1107.39377	   0.05537	[mu,kappa]: [(59.87288,122.48073),0.95629]
	1105.15541	   0.05526	[mu,kappa]: [(57.27270,123.63321),1.20863]
	1098.23938	   0.05491	[mu,kappa]: [(71.30704,127.92611),0.42385]
	1091.29421	   0.05457	[mu,kappa]: [(155.92063,316.83595),0.41682]
	1032.86095	   0.05164	[mu,kappa]: [(61.77711,120.94173),0.82159]
	1073.66373	   0.05368	[mu,kappa]: [(62.03495,119.55193),0.83217]
	1106.52829	   0.05533	[mu,kappa]: [(57.20762,126.65561),1.15817]
	1110.72849	   0.05554	[mu,kappa]: [(168.68387,334.17498),0.27310]
	1164.42368	   0.05822	[mu,kappa]: [(144.92341,307.20521),0.76075]
	1239.14705	   0.06195	[mu,kappa]: [(54.47243,123.95293),1.65965]
	1110.05206	   0.05550	[mu,kappa]: [(97.24396,159.77150),0.20701]
	1060.80305	   0.05304	[mu,kappa]: [(65.63373,124.66647),0.59622]
	1087.00818	   0.05435	[mu,kappa]: [(62.30831,133.43500),0.67174]
	1095.40745	   0.05477	[mu,kappa]: [(152.70029,311.72831),0.48628]
	1090.79528	   0.05454	[mu,kappa]: [(155.41689,321.56504),0.44801]
	1085.19291	   0.05426	[mu,kappa]: [(78.01005,124.93819),0.34458]
			msglen: 470739.70504 bits.
Iteration #: 15
	1208.07277	   0.06040	[mu,kappa]: [(53.72097,123.90202),1.89781]
	1173.25031	   0.05866	[mu,kappa]: [(143.91281,306.61616),0.79513]
	1100.38402	   0.05502	[mu,kappa]: [(59.25758,122.76805),1.04677]
	1107.15923	   0.05536	[mu,kappa]: [(56.66877,123.85361),1.34870]
	1083.38308	   0.05417	[mu,kappa]: [(71.89699,128.50252),0.41832]
	1093.59262	   0.05468	[mu,kappa]: [(150.79453,313.90346),0.51699]
	1023.00026	   0.05115	[mu,kappa]: [(61.22224,121.25514),0.88570]
	1063.58698	   0.05318	[mu,kappa]: [(61.43557,119.85575),0.89799]
	1106.64315	   0.05533	[mu,kappa]: [(56.64771,126.87123),1.28882]
	1106.91709	   0.05535	[mu,kappa]: [(159.71585,318.64832),0.34753]
	1183.69590	   0.05918	[mu,kappa]: [(143.13380,307.60130),0.89546]
	1265.29571	   0.06326	[mu,kappa]: [(53.75058,124.01841),1.88806]
	1097.93321	   0.05490	[mu,kappa]: [(107.41596,168.56666),0.18699]
	1047.16579	   0.05236	[mu,kappa]: [(65.31231,125.01396),0.61947]
	1074.09428	   0.05371	[mu,kappa]: [(62.01728,133.87596),0.71027]
	1100.77283	   0.05504	[mu,kappa]: [(148.48317,310.73939),0.59532]
	1094.19632	   0.05471	[mu,kappa]: [(150.70449,317.58015),0.55108]
	1070.85646	   0.05354	[mu,kappa]: [(79.86540,125.30656),0.32608]
			msglen: 470633.08130 bits.
Iteration #: 16
	1238.08748	   0.06190	[mu,kappa]: [(53.08688,123.89025),2.13867]
	1189.14730	   0.05946	[mu,kappa]: [(142.19761,307.02245),0.91800]
	1092.19112	   0.05461	[mu,kappa]: [(58.87147,123.04401),1.14228]
	1109.67350	   0.05548	[mu,kappa]: [(56.26072,124.04745),1.49730]
	1066.23063	   0.05331	[mu,kappa]: [(72.73354,129.25318),0.41006]
	1096.55203	   0.05483	[mu,kappa]: [(147.13553,312.48085),0.62006]
	1011.41771	   0.05057	[mu,kappa]: [(60.88040,121.55034),0.95250]
	1051.76199	   0.05259	[mu,kappa]: [(61.05761,120.12081),0.96679]
	1106.91994	   0.05535	[mu,kappa]: [(56.28403,127.13178),1.42735]
	1103.08880	   0.05515	[mu,kappa]: [(153.29017,314.23819),0.43021]
	1204.30844	   0.06021	[mu,kappa]: [(141.89308,308.01207),1.02262]
	1296.16424	   0.06480	[mu,kappa]: [(53.12075,124.01367),2.12757]
	1084.37148	   0.05422	[mu,kappa]: [(119.34525,181.74815),0.17891]
	1031.24426	   0.05156	[mu,kappa]: [(65.18838,125.43169),0.64194]
	1059.00861	   0.05295	[mu,kappa]: [(61.93428,134.48874),0.74958]
	1107.04711	   0.05535	[mu,kappa]: [(145.46676,310.26300),0.70531]
	1098.36297	   0.05492	[mu,kappa]: [(147.30572,315.59243),0.65678]
	1054.42237	   0.05272	[mu,kappa]: [(82.32364,125.82769),0.30461]
			msglen: 470529.13454 bits.
Iteration #: 17
	1270.88674	   0.06354	[mu,kappa]: [(52.52019,123.79442),2.37507]
	1205.30780	   0.06026	[mu,kappa]: [(140.94015,307.39347),1.02831]
	1083.31135	   0.05417	[mu,kappa]: [(58.72079,123.30628),1.23916]
	1112.71942	   0.05564	[mu,kappa]: [(56.04198,124.21124),1.64747]
	1047.66408	   0.05238	[mu,kappa]: [(73.85410,130.21868),0.39930]
	1100.16186	   0.05501	[mu,kappa]: [(144.43322,311.73990),0.71955]
	 998.71615	   0.04994	[mu,kappa]: [(60.77166,121.82328),1.01961]
	1038.81040	   0.05194	[mu,kappa]: [(60.91998,120.33595),1.03611]
	1107.50221	   0.05538	[mu,kappa]: [(56.11067,127.45394),1.56752]
	1099.67761	   0.05498	[mu,kappa]: [(148.69982,312.29287),0.51461]
	1224.77764	   0.06124	[mu,kappa]: [(141.05454,308.47293),1.13418]
	1329.92412	   0.06649	[mu,kappa]: [(52.55944,123.92941),2.36277]
	1070.24885	   0.05351	[mu,kappa]: [(129.56837,199.58705),0.18800]
	1013.81590	   0.05069	[mu,kappa]: [(65.28843,125.93179),0.66273]
	1042.52823	   0.05213	[mu,kappa]: [(62.08730,135.31515),0.78858]
	1113.97104	   0.05570	[mu,kappa]: [(143.23428,310.05853),0.80939]
	1103.19902	   0.05516	[mu,kappa]: [(144.80127,314.55992),0.75840]
	1036.77756	   0.05184	[mu,kappa]: [(85.51089,126.55046),0.28103]
			msglen: 470438.15365 bits.
Iteration #: 18
	1303.83151	   0.06519	[mu,kappa]: [(51.99998,123.60794),2.59019]
	1220.63618	   0.06103	[mu,kappa]: [(140.01028,307.76442),1.11992]
	1074.44268	   0.05372	[mu,kappa]: [(58.78420,123.55433),1.33349]
	1116.23518	   0.05581	[mu,kappa]: [(55.98612,124.34115),1.79103]
	1028.84757	   0.05144	[mu,kappa]: [(75.26605,131.43381),0.38667]
	1104.33712	   0.05522	[mu,kappa]: [(142.37258,311.37401),0.80974]
	 985.75898	   0.04929	[mu,kappa]: [(60.88455,122.07156),1.08469]
	1025.62048	   0.05128	[mu,kappa]: [(61.01046,120.49170),1.10355]
	1108.52487	   0.05543	[mu,kappa]: [(56.10088,127.85730),1.70206]
	1097.11217	   0.05486	[mu,kappa]: [(145.29650,311.27873),0.59527]
	1243.68009	   0.06218	[mu,kappa]: [(140.52426,309.01725),1.22436]
	1363.85852	   0.06819	[mu,kappa]: [(52.04515,123.75954),2.57692]
	1056.62131	   0.05283	[mu,kappa]: [(134.85711,218.86734),0.21352]
	 995.95898	   0.04980	[mu,kappa]: [(65.60920,126.52565),0.68134]
	1025.75099	   0.05129	[mu,kappa]: [(62.47419,136.39442),0.82659]
	1121.19755	   0.05606	[mu,kappa]: [(141.53323,310.02584),0.90157]
	1108.52581	   0.05543	[mu,kappa]: [(142.91649,314.07874),0.85007]
	1019.05999	   0.05096	[mu,kappa]: [(89.53865,127.52871),0.25662]
			msglen: 470366.61616 bits.
Iteration #: 19
	1334.25570	   0.06671	[mu,kappa]: [(51.51596,123.32840),2.77147]
	1234.33124	   0.06171	[mu,kappa]: [(139.32278,308.15969),1.18982]
	1066.27300	   0.05331	[mu,kappa]: [(59.01449,123.78694),1.42192]
	1120.05476	   0.05600	[mu,kappa]: [(56.05206,124.43124),1.92047]
	1010.87934	   0.05055	[mu,kappa]: [(76.94004,132.92116),0.37309]
	1108.92960	   0.05545	[mu,kappa]: [(140.75910,311.24119),0.88669]
	 973.41594	   0.04867	[mu,kappa]: [(61.17614,122.29226),1.14600]
	1013.08649	   0.05066	[mu,kappa]: [(61.28595,120.57800),1.16731]
	1110.04756	   0.05550	[mu,kappa]: [(56.21148,128.36355),1.82435]
	1095.67788	   0.05478	[mu,kappa]: [(142.67435,310.71406),0.66828]
	1260.08381	   0.06300	[mu,kappa]: [(140.24073,309.67794),1.29104]
	1395.21158	   0.06975	[mu,kappa]: [(51.56664,123.50200),2.75744]
	1044.40936	   0.05222	[mu,kappa]: [(135.67285,234.80718),0.25007]
	 978.73210	   0.04894	[mu,kappa]: [(66.11350,127.22121),0.69774]
	1009.78748	   0.05049	[mu,kappa]: [(63.06002,137.75917),0.86366]
	1128.38281	   0.05642	[mu,kappa]: [(140.20697,310.11423),0.97801]
	1114.12234	   0.05571	[mu,kappa]: [(141.47684,313.95999),0.92784]
	1002.31898	   0.05012	[mu,kappa]: [(94.48967,128.81687),0.23284]
			msglen: 470315.24746 bits.
Iteration #: 20
	1360.32021	   0.06801	[mu,kappa]: [(51.07046,122.95635),2.91419]
	1246.04976	   0.06230	[mu,kappa]: [(138.82009,308.59659),1.23846]
	1059.26738	   0.05296	[mu,kappa]: [(59.34918,124.00049),1.50224]
	1123.93082	   0.05620	[mu,kappa]: [(56.19404,124.47294),2.03068]
	 994.48897	   0.04973	[mu,kappa]: [(78.81728,134.68931),0.35939]
	1113.76041	   0.05569	[mu,kappa]: [(139.46989,311.26315),0.94885]
	 962.30835	   0.04812	[mu,kappa]: [(61.58280,122.48002),1.20264]
	1001.84789	   0.05009	[mu,kappa]: [(61.68333,120.58195),1.22644]
	1112.02014	   0.05560	[mu,kappa]: [(56.39320,128.99740),1.92982]
	1095.44267	   0.05477	[mu,kappa]: [(140.58567,310.39281),0.73158]
	1273.71602	   0.06368	[mu,kappa]: [(140.16278,310.48715),1.33583]
	1422.07109	   0.07110	[mu,kappa]: [(51.12516,123.15763),2.89953]
	1034.16447	   0.05171	[mu,kappa]: [(134.20626,245.85271),0.29231]
	 962.87431	   0.04815	[mu,kappa]: [(66.73872,128.02180),0.71223]
	 995.46491	   0.04978	[mu,kappa]: [(63.78667,139.43405),0.90052]
	1135.26483	   0.05676	[mu,kappa]: [(139.15520,310.29281),1.03753]
	1119.77629	   0.05599	[mu,kappa]: [(140.37020,314.10232),0.99028]
	 987.23149	   0.04936	[mu,kappa]: [(100.41659,130.47060),0.21095]
			msglen: 470280.40244 bits.
Iteration #: 21
	1381.34919	   0.06906	[mu,kappa]: [(50.67394,122.49212),3.02098]
	1255.84833	   0.06279	[mu,kappa]: [(138.46204,309.08711),1.26877]
	1053.58237	   0.05268	[mu,kappa]: [(59.72523,124.18886),1.57354]
	1127.60229	   0.05638	[mu,kappa]: [(56.37185,124.45555),2.11976]
	 979.94475	   0.04900	[mu,kappa]: [(80.82750,136.73725),0.34620]
	1118.65754	   0.05593	[mu,kappa]: [(138.42449,311.39048),0.99677]
	 952.70167	   0.04764	[mu,kappa]: [(62.03676,122.62645),1.25447]
	 992.18059	   0.04961	[mu,kappa]: [(62.13612,120.48671),1.28082]
	1114.31711	   0.05572	[mu,kappa]: [(56.60211,129.78939),2.01672]
	1096.28217	   0.05481	[mu,kappa]: [(138.87630,310.20579),0.78478]
	1284.82847	   0.06424	[mu,kappa]: [(140.26200,311.47585),1.36282]
	1443.72263	   0.07218	[mu,kappa]: [(50.73012,122.72714),3.00567]
	1026.03283	   0.05130	[mu,kappa]: [(131.91824,253.03659),0.33696]
	 948.69387	   0.04744	[mu,kappa]: [(67.41377,128.92767),0.72529]
	 983.21569	   0.04916	[mu,kappa]: [(64.59099,141.43699),0.93852]
	1141.69285	   0.05708	[mu,kappa]: [(138.31107,310.53965),1.08125]
	1125.32129	   0.05627	[mu,kappa]: [(139.52236,314.44582),1.03811]
	 974.02637	   0.04870	[mu,kappa]: [(107.34802,132.55867),0.19185]
			msglen: 470256.92665 bits.
Iteration #: 22
	1397.60632	   0.06987	[mu,kappa]: [(50.33880,121.93256),3.09859]
	1264.00529	   0.06320	[mu,kappa]: [(138.21972,309.63974),1.28481]
	1049.11886	   0.05246	[mu,kappa]: [(60.09085,124.34434),1.63592]
	1130.86305	   0.05654	[mu,kappa]: [(56.55653,124.36676),2.18863]
	 967.15349	   0.04836	[mu,kappa]: [(82.90622,139.06155),0.33381]
	1123.47959	   0.05617	[mu,kappa]: [(137.56752,311.58932),1.03230]
	 944.55876	   0.04723	[mu,kappa]: [(62.48041,122.72072),1.30184]
	 984.05387	   0.04921	[mu,kappa]: [(62.58872,120.27147),1.33088]
	1116.81558	   0.05584	[mu,kappa]: [(56.80750,130.77932),2.08587]
	1097.96285	   0.05490	[mu,kappa]: [(137.44606,310.08579),0.82866]
	1293.93144	   0.06469	[mu,kappa]: [(140.51763,312.67432),1.37702]
	1460.42406	   0.07301	[mu,kappa]: [(50.39300,122.20796),3.08256]
	1019.87462	   0.05100	[mu,kappa]: [(129.41877,257.68508),0.38265]
	 936.14567	   0.04681	[mu,kappa]: [(68.07511,129.93855),0.73743]
	 973.15992	   0.04866	[mu,kappa]: [(65.42170,143.78063),0.97944]
	1147.60894	   0.05738	[mu,kappa]: [(137.62773,310.83808),1.11160]
	1130.64711	   0.05653	[mu,kappa]: [(138.88190,314.95361),1.07344]
	 962.59056	   0.04813	[mu,kappa]: [(115.28170,135.18940),0.17616]
			msglen: 470240.20256 bits.
Iteration #: 23
	1409.85348	   0.07049	[mu,kappa]: [(50.07564,121.26934),3.15473]
	1270.85252	   0.06354	[mu,kappa]: [(138.07143,310.26129),1.29063]
	1045.63099	   0.05228	[mu,kappa]: [(60.41044,124.45830),1.69010]
	1133.58903	   0.05668	[mu,kappa]: [(56.73100,124.19237),2.24001]
	 955.82491	   0.04779	[mu,kappa]: [(85.00381,141.66187),0.32235]
	1128.11946	   0.05641	[mu,kappa]: [(136.85831,311.83604),1.05778]
	 937.66137	   0.04689	[mu,kappa]: [(62.87307,122.74997),1.34533]
	 977.25802	   0.04887	[mu,kappa]: [(63.00343,119.91137),1.37735]
	1119.46478	   0.05597	[mu,kappa]: [(56.99446,132.01900),2.13993]
	1100.22158	   0.05501	[mu,kappa]: [(136.22539,309.98773),0.86453]
	1301.57234	   0.06507	[mu,kappa]: [(140.91280,314.11311),1.38324]
	1472.95034	   0.07364	[mu,kappa]: [(50.12344,121.59255),3.13787]
	1015.42015	   0.05077	[mu,kappa]: [(126.91043,260.72732),0.42913]
	 924.98129	   0.04625	[mu,kappa]: [(68.67532,131.05553),0.74907]
	 965.27180	   0.04827	[mu,kappa]: [(66.24876,146.47151),1.02559]
	1153.00833	   0.05765	[mu,kappa]: [(137.07030,311.17569),1.13146]
	1135.68831	   0.05678	[mu,kappa]: [(138.41103,315.60383),1.09884]
	 952.63130	   0.04764	[mu,kappa]: [(124.14813,138.55759),0.16430]
			msglen: 470226.78030 bits.
Iteration #: 24
	1418.98899	   0.07094	[mu,kappa]: [(49.89250,120.48869),3.19623]
	1276.67549	   0.06383	[mu,kappa]: [(138.00027,310.95869),1.28967]
	1042.81542	   0.05214	[mu,kappa]: [(60.66354,124.52111),1.73709]
	1135.72117	   0.05679	[mu,kappa]: [(56.88733,123.91508),2.27741]
	 945.60085	   0.04728	[mu,kappa]: [(87.08661,144.54293),0.31176]
	1132.49469	   0.05662	[mu,kappa]: [(136.26491,312.11475),1.07552]
	 931.71436	   0.04659	[mu,kappa]: [(63.19103,122.69903),1.38559]
	 971.51519	   0.04858	[mu,kappa]: [(63.36069,119.37691),1.42112]
	1122.32602	   0.05612	[mu,kappa]: [(57.16354,133.57375),2.18272]
	1102.81178	   0.05514	[mu,kappa]: [(135.16187,309.88032),0.89383]
	1308.22125	   0.06541	[mu,kappa]: [(141.43188,315.82368),1.38554]
	1482.21719	   0.07410	[mu,kappa]: [(49.92826,120.86818),3.17844]
	1012.38380	   0.05062	[mu,kappa]: [(124.44096,262.73873),0.47683]
	 914.87296	   0.04575	[mu,kappa]: [(69.18399,132.28122),0.76054]
	 959.53321	   0.04798	[mu,kappa]: [(67.06448,149.50556),1.07989]
	1157.90259	   0.05789	[mu,kappa]: [(136.61124,311.54414),1.14351]
	1140.40455	   0.05702	[mu,kappa]: [(138.08015,316.38565),1.11681]
	 943.80047	   0.04719	[mu,kappa]: [(133.75030,143.03545),0.15660]
			msglen: 470214.15760 bits.
Iteration #: 25
	1425.85280	   0.07129	[mu,kappa]: [(49.79587,119.57210),3.22856]
	1281.67520	   0.06408	[mu,kappa]: [(137.99260,311.74017),1.28464]
	1040.35501	   0.05202	[mu,kappa]: [(60.84071,124.52111),1.77800]
	1137.22733	   0.05686	[mu,kappa]: [(57.02319,123.51294),2.30442]
	 936.12132	   0.04681	[mu,kappa]: [(89.13474,147.71393),0.30192]
	1136.53315	   0.05683	[mu,kappa]: [(135.76086,312.41566),1.08753]
	 926.40184	   0.04632	[mu,kappa]: [(63.42359,122.54934),1.42321]
	 966.54269	   0.04833	[mu,kappa]: [(63.65582,118.63299),1.46320]
	1125.59723	   0.05628	[mu,kappa]: [(57.32993,135.52192),2.21885]
	1105.51749	   0.05528	[mu,kappa]: [(134.21295,309.74176),0.91791]
	1314.24137	   0.06571	[mu,kappa]: [(142.05847,317.83784),1.38725]
	1489.07632	   0.07445	[mu,kappa]: [(49.81227,120.01758),3.20973]
	1010.52091	   0.05053	[mu,kappa]: [(122.00426,264.07472),0.52658]
	 905.47880	   0.04528	[mu,kappa]: [(69.58425,133.61847),0.77214]
	 956.04462	   0.04781	[mu,kappa]: [(67.87932,152.86048),1.14614]
	1162.29434	   0.05811	[mu,kappa]: [(136.22774,311.93884),1.15001]
	1144.76216	   0.05724	[mu,kappa]: [(137.86488,317.29653),1.12956]
	 935.75742	   0.04679	[mu,kappa]: [(143.70734,149.38512),0.15332]
			msglen: 470200.30195 bits.
Iteration #: 26
	1431.16092	   0.07155	[mu,kappa]: [(49.79234,118.49735),3.25592]
	1285.96416	   0.06429	[mu,kappa]: [(138.03721,312.61579),1.27755]
	1037.92291	   0.05190	[mu,kappa]: [(60.93855,124.44293),1.81391]
	1138.06285	   0.05690	[mu,kappa]: [(57.13893,122.95751),2.32436]
	 927.03992	   0.04636	[mu,kappa]: [(91.14055,151.18792),0.29260]
	1140.15843	   0.05701	[mu,kappa]: [(135.32338,312.73375),1.09549]
	 921.40060	   0.04607	[mu,kappa]: [(63.56812,122.27712),1.45878]
	 962.07544	   0.04811	[mu,kappa]: [(63.89496,117.63782),1.50470]
	1129.64536	   0.05648	[mu,kappa]: [(57.52444,137.95112),2.25378]
	1108.14778	   0.05541	[mu,kappa]: [(133.34182,309.55699),0.93800]
	1319.90227	   0.06599	[mu,kappa]: [(142.77409,320.18523),1.39107]
	1494.24399	   0.07470	[mu,kappa]: [(49.77967,119.01995),3.23597]
	1009.64493	   0.05048	[mu,kappa]: [(119.57806,264.96520),0.57951]
	 896.45773	   0.04483	[mu,kappa]: [(69.86762,135.06772),0.78405]
	 955.10701	   0.04776	[mu,kappa]: [(68.71495,156.48642),1.22944]
	1166.16192	   0.05831	[mu,kappa]: [(135.90033,312.35852),1.15279]
	1148.71945	   0.05744	[mu,kappa]: [(137.74422,318.33992),1.13892]
	 928.18433	   0.04641	[mu,kappa]: [(153.41233,159.33648),0.15458]
			msglen: 470183.16753 bits.
Iteration #: 27
	1435.50893	   0.07177	[mu,kappa]: [(49.89004,117.23991),3.28173]
	1289.57318	   0.06447	[mu,kappa]: [(138.12450,313.59732),1.26996]
	1035.16028	   0.05176	[mu,kappa]: [(60.95533,124.26492),1.84589]
	1138.13774	   0.05691	[mu,kappa]: [(57.23561,122.21198),2.34029]
	 918.00844	   0.04590	[mu,kappa]: [(93.11048,154.98383),0.28346]
	1143.27555	   0.05716	[mu,kappa]: [(134.93217,313.06734),1.10077]
	 916.36549	   0.04582	[mu,kappa]: [(63.62562,121.85080),1.49284]
	 957.86442	   0.04790	[mu,kappa]: [(64.09187,116.34230),1.54701]
	1135.06409	   0.05675	[mu,kappa]: [(57.79634,140.94760),2.29434]
	1110.52135	   0.05553	[mu,kappa]: [(132.51500,309.31572),0.95518]
	1325.40560	   0.06627	[mu,kappa]: [(143.55764,322.88825),1.39939]
	1498.30060	   0.07491	[mu,kappa]: [(49.83527,117.85230),3.26057]
	1009.62563	   0.05048	[mu,kappa]: [(117.13804,265.57086),0.63709]
	 887.45042	   0.04438	[mu,kappa]: [(70.02863,136.62316),0.79638]
	 957.30153	   0.04787	[mu,kappa]: [(69.59677,160.29740),1.33670]
	1169.44847	   0.05847	[mu,kappa]: [(135.61181,312.80439),1.15331]
	1152.21410	   0.05761	[mu,kappa]: [(137.69945,319.52277),1.14643]
	 920.77418	   0.04604	[mu,kappa]: [(161.87252,177.22043),0.16037]
			msglen: 470160.22457 bits.
Iteration #: 28
	1439.40294	   0.07196	[mu,kappa]: [(50.09955,115.77507),3.30913]
	1292.45566	   0.06462	[mu,kappa]: [(138.24578,314.69719),1.26312]
	1031.63708	   0.05158	[mu,kappa]: [(60.88725,123.95543),1.87503]
	1137.29026	   0.05686	[mu,kappa]: [(57.31411,121.22932),2.35515]
	 908.64371	   0.04544	[mu,kappa]: [(95.07230,159.13581),0.27395]
	1145.75516	   0.05729	[mu,kappa]: [(134.56826,313.41668),1.10458]
	 910.89764	   0.04555	[mu,kappa]: [(63.59709,121.22753),1.52600]
	 953.66482	   0.04769	[mu,kappa]: [(64.26621,114.69068),1.59196]
	1142.76353	   0.05714	[mu,kappa]: [(58.21638,144.57434),2.34952]
	1112.44648	   0.05562	[mu,kappa]: [(131.70018,309.01103),0.97050]
	1330.90816	   0.06654	[mu,kappa]: [(144.38608,325.95398),1.41451]
	1501.71756	   0.07508	[mu,kappa]: [(49.98504,116.49141),3.28662]
	1010.38347	   0.05052	[mu,kappa]: [(114.66289,266.01587),0.70131]
	 878.03672	   0.04391	[mu,kappa]: [(70.05921,138.26694),0.80906]
	 963.59208	   0.04818	[mu,kappa]: [(70.54707,164.16697),1.47755]
	1172.05040	   0.05860	[mu,kappa]: [(135.34623,313.27904),1.15282]
	1155.14968	   0.05776	[mu,kappa]: [(137.71311,320.85242),1.15346]
	 913.20464	   0.04566	[mu,kappa]: [(166.98608,211.37266),0.17067]
			msglen: 470127.92031 bits.
Iteration #: 29
	1443.29871	   0.07216	[mu,kappa]: [(50.43399,114.08151),3.34148]
	1294.48285	   0.06472	[mu,kappa]: [(138.39218,315.92641),1.25822]
	1026.80150	   0.05134	[mu,kappa]: [(60.72514,123.46744),1.90256]
	1135.26698	   0.05676	[mu,kappa]: [(57.37482,119.95102),2.37209]
	 898.48258	   0.04493	[mu,kappa]: [(97.09097,163.71813),0.26318]
	1147.41397	   0.05737	[mu,kappa]: [(134.21244,313.78216),1.10806]
	 904.50256	   0.04523	[mu,kappa]: [(63.48080,120.34837),1.55901]
	 949.22370	   0.04746	[mu,kappa]: [(64.44287,112.62394),1.64215]
	1154.08066	   0.05770	[mu,kappa]: [(58.87495,148.83376),2.43166]
	1113.69744	   0.05568	[mu,kappa]: [(130.86399,308.63830),0.98509]
	1336.53742	   0.06682	[mu,kappa]: [(145.23744,329.36330),1.43891]
	1504.89121	   0.07524	[mu,kappa]: [(50.23583,114.91720),3.31743]
	1011.89233	   0.05060	[mu,kappa]: [(112.13533,266.40706),0.77490]
	 867.67158	   0.04339	[mu,kappa]: [(69.94159,139.96047),0.82171]
	 975.47302	   0.04878	[mu,kappa]: [(71.58134,167.93155),1.66586]
	1173.80131	   0.05869	[mu,kappa]: [(135.08749,313.78482),1.15245]
	1157.37779	   0.05787	[mu,kappa]: [(137.76802,322.33249),1.16133]
	 905.10438	   0.04526	[mu,kappa]: [(165.94944,253.48750),0.18561]
			msglen: 470080.94185 bits.
Iteration #: 30
	1447.64619	   0.07237	[mu,kappa]: [(50.90755,112.14733),3.38292]
	1295.42621	   0.06477	[mu,kappa]: [(138.55355,317.29098),1.25647]
	1019.92548	   0.05100	[mu,kappa]: [(60.45112,122.73076),1.93006]
	1131.71691	   0.05659	[mu,kappa]: [(57.41799,118.30743),2.39491]
	 886.92768	   0.04435	[mu,kappa]: [(99.30001,168.90533),0.24979]
	1147.98837	   0.05740	[mu,kappa]: [(133.84313,314.16207),1.11241]
	 896.54528	   0.04483	[mu,kappa]: [(63.27004,119.13207),1.59305]
	 944.27764	   0.04722	[mu,kappa]: [(64.65193,110.08799),1.70138]
	1170.85654	   0.05854	[mu,kappa]: [(59.86734,153.61871),2.55777]
	1113.98670	   0.05570	[mu,kappa]: [(129.96885,308.19447),1.00022]
	1342.39933	   0.06711	[mu,kappa]: [(146.09746,333.05938),1.47550]
	1508.18145	   0.07540	[mu,kappa]: [(50.59342,113.11828),3.35694]
	1014.20696	   0.05071	[mu,kappa]: [(109.54055,266.84432),0.86190]
	 855.59643	   0.04279	[mu,kappa]: [(69.63732,141.63050),0.83341]
	 995.18387	   0.04976	[mu,kappa]: [(72.71058,171.40333),1.92273]
	1174.44783	   0.05872	[mu,kappa]: [(134.81738,314.32159),1.15339]
	1158.67220	   0.05793	[mu,kappa]: [(137.84664,323.95742),1.17143]
	 896.01491	   0.04481	[mu,kappa]: [(160.52010,279.57760),0.20575]
			msglen: 470011.07508 bits.
Iteration #: 31
	1452.95212	   0.07264	[mu,kappa]: [(51.53163,109.97984),3.43876]
	1294.92177	   0.06474	[mu,kappa]: [(138.71735,318.78751),1.25935]
	1010.06805	   0.05051	[mu,kappa]: [(60.03478,121.64148),1.95988]
	1126.22478	   0.05631	[mu,kappa]: [(57.44411,116.22269),2.42881]
	 873.18986	   0.04366	[mu,kappa]: [(101.96553,175.12152),0.23184]
	1147.09682	   0.05735	[mu,kappa]: [(133.43342,314.55041),1.11903]
	 886.22073	   0.04432	[mu,kappa]: [(62.95115,117.46800),1.63003]
	 938.57805	   0.04693	[mu,kappa]: [(64.92774,107.05010),1.77527]
	1195.31245	   0.05976	[mu,kappa]: [(61.25863,158.67328),2.75051]
	1112.93052	   0.05565	[mu,kappa]: [(128.96882,307.67822),1.01752]
	1348.58372	   0.06742	[mu,kappa]: [(146.97051,336.94058),1.52800]
	1511.97088	   0.07559	[mu,kappa]: [(51.05796,111.10133),3.41024]
	1017.55000	   0.05088	[mu,kappa]: [(106.86239,267.42270),0.96858]
	 840.72588	   0.04204	[mu,kappa]: [(69.06742,143.14579),0.84225]
	1026.01979	   0.05130	[mu,kappa]: [(73.95360,174.39258),2.28335]
	1173.61262	   0.05868	[mu,kappa]: [(134.51290,314.88435),1.15701]
	1158.68991	   0.05793	[mu,kappa]: [(137.93085,325.70643),1.18536]
	 885.35204	   0.04427	[mu,kappa]: [(153.71157,293.87892),0.23233]
			msglen: 469905.23907 bits.
Iteration #: 32
	1459.89705	   0.07299	[mu,kappa]: [(52.30621,107.62068),3.51585]
	1292.40482	   0.06462	[mu,kappa]: [(138.86852,320.40125),1.26867]
	 996.11799	   0.04981	[mu,kappa]: [(59.42862,120.05128),1.99599]
	1118.44440	   0.05592	[mu,kappa]: [(57.45329,113.63044),2.48134]
	 856.24438	   0.04282	[mu,kappa]: [(105.62232,183.45629),0.20697]
	1144.18010	   0.05721	[mu,kappa]: [(132.94764,314.93773),1.12961]
	 872.58605	   0.04363	[mu,kappa]: [(62.50182,115.21243),1.67346]
	 931.98084	   0.04660	[mu,kappa]: [(65.30475,103.52757),1.87215]
	1229.27689	   0.06146	[mu,kappa]: [(63.03338,163.60217),3.03807]
	1109.99918	   0.05550	[mu,kappa]: [(127.80459,307.09279),1.03906]
	1355.18064	   0.06775	[mu,kappa]: [(147.89413,340.86742),1.60150]
	1516.79082	   0.07583	[mu,kappa]: [(51.61450,108.90607),3.48383]
	1022.53479	   0.05113	[mu,kappa]: [(104.07784,268.22176),1.10530]
	 821.53005	   0.04108	[mu,kappa]: [(68.07324,144.27508),0.84490]
	1072.81446	   0.05364	[mu,kappa]: [(75.36407,176.73935),2.81436]
	1170.73302	   0.05854	[mu,kappa]: [(134.14330,315.46370),1.16499]
	1156.90942	   0.05784	[mu,kappa]: [(138.00302,327.54125),1.20499]
	 872.37509	   0.04362	[mu,kappa]: [(146.56382,303.08164),0.26761]
			msglen: 469741.54421 bits.
Iteration #: 33
	1469.58350	   0.07347	[mu,kappa]: [(53.20328,105.16791),3.62217]
	1286.97731	   0.06434	[mu,kappa]: [(138.99208,322.11895),1.28662]
	 977.06310	   0.04886	[mu,kappa]: [(58.56303,117.76898),2.04565]
	1108.45236	   0.05542	[mu,kappa]: [(57.43970,110.51249),2.56367]
	 834.83808	   0.04175	[mu,kappa]: [(111.29232,197.02320),0.17418]
	1138.38149	   0.05692	[mu,kappa]: [(132.33991,315.32500),1.14615]
	 854.76065	   0.04274	[mu,kappa]: [(61.88893,112.20201),1.72978]
	 924.66509	   0.04624	[mu,kappa]: [(65.80632,99.63052),2.00395]
	1271.67524	   0.06358	[mu,kappa]: [(65.04816,167.95438),3.44977]
	1104.41306	   0.05522	[mu,kappa]: [(126.40079,306.45859),1.06741]
	1362.33971	   0.06811	[mu,kappa]: [(148.95255,344.69671),1.70368]
	1523.61812	   0.07617	[mu,kappa]: [(52.21437,106.62892),3.58548]
	1030.67899	   0.05154	[mu,kappa]: [(101.15285,269.27230),1.29043]
	 795.99635	   0.03981	[mu,kappa]: [(66.33563,144.60163),0.83624]
	1142.92935	   0.05715	[mu,kappa]: [(77.08279,178.36012),3.66525]
	1164.93669	   0.05825	[mu,kappa]: [(133.66922,316.05958),1.17926]
	1152.51861	   0.05762	[mu,kappa]: [(138.04870,329.42062),1.23253]
	 856.17232	   0.04281	[mu,kappa]: [(139.37835,309.88741),0.31498]
			msglen: 469479.20437 bits.
Iteration #: 34
	1484.01571	   0.07419	[mu,kappa]: [(54.13527,102.80656),3.76462]
	1277.08666	   0.06385	[mu,kappa]: [(139.08180,323.98997),1.31582]
	 952.76825	   0.04764	[mu,kappa]: [(57.33887,114.61286),2.12263]
	1097.48909	   0.05487	[mu,kappa]: [(57.37000,106.97733),2.69144]
	 807.57852	   0.04039	[mu,kappa]: [(119.32501,225.30965),0.14199]
	1128.23174	   0.05641	[mu,kappa]: [(131.56189,315.78066),1.17062]
	 832.47656	   0.04163	[mu,kappa]: [(61.06110,108.31920),1.81074]
	 917.55327	   0.04588	[mu,kappa]: [(66.42358,95.61174),2.18659]
	1311.91332	   0.06559	[mu,kappa]: [(66.97721,171.34884),3.99675]
	1094.82679	   0.05474	[mu,kappa]: [(124.67583,305.85665),1.10527]
	1370.43728	   0.06852	[mu,kappa]: [(150.28004,348.35795),1.84758]
	1534.51772	   0.07672	[mu,kappa]: [(52.73869,104.46028),3.72252]
	1045.45268	   0.05227	[mu,kappa]: [(98.04925,270.49072),1.55873]
	 761.88169	   0.03810	[mu,kappa]: [(63.21046,143.32214),0.81088]
	1249.26182	   0.06246	[mu,kappa]: [(79.43256,179.32408),5.24615]
	1154.71897	   0.05773	[mu,kappa]: [(133.05077,316.73906),1.20181]
	1144.16123	   0.05721	[mu,kappa]: [(138.06026,331.36466),1.27056]
	 835.62867	   0.04179	[mu,kappa]: [(132.32031,315.44036),0.37867]
			msglen: 469023.62939 bits.
Iteration #: 35
	1506.46927	   0.07531	[mu,kappa]: [(54.90594,100.84166),3.94187]
	1259.73434	   0.06298	[mu,kappa]: [(139.15528,326.30524),1.35955]
	 925.46465	   0.04628	[mu,kappa]: [(55.61431,110.59434),2.25164]
	1088.93514	   0.05445	[mu,kappa]: [(57.13350,103.37843),2.88225]
	 772.97238	   0.03866	[mu,kappa]: [(118.24751,276.22395),0.15081]
	1110.78025	   0.05554	[mu,kappa]: [(130.59623,316.61023),1.20429]
	 807.04558	   0.04036	[mu,kappa]: [(59.92817,103.65968),1.93590]
	 912.77620	   0.04564	[mu,kappa]: [(67.09777,91.88856),2.43774]
	1315.24969	   0.06576	[mu,kappa]: [(68.10103,173.54334),4.60403]
	1078.32940	   0.05392	[mu,kappa]: [(122.58960,305.55691),1.15383]
	1380.55926	   0.06902	[mu,kappa]: [(152.03998,351.97499),2.05873]
	1553.46549	   0.07766	[mu,kappa]: [(52.93614,102.73839),3.89653]
	1074.06217	   0.05370	[mu,kappa]: [(94.76800,271.59755),1.98215]
	 717.53071	   0.03589	[mu,kappa]: [(57.50253,138.71448),0.77083]
	1421.06256	   0.07105	[mu,kappa]: [(82.97375,179.93654),8.97380]
	1137.07244	   0.05685	[mu,kappa]: [(132.27907,317.80878),1.23408]
	1129.32877	   0.05647	[mu,kappa]: [(138.03499,333.62981),1.32253]
	 809.16170	   0.04046	[mu,kappa]: [(125.53066,320.56080),0.46244]
			msglen: 468082.60281 bits.
Iteration #: 36
	1537.07321	   0.07684	[mu,kappa]: [(55.27803,99.61815),4.13004]
	1229.57384	   0.06148	[mu,kappa]: [(139.26158,329.87478),1.42474]
	 899.60971	   0.04499	[mu,kappa]: [(53.32303,106.21263),2.46585]
	1086.21903	   0.05431	[mu,kappa]: [(56.60880,100.31312),3.14066]
	 728.92486	   0.03645	[mu,kappa]: [(105.41256,312.87445),0.24300]
	1080.23711	   0.05401	[mu,kappa]: [(129.53492,318.65730),1.24837]
	 781.03917	   0.03906	[mu,kappa]: [(58.47903,98.71047),2.12851]
	 912.52631	   0.04563	[mu,kappa]: [(67.86823,88.91073),2.76916]
	1204.53778	   0.06022	[mu,kappa]: [(66.47320,174.30311),4.97591]
	1048.51247	   0.05243	[mu,kappa]: [(120.27344,306.25809),1.21077]
	1396.73977	   0.06983	[mu,kappa]: [(154.39500,355.91554),2.39401]
	1582.49298	   0.07911	[mu,kappa]: [(52.46437,101.91347),4.09189]
	1131.24251	   0.05656	[mu,kappa]: [(91.49331,272.09073),2.74283]
	 662.67549	   0.03314	[mu,kappa]: [(48.25070,126.91659),0.74429]
	1734.78696	   0.08673	[mu,kappa]: [(87.48255,180.44196),20.99674]
	1106.18787	   0.05531	[mu,kappa]: [(131.44446,320.11815),1.27803]
	1103.70212	   0.05519	[mu,kappa]: [(137.95802,336.95344),1.39607]
	 773.91881	   0.03870	[mu,kappa]: [(119.19042,326.33636),0.57012]
			msglen: 465978.29170 bits.
Iteration #: 37
	1557.79399	   0.07788	[mu,kappa]: [(55.55803,99.02691),4.27987]
	1181.71303	   0.05908	[mu,kappa]: [(139.55607,335.83600),1.52217]
	 874.95795	   0.04375	[mu,kappa]: [(51.18430,102.46852),2.75897]
	1082.63481	   0.05413	[mu,kappa]: [(56.30909,98.14215),3.42252]
	 674.54909	   0.03374	[mu,kappa]: [(98.15141,331.77994),0.39963]
	1029.87232	   0.05150	[mu,kappa]: [(128.76297,323.23576),1.30294]
	 754.39841	   0.03773	[mu,kappa]: [(57.51717,94.27051),2.38287]
	 916.26513	   0.04582	[mu,kappa]: [(69.43728,86.85312),3.18446]
	 951.92303	   0.04760	[mu,kappa]: [(58.02507,173.05174),4.96575]
	 996.39592	   0.04982	[mu,kappa]: [(118.31055,309.01431),1.26462]
	1434.02295	   0.07169	[mu,kappa]: [(157.63187,0.45061),2.98038]
	1604.29398	   0.08020	[mu,kappa]: [(51.45988,102.05585),4.26549]
	1258.51122	   0.06292	[mu,kappa]: [(88.83027,271.28041),4.50929]
	 600.38695	   0.03003	[mu,kappa]: [(40.20883,104.07228),0.78617]
	2235.84360	   0.11177	[mu,kappa]: [(89.66913,180.36373),44.20611]
	1055.52873	   0.05278	[mu,kappa]: [(130.89735,324.98055),1.33545]
	1063.54060	   0.05318	[mu,kappa]: [(137.88615,342.34426),1.50274]
	 727.36827	   0.03638	[mu,kappa]: [(114.17984,333.71097),0.70427]
			msglen: 463765.08241 bits.
Iteration #: 38
	1562.48645	   0.07811	[mu,kappa]: [(56.17855,98.97876),4.31972]
	1111.11890	   0.05556	[mu,kappa]: [(140.02642,345.73857),1.63218]
	 859.92514	   0.04300	[mu,kappa]: [(49.78432,101.29652),3.01604]
	1078.73207	   0.05394	[mu,kappa]: [(56.74294,97.30957),3.61289]
	 617.30342	   0.03088	[mu,kappa]: [(94.41661,347.06134),0.54301]
	 953.20889	   0.04766	[mu,kappa]: [(128.65736,332.71096),1.33365]
	 735.65650	   0.03679	[mu,kappa]: [(57.65119,91.96765),2.61189]
	 932.72427	   0.04664	[mu,kappa]: [(72.30123,86.01010),3.67445]
	 842.93070	   0.04215	[mu,kappa]: [(46.11881,169.86374),5.71895]
	 910.79869	   0.04554	[mu,kappa]: [(117.61732,316.08001),1.24712]
	1519.76455	   0.07598	[mu,kappa]: [(162.10483,5.22585),4.12772]
	1613.34350	   0.08066	[mu,kappa]: [(50.12575,103.36447),4.34340]
	1561.31686	   0.07806	[mu,kappa]: [(87.62563,269.34159),10.84326]
	 549.04495	   0.02746	[mu,kappa]: [(40.09179,85.33101),0.91440]
	2495.35927	   0.12474	[mu,kappa]: [(90.02860,180.22183),53.41502]
	 978.84900	   0.04895	[mu,kappa]: [(130.94615,334.67935),1.37525]
	1005.08691	   0.05026	[mu,kappa]: [(137.63816,351.09796),1.62333]
	 672.34992	   0.03363	[mu,kappa]: [(110.45660,344.55100),0.82152]
			msglen: 461132.61260 bits.
Iteration #: 39
	1532.92151	   0.07664	[mu,kappa]: [(57.42087,98.63548),4.28432]
	 995.29821	   0.04977	[mu,kappa]: [(137.31045,0.02946),1.77642]
	 837.95099	   0.04190	[mu,kappa]: [(48.77698,101.52590),3.16743]
	1057.88896	   0.05290	[mu,kappa]: [(57.98313,96.67818),3.70250]
	 549.27883	   0.02748	[mu,kappa]: [(87.83502,6.51547),0.73903]
	 835.07625	   0.04176	[mu,kappa]: [(125.24560,350.76381),1.39536]
	 714.13044	   0.03572	[mu,kappa]: [(58.64898,90.59914),2.77225]
	 962.04496	   0.04811	[mu,kappa]: [(76.25262,85.70999),4.39797]
	 932.43010	   0.04663	[mu,kappa]: [(37.27780,166.13845),8.21803]
	 773.48723	   0.03868	[mu,kappa]: [(115.60241,335.57688),1.18375]
	1682.31670	   0.08410	[mu,kappa]: [(167.29410,7.04695),7.08586]
	1587.76506	   0.07938	[mu,kappa]: [(48.48483,105.16650),4.34766]
	2074.72733	   0.10371	[mu,kappa]: [(88.44180,268.85559),35.12377]
	 503.67074	   0.02520	[mu,kappa]: [(42.94031,75.56348),1.10628]
	2591.91975	   0.12956	[mu,kappa]: [(90.07791,180.22199),53.83832]
	 860.21158	   0.04302	[mu,kappa]: [(127.61581,352.31543),1.44883]
	 908.60726	   0.04543	[mu,kappa]: [(133.97493,3.10904),1.77783]
	 600.27410	   0.03003	[mu,kappa]: [(103.12383,1.27833),0.99141]
			msglen: 456814.20256 bits.
Iteration #: 40
	1446.95896	   0.07234	[mu,kappa]: [(59.83259,97.39585),4.25800]
	 867.98731	   0.04340	[mu,kappa]: [(127.91614,6.78858),1.84256]
	 787.56466	   0.03939	[mu,kappa]: [(48.12236,101.86131),3.16293]
	1001.24397	   0.05006	[mu,kappa]: [(60.36256,95.44564),3.74724]
	 504.08847	   0.02522	[mu,kappa]: [(78.61302,12.50450),0.98851]
	 738.15823	   0.03692	[mu,kappa]: [(113.30029,1.33272),1.51354]
	 675.50254	   0.03378	[mu,kappa]: [(60.43467,89.21065),2.84218]
	1011.62608	   0.05058	[mu,kappa]: [(80.83030,86.00988),5.84673]
	1209.84554	   0.06049	[mu,kappa]: [(32.08687,161.79956),13.83641]
	 676.63427	   0.03384	[mu,kappa]: [(103.77196,351.29677),1.24768]
	2031.39903	   0.10155	[mu,kappa]: [(171.95630,1.34232),16.68928]
	1492.35649	   0.07461	[mu,kappa]: [(46.94088,106.67462),4.29746]
	2298.46570	   0.11490	[mu,kappa]: [(89.39649,269.46810),75.47123]
	 470.39362	   0.02353	[mu,kappa]: [(41.88478,68.68572),1.21181]
	2677.03030	   0.13382	[mu,kappa]: [(90.05586,180.26438),51.94795]
	 758.66540	   0.03794	[mu,kappa]: [(115.91556,2.30485),1.55775]
	 801.75344	   0.04009	[mu,kappa]: [(123.91346,8.31651),1.87220]
	 550.32599	   0.02753	[mu,kappa]: [(91.68698,8.11778),1.24302]
			msglen: 452566.52826 bits.
Iteration #: 41
	1304.97229	   0.06524	[mu,kappa]: [(64.02219,95.22033),4.38321]
	 766.44206	   0.03833	[mu,kappa]: [(113.69253,5.81790),1.91836]
	 696.49317	   0.03483	[mu,kappa]: [(48.53965,101.58422),2.98526]
	 904.96991	   0.04525	[mu,kappa]: [(64.35607,93.54815),3.86418]
	 481.33498	   0.02408	[mu,kappa]: [(72.12868,7.74272),1.16374]
	 683.61723	   0.03419	[mu,kappa]: [(99.89823,1.84851),1.71177]
	 611.38782	   0.03058	[mu,kappa]: [(63.34017,87.73140),2.85860]
	1134.19367	   0.05671	[mu,kappa]: [(85.21886,87.19355),9.37588]
	1644.37011	   0.08221	[mu,kappa]: [(30.03152,156.12501),26.64897]
	 634.31431	   0.03173	[mu,kappa]: [(91.15328,353.68685),1.40762]
	2417.53669	   0.12085	[mu,kappa]: [(174.38859,358.54221),33.54979]
	1301.41024	   0.06507	[mu,kappa]: [(46.55255,106.89496),4.14726]
	2281.49727	   0.11405	[mu,kappa]: [(89.69543,269.66831),97.25289]
	 441.31761	   0.02208	[mu,kappa]: [(36.68858,61.07497),1.13160]
	2751.67470	   0.13755	[mu,kappa]: [(89.97796,180.29236),49.59151]
	 697.90102	   0.03490	[mu,kappa]: [(102.14997,2.59468),1.74016]
	 719.79849	   0.03600	[mu,kappa]: [(110.06859,6.86730),2.01785]
	 526.76844	   0.02635	[mu,kappa]: [(83.37457,5.82474),1.49585]
			msglen: 449190.00147 bits.
Iteration #: 42
	1145.51871	   0.05728	[mu,kappa]: [(68.07800,93.05577),4.75603]
	 753.00988	   0.03766	[mu,kappa]: [(107.39415,3.04598),2.16774]
	 593.75507	   0.02970	[mu,kappa]: [(48.81103,101.60212),2.67088]
	 791.49706	   0.03958	[mu,kappa]: [(68.07520,91.74486),4.10830]
	 474.54748	   0.02374	[mu,kappa]: [(72.02649,359.83802),1.18135]
	 681.74928	   0.03410	[mu,kappa]: [(96.08327,0.03196),1.95412]
	 533.01947	   0.02666	[mu,kappa]: [(65.78612,86.48373),2.80738]
	1425.75127	   0.07128	[mu,kappa]: [(88.27210,88.58781),16.73392]
	2047.13719	   0.10234	[mu,kappa]: [(29.63469,152.39705),47.38185]
	 631.59287	   0.03159	[mu,kappa]: [(88.36705,351.89564),1.50934]
	2417.60463	   0.12085	[mu,kappa]: [(176.27483,358.11888),52.44532]
	1077.30532	   0.05387	[mu,kappa]: [(46.88814,106.01239),3.89453]
	2263.98487	   0.11317	[mu,kappa]: [(89.76748,269.69601),102.32210]
	 422.80074	   0.02116	[mu,kappa]: [(24.59445,50.46662),0.89749]
	2807.15959	   0.14032	[mu,kappa]: [(89.90538,180.28997),47.46796]
	 694.85817	   0.03475	[mu,kappa]: [(97.88339,0.64197),1.98828]
	 714.99907	   0.03576	[mu,kappa]: [(104.48194,4.05115),2.33783]
	 523.70933	   0.02620	[mu,kappa]: [(82.95999,1.78737),1.65596]
			msglen: 446684.58244 bits.
Iteration #: 43
	1001.43545	   0.05007	[mu,kappa]: [(68.25590,91.93744),5.20861]
	 774.11936	   0.03871	[mu,kappa]: [(106.89586,1.68478),2.46644]
	 529.05300	   0.02647	[mu,kappa]: [(45.22107,104.48753),2.38096]
	 685.47192	   0.03428	[mu,kappa]: [(67.84614,90.84443),4.35379]
	 478.22956	   0.02393	[mu,kappa]: [(72.48750,351.64094),1.07678]
	 695.24996	   0.03477	[mu,kappa]: [(96.80293,359.38983),2.15626]
	 462.27771	   0.02313	[mu,kappa]: [(64.11409,85.84300),2.65980]
	1816.52137	   0.09081	[mu,kappa]: [(89.88656,89.41818),26.09344]
	2194.88434	   0.10972	[mu,kappa]: [(29.65037,151.12695),62.86128]
	 638.65037	   0.03194	[mu,kappa]: [(89.40208,350.26218),1.49256]
	2274.15993	   0.11368	[mu,kappa]: [(177.95752,357.66505),85.65028]
	 939.39631	   0.04697	[mu,kappa]: [(45.08357,106.14843),3.76428]
	2256.62872	   0.11281	[mu,kappa]: [(89.78708,269.69695),103.55576]
	 434.11087	   0.02172	[mu,kappa]: [(4.99059,275.45053),0.76139]
	2842.16676	   0.14207	[mu,kappa]: [(89.85994,180.26397),46.04055]
	 709.66936	   0.03549	[mu,kappa]: [(98.40104,359.90046),2.20924]
	 741.02048	   0.03706	[mu,kappa]: [(104.18141,2.71737),2.71310]
	 526.95454	   0.02636	[mu,kappa]: [(84.86465,359.23907),1.71766]
			msglen: 444989.15593 bits.
Iteration #: 44
	 904.13579	   0.04521	[mu,kappa]: [(65.73011,91.56554),5.67932]
	 804.99830	   0.04026	[mu,kappa]: [(108.46526,2.20568),2.78735]
	 505.01980	   0.02526	[mu,kappa]: [(39.87614,110.64082),2.19670]
	 612.45366	   0.03063	[mu,kappa]: [(65.00231,90.59594),4.60947]
	 485.70746	   0.02430	[mu,kappa]: [(71.89813,344.39221),0.91151]
	 708.99960	   0.03546	[mu,kappa]: [(98.75262,0.58066),2.34529]
	 416.57088	   0.02084	[mu,kappa]: [(59.94861,85.85934),2.51271]
	2089.85419	   0.10447	[mu,kappa]: [(90.54488,89.82456),31.89557]
	2196.34374	   0.10979	[mu,kappa]: [(29.69714,150.79508),69.42788]
	 642.53384	   0.03214	[mu,kappa]: [(91.60398,350.40521),1.41204]
	2136.58968	   0.10681	[mu,kappa]: [(179.23891,355.42297),149.66981]
	 884.09355	   0.04421	[mu,kappa]: [(42.33711,107.09896),3.82598]
	2250.77215	   0.11251	[mu,kappa]: [(89.79428,269.69978),104.20281]
	 474.68467	   0.02375	[mu,kappa]: [(33.42036,230.06367),0.89254]
	2855.45521	   0.14273	[mu,kappa]: [(89.84229,180.21723),45.42801]
	 725.92720	   0.03631	[mu,kappa]: [(100.26743,0.98787),2.42240]
	 777.19409	   0.03887	[mu,kappa]: [(105.52408,3.10751),3.11401]
	 528.66618	   0.02645	[mu,kappa]: [(87.16898,359.21416),1.73318]
			msglen: 443872.51324 bits.
Iteration #: 45
	 859.66601	   0.04299	[mu,kappa]: [(62.86425,91.48205),6.28143]
	 831.19028	   0.04157	[mu,kappa]: [(110.11819,3.28313),3.10849]
	 498.27512	   0.02493	[mu,kappa]: [(35.68997,118.35915),2.08559]
	 573.98992	   0.02871	[mu,kappa]: [(62.04883,90.58718),4.97919]
	 489.07173	   0.02447	[mu,kappa]: [(69.84528,337.24155),0.74449]
	 715.67431	   0.03579	[mu,kappa]: [(100.24481,2.41601),2.54804]
	 389.58197	   0.01950	[mu,kappa]: [(56.04246,86.22448),2.42918]
	2218.57144	   0.11090	[mu,kappa]: [(90.80715,90.02596),33.66045]
	2172.58875	   0.10861	[mu,kappa]: [(29.72476,150.70432),72.27622]
	 636.51510	   0.03184	[mu,kappa]: [(93.77713,351.99715),1.32767]
	2055.53003	   0.10276	[mu,kappa]: [(179.84265,348.80567),213.94761]
	 861.90248	   0.04310	[mu,kappa]: [(40.47550,107.51553),4.00391]
	2247.05949	   0.11233	[mu,kappa]: [(89.79877,269.70960),104.63694]
	 530.46041	   0.02654	[mu,kappa]: [(50.67026,224.36213),1.19137]
	2851.10208	   0.14252	[mu,kappa]: [(89.84579,180.16159),45.49749]
	 735.38850	   0.03678	[mu,kappa]: [(101.72659,2.68916),2.64759]
	 809.80343	   0.04050	[mu,kappa]: [(106.63032,3.91958),3.50344]
	 523.62895	   0.02619	[mu,kappa]: [(88.93888,0.72985),1.75395]
			msglen: 443425.76010 bits.
Iteration #: 46
	 843.72567	   0.04219	[mu,kappa]: [(60.38405,91.53268),7.01719]
	 848.23754	   0.04242	[mu,kappa]: [(111.32600,4.01131),3.39098]
	 492.91507	   0.02466	[mu,kappa]: [(32.91451,126.18647),2.00296]
	 552.72968	   0.02765	[mu,kappa]: [(59.71578,90.63306),5.44343]
	 486.69455	   0.02435	[mu,kappa]: [(66.40622,329.32971),0.60791]
	 716.14138	   0.03582	[mu,kappa]: [(100.71667,3.91413),2.75985]
	 369.57131	   0.01850	[mu,kappa]: [(53.07450,86.45485),2.38155]
	2292.21906	   0.11458	[mu,kappa]: [(90.95041,90.12740),33.71867]
	2151.64216	   0.10756	[mu,kappa]: [(29.73840,150.68619),73.83678]
	 622.32090	   0.03113	[mu,kappa]: [(95.36851,354.31220),1.26533]
	2022.39562	   0.10110	[mu,kappa]: [(179.97325,312.04619),236.32064]
	 843.08552	   0.04216	[mu,kappa]: [(39.48213,107.14321),4.23373]
	2245.38474	   0.11224	[mu,kappa]: [(89.80296,269.72412),104.89854]
	 590.40181	   0.02953	[mu,kappa]: [(59.56825,221.98260),1.53355]
	2837.70375	   0.14185	[mu,kappa]: [(89.85566,180.10437),45.93509]
	 738.24446	   0.03692	[mu,kappa]: [(102.21278,4.04023),2.87494]
	 833.13572	   0.04166	[mu,kappa]: [(106.97763,4.38490),3.83231]
	 513.45106	   0.02569	[mu,kappa]: [(89.74933,2.61456),1.80050]
			msglen: 443265.67837 bits.
Iteration #: 47
	 839.28697	   0.04197	[mu,kappa]: [(58.26957,91.71590),7.85786]
	 859.38001	   0.04297	[mu,kappa]: [(112.38744,4.28251),3.61158]
	 484.80752	   0.02425	[mu,kappa]: [(31.16725,133.39655),1.93031]
	 537.71181	   0.02690	[mu,kappa]: [(57.94711,90.71321),5.94600]
	 480.10240	   0.02402	[mu,kappa]: [(62.38292,321.14494),0.50522]
	 715.04913	   0.03576	[mu,kappa]: [(100.37363,4.86306),2.96729]
	 352.05236	   0.01762	[mu,kappa]: [(50.91358,86.33174),2.33876]
	2352.24764	   0.11758	[mu,kappa]: [(91.05297,90.18021),33.24288]
	2138.54423	   0.10690	[mu,kappa]: [(29.74558,150.69610),74.76118]
	 604.99305	   0.03026	[mu,kappa]: [(96.53090,356.96157),1.22942]
	2013.52712	   0.10066	[mu,kappa]: [(179.98032,250.24418),241.24643]
	 819.73725	   0.04099	[mu,kappa]: [(38.98836,106.32867),4.47922]
	2244.47771	   0.11220	[mu,kappa]: [(89.80735,269.73989),105.07612]
	 646.09458	   0.03232	[mu,kappa]: [(64.38864,220.75678),1.85557]
	2821.76160	   0.14105	[mu,kappa]: [(89.86495,180.04835),46.47838]
	 738.91712	   0.03695	[mu,kappa]: [(101.93451,4.85591),3.08865]
	 849.03625	   0.04246	[mu,kappa]: [(106.77634,4.48160),4.07650]
	 502.27325	   0.02513	[mu,kappa]: [(89.79586,4.32901),1.87271]
			msglen: 443160.01054 bits.
Iteration #: 48
	 838.27967	   0.04192	[mu,kappa]: [(56.38379,92.05416),8.80926]
	 868.01422	   0.04341	[mu,kappa]: [(113.71926,4.25534),3.76499]
	 474.97607	   0.02376	[mu,kappa]: [(30.11681,139.77422),1.86215]
	 523.77483	   0.02620	[mu,kappa]: [(56.57477,90.83899),6.44201]
	 471.65689	   0.02360	[mu,kappa]: [(58.43946,313.42951),0.42471]
	 715.13031	   0.03577	[mu,kappa]: [(99.48366,5.38848),3.15787]
	 336.29965	   0.01683	[mu,kappa]: [(49.30037,85.88030),2.28423]
	2408.78361	   0.12041	[mu,kappa]: [(91.12507,90.20871),32.62915]
	2133.21370	   0.10664	[mu,kappa]: [(29.75009,150.71851),75.23919]
	 588.49176	   0.02944	[mu,kappa]: [(97.57394,359.66113),1.21255]
	2013.18921	   0.10064	[mu,kappa]: [(179.97852,239.85302),241.84343]
	 792.02902	   0.03961	[mu,kappa]: [(38.72030,105.43940),4.71110]
	2244.00812	   0.11217	[mu,kappa]: [(89.81127,269.75439),105.19652]
	 692.56375	   0.03464	[mu,kappa]: [(67.12795,219.94354),2.12791]
	2806.91459	   0.14031	[mu,kappa]: [(89.87178,179.99681),46.97925]
	 740.05247	   0.03701	[mu,kappa]: [(101.16092,5.27672),3.27564]
	 859.78850	   0.04300	[mu,kappa]: [(106.27935,4.39401),4.23393]
	 492.83366	   0.02466	[mu,kappa]: [(89.34527,5.70565),1.96052]
			msglen: 443078.88387 bits.
Iteration #: 49
	 837.52654	   0.04188	[mu,kappa]: [(54.61994,92.55576),9.92875]
	 876.49912	   0.04383	[mu,kappa]: [(115.64535,4.07304),3.86731]
	 465.24454	   0.02328	[mu,kappa]: [(29.52542,145.35789),1.79781]
	 508.40500	   0.02543	[mu,kappa]: [(55.48019,90.99042),6.90163]
	 463.26122	   0.02318	[mu,kappa]: [(54.65007,306.26904),0.35566]
	 717.07459	   0.03586	[mu,kappa]: [(98.15591,5.66828),3.33049]
	 322.46293	   0.01614	[mu,kappa]: [(48.00637,85.16950),2.21358]
	2463.75008	   0.12316	[mu,kappa]: [(91.15946,90.22345),32.00736]
	2133.67011	   0.10666	[mu,kappa]: [(29.75343,150.74565),75.39240]
	 574.58536	   0.02874	[mu,kappa]: [(98.65591,2.20514),1.20570]
	2014.65408	   0.10071	[mu,kappa]: [(179.97829,240.05186),241.51996]
	 761.02135	   0.03806	[mu,kappa]: [(38.51619,104.67048),4.90145]
	2244.04748	   0.11218	[mu,kappa]: [(89.81417,269.76631),105.25549]
	 728.28225	   0.03642	[mu,kappa]: [(68.68267,219.28538),2.34054]
	2794.52445	   0.13969	[mu,kappa]: [(89.87618,179.95267),47.38495]
	 742.27601	   0.03712	[mu,kappa]: [(100.00128,5.48203),3.43496]
	 866.67010	   0.04334	[mu,kappa]: [(105.59872,4.26945),4.32049]
	 486.04478	   0.02432	[mu,kappa]: [(88.52197,6.74768),2.05588]
			msglen: 443008.03203 bits.
Iteration #: 50
	 836.64536	   0.04184	[mu,kappa]: [(52.91233,93.22604),11.34098]
	 886.92417	   0.04435	[mu,kappa]: [(118.41608,3.79973),3.95473]
	 456.74187	   0.02285	[mu,kappa]: [(29.24981,150.28828),1.73836]
	 490.32621	   0.02453	[mu,kappa]: [(54.60813,91.12270),7.30088]
	 455.80751	   0.02281	[mu,kappa]: [(50.63347,298.77587),0.29308]
	 720.62589	   0.03604	[mu,kappa]: [(96.38984,5.83785),3.49717]
	 310.61582	   0.01555	[mu,kappa]: [(46.87614,84.25663),2.13004]
	2517.74859	   0.12586	[mu,kappa]: [(91.14989,90.22914),31.41706]
	2137.82313	   0.10687	[mu,kappa]: [(29.75623,150.77231),75.33082]
	 563.18272	   0.02817	[mu,kappa]: [(99.78183,4.49526),1.20193]
	2015.88604	   0.10077	[mu,kappa]: [(179.97833,241.41560),241.16362]
	 727.15223	   0.03637	[mu,kappa]: [(38.29629,104.07697),5.02493]
	2244.62858	   0.11221	[mu,kappa]: [(89.81596,269.77534),105.25201]
	 754.23556	   0.03772	[mu,kappa]: [(69.50866,218.69967),2.49668]
	2784.75009	   0.13920	[mu,kappa]: [(89.87879,179.91742),47.69331]
	 745.22713	   0.03727	[mu,kappa]: [(98.44951,5.60178),3.57830]
	 870.08869	   0.04351	[mu,kappa]: [(104.73759,4.18380),4.36107]
	 481.59040	   0.02409	[mu,kappa]: [(87.35118,7.52739),2.15646]
			msglen: 442932.22960 bits.
Iteration #: 51
	 836.84077	   0.04185	[mu,kappa]: [(51.22829,94.07187),13.27860]
	 901.94934	   0.04510	[mu,kappa]: [(122.21461,3.42857),4.08423]
	 449.74704	   0.02250	[mu,kappa]: [(29.22432,154.71328),1.68526]
	 468.74197	   0.02345	[mu,kappa]: [(53.95499,91.16908),7.60876]
	 449.28282	   0.02248	[mu,kappa]: [(45.82202,288.69085),0.23703]
	 725.34938	   0.03628	[mu,kappa]: [(94.15419,5.97879),3.68059]
	 300.56396	   0.01505	[mu,kappa]: [(45.82662,83.19587),2.03992]
	2571.51385	   0.12854	[mu,kappa]: [(91.09457,90.22803),30.86005]
	2144.29567	   0.10719	[mu,kappa]: [(29.75878,150.79461),75.13929]
	 553.06900	   0.02767	[mu,kappa]: [(100.86507,6.52351),1.19646]
	2016.28225	   0.10079	[mu,kappa]: [(179.97817,241.43414),241.02636]
	 690.41141	   0.03453	[mu,kappa]: [(38.02450,103.64047),5.05931]
	2245.71458	   0.11226	[mu,kappa]: [(89.81688,269.78191),105.19200]
	 772.55740	   0.03864	[mu,kappa]: [(69.87105,218.16843),2.60671]
	2777.20280	   0.13882	[mu,kappa]: [(89.88040,179.89099),47.92243]
	 748.25591	   0.03742	[mu,kappa]: [(96.45530,5.71100),3.72672]
	 869.67203	   0.04349	[mu,kappa]: [(103.63333,4.16367),4.38210]
	 478.54981	   0.02394	[mu,kappa]: [(85.82852,8.13157),2.26466]
			msglen: 442833.03727 bits.
Iteration #: 52
	 840.03348	   0.04201	[mu,kappa]: [(49.57009,95.09196),16.17838]
	 925.25111	   0.04627	[mu,kappa]: [(127.06491,2.90332),4.34477]
	 443.95380	   0.02221	[mu,kappa]: [(29.43677,158.75836),1.63980]
	 442.94789	   0.02216	[mu,kappa]: [(53.56549,91.02914),7.77674]
	 443.05147	   0.02217	[mu,kappa]: [(40.21698,271.03501),0.19256]
	 730.93348	   0.03656	[mu,kappa]: [(91.44801,6.13060),3.91362]
	 291.86449	   0.01461	[mu,kappa]: [(44.83027,82.06552),1.94958]
	2626.10612	   0.13127	[mu,kappa]: [(90.99374,90.22131),30.31746]
	2152.61644	   0.10761	[mu,kappa]: [(29.76125,150.80910),74.86666]
	 542.34221	   0.02713	[mu,kappa]: [(101.72629,8.33865),1.18533]
	2015.54663	   0.10076	[mu,kappa]: [(179.97755,238.72232),241.21451]
	 650.71121	   0.03255	[mu,kappa]: [(37.68011,103.31201),4.98640]
	2247.29811	   0.11234	[mu,kappa]: [(89.81724,269.78685),105.07955]
	 785.46134	   0.03928	[mu,kappa]: [(69.93924,217.70120),2.68288]
	2771.32763	   0.13853	[mu,kappa]: [(89.88170,179.87223),48.09478]
	 750.67143	   0.03754	[mu,kappa]: [(93.97523,5.84456),3.90963]
	 864.20134	   0.04322	[mu,kappa]: [(102.17133,4.21002),4.41032]
	 475.68182	   0.02380	[mu,kappa]: [(83.95128,8.63738),2.38587]
			msglen: 442684.70813 bits.
Iteration #: 53
	 847.82276	   0.04240	[mu,kappa]: [(47.98821,96.25061),20.88591]
	 961.17081	   0.04806	[mu,kappa]: [(132.65959,2.15200),4.88364]
	 438.78779	   0.02195	[mu,kappa]: [(29.91614,162.53003),1.60300]
	 412.54135	   0.02064	[mu,kappa]: [(53.53893,90.54993),7.74261]
	 436.15830	   0.02182	[mu,kappa]: [(37.77188,239.71991),0.17172]
	 737.34157	   0.03688	[mu,kappa]: [(88.37240,6.29943),4.24091]
	 283.90504	   0.01421	[mu,kappa]: [(43.89792,81.00850),1.86385]
	2682.72589	   0.13410	[mu,kappa]: [(90.84790,90.20966),29.75455]
	2163.17835	   0.10814	[mu,kappa]: [(29.76377,150.81070),74.52418]
	 528.61062	   0.02644	[mu,kappa]: [(102.04731,10.03036),1.16365]
	2013.30094	   0.10064	[mu,kappa]: [(179.97589,231.99332),241.83620]
	 608.34315	   0.03043	[mu,kappa]: [(37.24691,103.03068),4.79743]
	2249.46833	   0.11245	[mu,kappa]: [(89.81736,269.79116),104.91004]
	 794.82905	   0.03975	[mu,kappa]: [(69.83680,217.32350),2.73570]
	2766.61057	   0.13829	[mu,kappa]: [(89.88331,179.85958),48.22983]
	 751.92517	   0.03760	[mu,kappa]: [(91.03662,6.00708),4.16729]
	 851.79233	   0.04260	[mu,kappa]: [(100.19418,4.31002),4.47772]
	 471.48798	   0.02359	[mu,kappa]: [(81.73956,9.10460),2.52683]
			msglen: 442450.68991 bits.
Iteration #: 54
	 859.35822	   0.04297	[mu,kappa]: [(46.59384,97.44131),29.02261]
	1012.01274	   0.05060	[mu,kappa]: [(138.26771,1.16076),5.95333]
	 433.79871	   0.02171	[mu,kappa]: [(30.72314,166.09352),1.57537]
	 378.68898	   0.01895	[mu,kappa]: [(54.01952,89.52660),7.47379]
	 427.84062	   0.02141	[mu,kappa]: [(44.46447,207.95948),0.18999]
	 744.98064	   0.03726	[mu,kappa]: [(85.22387,6.45689),4.71552]
	 276.11050	   0.01382	[mu,kappa]: [(43.06242,80.27763),1.78580]
	2741.96949	   0.13706	[mu,kappa]: [(90.66133,90.19301),29.12471]
	2177.13154	   0.10883	[mu,kappa]: [(29.76646,150.78865),74.08291]
	 509.50253	   0.02549	[mu,kappa]: [(101.32536,11.73660),1.12413]
	2009.00773	   0.10043	[mu,kappa]: [(179.97172,220.66433),243.02831]
	 564.83245	   0.02825	[mu,kappa]: [(36.71953,102.72910),4.50571]
	2252.35109	   0.11259	[mu,kappa]: [(89.81766,269.79583),104.67302]
	 802.31718	   0.04012	[mu,kappa]: [(69.67828,217.07339),2.77113]
	2762.62124	   0.13809	[mu,kappa]: [(89.88560,179.85141),48.34237]
	 752.05485	   0.03761	[mu,kappa]: [(87.84275,6.17110),4.55134]
	 831.03604	   0.04156	[mu,kappa]: [(97.56213,4.43429),4.63114]
	 464.38543	   0.02323	[mu,kappa]: [(79.27263,9.57188),2.69289]
			msglen: 442092.88872 bits.
Iteration #: 55
	 868.19819	   0.04342	[mu,kappa]: [(45.54247,98.49061),43.31634]
	1070.96605	   0.05355	[mu,kappa]: [(142.98962,0.08998),7.95525]
	 429.32485	   0.02148	[mu,kappa]: [(31.89283,169.38118),1.55594]
	 346.12208	   0.01732	[mu,kappa]: [(55.09125,87.80214),7.05111]
	 418.64534	   0.02095	[mu,kappa]: [(53.71373,191.54852),0.24936]
	 754.65645	   0.03774	[mu,kappa]: [(82.54984,6.53797),5.36754]
	 268.48896	   0.01344	[mu,kappa]: [(42.36254,80.22154),1.71757]
	2802.24067	   0.14007	[mu,kappa]: [(90.45195,90.16851),28.39212]
	2195.85573	   0.10977	[mu,kappa]: [(29.76924,150.72301),73.46657]
	 484.53111	   0.02424	[mu,kappa]: [(98.96766,13.64542),1.05887]
	2002.35305	   0.10010	[mu,kappa]: [(179.96208,206.97618),244.84912]
	 524.18925	   0.02622	[mu,kappa]: [(36.12203,102.32947),4.16068]
	2255.81277	   0.11276	[mu,kappa]: [(89.81856,269.80154),104.37436]
	 809.66926	   0.04049	[mu,kappa]: [(69.58631,216.99934),2.78696]
	2758.92361	   0.13791	[mu,kappa]: [(89.88843,179.84629),48.44535]
	 752.39608	   0.03763	[mu,kappa]: [(84.89128,6.27102),5.10399]
	 804.09840	   0.04021	[mu,kappa]: [(94.37569,4.51919),4.93742]
	 453.52815	   0.02269	[mu,kappa]: [(76.75230,10.05408),2.88011]
			msglen: 441617.09870 bits.
Iteration #: 56
	 864.19164	   0.04322	[mu,kappa]: [(44.95885,99.24004),66.46103]
	1115.23667	   0.05576	[mu,kappa]: [(146.30058,359.28063),11.32743]
	 427.06708	   0.02137	[mu,kappa]: [(33.27417,172.12789),1.53993]
	 322.36013	   0.01614	[mu,kappa]: [(56.53531,85.49036),6.67266]
	 411.63433	   0.02060	[mu,kappa]: [(60.55926,184.90770),0.33283]
	 766.22525	   0.03832	[mu,kappa]: [(80.97374,6.46687),6.12438]
	 262.33151	   0.01314	[mu,kappa]: [(41.83025,81.04152),1.66144]
	2858.29659	   0.14288	[mu,kappa]: [(90.25495,90.13126),27.58977]
	2219.11382	   0.11093	[mu,kappa]: [(29.77142,150.59605),72.58205]
	 458.20149	   0.02292	[mu,kappa]: [(94.81783,15.88046),0.96826]
	1994.61671	   0.09971	[mu,kappa]: [(179.94368,195.56014),246.94159]
	 492.76794	   0.02465	[mu,kappa]: [(35.50629,101.71816),3.83967]
	2259.04780	   0.11293	[mu,kappa]: [(89.81977,269.80794),104.07437]
	 818.55072	   0.04093	[mu,kappa]: [(69.64720,217.15748),2.77151]
	2755.02298	   0.13771	[mu,kappa]: [(89.89075,179.84328),48.55384]
	 755.10257	   0.03776	[mu,kappa]: [(82.89467,6.22207),5.78536]
	 779.89940	   0.03900	[mu,kappa]: [(91.32814,4.45468),5.44377]
	 440.33337	   0.02203	[mu,kappa]: [(74.53329,10.54711),3.05972]
			msglen: 441132.05453 bits.
Iteration #: 57
	 845.35095	   0.04227	[mu,kappa]: [(44.80083,99.63015),95.52588]
	1119.86144	   0.05599	[mu,kappa]: [(148.30035,358.96585),16.12772]
	 428.89196	   0.02146	[mu,kappa]: [(34.45448,174.06577),1.51897]
	 311.89931	   0.01561	[mu,kappa]: [(57.83610,82.97054),6.48449]
	 410.60995	   0.02055	[mu,kappa]: [(65.71967,182.32794),0.41203]
	 776.41956	   0.03883	[mu,kappa]: [(80.69735,6.22711),6.79505]
	 259.59949	   0.01300	[mu,kappa]: [(41.47524,82.37844),1.61854]
	2903.25529	   0.14512	[mu,kappa]: [(90.10170,90.08382),26.84495]
	2242.87300	   0.11212	[mu,kappa]: [(29.77199,150.42747),71.46787]
	 438.73874	   0.02195	[mu,kappa]: [(89.80863,18.24194),0.86900]
	1990.14153	   0.09949	[mu,kappa]: [(179.91828,188.84318),248.24968]
	 475.14388	   0.02377	[mu,kappa]: [(34.91257,100.73461),3.60143]
	2260.94438	   0.11302	[mu,kappa]: [(89.82031,269.81377),103.87429]
	 829.11420	   0.04146	[mu,kappa]: [(69.81743,217.58107),2.71529]
	2750.67600	   0.13750	[mu,kappa]: [(89.89110,179.84223),48.67840]
	 759.76388	   0.03800	[mu,kappa]: [(82.24228,5.99413),6.42812]
	 768.30353	   0.03842	[mu,kappa]: [(89.43329,4.15547),6.07493]
	 428.41292	   0.02144	[mu,kappa]: [(72.92552,11.05491),3.18013]
			msglen: 440782.79376 bits.
Iteration #: 58
	 820.75585	   0.04104	[mu,kappa]: [(44.82910,99.77325),120.08769]
	1088.40878	   0.05442	[mu,kappa]: [(149.38933,359.02773),21.69046]
	 434.37309	   0.02173	[mu,kappa]: [(35.08032,175.18208),1.48943]
	 313.37403	   0.01569	[mu,kappa]: [(58.66280,80.53531),6.48995]
	 415.57470	   0.02079	[mu,kappa]: [(69.80283,181.16453),0.46647]
	 781.28021	   0.03907	[mu,kappa]: [(81.28782,5.89870),7.25218]
	 260.72357	   0.01306	[mu,kappa]: [(41.24407,83.51619),1.58832]
	2933.53597	   0.14664	[mu,kappa]: [(89.99852,90.03995),26.27813]
	2261.59068	   0.11305	[mu,kappa]: [(29.77212,150.27649),70.39090]
	 429.61915	   0.02150	[mu,kappa]: [(85.18708,20.33065),0.78127]
	1992.85999	   0.09962	[mu,kappa]: [(179.89759,186.17220),247.87934]
	 470.12664	   0.02352	[mu,kappa]: [(34.36664,99.26906),3.45198]
	2261.06087	   0.11303	[mu,kappa]: [(89.82050,269.81806),103.83024]
	 839.23191	   0.04197	[mu,kappa]: [(69.94842,218.20944),2.62818]
	2746.38920	   0.13728	[mu,kappa]: [(89.88872,179.84364),48.80961]
	 762.73617	   0.03814	[mu,kappa]: [(82.59153,5.66448),6.89076]
	 768.12822	   0.03841	[mu,kappa]: [(88.91088,3.68214),6.66411]
	 420.23095	   0.02103	[mu,kappa]: [(71.85830,11.62981),3.21774]
			msglen: 440594.26163 bits.
Iteration #: 59
	 800.07537	   0.04001	[mu,kappa]: [(44.86833,99.82550),135.29662]
	1045.88914	   0.05230	[mu,kappa]: [(149.92643,359.21035),26.82848]
	 441.23853	   0.02208	[mu,kappa]: [(35.18507,175.72318),1.45515]
	 322.30196	   0.01613	[mu,kappa]: [(59.06783,78.27691),6.62548]
	 423.29590	   0.02118	[mu,kappa]: [(73.04188,180.38307),0.49628]
	 780.34130	   0.03902	[mu,kappa]: [(82.15938,5.57727),7.52420]
	 264.12737	   0.01323	[mu,kappa]: [(41.05131,84.11315),1.56705]
	2949.91354	   0.14745	[mu,kappa]: [(89.93884,90.01454),25.92203]
	2273.33323	   0.11364	[mu,kappa]: [(29.77386,150.17947),69.60139]
	 427.71298	   0.02140	[mu,kappa]: [(81.43370,21.98205),0.71227]
	2000.51077	   0.10001	[mu,kappa]: [(179.89288,186.11174),246.31189]
	 472.42579	   0.02364	[mu,kappa]: [(33.88387,97.42166),3.36266]
	2259.83391	   0.11297	[mu,kappa]: [(89.82101,269.82050),103.91526]
	 846.95574	   0.04235	[mu,kappa]: [(69.94816,218.90925),2.53222]
	2743.19120	   0.13712	[mu,kappa]: [(89.88420,179.84747),48.91917]
	 761.86780	   0.03810	[mu,kappa]: [(83.32877,5.33527),7.17829]
	 771.51874	   0.03858	[mu,kappa]: [(89.18244,3.16837),7.13004]
	 415.46672	   0.02079	[mu,kappa]: [(71.02814,12.31295),3.19898]
			msglen: 440505.49184 bits.
Iteration #: 60
	 786.53059	   0.03933	[mu,kappa]: [(44.88951,99.85371),143.53453]
	1009.76153	   0.05049	[mu,kappa]: [(150.17143,359.36999),30.71243]
	 447.72876	   0.02240	[mu,kappa]: [(35.02208,175.98030),1.42077]
	 334.54884	   0.01674	[mu,kappa]: [(59.25304,76.20894),6.83082]
	 431.17669	   0.02157	[mu,kappa]: [(75.72617,179.68701),0.51062]
	 775.61307	   0.03879	[mu,kappa]: [(82.96937,5.30626),7.69108]
	 268.06414	   0.01342	[mu,kappa]: [(40.86396,84.27609),1.54883]
	2956.15961	   0.14777	[mu,kappa]: [(89.91296,90.01111),25.74244]
	2279.80886	   0.11396	[mu,kappa]: [(29.77729,150.12818),69.12287]
	 429.03018	   0.02147	[mu,kappa]: [(78.52804,23.26652),0.65896]
	2008.10869	   0.10039	[mu,kappa]: [(179.90050,187.42224),244.61035]
	 477.13992	   0.02387	[mu,kappa]: [(33.46876,95.43325),3.30311]
	2258.10166	   0.11288	[mu,kappa]: [(89.82183,269.82146),104.05762]
	 852.14885	   0.04261	[mu,kappa]: [(69.82014,219.57377),2.44317]
	2741.55415	   0.13704	[mu,kappa]: [(89.87881,179.85272),48.98724]
	 757.79570	   0.03790	[mu,kappa]: [(84.06550,5.05554),7.35876]
	 773.88963	   0.03870	[mu,kappa]: [(89.70468,2.69466),7.48833]
	 412.83915	   0.02066	[mu,kappa]: [(70.25033,13.07731),3.15994]
			msglen: 440464.53462 bits.
Iteration #: 61
	 778.66937	   0.03894	[mu,kappa]: [(44.89987,99.87534),147.84326]
	 984.59042	   0.04923	[mu,kappa]: [(150.28151,359.47514),33.29047]
	 453.20083	   0.02267	[mu,kappa]: [(34.79757,176.13519),1.38910]
	 347.66550	   0.01740	[mu,kappa]: [(59.37319,74.33720),7.06779]
	 438.10128	   0.02192	[mu,kappa]: [(78.00914,179.01422),0.51754]
	 769.16703	   0.03847	[mu,kappa]: [(83.60762,5.09057),7.81037]
	 271.60044	   0.01360	[mu,kappa]: [(40.67860,84.22975),1.52993]
	2956.58273	   0.14779	[mu,kappa]: [(89.90859,90.02419),25.68217]
	2283.38531	   0.11414	[mu,kappa]: [(29.78160,150.10261),68.85550]
	 431.18072	   0.02157	[mu,kappa]: [(76.25381,24.31331),0.61630]
	2013.39854	   0.10065	[mu,kappa]: [(179.91068,189.10165),243.33095]
	 481.66054	   0.02410	[mu,kappa]: [(33.11803,93.50858),3.25511]
	2256.44148	   0.11280	[mu,kappa]: [(89.82270,269.82156),104.20163]
	 855.50452	   0.04278	[mu,kappa]: [(69.59311,220.15211),2.36707]
	2741.14571	   0.13702	[mu,kappa]: [(89.87348,179.85828),49.01630]
	 751.99279	   0.03761	[mu,kappa]: [(84.66267,4.83289),7.48659]
	 774.36468	   0.03873	[mu,kappa]: [(90.21902,2.28553),7.77710]
	 411.34814	   0.02058	[mu,kappa]: [(69.48482,13.86660),3.12161]
			msglen: 440444.07350 bits.
Iteration #: 62
	 774.46196	   0.03873	[mu,kappa]: [(44.90535,99.89386),150.07636]
	 968.74115	   0.04844	[mu,kappa]: [(150.33181,359.53884),34.88359]
	 457.61300	   0.02290	[mu,kappa]: [(34.61319,176.27337),1.36117]
	 360.42385	   0.01804	[mu,kappa]: [(59.50558,72.66305),7.31379]
	 443.79840	   0.02220	[mu,kappa]: [(79.92880,178.37129),0.52160]
	 762.29711	   0.03812	[mu,kappa]: [(84.07621,4.92070),7.91040]
	 274.43224	   0.01374	[mu,kappa]: [(40.49345,84.13906),1.50902]
	2954.31828	   0.14767	[mu,kappa]: [(89.91506,90.04643),25.68999]
	2285.65048	   0.11426	[mu,kappa]: [(29.78585,150.08870),68.70138]
	 433.11817	   0.02167	[mu,kappa]: [(74.37727,25.20995),0.58062]
	2016.52894	   0.10081	[mu,kappa]: [(179.91869,190.57500),242.52852]
	 485.02560	   0.02427	[mu,kappa]: [(32.82001,91.75868),3.21022]
	2255.07726	   0.11273	[mu,kappa]: [(89.82347,269.82125),104.32274]
	 857.68599	   0.04289	[mu,kappa]: [(69.29344,220.63503),2.30434]
	2741.40399	   0.13703	[mu,kappa]: [(89.86872,179.86348),49.02014]
	 745.58913	   0.03729	[mu,kappa]: [(85.10768,4.65867),7.59037]
	 773.43141	   0.03868	[mu,kappa]: [(90.64834,1.93891),8.02373]
	 410.40304	   0.02054	[mu,kappa]: [(68.74944,14.63037),3.09132]
			msglen: 440432.32850 bits.
Iteration #: 63
	 772.51616	   0.03863	[mu,kappa]: [(44.90867,99.90964),151.19488]
	 959.35697	   0.04797	[mu,kappa]: [(150.35398,359.57784),35.82891]
	 461.12722	   0.02307	[mu,kappa]: [(34.50129,176.42385),1.33692]
	 372.24897	   0.01863	[mu,kappa]: [(59.67620,71.17886),7.55491]
	 448.34832	   0.02243	[mu,kappa]: [(81.50008,177.77465),0.52480]
	 755.64807	   0.03779	[mu,kappa]: [(84.41022,4.78550),8.00214]
	 276.56370	   0.01385	[mu,kappa]: [(40.30573,84.08961),1.48600]
	2951.20899	   0.14752	[mu,kappa]: [(89.92533,90.07219),25.72996]
	2287.40413	   0.11434	[mu,kappa]: [(29.78949,150.07918),68.59951]
	 434.52351	   0.02174	[mu,kappa]: [(72.72713,26.00016),0.54968]
	2018.23607	   0.10089	[mu,kappa]: [(179.92400,191.66463),242.07605]
	 487.08746	   0.02437	[mu,kappa]: [(32.55950,90.22003),3.16531]
	2254.02992	   0.11268	[mu,kappa]: [(89.82412,269.82079),104.41651]
	 859.13562	   0.04296	[mu,kappa]: [(68.94398,221.03309),2.25314]
	2741.91087	   0.13706	[mu,kappa]: [(89.86476,179.86811),49.01184]
	 739.22732	   0.03697	[mu,kappa]: [(85.42850,4.52167),7.68211]
	 771.72612	   0.03859	[mu,kappa]: [(90.98885,1.64482),8.24281]
	 409.70057	   0.02050	[mu,kappa]: [(68.06655,15.33641),3.06963]
			msglen: 440424.60673 bits.
Iteration #: 64
	 771.99523	   0.03861	[mu,kappa]: [(44.91096,99.92254),151.68564]
	 954.09546	   0.04771	[mu,kappa]: [(150.36154,359.60291),36.37259]
	 463.93650	   0.02321	[mu,kappa]: [(34.46102,176.58736),1.31585]
	 382.89946	   0.01916	[mu,kappa]: [(59.88505,69.86945),7.78239]
	 451.93684	   0.02261	[mu,kappa]: [(82.74847,177.23344),0.52779]
	 749.49126	   0.03748	[mu,kappa]: [(84.64555,4.67623),8.08868]
	 278.11149	   0.01392	[mu,kappa]: [(40.11272,84.11418),1.46127]
	2948.19364	   0.14737	[mu,kappa]: [(89.93550,90.09807),25.78045]
	2288.97565	   0.11442	[mu,kappa]: [(29.79230,150.07095),68.51934]
	 435.38769	   0.02178	[mu,kappa]: [(71.19498,26.70474),0.52221]
	2019.11533	   0.10094	[mu,kappa]: [(179.92731,192.40158),241.84072]
	 488.02982	   0.02442	[mu,kappa]: [(32.32229,88.88653),3.11978]
	2253.24377	   0.11264	[mu,kappa]: [(89.82466,269.82030),104.48696]
	 860.11408	   0.04301	[mu,kappa]: [(68.56423,221.36203),2.21118]
	2742.44137	   0.13709	[mu,kappa]: [(89.86160,179.87213),48.99975]
	 733.21782	   0.03667	[mu,kappa]: [(85.65752,4.41283),7.76590]
	 769.70893	   0.03849	[mu,kappa]: [(91.25750,1.39319),8.44119]
	 409.10565	   0.02047	[mu,kappa]: [(67.44721,15.96962),3.05491]
			msglen: 440419.01746 bits.
Iteration #: 65
	 772.38984	   0.03863	[mu,kappa]: [(44.91269,99.93259),151.80421]
	 951.36076	   0.04757	[mu,kappa]: [(150.36099,359.62002),36.67355]
	 466.20774	   0.02332	[mu,kappa]: [(34.47959,176.75326),1.29735]
	 392.30999	   0.01963	[mu,kappa]: [(60.12173,68.71585),7.99096]
	 454.75427	   0.02275	[mu,kappa]: [(83.71056,176.74877),0.53065]
	 743.91203	   0.03720	[mu,kappa]: [(84.81037,4.58682),8.17029]
	 279.21261	   0.01398	[mu,kappa]: [(39.91259,84.21797),1.43541]
	2945.67976	   0.14724	[mu,kappa]: [(89.94376,90.12227),25.83001]
	2290.46728	   0.11450	[mu,kappa]: [(29.79432,150.06296),68.44808]
	 435.80285	   0.02181	[mu,kappa]: [(69.71564,27.33587),0.49747]
	2019.53646	   0.10096	[mu,kappa]: [(179.92934,192.87820),241.72977]
	 488.13152	   0.02442	[mu,kappa]: [(32.09765,87.73334),3.07405]
	2252.65169	   0.11261	[mu,kappa]: [(89.82514,269.81981),104.53986]
	 860.76936	   0.04304	[mu,kappa]: [(68.17017,221.63610),2.17636]
	2742.90312	   0.13711	[mu,kappa]: [(89.85916,179.87561),48.98803]
	 727.68615	   0.03639	[mu,kappa]: [(85.82110,4.32570),7.84275]
	 767.65472	   0.03839	[mu,kappa]: [(91.47298,1.17587),8.62193]
	 408.56986	   0.02044	[mu,kappa]: [(66.89209,16.52672),3.04524]
			msglen: 440414.73617 bits.
Iteration #: 66
	 773.37120	   0.03868	[mu,kappa]: [(44.91409,99.93997),151.69418]
	 950.13782	   0.04751	[mu,kappa]: [(150.35588,359.63237),36.82972]
	 468.07056	   0.02342	[mu,kappa]: [(34.54251,176.90868),1.28088]
	 400.51234	   0.02004	[mu,kappa]: [(60.37347,67.69855),8.17784]
	 456.96278	   0.02286	[mu,kappa]: [(84.42697,176.31703),0.53333]
	 738.91031	   0.03695	[mu,kappa]: [(84.92489,4.51312),8.24651]
	 279.98848	   0.01402	[mu,kappa]: [(39.70480,84.39436),1.40896]
	2943.79302	   0.14715	[mu,kappa]: [(89.94947,90.14403),25.87345]
	2291.88968	   0.11457	[mu,kappa]: [(29.79569,150.05502),68.38159]
	 435.87530	   0.02181	[mu,kappa]: [(68.25066,27.90360),0.47500]
	2019.70988	   0.10097	[mu,kappa]: [(179.93059,193.18071),241.68702]
	 487.66229	   0.02440	[mu,kappa]: [(31.87879,86.73046),3.02887]
	2252.19852	   0.11258	[mu,kappa]: [(89.82557,269.81936),104.58018]
	 861.18766	   0.04307	[mu,kappa]: [(67.77423,221.86632),2.14702]
	2743.27337	   0.13713	[mu,kappa]: [(89.85728,179.87865),48.97821]
	 722.66357	   0.03614	[mu,kappa]: [(85.93845,4.25583),7.91271]
	 765.70983	   0.03829	[mu,kappa]: [(91.65056,0.98660),8.78656]
	 408.08339	   0.02042	[mu,kappa]: [(66.39581,17.01133),3.03905]
			msglen: 440411.35436 bits.
Iteration #: 67
	 774.71479	   0.03874	[mu,kappa]: [(44.91526,99.94501),151.44284]
	 949.79911	   0.04749	[mu,kappa]: [(150.34835,359.64175),36.90045]
	 469.62133	   0.02350	[mu,kappa]: [(34.63742,177.04272),1.26599]
	 407.59209	   0.02040	[mu,kappa]: [(60.62876,66.79931),8.34213]
	 458.69109	   0.02295	[mu,kappa]: [(84.93663,175.93278),0.53575]
	 734.44987	   0.03673	[mu,kappa]: [(85.00324,4.45215),8.31695]
	 280.53501	   0.01405	[mu,kappa]: [(39.48996,84.63298),1.38237]
	2942.52226	   0.14708	[mu,kappa]: [(89.95263,90.16308),25.90897]
	2293.22654	   0.11463	[mu,kappa]: [(29.79658,150.04726),68.31923]
	 435.69600	   0.02180	[mu,kappa]: [(66.77773,28.41806),0.45452]
	2019.75183	   0.10097	[mu,kappa]: [(179.93136,193.37192),241.68042]
	 486.84425	   0.02436	[mu,kappa]: [(31.66225,85.84939),2.98496]
	2251.84476	   0.11257	[mu,kappa]: [(89.82595,269.81893),104.61155]
	 861.42335	   0.04308	[mu,kappa]: [(67.38565,222.06063),2.12188]
	2743.55856	   0.13714	[mu,kappa]: [(89.85585,179.88132),48.97053]
	 718.13600	   0.03592	[mu,kappa]: [(86.02303,4.19999),7.97577]
	 763.94310	   0.03820	[mu,kappa]: [(91.80147,0.82058),8.93610]
	 407.65006	   0.02040	[mu,kappa]: [(65.95062,17.43059),3.03517]
			msglen: 440408.63782 bits.
Iteration #: 68
	 776.26208	   0.03882	[mu,kappa]: [(44.91628,99.94807),151.10698]
	 949.96181	   0.04750	[mu,kappa]: [(150.33971,359.64920),36.92150]
	 470.93048	   0.02356	[mu,kappa]: [(34.75501,177.14783),1.25235]
	 413.66247	   0.02070	[mu,kappa]: [(60.87850,66.00205),8.48420]
	 460.03834	   0.02302	[mu,kappa]: [(85.27398,175.59058),0.53785]
	 730.48145	   0.03653	[mu,kappa]: [(85.05517,4.40163),8.38156]
	 280.92337	   0.01406	[mu,kappa]: [(39.26954,84.92336),1.35601]
	2941.79740	   0.14705	[mu,kappa]: [(89.95353,90.17946),25.93655]
	2294.46100	   0.11470	[mu,kappa]: [(29.79712,150.03986),68.26140]
	 435.33446	   0.02178	[mu,kappa]: [(65.28428,28.88971),0.43578]
	2019.72605	   0.10097	[mu,kappa]: [(179.93185,193.49326),241.69217]
	 485.84434	   0.02431	[mu,kappa]: [(31.44705,85.06571),2.94288]
	2251.56372	   0.11255	[mu,kappa]: [(89.82630,269.81852),104.63643]
	 861.51470	   0.04308	[mu,kappa]: [(67.01093,222.22469),2.10003]
	2743.77352	   0.13715	[mu,kappa]: [(89.85475,179.88369),48.96476]
	 714.06916	   0.03571	[mu,kappa]: [(86.08419,4.15571),8.03208]
	 762.37980	   0.03813	[mu,kappa]: [(91.93368,0.67402),9.07148]
	 407.27586	   0.02038	[mu,kappa]: [(65.54847,17.79307),3.03283]
			msglen: 440406.43362 bits.
Iteration #: 69
	 777.90044	   0.03890	[mu,kappa]: [(44.91719,99.94956),150.72519]
	 950.39450	   0.04752	[mu,kappa]: [(150.33079,359.65534),36.91440]
	 472.04931	   0.02362	[mu,kappa]: [(34.88872,177.21995),1.23970]
	 418.84744	   0.02096	[mu,kappa]: [(61.11621,65.29292),8.60526]
	 461.07998	   0.02307	[mu,kappa]: [(85.46801,175.28570),0.53961]
	 726.95343	   0.03636	[mu,kappa]: [(85.08750,4.35975),8.44055]
	 281.20416	   0.01408	[mu,kappa]: [(39.04542,85.25634),1.33010]
	2941.52912	   0.14704	[mu,kappa]: [(89.95255,90.19331),25.95690]
	2295.58384	   0.11475	[mu,kappa]: [(29.79742,150.03294),68.20854]
	 434.84101	   0.02176	[mu,kappa]: [(63.76372,29.32889),0.41863]
	2019.66745	   0.10096	[mu,kappa]: [(179.93216,193.57089),241.71250]
	 484.77977	   0.02425	[mu,kappa]: [(31.23369,84.35966),2.90297]
	2251.33754	   0.11254	[mu,kappa]: [(89.82662,269.81814),104.65643]
	 861.49142	   0.04308	[mu,kappa]: [(66.65436,222.36265),2.08077]
	2743.93280	   0.13716	[mu,kappa]: [(89.85389,179.88580),48.96054]
	 710.42123	   0.03553	[mu,kappa]: [(86.12840,4.12104),8.08200]
	 761.02194	   0.03806	[mu,kappa]: [(92.05268,0.54392),9.19367]
	 406.96463	   0.02036	[mu,kappa]: [(65.18210,18.10743),3.03147]
			msglen: 440404.63231 bits.
Iteration #: 70
	 779.55110	   0.03899	[mu,kappa]: [(44.91801,99.94984),150.32409]
	 950.95866	   0.04755	[mu,kappa]: [(150.32207,359.66055),36.89208]
	 473.01539	   0.02367	[mu,kappa]: [(35.03405,177.25784),1.22785]
	 423.27070	   0.02118	[mu,kappa]: [(61.33768,64.66018),8.70704]
	 461.87335	   0.02311	[mu,kappa]: [(85.54258,175.01431),0.54102]
	 723.81651	   0.03620	[mu,kappa]: [(85.10501,4.32500),8.49431]
	 281.41229	   0.01409	[mu,kappa]: [(38.81961,85.62436),1.30481]
	2941.62782	   0.14704	[mu,kappa]: [(89.95010,90.20488),25.97104]
	2296.59407	   0.11480	[mu,kappa]: [(29.79757,150.02660),68.16083]
	 434.25109	   0.02173	[mu,kappa]: [(62.21318,29.74538),0.40291]
	2019.59507	   0.10096	[mu,kappa]: [(179.93236,193.62108),241.73614]
	 483.72779	   0.02420	[mu,kappa]: [(31.02351,83.71578),2.86545]
	2251.15407	   0.11253	[mu,kappa]: [(89.82691,269.81778),104.67266]
	 861.37796	   0.04307	[mu,kappa]: [(66.31847,222.47772),2.06362]
	2744.04802	   0.13717	[mu,kappa]: [(89.85320,179.88770),48.95755]
	 707.14926	   0.03537	[mu,kappa]: [(86.16020,4.09438),8.12602]
	 759.85977	   0.03800	[mu,kappa]: [(92.16226,0.42779),9.30367]
	 406.71709	   0.02035	[mu,kappa]: [(64.84540,18.38183),3.03073]
			msglen: 440403.15117 bits.
Iteration #: 71
	 781.16079	   0.03907	[mu,kappa]: [(44.91876,99.94925),149.92191]
	 951.57263	   0.04758	[mu,kappa]: [(150.31385,359.66507),36.86225]
	 473.85654	   0.02371	[mu,kappa]: [(35.18801,177.26238),1.21667]
	 427.04888	   0.02137	[mu,kappa]: [(61.54051,64.09393),8.79148]
	 462.46223	   0.02314	[mu,kappa]: [(85.51705,174.77339),0.54210]
	 721.02562	   0.03606	[mu,kappa]: [(85.11113,4.29613),8.54337]
	 281.57122	   0.01410	[mu,kappa]: [(38.59402,86.02142),1.28023]
	2942.01198	   0.14706	[mu,kappa]: [(89.94655,90.21441),25.98001]
	2297.49693	   0.11485	[mu,kappa]: [(29.79763,150.02085),68.11816]
	 433.58938	   0.02169	[mu,kappa]: [(60.63215,30.14803),0.38849]
	2019.51922	   0.10096	[mu,kappa]: [(179.93248,193.65387),241.76025]
	 482.73578	   0.02415	[mu,kappa]: [(30.81812,83.12223),2.83036]
	2251.00467	   0.11252	[mu,kappa]: [(89.82717,269.81744),104.68588]
	 861.19492	   0.04307	[mu,kappa]: [(66.00448,222.57254),2.04821]
	2744.12775	   0.13717	[mu,kappa]: [(89.85265,179.88942),48.95554]
	 704.21216	   0.03522	[mu,kappa]: [(86.18280,4.07441),8.16470]
	 758.87812	   0.03795	[mu,kappa]: [(92.26499,0.32362),9.40250]
	 406.53119	   0.02034	[mu,kappa]: [(64.53343,18.62355),3.03038]
			msglen: 440401.92580 bits.
Iteration #: 72
	 782.69545	   0.03914	[mu,kappa]: [(44.91945,99.94804),149.53080]
	 952.18936	   0.04761	[mu,kappa]: [(150.30627,359.66909),36.82949]
	 474.59363	   0.02374	[mu,kappa]: [(35.34853,177.23583),1.20604]
	 430.28774	   0.02153	[mu,kappa]: [(61.72370,63.58580),8.86059]
	 462.88039	   0.02316	[mu,kappa]: [(85.40710,174.56046),0.54288]
	 718.54056	   0.03594	[mu,kappa]: [(85.10831,4.27207),8.58830]
	 281.69636	   0.01410	[mu,kappa]: [(38.37028,86.44279),1.25638]
	2942.61111	   0.14709	[mu,kappa]: [(89.94221,90.22214),25.98479]
	2298.30147	   0.11489	[mu,kappa]: [(29.79762,150.01569),68.08019]
	 432.87306	   0.02166	[mu,kappa]: [(59.02160,30.54469),0.37525]
	2019.44531	   0.10095	[mu,kappa]: [(179.93257,193.67552),241.78340]
	 481.82983	   0.02411	[mu,kappa]: [(30.61910,82.57013),2.79766]
	2250.88290	   0.11252	[mu,kappa]: [(89.82739,269.81712),104.69666]
	 860.95968	   0.04305	[mu,kappa]: [(65.71265,222.64938),2.03429]
	2744.17822	   0.13717	[mu,kappa]: [(89.85219,179.89097),48.95432]
	 701.57215	   0.03509	[mu,kappa]: [(86.19849,4.06003),8.19863]
	 758.05991	   0.03791	[mu,kappa]: [(92.36262,0.22972),9.49113]
	 406.40288	   0.02034	[mu,kappa]: [(64.24231,18.83892),3.03024]
			msglen: 440400.90540 bits.
Iteration #: 73
	 784.13514	   0.03921	[mu,kappa]: [(44.92008,99.94644),149.15842]
	 952.78277	   0.04764	[mu,kappa]: [(150.29939,359.67271),36.79643]
	 475.24267	   0.02378	[mu,kappa]: [(35.51418,177.18128),1.19590]
	 433.08051	   0.02167	[mu,kappa]: [(61.88724,63.12872),8.91630]
	 463.15421	   0.02317	[mu,kappa]: [(85.22548,174.37343),0.54336]
	 716.32585	   0.03583	[mu,kappa]: [(85.09837,4.25193),8.62965]
	 281.79761	   0.01411	[mu,kappa]: [(38.14974,86.88481),1.23328]
	2943.36615	   0.14713	[mu,kappa]: [(89.93736,90.22833),25.98624]
	2299.01858	   0.11492	[mu,kappa]: [(29.79758,150.01107),68.04645]
	 432.11421	   0.02162	[mu,kappa]: [(57.38344,30.94217),0.36310]
	2019.37604	   0.10095	[mu,kappa]: [(179.93263,193.68992),241.80489]
	 481.02166	   0.02407	[mu,kappa]: [(30.42781,82.05284),2.76723]
	2250.78375	   0.11251	[mu,kappa]: [(89.82759,269.81681),104.70543]
	 860.68674	   0.04304	[mu,kappa]: [(65.44253,222.71024),2.02163]
	2744.20412	   0.13717	[mu,kappa]: [(89.85181,179.89239),48.95377]
	 699.19517	   0.03497	[mu,kappa]: [(86.20894,4.05031),8.22836]
	 757.38791	   0.03788	[mu,kappa]: [(92.45636,0.14470),9.57049]
	 406.32690	   0.02033	[mu,kappa]: [(63.96903,19.03326),3.03021]
			msglen: 440400.04962 bits.
Iteration #: 74
	 785.47008	   0.03928	[mu,kappa]: [(44.92066,99.94461),148.80919]
	 953.33941	   0.04767	[mu,kappa]: [(150.29320,359.67601),36.76456]
	 475.81619	   0.02381	[mu,kappa]: [(35.68387,177.10212),1.18618]
	 435.50762	   0.02179	[mu,kappa]: [(62.03180,62.71664),8.96042]
	 463.30464	   0.02318	[mu,kappa]: [(84.98261,174.21045),0.54359]
	 714.35047	   0.03573	[mu,kappa]: [(85.08266,4.23497),8.66795]
	 281.88121	   0.01411	[mu,kappa]: [(37.93340,87.34467),1.21090]
	2944.22868	   0.14717	[mu,kappa]: [(89.93220,90.23321),25.98509]
	2299.65953	   0.11496	[mu,kappa]: [(29.79752,150.00696),68.01645]
	 431.32153	   0.02158	[mu,kappa]: [(55.72018,31.34644),0.35194]
	2019.31257	   0.10095	[mu,kappa]: [(179.93267,193.69953),241.82448]
	 480.31371	   0.02403	[mu,kappa]: [(30.24528,81.56545),2.73894]
	2250.70320	   0.11251	[mu,kappa]: [(89.82777,269.81653),104.71256]
	 860.38804	   0.04303	[mu,kappa]: [(65.19323,222.75696),2.01009]
	2744.20909	   0.13717	[mu,kappa]: [(89.85148,179.89367),48.95377]
	 697.05093	   0.03486	[mu,kappa]: [(86.21535,4.04448),8.25444]
	 756.84572	   0.03785	[mu,kappa]: [(92.54704,0.06739),9.64145]
	 406.29740	   0.02033	[mu,kappa]: [(63.71128,19.21100),3.03020]
			msglen: 440399.32633 bits.
Iteration #: 75
	 786.69749	   0.03934	[mu,kappa]: [(44.92118,99.94266),148.48525]
	 953.85329	   0.04770	[mu,kappa]: [(150.28769,359.67905),36.73464]
	 476.32423	   0.02383	[mu,kappa]: [(35.85677,177.00183),1.17683]
	 437.63734	   0.02190	[mu,kappa]: [(62.15850,62.34442),8.99459]
	 463.34863	   0.02318	[mu,kappa]: [(84.68709,174.06977),0.54357]
	 712.58734	   0.03564	[mu,kappa]: [(85.06217,4.22056),8.70372]
	 281.95104	   0.01412	[mu,kappa]: [(37.72199,87.82017),1.18920]
	2945.15962	   0.14722	[mu,kappa]: [(89.92690,90.23698),25.98195]
	2300.23509	   0.11499	[mu,kappa]: [(29.79744,150.00329),67.98967]
	 430.50143	   0.02154	[mu,kappa]: [(54.03469,31.76274),0.34169]
	2019.25522	   0.10094	[mu,kappa]: [(179.93269,193.70591),241.84210]
	 479.70275	   0.02400	[mu,kappa]: [(30.07226,81.10433),2.71261]
	2250.63791	   0.11251	[mu,kappa]: [(89.82792,269.81626),104.71832]
	 860.07325	   0.04301	[mu,kappa]: [(64.96353,222.79119),1.99954]
	2744.19619	   0.13717	[mu,kappa]: [(89.85119,179.89485),48.95425]
	 695.11265	   0.03476	[mu,kappa]: [(86.21865,4.04192),8.27732]
	 756.41810	   0.03783	[mu,kappa]: [(92.63522,359.99682),9.70477]
	 406.30841	   0.02033	[mu,kappa]: [(63.46724,19.37578),3.03016]
			msglen: 440398.70992 bits.
Iteration #: 76
	 787.81926	   0.03940	[mu,kappa]: [(44.92166,99.94069),148.18713]
	 954.32276	   0.04772	[mu,kappa]: [(150.28282,359.68188),36.70704]
	 476.77500	   0.02385	[mu,kappa]: [(36.03214,176.88370),1.16784]
	 439.52687	   0.02199	[mu,kappa]: [(62.26871,62.00760),9.02025]
	 463.30015	   0.02318	[mu,kappa]: [(84.34607,173.94970),0.54334]
	 711.01287	   0.03556	[mu,kappa]: [(85.03769,4.20815),8.73739]
	 282.00948	   0.01412	[mu,kappa]: [(37.51596,88.30965),1.16815]
	2946.12790	   0.14727	[mu,kappa]: [(89.92160,90.23983),25.97733]
	2300.75506	   0.11501	[mu,kappa]: [(29.79735,150.00002),67.96563]
	 429.65883	   0.02150	[mu,kappa]: [(52.33010,32.19581),0.33227]
	2019.20387	   0.10094	[mu,kappa]: [(179.93271,193.71005),241.85784]
	 479.18243	   0.02397	[mu,kappa]: [(29.90915,80.66678),2.68806]
	2250.58514	   0.11250	[mu,kappa]: [(89.82805,269.81601),104.72296]
	 859.75012	   0.04299	[mu,kappa]: [(64.75206,222.81442),1.98986]
	2744.16807	   0.13717	[mu,kappa]: [(89.85094,179.89591),48.95514]
	 693.35676	   0.03468	[mu,kappa]: [(86.21952,4.04208),8.29745]
	 756.09122	   0.03781	[mu,kappa]: [(92.72130,359.93217),9.76116]
	 406.35419	   0.02033	[mu,kappa]: [(63.23548,19.53053),3.03003]
			msglen: 440398.17996 bits.
Iteration #: 77
	 788.84017	   0.03945	[mu,kappa]: [(44.92210,99.93877),147.91435]
	 954.74858	   0.04774	[mu,kappa]: [(150.27853,359.68453),36.68188]
	 477.17539	   0.02387	[mu,kappa]: [(36.20934,176.75076),1.15915]
	 441.22368	   0.02208	[mu,kappa]: [(62.36392,61.70236),9.03869]
	 463.17088	   0.02317	[mu,kappa]: [(83.96559,173.84860),0.54292]
	 709.60649	   0.03549	[mu,kappa]: [(85.00981,4.19729),8.76936]
	 282.05800	   0.01412	[mu,kappa]: [(37.31554,88.81180),1.14771]
	2947.10914	   0.14731	[mu,kappa]: [(89.91638,90.24192),25.97163]
	2301.22797	   0.11503	[mu,kappa]: [(29.79726,149.99711),67.94392]
	 428.79765	   0.02146	[mu,kappa]: [(50.60967,32.65007),0.32363]
	2019.15815	   0.10094	[mu,kappa]: [(179.93272,193.71264),241.87183]
	 478.74491	   0.02395	[mu,kappa]: [(29.75612,80.25079),2.66512]
	2250.54261	   0.11250	[mu,kappa]: [(89.82817,269.81578),104.72669]
	 859.42472	   0.04298	[mu,kappa]: [(64.55738,222.82802),1.98098]
	2744.12708	   0.13717	[mu,kappa]: [(89.85071,179.89689),48.95637]
	 691.76253	   0.03460	[mu,kappa]: [(86.21848,4.04453),8.31518]
	 755.85264	   0.03780	[mu,kappa]: [(92.80558,359.87274),9.81126]
	 406.42940	   0.02034	[mu,kappa]: [(63.01486,19.67761),3.02979]
			msglen: 440397.72015 bits.
			N: 20000
		22.01989 bpr
Null model msglen: 471661.29398 bits.	(23.58306 bpr)
