Iteration #: 0
	10057.00000	   0.50285	[mu,kappa]: [(72.53966,126.17509),0.40879]
	9943.00000	   0.49715	[mu,kappa]: [(72.76926,121.64218),0.41554]
			msglen: 52776558133248.29688 bits.
Iteration #: 1
	10056.99275	   0.50285	[mu,kappa]: [(72.48279,126.20408),0.40808]
	9943.00725	   0.49715	[mu,kappa]: [(72.82584,121.62256),0.41627]
			msglen: 470904.62962 bits.
Iteration #: 2
	10056.98457	   0.50285	[mu,kappa]: [(72.44905,126.23984),0.40734]
	9943.01543	   0.49715	[mu,kappa]: [(72.85928,121.59629),0.41704]
			msglen: 470904.62319 bits.
Iteration #: 3
	10056.97540	   0.50285	[mu,kappa]: [(72.43559,126.28107),0.40653]
	9943.02460	   0.49715	[mu,kappa]: [(72.87257,121.56517),0.41788]
			msglen: 470904.61575 bits.
Iteration #: 4
	10056.96516	   0.50285	[mu,kappa]: [(72.44088,126.32681),0.40561]
	9943.03484	   0.49715	[mu,kappa]: [(72.86736,121.53066),0.41883]
			msglen: 470904.60617 bits.
Iteration #: 5
	10056.95369	   0.50285	[mu,kappa]: [(72.46456,126.37635),0.40455]
	9943.04631	   0.49715	[mu,kappa]: [(72.84421,121.49399),0.41993]
			msglen: 470904.59309 bits.
Iteration #: 6
	10056.94082	   0.50285	[mu,kappa]: [(72.50736,126.42919),0.40330]
	9943.05918	   0.49715	[mu,kappa]: [(72.80269,121.45625),0.42123]
			msglen: 470904.57458 bits.
Iteration #: 7
	10056.92627	   0.50285	[mu,kappa]: [(72.57107,126.48497),0.40181]
	9943.07373	   0.49715	[mu,kappa]: [(72.74147,121.41845),0.42276]
			msglen: 470904.54793 bits.
Iteration #: 8
	10056.90972	   0.50285	[mu,kappa]: [(72.65861,126.54349),0.40002]
	9943.09028	   0.49715	[mu,kappa]: [(72.65841,121.38159),0.42460]
			msglen: 470904.50912 bits.
Iteration #: 9
	10056.89076	   0.50284	[mu,kappa]: [(72.77418,126.60463),0.39788]
	9943.10924	   0.49716	[mu,kappa]: [(72.55047,121.34670),0.42681]
			msglen: 470904.45219 bits.
Iteration #: 10
	10056.86885	   0.50284	[mu,kappa]: [(72.92350,126.66842),0.39528]
	9943.13115	   0.49716	[mu,kappa]: [(72.41377,121.31491),0.42949]
			msglen: 470904.36831 bits.
Iteration #: 11
	10056.84335	   0.50284	[mu,kappa]: [(73.11414,126.73495),0.39214]
	9943.15665	   0.49716	[mu,kappa]: [(72.24354,121.28744),0.43273]
			msglen: 470904.24436 bits.
			N: 20000
		23.54521 bpr
Null model msglen: 471661.29398 bits.	(23.58306 bpr)
