Iteration #: 0
	6722.00000	   0.33610	[mu,kappa]: [(72.86965,122.18346),0.45012]
	6638.00000	   0.33190	[mu,kappa]: [(74.80726,125.11016),0.38684]
	6640.00000	   0.33200	[mu,kappa]: [(70.29370,124.68787),0.39861]
			msglen: 470904.24436 bits.
Iteration #: 1
	6722.16149	   0.33611	[mu,kappa]: [(72.14697,122.05837),0.45564]
	6638.04617	   0.33190	[mu,kappa]: [(75.07222,125.06273),0.38070]
	6639.79234	   0.33199	[mu,kappa]: [(70.90870,124.90799),0.39920]
			msglen: 470924.93421 bits.
Iteration #: 2
	6722.38263	   0.33612	[mu,kappa]: [(71.44467,121.97729),0.46301]
	6638.08710	   0.33190	[mu,kappa]: [(75.48214,125.02285),0.37349]
	6639.53028	   0.33198	[mu,kappa]: [(71.40063,125.08191),0.39920]
			msglen: 470924.39520 bits.
Iteration #: 3
	6722.69220	   0.33613	[mu,kappa]: [(70.73272,121.93480),0.47250]
	6638.13780	   0.33191	[mu,kappa]: [(76.06152,124.98630),0.36493]
	6639.17000	   0.33196	[mu,kappa]: [(71.80816,125.22205),0.39863]
			msglen: 470923.63852 bits.
Iteration #: 4
	6723.13201	   0.33616	[mu,kappa]: [(69.98625,121.92729),0.48448]
	6638.21426	   0.33191	[mu,kappa]: [(76.84979,124.94901),0.35472]
	6638.65373	   0.33193	[mu,kappa]: [(72.16199,125.33754),0.39750]
			msglen: 470922.53900 bits.
Iteration #: 5
	6723.76334	   0.33619	[mu,kappa]: [(69.18517,121.95250),0.49943]
	6638.33661	   0.33192	[mu,kappa]: [(77.90743,124.90663),0.34253]
	6637.90006	   0.33190	[mu,kappa]: [(72.48759,125.43523),0.39578]
			msglen: 470920.91916 bits.
Iteration #: 6
	6724.67635	   0.33623	[mu,kappa]: [(68.31429,122.00913),0.51798]
	6638.53272	   0.33193	[mu,kappa]: [(79.32647,124.85397),0.32799]
	6636.79093	   0.33184	[mu,kappa]: [(72.80736,125.52040),0.39341]
			msglen: 470918.52092 bits.
Iteration #: 7
	6726.00409	   0.33630	[mu,kappa]: [(67.36374,122.09637),0.54093]
	6638.84252	   0.33194	[mu,kappa]: [(81.24910,124.78411),0.31071]
	6635.15339	   0.33176	[mu,kappa]: [(73.14257,125.59729),0.39031]
			msglen: 470914.96623 bits.
Iteration #: 8
	6727.94272	   0.33640	[mu,kappa]: [(66.32975,122.21352),0.56927]
	6639.32365	   0.33197	[mu,kappa]: [(83.90126,124.68690),0.29038]
	6632.73363	   0.33164	[mu,kappa]: [(73.51511,125.66960),0.38635]
			msglen: 470909.70175 bits.
Iteration #: 9
	6730.78095	   0.33654	[mu,kappa]: [(65.21543,122.35953),0.60422]
	6640.05877	   0.33200	[mu,kappa]: [(87.65503,124.54602),0.26682]
	6629.16028	   0.33146	[mu,kappa]: [(73.94953,125.74084),0.38137]
			msglen: 470901.92275 bits.
Iteration #: 10
	6734.94166	   0.33675	[mu,kappa]: [(64.03153,122.53258),0.64728]
	6641.16476	   0.33206	[mu,kappa]: [(93.14515,124.33267),0.24031]
	6623.89358	   0.33119	[mu,kappa]: [(74.47539,125.81486),0.37517]
			msglen: 470890.47295 bits.
Iteration #: 11
	6741.03905	   0.33705	[mu,kappa]: [(62.79667,122.72975),0.70028]
	6642.80311	   0.33214	[mu,kappa]: [(101.46786,123.99023),0.21221]
	6616.15784	   0.33081	[mu,kappa]: [(75.13034,125.89638),0.36749]
			msglen: 470873.72245 bits.
Iteration #: 12
	6749.95296	   0.33750	[mu,kappa]: [(61.53698,122.94671),0.76534]
	6645.18955	   0.33226	[mu,kappa]: [(114.36220,123.38962),0.18640]
	6604.85749	   0.33024	[mu,kappa]: [(75.96455,125.99180),0.35802]
			msglen: 470849.44349 bits.
Iteration #: 13
	6762.91565	   0.33815	[mu,kappa]: [(60.28498,123.17770),0.84492]
	6648.59803	   0.33243	[mu,kappa]: [(133.46340,122.16005),0.17164]
	6588.48632	   0.32942	[mu,kappa]: [(77.04681,126.11042),0.34641]
			msglen: 470814.73820 bits.
Iteration #: 14
	6781.59227	   0.33908	[mu,kappa]: [(59.07765,123.41558),0.94165]
	6653.34895	   0.33267	[mu,kappa]: [(156.70498,118.64286),0.18115]
	6565.05878	   0.32825	[mu,kappa]: [(78.47355,126.26623),0.33230]
			msglen: 470766.13913 bits.
Iteration #: 15
	6808.10655	   0.34040	[mu,kappa]: [(57.95383,123.65230),1.05810]
	6659.76588	   0.33299	[mu,kappa]: [(176.42055,78.23903),0.22262]
	6532.12756	   0.32661	[mu,kappa]: [(80.38146,126.48077),0.31537]
			msglen: 470700.09476 bits.
Iteration #: 16
	6844.91834	   0.34225	[mu,kappa]: [(56.95098,123.87963),1.19620]
	6668.08075	   0.33340	[mu,kappa]: [(167.74646,316.95263),0.29191]
	6487.00091	   0.32435	[mu,kappa]: [(82.96384,126.78762),0.29545]
			msglen: 470614.10868 bits.
Iteration #: 17
	6894.41955	   0.34472	[mu,kappa]: [(56.10124,124.09020),1.35633]
	6678.27606	   0.33391	[mu,kappa]: [(158.54996,311.65088),0.38080]
	6427.30439	   0.32137	[mu,kappa]: [(86.48745,127.23933),0.27277]
			msglen: 470508.64672 bits.
Iteration #: 18
	6958.14520	   0.34791	[mu,kappa]: [(55.42688,124.27855),1.53602]
	6689.89306	   0.33449	[mu,kappa]: [(152.50593,310.18419),0.48170]
	6351.96174	   0.31760	[mu,kappa]: [(91.29547,127.91806),0.24821]
			msglen: 470389.27713 bits.
Iteration #: 19
	7035.71652	   0.35178	[mu,kappa]: [(54.93547,124.44191),1.72858]
	6701.90627	   0.33510	[mu,kappa]: [(148.41761,309.62397),0.58715]
	6262.37721	   0.31312	[mu,kappa]: [(97.75544,128.95087),0.22359]
			msglen: 470267.40853 bits.
Iteration #: 20
	7124.05771	   0.35620	[mu,kappa]: [(54.61663,124.57996),1.92266]
	6712.82064	   0.33564	[mu,kappa]: [(145.56246,309.45002),0.68948]
	6163.12165	   0.30816	[mu,kappa]: [(106.07626,130.52883),0.20163]
			msglen: 470157.59478 bits.
Iteration #: 21
	7217.70010	   0.36088	[mu,kappa]: [(54.44305,124.69363),2.10397]
	6721.06904	   0.33605	[mu,kappa]: [(143.52067,309.50074),0.78161]
	6061.23085	   0.30306	[mu,kappa]: [(115.96667,132.92305),0.18522]
			msglen: 470071.58041 bits.
Iteration #: 22
	7310.46429	   0.36552	[mu,kappa]: [(54.37714,124.78391),2.25937]
	6725.54560	   0.33628	[mu,kappa]: [(142.04123,309.70748),0.85863]
	5963.99011	   0.29820	[mu,kappa]: [(126.40439,136.48128),0.17612]
			msglen: 470013.16858 bits.
Iteration #: 23
	7397.59747	   0.36988	[mu,kappa]: [(54.38080,124.85148),2.38120]
	6725.92728	   0.33630	[mu,kappa]: [(140.96538,310.03164),0.91876]
	5876.47526	   0.29383	[mu,kappa]: [(136.00303,141.58498),0.17397]
			msglen: 469978.25858 bits.
Iteration #: 24
	7476.91292	   0.37384	[mu,kappa]: [(54.42326,124.89715),2.46892]
	6722.59865	   0.33613	[mu,kappa]: [(140.18571,310.44670),0.96316]
	5800.48843	   0.29003	[mu,kappa]: [(143.76475,148.55704),0.17688]
			msglen: 469959.23080 bits.
Iteration #: 25
	7548.46574	   0.37742	[mu,kappa]: [(54.48390,124.92217),2.52728]
	6716.32122	   0.33582	[mu,kappa]: [(139.62588,310.93357),0.99467]
	5735.21304	   0.28676	[mu,kappa]: [(149.37190,157.52127),0.18281]
			msglen: 469949.19340 bits.
Iteration #: 26
	7613.49960	   0.38067	[mu,kappa]: [(54.55095,124.92810),2.56320]
	6707.91057	   0.33540	[mu,kappa]: [(139.23058,311.47957),1.01655]
	5678.58984	   0.28393	[mu,kappa]: [(152.93373,168.22699),0.19040]
			msglen: 469943.61462 bits.
Iteration #: 27
	7673.52973	   0.38367	[mu,kappa]: [(54.61865,124.91650),2.58332]
	6698.05302	   0.33490	[mu,kappa]: [(138.95990,312.07792),1.03169]
	5628.41725	   0.28142	[mu,kappa]: [(154.70129,179.93555),0.19897]
			msglen: 469940.03613 bits.
Iteration #: 28
	7729.86749	   0.38649	[mu,kappa]: [(54.68467,124.88876),2.59295]
	6687.25138	   0.33436	[mu,kappa]: [(138.78529,312.72695),1.04229]
	5582.88113	   0.27915	[mu,kappa]: [(154.96071,191.57104),0.20834]
			msglen: 469937.27165 bits.
Iteration #: 29
	7783.48585	   0.38917	[mu,kappa]: [(54.74840,124.84602),2.59589]
	6675.84071	   0.33379	[mu,kappa]: [(138.68646,313.42930),1.04994]
	5540.67344	   0.27704	[mu,kappa]: [(154.01487,202.15071),0.21857]
			msglen: 469934.78007 bits.
Iteration #: 30
	7835.04852	   0.39175	[mu,kappa]: [(54.80994,124.78916),2.59471]
	6664.02667	   0.33320	[mu,kappa]: [(138.64899,314.19095),1.05572]
	5500.92481	   0.27505	[mu,kappa]: [(152.15980,211.13445),0.22985]
			msglen: 469932.31149 bits.
Iteration #: 31
	7884.98460	   0.39424	[mu,kappa]: [(54.86959,124.71884),2.59108]
	6651.92415	   0.33260	[mu,kappa]: [(138.66257,315.02056),1.06035]
	5463.09126	   0.27316	[mu,kappa]: [(149.65342,218.43269),0.24242]
			msglen: 469929.73646 bits.
Iteration #: 32
	7933.56009	   0.39667	[mu,kappa]: [(54.92764,124.63550),2.58607]
	6639.58718	   0.33198	[mu,kappa]: [(138.71972,315.92890),1.06435]
	5426.85273	   0.27135	[mu,kappa]: [(146.70083,224.21512),0.25653]
			msglen: 469926.96981 bits.
Iteration #: 33
	7980.93261	   0.39904	[mu,kappa]: [(54.98429,124.53944),2.58033]
	6627.02927	   0.33135	[mu,kappa]: [(138.81478,316.92845),1.06807]
	5392.03812	   0.26961	[mu,kappa]: [(143.45743,228.73643),0.27247]
			msglen: 469923.93758 bits.
Iteration #: 34
	8027.18760	   0.40135	[mu,kappa]: [(55.03964,124.43080),2.57429]
	6614.23721	   0.33071	[mu,kappa]: [(138.94328,318.03318),1.07181]
	5358.57519	   0.26793	[mu,kappa]: [(140.03921,232.24488),0.29052]
			msglen: 469920.56184 bits.
Iteration #: 35
	8072.36317	   0.40361	[mu,kappa]: [(55.09369,124.30964),2.56822]
	6601.17857	   0.33006	[mu,kappa]: [(139.10129,319.25830),1.07581]
	5326.45826	   0.26633	[mu,kappa]: [(136.53307,234.95053),0.31096]
			msglen: 469916.75279 bits.
Iteration #: 36
	8116.46513	   0.40582	[mu,kappa]: [(55.14634,124.17594),2.56231]
	6587.80644	   0.32939	[mu,kappa]: [(139.28500,320.62000),1.08030]
	5295.72844	   0.26479	[mu,kappa]: [(133.00468,237.02148),0.33409]
			msglen: 469912.40353 bits.
Iteration #: 37
	8159.47783	   0.40797	[mu,kappa]: [(55.19743,124.02967),2.55667]
	6574.06118	   0.32870	[mu,kappa]: [(139.49028,322.13505),1.08552]
	5266.46100	   0.26333	[mu,kappa]: [(129.50420,238.58968),0.36024]
			msglen: 469907.38599 bits.
Iteration #: 38
	8201.37160	   0.41006	[mu,kappa]: [(55.24671,123.87086),2.55140]
	6559.87129	   0.32799	[mu,kappa]: [(139.71224,323.82027),1.09175]
	5238.75711	   0.26194	[mu,kappa]: [(126.07026,239.75867),0.38974]
			msglen: 469901.54766 bits.
Iteration #: 39
	8242.10896	   0.41210	[mu,kappa]: [(55.29387,123.69965),2.54660]
	6545.15393	   0.32726	[mu,kappa]: [(139.94487,325.69157),1.09929]
	5212.73712	   0.26064	[mu,kappa]: [(122.73297,240.61044),0.42293]
			msglen: 469894.70942 bits.
Iteration #: 40
	8281.65144	   0.41408	[mu,kappa]: [(55.33851,123.51634),2.54232]
	6529.81556	   0.32649	[mu,kappa]: [(140.18074,327.76266),1.10847]
	5188.53300	   0.25943	[mu,kappa]: [(119.51601,241.21086),0.46018]
			msglen: 469886.66537 bits.
Iteration #: 41
	8319.96742	   0.41599	[mu,kappa]: [(55.38014,123.32157),2.53867]
	6513.75414	   0.32569	[mu,kappa]: [(140.41078,330.04316),1.11971]
	5166.27844	   0.25832	[mu,kappa]: [(116.43820,241.61370),0.50185]
			msglen: 469877.18606 bits.
Iteration #: 42
	8357.04244	   0.41785	[mu,kappa]: [(55.41819,123.11634),2.53571]
	6496.86348	   0.32484	[mu,kappa]: [(140.62428,332.53627),1.13344]
	5146.09407	   0.25731	[mu,kappa]: [(113.51463,241.86363),0.54827]
			msglen: 469866.02712 bits.
Iteration #: 43
	8392.89308	   0.41964	[mu,kappa]: [(55.45199,122.90218),2.53352]
	6479.04082	   0.32395	[mu,kappa]: [(140.80926,335.23589),1.15015]
	5128.06610	   0.25641	[mu,kappa]: [(110.75738,241.99833),0.59975]
			msglen: 469852.94556 bits.
Iteration #: 44
	8427.58516	   0.42137	[mu,kappa]: [(55.48082,122.68130),2.53218]
	6460.19842	   0.32301	[mu,kappa]: [(140.95328,338.12375),1.17036]
	5112.21641	   0.25562	[mu,kappa]: [(108.17598,242.04997),0.65650]
			msglen: 469837.72608 bits.
Iteration #: 45
	8461.25686	   0.42306	[mu,kappa]: [(55.50391,122.45664),2.53176]
	6440.27949	   0.32201	[mu,kappa]: [(141.04480,341.16685),1.19459]
	5098.46365	   0.25493	[mu,kappa]: [(105.77764,242.04623),0.71863]
			msglen: 469820.21837 bits.
Iteration #: 46
	8494.14628	   0.42470	[mu,kappa]: [(55.52050,122.23205),2.53227]
	6419.27723	   0.32096	[mu,kappa]: [(141.07499,344.31640),1.22330]
	5086.57650	   0.25433	[mu,kappa]: [(103.56731,242.01108),0.78608]
			msglen: 469800.38383 bits.
Iteration #: 47
	8526.62130	   0.42632	[mu,kappa]: [(55.52998,122.01220),2.53372]
	6397.25437	   0.31986	[mu,kappa]: [(141.03975,347.50878),1.25686]
	5076.12432	   0.25381	[mu,kappa]: [(101.54763,241.96523),0.85857]
			msglen: 469778.34530 bits.
Iteration #: 48
	8559.20753	   0.42795	[mu,kappa]: [(55.53201,121.80259),2.53603]
	6374.35799	   0.31872	[mu,kappa]: [(140.94137,350.66944),1.29542]
	5066.43448	   0.25333	[mu,kappa]: [(99.71888,241.92662),0.93562]
			msglen: 469754.42727 bits.
Iteration #: 49
	8592.60718	   0.42962	[mu,kappa]: [(55.52668,121.60931),2.53903]
	6350.82290	   0.31754	[mu,kappa]: [(140.78927,353.71934),1.33891]
	5056.56992	   0.25283	[mu,kappa]: [(98.07888,241.91081),1.01647]
			msglen: 469729.16892 bits.
Iteration #: 50
	8627.70064	   0.43138	[mu,kappa]: [(55.51470,121.43876),2.54247]
	6326.95748	   0.31635	[mu,kappa]: [(140.59937,356.58321),1.38689]
	5045.34188	   0.25227	[mu,kappa]: [(96.62293,241.93142),1.10012]
			msglen: 469703.29247 bits.
Iteration #: 51
	8665.52312	   0.43327	[mu,kappa]: [(55.49755,121.29729),2.54596]
	6303.10973	   0.31516	[mu,kappa]: [(140.39191,359.19765),1.43860]
	5031.36715	   0.25157	[mu,kappa]: [(95.34394,242.00069),1.18542]
			msglen: 469677.61842 bits.
Iteration #: 52
	8707.21391	   0.43535	[mu,kappa]: [(55.47747,121.19086),2.54903]
	6279.61861	   0.31398	[mu,kappa]: [(140.18837,1.51754),1.49297]
	5013.16749	   0.25066	[mu,kappa]: [(94.23257,242.13004),1.27115]
			msglen: 469652.93790 bits.
Iteration #: 53
	8753.94436	   0.43769	[mu,kappa]: [(55.45741,121.12492),2.55117]
	6256.76358	   0.31284	[mu,kappa]: [(140.00815,3.51928),1.54871]
	4989.29206	   0.24947	[mu,kappa]: [(93.27760,242.33068),1.35618]
			msglen: 469629.87247 bits.
Iteration #: 54
	8806.84020	   0.44033	[mu,kappa]: [(55.44069,121.10438),2.55180]
	6234.72878	   0.31174	[mu,kappa]: [(139.86606,5.20080),1.60445]
	4958.43103	   0.24793	[mu,kappa]: [(92.46630,242.61409),1.43956]
			msglen: 469608.76163 bits.
Iteration #: 55
	8866.91859	   0.44334	[mu,kappa]: [(55.43071,121.13394),2.55043]
	6213.59458	   0.31068	[mu,kappa]: [(139.77104,6.57868),1.65892]
	4919.48683	   0.24598	[mu,kappa]: [(91.78498,242.99245),1.52075]
			msglen: 469589.60868 bits.
Iteration #: 56
	8935.05838	   0.44674	[mu,kappa]: [(55.43057,121.21838),2.54661]
	6193.35909	   0.30967	[mu,kappa]: [(139.72617,7.68357),1.71111]
	4871.58253	   0.24359	[mu,kappa]: [(91.21951,243.47898),1.59963]
			msglen: 469572.09045 bits.
Iteration #: 57
	9012.01164	   0.45059	[mu,kappa]: [(55.44281,121.36297),2.54007]
	6173.98195	   0.30870	[mu,kappa]: [(139.72983,8.55507),1.76031]
	4814.00640	   0.24071	[mu,kappa]: [(90.75573,244.08824),1.67664]
			msglen: 469555.60863 bits.
Iteration #: 58
	9098.45313	   0.45491	[mu,kappa]: [(55.46935,121.57373),2.53062]
	6155.43752	   0.30777	[mu,kappa]: [(139.77715,9.23696),1.80619]
	4746.10935	   0.23731	[mu,kappa]: [(90.37986,244.83638),1.75278]
			msglen: 469539.34653 bits.
Iteration #: 59
	9195.05428	   0.45974	[mu,kappa]: [(55.51154,121.85751),2.51825]
	6137.76672	   0.30689	[mu,kappa]: [(139.86160,9.77338),1.84875]
	4667.17900	   0.23337	[mu,kappa]: [(90.07860,245.74140),1.82975]
			msglen: 469522.29505 bits.
Iteration #: 60
	9302.56619	   0.46512	[mu,kappa]: [(55.57037,122.22207),2.50302]
	6121.12325	   0.30606	[mu,kappa]: [(139.97623,10.20608),1.88826]
	4576.31057	   0.22882	[mu,kappa]: [(89.83909,246.82330),1.91004]
			msglen: 469503.22062 bits.
Iteration #: 61
	9421.89739	   0.47108	[mu,kappa]: [(55.64667,122.67592),2.48510]
	6105.81685	   0.30529	[mu,kappa]: [(140.11447,10.57282),1.92516]
	4472.28576	   0.22362	[mu,kappa]: [(89.64857,248.10408),1.99720]
			msglen: 469480.54965 bits.
Iteration #: 62
	9554.17687	   0.47770	[mu,kappa]: [(55.74130,123.22826),2.46467]
	6092.36168	   0.30462	[mu,kappa]: [(140.27055,10.90650),1.96007]
	4353.46145	   0.21768	[mu,kappa]: [(89.49380,249.60722),2.09642]
			msglen: 469452.12869 bits.
Iteration #: 63
	9700.79497	   0.48503	[mu,kappa]: [(55.85521,123.88872),2.44197]
	6081.54076	   0.30408	[mu,kappa]: [(140.43948,11.23487),1.99368]
	4217.66427	   0.21089	[mu,kappa]: [(89.36021,251.35652),2.21553]
			msglen: 469414.76582 bits.
Iteration #: 64
	9863.41291	   0.49316	[mu,kappa]: [(55.98929,124.66713),2.41722]
	6074.49903	   0.30373	[mu,kappa]: [(140.61658,11.58035),2.02679]
	4062.08807	   0.20311	[mu,kappa]: [(89.23077,253.37346),2.36709]
			msglen: 469363.32052 bits.
Iteration #: 65
	10043.91895	   0.50218	[mu,kappa]: [(56.14398,125.57303),2.39065]
	6072.87651	   0.30365	[mu,kappa]: [(140.79653,11.95971),2.06029]
	3883.20454	   0.19417	[mu,kappa]: [(89.08482,255.67210),2.57283]
			msglen: 469288.72751 bits.
Iteration #: 66
	10244.26732	   0.51220	[mu,kappa]: [(56.31824,126.61490),2.36244]
	6078.97621	   0.30395	[mu,kappa]: [(140.97100,12.38286),2.09522]
	3676.75647	   0.18385	[mu,kappa]: [(88.89756,258.24934),2.87465]
			msglen: 469173.16214 bits.
Iteration #: 67
	10465.98778	   0.52329	[mu,kappa]: [(56.50748,127.79817),2.33271]
	6095.86917	   0.30480	[mu,kappa]: [(141.12351,12.84987),2.13280]
	3438.14306	   0.17192	[mu,kappa]: [(88.64279,261.06586),3.36597]
			msglen: 468976.39550 bits.
Iteration #: 68
	10708.55105	   0.53541	[mu,kappa]: [(56.69806,129.11852),2.30144]
	6126.87407	   0.30635	[mu,kappa]: [(141.21672,13.34399),2.17432]
	3164.57488	   0.15824	[mu,kappa]: [(88.30956,264.00387),4.30508]
			msglen: 468591.29258 bits.
Iteration #: 69
	10963.17646	   0.54814	[mu,kappa]: [(56.85027,130.53192),2.26835]
	6171.57994	   0.30858	[mu,kappa]: [(141.16219,13.81859),2.22047]
	2865.24360	   0.14328	[mu,kappa]: [(87.97537,266.75687),6.66036]
			msglen: 467704.47170 bits.
Iteration #: 70
	11193.20665	   0.55964	[mu,kappa]: [(56.84417,131.84415),2.23298]
	6209.24924	   0.31046	[mu,kappa]: [(140.80367,14.19507),2.26795]
	2597.54411	   0.12989	[mu,kappa]: [(88.04027,268.60613),15.11994]
			msglen: 465801.85662 bits.
Iteration #: 71
	11357.04639	   0.56783	[mu,kappa]: [(56.53133,132.83744),2.19213]
	6206.08576	   0.31031	[mu,kappa]: [(140.32131,14.36790),2.30342]
	2436.86785	   0.12186	[mu,kappa]: [(88.89582,269.26382),41.55074]
			msglen: 463737.21078 bits.
Iteration #: 72
	11480.41820	   0.57400	[mu,kappa]: [(56.21915,133.55846),2.14512]
	6191.24522	   0.30956	[mu,kappa]: [(140.16253,14.11212),2.31361]
	2328.33658	   0.11643	[mu,kappa]: [(89.52255,269.65438),81.31778]
			msglen: 462908.40764 bits.
Iteration #: 73
	11564.88265	   0.57823	[mu,kappa]: [(56.08399,133.81273),2.10602]
	6169.50878	   0.30848	[mu,kappa]: [(140.20292,13.71582),2.31071]
	2265.60857	   0.11330	[mu,kappa]: [(89.72148,269.74665),100.25125]
			msglen: 462817.80394 bits.
Iteration #: 74
	11624.35362	   0.58120	[mu,kappa]: [(56.05380,133.78299),2.07931]
	6137.94107	   0.30690	[mu,kappa]: [(140.32909,13.41428),2.31016]
	2237.70531	   0.11190	[mu,kappa]: [(89.77236,269.77136),105.19571]
			msglen: 462810.16085 bits.
Iteration #: 75
	11669.83472	   0.58347	[mu,kappa]: [(56.05810,133.63887),2.06179]
	6101.43235	   0.30507	[mu,kappa]: [(140.48237,13.19595),2.31637]
	2228.73293	   0.11145	[mu,kappa]: [(89.78601,269.77838),106.50152]
			msglen: 462808.16651 bits.
Iteration #: 76
	11709.34800	   0.58545	[mu,kappa]: [(56.06441,133.47106),2.04918]
	6064.65149	   0.30323	[mu,kappa]: [(140.64467,12.98439),2.32757]
	2226.00051	   0.11132	[mu,kappa]: [(89.78998,269.78059),106.87066]
			msglen: 462806.75640 bits.
Iteration #: 77
	11746.29151	   0.58730	[mu,kappa]: [(56.06775,133.30283),2.03907]
	6028.55359	   0.30143	[mu,kappa]: [(140.80892,12.75975),2.34178]
	2225.15490	   0.11127	[mu,kappa]: [(89.79131,269.78147),106.98160]
			msglen: 462805.44313 bits.
Iteration #: 78
	11782.04518	   0.58908	[mu,kappa]: [(56.06902,133.13751),2.03025]
	5993.04247	   0.29965	[mu,kappa]: [(140.97291,12.52279),2.35773]
	2224.91235	   0.11126	[mu,kappa]: [(89.79187,269.78195),107.01537]
			msglen: 462804.14858 bits.
Iteration #: 79
	11817.21147	   0.59084	[mu,kappa]: [(56.06918,132.97441),2.02210]
	5957.90445	   0.29790	[mu,kappa]: [(141.13647,12.27792),2.37475]
	2224.88408	   0.11126	[mu,kappa]: [(89.79217,269.78230),107.02354]
			msglen: 462802.85392 bits.
Iteration #: 80
	11852.07692	   0.59258	[mu,kappa]: [(56.06867,132.81253),2.01429]
	5922.98149	   0.29615	[mu,kappa]: [(141.30007,12.02886),2.39246]
	2224.94159	   0.11126	[mu,kappa]: [(89.79238,269.78259),107.02210]
			msglen: 462801.55277 bits.
Iteration #: 81
	11886.79101	   0.59432	[mu,kappa]: [(56.06761,132.65112),2.00666]
	5888.17164	   0.29441	[mu,kappa]: [(141.46433,11.77804),2.41069]
	2225.03735	   0.11127	[mu,kappa]: [(89.79256,269.78287),107.01663]
			msglen: 462800.24177 bits.
Iteration #: 82
	11921.44120	   0.59605	[mu,kappa]: [(56.06595,132.48966),1.99911]
	5853.40710	   0.29267	[mu,kappa]: [(141.62980,11.52691),2.42935]
	2225.15171	   0.11127	[mu,kappa]: [(89.79272,269.78314),107.00929]
			msglen: 462798.91815 bits.
Iteration #: 83
	11956.08651	   0.59778	[mu,kappa]: [(56.06365,132.32781),1.99159]
	5818.63767	   0.29094	[mu,kappa]: [(141.79693,11.27622),2.44843]
	2225.27582	   0.11128	[mu,kappa]: [(89.79289,269.78342),107.00101]
			msglen: 462797.57913 bits.
Iteration #: 84
	11990.77340	   0.59952	[mu,kappa]: [(56.06064,132.16526),1.98407]
	5783.82111	   0.28919	[mu,kappa]: [(141.96612,11.02634),2.46790]
	2225.40549	   0.11129	[mu,kappa]: [(89.79306,269.78369),106.99224]
			msglen: 462796.22166 bits.
Iteration #: 85
	12025.54348	   0.60126	[mu,kappa]: [(56.05687,132.00177),1.97654]
	5748.91787	   0.28745	[mu,kappa]: [(142.13774,10.77735),2.48780]
	2225.53865	   0.11129	[mu,kappa]: [(89.79324,269.78398),106.98320]
			msglen: 462794.84238 bits.
Iteration #: 86
	12060.43750	   0.60300	[mu,kappa]: [(56.05228,131.83710),1.96897]
	5713.88821	   0.28570	[mu,kappa]: [(142.31212,10.52920),2.50815]
	2225.67429	   0.11130	[mu,kappa]: [(89.79343,269.78427),106.97397]
			msglen: 462793.43753 bits.
Iteration #: 87
	12095.49746	   0.60475	[mu,kappa]: [(56.04683,131.67099),1.96135]
	5678.69059	   0.28394	[mu,kappa]: [(142.48961,10.28174),2.52898]
	2225.81194	   0.11131	[mu,kappa]: [(89.79363,269.78457),106.96463]
			msglen: 462792.00290 bits.
Iteration #: 88
	12130.76790	   0.60652	[mu,kappa]: [(56.04048,131.50319),1.95367]
	5643.28065	   0.28217	[mu,kappa]: [(142.67059,10.03476),2.55034]
	2225.95145	   0.11131	[mu,kappa]: [(89.79385,269.78488),106.95518]
			msglen: 462790.53372 bits.
Iteration #: 89
	12166.29679	   0.60829	[mu,kappa]: [(56.03319,131.33341),1.94593]
	5607.61044	   0.28038	[mu,kappa]: [(142.85545,9.78801),2.57227]
	2226.09277	   0.11132	[mu,kappa]: [(89.79407,269.78521),106.94565]
			msglen: 462789.02463 bits.
Iteration #: 90
	12202.13623	   0.61009	[mu,kappa]: [(56.02490,131.16133),1.93810]
	5571.62779	   0.27859	[mu,kappa]: [(143.04461,9.54121),2.59483]
	2226.23598	   0.11133	[mu,kappa]: [(89.79431,269.78554),106.93602]
			msglen: 462787.46951 bits.
Iteration #: 91
	12238.34315	   0.61190	[mu,kappa]: [(56.01557,130.98664),1.93018]
	5535.27563	   0.27677	[mu,kappa]: [(143.23856,9.29404),2.61807]
	2226.38122	   0.11134	[mu,kappa]: [(89.79457,269.78588),106.92629]
			msglen: 462785.86136 bits.
Iteration #: 92
	12274.98006	   0.61373	[mu,kappa]: [(56.00512,130.80894),1.92215]
	5498.49128	   0.27493	[mu,kappa]: [(143.43782,9.04615),2.64209]
	2226.52866	   0.11134	[mu,kappa]: [(89.79484,269.78624),106.91646]
			msglen: 462784.19213 bits.
Iteration #: 93
	12312.11590	   0.61558	[mu,kappa]: [(55.99349,130.62784),1.91400]
	5461.20560	   0.27306	[mu,kappa]: [(143.64300,8.79718),2.66695]
	2226.67850	   0.11135	[mu,kappa]: [(89.79513,269.78661),106.90650]
			msglen: 462782.45250 bits.
Iteration #: 94
	12349.82696	   0.61747	[mu,kappa]: [(55.98060,130.44287),1.90571]
	5423.34204	   0.27117	[mu,kappa]: [(143.85475,8.54670),2.69275]
	2226.83100	   0.11136	[mu,kappa]: [(89.79544,269.78700),106.89642]
			msglen: 462780.63162 bits.
Iteration #: 95
	12388.19811	   0.61939	[mu,kappa]: [(55.96635,130.25350),1.89726]
	5384.81547	   0.26925	[mu,kappa]: [(144.07384,8.29427),2.71960]
	2226.98642	   0.11137	[mu,kappa]: [(89.79578,269.78740),106.88618]
			msglen: 462778.71673 bits.
Iteration #: 96
	12427.32410	   0.62134	[mu,kappa]: [(55.95062,130.05917),1.88863]
	5345.53080	   0.26728	[mu,kappa]: [(144.30113,8.03939),2.74763]
	2227.14509	   0.11137	[mu,kappa]: [(89.79613,269.78783),106.87578]
			msglen: 462776.69278 bits.
Iteration #: 97
	12467.31132	   0.62334	[mu,kappa]: [(55.93330,129.85920),1.87979]
	5305.38131	   0.26527	[mu,kappa]: [(144.53761,7.78152),2.77698]
	2227.30737	   0.11138	[mu,kappa]: [(89.79651,269.78827),106.86519]
			msglen: 462774.54181 bits.
Iteration #: 98
	12508.27977	   0.62539	[mu,kappa]: [(55.91423,129.65285),1.87072]
	5264.24659	   0.26322	[mu,kappa]: [(144.78440,7.52004),2.80782]
	2227.47364	   0.11139	[mu,kappa]: [(89.79692,269.78873),106.85439]
			msglen: 462772.24224 bits.
Iteration #: 99
	12550.36555	   0.62750	[mu,kappa]: [(55.89324,129.43926),1.86139]
	5221.99006	   0.26110	[mu,kappa]: [(145.04283,7.25428),2.84036]
	2227.64438	   0.11140	[mu,kappa]: [(89.79736,269.78921),106.84335]
			msglen: 462769.76788 bits.
Iteration #: 100
	12593.72398	   0.62966	[mu,kappa]: [(55.87013,129.21742),1.85177]
	5178.45593	   0.25893	[mu,kappa]: [(145.31442,6.98347),2.87484]
	2227.82009	   0.11141	[mu,kappa]: [(89.79784,269.78972),106.83205]
			msglen: 462767.08667 bits.
Iteration #: 101
	12638.53333	   0.63190	[mu,kappa]: [(55.84464,128.98619),1.84181]
	5133.46530	   0.25668	[mu,kappa]: [(145.60096,6.70674),2.91154]
	2228.00137	   0.11142	[mu,kappa]: [(89.79835,269.79026),106.82045]
			msglen: 462764.15889 bits.
Iteration #: 102
	12684.99964	   0.63423	[mu,kappa]: [(55.81650,128.74421),1.83146]
	5086.81150	   0.25435	[mu,kappa]: [(145.90457,6.42311),2.95081]
	2228.18886	   0.11143	[mu,kappa]: [(89.79891,269.79083),106.80852]
			msglen: 462760.93482 bits.
Iteration #: 103
	12733.36269	   0.63665	[mu,kappa]: [(55.78536,128.48989),1.82068]
	5038.25399	   0.25192	[mu,kappa]: [(146.22776,6.13144),2.99309]
	2228.38333	   0.11144	[mu,kappa]: [(89.79953,269.79144),106.79620]
			msglen: 462757.35136 bits.
Iteration #: 104
	12783.90367	   0.63917	[mu,kappa]: [(55.75081,128.22132),1.80941]
	4987.51071	   0.24938	[mu,kappa]: [(146.57355,5.83041),3.03889]
	2228.58562	   0.11145	[mu,kappa]: [(89.80020,269.79208),106.78347]
			msglen: 462753.32737 bits.
Iteration #: 105
	12836.95500	   0.64182	[mu,kappa]: [(55.71236,127.93624),1.79756]
	4934.24829	   0.24672	[mu,kappa]: [(146.94560,5.51847),3.08887]
	2228.79671	   0.11146	[mu,kappa]: [(89.80095,269.79278),106.77026]
			msglen: 462748.75691 bits.
Iteration #: 106
	12892.91309	   0.64462	[mu,kappa]: [(55.66939,127.63189),1.78505]
	4878.06923	   0.24391	[mu,kappa]: [(147.34838,5.19382),3.14388]
	2229.01768	   0.11147	[mu,kappa]: [(89.80178,269.79352),106.75651]
			msglen: 462743.49929 bits.
Iteration #: 107
	12952.25508	   0.64759	[mu,kappa]: [(55.62117,127.30489),1.77177]
	4818.49518	   0.24093	[mu,kappa]: [(147.78742,4.85426),3.20498]
	2229.24974	   0.11148	[mu,kappa]: [(89.80271,269.79432),106.74217]
			msglen: 462737.36416 bits.
Iteration #: 108
	13015.56101	   0.65075	[mu,kappa]: [(55.56677,126.95104),1.75760]
	4754.94476	   0.23775	[mu,kappa]: [(148.26965,4.49720),3.27361]
	2229.49423	   0.11149	[mu,kappa]: [(89.80375,269.79520),106.72715]
			msglen: 462730.08848 bits.
Iteration #: 109
	13083.54355	   0.65415	[mu,kappa]: [(55.50505,126.56511),1.74238]
	4686.70392	   0.23434	[mu,kappa]: [(148.80381,4.11941),3.35166]
	2229.75253	   0.11150	[mu,kappa]: [(89.80494,269.79615),106.71141]
			msglen: 462721.30014 bits.
Iteration #: 110
	13157.08814	   0.65783	[mu,kappa]: [(55.43458,126.14041),1.72592]
	4612.88587	   0.23065	[mu,kappa]: [(149.40119,3.71695),3.44175]
	2230.02599	   0.11152	[mu,kappa]: [(89.80631,269.79720),106.69487]
			msglen: 462710.45841 bits.
Iteration #: 111
	13237.30779	   0.66184	[mu,kappa]: [(55.35354,125.66832),1.70796]
	4532.37656	   0.22663	[mu,kappa]: [(150.07646,3.28487),3.54757]
	2230.31566	   0.11153	[mu,kappa]: [(89.80790,269.79835),106.67750]
			msglen: 462696.75319 bits.
Iteration #: 112
	13325.61784	   0.66626	[mu,kappa]: [(55.25959,125.13755),1.68821]
	4443.76043	   0.22220	[mu,kappa]: [(150.84909,2.81686),3.67453]
	2230.62173	   0.11155	[mu,kappa]: [(89.80977,269.79964),106.65934]
			msglen: 462678.92763 bits.
Iteration #: 113
	13423.83742	   0.67117	[mu,kappa]: [(55.14980,124.53306),1.66625]
	4345.22019	   0.21727	[mu,kappa]: [(151.74532,2.30482),3.83083]
	2230.94239	   0.11156	[mu,kappa]: [(89.81200,269.80109),106.64056]
			msglen: 462654.95183 bits.
Iteration #: 114
	13534.32281	   0.67669	[mu,kappa]: [(55.02042,123.83456),1.64159]
	4234.40587	   0.21173	[mu,kappa]: [(152.80106,1.73824),4.02951]
	2231.27132	   0.11158	[mu,kappa]: [(89.81472,269.80271),106.62164]
			msglen: 462621.39220 bits.
Iteration #: 115
	13660.12722	   0.68298	[mu,kappa]: [(54.86686,123.01432),1.61354]
	4108.28065	   0.20542	[mu,kappa]: [(154.06610,1.10343),4.29257]
	2231.59213	   0.11160	[mu,kappa]: [(89.81808,269.80455),106.60376]
			msglen: 462572.12711 bits.
Iteration #: 116
	13805.13696	   0.69023	[mu,kappa]: [(54.68387,122.03450),1.58125]
	3962.99724	   0.19816	[mu,kappa]: [(155.60976,0.38311),4.65968]
	2231.86580	   0.11161	[mu,kappa]: [(89.82231,269.80662),106.58961]
			msglen: 462495.59213 bits.
Iteration #: 117
	13973.97939	   0.69867	[mu,kappa]: [(54.46683,120.84506),1.54365]
	3794.01928	   0.18971	[mu,kappa]: [(157.52633,359.55796),5.20885]
	2232.00134	   0.11162	[mu,kappa]: [(89.82773,269.80892),106.58540]
			msglen: 462368.65882 bits.
Iteration #: 118
	14170.99690	   0.70852	[mu,kappa]: [(54.21595,119.38773),1.49959]
	3597.21488	   0.17987	[mu,kappa]: [(159.93173,358.61754),6.10928]
	2231.78822	   0.11161	[mu,kappa]: [(89.83466,269.81134),106.60559]
			msglen: 462143.48484 bits.
Iteration #: 119
	14396.16951	   0.71978	[mu,kappa]: [(53.94790,117.62698),1.44852]
	3373.07129	   0.16867	[mu,kappa]: [(162.91575,357.60887),7.76592]
	2230.75919	   0.11155	[mu,kappa]: [(89.84318,269.81355),106.68308]
			msglen: 461727.88505 bits.
Iteration #: 120
	14633.76018	   0.73166	[mu,kappa]: [(53.72017,115.66355),1.39267]
	3138.16989	   0.15692	[mu,kappa]: [(166.34539,356.79915),11.15581]
	2228.06993	   0.11142	[mu,kappa]: [(89.85211,269.81487),106.88174]
			msglen: 461021.78029 bits.
Iteration #: 121
	14840.31752	   0.74199	[mu,kappa]: [(53.64807,113.91450),1.34052]
	2936.53511	   0.14684	[mu,kappa]: [(169.49787,356.80890),17.62834]
	2223.14737	   0.11117	[mu,kappa]: [(89.85855,269.81485),107.25918]
			msglen: 460213.44582 bits.
Iteration #: 122
	14994.38115	   0.74969	[mu,kappa]: [(53.86756,112.70992),1.29817]
	2788.25395	   0.13943	[mu,kappa]: [(171.66591,357.46617),25.47273]
	2217.36490	   0.11088	[mu,kappa]: [(89.86205,269.81440),107.72755]
			msglen: 459722.66459 bits.
Iteration #: 123
	15137.76456	   0.75686	[mu,kappa]: [(54.40708,111.74841),1.25848]
	2649.88264	   0.13251	[mu,kappa]: [(173.32368,357.65136),32.86767]
	2212.35280	   0.11063	[mu,kappa]: [(89.86429,269.81430),108.14802]
			msglen: 459418.63638 bits.
Iteration #: 124
	15281.76682	   0.76406	[mu,kappa]: [(55.10930,110.87555),1.22014]
	2510.43840	   0.12554	[mu,kappa]: [(174.85947,357.40621),42.25766]
	2207.79478	   0.11041	[mu,kappa]: [(89.86570,269.81437),108.52633]
			msglen: 459095.52680 bits.
Iteration #: 125
	15431.11000	   0.77152	[mu,kappa]: [(55.93504,110.03665),1.18199]
	2365.48382	   0.11829	[mu,kappa]: [(176.43356,356.95348),58.49628]
	2203.40618	   0.11019	[mu,kappa]: [(89.86668,269.81448),108.88472]
			msglen: 458618.06960 bits.
Iteration #: 126
	15584.37881	   0.77919	[mu,kappa]: [(56.87751,109.25933),1.14448]
	2216.64350	   0.11085	[mu,kappa]: [(178.02224,356.22478),92.87184]
	2198.97769	   0.10997	[mu,kappa]: [(89.86739,269.81459),109.24122]
			msglen: 457882.96620 bits.
Iteration #: 127
	15716.31090	   0.78578	[mu,kappa]: [(57.77371,108.69531),1.11365]
	2089.18863	   0.10448	[mu,kappa]: [(179.28752,353.13958),161.29041]
	2194.50047	   0.10974	[mu,kappa]: [(89.86792,269.81474),109.59886]
			msglen: 457154.58442 bits.
Iteration #: 128
	15794.11683	   0.78967	[mu,kappa]: [(58.33889,108.47783),1.09614]
	2015.29001	   0.10078	[mu,kappa]: [(179.83661,344.62568),225.15375]
	2190.59316	   0.10955	[mu,kappa]: [(89.86832,269.81499),109.91548]
			msglen: 456937.63800 bits.
Iteration #: 129
	15831.70072	   0.79155	[mu,kappa]: [(58.62857,108.44232),1.08812]
	1980.23267	   0.09903	[mu,kappa]: [(179.94240,323.06645),247.10790]
	2188.06661	   0.10942	[mu,kappa]: [(89.86871,269.81535),110.13084]
			msglen: 456920.15608 bits.
Iteration #: 130
	15845.48718	   0.79224	[mu,kappa]: [(58.73229,108.43976),1.08522]
	1967.77341	   0.09841	[mu,kappa]: [(179.95783,308.66492),252.89406]
	2186.73941	   0.10935	[mu,kappa]: [(89.86902,269.81566),110.25035]
			msglen: 456919.00725 bits.
Iteration #: 131
	15849.62075	   0.79245	[mu,kappa]: [(58.76116,108.44051),1.08434]
	1964.20966	   0.09823	[mu,kappa]: [(179.96056,304.59908),254.41104]
	2186.16958	   0.10933	[mu,kappa]: [(89.86922,269.81584),110.30524]
			msglen: 456918.92552 bits.
			N: 20000
		22.84595 bpr
Null model msglen: 471661.29398 bits.	(23.58306 bpr)
