Iteration #: 0
	3301.00000	   0.16505	[mu,kappa]: [(76.80199,126.51204),0.42173]
	3254.00000	   0.16270	[mu,kappa]: [(73.31344,123.78212),0.44694]
	3369.00000	   0.16845	[mu,kappa]: [(71.16110,128.19733),0.39936]
	3368.00000	   0.16840	[mu,kappa]: [(72.26499,121.68211),0.39925]
	3320.00000	   0.16600	[mu,kappa]: [(72.36237,120.03359),0.37672]
	3388.00000	   0.16940	[mu,kappa]: [(70.04761,122.89118),0.42774]
			msglen: 451827.66255 bits.
Iteration #: 1
	3300.85262	   0.16504	[mu,kappa]: [(75.85288,126.21874),0.41682]
	3254.11725	   0.16271	[mu,kappa]: [(72.46014,123.62058),0.45106]
	3368.98986	   0.16845	[mu,kappa]: [(71.40702,128.35605),0.39870]
	3367.97560	   0.16840	[mu,kappa]: [(72.75695,121.75569),0.39835]
	3320.01214	   0.16600	[mu,kappa]: [(73.55263,120.18198),0.37271]
	3388.05253	   0.16940	[mu,kappa]: [(70.16889,123.03756),0.43347]
			msglen: 470983.13007 bits.
Iteration #: 2
	3300.72467	   0.16504	[mu,kappa]: [(75.14674,125.99731),0.41282]
	3254.26257	   0.16271	[mu,kappa]: [(71.67232,123.51018),0.45703]
	3368.93546	   0.16845	[mu,kappa]: [(71.62292,128.50490),0.39763]
	3367.91551	   0.16840	[mu,kappa]: [(73.19698,121.79215),0.39678]
	3320.05851	   0.16600	[mu,kappa]: [(74.69667,120.24005),0.36699]
	3388.10329	   0.16940	[mu,kappa]: [(70.14479,123.15501),0.43994]
			msglen: 470982.69982 bits.
Iteration #: 3
	3300.58490	   0.16503	[mu,kappa]: [(74.63553,125.83263),0.40937]
	3254.45251	   0.16272	[mu,kappa]: [(70.91149,123.44206),0.46503]
	3368.83437	   0.16844	[mu,kappa]: [(71.82446,128.64799),0.39612]
	3367.81654	   0.16839	[mu,kappa]: [(73.61441,121.79843),0.39447]
	3320.15003	   0.16601	[mu,kappa]: [(75.87727,120.21951),0.35940]
	3388.16165	   0.16941	[mu,kappa]: [(69.99138,123.25335),0.44744]
			msglen: 470982.16710 bits.
Iteration #: 4
	3300.40522	   0.16502	[mu,kappa]: [(74.28208,125.71233),0.40621]
	3254.70956	   0.16274	[mu,kappa]: [(70.14590,123.40959),0.47534]
	3368.67493	   0.16843	[mu,kappa]: [(72.02559,128.78867),0.39414]
	3367.66822	   0.16838	[mu,kappa]: [(74.03553,121.77907),0.39138]
	3320.30607	   0.16602	[mu,kappa]: [(77.18112,120.12458),0.34973]
	3388.23599	   0.16941	[mu,kappa]: [(69.71821,123.34018),0.45630]
			msglen: 470981.43729 bits.
Iteration #: 5
	3300.15430	   0.16501	[mu,kappa]: [(74.05890,125.62649),0.40312]
	3255.06558	   0.16275	[mu,kappa]: [(69.34976,123.40788),0.48836]
	3368.43543	   0.16842	[mu,kappa]: [(72.23956,128.92995),0.39162]
	3367.45193	   0.16837	[mu,kappa]: [(74.48578,121.73662),0.38739]
	3320.55736	   0.16603	[mu,kappa]: [(78.70996,119.95228),0.33773]
	3388.33539	   0.16942	[mu,kappa]: [(69.33019,123.42144),0.46690]
			msglen: 470980.38961 bits.
Iteration #: 6
	3299.79162	   0.16499	[mu,kappa]: [(73.94694,125.56739),0.39991]
	3255.56670	   0.16278	[mu,kappa]: [(68.50276,123.43334),0.50461]
	3368.08127	   0.16840	[mu,kappa]: [(72.47997,129.07469),0.38846]
	3367.13853	   0.16836	[mu,kappa]: [(74.99191,121.67199),0.38237]
	3320.95068	   0.16605	[mu,kappa]: [(80.59621,119.69126),0.32310]
	3388.47120	   0.16942	[mu,kappa]: [(68.82931,123.50189),0.47970]
			msglen: 470978.85654 bits.
Iteration #: 7
	3299.26061	   0.16496	[mu,kappa]: [(73.93462,125.52908),0.39642]
	3256.28036	   0.16281	[mu,kappa]: [(67.59014,123.48326),0.52479]
	3367.56009	   0.16838	[mu,kappa]: [(72.76177,129.22595),0.38454]
	3366.68432	   0.16833	[mu,kappa]: [(75.58440,121.58449),0.37614]
	3321.55586	   0.16608	[mu,kappa]: [(83.02763,119.31881),0.30556]
	3388.65875	   0.16943	[mu,kappa]: [(68.21622,123.58532),0.49525]
			msglen: 470976.59730 bits.
Iteration #: 8
	3298.47980	   0.16492	[mu,kappa]: [(74.01724,125.50719),0.39246]
	3257.30575	   0.16287	[mu,kappa]: [(66.60309,123.55540),0.54975]
	3366.79420	   0.16834	[mu,kappa]: [(73.10259,129.38727),0.37971]
	3366.02487	   0.16830	[mu,kappa]: [(76.30048,121.47179),0.36848]
	3322.47590	   0.16612	[mu,kappa]: [(86.28963,118.79427),0.28493]
	3388.91948	   0.16945	[mu,kappa]: [(67.49179,123.67470),0.51421]
			msglen: 470973.26166 bits.
Iteration #: 9
	3297.33074	   0.16487	[mu,kappa]: [(74.19682,125.49871),0.38785]
	3258.78894	   0.16294	[mu,kappa]: [(65.53924,123.64759),0.58058]
	3365.66942	   0.16828	[mu,kappa]: [(73.52430,129.56314),0.37379]
	3365.06595	   0.16825	[mu,kappa]: [(77.18835,121.32961),0.35913]
	3323.86105	   0.16619	[mu,kappa]: [(90.83999,118.04520),0.26127]
	3389.28389	   0.16946	[mu,kappa]: [(66.65876,123.77221),0.53740]
			msglen: 470968.33972 bits.
Iteration #: 10
	3295.64112	   0.16478	[mu,kappa]: [(74.48257,125.50189),0.38237]
	3260.94504	   0.16305	[mu,kappa]: [(64.40335,123.75735),0.61862]
	3364.01928	   0.16820	[mu,kappa]: [(74.05528,129.75961),0.36654]
	3363.67082	   0.16818	[mu,kappa]: [(78.31348,121.15117),0.34779]
	3325.92811	   0.16630	[mu,kappa]: [(97.43677,116.93600),0.23534]
	3389.79562	   0.16949	[mu,kappa]: [(65.72329,123.87925),0.56580]
			msglen: 470961.09347 bits.
Iteration #: 11
	3293.16179	   0.16466	[mu,kappa]: [(74.89204,125.51637),0.37577]
	3264.08994	   0.16321	[mu,kappa]: [(63.20754,123.88161),0.66552]
	3361.60311	   0.16808	[mu,kappa]: [(74.73358,129.98519),0.35769]
	3361.64273	   0.16808	[mu,kappa]: [(79.76844,120.92621),0.33411]
	3328.98533	   0.16645	[mu,kappa]: [(107.30289,115.18808),0.20941]
	3390.51710	   0.16953	[mu,kappa]: [(64.69652,123.99631),0.60058]
			msglen: 470950.46690 bits.
Iteration #: 12
	3289.53624	   0.16448	[mu,kappa]: [(75.45329,125.54339),0.36777]
	3268.68450	   0.16343	[mu,kappa]: [(61.97118,124.01640),0.72327]
	3358.07714	   0.16790	[mu,kappa]: [(75.61187,130.25233),0.34691]
	3358.70219	   0.16793	[mu,kappa]: [(81.68910,120.63919),0.31773]
	3333.46269	   0.16667	[mu,kappa]: [(122.01007,112.13754),0.18904]
	3391.53723	   0.16958	[mu,kappa]: [(63.59577,124.12291),0.64318]
			msglen: 470934.97658 bits.
Iteration #: 13
	3284.26286	   0.16421	[mu,kappa]: [(76.20847,125.58632),0.35804]
	3275.39368	   0.16377	[mu,kappa]: [(60.72003,124.15669),0.79427]
	3352.95899	   0.16765	[mu,kappa]: [(76.76504,130.57968),0.33383]
	3354.45934	   0.16772	[mu,kappa]: [(84.28217,120.26607),0.29837]
	3339.94370	   0.16700	[mu,kappa]: [(141.79229,105.77272),0.18475]
	3392.98142	   0.16965	[mu,kappa]: [(62.44522,124.25747),0.69524]
			msglen: 470912.59874 bits.
Iteration #: 14
	3276.65390	   0.16383	[mu,kappa]: [(77.21943,125.65170),0.34618]
	3285.15866	   0.16426	[mu,kappa]: [(59.48462,124.29639),0.88126]
	3345.58949	   0.16728	[mu,kappa]: [(78.30241,130.99609),0.31805]
	3348.38543	   0.16742	[mu,kappa]: [(87.87274,119.76827),0.27585]
	3349.18898	   0.16746	[mu,kappa]: [(161.89551,86.87456),0.20839]
	3395.02353	   0.16975	[mu,kappa]: [(61.27596,124.39737),0.75867]
			msglen: 470880.69759 bits.
Iteration #: 15
	3265.80317	   0.16329	[mu,kappa]: [(78.57641,125.75083),0.33181]
	3299.27042	   0.16496	[mu,kappa]: [(58.29798,124.42842),0.98728]
	3335.10410	   0.16676	[mu,kappa]: [(80.38787,131.54723),0.29919]
	3339.79355	   0.16699	[mu,kappa]: [(92.98548,119.08014),0.25046]
	3362.13055	   0.16811	[mu,kappa]: [(170.06563,15.32989),0.26358]
	3397.89820	   0.16989	[mu,kappa]: [(60.12523,124.53902),0.83551]
			msglen: 470836.09430 bits.
Iteration #: 16
	3250.58937	   0.16253	[mu,kappa]: [(80.41117,125.90264),0.31453]
	3319.41156	   0.16597	[mu,kappa]: [(57.19285,124.54509),1.11541]
	3320.43986	   0.16602	[mu,kappa]: [(83.27306,132.30768),0.27702]
	3327.85025	   0.16639	[mu,kappa]: [(100.46599,118.08091),0.22338]
	3379.79939	   0.16899	[mu,kappa]: [(162.79745,331.90280),0.34561]
	3401.90958	   0.17009	[mu,kappa]: [(59.03473,124.67828),0.92778]
			msglen: 470775.45329 bits.
Iteration #: 17
	3229.76286	   0.16149	[mu,kappa]: [(82.91599,126.13841),0.29411]
	3347.59436	   0.16738	[mu,kappa]: [(56.19857,124.63854),1.26816]
	3300.42404	   0.16502	[mu,kappa]: [(87.35117,133.40329),0.25164]
	3311.65487	   0.16558	[mu,kappa]: [(111.55877,116.52240),0.19764]
	3403.13532	   0.17016	[mu,kappa]: [(155.88128,320.96218),0.44834]
	3407.42855	   0.17037	[mu,kappa]: [(58.04817,124.81114),1.03710]
			msglen: 470696.22176 bits.
Iteration #: 18
	3202.17951	   0.16011	[mu,kappa]: [(86.36897,126.50978),0.27062]
	3385.87901	   0.16929	[mu,kappa]: [(55.33780,124.70138),1.44652]
	3274.00412	   0.16370	[mu,kappa]: [(93.23386,135.05518),0.22391]
	3290.43250	   0.16452	[mu,kappa]: [(127.43884,113.80518),0.17945]
	3432.63582	   0.17163	[mu,kappa]: [(151.01923,316.63830),0.56610]
	3414.86905	   0.17074	[mu,kappa]: [(57.20778,124.93486),1.16415]
			msglen: 470598.25680 bits.
Iteration #: 19
	3167.22205	   0.15836	[mu,kappa]: [(91.15764,127.10254),0.24478]
	3435.75063	   0.17179	[mu,kappa]: [(54.62314,124.72727),1.64840]
	3240.65422	   0.16203	[mu,kappa]: [(101.80412,137.67132),0.19601]
	3263.86224	   0.16319	[mu,kappa]: [(147.14489,108.05254),0.17775]
	3467.87234	   0.17339	[mu,kappa]: [(147.65345,314.50891),0.69262]
	3424.63852	   0.17123	[mu,kappa]: [(56.54953,125.04930),1.30779]
			msglen: 470485.78078 bits.
Iteration #: 20
	3125.33612	   0.15627	[mu,kappa]: [(97.76759,128.06045),0.21824]
	3497.17704	   0.17486	[mu,kappa]: [(54.05441,124.71121),1.86689]
	3200.88153	   0.16005	[mu,kappa]: [(113.98200,142.04891),0.17224]
	3232.46826	   0.16162	[mu,kappa]: [(165.60544,89.79374),0.19813]
	3507.06206	   0.17535	[mu,kappa]: [(145.30952,313.39639),0.82024]
	3437.07500	   0.17185	[mu,kappa]: [(56.09699,125.15811),1.46419]
			msglen: 470368.37331 bits.
Iteration #: 21
	3078.40143	   0.15392	[mu,kappa]: [(106.64268,129.62583),0.19381]
	3567.73974	   0.17839	[mu,kappa]: [(53.61835,124.64936),2.08930]
	3156.55938	   0.15783	[mu,kappa]: [(129.51518,149.82826),0.15875]
	3197.84580	   0.15989	[mu,kappa]: [(172.26322,8.30824),0.23694]
	3547.05505	   0.17735	[mu,kappa]: [(143.67926,312.87479),0.94033]
	3452.39860	   0.17262	[mu,kappa]: [(55.85475,125.26888),1.62639]
			msglen: 470259.15713 bits.
Iteration #: 22
	3029.53325	   0.15148	[mu,kappa]: [(117.77882,132.20514),0.17498]
	3642.61785	   0.18213	[mu,kappa]: [(53.29232,124.53867),2.29880]
	3110.70543	   0.15554	[mu,kappa]: [(145.03106,164.27733),0.16028]
	3162.42670	   0.15812	[mu,kappa]: [(164.85719,327.39504),0.28540]
	3584.03073	   0.17920	[mu,kappa]: [(142.56733,312.76335),1.04489]
	3470.68605	   0.17353	[mu,kappa]: [(55.80399,125.39153),1.78493]
			msglen: 470169.82982 bits.
Iteration #: 23
	2982.17081	   0.14911	[mu,kappa]: [(130.17644,136.46478),0.16446]
	3715.96051	   0.18580	[mu,kappa]: [(53.05189,124.37672),2.47918]
	3066.58952	   0.15333	[mu,kappa]: [(155.09932,189.07953),0.17559]
	3128.73118	   0.15644	[mu,kappa]: [(158.28754,318.08381),0.33571]
	3614.71386	   0.18073	[mu,kappa]: [(141.84668,312.97854),1.12860]
	3491.83411	   0.17459	[mu,kappa]: [(55.90386,125.53585),1.92987]
			msglen: 470105.60496 bits.
Iteration #: 24
	2938.92273	   0.14695	[mu,kappa]: [(141.92343,143.43703),0.16259]
	3783.02979	   0.18915	[mu,kappa]: [(52.87813,124.16163),2.62051]
	3026.64143	   0.15133	[mu,kappa]: [(157.33953,217.77428),0.19888]
	3098.51766	   0.15493	[mu,kappa]: [(153.51166,314.30873),0.38291]
	3637.37935	   0.18187	[mu,kappa]: [(141.42974,313.47957),1.19013]
	3515.50904	   0.17577	[mu,kappa]: [(56.10034,125.71012),2.05356]
			msglen: 470064.22427 bits.
Iteration #: 25
	2900.92859	   0.14505	[mu,kappa]: [(151.22021,154.46950),0.16733]
	3841.60989	   0.19208	[mu,kappa]: [(52.76036,123.89119),2.72156]
	2991.87771	   0.14960	[mu,kappa]: [(154.88016,237.33565),0.22492]
	3072.39221	   0.15362	[mu,kappa]: [(149.97860,312.27685),0.42474]
	3652.02400	   0.18260	[mu,kappa]: [(141.25163,314.24610),1.23171]
	3541.16759	   0.17706	[mu,kappa]: [(56.33917,125.92229),2.15246]
			msglen: 470039.27611 bits.
Iteration #: 26
	2868.01693	   0.14340	[mu,kappa]: [(157.10919,170.36684),0.17598]
	3891.88753	   0.19459	[mu,kappa]: [(52.69427,123.56095),2.78782]
	2962.08695	   0.14811	[mu,kappa]: [(151.13941,247.75798),0.25098]
	3050.01670	   0.15250	[mu,kappa]: [(147.25616,310.97696),0.46087]
	3659.80029	   0.18299	[mu,kappa]: [(141.26148,315.26915),1.25764]
	3568.19159	   0.17841	[mu,kappa]: [(56.57658,126.18260),2.22716]
			msglen: 470024.18060 bits.
Iteration #: 27
	2839.29276	   0.14197	[mu,kappa]: [(159.46833,189.21645),0.18659]
	3935.39872	   0.19677	[mu,kappa]: [(52.67863,123.16226),2.82767]
	2936.40395	   0.14682	[mu,kappa]: [(147.32921,253.16168),0.27621]
	3030.58689	   0.15153	[mu,kappa]: [(145.06347,310.02844),0.49198]
	3662.27397	   0.18311	[mu,kappa]: [(141.41828,316.54748),1.27271]
	3596.04371	   0.17980	[mu,kappa]: [(56.78379,126.50590),2.28092]
			msglen: 470014.14888 bits.
Iteration #: 28
	2813.67631	   0.14069	[mu,kappa]: [(158.98624,206.43662),0.19817]
	3974.01454	   0.19870	[mu,kappa]: [(52.71328,122.68110),2.84927]
	2913.81983	   0.14569	[mu,kappa]: [(143.68606,255.98763),0.30078]
	3013.22611	   0.15066	[mu,kappa]: [(143.22189,309.25758),0.51911]
	3660.91665	   0.18304	[mu,kappa]: [(141.68816,318.08589),1.28113]
	3624.34655	   0.18122	[mu,kappa]: [(56.94566,126.91309),2.31808]
			msglen: 470006.25785 bits.
Iteration #: 29
	2790.19687	   0.13951	[mu,kappa]: [(156.76797,219.28698),0.21035]
	4009.39188	   0.20046	[mu,kappa]: [(52.79873,122.09762),2.85925]
	2893.45240	   0.14468	[mu,kappa]: [(140.20415,257.42990),0.32522]
	2997.17704	   0.14986	[mu,kappa]: [(141.61618,308.57584),0.54324]
	3656.90034	   0.18284	[mu,kappa]: [(142.04229,319.89364),1.28627]
	3652.88147	   0.18264	[mu,kappa]: [(57.05683,127.43209),2.34285]
			msglen: 469998.81212 bits.
Iteration #: 30
	2768.07873	   0.13841	[mu,kappa]: [(153.67925,228.09622),0.22314]
	4042.82201	   0.20214	[mu,kappa]: [(52.93680,121.38587),2.86255]
	2874.62003	   0.14373	[mu,kappa]: [(136.84007,258.09227),0.35017]
	2981.84045	   0.14909	[mu,kappa]: [(140.16976,307.93587),0.56516]
	3651.08239	   0.18255	[mu,kappa]: [(142.45480,321.98231),1.29066]
	3681.55638	   0.18408	[mu,kappa]: [(57.11786,128.09888),2.35889]
			msglen: 469990.71756 bits.
Iteration #: 31
	2746.71659	   0.13734	[mu,kappa]: [(150.19667,234.09984),0.23668]
	4075.28166	   0.20376	[mu,kappa]: [(53.13171,120.51365),2.86281]
	2856.81374	   0.14284	[mu,kappa]: [(133.55890,258.30254),0.37623]
	2966.74052	   0.14834	[mu,kappa]: [(138.82949,307.31288),0.58546]
	3644.06626	   0.18220	[mu,kappa]: [(142.90100,324.36265),1.29623]
	3710.38123	   0.18552	[mu,kappa]: [(57.13257,128.95896),2.36920]
			msglen: 469981.04256 bits.
Iteration #: 32
	2725.60938	   0.13629	[mu,kappa]: [(146.55650,238.31005),0.25114]
	4107.55136	   0.20537	[mu,kappa]: [(53.39131,119.44240),2.86288]
	2839.63278	   0.14199	[mu,kappa]: [(130.34094,258.25439),0.40401]
	2951.46742	   0.14758	[mu,kappa]: [(137.55652,306.69628),0.60458]
	3636.27176	   0.18181	[mu,kappa]: [(143.35608,327.04024),1.30449]
	3739.46731	   0.18697	[mu,kappa]: [(57.10700,130.06901),2.37633]
			msglen: 469968.71251 bits.
Iteration #: 33
	2704.28389	   0.13522	[mu,kappa]: [(142.88209,241.39927),0.26675]
	4140.34212	   0.20701	[mu,kappa]: [(53.72848,118.12766),2.86538]
	2822.71211	   0.14114	[mu,kappa]: [(127.17979,258.07510),0.43409]
	2935.61784	   0.14678	[mu,kappa]: [(136.32050,306.08589),0.62289]
	3627.98807	   0.18140	[mu,kappa]: [(143.79458,330.00984),1.31678]
	3769.05598	   0.18845	[mu,kappa]: [(57.04990,131.49842),2.38274]
			msglen: 469952.24609 bits.
Iteration #: 34
	2682.21550	   0.13412	[mu,kappa]: [(139.24712,243.81139),0.28369]
	4174.41505	   0.20871	[mu,kappa]: [(54.16261,116.52096),2.87314]
	2805.64799	   0.14029	[mu,kappa]: [(124.07931,257.86089),0.46704]
	2918.73749	   0.14594	[mu,kappa]: [(135.09566,305.49069),0.64074]
	3619.40249	   0.18097	[mu,kappa]: [(144.19112,333.24856),1.33435]
	3799.58147	   0.18998	[mu,kappa]: [(56.97474,133.32938),2.39123]
			msglen: 469929.46076 bits.
Iteration #: 35
	2658.74390	   0.13294	[mu,kappa]: [(135.70258,245.86417),0.30216]
	4210.69377	   0.21053	[mu,kappa]: [(54.72088,114.57445),2.88974]
	2787.91858	   0.13940	[mu,kappa]: [(121.05087,257.69738),0.50349]
	2900.26328	   0.14502	[mu,kappa]: [(133.85781,304.92906),0.65851]
	3610.60365	   0.18053	[mu,kappa]: [(144.52279,336.70864),1.35849]
	3831.77682	   0.19159	[mu,kappa]: [(56.90324,135.65351),2.40548]
			msglen: 469897.10262 bits.
Iteration #: 36
	2632.98071	   0.13165	[mu,kappa]: [(132.28670,247.81760),0.32233]
	4250.36553	   0.21251	[mu,kappa]: [(55.43851,112.25017),2.92003]
	2768.79666	   0.13844	[mu,kappa]: [(118.11055,257.67300),0.54414]
	2879.46365	   0.14398	[mu,kappa]: [(132.58158,304.42990),0.67672]
	3601.55983	   0.18008	[mu,kappa]: [(144.77360,340.31116),1.39063]
	3866.83362	   0.19334	[mu,kappa]: [(56.86996,138.56065),2.43079]
			msglen: 469850.40240 bits.
Iteration #: 37
	2603.71625	   0.13019	[mu,kappa]: [(129.02601,249.91774),0.34446]
	4294.94427	   0.21474	[mu,kappa]: [(56.35640,109.53584),2.97073]
	2747.26190	   0.13737	[mu,kappa]: [(115.27588,257.88840),0.58979]
	2855.38357	   0.14277	[mu,kappa]: [(131.23736,304.03402),0.69612]
	3592.07655	   0.17960	[mu,kappa]: [(144.94079,343.94315),1.43237]
	3906.61746	   0.19533	[mu,kappa]: [(56.92609,142.11402),2.47493]
			msglen: 469782.66515 bits.
Iteration #: 38
	2569.35911	   0.12847	[mu,kappa]: [(125.92933,252.42257),0.36892]
	4346.22219	   0.21730	[mu,kappa]: [(57.51345,106.46727),3.05085]
	2721.94800	   0.13610	[mu,kappa]: [(112.56076,258.46119),0.64150]
	2826.81945	   0.14134	[mu,kappa]: [(129.78788,303.79429),0.71772]
	3581.74936	   0.17909	[mu,kappa]: [(145.04266,347.46069),1.48558]
	3953.90189	   0.19769	[mu,kappa]: [(57.13736,146.30638),2.54902]
			msglen: 469685.23162 bits.
Iteration #: 39
	2527.99547	   0.12641	[mu,kappa]: [(122.97354,255.60466),0.39639]
	4405.96338	   0.22029	[mu,kappa]: [(58.93136,103.15240),3.17166]
	2691.21564	   0.13457	[mu,kappa]: [(109.96746,259.52142),0.70073]
	2792.38429	   0.13962	[mu,kappa]: [(128.18456,303.77238),0.74289]
	3569.95661	   0.17850	[mu,kappa]: [(145.12579,350.70120),1.55250]
	4012.48461	   0.20062	[mu,kappa]: [(57.56814,151.00258),2.66782]
			msglen: 469548.53228 bits.
Iteration #: 40
	2477.72741	   0.12389	[mu,kappa]: [(120.08160,259.71193),0.42811]
	4475.13614	   0.22375	[mu,kappa]: [(60.59377,99.78295),3.34540]
	2653.51884	   0.13268	[mu,kappa]: [(107.47508,261.18741),0.76966]
	2750.76390	   0.13754	[mu,kappa]: [(126.36490,304.02909),0.77321]
	3555.98000	   0.17780	[mu,kappa]: [(145.26894,353.50759),1.63575]
	4086.87371	   0.20434	[mu,kappa]: [(58.24714,155.89905),2.84844]
			msglen: 469365.26805 bits.
Iteration #: 41
	2417.46285	   0.12088	[mu,kappa]: [(117.10432,264.86312),0.46609]
	4552.58681	   0.22762	[mu,kappa]: [(62.43048,96.61390),3.58194]
	2608.24472	   0.13042	[mu,kappa]: [(105.02748,263.50931),0.85154]
	2701.25286	   0.13507	[mu,kappa]: [(124.25249,304.60818),0.81003]
	3539.35898	   0.17697	[mu,kappa]: [(145.57947,355.76651),1.73846]
	4181.09378	   0.20905	[mu,kappa]: [(59.12956,160.55372),3.10561]
			msglen: 469136.12258 bits.
Iteration #: 42
	2348.07665	   0.11741	[mu,kappa]: [(113.83744,270.90029),0.51285]
	4633.57224	   0.23167	[mu,kappa]: [(64.32334,93.90016),3.88326]
	2556.92791	   0.12785	[mu,kappa]: [(102.53250,266.38466),0.95080]
	2644.46294	   0.13223	[mu,kappa]: [(121.76084,305.52474),0.85342]
	3520.47169	   0.17602	[mu,kappa]: [(146.17941,357.45608),1.86439]
	4296.48857	   0.21482	[mu,kappa]: [(60.09300,164.51537),3.44208]
			msglen: 468875.46542 bits.
Iteration #: 43
	2273.19792	   0.11367	[mu,kappa]: [(110.09581,277.34233),0.56988]
	4709.40166	   0.23546	[mu,kappa]: [(66.14092,91.80992),4.23822]
	2504.00856	   0.12521	[mu,kappa]: [(99.89028,269.50122),1.07236]
	2582.69050	   0.12914	[mu,kappa]: [(118.79623,306.78284),0.90100]
	3501.01187	   0.17505	[mu,kappa]: [(147.18332,358.68201),2.01860]
	4429.68949	   0.22148	[mu,kappa]: [(60.98754,167.49479),3.83568]
			msglen: 468609.90633 bits.
Iteration #: 44
	2198.39911	   0.10993	[mu,kappa]: [(105.78480,283.61822),0.63535]
	4769.50937	   0.23846	[mu,kappa]: [(67.78631,90.36348),4.62295]
	2455.80839	   0.12280	[mu,kappa]: [(97.05335,272.40283),1.22038]
	2519.30619	   0.12597	[mu,kappa]: [(115.24636,308.43981),0.94764]
	3483.69293	   0.17418	[mu,kappa]: [(148.67455,359.66027),2.20948]
	4573.28402	   0.22865	[mu,kappa]: [(61.70260,169.46131),4.23359]
			msglen: 468363.31212 bits.
Iteration #: 45
	2128.66417	   0.10644	[mu,kappa]: [(100.87319,289.46610),0.70378]
	4805.43623	   0.24026	[mu,kappa]: [(69.23037,89.44145),5.01026]
	2417.75422	   0.12089	[mu,kappa]: [(94.08750,274.68077),1.39889]
	2457.44660	   0.12288	[mu,kappa]: [(110.94688,310.68900),0.98808]
	3470.54095	   0.17353	[mu,kappa]: [(150.68552,0.62153),2.45286]
	4720.15782	   0.23600	[mu,kappa]: [(62.19421,170.59685),4.57062]
			msglen: 468135.87399 bits.
Iteration #: 46
	2066.27453	   0.10332	[mu,kappa]: [(95.32317,295.13541),0.76978]
	4814.07321	   0.24069	[mu,kappa]: [(70.51325,88.85831),5.38331]
	2392.40969	   0.11963	[mu,kappa]: [(91.19863,276.12004),1.61667]
	2399.51980	   0.11998	[mu,kappa]: [(105.66616,313.91102),1.02216]
	3459.71300	   0.17298	[mu,kappa]: [(153.18770,1.68931),2.77910]
	4868.00977	   0.24339	[mu,kappa]: [(62.47117,171.15780),4.80542]
			msglen: 467896.21997 bits.
Iteration #: 47
	2011.16918	   0.10057	[mu,kappa]: [(89.12581,301.32603),0.83285]
	4797.87353	   0.23988	[mu,kappa]: [(71.71681,88.44921),5.74266]
	2380.36306	   0.11903	[mu,kappa]: [(88.71622,276.67013),1.89603]
	2348.60349	   0.11744	[mu,kappa]: [(99.21778,318.69147),1.06023]
	3442.01211	   0.17210	[mu,kappa]: [(156.10759,2.83167),3.24808]
	5019.97864	   0.25099	[mu,kappa]: [(62.57568,171.36212),4.93726]
			msglen: 467584.55573 bits.
Iteration #: 48
	1962.70908	   0.09815	[mu,kappa]: [(82.47175,309.10942),0.89995]
	4761.66440	   0.23807	[mu,kappa]: [(72.93026,88.12154),6.10336]
	2382.42777	   0.11913	[mu,kappa]: [(87.02387,276.32041),2.28870]
	2310.97067	   0.11556	[mu,kappa]: [(91.81605,325.78582),1.12776]
	3399.73066	   0.16999	[mu,kappa]: [(159.37561,3.89741),3.99388]
	5182.49742	   0.25911	[mu,kappa]: [(62.56831,171.35832),4.99028]
			msglen: 467093.00151 bits.
Iteration #: 49
	1919.52531	   0.09599	[mu,kappa]: [(76.01335,319.85161),0.98845]
	4706.73771	   0.23533	[mu,kappa]: [(74.23086,87.87014),6.49045]
	2400.07772	   0.12001	[mu,kappa]: [(86.41984,275.03425),2.92552]
	2297.52236	   0.11488	[mu,kappa]: [(84.60753,335.77394),1.27145]
	3312.18189	   0.16561	[mu,kappa]: [(162.97092,4.60824),5.37922]
	5363.95502	   0.26818	[mu,kappa]: [(62.50683,171.24154),4.99137]
			msglen: 466178.11623 bits.
Iteration #: 50
	1873.96266	   0.09371	[mu,kappa]: [(71.14177,334.45107),1.13505]
	4622.02671	   0.23109	[mu,kappa]: [(75.67314,87.78540),6.94498]
	2431.98504	   0.12161	[mu,kappa]: [(86.91140,272.87607),4.23083]
	2320.00937	   0.11601	[mu,kappa]: [(79.70727,347.91095),1.56708]
	3176.55809	   0.15883	[mu,kappa]: [(166.82184,4.30026),8.52610]
	5575.45813	   0.27876	[mu,kappa]: [(62.41393,171.07210),4.95931]
			msglen: 464325.59831 bits.
Iteration #: 51
	1803.83166	   0.09020	[mu,kappa]: [(69.44818,350.88661),1.39262]
	4477.64783	   0.22387	[mu,kappa]: [(77.23610,88.03423),7.54847]
	2472.34678	   0.12362	[mu,kappa]: [(88.03779,270.44227),8.10404]
	2374.59266	   0.11874	[mu,kappa]: [(78.64835,358.95931),2.10076]
	3039.33244	   0.15197	[mu,kappa]: [(170.26827,2.03021),15.74826]
	5832.24863	   0.29159	[mu,kappa]: [(62.24461,170.89998),4.89846]
			msglen: 461175.65737 bits.
Iteration #: 52
	1707.36671	   0.08538	[mu,kappa]: [(70.88097,3.41112),1.73228]
	4268.93915	   0.21344	[mu,kappa]: [(78.79696,88.61515),8.42455]
	2516.22575	   0.12582	[mu,kappa]: [(89.00572,269.10264),22.10579]
	2441.86748	   0.12210	[mu,kappa]: [(80.86430,5.09262),2.82753]
	2922.17806	   0.14611	[mu,kappa]: [(172.31364,359.60607),24.61933]
	6143.42287	   0.30715	[mu,kappa]: [(61.86981,170.85427),4.77160]
			msglen: 457793.91654 bits.
Iteration #: 53
	1653.57933	   0.08269	[mu,kappa]: [(73.61074,7.84359),1.91855]
	4060.93818	   0.20304	[mu,kappa]: [(80.27028,89.12744),9.58844]
	2456.27805	   0.12282	[mu,kappa]: [(89.46511,269.33300),52.39020]
	2530.03462	   0.12651	[mu,kappa]: [(84.67932,5.86065),3.43214]
	2794.78585	   0.13974	[mu,kappa]: [(173.65270,358.61187),31.48178]
	6504.38397	   0.32520	[mu,kappa]: [(61.03999,171.06489),4.50890]
			msglen: 455684.60719 bits.
Iteration #: 54
	1634.09272	   0.08172	[mu,kappa]: [(76.00503,8.33640),1.92541]
	3880.99964	   0.19405	[mu,kappa]: [(81.67194,89.26996),10.90862]
	2357.44322	   0.11788	[mu,kappa]: [(89.67626,269.64593),84.59376]
	2613.30966	   0.13067	[mu,kappa]: [(88.47012,4.93423),3.82851]
	2670.44286	   0.13353	[mu,kappa]: [(174.80710,358.23740),38.60043]
	6843.71189	   0.34216	[mu,kappa]: [(59.90535,170.89810),4.21159]
			msglen: 454750.12590 bits.
Iteration #: 55
	1630.94569	   0.08156	[mu,kappa]: [(78.10299,8.56875),1.87210]
	3707.26438	   0.18536	[mu,kappa]: [(83.06903,89.18445),12.33313]
	2308.65781	   0.11544	[mu,kappa]: [(89.76909,269.72786),97.42318]
	2687.46943	   0.13438	[mu,kappa]: [(91.87570,4.30051),4.07541]
	2541.26454	   0.12707	[mu,kappa]: [(175.96427,357.93654),48.75884]
	7124.39816	   0.35619	[mu,kappa]: [(58.77406,170.05867),3.97332]
			msglen: 454206.82169 bits.
Iteration #: 56
	1647.12126	   0.08237	[mu,kappa]: [(80.22374,9.19666),1.81095]
	3528.28212	   0.17641	[mu,kappa]: [(84.47977,89.06455),13.97952]
	2290.45808	   0.11453	[mu,kappa]: [(89.80001,269.75475),100.75228]
	2766.55115	   0.13833	[mu,kappa]: [(95.05151,4.02281),4.18075]
	2403.26889	   0.12017	[mu,kappa]: [(177.18256,357.59252),66.34217]
	7364.31850	   0.36819	[mu,kappa]: [(57.76287,168.86263),3.79173]
			msglen: 453582.39384 bits.
Iteration #: 57
	1680.75912	   0.08405	[mu,kappa]: [(82.32379,10.15521),1.76137]
	3347.92164	   0.16740	[mu,kappa]: [(85.86923,88.99214),16.03486]
	2283.50700	   0.11418	[mu,kappa]: [(89.80948,269.76438),101.75679]
	2852.92847	   0.14265	[mu,kappa]: [(98.09443,3.91969),4.15903]
	2261.07523	   0.11306	[mu,kappa]: [(178.39913,356.98982),100.67678]
	7573.80853	   0.37866	[mu,kappa]: [(56.89462,167.55354),3.65049]
			msglen: 452782.33744 bits.
Iteration #: 58
	1719.65768	   0.08599	[mu,kappa]: [(83.77456,11.36579),1.73541]
	3175.53510	   0.15878	[mu,kappa]: [(87.14878,88.98944),18.61867]
	2279.51133	   0.11398	[mu,kappa]: [(89.81254,269.76784),102.22266]
	2933.06206	   0.14666	[mu,kappa]: [(100.84271,3.91507),4.06066]
	2138.64957	   0.10694	[mu,kappa]: [(179.37723,353.85066),160.43106]
	7753.58427	   0.38765	[mu,kappa]: [(56.17747,166.28373),3.54000]
			msglen: 452044.38608 bits.
Iteration #: 59
	1747.46277	   0.08739	[mu,kappa]: [(83.71831,12.74822),1.74299]
	3023.45384	   0.15118	[mu,kappa]: [(88.18896,89.04858),21.57027]
	2276.59863	   0.11384	[mu,kappa]: [(89.81373,269.76891),102.52697]
	2985.66247	   0.14929	[mu,kappa]: [(102.93510,3.94916),3.95171]
	2067.77771	   0.10340	[mu,kappa]: [(179.84843,346.91440),213.00084]
	7899.04458	   0.39492	[mu,kappa]: [(55.64572,165.17340),3.45467]
			msglen: 451728.78861 bits.
Iteration #: 60
	1763.12609	   0.08817	[mu,kappa]: [(82.34454,14.25249),1.78428]
	2901.66799	   0.14509	[mu,kappa]: [(88.90576,89.13682),24.35310]
	2274.82535	   0.11375	[mu,kappa]: [(89.81455,269.76932),102.71309]
	3013.18478	   0.15066	[mu,kappa]: [(104.45385,3.98219),3.86413]
	2038.20427	   0.10192	[mu,kappa]: [(179.96112,320.92084),231.80962]
	8008.99152	   0.40041	[mu,kappa]: [(55.34097,164.31067),3.38775]
			msglen: 451622.67297 bits.
Iteration #: 61
	1771.82044	   0.08860	[mu,kappa]: [(80.22222,15.77268),1.85657]
	2811.46780	   0.14058	[mu,kappa]: [(89.33392,89.21842),26.48497]
	2274.14952	   0.11372	[mu,kappa]: [(89.81526,269.76988),102.79385]
	3027.05645	   0.15136	[mu,kappa]: [(105.70299,3.95144),3.80350]
	2028.15224	   0.10142	[mu,kappa]: [(179.97631,282.71495),236.83213]
	8087.35355	   0.40433	[mu,kappa]: [(55.22139,163.71256),3.33619]
			msglen: 451571.75520 bits.
Iteration #: 62
	1777.72750	   0.08890	[mu,kappa]: [(77.75415,17.21623),1.95633]
	2749.10477	   0.13746	[mu,kappa]: [(89.57503,89.27771),27.90463]
	2274.30351	   0.11372	[mu,kappa]: [(89.81569,269.77072),102.79422]
	3033.13758	   0.15166	[mu,kappa]: [(106.90368,3.81704),3.76564]
	2024.81546	   0.10125	[mu,kappa]: [(179.97702,266.18460),238.28729]
	8140.91118	   0.40701	[mu,kappa]: [(55.21656,163.34513),3.29794]
			msglen: 451540.29476 bits.
Iteration #: 63
	1783.79677	   0.08920	[mu,kappa]: [(75.16208,18.53056),2.08270]
	2708.60845	   0.13544	[mu,kappa]: [(89.71324,89.31687),28.78863]
	2274.99827	   0.11376	[mu,kappa]: [(89.81572,269.77177),102.74070]
	3033.53602	   0.15168	[mu,kappa]: [(108.15585,3.57492),3.74673]
	2023.41364	   0.10118	[mu,kappa]: [(179.97673,259.19960),238.83458]
	8175.64684	   0.40875	[mu,kappa]: [(55.27286,163.15557),3.27108]
			msglen: 451514.09944 bits.
Iteration #: 64
	1792.36069	   0.08963	[mu,kappa]: [(72.60315,19.69010),2.23646]
	2683.93961	   0.13420	[mu,kappa]: [(89.79770,89.34276),29.32132]
	2276.06010	   0.11381	[mu,kappa]: [(89.81527,269.77298),102.64987]
	3028.66618	   0.15144	[mu,kappa]: [(109.48564,3.24236),3.74476]
	2022.52948	   0.10114	[mu,kappa]: [(179.97644,254.37206),239.14720]
	8196.44394	   0.40979	[mu,kappa]: [(55.36116,163.09309),3.25362]
			msglen: 451487.61311 bits.
Iteration #: 65
	1805.13367	   0.09027	[mu,kappa]: [(70.22571,20.67132),2.41751]
	2670.35502	   0.13352	[mu,kappa]: [(89.85411,89.36061),29.63079]
	2277.39977	   0.11388	[mu,kappa]: [(89.81433,269.77434),102.53019]
	3018.12143	   0.15091	[mu,kappa]: [(110.88066,2.84260),3.75880]
	2021.71182	   0.10110	[mu,kappa]: [(179.97614,249.76803),239.41715]
	8207.27830	   0.41033	[mu,kappa]: [(55.46556,163.11688),3.24365]
			msglen: 451459.50590 bits.
Iteration #: 66
	1822.94323	   0.09116	[mu,kappa]: [(68.16876,21.44147),2.62273]
	2664.60531	   0.13324	[mu,kappa]: [(89.89541,89.37324),29.79595]
	2278.94964	   0.11396	[mu,kappa]: [(89.81290,269.77587),102.38748]
	3001.17373	   0.15006	[mu,kappa]: [(112.30665,2.39916),3.78825]
	2020.79491	   0.10105	[mu,kappa]: [(179.97575,244.92414),239.70846]
	8211.53318	   0.41054	[mu,kappa]: [(55.57377,163.19496),3.23946]
			msglen: 451430.66560 bits.
Iteration #: 67
	1845.53254	   0.09229	[mu,kappa]: [(66.54036,21.96194),2.84472]
	2664.55042	   0.13323	[mu,kappa]: [(89.92768,89.38160),29.86388]
	2280.63154	   0.11404	[mu,kappa]: [(89.81103,269.77757),102.22840]
	2977.20612	   0.14886	[mu,kappa]: [(113.71921,1.93552),3.83202]
	2019.73402	   0.10100	[mu,kappa]: [(179.97520,239.86360),240.03874]
	8212.34536	   0.41058	[mu,kappa]: [(55.67316,163.30049),3.23941]
			msglen: 451402.98881 bits.
Iteration #: 68
	1871.66338	   0.09359	[mu,kappa]: [(65.39866,22.19863),3.07275]
	2668.68249	   0.13344	[mu,kappa]: [(89.95327,89.38557),29.86323]
	2282.35352	   0.11413	[mu,kappa]: [(89.80890,269.77940),102.06124]
	2945.99028	   0.14730	[mu,kappa]: [(115.07708,1.47497),3.88804]
	2018.56025	   0.10094	[mu,kappa]: [(179.97445,234.81871),240.40025]
	8212.75008	   0.41060	[mu,kappa]: [(55.75095,163.40945),3.24176]
			msglen: 451378.20835 bits.
Iteration #: 69
	1899.62680	   0.09499	[mu,kappa]: [(64.74771,22.13220),3.29599]
	2675.77927	   0.13379	[mu,kappa]: [(89.97266,89.38450),29.81306]
	2284.02438	   0.11421	[mu,kappa]: [(89.80671,269.78131),101.89498]
	2907.69686	   0.14539	[mu,kappa]: [(116.35556,1.03845),3.95328]
	2017.34681	   0.10088	[mu,kappa]: [(179.97353,230.07325),240.77184]
	8215.52587	   0.41074	[mu,kappa]: [(55.79647,163.50080),3.24473]
			msglen: 451356.92717 bits.
Iteration #: 70
	1927.95332	   0.09641	[mu,kappa]: [(64.54896,21.76319),3.50751]
	2684.76545	   0.13424	[mu,kappa]: [(89.98570,89.37772),29.72765]
	2285.57314	   0.11429	[mu,kappa]: [(89.80467,269.78321),101.73741]
	2862.67253	   0.14314	[mu,kappa]: [(117.55480,0.64132),4.02448]
	2016.16691	   0.10082	[mu,kappa]: [(179.97247,225.83726),241.13178]
	8222.86865	   0.41111	[mu,kappa]: [(55.80338,163.55818),3.24668]
			msglen: 451338.35500 bits.
Iteration #: 71
	1955.90987	   0.09781	[mu,kappa]: [(64.74045,21.11118),3.70667]
	2694.74489	   0.13474	[mu,kappa]: [(89.99240,89.36475),29.61833]
	2286.96119	   0.11436	[mu,kappa]: [(89.80294,269.78509),101.59359]
	2811.17069	   0.14056	[mu,kappa]: [(118.69915,0.29098),4.09910]
	2015.05777	   0.10076	[mu,kappa]: [(179.97135,222.18504),241.46846]
	8236.15559	   0.41177	[mu,kappa]: [(55.77022,163.57145),3.24636]
			msglen: 451320.76420 bits.
Iteration #: 72
	1983.56484	   0.09919	[mu,kappa]: [(65.25396,20.21050),3.89867]
	2705.08262	   0.13526	[mu,kappa]: [(89.99324,89.34523),29.49355]
	2288.18337	   0.11442	[mu,kappa]: [(89.80156,269.78693),101.46520]
	2753.20881	   0.13766	[mu,kappa]: [(119.82925,359.98699),4.17619]
	2014.00794	   0.10071	[mu,kappa]: [(179.97020,219.06671),241.78435]
	8255.95242	   0.41276	[mu,kappa]: [(55.69908,163.53675),3.24302]
			msglen: 451302.14745 bits.
Iteration #: 73
	2011.55030	   0.10059	[mu,kappa]: [(66.02499,19.10544),4.09235]
	2715.42768	   0.13578	[mu,kappa]: [(89.98903,89.31885),29.35855]
	2289.26060	   0.11447	[mu,kappa]: [(89.80053,269.78880),101.35093]
	2688.58804	   0.13443	[mu,kappa]: [(120.99232,359.72333),4.25668]
	2012.96809	   0.10066	[mu,kappa]: [(179.96902,216.36022),242.09307]
	8282.20530	   0.41407	[mu,kappa]: [(55.59385,163.45529),3.23634]
			msglen: 451280.64286 bits.
Iteration #: 74
	2040.76296	   0.10205	[mu,kappa]: [(66.99545,17.84680),4.29774]
	2725.65194	   0.13629	[mu,kappa]: [(89.98078,89.28526),29.21557]
	2290.22891	   0.11452	[mu,kappa]: [(89.79980,269.79076),101.24748]
	2617.01909	   0.13086	[mu,kappa]: [(122.23442,359.49127),4.34343]
	2011.87096	   0.10060	[mu,kappa]: [(179.96777,213.92425),242.41370]
	8314.46614	   0.41569	[mu,kappa]: [(55.45885,163.33167),3.22622]
			msglen: 451254.69150 bits.
Iteration #: 75
	2072.13264	   0.10362	[mu,kappa]: [(68.11247,16.48958),4.52391]
	2735.74327	   0.13679	[mu,kappa]: [(89.96953,89.24408),29.06467]
	2291.12830	   0.11456	[mu,kappa]: [(89.79932,269.79290),101.15071]
	2538.29473	   0.12692	[mu,kappa]: [(123.59548,359.28174),4.44116]
	2010.64782	   0.10054	[mu,kappa]: [(179.96640,211.63301),242.76573]
	8352.05325	   0.41757	[mu,kappa]: [(55.29836,163.17244),3.21266]
			msglen: 451223.09876 bits.
Iteration #: 76
	2106.46337	   0.10533	[mu,kappa]: [(69.32643,15.09102),4.77716]
	2745.69854	   0.13729	[mu,kappa]: [(89.95630,89.19506),28.90489]
	2291.99317	   0.11461	[mu,kappa]: [(89.79906,269.79532),101.05670]
	2452.47195	   0.12263	[mu,kappa]: [(125.10551,359.08673),4.55656]
	2009.23785	   0.10047	[mu,kappa]: [(179.96484,209.39203),243.16615]
	8394.13512	   0.41967	[mu,kappa]: [(55.11673,162.98521),3.19568]
			msglen: 451185.13642 bits.
Iteration #: 77
	2144.31648	   0.10722	[mu,kappa]: [(70.59052,13.70779),5.05911]
	2755.44340	   0.13778	[mu,kappa]: [(89.94215,89.13835),28.73549]
	2292.84485	   0.11465	[mu,kappa]: [(89.79904,269.79810),100.96263]
	2360.02966	   0.11801	[mu,kappa]: [(126.78072,358.89995),4.69859]
	2007.59384	   0.10039	[mu,kappa]: [(179.96301,207.14178),243.62770]
	8439.77177	   0.42195	[mu,kappa]: [(54.91875,162.77819),3.17527]
			msglen: 451140.69579 bits.
Iteration #: 78
	2185.93113	   0.10931	[mu,kappa]: [(71.86256,12.39177),5.36490]
	2764.79116	   0.13824	[mu,kappa]: [(89.92828,89.07477),28.55708]
	2293.68620	   0.11469	[mu,kappa]: [(89.79931,269.80130),100.86747]
	2261.95047	   0.11311	[mu,kappa]: [(128.61952,358.71700),4.87889]
	2005.68817	   0.10029	[mu,kappa]: [(179.96084,204.85518),244.15728]
	8487.95287	   0.42436	[mu,kappa]: [(54.71015,162.55977),3.15147]
			msglen: 451090.37329 bits.
Iteration #: 79
	2231.21730	   0.11157	[mu,kappa]: [(73.10841,11.18464),5.68239]
	2773.44729	   0.13868	[mu,kappa]: [(89.91606,89.00607),28.37236]
	2294.49868	   0.11473	[mu,kappa]: [(89.79997,269.80492),100.77241]
	2159.66517	   0.10799	[mu,kappa]: [(130.60027,358.53531),5.11229]
	2003.52102	   0.10019	[mu,kappa]: [(179.95824,202.53275),244.75388]
	8537.65053	   0.42684	[mu,kappa]: [(54.49788,162.33803),3.12444]
			msglen: 451035.30861 bits.
Iteration #: 80
	2279.85673	   0.11400	[mu,kappa]: [(74.30539,10.11310),5.99358]
	2781.05723	   0.13906	[mu,kappa]: [(89.90692,88.93488),28.18638]
	2295.24249	   0.11477	[mu,kappa]: [(89.80111,269.80889),100.68103]
	2054.83659	   0.10275	[mu,kappa]: [(132.68379,358.35424),5.41729]
	2001.12878	   0.10007	[mu,kappa]: [(179.95511,200.19612),245.40676]
	8587.87818	   0.42935	[mu,kappa]: [(54.29000,162.12021),3.09456]
			msglen: 450976.70749 bits.
Iteration #: 81
	2331.48025	   0.11658	[mu,kappa]: [(75.44390,9.18670),6.27844]
	2787.27787	   0.13937	[mu,kappa]: [(89.90212,88.86443),28.00603]
	2295.85997	   0.11480	[mu,kappa]: [(89.80281,269.81306),100.59919]
	1949.05514	   0.09746	[mu,kappa]: [(134.82129,358.17550),5.81692]
	1998.58737	   0.09994	[mu,kappa]: [(179.95135,197.88043),246.09483]
	8637.73939	   0.43185	[mu,kappa]: [(54.09511,161.91213),3.06243]
			msglen: 450915.25101 bits.
Iteration #: 82
	2385.80125	   0.11930	[mu,kappa]: [(76.52616,8.39966),6.51973]
	2791.83873	   0.13960	[mu,kappa]: [(89.90244,88.79801),27.83892]
	2296.28156	   0.11482	[mu,kappa]: [(89.80510,269.81722),100.53457]
	1843.60016	   0.09219	[mu,kappa]: [(136.96495,358.00444),6.34059]
	1996.00731	   0.09981	[mu,kappa]: [(179.94686,195.62671),246.78842]
	8686.47099	   0.43428	[mu,kappa]: [(53.92116,161.71793),3.02881]
			msglen: 450850.74786 bits.
Iteration #: 83
	2442.58718	   0.12214	[mu,kappa]: [(77.56278,7.73575),6.70627]
	2794.56681	   0.13973	[mu,kappa]: [(89.90791,88.73842),27.69221]
	2296.43457	   0.11483	[mu,kappa]: [(89.80787,269.82111),100.49598]
	1739.39009	   0.08698	[mu,kappa]: [(139.07498,357.85177),7.02745]
	1993.52381	   0.09969	[mu,kappa]: [(179.94150,193.47694),247.45208]
	8733.49754	   0.43663	[mu,kappa]: [(53.77412,161.54002),2.99451]
			msglen: 450782.20664 bits.
Iteration #: 84
	2501.47021	   0.12508	[mu,kappa]: [(78.56779,7.17434),6.83353]
	2795.37704	   0.13977	[mu,kappa]: [(89.91769,88.68774),27.57201]
	2296.25568	   0.11482	[mu,kappa]: [(89.81091,269.82446),100.49230]
	1637.11819	   0.08187	[mu,kappa]: [(141.11915,357.73502),7.93224]
	1991.29421	   0.09957	[mu,kappa]: [(179.93514,191.47372),248.04574]
	8778.48467	   0.43888	[mu,kappa]: [(53.65710,161.37909),2.96019]
			msglen: 450708.21435 bits.
Iteration #: 85
	2561.71261	   0.12809	[mu,kappa]: [(79.55327,6.69565),6.90225]
	2794.25090	   0.13972	[mu,kappa]: [(89.93026,88.64731),27.48331]
	2295.70812	   0.11479	[mu,kappa]: [(89.81394,269.82706),100.53062]
	1537.48116	   0.07689	[mu,kappa]: [(143.06578,357.67764),9.13366]
	1989.51564	   0.09949	[mu,kappa]: [(179.92764,189.66410),248.52107]
	8821.33157	   0.44103	[mu,kappa]: [(53.57032,161.23412),2.92632]
			msglen: 450627.48071 bits.
Iteration #: 86
	2622.05351	   0.13111	[mu,kappa]: [(80.52443,6.28441),6.91676]
	2791.22468	   0.13957	[mu,kappa]: [(89.94365,88.61776),27.43036]
	2294.80089	   0.11475	[mu,kappa]: [(89.81667,269.82882),100.61349]
	1441.41567	   0.07208	[mu,kappa]: [(144.87438,357.70392),10.74249]
	1988.46712	   0.09943	[mu,kappa]: [(179.91896,188.10580),248.81242]
	8862.03813	   0.44306	[mu,kappa]: [(53.51168,161.10251),2.89328]
			msglen: 450539.64635 bits.
Iteration #: 87
	2680.71268	   0.13404	[mu,kappa]: [(81.47576,5.93154),6.88376]
	2786.39779	   0.13932	[mu,kappa]: [(89.95592,88.59905),27.41678]
	2293.60073	   0.11469	[mu,kappa]: [(89.81895,269.82985),100.73615]
	1350.28627	   0.06753	[mu,kappa]: [(146.49024,357.83112),12.89947]
	1988.55526	   0.09944	[mu,kappa]: [(179.90931,186.87392),248.82762]
	8900.44726	   0.44498	[mu,kappa]: [(53.47731,160.98064),2.86153]
			msglen: 450446.57788 bits.
Iteration #: 88
	2735.56108	   0.13678	[mu,kappa]: [(82.38835,5.63404),6.81216]
	2779.96759	   0.13900	[mu,kappa]: [(89.96566,88.59044),27.44480]
	2292.22302	   0.11462	[mu,kappa]: [(89.82079,269.83035),100.88607]
	1266.00303	   0.06332	[mu,kappa]: [(147.84878,358.06134),15.73691]
	1990.29325	   0.09952	[mu,kappa]: [(179.89960,186.06901),248.45480]
	8935.95203	   0.44676	[mu,kappa]: [(53.46173,160.86534),2.83194]
			msglen: 450354.08803 bits.
Iteration #: 89
	2784.42827	   0.13923	[mu,kappa]: [(83.23003,5.39435),6.71398]
	2772.29599	   0.13862	[mu,kappa]: [(89.97255,88.59044),27.51278]
	2290.80194	   0.11455	[mu,kappa]: [(89.82234,269.83054),101.04612]
	1191.06468	   0.05957	[mu,kappa]: [(148.89338,358.36323),19.25157]
	1994.08651	   0.09971	[mu,kappa]: [(179.89179,185.82446),247.61065]
	8967.32261	   0.44832	[mu,kappa]: [(53.45826,160.75521),2.80592]
			msglen: 450272.82333 bits.
Iteration #: 90
	2825.70191	   0.14129	[mu,kappa]: [(83.96340,5.21591),6.60326]
	2763.97087	   0.13820	[mu,kappa]: [(89.97750,88.59683),27.61212]
	2289.46894	   0.11448	[mu,kappa]: [(89.82367,269.83050),101.19896]
	1128.05636	   0.05642	[mu,kappa]: [(149.60902,358.66407),23.10469]
	1999.75025	   0.10000	[mu,kappa]: [(179.88859,186.27614),246.33763]
	8993.05166	   0.44961	[mu,kappa]: [(53.46041,160.65082),2.78505]
			msglen: 450213.76769 bits.
Iteration #: 91
	2859.03377	   0.14296	[mu,kappa]: [(84.56048,5.09545),6.49218]
	2755.72881	   0.13779	[mu,kappa]: [(89.98196,88.60703),27.72811]
	2288.33922	   0.11442	[mu,kappa]: [(89.82477,269.83029),101.33038]
	1078.39933	   0.05394	[mu,kappa]: [(150.04652,358.90376),26.68894]
	2006.15365	   0.10032	[mu,kappa]: [(179.89123,187.42567),244.86738]
	9012.34521	   0.45057	[mu,kappa]: [(53.46468,160.55603),2.76996]
			msglen: 450178.92469 bits.
Iteration #: 92
	2885.29688	   0.14427	[mu,kappa]: [(85.01361,5.02320),6.38951]
	2748.21307	   0.13742	[mu,kappa]: [(89.98677,88.61886),27.84565]
	2287.47201	   0.11438	[mu,kappa]: [(89.82561,269.82994),101.43306]
	1041.66884	   0.05210	[mu,kappa]: [(150.29580,359.06762),29.56065]
	2011.86375	   0.10060	[mu,kappa]: [(179.89767,189.00624),243.50316]
	9025.48546	   0.45123	[mu,kappa]: [(53.47124,160.47664),2.76014]
			msglen: 450161.33703 bits.
Iteration #: 93
	2905.90742	   0.14530	[mu,kappa]: [(85.33654,4.98684),6.30031]
	2741.82237	   0.13710	[mu,kappa]: [(89.99184,88.63077),27.95380]
	2286.86119	   0.11435	[mu,kappa]: [(89.82619,269.82949),101.50706]
	1015.86381	   0.05081	[mu,kappa]: [(150.43703,359.16864),31.63824]
	2016.15936	   0.10082	[mu,kappa]: [(179.90467,190.61519),242.42796]
	9033.38586	   0.45163	[mu,kappa]: [(53.48099,160.41646),2.75456]
			msglen: 450153.14713 bits.
Iteration #: 94
	2922.21199	   0.14611	[mu,kappa]: [(85.55541,4.97444),6.22597]
	2736.71600	   0.13684	[mu,kappa]: [(89.99673,88.64184),28.04645]
	2286.46647	   0.11433	[mu,kappa]: [(89.82656,269.82901),101.55647]
	 998.31191	   0.04993	[mu,kappa]: [(150.52045,359.22756),33.05692]
	2019.08255	   0.10096	[mu,kappa]: [(179.91037,191.97082),241.66585]
	9037.21108	   0.45182	[mu,kappa]: [(53.49390,160.37568),2.75211]
			msglen: 450149.41173 bits.
Iteration #: 95
	2935.24666	   0.14677	[mu,kappa]: [(85.69802,4.97647),6.16555]
	2732.86214	   0.13665	[mu,kappa]: [(90.00103,88.65158),28.12141]
	2286.23688	   0.11432	[mu,kappa]: [(89.82676,269.82854),101.58678]
	 986.54769	   0.04934	[mu,kappa]: [(150.57257,359.26136),33.99974]
	2020.97651	   0.10106	[mu,kappa]: [(179.91442,192.98536),241.15685]
	9038.13012	   0.45186	[mu,kappa]: [(53.50900,160.35172),2.75176]
			msglen: 450147.67480 bits.
Iteration #: 96
	2945.75801	   0.14729	[mu,kappa]: [(85.78791,4.98624),6.11701]
	2730.10462	   0.13651	[mu,kappa]: [(90.00452,88.65987),28.17927]
	2286.12345	   0.11431	[mu,kappa]: [(89.82684,269.82812),101.60340]
	 978.67951	   0.04895	[mu,kappa]: [(150.60676,359.28087),34.62111]
	2022.18346	   0.10112	[mu,kappa]: [(179.91711,193.69245),240.82561]
	9037.15096	   0.45181	[mu,kappa]: [(53.52502,160.34077),2.75272]
			msglen: 450146.83017 bits.
Iteration #: 97
	2954.28831	   0.14772	[mu,kappa]: [(85.84280,4.99945),6.07819]
	2728.23311	   0.13642	[mu,kappa]: [(90.00715,88.66676),28.22222]
	2286.08580	   0.11431	[mu,kappa]: [(89.82685,269.82774),101.61086]
	 973.38575	   0.04869	[mu,kappa]: [(150.62999,359.29230),35.03168]
	2022.95465	   0.10116	[mu,kappa]: [(179.91886,194.16609),240.61086]
	9035.05238	   0.45171	[mu,kappa]: [(53.54086,160.33901),2.75440]
			msglen: 450146.39447 bits.
			N: 20000
		22.50732 bpr
Null model msglen: 471661.29398 bits.	(23.58306 bpr)
