Iteration #: 0
	16878.00000	   0.50092	[mu,kappa]: [(91.41891,357.88843),0.93939]
	16816.00000	   0.49908	[mu,kappa]: [(89.54701,358.74795),0.95909]
			msglen: 0.00000 bits.
Iteration #: 1
	16877.98130	   0.50092	[mu,kappa]: [(92.08056,357.89937),0.94664]
	16816.01870	   0.49908	[mu,kappa]: [(88.87415,358.74260),0.95233]
			msglen: 787954.43254 bits.
Iteration #: 2
	16877.96988	   0.50092	[mu,kappa]: [(93.21098,357.88186),0.94961]
	16816.03012	   0.49908	[mu,kappa]: [(87.73444,358.76172),0.95096]
			msglen: 787947.05323 bits.
Iteration #: 3
	16877.95128	   0.50092	[mu,kappa]: [(95.13017,357.82627),0.95268]
	16816.04872	   0.49908	[mu,kappa]: [(85.80407,358.81783),0.95254]
			msglen: 787925.82595 bits.
Iteration #: 4
	16877.89939	   0.50092	[mu,kappa]: [(98.36351,357.71041),0.95976]
	16816.10061	   0.49908	[mu,kappa]: [(82.55290,358.93385),0.95889]
			msglen: 787864.63437 bits.
Iteration #: 5
	16877.73325	   0.50091	[mu,kappa]: [(103.70745,357.49554),0.97922]
	16816.26675	   0.49909	[mu,kappa]: [(77.17680,359.14846),0.97772]
			msglen: 787689.80174 bits.
Iteration #: 6
	16877.16917	   0.50090	[mu,kappa]: [(112.10256,357.11958),1.03267]
	16816.83083	   0.49910	[mu,kappa]: [(68.72448,359.52298),1.03043]
			msglen: 787203.05968 bits.
Iteration #: 7
	16875.19796	   0.50084	[mu,kappa]: [(123.78440,356.49655),1.17045]
	16818.80204	   0.49916	[mu,kappa]: [(56.95890,0.14077),1.16745]
			msglen: 785941.09531 bits.
Iteration #: 8
	16868.57354	   0.50064	[mu,kappa]: [(136.66374,355.55961),1.48080]
	16825.42646	   0.49936	[mu,kappa]: [(44.00537,1.06251),1.47670]
			msglen: 783209.09743 bits.
Iteration #: 9
	16850.08734	   0.50009	[mu,kappa]: [(146.86344,354.41655),2.03936]
	16843.91266	   0.49991	[mu,kappa]: [(33.79666,2.17162),2.02989]
			msglen: 779215.29718 bits.
Iteration #: 10
	16814.29045	   0.49903	[mu,kappa]: [(152.46576,353.46713),2.73600]
	16879.70955	   0.50097	[mu,kappa]: [(28.26695,3.06912),2.70396]
			msglen: 776308.12323 bits.
Iteration #: 11
	16765.72127	   0.49759	[mu,kappa]: [(154.63927,352.98641),3.22788]
	16928.27873	   0.50241	[mu,kappa]: [(26.23429,3.49359),3.15040]
			msglen: 775500.28496 bits.
Iteration #: 12
	16709.84832	   0.49593	[mu,kappa]: [(155.32670,352.81283),3.43040]
	16984.15168	   0.50407	[mu,kappa]: [(25.73274,3.61229),3.30065]
			msglen: 775407.68748 bits.
Iteration #: 13
	16651.68492	   0.49420	[mu,kappa]: [(155.57269,352.74455),3.50357]
	17042.31508	   0.50580	[mu,kappa]: [(25.68848,3.62741),3.32406]
			msglen: 775398.44325 bits.
Iteration #: 14
	16594.66958	   0.49251	[mu,kappa]: [(155.70571,352.70429),3.53953]
	17099.33042	   0.50749	[mu,kappa]: [(25.75559,3.61670),3.31356]
			msglen: 775395.16077 bits.
Iteration #: 15
	16540.12069	   0.49089	[mu,kappa]: [(155.80800,352.67177),3.56556]
	17153.87931	   0.50911	[mu,kappa]: [(25.84544,3.60070),3.29594]
			msglen: 775392.50901 bits.
Iteration #: 16
	16488.35322	   0.48936	[mu,kappa]: [(155.89902,352.64217),3.58844]
	17205.64678	   0.51064	[mu,kappa]: [(25.93698,3.58423),3.27760]
			msglen: 775390.15225 bits.
Iteration #: 17
	16439.34793	   0.48790	[mu,kappa]: [(155.98349,352.61438),3.60980]
	17254.65207	   0.51210	[mu,kappa]: [(26.02542,3.56836),3.25996]
			msglen: 775388.04454 bits.
Iteration #: 18
	16392.99238	   0.48653	[mu,kappa]: [(156.06273,352.58808),3.63006]
	17301.00762	   0.51347	[mu,kappa]: [(26.10980,3.55326),3.24330]
			msglen: 775386.15895 bits.
Iteration #: 19
	16349.15401	   0.48522	[mu,kappa]: [(156.13728,352.56317),3.64933]
	17344.84599	   0.51478	[mu,kappa]: [(26.19004,3.53896),3.22763]
			msglen: 775384.47222 bits.
Iteration #: 20
	16307.70038	   0.48399	[mu,kappa]: [(156.20748,352.53957),3.66768]
	17386.29962	   0.51601	[mu,kappa]: [(26.26626,3.52541),3.21289]
			msglen: 775382.96355 bits.
Iteration #: 21
	16268.50433	   0.48283	[mu,kappa]: [(156.27360,352.51722),3.68514]
	17425.49567	   0.51717	[mu,kappa]: [(26.33864,3.51257),3.19904]
			msglen: 775381.61433 bits.
			N: 33694
		23.01245 bpr
Null model msglen: 794607.78196 bits.	(23.58306 bpr)
