Iteration #: 0
	 806.00000	   0.01960	[mu,kappa]: [(107.00740,324.02764),1.84803]
	 800.00000	   0.01945	[mu,kappa]: [(109.04927,323.46034),1.85554]
	 866.00000	   0.02105	[mu,kappa]: [(109.65932,323.20944),1.95867]
	 799.00000	   0.01943	[mu,kappa]: [(110.21312,320.14265),1.94893]
	 869.00000	   0.02113	[mu,kappa]: [(111.94068,321.27504),1.93833]
	 867.00000	   0.02108	[mu,kappa]: [(111.76633,323.53879),1.90399]
	 829.00000	   0.02016	[mu,kappa]: [(111.74653,319.43097),2.00881]
	 869.00000	   0.02113	[mu,kappa]: [(107.52146,324.32724),1.82564]
	 779.00000	   0.01894	[mu,kappa]: [(109.14240,322.09561),1.78678]
	 840.00000	   0.02042	[mu,kappa]: [(112.01941,323.39877),1.94534]
	 880.00000	   0.02139	[mu,kappa]: [(113.78482,322.35884),1.96619]
	 808.00000	   0.01965	[mu,kappa]: [(111.77885,321.57396),1.91086]
	 796.00000	   0.01935	[mu,kappa]: [(111.21609,322.98538),1.86513]
	 768.00000	   0.01867	[mu,kappa]: [(114.12673,322.48618),1.96977]
	 880.00000	   0.02139	[mu,kappa]: [(106.98627,320.71944),1.79052]
	 849.00000	   0.02064	[mu,kappa]: [(109.75791,322.13177),1.85887]
	 817.00000	   0.01986	[mu,kappa]: [(110.75733,323.91250),1.87677]
	 786.00000	   0.01911	[mu,kappa]: [(113.80346,322.70583),1.96569]
	 821.00000	   0.01996	[mu,kappa]: [(109.25566,319.55728),1.94566]
	 846.00000	   0.02057	[mu,kappa]: [(113.96662,320.55017),2.16630]
	 823.00000	   0.02001	[mu,kappa]: [(108.83310,324.75582),1.77767]
	 819.00000	   0.01991	[mu,kappa]: [(112.98942,322.23175),2.08844]
	 830.00000	   0.02018	[mu,kappa]: [(112.50030,322.69261),1.96887]
	 821.00000	   0.01996	[mu,kappa]: [(110.36199,322.00044),1.88055]
	 853.00000	   0.02074	[mu,kappa]: [(112.77026,321.58258),2.10125]
	 844.00000	   0.02052	[mu,kappa]: [(110.13718,322.15240),1.80174]
	 790.00000	   0.01921	[mu,kappa]: [(110.64189,318.90120),2.01244]
	 820.00000	   0.01994	[mu,kappa]: [(106.14168,321.85535),1.76593]
	 818.00000	   0.01989	[mu,kappa]: [(107.13293,320.19303),1.92008]
	 801.00000	   0.01948	[mu,kappa]: [(111.21908,320.35019),1.97137]
	 855.00000	   0.02079	[mu,kappa]: [(109.76738,322.03846),1.91842]
	 796.00000	   0.01935	[mu,kappa]: [(108.82888,321.81129),1.91056]
	 833.00000	   0.02025	[mu,kappa]: [(108.65742,320.70057),2.04451]
	 865.00000	   0.02103	[mu,kappa]: [(110.00009,322.69122),1.89367]
	 839.00000	   0.02040	[mu,kappa]: [(113.13426,322.39341),1.82328]
	 789.00000	   0.01918	[mu,kappa]: [(109.48538,321.26965),1.82596]
	 779.00000	   0.01894	[mu,kappa]: [(109.13351,322.28491),1.87275]
	 848.00000	   0.02062	[mu,kappa]: [(108.64447,318.49084),2.11020]
	 779.00000	   0.01894	[mu,kappa]: [(113.37479,322.21794),1.96579]
	 817.00000	   0.01986	[mu,kappa]: [(107.75613,324.26621),1.75621]
	 798.00000	   0.01940	[mu,kappa]: [(110.03294,323.21085),1.76225]
	 829.00000	   0.02016	[mu,kappa]: [(108.12760,324.45070),1.79462]
	 781.00000	   0.01899	[mu,kappa]: [(110.44608,321.36597),1.83056]
	 820.00000	   0.01994	[mu,kappa]: [(111.95357,321.64418),1.88774]
	 768.00000	   0.01867	[mu,kappa]: [(111.95089,319.30011),2.01606]
	 823.00000	   0.02001	[mu,kappa]: [(111.61025,320.63353),1.94286]
	 891.00000	   0.02166	[mu,kappa]: [(109.11736,320.72560),1.89264]
	 789.00000	   0.01918	[mu,kappa]: [(109.76951,319.36470),1.99474]
	 822.00000	   0.01999	[mu,kappa]: [(110.81995,320.37328),1.94720]
	 815.00000	   0.01982	[mu,kappa]: [(106.86847,322.84546),1.84134]
			msglen: 906852.39060 bits.
Iteration #: 1
	 806.35030	   0.01961	[mu,kappa]: [(105.42181,324.24457),1.72962]
	 799.66386	   0.01944	[mu,kappa]: [(108.13403,323.69161),1.78586]
	 864.88323	   0.02103	[mu,kappa]: [(110.15038,321.97319),1.92800]
	 798.46811	   0.01941	[mu,kappa]: [(110.59171,320.18239),1.99495]
	 868.48997	   0.02112	[mu,kappa]: [(112.50054,321.10049),1.99286]
	 866.12946	   0.02106	[mu,kappa]: [(112.00718,323.04574),1.89601]
	 829.53163	   0.02017	[mu,kappa]: [(112.89077,319.07942),2.12351]
	 869.58133	   0.02114	[mu,kappa]: [(105.75691,324.83100),1.70775]
	 778.95392	   0.01894	[mu,kappa]: [(107.29831,323.90263),1.73392]
	 839.28462	   0.02041	[mu,kappa]: [(112.77347,322.36291),1.95650]
	 880.10355	   0.02140	[mu,kappa]: [(114.90008,321.50996),2.04606]
	 807.33169	   0.01963	[mu,kappa]: [(112.02430,321.66547),1.94669]
	 795.28896	   0.01934	[mu,kappa]: [(110.86724,323.24865),1.84778]
	 768.27256	   0.01868	[mu,kappa]: [(115.31539,321.56630),2.05460]
	 880.29920	   0.02140	[mu,kappa]: [(104.69044,322.91777),1.73113]
	 848.33239	   0.02063	[mu,kappa]: [(109.04122,322.74028),1.83093]
	 816.25470	   0.01985	[mu,kappa]: [(110.49268,323.68868),1.83385]
	 786.07836	   0.01911	[mu,kappa]: [(114.93948,321.73593),2.03716]
	 820.32602	   0.01994	[mu,kappa]: [(109.41856,319.83957),1.98432]
	 850.95687	   0.02069	[mu,kappa]: [(116.68172,318.14600),2.37315]
	 823.94471	   0.02003	[mu,kappa]: [(106.69992,325.97383),1.66710]
	 820.44919	   0.01995	[mu,kappa]: [(115.18597,319.86750),2.19591]
	 829.70327	   0.02017	[mu,kappa]: [(113.53541,321.60434),2.01322]
	 820.24668	   0.01994	[mu,kappa]: [(110.03438,322.33256),1.87142]
	 854.93481	   0.02079	[mu,kappa]: [(114.99984,319.32047),2.22440]
	 843.47045	   0.02051	[mu,kappa]: [(108.72373,323.69509),1.76805]
	 790.29901	   0.01922	[mu,kappa]: [(111.65925,318.66678),2.11557]
	 821.59443	   0.01998	[mu,kappa]: [(103.17659,324.14698),1.66840]
	 817.41262	   0.01987	[mu,kappa]: [(106.57699,320.53873),1.89776]
	 800.81627	   0.01947	[mu,kappa]: [(111.98759,320.05681),2.04086]
	 854.20252	   0.02077	[mu,kappa]: [(109.78604,321.77891),1.90644]
	 795.34201	   0.01934	[mu,kappa]: [(108.55835,321.72705),1.88285]
	 832.62068	   0.02024	[mu,kappa]: [(109.75587,319.23713),2.07314]
	 864.20027	   0.02101	[mu,kappa]: [(109.77943,322.58072),1.86639]
	 837.85019	   0.02037	[mu,kappa]: [(112.50572,323.60108),1.84406]
	 788.38854	   0.01917	[mu,kappa]: [(108.27372,322.69428),1.80287]
	 778.48664	   0.01893	[mu,kappa]: [(108.46470,322.61539),1.83235]
	 849.06969	   0.02064	[mu,kappa]: [(110.21348,317.21751),2.21264]
	 779.05525	   0.01894	[mu,kappa]: [(114.43994,321.39944),2.03856]
	 818.74080	   0.01991	[mu,kappa]: [(104.99248,326.02974),1.63596]
	 798.17386	   0.01941	[mu,kappa]: [(108.00286,325.11988),1.69874]
	 829.90025	   0.02018	[mu,kappa]: [(106.07105,325.45289),1.68049]
	 780.19280	   0.01897	[mu,kappa]: [(109.48259,322.70464),1.82353]
	 819.18041	   0.01992	[mu,kappa]: [(111.95526,322.05618),1.91897]
	 768.72221	   0.01869	[mu,kappa]: [(113.17491,318.93097),2.14030]
	 822.55271	   0.02000	[mu,kappa]: [(112.14480,320.62836),2.00541]
	 890.13420	   0.02164	[mu,kappa]: [(108.67663,321.30176),1.89027]
	 788.84486	   0.01918	[mu,kappa]: [(110.51726,319.10595),2.06276]
	 821.49193	   0.01997	[mu,kappa]: [(111.28127,320.37199),2.00036]
	 815.39800	   0.01983	[mu,kappa]: [(105.19063,323.51283),1.74447]
			msglen: 944062.63051 bits.
Iteration #: 2
	 807.94196	   0.01964	[mu,kappa]: [(101.50515,326.52152),1.58096]
	 798.36967	   0.01941	[mu,kappa]: [(106.03006,324.95775),1.69164]
	 861.96005	   0.02096	[mu,kappa]: [(110.37324,321.54519),1.93344]
	 796.52337	   0.01937	[mu,kappa]: [(111.51503,319.56817),2.06807]
	 866.72483	   0.02107	[mu,kappa]: [(113.69079,320.25344),2.08708]
	 863.13834	   0.02099	[mu,kappa]: [(112.19584,322.77864),1.90727]
	 831.32201	   0.02021	[mu,kappa]: [(115.07833,317.64274),2.32474]
	 871.85597	   0.02120	[mu,kappa]: [(101.52325,327.39636),1.55303]
	 779.02762	   0.01894	[mu,kappa]: [(104.11549,326.09233),1.61765]
	 836.98638	   0.02035	[mu,kappa]: [(113.70508,321.52158),2.01609]
	 880.35902	   0.02140	[mu,kappa]: [(116.78592,320.04097),2.20707]
	 804.99345	   0.01957	[mu,kappa]: [(112.72294,321.17448),2.00224]
	 792.63977	   0.01927	[mu,kappa]: [(110.26950,323.61794),1.82038]
	 768.94486	   0.01870	[mu,kappa]: [(117.29531,320.01412),2.22690]
	 881.91524	   0.02144	[mu,kappa]: [(100.65700,325.52948),1.59805]
	 845.88920	   0.02057	[mu,kappa]: [(107.83487,323.51344),1.77814]
	 813.68313	   0.01978	[mu,kappa]: [(109.64102,324.13939),1.78786]
	 786.12118	   0.01911	[mu,kappa]: [(116.76937,320.28264),2.18931]
	 818.00293	   0.01989	[mu,kappa]: [(110.03888,319.44647),2.03726]
	 867.23141	   0.02108	[mu,kappa]: [(120.32698,315.44140),2.83599]
	 827.04890	   0.02011	[mu,kappa]: [(101.93779,329.11052),1.50403]
	 825.88560	   0.02008	[mu,kappa]: [(118.05791,317.58240),2.47165]
	 828.62448	   0.02015	[mu,kappa]: [(115.05114,320.37577),2.12640]
	 817.48753	   0.01988	[mu,kappa]: [(109.56769,322.61093),1.85293]
	 861.75212	   0.02095	[mu,kappa]: [(117.99220,317.01296),2.52338]
	 842.05494	   0.02047	[mu,kappa]: [(106.50577,325.27247),1.68146]
	 791.20385	   0.01924	[mu,kappa]: [(113.65594,317.40145),2.29248]
	 826.99120	   0.02011	[mu,kappa]: [(97.26727,327.87858),1.49578]
	 815.00780	   0.01982	[mu,kappa]: [(105.64414,321.00943),1.85953]
	 800.00528	   0.01945	[mu,kappa]: [(113.50097,319.02261),2.16384]
	 851.29689	   0.02070	[mu,kappa]: [(109.68676,321.71905),1.90345]
	 792.80674	   0.01928	[mu,kappa]: [(107.91938,322.01084),1.85192]
	 831.52396	   0.02022	[mu,kappa]: [(111.22659,318.04965),2.17594]
	 861.32791	   0.02094	[mu,kappa]: [(109.20198,322.84827),1.83726]
	 834.87741	   0.02030	[mu,kappa]: [(112.13740,323.97289),1.84000]
	 786.62399	   0.01913	[mu,kappa]: [(106.48711,323.95117),1.73278]
	 776.41291	   0.01888	[mu,kappa]: [(107.14177,323.40209),1.77165]
	 852.03746	   0.02072	[mu,kappa]: [(112.64919,315.59405),2.43001]
	 778.98674	   0.01894	[mu,kappa]: [(116.22834,320.02265),2.18698]
	 824.49896	   0.02005	[mu,kappa]: [(98.93434,329.98122),1.45330]
	 798.99442	   0.01943	[mu,kappa]: [(104.34932,327.69496),1.56834]
	 832.90429	   0.02025	[mu,kappa]: [(101.38861,328.43961),1.51843]
	 777.91224	   0.01891	[mu,kappa]: [(108.27460,323.61474),1.77715]
	 816.53952	   0.01985	[mu,kappa]: [(112.35992,321.80150),1.95636]
	 771.08686	   0.01875	[mu,kappa]: [(115.49077,317.41814),2.35903]
	 821.06270	   0.01996	[mu,kappa]: [(113.38724,319.79230),2.10631]
	 887.16893	   0.02157	[mu,kappa]: [(108.15142,321.62537),1.87298]
	 788.02764	   0.01916	[mu,kappa]: [(111.99150,318.13677),2.18194]
	 819.70267	   0.01993	[mu,kappa]: [(112.35965,319.65008),2.08620]
	 816.51567	   0.01985	[mu,kappa]: [(101.50689,325.68965),1.60688]
			msglen: 943597.08116 bits.
Iteration #: 3
	 812.46598	   0.01975	[mu,kappa]: [(92.98976,331.63296),1.38431]
	 793.66920	   0.01930	[mu,kappa]: [(101.84999,327.43934),1.55639]
	 852.60992	   0.02073	[mu,kappa]: [(110.73622,321.01289),1.97213]
	 790.46737	   0.01922	[mu,kappa]: [(113.18017,318.26640),2.21812]
	 861.57115	   0.02095	[mu,kappa]: [(115.74198,318.62627),2.28080]
	 853.61933	   0.02075	[mu,kappa]: [(112.59652,322.25057),1.94896]
	 837.63925	   0.02037	[mu,kappa]: [(118.39525,315.28913),2.73476]
	 878.69875	   0.02136	[mu,kappa]: [(92.20541,333.11950),1.35005]
	 778.74369	   0.01893	[mu,kappa]: [(97.65129,330.08933),1.44461]
	 829.94392	   0.02018	[mu,kappa]: [(115.27130,320.16032),2.15285]
	 882.11929	   0.02145	[mu,kappa]: [(119.71143,317.68269),2.54289]
	 797.70009	   0.01939	[mu,kappa]: [(114.05284,320.04301),2.11937]
	 783.89397	   0.01906	[mu,kappa]: [(109.30535,324.05788),1.78759]
	 771.80517	   0.01877	[mu,kappa]: [(120.32561,317.56102),2.58711]
	 886.48013	   0.02155	[mu,kappa]: [(92.29291,330.46863),1.40789]
	 837.67864	   0.02037	[mu,kappa]: [(105.69949,324.68012),1.70116]
	 805.12386	   0.01958	[mu,kappa]: [(108.08848,324.95940),1.72879]
	 786.93343	   0.01913	[mu,kappa]: [(119.61172,317.96998),2.50858]
	 810.63324	   0.01971	[mu,kappa]: [(111.25377,318.44632),2.14644]
	 918.86754	   0.02234	[mu,kappa]: [(124.77639,312.38920),3.84312]
	 836.79865	   0.02035	[mu,kappa]: [(91.25290,335.97757),1.29239]
	 844.03908	   0.02052	[mu,kappa]: [(121.92830,314.68657),3.06638]
	 825.72774	   0.02008	[mu,kappa]: [(117.46784,318.42347),2.36783]
	 808.42839	   0.01966	[mu,kappa]: [(108.87330,322.84094),1.83460]
	 884.23980	   0.02150	[mu,kappa]: [(121.98330,314.11160),3.16603]
	 837.07152	   0.02035	[mu,kappa]: [(102.28228,327.87001),1.54710]
	 794.45699	   0.01932	[mu,kappa]: [(116.75780,315.24967),2.64983]
	 843.99949	   0.02052	[mu,kappa]: [(84.16604,335.92492),1.28492]
	 806.80928	   0.01962	[mu,kappa]: [(104.07740,321.65602),1.80828]
	 797.80706	   0.01940	[mu,kappa]: [(115.98580,317.16582),2.41468]
	 841.87370	   0.02047	[mu,kappa]: [(109.60355,321.51308),1.91737]
	 784.32569	   0.01907	[mu,kappa]: [(106.84149,322.43079),1.81651]
	 828.24487	   0.02014	[mu,kappa]: [(113.54719,316.33397),2.39819]
	 851.89066	   0.02071	[mu,kappa]: [(108.23120,323.23841),1.80502]
	 825.34387	   0.02007	[mu,kappa]: [(111.77026,324.04863),1.83854]
	 780.49389	   0.01898	[mu,kappa]: [(103.23206,325.84961),1.62313]
	 769.28280	   0.01870	[mu,kappa]: [(104.71932,324.72329),1.68479]
	 861.52307	   0.02095	[mu,kappa]: [(116.18539,313.30973),2.87832]
	 779.37006	   0.01895	[mu,kappa]: [(119.03135,317.78485),2.49655]
	 843.06117	   0.02050	[mu,kappa]: [(85.06247,338.90971),1.23808]
	 801.24083	   0.01948	[mu,kappa]: [(96.66720,332.63491),1.37910]
	 842.23180	   0.02048	[mu,kappa]: [(90.94035,335.02880),1.30857]
	 770.24886	   0.01873	[mu,kappa]: [(106.23919,324.76661),1.70433]
	 808.21394	   0.01965	[mu,kappa]: [(113.24954,320.97561),2.03661]
	 779.09951	   0.01894	[mu,kappa]: [(118.94636,314.98404),2.80582]
	 816.70224	   0.01986	[mu,kappa]: [(115.52619,318.14000),2.31104]
	 877.46915	   0.02133	[mu,kappa]: [(107.38960,321.85976),1.85440]
	 785.64330	   0.01910	[mu,kappa]: [(114.42162,316.38989),2.42355]
	 814.27282	   0.01980	[mu,kappa]: [(114.25673,318.18221),2.26126]
	 819.42585	   0.01992	[mu,kappa]: [(93.70812,330.28494),1.41864]
			msglen: 942196.02255 bits.
Iteration #: 4
	 821.82234	   0.01998	[mu,kappa]: [(75.67272,342.07458),1.23073]
	 777.11816	   0.01889	[mu,kappa]: [(93.98659,331.54573),1.40405]
	 825.93460	   0.02008	[mu,kappa]: [(111.55921,319.74009),2.08805]
	 774.70603	   0.01884	[mu,kappa]: [(115.75461,316.02178),2.54002]
	 849.40807	   0.02065	[mu,kappa]: [(118.76649,316.03644),2.69176]
	 826.56951	   0.02010	[mu,kappa]: [(113.52267,320.91226),2.06905]
	 859.25720	   0.02089	[mu,kappa]: [(122.50304,312.38378),3.58700]
	 894.73748	   0.02175	[mu,kappa]: [(73.20386,345.05546),1.20971]
	 774.50938	   0.01883	[mu,kappa]: [(84.68134,337.52914),1.27177]
	 811.56248	   0.01973	[mu,kappa]: [(117.74703,317.82921),2.45442]
	 891.63754	   0.02168	[mu,kappa]: [(123.53275,314.56741),3.25199]
	 778.13117	   0.01892	[mu,kappa]: [(116.25024,317.93046),2.37945]
	 757.60173	   0.01842	[mu,kappa]: [(108.00059,324.16714),1.77595]
	 783.97015	   0.01906	[mu,kappa]: [(124.22002,314.39966),3.34894]
	 895.46710	   0.02177	[mu,kappa]: [(75.52593,340.30729),1.25480]
	 811.97371	   0.01974	[mu,kappa]: [(102.19397,326.07428),1.62060]
	 778.86790	   0.01894	[mu,kappa]: [(105.68088,325.76830),1.67588]
	 793.02561	   0.01928	[mu,kappa]: [(123.36584,314.86710),3.18359]
	 790.56348	   0.01922	[mu,kappa]: [(113.26771,316.53265),2.38850]
	1064.54129	   0.02588	[mu,kappa]: [(129.19465,310.05055),5.88707]
	 862.05505	   0.02096	[mu,kappa]: [(69.52702,350.65398),1.18219]
	 899.92174	   0.02188	[mu,kappa]: [(126.29081,311.71420),4.32060]
	 820.53363	   0.01995	[mu,kappa]: [(120.85028,315.57534),2.87913]
	 781.47397	   0.01900	[mu,kappa]: [(108.03697,322.60857),1.84726]
	 952.07782	   0.02315	[mu,kappa]: [(126.39612,311.23949),4.51457]
	 819.61120	   0.01993	[mu,kappa]: [(94.34857,332.09628),1.39367]
	 806.65548	   0.01961	[mu,kappa]: [(120.71461,312.45343),3.38829]
	 890.40710	   0.02165	[mu,kappa]: [(59.67546,353.86393),1.25444]
	 781.55704	   0.01900	[mu,kappa]: [(101.68404,322.16269),1.76881]
	 794.21868	   0.01931	[mu,kappa]: [(119.42865,314.44662),2.93896]
	 814.48911	   0.01980	[mu,kappa]: [(109.75994,320.64988),1.98687]
	 758.68580	   0.01845	[mu,kappa]: [(105.31295,322.55611),1.80214]
	 821.09968	   0.01996	[mu,kappa]: [(116.79494,313.82428),2.86344]
	 823.57168	   0.02002	[mu,kappa]: [(106.90001,323.30227),1.79540]
	 797.39333	   0.01939	[mu,kappa]: [(111.54456,323.49384),1.87801]
	 760.24691	   0.01848	[mu,kappa]: [(97.44790,328.61836),1.49771]
	 746.60325	   0.01815	[mu,kappa]: [(100.63082,326.43863),1.59094]
	 890.76549	   0.02166	[mu,kappa]: [(120.42443,310.65374),3.79505]
	 783.99358	   0.01906	[mu,kappa]: [(122.75595,314.74468),3.14930]
	 895.08127	   0.02176	[mu,kappa]: [(59.25312,358.84456),1.23400]
	 804.36837	   0.01956	[mu,kappa]: [(80.83790,342.32570),1.21079]
	 866.00883	   0.02105	[mu,kappa]: [(69.75240,349.08285),1.19302]
	 746.30455	   0.01815	[mu,kappa]: [(102.94643,326.07073),1.62839]
	 785.14975	   0.01909	[mu,kappa]: [(114.88281,319.20452),2.22597]
	 805.22406	   0.01958	[mu,kappa]: [(123.13912,312.07810),3.73501]
	 806.66757	   0.01961	[mu,kappa]: [(118.63818,315.54260),2.74273]
	 848.60863	   0.02063	[mu,kappa]: [(106.43799,321.63465),1.86644]
	 781.10941	   0.01899	[mu,kappa]: [(117.79822,313.80805),2.92555]
	 800.74526	   0.01947	[mu,kappa]: [(117.10204,315.76595),2.63291]
	 823.96684	   0.02003	[mu,kappa]: [(77.98726,339.39793),1.25716]
			msglen: 938836.16157 bits.
Iteration #: 5
	 831.17690	   0.02021	[mu,kappa]: [(53.12487,359.13381),1.36384]
	 731.82967	   0.01779	[mu,kappa]: [(81.80862,336.43702),1.32541]
	 769.17616	   0.01870	[mu,kappa]: [(112.79025,317.25072),2.35807]
	 746.02023	   0.01814	[mu,kappa]: [(118.64770,313.11430),3.15367]
	 831.13809	   0.02021	[mu,kappa]: [(122.09014,313.04211),3.46484]
	 769.18754	   0.01870	[mu,kappa]: [(114.97748,318.33385),2.34609]
	 915.73102	   0.02226	[mu,kappa]: [(126.36051,310.09675),5.07554]
	 918.58859	   0.02233	[mu,kappa]: [(50.15767,4.74326),1.40691]
	 754.60951	   0.01835	[mu,kappa]: [(65.18414,348.70033),1.26660]
	 777.67952	   0.01891	[mu,kappa]: [(120.69406,314.76760),3.04095]
	 925.07383	   0.02249	[mu,kappa]: [(127.37548,311.86068),4.54860]
	 740.37916	   0.01800	[mu,kappa]: [(118.92399,314.95678),2.89187]
	 697.38846	   0.01696	[mu,kappa]: [(106.59738,322.98938),1.84377]
	 821.94110	   0.01998	[mu,kappa]: [(128.09700,311.77196),4.73582]
	 902.69180	   0.02195	[mu,kappa]: [(53.44445,356.29214),1.37296]
	 749.96006	   0.01823	[mu,kappa]: [(97.38634,326.56190),1.59599]
	 717.05307	   0.01744	[mu,kappa]: [(102.63585,325.46227),1.68473]
	 817.41437	   0.01987	[mu,kappa]: [(127.18422,312.09627),4.42441]
	 751.05092	   0.01826	[mu,kappa]: [(115.62390,313.73081),2.86549]
	1366.99390	   0.03323	[mu,kappa]: [(132.89289,309.39580),8.76668]
	 908.70309	   0.02209	[mu,kappa]: [(46.64277,14.46265),1.49828]
	1029.96609	   0.02504	[mu,kappa]: [(130.20597,310.00733),6.39552]
	 818.76443	   0.01991	[mu,kappa]: [(124.44187,312.62205),3.83132]
	 720.65235	   0.01752	[mu,kappa]: [(107.23659,321.05495),1.95278]
	1105.93983	   0.02688	[mu,kappa]: [(130.28924,309.69740),6.69168]
	 771.81941	   0.01877	[mu,kappa]: [(82.02326,337.17244),1.31327]
	 841.45019	   0.02046	[mu,kappa]: [(124.47759,310.03466),4.68934]
	 986.48533	   0.02398	[mu,kappa]: [(40.05268,22.36918),1.76539]
	 722.49994	   0.01757	[mu,kappa]: [(98.55427,321.48837),1.80415]
	 794.80230	   0.01932	[mu,kappa]: [(122.97704,311.63411),3.90070]
	 754.68325	   0.01835	[mu,kappa]: [(110.20475,318.48921),2.18168]
	 699.82996	   0.01702	[mu,kappa]: [(103.49180,321.41545),1.86925]
	 812.84252	   0.01976	[mu,kappa]: [(120.11267,311.06720),3.71457]
	 758.83105	   0.01845	[mu,kappa]: [(105.41213,322.08063),1.86776]
	 735.31604	   0.01788	[mu,kappa]: [(111.67540,321.58022),2.02334]
	 708.43078	   0.01723	[mu,kappa]: [(88.83268,331.20306),1.42900]
	 691.06949	   0.01680	[mu,kappa]: [(94.86277,327.39861),1.55197]
	 959.69875	   0.02333	[mu,kappa]: [(124.19054,308.63007),5.33185]
	 804.55201	   0.01956	[mu,kappa]: [(126.54569,311.97122),4.34736]
	1006.82922	   0.02448	[mu,kappa]: [(40.50403,28.64011),1.82356]
	 800.42476	   0.01946	[mu,kappa]: [(58.57970,357.73896),1.28318]
	 908.73477	   0.02209	[mu,kappa]: [(46.85059,12.10895),1.48614]
	 688.77118	   0.01675	[mu,kappa]: [(98.48546,326.42225),1.60841]
	 738.21164	   0.01795	[mu,kappa]: [(117.04610,316.36218),2.61813]
	 870.44437	   0.02116	[mu,kappa]: [(127.02041,309.92101),5.33811]
	 792.66406	   0.01927	[mu,kappa]: [(121.99845,312.59867),3.54913]
	 783.49785	   0.01905	[mu,kappa]: [(105.41929,320.09738),1.97266]
	 778.60349	   0.01893	[mu,kappa]: [(121.23099,311.06387),3.84027]
	 778.04224	   0.01892	[mu,kappa]: [(120.23601,312.83001),3.33325]
	 822.35571	   0.01999	[mu,kappa]: [(56.36971,353.96254),1.33710]
			msglen: 933778.17362 bits.
Iteration #: 6
	 828.13423	   0.02013	[mu,kappa]: [(40.03851,15.01779),1.80586]
	 658.93902	   0.01602	[mu,kappa]: [(69.68875,338.42387),1.40755]
	 698.61057	   0.01699	[mu,kappa]: [(113.20701,314.10392),2.77774]
	 716.79303	   0.01743	[mu,kappa]: [(120.37021,310.67249),3.93830]
	 818.17378	   0.01989	[mu,kappa]: [(124.45550,310.96570),4.41726]
	 697.73721	   0.01697	[mu,kappa]: [(115.87014,315.21305),2.76942]
	 995.94866	   0.02421	[mu,kappa]: [(129.20483,309.29387),6.61903]
	 935.68113	   0.02275	[mu,kappa]: [(38.58528,22.82601),1.93739]
	 712.33931	   0.01732	[mu,kappa]: [(49.71191,358.16101),1.50524]
	 742.57023	   0.01806	[mu,kappa]: [(122.84296,312.27921),3.80653]
	 983.19891	   0.02390	[mu,kappa]: [(130.50585,310.83783),6.00381]
	 698.67930	   0.01699	[mu,kappa]: [(120.72620,312.29619),3.57518]
	 615.62993	   0.01497	[mu,kappa]: [(104.88708,320.01388),2.03288]
	 884.53260	   0.02150	[mu,kappa]: [(131.31114,310.91384),6.27309]
	 894.91961	   0.02176	[mu,kappa]: [(40.06741,11.12237),1.79115]
	 661.21527	   0.01608	[mu,kappa]: [(92.23359,324.45101),1.69646]
	 630.48989	   0.01533	[mu,kappa]: [(99.34750,322.91099),1.81020]
	 862.42502	   0.02097	[mu,kappa]: [(130.30437,310.98556),5.83453]
	 706.57515	   0.01718	[mu,kappa]: [(116.74107,310.97844),3.51050]
	1745.07899	   0.04241	[mu,kappa]: [(136.12130,310.23750),11.42233]
	 962.81369	   0.02341	[mu,kappa]: [(37.86894,34.66877),2.19109]
	1202.80174	   0.02924	[mu,kappa]: [(133.44725,310.03753),8.42052]
	 828.43575	   0.02014	[mu,kappa]: [(127.18703,310.93907),4.96481]
	 639.69983	   0.01556	[mu,kappa]: [(105.93698,317.92222),2.18869]
	1305.64355	   0.03174	[mu,kappa]: [(133.48989,309.82190),8.77385]
	 694.68607	   0.01689	[mu,kappa]: [(69.74025,339.39207),1.39222]
	 893.24018	   0.02172	[mu,kappa]: [(127.05114,308.91579),6.07175]
	1118.92462	   0.02720	[mu,kappa]: [(35.40834,43.78253),2.70570]
	 641.95147	   0.01561	[mu,kappa]: [(94.77356,318.58669),1.98679]
	 805.33782	   0.01958	[mu,kappa]: [(125.43098,309.93864),5.02053]
	 678.13092	   0.01649	[mu,kappa]: [(109.91921,315.27415),2.51905]
	 620.41162	   0.01509	[mu,kappa]: [(101.09580,318.37759),2.07089]
	 810.87349	   0.01972	[mu,kappa]: [(122.03626,309.11911),4.71950]
	 671.37299	   0.01633	[mu,kappa]: [(103.47855,319.04489),2.06781]
	 653.62887	   0.01589	[mu,kappa]: [(111.54801,318.43419),2.29492]
	 629.93043	   0.01532	[mu,kappa]: [(79.92186,330.80170),1.49963]
	 610.55144	   0.01485	[mu,kappa]: [(88.73332,325.61644),1.64245]
	1048.33654	   0.02549	[mu,kappa]: [(126.56476,307.79544),6.84398]
	 843.61347	   0.02051	[mu,kappa]: [(129.57024,310.77123),5.71001]
	1170.03791	   0.02844	[mu,kappa]: [(36.95105,49.16644),2.88880]
	 779.25795	   0.01895	[mu,kappa]: [(44.00508,12.01004),1.64567]
	 955.95405	   0.02324	[mu,kappa]: [(37.58140,32.09797),2.14561]
	 606.72325	   0.01475	[mu,kappa]: [(93.69832,324.23941),1.71071]
	 682.69743	   0.01660	[mu,kappa]: [(118.45182,313.44093),3.17045]
	 960.28690	   0.02335	[mu,kappa]: [(129.92910,309.28740),6.96683]
	 784.52849	   0.01907	[mu,kappa]: [(124.33035,310.59085),4.52983]
	 697.31318	   0.01696	[mu,kappa]: [(103.73183,316.92688),2.21771]
	 783.82998	   0.01906	[mu,kappa]: [(123.35290,309.25239),4.90433]
	 757.62992	   0.01842	[mu,kappa]: [(122.25548,310.58383),4.20627]
	 803.68461	   0.01954	[mu,kappa]: [(42.18130,7.29253),1.70315]
			msglen: 929765.33133 bits.
Iteration #: 7
	 806.54146	   0.01961	[mu,kappa]: [(35.35315,22.57937),2.23371]
	 595.44208	   0.01448	[mu,kappa]: [(62.92247,334.63807),1.62073]
	 654.23292	   0.01591	[mu,kappa]: [(111.45434,311.25099),3.18912]
	 699.91485	   0.01702	[mu,kappa]: [(120.07408,309.08000),4.49320]
	 811.15209	   0.01972	[mu,kappa]: [(125.47097,310.07968),5.02547]
	 650.94566	   0.01583	[mu,kappa]: [(115.03102,312.63810),3.15217]
	1047.33658	   0.02546	[mu,kappa]: [(131.30470,309.57312),7.50171]
	 929.76418	   0.02260	[mu,kappa]: [(35.20871,32.40949),2.44551]
	 663.70132	   0.01614	[mu,kappa]: [(42.66970,359.83517),1.78834]
	 721.31444	   0.01754	[mu,kappa]: [(123.58113,310.98339),4.33601]
	1027.75594	   0.02498	[mu,kappa]: [(133.23135,311.36119),6.89964]
	 673.04064	   0.01637	[mu,kappa]: [(120.81765,310.62527),4.07439]
	 558.26265	   0.01358	[mu,kappa]: [(102.04279,316.18035),2.31060]
	 933.26219	   0.02269	[mu,kappa]: [(134.24114,311.65003),7.23319]
	 867.86290	   0.02110	[mu,kappa]: [(34.98656,17.47007),2.20057]
	 595.87793	   0.01449	[mu,kappa]: [(87.58209,319.83774),1.94947]
	 567.40825	   0.01380	[mu,kappa]: [(95.71863,318.70710),2.05310]
	 897.63396	   0.02182	[mu,kappa]: [(133.00637,311.45126),6.70473]
	 681.53361	   0.01657	[mu,kappa]: [(115.42275,308.82217),4.03632]
	2058.32563	   0.05003	[mu,kappa]: [(139.42616,312.24082),13.42242]
	 995.18890	   0.02419	[mu,kappa]: [(36.69689,45.80612),2.88300]
	1332.41368	   0.03239	[mu,kappa]: [(136.57986,311.36191),9.73852]
	 836.92150	   0.02035	[mu,kappa]: [(129.02350,310.64117),5.66025]
	 585.17138	   0.01423	[mu,kappa]: [(103.03739,314.18304),2.51091]
	1453.61107	   0.03533	[mu,kappa]: [(136.56891,311.15624),10.12819]
	 626.87639	   0.01524	[mu,kappa]: [(62.88483,335.82017),1.59608]
	 924.22672	   0.02247	[mu,kappa]: [(128.48601,308.73849),6.85087]
	1233.67652	   0.02999	[mu,kappa]: [(36.59287,55.11445),3.71072]
	 590.23647	   0.01435	[mu,kappa]: [(90.09457,314.00729),2.36043]
	 812.32847	   0.01975	[mu,kappa]: [(126.56855,309.33612),5.69403]
	 629.18365	   0.01530	[mu,kappa]: [(107.53043,311.99758),2.90044]
	 567.55600	   0.01380	[mu,kappa]: [(97.30742,314.23627),2.40506]
	 810.53085	   0.01971	[mu,kappa]: [(121.98271,307.96044),5.36053]
	 611.50950	   0.01487	[mu,kappa]: [(100.21772,315.07857),2.37368]
	 597.16709	   0.01452	[mu,kappa]: [(110.06600,315.25279),2.59491]
	 567.43324	   0.01380	[mu,kappa]: [(74.07060,326.13236),1.72894]
	 550.53671	   0.01339	[mu,kappa]: [(83.70000,320.88385),1.89548]
	1098.20212	   0.02670	[mu,kappa]: [(127.64369,307.61467),7.66382]
	 873.15801	   0.02123	[mu,kappa]: [(132.04498,311.05877),6.53817]
	1330.80154	   0.03235	[mu,kappa]: [(38.90472,59.89577),4.12079]
	 744.07346	   0.01809	[mu,kappa]: [(38.33100,18.53446),2.01010]
	 980.14414	   0.02383	[mu,kappa]: [(35.98507,43.08497),2.79337]
	 546.31100	   0.01329	[mu,kappa]: [(89.23667,319.71880),1.95797]
	 647.61572	   0.01575	[mu,kappa]: [(118.05586,311.32990),3.61455]
	1018.74985	   0.02477	[mu,kappa]: [(132.20887,309.74019),7.90506]
	 780.28087	   0.01897	[mu,kappa]: [(125.24304,309.71159),5.14853]
	 641.53877	   0.01560	[mu,kappa]: [(100.24939,313.01560),2.57815]
	 787.24774	   0.01914	[mu,kappa]: [(123.73031,308.31207),5.55828]
	 745.81477	   0.01813	[mu,kappa]: [(122.52434,309.31713),4.78663]
	 770.18462	   0.01873	[mu,kappa]: [(36.45391,12.28281),2.07403]
			msglen: 927528.20696 bits.
Iteration #: 8
	 765.67150	   0.01862	[mu,kappa]: [(33.76679,24.37452),2.48132]
	 559.69313	   0.01361	[mu,kappa]: [(60.56784,327.36623),1.93231]
	 639.22370	   0.01554	[mu,kappa]: [(107.56159,308.74782),3.56098]
	 689.17179	   0.01676	[mu,kappa]: [(118.02768,307.76667),4.80624]
	 798.18522	   0.01941	[mu,kappa]: [(125.63076,309.76862),5.24929]
	 629.24081	   0.01530	[mu,kappa]: [(112.56673,310.66870),3.41390]
	1058.68582	   0.02574	[mu,kappa]: [(133.20074,310.39322),7.85689]
	 894.04206	   0.02174	[mu,kappa]: [(34.79998,37.18033),2.75720]
	 619.64247	   0.01507	[mu,kappa]: [(40.30685,354.88292),1.99635]
	 704.79304	   0.01714	[mu,kappa]: [(123.37039,310.39887),4.54557]
	1046.54949	   0.02544	[mu,kappa]: [(136.22497,313.01480),7.30494]
	 657.00081	   0.01598	[mu,kappa]: [(119.52238,309.50334),4.31798]
	 535.66448	   0.01303	[mu,kappa]: [(97.82563,312.52936),2.64453]
	 958.77503	   0.02331	[mu,kappa]: [(137.54409,313.62432),7.71307]
	 822.62034	   0.02000	[mu,kappa]: [(33.00621,17.30820),2.44428]
	 571.72931	   0.01390	[mu,kappa]: [(83.11621,314.58060),2.36266]
	 541.59837	   0.01317	[mu,kappa]: [(91.42798,314.34945),2.39287]
	 911.89136	   0.02217	[mu,kappa]: [(135.97972,313.07653),7.08775]
	 674.79524	   0.01641	[mu,kappa]: [(111.84377,306.86673),4.45726]
	2325.05220	   0.05651	[mu,kappa]: [(142.91322,315.26514),15.21938]
	 991.71254	   0.02411	[mu,kappa]: [(38.52056,52.91750),3.42529]
	1417.24074	   0.03445	[mu,kappa]: [(140.02448,313.73138),10.62606]
	 831.17780	   0.02021	[mu,kappa]: [(130.58552,311.15789),5.89889]
	 567.13728	   0.01379	[mu,kappa]: [(98.38130,310.63680),2.90363]
	1549.03218	   0.03765	[mu,kappa]: [(139.91722,313.45005),11.05082]
	 587.40014	   0.01429	[mu,kappa]: [(60.52372,328.69790),1.88552]
	 923.67475	   0.02246	[mu,kappa]: [(129.25726,308.86109),7.13785]
	1308.23150	   0.03180	[mu,kappa]: [(40.12285,62.56586),4.74561]
	 586.71900	   0.01427	[mu,kappa]: [(84.56381,309.21313),3.00375]
	 804.17259	   0.01955	[mu,kappa]: [(126.87495,309.15817),5.93878]
	 614.76864	   0.01495	[mu,kappa]: [(103.00066,309.00450),3.31098]
	 554.88078	   0.01349	[mu,kappa]: [(92.02254,310.07989),2.89526]
	 804.26294	   0.01955	[mu,kappa]: [(120.25742,306.91036),5.70160]
	 591.72855	   0.01439	[mu,kappa]: [(95.43396,311.19941),2.77697]
	 571.68941	   0.01390	[mu,kappa]: [(107.15539,312.65346),2.84946]
	 539.68342	   0.01313	[mu,kappa]: [(70.76621,319.56120),2.11742]
	 528.48581	   0.01285	[mu,kappa]: [(79.42847,315.23396),2.32473]
	1101.92597	   0.02679	[mu,kappa]: [(127.80306,307.47374),7.99701]
	 881.45676	   0.02143	[mu,kappa]: [(134.64553,312.35908),6.87343]
	1476.23118	   0.03588	[mu,kappa]: [(43.08592,66.97769),5.62576]
	 698.88659	   0.01699	[mu,kappa]: [(36.43713,19.48398),2.21460]
	 967.91327	   0.02353	[mu,kappa]: [(37.32252,49.90991),3.26961]
	 523.23020	   0.01273	[mu,kappa]: [(84.78350,314.65066),2.35117]
	 629.67339	   0.01531	[mu,kappa]: [(116.07829,309.78402),3.87295]
	1036.29625	   0.02519	[mu,kappa]: [(134.39426,310.78414),8.31135]
	 768.74011	   0.01869	[mu,kappa]: [(125.20280,309.31895),5.38216]
	 629.64889	   0.01531	[mu,kappa]: [(94.91735,309.19852),3.07756]
	 779.94516	   0.01896	[mu,kappa]: [(122.71974,307.54831),5.85538]
	 733.71595	   0.01784	[mu,kappa]: [(121.39558,308.40545),5.05427]
	 726.31204	   0.01766	[mu,kappa]: [(34.22457,10.44568),2.30245]
			msglen: 925507.14873 bits.
Iteration #: 9
	 708.81382	   0.01724	[mu,kappa]: [(33.33285,23.24404),2.59073]
	 542.33376	   0.01319	[mu,kappa]: [(59.56143,320.10360),2.38205]
	 635.85003	   0.01546	[mu,kappa]: [(102.59210,306.36502),4.07834]
	 676.23261	   0.01644	[mu,kappa]: [(114.86523,306.28265),5.18030]
	 772.25142	   0.01878	[mu,kappa]: [(125.47658,309.58734),5.33525]
	 611.74013	   0.01488	[mu,kappa]: [(109.35435,308.98285),3.65950]
	1043.69423	   0.02537	[mu,kappa]: [(135.10522,311.43908),8.02855]
	 832.89844	   0.02025	[mu,kappa]: [(35.73120,39.82996),2.90321]
	 578.57849	   0.01407	[mu,kappa]: [(40.03651,347.07894),2.18134]
	 680.58766	   0.01655	[mu,kappa]: [(122.91679,310.10359),4.62037]
	1053.02618	   0.02560	[mu,kappa]: [(139.84947,315.85196),7.51144]
	 636.97176	   0.01549	[mu,kappa]: [(117.53265,308.46438),4.50163]
	 527.84280	   0.01284	[mu,kappa]: [(92.98900,309.35589),3.08453]
	 976.96381	   0.02375	[mu,kappa]: [(141.50478,316.98369),8.01818]
	 763.08706	   0.01855	[mu,kappa]: [(32.10622,13.39818),2.57972]
	 572.25532	   0.01392	[mu,kappa]: [(78.65269,309.94473),2.99564]
	 533.47416	   0.01297	[mu,kappa]: [(86.79845,310.56826),2.85725]
	 915.83601	   0.02227	[mu,kappa]: [(139.63013,315.93517),7.26718]
	 677.54013	   0.01648	[mu,kappa]: [(107.01397,304.81594),5.10849]
	2623.94144	   0.06377	[mu,kappa]: [(146.20323,319.10671),17.23627]
	 958.92161	   0.02331	[mu,kappa]: [(41.95822,58.00774),3.86546]
	1494.84991	   0.03633	[mu,kappa]: [(143.68463,317.11097),11.46121]
	 810.36742	   0.01970	[mu,kappa]: [(132.42083,312.22498),5.93033]
	 566.81582	   0.01378	[mu,kappa]: [(92.98752,307.47012),3.47365]
	1633.29328	   0.03970	[mu,kappa]: [(143.41657,316.61667),11.92764]
	 565.95747	   0.01376	[mu,kappa]: [(59.58471,321.53044),2.29009]
	 900.00267	   0.02188	[mu,kappa]: [(129.59052,308.85311),7.30175]
	1363.98026	   0.03315	[mu,kappa]: [(44.45907,67.77171),6.03227]
	 623.61389	   0.01516	[mu,kappa]: [(79.20381,305.21125),4.13944]
	 779.90647	   0.01896	[mu,kappa]: [(126.74492,308.94940),6.05934]
	 617.10399	   0.01501	[mu,kappa]: [(97.51959,306.24075),3.92061]
	 567.70069	   0.01381	[mu,kappa]: [(86.33408,306.43148),3.68974]
	 792.25809	   0.01926	[mu,kappa]: [(117.34304,305.55161),6.15176]
	 592.56908	   0.01441	[mu,kappa]: [(90.04346,307.76404),3.37338]
	 554.61958	   0.01349	[mu,kappa]: [(103.68413,310.58486),3.09512]
	 534.94097	   0.01301	[mu,kappa]: [(68.09649,313.52846),2.71529]
	 530.74549	   0.01291	[mu,kappa]: [(75.33956,310.23020),2.99666]
	1078.60444	   0.02622	[mu,kappa]: [(127.16216,306.96208),8.31517]
	 876.27657	   0.02130	[mu,kappa]: [(137.80418,314.61939),6.99450]
	1650.99231	   0.04013	[mu,kappa]: [(47.54156,71.82465),7.83904]
	 644.91872	   0.01568	[mu,kappa]: [(36.22428,18.00805),2.28903]
	 925.07408	   0.02249	[mu,kappa]: [(40.22356,54.75283),3.61293]
	 521.35491	   0.01268	[mu,kappa]: [(80.25879,310.18636),2.93931]
	 611.96629	   0.01488	[mu,kappa]: [(113.31162,308.38089),4.10321]
	1028.86122	   0.02501	[mu,kappa]: [(136.65807,312.14453),8.53513]
	 744.39739	   0.01810	[mu,kappa]: [(124.70001,308.94667),5.49957]
	 645.61751	   0.01570	[mu,kappa]: [(89.04188,305.82131),3.89270]
	 762.03238	   0.01853	[mu,kappa]: [(120.71006,306.50131),6.17276]
	 713.81198	   0.01736	[mu,kappa]: [(119.39601,307.36266),5.29554]
	 674.52621	   0.01640	[mu,kappa]: [(33.36333,4.73417),2.44854]
			msglen: 922918.25301 bits.
Iteration #: 10
	 647.55195	   0.01575	[mu,kappa]: [(33.53086,20.95442),2.64324]
	 531.54921	   0.01293	[mu,kappa]: [(57.91312,314.52373),3.03489]
	 633.46342	   0.01540	[mu,kappa]: [(98.03173,304.12130),5.01740]
	 660.18142	   0.01605	[mu,kappa]: [(111.40300,304.49787),5.99682]
	 731.59005	   0.01779	[mu,kappa]: [(125.27225,309.23421),5.48702]
	 583.62887	   0.01419	[mu,kappa]: [(106.31586,307.35458),4.02533]
	1011.80111	   0.02460	[mu,kappa]: [(136.80467,312.34782),8.21603]
	 762.42000	   0.01854	[mu,kappa]: [(37.69519,41.09707),2.93203]
	 539.62265	   0.01312	[mu,kappa]: [(40.07432,339.99618),2.42239]
	 642.67001	   0.01563	[mu,kappa]: [(122.71865,309.86889),4.71438]
	1060.67230	   0.02578	[mu,kappa]: [(144.01823,320.33316),7.60693]
	 605.65126	   0.01473	[mu,kappa]: [(115.44659,307.22671),4.83474]
	 517.31444	   0.01258	[mu,kappa]: [(88.56622,306.67986),3.72824]
	1002.63388	   0.02437	[mu,kappa]: [(145.92100,322.31476),8.22075]
	 700.99214	   0.01705	[mu,kappa]: [(31.59564,7.88489),2.71481]
	 581.50626	   0.01414	[mu,kappa]: [(74.58834,306.40473),3.96113]
	 524.41197	   0.01275	[mu,kappa]: [(82.51345,307.51951),3.51464]
	 921.48927	   0.02240	[mu,kappa]: [(143.92109,320.58588),7.33220]
	 690.30491	   0.01679	[mu,kappa]: [(102.55657,302.82987),6.44417]
	2963.80663	   0.07203	[mu,kappa]: [(148.77307,323.17343),19.44037]
	 911.04281	   0.02215	[mu,kappa]: [(46.27394,60.87608),4.16560]
	1579.86860	   0.03840	[mu,kappa]: [(147.05880,321.30481),12.28347]
	 777.41968	   0.01890	[mu,kappa]: [(134.74181,313.81646),5.89354]
	 569.44016	   0.01385	[mu,kappa]: [(88.25947,304.80622),4.39862]
	1720.48917	   0.04182	[mu,kappa]: [(146.56473,320.35701),12.80860]
	 549.39740	   0.01336	[mu,kappa]: [(58.01832,316.02094),2.85641]
	 862.18973	   0.02096	[mu,kappa]: [(129.36605,308.31580),7.65683]
	1408.94701	   0.03425	[mu,kappa]: [(47.99689,70.82890),7.53427]
	 696.85299	   0.01694	[mu,kappa]: [(75.32606,302.67562),5.92829]
	 742.06534	   0.01804	[mu,kappa]: [(126.26788,308.35438),6.31912]
	 624.69457	   0.01519	[mu,kappa]: [(92.75024,303.83499),4.98821]
	 595.20428	   0.01447	[mu,kappa]: [(81.75161,303.68289),4.99614]
	 782.91183	   0.01904	[mu,kappa]: [(113.96173,303.83510),7.21319]
	 598.06439	   0.01454	[mu,kappa]: [(85.35174,304.95425),4.32560]
	 527.62859	   0.01283	[mu,kappa]: [(100.59773,308.88815),3.39180]
	 540.24132	   0.01314	[mu,kappa]: [(65.18486,309.00523),3.61819]
	 543.90856	   0.01323	[mu,kappa]: [(71.55416,306.48794),4.03131]
	1049.37820	   0.02551	[mu,kappa]: [(125.67606,305.81151),9.10149]
	 866.49178	   0.02107	[mu,kappa]: [(141.54552,318.13656),7.00606]
	1865.90414	   0.04535	[mu,kappa]: [(50.49762,74.87247),10.82096]
	 589.57970	   0.01434	[mu,kappa]: [(37.23826,16.70502),2.29481]
	 867.29250	   0.02109	[mu,kappa]: [(44.10611,57.50436),3.80964]
	 525.01348	   0.01277	[mu,kappa]: [(76.11154,306.72421),3.82145]
	 583.95639	   0.01420	[mu,kappa]: [(110.54931,306.86929),4.49307]
	1006.12022	   0.02446	[mu,kappa]: [(138.74037,313.47437),8.75485]
	 706.58639	   0.01718	[mu,kappa]: [(123.96179,308.26458),5.74033]
	 678.88904	   0.01651	[mu,kappa]: [(84.37587,303.25522),5.26253]
	 739.71056	   0.01799	[mu,kappa]: [(118.09039,304.97338),6.94096]
	 684.92306	   0.01665	[mu,kappa]: [(116.98597,305.92489),5.82872]
	 622.52636	   0.01514	[mu,kappa]: [(32.97634,357.94723),2.62058]
			msglen: 919966.26018 bits.
Iteration #: 11
	 599.20815	   0.01457	[mu,kappa]: [(33.80240,19.37203),2.73564]
	 524.35756	   0.01275	[mu,kappa]: [(54.74377,310.81606),3.97977]
	 632.38996	   0.01538	[mu,kappa]: [(95.35894,302.34312),6.62297]
	 652.51394	   0.01587	[mu,kappa]: [(108.80366,302.66458),7.75195]
	 679.87474	   0.01653	[mu,kappa]: [(124.91681,308.27028),5.94722]
	 540.87493	   0.01315	[mu,kappa]: [(104.08155,305.56616),4.69153]
	 969.28994	   0.02356	[mu,kappa]: [(137.78594,312.46376),8.63475]
	 708.32896	   0.01722	[mu,kappa]: [(40.70669,41.78241),2.90731]
	 506.62392	   0.01232	[mu,kappa]: [(38.56385,335.27724),2.81380]
	 591.08123	   0.01437	[mu,kappa]: [(122.80605,309.29911),4.98942]
	1076.12988	   0.02616	[mu,kappa]: [(148.25724,327.17219),7.57557]
	 564.66973	   0.01373	[mu,kappa]: [(113.66578,305.53757),5.60294]
	 496.41942	   0.01207	[mu,kappa]: [(85.31040,304.53771),4.66125]
	1042.45916	   0.02534	[mu,kappa]: [(150.21407,330.51172),8.26990]
	 654.13434	   0.01591	[mu,kappa]: [(30.57729,2.95967),2.98402]
	 590.84876	   0.01437	[mu,kappa]: [(71.24747,304.19452),5.23106]
	 505.52408	   0.01230	[mu,kappa]: [(79.03049,305.22983),4.41331]
	 936.50394	   0.02277	[mu,kappa]: [(148.39188,328.00360),7.27483]
	 723.64002	   0.01760	[mu,kappa]: [(100.23404,301.44060),8.75757]
	3269.89879	   0.07947	[mu,kappa]: [(150.33663,326.48053),21.67013]
	 872.95911	   0.02122	[mu,kappa]: [(51.34850,61.51665),4.22057]
	1653.72148	   0.04019	[mu,kappa]: [(149.61685,325.59122),12.98223]
	 735.38675	   0.01788	[mu,kappa]: [(137.31812,315.77079),5.88247]
	 568.68749	   0.01383	[mu,kappa]: [(85.31641,302.91943),5.75174]
	1789.59372	   0.04350	[mu,kappa]: [(148.84447,323.84191),13.61275]
	 533.54442	   0.01298	[mu,kappa]: [(54.84240,312.30511),3.66100]
	 824.83281	   0.02005	[mu,kappa]: [(128.37974,306.89510),8.63821]
	1424.54028	   0.03463	[mu,kappa]: [(49.90534,72.21148),8.80620]
	 782.75092	   0.01903	[mu,kappa]: [(73.19454,301.72889),7.68114]
	 698.83679	   0.01699	[mu,kappa]: [(125.32805,306.98643),7.06978]
	 634.51191	   0.01543	[mu,kappa]: [(90.13791,302.16568),6.63212]
	 627.51271	   0.01526	[mu,kappa]: [(79.18197,302.19821),6.62956]
	 798.85083	   0.01942	[mu,kappa]: [(111.38554,302.18428),9.44945]
	 600.43714	   0.01460	[mu,kappa]: [(82.34336,303.04626),5.66620]
	 482.99388	   0.01175	[mu,kappa]: [(98.35261,307.27852),3.81611]
	 550.60695	   0.01339	[mu,kappa]: [(61.77636,306.20038),4.85090]
	 560.49049	   0.01363	[mu,kappa]: [(68.24810,304.26112),5.37334]
	1048.54371	   0.02549	[mu,kappa]: [(123.69179,304.15074),10.97272]
	 856.91554	   0.02083	[mu,kappa]: [(145.50029,323.33474),6.92836]
	2057.51103	   0.05001	[mu,kappa]: [(51.57011,76.89142),14.15637]
	 545.17482	   0.01326	[mu,kappa]: [(39.07278,17.94780),2.30060]
	 822.17594	   0.01999	[mu,kappa]: [(48.92599,58.20166),3.81533]
	 526.15321	   0.01280	[mu,kappa]: [(72.69633,304.45646),4.99798]
	 545.11419	   0.01326	[mu,kappa]: [(108.40557,305.06011),5.29963]
	 972.09426	   0.02363	[mu,kappa]: [(140.09859,314.08210),9.14402]
	 661.01218	   0.01607	[mu,kappa]: [(122.96677,306.89464),6.41875]
	 719.12051	   0.01749	[mu,kappa]: [(82.00626,301.89029),6.99823]
	 731.45483	   0.01779	[mu,kappa]: [(115.65062,303.15926),8.73517]
	 656.57403	   0.01597	[mu,kappa]: [(114.74742,304.05567),7.10930]
	 583.12663	   0.01418	[mu,kappa]: [(31.84020,352.46492),2.95102]
			msglen: 917120.48797 bits.
Iteration #: 12
	 566.80972	   0.01378	[mu,kappa]: [(32.95534,18.37969),2.98935]
	 531.55473	   0.01293	[mu,kappa]: [(50.17900,308.71333),5.28899]
	 636.02395	   0.01547	[mu,kappa]: [(94.94438,301.40348),8.67766]
	 672.18652	   0.01635	[mu,kappa]: [(107.90946,301.42479),10.50293]
	 627.37945	   0.01526	[mu,kappa]: [(124.19292,306.35098),7.10149]
	 493.16168	   0.01200	[mu,kappa]: [(102.93078,303.64397),5.89415]
	 924.05315	   0.02247	[mu,kappa]: [(137.71309,311.18464),9.68516]
	 675.14089	   0.01642	[mu,kappa]: [(44.03421,42.52624),2.93133]
	 487.59971	   0.01186	[mu,kappa]: [(35.08784,331.69515),3.55700]
	 531.39712	   0.01292	[mu,kappa]: [(122.71981,307.78963),5.70572]
	1092.47298	   0.02656	[mu,kappa]: [(151.88953,336.93336),7.54370]
	 527.40190	   0.01283	[mu,kappa]: [(112.50699,303.51136),7.19840]
	 467.51967	   0.01137	[mu,kappa]: [(83.43028,303.10723),5.79645]
	1090.84978	   0.02652	[mu,kappa]: [(153.62595,342.33608),8.29935]
	 632.05399	   0.01537	[mu,kappa]: [(28.19594,358.27198),3.58634]
	 592.81144	   0.01442	[mu,kappa]: [(68.37392,303.26673),6.41138]
	 478.27742	   0.01163	[mu,kappa]: [(76.38213,303.79975),5.43409]
	 957.45688	   0.02328	[mu,kappa]: [(152.24484,339.18144),7.23374]
	 778.07830	   0.01892	[mu,kappa]: [(100.14703,300.93323),11.52051]
	3477.51537	   0.08451	[mu,kappa]: [(151.00077,328.31058),24.05229]
	 861.21709	   0.02094	[mu,kappa]: [(57.61454,60.86488),4.13734]
	1685.87942	   0.04098	[mu,kappa]: [(151.20146,328.91117),13.67837]
	 681.42077	   0.01657	[mu,kappa]: [(139.53486,317.33517),6.05139]
	 560.01403	   0.01362	[mu,kappa]: [(84.24302,301.99907),7.19706]
	1812.78139	   0.04406	[mu,kappa]: [(150.11224,326.02761),14.49622]
	 529.21233	   0.01287	[mu,kappa]: [(50.16783,310.02709),4.82122]
	 811.78807	   0.01974	[mu,kappa]: [(126.99830,304.87633),10.76862]
	1397.35206	   0.03397	[mu,kappa]: [(50.45679,72.59679),9.59198]
	 829.11458	   0.02016	[mu,kappa]: [(71.81307,301.68420),8.75939]
	 666.86880	   0.01622	[mu,kappa]: [(124.08916,304.90196),8.80470]
	 640.81599	   0.01558	[mu,kappa]: [(89.75104,301.43906),8.44948]
	 641.65689	   0.01560	[mu,kappa]: [(78.11181,301.78043),7.95132]
	 862.08343	   0.02096	[mu,kappa]: [(110.47686,301.24647),12.62598]
	 592.57902	   0.01441	[mu,kappa]: [(80.99139,302.16801),7.01245]
	 426.45043	   0.01037	[mu,kappa]: [(96.88569,305.48359),4.48869]
	 567.09078	   0.01379	[mu,kappa]: [(57.74151,304.95474),6.17136]
	 572.08375	   0.01391	[mu,kappa]: [(65.10220,303.40368),6.58802]
	1115.41229	   0.02711	[mu,kappa]: [(122.21527,302.72665),14.08637]
	 841.34608	   0.02046	[mu,kappa]: [(149.07540,330.32000),6.88296]
	2180.77662	   0.05300	[mu,kappa]: [(51.45224,78.47352),17.77723]
	 510.94587	   0.01243	[mu,kappa]: [(40.55368,21.12582),2.39104]
	 803.79613	   0.01954	[mu,kappa]: [(54.88010,57.81767),3.74487]
	 520.58457	   0.01266	[mu,kappa]: [(69.83507,303.40348),6.14695]
	 507.70399	   0.01235	[mu,kappa]: [(107.28912,303.12165),6.84705]
	 930.95543	   0.02263	[mu,kappa]: [(140.36696,313.23126),10.06513]
	 622.25368	   0.01513	[mu,kappa]: [(121.81239,304.81048),7.99504]
	 739.04492	   0.01797	[mu,kappa]: [(81.39651,301.53409),8.44516]
	 762.98311	   0.01855	[mu,kappa]: [(114.38632,301.78162),11.68838]
	 650.20672	   0.01581	[mu,kappa]: [(113.45413,302.29996),9.51232]
	 565.83712	   0.01376	[mu,kappa]: [(29.20908,347.63271),3.65427]
			msglen: 914448.99211 bits.
Iteration #: 13
	 537.23683	   0.01307	[mu,kappa]: [(30.69706,16.85432),3.49430]
	 562.07313	   0.01367	[mu,kappa]: [(45.56656,307.73952),6.91292]
	 640.74819	   0.01558	[mu,kappa]: [(95.47876,301.12897),10.70261]
	 712.36433	   0.01732	[mu,kappa]: [(107.99073,300.97048),13.20650]
	 590.65442	   0.01436	[mu,kappa]: [(123.43957,304.08453),9.15038]
	 456.09192	   0.01109	[mu,kappa]: [(102.68405,302.09485),7.65014]
	 890.89805	   0.02166	[mu,kappa]: [(137.02763,308.93603),11.70023]
	 638.85322	   0.01554	[mu,kappa]: [(46.82623,43.59890),3.07030]
	 490.23365	   0.01192	[mu,kappa]: [(31.30150,328.21058),4.88750]
	 476.43849	   0.01159	[mu,kappa]: [(122.28491,305.43849),7.11380]
	1094.24606	   0.02660	[mu,kappa]: [(154.28962,349.06671),7.78055]
	 509.38366	   0.01239	[mu,kappa]: [(112.10311,301.90303),9.50814]
	 436.16992	   0.01061	[mu,kappa]: [(82.55744,302.37572),6.97689]
	1136.08124	   0.02762	[mu,kappa]: [(155.42028,356.95057),8.65778]
	 633.97634	   0.01542	[mu,kappa]: [(25.18138,352.92393),4.72757]
	 583.71464	   0.01420	[mu,kappa]: [(65.82551,303.06900),7.37490]
	 447.46606	   0.01088	[mu,kappa]: [(74.45094,303.12011),6.43876]
	 972.58734	   0.02364	[mu,kappa]: [(154.56428,353.63633),7.49684]
	 832.99609	   0.02025	[mu,kappa]: [(100.70398,300.99016),13.94024]
	3606.18598	   0.08764	[mu,kappa]: [(151.11496,328.82695),26.80837]
	 868.12447	   0.02111	[mu,kappa]: [(65.15982,60.26559),4.20821]
	1668.16250	   0.04055	[mu,kappa]: [(152.06624,330.68612),14.67820]
	 612.31023	   0.01489	[mu,kappa]: [(140.95600,317.45669),6.56905]
	 541.65382	   0.01317	[mu,kappa]: [(84.13214,301.72059),8.51580]
	1790.48825	   0.04352	[mu,kappa]: [(150.64101,326.55299),15.76306]
	 547.46649	   0.01331	[mu,kappa]: [(45.43898,308.83891),6.35904]
	 837.60937	   0.02036	[mu,kappa]: [(126.16381,303.24386),13.73258]
	1335.89879	   0.03247	[mu,kappa]: [(50.32293,72.45201),10.02011]
	 831.65258	   0.02022	[mu,kappa]: [(70.68247,301.95153),9.43063]
	 662.35818	   0.01611	[mu,kappa]: [(123.27881,303.03001),11.42845]
	 638.21592	   0.01552	[mu,kappa]: [(90.26557,301.29847),10.13466]
	 631.07967	   0.01535	[mu,kappa]: [(77.66752,301.83669),8.94804]
	 947.55356	   0.02304	[mu,kappa]: [(110.49685,301.03092),15.44684]
	 571.83535	   0.01391	[mu,kappa]: [(80.51122,301.92920),8.18092]
	 372.22923	   0.00906	[mu,kappa]: [(96.05367,303.69549),5.51847]
	 588.92462	   0.01432	[mu,kappa]: [(53.69206,304.60124),7.44914]
	 574.09068	   0.01396	[mu,kappa]: [(62.12207,303.26418),7.57805]
	1235.43090	   0.03003	[mu,kappa]: [(121.75979,302.03929),17.30389]
	 806.62936	   0.01961	[mu,kappa]: [(151.81830,338.37210),7.06548]
	2254.42428	   0.05479	[mu,kappa]: [(50.92789,79.80872),21.85444]
	 471.19903	   0.01146	[mu,kappa]: [(40.85366,24.25459),2.60511]
	 796.90913	   0.01938	[mu,kappa]: [(61.82906,57.63497),3.81645]
	 506.73577	   0.01233	[mu,kappa]: [(67.38518,303.11188),7.11936]
	 486.37162	   0.01183	[mu,kappa]: [(107.08241,301.69388),9.00733]
	 894.59639	   0.02175	[mu,kappa]: [(139.88204,311.14454),11.87455]
	 607.07881	   0.01476	[mu,kappa]: [(121.06095,302.87561),10.45010]
	 730.98958	   0.01777	[mu,kappa]: [(81.46807,301.62034),9.58245]
	 824.76181	   0.02005	[mu,kappa]: [(114.17637,301.20387),14.60122]
	 672.37416	   0.01635	[mu,kappa]: [(113.17213,301.31171),12.27535]
	 574.44587	   0.01397	[mu,kappa]: [(26.13948,342.49944),4.96240]
			msglen: 912043.35836 bits.
Iteration #: 14
	 504.35065	   0.01227	[mu,kappa]: [(28.04824,15.26808),4.28219]
	 602.77721	   0.01466	[mu,kappa]: [(42.25331,307.19287),8.55952]
	 648.37049	   0.01577	[mu,kappa]: [(95.78122,301.17273),12.40715]
	 745.64430	   0.01813	[mu,kappa]: [(108.04686,300.94937),14.97284]
	 577.74561	   0.01405	[mu,kappa]: [(123.17441,302.37963),11.44165]
	 436.50735	   0.01062	[mu,kappa]: [(102.60807,301.16846),9.48886]
	 886.84273	   0.02156	[mu,kappa]: [(136.49382,306.76751),14.41488]
	 585.75966	   0.01425	[mu,kappa]: [(48.93805,45.09327),3.34843]
	 512.13284	   0.01246	[mu,kappa]: [(28.49903,325.56297),6.67597]
	 440.88066	   0.01072	[mu,kappa]: [(121.89713,303.20140),9.02453]
	1073.69423	   0.02610	[mu,kappa]: [(155.25134,0.97638),8.47444]
	 507.14570	   0.01233	[mu,kappa]: [(112.02351,301.01073),11.54494]
	 411.30462	   0.01001	[mu,kappa]: [(82.29392,302.03684),8.23135]
	1170.27190	   0.02845	[mu,kappa]: [(155.47426,10.66049),9.61836]
	 655.67320	   0.01594	[mu,kappa]: [(22.67954,348.60455),6.37389]
	 569.46413	   0.01385	[mu,kappa]: [(64.17801,303.09959),8.26094]
	 420.44864	   0.01023	[mu,kappa]: [(73.41744,302.82517),7.48576]
	 974.21382	   0.02368	[mu,kappa]: [(155.01292,7.79209),8.26900]
	 874.86398	   0.02127	[mu,kappa]: [(100.87844,301.30998),15.61147]
	3699.95664	   0.08992	[mu,kappa]: [(150.98210,328.66948),29.84301]
	 884.51988	   0.02150	[mu,kappa]: [(72.70205,60.30251),4.65140]
	1619.43464	   0.03936	[mu,kappa]: [(152.52249,331.07758),16.08135]
	 540.09009	   0.01314	[mu,kappa]: [(141.56440,315.73917),7.55983]
	 525.86107	   0.01279	[mu,kappa]: [(84.31551,301.69922),9.80696]
	1747.94606	   0.04248	[mu,kappa]: [(150.76668,325.85388),17.44071]
	 577.94945	   0.01406	[mu,kappa]: [(42.06648,308.18496),7.98864]
	 883.12057	   0.02147	[mu,kappa]: [(126.15992,302.33226),16.37345]
	1261.58519	   0.03067	[mu,kappa]: [(49.91138,71.99257),10.28492]
	 818.02769	   0.01989	[mu,kappa]: [(70.09250,302.25474),10.03603]
	 677.69770	   0.01648	[mu,kappa]: [(123.20544,301.89362),13.84961]
	 637.49785	   0.01550	[mu,kappa]: [(90.67676,301.40109),11.65414]
	 615.19796	   0.01496	[mu,kappa]: [(77.64429,302.01850),9.89329]
	1009.47261	   0.02454	[mu,kappa]: [(110.57802,301.18216),17.10320]
	 551.82624	   0.01342	[mu,kappa]: [(80.48585,301.92643),9.32882]
	 333.19277	   0.00811	[mu,kappa]: [(95.61053,302.28867),6.89375]
	 608.59917	   0.01480	[mu,kappa]: [(50.75704,304.48870),8.63665]
	 569.46683	   0.01385	[mu,kappa]: [(60.07309,303.32100),8.46899]
	1343.77994	   0.03266	[mu,kappa]: [(121.99696,301.88978),19.53231]
	 750.23151	   0.01824	[mu,kappa]: [(153.60736,345.77248),7.59018]
	2308.24882	   0.05610	[mu,kappa]: [(50.38872,80.85674),26.16385]
	 419.49477	   0.01021	[mu,kappa]: [(40.26927,26.89310),2.94159]
	 788.14507	   0.01916	[mu,kappa]: [(68.72933,58.09394),4.18347]
	 490.12595	   0.01192	[mu,kappa]: [(65.85018,303.08730),8.03453]
	 480.15996	   0.01168	[mu,kappa]: [(107.03356,300.93526),10.96217]
	 881.89283	   0.02144	[mu,kappa]: [(139.32300,308.83493),14.44614]
	 611.91867	   0.01488	[mu,kappa]: [(120.95387,301.67176),12.75279]
	 718.41904	   0.01747	[mu,kappa]: [(81.76372,301.83335),10.65911]
	 874.92594	   0.02127	[mu,kappa]: [(114.29420,301.10960),16.41722]
	 697.70804	   0.01697	[mu,kappa]: [(113.21939,300.92911),14.21638]
	 605.41534	   0.01472	[mu,kappa]: [(23.71692,338.56241),6.77847]
			msglen: 910227.58733 bits.
Iteration #: 15
	 476.06383	   0.01158	[mu,kappa]: [(25.89099,14.79233),5.31011]
	 632.17205	   0.01537	[mu,kappa]: [(40.36736,306.64650),9.91883]
	 660.91624	   0.01607	[mu,kappa]: [(95.67817,301.36136),13.65316]
	 762.60354	   0.01854	[mu,kappa]: [(107.85403,301.08471),15.82827]
	 577.60878	   0.01405	[mu,kappa]: [(123.37564,301.29409),13.20836]
	 429.54571	   0.01045	[mu,kappa]: [(102.29237,300.65920),10.93187]
	 911.77889	   0.02217	[mu,kappa]: [(136.35282,305.14875),17.12267]
	 526.97203	   0.01282	[mu,kappa]: [(50.30843,46.65818),3.76857]
	 537.15050	   0.01306	[mu,kappa]: [(26.66066,324.14520),8.33934]
	 424.36463	   0.01032	[mu,kappa]: [(121.83484,301.61030),10.78103]
	1037.09436	   0.02521	[mu,kappa]: [(155.27087,10.27544),9.64489]
	 507.41867	   0.01234	[mu,kappa]: [(111.92910,300.52063),12.79610]
	 399.19617	   0.00971	[mu,kappa]: [(82.33594,301.89785),9.47081]
	1194.58483	   0.02904	[mu,kappa]: [(154.62636,20.57572),11.22835]
	 686.53176	   0.01669	[mu,kappa]: [(20.85711,346.98749),8.06825]
	 556.07913	   0.01352	[mu,kappa]: [(63.57231,303.17178),9.06387]
	 403.30935	   0.00981	[mu,kappa]: [(73.20061,302.70312),8.53994]
	 964.93612	   0.02346	[mu,kappa]: [(154.34601,18.43846),9.56744]
	 904.48397	   0.02199	[mu,kappa]: [(100.62662,301.74510),16.61008]
	3770.64645	   0.09163	[mu,kappa]: [(150.77035,328.38154),32.80177]
	 911.28601	   0.02215	[mu,kappa]: [(78.60477,60.72865),5.45928]
	1563.43712	   0.03800	[mu,kappa]: [(152.77488,330.68324),17.66478]
	 483.17548	   0.01175	[mu,kappa]: [(141.61455,312.93311),9.03165]
	 521.72632	   0.01269	[mu,kappa]: [(84.52912,301.79024),10.98054]
	1706.86416	   0.04149	[mu,kappa]: [(150.70562,324.61656),19.19371]
	 600.46720	   0.01460	[mu,kappa]: [(40.17086,307.62654),9.35789]
	 924.51946	   0.02248	[mu,kappa]: [(126.64265,301.86637),18.18115]
	1194.24946	   0.02903	[mu,kappa]: [(49.23666,71.33880),10.50038]
	 806.37110	   0.01961	[mu,kappa]: [(70.09290,302.52689),10.59891]
	 694.03029	   0.01688	[mu,kappa]: [(123.58478,301.24294),15.46622]
	 646.00442	   0.01571	[mu,kappa]: [(90.78721,301.61833),12.87994]
	 607.96927	   0.01478	[mu,kappa]: [(77.91518,302.23145),10.77044]
	1037.27581	   0.02522	[mu,kappa]: [(110.49244,301.46180),17.76814]
	 543.31656	   0.01321	[mu,kappa]: [(80.69769,302.01692),10.40605]
	 312.77673	   0.00761	[mu,kappa]: [(95.21007,301.37030),8.36289]
	 617.48834	   0.01502	[mu,kappa]: [(49.18010,304.34574),9.61738]
	 561.25130	   0.01365	[mu,kappa]: [(59.16689,303.38687),9.24293]
	1410.50338	   0.03429	[mu,kappa]: [(122.52778,301.99530),20.72498]
	 683.29789	   0.01662	[mu,kappa]: [(154.69263,351.19825),8.44576]
	2351.59643	   0.05715	[mu,kappa]: [(49.90216,81.59677),30.08402]
	 366.72847	   0.00892	[mu,kappa]: [(39.32169,29.18380),3.40181]
	 780.86487	   0.01899	[mu,kappa]: [(74.23541,58.83272),4.84613]
	 476.42187	   0.01159	[mu,kappa]: [(65.33415,303.13068),8.88284]
	 479.25788	   0.01166	[mu,kappa]: [(106.78178,300.54099),12.25236]
	 898.56009	   0.02185	[mu,kappa]: [(139.00326,306.94681),17.15901]
	 619.69104	   0.01507	[mu,kappa]: [(121.23234,300.96728),14.26757]
	 717.00854	   0.01743	[mu,kappa]: [(82.11423,302.09083),11.62468]
	 897.73274	   0.02183	[mu,kappa]: [(114.41530,301.19367),17.18128]
	 710.03157	   0.01726	[mu,kappa]: [(113.25030,300.79183),15.17160]
	 642.63918	   0.01563	[mu,kappa]: [(21.95715,336.90152),8.52732]
			msglen: 909031.86309 bits.
Iteration #: 16
	 459.93712	   0.01119	[mu,kappa]: [(24.48075,15.82338),6.44581]
	 647.08776	   0.01574	[mu,kappa]: [(39.46682,305.98007),10.96711]
	 674.63793	   0.01640	[mu,kappa]: [(95.42950,301.60137),14.46686]
	 768.39084	   0.01868	[mu,kappa]: [(107.53282,301.24470),16.18616]
	 580.06358	   0.01411	[mu,kappa]: [(123.79247,300.57299),14.36049]
	 427.99517	   0.01041	[mu,kappa]: [(101.84643,300.33347),11.91649]
	 951.61060	   0.02313	[mu,kappa]: [(136.44951,304.04134),19.30095]
	 476.65874	   0.01159	[mu,kappa]: [(50.88543,47.83392),4.30888]
	 551.96476	   0.01342	[mu,kappa]: [(25.52471,323.44684),9.53217]
	 417.11181	   0.01015	[mu,kappa]: [(122.01795,300.53841),12.07139]
	 996.39997	   0.02422	[mu,kappa]: [(154.95999,16.54352),11.19797]
	 505.57097	   0.01230	[mu,kappa]: [(111.78721,300.18181),13.45483]
	 396.70118	   0.00965	[mu,kappa]: [(82.44621,301.86578),10.45576]
	1214.21632	   0.02952	[mu,kappa]: [(153.72050,26.68591),13.31489]
	 713.06488	   0.01734	[mu,kappa]: [(19.54017,347.73553),9.38520]
	 547.20940	   0.01331	[mu,kappa]: [(63.49157,303.26479),9.70864]
	 395.47599	   0.00962	[mu,kappa]: [(73.31591,302.68280),9.42075]
	 952.16284	   0.02315	[mu,kappa]: [(153.43844,25.33245),11.24388]
	 925.70201	   0.02251	[mu,kappa]: [(100.22988,302.21712),17.21703]
	3814.12784	   0.09269	[mu,kappa]: [(150.56285,328.25126),35.43901]
	 946.13287	   0.02300	[mu,kappa]: [(82.54410,61.25289),6.41383]
	1513.10133	   0.03678	[mu,kappa]: [(152.95156,330.07088),19.14685]
	 448.67911	   0.01091	[mu,kappa]: [(141.44634,310.12500),10.79994]
	 525.49317	   0.01278	[mu,kappa]: [(84.69868,301.93209),11.83126]
	1673.35661	   0.04067	[mu,kappa]: [(150.58846,323.33734),20.66217]
	 610.95348	   0.01486	[mu,kappa]: [(39.28794,307.00032),10.41207]
	 955.63354	   0.02323	[mu,kappa]: [(127.27155,301.63733),19.28703]
	1142.67166	   0.02778	[mu,kappa]: [(48.27270,70.60286),10.71268]
	 800.86713	   0.01947	[mu,kappa]: [(70.31313,302.77910),10.99975]
	 705.03500	   0.01714	[mu,kappa]: [(124.12032,300.83315),16.40673]
	 658.88490	   0.01602	[mu,kappa]: [(90.76730,301.88246),13.70987]
	 608.44480	   0.01480	[mu,kappa]: [(78.23500,302.45627),11.39734]
	1044.03744	   0.02538	[mu,kappa]: [(110.29694,301.75758),17.95406]
	 543.75688	   0.01322	[mu,kappa]: [(80.93985,302.15194),11.20508]
	 304.81754	   0.00742	[mu,kappa]: [(94.77907,300.79151),9.62291]
	 619.07195	   0.01505	[mu,kappa]: [(48.48303,304.13983),10.39414]
	 554.10030	   0.01348	[mu,kappa]: [(58.89705,303.45043),9.86129]
	1444.89629	   0.03512	[mu,kappa]: [(123.10724,302.22267),21.30904]
	 618.90814	   0.01505	[mu,kappa]: [(155.37713,354.55921),9.56330]
	2381.17314	   0.05787	[mu,kappa]: [(49.49369,82.08396),33.14577]
	 324.42400	   0.00790	[mu,kappa]: [(38.30303,31.04737),3.99198]
	 779.03385	   0.01894	[mu,kappa]: [(77.99566,59.50886),5.66057]
	 468.09877	   0.01139	[mu,kappa]: [(65.31187,303.21063),9.57021]
	 478.66282	   0.01164	[mu,kappa]: [(106.41362,300.27935),13.00761]
	 933.29484	   0.02269	[mu,kappa]: [(138.88233,305.57684),19.43016]
	 623.82676	   0.01517	[mu,kappa]: [(121.64586,300.50190),15.12220]
	 723.55448	   0.01759	[mu,kappa]: [(82.41771,302.36619),12.29155]
	 901.85675	   0.02193	[mu,kappa]: [(114.48408,301.31537),17.38514]
	 711.52888	   0.01730	[mu,kappa]: [(113.22578,300.71840),15.53967]
	 669.61389	   0.01628	[mu,kappa]: [(20.67874,336.92549),9.79552]
			msglen: 908302.02682 bits.
Iteration #: 17
	 454.92498	   0.01107	[mu,kappa]: [(23.73447,17.91642),7.51380]
	 655.59040	   0.01594	[mu,kappa]: [(39.11623,305.19578),11.81075]
	 686.49920	   0.01669	[mu,kappa]: [(95.22017,301.83377),14.96128]
	 769.40813	   0.01871	[mu,kappa]: [(107.19263,301.37898),16.34767]
	 582.08442	   0.01416	[mu,kappa]: [(124.24215,300.07061),15.06884]
	 428.42595	   0.01042	[mu,kappa]: [(101.42052,300.06046),12.56836]
	 992.98707	   0.02414	[mu,kappa]: [(136.62589,303.31225),20.78272]
	 440.13336	   0.01071	[mu,kappa]: [(50.93233,48.45151),4.92393]
	 555.44919	   0.01351	[mu,kappa]: [(24.92212,322.94143),10.29332]
	 413.36899	   0.01006	[mu,kappa]: [(122.28520,299.79369),12.94777]
	 959.96850	   0.02334	[mu,kappa]: [(154.66018,20.36628),12.92414]
	 502.47803	   0.01222	[mu,kappa]: [(111.61906,299.89173),13.79925]
	 398.01935	   0.00968	[mu,kappa]: [(82.55879,301.86055),11.08398]
	1229.10575	   0.02988	[mu,kappa]: [(153.10591,30.08588),15.47272]
	 728.82139	   0.01772	[mu,kappa]: [(18.62204,349.78557),10.25250]
	 542.94395	   0.01320	[mu,kappa]: [(63.50984,303.38455),10.15213]
	 392.82988	   0.00956	[mu,kappa]: [(73.45389,302.71386),10.01501]
	 939.95501	   0.02285	[mu,kappa]: [(152.69099,29.53482),12.95805]
	 941.77418	   0.02290	[mu,kappa]: [(99.87097,302.68660),17.64986]
	3833.43016	   0.09316	[mu,kappa]: [(150.39505,328.35896),37.72946]
	 981.90308	   0.02387	[mu,kappa]: [(85.06600,61.75392),7.23563]
	1472.85841	   0.03580	[mu,kappa]: [(153.13088,329.54416),20.36291]
	 432.71508	   0.01053	[mu,kappa]: [(141.28587,307.85969),12.55165]
	 530.98569	   0.01291	[mu,kappa]: [(84.84896,302.06501),12.31895]
	1646.49548	   0.04002	[mu,kappa]: [(150.49259,322.22808),21.67345]
	 616.14052	   0.01498	[mu,kappa]: [(38.97388,306.28329),11.24814]
	 977.77831	   0.02377	[mu,kappa]: [(127.86337,301.56458),19.91990]
	1106.81072	   0.02691	[mu,kappa]: [(47.16184,69.86627),10.92632]
	 799.05354	   0.01943	[mu,kappa]: [(70.50106,303.01356),11.18984]
	 711.51510	   0.01730	[mu,kappa]: [(124.64457,300.56638),16.91993]
	 670.70962	   0.01631	[mu,kappa]: [(90.76115,302.13684),14.18975]
	 611.23208	   0.01486	[mu,kappa]: [(78.49701,302.66172),11.72094]
	1042.46395	   0.02534	[mu,kappa]: [(110.06153,302.02895),18.00191]
	 546.98100	   0.01330	[mu,kappa]: [(81.14761,302.28070),11.66179]
	 302.77601	   0.00737	[mu,kappa]: [(94.41004,300.36684),10.56898]
	 620.25317	   0.01508	[mu,kappa]: [(48.18528,303.90164),11.01147]
	 550.43861	   0.01339	[mu,kappa]: [(58.80671,303.53267),10.30742]
	1461.71792	   0.03553	[mu,kappa]: [(123.61373,302.53363),21.62518]
	 565.22200	   0.01375	[mu,kappa]: [(155.84332,356.35546),10.84520]
	2397.63763	   0.05827	[mu,kappa]: [(49.21889,82.39254),35.31539]
	 295.83274	   0.00720	[mu,kappa]: [(37.46441,32.43056),4.69138]
	 782.02928	   0.01901	[mu,kappa]: [(80.43810,60.01945),6.43374]
	 464.27133	   0.01129	[mu,kappa]: [(65.36729,303.32326),10.04045]
	 477.91796	   0.01162	[mu,kappa]: [(106.03787,300.04597),13.45629]
	 972.27048	   0.02364	[mu,kappa]: [(138.86351,304.62868),21.01268]
	 624.89306	   0.01520	[mu,kappa]: [(122.05304,300.16920),15.57761]
	 731.00659	   0.01777	[mu,kappa]: [(82.66897,302.61903),12.63067]
	 897.94912	   0.02183	[mu,kappa]: [(114.50006,301.42924),17.38402]
	 708.16765	   0.01722	[mu,kappa]: [(113.15847,300.64689),15.65254]
	 681.77598	   0.01658	[mu,kappa]: [(19.79435,337.73349),10.57634]
			msglen: 907889.26611 bits.
Iteration #: 18
	 456.12049	   0.01110	[mu,kappa]: [(23.42213,20.43571),8.40192]
	 663.40022	   0.01613	[mu,kappa]: [(39.00183,304.34257),12.53007]
	 695.94955	   0.01692	[mu,kappa]: [(95.09559,302.03227),15.24939]
	 769.21192	   0.01870	[mu,kappa]: [(106.88046,301.47536),16.44202]
	 583.38340	   0.01419	[mu,kappa]: [(124.64790,299.71513),15.49394]
	 429.82115	   0.01046	[mu,kappa]: [(101.06879,299.78372),13.00021]
	1029.31784	   0.02502	[mu,kappa]: [(136.80840,302.84381),21.65821]
	 416.60136	   0.01013	[mu,kappa]: [(50.79189,48.61120),5.55764]
	 551.72391	   0.01342	[mu,kappa]: [(24.69489,322.37294),10.78772]
	 411.07229	   0.01000	[mu,kappa]: [(122.54600,299.25959),13.53420]
	 930.95261	   0.02263	[mu,kappa]: [(154.48194,22.48822),14.58656]
	 499.46296	   0.01215	[mu,kappa]: [(111.43830,299.61419),13.98902]
	 399.94844	   0.00973	[mu,kappa]: [(82.67559,301.83263),11.42100]
	1236.09608	   0.03005	[mu,kappa]: [(152.78677,31.83163),17.29297]
	 734.46329	   0.01786	[mu,kappa]: [(18.00013,352.33198),10.79285]
	 541.41809	   0.01317	[mu,kappa]: [(63.49078,303.54120),10.41429]
	 392.11385	   0.00954	[mu,kappa]: [(73.54539,302.76314),10.35252]
	 928.58347	   0.02258	[mu,kappa]: [(152.14604,32.14212),14.33411]
	 955.02960	   0.02322	[mu,kappa]: [(99.59958,303.14333),18.02581]
	3836.52048	   0.09323	[mu,kappa]: [(150.27324,328.67010),39.75235]
	1012.92615	   0.02462	[mu,kappa]: [(86.72612,62.16325),7.76167]
	1443.14783	   0.03508	[mu,kappa]: [(153.35033,329.20789),21.25399]
	 428.19190	   0.01042	[mu,kappa]: [(141.20076,306.16671),14.05454]
	 535.50508	   0.01302	[mu,kappa]: [(85.00189,302.15172),12.54046]
	1624.62917	   0.03949	[mu,kappa]: [(150.44984,321.31783),22.21721]
	 621.00003	   0.01510	[mu,kappa]: [(38.91020,305.51463),11.94587]
	 993.49683	   0.02415	[mu,kappa]: [(128.36031,301.60942),20.26261]
	1082.86838	   0.02632	[mu,kappa]: [(46.07100,69.19187),11.11574]
	 798.33512	   0.01941	[mu,kappa]: [(70.60940,303.23113),11.22038]
	 715.22699	   0.01739	[mu,kappa]: [(125.09849,300.40039),17.18324]
	 679.86641	   0.01653	[mu,kappa]: [(90.80635,302.35064),14.43360]
	 613.51391	   0.01492	[mu,kappa]: [(78.70054,302.82436),11.82390]
	1039.03173	   0.02526	[mu,kappa]: [(109.82468,302.26835),18.04788]
	 549.86730	   0.01337	[mu,kappa]: [(81.32699,302.36937),11.86090]
	 303.23397	   0.00738	[mu,kappa]: [(94.14777,299.98801),11.23580]
	 623.37705	   0.01516	[mu,kappa]: [(48.02020,303.67389),11.48910]
	 549.54543	   0.01337	[mu,kappa]: [(58.72078,303.65775),10.59407]
	1470.57809	   0.03574	[mu,kappa]: [(124.01612,302.91526),21.86461]
	 525.08960	   0.01277	[mu,kappa]: [(156.19077,357.16526),12.19964]
	2405.65368	   0.05847	[mu,kappa]: [(49.10682,82.58306),36.79021]
	 278.86132	   0.00679	[mu,kappa]: [(36.92646,33.42646),5.43972]
	 788.01557	   0.01916	[mu,kappa]: [(82.02106,60.35832),7.02831]
	 462.86338	   0.01126	[mu,kappa]: [(65.37547,303.47087),10.31540]
	 477.56077	   0.01162	[mu,kappa]: [(105.69803,299.80186),13.73584]
	1007.74249	   0.02450	[mu,kappa]: [(138.88772,303.97984),21.96000]
	 624.41368	   0.01518	[mu,kappa]: [(122.40219,299.92586),15.81063]
	 736.49083	   0.01791	[mu,kappa]: [(82.88788,302.82050),12.74204]
	 891.87098	   0.02168	[mu,kappa]: [(114.47603,301.52525),17.33449]
	 703.64253	   0.01711	[mu,kappa]: [(113.06306,300.56067),15.66866]
	 682.26282	   0.01659	[mu,kappa]: [(19.21249,338.73989),11.03126]
			msglen: 907665.60064 bits.
Iteration #: 19
	 459.71855	   0.01118	[mu,kappa]: [(23.31723,22.98017),9.09158]
	 672.09397	   0.01634	[mu,kappa]: [(38.94380,303.47752),13.16032]
	 703.35564	   0.01710	[mu,kappa]: [(95.03870,302.19108),15.41181]
	 768.98693	   0.01870	[mu,kappa]: [(106.60886,301.53482),16.50901]
	 584.23290	   0.01421	[mu,kappa]: [(124.99723,299.46082),15.75049]
	 431.79860	   0.01050	[mu,kappa]: [(100.79007,299.48197),13.28210]
	1059.61836	   0.02576	[mu,kappa]: [(136.97309,302.54974),22.11546]
	 402.85308	   0.00980	[mu,kappa]: [(50.66543,48.50116),6.15791]
	 544.73630	   0.01325	[mu,kappa]: [(24.70096,321.69039),11.15121]
	 409.50544	   0.00996	[mu,kappa]: [(122.77404,298.86385),13.93453]
	 909.36001	   0.02211	[mu,kappa]: [(154.42303,23.51405),16.07696]
	 497.05477	   0.01209	[mu,kappa]: [(111.25512,299.33367),14.09707]
	 401.54512	   0.00977	[mu,kappa]: [(82.79570,301.76374),11.57473]
	1235.24718	   0.03003	[mu,kappa]: [(152.66014,32.65005),18.62770]
	 733.30482	   0.01783	[mu,kappa]: [(17.57033,354.95639),11.14275]
	 541.08468	   0.01316	[mu,kappa]: [(63.43446,303.74771),10.55013]
	 391.88455	   0.00953	[mu,kappa]: [(73.59990,302.81848),10.52164]
	 918.03894	   0.02232	[mu,kappa]: [(151.71221,33.94633),15.19820]
	 966.69979	   0.02350	[mu,kappa]: [(99.40469,303.59255),18.40578]
	3828.89371	   0.09305	[mu,kappa]: [(150.18887,329.10385),41.60610]
	1037.22351	   0.02522	[mu,kappa]: [(87.87473,62.43547),8.00885]
	1421.79318	   0.03456	[mu,kappa]: [(153.61422,329.06060),21.83497]
	 429.61165	   0.01045	[mu,kappa]: [(141.17487,304.90131),15.25149]
	 538.70748	   0.01310	[mu,kappa]: [(85.15542,302.17984),12.60638]
	1606.14007	   0.03904	[mu,kappa]: [(150.45698,320.55234),22.37952]
	 626.85702	   0.01524	[mu,kappa]: [(38.91250,304.75006),12.54108]
	1005.27123	   0.02444	[mu,kappa]: [(128.76634,301.74207),20.45129]
	1066.30707	   0.02592	[mu,kappa]: [(45.06294,68.63369),11.26201]
	 797.70046	   0.01939	[mu,kappa]: [(70.66078,303.43987),11.16860]
	 717.49702	   0.01745	[mu,kappa]: [(125.48146,300.30602),17.31088]
	 686.63403	   0.01670	[mu,kappa]: [(90.88825,302.51495),14.54023]
	 614.80640	   0.01495	[mu,kappa]: [(78.86090,302.93846),11.80916]
	1035.87628	   0.02518	[mu,kappa]: [(109.60488,302.47893),18.12703]
	 551.79552	   0.01342	[mu,kappa]: [(81.48501,302.40719),11.91186]
	 304.74677	   0.00742	[mu,kappa]: [(93.97941,299.60776),11.69206]
	 627.73704	   0.01527	[mu,kappa]: [(47.88710,303.49783),11.83761]
	 550.00743	   0.01338	[mu,kappa]: [(58.61879,303.84872),10.75818]
	1476.87706	   0.03590	[mu,kappa]: [(124.32990,303.35552),22.13462]
	 497.48398	   0.01210	[mu,kappa]: [(156.47538,357.45458),13.58510]
	2409.62820	   0.05856	[mu,kappa]: [(49.14129,82.69676),37.78543]
	 269.88313	   0.00657	[mu,kappa]: [(36.64614,34.15712),6.16001]
	 795.04048	   0.01933	[mu,kappa]: [(83.03463,60.54567),7.41789]
	 462.44617	   0.01125	[mu,kappa]: [(65.34074,303.66136),10.45699]
	 477.78197	   0.01162	[mu,kappa]: [(105.40169,299.53314),13.91134]
	1037.90600	   0.02523	[mu,kappa]: [(138.92586,303.53184),22.45671]
	 623.36710	   0.01516	[mu,kappa]: [(122.69251,299.74423),15.92545]
	 739.94881	   0.01799	[mu,kappa]: [(83.08073,302.96171),12.73288]
	 885.81970	   0.02154	[mu,kappa]: [(114.43086,301.60114),17.28818]
	 699.36130	   0.01701	[mu,kappa]: [(112.95503,300.45427),15.64769]
	 675.73060	   0.01643	[mu,kappa]: [(18.83731,339.67583),11.30907]
			msglen: 907535.72298 bits.
Iteration #: 20
	 463.87326	   0.01128	[mu,kappa]: [(23.27570,25.40045),9.61593]
	 681.33320	   0.01657	[mu,kappa]: [(38.86456,302.64049),13.71656]
	 709.14249	   0.01724	[mu,kappa]: [(95.02181,302.31227),15.49861]
	 768.82714	   0.01869	[mu,kappa]: [(106.37538,301.56069),16.55754]
	 584.84090	   0.01422	[mu,kappa]: [(125.29976,299.27517),15.91195]
	 434.11630	   0.01056	[mu,kappa]: [(100.56644,299.14716),13.45767]
	1085.13172	   0.02638	[mu,kappa]: [(137.11647,302.37500),22.32551]
	 395.47588	   0.00962	[mu,kappa]: [(50.62262,48.25995),6.68809]
	 536.88035	   0.01306	[mu,kappa]: [(24.83812,320.93525),11.46035]
	 408.34402	   0.00993	[mu,kappa]: [(122.96987,298.55898),14.21955]
	 894.06613	   0.02174	[mu,kappa]: [(154.45257,23.84041),17.43761]
	 495.25786	   0.01205	[mu,kappa]: [(111.07507,299.04081),14.15630]
	 402.75717	   0.00980	[mu,kappa]: [(82.91146,301.65125),11.62790]
	1229.37929	   0.02988	[mu,kappa]: [(152.63833,32.95845),19.55484]
	 728.39094	   0.01771	[mu,kappa]: [(17.25666,357.50478),11.39361]
	 541.24447	   0.01316	[mu,kappa]: [(63.36520,304.01219),10.61310]
	 391.74074	   0.00953	[mu,kappa]: [(73.63135,302.87737),10.59902]
	 909.13029	   0.02210	[mu,kappa]: [(151.29197,35.43128),15.58495]
	 977.39435	   0.02376	[mu,kappa]: [(99.26140,304.04465),18.82913]
	3813.18929	   0.09267	[mu,kappa]: [(150.12999,329.57899),43.37771]
	1055.21135	   0.02565	[mu,kappa]: [(88.70545,62.56561),8.08036]
	1405.75433	   0.03417	[mu,kappa]: [(153.90855,329.05548),22.16717]
	 433.85480	   0.01055	[mu,kappa]: [(141.17827,303.93003),16.19064]
	 540.93651	   0.01316	[mu,kappa]: [(85.29912,302.14961),12.59220]
	1589.81702	   0.03864	[mu,kappa]: [(150.49500,319.86277),22.28369]
	 633.32361	   0.01540	[mu,kappa]: [(38.89988,304.03107),13.04822]
	1014.88178	   0.02467	[mu,kappa]: [(129.10247,301.93904),20.57590]
	1053.63036	   0.02561	[mu,kappa]: [(44.11204,68.21928),11.37537]
	 797.07195	   0.01938	[mu,kappa]: [(70.67838,303.64854),11.09118]
	 719.06059	   0.01748	[mu,kappa]: [(125.81016,300.26029),17.37134]
	 691.62376	   0.01682	[mu,kappa]: [(90.98374,302.63096),14.57228]
	 615.40713	   0.01497	[mu,kappa]: [(78.98611,303.00765),11.74664]
	1033.22647	   0.02512	[mu,kappa]: [(109.40782,302.66570),18.24119]
	 552.99292	   0.01345	[mu,kappa]: [(81.62113,302.39535),11.89138]
	 306.73033	   0.00747	[mu,kappa]: [(93.87524,299.20728),11.99890]
	 632.16027	   0.01537	[mu,kappa]: [(47.76532,303.40235),12.07246]
	 550.97618	   0.01340	[mu,kappa]: [(58.51973,304.11965),10.84102]
	1483.35341	   0.03606	[mu,kappa]: [(124.58097,303.84301),22.49671]
	 479.71246	   0.01167	[mu,kappa]: [(156.72523,357.52709),15.01240]
	2412.26333	   0.05863	[mu,kappa]: [(49.28351,82.75917),38.46694]
	 265.69586	   0.00647	[mu,kappa]: [(36.52891,34.68998),6.79237]
	 801.61399	   0.01949	[mu,kappa]: [(83.65333,60.62182),7.65220]
	 462.43279	   0.01125	[mu,kappa]: [(65.28742,303.90019),10.52365]
	 478.47932	   0.01164	[mu,kappa]: [(105.14268,299.23404),14.01498]
	1063.60284	   0.02586	[mu,kappa]: [(138.96596,303.22085),22.68293]
	 622.16763	   0.01513	[mu,kappa]: [(122.93843,299.60279),15.98043]
	 742.02815	   0.01804	[mu,kappa]: [(83.24507,303.04486),12.67215]
	 880.23416	   0.02140	[mu,kappa]: [(114.37917,301.65515),17.25604]
	 695.57061	   0.01691	[mu,kappa]: [(112.84496,300.32376),15.60923]
	 665.67026	   0.01619	[mu,kappa]: [(18.59772,340.46562),11.50040]
			msglen: 907445.72183 bits.
Iteration #: 21
	 467.92111	   0.01138	[mu,kappa]: [(23.23276,27.67689),10.02032]
	 690.43635	   0.01679	[mu,kappa]: [(38.74208,301.84750),14.21132]
	 713.61881	   0.01735	[mu,kappa]: [(95.02451,302.39993),15.53945]
	 768.55165	   0.01869	[mu,kappa]: [(106.17285,301.55575),16.58934]
	 585.27066	   0.01423	[mu,kappa]: [(125.56715,299.13424),16.01995]
	 436.62802	   0.01062	[mu,kappa]: [(100.38065,298.77627),13.55726]
	1107.21503	   0.02692	[mu,kappa]: [(137.24188,302.28564),22.40338]
	 391.90276	   0.00953	[mu,kappa]: [(50.67362,47.94735),7.13294]
	 529.29829	   0.01287	[mu,kappa]: [(25.04297,320.16234),11.74959]
	 407.39121	   0.00991	[mu,kappa]: [(123.13969,298.31250),14.43195]
	 884.00741	   0.02149	[mu,kappa]: [(154.54425,23.69347),18.78484]
	 493.92778	   0.01201	[mu,kappa]: [(110.89922,298.72928),14.18371]
	 403.71274	   0.00982	[mu,kappa]: [(83.01614,301.49792),11.63018]
	1221.12608	   0.02968	[mu,kappa]: [(152.67083,32.97122),20.21828]
	 721.65440	   0.01755	[mu,kappa]: [(17.01711,359.94304),11.59525]
	 541.70861	   0.01317	[mu,kappa]: [(63.29790,304.33406),10.64085]
	 391.63286	   0.00953	[mu,kappa]: [(73.64598,302.93872),10.63282]
	 902.87759	   0.02195	[mu,kappa]: [(150.81390,36.86676),15.61092]
	 987.57213	   0.02401	[mu,kappa]: [(99.14857,304.51114),19.33066]
	3790.91893	   0.09213	[mu,kappa]: [(150.08703,330.03748),45.12644]
	1067.94786	   0.02596	[mu,kappa]: [(89.32228,62.58090),8.06865]
	1392.62120	   0.03385	[mu,kappa]: [(154.21620,329.14201),22.32261]
	 439.37119	   0.01069	[mu,kappa]: [(141.19230,303.16499),16.94014]
	 542.53601	   0.01319	[mu,kappa]: [(85.42530,302.06561),12.53994]
	1575.05453	   0.03828	[mu,kappa]: [(150.54490,319.20071),22.04191]
	 639.70507	   0.01556	[mu,kappa]: [(38.84858,303.37569),13.47810]
	1023.29807	   0.02488	[mu,kappa]: [(129.38820,302.18253),20.68651]
	1042.95274	   0.02535	[mu,kappa]: [(43.16518,67.94941),11.48681]
	 796.59723	   0.01937	[mu,kappa]: [(70.67368,303.86168),11.01852]
	 720.21416	   0.01751	[mu,kappa]: [(126.10029,300.24502),17.40051]
	 695.30147	   0.01691	[mu,kappa]: [(91.07705,302.70314),14.56435]
	 615.63431	   0.01497	[mu,kappa]: [(79.07956,303.03785),11.67275]
	1030.79497	   0.02506	[mu,kappa]: [(109.23192,302.83340),18.38594]
	 553.75117	   0.01347	[mu,kappa]: [(81.73355,302.33878),11.84176]
	 308.95089	   0.00752	[mu,kappa]: [(93.81032,298.77966),12.20243]
	 635.93489	   0.01546	[mu,kappa]: [(47.65957,303.40070),12.21351]
	 552.16001	   0.01343	[mu,kappa]: [(58.43886,304.47247),10.87596]
	1491.23665	   0.03625	[mu,kappa]: [(124.79001,304.36881),22.98650]
	 469.23461	   0.01141	[mu,kappa]: [(156.95019,357.55880),16.51742]
	2414.64081	   0.05868	[mu,kappa]: [(49.49619,82.78630),38.95007]
	 264.12213	   0.00643	[mu,kappa]: [(36.50752,35.04818),7.30953]
	 806.99226	   0.01962	[mu,kappa]: [(83.98604,60.63451),7.79458]
	 462.67483	   0.01125	[mu,kappa]: [(65.22963,304.18604),10.55521]
	 479.50404	   0.01166	[mu,kappa]: [(104.91196,298.90180),14.06661]
	1086.03264	   0.02640	[mu,kappa]: [(139.00486,303.00832),22.76308]
	 620.90823	   0.01510	[mu,kappa]: [(123.15305,299.48444),16.00533]
	 743.25476	   0.01807	[mu,kappa]: [(83.37859,303.07591),12.59491]
	 874.96451	   0.02127	[mu,kappa]: [(114.32812,301.68533),17.23593]
	 692.14774	   0.01683	[mu,kappa]: [(112.73713,300.16556),15.55925]
	 654.08863	   0.01591	[mu,kappa]: [(18.45296,341.11103),11.65029]
			msglen: 907370.18184 bits.
			N: 41130
		22.06103 bpr
Null model msglen: 969971.45106 bits.	(23.58306 bpr)
