Iteration #: 0
	 685.00000	   0.01665	[mu,kappa]: [(109.32169,321.99340),1.86863]
	 664.00000	   0.01614	[mu,kappa]: [(113.66780,323.63763),1.87664]
	 730.00000	   0.01775	[mu,kappa]: [(113.72185,324.32805),1.90003]
	 691.00000	   0.01680	[mu,kappa]: [(110.68520,323.86359),1.73216]
	 661.00000	   0.01607	[mu,kappa]: [(110.63512,320.64925),1.92236]
	 660.00000	   0.01605	[mu,kappa]: [(109.91617,319.80692),2.00381]
	 698.00000	   0.01697	[mu,kappa]: [(110.43550,324.23322),1.87899]
	 719.00000	   0.01748	[mu,kappa]: [(110.13158,320.05838),2.05858]
	 661.00000	   0.01607	[mu,kappa]: [(111.19846,324.86644),1.77782]
	 704.00000	   0.01712	[mu,kappa]: [(107.65886,322.52528),1.80366]
	 700.00000	   0.01702	[mu,kappa]: [(115.87298,321.71013),2.06702]
	 676.00000	   0.01644	[mu,kappa]: [(111.17051,320.13585),2.03434]
	 688.00000	   0.01673	[mu,kappa]: [(109.56423,321.72567),1.84446]
	 670.00000	   0.01629	[mu,kappa]: [(110.87263,320.07507),2.01717]
	 674.00000	   0.01639	[mu,kappa]: [(111.35605,323.00090),1.84327]
	 656.00000	   0.01595	[mu,kappa]: [(106.00141,326.25214),1.67877]
	 637.00000	   0.01549	[mu,kappa]: [(111.71161,321.60459),1.89505]
	 678.00000	   0.01648	[mu,kappa]: [(112.78548,320.43445),1.91615]
	 668.00000	   0.01624	[mu,kappa]: [(112.06174,321.46967),1.89595]
	 680.00000	   0.01653	[mu,kappa]: [(107.20701,322.59049),1.88028]
	 686.00000	   0.01668	[mu,kappa]: [(108.23519,320.30387),1.86208]
	 712.00000	   0.01731	[mu,kappa]: [(110.04222,321.09938),1.95684]
	 695.00000	   0.01690	[mu,kappa]: [(112.60292,320.48683),1.97044]
	 752.00000	   0.01828	[mu,kappa]: [(109.53938,322.70392),1.88192]
	 652.00000	   0.01585	[mu,kappa]: [(112.19462,323.32500),1.90333]
	 689.00000	   0.01675	[mu,kappa]: [(112.00820,323.32843),1.89930]
	 705.00000	   0.01714	[mu,kappa]: [(109.08175,323.81096),1.86641]
	 648.00000	   0.01576	[mu,kappa]: [(109.16372,324.02759),1.84953]
	 670.00000	   0.01629	[mu,kappa]: [(108.93225,321.13025),1.86504]
	 674.00000	   0.01639	[mu,kappa]: [(109.69482,318.93091),1.90662]
	 651.00000	   0.01583	[mu,kappa]: [(111.80297,319.60628),1.98496]
	 679.00000	   0.01651	[mu,kappa]: [(111.98695,323.18036),2.07018]
	 695.00000	   0.01690	[mu,kappa]: [(109.57546,318.98704),2.07657]
	 715.00000	   0.01738	[mu,kappa]: [(109.29148,321.85433),1.90396]
	 723.00000	   0.01758	[mu,kappa]: [(110.75330,322.14023),1.86393]
	 657.00000	   0.01597	[mu,kappa]: [(113.48955,321.72097),1.96812]
	 705.00000	   0.01714	[mu,kappa]: [(110.30999,322.55830),1.87500]
	 694.00000	   0.01687	[mu,kappa]: [(113.31918,317.03555),2.15658]
	 701.00000	   0.01704	[mu,kappa]: [(108.44146,321.03135),1.94744]
	 732.00000	   0.01780	[mu,kappa]: [(107.91694,321.99450),1.80743]
	 671.00000	   0.01631	[mu,kappa]: [(106.84814,324.51670),1.74883]
	 676.00000	   0.01644	[mu,kappa]: [(107.96373,320.37910),1.86753]
	 681.00000	   0.01656	[mu,kappa]: [(110.69355,326.16273),1.79430]
	 692.00000	   0.01682	[mu,kappa]: [(109.57562,321.74731),1.92582]
	 710.00000	   0.01726	[mu,kappa]: [(109.85318,319.29991),1.95704]
	 742.00000	   0.01804	[mu,kappa]: [(108.97282,319.78428),1.89544]
	 659.00000	   0.01602	[mu,kappa]: [(111.46510,324.11233),1.86446]
	 684.00000	   0.01663	[mu,kappa]: [(107.98043,324.50811),1.73482]
	 665.00000	   0.01617	[mu,kappa]: [(113.17111,318.78720),2.04333]
	 649.00000	   0.01578	[mu,kappa]: [(109.57036,320.12249),2.00208]
	 706.00000	   0.01716	[mu,kappa]: [(111.32623,322.72340),1.96718]
	 677.00000	   0.01646	[mu,kappa]: [(105.07254,318.64827),1.90450]
	 688.00000	   0.01673	[mu,kappa]: [(107.23556,323.97042),1.91441]
	 688.00000	   0.01673	[mu,kappa]: [(111.13387,323.11137),1.88622]
	 703.00000	   0.01709	[mu,kappa]: [(109.87212,321.04491),2.06129]
	 676.00000	   0.01644	[mu,kappa]: [(110.36942,322.28844),1.88741]
	 678.00000	   0.01648	[mu,kappa]: [(110.09305,321.12266),1.91266]
	 692.00000	   0.01682	[mu,kappa]: [(111.36201,319.27202),1.93765]
	 659.00000	   0.01602	[mu,kappa]: [(112.43682,320.87746),2.06016]
	 699.00000	   0.01699	[mu,kappa]: [(112.05648,325.93092),1.85110]
			msglen: -26710839195382273082424640827333986706795676908845843556469952702775248925069533017860607909828001686947719509634847043345214618623217093587588476554976440194106387734002896727945080156979200.00000 bits.
Iteration #: 1
	 684.46682	   0.01664	[mu,kappa]: [(108.66391,322.46095),1.83796]
	 663.38459	   0.01613	[mu,kappa]: [(113.85318,323.58446),1.89784]
	 729.32114	   0.01773	[mu,kappa]: [(114.23155,323.69920),1.91529]
	 691.28361	   0.01681	[mu,kappa]: [(108.33834,326.11514),1.66314]
	 660.44944	   0.01606	[mu,kappa]: [(110.82861,320.85110),1.95867]
	 659.96056	   0.01605	[mu,kappa]: [(110.81634,319.23655),2.06851]
	 697.31027	   0.01695	[mu,kappa]: [(110.16472,323.84250),1.82428]
	 719.46456	   0.01749	[mu,kappa]: [(111.59122,318.73310),2.14096]
	 660.99429	   0.01607	[mu,kappa]: [(109.66309,326.00855),1.70510]
	 704.36530	   0.01713	[mu,kappa]: [(105.70654,323.88166),1.72193]
	 702.75186	   0.01709	[mu,kappa]: [(117.99566,320.03155),2.25159]
	 676.53629	   0.01645	[mu,kappa]: [(112.55139,319.12078),2.12970]
	 687.45111	   0.01671	[mu,kappa]: [(108.64212,322.66851),1.81854]
	 670.26927	   0.01630	[mu,kappa]: [(112.05156,319.27606),2.10123]
	 673.38102	   0.01637	[mu,kappa]: [(110.77069,323.58122),1.82384]
	 660.62920	   0.01606	[mu,kappa]: [(101.11143,329.22272),1.49565]
	 636.42007	   0.01547	[mu,kappa]: [(111.78611,321.88616),1.92434]
	 677.49411	   0.01647	[mu,kappa]: [(113.17206,320.92359),1.99904]
	 667.37241	   0.01623	[mu,kappa]: [(112.18836,321.80490),1.93583]
	 679.77842	   0.01653	[mu,kappa]: [(106.18535,322.67491),1.80079]
	 685.41048	   0.01666	[mu,kappa]: [(107.25310,321.45593),1.84518]
	 711.48629	   0.01730	[mu,kappa]: [(110.53614,320.62974),1.98184]
	 695.09709	   0.01690	[mu,kappa]: [(113.54611,320.21244),2.06749]
	 751.32704	   0.01827	[mu,kappa]: [(109.10234,322.73236),1.84404]
	 651.41824	   0.01584	[mu,kappa]: [(112.50454,322.90213),1.90830]
	 688.33968	   0.01674	[mu,kappa]: [(112.24287,322.95670),1.89985]
	 704.54519	   0.01713	[mu,kappa]: [(108.34432,323.73299),1.79287]
	 647.75124	   0.01575	[mu,kappa]: [(108.21667,324.15961),1.76925]
	 669.45513	   0.01628	[mu,kappa]: [(108.14098,321.94737),1.84413]
	 673.12767	   0.01637	[mu,kappa]: [(109.50422,320.00286),1.95619]
	 651.17021	   0.01583	[mu,kappa]: [(112.75304,319.46022),2.08848]
	 679.07224	   0.01651	[mu,kappa]: [(114.00967,320.58102),2.12389]
	 695.74808	   0.01692	[mu,kappa]: [(111.04948,317.89047),2.17746]
	 714.34352	   0.01737	[mu,kappa]: [(109.06337,321.83486),1.88395]
	 722.26584	   0.01756	[mu,kappa]: [(110.31365,322.66365),1.85641]
	 657.18012	   0.01598	[mu,kappa]: [(114.57255,321.04631),2.05605]
	 704.35238	   0.01712	[mu,kappa]: [(109.93768,322.75668),1.85272]
	 698.71904	   0.01699	[mu,kappa]: [(115.59226,316.31340),2.42838]
	 700.38208	   0.01703	[mu,kappa]: [(108.52638,320.67120),1.93897]
	 732.09398	   0.01780	[mu,kappa]: [(106.10276,323.44841),1.74136]
	 672.99990	   0.01636	[mu,kappa]: [(103.69262,326.35652),1.60998]
	 675.48556	   0.01642	[mu,kappa]: [(106.98955,321.41663),1.84534]
	 681.10295	   0.01656	[mu,kappa]: [(109.28169,326.68546),1.68988]
	 691.36796	   0.01681	[mu,kappa]: [(109.65929,321.45478),1.91860]
	 709.51469	   0.01725	[mu,kappa]: [(110.24825,319.53786),2.01770]
	 741.14257	   0.01802	[mu,kappa]: [(108.54548,320.64932),1.91144]
	 658.39347	   0.01601	[mu,kappa]: [(111.19904,324.00876),1.82864]
	 685.68461	   0.01667	[mu,kappa]: [(104.94914,326.57716),1.61211]
	 666.56103	   0.01621	[mu,kappa]: [(114.71440,318.40180),2.21895]
	 648.85287	   0.01578	[mu,kappa]: [(110.41321,319.42914),2.05147]
	 705.47311	   0.01715	[mu,kappa]: [(112.20650,321.56577),1.98562]
	 676.68954	   0.01645	[mu,kappa]: [(103.84191,319.79343),1.87548]
	 687.30410	   0.01671	[mu,kappa]: [(106.63600,323.10949),1.81063]
	 687.33272	   0.01671	[mu,kappa]: [(111.06246,322.97725),1.87060]
	 703.06252	   0.01709	[mu,kappa]: [(111.37502,319.26958),2.11476]
	 675.37647	   0.01642	[mu,kappa]: [(110.15722,322.39069),1.87449]
	 677.38459	   0.01647	[mu,kappa]: [(110.10270,321.26221),1.92561]
	 691.47873	   0.01681	[mu,kappa]: [(111.76151,319.85621),2.02324]
	 660.13675	   0.01605	[mu,kappa]: [(114.23969,319.33031),2.17674]
	 698.28601	   0.01698	[mu,kappa]: [(111.75215,325.54324),1.78631]
			msglen: 944227.48694 bits.
Iteration #: 2
	 682.42560	   0.01659	[mu,kappa]: [(107.49664,323.17292),1.78600]
	 661.18041	   0.01608	[mu,kappa]: [(114.33865,323.17452),1.93619]
	 727.01080	   0.01768	[mu,kappa]: [(114.96091,323.02038),1.96543]
	 692.71759	   0.01684	[mu,kappa]: [(104.09272,329.17071),1.51962]
	 658.49802	   0.01601	[mu,kappa]: [(111.47421,320.42605),2.01130]
	 659.44002	   0.01603	[mu,kappa]: [(112.40500,318.14523),2.19439]
	 695.13399	   0.01690	[mu,kappa]: [(109.14300,324.36590),1.76846]
	 720.73595	   0.01752	[mu,kappa]: [(113.79952,317.15629),2.32668]
	 660.85366	   0.01607	[mu,kappa]: [(106.59152,328.16952),1.58371]
	 705.40654	   0.01715	[mu,kappa]: [(101.83407,326.33460),1.58455]
	 711.77340	   0.01730	[mu,kappa]: [(121.18880,317.50683),2.63460]
	 677.95555	   0.01648	[mu,kappa]: [(114.78489,317.55643),2.32475]
	 685.55500	   0.01667	[mu,kappa]: [(107.20133,323.63343),1.75871]
	 670.80583	   0.01631	[mu,kappa]: [(114.03860,317.89703),2.26827]
	 671.16606	   0.01632	[mu,kappa]: [(109.86520,324.20020),1.78382]
	 676.72084	   0.01645	[mu,kappa]: [(89.22905,337.03263),1.26463]
	 634.38259	   0.01542	[mu,kappa]: [(112.24394,321.58242),1.96365]
	 676.43119	   0.01645	[mu,kappa]: [(114.49094,320.09603),2.11487]
	 665.33945	   0.01618	[mu,kappa]: [(112.82017,321.39320),1.98921]
	 678.93073	   0.01651	[mu,kappa]: [(103.81001,323.97306),1.69843]
	 683.52769	   0.01662	[mu,kappa]: [(105.84496,322.38173),1.79077]
	 709.50600	   0.01725	[mu,kappa]: [(111.36655,319.97571),2.04101]
	 695.46294	   0.01691	[mu,kappa]: [(115.44651,318.90844),2.23533]
	 748.93462	   0.01821	[mu,kappa]: [(108.11683,323.26238),1.79623]
	 649.24037	   0.01579	[mu,kappa]: [(112.92316,322.49866),1.93612]
	 685.95205	   0.01668	[mu,kappa]: [(112.53096,322.64451),1.91934]
	 703.10617	   0.01709	[mu,kappa]: [(106.43450,324.82357),1.70331]
	 646.86610	   0.01573	[mu,kappa]: [(105.89664,325.55863),1.66572]
	 667.48780	   0.01623	[mu,kappa]: [(106.93548,322.72532),1.79447]
	 671.00914	   0.01631	[mu,kappa]: [(109.87883,319.89042),1.99967]
	 651.75874	   0.01585	[mu,kappa]: [(114.70795,318.19125),2.26274]
	 680.69271	   0.01655	[mu,kappa]: [(116.42496,318.54783),2.31808]
	 697.74247	   0.01696	[mu,kappa]: [(113.40041,316.31472),2.38517]
	 711.89797	   0.01731	[mu,kappa]: [(108.57633,322.04304),1.86173]
	 719.74302	   0.01750	[mu,kappa]: [(109.74245,323.03995),1.83423]
	 657.58805	   0.01599	[mu,kappa]: [(116.50550,319.60504),2.22405]
	 701.96740	   0.01707	[mu,kappa]: [(109.24590,323.15233),1.82065]
	 714.36084	   0.01737	[mu,kappa]: [(119.29455,314.05249),2.93987]
	 698.02190	   0.01697	[mu,kappa]: [(108.55187,320.49940),1.94415]
	 732.36030	   0.01781	[mu,kappa]: [(102.72738,325.61517),1.61869]
	 679.71032	   0.01653	[mu,kappa]: [(96.51784,330.94487),1.41176]
	 673.70176	   0.01638	[mu,kappa]: [(105.51487,322.35460),1.78717]
	 681.63745	   0.01657	[mu,kappa]: [(105.78428,329.03420),1.55009]
	 688.99104	   0.01675	[mu,kappa]: [(109.69504,321.30576),1.92370]
	 707.98369	   0.01721	[mu,kappa]: [(111.32794,318.87346),2.10680]
	 738.57233	   0.01796	[mu,kappa]: [(108.26210,320.87293),1.91130]
	 656.19118	   0.01595	[mu,kappa]: [(110.44504,324.42871),1.78852]
	 691.35318	   0.01681	[mu,kappa]: [(98.33897,330.95058),1.42269]
	 672.00124	   0.01634	[mu,kappa]: [(117.57561,316.54426),2.53062]
	 647.94532	   0.01575	[mu,kappa]: [(111.81661,318.42234),2.15735]
	 703.78002	   0.01711	[mu,kappa]: [(113.34582,320.58498),2.06108]
	 675.41686	   0.01642	[mu,kappa]: [(101.88758,320.88313),1.80411]
	 686.21467	   0.01668	[mu,kappa]: [(104.52291,324.09994),1.70780]
	 684.89350	   0.01665	[mu,kappa]: [(110.81391,323.05061),1.85882]
	 703.49543	   0.01710	[mu,kappa]: [(113.40694,317.69972),2.27131]
	 673.02889	   0.01636	[mu,kappa]: [(109.78055,322.57505),1.85846]
	 675.10066	   0.01641	[mu,kappa]: [(110.29153,321.09998),1.94527]
	 690.46006	   0.01679	[mu,kappa]: [(113.09750,319.08054),2.14039]
	 663.61546	   0.01613	[mu,kappa]: [(116.91728,317.36271),2.43144]
	 696.21742	   0.01693	[mu,kappa]: [(110.50629,326.27121),1.71825]
			msglen: 943748.33129 bits.
Iteration #: 3
	 675.52146	   0.01642	[mu,kappa]: [(105.43701,324.25313),1.71260]
	 654.25297	   0.01591	[mu,kappa]: [(115.33074,322.21038),2.02396]
	 719.94890	   0.01750	[mu,kappa]: [(116.28057,321.77892),2.08114]
	 697.12500	   0.01695	[mu,kappa]: [(94.93862,335.17861),1.31814]
	 652.31599	   0.01586	[mu,kappa]: [(112.72954,319.37662),2.12221]
	 657.95002	   0.01600	[mu,kappa]: [(114.96691,316.30285),2.45332]
	 687.86715	   0.01672	[mu,kappa]: [(107.22606,325.40481),1.69610]
	 725.13835	   0.01763	[mu,kappa]: [(117.07635,314.87584),2.71438]
	 660.04850	   0.01605	[mu,kappa]: [(100.18814,332.37739),1.40811]
	 708.21828	   0.01722	[mu,kappa]: [(93.66991,331.24529),1.39412]
	 741.45888	   0.01803	[mu,kappa]: [(125.33503,314.29652),3.46246]
	 682.84122	   0.01660	[mu,kappa]: [(118.11008,315.20061),2.72948]
	 679.10549	   0.01651	[mu,kappa]: [(104.63624,325.06441),1.66914]
	 672.83286	   0.01636	[mu,kappa]: [(117.09099,315.71713),2.61302]
	 663.81456	   0.01614	[mu,kappa]: [(108.34629,325.02203),1.72828]
	 731.27801	   0.01778	[mu,kappa]: [(63.20896,356.90942),1.18192]
	 627.87588	   0.01527	[mu,kappa]: [(113.20857,320.70676),2.04952]
	 673.46858	   0.01637	[mu,kappa]: [(116.79825,318.30663),2.34509]
	 658.97751	   0.01602	[mu,kappa]: [(114.07995,320.31102),2.10069]
	 675.61182	   0.01643	[mu,kappa]: [(99.07657,326.60573),1.55515]
	 677.07550	   0.01646	[mu,kappa]: [(103.40371,323.64400),1.70815]
	 703.32297	   0.01710	[mu,kappa]: [(112.84267,318.76362),2.17069]
	 697.19590	   0.01695	[mu,kappa]: [(118.44064,316.66484),2.57776]
	 741.00220	   0.01802	[mu,kappa]: [(106.36626,324.13880),1.73307]
	 642.28514	   0.01562	[mu,kappa]: [(113.73877,321.68138),2.00806]
	 678.34755	   0.01649	[mu,kappa]: [(113.13116,321.97762),1.97551]
	 698.04963	   0.01697	[mu,kappa]: [(102.66079,327.01792),1.57789]
	 643.53149	   0.01565	[mu,kappa]: [(101.19920,328.38653),1.51962]
	 660.79900	   0.01607	[mu,kappa]: [(104.85467,323.80142),1.72185]
	 664.26589	   0.01615	[mu,kappa]: [(110.78027,319.10968),2.08478]
	 654.00513	   0.01590	[mu,kappa]: [(117.77313,315.98615),2.61582]
	 686.47719	   0.01669	[mu,kappa]: [(119.82243,315.94580),2.74256]
	 704.23742	   0.01712	[mu,kappa]: [(116.85556,314.01630),2.81388]
	 703.85344	   0.01711	[mu,kappa]: [(107.81061,322.26753),1.84118]
	 711.51539	   0.01730	[mu,kappa]: [(108.88627,323.38118),1.80881]
	 659.43445	   0.01603	[mu,kappa]: [(119.50678,317.25307),2.57242]
	 694.10154	   0.01688	[mu,kappa]: [(108.10407,323.66630),1.78162]
	 762.76711	   0.01854	[mu,kappa]: [(123.87069,311.27748),4.02395]
	 690.31246	   0.01678	[mu,kappa]: [(108.69577,320.12042),1.97394]
	 732.68233	   0.01781	[mu,kappa]: [(95.81967,329.72205),1.44237]
	 701.49391	   0.01706	[mu,kappa]: [(79.95381,341.70176),1.20599]
	 667.52668	   0.01623	[mu,kappa]: [(102.92059,323.69479),1.69974]
	 683.05593	   0.01661	[mu,kappa]: [(98.14976,334.06163),1.35840]
	 681.27050	   0.01656	[mu,kappa]: [(109.85872,320.93328),1.95298]
	 703.31157	   0.01710	[mu,kappa]: [(113.25079,317.43699),2.28554]
	 730.24903	   0.01775	[mu,kappa]: [(107.99803,320.79012),1.92032]
	 648.87272	   0.01578	[mu,kappa]: [(109.11863,325.11319),1.73880]
	 709.74435	   0.01726	[mu,kappa]: [(83.10885,340.87643),1.21098]
	 689.70698	   0.01677	[mu,kappa]: [(121.56695,313.79190),3.17699]
	 645.14470	   0.01569	[mu,kappa]: [(114.11367,316.73647),2.37829]
	 698.66256	   0.01699	[mu,kappa]: [(115.22019,319.04097),2.22985]
	 670.59204	   0.01630	[mu,kappa]: [(98.37403,322.54572),1.69679]
	 682.20054	   0.01659	[mu,kappa]: [(100.21017,326.47166),1.57079]
	 676.95197	   0.01646	[mu,kappa]: [(110.47487,323.03755),1.85723]
	 705.21230	   0.01715	[mu,kappa]: [(116.43747,315.52458),2.60531]
	 665.31712	   0.01618	[mu,kappa]: [(109.23374,322.69456),1.84738]
	 667.73223	   0.01623	[mu,kappa]: [(110.77752,320.54112),1.99634]
	 687.58359	   0.01672	[mu,kappa]: [(115.42441,317.36466),2.37107]
	 675.13378	   0.01641	[mu,kappa]: [(120.67003,314.65812),2.96945]
	 689.32437	   0.01676	[mu,kappa]: [(108.08491,327.75725),1.62625]
			msglen: 942297.44040 bits.
Iteration #: 4
	 653.83695	   0.01590	[mu,kappa]: [(102.13862,325.43284),1.64139]
	 635.21829	   0.01545	[mu,kappa]: [(117.15016,320.23301),2.23270]
	 701.17338	   0.01705	[mu,kappa]: [(118.51371,319.50069),2.34506]
	 706.48783	   0.01718	[mu,kappa]: [(76.12060,347.22656),1.17361]
	 635.52853	   0.01545	[mu,kappa]: [(114.83210,317.36136),2.37162]
	 655.73568	   0.01594	[mu,kappa]: [(118.47804,313.65578),2.99287]
	 665.20632	   0.01617	[mu,kappa]: [(104.16894,326.55916),1.62688]
	 740.42822	   0.01800	[mu,kappa]: [(121.16351,312.06763),3.51788]
	 654.56655	   0.01592	[mu,kappa]: [(87.23720,340.12682),1.23366]
	 712.45900	   0.01732	[mu,kappa]: [(77.30328,340.83996),1.23939]
	 829.60649	   0.02017	[mu,kappa]: [(129.70382,311.49045),5.20855]
	 699.56747	   0.01701	[mu,kappa]: [(122.23250,312.32056),3.57151]
	 658.42667	   0.01601	[mu,kappa]: [(100.34719,326.86123),1.57405]
	 681.22045	   0.01656	[mu,kappa]: [(121.02037,312.88049),3.33003]
	 641.22967	   0.01559	[mu,kappa]: [(106.08344,325.70763),1.68285]
	 900.38446	   0.02189	[mu,kappa]: [(40.76970,34.20126),1.84185]
	 609.84353	   0.01483	[mu,kappa]: [(114.95494,318.86272),2.25243]
	 667.35835	   0.01623	[mu,kappa]: [(120.10908,315.55347),2.83058]
	 641.79018	   0.01560	[mu,kappa]: [(116.21569,318.22096),2.35221]
	 662.89642	   0.01612	[mu,kappa]: [(90.21187,330.98557),1.40281]
	 656.44697	   0.01596	[mu,kappa]: [(99.39592,325.12589),1.62370]
	 686.89750	   0.01670	[mu,kappa]: [(115.20227,316.61160),2.45705]
	 705.31104	   0.01715	[mu,kappa]: [(122.33534,313.69855),3.29474]
	 716.48093	   0.01742	[mu,kappa]: [(103.65280,324.98123),1.67771]
	 622.86461	   0.01514	[mu,kappa]: [(115.28637,319.92548),2.18702]
	 656.90872	   0.01597	[mu,kappa]: [(114.37765,320.41403),2.12502]
	 680.71358	   0.01655	[mu,kappa]: [(95.78397,330.43162),1.43957]
	 631.01125	   0.01534	[mu,kappa]: [(92.26621,333.13536),1.36139]
	 639.74457	   0.01556	[mu,kappa]: [(101.52979,324.95327),1.65163]
	 645.50405	   0.01569	[mu,kappa]: [(112.41586,317.39124),2.28281]
	 663.09653	   0.01612	[mu,kappa]: [(121.71978,313.09923),3.35086]
	 706.37053	   0.01717	[mu,kappa]: [(123.97159,312.89796),3.63834]
	 724.97729	   0.01763	[mu,kappa]: [(121.06080,311.28513),3.69605]
	 679.82565	   0.01653	[mu,kappa]: [(106.87429,322.01585),1.85433]
	 686.90098	   0.01670	[mu,kappa]: [(107.82071,323.26498),1.81248]
	 667.92696	   0.01624	[mu,kappa]: [(123.40145,314.17949),3.30697]
	 670.28626	   0.01630	[mu,kappa]: [(106.52004,323.86044),1.76365]
	 895.01568	   0.02176	[mu,kappa]: [(128.34909,309.23395),6.15305]
	 668.04490	   0.01624	[mu,kappa]: [(109.21110,319.00375),2.07452]
	 729.74494	   0.01774	[mu,kappa]: [(82.14961,337.34152),1.27765]
	 763.08560	   0.01855	[mu,kappa]: [(52.67067,5.66621),1.31465]
	 647.61651	   0.01575	[mu,kappa]: [(98.60847,325.33572),1.60898]
	 683.84149	   0.01663	[mu,kappa]: [(82.37386,343.83779),1.19047]
	 659.00114	   0.01602	[mu,kappa]: [(110.42085,319.80241),2.05278]
	 691.64123	   0.01682	[mu,kappa]: [(116.12635,315.06814),2.66408]
	 705.90351	   0.01716	[mu,kappa]: [(107.90853,320.02184),1.98196]
	 626.51549	   0.01523	[mu,kappa]: [(107.19435,325.60540),1.70367]
	 761.00475	   0.01850	[mu,kappa]: [(56.32703,2.75623),1.26083]
	 742.55520	   0.01805	[mu,kappa]: [(126.01404,311.01160),4.52169]
	 638.88531	   0.01553	[mu,kappa]: [(117.36595,314.20077),2.84198]
	 685.86512	   0.01668	[mu,kappa]: [(118.05217,316.54808),2.59585]
	 653.92918	   0.01590	[mu,kappa]: [(92.31643,324.85950),1.58399]
	 667.62449	   0.01623	[mu,kappa]: [(92.20498,330.37247),1.42396]
	 653.59485	   0.01589	[mu,kappa]: [(110.27142,322.39911),1.90262]
	 712.72404	   0.01733	[mu,kappa]: [(120.33841,312.72703),3.30078]
	 642.43305	   0.01562	[mu,kappa]: [(108.67912,322.25566),1.87605]
	 646.78250	   0.01573	[mu,kappa]: [(111.83090,319.12920),2.13444]
	 681.57134	   0.01657	[mu,kappa]: [(118.73968,314.72484),2.85390]
	 710.94175	   0.01728	[mu,kappa]: [(125.02114,311.73228),4.09633]
	 667.44607	   0.01623	[mu,kappa]: [(104.00672,329.73442),1.52726]
			msglen: 938764.70802 bits.
Iteration #: 5
	 601.39500	   0.01462	[mu,kappa]: [(97.88625,325.36252),1.64200]
	 597.29286	   0.01452	[mu,kappa]: [(119.64238,317.18125),2.66866]
	 665.58657	   0.01618	[mu,kappa]: [(121.38396,316.33362),2.87691]
	 713.21490	   0.01734	[mu,kappa]: [(53.21387,5.40391),1.34944]
	 602.89630	   0.01466	[mu,kappa]: [(117.38358,314.44142),2.86914]
	 657.59950	   0.01599	[mu,kappa]: [(122.03167,310.95973),3.97085]
	 610.64794	   0.01485	[mu,kappa]: [(100.32643,326.45335),1.62688]
	 781.05338	   0.01899	[mu,kappa]: [(125.00594,309.78822),4.91304]
	 630.72347	   0.01534	[mu,kappa]: [(68.12235,350.81061),1.22580]
	 707.59777	   0.01720	[mu,kappa]: [(55.90373,355.09003),1.34090]
	1025.02473	   0.02492	[mu,kappa]: [(133.56518,310.45719),7.88918]
	 743.47242	   0.01808	[mu,kappa]: [(126.12377,310.06098),5.03647]
	 607.00189	   0.01476	[mu,kappa]: [(94.54720,327.61233),1.54619]
	 707.04524	   0.01719	[mu,kappa]: [(124.83052,310.41721),4.60073]
	 587.98152	   0.01430	[mu,kappa]: [(103.45624,325.00584),1.71372]
	1322.87380	   0.03215	[mu,kappa]: [(38.38246,60.06085),3.63706]
	 573.59054	   0.01395	[mu,kappa]: [(117.25118,315.95189),2.67433]
	 661.70706	   0.01609	[mu,kappa]: [(123.67040,312.61634),3.73554]
	 608.56019	   0.01480	[mu,kappa]: [(118.87982,315.21591),2.85638]
	 625.02139	   0.01520	[mu,kappa]: [(77.16352,335.81343),1.35241]
	 605.64536	   0.01473	[mu,kappa]: [(94.03270,325.45805),1.61197]
	 656.02281	   0.01595	[mu,kappa]: [(117.95283,313.68120),3.01592]
	 732.07309	   0.01780	[mu,kappa]: [(126.19462,311.13772),4.58353]
	 658.15618	   0.01600	[mu,kappa]: [(100.30024,324.48521),1.69817]
	 583.24321	   0.01418	[mu,kappa]: [(117.44683,317.02122),2.57069]
	 612.34992	   0.01489	[mu,kappa]: [(116.23023,317.61451),2.45955]
	 633.87696	   0.01541	[mu,kappa]: [(85.74784,333.62695),1.37644]
	 593.93096	   0.01444	[mu,kappa]: [(78.90569,338.55156),1.30021]
	 588.81970	   0.01432	[mu,kappa]: [(97.22531,324.84881),1.65471]
	 607.57153	   0.01477	[mu,kappa]: [(114.45970,314.61675),2.69304]
	 690.66247	   0.01679	[mu,kappa]: [(125.56413,310.63166),4.65693]
	 758.67376	   0.01844	[mu,kappa]: [(127.92424,310.63552),5.20979]
	 775.78359	   0.01886	[mu,kappa]: [(124.90344,309.18639),5.19350]
	 625.53794	   0.01521	[mu,kappa]: [(106.00034,320.30924),1.97289]
	 630.94680	   0.01534	[mu,kappa]: [(106.84630,321.67341),1.91530]
	 695.81305	   0.01692	[mu,kappa]: [(127.29754,311.58064),4.63743]
	 615.31273	   0.01496	[mu,kappa]: [(104.82306,322.60417),1.83504]
	1158.95407	   0.02817	[mu,kappa]: [(132.02896,308.74150),9.02863]
	 620.32262	   0.01508	[mu,kappa]: [(110.05118,316.58174),2.32852]
	 709.62985	   0.01725	[mu,kappa]: [(62.85495,347.96088),1.30207]
	 891.34625	   0.02167	[mu,kappa]: [(38.20078,36.24665),2.09682]
	 598.14346	   0.01454	[mu,kappa]: [(92.76936,325.88724),1.59090]
	 672.51654	   0.01635	[mu,kappa]: [(60.64057,358.13944),1.25812]
	 611.25086	   0.01486	[mu,kappa]: [(111.38516,317.34407),2.30534]
	 672.21709	   0.01634	[mu,kappa]: [(119.24601,312.20066),3.37440]
	 652.55090	   0.01587	[mu,kappa]: [(108.05592,317.85361),2.17470]
	 574.24259	   0.01396	[mu,kappa]: [(105.07731,324.67921),1.74861]
	 864.10105	   0.02101	[mu,kappa]: [(39.60320,32.13514),1.93260]
	 861.08239	   0.02093	[mu,kappa]: [(129.94710,309.52884),6.67249]
	 631.34750	   0.01535	[mu,kappa]: [(120.74710,311.41732),3.69396]
	 664.40566	   0.01615	[mu,kappa]: [(121.26316,313.52499),3.29502]
	 610.03679	   0.01483	[mu,kappa]: [(83.83820,326.40572),1.55765]
	 626.19986	   0.01523	[mu,kappa]: [(80.44220,334.40039),1.36760]
	 601.87188	   0.01463	[mu,kappa]: [(110.43700,320.30498),2.06898]
	 736.66285	   0.01791	[mu,kappa]: [(124.11008,310.25584),4.53208]
	 591.21537	   0.01438	[mu,kappa]: [(108.35330,320.35588),2.01699]
	 602.85367	   0.01466	[mu,kappa]: [(113.34569,316.48023),2.44833]
	 675.67041	   0.01643	[mu,kappa]: [(122.23099,311.88360),3.74477]
	 795.47848	   0.01934	[mu,kappa]: [(128.98434,309.89863),5.98217]
	 613.19335	   0.01491	[mu,kappa]: [(98.58293,330.73497),1.48734]
			msglen: 933265.72407 bits.
Iteration #: 6
	 527.51993	   0.01283	[mu,kappa]: [(93.50272,322.41507),1.79373]
	 553.94988	   0.01347	[mu,kappa]: [(121.68724,314.39967),3.26849]
	 627.47645	   0.01526	[mu,kappa]: [(123.78850,313.78328),3.58408]
	 693.41759	   0.01686	[mu,kappa]: [(41.35000,17.90427),1.79825]
	 566.56543	   0.01378	[mu,kappa]: [(118.95366,311.78920),3.52570]
	 666.62546	   0.01621	[mu,kappa]: [(124.40907,309.35295),5.08043]
	 533.64290	   0.01298	[mu,kappa]: [(96.49465,323.55546),1.76662]
	 837.77127	   0.02037	[mu,kappa]: [(127.75781,308.88223),6.36263]
	 577.80340	   0.01405	[mu,kappa]: [(53.83500,356.74341),1.44157]
	 674.48704	   0.01640	[mu,kappa]: [(42.93822,4.11105),1.70371]
	1284.86020	   0.03123	[mu,kappa]: [(137.08532,311.28120),10.51058]
	 805.09483	   0.01957	[mu,kappa]: [(129.05583,309.28998),6.55836]
	 532.31278	   0.01294	[mu,kappa]: [(88.81597,325.05372),1.67255]
	 746.51787	   0.01815	[mu,kappa]: [(127.61788,309.34193),5.96647]
	 514.46535	   0.01251	[mu,kappa]: [(100.76484,321.90113),1.88113]
	2025.70604	   0.04923	[mu,kappa]: [(41.25323,69.60632),6.55459]
	 531.64656	   0.01293	[mu,kappa]: [(118.78672,313.12547),3.25338]
	 663.43479	   0.01613	[mu,kappa]: [(126.41345,310.91050),4.80873]
	 571.81960	   0.01390	[mu,kappa]: [(120.76863,312.58690),3.52321]
	 560.50080	   0.01363	[mu,kappa]: [(65.83060,335.97928),1.50333]
	 533.20852	   0.01297	[mu,kappa]: [(88.56420,322.63111),1.76501]
	 622.92934	   0.01515	[mu,kappa]: [(119.64005,311.16938),3.73467]
	 775.42569	   0.01885	[mu,kappa]: [(129.23689,310.13674),5.99585]
	 577.27230	   0.01404	[mu,kappa]: [(96.75486,321.38055),1.86584]
	 536.60542	   0.01305	[mu,kappa]: [(119.01536,314.10714),3.11024]
	 558.74598	   0.01359	[mu,kappa]: [(117.51441,314.58228),2.94616]
	 559.76034	   0.01361	[mu,kappa]: [(76.44293,332.64393),1.48325]
	 530.16331	   0.01289	[mu,kappa]: [(67.18969,339.37728),1.42735]
	 517.28352	   0.01258	[mu,kappa]: [(92.73626,321.86836),1.81317]
	 563.59091	   0.01370	[mu,kappa]: [(115.38552,311.74881),3.26051]
	 732.92069	   0.01782	[mu,kappa]: [(128.47557,309.63354),6.06332]
	 833.85086	   0.02027	[mu,kappa]: [(131.13655,310.07651),6.85711]
	 842.53813	   0.02048	[mu,kappa]: [(127.57148,308.40172),6.70040]
	 554.51154	   0.01348	[mu,kappa]: [(104.53915,316.94710),2.24026]
	 556.87829	   0.01354	[mu,kappa]: [(105.49846,318.34135),2.15982]
	 741.83762	   0.01804	[mu,kappa]: [(130.52045,310.68525),6.10958]
	 541.38757	   0.01317	[mu,kappa]: [(102.81189,319.31730),2.04867]
	1476.93757	   0.03589	[mu,kappa]: [(135.16835,309.54188),11.61875]
	 561.58572	   0.01366	[mu,kappa]: [(109.88268,313.36264),2.73862]
	 659.13011	   0.01603	[mu,kappa]: [(49.19434,353.50898),1.56861]
	1040.21199	   0.02528	[mu,kappa]: [(36.32678,51.98184),3.26462]
	 527.02701	   0.01282	[mu,kappa]: [(86.88525,323.15669),1.74071]
	 632.13144	   0.01537	[mu,kappa]: [(46.82639,7.48770),1.57658]
	 552.15124	   0.01343	[mu,kappa]: [(111.51256,314.12861),2.70912]
	 654.42391	   0.01591	[mu,kappa]: [(121.16421,310.03570),4.23930]
	 585.25032	   0.01423	[mu,kappa]: [(107.32144,314.52867),2.52234]
	 502.64997	   0.01222	[mu,kappa]: [(102.90841,321.52514),1.92771]
	 974.73286	   0.02369	[mu,kappa]: [(36.40322,48.28922),2.95807]
	1012.81453	   0.02462	[mu,kappa]: [(133.19221,309.66409),8.73221]
	 628.27865	   0.01528	[mu,kappa]: [(122.91921,309.55997),4.68989]
	 644.89293	   0.01568	[mu,kappa]: [(123.60660,311.35735),4.16244]
	 544.66595	   0.01325	[mu,kappa]: [(75.83386,324.08016),1.73682]
	 558.16187	   0.01357	[mu,kappa]: [(69.91178,333.95409),1.50183]
	 535.23615	   0.01302	[mu,kappa]: [(110.16805,316.98934),2.37692]
	 773.49648	   0.01880	[mu,kappa]: [(126.77592,309.09842),5.85678]
	 524.65012	   0.01276	[mu,kappa]: [(107.52160,317.01670),2.30169]
	 549.72661	   0.01337	[mu,kappa]: [(113.97784,313.39221),2.91494]
	 676.01408	   0.01644	[mu,kappa]: [(124.69332,310.12154),4.78780]
	 907.69580	   0.02207	[mu,kappa]: [(132.21265,309.73398),7.85183]
	 533.60647	   0.01298	[mu,kappa]: [(93.51057,328.49009),1.57929]
			msglen: 928629.02703 bits.
Iteration #: 7
	 476.32785	   0.01158	[mu,kappa]: [(88.76361,317.88617),2.08447]
	 523.98355	   0.01274	[mu,kappa]: [(122.86277,313.11654),3.69226]
	 601.42832	   0.01462	[mu,kappa]: [(125.50295,312.88680),4.06953]
	 646.46924	   0.01572	[mu,kappa]: [(36.97168,17.56582),2.16775]
	 541.12369	   0.01316	[mu,kappa]: [(118.85899,310.16137),3.99545]
	 668.46734	   0.01625	[mu,kappa]: [(125.51840,308.74933),5.76676]
	 478.62335	   0.01164	[mu,kappa]: [(92.37569,319.29640),2.01542]
	 869.50286	   0.02114	[mu,kappa]: [(129.66757,308.94791),7.22620]
	 521.55834	   0.01268	[mu,kappa]: [(48.00911,352.68021),1.71004]
	 625.74202	   0.01521	[mu,kappa]: [(38.01467,0.24315),2.07196]
	1520.84413	   0.03696	[mu,kappa]: [(140.79518,313.61480),12.62323]
	 842.63147	   0.02048	[mu,kappa]: [(131.36831,309.61654),7.48089]
	 479.11686	   0.01165	[mu,kappa]: [(83.68204,320.17419),1.95479]
	 768.58921	   0.01869	[mu,kappa]: [(129.59711,309.35940),6.79142]
	 462.44287	   0.01125	[mu,kappa]: [(97.30169,318.01074),2.13040]
	2714.40604	   0.06596	[mu,kappa]: [(44.97589,73.89801),9.98935]
	 502.49292	   0.01222	[mu,kappa]: [(118.86174,311.41478),3.67535]
	 662.97701	   0.01612	[mu,kappa]: [(128.39233,310.61576),5.48917]
	 545.90160	   0.01328	[mu,kappa]: [(121.36508,311.19961),3.98702]
	 508.83414	   0.01237	[mu,kappa]: [(60.11981,329.74414),1.83783]
	 484.17788	   0.01178	[mu,kappa]: [(83.23318,317.71049),2.09588]
	 599.30667	   0.01457	[mu,kappa]: [(119.65153,309.67367),4.23755]
	 803.48910	   0.01953	[mu,kappa]: [(131.78450,310.47903),6.87732]
	 521.42916	   0.01268	[mu,kappa]: [(92.43849,317.10992),2.15186]
	 504.21490	   0.01226	[mu,kappa]: [(119.32148,312.39814),3.50646]
	 521.64429	   0.01269	[mu,kappa]: [(117.43786,312.63630),3.31824]
	 502.29979	   0.01222	[mu,kappa]: [(70.70443,327.09011),1.75783]
	 476.46633	   0.01159	[mu,kappa]: [(61.31945,333.65112),1.70378]
	 468.44937	   0.01139	[mu,kappa]: [(87.83614,317.28036),2.12085]
	 534.32041	   0.01299	[mu,kappa]: [(114.20819,309.64612),3.71079]
	 758.25238	   0.01843	[mu,kappa]: [(130.73144,309.82262),6.92206]
	 886.49662	   0.02155	[mu,kappa]: [(134.06981,310.86715),7.90974]
	 879.22432	   0.02137	[mu,kappa]: [(129.32164,308.45363),7.58441]
	 507.39691	   0.01234	[mu,kappa]: [(101.25255,313.44426),2.56672]
	 506.18153	   0.01231	[mu,kappa]: [(102.63836,314.89894),2.45061]
	 775.04583	   0.01884	[mu,kappa]: [(133.47238,311.32046),7.05834]
	 490.65928	   0.01193	[mu,kappa]: [(99.45667,315.60703),2.33355]
	1727.30356	   0.04198	[mu,kappa]: [(138.28236,311.28715),13.50692]
	 523.93885	   0.01274	[mu,kappa]: [(107.40735,310.54298),3.13788]
	 604.50356	   0.01470	[mu,kappa]: [(43.86548,348.03930),1.91290]
	1094.13754	   0.02659	[mu,kappa]: [(37.13094,56.75235),4.17747]
	 478.80654	   0.01164	[mu,kappa]: [(81.43528,318.10886),2.07693]
	 577.87332	   0.01405	[mu,kappa]: [(41.51682,5.17586),1.88265]
	 512.94349	   0.01247	[mu,kappa]: [(109.59622,311.44217),3.07997]
	 640.03400	   0.01556	[mu,kappa]: [(121.44170,308.84335),4.81500]
	 542.03734	   0.01318	[mu,kappa]: [(104.36063,311.38683),2.89790]
	 451.90998	   0.01099	[mu,kappa]: [(99.87790,317.84022),2.17190]
	1000.75976	   0.02433	[mu,kappa]: [(36.46621,52.85264),3.73561]
	1124.06818	   0.02732	[mu,kappa]: [(136.31039,310.95455),10.10801]
	 622.87006	   0.01515	[mu,kappa]: [(123.63417,308.68524),5.32362]
	 629.90984	   0.01532	[mu,kappa]: [(124.85588,310.50193),4.72951]
	 503.34693	   0.01224	[mu,kappa]: [(70.09123,318.22672),2.17818]
	 505.04425	   0.01228	[mu,kappa]: [(64.12608,327.92492),1.82182]
	 489.47991	   0.01190	[mu,kappa]: [(108.32188,314.06461),2.67961]
	 792.69404	   0.01927	[mu,kappa]: [(128.48484,308.95526),6.65302]
	 479.54766	   0.01166	[mu,kappa]: [(104.97359,313.80914),2.61104]
	 514.10165	   0.01250	[mu,kappa]: [(112.64926,311.02580),3.30633]
	 673.05904	   0.01636	[mu,kappa]: [(126.03471,309.52503),5.44310]
	 987.49426	   0.02400	[mu,kappa]: [(135.23436,310.78734),9.06451]
	 473.61866	   0.01152	[mu,kappa]: [(89.38281,324.17382),1.77766]
			msglen: 925860.70724 bits.
Iteration #: 8
	 456.48659	   0.01110	[mu,kappa]: [(83.78813,313.91520),2.45646]
	 502.20144	   0.01221	[mu,kappa]: [(124.03186,313.20603),3.84346]
	 580.76335	   0.01412	[mu,kappa]: [(127.38950,313.41741),4.24235]
	 602.10253	   0.01464	[mu,kappa]: [(35.43999,10.80909),2.38552]
	 521.36661	   0.01268	[mu,kappa]: [(117.66652,309.08715),4.25550]
	 656.62349	   0.01597	[mu,kappa]: [(125.78456,308.43561),6.09482]
	 453.38002	   0.01103	[mu,kappa]: [(88.06321,315.83698),2.29008]
	 869.80079	   0.02114	[mu,kappa]: [(131.12414,309.34934),7.62348]
	 486.76397	   0.01184	[mu,kappa]: [(46.43403,345.17558),1.95750]
	 592.14352	   0.01440	[mu,kappa]: [(36.61444,350.05241),2.41521]
	1751.41779	   0.04256	[mu,kappa]: [(144.66502,317.32009),14.57896]
	 849.87960	   0.02066	[mu,kappa]: [(133.47884,310.46632),7.91668]
	 458.39537	   0.01115	[mu,kappa]: [(78.89894,315.72402),2.33067]
	 766.42696	   0.01863	[mu,kappa]: [(131.20512,309.83083),7.16079]
	 437.43435	   0.01064	[mu,kappa]: [(93.35886,315.05609),2.37403]
	3175.64182	   0.07717	[mu,kappa]: [(48.14678,76.40489),13.41629]
	 481.39591	   0.01171	[mu,kappa]: [(118.13479,310.51947),3.88044]
	 652.37908	   0.01586	[mu,kappa]: [(130.20427,311.14484),5.76773]
	 524.83200	   0.01276	[mu,kappa]: [(121.33204,310.64369),4.19090]
	 490.90018	   0.01194	[mu,kappa]: [(57.33032,322.41821),2.31964]
	 469.65894	   0.01142	[mu,kappa]: [(78.03665,313.15408),2.57035]
	 579.23757	   0.01408	[mu,kappa]: [(118.51835,308.64216),4.51943]
	 809.04519	   0.01967	[mu,kappa]: [(134.33959,311.62396),7.29015]
	 498.41521	   0.01212	[mu,kappa]: [(87.60223,313.49538),2.49414]
	 481.55139	   0.01171	[mu,kappa]: [(119.10653,311.73673),3.67779]
	 497.07570	   0.01209	[mu,kappa]: [(116.72525,311.72117),3.49327]
	 478.37115	   0.01163	[mu,kappa]: [(66.97403,321.30450),2.13371]
	 451.92447	   0.01099	[mu,kappa]: [(58.59140,326.80750),2.06431]
	 451.12347	   0.01097	[mu,kappa]: [(82.68762,313.19390),2.53033]
	 516.53900	   0.01256	[mu,kappa]: [(111.49345,307.95701),4.04948]
	 759.94169	   0.01848	[mu,kappa]: [(132.79330,310.60335),7.31194]
	 911.52263	   0.02216	[mu,kappa]: [(137.15905,312.56959),8.48335]
	 880.80899	   0.02141	[mu,kappa]: [(130.49502,308.70926),8.00104]
	 487.12703	   0.01185	[mu,kappa]: [(96.71869,310.59853),2.90856]
	 481.60675	   0.01171	[mu,kappa]: [(98.77698,312.29946),2.71629]
	 789.45748	   0.01919	[mu,kappa]: [(136.67453,313.04836),7.54570]
	 467.28531	   0.01137	[mu,kappa]: [(95.20317,312.69694),2.62027]
	1916.22553	   0.04657	[mu,kappa]: [(141.42495,313.74637),15.03492]
	 507.22947	   0.01234	[mu,kappa]: [(103.28720,308.19835),3.52531]
	 575.29137	   0.01399	[mu,kappa]: [(42.52206,338.27795),2.30441]
	1048.32619	   0.02548	[mu,kappa]: [(38.51308,57.28595),4.58145]
	 465.24498	   0.01132	[mu,kappa]: [(76.30619,313.37214),2.56785]
	 537.83955	   0.01308	[mu,kappa]: [(40.04627,357.74565),2.10470]
	 492.41685	   0.01198	[mu,kappa]: [(106.25127,309.36913),3.38357]
	 622.85902	   0.01514	[mu,kappa]: [(120.53904,307.95518),5.13759]
	 524.27259	   0.01275	[mu,kappa]: [(99.84661,308.77165),3.28936]
	 426.56848	   0.01038	[mu,kappa]: [(96.35274,315.20319),2.38744]
	 949.10057	   0.02307	[mu,kappa]: [(37.28501,52.75710),4.05407]
	1194.49131	   0.02903	[mu,kappa]: [(139.56109,313.07951),11.02743]
	 609.05330	   0.01481	[mu,kappa]: [(123.32495,308.08414),5.64948]
	 611.74202	   0.01487	[mu,kappa]: [(125.61760,310.37874),4.96627]
	 504.53714	   0.01227	[mu,kappa]: [(65.74438,312.39795),2.90633]
	 486.14675	   0.01182	[mu,kappa]: [(60.87796,321.18179),2.28328]
	 464.75712	   0.01130	[mu,kappa]: [(105.50334,312.08390),2.89785]
	 787.34798	   0.01914	[mu,kappa]: [(129.64958,309.15413),7.01337]
	 457.23445	   0.01112	[mu,kappa]: [(101.27804,311.39845),2.88103]
	 493.38391	   0.01200	[mu,kappa]: [(109.96407,309.26712),3.58829]
	 659.17258	   0.01603	[mu,kappa]: [(126.75458,309.41629),5.73252]
	1032.14209	   0.02509	[mu,kappa]: [(138.38927,312.67880),9.79883]
	 443.58939	   0.01079	[mu,kappa]: [(85.94819,320.86134),1.97801]
			msglen: 923811.75102 bits.
Iteration #: 9
	 449.80489	   0.01094	[mu,kappa]: [(79.56775,310.74935),2.92361]
	 482.32946	   0.01173	[mu,kappa]: [(126.02974,314.54722),3.81070]
	 561.56163	   0.01366	[mu,kappa]: [(130.17976,315.35151),4.20517]
	 574.06597	   0.01396	[mu,kappa]: [(35.28426,5.87926),2.51822]
	 502.30655	   0.01222	[mu,kappa]: [(115.81891,307.95040),4.51698]
	 637.01950	   0.01549	[mu,kappa]: [(125.17515,307.80898),6.37506]
	 438.68828	   0.01067	[mu,kappa]: [(84.47099,313.42462),2.56657]
	 851.88630	   0.02071	[mu,kappa]: [(131.98265,309.54726),7.85957]
	 467.56194	   0.01137	[mu,kappa]: [(45.92932,340.61467),2.15177]
	 578.00692	   0.01406	[mu,kappa]: [(36.12310,341.45082),2.79767]
	2024.67264	   0.04920	[mu,kappa]: [(148.19729,322.19387),16.65126]
	 839.26398	   0.02040	[mu,kappa]: [(135.27487,311.37553),8.13237]
	 451.55728	   0.01098	[mu,kappa]: [(74.98108,312.27721),2.78742]
	 749.56568	   0.01822	[mu,kappa]: [(132.35527,310.23237),7.34601]
	 421.37192	   0.01025	[mu,kappa]: [(90.04133,313.09013),2.59998]
	3418.13359	   0.08306	[mu,kappa]: [(50.16565,77.90575),16.20346]
	 461.08078	   0.01121	[mu,kappa]: [(117.19530,309.89166),4.01040]
	 634.38609	   0.01542	[mu,kappa]: [(132.01756,312.08298),5.83278]
	 502.96400	   0.01223	[mu,kappa]: [(121.14957,310.38915),4.28481]
	 493.15931	   0.01199	[mu,kappa]: [(55.29432,316.76631),2.94176]
	 472.67177	   0.01150	[mu,kappa]: [(73.82939,309.44941),3.22882]
	 559.36892	   0.01360	[mu,kappa]: [(116.59478,307.45180),4.82411]
	 801.75581	   0.01949	[mu,kappa]: [(136.89943,313.23047),7.45309]
	 488.37960	   0.01188	[mu,kappa]: [(83.38996,310.61845),2.91287]
	 460.26260	   0.01119	[mu,kappa]: [(119.10463,311.70219),3.72726]
	 474.82611	   0.01155	[mu,kappa]: [(116.17747,311.39882),3.56666]
	 470.15602	   0.01143	[mu,kappa]: [(64.11932,317.04231),2.56168]
	 442.55894	   0.01076	[mu,kappa]: [(56.63778,321.88189),2.45661]
	 448.01770	   0.01090	[mu,kappa]: [(78.35005,309.86896),3.07285]
	 504.61707	   0.01227	[mu,kappa]: [(108.00594,306.12670),4.54011]
	 747.33627	   0.01817	[mu,kappa]: [(134.60410,311.51774),7.47995]
	 923.36462	   0.02245	[mu,kappa]: [(140.31376,314.94756),8.80749]
	 863.37098	   0.02099	[mu,kappa]: [(130.90143,308.62372),8.29858]
	 477.80246	   0.01162	[mu,kappa]: [(92.34898,308.11311),3.36762]
	 465.71467	   0.01133	[mu,kappa]: [(95.15489,310.26667),3.00560]
	 795.98838	   0.01935	[mu,kappa]: [(140.14316,315.74190),7.77391]
	 453.50522	   0.01103	[mu,kappa]: [(91.31077,310.40889),2.94583]
	2083.04966	   0.05062	[mu,kappa]: [(144.23805,316.58466),16.50368]
	 501.53547	   0.01220	[mu,kappa]: [(98.84456,305.90000),4.12676]
	 567.10464	   0.01379	[mu,kappa]: [(41.90348,330.53229),2.76929]
	 990.64216	   0.02408	[mu,kappa]: [(40.72001,56.54731),4.62384]
	 469.80223	   0.01143	[mu,kappa]: [(72.21056,309.53853),3.25263]
	 514.36026	   0.01251	[mu,kappa]: [(39.90453,353.10052),2.25528]
	 479.06639	   0.01165	[mu,kappa]: [(102.55037,307.40376),3.78400]
	 604.27264	   0.01469	[mu,kappa]: [(118.63905,306.75887),5.51485]
	 519.16449	   0.01263	[mu,kappa]: [(95.25132,306.31400),3.88375]
	 409.29345	   0.00996	[mu,kappa]: [(93.48578,313.63785),2.56108]
	 895.28659	   0.02176	[mu,kappa]: [(39.18958,51.73338),4.07606]
	1247.56984	   0.03032	[mu,kappa]: [(142.69124,315.77348),11.75823]
	 590.79905	   0.01437	[mu,kappa]: [(122.03824,307.14709),5.98493]
	 589.01712	   0.01432	[mu,kappa]: [(126.14617,310.45513),5.05815]
	 537.22228	   0.01306	[mu,kappa]: [(62.67343,307.92123),4.01977]
	 486.26407	   0.01183	[mu,kappa]: [(58.45110,315.99624),2.86832]
	 446.08385	   0.01085	[mu,kappa]: [(102.82499,310.66593),3.09235]
	 767.58110	   0.01866	[mu,kappa]: [(130.16158,309.13212),7.23625]
	 442.54968	   0.01076	[mu,kappa]: [(97.65663,309.41609),3.18814]
	 477.84402	   0.01162	[mu,kappa]: [(106.79112,307.55898),3.93741]
	 637.46253	   0.01550	[mu,kappa]: [(126.90431,309.20901),5.90373]
	1060.45177	   0.02578	[mu,kappa]: [(141.49081,315.14402),10.30849]
	 424.49288	   0.01033	[mu,kappa]: [(83.71261,319.51047),2.10357]
			msglen: 921993.20858 bits.
Iteration #: 10
	 444.13183	   0.01080	[mu,kappa]: [(76.61946,308.01587),3.55654]
	 465.04377	   0.01131	[mu,kappa]: [(129.63979,317.89858),3.63267]
	 547.57636	   0.01332	[mu,kappa]: [(134.60218,319.78446),4.00272]
	 558.91378	   0.01359	[mu,kappa]: [(35.66550,6.61938),2.58030]
	 484.76903	   0.01179	[mu,kappa]: [(113.48038,306.35140),5.02785]
	 618.33669	   0.01503	[mu,kappa]: [(123.46298,306.47768),6.94206]
	 421.15514	   0.01024	[mu,kappa]: [(81.98436,311.61674),2.85322]
	 826.01812	   0.02008	[mu,kappa]: [(131.87359,309.06465),8.18842]
	 451.75518	   0.01099	[mu,kappa]: [(45.13021,340.54672),2.25165]
	 573.55591	   0.01395	[mu,kappa]: [(34.94032,336.20339),3.25750]
	2342.14793	   0.05692	[mu,kappa]: [(150.99261,327.80473),18.74315]
	 817.61642	   0.01988	[mu,kappa]: [(136.43271,311.89721),8.28773]
	 444.99688	   0.01082	[mu,kappa]: [(72.18974,309.43860),3.36603]
	 724.98595	   0.01763	[mu,kappa]: [(132.71901,310.09957),7.54770]
	 402.34796	   0.00979	[mu,kappa]: [(87.85198,311.69852),2.81939]
	3505.84970	   0.08519	[mu,kappa]: [(51.14438,78.75320),18.09727]
	 439.24524	   0.01068	[mu,kappa]: [(116.24804,309.14681),4.18904]
	 612.19016	   0.01489	[mu,kappa]: [(133.79184,313.25664),5.77846]
	 479.08970	   0.01165	[mu,kappa]: [(120.95243,310.10362),4.38209]
	 501.78983	   0.01220	[mu,kappa]: [(53.40489,312.64020),3.74273]
	 482.31343	   0.01173	[mu,kappa]: [(71.10714,306.41480),4.17370]
	 542.82589	   0.01320	[mu,kappa]: [(114.02270,305.73750),5.45154]
	 786.83287	   0.01913	[mu,kappa]: [(139.29068,315.10920),7.44899]
	 478.50222	   0.01164	[mu,kappa]: [(80.39984,308.07348),3.48105]
	 437.44323	   0.01064	[mu,kappa]: [(119.72362,312.15176),3.71809]
	 450.72987	   0.01096	[mu,kappa]: [(116.21531,311.44231),3.60421]
	 461.72174	   0.01123	[mu,kappa]: [(61.76378,313.93869),3.03949]
	 433.43569	   0.01054	[mu,kappa]: [(54.64127,318.67506),2.86276]
	 448.05654	   0.01090	[mu,kappa]: [(75.40964,307.01100),3.84288]
	 502.16172	   0.01221	[mu,kappa]: [(104.48150,303.97515),5.57437]
	 725.95743	   0.01765	[mu,kappa]: [(135.88849,312.16574),7.56777]
	 927.66195	   0.02255	[mu,kappa]: [(143.30789,317.89374),8.93233]
	 840.96058	   0.02044	[mu,kappa]: [(130.16859,307.75965),8.80593]
	 471.98607	   0.01148	[mu,kappa]: [(89.07719,305.67737),4.11891]
	 448.41885	   0.01091	[mu,kappa]: [(92.43390,308.35197),3.40105]
	 801.30159	   0.01948	[mu,kappa]: [(143.77244,319.65623),7.77914]
	 438.60671	   0.01067	[mu,kappa]: [(88.44585,308.29905),3.38727]
	2223.39603	   0.05403	[mu,kappa]: [(146.37288,319.28306),17.95476]
	 507.64207	   0.01235	[mu,kappa]: [(95.26974,303.55970),5.30058]
	 566.57467	   0.01378	[mu,kappa]: [(40.57496,325.45071),3.33611]
	 983.27438	   0.02390	[mu,kappa]: [(44.68602,56.29844),4.46893]
	 481.65156	   0.01171	[mu,kappa]: [(69.57537,306.44874),4.22966]
	 498.70475	   0.01213	[mu,kappa]: [(39.87810,354.14710),2.31482]
	 469.79275	   0.01143	[mu,kappa]: [(99.27578,305.22803),4.52534]
	 592.32870	   0.01440	[mu,kappa]: [(115.83263,304.96738),6.33940]
	 524.69673	   0.01276	[mu,kappa]: [(91.77737,303.89370),4.98361]
	 389.03669	   0.00946	[mu,kappa]: [(91.83723,312.81234),2.69441]
	 887.45511	   0.02157	[mu,kappa]: [(43.18543,52.02244),3.95338]
	1286.69918	   0.03127	[mu,kappa]: [(145.35789,318.69016),12.34173]
	 576.65365	   0.01402	[mu,kappa]: [(119.68535,305.54361),6.70642]
	 563.15520	   0.01369	[mu,kappa]: [(126.39726,310.38563),5.13709]
	 593.62582	   0.01443	[mu,kappa]: [(60.90246,304.92724),5.54027]
	 490.96654	   0.01194	[mu,kappa]: [(56.37047,312.14346),3.60891]
	 425.32082	   0.01035	[mu,kappa]: [(100.85562,309.38711),3.33502]
	 742.55383	   0.01805	[mu,kappa]: [(129.67638,308.42646),7.58611]
	 427.48089	   0.01040	[mu,kappa]: [(94.80693,307.43119),3.64870]
	 465.44871	   0.01132	[mu,kappa]: [(103.72168,305.54841),4.59868]
	 612.72585	   0.01490	[mu,kappa]: [(126.25369,308.46005),6.17573]
	1077.12259	   0.02618	[mu,kappa]: [(144.23255,317.90999),10.64518]
	 403.26154	   0.00981	[mu,kappa]: [(83.04890,320.28775),2.10490]
			msglen: 920090.40298 bits.
Iteration #: 11
	 434.43264	   0.01057	[mu,kappa]: [(74.80649,305.60773),4.45888]
	 453.20356	   0.01102	[mu,kappa]: [(135.75770,325.66122),3.38086]
	 547.36820	   0.01331	[mu,kappa]: [(141.42225,330.26904),3.74432]
	 550.03512	   0.01338	[mu,kappa]: [(36.21464,12.08413),2.63819]
	 472.25145	   0.01149	[mu,kappa]: [(110.95317,304.23437),6.18767]
	 611.60105	   0.01487	[mu,kappa]: [(120.88159,304.50457),8.29494]
	 393.18619	   0.00956	[mu,kappa]: [(80.19883,309.89591),3.20202]
	 801.47988	   0.01948	[mu,kappa]: [(130.66243,307.66079),8.98000]
	 431.90736	   0.01051	[mu,kappa]: [(43.46430,344.32285),2.30214]
	 575.50483	   0.01399	[mu,kappa]: [(32.45361,333.00293),3.94707]
	2668.42473	   0.06484	[mu,kappa]: [(152.96518,333.54815),20.66701]
	 787.76931	   0.01915	[mu,kappa]: [(136.74769,311.62036),8.59795]
	 432.58740	   0.01052	[mu,kappa]: [(70.21339,306.97766),4.14536]
	 696.96995	   0.01695	[mu,kappa]: [(132.10965,309.08584),8.04655]
	 373.11019	   0.00908	[mu,kappa]: [(86.44786,310.36693),3.07800]
	3497.84345	   0.08499	[mu,kappa]: [(51.30886,79.25271),19.46079]
	 412.89434	   0.01004	[mu,kappa]: [(115.24514,307.90233),4.57517]
	 584.75936	   0.01422	[mu,kappa]: [(135.58098,314.61320),5.69565]
	 449.99610	   0.01094	[mu,kappa]: [(120.69141,309.43459),4.61081]
	 512.13519	   0.01245	[mu,kappa]: [(51.18715,309.73475),4.77828]
	 494.09871	   0.01202	[mu,kappa]: [(69.67678,304.19389),5.42990]
	 536.87662	   0.01306	[mu,kappa]: [(111.25858,303.58986),6.88229]
	 764.32131	   0.01858	[mu,kappa]: [(141.48270,317.18259),7.36038]
	 463.34770	   0.01127	[mu,kappa]: [(78.55427,305.70028),4.31818]
	 408.87510	   0.00995	[mu,kappa]: [(121.12143,312.98799),3.70243]
	 419.80573	   0.01021	[mu,kappa]: [(116.89691,311.59821),3.66677]
	 445.64949	   0.01084	[mu,kappa]: [(59.34305,311.44490),3.62846]
	 417.54850	   0.01016	[mu,kappa]: [(51.97202,316.36685),3.34822]
	 447.12138	   0.01088	[mu,kappa]: [(73.78027,304.66351),4.93559]
	 521.19198	   0.01267	[mu,kappa]: [(101.93290,301.97413),7.69557]
	 697.05452	   0.01695	[mu,kappa]: [(136.47394,312.16909),7.75401]
	 924.15990	   0.02247	[mu,kappa]: [(146.07835,321.44637),8.89423]
	 829.32253	   0.02016	[mu,kappa]: [(128.31880,306.07714),9.99509]
	 469.38328	   0.01142	[mu,kappa]: [(87.30199,303.42298),5.40756]
	 424.63409	   0.01033	[mu,kappa]: [(90.62161,306.24101),4.04361]
	 809.61275	   0.01968	[mu,kappa]: [(147.62146,325.69998),7.59264]
	 417.49903	   0.01016	[mu,kappa]: [(86.59452,306.09106),4.07929]
	2318.14573	   0.05633	[mu,kappa]: [(147.69311,321.24237),19.45409]
	 535.23099	   0.01302	[mu,kappa]: [(93.49173,301.70282),7.43403]
	 570.13884	   0.01386	[mu,kappa]: [(38.03584,322.01414),4.14262]
	1039.55713	   0.02527	[mu,kappa]: [(50.72613,56.82713),4.27140]
	 496.03990	   0.01206	[mu,kappa]: [(68.15489,304.24518),5.50088]
	 484.01448	   0.01177	[mu,kappa]: [(39.68721,0.24561),2.33797]
	 468.03233	   0.01138	[mu,kappa]: [(97.05234,303.01004),5.99061]
	 601.16638	   0.01462	[mu,kappa]: [(112.81098,302.89549),8.19377]
	 547.53928	   0.01331	[mu,kappa]: [(90.18310,301.96604),6.90840]
	 358.66850	   0.00873	[mu,kappa]: [(91.10000,312.26381),2.81417]
	 934.32351	   0.02271	[mu,kappa]: [(49.52823,53.60533),3.81574]
	1305.36707	   0.03173	[mu,kappa]: [(147.39346,321.38935),12.80715]
	 579.37068	   0.01409	[mu,kappa]: [(116.75934,303.49616),8.37153]
	 532.30136	   0.01294	[mu,kappa]: [(126.28630,309.83442),5.35621]
	 660.57192	   0.01606	[mu,kappa]: [(59.76006,303.35399),7.08166]
	 494.81624	   0.01203	[mu,kappa]: [(54.15640,309.32603),4.56213]
	 396.98753	   0.00966	[mu,kappa]: [(99.52647,307.81661),3.73411]
	 720.86792	   0.01753	[mu,kappa]: [(128.10922,306.84464),8.45010]
	 408.76622	   0.00994	[mu,kappa]: [(92.88378,305.23155),4.45477]
	 459.57448	   0.01118	[mu,kappa]: [(101.30960,303.32503),5.97150]
	 588.31744	   0.01431	[mu,kappa]: [(124.71588,306.90569),6.86388]
	1079.12994	   0.02623	[mu,kappa]: [(146.46889,320.67319),10.84989]
	 373.10924	   0.00908	[mu,kappa]: [(83.70836,323.41004),1.98560]
			msglen: 917703.62122 bits.
Iteration #: 12
	 419.95448	   0.01022	[mu,kappa]: [(73.72302,303.87892),5.61742]
	 447.05366	   0.01087	[mu,kappa]: [(143.44079,341.91198),3.30769]
	 571.13008	   0.01389	[mu,kappa]: [(148.43697,352.86993),3.80648]
	 538.12863	   0.01309	[mu,kappa]: [(35.93118,18.16414),2.84513]
	 472.88386	   0.01150	[mu,kappa]: [(109.01118,302.24888),8.43252]
	 630.53012	   0.01533	[mu,kappa]: [(118.53565,302.65786),10.82843]
	 353.07816	   0.00859	[mu,kappa]: [(78.39898,307.96992),3.71645]
	 789.93271	   0.01920	[mu,kappa]: [(128.85860,305.67134),10.73225]
	 403.86110	   0.00982	[mu,kappa]: [(40.35962,349.50712),2.45810]
	 598.15856	   0.01454	[mu,kappa]: [(28.87694,330.77717),5.18243]
	2959.91174	   0.07192	[mu,kappa]: [(154.21436,338.72521),22.45189]
	 751.70033	   0.01828	[mu,kappa]: [(136.25345,310.29046),9.46625]
	 413.94051	   0.01007	[mu,kappa]: [(68.55582,305.14641),5.13336]
	 669.89741	   0.01629	[mu,kappa]: [(130.75177,307.20289),9.29663]
	 330.89857	   0.00805	[mu,kappa]: [(85.02681,308.63155),3.48049]
	3430.53922	   0.08336	[mu,kappa]: [(50.85510,79.65097),20.82051]
	 379.30483	   0.00923	[mu,kappa]: [(114.01990,305.87437),5.45283]
	 544.13316	   0.01323	[mu,kappa]: [(137.30509,315.73652),5.77658]
	 410.37779	   0.00998	[mu,kappa]: [(120.09494,307.88361),5.20211]
	 527.08080	   0.01282	[mu,kappa]: [(48.20329,308.11859),6.00657]
	 501.25495	   0.01219	[mu,kappa]: [(68.89010,303.02258),6.73428]
	 553.51811	   0.01346	[mu,kappa]: [(109.29855,301.81692),9.48311]
	 727.87125	   0.01770	[mu,kappa]: [(143.43562,319.12063),7.41406]
	 442.87851	   0.01077	[mu,kappa]: [(77.52854,303.84436),5.47277]
	 366.56511	   0.00892	[mu,kappa]: [(122.86378,313.58084),3.78772]
	 374.54174	   0.00911	[mu,kappa]: [(117.68358,311.16515),3.87471]
	 423.66140	   0.01031	[mu,kappa]: [(56.29622,309.51899),4.41216]
	 397.83439	   0.00968	[mu,kappa]: [(48.17642,314.56998),4.05941]
	 442.71297	   0.01077	[mu,kappa]: [(72.99402,303.20061),6.23086]
	 572.37266	   0.01392	[mu,kappa]: [(101.01405,300.93437),10.75950]
	 659.01931	   0.01602	[mu,kappa]: [(136.33051,311.15094),8.38508]
	 907.73234	   0.02207	[mu,kappa]: [(148.57789,325.48075),8.90607]
	 846.74614	   0.02058	[mu,kappa]: [(126.22221,304.21955),12.30636]
	 472.06775	   0.01148	[mu,kappa]: [(86.97894,301.94299),7.25507]
	 394.70979	   0.00960	[mu,kappa]: [(89.52600,304.09892),5.12568]
	 821.90525	   0.01998	[mu,kappa]: [(151.49183,335.22807),7.46363]
	 390.61503	   0.00950	[mu,kappa]: [(85.53389,304.01623),5.17663]
	2371.84976	   0.05764	[mu,kappa]: [(148.23692,322.01377),21.32273]
	 587.17688	   0.01428	[mu,kappa]: [(93.45694,300.90319),10.17259]
	 591.44543	   0.01438	[mu,kappa]: [(34.36125,319.82337),5.42612]
	1129.14852	   0.02745	[mu,kappa]: [(57.53161,57.52304),4.21271]
	 505.36809	   0.01229	[mu,kappa]: [(67.26373,303.11606),6.78329]
	 463.12336	   0.01126	[mu,kappa]: [(38.73272,7.78632),2.47465]
	 480.88511	   0.01170	[mu,kappa]: [(96.28868,301.49841),8.34466]
	 646.74676	   0.01573	[mu,kappa]: [(110.82077,301.45851),11.22364]
	 588.55938	   0.01431	[mu,kappa]: [(90.29136,301.07776),9.36426]
	 313.99518	   0.00764	[mu,kappa]: [(90.27069,311.28194),3.00565]
	1008.03302	   0.02450	[mu,kappa]: [(56.64808,55.25443),3.81489]
	1298.69551	   0.03156	[mu,kappa]: [(148.75462,323.28699),13.39153]
	 613.78660	   0.01492	[mu,kappa]: [(114.52718,301.88812),11.23635]
	 491.28174	   0.01195	[mu,kappa]: [(125.67187,308.35899),5.98803]
	 713.45351	   0.01735	[mu,kappa]: [(58.40880,302.77141),8.29857]
	 499.71866	   0.01215	[mu,kappa]: [(51.31543,307.66607),5.69497]
	 358.89277	   0.00873	[mu,kappa]: [(98.44116,305.71487),4.48521]
	 713.32839	   0.01734	[mu,kappa]: [(126.08110,304.80314),10.32050]
	 388.21403	   0.00944	[mu,kappa]: [(91.88951,303.16725),5.83662]
	 468.31765	   0.01139	[mu,kappa]: [(100.14175,301.64167),8.33765]
	 568.76203	   0.01383	[mu,kappa]: [(122.72480,304.76322),8.43399]
	1061.66725	   0.02581	[mu,kappa]: [(148.14363,322.93646),11.15609]
	 329.04794	   0.00801	[mu,kappa]: [(84.45863,328.41969),1.83269]
			msglen: 914912.10590 bits.
Iteration #: 13
	 402.14303	   0.00978	[mu,kappa]: [(73.08271,303.01353),6.86401]
	 445.29473	   0.01083	[mu,kappa]: [(147.91801,6.23785),3.72093]
	 627.69898	   0.01526	[mu,kappa]: [(149.46834,21.91691),4.67894]
	 516.14966	   0.01255	[mu,kappa]: [(33.99022,22.05543),3.32482]
	 490.97186	   0.01194	[mu,kappa]: [(108.14457,301.19215),11.16060]
	 674.26173	   0.01639	[mu,kappa]: [(117.37707,301.65678),13.75820]
	 309.20294	   0.00752	[mu,kappa]: [(76.57937,306.13633),4.47501]
	 803.04627	   0.01952	[mu,kappa]: [(127.54789,303.96763),13.39783]
	 368.61534	   0.00897	[mu,kappa]: [(36.09028,353.47110),2.85747]
	 662.40120	   0.01611	[mu,kappa]: [(25.32120,329.75757),7.06974]
	3181.47577	   0.07731	[mu,kappa]: [(154.91970,342.78354),24.28495]
	 719.28648	   0.01749	[mu,kappa]: [(135.41012,308.24804),11.25301]
	 392.25306	   0.00954	[mu,kappa]: [(67.14659,304.15760),6.21979]
	 654.69296	   0.01592	[mu,kappa]: [(129.48105,305.15684),11.51393]
	 283.67503	   0.00690	[mu,kappa]: [(83.41753,306.63071),4.13088]
	3341.91189	   0.08121	[mu,kappa]: [(50.10041,80.06365),22.37138]
	 346.71602	   0.00844	[mu,kappa]: [(112.83702,303.59273),7.04453]
	 486.95438	   0.01184	[mu,kappa]: [(138.63964,315.75515),6.21585]
	 366.17195	   0.00891	[mu,kappa]: [(119.16343,305.54719),6.39275]
	 548.40324	   0.01334	[mu,kappa]: [(44.97443,307.52833),7.32210]
	 497.51329	   0.01210	[mu,kappa]: [(68.30690,302.63835),7.90246]
	 591.16889	   0.01437	[mu,kappa]: [(108.50821,301.03432),12.34574]
	 672.66853	   0.01635	[mu,kappa]: [(144.95579,320.10798),7.86155]
	 420.69475	   0.01023	[mu,kappa]: [(77.05408,302.82700),6.80178]
	 310.96534	   0.00757	[mu,kappa]: [(124.15918,312.96631),4.08132]
	 317.94432	   0.00774	[mu,kappa]: [(117.90608,309.50609),4.36124]
	 402.84223	   0.00980	[mu,kappa]: [(53.03808,308.40564),5.38854]
	 383.19875	   0.00932	[mu,kappa]: [(44.02545,313.49796),5.07463]
	 432.43654	   0.01052	[mu,kappa]: [(72.60148,302.59762),7.50847]
	 635.78801	   0.01546	[mu,kappa]: [(100.94855,300.79348),13.55792]
	 617.77567	   0.01502	[mu,kappa]: [(135.72761,309.18096),9.81201]
	 871.08763	   0.02118	[mu,kappa]: [(150.62361,329.25075),9.23559]
	 897.63286	   0.02182	[mu,kappa]: [(125.00785,302.98206),15.27703]
	 477.11751	   0.01160	[mu,kappa]: [(87.34772,301.39426),9.21660]
	 367.06540	   0.00893	[mu,kappa]: [(89.06929,302.55777),6.65647]
	 833.40442	   0.02026	[mu,kappa]: [(154.45513,348.32632),7.74259]
	 364.97630	   0.00888	[mu,kappa]: [(85.11975,302.63313),6.63871]
	2417.51911	   0.05875	[mu,kappa]: [(148.17599,321.63044),23.96068]
	 641.71054	   0.01560	[mu,kappa]: [(93.94633,300.89087),12.61801]
	 646.45284	   0.01572	[mu,kappa]: [(30.59933,318.94323),7.19241]
	1196.42053	   0.02908	[mu,kappa]: [(63.34531,58.14572),4.39872]
	 503.08293	   0.01223	[mu,kappa]: [(66.51534,302.75931),7.91327]
	 431.21314	   0.01049	[mu,kappa]: [(36.39964,13.32581),2.83828]
	 504.56719	   0.01227	[mu,kappa]: [(96.37391,300.98352),10.84155]
	 714.95841	   0.01738	[mu,kappa]: [(110.06616,300.97841),14.19982]
	 629.82304	   0.01531	[mu,kappa]: [(90.89903,300.98987),11.61515]
	 261.46736	   0.00636	[mu,kappa]: [(88.79430,309.52491),3.36754]
	1057.98854	   0.02572	[mu,kappa]: [(62.56259,56.49941),4.03437]
	1268.83056	   0.03084	[mu,kappa]: [(149.46995,323.83753),14.42133]
	 671.42581	   0.01632	[mu,kappa]: [(113.57117,301.21190),14.21443]
	 445.89559	   0.01085	[mu,kappa]: [(124.71949,306.07601),7.29694]
	 742.82503	   0.01806	[mu,kappa]: [(56.85783,302.69435),9.26704]
	 507.64573	   0.01235	[mu,kappa]: [(48.25599,307.01596),6.90430]
	 320.16740	   0.00779	[mu,kappa]: [(97.57631,303.58946),5.74982]
	 729.41547	   0.01773	[mu,kappa]: [(124.73197,303.19502),13.02557]
	 372.67748	   0.00907	[mu,kappa]: [(91.66629,301.89098),7.68510]
	 490.93903	   0.01194	[mu,kappa]: [(99.93211,300.97508),10.95398]
	 563.99987	   0.01371	[mu,kappa]: [(121.29586,302.92344),10.86879]
	1022.75395	   0.02486	[mu,kappa]: [(149.21827,324.01448),11.87243]
	 272.61347	   0.00664	[mu,kappa]: [(83.82301,333.73878),1.73403]
			msglen: 912326.55551 bits.
Iteration #: 14
	 387.15823	   0.00942	[mu,kappa]: [(72.84229,302.68262),8.14167]
	 447.41415	   0.01088	[mu,kappa]: [(147.33236,26.99296),4.77935]
	 722.09583	   0.01756	[mu,kappa]: [(146.16579,39.96843),6.67389]
	 490.36895	   0.01193	[mu,kappa]: [(31.40428,24.33902),4.12305]
	 510.49548	   0.01241	[mu,kappa]: [(107.77752,300.84468),13.22270]
	 714.67771	   0.01738	[mu,kappa]: [(117.10618,301.30498),15.93017]
	 273.39587	   0.00665	[mu,kappa]: [(75.32535,304.73462),5.51118]
	 834.12639	   0.02028	[mu,kappa]: [(127.18345,302.95542),16.06542]
	 333.77213	   0.00812	[mu,kappa]: [(32.09154,356.02161),3.53088]
	 757.29223	   0.01841	[mu,kappa]: [(22.53766,330.20149),9.07619]
	3315.86102	   0.08057	[mu,kappa]: [(155.29263,345.67699),26.28529]
	 705.97406	   0.01716	[mu,kappa]: [(134.84171,306.30797),13.77290]
	 373.36470	   0.00908	[mu,kappa]: [(66.36127,303.71549),7.36793]
	 658.17200	   0.01600	[mu,kappa]: [(128.96618,303.66164),14.10246]
	 244.54716	   0.00595	[mu,kappa]: [(82.12738,304.84093),5.09816]
	3262.88636	   0.07929	[mu,kappa]: [(49.35498,80.48041),23.98890]
	 326.27098	   0.00794	[mu,kappa]: [(112.05261,301.89949),8.96833]
	 425.59407	   0.01035	[mu,kappa]: [(139.32508,314.22502),7.11215]
	 332.43547	   0.00809	[mu,kappa]: [(118.33410,303.30091),8.08981]
	 568.23406	   0.01382	[mu,kappa]: [(42.61672,307.32975),8.55532]
	 489.78041	   0.01191	[mu,kappa]: [(68.05689,302.60218),8.99899]
	 623.82827	   0.01517	[mu,kappa]: [(108.19268,300.86967),14.36277]
	 608.29308	   0.01479	[mu,kappa]: [(145.85730,319.51078),8.80656]
	 403.89683	   0.00982	[mu,kappa]: [(76.92088,302.40459),8.19397]
	 255.49351	   0.00622	[mu,kappa]: [(124.55429,310.84549),4.65416]
	 265.57039	   0.00646	[mu,kappa]: [(117.43219,306.89771),5.21750]
	 386.08225	   0.00939	[mu,kappa]: [(50.72914,307.89045),6.45407]
	 375.00841	   0.00912	[mu,kappa]: [(40.93072,313.10142),6.23393]
	 422.21533	   0.01027	[mu,kappa]: [(72.50580,302.44286),8.75016]
	 683.38000	   0.01662	[mu,kappa]: [(100.85748,301.05911),15.40729]
	 589.48809	   0.01433	[mu,kappa]: [(135.18626,307.00571),12.00490]
	 815.52398	   0.01983	[mu,kappa]: [(152.06569,331.73316),9.96583]
	 956.45970	   0.02325	[mu,kappa]: [(124.78563,302.41834),17.84832]
	 483.70164	   0.01176	[mu,kappa]: [(87.59011,301.35559),10.91159]
	 350.11016	   0.00852	[mu,kappa]: [(88.85149,301.76466),8.35586]
	 838.11517	   0.02037	[mu,kappa]: [(155.71870,2.02686),8.60194]
	 348.33894	   0.00848	[mu,kappa]: [(84.97020,301.95808),8.24269]
	2487.60715	   0.06045	[mu,kappa]: [(147.76755,320.65855),27.42188]
	 682.94646	   0.01660	[mu,kappa]: [(94.14385,301.22900),14.33387]
	 719.81971	   0.01750	[mu,kappa]: [(27.71492,318.94013),8.95951]
	1219.42212	   0.02964	[mu,kappa]: [(67.56369,58.77279),4.85755]
	 495.92859	   0.01206	[mu,kappa]: [(66.14201,302.73215),8.96937]
	 394.49400	   0.00960	[mu,kappa]: [(33.53780,16.80756),3.45852]
	 526.44275	   0.01280	[mu,kappa]: [(96.37042,301.00299),12.74656]
	 767.20958	   0.01865	[mu,kappa]: [(109.80569,301.00424),16.14836]
	 661.74784	   0.01609	[mu,kappa]: [(91.19461,301.26376),13.28462]
	 214.79356	   0.00523	[mu,kappa]: [(87.12455,307.32905),3.98771]
	1065.30920	   0.02589	[mu,kappa]: [(66.70162,57.49530),4.49790]
	1227.92372	   0.02985	[mu,kappa]: [(149.66236,323.03965),15.99444]
	 717.89804	   0.01745	[mu,kappa]: [(113.30948,301.09651),16.23828]
	 412.06619	   0.01002	[mu,kappa]: [(123.97654,303.85133),9.16145]
	 755.61247	   0.01837	[mu,kappa]: [(55.79468,302.75361),10.12001]
	 514.34018	   0.01251	[mu,kappa]: [(46.05943,306.80285),8.05998]
	 293.47974	   0.00714	[mu,kappa]: [(96.92785,302.08235),7.38581]
	 758.35197	   0.01844	[mu,kappa]: [(124.38751,302.30953),15.54622]
	 365.99850	   0.00890	[mu,kappa]: [(91.56515,301.35861),9.52052]
	 512.61884	   0.01247	[mu,kappa]: [(99.78338,300.90169),12.92509]
	 571.70411	   0.01390	[mu,kappa]: [(120.81605,301.83850),13.20455]
	 970.87504	   0.02360	[mu,kappa]: [(149.72920,323.59794),13.10410]
	 213.98722	   0.00521	[mu,kappa]: [(81.45395,337.73406),1.71763]
			msglen: 910344.46374 bits.
Iteration #: 15
	 380.24714	   0.00925	[mu,kappa]: [(72.86721,302.59628),9.32263]
	 448.18701	   0.01090	[mu,kappa]: [(145.16824,38.28235),6.43984]
	 839.02322	   0.02040	[mu,kappa]: [(143.46587,47.54135),9.56964]
	 473.64330	   0.01152	[mu,kappa]: [(29.30682,26.29384),5.20626]
	 520.32556	   0.01265	[mu,kappa]: [(107.47197,300.75574),14.41086]
	 735.07787	   0.01787	[mu,kappa]: [(117.17351,301.21788),17.14271]
	 251.24091	   0.00612	[mu,kappa]: [(74.73425,303.79990),6.74915]
	 864.38646	   0.02101	[mu,kappa]: [(127.39837,302.42938),18.05960]
	 307.24613	   0.00748	[mu,kappa]: [(29.19934,358.29523),4.41469]
	 845.90455	   0.02056	[mu,kappa]: [(20.46062,331.81920),10.64700]
	3372.90834	   0.08196	[mu,kappa]: [(155.49930,347.69426),28.54522]
	 712.76596	   0.01733	[mu,kappa]: [(134.72869,304.90600),16.30105]
	 362.00794	   0.00881	[mu,kappa]: [(66.19452,303.51567),8.49248]
	 671.20083	   0.01632	[mu,kappa]: [(129.06945,302.74234),16.27390]
	 219.91366	   0.00536	[mu,kappa]: [(81.31891,303.53120),6.33116]
	3199.50486	   0.07775	[mu,kappa]: [(48.74766,80.86496),25.51078]
	 315.57326	   0.00768	[mu,kappa]: [(111.58352,300.84947),10.54183]
	 375.36499	   0.00913	[mu,kappa]: [(139.43394,311.67404),8.47922]
	 312.91074	   0.00761	[mu,kappa]: [(117.87907,301.67794),9.75446]
	 577.91126	   0.01405	[mu,kappa]: [(41.40693,307.08860),9.56057]
	 486.23011	   0.01183	[mu,kappa]: [(68.11935,302.68235),9.96492]
	 639.63605	   0.01555	[mu,kappa]: [(107.92680,300.91164),15.45918]
	 550.70589	   0.01339	[mu,kappa]: [(146.15972,317.55441),10.22075]
	 397.10834	   0.00966	[mu,kappa]: [(76.92829,302.27796),9.46783]
	 211.87593	   0.00516	[mu,kappa]: [(124.20111,307.90131),5.54455]
	 228.23325	   0.00556	[mu,kappa]: [(116.65252,304.24987),6.40301]
	 372.75467	   0.00907	[mu,kappa]: [(49.69654,307.57646),7.46821]
	 368.03129	   0.00895	[mu,kappa]: [(39.23392,312.96932),7.27444]
	 418.33438	   0.01018	[mu,kappa]: [(72.60145,302.47140),9.84765]
	 710.64189	   0.01728	[mu,kappa]: [(100.58396,301.45496),16.42335]
	 580.90672	   0.01413	[mu,kappa]: [(135.00364,305.26540),14.40715]
	 751.03753	   0.01826	[mu,kappa]: [(152.93570,332.38919),11.04525]
	 999.33358	   0.02429	[mu,kappa]: [(125.06043,302.22772),19.57610]
	 492.74148	   0.01198	[mu,kappa]: [(87.57621,301.51628),12.13770]
	 344.29486	   0.00838	[mu,kappa]: [(88.56569,301.42029),9.84797]
	 828.62941	   0.02014	[mu,kappa]: [(155.71574,12.34778),10.05128]
	 342.47614	   0.00833	[mu,kappa]: [(84.79717,301.68754),9.67964]
	2586.86061	   0.06286	[mu,kappa]: [(147.25175,319.75203),31.31784]
	 711.06249	   0.01729	[mu,kappa]: [(94.04087,301.69103),15.35658]
	 778.70535	   0.01893	[mu,kappa]: [(25.75654,319.26402),10.28822]
	1219.19329	   0.02963	[mu,kappa]: [(70.31983,59.40811),5.56118]
	 492.08647	   0.01197	[mu,kappa]: [(66.15490,302.80501),9.90569]
	 364.74713	   0.00887	[mu,kappa]: [(31.18667,19.46841),4.31397]
	 542.20016	   0.01319	[mu,kappa]: [(96.12659,301.20714),13.94632]
	 791.46801	   0.01924	[mu,kappa]: [(109.61716,301.19184),17.13130]
	 685.77283	   0.01667	[mu,kappa]: [(91.17239,301.66758),14.33365]
	 182.02821	   0.00443	[mu,kappa]: [(85.75078,305.26114),4.90180]
	1051.05860	   0.02555	[mu,kappa]: [(69.30196,58.33898),5.18794]
	1190.59161	   0.02894	[mu,kappa]: [(149.53568,321.47404),17.90563]
	 739.34493	   0.01797	[mu,kappa]: [(113.24200,301.17670),17.27857]
	 393.69619	   0.00958	[mu,kappa]: [(123.72404,302.22039),11.00349]
	 760.38927	   0.01849	[mu,kappa]: [(55.39582,302.76894),10.85142]
	 515.28780	   0.01253	[mu,kappa]: [(45.01081,306.60405),9.04084]
	 280.36877	   0.00682	[mu,kappa]: [(96.30653,301.20726),8.94456]
	 781.69130	   0.01900	[mu,kappa]: [(124.60007,301.86437),17.30129]
	 366.27006	   0.00891	[mu,kappa]: [(91.29800,301.18846),10.96428]
	 526.72256	   0.01281	[mu,kappa]: [(99.46131,301.03058),14.12878]
	 578.40184	   0.01406	[mu,kappa]: [(120.87696,301.23092),14.81322]
	 920.46705	   0.02238	[mu,kappa]: [(149.82374,322.07161),14.71771]
	 163.26993	   0.00398	[mu,kappa]: [(77.67813,339.79014),1.77565]
			msglen: 909013.10554 bits.
Iteration #: 16
	 379.47955	   0.00923	[mu,kappa]: [(72.94625,302.62924),10.19214]
	 443.82037	   0.01079	[mu,kappa]: [(143.54226,43.30858),8.32527]
	 936.58668	   0.02277	[mu,kappa]: [(142.32911,50.28349),12.36317]
	 471.56598	   0.01147	[mu,kappa]: [(27.93460,28.31854),6.45560]
	 522.95168	   0.01272	[mu,kappa]: [(107.16103,300.71700),15.03921]
	 739.86422	   0.01799	[mu,kappa]: [(117.28244,301.21086),17.72054]
	 240.67911	   0.00586	[mu,kappa]: [(74.48638,303.24555),7.94236]
	 884.42116	   0.02150	[mu,kappa]: [(127.76567,302.15720),19.28841]
	 291.10952	   0.00708	[mu,kappa]: [(27.37824,0.83528),5.38479]
	 908.12041	   0.02208	[mu,kappa]: [(18.91470,334.12937),11.67847]
	3389.11093	   0.08235	[mu,kappa]: [(155.63785,349.22330),31.03835]
	 727.34734	   0.01768	[mu,kappa]: [(134.86528,303.98203),18.21440]
	 357.60703	   0.00870	[mu,kappa]: [(66.25718,303.44390),9.41275]
	 683.24613	   0.01661	[mu,kappa]: [(129.39072,302.17127),17.72982]
	 207.69951	   0.00506	[mu,kappa]: [(80.82231,302.70539),7.58133]
	3141.60328	   0.07634	[mu,kappa]: [(48.27965,81.20936),26.91515]
	 309.00118	   0.00752	[mu,kappa]: [(111.24494,300.13104),11.61481]
	 342.93570	   0.00834	[mu,kappa]: [(139.33292,309.13486),10.10758]
	 301.86263	   0.00735	[mu,kappa]: [(117.67621,300.56560),11.03093]
	 579.90137	   0.01410	[mu,kappa]: [(40.97749,306.66979),10.36713]
	 486.99095	   0.01184	[mu,kappa]: [(68.24598,302.80997),10.64436]
	 644.24688	   0.01566	[mu,kappa]: [(107.64623,300.98472),16.00733]
	 510.14780	   0.01241	[mu,kappa]: [(146.14867,315.19656),11.85255]
	 397.07235	   0.00966	[mu,kappa]: [(76.95544,302.29100),10.38880]
	 183.18214	   0.00446	[mu,kappa]: [(123.65260,305.18571),6.65927]
	 205.77943	   0.00501	[mu,kappa]: [(115.99023,302.20467),7.66688]
	 363.25149	   0.00884	[mu,kappa]: [(49.45606,307.28396),8.36593]
	 360.47195	   0.00877	[mu,kappa]: [(38.52854,312.80034),8.11352]
	 419.31629	   0.01020	[mu,kappa]: [(72.71511,302.58126),10.61231]
	 725.45146	   0.01764	[mu,kappa]: [(100.27232,301.86638),16.96628]
	 584.17623	   0.01420	[mu,kappa]: [(135.08633,304.05037),16.37256]
	 692.16075	   0.01683	[mu,kappa]: [(153.44991,331.72689),12.29203]
	1022.41307	   0.02485	[mu,kappa]: [(125.42828,302.21578),20.56602]
	 501.61932	   0.01220	[mu,kappa]: [(87.50172,301.72839),12.86413]
	 344.51264	   0.00838	[mu,kappa]: [(88.28938,301.26561),10.91686]
	 808.17817	   0.01965	[mu,kappa]: [(155.41005,18.41503),11.95015]
	 342.83094	   0.00834	[mu,kappa]: [(84.63070,301.59451),10.71175]
	2690.48167	   0.06538	[mu,kappa]: [(146.77044,319.26988),35.11704]
	 729.83732	   0.01774	[mu,kappa]: [(93.88101,302.17463),15.90389]
	 810.85753	   0.01971	[mu,kappa]: [(24.50818,319.52945),11.14349]
	1221.78816	   0.02970	[mu,kappa]: [(72.22215,60.03417),6.37577]
	 492.34807	   0.01197	[mu,kappa]: [(66.26894,302.91616),10.57864]
	 347.59013	   0.00846	[mu,kappa]: [(29.63186,21.87514),5.32673]
	 552.86392	   0.01344	[mu,kappa]: [(95.84586,301.44279),14.62723]
	 798.29525	   0.01941	[mu,kappa]: [(109.40714,301.40034),17.58499]
	 703.07730	   0.01709	[mu,kappa]: [(91.08259,302.09434),14.89365]
	 162.82440	   0.00397	[mu,kappa]: [(84.77365,303.70197),6.00369]
	1040.35319	   0.02529	[mu,kappa]: [(71.05452,59.06011),5.98799]
	1163.55266	   0.02828	[mu,kappa]: [(149.32608,319.84990),19.70245]
	 744.03714	   0.01809	[mu,kappa]: [(113.17526,301.29628),17.74448]
	 384.21821	   0.00935	[mu,kappa]: [(123.77251,301.10041),12.42087]
	 763.82286	   0.01857	[mu,kappa]: [(55.30447,302.71697),11.41247]
	 513.07885	   0.01248	[mu,kappa]: [(44.70079,306.29028),9.85157]
	 275.23172	   0.00670	[mu,kappa]: [(95.74663,300.67089),10.15349]
	 794.02030	   0.01930	[mu,kappa]: [(124.94654,301.62584),18.32466]
	 369.40720	   0.00899	[mu,kappa]: [(91.01577,301.14046),11.92170]
	 535.09616	   0.01301	[mu,kappa]: [(99.11139,301.19209),14.80795]
	 579.78261	   0.01410	[mu,kappa]: [(121.08077,300.83144),15.74818]
	 881.82103	   0.02144	[mu,kappa]: [(149.74973,320.22594),16.34416]
	 124.89869	   0.00305	[mu,kappa]: [(73.39762,340.53216),1.88819]
			msglen: 908231.12607 bits.
Iteration #: 17
	 380.76534	   0.00926	[mu,kappa]: [(72.99109,302.72038),10.68807]
	 436.75278	   0.01062	[mu,kappa]: [(142.59745,45.36720),9.90212]
	 989.14494	   0.02404	[mu,kappa]: [(142.09261,51.20987),14.27925]
	 482.38381	   0.01173	[mu,kappa]: [(27.11953,30.34758),7.73330]
	 523.23146	   0.01272	[mu,kappa]: [(106.88064,300.66722),15.37794]
	 738.01394	   0.01794	[mu,kappa]: [(117.33978,301.23055),17.97381]
	 236.67486	   0.00576	[mu,kappa]: [(74.35237,302.94812),8.86516]
	 894.89304	   0.02175	[mu,kappa]: [(128.08555,302.01934),19.92390]
	 283.18919	   0.00689	[mu,kappa]: [(26.35728,3.57206),6.32071]
	 944.01077	   0.02295	[mu,kappa]: [(17.78055,336.74932),12.29038]
	3393.14164	   0.08245	[mu,kappa]: [(155.73873,350.52290),33.54643]
	 740.42254	   0.01800	[mu,kappa]: [(135.06159,303.34455),19.36221]
	 356.93687	   0.00868	[mu,kappa]: [(66.29930,303.46382),10.02840]
	 691.05124	   0.01680	[mu,kappa]: [(129.70708,301.78763),18.54313]
	 202.67607	   0.00494	[mu,kappa]: [(80.51151,302.20894),8.59648]
	3083.87941	   0.07494	[mu,kappa]: [(47.91928,81.51402),28.26537]
	 304.81533	   0.00742	[mu,kappa]: [(110.96467,299.56397),12.32421]
	 325.47131	   0.00792	[mu,kappa]: [(139.27188,307.12003),11.64590]
	 295.26956	   0.00719	[mu,kappa]: [(117.56271,299.75336),11.92361]
	 580.56280	   0.01412	[mu,kappa]: [(40.93411,306.09403),11.05196]
	 489.07659	   0.01189	[mu,kappa]: [(68.30527,302.96677),11.00043]
	 645.02833	   0.01568	[mu,kappa]: [(107.38622,301.04090),16.29315]
	 486.31736	   0.01183	[mu,kappa]: [(146.09085,313.09846),13.33425]
	 398.92363	   0.00970	[mu,kappa]: [(76.97906,302.35869),10.90688]
	 166.20392	   0.00405	[mu,kappa]: [(123.24396,303.16162),7.79267]
	 193.12375	   0.00470	[mu,kappa]: [(115.52840,300.77172),8.78440]
	 358.07421	   0.00871	[mu,kappa]: [(49.51740,307.01146),9.12932]
	 353.79553	   0.00861	[mu,kappa]: [(38.39774,312.51518),8.79198]
	 421.44942	   0.01025	[mu,kappa]: [(72.77909,302.72623),11.01073]
	 734.73176	   0.01786	[mu,kappa]: [(100.03282,302.25872),17.28581]
	 590.52725	   0.01436	[mu,kappa]: [(135.26212,303.18561),17.65691]
	 647.83508	   0.01575	[mu,kappa]: [(153.82837,330.60906),13.42659]
	1032.09777	   0.02509	[mu,kappa]: [(125.71841,302.30245),21.06786]
	 508.21859	   0.01236	[mu,kappa]: [(87.48732,301.92196),13.19982]
	 346.50834	   0.00843	[mu,kappa]: [(88.12287,301.16180),11.56630]
	 791.31834	   0.01924	[mu,kappa]: [(155.23677,21.71794),14.01091]
	 344.87943	   0.00839	[mu,kappa]: [(84.54214,301.55294),11.31875]
	2773.96431	   0.06741	[mu,kappa]: [(146.35238,319.21853),38.59921]
	 742.41897	   0.01805	[mu,kappa]: [(93.79768,302.63862),16.17591]
	 821.74506	   0.01998	[mu,kappa]: [(23.79270,319.52095),11.67083]
	1233.59468	   0.02998	[mu,kappa]: [(73.76763,60.61215),7.10295]
	 494.20129	   0.01202	[mu,kappa]: [(66.31835,303.05650),10.94633]
	 341.93821	   0.00832	[mu,kappa]: [(28.73280,24.05408),6.39715]
	 560.19496	   0.01362	[mu,kappa]: [(95.65858,301.65276),14.98026]
	 799.05789	   0.01943	[mu,kappa]: [(109.19458,301.59497),17.81978]
	 714.69201	   0.01738	[mu,kappa]: [(91.05943,302.49620),15.13632]
	 152.92258	   0.00373	[mu,kappa]: [(84.11386,302.66284),7.08246]
	1039.81889	   0.02527	[mu,kappa]: [(72.49283,59.64266),6.71276]
	1144.33764	   0.02781	[mu,kappa]: [(149.17011,318.47065),21.00600]
	 742.55556	   0.01805	[mu,kappa]: [(113.07608,301.41547),17.95660]
	 378.92361	   0.00922	[mu,kappa]: [(123.90231,300.29479),13.38469]
	 768.53352	   0.01868	[mu,kappa]: [(55.23050,302.63140),11.78166]
	 512.00124	   0.01245	[mu,kappa]: [(44.70658,305.88599),10.53253]
	 273.83279	   0.00667	[mu,kappa]: [(95.34051,300.26742),10.99850]
	 798.55629	   0.01941	[mu,kappa]: [(125.24147,301.49268),18.83737]
	 372.78847	   0.00907	[mu,kappa]: [(90.84197,301.10457),12.47124]
	 540.61430	   0.01315	[mu,kappa]: [(98.84973,301.32890),15.17729]
	 578.15600	   0.01406	[mu,kappa]: [(121.25830,300.53022),16.23884]
	 855.75866	   0.02080	[mu,kappa]: [(149.68768,318.52896),17.61420]
	  97.99685	   0.00239	[mu,kappa]: [(69.59107,340.86447),2.03180]
			msglen: 907805.55718 bits.
Iteration #: 18
	 381.97713	   0.00929	[mu,kappa]: [(73.00039,302.83452),10.90444]
	 430.00830	   0.01046	[mu,kappa]: [(141.98875,46.15207),10.93976]
	1007.74960	   0.02450	[mu,kappa]: [(142.17990,51.51142),15.33157]
	 502.29687	   0.01222	[mu,kappa]: [(26.69507,32.34671),8.91082]
	 523.41252	   0.01273	[mu,kappa]: [(106.65227,300.59930),15.55994]
	 734.69336	   0.01786	[mu,kappa]: [(117.34952,301.27311),18.08026]
	 235.39585	   0.00573	[mu,kappa]: [(74.25596,302.79740),9.47734]
	 899.66818	   0.02187	[mu,kappa]: [(128.32212,301.96611),20.18563]
	 280.63039	   0.00683	[mu,kappa]: [(25.91142,6.35779),7.13492]
	 959.80228	   0.02333	[mu,kappa]: [(16.95624,339.43324),12.62865]
	3388.52648	   0.08234	[mu,kappa]: [(155.80034,351.62853),35.86931]
	 749.92835	   0.01823	[mu,kappa]: [(135.25251,302.86026),19.90377]
	 357.53067	   0.00870	[mu,kappa]: [(66.27410,303.55269),10.37592]
	 695.58982	   0.01691	[mu,kappa]: [(129.96592,301.51389),18.91264]
	 200.83401	   0.00489	[mu,kappa]: [(80.32502,301.88698),9.30782]
	3029.34714	   0.07361	[mu,kappa]: [(47.66345,81.77274),29.58035]
	 302.44761	   0.00736	[mu,kappa]: [(110.72602,299.08155),12.79882]
	 317.20186	   0.00772	[mu,kappa]: [(139.29527,305.60107),12.90302]
	 291.33670	   0.00709	[mu,kappa]: [(117.47388,299.12883),12.53768]
	 583.05137	   0.01418	[mu,kappa]: [(41.02213,305.42220),11.65430]
	 490.79848	   0.01194	[mu,kappa]: [(68.29516,303.14439),11.12001]
	 645.31012	   0.01569	[mu,kappa]: [(107.17098,301.07868),16.44914]
	 473.86065	   0.01152	[mu,kappa]: [(146.08475,311.35754),14.48805]
	 400.41618	   0.00974	[mu,kappa]: [(77.00225,302.43433),11.13200]
	 156.40697	   0.00381	[mu,kappa]: [(122.99729,301.74536),8.80581]
	 185.99206	   0.00453	[mu,kappa]: [(115.20057,299.75413),9.69738]
	 356.44183	   0.00867	[mu,kappa]: [(49.63105,306.79679),9.74675]
	 349.01001	   0.00849	[mu,kappa]: [(38.56065,312.14530),9.35455]
	 423.00054	   0.01029	[mu,kappa]: [(72.80014,302.88058),11.14964]
	 741.66888	   0.01803	[mu,kappa]: [(99.88234,302.63006),17.50782]
	 596.55183	   0.01451	[mu,kappa]: [(135.45583,302.51958),18.35897]
	 617.50311	   0.01501	[mu,kappa]: [(154.17696,329.43123),14.28616]
	1035.25162	   0.02516	[mu,kappa]: [(125.90934,302.46115),21.30654]
	 512.42811	   0.01246	[mu,kappa]: [(87.53946,302.06552),13.29566]
	 348.48751	   0.00848	[mu,kappa]: [(88.06492,301.04570),11.91072]
	 784.85537	   0.01908	[mu,kappa]: [(155.20574,23.65920),15.95401]
	 346.69773	   0.00844	[mu,kappa]: [(84.53106,301.50158),11.61787]
	2835.10212	   0.06889	[mu,kappa]: [(145.98601,319.46273),41.90287]
	 751.08611	   0.01826	[mu,kappa]: [(93.79738,303.07073),16.31457]
	 819.61517	   0.01993	[mu,kappa]: [(23.46429,319.15421),12.02023]
	1247.64999	   0.03032	[mu,kappa]: [(75.02434,61.10008),7.63730]
	 495.97359	   0.01206	[mu,kappa]: [(66.29166,303.22417),11.08311]
	 344.78480	   0.00839	[mu,kappa]: [(28.32313,26.02300),7.42432]
	 565.39550	   0.01375	[mu,kappa]: [(95.57311,301.82025),15.13890]
	 798.89871	   0.01942	[mu,kappa]: [(109.00609,301.77996),17.97322]
	 722.21467	   0.01756	[mu,kappa]: [(91.10897,302.85444),15.20973]
	 148.14382	   0.00361	[mu,kappa]: [(83.68310,301.96980),7.98656]
	1043.68598	   0.02537	[mu,kappa]: [(73.68084,60.06679),7.25984]
	1129.68025	   0.02746	[mu,kappa]: [(149.10207,317.30079),21.74483]
	 740.12396	   0.01799	[mu,kappa]: [(112.96373,301.53699),18.07062]
	 375.88410	   0.00914	[mu,kappa]: [(124.03096,299.69117),14.00861]
	 774.13692	   0.01882	[mu,kappa]: [(55.09146,302.54789),11.98107]
	 513.47408	   0.01249	[mu,kappa]: [(44.78808,305.44735),11.09895]
	 274.08899	   0.00667	[mu,kappa]: [(95.08841,299.90289),11.55684]
	 799.39397	   0.01943	[mu,kappa]: [(125.45619,301.43057),19.04878]
	 375.54460	   0.00914	[mu,kappa]: [(90.77867,301.03550),12.74251]
	 544.73233	   0.01325	[mu,kappa]: [(98.69021,301.42798),15.36299]
	 575.83996	   0.01400	[mu,kappa]: [(121.38304,300.29586),16.47093]
	 838.98898	   0.02040	[mu,kappa]: [(149.69752,317.02584),18.42481]
	  79.45191	   0.00194	[mu,kappa]: [(66.58015,341.24806),2.18605]
			msglen: 907563.67513 bits.
Iteration #: 19
	 382.66476	   0.00931	[mu,kappa]: [(72.99143,302.95499),10.96312]
	 425.16860	   0.01034	[mu,kappa]: [(141.48175,46.35880),11.51232]
	1010.84676	   0.02457	[mu,kappa]: [(142.33842,51.59595),15.82714]
	 527.27732	   0.01282	[mu,kappa]: [(26.50803,34.30071),9.89195]
	 523.88234	   0.01274	[mu,kappa]: [(106.47162,300.51495),15.64697]
	 731.58214	   0.01779	[mu,kappa]: [(117.33384,301.34105),18.13274]
	 235.02451	   0.00572	[mu,kappa]: [(74.18071,302.72494),9.85352]
	 901.58671	   0.02192	[mu,kappa]: [(128.48900,301.97534),20.25288]
	 281.16764	   0.00684	[mu,kappa]: [(25.86477,9.04608),7.78377]
	 962.08664	   0.02339	[mu,kappa]: [(16.35087,342.02990),12.81159]
	3372.00960	   0.08194	[mu,kappa]: [(155.82411,352.52112),37.95395]
	 756.55087	   0.01839	[mu,kappa]: [(135.42676,302.46125),20.06119]
	 358.31072	   0.00872	[mu,kappa]: [(66.20764,303.69619),10.54523]
	 698.19388	   0.01698	[mu,kappa]: [(130.17113,301.31496),19.02553]
	 200.20186	   0.00488	[mu,kappa]: [(80.22073,301.64623),9.77384]
	2979.91767	   0.07241	[mu,kappa]: [(47.52022,81.98523),30.82232]
	 301.30491	   0.00733	[mu,kappa]: [(110.51721,298.65513),13.12202]
	 313.84113	   0.00764	[mu,kappa]: [(139.38128,304.44239),13.86854]
	 288.96697	   0.00703	[mu,kappa]: [(117.38922,298.63543),12.96832]
	 587.73040	   0.01429	[mu,kappa]: [(41.10581,304.71028),12.18631]
	 491.85248	   0.01196	[mu,kappa]: [(68.24885,303.34042),11.11040]
	 645.77350	   0.01570	[mu,kappa]: [(107.00010,301.10262),16.53243]
	 468.14164	   0.01139	[mu,kappa]: [(146.14412,309.90363),15.32845]
	 401.20023	   0.00976	[mu,kappa]: [(77.02687,302.49692),11.19460]
	 150.57047	   0.00367	[mu,kappa]: [(122.84753,300.74958),9.66524]
	 181.85879	   0.00443	[mu,kappa]: [(114.94283,299.00025),10.43091]
	 357.00965	   0.00869	[mu,kappa]: [(49.71394,306.66614),10.21829]
	 346.15122	   0.00842	[mu,kappa]: [(38.84276,311.74943),9.82683]
	 423.79100	   0.01031	[mu,kappa]: [(72.79875,303.03301),11.15119]
	 747.36925	   0.01817	[mu,kappa]: [(99.79548,302.98579),17.69768]
	 601.59261	   0.01463	[mu,kappa]: [(135.64679,301.97171),18.67429]
	 597.46059	   0.01453	[mu,kappa]: [(154.52801,328.28267),14.87792]
	1035.87515	   0.02518	[mu,kappa]: [(126.02201,302.68048),21.44537]
	 514.97856	   0.01252	[mu,kappa]: [(87.62695,302.14769),13.27037]
	 350.07858	   0.00852	[mu,kappa]: [(88.07525,300.89197),12.06992]
	 787.15265	   0.01914	[mu,kappa]: [(155.24472,24.98264),17.64798]
	 347.96622	   0.00847	[mu,kappa]: [(84.56783,301.41509),11.73746]
	2881.93514	   0.07003	[mu,kappa]: [(145.66709,319.87656),45.24215]
	 757.36494	   0.01841	[mu,kappa]: [(93.84402,303.47051),16.40911]
	 810.96126	   0.01971	[mu,kappa]: [(23.39811,318.42887),12.30648]
	1258.61038	   0.03059	[mu,kappa]: [(75.94855,61.49069),7.98926]
	 497.22193	   0.01209	[mu,kappa]: [(66.22473,303.42029),11.08794]
	 353.05223	   0.00859	[mu,kappa]: [(28.25557,27.80164),8.31503]
	 569.18367	   0.01384	[mu,kappa]: [(95.55257,301.94187),15.18885]
	 799.03171	   0.01942	[mu,kappa]: [(108.85009,301.96293),18.10040]
	 727.14907	   0.01768	[mu,kappa]: [(91.19620,303.16435),15.21310]
	 145.87667	   0.00356	[mu,kappa]: [(83.41012,301.46801),8.68427]
	1047.22653	   0.02545	[mu,kappa]: [(74.55964,60.34930),7.63505]
	1118.24921	   0.02718	[mu,kappa]: [(149.12379,316.25022),22.02455]
	 738.13967	   0.01795	[mu,kappa]: [(112.85640,301.66717),18.15486]
	 374.06199	   0.00910	[mu,kappa]: [(124.13984,299.23323),14.41395]
	 779.58176	   0.01895	[mu,kappa]: [(54.90288,302.49506),12.05446]
	 516.93266	   0.01257	[mu,kappa]: [(44.84300,305.02050),11.55482]
	 275.06879	   0.00670	[mu,kappa]: [(94.94240,299.53735),11.91539]
	 798.78313	   0.01942	[mu,kappa]: [(125.60735,301.42597),19.11186]
	 377.66593	   0.00919	[mu,kappa]: [(90.78408,300.91656),12.84812]
	 547.97060	   0.01333	[mu,kappa]: [(98.60192,301.48800),15.43863]
	 573.65501	   0.01395	[mu,kappa]: [(121.46752,300.11774),16.56747]
	 828.74186	   0.02015	[mu,kappa]: [(149.78793,315.65848),18.85875]
	  66.39781	   0.00163	[mu,kappa]: [(64.21197,341.79182),2.33630]
			msglen: 907409.12156 bits.
Iteration #: 20
	 382.94755	   0.00932	[mu,kappa]: [(72.97675,303.07576),10.95050]
	 422.76799	   0.01028	[mu,kappa]: [(140.97872,46.25774),11.76698]
	1009.17195	   0.02453	[mu,kappa]: [(142.48547,51.59644),16.01402]
	 554.17956	   0.01348	[mu,kappa]: [(26.41941,36.19835),10.64771]
	 524.50564	   0.01276	[mu,kappa]: [(106.32719,300.41297),15.67081]
	 729.00948	   0.01772	[mu,kappa]: [(117.30992,301.43278),18.17965]
	 234.91166	   0.00572	[mu,kappa]: [(74.12343,302.69506),10.08039]
	 902.22217	   0.02193	[mu,kappa]: [(128.60203,302.03419),20.24671]
	 283.41733	   0.00690	[mu,kappa]: [(26.08093,11.51846),8.26889]
	 956.40444	   0.02325	[mu,kappa]: [(15.89209,344.49429),12.92028]
	3343.98321	   0.08126	[mu,kappa]: [(155.81746,353.21413),39.85072]
	 761.20727	   0.01851	[mu,kappa]: [(135.58086,302.11646),20.01354]
	 358.97009	   0.00873	[mu,kappa]: [(66.12943,303.88631),10.61465]
	 699.70638	   0.01701	[mu,kappa]: [(130.33169,301.17329),19.01589]
	 200.02003	   0.00487	[mu,kappa]: [(80.16918,301.44007),10.07555]
	2934.79091	   0.07131	[mu,kappa]: [(47.47807,82.15806),31.95376]
	 300.90812	   0.00732	[mu,kappa]: [(110.32793,298.26596),13.34634]
	 312.88625	   0.00761	[mu,kappa]: [(139.49759,303.54335),14.60424]
	 287.47171	   0.00700	[mu,kappa]: [(117.30154,298.23757),13.28388]
	 593.86670	   0.01444	[mu,kappa]: [(41.12917,303.99919),12.65259]
	 492.41230	   0.01198	[mu,kappa]: [(68.19294,303.55539),11.04753]
	 646.31820	   0.01571	[mu,kappa]: [(106.86517,301.11329),16.56987]
	 466.14792	   0.01134	[mu,kappa]: [(146.25340,308.67459),15.93679]
	 401.49281	   0.00977	[mu,kappa]: [(77.05220,302.53961),11.18377]
	 146.87701	   0.00358	[mu,kappa]: [(122.74106,300.03425),10.38892]
	 179.37123	   0.00437	[mu,kappa]: [(114.71762,298.41649),11.02638]
	 358.63147	   0.00873	[mu,kappa]: [(49.75793,306.63305),10.55780]
	 344.80875	   0.00839	[mu,kappa]: [(39.14762,311.38577),10.22031]
	 424.08140	   0.01032	[mu,kappa]: [(72.78892,303.18058),11.09773]
	 752.22101	   0.01829	[mu,kappa]: [(99.74520,303.33132),17.89133]
	 605.68174	   0.01473	[mu,kappa]: [(135.82482,301.50497),18.77274]
	 584.42574	   0.01421	[mu,kappa]: [(154.88429,327.19671),15.28202]
	1035.99588	   0.02518	[mu,kappa]: [(126.07737,302.95208),21.59086]
	 516.55235	   0.01256	[mu,kappa]: [(87.72264,302.16717),13.19306]
	 351.37264	   0.00855	[mu,kappa]: [(88.11889,300.69247),12.12711]
	 795.11985	   0.01933	[mu,kappa]: [(155.30343,26.01958),19.08979]
	 348.84814	   0.00849	[mu,kappa]: [(84.62661,301.28569),11.76531]
	2920.47475	   0.07097	[mu,kappa]: [(145.40005,320.36520),48.73133]
	 762.17017	   0.01853	[mu,kappa]: [(93.90587,303.84273),16.50794]
	 800.16169	   0.01945	[mu,kappa]: [(23.49258,317.40553),12.60434]
	1265.42888	   0.03076	[mu,kappa]: [(76.56766,61.80086),8.21118]
	 498.01225	   0.01211	[mu,kappa]: [(66.14858,303.64689),11.03392]
	 364.22882	   0.00886	[mu,kappa]: [(28.39268,29.37409),9.01767]
	 571.98647	   0.01391	[mu,kappa]: [(95.56316,302.01801),15.17891]
	 799.44488	   0.01944	[mu,kappa]: [(108.72570,302.14667),18.22481]
	 730.49823	   0.01776	[mu,kappa]: [(91.29096,303.42823),15.19901]
	 144.82306	   0.00353	[mu,kappa]: [(83.24236,301.06604),9.20686]
	1049.13004	   0.02550	[mu,kappa]: [(75.14440,60.52621),7.88279]
	1109.31525	   0.02696	[mu,kappa]: [(149.22661,315.25925),21.98540]
	 736.70056	   0.01791	[mu,kappa]: [(112.76404,301.80712),18.24012]
	 372.84079	   0.00907	[mu,kappa]: [(124.22555,298.88742),14.69291]
	 784.12920	   0.01906	[mu,kappa]: [(54.69941,302.49435),12.04453]
	 521.31298	   0.01268	[mu,kappa]: [(44.84425,304.63718),11.90702]
	 276.39661	   0.00673	[mu,kappa]: [(94.85757,299.15322),12.14201]
	 797.73854	   0.01939	[mu,kappa]: [(125.71272,301.46973),19.12492]
	 379.36364	   0.00923	[mu,kappa]: [(90.82154,300.74314),12.86195]
	 550.52847	   0.01339	[mu,kappa]: [(98.55382,301.50901),15.44617]
	 571.73937	   0.01390	[mu,kappa]: [(121.52543,299.98740),16.60427]
	 822.99665	   0.02001	[mu,kappa]: [(149.94850,314.38969),19.04346]
	  56.87182	   0.00139	[mu,kappa]: [(62.24300,342.47768),2.47416]
			msglen: 907296.72765 bits.
Iteration #: 21
	 383.02243	   0.00932	[mu,kappa]: [(72.96117,303.19461),10.91461]
	 422.72479	   0.01028	[mu,kappa]: [(140.44992,45.96442),11.82114]
	1007.04994	   0.02448	[mu,kappa]: [(142.60313,51.55977),16.03755]
	 581.20034	   0.01413	[mu,kappa]: [(26.33440,38.05141),11.20808]
	 525.12271	   0.01277	[mu,kappa]: [(106.20933,300.28954),15.64820]
	 726.97246	   0.01767	[mu,kappa]: [(117.28940,301.54425),18.24289]
	 234.87683	   0.00572	[mu,kappa]: [(74.08087,302.68883),10.22054]
	 902.47751	   0.02194	[mu,kappa]: [(128.67300,302.13469),20.23809]
	 286.67835	   0.00698	[mu,kappa]: [(26.46908,13.70730),8.61806]
	 946.50370	   0.02301	[mu,kappa]: [(15.53279,346.85783),13.00191]
	3307.57844	   0.08037	[mu,kappa]: [(155.78852,353.74088),41.64050]
	 764.59243	   0.01859	[mu,kappa]: [(135.71081,301.81470),19.87956]
	 359.50447	   0.00875	[mu,kappa]: [(66.05612,304.11644),10.63593]
	 700.65407	   0.01703	[mu,kappa]: [(130.45410,301.07952),18.96566]
	 200.03467	   0.00487	[mu,kappa]: [(80.15033,301.24565),10.27477]
	2892.85843	   0.07030	[mu,kappa]: [(47.51116,82.29837),32.96547]
	 300.96606	   0.00732	[mu,kappa]: [(110.15182,297.89893),13.50366]
	 312.99604	   0.00762	[mu,kappa]: [(139.61574,302.84102),15.17969]
	 286.47846	   0.00697	[mu,kappa]: [(117.20990,297.90892),13.52727]
	 600.57275	   0.01460	[mu,kappa]: [(41.08325,303.31138),13.06022]
	 492.71829	   0.01198	[mu,kappa]: [(68.14037,303.78881),10.97397]
	 646.75651	   0.01573	[mu,kappa]: [(106.75840,301.10824),16.57373]
	 466.04041	   0.01133	[mu,kappa]: [(146.38803,307.63382),16.39519]
	 401.54190	   0.00977	[mu,kappa]: [(77.07576,302.56136),11.14766]
	 144.38890	   0.00352	[mu,kappa]: [(122.64910,299.50877),11.00578]
	 177.83611	   0.00433	[mu,kappa]: [(114.50824,297.94436),11.51765]
	 360.58659	   0.00877	[mu,kappa]: [(49.77995,306.70095),10.78778]
	 344.46842	   0.00838	[mu,kappa]: [(39.43472,311.09695),10.53995]
	 424.13347	   0.01032	[mu,kappa]: [(72.77621,303.32286),11.03304]
	 756.39222	   0.01839	[mu,kappa]: [(99.71316,303.67185),18.10939]
	 608.98750	   0.01481	[mu,kappa]: [(135.98124,301.10509),18.77102]
	 576.01390	   0.01401	[mu,kappa]: [(155.23638,326.20726),15.57996]
	1036.75258	   0.02520	[mu,kappa]: [(126.09126,303.27002),21.80671]
	 517.58309	   0.01259	[mu,kappa]: [(87.81068,302.12705),13.09677]
	 352.52350	   0.00858	[mu,kappa]: [(88.17416,300.44624),12.13059]
	 806.66816	   0.01961	[mu,kappa]: [(155.35722,26.90995),20.33263]
	 349.54142	   0.00850	[mu,kappa]: [(84.69114,301.11308),11.75039]
	2952.76839	   0.07175	[mu,kappa]: [(145.19102,320.86049),52.35262]
	 766.00524	   0.01862	[mu,kappa]: [(93.96411,304.19488),16.63463]
	 789.65758	   0.01920	[mu,kappa]: [(23.67383,316.16329),12.95575]
	1268.77456	   0.03084	[mu,kappa]: [(76.95547,62.05302),8.35299]
	 498.53726	   0.01212	[mu,kappa]: [(66.07938,303.90357),10.96403]
	 376.63769	   0.00916	[mu,kappa]: [(28.63460,30.72060),9.52959]
	 574.04880	   0.01396	[mu,kappa]: [(95.58394,302.04996),15.13355]
	 799.92138	   0.01945	[mu,kappa]: [(108.62994,302.33096),18.35561]
	 732.81567	   0.01782	[mu,kappa]: [(91.37592,303.65173),15.18984]
	 144.39436	   0.00352	[mu,kappa]: [(83.14339,300.71484),9.59706]
	1049.44319	   0.02551	[mu,kappa]: [(75.50185,60.63149),8.04610]
	1102.35273	   0.02679	[mu,kappa]: [(149.39402,314.29876),21.75494]
	 735.64653	   0.01788	[mu,kappa]: [(112.69181,301.95484),18.33816]
	 371.91870	   0.00905	[mu,kappa]: [(124.28923,298.62972),14.90448]
	 787.51222	   0.01915	[mu,kappa]: [(54.50888,302.55832),11.98478]
	 525.73451	   0.01279	[mu,kappa]: [(44.79949,304.31464),12.16842]
	 277.93887	   0.00676	[mu,kappa]: [(94.80439,298.74229),12.28261]
	 796.77565	   0.01937	[mu,kappa]: [(125.78559,301.55466),19.14314]
	 380.83128	   0.00926	[mu,kappa]: [(90.86863,300.51546),12.82600]
	 552.50586	   0.01344	[mu,kappa]: [(98.52551,301.49065),15.40801]
	 570.09714	   0.01386	[mu,kappa]: [(121.56724,299.89608),16.62272]
	 820.23365	   0.01994	[mu,kappa]: [(150.15821,313.20996),19.09303]
	  49.65092	   0.00122	[mu,kappa]: [(60.49632,343.26366),2.59681]
			msglen: 907206.67236 bits.
			N: 41130
		22.05706 bpr
Null model msglen: 969971.45106 bits.	(23.58306 bpr)
