Iteration #: 0
	  23.00000	   0.22596	[mu,kappa]: [(56.13209,66.51480),6.48875]
	   9.00000	   0.09135	[mu,kappa]: [(63.38731,72.41011),17.94915]
	  22.00000	   0.21635	[mu,kappa]: [(64.00146,73.99729),4.49949]
	  12.00000	   0.12019	[mu,kappa]: [(74.19934,77.24913),18.69950]
	  17.00000	   0.16827	[mu,kappa]: [(68.82674,68.32704),8.16110]
	  18.00000	   0.17788	[mu,kappa]: [(68.11158,73.18311),7.62256]
			msglen: 2130.13853 bits.
Iteration #: 1
	  21.02120	   0.20693	[mu,kappa]: [(54.54421,69.39235),8.14287]
	  12.73231	   0.12723	[mu,kappa]: [(61.61286,71.92356),26.79676]
	  20.44743	   0.20142	[mu,kappa]: [(73.61756,71.59977),2.82399]
	  13.75365	   0.13705	[mu,kappa]: [(70.80632,74.13343),21.69624]
	  16.14491	   0.16005	[mu,kappa]: [(66.28989,70.84092),10.56093]
	  16.90051	   0.16731	[mu,kappa]: [(66.43837,72.22987),9.37749]
			msglen: 2182.58088 bits.
Iteration #: 2
	  19.45345	   0.19186	[mu,kappa]: [(52.55373,69.30754),9.77996]
	  17.30069	   0.17116	[mu,kappa]: [(60.57471,72.08604),35.48296]
	  17.14332	   0.16965	[mu,kappa]: [(87.80583,72.61771),1.98952]
	  15.73055	   0.15606	[mu,kappa]: [(69.10834,72.76368),24.51374]
	  15.63274	   0.15512	[mu,kappa]: [(64.96877,71.23761),13.44785]
	  15.73925	   0.15615	[mu,kappa]: [(65.28840,71.81609),11.79944]
			msglen: 2171.87475 bits.
Iteration #: 3
	  18.41514	   0.18188	[mu,kappa]: [(49.82708,68.30977),9.60506]
	  20.90237	   0.20579	[mu,kappa]: [(59.93526,72.49332),42.18665]
	  14.47046	   0.14395	[mu,kappa]: [(100.01475,74.27754),1.73428]
	  16.93046	   0.16760	[mu,kappa]: [(69.00101,72.13496),25.09825]
	  15.26776	   0.15161	[mu,kappa]: [(65.29142,71.25456),14.23771]
	  15.01380	   0.14917	[mu,kappa]: [(65.91437,71.64051),12.43497]
			msglen: 2167.22972 bits.
Iteration #: 4
	  17.70242	   0.17502	[mu,kappa]: [(45.63578,67.00383),8.69833]
	  24.08459	   0.23639	[mu,kappa]: [(59.36465,72.96689),48.07246]
	  12.30803	   0.12315	[mu,kappa]: [(111.22492,75.16669),1.84374]
	  17.66664	   0.17468	[mu,kappa]: [(69.55926,71.76942),24.61820]
	  14.83580	   0.14746	[mu,kappa]: [(66.31155,71.26402),13.97594]
	  14.40252	   0.14329	[mu,kappa]: [(67.41949,71.68900),12.19620]
			msglen: 2162.30106 bits.
Iteration #: 5
	  16.97262	   0.16801	[mu,kappa]: [(40.57720,65.44599),8.15337]
	  27.31489	   0.26745	[mu,kappa]: [(58.80123,73.40555),50.00000]
	  10.35956	   0.10442	[mu,kappa]: [(122.32097,75.53074),2.41428]
	  18.19933	   0.17980	[mu,kappa]: [(70.35191,71.45211),24.03484]
	  14.34369	   0.14273	[mu,kappa]: [(67.55065,71.20576),13.50172]
	  13.80992	   0.13760	[mu,kappa]: [(69.25821,71.81534),11.86510]
			msglen: 2157.33016 bits.
Iteration #: 6
	  15.84979	   0.15721	[mu,kappa]: [(36.33546,63.73855),8.29763]
	  30.49163	   0.29800	[mu,kappa]: [(58.26887,73.67104),50.00000]
	   8.95859	   0.09095	[mu,kappa]: [(130.66816,75.87789),3.37115]
	  18.67042	   0.18433	[mu,kappa]: [(71.14205,71.15565),23.78845]
	  13.81191	   0.13761	[mu,kappa]: [(68.71878,71.07818),13.09426]
	  13.21767	   0.13190	[mu,kappa]: [(71.04948,71.97747),11.65786]
			msglen: 2153.53481 bits.
Iteration #: 7
	  14.61104	   0.14530	[mu,kappa]: [(33.33620,62.11166),8.74667]
	  33.29854	   0.32499	[mu,kappa]: [(57.82743,73.77130),50.00000]
	   8.01422	   0.08187	[mu,kappa]: [(136.55133,76.09203),4.27508]
	  19.13379	   0.18879	[mu,kappa]: [(71.86247,70.91721),23.86629]
	  13.27635	   0.13246	[mu,kappa]: [(69.74711,70.95914),12.70284]
	  12.66606	   0.12660	[mu,kappa]: [(72.71204,72.24435),11.50250]
			msglen: 2150.99724 bits.
Iteration #: 8
	  13.58309	   0.13541	[mu,kappa]: [(31.17534,60.76661),9.16098]
	  35.55323	   0.34667	[mu,kappa]: [(57.49403,73.77966),50.00000]
	   7.29703	   0.07497	[mu,kappa]: [(141.11834,75.81650),4.99805]
	  19.60568	   0.19332	[mu,kappa]: [(72.48500,70.73977),24.15229]
	  12.76579	   0.12756	[mu,kappa]: [(70.63202,70.88882),12.23677]
	  12.19519	   0.12207	[mu,kappa]: [(74.30955,72.65616),11.30409]
			msglen: 2149.26816 bits.
Iteration #: 9
	  12.81353	   0.12801	[mu,kappa]: [(29.59802,59.75090),9.45609]
	  37.31128	   0.36357	[mu,kappa]: [(57.25101,73.73670),50.00000]
	   6.74988	   0.06971	[mu,kappa]: [(144.71024,75.21754),5.67637]
	  20.08083	   0.19789	[mu,kappa]: [(72.95869,70.59431),24.62073]
	  12.26395	   0.12273	[mu,kappa]: [(71.30770,70.82886),11.69687]
	  11.78053	   0.11808	[mu,kappa]: [(75.84218,73.17112),11.06327]
			msglen: 2148.03877 bits.
Iteration #: 10
	  12.25404	   0.12264	[mu,kappa]: [(28.45596,59.02467),9.64854]
	  38.66568	   0.37659	[mu,kappa]: [(57.07683,73.67138),50.00000]
	   6.34908	   0.06586	[mu,kappa]: [(147.42192,74.59023),6.35135]
	  20.57407	   0.20264	[mu,kappa]: [(73.28137,70.46058),25.27269]
	  11.75611	   0.11785	[mu,kappa]: [(71.74032,70.73313),11.11307]
	  11.40101	   0.11443	[mu,kappa]: [(77.32938,73.74898),10.82464]
			msglen: 2147.13179 bits.
Iteration #: 11
	  11.85267	   0.11878	[mu,kappa]: [(27.63661,58.51715),9.77196]
	  39.68883	   0.38643	[mu,kappa]: [(56.94810,73.60458),50.00000]
	   6.06167	   0.06309	[mu,kappa]: [(149.38440,74.09060),6.96086]
	  21.10282	   0.20772	[mu,kappa]: [(73.48347,70.33342),26.09687]
	  11.23709	   0.11286	[mu,kappa]: [(71.92739,70.57088),10.50890]
	  11.05692	   0.11112	[mu,kappa]: [(78.81719,74.37647),10.63483]
			msglen: 2146.42644 bits.
Iteration #: 12
	  11.56760	   0.11603	[mu,kappa]: [(27.05847,58.15785),9.85047]
	  40.43946	   0.39365	[mu,kappa]: [(56.84307,73.54871),50.00000]
	   5.85506	   0.06111	[mu,kappa]: [(150.77239,73.75344),7.43907]
	  21.67239	   0.21320	[mu,kappa]: [(73.59812,70.21281),27.07403]
	  10.70491	   0.10774	[mu,kappa]: [(71.86561,70.31601),9.90309]
	  10.76057	   0.10827	[mu,kappa]: [(80.34577,75.05373),10.53943]
			msglen: 2145.83517 bits.
Iteration #: 13
	  11.36589	   0.11410	[mu,kappa]: [(26.66261,57.89160),9.89663]
	  40.96583	   0.39871	[mu,kappa]: [(56.74505,73.50945),50.00000]
	   5.70331	   0.05965	[mu,kappa]: [(151.75888,73.54378),7.77504]
	  22.27506	   0.21899	[mu,kappa]: [(73.64941,70.09773),28.18514]
	  10.15870	   0.10249	[mu,kappa]: [(71.53730,69.94057),9.31321]
	  10.53121	   0.10607	[mu,kappa]: [(81.93174,75.78413),10.58803]
			msglen: 2145.29546 bits.
Iteration #: 14
	  11.22129	   0.11270	[mu,kappa]: [(26.40388,57.68141),9.91661]
	  41.30725	   0.40199	[mu,kappa]: [(56.64334,73.48844),50.00000]
	   5.58866	   0.05854	[mu,kappa]: [(152.47980,73.40952),8.00187]
	  22.89182	   0.22492	[mu,kappa]: [(73.64974,69.98335),29.42080]
	   9.59836	   0.09710	[mu,kappa]: [(70.90932,69.41131),8.75596]
	  10.39263	   0.10474	[mu,kappa]: [(83.56165,76.56505),10.83650]
			msglen: 2144.76335 bits.
Iteration #: 15
	  11.11205	   0.11165	[mu,kappa]: [(26.24499,57.50630),9.91432]
	  41.49640	   0.40381	[mu,kappa]: [(56.53232,73.48539),50.00000]
	   5.50077	   0.05770	[mu,kappa]: [(153.02289,73.31488),8.16125]
	  23.49573	   0.23073	[mu,kappa]: [(73.60080,69.86027),30.79466]
	   9.02514	   0.09159	[mu,kappa]: [(69.93802,68.68968),8.24737]
	  10.36991	   0.10452	[mu,kappa]: [(85.18805,77.37970),11.34429]
			msglen: 2144.20499 bits.
Iteration #: 16
	  11.01918	   0.11076	[mu,kappa]: [(26.15268,57.35731),9.89332]
	  41.56028	   0.40443	[mu,kappa]: [(56.40988,73.49973),50.00000]
	   5.43515	   0.05707	[mu,kappa]: [(153.43356,73.24551),8.28468]
	  24.05769	   0.23613	[mu,kappa]: [(73.49757,69.71576),32.35820]
	   8.44402	   0.08600	[mu,kappa]: [(68.58209,67.73847),7.80423]
	  10.48367	   0.10561	[mu,kappa]: [(86.72811,78.19332),12.16125]
			msglen: 2143.59439 bits.
Iteration #: 17
	  10.92601	   0.10987	[mu,kappa]: [(26.09619,57.23235),9.85747]
	  41.51923	   0.40403	[mu,kappa]: [(56.27537,73.53141),50.00000]
	   5.39142	   0.05665	[mu,kappa]: [(153.72507,73.20038),8.38993]
	  24.55429	   0.24091	[mu,kappa]: [(73.33483,69.53740),34.20960]
	   7.86785	   0.08046	[mu,kappa]: [(66.82823,66.53753),7.44517]
	  10.74120	   0.10809	[mu,kappa]: [(88.07398,78.95633),13.29571]
			msglen: 2142.92234 bits.
Iteration #: 18
	  10.81975	   0.10884	[mu,kappa]: [(26.04865,57.12999),9.81103]
	  41.38552	   0.40275	[mu,kappa]: [(56.12776,73.58112),50.00000]
	   5.37122	   0.05645	[mu,kappa]: [(153.89056,73.18113),8.48156]
	  24.97539	   0.24496	[mu,kappa]: [(73.11535,69.31963),36.48516]
	   7.32091	   0.07520	[mu,kappa]: [(64.72682,65.10620),7.18922]
	  11.12722	   0.11180	[mu,kappa]: [(89.12451,79.61675),14.67298]
			msglen: 2142.20728 bits.
Iteration #: 19
	  10.69419	   0.10764	[mu,kappa]: [(25.99108,57.04425),9.75793]
	  41.16530	   0.40063	[mu,kappa]: [(55.96466,73.64946),50.00000]
	   5.37514	   0.05649	[mu,kappa]: [(153.92116,73.18307),8.55363]
	  25.32480	   0.24832	[mu,kappa]: [(72.85527,69.07096),39.32424]
	   6.83711	   0.07055	[mu,kappa]: [(62.41332,63.51710),7.05221]
	  11.60345	   0.11638	[mu,kappa]: [(89.82934,80.13691),16.13248]
			msglen: 2141.48883 bits.
Iteration #: 20
	  10.54994	   0.10625	[mu,kappa]: [(25.91288,56.96574),9.70088]
	  40.86613	   0.39775	[mu,kappa]: [(55.78395,73.73560),50.00000]
	   5.40003	   0.05673	[mu,kappa]: [(153.82632,73.19369),8.59750]
	  25.60969	   0.25105	[mu,kappa]: [(72.58048,68.81517),42.81727]
	   6.45071	   0.06683	[mu,kappa]: [(60.08460,61.88263),7.04559]
	  12.12349	   0.12138	[mu,kappa]: [(90.21069,80.50029),17.49627]
			msglen: 2140.80731 bits.
Iteration #: 21
	  10.38986	   0.10471	[mu,kappa]: [(25.80345,56.89142),9.64123]
	  40.50525	   0.39428	[mu,kappa]: [(55.58798,73.83632),50.00000]
	   5.43886	   0.05710	[mu,kappa]: [(153.64053,73.20050),8.61095]
	  25.82801	   0.25315	[mu,kappa]: [(72.31515,68.58277),46.96098]
	   6.18640	   0.06429	[mu,kappa]: [(57.93734,60.31878),7.18112]
	  12.65161	   0.12646	[mu,kappa]: [(90.34189,80.70543),18.64186]
			msglen: 2140.19338 bits.
Iteration #: 22
	  10.21309	   0.10301	[mu,kappa]: [(25.63919,56.83432),9.58068]
	  40.10921	   0.39047	[mu,kappa]: [(55.38638,73.94653),50.00000]
	   5.48300	   0.05753	[mu,kappa]: [(153.41245,73.19880),8.60052]
	  25.96698	   0.25449	[mu,kappa]: [(72.07279,68.39876),50.00000]
	   6.05741	   0.06305	[mu,kappa]: [(56.11252,58.91234),7.47814]
	  13.17032	   0.13145	[mu,kappa]: [(90.30736,80.75947),19.51411]
			msglen: 2139.76686 bits.
Iteration #: 23
	  10.00368	   0.10100	[mu,kappa]: [(25.35104,56.84148),9.52779]
	  39.70277	   0.38657	[mu,kappa]: [(55.21618,74.05428),50.00000]
	   5.52427	   0.05793	[mu,kappa]: [(153.19230,73.19240),8.57961]
	  26.10739	   0.25584	[mu,kappa]: [(71.85924,68.28995),50.00000]
	   6.05404	   0.06302	[mu,kappa]: [(54.64422,57.73120),7.96306]
	  13.60786	   0.13565	[mu,kappa]: [(90.17427,80.69728),20.06195]
			msglen: 2139.61762 bits.
			N: 101
		21.18433 bpr
Null model msglen: 2381.88953 bits.	(23.58306 bpr)
