Iteration #: 0
	 489.00000	   0.09476	[mu,kappa]: [(19.95659,89.75445),10.42742]
	 451.00000	   0.08741	[mu,kappa]: [(18.52743,90.17432),13.58458]
	 437.00000	   0.08470	[mu,kappa]: [(19.25350,90.40889),11.75817]
	 480.00000	   0.09302	[mu,kappa]: [(19.93742,91.25667),12.95933]
	 482.00000	   0.09341	[mu,kappa]: [(19.12965,88.83249),12.97242]
	 455.00000	   0.08818	[mu,kappa]: [(19.25038,90.87195),14.35678]
	 500.00000	   0.09689	[mu,kappa]: [(18.82359,91.55865),13.63281]
	 442.00000	   0.08566	[mu,kappa]: [(20.39616,89.08859),14.42059]
	 502.00000	   0.09728	[mu,kappa]: [(18.19502,90.22820),14.73412]
	 460.00000	   0.08915	[mu,kappa]: [(19.65039,90.31497),17.53974]
	 462.00000	   0.08954	[mu,kappa]: [(19.29689,88.68851),14.10994]
			msglen: 94081.38975 bits.
Iteration #: 1
	 521.63114	   0.10108	[mu,kappa]: [(22.47120,85.83350),2.74827]
	 440.14478	   0.08531	[mu,kappa]: [(18.30152,90.58747),23.98332]
	 409.92127	   0.07945	[mu,kappa]: [(18.32134,89.25903),10.85967]
	 458.24727	   0.08881	[mu,kappa]: [(19.37629,90.14429),21.04147]
	 461.02785	   0.08935	[mu,kappa]: [(18.63861,90.11694),20.51514]
	 455.64355	   0.08831	[mu,kappa]: [(19.21304,90.72463),28.73319]
	 488.47192	   0.09466	[mu,kappa]: [(18.56826,90.64606),24.65759]
	 443.21579	   0.08590	[mu,kappa]: [(20.23300,90.35003),29.91212]
	 508.94561	   0.09862	[mu,kappa]: [(18.43231,91.01576),29.16628]
	 514.43613	   0.09969	[mu,kappa]: [(20.15449,91.16738),41.74597]
	 458.31471	   0.08882	[mu,kappa]: [(19.22056,90.49296),27.34348]
			msglen: 100703.52038 bits.
Iteration #: 2
	 426.79268	   0.08272	[mu,kappa]: [(10.57308,42.45531),1.36506]
	 431.31838	   0.08360	[mu,kappa]: [(19.13779,91.21439),38.18297]
	 326.97813	   0.06340	[mu,kappa]: [(14.62024,86.09516),12.95831]
	 430.32310	   0.08340	[mu,kappa]: [(20.09566,90.23407),32.87530]
	 427.87639	   0.08293	[mu,kappa]: [(19.17199,90.39970),30.98101]
	 483.19673	   0.09364	[mu,kappa]: [(20.30751,91.43385),49.76095]
	 484.48868	   0.09389	[mu,kappa]: [(19.47756,91.21178),40.01355]
	 482.82718	   0.09357	[mu,kappa]: [(21.35344,91.04765),53.37866]
	 539.18282	   0.10448	[mu,kappa]: [(19.50788,91.86103),49.78145]
	 650.94968	   0.12612	[mu,kappa]: [(21.16976,91.89442),78.00153]
	 476.06626	   0.09226	[mu,kappa]: [(20.29354,91.25729),46.68024]
			msglen: 99361.33931 bits.
Iteration #: 3
	 410.36488	   0.07954	[mu,kappa]: [(9.69339,9.01587),1.24893]
	 408.13510	   0.07911	[mu,kappa]: [(19.46018,91.50439),43.44964]
	 354.71816	   0.06877	[mu,kappa]: [(7.71285,79.63712),12.00800]
	 403.78273	   0.07827	[mu,kappa]: [(21.08128,89.93927),35.44871]
	 397.74374	   0.07710	[mu,kappa]: [(19.50321,90.27012),32.28262]
	 482.65054	   0.09353	[mu,kappa]: [(21.05972,91.63499),63.21227]
	 462.03239	   0.08954	[mu,kappa]: [(19.98177,91.45209),46.55618]
	 497.11160	   0.09633	[mu,kappa]: [(22.42951,91.02941),69.63291]
	 534.91482	   0.10365	[mu,kappa]: [(19.93579,92.29821),63.09351]
	 739.23321	   0.14321	[mu,kappa]: [(21.79087,92.03107),111.44044]
	 469.31284	   0.09095	[mu,kappa]: [(21.09888,91.42097),57.95197]
			msglen: 98926.77580 bits.
Iteration #: 4
	 365.41569	   0.07084	[mu,kappa]: [(19.67549,49.93603),1.02173]
	 385.25090	   0.07468	[mu,kappa]: [(19.33279,91.79539),44.94010]
	 442.17287	   0.08570	[mu,kappa]: [(1.21295,325.99032),14.84911]
	 387.29980	   0.07507	[mu,kappa]: [(22.77859,89.02882),33.90632]
	 376.90637	   0.07306	[mu,kappa]: [(19.97585,89.84608),30.28511]
	 472.70601	   0.09161	[mu,kappa]: [(21.49103,91.66678),72.59125]
	 437.47147	   0.08479	[mu,kappa]: [(20.13774,91.59659),48.90337]
	 503.52369	   0.09758	[mu,kappa]: [(23.45653,90.69797),81.67767]
	 522.48887	   0.10125	[mu,kappa]: [(19.76443,92.77357),73.63363]
	 811.64294	   0.15722	[mu,kappa]: [(22.08883,92.08106),145.75301]
	 455.12137	   0.08820	[mu,kappa]: [(21.66939,91.35718),64.67322]
			msglen: 98462.12169 bits.
Iteration #: 5
	 294.56685	   0.05712	[mu,kappa]: [(53.47988,67.28002),0.80094]
	 363.86249	   0.07054	[mu,kappa]: [(18.77981,92.33334),46.83048]
	 541.05895	   0.10484	[mu,kappa]: [(6.56027,273.60398),24.99063]
	 390.21014	   0.07564	[mu,kappa]: [(26.30443,87.28731),32.46022]
	 358.68412	   0.06954	[mu,kappa]: [(21.36310,89.03421),28.48795]
	 458.17155	   0.08880	[mu,kappa]: [(21.67708,91.70100),80.10669]
	 412.86230	   0.08002	[mu,kappa]: [(19.99842,91.81825),50.55002]
	 510.39109	   0.09890	[mu,kappa]: [(24.65951,90.16711),91.80542]
	 514.10496	   0.09962	[mu,kappa]: [(18.96756,93.58218),85.75489]
	 878.58893	   0.17018	[mu,kappa]: [(22.18129,92.16373),182.07225]
	 437.49863	   0.08479	[mu,kappa]: [(22.12334,91.20805),69.10779]
			msglen: 97856.31113 bits.
Iteration #: 6
	 229.56803	   0.04454	[mu,kappa]: [(97.87459,68.21104),0.71750]
	 344.88168	   0.06686	[mu,kappa]: [(17.34684,93.75749),54.47024]
	 606.52591	   0.11752	[mu,kappa]: [(8.29759,271.55073),33.85423]
	 421.83742	   0.08176	[mu,kappa]: [(31.47189,85.32599),36.95108]
	 328.42008	   0.06368	[mu,kappa]: [(23.37441,88.26616),29.08132]
	 438.24212	   0.08494	[mu,kappa]: [(21.48502,91.91540),88.01098]
	 386.19396	   0.07486	[mu,kappa]: [(19.14606,92.58802),55.51618]
	 521.81038	   0.10112	[mu,kappa]: [(26.10578,89.52666),105.39070]
	 530.95276	   0.10289	[mu,kappa]: [(17.40940,95.06778),106.38436]
	 938.15308	   0.18172	[mu,kappa]: [(22.12482,92.29493),220.26773]
	 413.41458	   0.08013	[mu,kappa]: [(22.31804,91.16733),73.82519]
			msglen: 97226.36423 bits.
Iteration #: 7
	 187.86556	   0.03647	[mu,kappa]: [(137.13125,62.30710),0.83039]
	 339.91467	   0.06590	[mu,kappa]: [(14.95104,96.38874),73.69896]
	 615.48426	   0.11925	[mu,kappa]: [(8.89515,271.86734),36.12649]
	 484.54560	   0.09390	[mu,kappa]: [(36.16294,83.94923),54.98842]
	 274.52190	   0.05324	[mu,kappa]: [(24.90514,87.81967),32.09213]
	 404.32293	   0.07837	[mu,kappa]: [(21.00356,92.27308),98.53130]
	 357.22879	   0.06925	[mu,kappa]: [(17.36345,94.14508),66.88657]
	 546.93844	   0.10598	[mu,kappa]: [(27.75775,88.88662),136.59625]
	 600.92742	   0.11643	[mu,kappa]: [(15.46177,97.20136),144.82893]
	 975.79341	   0.18900	[mu,kappa]: [(22.07494,92.39924),263.04747]
	 372.45701	   0.07220	[mu,kappa]: [(22.29564,91.23129),81.33232]
			msglen: 96329.77490 bits.
Iteration #: 8
	 168.50881	   0.03272	[mu,kappa]: [(151.82783,58.48613),1.08766]
	 351.02086	   0.06805	[mu,kappa]: [(12.68586,99.43221),107.23934]
	 595.08220	   0.11530	[mu,kappa]: [(9.82061,272.91454),36.85413]
	 544.94756	   0.10559	[mu,kappa]: [(38.36034,83.37232),82.33429]
	 195.20344	   0.03789	[mu,kappa]: [(25.76209,87.62729),38.59836]
	 348.63795	   0.06759	[mu,kappa]: [(20.66694,92.48042),117.90805]
	 320.57937	   0.06216	[mu,kappa]: [(15.39058,95.94137),86.80260]
	 614.00143	   0.11896	[mu,kappa]: [(28.99693,88.54462),207.50601]
	 710.45065	   0.13763	[mu,kappa]: [(14.04767,99.13895),202.10766]
	1002.05006	   0.19409	[mu,kappa]: [(22.15392,92.41569),278.00000]
	 309.51766	   0.06002	[mu,kappa]: [(22.41085,91.17928),97.98797]
			msglen: 95484.31400 bits.
Iteration #: 9
	 164.44824	   0.03193	[mu,kappa]: [(151.76785,61.07866),1.22501]
	 371.57599	   0.07203	[mu,kappa]: [(11.06165,102.22064),138.50753]
	 567.22152	   0.10991	[mu,kappa]: [(10.91537,274.05504),37.69754]
	 544.88964	   0.10558	[mu,kappa]: [(39.32195,82.97598),99.57188]
	 126.49187	   0.02458	[mu,kappa]: [(26.28153,87.28739),49.07477]
	 293.27512	   0.05687	[mu,kappa]: [(20.62299,92.44317),155.88610]
	 284.48430	   0.05517	[mu,kappa]: [(13.84634,97.30880),109.18688]
	 722.37795	   0.13994	[mu,kappa]: [(29.51217,88.52632),278.00000]
	 786.67365	   0.15239	[mu,kappa]: [(13.43535,100.23183),253.68542]
	1048.47857	   0.20307	[mu,kappa]: [(22.22537,92.38684),278.00000]
	 250.08314	   0.04851	[mu,kappa]: [(22.66382,90.98036),131.48544]
			msglen: 94997.49659 bits.
Iteration #: 10
	 164.44084	   0.03193	[mu,kappa]: [(150.02698,63.12683),1.26952]
	 394.92874	   0.07655	[mu,kappa]: [(9.74804,105.02668),155.90029]
	 541.57063	   0.10494	[mu,kappa]: [(11.81750,274.95126),38.55776]
	 516.29571	   0.10005	[mu,kappa]: [(40.04931,82.59888),109.97705]
	  84.52746	   0.01646	[mu,kappa]: [(26.58682,86.78486),65.63991]
	 264.54356	   0.05131	[mu,kappa]: [(20.63401,92.47562),219.06487]
	 257.35764	   0.04992	[mu,kappa]: [(12.74230,98.12451),125.45178]
	 809.36370	   0.15678	[mu,kappa]: [(29.77129,88.53377),278.00000]
	 803.33502	   0.15562	[mu,kappa]: [(13.31438,100.59888),278.00000]
	1107.85204	   0.21457	[mu,kappa]: [(22.17026,92.38467),278.00000]
	 215.78466	   0.04187	[mu,kappa]: [(22.76710,90.90920),181.94032]
			msglen: 94759.06651 bits.
Iteration #: 11
	 164.50604	   0.03194	[mu,kappa]: [(149.24802,63.90504),1.28623]
	 420.22881	   0.08145	[mu,kappa]: [(8.62430,108.03479),167.00126]
	 514.17466	   0.09964	[mu,kappa]: [(12.67201,275.68599),39.48874]
	 481.11600	   0.09324	[mu,kappa]: [(40.63947,82.29518),115.68755]
	  62.22545	   0.01214	[mu,kappa]: [(26.80956,86.36784),86.87735]
	 260.96336	   0.05062	[mu,kappa]: [(20.57575,92.73908),278.00000]
	 235.89528	   0.04576	[mu,kappa]: [(11.93458,98.48777),136.51400]
	 873.21361	   0.16914	[mu,kappa]: [(29.97803,88.43372),278.00000]
	 797.91945	   0.15457	[mu,kappa]: [(13.41442,100.52999),278.00000]
	1148.32947	   0.22240	[mu,kappa]: [(22.07934,92.38699),278.00000]
	 201.42785	   0.03909	[mu,kappa]: [(22.76501,91.05111),239.52565]
			msglen: 94613.05562 bits.
Iteration #: 12
	 164.00420	   0.03185	[mu,kappa]: [(149.24861,64.09436),1.30021]
	 443.37051	   0.08593	[mu,kappa]: [(7.75713,110.99305),175.20850]
	 486.74609	   0.09433	[mu,kappa]: [(13.53512,276.26891),40.62209]
	 450.47234	   0.08730	[mu,kappa]: [(41.15936,82.04942),119.04610]
	  50.15283	   0.00981	[mu,kappa]: [(27.01702,86.08939),106.45874]
	 268.22137	   0.05202	[mu,kappa]: [(20.45504,93.06049),278.00000]
	 218.31009	   0.04236	[mu,kappa]: [(11.38536,98.49162),145.65702]
	 920.26584	   0.17825	[mu,kappa]: [(30.15422,88.31397),278.00000]
	 800.03744	   0.15498	[mu,kappa]: [(13.58151,100.24822),278.00000]
	1161.51985	   0.22496	[mu,kappa]: [(21.99059,92.37843),278.00000]
	 196.89942	   0.03821	[mu,kappa]: [(22.74738,91.30119),278.00000]
			msglen: 94533.05341 bits.
Iteration #: 13
	 163.14473	   0.03168	[mu,kappa]: [(149.64788,64.02743),1.31528]
	 460.07349	   0.08916	[mu,kappa]: [(7.09701,113.67462),179.74543]
	 463.34932	   0.08980	[mu,kappa]: [(14.31114,276.66739),41.85513]
	 425.36032	   0.08244	[mu,kappa]: [(41.61937,81.84755),121.04136]
	  42.67701	   0.00836	[mu,kappa]: [(27.21698,86.02506),123.36124]
	 273.28410	   0.05300	[mu,kappa]: [(20.33169,93.23464),278.00000]
	 203.32103	   0.03946	[mu,kappa]: [(11.02663,98.26873),152.98267]
	 954.09501	   0.18480	[mu,kappa]: [(30.29420,88.21039),278.00000]
	 811.24340	   0.15715	[mu,kappa]: [(13.74484,99.95317),278.00000]
	1166.02006	   0.22583	[mu,kappa]: [(21.92520,92.36176),278.00000]
	 197.43152	   0.03832	[mu,kappa]: [(22.75363,91.52730),278.00000]
			msglen: 94486.84005 bits.
Iteration #: 14
	 162.15456	   0.03149	[mu,kappa]: [(150.23910,63.82644),1.33032]
	 470.50682	   0.09118	[mu,kappa]: [(6.58770,115.84280),180.54388]
	 444.33207	   0.08612	[mu,kappa]: [(14.96543,276.90181),43.04173]
	 405.78587	   0.07865	[mu,kappa]: [(42.01171,81.68309),122.18651]
	  37.54443	   0.00737	[mu,kappa]: [(27.41192,86.13146),138.91565]
	 276.46292	   0.05362	[mu,kappa]: [(20.23285,93.33620),278.00000]
	 190.99188	   0.03707	[mu,kappa]: [(10.78306,97.95904),159.00017]
	 977.69163	   0.18937	[mu,kappa]: [(30.40555,88.12678),278.00000]
	 829.52056	   0.16069	[mu,kappa]: [(13.85993,99.74508),278.00000]
	1167.02495	   0.22602	[mu,kappa]: [(21.89824,92.34045),278.00000]
	 197.98430	   0.03842	[mu,kappa]: [(22.78601,91.62740),278.00000]
			msglen: 94458.12673 bits.
Iteration #: 15
	 161.16965	   0.03130	[mu,kappa]: [(150.88424,63.57461),1.34477]
	 476.29391	   0.09230	[mu,kappa]: [(6.17506,117.42594),178.02225]
	 428.74335	   0.08310	[mu,kappa]: [(15.51360,277.00910),44.11653]
	 390.94656	   0.07578	[mu,kappa]: [(42.33312,81.55180),122.73227]
	  33.86045	   0.00665	[mu,kappa]: [(27.59002,86.33037),153.90078]
	 278.15764	   0.05395	[mu,kappa]: [(20.15586,93.40099),278.00000]
	 181.16449	   0.03517	[mu,kappa]: [(10.60944,97.70483),163.97703]
	 993.22671	   0.19238	[mu,kappa]: [(30.50053,88.05669),278.00000]
	 851.95642	   0.16503	[mu,kappa]: [(13.92465,99.63411),278.00000]
	1165.83945	   0.22579	[mu,kappa]: [(21.90168,92.31545),278.00000]
	 198.64137	   0.03855	[mu,kappa]: [(22.84069,91.65913),278.00000]
			msglen: 94439.19099 bits.
Iteration #: 16
	 160.24628	   0.03112	[mu,kappa]: [(151.50891,63.32248),1.35864]
	 479.53223	   0.09293	[mu,kappa]: [(5.81405,118.49047),173.07744]
	 415.28718	   0.08049	[mu,kappa]: [(15.99302,277.02730),45.09375]
	 379.69801	   0.07360	[mu,kappa]: [(42.59145,81.44800),122.85640]
	  31.16396	   0.00613	[mu,kappa]: [(27.73747,86.58022),168.68720]
	 279.05848	   0.05412	[mu,kappa]: [(20.09619,93.44427),278.00000]
	 173.19368	   0.03363	[mu,kappa]: [(10.47801,97.63096),168.28077]
	1002.24993	   0.19412	[mu,kappa]: [(30.58540,87.99612),278.00000]
	 875.42164	   0.16957	[mu,kappa]: [(13.95162,99.59716),278.00000]
	1164.52423	   0.22554	[mu,kappa]: [(21.92599,92.28630),278.00000]
	 199.62438	   0.03874	[mu,kappa]: [(22.91009,91.65276),278.00000]
			msglen: 94424.93083 bits.
Iteration #: 17
	 159.40262	   0.03096	[mu,kappa]: [(152.07972,63.09232),1.37194]
	 481.97268	   0.09340	[mu,kappa]: [(5.47461,119.13709),166.58834]
	 402.84274	   0.07808	[mu,kappa]: [(16.44154,276.98608),46.02790]
	 371.08854	   0.07194	[mu,kappa]: [(42.79829,81.36580),122.70587]
	  29.17876	   0.00575	[mu,kappa]: [(27.84669,86.86096),183.65885]
	 279.67315	   0.05424	[mu,kappa]: [(20.04883,93.47413),278.00000]
	 166.49627	   0.03233	[mu,kappa]: [(10.37410,97.82636),172.58815]
	1006.16982	   0.19488	[mu,kappa]: [(30.66428,87.94243),278.00000]
	 897.92003	   0.17393	[mu,kappa]: [(13.95361,99.60678),278.00000]
	1164.23704	   0.22548	[mu,kappa]: [(21.96293,92.25390),278.00000]
	 201.01836	   0.03901	[mu,kappa]: [(22.98746,91.62556),278.00000]
			msglen: 94412.56006 bits.
Iteration #: 18
	 158.64292	   0.03081	[mu,kappa]: [(152.58494,62.89122),1.38458]
	 484.68788	   0.09393	[mu,kappa]: [(5.13858,119.45169),159.22215]
	 390.63799	   0.07572	[mu,kappa]: [(16.88796,276.90380),46.98271]
	 364.36446	   0.07063	[mu,kappa]: [(42.96529,81.29984),122.39286]
	  27.73869	   0.00547	[mu,kappa]: [(27.91535,87.16447),199.53126]
	 280.30889	   0.05436	[mu,kappa]: [(20.00927,93.49563),278.00000]
	 160.75143	   0.03122	[mu,kappa]: [(10.29136,98.35630),177.87215]
	1006.26923	   0.19490	[mu,kappa]: [(30.73975,87.89370),278.00000]
	 918.42866	   0.17790	[mu,kappa]: [(13.93994,99.64122),278.00000]
	1165.36543	   0.22570	[mu,kappa]: [(22.00635,92.21977),278.00000]
	 202.80442	   0.03936	[mu,kappa]: [(23.06811,91.58753),278.00000]
			msglen: 94400.59569 bits.
Iteration #: 19
	 157.96363	   0.03068	[mu,kappa]: [(153.02592,62.71848),1.39649]
	 488.16400	   0.09460	[mu,kappa]: [(4.79577,119.49937),151.47978]
	 378.22015	   0.07332	[mu,kappa]: [(17.35105,276.79064),48.01723]
	 358.95644	   0.06959	[mu,kappa]: [(43.10256,81.24570),121.99619]
	  26.75772	   0.00528	[mu,kappa]: [(27.94372,87.48883),217.44860]
	 281.13544	   0.05452	[mu,kappa]: [(19.97385,93.51228),278.00000]
	 155.92464	   0.03028	[mu,kappa]: [(10.22679,99.27105),185.37973]
	1003.63384	   0.19439	[mu,kappa]: [(30.81330,87.84850),278.00000]
	 936.46493	   0.18139	[mu,kappa]: [(13.91694,99.68503),278.00000]
	1167.86330	   0.22619	[mu,kappa]: [(22.05204,92.18538),278.00000]
	 204.91591	   0.03977	[mu,kappa]: [(23.14922,91.54438),278.00000]
			msglen: 94388.18464 bits.
Iteration #: 20
	 157.35631	   0.03056	[mu,kappa]: [(153.41109,62.56955),1.40763]
	 492.42357	   0.09543	[mu,kappa]: [(4.44173,119.34119),143.78460]
	 365.39804	   0.07083	[mu,kappa]: [(17.84079,276.65293),49.18113]
	 354.45117	   0.06872	[mu,kappa]: [(43.21819,81.20000),121.56640]
	  26.21458	   0.00517	[mu,kappa]: [(27.93341,87.83491),239.06215]
	 282.24536	   0.05474	[mu,kappa]: [(19.93973,93.52661),278.00000]
	 152.25900	   0.02957	[mu,kappa]: [(10.17628,100.59499),196.60361]
	 999.11545	   0.19352	[mu,kappa]: [(30.88573,87.80578),278.00000]
	 951.76713	   0.18435	[mu,kappa]: [(13.88920,99.72657),278.00000]
	1171.49585	   0.22689	[mu,kappa]: [(22.09719,92.15192),278.00000]
	 207.27355	   0.04022	[mu,kappa]: [(23.22926,91.49929),278.00000]
			msglen: 94374.81138 bits.
Iteration #: 21
	 156.81128	   0.03045	[mu,kappa]: [(153.75138,62.43785),1.41802]
	 497.07617	   0.09633	[mu,kappa]: [(4.07657,119.06280),136.52963]
	 352.21644	   0.06828	[mu,kappa]: [(18.35833,276.49731),50.50699]
	 350.55627	   0.06796	[mu,kappa]: [(43.31842,81.16025),121.13266]
	  26.14953	   0.00516	[mu,kappa]: [(27.88750,88.20305),266.68262]
	 283.69148	   0.05502	[mu,kappa]: [(19.90465,93.54067),278.00000]
	 150.26877	   0.02919	[mu,kappa]: [(10.13083,102.29936),213.11568]
	 993.33850	   0.19240	[mu,kappa]: [(30.95751,87.76471),278.00000]
	 964.13432	   0.18675	[mu,kappa]: [(13.86077,99.75519),278.00000]
	1175.95828	   0.22775	[mu,kappa]: [(22.13993,92.12042),278.00000]
	 209.79896	   0.04071	[mu,kappa]: [(23.30752,91.45401),278.00000]
			msglen: 94360.23446 bits.
Iteration #: 22
	 156.32170	   0.03036	[mu,kappa]: [(154.05643,62.31575),1.42761]
	 501.37108	   0.09716	[mu,kappa]: [(3.70347,118.79352),130.04480]
	 338.93972	   0.06571	[mu,kappa]: [(18.89523,276.33346),51.99575]
	 347.06625	   0.06729	[mu,kappa]: [(43.40790,81.12466),120.70994]
	  26.67335	   0.00526	[mu,kappa]: [(27.81164,88.58882),278.00000]
	 285.50087	   0.05537	[mu,kappa]: [(19.86682,93.55654),278.00000]
	 150.68035	   0.02927	[mu,kappa]: [(10.07566,104.28625),236.15735]
	 986.72862	   0.19112	[mu,kappa]: [(31.02897,87.72466),278.00000]
	 973.40569	   0.18854	[mu,kappa]: [(13.83591,99.75977),278.00000]
	1180.89849	   0.22871	[mu,kappa]: [(22.17904,92.09181),278.00000]
	 212.41387	   0.04122	[mu,kappa]: [(23.38377,91.40955),278.00000]
			msglen: 94344.90197 bits.
Iteration #: 23
	 155.88372	   0.03027	[mu,kappa]: [(154.33326,62.19631),1.43627]
	 504.37395	   0.09774	[mu,kappa]: [(3.32604,118.68552),124.51007]
	 325.97718	   0.06320	[mu,kappa]: [(19.43516,276.17235),53.60956]
	 343.79141	   0.06665	[mu,kappa]: [(43.49104,81.09183),120.31071]
	  27.52155	   0.00542	[mu,kappa]: [(27.72414,88.89892),278.00000]
	 287.65730	   0.05578	[mu,kappa]: [(19.82519,93.57660),278.00000]
	 154.26856	   0.02996	[mu,kappa]: [(9.99503,106.41583),266.14718]
	 979.86196	   0.18979	[mu,kappa]: [(31.09826,87.68666),278.00000]
	 979.52202	   0.18972	[mu,kappa]: [(13.81920,99.72939),278.00000]
	1186.04697	   0.22971	[mu,kappa]: [(22.21514,92.06667),278.00000]
	 215.09538	   0.04174	[mu,kappa]: [(23.45978,91.36616),278.00000]
			msglen: 94329.03410 bits.
Iteration #: 24
	 155.49409	   0.03020	[mu,kappa]: [(154.58643,62.07512),1.44390]
	 505.25066	   0.09791	[mu,kappa]: [(2.94589,118.86244),119.91876]
	 313.73172	   0.06083	[mu,kappa]: [(19.95972,276.02126),55.28761]
	 340.69647	   0.06605	[mu,kappa]: [(43.56947,81.06101),119.94163]
	  28.47464	   0.00561	[mu,kappa]: [(27.63613,89.11280),278.00000]
	 290.11312	   0.05626	[mu,kappa]: [(19.77860,93.60327),278.00000]
	 161.65301	   0.03139	[mu,kappa]: [(9.88064,108.55838),278.00000]
	 973.05484	   0.18847	[mu,kappa]: [(31.16473,87.65126),278.00000]
	 982.75299	   0.19035	[mu,kappa]: [(13.81548,99.65468),278.00000]
	1190.98471	   0.23066	[mu,kappa]: [(22.24880,92.04525),278.00000]
	 217.79376	   0.04226	[mu,kappa]: [(23.53704,91.32366),278.00000]
			msglen: 94315.02819 bits.
Iteration #: 25
	 155.14841	   0.03013	[mu,kappa]: [(154.81837,61.95163),1.45056]
	 502.67064	   0.09741	[mu,kappa]: [(2.56527,119.30198),116.15399]
	 302.45428	   0.05865	[mu,kappa]: [(20.45547,275.88208),56.97814]
	 337.77906	   0.06549	[mu,kappa]: [(43.64352,81.03191),119.60249]
	  29.51377	   0.00581	[mu,kappa]: [(27.55236,89.26161),278.00000]
	 292.62135	   0.05675	[mu,kappa]: [(19.72722,93.63853),278.00000]
	 172.25927	   0.03344	[mu,kappa]: [(9.71914,110.49618),278.00000]
	 966.39463	   0.18718	[mu,kappa]: [(31.22865,87.61800),278.00000]
	 985.86184	   0.19095	[mu,kappa]: [(13.81748,99.56101),278.00000]
	1194.88441	   0.23142	[mu,kappa]: [(22.28198,92.02648),278.00000]
	 220.41234	   0.04277	[mu,kappa]: [(23.61756,91.28089),278.00000]
			msglen: 94302.62098 bits.
Iteration #: 26
	 154.84486	   0.03007	[mu,kappa]: [(155.02977,61.82697),1.45623]
	 496.39696	   0.09620	[mu,kappa]: [(2.17697,120.01966),112.98075]
	 292.32263	   0.05669	[mu,kappa]: [(20.91100,275.75386),58.62732]
	 335.01831	   0.06495	[mu,kappa]: [(43.71361,81.00433),119.29178]
	  30.63107	   0.00603	[mu,kappa]: [(27.47507,89.36666),278.00000]
	 295.13009	   0.05723	[mu,kappa]: [(19.67241,93.68070),278.00000]
	 185.34165	   0.03598	[mu,kappa]: [(9.51956,112.20361),278.00000]
	 959.87849	   0.18592	[mu,kappa]: [(31.29003,87.58645),278.00000]
	 989.64837	   0.19168	[mu,kappa]: [(13.82258,99.46839),278.00000]
	1197.79845	   0.23198	[mu,kappa]: [(22.31567,92.00868),278.00000]
	 222.98912	   0.04327	[mu,kappa]: [(23.70181,91.23674),278.00000]
			msglen: 94290.38147 bits.
Iteration #: 27
	 154.57959	   0.03002	[mu,kappa]: [(155.22217,61.70291),1.46101]
	 487.03049	   0.09438	[mu,kappa]: [(1.77412,121.16619),110.26251]
	 283.25665	   0.05493	[mu,kappa]: [(21.32561,275.63461),60.20513]
	 332.40140	   0.06445	[mu,kappa]: [(43.78005,80.97817),119.00881]
	  31.81859	   0.00626	[mu,kappa]: [(27.40529,89.44227),278.00000]
	 297.68853	   0.05773	[mu,kappa]: [(19.61516,93.72695),278.00000]
	 200.57073	   0.03893	[mu,kappa]: [(9.30158,113.73643),278.00000]
	 953.42401	   0.18467	[mu,kappa]: [(31.34924,87.55625),278.00000]
	 993.66118	   0.19246	[mu,kappa]: [(13.83249,99.37609),278.00000]
	1199.99409	   0.23241	[mu,kappa]: [(22.34976,91.99090),278.00000]
	 225.57475	   0.04377	[mu,kappa]: [(23.78918,91.19097),278.00000]
			msglen: 94278.09793 bits.
Iteration #: 28
	 154.34668	   0.02998	[mu,kappa]: [(155.39697,61.58189),1.46505]
	 475.23415	   0.09210	[mu,kappa]: [(1.35433,123.08742),107.94304]
	 275.06527	   0.05335	[mu,kappa]: [(21.70515,275.52314),61.70929]
	 329.91464	   0.06397	[mu,kappa]: [(43.84312,80.95334),118.75167]
	  33.06859	   0.00650	[mu,kappa]: [(27.34354,89.49788),278.00000]
	 300.28956	   0.05823	[mu,kappa]: [(19.55631,93.77539),278.00000]
	 217.63138	   0.04223	[mu,kappa]: [(9.08096,115.11426),278.00000]
	 946.96406	   0.18342	[mu,kappa]: [(31.40675,87.52712),278.00000]
	 997.76858	   0.19326	[mu,kappa]: [(13.84704,99.28293),278.00000]
	1201.53136	   0.23270	[mu,kappa]: [(22.38428,91.97277),278.00000]
	 228.18573	   0.04427	[mu,kappa]: [(23.87929,91.14376),278.00000]
			msglen: 94265.79709 bits.
Iteration #: 29
	 154.14090	   0.02994	[mu,kappa]: [(155.55560,61.46545),1.46850]
	 461.73117	   0.08948	[mu,kappa]: [(0.91886,126.93213),106.00406]
	 267.57873	   0.05190	[mu,kappa]: [(22.05576,275.41873),63.14702]
	 327.54186	   0.06351	[mu,kappa]: [(43.90317,80.92967),118.51742]
	  34.37479	   0.00675	[mu,kappa]: [(27.28979,89.53965),278.00000]
	 302.91735	   0.05874	[mu,kappa]: [(19.49683,93.82474),278.00000]
	 236.06470	   0.04580	[mu,kappa]: [(8.86906,116.33578),278.00000]
	 940.45528	   0.18216	[mu,kappa]: [(31.46298,87.49879),278.00000]
	1001.88984	   0.19405	[mu,kappa]: [(13.86547,99.18875),278.00000]
	1202.46740	   0.23288	[mu,kappa]: [(22.41935,91.95418),278.00000]
	 230.83798	   0.04479	[mu,kappa]: [(23.97178,91.09543),278.00000]
			msglen: 94253.66965 bits.
Iteration #: 30
	 153.95834	   0.02990	[mu,kappa]: [(155.69960,61.35401),1.47144]
	 447.28600	   0.08669	[mu,kappa]: [(0.47959,138.32823),104.44972]
	 260.66148	   0.05056	[mu,kappa]: [(22.38262,275.32088),64.52621]
	 325.26668	   0.06307	[mu,kappa]: [(43.96060,80.90700),118.30299]
	  35.73165	   0.00701	[mu,kappa]: [(27.24374,89.57157),278.00000]
	 305.56065	   0.05925	[mu,kappa]: [(19.43763,93.87408),278.00000]
	 255.27570	   0.04952	[mu,kappa]: [(8.67290,117.39397),278.00000]
	 933.86527	   0.18089	[mu,kappa]: [(31.51830,87.47103),278.00000]
	1005.96681	   0.19484	[mu,kappa]: [(13.88678,99.09425),278.00000]
	1202.87955	   0.23296	[mu,kappa]: [(22.45499,91.93515),278.00000]
	 233.54787	   0.04531	[mu,kappa]: [(24.06618,91.04631),278.00000]
			msglen: 94241.98523 bits.
Iteration #: 31
	 153.79589	   0.02987	[mu,kappa]: [(155.83044,61.24753),1.47396]
	 432.64420	   0.08385	[mu,kappa]: [(0.19444,213.86759),103.28882]
	 254.21620	   0.04931	[mu,kappa]: [(22.68961,275.22922),65.85248]
	 323.07317	   0.06264	[mu,kappa]: [(44.01581,80.88518),118.10551]
	  37.13419	   0.00729	[mu,kappa]: [(27.20489,89.59628),278.00000]
	 308.21583	   0.05976	[mu,kappa]: [(19.37954,93.92269),278.00000]
	 274.60989	   0.05326	[mu,kappa]: [(8.49593,118.28669),278.00000]
	 927.17234	   0.17959	[mu,kappa]: [(31.57303,87.44364),278.00000]
	1009.94678	   0.19561	[mu,kappa]: [(13.90994,99.00071),278.00000]
	1202.86070	   0.23296	[mu,kappa]: [(22.49108,91.91577),278.00000]
	 236.33081	   0.04585	[mu,kappa]: [(24.16197,90.99674),278.00000]
			msglen: 94231.01362 bits.
Iteration #: 32
	 153.65087	   0.02984	[mu,kappa]: [(155.94956,61.14582),1.47609]
	 418.45739	   0.08111	[mu,kappa]: [(0.54209,273.53432),102.51844]
	 248.18104	   0.04814	[mu,kappa]: [(22.97923,275.14343),67.12830]
	 320.94629	   0.06223	[mu,kappa]: [(44.06918,80.86405),117.92240]
	  38.57802	   0.00757	[mu,kappa]: [(27.17267,89.61553),278.00000]
	 310.88627	   0.06028	[mu,kappa]: [(19.32325,93.97001),278.00000]
	 293.45054	   0.05691	[mu,kappa]: [(8.33895,119.02097),278.00000]
	 920.36630	   0.17827	[mu,kappa]: [(31.62747,87.41644),278.00000]
	1013.77499	   0.19636	[mu,kappa]: [(13.93398,98.90951),278.00000]
	1202.50859	   0.23289	[mu,kappa]: [(22.52744,91.89617),278.00000]
	 239.19971	   0.04640	[mu,kappa]: [(24.25860,90.94706),278.00000]
			msglen: 94220.96915 bits.
Iteration #: 33
	 153.52072	   0.02982	[mu,kappa]: [(156.05846,61.04862),1.47789]
	 405.22439	   0.07855	[mu,kappa]: [(0.99645,282.83840),102.11342]
	 242.52258	   0.04705	[mu,kappa]: [(23.25283,275.06328),68.35327]
	 318.87228	   0.06183	[mu,kappa]: [(44.12108,80.84349),117.75147]
	  40.05938	   0.00785	[mu,kappa]: [(27.14652,89.63049),278.00000]
	 313.58036	   0.06080	[mu,kappa]: [(19.26932,94.01565),278.00000]
	 311.29597	   0.06036	[mu,kappa]: [(8.20112,119.61201),278.00000]
	 913.44802	   0.17693	[mu,kappa]: [(31.68182,87.38931),278.00000]
	1017.39715	   0.19706	[mu,kappa]: [(13.95813,98.82194),278.00000]
	1201.91499	   0.23278	[mu,kappa]: [(22.56379,91.87652),278.00000]
	 242.16417	   0.04698	[mu,kappa]: [(24.35555,90.89754),278.00000]
			msglen: 94211.98454 bits.
			N: 5160
		18.25814 bpr
Null model msglen: 121688.61385 bits.	(23.58306 bpr)
