Iteration #: 0
	 246.00000	   0.04767	[mu,kappa]: [(17.69083,91.43240),13.26196]
	 255.00000	   0.04941	[mu,kappa]: [(18.63036,90.48992),11.57222]
	 240.00000	   0.04651	[mu,kappa]: [(18.52240,88.09931),12.64566]
	 247.00000	   0.04787	[mu,kappa]: [(20.36307,90.16211),14.80058]
	 218.00000	   0.04226	[mu,kappa]: [(18.49455,90.41928),15.54293]
	 263.00000	   0.05096	[mu,kappa]: [(19.28653,91.69455),18.59474]
	 253.00000	   0.04903	[mu,kappa]: [(19.92257,89.73252),11.42768]
	 270.00000	   0.05232	[mu,kappa]: [(19.68939,89.22468),17.45442]
	 237.00000	   0.04593	[mu,kappa]: [(18.47916,90.26560),16.60617]
	 253.00000	   0.04903	[mu,kappa]: [(18.00258,89.91527),12.54068]
	 240.00000	   0.04651	[mu,kappa]: [(18.81717,89.29097),12.07151]
	 276.00000	   0.05348	[mu,kappa]: [(19.69287,89.97276),11.29643]
	 264.00000	   0.05116	[mu,kappa]: [(17.94247,90.03566),13.66364]
	 252.00000	   0.04883	[mu,kappa]: [(19.84258,91.35099),14.54441]
	 217.00000	   0.04207	[mu,kappa]: [(19.45936,89.87732),14.77122]
	 255.00000	   0.04941	[mu,kappa]: [(19.22687,91.90099),14.81028]
	 242.00000	   0.04690	[mu,kappa]: [(19.48408,90.21837),16.21833]
	 229.00000	   0.04439	[mu,kappa]: [(20.57405,90.46839),12.76022]
	 231.00000	   0.04477	[mu,kappa]: [(22.20460,89.54115),13.44385]
	 245.00000	   0.04748	[mu,kappa]: [(20.23596,89.93330),13.21564]
	 227.00000	   0.04400	[mu,kappa]: [(18.86348,87.88824),8.51707]
			msglen: 94270.27862 bits.
Iteration #: 1
	 235.53775	   0.04565	[mu,kappa]: [(17.42688,90.79020),23.70376]
	 231.12871	   0.04480	[mu,kappa]: [(17.44457,89.73852),16.26285]
	 224.64193	   0.04354	[mu,kappa]: [(17.97416,90.16472),21.54700]
	 249.63181	   0.04838	[mu,kappa]: [(20.28029,90.51437),32.49622]
	 225.98406	   0.04380	[mu,kappa]: [(18.93813,91.13880),33.20770]
	 302.32294	   0.05857	[mu,kappa]: [(19.95831,91.49736),44.88845]
	 227.41160	   0.04408	[mu,kappa]: [(18.81375,89.43078),15.74380]
	 299.12480	   0.05795	[mu,kappa]: [(20.20632,91.04985),41.28792]
	 254.61975	   0.04934	[mu,kappa]: [(19.14109,91.32475),36.94394]
	 236.42863	   0.04582	[mu,kappa]: [(17.37735,90.33468),20.80065]
	 220.51119	   0.04274	[mu,kappa]: [(17.95631,89.93095),19.03226]
	 247.49812	   0.04796	[mu,kappa]: [(18.50018,89.38350),14.86692]
	 256.15830	   0.04964	[mu,kappa]: [(17.87369,90.77637),25.48888]
	 252.29315	   0.04889	[mu,kappa]: [(19.77298,90.67222),31.10986]
	 219.11244	   0.04247	[mu,kappa]: [(19.55538,90.70673),31.41015]
	 257.71366	   0.04994	[mu,kappa]: [(19.32116,90.91589),31.55460]
	 257.21664	   0.04984	[mu,kappa]: [(19.85703,90.99433),36.87294]
	 214.43147	   0.04157	[mu,kappa]: [(19.92298,89.98065),23.68394]
	 221.05759	   0.04285	[mu,kappa]: [(21.51040,89.74861),27.74836]
	 233.43075	   0.04524	[mu,kappa]: [(19.77693,90.15245),25.64290]
	 293.74469	   0.05691	[mu,kappa]: [(28.30571,77.44021),1.11708]
			msglen: 100513.08837 bits.
Iteration #: 2
	 218.81064	   0.04242	[mu,kappa]: [(17.56809,91.20951),31.20148]
	 203.07796	   0.03937	[mu,kappa]: [(15.16604,88.42626),16.98623]
	 204.16708	   0.03958	[mu,kappa]: [(17.94964,90.39056),27.19444]
	 262.63137	   0.05089	[mu,kappa]: [(21.42141,91.05278),53.77823]
	 236.51395	   0.04584	[mu,kappa]: [(19.96947,91.85276),53.93147]
	 362.44216	   0.07019	[mu,kappa]: [(20.93813,92.08123),79.27134]
	 197.12195	   0.03822	[mu,kappa]: [(17.25718,87.81500),16.75594]
	 346.98602	   0.06721	[mu,kappa]: [(21.24290,91.73328),72.20628]
	 278.52579	   0.05396	[mu,kappa]: [(20.18952,92.06130),62.21764]
	 213.55712	   0.04140	[mu,kappa]: [(16.89650,90.43262),25.15372]
	 195.93590	   0.03799	[mu,kappa]: [(17.25647,89.58980),22.15503]
	 214.55029	   0.04159	[mu,kappa]: [(16.17508,87.32946),15.22707]
	 242.87963	   0.04707	[mu,kappa]: [(18.39144,91.35704),35.60202]
	 259.59939	   0.05030	[mu,kappa]: [(20.86994,91.18959),50.29663]
	 225.85581	   0.04378	[mu,kappa]: [(20.63603,91.32834),50.65867]
	 265.42953	   0.05143	[mu,kappa]: [(20.37348,91.48292),50.82087]
	 283.43419	   0.05491	[mu,kappa]: [(20.93716,91.65200),62.77573]
	 201.08946	   0.03899	[mu,kappa]: [(20.83384,90.02969),33.75545]
	 221.82555	   0.04300	[mu,kappa]: [(22.80454,89.89808),44.24030]
	 224.20285	   0.04346	[mu,kappa]: [(20.76733,90.44703),38.03791]
	 301.36334	   0.05838	[mu,kappa]: [(18.39462,344.55369),0.65322]
			msglen: 99544.83095 bits.
Iteration #: 3
	 198.32474	   0.03845	[mu,kappa]: [(17.10904,91.77000),33.97441]
	 198.97645	   0.03858	[mu,kappa]: [(10.12308,85.90421),14.36133]
	 183.29547	   0.03555	[mu,kappa]: [(17.62573,90.45332),27.69399]
	 269.57777	   0.05223	[mu,kappa]: [(22.42544,91.08764),71.53024]
	 238.77112	   0.04628	[mu,kappa]: [(20.49075,92.24577),71.90546]
	 411.61609	   0.07971	[mu,kappa]: [(21.42142,92.28200),113.75018]
	 186.60667	   0.03619	[mu,kappa]: [(14.74421,85.65354),13.78262]
	 384.65946	   0.07449	[mu,kappa]: [(21.86585,91.89432),102.15195]
	 292.60349	   0.05669	[mu,kappa]: [(20.66402,92.42184),85.79719]
	 192.87584	   0.03740	[mu,kappa]: [(15.56047,90.53656),24.59147]
	 177.55917	   0.03444	[mu,kappa]: [(15.89732,89.04017),20.34999]
	 211.46375	   0.04099	[mu,kappa]: [(11.67533,84.02767),12.36170]
	 223.27405	   0.04328	[mu,kappa]: [(18.48129,91.90181),41.24614]
	 260.07236	   0.05040	[mu,kappa]: [(21.77396,91.31630),65.77131]
	 226.03866	   0.04381	[mu,kappa]: [(21.44762,91.52252),66.31126]
	 264.96870	   0.05134	[mu,kappa]: [(21.08795,91.74333),66.69803]
	 300.82312	   0.05828	[mu,kappa]: [(21.60956,91.84964),86.56770]
	 187.25092	   0.03631	[mu,kappa]: [(22.35507,89.70351),38.63779]
	 224.60860	   0.04354	[mu,kappa]: [(24.70059,89.43390),56.07044]
	 212.09891	   0.04112	[mu,kappa]: [(22.04838,90.33161),45.50763]
	 314.53468	   0.06093	[mu,kappa]: [(17.35913,340.94270),0.72952]
			msglen: 99032.32305 bits.
Iteration #: 4
	 184.07390	   0.03570	[mu,kappa]: [(15.94402,92.96152),36.93361]
	 213.38569	   0.04137	[mu,kappa]: [(3.09992,78.10222),14.58918]
	 167.81430	   0.03255	[mu,kappa]: [(17.20256,90.70293),27.58622]
	 272.61737	   0.05282	[mu,kappa]: [(23.28880,90.82793),83.86248]
	 237.99364	   0.04613	[mu,kappa]: [(20.39523,92.62218),86.28961]
	 449.47530	   0.08703	[mu,kappa]: [(21.49917,92.44316),146.18405]
	 183.75559	   0.03564	[mu,kappa]: [(12.25294,83.63446),11.97092]
	 411.30581	   0.07965	[mu,kappa]: [(22.14316,91.94567),128.79010]
	 301.20909	   0.05835	[mu,kappa]: [(20.55426,92.77067),106.32657]
	 179.54908	   0.03482	[mu,kappa]: [(13.67514,91.42131),24.88877]
	 165.53089	   0.03211	[mu,kappa]: [(14.49746,88.84209),19.01602]
	 221.79443	   0.04299	[mu,kappa]: [(5.71241,77.53314),11.51843]
	 208.18919	   0.04036	[mu,kappa]: [(17.89348,92.74091),45.56530]
	 257.26564	   0.04985	[mu,kappa]: [(22.41701,91.19358),75.95641]
	 223.11564	   0.04325	[mu,kappa]: [(21.90514,91.51611),76.89965]
	 261.01379	   0.05058	[mu,kappa]: [(21.35087,91.86960),77.94768]
	 310.69993	   0.06019	[mu,kappa]: [(21.88754,91.92284),106.14110]
	 180.83643	   0.03507	[mu,kappa]: [(24.72030,88.64926),39.81157]
	 239.16257	   0.04635	[mu,kappa]: [(27.38334,88.27357),63.98235]
	 203.93822	   0.03954	[mu,kappa]: [(23.65292,89.66340),48.25733]
	 287.27352	   0.05566	[mu,kappa]: [(28.29535,33.60281),0.54749]
			msglen: 98602.35634 bits.
Iteration #: 5
	 178.69721	   0.03466	[mu,kappa]: [(13.83012,95.50573),45.89792]
	 239.99511	   0.04651	[mu,kappa]: [(4.07642,274.53295),19.99913]
	 154.31870	   0.02994	[mu,kappa]: [(16.57172,91.33187),28.78583]
	 270.42197	   0.05240	[mu,kappa]: [(24.21638,90.41794),93.32264]
	 235.56219	   0.04566	[mu,kappa]: [(19.69201,93.27229),100.25964]
	 476.10685	   0.09218	[mu,kappa]: [(21.31386,92.68233),178.48800]
	 171.93258	   0.03335	[mu,kappa]: [(10.90639,82.64896),11.25211]
	 425.22882	   0.08234	[mu,kappa]: [(22.21992,92.02153),153.94275]
	 306.63012	   0.05940	[mu,kappa]: [(19.94011,93.34088),126.72604]
	 170.49603	   0.03307	[mu,kappa]: [(11.28563,94.06340),29.63373]
	 151.92222	   0.02948	[mu,kappa]: [(13.42381,89.39760),19.33653]
	 226.91669	   0.04398	[mu,kappa]: [(1.30558,312.25559),13.21449]
	 199.73439	   0.03873	[mu,kappa]: [(16.32919,94.38283),53.44136]
	 248.98047	   0.04825	[mu,kappa]: [(22.93402,90.99179),82.77963]
	 215.32158	   0.04174	[mu,kappa]: [(22.09319,91.51195),84.32997]
	 252.14135	   0.04886	[mu,kappa]: [(21.19792,92.09470),86.69078]
	 311.65418	   0.06037	[mu,kappa]: [(21.89328,92.04307),123.33006]
	 188.73130	   0.03660	[mu,kappa]: [(28.74501,86.76959),40.85449]
	 290.60859	   0.05630	[mu,kappa]: [(31.18942,86.61940),77.48729]
	 200.99153	   0.03897	[mu,kappa]: [(26.06892,88.42035),48.74821]
	 243.60813	   0.04721	[mu,kappa]: [(80.58335,61.70064),0.51272]
			msglen: 97895.46739 bits.
Iteration #: 6
	 189.74361	   0.03679	[mu,kappa]: [(11.34748,100.00820),76.35141]
	 275.92026	   0.05346	[mu,kappa]: [(8.38316,272.16026),30.16218]
	 132.61864	   0.02575	[mu,kappa]: [(14.94863,93.35227),35.96005]
	 260.69862	   0.05052	[mu,kappa]: [(25.15061,90.04866),110.87852]
	 235.58355	   0.04566	[mu,kappa]: [(18.48212,94.32201),121.61104]
	 497.61324	   0.09634	[mu,kappa]: [(21.02513,92.96189),215.35789]
	 134.09770	   0.02603	[mu,kappa]: [(10.12934,83.26344),11.40647]
	 430.29207	   0.08332	[mu,kappa]: [(22.23601,92.10851),183.83932]
	 315.32884	   0.06108	[mu,kappa]: [(18.97115,94.16933),153.68045]
	 164.77406	   0.03196	[mu,kappa]: [(8.77657,99.91977),49.38571]
	 124.53519	   0.02418	[mu,kappa]: [(11.88192,91.86385),23.73765]
	 215.86250	   0.04185	[mu,kappa]: [(7.23069,274.14414),18.87541]
	 202.09928	   0.03918	[mu,kappa]: [(13.97389,97.41957),77.74416]
	 230.79228	   0.04473	[mu,kappa]: [(23.26862,90.90122),94.16308]
	 199.68661	   0.03872	[mu,kappa]: [(21.97412,91.68072),95.64771]
	 236.67773	   0.04587	[mu,kappa]: [(20.61376,92.58182),99.68268]
	 304.88302	   0.05906	[mu,kappa]: [(21.73551,92.23526),144.32349]
	 207.88332	   0.04030	[mu,kappa]: [(33.67671,84.86560),49.26612]
	 405.66522	   0.07855	[mu,kappa]: [(34.33298,85.39966),111.52159]
	 192.79294	   0.03738	[mu,kappa]: [(28.88348,87.16873),54.57435]
	 202.45131	   0.03925	[mu,kappa]: [(120.61673,67.55100),0.80871]
			msglen: 96855.05167 bits.
Iteration #: 7
	 237.09183	   0.04595	[mu,kappa]: [(9.98198,104.28486),137.69924]
	 285.02546	   0.05522	[mu,kappa]: [(10.60614,273.86203),38.44351]
	 109.15237	   0.02121	[mu,kappa]: [(12.82604,96.45677),56.47158]
	 251.98059	   0.04883	[mu,kappa]: [(26.03679,89.81017),155.90747]
	 238.20018	   0.04617	[mu,kappa]: [(17.29473,95.42365),155.10906]
	 512.84964	   0.09928	[mu,kappa]: [(20.90009,93.11512),258.95302]
	  83.97662	   0.01634	[mu,kappa]: [(8.97899,83.65749),11.85862]
	 432.67209	   0.08378	[mu,kappa]: [(22.46731,92.05375),224.91716]
	 325.68402	   0.06309	[mu,kappa]: [(18.05871,94.98279),191.03504]
	 180.59098	   0.03502	[mu,kappa]: [(7.62773,105.61219),93.36495]
	  92.77527	   0.01804	[mu,kappa]: [(9.88302,96.09665),38.45693]
	 198.91454	   0.03857	[mu,kappa]: [(12.02394,273.99487),24.40008]
	 227.85862	   0.04417	[mu,kappa]: [(12.16623,100.67999),128.62221]
	 205.85981	   0.03991	[mu,kappa]: [(23.64378,90.83025),119.96433]
	 177.73512	   0.03447	[mu,kappa]: [(21.89809,91.81709),117.03824]
	 215.21396	   0.04172	[mu,kappa]: [(20.03412,93.04229),120.96074]
	 292.57846	   0.05668	[mu,kappa]: [(21.75358,92.29568),174.33992]
	 223.29184	   0.04328	[mu,kappa]: [(37.63082,83.50568),60.34197]
	 523.75004	   0.10139	[mu,kappa]: [(35.20618,85.15637),153.26220]
	 169.02195	   0.03279	[mu,kappa]: [(30.80097,86.57033),73.45433]
	 175.77660	   0.03409	[mu,kappa]: [(139.87677,67.13873),1.12328]
			msglen: 95890.59581 bits.
Iteration #: 8
	 297.63824	   0.05766	[mu,kappa]: [(9.57975,106.82764),201.20036]
	 271.15864	   0.05254	[mu,kappa]: [(11.89438,275.58706),47.95341]
	  94.03023	   0.01828	[mu,kappa]: [(11.31693,98.33682),83.64766]
	 271.34833	   0.05258	[mu,kappa]: [(26.85789,89.65286),243.05407]
	 235.45526	   0.04563	[mu,kappa]: [(16.51920,96.16361),206.28383]
	 515.80707	   0.09986	[mu,kappa]: [(20.96498,93.12217),278.00000]
	  46.35242	   0.00906	[mu,kappa]: [(6.92231,80.18578),12.58931]
	 438.59806	   0.08492	[mu,kappa]: [(22.94476,91.84158),278.00000]
	 327.68680	   0.06347	[mu,kappa]: [(17.44213,95.54782),245.78359]
	 209.23427	   0.04056	[mu,kappa]: [(7.14815,109.19230),134.78509]
	  74.77350	   0.01456	[mu,kappa]: [(8.23076,98.55466),61.87797]
	 183.78200	   0.03564	[mu,kappa]: [(16.51511,275.29844),28.46946]
	 262.68437	   0.05090	[mu,kappa]: [(11.41167,102.69744),194.07319]
	 188.31963	   0.03652	[mu,kappa]: [(24.34243,90.56119),165.33795]
	 156.13573	   0.03029	[mu,kappa]: [(22.23407,91.61887),149.01192]
	 189.17131	   0.03668	[mu,kappa]: [(19.84772,93.10888),149.77270]
	 277.81474	   0.05383	[mu,kappa]: [(22.08399,92.12358),214.14739]
	 235.25185	   0.04560	[mu,kappa]: [(41.06522,82.16101),64.34368]
	 575.66335	   0.11143	[mu,kappa]: [(34.91340,85.41401),192.02085]
	 148.41357	   0.02880	[mu,kappa]: [(31.38366,86.59533),113.79001]
	 160.68062	   0.03117	[mu,kappa]: [(149.59015,65.74548),1.37203]
			msglen: 95162.45241 bits.
Iteration #: 9
	 329.32953	   0.06379	[mu,kappa]: [(9.56348,108.04607),240.01868]
	 261.28726	   0.05063	[mu,kappa]: [(11.72505,276.83677),61.34209]
	  85.21693	   0.01658	[mu,kappa]: [(10.27714,98.55210),104.18986]
	 316.60512	   0.06133	[mu,kappa]: [(27.40829,89.62756),278.00000]
	 237.67776	   0.04606	[mu,kappa]: [(16.08816,96.59679),278.00000]
	 504.15361	   0.09760	[mu,kappa]: [(20.95641,93.11720),278.00000]
	  26.11630	   0.00515	[mu,kappa]: [(4.05060,67.41344),15.76798]
	 442.74716	   0.08573	[mu,kappa]: [(23.31448,91.68509),278.00000]
	 336.66601	   0.06521	[mu,kappa]: [(17.03348,95.95530),278.00000]
	 227.40997	   0.04408	[mu,kappa]: [(6.62996,111.82971),150.29908]
	  69.50644	   0.01354	[mu,kappa]: [(6.72968,98.41500),79.98333]
	 177.08171	   0.03435	[mu,kappa]: [(20.45271,275.64739),31.59662]
	 285.56151	   0.05533	[mu,kappa]: [(11.35090,103.42125),252.34471]
	 179.29969	   0.03477	[mu,kappa]: [(24.95069,90.30152),221.76517]
	 137.97721	   0.02678	[mu,kappa]: [(22.55936,91.33897),186.69439]
	 165.34242	   0.03207	[mu,kappa]: [(19.70446,93.03444),187.02764]
	 262.31326	   0.05083	[mu,kappa]: [(22.34386,91.96505),260.56052]
	 241.59078	   0.04682	[mu,kappa]: [(44.04793,80.95908),74.14566]
	 586.63913	   0.11356	[mu,kappa]: [(34.49411,85.73418),231.62390]
	 138.92052	   0.02696	[mu,kappa]: [(31.32919,86.87247),173.37185]
	 148.55767	   0.02883	[mu,kappa]: [(156.67466,64.10307),1.63219]
			msglen: 94745.72201 bits.
Iteration #: 10
	 332.41185	   0.06439	[mu,kappa]: [(9.62325,108.74356),263.23612]
	 257.36864	   0.04987	[mu,kappa]: [(10.80122,277.97577),79.25940]
	  79.52012	   0.01548	[mu,kappa]: [(9.53473,97.58829),112.34563]
	 353.28166	   0.06842	[mu,kappa]: [(27.68425,89.60267),278.00000]
	 252.73932	   0.04898	[mu,kappa]: [(15.92873,96.87611),278.00000]
	 492.97117	   0.09544	[mu,kappa]: [(20.88826,93.09403),278.00000]
	  17.27133	   0.00344	[mu,kappa]: [(3.08761,49.56954),22.42837]
	 440.22983	   0.08524	[mu,kappa]: [(23.53200,91.52009),278.00000]
	 352.00656	   0.06818	[mu,kappa]: [(16.81634,96.14586),278.00000]
	 236.64328	   0.04586	[mu,kappa]: [(5.97545,114.49259),151.86889]
	  70.44130	   0.01372	[mu,kappa]: [(5.43332,95.91157),88.80633]
	 171.66379	   0.03330	[mu,kappa]: [(24.15419,275.41070),35.97508]
	 294.32277	   0.05702	[mu,kappa]: [(11.53167,103.60111),278.00000]
	 177.46751	   0.03442	[mu,kappa]: [(25.31656,90.19242),278.00000]
	 126.11949	   0.02449	[mu,kappa]: [(22.73485,91.17328),229.16329]
	 150.88345	   0.02928	[mu,kappa]: [(19.54843,93.06191),234.06981]
	 254.35800	   0.04929	[mu,kappa]: [(22.46286,91.92734),278.00000]
	 243.51299	   0.04719	[mu,kappa]: [(45.63360,80.33718),90.55229]
	 578.85961	   0.11205	[mu,kappa]: [(34.27926,85.91660),261.99672]
	 136.51654	   0.02650	[mu,kappa]: [(31.17180,87.15032),234.18086]
	 141.41079	   0.02745	[mu,kappa]: [(159.31195,64.51825),1.86341]
			msglen: 94546.18521 bits.
Iteration #: 11
	 326.31047	   0.06321	[mu,kappa]: [(9.71189,109.22550),278.00000]
	 254.35522	   0.04929	[mu,kappa]: [(10.03784,279.03153),99.32161]
	  74.86867	   0.01458	[mu,kappa]: [(8.99896,96.21515),114.43436]
	 374.06301	   0.07244	[mu,kappa]: [(27.81663,89.53084),278.00000]
	 266.64381	   0.05167	[mu,kappa]: [(15.85137,96.91193),278.00000]
	 485.50773	   0.09400	[mu,kappa]: [(20.77731,93.09265),278.00000]
	  13.48552	   0.00270	[mu,kappa]: [(3.53590,47.72492),29.27801]
	 434.51871	   0.08413	[mu,kappa]: [(23.65362,91.37687),278.00000]
	 368.07116	   0.07128	[mu,kappa]: [(16.67831,96.18547),278.00000]
	 241.18547	   0.04674	[mu,kappa]: [(5.41073,117.38186),152.52494]
	  72.46784	   0.01411	[mu,kappa]: [(4.52574,92.16154),93.76102]
	 166.89333	   0.03237	[mu,kappa]: [(27.02704,275.06189),44.85344]
	 298.35447	   0.05780	[mu,kappa]: [(11.75242,103.48554),278.00000]
	 180.70997	   0.03505	[mu,kappa]: [(25.54748,90.20931),278.00000]
	 119.72937	   0.02325	[mu,kappa]: [(22.81889,91.19749),275.42441]
	 145.76156	   0.02829	[mu,kappa]: [(19.39060,93.33397),278.00000]
	 249.38042	   0.04833	[mu,kappa]: [(22.49702,91.91930),278.00000]
	 243.97514	   0.04728	[mu,kappa]: [(46.15012,80.13404),102.43576]
	 567.80434	   0.10991	[mu,kappa]: [(34.24787,85.96200),278.00000]
	 137.38155	   0.02667	[mu,kappa]: [(31.02049,87.42448),278.00000]
	 138.53226	   0.02689	[mu,kappa]: [(159.27288,65.97554),2.00005]
			msglen: 94448.26914 bits.
Iteration #: 12
	 320.99137	   0.06218	[mu,kappa]: [(9.78358,109.63263),278.00000]
	 250.20767	   0.04849	[mu,kappa]: [(9.68500,279.79615),116.86883]
	  70.82933	   0.01380	[mu,kappa]: [(8.57931,94.74533),114.55453]
	 388.42813	   0.07522	[mu,kappa]: [(27.87410,89.45689),278.00000]
	 277.09422	   0.05369	[mu,kappa]: [(15.79633,96.88781),278.00000]
	 478.92737	   0.09272	[mu,kappa]: [(20.68757,93.09757),278.00000]
	  11.60792	   0.00234	[mu,kappa]: [(4.25707,50.86049),32.51349]
	 429.64843	   0.08319	[mu,kappa]: [(23.75403,91.25560),278.00000]
	 380.22495	   0.07363	[mu,kappa]: [(16.57801,96.18530),278.00000]
	 242.92361	   0.04708	[mu,kappa]: [(5.03285,120.41703),155.84807]
	  73.67299	   0.01435	[mu,kappa]: [(3.98846,88.15145),97.34117]
	 164.49290	   0.03191	[mu,kappa]: [(28.29326,274.80682),55.53861]
	 300.37062	   0.05819	[mu,kappa]: [(11.91622,103.22480),278.00000]
	 183.36732	   0.03556	[mu,kappa]: [(25.71131,90.16797),278.00000]
	 117.80860	   0.02288	[mu,kappa]: [(22.89227,91.36475),278.00000]
	 146.00380	   0.02833	[mu,kappa]: [(19.27384,93.68543),278.00000]
	 245.08471	   0.04750	[mu,kappa]: [(22.52511,91.88749),278.00000]
	 243.61157	   0.04721	[mu,kappa]: [(46.27151,80.08022),107.67509]
	 556.35870	   0.10770	[mu,kappa]: [(34.31264,85.93058),278.00000]
	 139.75772	   0.02713	[mu,kappa]: [(30.86119,87.70955),278.00000]
	 138.58809	   0.02690	[mu,kappa]: [(159.08354,66.07567),2.00621]
			msglen: 94413.87445 bits.
Iteration #: 13
	 317.51544	   0.06151	[mu,kappa]: [(9.81112,109.94735),278.00000]
	 244.80599	   0.04744	[mu,kappa]: [(9.62979,280.26711),129.14536]
	  67.43089	   0.01314	[mu,kappa]: [(8.21963,93.15342),113.78791]
	 400.29633	   0.07752	[mu,kappa]: [(27.91248,89.39890),278.00000]
	 284.86884	   0.05519	[mu,kappa]: [(15.76059,96.85801),278.00000]
	 474.45226	   0.09186	[mu,kappa]: [(20.61831,93.11704),278.00000]
	  10.41308	   0.00211	[mu,kappa]: [(4.93588,53.56591),32.48438]
	 426.48031	   0.08258	[mu,kappa]: [(23.83652,91.17352),278.00000]
	 389.39397	   0.07541	[mu,kappa]: [(16.51103,96.17921),278.00000]
	 243.16915	   0.04713	[mu,kappa]: [(4.80902,123.36139),161.22089]
	  74.20138	   0.01445	[mu,kappa]: [(3.68535,83.96368),99.92171]
	 163.41352	   0.03170	[mu,kappa]: [(28.44814,274.63177),64.31660]
	 301.89678	   0.05849	[mu,kappa]: [(12.02853,102.96557),278.00000]
	 185.94475	   0.03606	[mu,kappa]: [(25.83791,90.12603),278.00000]
	 116.71030	   0.02267	[mu,kappa]: [(22.94725,91.46132),278.00000]
	 146.51375	   0.02843	[mu,kappa]: [(19.18417,93.89573),278.00000]
	 242.03856	   0.04691	[mu,kappa]: [(22.54734,91.86778),278.00000]
	 241.27273	   0.04676	[mu,kappa]: [(46.33065,80.05624),109.50413]
	 547.05542	   0.10590	[mu,kappa]: [(34.40646,85.86911),278.00000]
	 141.85233	   0.02753	[mu,kappa]: [(30.72339,87.90097),278.00000]
	 140.27421	   0.02723	[mu,kappa]: [(159.28667,64.85551),1.92492]
			msglen: 94397.53690 bits.
Iteration #: 14
	 315.43155	   0.06110	[mu,kappa]: [(9.81062,110.20953),278.00000]
	 238.78560	   0.04628	[mu,kappa]: [(9.67401,280.58600),137.61417]
	  64.77755	   0.01262	[mu,kappa]: [(7.88663,91.26069),112.17272]
	 410.35450	   0.07946	[mu,kappa]: [(27.94292,89.35718),278.00000]
	 290.68874	   0.05632	[mu,kappa]: [(15.73558,96.83660),278.00000]
	 471.21928	   0.09123	[mu,kappa]: [(20.56397,93.14304),278.00000]
	   9.50369	   0.00193	[mu,kappa]: [(5.46869,55.53603),30.72197]
	 424.20965	   0.08214	[mu,kappa]: [(23.90484,91.11748),278.00000]
	 396.27056	   0.07674	[mu,kappa]: [(16.46444,96.17735),278.00000]
	 243.20034	   0.04713	[mu,kappa]: [(4.67365,126.14987),167.24795]
	  74.82508	   0.01457	[mu,kappa]: [(3.50219,79.24716),101.64629]
	 162.95080	   0.03161	[mu,kappa]: [(28.22977,274.46601),71.65198]
	 303.15757	   0.05873	[mu,kappa]: [(12.10768,102.73610),278.00000]
	 188.31308	   0.03652	[mu,kappa]: [(25.94037,90.08898),278.00000]
	 115.96550	   0.02252	[mu,kappa]: [(22.98854,91.51210),278.00000]
	 147.07783	   0.02854	[mu,kappa]: [(19.11566,94.02643),278.00000]
	 239.75158	   0.04647	[mu,kappa]: [(22.56432,91.85732),278.00000]
	 238.71365	   0.04627	[mu,kappa]: [(46.38405,80.03718),110.26723]
	 538.61070	   0.10427	[mu,kappa]: [(34.51509,85.80035),278.00000]
	 143.78665	   0.02791	[mu,kappa]: [(30.60265,88.04074),278.00000]
	 142.40611	   0.02764	[mu,kappa]: [(159.61867,63.07531),1.82408]
			msglen: 94386.34115 bits.
Iteration #: 15
	 314.25751	   0.06088	[mu,kappa]: [(9.79589,110.43192),278.00000]
	 233.00925	   0.04516	[mu,kappa]: [(9.73050,280.82733),144.19989]
	  62.71722	   0.01223	[mu,kappa]: [(7.57493,89.02099),110.09350]
	 419.20424	   0.08117	[mu,kappa]: [(27.97160,89.32514),278.00000]
	 295.14762	   0.05718	[mu,kappa]: [(15.71680,96.82539),278.00000]
	 468.86478	   0.09078	[mu,kappa]: [(20.52023,93.16972),278.00000]
	   8.67965	   0.00178	[mu,kappa]: [(5.78097,57.12322),27.99444]
	 422.46604	   0.08180	[mu,kappa]: [(23.96160,91.07674),278.00000]
	 401.51400	   0.07775	[mu,kappa]: [(16.43077,96.18070),278.00000]
	 242.87874	   0.04707	[mu,kappa]: [(4.59424,128.72372),173.35572]
	  75.66504	   0.01473	[mu,kappa]: [(3.38980,74.07997),102.92985]
	 162.79091	   0.03158	[mu,kappa]: [(27.96527,274.30837),78.13177]
	 304.29731	   0.05895	[mu,kappa]: [(12.16599,102.54230),278.00000]
	 190.47321	   0.03694	[mu,kappa]: [(26.02707,90.05495),278.00000]
	 115.45032	   0.02243	[mu,kappa]: [(23.01929,91.53739),278.00000]
	 147.65492	   0.02865	[mu,kappa]: [(19.06321,94.11025),278.00000]
	 237.98623	   0.04612	[mu,kappa]: [(22.57618,91.85187),278.00000]
	 235.95939	   0.04573	[mu,kappa]: [(46.44268,80.01718),110.66804]
	 530.84063	   0.10276	[mu,kappa]: [(34.62882,85.73060),278.00000]
	 145.75116	   0.02829	[mu,kappa]: [(30.49777,88.14561),278.00000]
	 144.39184	   0.02802	[mu,kappa]: [(159.89914,61.29488),1.73564]
			msglen: 94377.74787 bits.
			N: 5160
		18.29026 bpr
Null model msglen: 121688.61385 bits.	(23.58306 bpr)
