Iteration #: 0
	 230.00000	   0.04457	[mu,kappa]: [(18.91766,89.39366),14.34570]
	 205.00000	   0.03974	[mu,kappa]: [(19.87798,89.66512),27.73687]
	 210.00000	   0.04070	[mu,kappa]: [(20.26135,88.49656),11.63813]
	 228.00000	   0.04418	[mu,kappa]: [(18.49974,90.04400),15.36499]
	 217.00000	   0.04206	[mu,kappa]: [(18.40768,88.54405),11.88625]
	 243.00000	   0.04708	[mu,kappa]: [(19.79909,89.28293),8.43665]
	 231.00000	   0.04476	[mu,kappa]: [(19.06423,89.78759),12.70075]
	 216.00000	   0.04186	[mu,kappa]: [(19.97071,90.71031),19.06483]
	 231.00000	   0.04476	[mu,kappa]: [(19.85818,89.00404),12.95242]
	 225.00000	   0.04360	[mu,kappa]: [(19.30459,88.51191),13.54005]
	 203.00000	   0.03935	[mu,kappa]: [(17.70610,90.98220),15.25551]
	 227.00000	   0.04399	[mu,kappa]: [(20.42471,90.65002),13.33749]
	 242.00000	   0.04689	[mu,kappa]: [(19.66386,91.10367),13.89450]
	 213.00000	   0.04128	[mu,kappa]: [(19.18326,90.95840),14.67991]
	 249.00000	   0.04825	[mu,kappa]: [(19.50754,91.24977),13.59534]
	 197.00000	   0.03819	[mu,kappa]: [(18.74437,91.21407),17.58460]
	 236.00000	   0.04573	[mu,kappa]: [(18.95707,90.41099),15.18610]
	 237.00000	   0.04592	[mu,kappa]: [(18.39209,90.60360),17.03358]
	 219.00000	   0.04244	[mu,kappa]: [(18.66053,91.92708),14.36678]
	 251.00000	   0.04863	[mu,kappa]: [(20.76410,90.37454),11.56978]
	 227.00000	   0.04399	[mu,kappa]: [(17.81320,89.53140),11.20417]
	 197.00000	   0.03819	[mu,kappa]: [(20.48578,90.68966),12.05835]
	 226.00000	   0.04380	[mu,kappa]: [(19.52114,89.41983),9.80400]
			msglen: 94337.02289 bits.
Iteration #: 1
	 226.12661	   0.04382	[mu,kappa]: [(18.99880,90.65734),29.04812]
	 296.01659	   0.05734	[mu,kappa]: [(20.74716,91.82667),69.09320]
	 187.23530	   0.03630	[mu,kappa]: [(19.20172,89.39699),17.90997]
	 232.27723	   0.04501	[mu,kappa]: [(18.90933,91.03008),32.30344]
	 196.20605	   0.03804	[mu,kappa]: [(17.39277,89.80552),18.30433]
	 292.68263	   0.05669	[mu,kappa]: [(27.94861,79.67275),1.29918]
	 214.18290	   0.04151	[mu,kappa]: [(18.49907,90.16410),22.65093]
	 249.66186	   0.04837	[mu,kappa]: [(20.53288,91.23874),46.41642]
	 215.72921	   0.04181	[mu,kappa]: [(19.35949,90.04026),24.31192]
	 214.77065	   0.04163	[mu,kappa]: [(19.08573,90.29925),26.24345]
	 205.82145	   0.03990	[mu,kappa]: [(18.18880,91.26879),30.95195]
	 214.86681	   0.04164	[mu,kappa]: [(19.95463,90.14914),26.56036]
	 234.05515	   0.04536	[mu,kappa]: [(19.46070,90.49612),28.25828]
	 212.06976	   0.04110	[mu,kappa]: [(19.28275,90.78311),30.71860]
	 238.19976	   0.04616	[mu,kappa]: [(19.22646,90.46243),26.93095]
	 216.41011	   0.04194	[mu,kappa]: [(19.47068,91.43518),40.21449]
	 239.12014	   0.04633	[mu,kappa]: [(19.23634,90.90656),32.27683]
	 255.26469	   0.04946	[mu,kappa]: [(19.13624,91.40078),37.91055]
	 215.50928	   0.04177	[mu,kappa]: [(18.72468,90.90208),29.05953]
	 222.82588	   0.04318	[mu,kappa]: [(19.65791,89.41821),17.81697]
	 202.18688	   0.03919	[mu,kappa]: [(16.18595,89.42378),14.50760]
	 177.96211	   0.03451	[mu,kappa]: [(19.55984,89.71337),20.48515]
	 200.81896	   0.03893	[mu,kappa]: [(17.66251,87.25722),6.28931]
			msglen: 100426.40950 bits.
Iteration #: 2
	 223.15187	   0.04325	[mu,kappa]: [(20.00001,91.26994),44.16604]
	 423.46659	   0.08198	[mu,kappa]: [(21.47099,92.26170),120.40957]
	 161.94807	   0.03141	[mu,kappa]: [(19.12575,88.76890),21.87421]
	 237.85839	   0.04609	[mu,kappa]: [(19.93956,91.70935),50.79759]
	 171.09462	   0.03318	[mu,kappa]: [(16.49423,89.54281),21.45120]
	 273.69305	   0.05302	[mu,kappa]: [(24.31714,16.27412),0.49595]
	 195.21261	   0.03784	[mu,kappa]: [(18.98937,90.41061),30.51370]
	 300.96475	   0.05829	[mu,kappa]: [(21.52810,91.74733),79.91733]
	 201.46049	   0.03905	[mu,kappa]: [(20.25319,90.34284),34.69606]
	 205.04174	   0.03975	[mu,kappa]: [(20.01697,90.80907),38.41525]
	 206.31680	   0.03999	[mu,kappa]: [(19.09002,91.96973),47.17877]
	 207.37598	   0.04020	[mu,kappa]: [(21.06887,90.43406),39.93876]
	 229.68985	   0.04451	[mu,kappa]: [(20.52107,90.93063),43.03041]
	 214.04326	   0.04149	[mu,kappa]: [(20.34890,91.33285),47.90018]
	 229.53448	   0.04448	[mu,kappa]: [(20.20732,90.86268),40.04696]
	 242.69641	   0.04703	[mu,kappa]: [(20.51278,92.04736),67.19123]
	 245.56696	   0.04758	[mu,kappa]: [(20.30701,91.52531),51.10001]
	 278.42663	   0.05394	[mu,kappa]: [(20.18029,92.08103),62.40612]
	 212.26393	   0.04114	[mu,kappa]: [(19.67087,91.43643),43.90654]
	 192.45952	   0.03731	[mu,kappa]: [(19.76989,88.59059),22.05722]
	 174.69442	   0.03388	[mu,kappa]: [(12.64855,87.63785),15.16361]
	 158.68771	   0.03078	[mu,kappa]: [(20.13844,89.42669),27.05830]
	 174.35187	   0.03381	[mu,kappa]: [(5.45033,63.45648),6.94854]
			msglen: 99373.35606 bits.
Iteration #: 3
	 212.46486	   0.04118	[mu,kappa]: [(20.70175,91.45463),52.70727]
	 526.58348	   0.10192	[mu,kappa]: [(21.85946,92.32999),170.83086]
	 147.32856	   0.02859	[mu,kappa]: [(19.85647,87.75461),20.37335]
	 232.27532	   0.04501	[mu,kappa]: [(20.47396,92.01243),63.22235]
	 157.23078	   0.03050	[mu,kappa]: [(14.62609,89.05740),20.01493]
	 246.99060	   0.04786	[mu,kappa]: [(61.17047,48.04699),0.36893]
	 177.05712	   0.03433	[mu,kappa]: [(19.41359,90.35998),31.94031]
	 333.63111	   0.06461	[mu,kappa]: [(22.19557,91.77133),109.14820]
	 186.33798	   0.03613	[mu,kappa]: [(21.40797,90.12487),38.23538]
	 191.30220	   0.03709	[mu,kappa]: [(20.89055,90.82839),43.77713]
	 197.75845	   0.03834	[mu,kappa]: [(19.30308,92.50759),57.52682]
	 197.23713	   0.03824	[mu,kappa]: [(22.47669,90.16187),46.34663]
	 218.99975	   0.04244	[mu,kappa]: [(21.51822,90.91605),50.99945]
	 207.49072	   0.04022	[mu,kappa]: [(21.12462,91.46621),58.55981]
	 215.72011	   0.04181	[mu,kappa]: [(21.13477,90.86648),46.35053]
	 253.93661	   0.04920	[mu,kappa]: [(21.02107,92.25989),89.17070]
	 240.87642	   0.04667	[mu,kappa]: [(20.99252,91.71786),63.69067]
	 285.13252	   0.05523	[mu,kappa]: [(20.63561,92.37548),81.75237]
	 201.39180	   0.03904	[mu,kappa]: [(20.21320,91.71524),52.28338]
	 175.68755	   0.03407	[mu,kappa]: [(21.12073,87.46519),20.77718]
	 180.74161	   0.03505	[mu,kappa]: [(6.06167,83.01015),14.55894]
	 144.74911	   0.02809	[mu,kappa]: [(21.57324,88.72124),27.27882]
	 229.07622	   0.04439	[mu,kappa]: [(8.02320,285.36449),9.94122]
			msglen: 98788.64268 bits.
Iteration #: 4
	 201.49824	   0.03906	[mu,kappa]: [(21.01547,91.51918),57.11074]
	 610.82922	   0.11821	[mu,kappa]: [(22.00908,92.37829),218.93246]
	 139.68265	   0.02711	[mu,kappa]: [(22.58429,86.53425),18.91133]
	 224.43612	   0.04350	[mu,kappa]: [(20.44429,92.30806),71.53045]
	 147.81000	   0.02868	[mu,kappa]: [(12.66418,89.91668),20.64966]
	 204.96755	   0.03973	[mu,kappa]: [(115.75271,68.89712),0.77807]
	 163.44946	   0.03170	[mu,kappa]: [(19.83638,90.24914),31.69309]
	 354.55767	   0.06866	[mu,kappa]: [(22.64112,91.68210),133.69645]
	 175.70638	   0.03407	[mu,kappa]: [(22.93625,89.45130),38.54804]
	 179.58680	   0.03482	[mu,kappa]: [(21.67058,90.58506),45.42605]
	 190.28462	   0.03689	[mu,kappa]: [(18.68683,93.30011),65.60327]
	 190.90220	   0.03701	[mu,kappa]: [(24.28501,89.36610),48.70242]
	 208.79828	   0.04047	[mu,kappa]: [(22.43372,90.60161),54.48038]
	 199.25271	   0.03863	[mu,kappa]: [(21.56252,91.44109),64.53472]
	 203.53283	   0.03945	[mu,kappa]: [(21.97118,90.59559),48.63566]
	 258.16357	   0.05002	[mu,kappa]: [(21.06290,92.44654),106.53390]
	 233.17116	   0.04518	[mu,kappa]: [(21.25385,91.80534),71.61654]
	 285.77974	   0.05536	[mu,kappa]: [(20.53457,92.68292),96.91062]
	 190.66438	   0.03696	[mu,kappa]: [(20.22269,91.99379),57.01085]
	 170.41302	   0.03305	[mu,kappa]: [(24.99172,85.94799),19.59570]
	 193.64386	   0.03754	[mu,kappa]: [(0.34856,43.80174),20.13358]
	 138.68806	   0.02691	[mu,kappa]: [(24.50525,87.41069),26.19431]
	 294.18150	   0.05698	[mu,kappa]: [(14.27866,275.54282),20.58372]
			msglen: 98225.08565 bits.
Iteration #: 5
	 191.09985	   0.03705	[mu,kappa]: [(20.83301,91.75222),60.25899]
	 676.90905	   0.13099	[mu,kappa]: [(22.03659,92.44642),263.34369]
	 132.96058	   0.02581	[mu,kappa]: [(27.26058,85.40246),19.97035]
	 217.78481	   0.04221	[mu,kappa]: [(19.76373,92.90795),78.54573]
	 135.26782	   0.02625	[mu,kappa]: [(10.77057,93.95424),28.22424]
	 171.92844	   0.03334	[mu,kappa]: [(139.27976,69.48399),1.19681]
	 150.53715	   0.02921	[mu,kappa]: [(19.91775,90.47298),33.02034]
	 366.68321	   0.07100	[mu,kappa]: [(23.03603,91.54559),154.09848]
	 168.11547	   0.03260	[mu,kappa]: [(24.88244,88.54684),39.38795]
	 168.84327	   0.03275	[mu,kappa]: [(22.27185,90.33322),46.53096]
	 191.28352	   0.03708	[mu,kappa]: [(17.06630,94.87285),77.33824]
	 190.62140	   0.03696	[mu,kappa]: [(26.70060,88.25509),52.18860]
	 199.20081	   0.03862	[mu,kappa]: [(23.32588,90.18129),56.62920]
	 190.35491	   0.03691	[mu,kappa]: [(21.65636,91.48209),68.31781]
	 192.26459	   0.03727	[mu,kappa]: [(22.68629,90.27499),50.04203]
	 259.02649	   0.05018	[mu,kappa]: [(20.70116,92.78278),120.40331]
	 224.45242	   0.04350	[mu,kappa]: [(21.07982,92.02328),77.11193]
	 285.90566	   0.05538	[mu,kappa]: [(19.88984,93.24260),109.91932]
	 182.01548	   0.03529	[mu,kappa]: [(19.50979,92.63481),61.48828]
	 174.60500	   0.03386	[mu,kappa]: [(31.17203,84.39989),22.04875]
	 205.70632	   0.03987	[mu,kappa]: [(1.42656,247.52635),39.27207]
	 139.48443	   0.02707	[mu,kappa]: [(28.95997,85.84099),27.97490]
	 344.94931	   0.06680	[mu,kappa]: [(15.64509,274.67354),31.19727]
			msglen: 97688.99850 bits.
Iteration #: 6
	 178.04607	   0.03453	[mu,kappa]: [(20.20607,92.25056),65.16325]
	 723.29788	   0.13996	[mu,kappa]: [(22.05817,92.49428),278.00000]
	 123.36614	   0.02395	[mu,kappa]: [(32.19643,84.43914),25.10101]
	 212.79878	   0.04125	[mu,kappa]: [(18.49799,93.94639),88.71093]
	 134.20639	   0.02605	[mu,kappa]: [(8.74104,100.78757),52.41574]
	 152.55051	   0.02959	[mu,kappa]: [(155.15586,64.07275),1.48896]
	 132.79473	   0.02577	[mu,kappa]: [(19.30917,91.26045),37.66529]
	 372.75845	   0.07218	[mu,kappa]: [(23.59605,91.29610),174.10170]
	 158.11555	   0.03067	[mu,kappa]: [(27.15761,87.68605),45.10872]
	 153.70793	   0.02982	[mu,kappa]: [(22.72906,90.19186),49.90218]
	 211.38985	   0.04097	[mu,kappa]: [(14.77886,97.51501),104.61511]
	 198.51095	   0.03848	[mu,kappa]: [(29.58594,87.17157),66.87306]
	 186.34538	   0.03613	[mu,kappa]: [(24.37560,89.71340),61.55226]
	 177.98261	   0.03451	[mu,kappa]: [(21.54054,91.61291),72.87698]
	 176.56005	   0.03424	[mu,kappa]: [(23.37645,89.99705),53.77215]
	 257.03363	   0.04980	[mu,kappa]: [(20.04943,93.28215),133.95972]
	 212.62174	   0.04121	[mu,kappa]: [(20.58293,92.40583),83.14582]
	 288.33482	   0.05585	[mu,kappa]: [(18.79646,94.13093),125.68202]
	 174.49684	   0.03384	[mu,kappa]: [(18.09860,93.83337),69.91711]
	 188.49523	   0.03655	[mu,kappa]: [(37.11649,83.19370),32.46018]
	 256.10377	   0.04962	[mu,kappa]: [(1.06053,187.88879),73.86803]
	 144.43297	   0.02803	[mu,kappa]: [(33.60674,84.59299),38.03473]
	 346.04973	   0.06701	[mu,kappa]: [(16.94544,275.06291),36.09649]
			msglen: 96948.53441 bits.
Iteration #: 7
	 156.24250	   0.03031	[mu,kappa]: [(19.53574,92.77777),76.04042]
	 755.08667	   0.14611	[mu,kappa]: [(22.15064,92.46371),278.00000]
	 109.22750	   0.02122	[mu,kappa]: [(36.06108,83.76848),37.87059]
	 205.31069	   0.03980	[mu,kappa]: [(17.11891,95.19826),110.77819]
	 154.56628	   0.02998	[mu,kappa]: [(7.84393,106.31366),100.17569]
	 144.45470	   0.02803	[mu,kappa]: [(160.53835,60.94189),1.70116]
	 106.69765	   0.02073	[mu,kappa]: [(18.47801,92.17832),47.29382]
	 382.51614	   0.07406	[mu,kappa]: [(24.41030,90.92909),205.78410]
	 143.53693	   0.02785	[mu,kappa]: [(29.41419,87.08901),64.41070]
	 129.16686	   0.02507	[mu,kappa]: [(23.34859,90.02412),59.23086]
	 259.82432	   0.05034	[mu,kappa]: [(13.04514,100.34781),166.23730]
	 224.69687	   0.04355	[mu,kappa]: [(31.83888,86.59887),113.64662]
	 167.03573	   0.03240	[mu,kappa]: [(25.74858,89.20520),76.58944]
	 157.11116	   0.03048	[mu,kappa]: [(21.54268,91.66290),82.98803]
	 151.38960	   0.02937	[mu,kappa]: [(24.30578,89.67825),64.59851]
	 250.25829	   0.04849	[mu,kappa]: [(19.34645,93.82909),156.29264]
	 192.06330	   0.03724	[mu,kappa]: [(20.08788,92.77419),95.13371]
	 292.04694	   0.05657	[mu,kappa]: [(17.61621,95.18385),156.08969]
	 163.23557	   0.03166	[mu,kappa]: [(16.57217,95.28300),89.17012]
	 212.09223	   0.04111	[mu,kappa]: [(40.44626,82.53104),54.46803]
	 325.69987	   0.06308	[mu,kappa]: [(1.54418,147.39023),104.90525]
	 153.78720	   0.02983	[mu,kappa]: [(36.44488,84.03363),66.28578]
	 323.95299	   0.06274	[mu,kappa]: [(18.94576,275.59393),42.29734]
			msglen: 96050.66881 bits.
Iteration #: 8
	 127.76446	   0.02480	[mu,kappa]: [(19.01426,93.04757),95.48345]
	 777.69350	   0.15048	[mu,kappa]: [(22.29273,92.37831),278.00000]
	  94.79802	   0.01843	[mu,kappa]: [(38.40410,83.20732),53.28154]
	 194.37114	   0.03768	[mu,kappa]: [(16.10181,96.18319),151.97881]
	 182.92107	   0.03547	[mu,kappa]: [(7.87498,109.31074),149.65535]
	 143.99772	   0.02794	[mu,kappa]: [(160.56521,61.13193),1.73671]
	  79.34164	   0.01544	[mu,kappa]: [(17.62743,92.63691),61.78831]
	 405.43542	   0.07849	[mu,kappa]: [(25.22008,90.60670),262.04667]
	 131.70253	   0.02556	[mu,kappa]: [(30.75598,86.94761),110.03849]
	 100.51828	   0.01953	[mu,kappa]: [(24.00899,89.77502),77.85029]
	 332.47402	   0.06439	[mu,kappa]: [(12.37078,102.15354),253.82220]
	 280.17932	   0.05427	[mu,kappa]: [(32.54304,86.69390),201.46666]
	 146.50215	   0.02843	[mu,kappa]: [(26.99047,88.84685),111.63950]
	 129.62738	   0.02516	[mu,kappa]: [(21.69913,91.54452),102.70566]
	 122.19934	   0.02373	[mu,kappa]: [(25.24516,89.36463),87.89310]
	 238.62267	   0.04624	[mu,kappa]: [(18.80827,94.25953),198.05976]
	 163.39520	   0.03169	[mu,kappa]: [(19.74987,92.95135),117.73747]
	 296.12799	   0.05736	[mu,kappa]: [(16.77291,96.02584),212.58277]
	 148.63503	   0.02884	[mu,kappa]: [(15.43123,96.39186),123.84304]
	 226.50363	   0.04390	[mu,kappa]: [(42.04876,81.98029),70.46083]
	 365.92881	   0.07086	[mu,kappa]: [(1.66701,140.95806),117.25706]
	 163.24643	   0.03166	[mu,kappa]: [(37.03880,83.99750),108.98988]
	 308.01427	   0.05966	[mu,kappa]: [(20.27492,275.91394),49.74116]
			msglen: 95291.02496 bits.
Iteration #: 9
	 102.38680	   0.01989	[mu,kappa]: [(18.61556,92.99726),122.26872]
	 787.10265	   0.15230	[mu,kappa]: [(22.39227,92.29689),278.00000]
	  79.47885	   0.01547	[mu,kappa]: [(39.94668,82.54537),65.44003]
	 184.96025	   0.03586	[mu,kappa]: [(15.58268,96.67246),207.17154]
	 202.90816	   0.03933	[mu,kappa]: [(7.99655,111.70310),192.15664]
	 145.65389	   0.02826	[mu,kappa]: [(160.06367,60.73663),1.68776]
	  58.90719	   0.01149	[mu,kappa]: [(16.75229,92.34667),77.57883]
	 439.77496	   0.08513	[mu,kappa]: [(25.73598,90.45859),278.00000]
	 129.15884	   0.02507	[mu,kappa]: [(31.22273,87.07061),176.97068]
	  77.36149	   0.01506	[mu,kappa]: [(24.49577,89.46955),105.72509]
	 397.67266	   0.07699	[mu,kappa]: [(12.17843,103.14376),278.00000]
	 347.34642	   0.06726	[mu,kappa]: [(32.58408,86.99084),278.00000]
	 133.30095	   0.02587	[mu,kappa]: [(27.72298,88.70399),167.91093]
	 104.68597	   0.02034	[mu,kappa]: [(21.84522,91.32627),132.79039]
	  99.17864	   0.01927	[mu,kappa]: [(25.90583,89.11959),124.97451]
	 229.15448	   0.04441	[mu,kappa]: [(18.52203,94.51165),265.03949]
	 136.45637	   0.02648	[mu,kappa]: [(19.53479,92.93828),152.18939]
	 303.38220	   0.05876	[mu,kappa]: [(16.41094,96.44670),278.00000]
	 136.32124	   0.02646	[mu,kappa]: [(14.77945,96.92770),167.16512]
	 219.92968	   0.04262	[mu,kappa]: [(43.69912,81.26631),78.67357]
	 383.44331	   0.07424	[mu,kappa]: [(1.30708,144.11601),118.07541]
	 165.08742	   0.03202	[mu,kappa]: [(37.06890,83.99329),155.49201]
	 296.34757	   0.05740	[mu,kappa]: [(20.88189,275.88637),54.70904]
			msglen: 94841.27480 bits.
Iteration #: 10
	  85.34460	   0.01660	[mu,kappa]: [(18.35890,92.85706),153.72689]
	 792.51065	   0.15334	[mu,kappa]: [(22.45206,92.21742),278.00000]
	  66.35489	   0.01293	[mu,kappa]: [(40.92149,81.95168),81.43417]
	 180.22601	   0.03495	[mu,kappa]: [(15.39311,96.89743),266.35397]
	 218.31054	   0.04231	[mu,kappa]: [(8.06509,113.95677),232.90067]
	 146.15810	   0.02836	[mu,kappa]: [(160.40824,59.69220),1.65952]
	  46.43195	   0.00908	[mu,kappa]: [(15.95876,91.31145),89.69890]
	 465.42406	   0.09009	[mu,kappa]: [(25.97703,90.37112),278.00000]
	 130.36342	   0.02530	[mu,kappa]: [(31.33300,87.22802),239.55998]
	  62.77735	   0.01224	[mu,kappa]: [(24.75966,89.23713),140.23268]
	 432.03919	   0.08364	[mu,kappa]: [(12.03584,103.65872),278.00000]
	 390.78721	   0.07566	[mu,kappa]: [(32.53694,87.20606),278.00000]
	 128.15876	   0.02488	[mu,kappa]: [(28.00053,88.73147),233.22281]
	  88.21078	   0.01715	[mu,kappa]: [(21.93388,91.18667),172.55688]
	  85.49444	   0.01663	[mu,kappa]: [(26.22987,89.00960),171.53377]
	 230.49111	   0.04467	[mu,kappa]: [(18.44675,94.69135),278.00000]
	 118.79451	   0.02307	[mu,kappa]: [(19.43459,92.93697),197.57167]
	 313.89221	   0.06079	[mu,kappa]: [(16.32339,96.61446),278.00000]
	 128.25166	   0.02490	[mu,kappa]: [(14.46370,97.14322),209.61323]
	 208.70770	   0.04045	[mu,kappa]: [(45.19487,80.65581),86.49858]
	 389.77284	   0.07547	[mu,kappa]: [(0.79497,154.16410),114.74876]
	 167.01369	   0.03239	[mu,kappa]: [(37.27214,83.86337),198.38436]
	 284.48432	   0.05511	[mu,kappa]: [(21.37220,275.71824),57.98375]
			msglen: 94649.91647 bits.
Iteration #: 11
	  75.43292	   0.01468	[mu,kappa]: [(18.23358,92.91742),190.75183]
	 797.55809	   0.15432	[mu,kappa]: [(22.45381,92.16394),278.00000]
	  57.78822	   0.01127	[mu,kappa]: [(41.25183,81.62518),106.94617]
	 181.90700	   0.03527	[mu,kappa]: [(15.38343,97.07032),278.00000]
	 231.77964	   0.04492	[mu,kappa]: [(8.08602,116.07210),272.20508]
	 146.22249	   0.02837	[mu,kappa]: [(160.75028,58.87603),1.64661]
	  39.06957	   0.00765	[mu,kappa]: [(15.31910,89.74243),95.20677]
	 478.07504	   0.09254	[mu,kappa]: [(26.08027,90.28642),278.00000]
	 133.38536	   0.02589	[mu,kappa]: [(31.36444,87.39154),278.00000]
	  54.67853	   0.01067	[mu,kappa]: [(24.90193,89.18560),177.51793]
	 445.82490	   0.08630	[mu,kappa]: [(11.93390,103.78898),278.00000]
	 410.50089	   0.07947	[mu,kappa]: [(32.51837,87.25301),278.00000]
	 128.84754	   0.02501	[mu,kappa]: [(28.11110,88.86902),278.00000]
	  79.51291	   0.01547	[mu,kappa]: [(21.97708,91.26816),220.58285]
	  78.85230	   0.01534	[mu,kappa]: [(26.38341,89.04971),221.27282]
	 234.08683	   0.04536	[mu,kappa]: [(18.43276,94.74439),278.00000]
	 110.65145	   0.02149	[mu,kappa]: [(19.40389,93.13264),256.18494]
	 319.14578	   0.06181	[mu,kappa]: [(16.31333,96.56428),278.00000]
	 124.05035	   0.02408	[mu,kappa]: [(14.35952,97.28723),253.03914]
	 196.09842	   0.03802	[mu,kappa]: [(46.33021,80.26720),91.45204]
	 390.17056	   0.07554	[mu,kappa]: [(0.39615,196.42277),111.10286]
	 173.56342	   0.03366	[mu,kappa]: [(37.53245,83.70872),235.71205]
	 272.79780	   0.05285	[mu,kappa]: [(21.87874,275.52536),60.57914]
			msglen: 94545.48794 bits.
Iteration #: 12
	  70.10257	   0.01365	[mu,kappa]: [(18.18543,93.21768),234.72175]
	 797.83333	   0.15437	[mu,kappa]: [(22.43324,92.12158),278.00000]
	  54.47265	   0.01063	[mu,kappa]: [(41.28241,81.42947),144.74798]
	 183.64071	   0.03561	[mu,kappa]: [(15.39821,97.09847),278.00000]
	 244.77547	   0.04743	[mu,kappa]: [(8.06673,117.95267),278.00000]
	 146.01154	   0.02833	[mu,kappa]: [(161.10224,58.25510),1.64453]
	  34.41626	   0.00675	[mu,kappa]: [(14.76530,87.75464),95.00549]
	 482.42949	   0.09338	[mu,kappa]: [(26.13220,90.20014),278.00000]
	 136.41012	   0.02647	[mu,kappa]: [(31.36683,87.53748),278.00000]
	  50.22731	   0.00981	[mu,kappa]: [(24.99285,89.26980),215.43820]
	 449.85448	   0.08708	[mu,kappa]: [(11.87047,103.67548),278.00000]
	 418.41023	   0.08100	[mu,kappa]: [(32.50633,87.24033),278.00000]
	 131.55971	   0.02554	[mu,kappa]: [(28.16437,89.01305),278.00000]
	  75.81770	   0.01476	[mu,kappa]: [(21.99451,91.51874),276.44199]
	  76.25302	   0.01484	[mu,kappa]: [(26.47138,89.19817),272.88327]
	 236.63017	   0.04585	[mu,kappa]: [(18.42447,94.73671),278.00000]
	 109.61376	   0.02129	[mu,kappa]: [(19.40161,93.47967),278.00000]
	 322.11360	   0.06238	[mu,kappa]: [(16.31890,96.45657),278.00000]
	 123.13079	   0.02391	[mu,kappa]: [(14.35948,97.48698),278.00000]
	 183.09195	   0.03550	[mu,kappa]: [(47.24434,80.01376),93.61605]
	 388.54159	   0.07523	[mu,kappa]: [(0.58270,259.17516),108.53630]
	 182.67642	   0.03542	[mu,kappa]: [(37.79999,83.56166),262.76971]
	 261.98713	   0.05076	[mu,kappa]: [(22.37235,275.35134),62.87678]
			msglen: 94491.26047 bits.
Iteration #: 13
	  68.06472	   0.01326	[mu,kappa]: [(18.18184,93.69735),278.00000]
	 794.18165	   0.15367	[mu,kappa]: [(22.41123,92.08420),278.00000]
	  55.75123	   0.01088	[mu,kappa]: [(41.38040,81.21768),185.79953]
	 184.81887	   0.03583	[mu,kappa]: [(15.40322,97.07172),278.00000]
	 257.14189	   0.04982	[mu,kappa]: [(8.00715,119.37134),278.00000]
	 145.54288	   0.02824	[mu,kappa]: [(161.53786,57.71611),1.65227]
	  31.24658	   0.00614	[mu,kappa]: [(14.25039,85.42004),91.66302]
	 483.89768	   0.09367	[mu,kappa]: [(26.17869,90.11406),278.00000]
	 138.46630	   0.02687	[mu,kappa]: [(31.35036,87.61346),278.00000]
	  47.99595	   0.00938	[mu,kappa]: [(25.07457,89.47728),255.42008]
	 451.98395	   0.08750	[mu,kappa]: [(11.81907,103.48925),278.00000]
	 422.54000	   0.08180	[mu,kappa]: [(32.47416,87.22739),278.00000]
	 133.46182	   0.02590	[mu,kappa]: [(28.20541,89.06006),278.00000]
	  75.76859	   0.01475	[mu,kappa]: [(21.99887,91.86046),278.00000]
	  76.65970	   0.01492	[mu,kappa]: [(26.54669,89.42717),278.00000]
	 238.10760	   0.04614	[mu,kappa]: [(18.41196,94.71759),278.00000]
	 110.33352	   0.02143	[mu,kappa]: [(19.39443,93.72596),278.00000]
	 323.94895	   0.06274	[mu,kappa]: [(16.31904,96.36482),278.00000]
	 123.97540	   0.02407	[mu,kappa]: [(14.37942,97.69431),278.00000]
	 169.68531	   0.03291	[mu,kappa]: [(48.03009,79.83808),94.47819]
	 383.68705	   0.07429	[mu,kappa]: [(1.02867,276.27048),107.21388]
	 190.26019	   0.03689	[mu,kappa]: [(38.03758,83.44652),277.79807]
	 252.48017	   0.04892	[mu,kappa]: [(22.82324,275.20963),64.97124]
			msglen: 94462.39869 bits.
Iteration #: 14
	  68.62591	   0.01337	[mu,kappa]: [(18.20566,94.17941),278.00000]
	 790.80245	   0.15301	[mu,kappa]: [(22.39002,92.05972),278.00000]
	  60.07451	   0.01171	[mu,kappa]: [(41.60086,80.94600),221.20310]
	 185.83858	   0.03603	[mu,kappa]: [(15.40428,97.04310),278.00000]
	 268.37390	   0.05199	[mu,kappa]: [(7.92550,120.45498),278.00000]
	 145.03755	   0.02814	[mu,kappa]: [(161.94378,57.27564),1.66316]
	  28.96961	   0.00570	[mu,kappa]: [(13.75166,82.80191),87.15271]
	 484.47487	   0.09378	[mu,kappa]: [(26.21505,90.04690),278.00000]
	 139.98397	   0.02717	[mu,kappa]: [(31.33062,87.65807),278.00000]
	  47.43069	   0.00927	[mu,kappa]: [(25.14076,89.78082),278.00000]
	 453.60524	   0.08781	[mu,kappa]: [(11.78099,103.29947),278.00000]
	 424.90472	   0.08226	[mu,kappa]: [(32.43831,87.22319),278.00000]
	 134.89051	   0.02618	[mu,kappa]: [(28.23572,89.07122),278.00000]
	  75.91854	   0.01478	[mu,kappa]: [(21.99090,92.04693),278.00000]
	  77.25080	   0.01503	[mu,kappa]: [(26.60128,89.56163),278.00000]
	 239.33098	   0.04638	[mu,kappa]: [(18.40285,94.69983),278.00000]
	 111.02548	   0.02157	[mu,kappa]: [(19.38411,93.85250),278.00000]
	 325.43420	   0.06303	[mu,kappa]: [(16.31850,96.30156),278.00000]
	 124.78376	   0.02423	[mu,kappa]: [(14.38983,97.80940),278.00000]
	 156.71875	   0.03040	[mu,kappa]: [(48.72628,79.71741),94.69872]
	 376.62972	   0.07292	[mu,kappa]: [(1.50362,281.39621),106.82895]
	 195.43518	   0.03789	[mu,kappa]: [(38.24264,83.36598),278.00000]
	 244.46009	   0.04737	[mu,kappa]: [(23.21399,275.09562),66.81579]
			msglen: 94443.42884 bits.
Iteration #: 15
	  69.28835	   0.01349	[mu,kappa]: [(18.21984,94.44745),278.00000]
	 787.97610	   0.15247	[mu,kappa]: [(22.36773,92.04947),278.00000]
	  66.06917	   0.01287	[mu,kappa]: [(41.87443,80.63568),249.69882]
	 186.80946	   0.03622	[mu,kappa]: [(15.40494,97.02381),278.00000]
	 278.66802	   0.05398	[mu,kappa]: [(7.83252,121.32786),278.00000]
	 144.59974	   0.02806	[mu,kappa]: [(162.27662,56.92378),1.67337]
	  27.35815	   0.00539	[mu,kappa]: [(13.25304,79.93006),83.01447]
	 484.24938	   0.09373	[mu,kappa]: [(26.24311,89.99950),278.00000]
	 141.29844	   0.02742	[mu,kappa]: [(31.32133,87.68091),278.00000]
	  47.67433	   0.00932	[mu,kappa]: [(25.18741,90.04086),278.00000]
	 454.97156	   0.08807	[mu,kappa]: [(11.75405,103.12774),278.00000]
	 427.16739	   0.08270	[mu,kappa]: [(32.41517,87.21901),278.00000]
	 135.91818	   0.02638	[mu,kappa]: [(28.26112,89.06819),278.00000]
	  76.14613	   0.01482	[mu,kappa]: [(21.97488,92.15233),278.00000]
	  77.71245	   0.01512	[mu,kappa]: [(26.64101,89.63417),278.00000]
	 240.54634	   0.04661	[mu,kappa]: [(18.39722,94.68808),278.00000]
	 111.75849	   0.02171	[mu,kappa]: [(19.37330,93.92115),278.00000]
	 326.82413	   0.06329	[mu,kappa]: [(16.31949,96.26245),278.00000]
	 125.58033	   0.02438	[mu,kappa]: [(14.39604,97.87967),278.00000]
	 144.06699	   0.02795	[mu,kappa]: [(49.38339,79.63681),94.39796]
	 368.66935	   0.07139	[mu,kappa]: [(1.97201,283.35945),107.12771]
	 199.00678	   0.03858	[mu,kappa]: [(38.41129,83.31681),278.00000]
	 237.64074	   0.04605	[mu,kappa]: [(23.55122,275.00205),68.41455]
			msglen: 94428.12587 bits.
Iteration #: 16
	  69.91637	   0.01362	[mu,kappa]: [(18.22963,94.59548),278.00000]
	 785.75783	   0.15204	[mu,kappa]: [(22.34878,92.04732),278.00000]
	  72.99868	   0.01421	[mu,kappa]: [(42.17608,80.30461),272.21080]
	 187.61290	   0.03637	[mu,kappa]: [(15.40288,97.01574),278.00000]
	 288.24231	   0.05583	[mu,kappa]: [(7.73541,122.05388),278.00000]
	 144.23944	   0.02799	[mu,kappa]: [(162.54519,56.62990),1.68185]
	  26.34332	   0.00519	[mu,kappa]: [(12.75508,76.87639),80.35694]
	 483.89751	   0.09367	[mu,kappa]: [(26.26473,89.96731),278.00000]
	 142.48014	   0.02765	[mu,kappa]: [(31.31927,87.69022),278.00000]
	  47.97690	   0.00937	[mu,kappa]: [(25.21861,90.19274),278.00000]
	 456.31167	   0.08833	[mu,kappa]: [(11.73352,102.97901),278.00000]
	 429.41289	   0.08313	[mu,kappa]: [(32.40209,87.21358),278.00000]
	 136.74323	   0.02654	[mu,kappa]: [(28.28111,89.06062),278.00000]
	  76.42949	   0.01488	[mu,kappa]: [(21.95866,92.21369),278.00000]
	  78.13969	   0.01521	[mu,kappa]: [(26.66989,89.67356),278.00000]
	 241.53735	   0.04680	[mu,kappa]: [(18.39544,94.68073),278.00000]
	 112.43341	   0.02184	[mu,kappa]: [(19.36563,93.95882),278.00000]
	 327.85675	   0.06349	[mu,kappa]: [(16.31997,96.24139),278.00000]
	 126.30972	   0.02452	[mu,kappa]: [(14.39647,97.92816),278.00000]
	 132.21050	   0.02566	[mu,kappa]: [(50.03214,79.58521),94.03568]
	 360.48718	   0.06980	[mu,kappa]: [(2.42226,284.23451),107.90694]
	 200.90753	   0.03895	[mu,kappa]: [(38.54221,83.30608),278.00000]
	 231.75518	   0.04491	[mu,kappa]: [(23.84529,274.92274),69.80644]
			msglen: 94414.70014 bits.
Iteration #: 17
	  70.48469	   0.01373	[mu,kappa]: [(18.23745,94.67665),278.00000]
	 783.93720	   0.15168	[mu,kappa]: [(22.33301,92.04919),278.00000]
	  80.40048	   0.01564	[mu,kappa]: [(42.48352,79.97768),278.00000]
	 188.25692	   0.03650	[mu,kappa]: [(15.39803,97.01705),278.00000]
	 297.07238	   0.05754	[mu,kappa]: [(7.63847,122.67327),278.00000]
	 143.95840	   0.02793	[mu,kappa]: [(162.75430,56.38345),1.68831]
	  25.90434	   0.00511	[mu,kappa]: [(12.27196,73.76264),79.74173]
	 483.46771	   0.09358	[mu,kappa]: [(26.28114,89.94547),278.00000]
	 143.54552	   0.02785	[mu,kappa]: [(31.32344,87.68892),278.00000]
	  48.30805	   0.00944	[mu,kappa]: [(25.23965,90.28032),278.00000]
	 457.66967	   0.08860	[mu,kappa]: [(11.71795,102.85153),278.00000]
	 431.65713	   0.08357	[mu,kappa]: [(32.39837,87.20355),278.00000]
	 137.40823	   0.02667	[mu,kappa]: [(28.29654,89.05166),278.00000]
	  76.74416	   0.01494	[mu,kappa]: [(21.94391,92.25045),278.00000]
	  78.53916	   0.01528	[mu,kappa]: [(26.69077,89.69437),278.00000]
	 242.29416	   0.04695	[mu,kappa]: [(18.39660,94.67594),278.00000]
	 113.03455	   0.02195	[mu,kappa]: [(19.36114,93.97944),278.00000]
	 328.54372	   0.06363	[mu,kappa]: [(16.31943,96.23253),278.00000]
	 126.97488	   0.02465	[mu,kappa]: [(14.39199,97.96615),278.00000]
	 121.24378	   0.02354	[mu,kappa]: [(50.68225,79.55683),93.89188]
	 352.42391	   0.06824	[mu,kappa]: [(2.85084,284.63216),109.05311]
	 201.52075	   0.03906	[mu,kappa]: [(38.63575,83.33625),277.08913]
	 226.61019	   0.04392	[mu,kappa]: [(24.10457,274.85346),71.02997]
			msglen: 94402.99282 bits.
Iteration #: 18
	  70.99410	   0.01382	[mu,kappa]: [(18.24490,94.72078),278.00000]
	 782.44306	   0.15140	[mu,kappa]: [(22.32010,92.05265),278.00000]
	  87.97750	   0.01711	[mu,kappa]: [(42.76800,79.70559),278.00000]
	 188.75310	   0.03660	[mu,kappa]: [(15.39102,97.02645),278.00000]
	 305.10995	   0.05910	[mu,kappa]: [(7.54394,123.21489),278.00000]
	 143.74843	   0.02789	[mu,kappa]: [(162.91231,56.17752),1.69288]
	  26.04789	   0.00513	[mu,kappa]: [(11.81925,70.68350),81.36574]
	 483.00485	   0.09349	[mu,kappa]: [(26.29286,89.93113),278.00000]
	 144.42658	   0.02802	[mu,kappa]: [(31.33101,87.68059),278.00000]
	  48.65894	   0.00951	[mu,kappa]: [(25.25374,90.33055),278.00000]
	 459.00035	   0.08885	[mu,kappa]: [(11.70670,102.74476),278.00000]
	 433.58375	   0.08394	[mu,kappa]: [(32.40159,87.18787),278.00000]
	 137.92953	   0.02677	[mu,kappa]: [(28.30700,89.04396),278.00000]
	  77.08277	   0.01500	[mu,kappa]: [(21.93127,92.27313),278.00000]
	  78.91801	   0.01536	[mu,kappa]: [(26.70504,89.70554),278.00000]
	 242.84446	   0.04705	[mu,kappa]: [(18.40024,94.67253),278.00000]
	 113.56839	   0.02206	[mu,kappa]: [(19.35968,93.99037),278.00000]
	 328.91976	   0.06370	[mu,kappa]: [(16.31809,96.23225),278.00000]
	 127.57481	   0.02477	[mu,kappa]: [(14.38392,98.00087),278.00000]
	 110.98455	   0.02156	[mu,kappa]: [(51.34080,79.54300),94.21650]
	 344.66241	   0.06674	[mu,kappa]: [(3.25703,284.76863),110.51367]
	 201.70297	   0.03910	[mu,kappa]: [(38.70416,83.39050),276.26994]
	 222.06383	   0.04304	[mu,kappa]: [(24.33548,274.79162),72.11735]
			msglen: 94392.66609 bits.
Iteration #: 19
	  71.45193	   0.01391	[mu,kappa]: [(18.25275,94.74450),278.00000]
	 781.22119	   0.15116	[mu,kappa]: [(22.30978,92.05625),278.00000]
	  95.37586	   0.01854	[mu,kappa]: [(43.01539,79.50484),278.00000]
	 189.11796	   0.03667	[mu,kappa]: [(15.38250,97.04333),278.00000]
	 312.34068	   0.06049	[mu,kappa]: [(7.45295,123.69975),278.00000]
	 143.60197	   0.02786	[mu,kappa]: [(163.02573,56.00859),1.69574]
	  26.79743	   0.00528	[mu,kappa]: [(11.40933,67.68533),85.31102]
	 482.60142	   0.09342	[mu,kappa]: [(26.30105,89.92203),278.00000]
	 145.12242	   0.02816	[mu,kappa]: [(31.33927,87.66892),278.00000]
	  49.03021	   0.00958	[mu,kappa]: [(25.26350,90.35910),278.00000]
	 460.26280	   0.08910	[mu,kappa]: [(11.69941,102.65984),278.00000]
	 435.05505	   0.08422	[mu,kappa]: [(32.40824,87.16848),278.00000]
	 138.35664	   0.02685	[mu,kappa]: [(28.31293,89.03870),278.00000]
	  77.44044	   0.01507	[mu,kappa]: [(21.92089,92.28736),278.00000]
	  79.29435	   0.01543	[mu,kappa]: [(26.71441,89.71188),278.00000]
	 243.22152	   0.04713	[mu,kappa]: [(18.40590,94.66984),278.00000]
	 114.04462	   0.02215	[mu,kappa]: [(19.36083,93.99565),278.00000]
	 329.02831	   0.06372	[mu,kappa]: [(16.31627,96.23848),278.00000]
	 128.11199	   0.02487	[mu,kappa]: [(14.37343,98.03735),278.00000]
	 101.62449	   0.01975	[mu,kappa]: [(52.01137,79.53072),95.32115]
	 337.25480	   0.06531	[mu,kappa]: [(3.64190,284.73250),112.27608]
	 201.63043	   0.03909	[mu,kappa]: [(38.75325,83.45695),275.85177]
	 218.01350	   0.04225	[mu,kappa]: [(24.54279,274.73570),73.09371]
			msglen: 94383.50684 bits.
			N: 5160
		18.29138 bpr
Null model msglen: 121688.61385 bits.	(23.58306 bpr)
