Iteration #: 0
	1014.00000	   0.19651	[mu,kappa]: [(19.12941,89.65728),12.52145]
	1058.00000	   0.20504	[mu,kappa]: [(19.90468,90.53534),14.50015]
	1018.00000	   0.19729	[mu,kappa]: [(19.28213,90.35561),15.63667]
	1030.00000	   0.19961	[mu,kappa]: [(19.00227,89.94447),12.63067]
	1040.00000	   0.20155	[mu,kappa]: [(19.14523,90.02366),12.64202]
			msglen: 96186.80030 bits.
Iteration #: 1
	 995.24236	   0.19288	[mu,kappa]: [(19.08894,89.47747),8.96517]
	1069.55940	   0.20728	[mu,kappa]: [(19.83769,90.57121),27.86887]
	1069.51960	   0.20727	[mu,kappa]: [(19.56584,90.96840),33.71434]
	1008.10305	   0.19537	[mu,kappa]: [(18.85593,89.64291),10.00032]
	1017.57560	   0.19721	[mu,kappa]: [(19.02899,89.65328),10.08408]
			msglen: 102671.89543 bits.
Iteration #: 2
	 804.74124	   0.15598	[mu,kappa]: [(18.27528,85.81848),4.23284]
	1327.00565	   0.25714	[mu,kappa]: [(20.69777,91.65216),59.80958]
	1464.84328	   0.28384	[mu,kappa]: [(20.47309,92.12781),71.60072]
	 778.21840	   0.15084	[mu,kappa]: [(17.17807,87.92094),10.25586]
	 785.19144	   0.15219	[mu,kappa]: [(17.42164,88.02161),10.79321]
			msglen: 99735.74702 bits.
Iteration #: 3
	 576.58836	   0.11178	[mu,kappa]: [(15.25576,72.19287),2.09915]
	1578.80575	   0.30592	[mu,kappa]: [(21.26031,91.93581),80.67925]
	1823.25082	   0.35327	[mu,kappa]: [(20.87795,92.42978),97.60389]
	 584.38140	   0.11329	[mu,kappa]: [(15.08588,86.38635),14.13792]
	 596.97368	   0.11573	[mu,kappa]: [(15.63913,86.72925),14.87381]
			msglen: 98773.80065 bits.
Iteration #: 4
	 463.26700	   0.08983	[mu,kappa]: [(14.32516,56.96223),1.50892]
	1625.74643	   0.31501	[mu,kappa]: [(21.88121,91.67606),85.13961]
	1894.26059	   0.36702	[mu,kappa]: [(21.09897,92.42647),107.36256]
	 582.25508	   0.11288	[mu,kappa]: [(13.33411,86.47568),15.09358]
	 594.47091	   0.11525	[mu,kappa]: [(14.33731,86.83349),15.75136]
			msglen: 98633.51776 bits.
Iteration #: 5
	 392.92798	   0.07621	[mu,kappa]: [(18.76620,54.98624),1.16816]
	1628.77350	   0.31560	[mu,kappa]: [(22.66413,91.20894),84.74726]
	1892.30707	   0.36665	[mu,kappa]: [(21.09758,92.48566),113.94999]
	 618.67044	   0.11994	[mu,kappa]: [(11.32736,86.86452),15.31182]
	 627.32101	   0.12161	[mu,kappa]: [(13.13667,87.08325),15.74258]
			msglen: 98515.09828 bits.
Iteration #: 6
	 337.79057	   0.06553	[mu,kappa]: [(29.70048,59.17428),0.89817]
	1636.74187	   0.31714	[mu,kappa]: [(23.78830,90.53534),83.22368]
	1883.25141	   0.36489	[mu,kappa]: [(20.79978,92.73745),122.52336]
	 650.98001	   0.12619	[mu,kappa]: [(8.89874,87.59844),15.76252]
	 651.23614	   0.12624	[mu,kappa]: [(12.15843,87.36564),15.65453]
			msglen: 98318.77336 bits.
Iteration #: 7
	 294.04539	   0.05705	[mu,kappa]: [(49.07693,63.49922),0.72071]
	1661.19689	   0.32188	[mu,kappa]: [(25.44819,89.60720),83.18146]
	1888.93570	   0.36599	[mu,kappa]: [(20.12989,93.26845),136.97328]
	 667.72368	   0.12944	[mu,kappa]: [(5.67981,89.56356),17.23943]
	 648.09835	   0.12564	[mu,kappa]: [(11.39871,87.70549),15.66906]
			msglen: 97920.86497 bits.
Iteration #: 8
	 260.49376	   0.05056	[mu,kappa]: [(73.84725,66.34459),0.67386]
	1695.00848	   0.32843	[mu,kappa]: [(27.59712,88.52711),89.79852]
	1934.93237	   0.37490	[mu,kappa]: [(19.17770,94.05041),160.64854]
	 670.69521	   0.13001	[mu,kappa]: [(1.61769,102.99395),21.66150]
	 598.87018	   0.11610	[mu,kappa]: [(10.63426,88.28378),15.99221]
			msglen: 97245.72759 bits.
Iteration #: 9
	 237.90124	   0.04618	[mu,kappa]: [(93.48823,67.32168),0.71416]
	1718.49011	   0.33298	[mu,kappa]: [(29.56979,87.65045),107.56085]
	2029.76710	   0.39327	[mu,kappa]: [(18.29539,94.82141),190.07477]
	 679.37410	   0.13169	[mu,kappa]: [(1.98201,252.30557),29.88103]
	 494.46744	   0.09588	[mu,kappa]: [(9.59280,89.32377),16.81780]
			msglen: 96601.27118 bits.
Iteration #: 10
	 231.69876	   0.04498	[mu,kappa]: [(99.81524,67.24289),0.74898]
	1725.44369	   0.33432	[mu,kappa]: [(30.62101,87.23183),126.43088]
	2136.02137	   0.41385	[mu,kappa]: [(17.76812,95.30443),212.24827]
	 689.07196	   0.13357	[mu,kappa]: [(3.60462,261.01283),35.72022]
	 377.76422	   0.07327	[mu,kappa]: [(8.28482,90.61320),17.85713]
			msglen: 96337.52795 bits.
Iteration #: 11
	 237.80598	   0.04616	[mu,kappa]: [(96.06284,67.70331),0.77618]
	1726.16734	   0.33446	[mu,kappa]: [(30.97756,87.09420),134.87218]
	2211.45117	   0.42847	[mu,kappa]: [(17.53738,95.51328),219.17100]
	 691.82256	   0.13411	[mu,kappa]: [(4.35256,263.71283),38.13699]
	 292.75294	   0.05680	[mu,kappa]: [(6.76837,92.51138),19.57699]
			msglen: 96265.68033 bits.
Iteration #: 12
	 246.86557	   0.04792	[mu,kappa]: [(90.28914,68.15708),0.79865]
	1729.64855	   0.33514	[mu,kappa]: [(31.08437,87.04441),136.78316]
	2255.99192	   0.43709	[mu,kappa]: [(17.43232,95.59635),217.77074]
	 691.39612	   0.13402	[mu,kappa]: [(4.78465,265.10997),38.77618]
	 236.09783	   0.04583	[mu,kappa]: [(5.08824,97.17392),24.03528]
			msglen: 96221.70552 bits.
Iteration #: 13
	 253.93424	   0.04929	[mu,kappa]: [(85.91028,68.18008),0.80507]
	1734.57600	   0.33609	[mu,kappa]: [(31.11735,87.02070),136.75289]
	2282.73868	   0.44227	[mu,kappa]: [(17.37761,95.62995),214.71915]
	 684.38329	   0.13267	[mu,kappa]: [(5.26108,266.46378),38.24735]
	 204.36779	   0.03968	[mu,kappa]: [(4.13840,105.62346),36.52751]
			msglen: 96157.98288 bits.
Iteration #: 14
	 255.96351	   0.04968	[mu,kappa]: [(84.66704,68.30550),0.81332]
	1737.80262	   0.33672	[mu,kappa]: [(31.11767,87.01499),136.72508]
	2294.93631	   0.44464	[mu,kappa]: [(17.36578,95.62749),212.97226]
	 662.73341	   0.12847	[mu,kappa]: [(6.11600,268.48991),36.83366]
	 208.56415	   0.04050	[mu,kappa]: [(4.68231,110.79283),71.35411]
			msglen: 96025.34184 bits.
Iteration #: 15
	 252.14000	   0.04894	[mu,kappa]: [(87.38530,69.22070),0.85894]
	1738.85116	   0.33692	[mu,kappa]: [(31.11111,87.01492),136.76242]
	2283.34870	   0.44239	[mu,kappa]: [(17.44005,95.55093),215.56057]
	 610.01694	   0.11826	[mu,kappa]: [(7.68410,271.56372),35.59132]
	 275.64320	   0.05349	[mu,kappa]: [(5.44360,114.64719),135.45453]
			msglen: 95813.60819 bits.
Iteration #: 16
	 244.81684	   0.04752	[mu,kappa]: [(92.11194,70.47444),0.93498]
	1736.49955	   0.33646	[mu,kappa]: [(31.12310,87.00624),136.71642]
	2243.38404	   0.43465	[mu,kappa]: [(17.63846,95.34729),225.20410]
	 540.24340	   0.10474	[mu,kappa]: [(10.06045,274.87943),35.81411]
	 395.05617	   0.07662	[mu,kappa]: [(6.09588,117.14459),198.00051]
			msglen: 95604.51474 bits.
Iteration #: 17
	 237.41057	   0.04608	[mu,kappa]: [(96.37792,71.52749),1.01553]
	1728.98066	   0.33501	[mu,kappa]: [(31.16835,86.98008),136.64190]
	2191.63703	   0.42463	[mu,kappa]: [(17.90318,95.06163),238.98605]
	 493.80998	   0.09575	[mu,kappa]: [(12.21728,276.83152),38.04796]
	 508.16176	   0.09853	[mu,kappa]: [(6.65248,117.48875),230.91660]
			msglen: 95478.99344 bits.
Iteration #: 18
	 232.73618	   0.04518	[mu,kappa]: [(98.88024,71.99425),1.06053]
	1715.94988	   0.33248	[mu,kappa]: [(31.24413,86.93936),136.59961]
	2143.93647	   0.41539	[mu,kappa]: [(18.16796,94.79410),252.18886]
	 473.21724	   0.09176	[mu,kappa]: [(13.38108,277.50023),40.35246]
	 594.16023	   0.11519	[mu,kappa]: [(7.08973,116.42370),236.99372]
			msglen: 95411.40807 bits.
Iteration #: 19
	 230.31597	   0.04471	[mu,kappa]: [(100.18813,72.06160),1.07315]
	1698.57660	   0.32912	[mu,kappa]: [(31.33801,86.89101),136.65545]
	2102.47809	   0.40736	[mu,kappa]: [(18.42312,94.58208),263.83155]
	 463.91185	   0.08996	[mu,kappa]: [(13.88815,277.59911),41.77436]
	 664.71750	   0.12886	[mu,kappa]: [(7.43953,114.76636),231.45984]
			msglen: 95362.13283 bits.
Iteration #: 20
	 228.83122	   0.04442	[mu,kappa]: [(101.04244,72.00203),1.07363]
	1678.24792	   0.32518	[mu,kappa]: [(31.44185,86.83786),136.82812]
	2065.69025	   0.40023	[mu,kappa]: [(18.67312,94.41212),274.48159]
	 458.60996	   0.08893	[mu,kappa]: [(14.13823,277.49621),42.65656]
	 728.62066	   0.14123	[mu,kappa]: [(7.74426,113.02412),223.53025]
			msglen: 95319.01463 bits.
Iteration #: 21
	 227.63856	   0.04419	[mu,kappa]: [(101.76569,71.92026),1.07127]
	1656.03146	   0.32088	[mu,kappa]: [(31.55236,86.78094),137.08352]
	2032.47594	   0.39380	[mu,kappa]: [(18.91886,94.26435),278.00000]
	 455.01030	   0.08823	[mu,kappa]: [(14.29452,277.33413),43.30855]
	 788.84374	   0.15290	[mu,kappa]: [(8.02645,111.44271),216.45702]
			msglen: 95282.52464 bits.
Iteration #: 22
	 226.51225	   0.04397	[mu,kappa]: [(102.47072,71.83718),1.06854]
	1628.29062	   0.31550	[mu,kappa]: [(31.68113,86.71617),137.31831]
	2010.65363	   0.38957	[mu,kappa]: [(19.15985,94.11763),278.00000]
	 452.57541	   0.08776	[mu,kappa]: [(14.40176,277.16923),43.83846]
	 841.96808	   0.16319	[mu,kappa]: [(8.28225,110.16213),210.99075]
			msglen: 95252.09947 bits.
Iteration #: 23
	 225.31480	   0.04374	[mu,kappa]: [(103.22967,71.74432),1.06525]
	1595.99368	   0.30925	[mu,kappa]: [(31.83065,86.64286),137.57630]
	1999.36357	   0.38738	[mu,kappa]: [(19.39382,93.97039),278.00000]
	 451.27509	   0.08751	[mu,kappa]: [(14.46484,277.03213),44.23098]
	 888.05285	   0.17212	[mu,kappa]: [(8.51128,109.16584),207.13982]
			msglen: 95225.49038 bits.
Iteration #: 24
	 224.02140	   0.04349	[mu,kappa]: [(104.05673,71.64174),1.06163]
	1561.78519	   0.30262	[mu,kappa]: [(31.99375,86.56404),137.89411]
	1994.27876	   0.38640	[mu,kappa]: [(19.61882,93.82668),278.00000]
	 451.07610	   0.08747	[mu,kappa]: [(14.48650,276.92684),44.47581]
	 928.83855	   0.18002	[mu,kappa]: [(8.72000,108.37741),204.66660]
			msglen: 95201.74842 bits.
Iteration #: 25
	 222.68190	   0.04323	[mu,kappa]: [(104.92268,71.53568),1.05814]
	1526.99867	   0.29588	[mu,kappa]: [(32.16397,86.48262),138.25496]
	1993.21247	   0.38619	[mu,kappa]: [(19.83393,93.68782),278.00000]
	 451.88965	   0.08763	[mu,kappa]: [(14.47175,276.84545),44.58754]
	 965.21732	   0.18706	[mu,kappa]: [(8.91363,107.73639),203.25608]
			msglen: 95180.31958 bits.
Iteration #: 26
	 221.34694	   0.04297	[mu,kappa]: [(105.79610,71.43015),1.05498]
	1492.48114	   0.28920	[mu,kappa]: [(32.33674,86.40064),138.64400]
	1994.68111	   0.38648	[mu,kappa]: [(20.03882,93.55471),278.00000]
	 453.57524	   0.08796	[mu,kappa]: [(14.42636,276.77993),44.58907]
	 997.91557	   0.19340	[mu,kappa]: [(9.09544,107.20075),202.64001]
			msglen: 95160.86223 bits.
Iteration #: 27
	 220.05359	   0.04272	[mu,kappa]: [(106.65294,71.32731),1.05218]
	1458.78010	   0.28267	[mu,kappa]: [(32.50890,86.31949),139.05081]
	1997.65440	   0.38705	[mu,kappa]: [(20.23349,93.42788),278.00000]
	 455.96898	   0.08842	[mu,kappa]: [(14.35637,276.72422),44.50468]
	1027.54292	   0.19914	[mu,kappa]: [(9.26739,106.74210),202.60406]
			msglen: 95143.15448 bits.
Iteration #: 28
	 218.82480	   0.04248	[mu,kappa]: [(107.47725,71.22830),1.04974]
	1426.24280	   0.27637	[mu,kappa]: [(32.67829,86.24007),139.46776]
	2001.42621	   0.38778	[mu,kappa]: [(20.41814,93.30759),278.00000]
	 458.90872	   0.08899	[mu,kappa]: [(14.26754,276.67414),44.35665]
	1054.59747	   0.20438	[mu,kappa]: [(9.43062,106.34130),202.97993]
			msglen: 95127.04097 bits.
Iteration #: 29
	 217.67235	   0.04226	[mu,kappa]: [(108.25989,71.13369),1.04761]
	1395.08077	   0.27033	[mu,kappa]: [(32.84346,86.16295),139.88890]
	2005.52239	   0.38858	[mu,kappa]: [(20.59304,93.19390),278.00000]
	 462.24705	   0.08964	[mu,kappa]: [(14.16503,276.62692),44.16395]
	1079.47744	   0.20920	[mu,kappa]: [(9.58579,105.98533),203.63652]
			msglen: 95112.40191 bits.
Iteration #: 30
	 216.60020	   0.04205	[mu,kappa]: [(108.99665,71.04371),1.04574]
	1365.41317	   0.26458	[mu,kappa]: [(33.00341,86.08851),140.30941]
	2009.63240	   0.38937	[mu,kappa]: [(20.75850,93.08672),278.00000]
	 465.85659	   0.09034	[mu,kappa]: [(14.05328,276.58084),43.94200]
	1102.49765	   0.21366	[mu,kappa]: [(9.73327,105.66516),204.47270]
			msglen: 95099.13535 bits.
Iteration #: 31
	 215.60739	   0.04186	[mu,kappa]: [(109.68661,70.95837),1.04410]
	1337.29610	   0.25914	[mu,kappa]: [(33.15753,86.01696),140.72530]
	2013.55936	   0.39013	[mu,kappa]: [(20.91489,92.98587),278.00000]
	 469.63087	   0.09107	[mu,kappa]: [(13.93599,276.53487),43.70297]
	1123.90627	   0.21780	[mu,kappa]: [(9.87333,105.37443),205.41136]
			msglen: 95087.14750 bits.
Iteration #: 32
	 214.69026	   0.04168	[mu,kappa]: [(110.33081,70.87756),1.04264]
	1310.74253	   0.25399	[mu,kappa]: [(33.30543,85.94841),141.13330]
	2017.18434	   0.39083	[mu,kappa]: [(21.06255,92.89115),278.00000]
	 473.48333	   0.09181	[mu,kappa]: [(13.81613,276.48851),43.45618]
	1143.89954	   0.22168	[mu,kappa]: [(10.00615,105.10850),206.39477]
			msglen: 95076.34801 bits.
Iteration #: 33
	 213.84380	   0.04152	[mu,kappa]: [(110.93138,70.80111),1.04133]
	1285.73590	   0.24915	[mu,kappa]: [(33.44688,85.88292),141.53078]
	2020.44124	   0.39147	[mu,kappa]: [(21.20185,92.80227),278.00000]
	 477.34524	   0.09256	[mu,kappa]: [(13.69604,276.44158),43.20859]
	1162.63382	   0.22530	[mu,kappa]: [(10.13193,104.86396),207.38078]
			msglen: 95066.64810 bits.
Iteration #: 34
	 213.06259	   0.04137	[mu,kappa]: [(111.49090,70.72881),1.04017]
	1262.23949	   0.24460	[mu,kappa]: [(33.58180,85.82047),141.91565]
	2023.29952	   0.39202	[mu,kappa]: [(21.33316,92.71898),278.00000]
	 481.16346	   0.09330	[mu,kappa]: [(13.57751,276.39412),42.96526]
	1180.23493	   0.22871	[mu,kappa]: [(10.25087,104.63818),208.33961]
			msglen: 95057.96030 bits.
			N: 5160
		18.42209 bpr
Null model msglen: 121688.61385 bits.	(23.58306 bpr)
