Iteration #: 0
	 21291.000	     0.101	[mu,kappa]: [(37.016,67.404),2.196]
	 21193.000	     0.100	[mu,kappa]: [(37.116,67.096),2.194]
	 21294.000	     0.101	[mu,kappa]: [(36.850,67.378),2.259]
	 20839.000	     0.099	[mu,kappa]: [(37.096,67.004),2.209]
	 21152.000	     0.100	[mu,kappa]: [(36.474,66.961),2.208]
	 21098.000	     0.100	[mu,kappa]: [(37.155,66.988),2.186]
	 20906.000	     0.099	[mu,kappa]: [(37.099,67.818),2.247]
	 21077.000	     0.100	[mu,kappa]: [(37.047,66.404),2.160]
	 21186.000	     0.100	[mu,kappa]: [(36.843,66.751),2.199]
	 21396.000	     0.101	[mu,kappa]: [(36.854,66.102),2.148]
			msglen: 0.000 bits.
Iteration #: 1
	 21286.712	     0.101	[mu,kappa]: [(37.011,67.064),2.198]
	 21188.952	     0.100	[mu,kappa]: [(37.037,66.904),2.186]
	 21302.569	     0.101	[mu,kappa]: [(36.868,68.716),2.385]
	 20835.262	     0.099	[mu,kappa]: [(37.000,67.281),2.227]
	 21147.664	     0.100	[mu,kappa]: [(36.736,67.107),2.223]
	 21094.483	     0.100	[mu,kappa]: [(37.060,66.629),2.160]
	 20911.105	     0.099	[mu,kappa]: [(37.010,68.617),2.357]
	 21079.563	     0.100	[mu,kappa]: [(37.027,65.539),2.073]
	 21181.918	     0.100	[mu,kappa]: [(36.891,66.842),2.193]
	 21403.773	     0.101	[mu,kappa]: [(36.951,64.957),2.033]
			msglen: 2009078.554 bits.
Iteration #: 2
	 21245.887	     0.100	[mu,kappa]: [(36.973,67.004),2.201]
	 21148.748	     0.100	[mu,kappa]: [(36.992,66.595),2.164]
	 21388.087	     0.101	[mu,kappa]: [(36.919,71.935),2.833]
	 20798.628	     0.098	[mu,kappa]: [(36.945,67.889),2.291]
	 21109.446	     0.100	[mu,kappa]: [(36.827,67.672),2.276]
	 21059.149	     0.100	[mu,kappa]: [(37.033,65.699),2.085]
	 20963.606	     0.099	[mu,kappa]: [(36.966,71.393),2.737]
	 21101.167	     0.100	[mu,kappa]: [(37.210,62.103),1.830]
	 21141.409	     0.100	[mu,kappa]: [(36.915,66.737),2.182]
	 21475.874	     0.102	[mu,kappa]: [(37.329,60.096),1.717]
			msglen: 2004054.922 bits.
Iteration #: 3
	 20862.696	     0.099	[mu,kappa]: [(36.837,67.354),2.266]
	 20764.436	     0.098	[mu,kappa]: [(36.872,66.096),2.148]
	 22285.592	     0.105	[mu,kappa]: [(37.363,78.285),4.995]
	 20469.907	     0.097	[mu,kappa]: [(36.821,69.900),2.558]
	 20764.316	     0.098	[mu,kappa]: [(36.765,69.477),2.508]
	 20705.813	     0.098	[mu,kappa]: [(37.020,63.081),1.915]
	 21537.468	     0.102	[mu,kappa]: [(37.266,77.361),4.462]
	 21230.147	     0.100	[mu,kappa]: [(39.254,47.419),1.252]
	 20757.356	     0.098	[mu,kappa]: [(36.820,66.680),2.203]
	 22054.271	     0.104	[mu,kappa]: [(42.542,36.181),1.005]
			msglen: 1961418.849 bits.
Iteration #: 4
	 18035.628	     0.085	[mu,kappa]: [(36.062,69.398),2.773]
	 17837.294	     0.084	[mu,kappa]: [(35.971,66.179),2.390]
	 30663.075	     0.145	[mu,kappa]: [(38.738,84.250),25.723]
	 18236.222	     0.086	[mu,kappa]: [(36.498,74.718),3.915]
	 18380.898	     0.087	[mu,kappa]: [(36.394,73.985),3.695]
	 17797.217	     0.084	[mu,kappa]: [(36.351,56.554),1.733]
	 27050.244	     0.128	[mu,kappa]: [(38.501,83.613),19.988]
	 20968.530	     0.099	[mu,kappa]: [(82.545,345.226),0.687]
	 17875.763	     0.085	[mu,kappa]: [(35.986,67.777),2.565]
	 24587.128	     0.116	[mu,kappa]: [(113.762,322.737),1.010]
			msglen: 1729788.464 bits.
Iteration #: 5
	  9270.753	     0.044	[mu,kappa]: [(33.199,62.002),3.683]
	  9001.052	     0.043	[mu,kappa]: [(32.500,53.352),2.777]
	 61703.828	     0.292	[mu,kappa]: [(39.595,86.760),102.372]
	 10479.044	     0.050	[mu,kappa]: [(35.596,73.432),7.070]
	 10309.018	     0.049	[mu,kappa]: [(35.192,72.054),6.355]
	  9228.366	     0.044	[mu,kappa]: [(36.453,21.847),1.539]
	 44948.140	     0.213	[mu,kappa]: [(39.503,86.405),78.426]
	 18558.456	     0.088	[mu,kappa]: [(122.227,308.438),2.101]
	  9077.664	     0.043	[mu,kappa]: [(32.747,57.831),3.173]
	 28855.680	     0.136	[mu,kappa]: [(130.500,302.664),3.249]
			msglen: 1477357.944 bits.
Iteration #: 6
	  6555.078	     0.031	[mu,kappa]: [(31.260,48.281),4.087]
	  6409.838	     0.030	[mu,kappa]: [(30.084,33.538),3.180]
	 74086.668	     0.350	[mu,kappa]: [(39.791,87.266),169.442]
	  7468.066	     0.035	[mu,kappa]: [(35.985,69.085),7.777]
	  7312.030	     0.035	[mu,kappa]: [(35.288,66.616),6.948]
	  6763.404	     0.032	[mu,kappa]: [(38.075,354.226),1.953]
	 48774.429	     0.231	[mu,kappa]: [(39.684,86.907),119.910]
	 17241.801	     0.082	[mu,kappa]: [(123.636,304.402),2.880]
	  6439.837	     0.030	[mu,kappa]: [(30.422,40.990),3.575]
	 30380.848	     0.144	[mu,kappa]: [(133.752,300.682),4.560]
			msglen: 1441945.324 bits.
Iteration #: 7
	  6837.121	     0.032	[mu,kappa]: [(30.323,46.333),4.190]
	  6715.399	     0.032	[mu,kappa]: [(27.526,26.508),3.403]
	 74751.144	     0.354	[mu,kappa]: [(39.877,87.440),209.820]
	  8032.575	     0.038	[mu,kappa]: [(38.452,70.478),8.219]
	  7783.961	     0.037	[mu,kappa]: [(37.523,67.983),7.252]
	  7066.726	     0.033	[mu,kappa]: [(35.146,341.537),2.429]
	 46999.774	     0.222	[mu,kappa]: [(39.710,86.945),127.583]
	 16238.669	     0.077	[mu,kappa]: [(122.864,303.346),3.064]
	  6730.059	     0.032	[mu,kappa]: [(28.492,36.596),3.734]
	 30276.572	     0.143	[mu,kappa]: [(137.134,300.679),5.306]
			msglen: 1434768.835 bits.
Iteration #: 8
	  6999.824	     0.033	[mu,kappa]: [(30.201,46.888),4.197]
	  6945.069	     0.033	[mu,kappa]: [(25.416,19.361),3.541]
	 74563.812	     0.353	[mu,kappa]: [(39.933,87.554),245.653]
	  8864.460	     0.042	[mu,kappa]: [(41.828,72.666),9.009]
	  8424.232	     0.040	[mu,kappa]: [(40.876,70.466),7.796]
	  7648.325	     0.036	[mu,kappa]: [(35.376,327.412),3.046]
	 45473.132	     0.215	[mu,kappa]: [(39.651,86.879),123.036]
	 15501.146	     0.073	[mu,kappa]: [(120.309,302.408),3.170]
	  6908.143	     0.033	[mu,kappa]: [(27.010,33.739),3.788]
	 30103.857	     0.142	[mu,kappa]: [(140.102,301.197),5.955]
			msglen: 1428697.092 bits.
Iteration #: 9
	  6841.546	     0.032	[mu,kappa]: [(30.954,48.216),4.199]
	  6865.754	     0.032	[mu,kappa]: [(23.978,11.297),3.734]
	 74591.717	     0.353	[mu,kappa]: [(39.983,87.644),281.536]
	  9605.936	     0.045	[mu,kappa]: [(45.062,74.158),9.971]
	  8934.188	     0.042	[mu,kappa]: [(44.362,72.245),8.446]
	  8327.517	     0.039	[mu,kappa]: [(37.932,315.718),4.044]
	 44580.496	     0.211	[mu,kappa]: [(39.488,86.784),113.812]
	 14983.268	     0.071	[mu,kappa]: [(116.653,301.239),3.325]
	  6754.452	     0.032	[mu,kappa]: [(26.057,31.241),3.856]
	 29947.126	     0.142	[mu,kappa]: [(142.848,302.062),6.547]
			msglen: 1422542.514 bits.
Iteration #: 10
	  6510.964	     0.031	[mu,kappa]: [(32.668,50.290),4.213]
	  6548.927	     0.031	[mu,kappa]: [(22.902,4.894),4.084]
	 74775.508	     0.354	[mu,kappa]: [(40.039,87.706),315.878]
	 10106.586	     0.048	[mu,kappa]: [(47.659,74.855),10.820]
	  9251.947	     0.044	[mu,kappa]: [(47.447,73.044),8.903]
	  9109.707	     0.043	[mu,kappa]: [(40.558,308.721),5.510]
	 44306.045	     0.210	[mu,kappa]: [(39.192,86.706),103.917]
	 14645.525	     0.069	[mu,kappa]: [(112.738,299.734),3.648]
	  6378.261	     0.030	[mu,kappa]: [(25.561,30.449),4.005]
	 29798.530	     0.141	[mu,kappa]: [(145.372,303.239),7.061]
			msglen: 1416911.177 bits.
Iteration #: 11
	  6186.158	     0.029	[mu,kappa]: [(35.333,52.595),4.201]
	  6154.761	     0.029	[mu,kappa]: [(21.574,1.776),4.717]
	 74992.811	     0.355	[mu,kappa]: [(40.110,87.740),345.214]
	 10255.491	     0.049	[mu,kappa]: [(49.661,75.012),11.479]
	  9326.173	     0.044	[mu,kappa]: [(50.224,73.026),8.994]
	  9807.545	     0.046	[mu,kappa]: [(42.099,305.564),7.038]
	 44589.983	     0.211	[mu,kappa]: [(38.774,86.671),95.475]
	 14544.082	     0.069	[mu,kappa]: [(109.059,297.819),4.314]
	  5950.416	     0.028	[mu,kappa]: [(25.206,31.728),4.300]
	 29624.580	     0.140	[mu,kappa]: [(147.631,304.705),7.456]
			msglen: 1412047.261 bits.
Iteration #: 12
	  5941.952	     0.028	[mu,kappa]: [(39.007,54.332),4.092]
	  5898.244	     0.028	[mu,kappa]: [(19.706,0.984),5.870]
	 75195.143	     0.356	[mu,kappa]: [(40.194,87.748),367.250]
	 10083.000	     0.048	[mu,kappa]: [(51.338,74.953),12.189]
	  9189.799	     0.043	[mu,kappa]: [(53.184,72.448),8.775]
	 10165.597	     0.048	[mu,kappa]: [(42.510,304.537),8.257]
	 45236.445	     0.214	[mu,kappa]: [(38.301,86.681),89.141]
	 14757.919	     0.070	[mu,kappa]: [(105.854,295.743),5.581]
	  5600.910	     0.026	[mu,kappa]: [(24.382,33.417),4.838]
	 29362.991	     0.139	[mu,kappa]: [(149.734,306.509),7.772]
			msglen: 1407094.017 bits.
Iteration #: 13
	  5699.861	     0.027	[mu,kappa]: [(43.991,55.233),3.914]
	  5931.787	     0.028	[mu,kappa]: [(17.587,1.182),7.747]
	 75420.038	     0.357	[mu,kappa]: [(40.283,87.739),381.771]
	  9716.304	     0.046	[mu,kappa]: [(52.820,74.965),13.502]
	  8912.561	     0.042	[mu,kappa]: [(56.671,71.501),8.472]
	 10218.383	     0.048	[mu,kappa]: [(42.268,304.469),9.263]
	 45980.186	     0.217	[mu,kappa]: [(37.841,86.718),84.727]
	 15249.227	     0.072	[mu,kappa]: [(103.578,294.152),7.445]
	  5343.058	     0.025	[mu,kappa]: [(22.607,33.992),5.817]
	 28960.595	     0.137	[mu,kappa]: [(151.589,308.333),8.193]
			msglen: 1402133.177 bits.
Iteration #: 14
	  5373.168	     0.025	[mu,kappa]: [(50.511,55.528),3.765]
	  6242.139	     0.030	[mu,kappa]: [(15.734,2.484),9.966]
	 75714.695	     0.358	[mu,kappa]: [(40.369,87.720),389.962]
	  9348.895	     0.044	[mu,kappa]: [(54.086,75.296),16.323]
	  8537.864	     0.040	[mu,kappa]: [(60.578,70.332),8.290]
	 10184.558	     0.048	[mu,kappa]: [(42.152,304.695),10.162]
	 46587.791	     0.220	[mu,kappa]: [(37.429,86.769),81.876]
	 15759.128	     0.075	[mu,kappa]: [(102.365,293.411),9.027]
	  5186.918	     0.025	[mu,kappa]: [(20.331,33.686),7.367]
	 28496.843	     0.135	[mu,kappa]: [(152.830,309.370),8.813]
			msglen: 1398081.999 bits.
Iteration #: 15
	  5008.651	     0.024	[mu,kappa]: [(58.441,55.422),3.698]
	  6619.189	     0.031	[mu,kappa]: [(14.393,5.153),11.857]
	 76085.798	     0.360	[mu,kappa]: [(40.446,87.697),393.534]
	  9241.559	     0.044	[mu,kappa]: [(55.068,76.082),22.254]
	  8073.860	     0.038	[mu,kappa]: [(64.469,68.985),8.222]
	 10202.848	     0.048	[mu,kappa]: [(42.479,304.930),10.888]
	 46872.610	     0.222	[mu,kappa]: [(37.053,86.840),80.489]
	 16087.715	     0.076	[mu,kappa]: [(101.834,293.176),9.848]
	  5155.781	     0.024	[mu,kappa]: [(18.474,33.472),9.202]
	 28083.989	     0.133	[mu,kappa]: [(153.399,309.469),9.446]
			msglen: 1394443.022 bits.
Iteration #: 16
	  4688.338	     0.022	[mu,kappa]: [(66.949,55.149),3.732]
	  6890.841	     0.033	[mu,kappa]: [(13.612,8.462),13.122]
	 76513.973	     0.362	[mu,kappa]: [(40.513,87.673),394.181]
	  9674.581	     0.046	[mu,kappa]: [(55.596,77.224),34.103]
	  7501.624	     0.035	[mu,kappa]: [(67.959,67.378),8.145]
	 10297.489	     0.049	[mu,kappa]: [(42.911,305.188),11.389]
	 46660.116	     0.221	[mu,kappa]: [(36.658,86.949),80.893]
	 16280.221	     0.077	[mu,kappa]: [(101.682,293.120),10.182]
	  5198.876	     0.025	[mu,kappa]: [(17.362,33.521),10.838]
	 27725.942	     0.131	[mu,kappa]: [(153.578,309.121),9.972]
			msglen: 1390405.140 bits.
Iteration #: 17
	  4450.191	     0.021	[mu,kappa]: [(75.117,55.261),3.856]
	  7020.368	     0.033	[mu,kappa]: [(13.305,11.504),13.793]
	 76998.685	     0.364	[mu,kappa]: [(40.574,87.650),393.318]
	 10756.908	     0.051	[mu,kappa]: [(55.454,78.327),52.914]
	  6914.852	     0.033	[mu,kappa]: [(70.988,65.585),8.088]
	 10451.326	     0.049	[mu,kappa]: [(43.165,305.481),11.658]
	 45780.449	     0.217	[mu,kappa]: [(36.171,87.121),83.811]
	 16408.007	     0.078	[mu,kappa]: [(101.720,293.112),10.311]
	  5246.775	     0.025	[mu,kappa]: [(16.856,33.533),11.995]
	 27404.439	     0.130	[mu,kappa]: [(153.600,308.671),10.397]
			msglen: 1386289.548 bits.
Iteration #: 18
	  4324.436	     0.020	[mu,kappa]: [(82.316,56.323),4.058]
	  7067.156	     0.033	[mu,kappa]: [(13.311,14.023),14.052]
	 77579.807	     0.367	[mu,kappa]: [(40.640,87.624),391.855]
	 12127.320	     0.057	[mu,kappa]: [(54.757,79.134),72.215]
	  6548.906	     0.031	[mu,kappa]: [(73.171,64.167),8.272]
	 10630.560	     0.050	[mu,kappa]: [(43.214,305.785),11.739]
	 44243.222	     0.209	[mu,kappa]: [(35.569,87.361),89.691]
	 16510.785	     0.078	[mu,kappa]: [(101.833,293.117),10.362]
	  5289.828	     0.025	[mu,kappa]: [(16.742,33.445),12.654]
	 27109.981	     0.128	[mu,kappa]: [(153.566,308.240),10.757]
			msglen: 1382872.073 bits.
Iteration #: 19
	  4310.854	     0.020	[mu,kappa]: [(88.366,58.140),4.307]
	  7095.669	     0.034	[mu,kappa]: [(13.494,16.218),14.071]
	 78269.466	     0.370	[mu,kappa]: [(40.715,87.594),390.465]
	 13408.857	     0.063	[mu,kappa]: [(53.865,79.732),87.086]
	  6469.682	     0.031	[mu,kappa]: [(73.876,63.472),8.788]
	 10805.122	     0.051	[mu,kappa]: [(43.139,306.068),11.702]
	 42276.121	     0.200	[mu,kappa]: [(34.890,87.654),98.619]
	 16603.862	     0.079	[mu,kappa]: [(101.966,293.129),10.381]
	  5346.130	     0.025	[mu,kappa]: [(16.883,33.343),12.921]
	 26846.238	     0.127	[mu,kappa]: [(153.521,307.875),11.064]
			msglen: 1379758.265 bits.
Iteration #: 20
	  4355.018	     0.021	[mu,kappa]: [(93.737,60.050),4.557]
	  7132.574	     0.034	[mu,kappa]: [(13.736,18.287),13.985]
	 79020.548	     0.374	[mu,kappa]: [(40.789,87.565),390.149]
	 14528.633	     0.069	[mu,kappa]: [(53.007,80.207),98.236]
	  6579.380	     0.031	[mu,kappa]: [(73.202,63.259),9.611]
	 10955.046	     0.052	[mu,kappa]: [(43.016,306.289),11.618]
	 40138.892	     0.190	[mu,kappa]: [(34.193,87.982),111.112]
	 16689.457	     0.079	[mu,kappa]: [(102.099,293.143),10.385]
	  5419.099	     0.026	[mu,kappa]: [(17.159,33.286),12.945]
	 26613.353	     0.126	[mu,kappa]: [(153.475,307.579),11.327]
			msglen: 1376641.456 bits.
Iteration #: 21
	  4400.756	     0.021	[mu,kappa]: [(98.892,61.622),4.814]
	  7192.588	     0.034	[mu,kappa]: [(13.944,20.458),13.893]
	 79760.771	     0.377	[mu,kappa]: [(40.845,87.543),391.677]
	 15434.352	     0.073	[mu,kappa]: [(52.261,80.589),107.039]
	  6827.171	     0.032	[mu,kappa]: [(71.785,63.307),10.702]
	 11075.787	     0.052	[mu,kappa]: [(42.886,306.438),11.529]
	 38065.196	     0.180	[mu,kappa]: [(33.561,88.313),127.255]
	 16766.673	     0.079	[mu,kappa]: [(102.224,293.159),10.381]
	  5512.335	     0.026	[mu,kappa]: [(17.472,33.376),12.856]
	 26396.372	     0.125	[mu,kappa]: [(153.419,307.309),11.570]
			msglen: 1373741.187 bits.
Iteration #: 22
	  4410.310	     0.021	[mu,kappa]: [(103.905,62.683),5.109]
	  7284.991	     0.034	[mu,kappa]: [(14.074,22.966),13.850]
	 80423.062	     0.380	[mu,kappa]: [(40.873,87.532),394.979]
	 16094.145	     0.076	[mu,kappa]: [(51.640,80.903),114.362]
	  7198.525	     0.034	[mu,kappa]: [(70.297,63.565),11.898]
	 11175.065	     0.053	[mu,kappa]: [(42.767,306.535),11.455]
	 36196.966	     0.171	[mu,kappa]: [(33.066,88.610),145.579]
	 16835.931	     0.080	[mu,kappa]: [(102.338,293.176),10.375]
	  5630.655	     0.027	[mu,kappa]: [(17.770,33.717),12.732]
	 26182.350	     0.124	[mu,kappa]: [(153.344,307.025),11.810]
			msglen: 1371411.900 bits.
Iteration #: 23
	  4371.967	     0.021	[mu,kappa]: [(108.625,63.204),5.454]
	  7404.283	     0.035	[mu,kappa]: [(14.129,25.934),13.882]
	 80958.218	     0.383	[mu,kappa]: [(40.869,87.533),399.222]
	 16556.674	     0.078	[mu,kappa]: [(51.127,81.172),120.919]
	  7664.363	     0.036	[mu,kappa]: [(69.130,64.012),12.947]
	 11264.712	     0.053	[mu,kappa]: [(42.660,306.615),11.399]
	 34573.264	     0.164	[mu,kappa]: [(32.725,88.844),163.469]
	 16898.541	     0.080	[mu,kappa]: [(102.437,293.195),10.368]
	  5768.297	     0.027	[mu,kappa]: [(18.052,34.295),12.597]
	 25971.681	     0.123	[mu,kappa]: [(153.256,306.725),12.051]
			msglen: 1369753.915 bits.
Iteration #: 24
	  4295.203	     0.020	[mu,kappa]: [(112.942,63.260),5.834]
	  7530.910	     0.036	[mu,kappa]: [(14.132,29.317),14.007]
	 81338.969	     0.385	[mu,kappa]: [(40.839,87.545),403.533]
	 16910.225	     0.080	[mu,kappa]: [(50.696,81.414),127.272]
	  8181.091	     0.039	[mu,kappa]: [(68.367,64.571),13.703]
	 11354.903	     0.054	[mu,kappa]: [(42.554,306.700),11.361]
	 33186.860	     0.157	[mu,kappa]: [(32.507,89.014),178.874]
	 16955.758	     0.080	[mu,kappa]: [(102.522,293.215),10.360]
	  5907.332	     0.028	[mu,kappa]: [(18.353,34.929),12.444]
	 25770.750	     0.122	[mu,kappa]: [(153.167,306.427),12.283]
			msglen: 1368603.470 bits.
Iteration #: 25
	  4198.471	     0.020	[mu,kappa]: [(116.854,62.983),6.229]
	  7644.651	     0.036	[mu,kappa]: [(14.096,33.023),14.252]
	 81565.290	     0.386	[mu,kappa]: [(40.794,87.563),407.531]
	 17223.369	     0.081	[mu,kappa]: [(50.328,81.636),133.697]
	  8708.385	     0.041	[mu,kappa]: [(67.933,65.148),14.160]
	 11451.475	     0.054	[mu,kappa]: [(42.434,306.799),11.335]
	 32020.333	     0.151	[mu,kappa]: [(32.365,89.130),191.145]
	 17008.575	     0.080	[mu,kappa]: [(102.594,293.235),10.352]
	  6028.608	     0.029	[mu,kappa]: [(18.720,35.355),12.253]
	 25582.843	     0.121	[mu,kappa]: [(153.082,306.143),12.498]
			msglen: 1367758.536 bits.
Iteration #: 26
	  4100.257	     0.019	[mu,kappa]: [(120.391,62.506),6.629]
	  7734.260	     0.037	[mu,kappa]: [(14.017,37.044),14.663]
	 81658.610	     0.386	[mu,kappa]: [(40.743,87.586),411.223]
	 17533.092	     0.083	[mu,kappa]: [(50.007,81.839),140.190]
	  9215.688	     0.044	[mu,kappa]: [(67.720,65.667),14.380]
	 11555.818	     0.055	[mu,kappa]: [(42.291,306.914),11.317]
	 31048.494	     0.147	[mu,kappa]: [(32.266,89.210),200.573]
	 17057.891	     0.081	[mu,kappa]: [(102.653,293.254),10.344]
	  6120.454	     0.029	[mu,kappa]: [(19.199,35.324),12.006]
	 25407.436	     0.120	[mu,kappa]: [(153.000,305.874),12.696]
			msglen: 1367083.800 bits.
Iteration #: 27
	  4013.788	     0.019	[mu,kappa]: [(123.568,61.931),7.029]
	  7797.766	     0.037	[mu,kappa]: [(13.881,41.518),15.323]
	 81647.924	     0.386	[mu,kappa]: [(40.689,87.610),414.711]
	 17856.391	     0.084	[mu,kappa]: [(49.724,82.024),146.579]
	  9682.993	     0.046	[mu,kappa]: [(67.639,66.099),14.437]
	 11666.510	     0.055	[mu,kappa]: [(42.115,307.036),11.305]
	 30239.732	     0.143	[mu,kappa]: [(32.190,89.266),207.754]
	 17104.542	     0.081	[mu,kappa]: [(102.699,293.273),10.335]
	  6179.319	     0.029	[mu,kappa]: [(19.843,34.644),11.693]
	 25243.034	     0.119	[mu,kappa]: [(152.918,305.616),12.878]
			msglen: 1366493.571 bits.
Iteration #: 28
	  3945.842	     0.019	[mu,kappa]: [(126.392,61.318),7.424]
	  7839.486	     0.037	[mu,kappa]: [(13.696,46.690),16.374]
	 81560.295	     0.386	[mu,kappa]: [(40.637,87.634),418.064]
	 18199.599	     0.086	[mu,kappa]: [(49.474,82.190),152.649]
	 10099.357	     0.048	[mu,kappa]: [(67.630,66.447),14.392]
	 11780.988	     0.056	[mu,kappa]: [(41.903,307.155),11.300]
	 29560.968	     0.140	[mu,kappa]: [(32.129,89.306),213.304]
	 17149.313	     0.081	[mu,kappa]: [(102.730,293.291),10.324]
	  6207.364	     0.029	[mu,kappa]: [(20.724,33.179),11.317]
	 25088.789	     0.119	[mu,kappa]: [(152.837,305.369),13.048]
			msglen: 1365915.693 bits.
Iteration #: 29
	  3898.406	     0.018	[mu,kappa]: [(128.870,60.694),7.801]
	  7867.585	     0.037	[mu,kappa]: [(13.511,52.801),18.056]
	 81417.209	     0.385	[mu,kappa]: [(40.587,87.657),421.301]
	 18563.375	     0.088	[mu,kappa]: [(49.253,82.339),158.217]
	 10459.791	     0.049	[mu,kappa]: [(67.656,66.738),14.297]
	 11896.226	     0.056	[mu,kappa]: [(41.645,307.247),11.306]
	 28980.864	     0.137	[mu,kappa]: [(32.079,89.334),217.807]
	 17193.135	     0.081	[mu,kappa]: [(102.745,293.310),10.312]
	  6210.796	     0.029	[mu,kappa]: [(21.923,30.880),10.913]
	 24944.613	     0.118	[mu,kappa]: [(152.755,305.132),13.204]
			msglen: 1365271.518 bits.
Iteration #: 30
	  3870.904	     0.018	[mu,kappa]: [(131.014,60.073),8.148]
	  7891.674	     0.037	[mu,kappa]: [(13.433,59.848),20.747]
	 81233.499	     0.384	[mu,kappa]: [(40.540,87.680),424.415]
	 18945.869	     0.090	[mu,kappa]: [(49.054,82.471),163.161]
	 10763.000	     0.051	[mu,kappa]: [(67.696,67.004),14.197]
	 12008.807	     0.057	[mu,kappa]: [(41.322,307.282),11.330]
	 28470.538	     0.135	[mu,kappa]: [(32.044,89.354),221.858]
	 17237.414	     0.082	[mu,kappa]: [(102.743,293.330),10.298]
	  6199.470	     0.029	[mu,kappa]: [(23.495,27.858),10.553]
	 24810.824	     0.117	[mu,kappa]: [(152.673,304.905),13.349]
			msglen: 1364481.326 bits.
Iteration #: 31
	  3861.754	     0.018	[mu,kappa]: [(132.842,59.460),8.455]
	  7917.887	     0.037	[mu,kappa]: [(13.595,67.278),24.974]
	 81016.567	     0.383	[mu,kappa]: [(40.496,87.700),427.403]
	 19344.329	     0.091	[mu,kappa]: [(48.875,82.587),167.410]
	 11012.335	     0.052	[mu,kappa]: [(67.733,67.270),14.120]
	 12115.390	     0.057	[mu,kappa]: [(40.911,307.226),11.373]
	 28004.452	     0.132	[mu,kappa]: [(32.028,89.366),226.109]
	 17284.334	     0.082	[mu,kappa]: [(102.720,293.355),10.281]
	  6187.069	     0.029	[mu,kappa]: [(25.368,24.444),10.343]
	 24687.883	     0.117	[mu,kappa]: [(152.593,304.689),13.481]
			msglen: 1363506.516 bits.
Iteration #: 32
	  3869.009	     0.018	[mu,kappa]: [(134.375,58.863),8.712]
	  7941.830	     0.038	[mu,kappa]: [(14.059,74.046),31.237]
	 80765.041	     0.382	[mu,kappa]: [(40.457,87.720),430.284]
	 19754.409	     0.093	[mu,kappa]: [(48.712,82.688),170.940]
	 11219.375	     0.053	[mu,kappa]: [(67.751,67.537),14.076]
	 12213.618	     0.058	[mu,kappa]: [(40.387,307.064),11.427]
	 27565.517	     0.130	[mu,kappa]: [(32.039,89.372),231.196]
	 17336.739	     0.082	[mu,kappa]: [(102.672,293.386),10.259]
	  6190.144	     0.029	[mu,kappa]: [(27.269,21.124),10.373]
	 24576.318	     0.116	[mu,kappa]: [(152.514,304.484),13.600]
			msglen: 1362408.896 bits.
Iteration #: 33
	  3890.156	     0.018	[mu,kappa]: [(135.636,58.292),8.914]
	  7949.388	     0.038	[mu,kappa]: [(14.748,79.302),39.639]
	 80467.956	     0.381	[mu,kappa]: [(40.423,87.737),433.133]
	 20168.003	     0.095	[mu,kappa]: [(48.561,82.775),173.791]
	 11403.907	     0.054	[mu,kappa]: [(67.733,67.775),14.049]
	 12301.837	     0.058	[mu,kappa]: [(39.755,306.826),11.472]
	 27154.533	     0.128	[mu,kappa]: [(32.080,89.371),237.507]
	 17397.048	     0.082	[mu,kappa]: [(102.593,293.426),10.231]
	  6222.422	     0.029	[mu,kappa]: [(28.803,18.341),10.644]
	 24476.749	     0.116	[mu,kappa]: [(152.439,304.291),13.706]
			msglen: 1361338.706 bits.
Iteration #: 34
	  3921.554	     0.019	[mu,kappa]: [(136.662,57.760),9.061]
	  7932.810	     0.038	[mu,kappa]: [(15.521,82.955),49.674]
	 80109.137	     0.379	[mu,kappa]: [(40.395,87.752),436.079]
	 20573.610	     0.097	[mu,kappa]: [(48.422,82.853),176.087]
	 11584.683	     0.055	[mu,kappa]: [(67.668,67.949),14.009]
	 12376.808	     0.059	[mu,kappa]: [(39.062,306.585),11.492]
	 26791.943	     0.127	[mu,kappa]: [(32.148,89.365),244.947]
	 17465.256	     0.083	[mu,kappa]: [(102.481,293.473),10.193]
	  6286.362	     0.030	[mu,kappa]: [(29.704,16.297),11.057]
	 24389.837	     0.115	[mu,kappa]: [(152.366,304.109),13.800]
			msglen: 1360421.565 bits.
Iteration #: 35
	  3958.500	     0.019	[mu,kappa]: [(137.501,57.277),9.164]
	  7901.350	     0.037	[mu,kappa]: [(16.268,85.408),60.524]
	 79679.074	     0.377	[mu,kappa]: [(40.373,87.765),439.254]
	 20960.835	     0.099	[mu,kappa]: [(48.294,82.923),178.004]
	 11769.408	     0.056	[mu,kappa]: [(67.559,68.045),13.939]
	 12432.763	     0.059	[mu,kappa]: [(38.381,306.419),11.483]
	 26501.719	     0.125	[mu,kappa]: [(32.235,89.356),253.035]
	 17537.638	     0.083	[mu,kappa]: [(102.340,293.525),10.148]
	  6374.662	     0.030	[mu,kappa]: [(29.969,14.940),11.480]
	 24316.051	     0.115	[mu,kappa]: [(152.296,303.939),13.881]
			msglen: 1359691.009 bits.
Iteration #: 36
	  3996.470	     0.019	[mu,kappa]: [(138.201,56.849),9.237]
	  7869.928	     0.037	[mu,kappa]: [(16.943,87.078),71.460]
	 79182.701	     0.375	[mu,kappa]: [(40.358,87.776),442.730]
	 21323.837	     0.101	[mu,kappa]: [(48.178,82.989),179.693]
	 11955.606	     0.057	[mu,kappa]: [(67.419,68.076),13.836]
	 12464.788	     0.059	[mu,kappa]: [(37.779,306.364),11.450]
	 26294.697	     0.124	[mu,kappa]: [(32.330,89.347),261.245]
	 17607.837	     0.083	[mu,kappa]: [(102.182,293.574),10.099]
	  6480.818	     0.031	[mu,kappa]: [(29.756,14.098),11.817]
	 24255.317	     0.115	[mu,kappa]: [(152.228,303.781),13.949]
			msglen: 1359121.923 bits.
Iteration #: 37
	  4032.413	     0.019	[mu,kappa]: [(138.803,56.472),9.293]
	  7848.036	     0.037	[mu,kappa]: [(17.536,88.236),81.988]
	 78634.844	     0.372	[mu,kappa]: [(40.347,87.786),446.500]
	 21660.924	     0.102	[mu,kappa]: [(48.072,83.050),181.248]
	 12137.350	     0.057	[mu,kappa]: [(67.266,68.067),13.714]
	 12470.980	     0.059	[mu,kappa]: [(37.294,306.406),11.406]
	 26167.740	     0.124	[mu,kappa]: [(32.429,89.339),269.209]
	 17669.490	     0.084	[mu,kappa]: [(102.018,293.617),10.050]
	  6603.407	     0.031	[mu,kappa]: [(29.233,13.607),12.033]
	 24206.817	     0.114	[mu,kappa]: [(152.161,303.635),14.006]
			msglen: 1358676.792 bits.
Iteration #: 38
	  4064.953	     0.019	[mu,kappa]: [(139.332,56.139),9.341]
	  7838.754	     0.037	[mu,kappa]: [(18.050,89.042),91.784]
	 78052.224	     0.369	[mu,kappa]: [(40.341,87.794),450.509]
	 21972.810	     0.104	[mu,kappa]: [(47.977,83.106),182.712]
	 12309.503	     0.058	[mu,kappa]: [(67.113,68.040),13.586]
	 12451.828	     0.059	[mu,kappa]: [(36.940,306.512),11.357]
	 26110.907	     0.123	[mu,kappa]: [(32.529,89.332),276.731]
	 17718.181	     0.084	[mu,kappa]: [(101.862,293.650),10.007]
	  6743.788	     0.032	[mu,kappa]: [(28.531,13.343),12.137]
	 24169.051	     0.114	[mu,kappa]: [(152.096,303.503),14.052]
			msglen: 1358324.196 bits.
Iteration #: 39
	  4093.855	     0.019	[mu,kappa]: [(139.803,55.841),9.386]
	  7841.418	     0.037	[mu,kappa]: [(18.493,89.601),100.642]
	 77449.251	     0.366	[mu,kappa]: [(40.339,87.801),454.686]
	 22261.337	     0.105	[mu,kappa]: [(47.890,83.159),184.096]
	 12468.883	     0.059	[mu,kappa]: [(66.969,68.007),13.460]
	 12409.223	     0.059	[mu,kappa]: [(36.717,306.646),11.311]
	 26112.716	     0.124	[mu,kappa]: [(32.626,89.326),283.726]
	 17751.945	     0.084	[mu,kappa]: [(101.722,293.674),9.971]
	  6903.273	     0.033	[mu,kappa]: [(27.736,13.223),12.157]
	 24140.099	     0.114	[mu,kappa]: [(152.033,303.384),14.089]
			msglen: 1358040.071 bits.
Iteration #: 40
	  4119.425	     0.019	[mu,kappa]: [(140.227,55.572),9.429]
	  7854.114	     0.037	[mu,kappa]: [(18.878,89.987),108.475]
	 76837.191	     0.363	[mu,kappa]: [(40.340,87.807),458.964]
	 22528.735	     0.107	[mu,kappa]: [(47.811,83.207),185.393]
	 12614.157	     0.060	[mu,kappa]: [(66.839,67.975),13.343]
	 12345.827	     0.058	[mu,kappa]: [(36.618,306.780),11.272]
	 26162.094	     0.124	[mu,kappa]: [(32.721,89.321),290.175]
	 17770.848	     0.084	[mu,kappa]: [(101.603,293.690),9.944]
	  7081.690	     0.033	[mu,kappa]: [(26.905,13.186),12.126]
	 24117.919	     0.114	[mu,kappa]: [(151.972,303.277),14.120]
			msglen: 1357806.008 bits.
Iteration #: 41
	  4142.137	     0.020	[mu,kappa]: [(140.609,55.327),9.470]
	  7874.993	     0.037	[mu,kappa]: [(19.216,90.254),115.311]
	 76224.498	     0.361	[mu,kappa]: [(40.342,87.812),463.284]
	 22777.217	     0.108	[mu,kappa]: [(47.740,83.251),186.594]
	 12745.374	     0.060	[mu,kappa]: [(66.723,67.945),13.237]
	 12264.768	     0.058	[mu,kappa]: [(36.629,306.893),11.244]
	 26249.059	     0.124	[mu,kappa]: [(32.813,89.317),296.100]
	 17776.284	     0.084	[mu,kappa]: [(101.507,293.700),9.926]
	  7277.085	     0.034	[mu,kappa]: [(26.078,13.188),12.072]
	 24100.585	     0.114	[mu,kappa]: [(151.915,303.182),14.145]
			msglen: 1357608.399 bits.
Iteration #: 42
	  4162.447	     0.020	[mu,kappa]: [(140.953,55.104),9.509]
	  7902.682	     0.037	[mu,kappa]: [(19.516,90.439),121.251]
	 75617.284	     0.358	[mu,kappa]: [(40.347,87.816),467.603]
	 23008.763	     0.109	[mu,kappa]: [(47.675,83.291),187.687]
	 12863.445	     0.061	[mu,kappa]: [(66.623,67.918),13.142]
	 12169.419	     0.058	[mu,kappa]: [(36.733,306.973),11.228]
	 26365.136	     0.125	[mu,kappa]: [(32.902,89.314),301.547]
	 17770.326	     0.084	[mu,kappa]: [(101.435,293.705),9.917]
	  7486.080	     0.035	[mu,kappa]: [(25.283,13.192),12.017]
	 24086.418	     0.114	[mu,kappa]: [(151.862,303.096),14.166]
			msglen: 1357437.762 bits.
Iteration #: 43
	  4180.733	     0.020	[mu,kappa]: [(141.263,54.898),9.546]
	  7936.257	     0.038	[mu,kappa]: [(19.785,90.568),126.421]
	 75019.756	     0.355	[mu,kappa]: [(40.353,87.820),471.883]
	 23225.029	     0.110	[mu,kappa]: [(47.615,83.327),188.664]
	 12969.693	     0.061	[mu,kappa]: [(66.535,67.892),13.058]
	 12063.190	     0.057	[mu,kappa]: [(36.915,307.013),11.223]
	 26503.541	     0.125	[mu,kappa]: [(32.987,89.310),306.571]
	 17755.265	     0.084	[mu,kappa]: [(101.387,293.706),9.916]
	  7704.491	     0.036	[mu,kappa]: [(24.539,13.175),11.972]
	 24074.045	     0.114	[mu,kappa]: [(151.813,303.021),14.184]
			msglen: 1357287.752 bits.
Iteration #: 44
	  4197.285	     0.020	[mu,kappa]: [(141.544,54.710),9.581]
	  7975.115	     0.038	[mu,kappa]: [(20.031,90.659),130.935]
	 74434.660	     0.352	[mu,kappa]: [(40.360,87.823),476.101]
	 23427.339	     0.111	[mu,kappa]: [(47.561,83.360),189.523]
	 13065.528	     0.062	[mu,kappa]: [(66.457,67.868),12.982]
	 11949.328	     0.057	[mu,kappa]: [(37.158,307.010),11.228]
	 26659.074	     0.126	[mu,kappa]: [(33.069,89.307),311.223]
	 17733.318	     0.084	[mu,kappa]: [(101.360,293.704),9.920]
	  7927.959	     0.037	[mu,kappa]: [(23.856,13.116),11.942]
	 24062.396	     0.114	[mu,kappa]: [(151.769,302.954),14.200]
			msglen: 1357154.153 bits.
Iteration #: 45
	  4212.322	     0.020	[mu,kappa]: [(141.796,54.537),9.612]
	  8018.860	     0.038	[mu,kappa]: [(20.255,90.723),134.889]
	 73863.681	     0.349	[mu,kappa]: [(40.368,87.826),480.237]
	 23616.727	     0.112	[mu,kappa]: [(47.511,83.389),190.263]
	 13152.246	     0.062	[mu,kappa]: [(66.389,67.846),12.915]
	 11830.747	     0.056	[mu,kappa]: [(37.446,306.968),11.241]
	 26827.824	     0.127	[mu,kappa]: [(33.149,89.303),315.551]
	 17706.477	     0.084	[mu,kappa]: [(101.353,293.700),9.930]
	  8152.431	     0.039	[mu,kappa]: [(23.241,13.005),11.927]
	 24050.684	     0.114	[mu,kappa]: [(151.730,302.895),14.215]
			msglen: 1357034.088 bits.
Iteration #: 46
	  4226.012	     0.020	[mu,kappa]: [(142.024,54.379),9.641]
	  8067.214	     0.038	[mu,kappa]: [(20.462,90.767),138.353]
	 73307.772	     0.347	[mu,kappa]: [(40.378,87.827),484.281]
	 23794.006	     0.113	[mu,kappa]: [(47.465,83.415),190.889]
	 13230.941	     0.063	[mu,kappa]: [(66.327,67.824),12.854]
	 11709.927	     0.055	[mu,kappa]: [(37.769,306.888),11.261]
	 27006.850	     0.128	[mu,kappa]: [(33.226,89.300),319.593]
	 17676.451	     0.084	[mu,kappa]: [(101.363,293.696),9.944]
	  8374.468	     0.040	[mu,kappa]: [(22.695,12.834),11.925]
	 24038.359	     0.114	[mu,kappa]: [(151.697,302.843),14.230]
			msglen: 1356925.503 bits.
Iteration #: 47
	  4238.487	     0.020	[mu,kappa]: [(142.229,54.234),9.668]
	  8119.953	     0.038	[mu,kappa]: [(20.653,90.796),141.382]
	 72767.393	     0.344	[mu,kappa]: [(40.387,87.829),488.225]
	 23959.831	     0.113	[mu,kappa]: [(47.423,83.438),191.407]
	 13302.487	     0.063	[mu,kappa]: [(66.271,67.803),12.799]
	 11588.868	     0.055	[mu,kappa]: [(38.113,306.778),11.287]
	 27193.900	     0.129	[mu,kappa]: [(33.300,89.296),323.383]
	 17644.648	     0.083	[mu,kappa]: [(101.387,293.690),9.960]
	  8591.362	     0.041	[mu,kappa]: [(22.214,12.603),11.933]
	 24025.071	     0.114	[mu,kappa]: [(151.668,302.798),14.243]
			msglen: 1356826.845 bits.
Iteration #: 48
	  4249.860	     0.020	[mu,kappa]: [(142.414,54.102),9.692]
	  8176.868	     0.039	[mu,kappa]: [(20.830,90.814),144.018]
	 72242.680	     0.342	[mu,kappa]: [(40.398,87.830),492.064]
	 24114.759	     0.114	[mu,kappa]: [(47.385,83.459),191.825]
	 13367.566	     0.063	[mu,kappa]: [(66.220,67.784),12.749]
	 11469.099	     0.054	[mu,kappa]: [(38.470,306.642),11.315]
	 27387.209	     0.130	[mu,kappa]: [(33.372,89.292),326.948]
	 17612.191	     0.083	[mu,kappa]: [(101.425,293.685),9.979]
	  8801.144	     0.042	[mu,kappa]: [(21.796,12.313),11.946]
	 24010.625	     0.114	[mu,kappa]: [(151.645,302.759),14.257]
			msglen: 1356736.879 bits.
Iteration #: 49
	  4260.227	     0.020	[mu,kappa]: [(142.580,53.981),9.714]
	  8237.735	     0.039	[mu,kappa]: [(20.995,90.824),146.294]
	 71733.555	     0.339	[mu,kappa]: [(40.409,87.831),495.798]
	 24259.290	     0.115	[mu,kappa]: [(47.350,83.478),192.151]
	 13426.707	     0.064	[mu,kappa]: [(66.173,67.766),12.703]
	 11351.726	     0.054	[mu,kappa]: [(38.834,306.485),11.346]
	 27585.356	     0.130	[mu,kappa]: [(33.441,89.288),330.312]
	 17579.948	     0.083	[mu,kappa]: [(101.473,293.680),9.999]
	  9002.507	     0.043	[mu,kappa]: [(21.434,11.970),11.961]
	 23994.950	     0.113	[mu,kappa]: [(151.626,302.725),14.271]
			msglen: 1356654.574 bits.
Iteration #: 50
	  4269.677	     0.020	[mu,kappa]: [(142.730,53.870),9.734]
	  8302.299	     0.039	[mu,kappa]: [(21.149,90.826),148.239]
	 71239.808	     0.337	[mu,kappa]: [(40.421,87.831),499.425]
	 24393.893	     0.115	[mu,kappa]: [(47.317,83.494),192.395]
	 13480.333	     0.064	[mu,kappa]: [(66.130,67.750),12.662]
	 11237.498	     0.053	[mu,kappa]: [(39.198,306.314),11.377]
	 27787.174	     0.131	[mu,kappa]: [(33.509,89.284),333.496]
	 17548.556	     0.083	[mu,kappa]: [(101.530,293.675),10.019]
	  9194.700	     0.043	[mu,kappa]: [(21.124,11.578),11.977]
	 23978.062	     0.113	[mu,kappa]: [(151.612,302.696),14.285]
			msglen: 1356579.040 bits.
Iteration #: 51
	  4278.289	     0.020	[mu,kappa]: [(142.864,53.768),9.752]
	  8370.272	     0.040	[mu,kappa]: [(21.292,90.822),149.880]
	 70761.140	     0.335	[mu,kappa]: [(40.433,87.831),502.946]
	 24519.023	     0.116	[mu,kappa]: [(47.287,83.509),192.564]
	 13528.802	     0.064	[mu,kappa]: [(66.091,67.735),12.624]
	 11126.873	     0.053	[mu,kappa]: [(39.559,306.132),11.408]
	 27991.684	     0.132	[mu,kappa]: [(33.574,89.280),336.516]
	 17518.463	     0.083	[mu,kappa]: [(101.593,293.670),10.040]
	  9377.412	     0.044	[mu,kappa]: [(20.860,11.147),11.991]
	 23960.044	     0.113	[mu,kappa]: [(151.602,302.671),14.300]
			msglen: 1356509.498 bits.
Iteration #: 52
	  4286.135	     0.020	[mu,kappa]: [(142.985,53.676),9.768]
	  8441.332	     0.040	[mu,kappa]: [(21.426,90.813),151.243]
	 70297.201	     0.332	[mu,kappa]: [(40.445,87.831),506.362]
	 24635.126	     0.117	[mu,kappa]: [(47.260,83.522),192.667]
	 13572.431	     0.064	[mu,kappa]: [(66.055,67.721),12.590]
	 11020.092	     0.052	[mu,kappa]: [(39.913,305.942),11.438]
	 28198.049	     0.133	[mu,kappa]: [(33.636,89.276),339.389]
	 17489.956	     0.083	[mu,kappa]: [(101.663,293.666),10.061]
	  9550.659	     0.045	[mu,kappa]: [(20.636,10.681),12.002]
	 23941.017	     0.113	[mu,kappa]: [(151.595,302.650),14.314]
			msglen: 1356445.256 bits.
Iteration #: 53
	  4293.281	     0.020	[mu,kappa]: [(143.093,53.592),9.783]
	  8515.134	     0.040	[mu,kappa]: [(21.551,90.800),152.351]
	 69847.612	     0.330	[mu,kappa]: [(40.458,87.830),509.675]
	 24742.641	     0.117	[mu,kappa]: [(47.234,83.533),192.711]
	 13611.520	     0.064	[mu,kappa]: [(66.022,67.709),12.559]
	 10917.238	     0.052	[mu,kappa]: [(40.260,305.748),11.466]
	 28405.554	     0.134	[mu,kappa]: [(33.697,89.272),342.130]
	 17463.197	     0.083	[mu,kappa]: [(101.736,293.663),10.081]
	  9714.694	     0.046	[mu,kappa]: [(20.448,10.190),12.010]
	 23921.130	     0.113	[mu,kappa]: [(151.591,302.633),14.329]
			msglen: 1356385.704 bits.
Iteration #: 54
	  4299.787	     0.020	[mu,kappa]: [(143.190,53.515),9.796]
	  8591.316	     0.041	[mu,kappa]: [(21.669,90.784),153.230]
	 69411.972	     0.328	[mu,kappa]: [(40.471,87.829),512.887]
	 24842.000	     0.117	[mu,kappa]: [(47.211,83.543),192.702]
	 13646.362	     0.065	[mu,kappa]: [(65.993,67.699),12.531]
	 10818.282	     0.051	[mu,kappa]: [(40.597,305.553),11.493]
	 28613.576	     0.135	[mu,kappa]: [(33.756,89.268),344.752]
	 17438.246	     0.082	[mu,kappa]: [(101.813,293.660),10.101]
	  9869.920	     0.047	[mu,kappa]: [(20.290,9.678),12.014]
	 23900.539	     0.113	[mu,kappa]: [(151.591,302.619),14.343]
			msglen: 1356330.306 bits.
Iteration #: 55
	  4305.703	     0.020	[mu,kappa]: [(143.276,53.445),9.807]
	  8669.517	     0.041	[mu,kappa]: [(21.780,90.766),153.904]
	 68989.877	     0.326	[mu,kappa]: [(40.484,87.828),515.999]
	 24933.624	     0.118	[mu,kappa]: [(47.190,83.552),192.645]
	 13677.249	     0.065	[mu,kappa]: [(65.967,67.689),12.507]
	 10723.126	     0.051	[mu,kappa]: [(40.925,305.357),11.519]
	 28821.575	     0.136	[mu,kappa]: [(33.813,89.264),347.265]
	 17415.090	     0.082	[mu,kappa]: [(101.892,293.658),10.120]
	 10016.835	     0.047	[mu,kappa]: [(20.158,9.152),12.015]
	 23879.403	     0.113	[mu,kappa]: [(151.593,302.607),14.358]
			msglen: 1356278.596 bits.
Iteration #: 56
	  4311.077	     0.020	[mu,kappa]: [(143.353,53.382),9.818]
	  8749.379	     0.041	[mu,kappa]: [(21.884,90.745),154.396]
	 68580.916	     0.324	[mu,kappa]: [(40.498,87.826),519.013]
	 25017.919	     0.118	[mu,kappa]: [(47.171,83.559),192.547]
	 13704.471	     0.065	[mu,kappa]: [(65.943,67.681),12.484]
	 10631.632	     0.050	[mu,kappa]: [(41.243,305.162),11.542]
	 29029.084	     0.137	[mu,kappa]: [(33.869,89.261),349.680]
	 17393.665	     0.082	[mu,kappa]: [(101.972,293.656),10.139]
	 10155.984	     0.048	[mu,kappa]: [(20.049,8.617),12.013]
	 23857.873	     0.113	[mu,kappa]: [(151.597,302.598),14.373]
			msglen: 1356230.170 bits.
Iteration #: 57
	  4315.949	     0.020	[mu,kappa]: [(143.422,53.324),9.827]
	  8830.561	     0.042	[mu,kappa]: [(21.982,90.722),154.729]
	 68184.680	     0.322	[mu,kappa]: [(40.512,87.825),521.933]
	 25095.278	     0.119	[mu,kappa]: [(47.153,83.565),192.410]
	 13728.314	     0.065	[mu,kappa]: [(65.923,67.674),12.464]
	 10543.641	     0.050	[mu,kappa]: [(41.551,304.970),11.564]
	 29235.696	     0.138	[mu,kappa]: [(33.922,89.257),352.007]
	 17373.871	     0.082	[mu,kappa]: [(102.054,293.655),10.156]
	 10287.922	     0.049	[mu,kappa]: [(19.960,8.078),12.008]
	 23836.089	     0.113	[mu,kappa]: [(151.603,302.590),14.388]
			msglen: 1356184.680 bits.
Iteration #: 58
	  4320.355	     0.020	[mu,kappa]: [(143.484,53.271),9.835]
	  8912.743	     0.042	[mu,kappa]: [(22.076,90.698),154.924]
	 67800.765	     0.321	[mu,kappa]: [(40.526,87.823),524.759]
	 25166.077	     0.119	[mu,kappa]: [(47.137,83.570),192.240]
	 13749.059	     0.065	[mu,kappa]: [(65.905,67.667),12.447]
	 10458.988	     0.049	[mu,kappa]: [(41.850,304.780),11.583]
	 29441.061	     0.139	[mu,kappa]: [(33.975,89.254),354.254]
	 17355.586	     0.082	[mu,kappa]: [(102.136,293.655),10.173]
	 10413.194	     0.049	[mu,kappa]: [(19.888,7.537),12.001]
	 23814.174	     0.113	[mu,kappa]: [(151.611,302.585),14.402]
			msglen: 1356141.830 bits.
Iteration #: 59
	  4324.326	     0.020	[mu,kappa]: [(143.538,53.224),9.842]
	  8995.631	     0.043	[mu,kappa]: [(22.164,90.673),155.001]
	 67428.769	     0.319	[mu,kappa]: [(40.539,87.821),527.494]
	 25230.673	     0.119	[mu,kappa]: [(47.122,83.575),192.039]
	 13766.975	     0.065	[mu,kappa]: [(65.890,67.660),12.431]
	 10377.509	     0.049	[mu,kappa]: [(42.140,304.595),11.602]
	 29644.880	     0.140	[mu,kappa]: [(34.025,89.250),356.428]
	 17338.677	     0.082	[mu,kappa]: [(102.218,293.654),10.189]
	 10532.320	     0.050	[mu,kappa]: [(19.829,6.998),11.992]
	 23792.240	     0.113	[mu,kappa]: [(151.620,302.581),14.417]
			msglen: 1356101.363 bits.
Iteration #: 60
	  4327.892	     0.020	[mu,kappa]: [(143.587,53.181),9.848]
	  9078.959	     0.043	[mu,kappa]: [(22.248,90.647),154.976]
	 67068.297	     0.317	[mu,kappa]: [(40.553,87.818),530.140]
	 25289.406	     0.120	[mu,kappa]: [(47.109,83.578),191.811]
	 13782.319	     0.065	[mu,kappa]: [(65.877,67.654),12.416]
	 10299.053	     0.049	[mu,kappa]: [(42.421,304.413),11.619]
	 29846.899	     0.141	[mu,kappa]: [(34.074,89.247),358.535]
	 17323.010	     0.082	[mu,kappa]: [(102.299,293.655),10.205]
	 10645.788	     0.050	[mu,kappa]: [(19.783,6.463),11.981]
	 23770.378	     0.112	[mu,kappa]: [(151.630,302.579),14.431]
			msglen: 1356063.061 bits.
Iteration #: 61
	  4331.078	     0.020	[mu,kappa]: [(143.630,53.142),9.854]
	  9162.490	     0.043	[mu,kappa]: [(22.329,90.621),154.868]
	 66718.960	     0.316	[mu,kappa]: [(40.568,87.816),532.699]
	 25342.599	     0.120	[mu,kappa]: [(47.096,83.581),191.558]
	 13795.332	     0.065	[mu,kappa]: [(65.866,67.649),12.403]
	 10223.474	     0.048	[mu,kappa]: [(42.695,304.235),11.634]
	 30046.903	     0.142	[mu,kappa]: [(34.122,89.244),360.583]
	 17308.453	     0.082	[mu,kappa]: [(102.380,293.655),10.220]
	 10754.044	     0.051	[mu,kappa]: [(19.747,5.935),11.969]
	 23748.667	     0.112	[mu,kappa]: [(151.641,302.578),14.445]
			msglen: 1356026.736 bits.
Iteration #: 62
	  4333.910	     0.020	[mu,kappa]: [(143.669,53.107),9.859]
	  9246.017	     0.044	[mu,kappa]: [(22.405,90.594),154.689]
	 66380.377	     0.314	[mu,kappa]: [(40.582,87.813),535.173]
	 25390.558	     0.120	[mu,kappa]: [(47.086,83.583),191.284]
	 13806.238	     0.065	[mu,kappa]: [(65.857,67.643),12.391]
	 10150.642	     0.048	[mu,kappa]: [(42.960,304.062),11.648]
	 30244.714	     0.143	[mu,kappa]: [(34.168,89.241),362.575]
	 17294.877	     0.082	[mu,kappa]: [(102.461,293.656),10.234]
	 10857.499	     0.051	[mu,kappa]: [(19.719,5.414),11.956]
	 23727.167	     0.112	[mu,kappa]: [(151.653,302.578),14.459]
			msglen: 1355992.225 bits.
Iteration #: 63
	  4336.410	     0.021	[mu,kappa]: [(143.703,53.075),9.864]
	  9329.358	     0.044	[mu,kappa]: [(22.479,90.567),154.452]
	 66052.177	     0.312	[mu,kappa]: [(40.596,87.811),537.564]
	 25433.569	     0.120	[mu,kappa]: [(47.076,83.584),190.990]
	 13815.241	     0.065	[mu,kappa]: [(65.849,67.637),12.381]
	 10080.438	     0.048	[mu,kappa]: [(43.219,303.894),11.661]
	 30440.188	     0.144	[mu,kappa]: [(34.213,89.238),364.517]
	 17282.167	     0.082	[mu,kappa]: [(102.540,293.657),10.247]
	 10956.522	     0.052	[mu,kappa]: [(19.699,4.903),11.943]
	 23705.930	     0.112	[mu,kappa]: [(151.666,302.579),14.472]
			msglen: 1355959.385 bits.
Iteration #: 64
	  4338.600	     0.021	[mu,kappa]: [(143.734,53.046),9.868]
	  9412.356	     0.045	[mu,kappa]: [(22.550,90.540),154.168]
	 65733.994	     0.311	[mu,kappa]: [(40.610,87.808),539.876]
	 25471.908	     0.120	[mu,kappa]: [(47.067,83.585),190.678]
	 13822.529	     0.065	[mu,kappa]: [(65.844,67.632),12.371]
	 10012.752	     0.047	[mu,kappa]: [(43.471,303.730),11.673]
	 30633.208	     0.145	[mu,kappa]: [(34.256,89.235),366.412]
	 17270.212	     0.082	[mu,kappa]: [(102.619,293.658),10.260]
	 11051.447	     0.052	[mu,kappa]: [(19.685,4.401),11.929]
	 23684.993	     0.112	[mu,kappa]: [(151.679,302.581),14.486]
			msglen: 1355928.094 bits.
Iteration #: 65
	  4340.502	     0.021	[mu,kappa]: [(143.762,53.020),9.872]
	  9494.881	     0.045	[mu,kappa]: [(22.618,90.514),153.847]
	 65425.474	     0.309	[mu,kappa]: [(40.624,87.805),542.108]
	 25505.833	     0.121	[mu,kappa]: [(47.059,83.585),190.351]
	 13828.268	     0.065	[mu,kappa]: [(65.840,67.626),12.361]
	  9947.485	     0.047	[mu,kappa]: [(43.717,303.571),11.684]
	 30823.683	     0.146	[mu,kappa]: [(34.299,89.233),368.264]
	 17258.918	     0.082	[mu,kappa]: [(102.697,293.659),10.273]
	 11142.574	     0.053	[mu,kappa]: [(19.676,3.911),11.914]
	 23664.382	     0.112	[mu,kappa]: [(151.692,302.584),14.499]
			msglen: 1355898.241 bits.
Iteration #: 66
	  4342.135	     0.021	[mu,kappa]: [(143.788,52.996),9.876]
	  9576.818	     0.045	[mu,kappa]: [(22.683,90.487),153.496]
	 65126.272	     0.308	[mu,kappa]: [(40.638,87.802),544.265]
	 25535.587	     0.121	[mu,kappa]: [(47.053,83.584),190.009]
	 13832.611	     0.065	[mu,kappa]: [(65.837,67.620),12.352]
	  9884.547	     0.047	[mu,kappa]: [(43.956,303.416),11.695]
	 31011.544	     0.147	[mu,kappa]: [(34.340,89.230),370.076]
	 17248.195	     0.082	[mu,kappa]: [(102.773,293.660),10.285]
	 11230.172	     0.053	[mu,kappa]: [(19.671,3.432),11.900]
	 23644.117	     0.112	[mu,kappa]: [(151.706,302.587),14.511]
			msglen: 1355869.728 bits.
Iteration #: 67
	  4343.520	     0.021	[mu,kappa]: [(143.811,52.974),9.880]
	  9658.075	     0.046	[mu,kappa]: [(22.747,90.461),153.123]
	 64836.054	     0.307	[mu,kappa]: [(40.652,87.798),546.347]
	 25561.404	     0.121	[mu,kappa]: [(47.047,83.583),189.655]
	 13835.692	     0.065	[mu,kappa]: [(65.836,67.614),12.344]
	  9823.853	     0.046	[mu,kappa]: [(44.190,303.266),11.704]
	 31196.743	     0.148	[mu,kappa]: [(34.380,89.228),371.851]
	 17237.968	     0.082	[mu,kappa]: [(102.849,293.662),10.297]
	 11314.481	     0.054	[mu,kappa]: [(19.670,2.964),11.886]
	 23624.208	     0.112	[mu,kappa]: [(151.720,302.591),14.524]
			msglen: 1355842.471 bits.
Iteration #: 68
	  4344.675	     0.021	[mu,kappa]: [(143.832,52.954),9.884]
	  9738.574	     0.046	[mu,kappa]: [(22.808,90.435),152.734]
	 64554.495	     0.305	[mu,kappa]: [(40.667,87.795),548.357]
	 25583.503	     0.121	[mu,kappa]: [(47.041,83.582),189.290]
	 13837.631	     0.065	[mu,kappa]: [(65.836,67.607),12.336]
	  9765.327	     0.046	[mu,kappa]: [(44.419,303.120),11.712]
	 31379.247	     0.148	[mu,kappa]: [(34.419,89.225),373.590]
	 17228.169	     0.081	[mu,kappa]: [(102.923,293.664),10.308]
	 11395.717	     0.054	[mu,kappa]: [(19.672,2.509),11.871]
	 23604.661	     0.112	[mu,kappa]: [(151.734,302.595),14.536]
			msglen: 1355816.389 bits.
Iteration #: 69
	  4345.620	     0.021	[mu,kappa]: [(143.851,52.936),9.888]
	  9818.249	     0.046	[mu,kappa]: [(22.868,90.410),152.333]
	 64281.281	     0.304	[mu,kappa]: [(40.681,87.792),550.297]
	 25602.092	     0.121	[mu,kappa]: [(47.037,83.580),188.915]
	 13838.535	     0.065	[mu,kappa]: [(65.838,67.601),12.328]
	  9708.896	     0.046	[mu,kappa]: [(44.643,302.979),11.720]
	 31559.038	     0.149	[mu,kappa]: [(34.458,89.223),375.296]
	 17218.741	     0.081	[mu,kappa]: [(102.996,293.665),10.319]
	 11474.073	     0.054	[mu,kappa]: [(19.677,2.066),11.857]
	 23585.476	     0.112	[mu,kappa]: [(151.749,302.600),14.548]
			msglen: 1355791.412 bits.
Iteration #: 70
	  4346.372	     0.021	[mu,kappa]: [(143.870,52.919),9.892]
	  9897.049	     0.047	[mu,kappa]: [(22.926,90.385),151.924]
	 64016.107	     0.303	[mu,kappa]: [(40.695,87.788),552.169]
	 25617.368	     0.121	[mu,kappa]: [(47.033,83.577),188.531]
	 13838.497	     0.065	[mu,kappa]: [(65.840,67.594),12.320]
	  9654.492	     0.046	[mu,kappa]: [(44.862,302.842),11.727]
	 31736.110	     0.150	[mu,kappa]: [(34.495,89.221),376.970]
	 17209.632	     0.081	[mu,kappa]: [(103.068,293.667),10.330]
	 11549.722	     0.055	[mu,kappa]: [(19.684,1.634),11.843]
	 23566.650	     0.111	[mu,kappa]: [(151.763,302.605),14.559]
			msglen: 1355767.475 bits.
Iteration #: 71
	  4346.948	     0.021	[mu,kappa]: [(143.887,52.904),9.896]
	  9974.931	     0.047	[mu,kappa]: [(22.982,90.361),151.512]
	 63758.682	     0.302	[mu,kappa]: [(40.708,87.784),553.974]
	 25629.520	     0.121	[mu,kappa]: [(47.031,83.574),188.140]
	 13837.602	     0.065	[mu,kappa]: [(65.844,67.586),12.313]
	  9602.051	     0.045	[mu,kappa]: [(45.076,302.709),11.733]
	 31910.469	     0.151	[mu,kappa]: [(34.531,89.219),378.614]
	 17200.801	     0.081	[mu,kappa]: [(103.139,293.669),10.340]
	 11622.822	     0.055	[mu,kappa]: [(19.692,1.216),11.829]
	 23548.175	     0.111	[mu,kappa]: [(151.777,302.610),14.570]
			msglen: 1355744.521 bits.
Iteration #: 72
	  4347.364	     0.021	[mu,kappa]: [(143.904,52.889),9.900]
	 10051.861	     0.048	[mu,kappa]: [(23.036,90.337),151.098]
	 63508.722	     0.300	[mu,kappa]: [(40.722,87.781),555.716]
	 25638.724	     0.121	[mu,kappa]: [(47.028,83.571),187.741]
	 13835.923	     0.065	[mu,kappa]: [(65.848,67.579),12.305]
	  9551.510	     0.045	[mu,kappa]: [(45.285,302.580),11.739]
	 32082.128	     0.152	[mu,kappa]: [(34.566,89.217),380.229]
	 17192.210	     0.081	[mu,kappa]: [(103.209,293.670),10.350]
	 11693.513	     0.055	[mu,kappa]: [(19.702,0.809),11.815]
	 23530.044	     0.111	[mu,kappa]: [(151.792,302.615),14.581]
			msglen: 1355722.495 bits.
Iteration #: 73
	  4347.637	     0.021	[mu,kappa]: [(143.919,52.875),9.904]
	 10127.813	     0.048	[mu,kappa]: [(23.089,90.313),150.685]
	 63265.956	     0.299	[mu,kappa]: [(40.736,87.777),557.395]
	 25645.149	     0.121	[mu,kappa]: [(47.027,83.568),187.337]
	 13833.527	     0.065	[mu,kappa]: [(65.854,67.571),12.298]
	  9502.812	     0.045	[mu,kappa]: [(45.490,302.455),11.744]
	 32251.108	     0.153	[mu,kappa]: [(34.601,89.215),381.816]
	 17183.829	     0.081	[mu,kappa]: [(103.278,293.672),10.360]
	 11761.923	     0.056	[mu,kappa]: [(19.714,0.414),11.801]
	 23512.247	     0.111	[mu,kappa]: [(151.806,302.621),14.592]
			msglen: 1355701.348 bits.
Iteration #: 74
	  4347.781	     0.021	[mu,kappa]: [(143.935,52.862),9.908]
	 10202.765	     0.048	[mu,kappa]: [(23.141,90.290),150.276]
	 63030.121	     0.298	[mu,kappa]: [(40.750,87.773),559.013]
	 25648.955	     0.121	[mu,kappa]: [(47.025,83.564),186.927]
	 13830.472	     0.065	[mu,kappa]: [(65.860,67.563),12.291]
	  9455.899	     0.045	[mu,kappa]: [(45.691,302.334),11.748]
	 32417.436	     0.153	[mu,kappa]: [(34.634,89.213),383.376]
	 17175.632	     0.081	[mu,kappa]: [(103.345,293.674),10.370]
	 11828.167	     0.056	[mu,kappa]: [(19.726,0.031),11.788]
	 23494.772	     0.111	[mu,kappa]: [(151.820,302.626),14.603]
			msglen: 1355681.033 bits.
Iteration #: 75
	  4347.810	     0.021	[mu,kappa]: [(143.950,52.849),9.913]
	 10276.702	     0.049	[mu,kappa]: [(23.192,90.268),149.870]
	 62800.965	     0.297	[mu,kappa]: [(40.763,87.769),560.573]
	 25650.294	     0.121	[mu,kappa]: [(47.025,83.560),186.514]
	 13826.812	     0.065	[mu,kappa]: [(65.867,67.555),12.283]
	  9410.716	     0.045	[mu,kappa]: [(45.888,302.217),11.752]
	 32581.144	     0.154	[mu,kappa]: [(34.667,89.211),384.910]
	 17167.598	     0.081	[mu,kappa]: [(103.412,293.676),10.379]
	 11892.351	     0.056	[mu,kappa]: [(19.739,359.660),11.775]
	 23477.607	     0.111	[mu,kappa]: [(151.834,302.632),14.613]
			msglen: 1355661.508 bits.
Iteration #: 76
	  4347.738	     0.021	[mu,kappa]: [(143.965,52.837),9.917]
	 10349.613	     0.049	[mu,kappa]: [(23.241,90.246),149.471]
	 62578.247	     0.296	[mu,kappa]: [(40.777,87.766),562.076]
	 25649.310	     0.121	[mu,kappa]: [(47.025,83.556),186.096]
	 13822.593	     0.065	[mu,kappa]: [(65.875,67.546),12.276]
	  9367.210	     0.044	[mu,kappa]: [(46.081,302.103),11.755]
	 32742.267	     0.155	[mu,kappa]: [(34.699,89.209),386.418]
	 17159.709	     0.081	[mu,kappa]: [(103.477,293.678),10.388]
	 11954.571	     0.057	[mu,kappa]: [(19.752,359.300),11.763]
	 23460.742	     0.111	[mu,kappa]: [(151.847,302.638),14.623]
			msglen: 1355642.735 bits.
Iteration #: 77
	  4347.575	     0.021	[mu,kappa]: [(143.980,52.825),9.922]
	 10421.489	     0.049	[mu,kappa]: [(23.289,90.225),149.079]
	 62361.733	     0.295	[mu,kappa]: [(40.790,87.762),563.524]
	 25646.141	     0.121	[mu,kappa]: [(47.025,83.551),185.675]
	 13817.859	     0.065	[mu,kappa]: [(65.884,67.538),12.269]
	  9325.329	     0.044	[mu,kappa]: [(46.270,301.993),11.758]
	 32900.845	     0.156	[mu,kappa]: [(34.730,89.207),387.901]
	 17151.950	     0.081	[mu,kappa]: [(103.541,293.679),10.397]
	 12014.915	     0.057	[mu,kappa]: [(19.766,358.952),11.750]
	 23444.164	     0.111	[mu,kappa]: [(151.861,302.643),14.633]
			msglen: 1355624.675 bits.
Iteration #: 78
	  4347.334	     0.021	[mu,kappa]: [(143.995,52.814),9.927]
	 10492.325	     0.050	[mu,kappa]: [(23.336,90.204),148.694]
	 62151.202	     0.294	[mu,kappa]: [(40.804,87.758),564.919]
	 25640.915	     0.121	[mu,kappa]: [(47.026,83.546),185.252]
	 13812.649	     0.065	[mu,kappa]: [(65.894,67.529),12.261]
	  9285.022	     0.044	[mu,kappa]: [(46.455,301.887),11.761]
	 33056.917	     0.156	[mu,kappa]: [(34.761,89.205),389.360]
	 17144.311	     0.081	[mu,kappa]: [(103.605,293.681),10.406]
	 12073.464	     0.057	[mu,kappa]: [(19.781,358.614),11.738]
	 23427.862	     0.111	[mu,kappa]: [(151.874,302.649),14.643]
			msglen: 1355607.296 bits.
Iteration #: 79
	  4347.026	     0.021	[mu,kappa]: [(144.011,52.802),9.933]
	 10562.119	     0.050	[mu,kappa]: [(23.382,90.184),148.317]
	 61946.437	     0.293	[mu,kappa]: [(40.817,87.754),566.262]
	 25633.756	     0.121	[mu,kappa]: [(47.027,83.541),184.826]
	 13806.998	     0.065	[mu,kappa]: [(65.904,67.520),12.254]
	  9246.239	     0.044	[mu,kappa]: [(46.637,301.783),11.763]
	 33210.527	     0.157	[mu,kappa]: [(34.791,89.204),390.795]
	 17136.780	     0.081	[mu,kappa]: [(103.667,293.683),10.415]
	 12130.293	     0.057	[mu,kappa]: [(19.796,358.287),11.726]
	 23411.825	     0.111	[mu,kappa]: [(151.887,302.655),14.653]
			msglen: 1355590.566 bits.
Iteration #: 80
	  4346.659	     0.021	[mu,kappa]: [(144.026,52.791),9.938]
	 10630.871	     0.050	[mu,kappa]: [(23.427,90.164),147.949]
	 61747.233	     0.292	[mu,kappa]: [(40.830,87.750),567.555]
	 25624.781	     0.121	[mu,kappa]: [(47.029,83.536),184.399]
	 13800.938	     0.065	[mu,kappa]: [(65.915,67.510),12.246]
	  9208.933	     0.044	[mu,kappa]: [(46.814,301.683),11.764]
	 33361.719	     0.158	[mu,kappa]: [(34.820,89.202),392.206]
	 17129.352	     0.081	[mu,kappa]: [(103.728,293.685),10.423]
	 12185.472	     0.058	[mu,kappa]: [(19.811,357.971),11.714]
	 23396.042	     0.111	[mu,kappa]: [(151.900,302.660),14.662]
			msglen: 1355574.454 bits.
Iteration #: 81
	  4346.243	     0.021	[mu,kappa]: [(144.042,52.780),9.944]
	 10698.581	     0.051	[mu,kappa]: [(23.471,90.145),147.591]
	 61553.394	     0.291	[mu,kappa]: [(40.843,87.746),568.800]
	 25614.101	     0.121	[mu,kappa]: [(47.031,83.531),183.971]
	 13794.500	     0.065	[mu,kappa]: [(65.927,67.501),12.239]
	  9173.057	     0.043	[mu,kappa]: [(46.989,301.586),11.766]
	 33510.536	     0.158	[mu,kappa]: [(34.848,89.200),393.593]
	 17122.019	     0.081	[mu,kappa]: [(103.789,293.686),10.432]
	 12239.063	     0.058	[mu,kappa]: [(19.826,357.665),11.703]
	 23380.505	     0.111	[mu,kappa]: [(151.913,302.666),14.672]
			msglen: 1355558.933 bits.
Iteration #: 82
	  4345.786	     0.021	[mu,kappa]: [(144.058,52.768),9.949]
	 10765.251	     0.051	[mu,kappa]: [(23.513,90.127),147.241]
	 61364.729	     0.290	[mu,kappa]: [(40.856,87.742),569.998]
	 25601.821	     0.121	[mu,kappa]: [(47.033,83.525),183.542]
	 13787.712	     0.065	[mu,kappa]: [(65.940,67.491),12.231]
	  9138.565	     0.043	[mu,kappa]: [(47.160,301.492),11.766]
	 33657.024	     0.159	[mu,kappa]: [(34.876,89.199),394.957]
	 17114.778	     0.081	[mu,kappa]: [(103.848,293.688),10.440]
	 12291.129	     0.058	[mu,kappa]: [(19.841,357.370),11.692]
	 23365.204	     0.111	[mu,kappa]: [(151.925,302.671),14.681]
			msglen: 1355543.976 bits.
Iteration #: 83
	  4345.294	     0.021	[mu,kappa]: [(144.074,52.757),9.955]
	 10830.887	     0.051	[mu,kappa]: [(23.555,90.109),146.902]
	 61181.058	     0.289	[mu,kappa]: [(40.869,87.738),571.150]
	 25588.042	     0.121	[mu,kappa]: [(47.036,83.519),183.113]
	 13780.600	     0.065	[mu,kappa]: [(65.952,67.482),12.223]
	  9105.411	     0.043	[mu,kappa]: [(47.327,301.401),11.767]
	 33801.228	     0.160	[mu,kappa]: [(34.904,89.197),396.299]
	 17107.625	     0.081	[mu,kappa]: [(103.906,293.690),10.448]
	 12341.723	     0.058	[mu,kappa]: [(19.856,357.084),11.681]
	 23350.131	     0.110	[mu,kappa]: [(151.937,302.676),14.690]
			msglen: 1355529.560 bits.
Iteration #: 84
	  4344.776	     0.021	[mu,kappa]: [(144.091,52.745),9.962]
	 10895.493	     0.052	[mu,kappa]: [(23.597,90.091),146.571]
	 61002.205	     0.289	[mu,kappa]: [(40.882,87.733),572.259]
	 25572.858	     0.121	[mu,kappa]: [(47.039,83.513),182.683]
	 13773.187	     0.065	[mu,kappa]: [(65.966,67.472),12.216]
	  9073.552	     0.043	[mu,kappa]: [(47.491,301.313),11.767]
	 33943.192	     0.161	[mu,kappa]: [(34.930,89.195),397.618]
	 17100.558	     0.081	[mu,kappa]: [(103.963,293.691),10.456]
	 12390.899	     0.059	[mu,kappa]: [(19.871,356.807),11.670]
	 23335.278	     0.110	[mu,kappa]: [(151.949,302.681),14.699]
			msglen: 1355515.660 bits.
Iteration #: 85
	  4344.236	     0.021	[mu,kappa]: [(144.108,52.734),9.968]
	 10959.074	     0.052	[mu,kappa]: [(23.637,90.074),146.251]
	 60828.004	     0.288	[mu,kappa]: [(40.894,87.729),573.325]
	 25556.361	     0.121	[mu,kappa]: [(47.043,83.507),182.255]
	 13765.498	     0.065	[mu,kappa]: [(65.980,67.462),12.208]
	  9042.946	     0.043	[mu,kappa]: [(47.651,301.228),11.767]
	 34082.960	     0.161	[mu,kappa]: [(34.956,89.194),398.914]
	 17093.576	     0.081	[mu,kappa]: [(104.020,293.693),10.464]
	 12438.706	     0.059	[mu,kappa]: [(19.885,356.539),11.660]
	 23320.639	     0.110	[mu,kappa]: [(151.961,302.686),14.708]
			msglen: 1355502.255 bits.
Iteration #: 86
	  4343.680	     0.021	[mu,kappa]: [(144.125,52.722),9.974]
	 11021.638	     0.052	[mu,kappa]: [(23.676,90.058),145.940]
	 60658.295	     0.287	[mu,kappa]: [(40.907,87.725),574.350]
	 25538.635	     0.121	[mu,kappa]: [(47.046,83.501),181.827]
	 13757.553	     0.065	[mu,kappa]: [(65.994,67.452),12.200]
	  9013.550	     0.043	[mu,kappa]: [(47.809,301.145),11.767]
	 34220.576	     0.162	[mu,kappa]: [(34.982,89.192),400.188]
	 17086.676	     0.081	[mu,kappa]: [(104.075,293.695),10.471]
	 12485.191	     0.059	[mu,kappa]: [(19.900,356.281),11.650]
	 23306.206	     0.110	[mu,kappa]: [(151.973,302.691),14.716]
			msglen: 1355489.325 bits.
Iteration #: 87
	  4343.114	     0.021	[mu,kappa]: [(144.143,52.710),9.981]
	 11083.191	     0.052	[mu,kappa]: [(23.715,90.041),145.639]
	 60492.924	     0.286	[mu,kappa]: [(40.919,87.721),575.335]
	 25519.763	     0.121	[mu,kappa]: [(47.050,83.495),181.400]
	 13749.372	     0.065	[mu,kappa]: [(66.009,67.442),12.192]
	  8985.324	     0.042	[mu,kappa]: [(47.963,301.065),11.766]
	 34356.082	     0.162	[mu,kappa]: [(35.007,89.191),401.440]
	 17079.858	     0.081	[mu,kappa]: [(104.130,293.696),10.479]
	 12530.396	     0.059	[mu,kappa]: [(19.915,356.031),11.640]
	 23291.975	     0.110	[mu,kappa]: [(151.984,302.695),14.725]
			msglen: 1355476.850 bits.
Iteration #: 88
	  4342.540	     0.021	[mu,kappa]: [(144.161,52.698),9.988]
	 11143.742	     0.053	[mu,kappa]: [(23.753,90.026),145.347]
	 60331.743	     0.285	[mu,kappa]: [(40.931,87.717),576.282]
	 25499.821	     0.121	[mu,kappa]: [(47.054,83.488),180.974]
	 13740.975	     0.065	[mu,kappa]: [(66.025,67.432),12.184]
	  8958.229	     0.042	[mu,kappa]: [(48.114,300.987),11.765]
	 34489.521	     0.163	[mu,kappa]: [(35.031,89.189),402.671]
	 17073.124	     0.081	[mu,kappa]: [(104.183,293.698),10.486]
	 12574.364	     0.059	[mu,kappa]: [(19.929,355.790),11.630]
	 23277.941	     0.110	[mu,kappa]: [(151.995,302.700),14.733]
			msglen: 1355464.811 bits.
Iteration #: 89
	  4341.964	     0.021	[mu,kappa]: [(144.180,52.685),9.995]
	 11203.300	     0.053	[mu,kappa]: [(23.790,90.011),145.064]
	 60174.610	     0.285	[mu,kappa]: [(40.943,87.713),577.193]
	 25478.885	     0.121	[mu,kappa]: [(47.059,83.482),180.550]
	 13732.379	     0.065	[mu,kappa]: [(66.041,67.422),12.176]
	  8932.226	     0.042	[mu,kappa]: [(48.262,300.912),11.764]
	 34620.933	     0.164	[mu,kappa]: [(35.055,89.188),403.880]
	 17066.471	     0.081	[mu,kappa]: [(104.236,293.699),10.493]
	 12617.133	     0.060	[mu,kappa]: [(19.943,355.557),11.620]
	 23264.099	     0.110	[mu,kappa]: [(152.006,302.704),14.742]
			msglen: 1355453.191 bits.
Iteration #: 90
	  4341.389	     0.021	[mu,kappa]: [(144.199,52.672),10.002]
	 11261.872	     0.053	[mu,kappa]: [(23.826,89.996),144.791]
	 60021.391	     0.284	[mu,kappa]: [(40.955,87.709),578.067]
	 25457.023	     0.120	[mu,kappa]: [(47.063,83.475),180.127]
	 13723.603	     0.065	[mu,kappa]: [(66.057,67.412),12.168]
	  8907.276	     0.042	[mu,kappa]: [(48.406,300.839),11.762]
	 34750.358	     0.164	[mu,kappa]: [(35.078,89.186),405.067]
	 17059.902	     0.081	[mu,kappa]: [(104.287,293.701),10.501]
	 12658.742	     0.060	[mu,kappa]: [(19.957,355.332),11.611]
	 23250.445	     0.110	[mu,kappa]: [(152.016,302.708),14.750]
			msglen: 1355441.975 bits.
Iteration #: 91
	  4340.817	     0.021	[mu,kappa]: [(144.218,52.659),10.009]
	 11319.468	     0.054	[mu,kappa]: [(23.862,89.982),144.527]
	 59871.954	     0.283	[mu,kappa]: [(40.967,87.705),578.907]
	 25434.302	     0.120	[mu,kappa]: [(47.068,83.468),179.707]
	 13714.662	     0.065	[mu,kappa]: [(66.074,67.402),12.160]
	  8883.344	     0.042	[mu,kappa]: [(48.548,300.768),11.761]
	 34877.835	     0.165	[mu,kappa]: [(35.101,89.185),406.233]
	 17053.416	     0.081	[mu,kappa]: [(104.338,293.702),10.508]
	 12699.226	     0.060	[mu,kappa]: [(19.970,355.114),11.602]
	 23236.976	     0.110	[mu,kappa]: [(152.026,302.712),14.758]
			msglen: 1355431.145 bits.
Iteration #: 92
	  4340.251	     0.021	[mu,kappa]: [(144.238,52.646),10.016]
	 11376.099	     0.054	[mu,kappa]: [(23.897,89.968),144.272]
	 59726.174	     0.282	[mu,kappa]: [(40.979,87.701),579.713]
	 25410.787	     0.120	[mu,kappa]: [(47.073,83.462),179.289]
	 13705.571	     0.065	[mu,kappa]: [(66.091,67.392),12.152]
	  8860.395	     0.042	[mu,kappa]: [(48.687,300.700),11.759]
	 35003.402	     0.166	[mu,kappa]: [(35.124,89.184),407.379]
	 17047.014	     0.081	[mu,kappa]: [(104.388,293.704),10.514]
	 12738.617	     0.060	[mu,kappa]: [(19.984,354.905),11.593]
	 23223.689	     0.110	[mu,kappa]: [(152.036,302.716),14.766]
			msglen: 1355420.687 bits.
Iteration #: 93
	  4339.694	     0.021	[mu,kappa]: [(144.258,52.633),10.024]
	 11431.774	     0.054	[mu,kappa]: [(23.931,89.954),144.026]
	 59583.932	     0.282	[mu,kappa]: [(40.991,87.696),580.487]
	 25386.536	     0.120	[mu,kappa]: [(47.078,83.455),178.874]
	 13696.347	     0.065	[mu,kappa]: [(66.108,67.381),12.144]
	  8838.393	     0.042	[mu,kappa]: [(48.822,300.634),11.757]
	 35127.096	     0.166	[mu,kappa]: [(35.146,89.182),408.503]
	 17040.697	     0.081	[mu,kappa]: [(104.437,293.705),10.521]
	 12776.950	     0.060	[mu,kappa]: [(19.996,354.702),11.584]
	 23210.581	     0.110	[mu,kappa]: [(152.046,302.720),14.774]
			msglen: 1355410.587 bits.
Iteration #: 94
	  4339.148	     0.021	[mu,kappa]: [(144.278,52.619),10.031]
	 11486.503	     0.054	[mu,kappa]: [(23.964,89.941),143.788]
	 59445.112	     0.281	[mu,kappa]: [(41.002,87.692),581.230]
	 25361.608	     0.120	[mu,kappa]: [(47.084,83.448),178.461]
	 13687.001	     0.065	[mu,kappa]: [(66.125,67.371),12.136]
	  8817.304	     0.042	[mu,kappa]: [(48.955,300.570),11.754]
	 35248.951	     0.167	[mu,kappa]: [(35.167,89.181),409.607]
	 17034.466	     0.081	[mu,kappa]: [(104.485,293.706),10.528]
	 12814.255	     0.061	[mu,kappa]: [(20.009,354.506),11.575]
	 23197.651	     0.110	[mu,kappa]: [(152.056,302.723),14.782]
			msglen: 1355400.831 bits.
Iteration #: 95
	  4338.614	     0.021	[mu,kappa]: [(144.299,52.605),10.039]
	 11540.297	     0.055	[mu,kappa]: [(23.997,89.929),143.559]
	 59309.603	     0.281	[mu,kappa]: [(41.014,87.688),581.944]
	 25336.058	     0.120	[mu,kappa]: [(47.089,83.441),178.051]
	 13677.549	     0.065	[mu,kappa]: [(66.143,67.361),12.128]
	  8797.097	     0.042	[mu,kappa]: [(49.085,300.508),11.752]
	 35369.003	     0.167	[mu,kappa]: [(35.189,89.179),410.691]
	 17028.321	     0.081	[mu,kappa]: [(104.533,293.708),10.534]
	 12850.562	     0.061	[mu,kappa]: [(20.021,354.318),11.567]
	 23184.895	     0.110	[mu,kappa]: [(152.065,302.727),14.790]
			msglen: 1355391.407 bits.
Iteration #: 96
	  4338.093	     0.021	[mu,kappa]: [(144.320,52.591),10.046]
	 11593.168	     0.055	[mu,kappa]: [(24.030,89.916),143.337]
	 59177.299	     0.280	[mu,kappa]: [(41.025,87.684),582.628]
	 25309.937	     0.120	[mu,kappa]: [(47.095,83.434),177.644]
	 13668.003	     0.065	[mu,kappa]: [(66.161,67.351),12.120]
	  8777.740	     0.042	[mu,kappa]: [(49.212,300.447),11.750]
	 35487.285	     0.168	[mu,kappa]: [(35.209,89.178),411.754]
	 17022.264	     0.081	[mu,kappa]: [(104.579,293.709),10.541]
	 12885.899	     0.061	[mu,kappa]: [(20.033,354.135),11.558]
	 23172.313	     0.110	[mu,kappa]: [(152.074,302.730),14.798]
			msglen: 1355382.303 bits.
Iteration #: 97
	  4337.588	     0.021	[mu,kappa]: [(144.341,52.577),10.054]
	 11645.125	     0.055	[mu,kappa]: [(24.061,89.904),143.124]
	 59048.097	     0.279	[mu,kappa]: [(41.036,87.680),583.284]
	 25283.294	     0.120	[mu,kappa]: [(47.101,83.427),177.240]
	 13658.374	     0.065	[mu,kappa]: [(66.179,67.341),12.112]
	  8759.201	     0.041	[mu,kappa]: [(49.336,300.389),11.747]
	 35603.830	     0.168	[mu,kappa]: [(35.229,89.176),412.798]
	 17016.294	     0.080	[mu,kappa]: [(104.625,293.711),10.547]
	 12920.294	     0.061	[mu,kappa]: [(20.045,353.960),11.550]
	 23159.904	     0.110	[mu,kappa]: [(152.083,302.733),14.805]
			msglen: 1355373.506 bits.
Iteration #: 98
	  4337.098	     0.021	[mu,kappa]: [(144.363,52.562),10.062]
	 11696.181	     0.055	[mu,kappa]: [(24.092,89.893),142.919]
	 58921.899	     0.279	[mu,kappa]: [(41.047,87.676),583.913]
	 25256.178	     0.119	[mu,kappa]: [(47.107,83.420),176.839]
	 13648.674	     0.065	[mu,kappa]: [(66.198,67.331),12.104]
	  8741.450	     0.041	[mu,kappa]: [(49.458,300.333),11.744]
	 35718.668	     0.169	[mu,kappa]: [(35.249,89.175),413.822]
	 17010.414	     0.080	[mu,kappa]: [(104.670,293.712),10.553]
	 12953.773	     0.061	[mu,kappa]: [(20.056,353.790),11.542]
	 23147.665	     0.109	[mu,kappa]: [(152.092,302.736),14.813]
			msglen: 1355365.006 bits.
Iteration #: 99
	  4336.625	     0.021	[mu,kappa]: [(144.385,52.547),10.070]
	 11746.347	     0.056	[mu,kappa]: [(24.122,89.881),142.721]
	 58798.612	     0.278	[mu,kappa]: [(41.058,87.672),584.517]
	 25228.633	     0.119	[mu,kappa]: [(47.113,83.413),176.442]
	 13638.914	     0.065	[mu,kappa]: [(66.216,67.321),12.097]
	  8724.460	     0.041	[mu,kappa]: [(49.577,300.278),11.741]
	 35831.830	     0.169	[mu,kappa]: [(35.269,89.174),414.826]
	 17004.623	     0.080	[mu,kappa]: [(104.714,293.713),10.559]
	 12986.361	     0.061	[mu,kappa]: [(20.067,353.626),11.534]
	 23135.596	     0.109	[mu,kappa]: [(152.100,302.738),14.820]
			msglen: 1355356.791 bits.
Iteration #: 100
	  4336.170	     0.021	[mu,kappa]: [(144.407,52.532),10.077]
	 11795.634	     0.056	[mu,kappa]: [(24.152,89.871),142.530]
	 58678.143	     0.278	[mu,kappa]: [(41.069,87.668),585.095]
	 25200.701	     0.119	[mu,kappa]: [(47.119,83.405),176.048]
	 13629.104	     0.064	[mu,kappa]: [(66.235,67.311),12.089]
	  8708.201	     0.041	[mu,kappa]: [(49.693,300.225),11.738]
	 35943.345	     0.170	[mu,kappa]: [(35.288,89.172),415.811]
	 16998.922	     0.080	[mu,kappa]: [(104.757,293.714),10.565]
	 13018.083	     0.062	[mu,kappa]: [(20.078,353.468),11.527]
	 23123.696	     0.109	[mu,kappa]: [(152.108,302.741),14.827]
			msglen: 1355348.852 bits.
