Iteration #: 0
	 42322.000	     0.200	[mu,kappa]: [(36.861,67.052),2.209]
	 42093.000	     0.199	[mu,kappa]: [(36.843,66.853),2.197]
	 42373.000	     0.200	[mu,kappa]: [(36.971,67.067),2.195]
	 41974.000	     0.199	[mu,kappa]: [(37.263,66.988),2.208]
	 42670.000	     0.202	[mu,kappa]: [(36.831,67.004),2.192]
			msglen: 0.000 bits.
Iteration #: 1
	 42322.353	     0.200	[mu,kappa]: [(36.906,67.245),2.227]
	 42092.892	     0.199	[mu,kappa]: [(36.902,66.821),2.188]
	 42372.931	     0.200	[mu,kappa]: [(36.973,66.881),2.187]
	 41973.721	     0.199	[mu,kappa]: [(37.073,67.265),2.222]
	 42670.103	     0.202	[mu,kappa]: [(36.914,66.751),2.179]
			msglen: 2009501.379 bits.
Iteration #: 2
	 42324.703	     0.200	[mu,kappa]: [(36.915,67.824),2.284]
	 42091.052	     0.199	[mu,kappa]: [(36.938,66.562),2.162]
	 42371.196	     0.200	[mu,kappa]: [(36.975,66.569),2.160]
	 41974.301	     0.199	[mu,kappa]: [(36.992,67.723),2.268]
	 42670.748	     0.202	[mu,kappa]: [(36.956,66.243),2.133]
			msglen: 2009311.751 bits.
Iteration #: 3
	 42348.462	     0.200	[mu,kappa]: [(36.905,69.490),2.472]
	 42072.565	     0.199	[mu,kappa]: [(36.981,65.678),2.086]
	 42353.627	     0.200	[mu,kappa]: [(37.001,65.627),2.080]
	 41981.250	     0.199	[mu,kappa]: [(36.939,69.103),2.423]
	 42676.096	     0.202	[mu,kappa]: [(37.036,64.584),1.998]
			msglen: 2007478.786 bits.
Iteration #: 4
	 42610.634	     0.202	[mu,kappa]: [(36.988,73.689),3.188]
	 41878.737	     0.198	[mu,kappa]: [(37.103,62.766),1.879]
	 42167.783	     0.199	[mu,kappa]: [(37.129,62.541),1.864]
	 42076.243	     0.199	[mu,kappa]: [(36.957,72.777),2.994]
	 42698.603	     0.202	[mu,kappa]: [(37.496,58.494),1.639]
			msglen: 1990787.420 bits.
Iteration #: 5
	 45632.157	     0.216	[mu,kappa]: [(37.675,80.585),7.592]
	 39859.286	     0.189	[mu,kappa]: [(37.679,52.978),1.472]
	 40196.901	     0.190	[mu,kappa]: [(37.850,51.940),1.435]
	 43512.946	     0.206	[mu,kappa]: [(37.455,79.445),6.167]
	 42230.709	     0.200	[mu,kappa]: [(44.132,30.405),0.944]
			msglen: 1875569.798 bits.
Iteration #: 6
	 64949.622	     0.307	[mu,kappa]: [(39.100,85.000),38.049]
	 28402.588	     0.134	[mu,kappa]: [(46.154,13.230),0.977]
	 28888.801	     0.137	[mu,kappa]: [(48.914,9.011),0.928]
	 52437.936	     0.248	[mu,kappa]: [(38.772,84.058),27.327]
	 36753.054	     0.174	[mu,kappa]: [(107.814,323.019),1.055]
			msglen: 1594666.238 bits.
Iteration #: 7
	 82049.593	     0.388	[mu,kappa]: [(39.634,86.713),97.207]
	 19489.916	     0.092	[mu,kappa]: [(68.965,339.001),1.176]
	 20133.780	     0.095	[mu,kappa]: [(74.595,335.535),1.167]
	 54502.501	     0.258	[mu,kappa]: [(39.404,85.849),57.783]
	 35256.210	     0.167	[mu,kappa]: [(124.840,307.445),2.365]
			msglen: 1492439.063 bits.
Iteration #: 8
	 85133.641	     0.403	[mu,kappa]: [(39.775,87.213),156.158]
	 20077.884	     0.095	[mu,kappa]: [(49.854,350.555),1.449]
	 20327.289	     0.096	[mu,kappa]: [(55.777,345.362),1.347]
	 49698.792	     0.235	[mu,kappa]: [(39.367,85.894),61.185]
	 36194.394	     0.171	[mu,kappa]: [(131.561,304.110),3.187]
			msglen: 1460503.000 bits.
Iteration #: 9
	 87765.879	     0.415	[mu,kappa]: [(39.889,87.481),221.680]
	 20656.222	     0.098	[mu,kappa]: [(37.156,3.749),1.956]
	 20242.287	     0.096	[mu,kappa]: [(41.288,356.997),1.740]
	 45217.387	     0.214	[mu,kappa]: [(39.218,85.521),54.516]
	 37550.224	     0.178	[mu,kappa]: [(136.281,301.395),4.573]
			msglen: 1436452.810 bits.
Iteration #: 10
	 89834.489	     0.425	[mu,kappa]: [(39.961,87.618),274.026]
	 20674.112	     0.098	[mu,kappa]: [(32.499,10.692),2.411]
	 19723.821	     0.093	[mu,kappa]: [(35.400,2.867),2.124]
	 42434.519	     0.201	[mu,kappa]: [(39.106,85.101),48.341]
	 38765.060	     0.183	[mu,kappa]: [(138.339,300.373),5.771]
			msglen: 1427420.945 bits.
Iteration #: 11
	 90544.400	     0.428	[mu,kappa]: [(39.995,87.682),304.165]
	 20612.506	     0.097	[mu,kappa]: [(31.129,12.964),2.604]
	 19456.773	     0.092	[mu,kappa]: [(33.597,3.308),2.294]
	 41584.065	     0.197	[mu,kappa]: [(39.098,84.811),44.801]
	 39234.256	     0.186	[mu,kappa]: [(139.057,300.285),6.199]
			msglen: 1425647.267 bits.
Iteration #: 12
	 90485.189	     0.428	[mu,kappa]: [(40.007,87.712),319.315]
	 20474.610	     0.097	[mu,kappa]: [(30.875,13.948),2.657]
	 19287.766	     0.091	[mu,kappa]: [(33.125,1.276),2.348]
	 41817.214	     0.198	[mu,kappa]: [(39.146,84.646),42.988]
	 39367.221	     0.186	[mu,kappa]: [(139.304,300.359),6.287]
			msglen: 1425268.979 bits.
Iteration #: 13
	 90186.758	     0.427	[mu,kappa]: [(40.008,87.729),327.169]
	 20311.145	     0.096	[mu,kappa]: [(31.084,15.235),2.663]
	 19151.689	     0.091	[mu,kappa]: [(33.045,357.989),2.376]
	 42386.326	     0.200	[mu,kappa]: [(39.202,84.555),42.049]
	 39396.082	     0.186	[mu,kappa]: [(139.421,300.426),6.300]
			msglen: 1425104.633 bits.
Iteration #: 14
	 89861.201	     0.425	[mu,kappa]: [(40.005,87.739),331.725]
	 20173.974	     0.095	[mu,kappa]: [(31.650,17.606),2.653]
	 19060.956	     0.090	[mu,kappa]: [(33.102,353.514),2.413]
	 42957.204	     0.203	[mu,kappa]: [(39.248,84.506),41.550]
	 39378.665	     0.186	[mu,kappa]: [(139.516,300.481),6.304]
			msglen: 1424929.247 bits.
Iteration #: 15
	 89570.473	     0.424	[mu,kappa]: [(40.001,87.747),334.700]
	 20078.271	     0.095	[mu,kappa]: [(32.728,21.639),2.634]
	 19021.240	     0.090	[mu,kappa]: [(33.315,347.459),2.486]
	 43430.667	     0.205	[mu,kappa]: [(39.280,84.480),41.292]
	 39331.348	     0.186	[mu,kappa]: [(139.624,300.532),6.314]
			msglen: 1424602.812 bits.
Iteration #: 16
	 89323.538	     0.422	[mu,kappa]: [(39.998,87.752),336.826]
	 20018.212	     0.095	[mu,kappa]: [(34.704,27.756),2.622]
	 19035.102	     0.090	[mu,kappa]: [(33.910,339.413),2.631]
	 43795.402	     0.207	[mu,kappa]: [(39.291,84.470),41.192]
	 39259.746	     0.186	[mu,kappa]: [(139.758,300.589),6.335]
			msglen: 1423891.970 bits.
Iteration #: 17
	 89112.397	     0.421	[mu,kappa]: [(39.996,87.756),338.448]
	 19968.485	     0.094	[mu,kappa]: [(38.144,35.832),2.649]
	 19122.224	     0.090	[mu,kappa]: [(35.262,329.630),2.918]
	 44064.875	     0.208	[mu,kappa]: [(39.271,84.478),41.222]
	 39164.020	     0.185	[mu,kappa]: [(139.930,300.657),6.374]
			msglen: 1422412.667 bits.
Iteration #: 18
	 88923.303	     0.421	[mu,kappa]: [(39.996,87.758),339.758]
	 19862.768	     0.094	[mu,kappa]: [(43.289,44.635),2.784]
	 19341.789	     0.091	[mu,kappa]: [(37.516,319.789),3.448]
	 44258.064	     0.209	[mu,kappa]: [(39.195,84.507),41.390]
	 39046.075	     0.185	[mu,kappa]: [(140.145,300.738),6.442]
			msglen: 1419866.353 bits.
Iteration #: 19
	 88739.040	     0.420	[mu,kappa]: [(39.999,87.759),340.892]
	 19608.210	     0.093	[mu,kappa]: [(49.117,52.226),3.112]
	 19752.621	     0.093	[mu,kappa]: [(40.051,312.315),4.259]
	 44397.049	     0.210	[mu,kappa]: [(39.028,84.569),41.704]
	 38935.079	     0.184	[mu,kappa]: [(140.378,300.826),6.543]
			msglen: 1416785.101 bits.
Iteration #: 20
	 88542.556	     0.419	[mu,kappa]: [(40.009,87.758),341.971]
	 19234.112	     0.091	[mu,kappa]: [(53.740,57.462),3.646]
	 20249.890	     0.096	[mu,kappa]: [(41.901,308.254),5.119]
	 44494.850	     0.210	[mu,kappa]: [(38.740,84.674),42.130]
	 38910.591	     0.184	[mu,kappa]: [(140.570,300.922),6.643]
			msglen: 1414447.735 bits.
Iteration #: 21
	 88337.918	     0.418	[mu,kappa]: [(40.029,87.753),343.043]
	 18895.728	     0.089	[mu,kappa]: [(56.475,60.580),4.266]
	 20652.558	     0.098	[mu,kappa]: [(42.708,306.740),5.694]
	 44526.406	     0.211	[mu,kappa]: [(38.360,84.815),42.612]
	 39019.391	     0.185	[mu,kappa]: [(140.695,301.050),6.680]
			msglen: 1413189.311 bits.
Iteration #: 22
	 88165.046	     0.417	[mu,kappa]: [(40.058,87.744),343.980]
	 18625.087	     0.088	[mu,kappa]: [(58.074,62.418),4.843]
	 20972.558	     0.099	[mu,kappa]: [(42.695,306.506),5.965]
	 44461.964	     0.210	[mu,kappa]: [(37.962,84.967),43.129]
	 39207.346	     0.185	[mu,kappa]: [(140.771,301.203),6.646]
			msglen: 1412492.496 bits.
Iteration #: 23
	 88060.023	     0.416	[mu,kappa]: [(40.094,87.732),344.571]
	 18365.097	     0.087	[mu,kappa]: [(59.277,63.633),5.356]
	 21268.995	     0.101	[mu,kappa]: [(42.206,306.820),6.070]
	 44318.829	     0.210	[mu,kappa]: [(37.595,85.111),43.664]
	 39419.056	     0.186	[mu,kappa]: [(140.789,301.341),6.576]
			msglen: 1412001.035 bits.
Iteration #: 24
	 88029.053	     0.416	[mu,kappa]: [(40.132,87.719),344.705]
	 18081.510	     0.086	[mu,kappa]: [(60.385,64.550),5.837]
	 21553.509	     0.102	[mu,kappa]: [(41.479,307.379),6.105]
	 44131.448	     0.209	[mu,kappa]: [(37.272,85.237),44.188]
	 39636.481	     0.187	[mu,kappa]: [(140.745,301.442),6.496]
			msglen: 1411588.389 bits.
Iteration #: 25
	 88063.920	     0.417	[mu,kappa]: [(40.168,87.705),344.383]
	 17770.235	     0.084	[mu,kappa]: [(61.465,65.300),6.317]
	 21818.563	     0.103	[mu,kappa]: [(40.648,308.064),6.118]
	 43921.479	     0.208	[mu,kappa]: [(36.986,85.346),44.678]
	 39857.803	     0.189	[mu,kappa]: [(140.653,301.512),6.416]
			msglen: 1411215.252 bits.
Iteration #: 26
	 88155.404	     0.417	[mu,kappa]: [(40.202,87.692),343.661]
	 17442.915	     0.083	[mu,kappa]: [(62.501,65.939),6.814]
	 22054.101	     0.104	[mu,kappa]: [(39.791,308.820),6.127]
	 43695.737	     0.207	[mu,kappa]: [(36.730,85.440),45.125]
	 40083.843	     0.190	[mu,kappa]: [(140.530,301.563),6.335]
			msglen: 1410872.388 bits.
Iteration #: 27
	 88295.187	     0.418	[mu,kappa]: [(40.233,87.678),342.602]
	 17118.473	     0.081	[mu,kappa]: [(63.449,66.495),7.335]
	 22251.680	     0.105	[mu,kappa]: [(38.959,309.610),6.137]
	 43452.672	     0.206	[mu,kappa]: [(36.500,85.521),45.534]
	 40313.989	     0.191	[mu,kappa]: [(140.388,301.604),6.255]
			msglen: 1410563.117 bits.
Iteration #: 28
	 88474.574	     0.418	[mu,kappa]: [(40.262,87.666),341.273]
	 16817.884	     0.080	[mu,kappa]: [(64.262,66.981),7.870]
	 22405.863	     0.106	[mu,kappa]: [(38.184,310.402),6.152]
	 43188.029	     0.204	[mu,kappa]: [(36.293,85.591),45.918]
	 40545.650	     0.192	[mu,kappa]: [(140.238,301.641),6.175]
			msglen: 1410294.990 bits.
Iteration #: 29
	 88684.002	     0.419	[mu,kappa]: [(40.287,87.654),339.737]
	 16559.958	     0.078	[mu,kappa]: [(64.909,67.408),8.401]
	 22515.187	     0.106	[mu,kappa]: [(37.487,311.169),6.172]
	 42898.119	     0.203	[mu,kappa]: [(36.106,85.653),46.291]
	 40774.733	     0.193	[mu,kappa]: [(140.087,301.679),6.097]
			msglen: 1410073.413 bits.
Iteration #: 30
	 88913.839	     0.421	[mu,kappa]: [(40.311,87.643),338.056]
	 16358.221	     0.077	[mu,kappa]: [(65.377,67.782),8.906]
	 22582.348	     0.107	[mu,kappa]: [(36.873,311.887),6.195]
	 42581.106	     0.201	[mu,kappa]: [(35.936,85.710),46.665]
	 40996.486	     0.194	[mu,kappa]: [(139.939,301.718),6.021]
			msglen: 1409897.727 bits.
Iteration #: 31
	 89155.876	     0.422	[mu,kappa]: [(40.332,87.632),336.286]
	 16219.546	     0.077	[mu,kappa]: [(65.675,68.109),9.367]
	 22613.235	     0.107	[mu,kappa]: [(36.343,312.535),6.221]
	 42236.867	     0.200	[mu,kappa]: [(35.779,85.763),47.050]
	 41206.477	     0.195	[mu,kappa]: [(139.797,301.756),5.949]
			msglen: 1409761.169 bits.
Iteration #: 32
	 89404.627	     0.423	[mu,kappa]: [(40.351,87.621),334.467]
	 16144.668	     0.076	[mu,kappa]: [(65.826,68.395),9.772]
	 22615.254	     0.107	[mu,kappa]: [(35.889,313.106),6.250]
	 41866.041	     0.198	[mu,kappa]: [(35.631,85.815),47.454]
	 41401.410	     0.196	[mu,kappa]: [(139.663,301.794),5.883]
			msglen: 1409653.690 bits.
Iteration #: 33
	 89657.818	     0.424	[mu,kappa]: [(40.370,87.611),332.624]
	 16129.977	     0.076	[mu,kappa]: [(65.859,68.649),10.121]
	 22595.781	     0.107	[mu,kappa]: [(35.502,313.595),6.281]
	 41468.900	     0.196	[mu,kappa]: [(35.485,85.869),47.883]
	 41579.524	     0.197	[mu,kappa]: [(139.539,301.829),5.823]
			msglen: 1409565.033 bits.
Iteration #: 34
	 89916.091	     0.425	[mu,kappa]: [(40.387,87.601),330.760]
	 16169.702	     0.076	[mu,kappa]: [(65.800,68.876),10.420]
	 22561.249	     0.107	[mu,kappa]: [(35.174,314.009),6.312]
	 41044.452	     0.194	[mu,kappa]: [(35.338,85.925),48.346]
	 41740.507	     0.197	[mu,kappa]: [(139.426,301.862),5.770]
			msglen: 1409486.387 bits.
Iteration #: 35
	 90182.357	     0.427	[mu,kappa]: [(40.404,87.591),328.865]
	 16257.786	     0.077	[mu,kappa]: [(65.671,69.084),10.678]
	 22516.823	     0.106	[mu,kappa]: [(34.897,314.354),6.344]
	 40589.895	     0.192	[mu,kappa]: [(35.183,85.986),48.853]
	 41885.139	     0.198	[mu,kappa]: [(139.324,301.893),5.722]
			msglen: 1409410.582 bits.
Iteration #: 36
	 90461.182	     0.428	[mu,kappa]: [(40.422,87.581),326.915]
	 16389.157	     0.078	[mu,kappa]: [(65.487,69.281),10.906]
	 22466.442	     0.106	[mu,kappa]: [(34.664,314.639),6.376]
	 40100.332	     0.190	[mu,kappa]: [(35.017,86.052),49.419]
	 42014.886	     0.199	[mu,kappa]: [(139.233,301.923),5.679]
			msglen: 1409331.504 bits.
Iteration #: 37
	 90758.428	     0.429	[mu,kappa]: [(40.440,87.571),324.876]
	 16560.415	     0.078	[mu,kappa]: [(65.258,69.471),11.112]
	 22413.010	     0.106	[mu,kappa]: [(34.468,314.875),6.408]
	 39568.583	     0.187	[mu,kappa]: [(34.835,86.126),50.063]
	 42131.564	     0.199	[mu,kappa]: [(139.152,301.952),5.640]
			msglen: 1409243.187 bits.
Iteration #: 38
	 91081.182	     0.431	[mu,kappa]: [(40.460,87.559),322.707]
	 16770.112	     0.079	[mu,kappa]: [(64.991,69.661),11.307]
	 22358.631	     0.106	[mu,kappa]: [(34.304,315.070),6.438]
	 38984.953	     0.184	[mu,kappa]: [(34.631,86.209),50.813]
	 42237.122	     0.200	[mu,kappa]: [(139.082,301.983),5.605]
			msglen: 1409138.761 bits.
Iteration #: 39
	 91437.933	     0.432	[mu,kappa]: [(40.481,87.546),320.361]
	 17018.794	     0.080	[mu,kappa]: [(64.688,69.855),11.497]
	 22304.843	     0.105	[mu,kappa]: [(34.167,315.233),6.467]
	 38336.895	     0.181	[mu,kappa]: [(34.399,86.303),51.712]
	 42333.535	     0.200	[mu,kappa]: [(139.022,302.015),5.572]
			msglen: 1409009.117 bits.
Iteration #: 40
	 91838.977	     0.434	[mu,kappa]: [(40.505,87.532),317.784]
	 17308.888	     0.082	[mu,kappa]: [(64.350,70.057),11.691]
	 22252.858	     0.105	[mu,kappa]: [(34.050,315.371),6.494]
	 37608.524	     0.178	[mu,kappa]: [(34.132,86.414),52.822]
	 42422.752	     0.201	[mu,kappa]: [(138.971,302.049),5.542]
			msglen: 1408840.988 bits.
Iteration #: 41
	 92297.002	     0.437	[mu,kappa]: [(40.532,87.516),314.914]
	 17644.354	     0.083	[mu,kappa]: [(63.977,70.272),11.895]
	 22203.807	     0.105	[mu,kappa]: [(33.950,315.491),6.520]
	 36780.138	     0.174	[mu,kappa]: [(33.819,86.546),54.239]
	 42506.699	     0.201	[mu,kappa]: [(138.927,302.088),5.512]
			msglen: 1408613.946 bits.
Iteration #: 42
	 92827.744	     0.439	[mu,kappa]: [(40.563,87.498),311.688]
	 18029.780	     0.085	[mu,kappa]: [(63.566,70.502),12.115]
	 22159.057	     0.105	[mu,kappa]: [(33.861,315.600),6.543]
	 35828.122	     0.169	[mu,kappa]: [(33.447,86.706),56.119]
	 42587.298	     0.201	[mu,kappa]: [(138.892,302.131),5.483]
			msglen: 1408295.650 bits.
Iteration #: 43
	 93450.369	     0.442	[mu,kappa]: [(40.598,87.476),308.045]
	 18468.146	     0.087	[mu,kappa]: [(63.117,70.748),12.356]
	 22120.654	     0.105	[mu,kappa]: [(33.776,315.707),6.564]
	 34726.346	     0.164	[mu,kappa]: [(33.001,86.904),58.715]
	 42666.485	     0.202	[mu,kappa]: [(138.862,302.180),5.453]
			msglen: 1407835.143 bits.
Iteration #: 44
	 94186.529	     0.445	[mu,kappa]: [(40.639,87.451),303.961]
	 18955.704	     0.090	[mu,kappa]: [(62.633,71.005),12.621]
	 22092.006	     0.104	[mu,kappa]: [(33.685,315.821),6.582]
	 33451.581	     0.158	[mu,kappa]: [(32.466,87.152),62.444]
	 42746.180	     0.202	[mu,kappa]: [(138.838,302.236),5.423]
			msglen: 1407157.412 bits.
Iteration #: 45
	 95055.500	     0.450	[mu,kappa]: [(40.685,87.421),299.507]
	 19472.016	     0.092	[mu,kappa]: [(62.129,71.260),12.900]
	 22078.867	     0.104	[mu,kappa]: [(33.571,315.954),6.595]
	 31997.493	     0.151	[mu,kappa]: [(31.839,87.463),67.971]
	 42828.124	     0.203	[mu,kappa]: [(138.818,302.299),5.391]
			msglen: 1406175.835 bits.
Iteration #: 46
	 96060.924	     0.454	[mu,kappa]: [(40.734,87.388),294.958]
	 19967.042	     0.094	[mu,kappa]: [(61.633,71.487),13.170]
	 22090.320	     0.104	[mu,kappa]: [(33.412,316.124),6.603]
	 30400.275	     0.144	[mu,kappa]: [(31.142,87.841),76.178]
	 42913.439	     0.203	[mu,kappa]: [(138.798,302.366),5.357]
			msglen: 1404866.684 bits.
Iteration #: 47
	 97168.352	     0.460	[mu,kappa]: [(40.777,87.355),290.846]
	 20364.099	     0.096	[mu,kappa]: [(61.190,71.651),13.389]
	 22137.851	     0.105	[mu,kappa]: [(33.176,316.350),6.601]
	 28759.862	     0.136	[mu,kappa]: [(30.457,88.262),87.620]
	 43001.837	     0.203	[mu,kappa]: [(138.774,302.434),5.322]
			msglen: 1403418.841 bits.
Iteration #: 48
	 98293.031	     0.465	[mu,kappa]: [(40.805,87.328),287.687]
	 20611.018	     0.097	[mu,kappa]: [(60.836,71.736),13.517]
	 22227.688	     0.105	[mu,kappa]: [(32.838,316.646),6.588]
	 27209.246	     0.129	[mu,kappa]: [(29.894,88.664),101.260]
	 43091.017	     0.204	[mu,kappa]: [(138.739,302.492),5.289]
			msglen: 1402217.315 bits.
Iteration #: 49
	 99327.991	     0.470	[mu,kappa]: [(40.809,87.311),285.460]
	 20737.225	     0.098	[mu,kappa]: [(60.575,71.770),13.556]
	 22346.509	     0.106	[mu,kappa]: [(32.414,317.006),6.568]
	 25842.594	     0.122	[mu,kappa]: [(29.508,88.984),114.415]
	 43177.681	     0.204	[mu,kappa]: [(138.687,302.531),5.260]
			msglen: 1401465.734 bits.
Iteration #: 50
	100198.697	     0.474	[mu,kappa]: [(40.796,87.304),283.736]
	 20809.742	     0.098	[mu,kappa]: [(60.386,71.792),13.545]
	 22462.916	     0.106	[mu,kappa]: [(31.971,317.397),6.546]
	 24700.907	     0.117	[mu,kappa]: [(29.262,89.206),125.092]
	 43259.738	     0.205	[mu,kappa]: [(138.618,302.548),5.235]
			msglen: 1401060.804 bits.
Iteration #: 51
	100893.929	     0.477	[mu,kappa]: [(40.774,87.304),282.244]
	 20863.718	     0.099	[mu,kappa]: [(60.247,71.818),13.522]
	 22552.163	     0.107	[mu,kappa]: [(31.570,317.774),6.531]
	 23785.746	     0.112	[mu,kappa]: [(29.097,89.352),132.992]
	 43336.444	     0.205	[mu,kappa]: [(138.541,302.551),5.214]
			msglen: 1400846.190 bits.
Iteration #: 52
	101443.143	     0.480	[mu,kappa]: [(40.752,87.306),280.919]
	 20905.706	     0.099	[mu,kappa]: [(60.146,71.846),13.503]
	 22607.666	     0.107	[mu,kappa]: [(31.241,318.104),6.525]
	 23068.305	     0.109	[mu,kappa]: [(28.973,89.449),138.610]
	 43407.181	     0.205	[mu,kappa]: [(138.463,302.547),5.196]
			msglen: 1400728.026 bits.
Iteration #: 53
	101882.370	     0.482	[mu,kappa]: [(40.730,87.309),279.749]
	 20935.768	     0.099	[mu,kappa]: [(60.074,71.872),13.495]
	 22633.925	     0.107	[mu,kappa]: [(30.985,318.377),6.527]
	 22508.679	     0.106	[mu,kappa]: [(28.872,89.516),142.528]
	 43471.259	     0.206	[mu,kappa]: [(138.391,302.541),5.181]
			msglen: 1400659.543 bits.
Iteration #: 54
	102240.616	     0.484	[mu,kappa]: [(40.712,87.313),278.719]
	 20954.909	     0.099	[mu,kappa]: [(60.025,71.893),13.496]
	 22638.599	     0.107	[mu,kappa]: [(30.793,318.591),6.535]
	 22069.652	     0.104	[mu,kappa]: [(28.785,89.562),145.216]
	 43528.223	     0.206	[mu,kappa]: [(138.328,302.536),5.166]
			msglen: 1400617.562 bits.
Iteration #: 55
	102538.708	     0.485	[mu,kappa]: [(40.695,87.316),277.807]
	 20965.184	     0.099	[mu,kappa]: [(59.992,71.910),13.502]
	 22628.817	     0.107	[mu,kappa]: [(30.651,318.756),6.546]
	 21721.293	     0.103	[mu,kappa]: [(28.707,89.596),147.024]
	 43577.997	     0.206	[mu,kappa]: [(138.273,302.532),5.154]
			msglen: 1400590.286 bits.
Iteration #: 56
	102791.208	     0.486	[mu,kappa]: [(40.681,87.318),276.994]
	 20968.847	     0.099	[mu,kappa]: [(59.972,71.921),13.513]
	 22610.124	     0.107	[mu,kappa]: [(30.549,318.880),6.560]
	 21440.987	     0.101	[mu,kappa]: [(28.637,89.621),148.205]
	 43620.834	     0.206	[mu,kappa]: [(138.226,302.530),5.143]
			msglen: 1400571.543 bits.
Iteration #: 57
	103008.335	     0.487	[mu,kappa]: [(40.669,87.321),276.264]
	 20967.886	     0.099	[mu,kappa]: [(59.961,71.929),13.524]
	 22586.496	     0.107	[mu,kappa]: [(30.477,318.970),6.574]
	 21212.074	     0.100	[mu,kappa]: [(28.573,89.640),148.944]
	 43657.209	     0.206	[mu,kappa]: [(138.187,302.528),5.134]
			msglen: 1400558.011 bits.
Iteration #: 58
	103197.363	     0.488	[mu,kappa]: [(40.659,87.323),275.605]
	 20963.889	     0.099	[mu,kappa]: [(59.956,71.933),13.536]
	 22560.645	     0.107	[mu,kappa]: [(30.428,319.035),6.588]
	 21022.383	     0.099	[mu,kappa]: [(28.515,89.654),149.372]
	 43687.720	     0.207	[mu,kappa]: [(138.155,302.527),5.126]
			msglen: 1400547.843 bits.
Iteration #: 59
	103363.571	     0.489	[mu,kappa]: [(40.650,87.324),275.007]
	 20958.053	     0.099	[mu,kappa]: [(59.955,71.935),13.548]
	 22534.349	     0.107	[mu,kappa]: [(30.396,319.080),6.601]
	 20863.014	     0.099	[mu,kappa]: [(28.461,89.665),149.586]
	 43713.013	     0.207	[mu,kappa]: [(138.128,302.526),5.120]
			msglen: 1400539.966 bits.
Iteration #: 60
	103510.870	     0.490	[mu,kappa]: [(40.641,87.326),274.464]
	 20951.245	     0.099	[mu,kappa]: [(59.957,71.936),13.558]
	 22508.730	     0.106	[mu,kappa]: [(30.377,319.109),6.613]
	 20727.424	     0.098	[mu,kappa]: [(28.413,89.674),149.653]
	 43733.732	     0.207	[mu,kappa]: [(138.106,302.526),5.115]
			msglen: 1400533.728 bits.
Iteration #: 61
	103642.220	     0.490	[mu,kappa]: [(40.634,87.327),273.968]
	 20944.068	     0.099	[mu,kappa]: [(59.961,71.935),13.566]
	 22484.452	     0.106	[mu,kappa]: [(30.367,319.126),6.625]
	 20610.769	     0.097	[mu,kappa]: [(28.368,89.681),149.623]
	 43750.492	     0.207	[mu,kappa]: [(138.089,302.525),5.111]
			msglen: 1400528.712 bits.
Iteration #: 62
	103759.913	     0.491	[mu,kappa]: [(40.628,87.329),273.515]
	 20936.931	     0.099	[mu,kappa]: [(59.966,71.932),13.573]
	 22461.876	     0.106	[mu,kappa]: [(30.366,319.133),6.635]
	 20509.420	     0.097	[mu,kappa]: [(28.327,89.687),149.528]
	 43763.860	     0.207	[mu,kappa]: [(138.075,302.525),5.107]
			msglen: 1400524.634 bits.
Iteration #: 63
	103865.766	     0.491	[mu,kappa]: [(40.622,87.330),273.102]
	 20930.091	     0.099	[mu,kappa]: [(59.972,71.929),13.579]
	 22441.158	     0.106	[mu,kappa]: [(30.369,319.134),6.643]
	 20420.633	     0.097	[mu,kappa]: [(28.290,89.691),149.395]
	 43774.351	     0.207	[mu,kappa]: [(138.064,302.525),5.105]
			msglen: 1400521.295 bits.
Iteration #: 64
	103961.245	     0.492	[mu,kappa]: [(40.617,87.331),272.724]
	 20923.704	     0.099	[mu,kappa]: [(59.978,71.926),13.583]
	 22422.326	     0.106	[mu,kappa]: [(30.377,319.129),6.651]
	 20342.304	     0.096	[mu,kappa]: [(28.255,89.695),149.238]
	 43782.420	     0.207	[mu,kappa]: [(138.056,302.525),5.103]
			msglen: 1400518.546 bits.
Iteration #: 65
	104047.560	     0.492	[mu,kappa]: [(40.612,87.331),272.378]
	 20917.849	     0.099	[mu,kappa]: [(59.983,71.922),13.586]
	 22405.328	     0.106	[mu,kappa]: [(30.387,319.121),6.658]
	 20272.797	     0.096	[mu,kappa]: [(28.224,89.698),149.071]
	 43788.467	     0.207	[mu,kappa]: [(138.049,302.524),5.101]
			msglen: 1400516.276 bits.
Iteration #: 66
	104125.725	     0.492	[mu,kappa]: [(40.608,87.332),272.062]
	 20912.554	     0.099	[mu,kappa]: [(59.989,71.918),13.588]
	 22390.061	     0.106	[mu,kappa]: [(30.400,319.109),6.664]
	 20210.821	     0.096	[mu,kappa]: [(28.195,89.701),148.900]
	 43792.839	     0.207	[mu,kappa]: [(138.045,302.524),5.100]
			msglen: 1400514.395 bits.
Iteration #: 67
	104196.604	     0.493	[mu,kappa]: [(40.604,87.333),271.773]
	 20907.817	     0.099	[mu,kappa]: [(59.994,71.914),13.589]
	 22376.400	     0.106	[mu,kappa]: [(30.413,319.096),6.669]
	 20155.344	     0.095	[mu,kappa]: [(28.169,89.704),148.731]
	 43795.835	     0.207	[mu,kappa]: [(138.041,302.524),5.099]
			msglen: 1400512.834 bits.
Iteration #: 68
	104260.945	     0.493	[mu,kappa]: [(40.601,87.333),271.509]
	 20903.613	     0.099	[mu,kappa]: [(60.000,71.910),13.589]
	 22364.208	     0.106	[mu,kappa]: [(30.428,319.081),6.674]
	 20105.524	     0.095	[mu,kappa]: [(28.145,89.706),148.568]
	 43797.711	     0.207	[mu,kappa]: [(138.039,302.523),5.099]
			msglen: 1400511.537 bits.
Iteration #: 69
	104319.397	     0.493	[mu,kappa]: [(40.598,87.334),271.267]
	 20899.904	     0.099	[mu,kappa]: [(60.004,71.906),13.588]
	 22353.348	     0.106	[mu,kappa]: [(30.443,319.066),6.678]
	 20060.669	     0.095	[mu,kappa]: [(28.124,89.707),148.412]
	 43798.682	     0.207	[mu,kappa]: [(138.038,302.523),5.099]
			msglen: 1400510.458 bits.
Iteration #: 70
	104372.534	     0.494	[mu,kappa]: [(40.595,87.334),271.046]
	 20896.647	     0.099	[mu,kappa]: [(60.009,71.902),13.588]
	 22343.687	     0.106	[mu,kappa]: [(30.457,319.050),6.681]
	 20020.199	     0.095	[mu,kappa]: [(28.104,89.709),148.264]
	 43798.933	     0.207	[mu,kappa]: [(138.037,302.523),5.099]
			msglen: 1400509.559 bits.
Iteration #: 71
	104420.864	     0.494	[mu,kappa]: [(40.593,87.335),270.845]
	 20893.798	     0.099	[mu,kappa]: [(60.013,71.898),13.586]
	 22335.098	     0.106	[mu,kappa]: [(30.472,319.034),6.684]
	 19983.624	     0.095	[mu,kappa]: [(28.085,89.710),148.126]
	 43798.616	     0.207	[mu,kappa]: [(138.037,302.522),5.099]
			msglen: 1400508.810 bits.
Iteration #: 72
	104464.839	     0.494	[mu,kappa]: [(40.590,87.335),270.660]
	 20891.313	     0.099	[mu,kappa]: [(60.016,71.894),13.585]
	 22327.467	     0.106	[mu,kappa]: [(30.487,319.018),6.687]
	 19950.523	     0.094	[mu,kappa]: [(28.069,89.712),147.997]
	 43797.858	     0.207	[mu,kappa]: [(138.038,302.522),5.099]
			msglen: 1400508.186 bits.
Iteration #: 73
	104504.865	     0.494	[mu,kappa]: [(40.588,87.336),270.492]
	 20889.150	     0.099	[mu,kappa]: [(60.020,71.891),13.583]
	 22320.687	     0.106	[mu,kappa]: [(30.501,319.002),6.689]
	 19920.532	     0.094	[mu,kappa]: [(28.053,89.713),147.877]
	 43796.767	     0.207	[mu,kappa]: [(138.039,302.521),5.100]
			msglen: 1400507.665 bits.
Iteration #: 74
	104541.306	     0.494	[mu,kappa]: [(40.586,87.336),270.338]
	 20887.269	     0.099	[mu,kappa]: [(60.023,71.887),13.581]
	 22314.662	     0.106	[mu,kappa]: [(30.514,318.987),6.691]
	 19893.334	     0.094	[mu,kappa]: [(28.040,89.714),147.766]
	 43795.428	     0.207	[mu,kappa]: [(138.040,302.521),5.100]
			msglen: 1400507.231 bits.
Iteration #: 75
	104574.492	     0.495	[mu,kappa]: [(40.585,87.336),270.197]
	 20885.635	     0.099	[mu,kappa]: [(60.026,71.884),13.579]
	 22309.308	     0.106	[mu,kappa]: [(30.527,318.973),6.692]
	 19868.650	     0.094	[mu,kappa]: [(28.027,89.715),147.664]
	 43793.915	     0.207	[mu,kappa]: [(138.041,302.521),5.100]
			msglen: 1400506.868 bits.
Iteration #: 76
	104604.718	     0.495	[mu,kappa]: [(40.583,87.336),270.069]
	 20884.217	     0.099	[mu,kappa]: [(60.029,71.881),13.577]
	 22304.547	     0.105	[mu,kappa]: [(30.539,318.959),6.693]
	 19846.234	     0.094	[mu,kappa]: [(28.015,89.715),147.570]
	 43792.284	     0.207	[mu,kappa]: [(138.043,302.520),5.101]
			msglen: 1400506.566 bits.
Iteration #: 77
	104632.253	     0.495	[mu,kappa]: [(40.582,87.337),269.952]
	 20882.986	     0.099	[mu,kappa]: [(60.031,71.878),13.574]
	 22300.312	     0.105	[mu,kappa]: [(30.550,318.946),6.695]
	 19825.867	     0.094	[mu,kappa]: [(28.005,89.716),147.483]
	 43790.583	     0.207	[mu,kappa]: [(138.044,302.520),5.101]
			msglen: 1400506.313 bits.
Iteration #: 78
	104657.340	     0.495	[mu,kappa]: [(40.580,87.337),269.845]
	 20881.917	     0.099	[mu,kappa]: [(60.033,71.876),13.572]
	 22296.541	     0.105	[mu,kappa]: [(30.561,318.933),6.696]
	 19807.353	     0.094	[mu,kappa]: [(27.995,89.717),147.403]
	 43788.849	     0.207	[mu,kappa]: [(138.046,302.519),5.102]
			msglen: 1400506.102 bits.
Iteration #: 79
	104680.199	     0.495	[mu,kappa]: [(40.579,87.337),269.747]
	 20880.989	     0.099	[mu,kappa]: [(60.035,71.873),13.570]
	 22293.183	     0.105	[mu,kappa]: [(30.572,318.921),6.696]
	 19790.517	     0.094	[mu,kappa]: [(27.986,89.717),147.330]
	 43787.112	     0.207	[mu,kappa]: [(138.047,302.519),5.102]
			msglen: 1400505.926 bits.
Iteration #: 80
	104701.031	     0.495	[mu,kappa]: [(40.578,87.337),269.658]
	 20880.183	     0.099	[mu,kappa]: [(60.037,71.871),13.568]
	 22290.189	     0.105	[mu,kappa]: [(30.581,318.910),6.697]
	 19775.202	     0.094	[mu,kappa]: [(27.978,89.718),147.263]
	 43785.395	     0.207	[mu,kappa]: [(138.049,302.519),5.103]
			msglen: 1400505.779 bits.
Iteration #: 81
	104720.018	     0.495	[mu,kappa]: [(40.577,87.337),269.576]
	 20879.482	     0.099	[mu,kappa]: [(60.039,71.869),13.566]
	 22287.517	     0.105	[mu,kappa]: [(30.590,318.900),6.698]
	 19761.266	     0.093	[mu,kappa]: [(27.971,89.718),147.201]
	 43783.717	     0.207	[mu,kappa]: [(138.050,302.519),5.103]
			msglen: 1400505.656 bits.
Iteration #: 82
	104737.323	     0.495	[mu,kappa]: [(40.576,87.337),269.502]
	 20878.872	     0.099	[mu,kappa]: [(60.040,71.867),13.565]
	 22285.133	     0.105	[mu,kappa]: [(30.598,318.890),6.698]
	 19748.583	     0.093	[mu,kappa]: [(27.964,89.719),147.145]
	 43782.089	     0.207	[mu,kappa]: [(138.052,302.518),5.104]
			msglen: 1400505.553 bits.
Iteration #: 83
	104753.098	     0.495	[mu,kappa]: [(40.576,87.338),269.434]
	 20878.340	     0.099	[mu,kappa]: [(60.041,71.865),13.563]
	 22283.001	     0.105	[mu,kappa]: [(30.606,318.881),6.699]
	 19737.037	     0.093	[mu,kappa]: [(27.958,89.719),147.093]
	 43780.523	     0.207	[mu,kappa]: [(138.053,302.518),5.104]
			msglen: 1400505.468 bits.
Iteration #: 84
	104767.479	     0.496	[mu,kappa]: [(40.575,87.338),269.372]
	 20877.877	     0.099	[mu,kappa]: [(60.043,71.863),13.561]
	 22281.095	     0.105	[mu,kappa]: [(30.613,318.872),6.699]
	 19726.524	     0.093	[mu,kappa]: [(27.952,89.720),147.046]
	 43779.025	     0.207	[mu,kappa]: [(138.055,302.518),5.105]
			msglen: 1400505.396 bits.
Iteration #: 85
	104780.590	     0.496	[mu,kappa]: [(40.574,87.338),269.316]
	 20877.472	     0.099	[mu,kappa]: [(60.044,71.862),13.560]
	 22279.389	     0.105	[mu,kappa]: [(30.620,318.865),6.699]
	 19716.950	     0.093	[mu,kappa]: [(27.947,89.720),147.003]
	 43777.598	     0.207	[mu,kappa]: [(138.056,302.518),5.105]
			msglen: 1400505.336 bits.
Iteration #: 86
	104792.544	     0.496	[mu,kappa]: [(40.574,87.338),269.264]
	 20877.119	     0.099	[mu,kappa]: [(60.045,71.860),13.558]
	 22277.861	     0.105	[mu,kappa]: [(30.626,318.857),6.700]
	 19708.230	     0.093	[mu,kappa]: [(27.943,89.720),146.963]
	 43776.247	     0.207	[mu,kappa]: [(138.057,302.517),5.105]
			msglen: 1400505.286 bits.
Iteration #: 87
	104803.443	     0.496	[mu,kappa]: [(40.573,87.338),269.217]
	 20876.809	     0.099	[mu,kappa]: [(60.046,71.859),13.557]
	 22276.491	     0.105	[mu,kappa]: [(30.632,318.851),6.700]
	 19700.286	     0.093	[mu,kappa]: [(27.939,89.720),146.927]
	 43774.971	     0.207	[mu,kappa]: [(138.058,302.517),5.106]
			msglen: 1400505.245 bits.
Iteration #: 88
	104813.382	     0.496	[mu,kappa]: [(40.573,87.338),269.174]
	 20876.538	     0.099	[mu,kappa]: [(60.047,71.858),13.555]
	 22275.262	     0.105	[mu,kappa]: [(30.637,318.844),6.700]
	 19693.048	     0.093	[mu,kappa]: [(27.935,89.721),146.894]
	 43773.770	     0.207	[mu,kappa]: [(138.059,302.517),5.106]
			msglen: 1400505.210 bits.
Iteration #: 89
	104822.446	     0.496	[mu,kappa]: [(40.572,87.338),269.135]
	 20876.299	     0.099	[mu,kappa]: [(60.047,71.856),13.554]
	 22274.158	     0.105	[mu,kappa]: [(30.642,318.839),6.700]
	 19686.453	     0.093	[mu,kappa]: [(27.931,89.721),146.864]
	 43772.644	     0.207	[mu,kappa]: [(138.060,302.517),5.107]
			msglen: 1400505.180 bits.
Iteration #: 90
	104830.711	     0.496	[mu,kappa]: [(40.572,87.338),269.099]
	 20876.090	     0.099	[mu,kappa]: [(60.048,71.855),13.553]
	 22273.165	     0.105	[mu,kappa]: [(30.647,318.833),6.700]
	 19680.444	     0.093	[mu,kappa]: [(27.928,89.721),146.836]
	 43771.590	     0.207	[mu,kappa]: [(138.061,302.517),5.107]
			msglen: 1400505.156 bits.
Iteration #: 91
	104838.249	     0.496	[mu,kappa]: [(40.571,87.338),269.066]
	 20875.906	     0.099	[mu,kappa]: [(60.049,71.854),13.552]
	 22272.273	     0.105	[mu,kappa]: [(30.651,318.828),6.701]
	 19674.966	     0.093	[mu,kappa]: [(27.925,89.721),146.811]
	 43770.606	     0.207	[mu,kappa]: [(138.062,302.517),5.107]
			msglen: 1400505.136 bits.
Iteration #: 92
	104845.125	     0.496	[mu,kappa]: [(40.571,87.338),269.036]
	 20875.743	     0.099	[mu,kappa]: [(60.049,71.854),13.551]
	 22271.470	     0.105	[mu,kappa]: [(30.655,318.824),6.701]
	 19669.974	     0.093	[mu,kappa]: [(27.922,89.721),146.788]
	 43769.689	     0.207	[mu,kappa]: [(138.063,302.516),5.107]
			msglen: 1400505.119 bits.
Iteration #: 93
	104851.395	     0.496	[mu,kappa]: [(40.571,87.338),269.009]
	 20875.600	     0.099	[mu,kappa]: [(60.050,71.853),13.550]
	 22270.746	     0.105	[mu,kappa]: [(30.658,318.820),6.701]
	 19665.423	     0.093	[mu,kappa]: [(27.920,89.722),146.767]
	 43768.836	     0.207	[mu,kappa]: [(138.064,302.516),5.108]
			msglen: 1400505.104 bits.
Iteration #: 94
	104857.115	     0.496	[mu,kappa]: [(40.570,87.338),268.984]
	 20875.473	     0.099	[mu,kappa]: [(60.050,71.852),13.549]
	 22270.094	     0.105	[mu,kappa]: [(30.661,318.816),6.701]
	 19661.274	     0.093	[mu,kappa]: [(27.918,89.722),146.747]
	 43768.044	     0.207	[mu,kappa]: [(138.065,302.516),5.108]
			msglen: 1400505.092 bits.
Iteration #: 95
	104862.332	     0.496	[mu,kappa]: [(40.570,87.338),268.962]
	 20875.361	     0.099	[mu,kappa]: [(60.051,71.851),13.549]
	 22269.506	     0.105	[mu,kappa]: [(30.664,318.812),6.701]
	 19657.491	     0.093	[mu,kappa]: [(27.916,89.722),146.730]
	 43767.309	     0.207	[mu,kappa]: [(138.065,302.516),5.108]
			msglen: 1400505.083 bits.
Iteration #: 96
	104867.091	     0.496	[mu,kappa]: [(40.570,87.338),268.941]
	 20875.262	     0.099	[mu,kappa]: [(60.051,71.851),13.548]
	 22268.975	     0.105	[mu,kappa]: [(30.667,318.809),6.701]
	 19654.042	     0.093	[mu,kappa]: [(27.914,89.722),146.714]
	 43766.629	     0.207	[mu,kappa]: [(138.066,302.516),5.108]
			msglen: 1400505.074 bits.
Iteration #: 97
	104871.433	     0.496	[mu,kappa]: [(40.570,87.338),268.922]
	 20875.173	     0.099	[mu,kappa]: [(60.052,71.850),13.547]
	 22268.496	     0.105	[mu,kappa]: [(30.670,318.806),6.701]
	 19650.897	     0.093	[mu,kappa]: [(27.912,89.722),146.699]
	 43766.000	     0.207	[mu,kappa]: [(138.067,302.516),5.108]
			msglen: 1400505.067 bits.
Iteration #: 98
	104875.393	     0.496	[mu,kappa]: [(40.569,87.339),268.905]
	 20875.095	     0.099	[mu,kappa]: [(60.052,71.850),13.547]
	 22268.063	     0.105	[mu,kappa]: [(30.672,318.803),6.701]
	 19648.029	     0.093	[mu,kappa]: [(27.911,89.722),146.686]
	 43765.419	     0.207	[mu,kappa]: [(138.067,302.516),5.109]
			msglen: 1400505.061 bits.
Iteration #: 99
	104879.007	     0.496	[mu,kappa]: [(40.569,87.339),268.889]
	 20875.025	     0.099	[mu,kappa]: [(60.052,71.849),13.546]
	 22267.671	     0.105	[mu,kappa]: [(30.674,318.801),6.701]
	 19645.414	     0.093	[mu,kappa]: [(27.909,89.722),146.673]
	 43764.883	     0.207	[mu,kappa]: [(138.068,302.516),5.109]
			msglen: 1400505.056 bits.
Iteration #: 100
	104882.303	     0.496	[mu,kappa]: [(40.569,87.339),268.875]
	 20874.963	     0.099	[mu,kappa]: [(60.052,71.849),13.546]
	 22267.317	     0.105	[mu,kappa]: [(30.676,318.798),6.701]
	 19643.029	     0.093	[mu,kappa]: [(27.908,89.722),146.662]
	 43764.388	     0.207	[mu,kappa]: [(138.068,302.516),5.109]
			msglen: 1400505.052 bits.
