Iteration #: 0
	 30285.000	     0.143	[mu,kappa]: [(37.151,67.144),2.198]
	 30225.000	     0.143	[mu,kappa]: [(37.095,67.159),2.219]
	 30117.000	     0.142	[mu,kappa]: [(36.859,66.808),2.208]
	 30058.000	     0.142	[mu,kappa]: [(36.851,66.992),2.204]
	 30222.000	     0.143	[mu,kappa]: [(36.845,66.825),2.177]
	 30250.000	     0.143	[mu,kappa]: [(36.988,66.704),2.174]
	 30275.000	     0.143	[mu,kappa]: [(36.883,67.313),2.223]
			msglen: 0.000 bits.
Iteration #: 1
	 30283.201	     0.143	[mu,kappa]: [(37.050,67.029),2.197]
	 30225.233	     0.143	[mu,kappa]: [(36.997,67.622),2.259]
	 30115.403	     0.142	[mu,kappa]: [(36.891,67.100),2.217]
	 30056.389	     0.142	[mu,kappa]: [(36.905,67.069),2.210]
	 30223.156	     0.143	[mu,kappa]: [(36.934,66.207),2.130]
	 30252.127	     0.143	[mu,kappa]: [(36.993,66.103),2.119]
	 30276.490	     0.143	[mu,kappa]: [(36.913,67.762),2.276]
			msglen: 2009412.012 bits.
Iteration #: 2
	 30266.455	     0.143	[mu,kappa]: [(36.999,66.933),2.192]
	 30227.988	     0.143	[mu,kappa]: [(36.943,68.839),2.392]
	 30100.369	     0.142	[mu,kappa]: [(36.907,67.506),2.253]
	 30040.405	     0.142	[mu,kappa]: [(36.920,67.307),2.233]
	 30233.947	     0.143	[mu,kappa]: [(37.034,64.443),1.988]
	 30271.737	     0.143	[mu,kappa]: [(37.083,64.051),1.958]
	 30291.099	     0.143	[mu,kappa]: [(36.906,69.281),2.446]
			msglen: 2007943.700 bits.
Iteration #: 3
	 30104.525	     0.142	[mu,kappa]: [(36.943,66.852),2.195]
	 30268.899	     0.143	[mu,kappa]: [(36.940,72.141),2.873]
	 29959.505	     0.142	[mu,kappa]: [(36.874,68.707),2.389]
	 29888.699	     0.141	[mu,kappa]: [(36.884,68.103),2.322]
	 30320.086	     0.143	[mu,kappa]: [(37.576,57.864),1.608]
	 30440.470	     0.144	[mu,kappa]: [(37.820,56.103),1.530]
	 30449.815	     0.144	[mu,kappa]: [(36.969,73.210),3.080]
			msglen: 1994401.368 bits.
Iteration #: 4
	 28675.326	     0.136	[mu,kappa]: [(36.617,67.572),2.345]
	 30994.376	     0.147	[mu,kappa]: [(37.336,78.607),5.377]
	 28834.159	     0.136	[mu,kappa]: [(36.709,72.346),3.019]
	 28628.523	     0.135	[mu,kappa]: [(36.649,70.922),2.773]
	 30607.000	     0.145	[mu,kappa]: [(46.403,26.050),0.875]
	 31381.018	     0.148	[mu,kappa]: [(53.202,15.270),0.754]
	 32311.598	     0.153	[mu,kappa]: [(37.583,80.052),6.768]
			msglen: 1899768.336 bits.
Iteration #: 5
	 21100.848	     0.100	[mu,kappa]: [(35.013,69.146),3.254]
	 37580.935	     0.178	[mu,kappa]: [(38.635,83.864),24.487]
	 23423.247	     0.111	[mu,kappa]: [(36.429,77.336),6.263]
	 22324.500	     0.106	[mu,kappa]: [(35.952,75.246),4.995]
	 28218.674	     0.133	[mu,kappa]: [(110.113,321.407),1.100]
	 31559.827	     0.149	[mu,kappa]: [(119.218,314.484),1.419]
	 47223.969	     0.223	[mu,kappa]: [(39.041,84.934),36.179]
			msglen: 1621987.964 bits.
Iteration #: 6
	 11369.582	     0.054	[mu,kappa]: [(31.442,52.221),3.922]
	 44518.641	     0.211	[mu,kappa]: [(39.492,86.245),71.616]
	 13944.883	     0.066	[mu,kappa]: [(36.168,73.432),8.775]
	 12641.580	     0.060	[mu,kappa]: [(34.607,67.899),6.514]
	 24817.923	     0.117	[mu,kappa]: [(120.279,307.422),2.310]
	 30875.576	     0.146	[mu,kappa]: [(126.333,304.372),2.888]
	 73263.816	     0.347	[mu,kappa]: [(39.676,86.886),114.590]
			msglen: 1468222.801 bits.
Iteration #: 7
	 11287.189	     0.053	[mu,kappa]: [(28.322,34.075),3.965]
	 42218.149	     0.200	[mu,kappa]: [(39.618,86.660),98.825]
	 11566.751	     0.055	[mu,kappa]: [(37.172,69.560),7.982]
	 11098.016	     0.052	[mu,kappa]: [(34.272,60.379),5.809]
	 23526.581	     0.111	[mu,kappa]: [(120.512,305.589),2.578]
	 30247.846	     0.143	[mu,kappa]: [(129.566,302.891),3.435]
	 81487.468	     0.385	[mu,kappa]: [(39.833,87.338),184.428]
			msglen: 1443310.145 bits.
Iteration #: 8
	 13078.558	     0.062	[mu,kappa]: [(24.116,20.236),4.191]
	 39725.208	     0.188	[mu,kappa]: [(39.569,86.614),99.538]
	 12403.945	     0.059	[mu,kappa]: [(39.768,69.958),7.787]
	 11996.081	     0.057	[mu,kappa]: [(34.737,59.451),5.460]
	 22151.971	     0.105	[mu,kappa]: [(120.395,304.604),2.706]
	 29553.001	     0.140	[mu,kappa]: [(133.474,302.312),3.997]
	 82523.235	     0.390	[mu,kappa]: [(39.911,87.515),232.996]
			msglen: 1434303.070 bits.
Iteration #: 9
	 14652.642	     0.069	[mu,kappa]: [(21.563,0.415),4.685]
	 38565.929	     0.182	[mu,kappa]: [(39.419,86.462),91.904]
	 13239.498	     0.063	[mu,kappa]: [(43.667,71.310),8.097]
	 12401.218	     0.059	[mu,kappa]: [(36.370,60.355),5.302]
	 20775.847	     0.098	[mu,kappa]: [(119.061,303.644),2.841]
	 29130.462	     0.138	[mu,kappa]: [(137.165,302.132),4.709]
	 82666.404	     0.391	[mu,kappa]: [(39.969,87.620),272.846]
			msglen: 1426583.856 bits.
Iteration #: 10
	 15879.020	     0.075	[mu,kappa]: [(22.118,339.856),5.619]
	 38570.080	     0.182	[mu,kappa]: [(39.140,86.327),83.649]
	 13775.648	     0.065	[mu,kappa]: [(48.032,72.364),8.754]
	 12066.280	     0.057	[mu,kappa]: [(39.141,61.791),5.294]
	 19507.558	     0.092	[mu,kappa]: [(116.446,302.499),3.011]
	 28945.377	     0.137	[mu,kappa]: [(140.568,302.363),5.515]
	 82688.037	     0.391	[mu,kappa]: [(40.017,87.686),305.027]
			msglen: 1419381.361 bits.
Iteration #: 11
	 16714.156	     0.079	[mu,kappa]: [(24.111,327.385),6.825]
	 39415.239	     0.186	[mu,kappa]: [(38.701,86.273),77.138]
	 14022.990	     0.066	[mu,kappa]: [(51.833,72.776),9.551]
	 11319.330	     0.054	[mu,kappa]: [(42.385,63.084),5.411]
	 18509.361	     0.088	[mu,kappa]: [(112.732,300.973),3.290]
	 28887.165	     0.137	[mu,kappa]: [(143.637,303.033),6.317]
	 82563.760	     0.390	[mu,kappa]: [(40.066,87.720),328.789]
			msglen: 1413696.218 bits.
Iteration #: 12
	 17042.377	     0.081	[mu,kappa]: [(25.525,322.295),7.810]
	 40718.037	     0.193	[mu,kappa]: [(38.128,86.305),72.457]
	 13957.410	     0.066	[mu,kappa]: [(54.744,72.729),10.289]
	 10579.607	     0.050	[mu,kappa]: [(45.338,63.630),5.488]
	 17974.267	     0.085	[mu,kappa]: [(108.265,299.037),3.790]
	 28825.627	     0.136	[mu,kappa]: [(146.451,304.205),7.020]
	 82334.674	     0.389	[mu,kappa]: [(40.126,87.730),345.120]
			msglen: 1409386.648 bits.
Iteration #: 13
	 17024.638	     0.081	[mu,kappa]: [(25.953,320.998),8.477]
	 42041.954	     0.199	[mu,kappa]: [(37.524,86.381),69.161]
	 13669.001	     0.065	[mu,kappa]: [(57.044,72.564),11.033]
	 10000.896	     0.047	[mu,kappa]: [(48.157,63.341),5.381]
	 17852.274	     0.084	[mu,kappa]: [(103.848,296.937),4.683]
	 28695.651	     0.136	[mu,kappa]: [(149.101,305.914),7.617]
	 82147.586	     0.389	[mu,kappa]: [(40.201,87.722),355.693]
			msglen: 1405332.430 bits.
Iteration #: 14
	 16962.471	     0.080	[mu,kappa]: [(25.708,321.403),8.981]
	 43069.681	     0.204	[mu,kappa]: [(36.973,86.461),66.874]
	 13272.818	     0.063	[mu,kappa]: [(58.770,72.535),12.082]
	  9536.317	     0.045	[mu,kappa]: [(51.472,62.446),5.131]
	 17938.310	     0.085	[mu,kappa]: [(100.471,295.147),6.091]
	 28507.308	     0.135	[mu,kappa]: [(151.338,307.789),8.205]
	 82145.096	     0.389	[mu,kappa]: [(40.283,87.701),361.724]
			msglen: 1401551.457 bits.
Iteration #: 15
	 17069.720	     0.081	[mu,kappa]: [(25.293,322.357),9.342]
	 43664.723	     0.207	[mu,kappa]: [(36.495,86.535),65.374]
	 12850.894	     0.061	[mu,kappa]: [(59.728,72.827),13.838]
	  9140.943	     0.043	[mu,kappa]: [(55.728,61.279),4.849]
	 18029.187	     0.085	[mu,kappa]: [(98.591,294.116),7.552]
	 28309.826	     0.134	[mu,kappa]: [(152.730,308.955),8.859]
	 82366.708	     0.390	[mu,kappa]: [(40.362,87.676),364.147]
			msglen: 1398894.924 bits.
Iteration #: 16
	 17357.523	     0.082	[mu,kappa]: [(25.013,323.274),9.498]
	 43788.114	     0.207	[mu,kappa]: [(36.059,86.613),64.618]
	 12508.314	     0.059	[mu,kappa]: [(59.887,73.515),16.785]
	  8854.053	     0.042	[mu,kappa]: [(61.255,60.171),4.611]
	 18000.702	     0.085	[mu,kappa]: [(97.767,293.712),8.465]
	 28146.070	     0.133	[mu,kappa]: [(153.253,309.069),9.467]
	 82777.224	     0.392	[mu,kappa]: [(40.431,87.650),363.902]
			msglen: 1396854.428 bits.
Iteration #: 17
	 17725.528	     0.084	[mu,kappa]: [(24.851,324.204),9.488]
	 43421.756	     0.205	[mu,kappa]: [(35.613,86.713),64.727]
	 12353.109	     0.058	[mu,kappa]: [(59.412,74.562),21.586]
	  8699.930	     0.041	[mu,kappa]: [(67.723,59.300),4.511]
	 17923.462	     0.085	[mu,kappa]: [(97.432,293.574),8.899]
	 27973.993	     0.132	[mu,kappa]: [(153.282,308.592),9.961]
	 83334.222	     0.394	[mu,kappa]: [(40.489,87.625),361.861]
			msglen: 1394575.472 bits.
Iteration #: 18
	 18114.801	     0.086	[mu,kappa]: [(24.752,325.267),9.391]
	 42522.351	     0.201	[mu,kappa]: [(35.101,86.858),66.029]
	 12477.330	     0.059	[mu,kappa]: [(58.552,75.832),29.000]
	  8653.972	     0.041	[mu,kappa]: [(74.023,58.805),4.614]
	 17862.178	     0.084	[mu,kappa]: [(97.287,293.529),9.094]
	 27783.426	     0.131	[mu,kappa]: [(153.134,307.964),10.370]
	 84017.942	     0.397	[mu,kappa]: [(40.541,87.601),358.721]
			msglen: 1391822.564 bits.
Iteration #: 19
	 18488.167	     0.087	[mu,kappa]: [(24.701,326.422),9.254]
	 41063.829	     0.194	[mu,kappa]: [(34.480,87.064),69.034]
	 12912.326	     0.061	[mu,kappa]: [(57.471,77.073),39.397]
	  8706.946	     0.041	[mu,kappa]: [(79.089,58.843),4.898]
	 17829.887	     0.084	[mu,kappa]: [(97.216,293.517),9.188]
	 27602.363	     0.131	[mu,kappa]: [(152.965,307.406),10.700]
	 84828.482	     0.401	[mu,kappa]: [(40.589,87.577),355.057]
			msglen: 1388700.042 bits.
Iteration #: 20
	 18825.227	     0.089	[mu,kappa]: [(24.670,327.565),9.104]
	 39113.959	     0.185	[mu,kappa]: [(33.740,87.341),74.369]
	 13596.367	     0.064	[mu,kappa]: [(56.293,78.074),51.714]
	  8855.620	     0.042	[mu,kappa]: [(82.408,59.425),5.289]
	 17818.631	     0.084	[mu,kappa]: [(97.186,293.515),9.236]
	 27460.661	     0.130	[mu,kappa]: [(152.839,307.008),10.943]
	 85761.534	     0.406	[mu,kappa]: [(40.637,87.553),351.533]
			msglen: 1385476.292 bits.
Iteration #: 21
	 19126.262	     0.090	[mu,kappa]: [(24.620,328.630),8.955]
	 36873.368	     0.174	[mu,kappa]: [(32.930,87.679),82.633]
	 14383.346	     0.068	[mu,kappa]: [(55.162,78.804),63.755]
	  9082.046	     0.043	[mu,kappa]: [(84.024,60.307),5.694]
	 17818.407	     0.084	[mu,kappa]: [(97.185,293.514),9.262]
	 27373.410	     0.129	[mu,kappa]: [(152.776,306.791),11.093]
	 86775.162	     0.410	[mu,kappa]: [(40.679,87.531),349.011]
			msglen: 1382393.287 bits.
Iteration #: 22
	 19404.391	     0.092	[mu,kappa]: [(24.505,329.593),8.817]
	 34616.204	     0.164	[mu,kappa]: [(32.153,88.047),93.960]
	 15111.913	     0.071	[mu,kappa]: [(54.174,79.331),74.077]
	  9357.204	     0.044	[mu,kappa]: [(84.344,61.208),6.053]
	 17823.541	     0.084	[mu,kappa]: [(97.201,293.510),9.274]
	 27339.072	     0.129	[mu,kappa]: [(152.772,306.734),11.156]
	 87779.675	     0.415	[mu,kappa]: [(40.706,87.516),348.254]
			msglen: 1379687.965 bits.
Iteration #: 23
	 19674.135	     0.093	[mu,kappa]: [(24.297,330.471),8.694]
	 32560.155	     0.154	[mu,kappa]: [(31.514,88.394),107.311]
	 15693.909	     0.074	[mu,kappa]: [(53.360,79.720),82.413]
	  9650.139	     0.046	[mu,kappa]: [(83.872,61.983),6.352]
	 17832.790	     0.084	[mu,kappa]: [(97.222,293.505),9.277]
	 27345.367	     0.129	[mu,kappa]: [(152.808,306.792),11.152]
	 88675.505	     0.419	[mu,kappa]: [(40.709,87.512),349.379]
			msglen: 1377605.230 bits.
Iteration #: 24
	 19935.674	     0.094	[mu,kappa]: [(24.006,331.289),8.588]
	 30797.025	     0.146	[mu,kappa]: [(31.054,88.680),120.604]
	 16141.916	     0.076	[mu,kappa]: [(52.707,80.026),89.120]
	  9936.474	     0.047	[mu,kappa]: [(83.016,62.608),6.600]
	 17846.953	     0.084	[mu,kappa]: [(97.234,293.500),9.271]
	 27377.878	     0.129	[mu,kappa]: [(152.867,306.918),11.104]
	 89396.079	     0.423	[mu,kappa]: [(40.684,87.520),351.713]
			msglen: 1376188.141 bits.
Iteration #: 25
	 20170.958	     0.095	[mu,kappa]: [(23.680,332.045),8.503]
	 29334.281	     0.139	[mu,kappa]: [(30.744,88.890),132.065]
	 16516.020	     0.078	[mu,kappa]: [(52.180,80.286),94.762]
	 10201.882	     0.048	[mu,kappa]: [(82.041,63.106),6.812]
	 17866.114	     0.085	[mu,kappa]: [(97.227,293.499),9.257]
	 27425.171	     0.130	[mu,kappa]: [(152.933,307.075),11.032]
	 89917.573	     0.425	[mu,kappa]: [(40.640,87.537),354.390]
			msglen: 1375269.789 bits.
Iteration #: 26
	 20360.347	     0.096	[mu,kappa]: [(23.374,332.708),8.439]
	 28147.480	     0.133	[mu,kappa]: [(30.530,89.037),141.046]
	 16860.855	     0.080	[mu,kappa]: [(51.745,80.521),99.805]
	 10442.751	     0.049	[mu,kappa]: [(81.088,63.508),7.000]
	 17888.290	     0.085	[mu,kappa]: [(97.199,293.502),9.237]
	 27479.795	     0.130	[mu,kappa]: [(152.996,307.236),10.949]
	 90252.484	     0.427	[mu,kappa]: [(40.585,87.559),356.941]
			msglen: 1374658.350 bits.
Iteration #: 27
	 20496.019	     0.097	[mu,kappa]: [(23.118,333.251),8.397]
	 27197.777	     0.129	[mu,kappa]: [(30.372,89.137),147.703]
	 17193.808	     0.081	[mu,kappa]: [(51.376,80.737),104.513]
	 10662.510	     0.050	[mu,kappa]: [(80.207,63.839),7.170]
	 17910.251	     0.085	[mu,kappa]: [(97.154,293.507),9.214]
	 27537.499	     0.130	[mu,kappa]: [(153.051,307.388),10.865]
	 90434.137	     0.428	[mu,kappa]: [(40.528,87.583),359.286]
			msglen: 1374226.233 bits.
Iteration #: 28
	 20581.287	     0.097	[mu,kappa]: [(22.921,333.663),8.374]
	 26441.132	     0.125	[mu,kappa]: [(30.246,89.206),152.472]
	 17518.704	     0.083	[mu,kappa]: [(51.056,80.937),109.008]
	 10866.635	     0.051	[mu,kappa]: [(79.408,64.116),7.326]
	 17929.058	     0.085	[mu,kappa]: [(97.097,293.513),9.190]
	 27596.030	     0.131	[mu,kappa]: [(153.097,307.526),10.783]
	 90499.154	     0.428	[mu,kappa]: [(40.472,87.606),361.484]
			msglen: 1373901.672 bits.
Iteration #: 29
	 20624.778	     0.098	[mu,kappa]: [(22.780,333.948),8.365]
	 25836.325	     0.122	[mu,kappa]: [(30.139,89.254),155.793]
	 17835.758	     0.084	[mu,kappa]: [(50.773,81.121),113.342]
	 11059.816	     0.052	[mu,kappa]: [(78.684,64.352),7.468]
	 17942.872	     0.085	[mu,kappa]: [(97.035,293.518),9.168]
	 27654.154	     0.131	[mu,kappa]: [(153.133,307.647),10.706]
	 90478.297	     0.428	[mu,kappa]: [(40.420,87.629),363.592]
			msglen: 1373645.036 bits.
Iteration #: 30
	 20636.094	     0.098	[mu,kappa]: [(22.684,334.121),8.367]
	 25348.939	     0.120	[mu,kappa]: [(30.045,89.288),158.032]
	 18144.938	     0.086	[mu,kappa]: [(50.519,81.292),117.535]
	 11245.206	     0.053	[mu,kappa]: [(78.024,64.555),7.598]
	 17950.987	     0.085	[mu,kappa]: [(96.971,293.523),9.149]
	 27711.095	     0.131	[mu,kappa]: [(153.160,307.754),10.635]
	 90394.742	     0.428	[mu,kappa]: [(40.371,87.651),365.644]
			msglen: 1373433.791 bits.
Iteration #: 31
	 20623.800	     0.098	[mu,kappa]: [(22.626,334.198),8.378]
	 24951.939	     0.118	[mu,kappa]: [(29.960,89.312),159.474]
	 18446.539	     0.087	[mu,kappa]: [(50.290,81.450),121.596]
	 11424.607	     0.054	[mu,kappa]: [(77.417,64.733),7.715]
	 17953.519	     0.085	[mu,kappa]: [(96.909,293.527),9.134]
	 27766.293	     0.131	[mu,kappa]: [(153.181,307.847),10.569]
	 90265.305	     0.427	[mu,kappa]: [(40.326,87.672),367.654]
			msglen: 1373254.626 bits.
Iteration #: 32
	 20594.843	     0.097	[mu,kappa]: [(22.597,334.199),8.393]
	 24624.693	     0.116	[mu,kappa]: [(29.882,89.330),160.331]
	 18741.092	     0.089	[mu,kappa]: [(50.080,81.596),125.529]
	 11598.872	     0.055	[mu,kappa]: [(76.856,64.889),7.821]
	 17951.074	     0.085	[mu,kappa]: [(96.850,293.530),9.122]
	 27819.312	     0.132	[mu,kappa]: [(153.197,307.928),10.508]
	 90102.115	     0.426	[mu,kappa]: [(40.283,87.692),369.627]
			msglen: 1373099.360 bits.
Iteration #: 33
	 20554.585	     0.097	[mu,kappa]: [(22.589,334.140),8.412]
	 24351.634	     0.115	[mu,kappa]: [(29.811,89.342),160.764]
	 19029.202	     0.090	[mu,kappa]: [(49.888,81.732),129.335]
	 11768.266	     0.056	[mu,kappa]: [(76.335,65.029),7.916]
	 17944.484	     0.085	[mu,kappa]: [(96.797,293.531),9.113]
	 27869.821	     0.132	[mu,kappa]: [(153.208,308.000),10.451]
	 89914.007	     0.425	[mu,kappa]: [(40.244,87.710),371.562]
			msglen: 1372962.757 bits.
Iteration #: 34
	 20507.052	     0.097	[mu,kappa]: [(22.598,334.035),8.434]
	 24121.030	     0.114	[mu,kappa]: [(29.745,89.351),160.893]
	 19311.449	     0.091	[mu,kappa]: [(49.711,81.859),133.016]
	 11932.728	     0.056	[mu,kappa]: [(75.850,65.153),8.002]
	 17934.636	     0.085	[mu,kappa]: [(96.750,293.532),9.108]
	 27917.588	     0.132	[mu,kappa]: [(153.216,308.064),10.400]
	 89707.516	     0.424	[mu,kappa]: [(40.206,87.728),373.460]
			msglen: 1372841.317 bits.
Iteration #: 35
	 20455.213	     0.097	[mu,kappa]: [(22.620,333.897),8.456]
	 23924.007	     0.113	[mu,kappa]: [(29.684,89.356),160.805]
	 19588.330	     0.093	[mu,kappa]: [(49.547,81.977),136.569]
	 12092.046	     0.057	[mu,kappa]: [(75.399,65.266),8.080]
	 17922.371	     0.085	[mu,kappa]: [(96.708,293.533),9.105]
	 27962.465	     0.132	[mu,kappa]: [(153.222,308.121),10.353]
	 89487.567	     0.423	[mu,kappa]: [(40.171,87.744),375.319]
			msglen: 1372732.587 bits.
Iteration #: 36
	 20401.228	     0.096	[mu,kappa]: [(22.650,333.737),8.479]
	 23753.809	     0.112	[mu,kappa]: [(29.627,89.360),160.566]
	 19860.234	     0.094	[mu,kappa]: [(49.394,82.088),139.992]
	 12245.968	     0.058	[mu,kappa]: [(74.978,65.369),8.150]
	 17908.434	     0.085	[mu,kappa]: [(96.672,293.532),9.103]
	 28004.387	     0.132	[mu,kappa]: [(153.226,308.172),10.309]
	 89257.940	     0.422	[mu,kappa]: [(40.138,87.760),377.138]
			msglen: 1372634.768 bits.
Iteration #: 37
	 20346.647	     0.096	[mu,kappa]: [(22.687,333.561),8.503]
	 23605.256	     0.112	[mu,kappa]: [(29.574,89.363),160.224]
	 20127.437	     0.095	[mu,kappa]: [(49.252,82.192),143.286]
	 12394.268	     0.059	[mu,kappa]: [(74.586,65.463),8.213]
	 17893.453	     0.085	[mu,kappa]: [(96.641,293.531),9.104]
	 28043.353	     0.133	[mu,kappa]: [(153.228,308.218),10.269]
	 89021.586	     0.421	[mu,kappa]: [(40.107,87.775),378.914]
			msglen: 1372546.469 bits.
Iteration #: 38
	 20292.565	     0.096	[mu,kappa]: [(22.729,333.376),8.525]
	 23474.345	     0.111	[mu,kappa]: [(29.524,89.364),159.815]
	 20390.111	     0.096	[mu,kappa]: [(49.119,82.289),146.449]
	 12536.780	     0.059	[mu,kappa]: [(74.220,65.549),8.271]
	 17877.939	     0.085	[mu,kappa]: [(96.615,293.530),9.106]
	 28079.418	     0.133	[mu,kappa]: [(153.231,308.260),10.233]
	 88780.843	     0.420	[mu,kappa]: [(40.077,87.790),380.648]
			msglen: 1372466.576 bits.
Iteration #: 39
	 20239.742	     0.096	[mu,kappa]: [(22.774,333.188),8.548]
	 23357.958	     0.110	[mu,kappa]: [(29.478,89.365),159.364]
	 20648.338	     0.098	[mu,kappa]: [(48.995,82.380),149.480]
	 12673.410	     0.060	[mu,kappa]: [(73.878,65.629),8.323]
	 17862.297	     0.084	[mu,kappa]: [(96.593,293.528),9.108]
	 28112.677	     0.133	[mu,kappa]: [(153.232,308.299),10.199]
	 88537.579	     0.419	[mu,kappa]: [(40.048,87.803),382.338]
			msglen: 1372394.157 bits.
Iteration #: 40
	 20188.686	     0.095	[mu,kappa]: [(22.820,332.998),8.569]
	 23253.649	     0.110	[mu,kappa]: [(29.434,89.365),158.891]
	 20902.132	     0.099	[mu,kappa]: [(48.878,82.466),152.382]
	 12804.145	     0.061	[mu,kappa]: [(73.559,65.703),8.371]
	 17846.833	     0.084	[mu,kappa]: [(96.575,293.526),9.112]
	 28143.256	     0.133	[mu,kappa]: [(153.234,308.335),10.169]
	 88293.299	     0.418	[mu,kappa]: [(40.021,87.816),383.984]
			msglen: 1372328.414 bits.
Iteration #: 41
	 20139.724	     0.095	[mu,kappa]: [(22.867,332.811),8.590]
	 23159.483	     0.110	[mu,kappa]: [(29.394,89.364),158.409]
	 21151.457	     0.100	[mu,kappa]: [(48.769,82.546),155.158]
	 12929.038	     0.061	[mu,kappa]: [(73.262,65.772),8.415]
	 17831.775	     0.084	[mu,kappa]: [(96.560,293.524),9.115]
	 28171.304	     0.133	[mu,kappa]: [(153.235,308.368),10.140]
	 88049.220	     0.416	[mu,kappa]: [(39.995,87.829),385.584]
			msglen: 1372268.653 bits.
Iteration #: 42
	 20093.046	     0.095	[mu,kappa]: [(22.914,332.628),8.609]
	 23073.918	     0.109	[mu,kappa]: [(29.356,89.363),157.929]
	 21396.246	     0.101	[mu,kappa]: [(48.666,82.622),157.809]
	 13048.202	     0.062	[mu,kappa]: [(72.984,65.836),8.456]
	 17817.283	     0.084	[mu,kappa]: [(96.549,293.522),9.119]
	 28196.981	     0.133	[mu,kappa]: [(153.236,308.398),10.114]
	 87806.323	     0.415	[mu,kappa]: [(39.971,87.841),387.141]
			msglen: 1372214.259 bits.
Iteration #: 43
	 20048.745	     0.095	[mu,kappa]: [(22.960,332.451),8.628]
	 22995.715	     0.109	[mu,kappa]: [(29.320,89.362),157.457]
	 21636.417	     0.102	[mu,kappa]: [(48.568,82.694),160.341]
	 13161.801	     0.062	[mu,kappa]: [(72.724,65.896),8.493]
	 17803.465	     0.084	[mu,kappa]: [(96.540,293.520),9.124]
	 28220.454	     0.133	[mu,kappa]: [(153.238,308.427),10.091]
	 87565.401	     0.414	[mu,kappa]: [(39.947,87.852),388.652]
			msglen: 1372164.685 bits.
Iteration #: 44
	 20006.842	     0.095	[mu,kappa]: [(23.006,332.281),8.645]
	 22923.871	     0.108	[mu,kappa]: [(29.286,89.361),156.998]
	 21871.885	     0.103	[mu,kappa]: [(48.477,82.762),162.759]
	 13270.033	     0.063	[mu,kappa]: [(72.482,65.952),8.527]
	 17790.386	     0.084	[mu,kappa]: [(96.533,293.518),9.128]
	 28241.894	     0.134	[mu,kappa]: [(153.239,308.454),10.069]
	 87327.089	     0.413	[mu,kappa]: [(39.924,87.863),390.120]
			msglen: 1372119.446 bits.
Iteration #: 45
	 19967.306	     0.094	[mu,kappa]: [(23.051,332.117),8.662]
	 22857.567	     0.108	[mu,kappa]: [(29.255,89.360),156.555]
	 22102.570	     0.105	[mu,kappa]: [(48.390,82.826),165.068]
	 13373.122	     0.063	[mu,kappa]: [(72.254,66.005),8.559]
	 17778.078	     0.084	[mu,kappa]: [(96.529,293.516),9.132]
	 28261.465	     0.134	[mu,kappa]: [(153.241,308.479),10.048]
	 87091.892	     0.412	[mu,kappa]: [(39.902,87.874),391.544]
			msglen: 1372078.105 bits.
Iteration #: 46
	 19930.072	     0.094	[mu,kappa]: [(23.094,331.961),8.678]
	 22796.127	     0.108	[mu,kappa]: [(29.225,89.358),156.131]
	 22328.407	     0.106	[mu,kappa]: [(48.308,82.886),167.273]
	 13471.306	     0.064	[mu,kappa]: [(72.042,66.056),8.589]
	 17766.549	     0.084	[mu,kappa]: [(96.526,293.514),9.136]
	 28279.330	     0.134	[mu,kappa]: [(153.243,308.503),10.030]
	 86860.208	     0.411	[mu,kappa]: [(39.881,87.884),392.926]
			msglen: 1372040.276 bits.
Iteration #: 47
	 19895.050	     0.094	[mu,kappa]: [(23.135,331.812),8.692]
	 22738.992	     0.108	[mu,kappa]: [(29.197,89.357),155.725]
	 22549.346	     0.107	[mu,kappa]: [(48.230,82.943),169.380]
	 13564.834	     0.064	[mu,kappa]: [(71.842,66.103),8.617]
	 17755.789	     0.084	[mu,kappa]: [(96.525,293.512),9.141]
	 28295.641	     0.134	[mu,kappa]: [(153.245,308.526),10.012]
	 86632.347	     0.410	[mu,kappa]: [(39.861,87.894),394.266]
			msglen: 1372005.610 bits.
Iteration #: 48
	 19862.135	     0.094	[mu,kappa]: [(23.175,331.671),8.706]
	 22685.692	     0.107	[mu,kappa]: [(29.171,89.356),155.340]
	 22765.355	     0.108	[mu,kappa]: [(48.157,82.998),171.394]
	 13653.954	     0.065	[mu,kappa]: [(71.655,66.148),8.643]
	 17745.773	     0.084	[mu,kappa]: [(96.525,293.510),9.145]
	 28310.544	     0.134	[mu,kappa]: [(153.247,308.548),9.996]
	 86408.546	     0.409	[mu,kappa]: [(39.842,87.903),395.566]
			msglen: 1371973.800 bits.
Iteration #: 49
	 19831.214	     0.094	[mu,kappa]: [(23.214,331.537),8.719]
	 22635.830	     0.107	[mu,kappa]: [(29.146,89.354),154.975]
	 22976.421	     0.109	[mu,kappa]: [(48.087,83.049),173.320]
	 13738.912	     0.065	[mu,kappa]: [(71.478,66.191),8.668]
	 17736.469	     0.084	[mu,kappa]: [(96.526,293.508),9.148]
	 28324.173	     0.134	[mu,kappa]: [(153.249,308.568),9.981]
	 86188.981	     0.408	[mu,kappa]: [(39.823,87.912),396.826]
			msglen: 1371944.568 bits.
Iteration #: 50
	 19802.168	     0.094	[mu,kappa]: [(23.250,331.410),8.731]
	 22589.067	     0.107	[mu,kappa]: [(29.123,89.353),154.628]
	 23182.549	     0.110	[mu,kappa]: [(48.020,83.098),175.164]
	 13819.945	     0.065	[mu,kappa]: [(71.312,66.232),8.692]
	 17727.838	     0.084	[mu,kappa]: [(96.527,293.506),9.152]
	 28336.652	     0.134	[mu,kappa]: [(153.251,308.588),9.967]
	 85973.780	     0.407	[mu,kappa]: [(39.806,87.921),398.048]
			msglen: 1371917.668 bits.
Iteration #: 51
	 19774.879	     0.094	[mu,kappa]: [(23.286,331.290),8.743]
	 22545.112	     0.107	[mu,kappa]: [(29.101,89.352),154.301]
	 23383.761	     0.111	[mu,kappa]: [(47.956,83.145),176.931]
	 13897.285	     0.066	[mu,kappa]: [(71.156,66.270),8.714]
	 17719.839	     0.084	[mu,kappa]: [(96.530,293.504),9.156]
	 28348.096	     0.134	[mu,kappa]: [(153.254,308.607),9.954]
	 85763.028	     0.406	[mu,kappa]: [(39.788,87.929),399.233]
			msglen: 1371892.882 bits.
Iteration #: 52
	 19749.233	     0.093	[mu,kappa]: [(23.319,331.177),8.754]
	 22503.711	     0.106	[mu,kappa]: [(29.080,89.351),153.991]
	 23580.094	     0.112	[mu,kappa]: [(47.896,83.189),178.624]
	 13971.148	     0.066	[mu,kappa]: [(71.008,66.308),8.735]
	 17712.428	     0.084	[mu,kappa]: [(96.533,293.502),9.159]
	 28358.609	     0.134	[mu,kappa]: [(153.257,308.625),9.942]
	 85556.779	     0.405	[mu,kappa]: [(39.772,87.937),400.383]
			msglen: 1371870.011 bits.
Iteration #: 53
	 19725.116	     0.093	[mu,kappa]: [(23.351,331.069),8.764]
	 22464.643	     0.106	[mu,kappa]: [(29.060,89.349),153.699]
	 23771.596	     0.112	[mu,kappa]: [(47.838,83.231),180.248]
	 14041.741	     0.066	[mu,kappa]: [(70.869,66.343),8.755]
	 17705.561	     0.084	[mu,kappa]: [(96.536,293.500),9.162]
	 28368.285	     0.134	[mu,kappa]: [(153.259,308.642),9.930]
	 85355.058	     0.404	[mu,kappa]: [(39.756,87.945),401.497]
			msglen: 1371848.881 bits.
Iteration #: 54
	 19702.421	     0.093	[mu,kappa]: [(23.381,330.967),8.773]
	 22427.713	     0.106	[mu,kappa]: [(29.042,89.348),153.423]
	 23958.331	     0.113	[mu,kappa]: [(47.783,83.271),181.808]
	 14109.258	     0.067	[mu,kappa]: [(70.737,66.377),8.774]
	 17699.196	     0.084	[mu,kappa]: [(96.540,293.499),9.165]
	 28377.211	     0.134	[mu,kappa]: [(153.262,308.658),9.920]
	 85157.870	     0.403	[mu,kappa]: [(39.741,87.952),402.578]
			msglen: 1371829.336 bits.
Iteration #: 55
	 19681.047	     0.093	[mu,kappa]: [(23.410,330.871),8.782]
	 22392.749	     0.106	[mu,kappa]: [(29.024,89.347),153.162]
	 24140.369	     0.114	[mu,kappa]: [(47.731,83.309),183.306]
	 14173.882	     0.067	[mu,kappa]: [(70.611,66.410),8.792]
	 17693.292	     0.084	[mu,kappa]: [(96.545,293.497),9.168]
	 28385.462	     0.134	[mu,kappa]: [(153.265,308.674),9.910]
	 84965.199	     0.402	[mu,kappa]: [(39.726,87.959),403.626]
			msglen: 1371811.234 bits.
Iteration #: 56
	 19660.899	     0.093	[mu,kappa]: [(23.438,330.780),8.791]
	 22359.596	     0.106	[mu,kappa]: [(29.007,89.346),152.915]
	 24317.789	     0.115	[mu,kappa]: [(47.680,83.346),184.746]
	 14235.781	     0.067	[mu,kappa]: [(70.492,66.441),8.809]
	 17687.811	     0.084	[mu,kappa]: [(96.549,293.496),9.170]
	 28393.109	     0.134	[mu,kappa]: [(153.268,308.689),9.900]
	 84777.017	     0.401	[mu,kappa]: [(39.712,87.966),404.644]
			msglen: 1371794.450 bits.
Iteration #: 57
	 19641.888	     0.093	[mu,kappa]: [(23.464,330.694),8.799]
	 22328.116	     0.106	[mu,kappa]: [(28.991,89.345),152.682]
	 24490.675	     0.116	[mu,kappa]: [(47.632,83.381),186.132]
	 14295.114	     0.068	[mu,kappa]: [(70.379,66.472),8.826]
	 17682.715	     0.084	[mu,kappa]: [(96.553,293.494),9.173]
	 28400.212	     0.134	[mu,kappa]: [(153.270,308.704),9.891]
	 84593.282	     0.400	[mu,kappa]: [(39.698,87.973),405.630]
			msglen: 1371778.871 bits.
Iteration #: 58
	 19623.930	     0.093	[mu,kappa]: [(23.489,330.612),8.807]
	 22298.184	     0.105	[mu,kappa]: [(28.976,89.344),152.462]
	 24659.119	     0.117	[mu,kappa]: [(47.586,83.414),187.465]
	 14352.027	     0.068	[mu,kappa]: [(70.272,66.501),8.842]
	 17677.971	     0.084	[mu,kappa]: [(96.558,293.493),9.175]
	 28406.827	     0.134	[mu,kappa]: [(153.273,308.718),9.883]
	 84413.943	     0.399	[mu,kappa]: [(39.684,87.979),406.587]
			msglen: 1371764.395 bits.
Iteration #: 59
	 19606.950	     0.093	[mu,kappa]: [(23.513,330.535),8.814]
	 22269.688	     0.105	[mu,kappa]: [(28.962,89.343),152.253]
	 24823.212	     0.117	[mu,kappa]: [(47.542,83.446),188.749]
	 14406.657	     0.068	[mu,kappa]: [(70.170,66.529),8.857]
	 17673.548	     0.084	[mu,kappa]: [(96.563,293.492),9.177]
	 28413.002	     0.134	[mu,kappa]: [(153.276,308.732),9.875]
	 84238.942	     0.398	[mu,kappa]: [(39.672,87.985),407.516]
			msglen: 1371750.930 bits.
Iteration #: 60
	 19590.876	     0.093	[mu,kappa]: [(23.536,330.462),8.821]
	 22242.526	     0.105	[mu,kappa]: [(28.948,89.342),152.056]
	 24983.053	     0.118	[mu,kappa]: [(47.500,83.477),189.987]
	 14459.130	     0.068	[mu,kappa]: [(70.072,66.555),8.872]
	 17669.417	     0.084	[mu,kappa]: [(96.567,293.490),9.180]
	 28418.783	     0.134	[mu,kappa]: [(153.279,308.745),9.867]
	 84068.215	     0.398	[mu,kappa]: [(39.659,87.991),408.418]
			msglen: 1371738.394 bits.
Iteration #: 61
	 19575.643	     0.093	[mu,kappa]: [(23.558,330.392),8.827]
	 22216.604	     0.105	[mu,kappa]: [(28.936,89.341),151.869]
	 25138.738	     0.119	[mu,kappa]: [(47.459,83.506),191.181]
	 14509.565	     0.069	[mu,kappa]: [(69.979,66.581),8.886]
	 17665.552	     0.084	[mu,kappa]: [(96.572,293.489),9.182]
	 28424.207	     0.134	[mu,kappa]: [(153.281,308.757),9.860]
	 83901.691	     0.397	[mu,kappa]: [(39.647,87.997),409.292]
			msglen: 1371726.712 bits.
Iteration #: 62
	 19561.191	     0.093	[mu,kappa]: [(23.578,330.326),8.833]
	 22191.838	     0.105	[mu,kappa]: [(28.923,89.340),151.691]
	 25290.367	     0.120	[mu,kappa]: [(47.420,83.535),192.332]
	 14558.070	     0.069	[mu,kappa]: [(69.890,66.606),8.900]
	 17661.928	     0.084	[mu,kappa]: [(96.576,293.488),9.183]
	 28429.310	     0.134	[mu,kappa]: [(153.284,308.769),9.853]
	 83739.297	     0.396	[mu,kappa]: [(39.636,88.003),410.142]
			msglen: 1371715.816 bits.
Iteration #: 63
	 19547.465	     0.092	[mu,kappa]: [(23.598,330.263),8.839]
	 22168.149	     0.105	[mu,kappa]: [(28.911,89.339),151.522]
	 25438.037	     0.120	[mu,kappa]: [(47.383,83.562),193.443]
	 14604.746	     0.069	[mu,kappa]: [(69.805,66.631),8.913]
	 17658.524	     0.084	[mu,kappa]: [(96.581,293.487),9.185]
	 28434.120	     0.134	[mu,kappa]: [(153.287,308.781),9.846]
	 83580.958	     0.395	[mu,kappa]: [(39.624,88.008),410.966]
			msglen: 1371705.645 bits.
Iteration #: 64
	 19534.415	     0.092	[mu,kappa]: [(23.617,330.203),8.845]
	 22145.468	     0.105	[mu,kappa]: [(28.900,89.339),151.362]
	 25581.849	     0.121	[mu,kappa]: [(47.347,83.588),194.515]
	 14649.687	     0.069	[mu,kappa]: [(69.724,66.654),8.925]
	 17655.321	     0.084	[mu,kappa]: [(96.585,293.486),9.187]
	 28438.667	     0.135	[mu,kappa]: [(153.289,308.792),9.840]
	 83426.594	     0.395	[mu,kappa]: [(39.613,88.013),411.766]
			msglen: 1371696.145 bits.
Iteration #: 65
	 19521.992	     0.092	[mu,kappa]: [(23.635,330.145),8.850]
	 22123.727	     0.105	[mu,kappa]: [(28.889,89.338),151.210]
	 25721.899	     0.122	[mu,kappa]: [(47.312,83.612),195.552]
	 14692.982	     0.069	[mu,kappa]: [(69.646,66.676),8.937]
	 17652.301	     0.083	[mu,kappa]: [(96.590,293.485),9.189]
	 28442.973	     0.135	[mu,kappa]: [(153.292,308.803),9.834]
	 83276.126	     0.394	[mu,kappa]: [(39.603,88.018),412.542]
			msglen: 1371687.262 bits.
Iteration #: 66
	 19510.156	     0.092	[mu,kappa]: [(23.652,330.091),8.855]
	 22102.869	     0.105	[mu,kappa]: [(28.879,89.337),151.064]
	 25858.285	     0.122	[mu,kappa]: [(47.279,83.636),196.553]
	 14734.710	     0.070	[mu,kappa]: [(69.571,66.698),8.949]
	 17649.447	     0.083	[mu,kappa]: [(96.594,293.484),9.190]
	 28447.060	     0.135	[mu,kappa]: [(153.294,308.813),9.828]
	 83129.473	     0.393	[mu,kappa]: [(39.593,88.023),413.296]
			msglen: 1371678.953 bits.
Iteration #: 67
	 19498.866	     0.092	[mu,kappa]: [(23.669,330.039),8.860]
	 22082.837	     0.104	[mu,kappa]: [(28.869,89.336),150.926]
	 25991.102	     0.123	[mu,kappa]: [(47.246,83.659),197.521]
	 14774.949	     0.070	[mu,kappa]: [(69.500,66.719),8.961]
	 17646.746	     0.083	[mu,kappa]: [(96.598,293.483),9.191]
	 28450.947	     0.135	[mu,kappa]: [(153.296,308.823),9.822]
	 82986.553	     0.392	[mu,kappa]: [(39.583,88.028),414.028]
			msglen: 1371671.174 bits.
Iteration #: 68
	 19488.086	     0.092	[mu,kappa]: [(23.685,329.989),8.864]
	 22063.581	     0.104	[mu,kappa]: [(28.860,89.336),150.794]
	 26120.444	     0.124	[mu,kappa]: [(47.215,83.682),198.457]
	 14813.770	     0.070	[mu,kappa]: [(69.431,66.740),8.971]
	 17644.184	     0.083	[mu,kappa]: [(96.602,293.482),9.193]
	 28454.651	     0.135	[mu,kappa]: [(153.299,308.833),9.817]
	 82847.285	     0.392	[mu,kappa]: [(39.573,88.033),414.738]
			msglen: 1371663.888 bits.
Iteration #: 69
	 19477.784	     0.092	[mu,kappa]: [(23.700,329.942),8.869]
	 22045.054	     0.104	[mu,kappa]: [(28.851,89.335),150.668]
	 26246.402	     0.124	[mu,kappa]: [(47.186,83.703),199.362]
	 14851.237	     0.070	[mu,kappa]: [(69.365,66.759),8.982]
	 17641.750	     0.083	[mu,kappa]: [(96.606,293.481),9.194]
	 28458.186	     0.135	[mu,kappa]: [(153.301,308.842),9.812]
	 82711.587	     0.391	[mu,kappa]: [(39.564,88.037),415.428]
			msglen: 1371657.058 bits.
Iteration #: 70
	 19467.930	     0.092	[mu,kappa]: [(23.715,329.896),8.873]
	 22027.213	     0.104	[mu,kappa]: [(28.842,89.334),150.548]
	 26369.066	     0.125	[mu,kappa]: [(47.157,83.723),200.238]
	 14887.414	     0.070	[mu,kappa]: [(69.302,66.778),8.992]
	 17639.434	     0.083	[mu,kappa]: [(96.609,293.480),9.195]
	 28461.566	     0.135	[mu,kappa]: [(153.303,308.851),9.807]
	 82579.378	     0.391	[mu,kappa]: [(39.555,88.041),416.098]
			msglen: 1371650.653 bits.
Iteration #: 71
	 19458.495	     0.092	[mu,kappa]: [(23.729,329.853),8.877]
	 22010.018	     0.104	[mu,kappa]: [(28.834,89.334),150.432]
	 26488.526	     0.125	[mu,kappa]: [(47.129,83.743),201.085]
	 14922.357	     0.071	[mu,kappa]: [(69.241,66.797),9.002]
	 17637.226	     0.083	[mu,kappa]: [(96.613,293.480),9.197]
	 28464.802	     0.135	[mu,kappa]: [(153.305,308.860),9.802]
	 82450.576	     0.390	[mu,kappa]: [(39.546,88.046),416.749]
			msglen: 1371644.643 bits.
Iteration #: 72
	 19449.454	     0.092	[mu,kappa]: [(23.742,329.811),8.881]
	 21993.434	     0.104	[mu,kappa]: [(28.826,89.333),150.322]
	 26604.865	     0.126	[mu,kappa]: [(47.102,83.762),201.906]
	 14956.122	     0.071	[mu,kappa]: [(69.182,66.815),9.012]
	 17635.118	     0.083	[mu,kappa]: [(96.616,293.479),9.198]
	 28467.904	     0.135	[mu,kappa]: [(153.307,308.868),9.798]
	 82325.103	     0.389	[mu,kappa]: [(39.538,88.050),417.381]
			msglen: 1371639.001 bits.
Iteration #: 73
	 19440.783	     0.092	[mu,kappa]: [(23.755,329.772),8.884]
	 21977.426	     0.104	[mu,kappa]: [(28.818,89.333),150.216]
	 26718.168	     0.126	[mu,kappa]: [(47.077,83.781),202.701]
	 14988.759	     0.071	[mu,kappa]: [(69.126,66.832),9.021]
	 17633.102	     0.083	[mu,kappa]: [(96.620,293.478),9.199]
	 28470.883	     0.135	[mu,kappa]: [(153.309,308.876),9.793]
	 82202.878	     0.389	[mu,kappa]: [(39.530,88.053),417.994]
			msglen: 1371633.701 bits.
Iteration #: 74
	 19432.461	     0.092	[mu,kappa]: [(23.767,329.733),8.888]
	 21961.962	     0.104	[mu,kappa]: [(28.810,89.332),150.115]
	 26828.517	     0.127	[mu,kappa]: [(47.052,83.798),203.470]
	 15020.317	     0.071	[mu,kappa]: [(69.071,66.849),9.030]
	 17631.172	     0.083	[mu,kappa]: [(96.623,293.478),9.200]
	 28473.746	     0.135	[mu,kappa]: [(153.311,308.884),9.789]
	 82083.825	     0.388	[mu,kappa]: [(39.522,88.057),418.590]
			msglen: 1371628.722 bits.
Iteration #: 75
	 19424.468	     0.092	[mu,kappa]: [(23.779,329.697),8.891]
	 21947.015	     0.104	[mu,kappa]: [(28.803,89.332),150.018]
	 26935.991	     0.127	[mu,kappa]: [(47.028,83.815),204.216]
	 15050.840	     0.071	[mu,kappa]: [(69.019,66.865),9.039]
	 17629.321	     0.083	[mu,kappa]: [(96.626,293.477),9.201]
	 28476.501	     0.135	[mu,kappa]: [(153.313,308.892),9.785]
	 81967.864	     0.388	[mu,kappa]: [(39.514,88.061),419.168]
			msglen: 1371624.040 bits.
Iteration #: 76
	 19416.784	     0.092	[mu,kappa]: [(23.791,329.661),8.895]
	 21932.557	     0.104	[mu,kappa]: [(28.796,89.331),149.924]
	 27040.667	     0.128	[mu,kappa]: [(47.005,83.832),204.938]
	 15080.370	     0.071	[mu,kappa]: [(68.968,66.881),9.047]
	 17627.544	     0.083	[mu,kappa]: [(96.629,293.476),9.202]
	 28479.155	     0.135	[mu,kappa]: [(153.314,308.899),9.781]
	 81854.922	     0.387	[mu,kappa]: [(39.506,88.065),419.730]
			msglen: 1371619.638 bits.
Iteration #: 77
	 19409.394	     0.092	[mu,kappa]: [(23.802,329.628),8.898]
	 21918.564	     0.104	[mu,kappa]: [(28.790,89.331),149.834]
	 27142.620	     0.128	[mu,kappa]: [(46.982,83.848),205.639]
	 15108.949	     0.071	[mu,kappa]: [(68.920,66.896),9.055]
	 17625.837	     0.083	[mu,kappa]: [(96.632,293.476),9.203]
	 28481.713	     0.135	[mu,kappa]: [(153.316,308.906),9.777]
	 81744.923	     0.387	[mu,kappa]: [(39.499,88.068),420.276]
			msglen: 1371615.495 bits.
Iteration #: 78
	 19402.281	     0.092	[mu,kappa]: [(23.813,329.595),8.901]
	 21905.013	     0.104	[mu,kappa]: [(28.783,89.330),149.748]
	 27241.923	     0.129	[mu,kappa]: [(46.960,83.863),206.317]
	 15136.614	     0.072	[mu,kappa]: [(68.873,66.911),9.063]
	 17624.194	     0.083	[mu,kappa]: [(96.635,293.475),9.203]
	 28484.181	     0.135	[mu,kappa]: [(153.318,308.913),9.774]
	 81637.794	     0.386	[mu,kappa]: [(39.492,88.071),420.806]
			msglen: 1371611.597 bits.
Iteration #: 79
	 19395.431	     0.092	[mu,kappa]: [(23.823,329.564),8.904]
	 21891.882	     0.104	[mu,kappa]: [(28.777,89.330),149.665]
	 27338.648	     0.129	[mu,kappa]: [(46.939,83.878),206.975]
	 15163.401	     0.072	[mu,kappa]: [(68.828,66.925),9.071]
	 17622.613	     0.083	[mu,kappa]: [(96.637,293.474),9.204]
	 28486.563	     0.135	[mu,kappa]: [(153.319,308.919),9.770]
	 81533.462	     0.386	[mu,kappa]: [(39.485,88.075),421.321]
			msglen: 1371607.926 bits.
Iteration #: 80
	 19388.829	     0.092	[mu,kappa]: [(23.833,329.534),8.907]
	 21879.152	     0.103	[mu,kappa]: [(28.771,89.329),149.585]
	 27432.863	     0.130	[mu,kappa]: [(46.919,83.892),207.613]
	 15189.345	     0.072	[mu,kappa]: [(68.784,66.939),9.078]
	 17621.088	     0.083	[mu,kappa]: [(96.640,293.474),9.205]
	 28488.865	     0.135	[mu,kappa]: [(153.321,308.926),9.767]
	 81431.858	     0.385	[mu,kappa]: [(39.478,88.078),421.821]
			msglen: 1371604.469 bits.
Iteration #: 81
	 19382.465	     0.092	[mu,kappa]: [(23.842,329.504),8.909]
	 21866.804	     0.103	[mu,kappa]: [(28.765,89.329),149.508]
	 27524.636	     0.130	[mu,kappa]: [(46.899,83.906),208.232]
	 15214.476	     0.072	[mu,kappa]: [(68.742,66.952),9.085]
	 17619.617	     0.083	[mu,kappa]: [(96.643,293.473),9.206]
	 28491.090	     0.135	[mu,kappa]: [(153.322,308.932),9.764]
	 81332.913	     0.385	[mu,kappa]: [(39.472,88.081),422.306]
			msglen: 1371601.212 bits.
Iteration #: 82
	 19376.325	     0.092	[mu,kappa]: [(23.852,329.476),8.912]
	 21854.822	     0.103	[mu,kappa]: [(28.759,89.329),149.433]
	 27614.031	     0.131	[mu,kappa]: [(46.880,83.920),208.832]
	 15238.826	     0.072	[mu,kappa]: [(68.701,66.965),9.092]
	 17618.197	     0.083	[mu,kappa]: [(96.645,293.473),9.207]
	 28493.242	     0.135	[mu,kappa]: [(153.324,308.938),9.760]
	 81236.558	     0.384	[mu,kappa]: [(39.466,88.084),422.778]
			msglen: 1371598.142 bits.
Iteration #: 83
	 19370.399	     0.092	[mu,kappa]: [(23.861,329.449),8.914]
	 21843.190	     0.103	[mu,kappa]: [(28.754,89.328),149.362]
	 27701.111	     0.131	[mu,kappa]: [(46.862,83.933),209.414]
	 15262.424	     0.072	[mu,kappa]: [(68.661,66.978),9.099]
	 17616.826	     0.083	[mu,kappa]: [(96.647,293.472),9.207]
	 28495.324	     0.135	[mu,kappa]: [(153.325,308.944),9.757]
	 81142.727	     0.384	[mu,kappa]: [(39.459,88.087),423.237]
			msglen: 1371595.248 bits.
Iteration #: 84
	 19364.676	     0.092	[mu,kappa]: [(23.869,329.423),8.917]
	 21831.893	     0.103	[mu,kappa]: [(28.749,89.328),149.292]
	 27785.939	     0.131	[mu,kappa]: [(46.844,83.945),209.979]
	 15285.297	     0.072	[mu,kappa]: [(68.623,66.990),9.105]
	 17615.500	     0.083	[mu,kappa]: [(96.649,293.472),9.208]
	 28497.339	     0.135	[mu,kappa]: [(153.326,308.949),9.754]
	 81051.355	     0.383	[mu,kappa]: [(39.453,88.090),423.682]
			msglen: 1371592.520 bits.
Iteration #: 85
	 19359.148	     0.092	[mu,kappa]: [(23.878,329.398),8.919]
	 21820.916	     0.103	[mu,kappa]: [(28.743,89.327),149.226]
	 27868.574	     0.132	[mu,kappa]: [(46.827,83.957),210.527]
	 15307.473	     0.072	[mu,kappa]: [(68.587,67.002),9.112]
	 17614.218	     0.083	[mu,kappa]: [(96.652,293.471),9.209]
	 28499.291	     0.135	[mu,kappa]: [(153.328,308.955),9.751]
	 80962.380	     0.383	[mu,kappa]: [(39.448,88.093),424.114]
			msglen: 1371589.946 bits.
Iteration #: 86
	 19353.806	     0.092	[mu,kappa]: [(23.886,329.374),8.922]
	 21810.248	     0.103	[mu,kappa]: [(28.738,89.327),149.161]
	 27949.074	     0.132	[mu,kappa]: [(46.810,83.969),211.059]
	 15328.975	     0.073	[mu,kappa]: [(68.551,67.013),9.118]
	 17612.977	     0.083	[mu,kappa]: [(96.654,293.471),9.209]
	 28501.182	     0.135	[mu,kappa]: [(153.329,308.960),9.749]
	 80875.738	     0.383	[mu,kappa]: [(39.442,88.095),424.534]
			msglen: 1371587.518 bits.
Iteration #: 87
	 19348.641	     0.092	[mu,kappa]: [(23.894,329.351),8.924]
	 21799.876	     0.103	[mu,kappa]: [(28.734,89.327),149.098]
	 28027.496	     0.133	[mu,kappa]: [(46.794,83.981),211.575]
	 15349.828	     0.073	[mu,kappa]: [(68.516,67.025),9.124]
	 17611.775	     0.083	[mu,kappa]: [(96.656,293.471),9.210]
	 28503.014	     0.135	[mu,kappa]: [(153.330,308.965),9.746]
	 80791.370	     0.382	[mu,kappa]: [(39.436,88.098),424.943]
			msglen: 1371585.227 bits.
Iteration #: 88
	 19343.645	     0.091	[mu,kappa]: [(23.901,329.328),8.926]
	 21789.789	     0.103	[mu,kappa]: [(28.729,89.326),149.038]
	 28103.894	     0.133	[mu,kappa]: [(46.779,83.992),212.076]
	 15370.055	     0.073	[mu,kappa]: [(68.483,67.036),9.130]
	 17610.612	     0.083	[mu,kappa]: [(96.658,293.470),9.211]
	 28504.789	     0.135	[mu,kappa]: [(153.331,308.970),9.743]
	 80709.216	     0.382	[mu,kappa]: [(39.431,88.100),425.339]
			msglen: 1371583.065 bits.
Iteration #: 89
	 19338.811	     0.091	[mu,kappa]: [(23.908,329.306),8.928]
	 21779.976	     0.103	[mu,kappa]: [(28.724,89.326),148.980]
	 28178.322	     0.133	[mu,kappa]: [(46.763,84.002),212.563]
	 15389.678	     0.073	[mu,kappa]: [(68.451,67.046),9.135]
	 17609.484	     0.083	[mu,kappa]: [(96.659,293.470),9.211]
	 28506.511	     0.135	[mu,kappa]: [(153.332,308.974),9.741]
	 80629.219	     0.381	[mu,kappa]: [(39.426,88.103),425.724]
			msglen: 1371581.023 bits.
Iteration #: 90
	 19334.132	     0.091	[mu,kappa]: [(23.916,329.285),8.930]
	 21770.427	     0.103	[mu,kappa]: [(28.720,89.326),148.923]
	 28250.831	     0.134	[mu,kappa]: [(46.749,84.013),213.035]
	 15408.717	     0.073	[mu,kappa]: [(68.420,67.056),9.141]
	 17608.391	     0.083	[mu,kappa]: [(96.661,293.469),9.212]
	 28508.180	     0.135	[mu,kappa]: [(153.333,308.979),9.738]
	 80551.322	     0.381	[mu,kappa]: [(39.421,88.105),426.099]
			msglen: 1371579.095 bits.
Iteration #: 91
	 19329.603	     0.091	[mu,kappa]: [(23.922,329.264),8.932]
	 21761.134	     0.103	[mu,kappa]: [(28.716,89.325),148.868]
	 28321.472	     0.134	[mu,kappa]: [(46.734,84.023),213.494]
	 15427.192	     0.073	[mu,kappa]: [(68.389,67.066),9.146]
	 17607.331	     0.083	[mu,kappa]: [(96.663,293.469),9.212]
	 28509.799	     0.135	[mu,kappa]: [(153.334,308.983),9.736]
	 80475.470	     0.381	[mu,kappa]: [(39.416,88.108),426.462]
			msglen: 1371577.275 bits.
Iteration #: 92
	 19325.216	     0.091	[mu,kappa]: [(23.929,329.245),8.934]
	 21752.087	     0.103	[mu,kappa]: [(28.711,89.325),148.815]
	 28390.293	     0.134	[mu,kappa]: [(46.721,84.032),213.939]
	 15445.123	     0.073	[mu,kappa]: [(68.360,67.076),9.151]
	 17606.303	     0.083	[mu,kappa]: [(96.665,293.469),9.213]
	 28511.369	     0.135	[mu,kappa]: [(153.335,308.988),9.734]
	 80401.610	     0.380	[mu,kappa]: [(39.411,88.110),426.816]
			msglen: 1371575.555 bits.
Iteration #: 93
	 19320.966	     0.091	[mu,kappa]: [(23.936,329.226),8.936]
	 21743.277	     0.103	[mu,kappa]: [(28.707,89.325),148.764]
	 28457.343	     0.135	[mu,kappa]: [(46.707,84.042),214.371]
	 15462.527	     0.073	[mu,kappa]: [(68.332,67.085),9.156]
	 17605.306	     0.083	[mu,kappa]: [(96.666,293.468),9.213]
	 28512.893	     0.135	[mu,kappa]: [(153.336,308.992),9.731]
	 80329.689	     0.380	[mu,kappa]: [(39.406,88.112),427.159]
			msglen: 1371573.930 bits.
Iteration #: 94
	 19316.848	     0.091	[mu,kappa]: [(23.942,329.207),8.937]
	 21734.698	     0.103	[mu,kappa]: [(28.703,89.325),148.714]
	 28522.667	     0.135	[mu,kappa]: [(46.694,84.051),214.791]
	 15479.423	     0.073	[mu,kappa]: [(68.304,67.094),9.161]
	 17604.338	     0.083	[mu,kappa]: [(96.668,293.468),9.214]
	 28514.371	     0.135	[mu,kappa]: [(153.337,308.996),9.729]
	 80259.656	     0.380	[mu,kappa]: [(39.402,88.114),427.493]
			msglen: 1371572.395 bits.
Iteration #: 95
	 19312.856	     0.091	[mu,kappa]: [(23.948,329.189),8.939]
	 21726.341	     0.103	[mu,kappa]: [(28.699,89.324),148.666]
	 28586.311	     0.135	[mu,kappa]: [(46.682,84.060),215.200]
	 15495.826	     0.073	[mu,kappa]: [(68.278,67.103),9.166]
	 17603.399	     0.083	[mu,kappa]: [(96.669,293.468),9.214]
	 28515.805	     0.135	[mu,kappa]: [(153.338,309.000),9.727]
	 80191.461	     0.379	[mu,kappa]: [(39.397,88.116),427.817]
			msglen: 1371570.944 bits.
Iteration #: 96
	 19308.986	     0.091	[mu,kappa]: [(23.954,329.172),8.941]
	 21718.200	     0.103	[mu,kappa]: [(28.696,89.324),148.619]
	 28648.318	     0.135	[mu,kappa]: [(46.669,84.068),215.596]
	 15511.754	     0.073	[mu,kappa]: [(68.252,67.112),9.170]
	 17602.487	     0.083	[mu,kappa]: [(96.671,293.467),9.215]
	 28517.197	     0.135	[mu,kappa]: [(153.339,309.004),9.725]
	 80125.057	     0.379	[mu,kappa]: [(39.393,88.118),428.133]
			msglen: 1371569.572 bits.
Iteration #: 97
	 19305.234	     0.091	[mu,kappa]: [(23.960,329.155),8.942]
	 21710.267	     0.103	[mu,kappa]: [(28.692,89.324),148.574]
	 28708.732	     0.136	[mu,kappa]: [(46.657,84.077),215.981]
	 15527.222	     0.073	[mu,kappa]: [(68.227,67.120),9.175]
	 17601.602	     0.083	[mu,kappa]: [(96.672,293.467),9.215]
	 28518.549	     0.135	[mu,kappa]: [(153.340,309.007),9.723]
	 80060.395	     0.379	[mu,kappa]: [(39.389,88.120),428.439]
			msglen: 1371568.276 bits.
Iteration #: 98
	 19301.594	     0.091	[mu,kappa]: [(23.965,329.138),8.944]
	 21702.538	     0.103	[mu,kappa]: [(28.688,89.324),148.530]
	 28767.592	     0.136	[mu,kappa]: [(46.646,84.085),216.355]
	 15542.244	     0.074	[mu,kappa]: [(68.203,67.128),9.179]
	 17600.742	     0.083	[mu,kappa]: [(96.674,293.467),9.216]
	 28519.860	     0.135	[mu,kappa]: [(153.341,309.011),9.721]
	 79997.430	     0.378	[mu,kappa]: [(39.385,88.122),428.737]
			msglen: 1371567.050 bits.
Iteration #: 99
	 19298.063	     0.091	[mu,kappa]: [(23.971,329.123),8.946]
	 21695.004	     0.103	[mu,kappa]: [(28.685,89.323),148.487]
	 28824.940	     0.136	[mu,kappa]: [(46.635,84.092),216.719]
	 15556.835	     0.074	[mu,kappa]: [(68.179,67.136),9.183]
	 17599.907	     0.083	[mu,kappa]: [(96.675,293.466),9.216]
	 28521.134	     0.135	[mu,kappa]: [(153.342,309.014),9.719]
	 79936.118	     0.378	[mu,kappa]: [(39.381,88.124),429.026]
			msglen: 1371565.891 bits.
Iteration #: 100
	 19294.637	     0.091	[mu,kappa]: [(23.976,329.107),8.947]
	 21687.661	     0.103	[mu,kappa]: [(28.682,89.323),148.446]
	 28880.815	     0.137	[mu,kappa]: [(46.624,84.100),217.072]
	 15571.009	     0.074	[mu,kappa]: [(68.156,67.144),9.187]
	 17599.095	     0.083	[mu,kappa]: [(96.676,293.466),9.217]
	 28522.370	     0.135	[mu,kappa]: [(153.342,309.018),9.717]
	 79876.413	     0.378	[mu,kappa]: [(39.377,88.126),429.307]
			msglen: 1371564.794 bits.
