Iteration #: 0
	45540.00000	   0.10060	[mu,kappa]: [(47.41414,12.73542),1.07744]
	45452.00000	   0.10041	[mu,kappa]: [(46.70897,14.03100),1.09380]
	45538.00000	   0.10060	[mu,kappa]: [(46.32971,13.89017),1.09864]
	45337.00000	   0.10015	[mu,kappa]: [(46.83106,13.74646),1.09127]
	45167.00000	   0.09978	[mu,kappa]: [(47.05661,13.96810),1.07859]
	45071.00000	   0.09957	[mu,kappa]: [(47.00560,13.10398),1.08396]
	45376.00000	   0.10024	[mu,kappa]: [(46.47405,15.66895),1.10036]
	45017.00000	   0.09945	[mu,kappa]: [(46.87405,14.01040),1.08012]
	44997.00000	   0.09940	[mu,kappa]: [(47.21411,13.27699),1.08244]
	45180.00000	   0.09981	[mu,kappa]: [(46.30499,13.97116),1.09297]
			msglen: 0.00000 bits.
Iteration #: 1
	45542.58052	   0.10061	[mu,kappa]: [(48.10674,11.43221),1.06243]
	45450.92139	   0.10041	[mu,kappa]: [(46.47711,14.43036),1.09595]
	45537.35386	   0.10060	[mu,kappa]: [(46.09726,14.73017),1.10359]
	45335.63054	   0.10015	[mu,kappa]: [(46.76341,13.84098),1.08962]
	45165.69400	   0.09978	[mu,kappa]: [(47.24036,13.44361),1.07844]
	45070.63039	   0.09957	[mu,kappa]: [(47.39852,12.52294),1.07570]
	45380.68034	   0.10025	[mu,kappa]: [(45.49597,17.12026),1.12098]
	45015.52165	   0.09944	[mu,kappa]: [(47.03071,13.70430),1.08236]
	44996.85255	   0.09940	[mu,kappa]: [(47.54135,12.53568),1.07343]
	45179.13477	   0.09980	[mu,kappa]: [(46.21517,14.62260),1.09991]
			msglen: 10560361.90067 bits.
Iteration #: 2
	45554.84497	   0.10063	[mu,kappa]: [(49.83858,8.50034),1.03318]
	45445.07534	   0.10039	[mu,kappa]: [(46.08035,15.24233),1.10468]
	45534.60557	   0.10059	[mu,kappa]: [(45.46553,16.26048),1.11928]
	45328.38425	   0.10013	[mu,kappa]: [(46.72204,13.95289),1.09006]
	45159.70074	   0.09976	[mu,kappa]: [(47.61621,12.57905),1.07145]
	45068.33796	   0.09956	[mu,kappa]: [(48.24652,11.08221),1.05959]
	45404.88399	   0.10030	[mu,kappa]: [(43.80921,20.67195),1.16964]
	45008.57874	   0.09943	[mu,kappa]: [(47.21278,13.25929),1.07951]
	44995.57462	   0.09940	[mu,kappa]: [(48.43619,10.89559),1.05625]
	45175.01383	   0.09980	[mu,kappa]: [(45.69696,15.86957),1.11343]
			msglen: 10559942.14074 bits.
Iteration #: 3
	45615.13584	   0.10077	[mu,kappa]: [(54.26801,2.05359),0.98011]
	45415.77322	   0.10033	[mu,kappa]: [(45.24074,17.00964),1.12601]
	45521.12294	   0.10056	[mu,kappa]: [(44.08747,19.46185),1.15885]
	45292.09865	   0.10005	[mu,kappa]: [(46.63107,14.15095),1.09227]
	45129.91320	   0.09970	[mu,kappa]: [(48.54363,10.81325),1.05449]
	45056.66956	   0.09953	[mu,kappa]: [(50.24339,7.79743),1.02745]
	45526.98230	   0.10057	[mu,kappa]: [(40.96952,28.50618),1.29213]
	44973.94942	   0.09935	[mu,kappa]: [(47.63983,12.38716),1.07130]
	44988.88337	   0.09938	[mu,kappa]: [(50.63463,7.26281),1.02182]
	45154.47150	   0.09975	[mu,kappa]: [(44.52115,18.51552),1.14585]
			msglen: 10557847.25106 bits.
Iteration #: 4
	45905.82580	   0.10141	[mu,kappa]: [(66.30817,348.90271),0.92507]
	45270.09043	   0.10001	[mu,kappa]: [(43.55566,20.87338),1.17829]
	45454.72565	   0.10041	[mu,kappa]: [(41.55005,26.28119),1.26011]
	45111.47712	   0.09966	[mu,kappa]: [(46.41710,14.55330),1.09847]
	44981.19619	   0.09937	[mu,kappa]: [(50.83429,6.98357),1.02034]
	44996.65390	   0.09940	[mu,kappa]: [(55.35332,0.59555),0.97198]
	46147.75986	   0.10194	[mu,kappa]: [(37.66764,43.59956),1.63333]
	44801.43210	   0.09897	[mu,kappa]: [(48.65630,10.50403),1.05394]
	44953.21411	   0.09931	[mu,kappa]: [(56.35572,359.39177),0.96395]
	45052.62485	   0.09953	[mu,kappa]: [(42.26967,24.21145),1.22726]
			msglen: 10547433.73663 bits.
Iteration #: 5
	47229.97804	   0.10434	[mu,kappa]: [(92.23355,328.43458),1.09559]
	44556.82768	   0.09843	[mu,kappa]: [(40.70535,28.90271),1.31392]
	45131.59283	   0.09970	[mu,kappa]: [(38.22196,39.51207),1.53746]
	44227.67366	   0.09770	[mu,kappa]: [(45.95990,15.30687),1.11620]
	44248.75151	   0.09775	[mu,kappa]: [(56.76489,358.77799),0.96769]
	44683.06294	   0.09871	[mu,kappa]: [(68.99393,346.33520),0.93169]
	49332.38740	   0.10898	[mu,kappa]: [(36.69233,63.85851),2.73565]
	43956.04310	   0.09710	[mu,kappa]: [(51.12949,6.32863),1.02333]
	44754.19304	   0.09887	[mu,kappa]: [(71.56214,344.15363),0.93450]
	44554.48978	   0.09842	[mu,kappa]: [(38.99271,35.60643),1.44578]
			msglen: 10497106.86326 bits.
Iteration #: 6
	52344.57051	   0.11563	[mu,kappa]: [(114.57019,310.47414),2.12053]
	41258.73851	   0.09114	[mu,kappa]: [(37.65290,41.97937),1.66689]
	43504.13127	   0.09610	[mu,kappa]: [(36.48269,57.54622),2.33560]
	40256.43185	   0.08893	[mu,kappa]: [(45.54554,15.39474),1.16172]
	40966.90630	   0.09050	[mu,kappa]: [(72.09101,343.13495),0.97060]
	43152.96008	   0.09533	[mu,kappa]: [(94.83905,326.02423),1.18827]
	65145.41640	   0.14391	[mu,kappa]: [(38.33756,78.28590),8.39663]
	40181.28910	   0.08876	[mu,kappa]: [(57.84552,356.82090),0.99419]
	43696.09685	   0.09653	[mu,kappa]: [(98.11297,323.63689),1.25958]
	42168.45913	   0.09315	[mu,kappa]: [(36.63112,52.39651),2.05022]
			msglen: 10280319.12204 bits.
Iteration #: 7
	65494.71981	   0.14468	[mu,kappa]: [(122.04544,302.64580),4.59140]
	29329.64342	   0.06479	[mu,kappa]: [(37.00244,46.87361),2.22480]
	34503.62159	   0.07622	[mu,kappa]: [(37.06794,66.37309),4.13004]
	28092.47610	   0.06206	[mu,kappa]: [(52.21431,2.43862),1.22197]
	31791.05753	   0.07023	[mu,kappa]: [(96.90357,323.17171),1.45066]
	38986.27266	   0.08612	[mu,kappa]: [(112.79031,310.94475),2.32360]
	122665.90559	   0.27098	[mu,kappa]: [(39.45484,83.98002),35.15102]
	29269.09278	   0.06466	[mu,kappa]: [(78.41640,336.60549),1.16814]
	40798.14357	   0.09013	[mu,kappa]: [(114.47395,309.52206),2.52591]
	31744.06693	   0.07013	[mu,kappa]: [(36.70140,60.67879),3.23750]
			msglen: 9870916.78536 bits.
Iteration #: 8
	77674.34292	   0.17159	[mu,kappa]: [(123.71529,300.63446),6.58005]
	18950.43736	   0.04186	[mu,kappa]: [(40.45059,35.04286),2.63819]
	23292.94222	   0.05146	[mu,kappa]: [(39.29873,59.06624),5.03074]
	18992.04998	   0.04196	[mu,kappa]: [(62.49595,349.49766),1.50316]
	25335.94950	   0.05597	[mu,kappa]: [(104.22009,316.27559),2.11638]
	36430.26193	   0.08048	[mu,kappa]: [(116.65723,306.61298),3.43435]
	170399.38786	   0.37642	[mu,kappa]: [(39.52527,86.05146),84.70960]
	21421.45154	   0.04732	[mu,kappa]: [(89.05158,327.24398),1.62709]
	39261.58608	   0.08673	[mu,kappa]: [(117.97428,305.53201),3.73583]
	20916.59061	   0.04621	[mu,kappa]: [(39.18869,51.57140),3.91749]
			msglen: 9710252.63601 bits.
Iteration #: 9
	81430.90032	   0.17989	[mu,kappa]: [(124.69788,300.01883),7.39306]
	19058.93693	   0.04210	[mu,kappa]: [(40.40303,34.40238),2.93872]
	24138.02374	   0.05332	[mu,kappa]: [(41.55541,57.21657),5.18555]
	17924.36701	   0.03960	[mu,kappa]: [(57.95879,349.66134),1.66981]
	23427.27320	   0.05175	[mu,kappa]: [(103.31567,315.02156),2.22965]
	35020.47834	   0.07736	[mu,kappa]: [(117.69559,305.36670),3.80741]
	172205.11684	   0.38041	[mu,kappa]: [(39.49659,86.56654),121.70512]
	19775.69109	   0.04369	[mu,kappa]: [(85.59079,326.45402),1.70870]
	38131.31162	   0.08424	[mu,kappa]: [(119.12206,304.34861),4.17646]
	21562.90090	   0.04763	[mu,kappa]: [(40.76068,50.02830),4.17288]
			msglen: 9684322.96765 bits.
Iteration #: 10
	83123.85283	   0.18363	[mu,kappa]: [(125.49075,299.88211),7.72966]
	20462.45298	   0.04520	[mu,kappa]: [(38.47360,36.11552),3.13454]
	27090.08952	   0.05984	[mu,kappa]: [(43.09878,59.46965),5.36907]
	18097.06401	   0.03998	[mu,kappa]: [(52.26561,348.83754),1.81650]
	22550.98677	   0.04982	[mu,kappa]: [(101.46495,314.37913),2.25889]
	34179.64865	   0.07551	[mu,kappa]: [(118.41950,304.91435),3.99309]
	166646.66506	   0.36813	[mu,kappa]: [(39.52108,86.78348),147.11388]
	19294.37566	   0.04262	[mu,kappa]: [(80.74309,325.63554),1.75726]
	37432.93205	   0.08269	[mu,kappa]: [(119.98959,303.93569),4.40538]
	23796.93246	   0.05257	[mu,kappa]: [(41.11791,52.44905),4.34868]
			msglen: 9674762.09643 bits.
Iteration #: 11
	84131.77393	   0.18585	[mu,kappa]: [(126.18168,299.93254),7.83035]
	21368.87374	   0.04721	[mu,kappa]: [(36.50600,36.60193),3.29153]
	29471.85887	   0.06511	[mu,kappa]: [(44.78424,62.13368),5.63482]
	18336.09448	   0.04051	[mu,kappa]: [(48.20333,345.26352),2.01614]
	22052.88956	   0.04872	[mu,kappa]: [(99.56051,313.79778),2.30772]
	33712.37216	   0.07447	[mu,kappa]: [(119.11595,304.81602),4.10796]
	162076.68918	   0.35804	[mu,kappa]: [(39.55574,86.90417),165.58134]
	19092.17584	   0.04218	[mu,kappa]: [(76.50874,323.97042),1.86812]
	37071.38402	   0.08189	[mu,kappa]: [(120.81611,303.86234),4.54429]
	25360.88823	   0.05602	[mu,kappa]: [(41.56142,54.99049),4.51429]
			msglen: 9669770.53357 bits.
Iteration #: 12
	84755.41460	   0.18723	[mu,kappa]: [(126.82494,300.05782),7.81393]
	21796.60521	   0.04815	[mu,kappa]: [(34.58034,35.89168),3.44104]
	31297.39224	   0.06914	[mu,kappa]: [(46.77987,64.50915),5.96748]
	18617.60955	   0.04113	[mu,kappa]: [(45.37101,339.61171),2.30192]
	21742.05818	   0.04803	[mu,kappa]: [(97.74622,313.20657),2.37471]
	33437.18604	   0.07387	[mu,kappa]: [(119.96070,304.93177),4.17238]
	158835.79524	   0.35088	[mu,kappa]: [(39.58106,86.97864),178.80140]
	19039.72183	   0.04206	[mu,kappa]: [(72.83476,321.61338),2.04716]
	36880.55700	   0.08147	[mu,kappa]: [(121.75732,303.98343),4.62149]
	26272.66011	   0.05804	[mu,kappa]: [(42.33711,57.20454),4.67746]
			msglen: 9666156.04959 bits.
Iteration #: 13
	85161.61768	   0.18813	[mu,kappa]: [(127.40564,300.21178),7.75347]
	21878.70057	   0.04833	[mu,kappa]: [(32.61299,34.37426),3.61525]
	32783.75713	   0.07242	[mu,kappa]: [(49.01121,66.43325),6.33233]
	19006.03205	   0.04199	[mu,kappa]: [(43.44349,332.81623),2.73476]
	21465.69594	   0.04742	[mu,kappa]: [(96.19028,312.60030),2.45928]
	33241.88389	   0.07343	[mu,kappa]: [(121.12959,305.24532),4.19982]
	156597.09389	   0.34593	[mu,kappa]: [(39.59342,87.02788),188.06841]
	19054.03398	   0.04209	[mu,kappa]: [(69.63809,318.74882),2.31426]
	36761.74156	   0.08121	[mu,kappa]: [(122.95072,304.27121),4.65655]
	26724.44332	   0.05904	[mu,kappa]: [(43.45774,59.09905),4.83278]
			msglen: 9662516.52507 bits.
Iteration #: 14
	85437.58313	   0.18874	[mu,kappa]: [(127.84040,300.35391),7.69357]
	21706.90569	   0.04795	[mu,kappa]: [(30.55742,32.60160),3.86153]
	34073.93874	   0.07527	[mu,kappa]: [(51.33113,67.82613),6.67753]
	19576.73952	   0.04325	[mu,kappa]: [(42.28111,325.93938),3.41144]
	21082.26792	   0.04657	[mu,kappa]: [(95.10634,311.93466),2.56894]
	33076.96463	   0.07307	[mu,kappa]: [(122.79952,305.79967),4.19815]
	155103.21850	   0.34263	[mu,kappa]: [(39.59400,87.06202),194.35569]
	19055.98738	   0.04210	[mu,kappa]: [(67.04381,315.50133),2.71641]
	36674.52369	   0.08102	[mu,kappa]: [(124.51515,304.74570),4.66135]
	26886.87079	   0.05940	[mu,kappa]: [(44.88365,60.68084),4.97495]
			msglen: 9658090.61966 bits.
Iteration #: 15
	85619.29013	   0.18914	[mu,kappa]: [(127.97547,300.42729),7.67100]
	21358.07093	   0.04718	[mu,kappa]: [(28.36961,31.36645),4.25644]
	35208.76498	   0.07778	[mu,kappa]: [(53.56475,68.64342),6.94838]
	20395.79407	   0.04506	[mu,kappa]: [(41.77288,320.09774),4.42910]
	20464.92774	   0.04521	[mu,kappa]: [(94.62245,311.05646),2.72808]
	32923.37359	   0.07273	[mu,kappa]: [(125.12645,306.67526),4.17533]
	154200.40265	   0.34064	[mu,kappa]: [(39.58539,87.08588),198.29698]
	19006.49164	   0.04199	[mu,kappa]: [(65.37341,312.02184),3.34138]
	36598.95639	   0.08085	[mu,kappa]: [(126.53498,305.44512),4.64699]
	26898.92787	   0.05942	[mu,kappa]: [(46.49610,61.90345),5.10717]
			msglen: 9652511.91166 bits.
Iteration #: 16
	85722.16302	   0.18937	[mu,kappa]: [(127.61478,300.35918),7.72751]
	21013.00852	   0.04642	[mu,kappa]: [(25.98829,31.58385),4.92622]
	36134.34661	   0.07982	[mu,kappa]: [(55.54602,68.90138),7.11321]
	21365.83800	   0.04720	[mu,kappa]: [(41.71150,316.12803),5.71448]
	19561.12753	   0.04321	[mu,kappa]: [(94.60146,309.69085),2.99368]
	32761.13229	   0.07237	[mu,kappa]: [(128.23329,307.98312),4.14555]
	153771.08772	   0.33969	[mu,kappa]: [(39.57131,87.10173),200.36279]
	19000.16424	   0.04197	[mu,kappa]: [(65.05886,308.65615),4.30955]
	36497.16367	   0.08063	[mu,kappa]: [(129.05999,306.40644),4.63043]
	26848.96839	   0.05931	[mu,kappa]: [(48.03908,62.69581),5.24386]
			msglen: 9645849.70615 bits.
Iteration #: 17
	85746.01820	   0.18942	[mu,kappa]: [(126.61321,300.09710),7.91091]
	21080.98686	   0.04657	[mu,kappa]: [(23.44210,33.73212),6.04533]
	36732.09626	   0.08114	[mu,kappa]: [(57.25746,68.70679),7.17864]
	22092.21521	   0.04880	[mu,kappa]: [(41.75520,314.07998),6.97704]
	18495.78076	   0.04086	[mu,kappa]: [(94.57020,307.61846),3.47609]
	32558.52840	   0.07193	[mu,kappa]: [(132.27754,309.92341),4.12946]
	153649.01353	   0.33942	[mu,kappa]: [(39.55786,87.11113),201.15648]
	19308.63683	   0.04266	[mu,kappa]: [(66.30426,305.91665),5.66700]
	36292.18469	   0.08017	[mu,kappa]: [(132.18251,307.69207),4.63367]
	26719.53926	   0.05903	[mu,kappa]: [(49.25833,63.03593),5.39641]
			msglen: 9637766.76757 bits.
Iteration #: 18
	85631.32635	   0.18917	[mu,kappa]: [(124.98312,299.64951),8.27847]
	21988.99696	   0.04858	[mu,kappa]: [(20.98759,37.40867),7.70912]
	36879.52285	   0.08147	[mu,kappa]: [(58.92375,68.21898),7.20638]
	22345.32989	   0.04936	[mu,kappa]: [(41.57964,313.39442),8.08404]
	17574.86880	   0.03883	[mu,kappa]: [(94.06457,304.99563),4.38831]
	32268.47332	   0.07128	[mu,kappa]: [(137.45693,312.86225),4.17578]
	153642.10047	   0.33941	[mu,kappa]: [(39.55308,87.11539),201.43850]
	20149.96393	   0.04451	[mu,kappa]: [(68.67220,304.08488),7.22821]
	35859.51642	   0.07922	[mu,kappa]: [(136.07603,309.41388),4.70164]
	26334.90103	   0.05818	[mu,kappa]: [(50.20008,62.98988),5.57882]
			msglen: 9627253.35654 bits.
Iteration #: 19
	85228.25469	   0.18828	[mu,kappa]: [(122.93891,299.09113),8.88733]
	23690.92018	   0.05234	[mu,kappa]: [(19.00335,42.04760),9.70242]
	36548.95515	   0.08074	[mu,kappa]: [(60.74232,67.59213),7.29152]
	22444.83293	   0.04958	[mu,kappa]: [(41.05767,313.55853),9.16478]
	17248.91657	   0.03811	[mu,kappa]: [(93.20355,302.52195),6.07521]
	31853.24229	   0.07037	[mu,kappa]: [(143.59262,317.17348),4.39807]
	153654.04467	   0.33943	[mu,kappa]: [(39.56205,87.11529),201.72924]
	21410.68127	   0.04730	[mu,kappa]: [(71.32429,303.04553),8.66195]
	35076.97148	   0.07749	[mu,kappa]: [(140.73548,311.59257),4.93812]
	25518.18077	   0.05637	[mu,kappa]: [(51.11228,62.67137),5.82365]
			msglen: 9614187.84730 bits.
Iteration #: 20
	84312.24543	   0.18625	[mu,kappa]: [(120.85857,298.52871),9.74761]
	25564.90372	   0.05648	[mu,kappa]: [(17.75991,47.58177),11.68760]
	35905.37403	   0.07932	[mu,kappa]: [(62.64948,66.96585),7.46599]
	22926.41886	   0.05065	[mu,kappa]: [(40.28858,314.25577),10.33734]
	17924.19304	   0.03960	[mu,kappa]: [(92.62837,301.00600),8.62509]
	31352.77838	   0.06926	[mu,kappa]: [(149.68872,322.71216),4.94937]
	153683.47156	   0.33950	[mu,kappa]: [(39.58345,87.11142),202.14082]
	22669.22740	   0.05008	[mu,kappa]: [(73.61814,302.55530),9.72986]
	33975.52812	   0.07506	[mu,kappa]: [(145.63292,313.88337),5.50310]
	24360.85946	   0.05382	[mu,kappa]: [(52.11986,62.19024),6.14159]
			msglen: 9600375.53900 bits.
Iteration #: 21
	82829.10005	   0.18298	[mu,kappa]: [(119.08517,298.03489),10.78099]
	26975.11889	   0.05959	[mu,kappa]: [(17.31493,53.96408),13.65178]
	35262.25500	   0.07790	[mu,kappa]: [(64.53076,66.42007),7.65111]
	24038.70952	   0.05310	[mu,kappa]: [(39.51307,315.19057),11.45320]
	19399.09963	   0.04285	[mu,kappa]: [(92.65855,300.52691),11.33177]
	30905.32260	   0.06827	[mu,kappa]: [(154.48354,328.45333),5.89221]
	153712.41029	   0.33956	[mu,kappa]: [(39.61316,87.10468),202.66091]
	23544.68444	   0.05201	[mu,kappa]: [(75.26745,302.36835),10.37893]
	32846.45216	   0.07256	[mu,kappa]: [(149.83566,315.50461),6.54237]
	23161.84744	   0.05117	[mu,kappa]: [(53.23395,61.62992),6.48877]
			msglen: 9588290.09262 bits.
Iteration #: 22
	81111.83982	   0.17918	[mu,kappa]: [(117.77073,297.62904),11.83414]
	27740.22049	   0.06128	[mu,kappa]: [(17.52807,60.70551),15.89916]
	34843.98681	   0.07697	[mu,kappa]: [(66.35827,65.94539),7.73364]
	25582.60277	   0.05651	[mu,kappa]: [(38.83237,316.14356),12.20600]
	20969.43081	   0.04632	[mu,kappa]: [(93.05876,300.66985),13.46647]
	30553.93456	   0.06750	[mu,kappa]: [(157.49958,333.28636),7.03039]
	153677.93041	   0.33949	[mu,kappa]: [(39.64987,87.09574),203.38432]
	24006.39681	   0.05303	[mu,kappa]: [(76.26074,302.24639),10.69137]
	32041.90414	   0.07078	[mu,kappa]: [(152.64353,315.64391),8.08310]
	22146.75339	   0.04892	[mu,kappa]: [(54.39797,61.03215),6.81269]
			msglen: 9579101.76741 bits.
		21.16110 bpr
Null model msglen: 10949153.91706 bits.	(24.18767 bpr)
