Iteration #: 0
	9512.00000	   0.07193	[mu,kappa]: [(105.35656,310.98658),6.78604]
	9379.00000	   0.07092	[mu,kappa]: [(105.33876,310.73221),6.80999]
	9545.00000	   0.07217	[mu,kappa]: [(105.53210,310.94335),6.81747]
	9294.00000	   0.07028	[mu,kappa]: [(105.13405,310.89878),6.73334]
	9436.00000	   0.07135	[mu,kappa]: [(105.33146,310.58774),7.02333]
	9385.00000	   0.07097	[mu,kappa]: [(105.32360,310.54062),7.13400]
	9565.00000	   0.07233	[mu,kappa]: [(105.15358,310.37139),7.20259]
	9446.00000	   0.07143	[mu,kappa]: [(104.87652,310.75201),6.90268]
	9466.00000	   0.07158	[mu,kappa]: [(105.30443,310.55625),6.95738]
	9482.00000	   0.07170	[mu,kappa]: [(105.10585,310.91636),6.77132]
	9387.00000	   0.07098	[mu,kappa]: [(105.17178,310.59533),7.01552]
	9499.00000	   0.07183	[mu,kappa]: [(105.20534,310.83798),6.82890]
	9367.00000	   0.07083	[mu,kappa]: [(105.11846,310.83719),6.87495]
	9485.00000	   0.07172	[mu,kappa]: [(105.00545,310.93597),6.88288]
			msglen: 0.00000 bits.
Iteration #: 1
	9511.27564	   0.07192	[mu,kappa]: [(105.32714,311.43085),6.43655]
	9375.26636	   0.07089	[mu,kappa]: [(105.32175,311.11620),6.59653]
	9541.82273	   0.07215	[mu,kappa]: [(105.47199,311.24690),6.55653]
	9297.12144	   0.07030	[mu,kappa]: [(105.14616,311.61517),6.28424]
	9435.26674	   0.07135	[mu,kappa]: [(105.30697,310.16412),7.39501]
	9394.81163	   0.07104	[mu,kappa]: [(105.28716,309.76305),7.81132]
	9586.65729	   0.07249	[mu,kappa]: [(105.14813,309.44873),8.12569]
	9440.16857	   0.07138	[mu,kappa]: [(104.94721,310.75882),6.91396]
	9461.83939	   0.07155	[mu,kappa]: [(105.29305,310.38164),7.16997]
	9481.91291	   0.07170	[mu,kappa]: [(105.12459,311.45038),6.40758]
	9385.73232	   0.07097	[mu,kappa]: [(105.18089,310.20306),7.36604]
	9494.95763	   0.07180	[mu,kappa]: [(105.20970,311.12265),6.62908]
	9361.66924	   0.07079	[mu,kappa]: [(105.13889,310.92870),6.78909]
	9479.49812	   0.07168	[mu,kappa]: [(105.04390,310.97782),6.78533]
			msglen: 2807484.66115 bits.
Iteration #: 2
	9487.69325	   0.07174	[mu,kappa]: [(105.31785,313.29446),5.45634]
	9314.54720	   0.07043	[mu,kappa]: [(105.34988,312.09393),6.04220]
	9488.11345	   0.07174	[mu,kappa]: [(105.46688,312.41725),5.87840]
	9330.40804	   0.07055	[mu,kappa]: [(105.10025,314.52896),4.96059]
	9448.93511	   0.07145	[mu,kappa]: [(105.25830,308.65929),9.15085]
	9542.98982	   0.07216	[mu,kappa]: [(105.14411,307.69889),10.80071]
	9866.89177	   0.07461	[mu,kappa]: [(104.96534,307.16441),12.02061]
	9367.25017	   0.07083	[mu,kappa]: [(105.05067,310.43526),7.22240]
	9423.64517	   0.07126	[mu,kappa]: [(105.29348,309.34747),8.25731]
	9467.00574	   0.07159	[mu,kappa]: [(105.13686,313.50506),5.36196]
	9391.50932	   0.07101	[mu,kappa]: [(105.16768,308.75152),9.03592]
	9429.49936	   0.07130	[mu,kappa]: [(105.25893,311.93758),6.14557]
	9286.30889	   0.07022	[mu,kappa]: [(105.20806,311.04628),6.73635]
	9403.20270	   0.07110	[mu,kappa]: [(105.12966,311.10437),6.70857]
			msglen: 2795718.32499 bits.
Iteration #: 3
	9076.06355	   0.06863	[mu,kappa]: [(105.59256,318.55706),4.09019]
	8701.01117	   0.06579	[mu,kappa]: [(105.79961,313.02125),5.76109]
	8889.82108	   0.06722	[mu,kappa]: [(105.90042,314.24708),5.25369]
	9480.77604	   0.07169	[mu,kappa]: [(104.45353,327.01226),3.00971]
	9900.92099	   0.07487	[mu,kappa]: [(104.86568,306.10765),15.37821]
	10773.27383	   0.08146	[mu,kappa]: [(104.53324,305.45753),18.90270]
	11700.16524	   0.08847	[mu,kappa]: [(104.29713,305.18449),21.16477]
	8966.02023	   0.06780	[mu,kappa]: [(105.23433,308.35279),9.76859]
	9457.30883	   0.07151	[mu,kappa]: [(105.10251,306.77724),13.03059]
	9128.12493	   0.06902	[mu,kappa]: [(105.32743,319.82346),3.85860]
	9786.91695	   0.07400	[mu,kappa]: [(104.82127,306.18584),15.10962]
	8802.09138	   0.06656	[mu,kappa]: [(105.71129,312.38089),6.08521]
	8741.47020	   0.06610	[mu,kappa]: [(105.52086,309.68030),8.08141]
	8844.03559	   0.06687	[mu,kappa]: [(105.46627,309.79075),7.98142]
			msglen: 2763034.33896 bits.
Iteration #: 4
	7596.42261	   0.05744	[mu,kappa]: [(107.32149,325.11259),3.44058]
	7235.59792	   0.05471	[mu,kappa]: [(107.05199,311.19633),6.92105]
	7290.98792	   0.05513	[mu,kappa]: [(107.46716,313.43815),5.78523]
	9760.38957	   0.07380	[mu,kappa]: [(100.25120,357.49287),2.22020]
	11255.80701	   0.08511	[mu,kappa]: [(104.17873,305.02264),22.29479]
	13095.90958	   0.09902	[mu,kappa]: [(103.84307,304.69318),27.27148]
	14748.02101	   0.11152	[mu,kappa]: [(103.63816,304.56045),30.45435]
	8751.49507	   0.06618	[mu,kappa]: [(104.97733,306.28100),14.24335]
	10177.94488	   0.07696	[mu,kappa]: [(104.48793,305.36976),18.96360]
	7806.13948	   0.05903	[mu,kappa]: [(106.69632,329.56244),3.07069]
	11063.68121	   0.08366	[mu,kappa]: [(104.14590,305.07107),21.92647]
	7405.49368	   0.05600	[mu,kappa]: [(106.76917,310.19598),7.63738]
	8000.17109	   0.06049	[mu,kappa]: [(105.66875,307.21666),11.52526]
	8059.93897	   0.06095	[mu,kappa]: [(105.65179,307.30611),11.35684]
			msglen: 2739242.78821 bits.
Iteration #: 5
	6314.36487	   0.04775	[mu,kappa]: [(110.71782,326.83298),3.46379]
	6564.88850	   0.04964	[mu,kappa]: [(108.46820,309.11654),8.09995]
	6411.72721	   0.04848	[mu,kappa]: [(109.55748,311.12893),6.74483]
	9940.87213	   0.07517	[mu,kappa]: [(94.77668,18.36671),2.57240]
	11979.98567	   0.09059	[mu,kappa]: [(103.59859,304.85382),25.56673]
	14343.61147	   0.10846	[mu,kappa]: [(103.28241,304.63156),31.80158]
	16430.50412	   0.12424	[mu,kappa]: [(103.09858,304.53635),35.83394]
	8804.61008	   0.06658	[mu,kappa]: [(104.59403,305.64163),16.01663]
	10605.38624	   0.08019	[mu,kappa]: [(103.93335,305.06716),21.49927]
	6551.56863	   0.04954	[mu,kappa]: [(109.62594,334.48759),2.97257]
	11751.57708	   0.08886	[mu,kappa]: [(103.55853,304.89640),25.12050]
	6830.91701	   0.05165	[mu,kappa]: [(107.83571,308.31856),8.89477]
	7837.39005	   0.05926	[mu,kappa]: [(105.63818,306.21799),13.01808]
	7880.59694	   0.05959	[mu,kappa]: [(105.63734,306.28113),12.84174]
			msglen: 2733081.29794 bits.
Iteration #: 6
	5724.54496	   0.04329	[mu,kappa]: [(114.25688,324.77379),3.78443]
	6569.89199	   0.04968	[mu,kappa]: [(110.08276,308.12329),8.48593]
	6350.75584	   0.04802	[mu,kappa]: [(111.84774,309.73140),7.30555]
	9882.67050	   0.07473	[mu,kappa]: [(90.45312,27.13938),3.13318]
	12128.81470	   0.09171	[mu,kappa]: [(103.06632,304.98724),26.52680]
	14695.43454	   0.11112	[mu,kappa]: [(102.80298,304.78737),34.00306]
	16988.74605	   0.12846	[mu,kappa]: [(102.64815,304.68756),38.90740]
	8847.36651	   0.06690	[mu,kappa]: [(104.17781,305.53308),15.90125]
	10680.30532	   0.08076	[mu,kappa]: [(103.39700,305.13707),21.82376]
	5830.60480	   0.04409	[mu,kappa]: [(112.76762,333.76028),3.13183]
	11892.82649	   0.08993	[mu,kappa]: [(103.00656,305.03507),26.00776]
	6854.38366	   0.05183	[mu,kappa]: [(109.07412,307.49646),9.17027]
	7878.96345	   0.05958	[mu,kappa]: [(105.64760,305.89991),12.91228]
	7922.69117	   0.05991	[mu,kappa]: [(105.65275,305.95259),12.74610]
			msglen: 2730814.08178 bits.
Iteration #: 7
	5476.30181	   0.04141	[mu,kappa]: [(117.25285,322.13402),4.22904]
	6736.10558	   0.05094	[mu,kappa]: [(111.84841,307.68528),8.64095]
	6523.83894	   0.04933	[mu,kappa]: [(114.32349,309.06599),7.69513]
	9681.25816	   0.07321	[mu,kappa]: [(86.92982,32.07136),3.76794]
	12098.55433	   0.09148	[mu,kappa]: [(102.54858,305.19199),26.80682]
	14767.64648	   0.11166	[mu,kappa]: [(102.40704,304.96421),35.59774]
	17200.92735	   0.13006	[mu,kappa]: [(102.30137,304.83562),41.44095]
	8885.33207	   0.06719	[mu,kappa]: [(103.58342,305.60291),15.31365]
	10649.61836	   0.08053	[mu,kappa]: [(102.80292,305.31394),21.50351]
	5387.05445	   0.04074	[mu,kappa]: [(115.27366,330.98265),3.39268]
	11865.08590	   0.08972	[mu,kappa]: [(102.45474,305.25320),26.21097]
	7009.18979	   0.05300	[mu,kappa]: [(110.40492,307.14424),9.19046]
	7959.62325	   0.06019	[mu,kappa]: [(105.52916,305.81676),12.44891]
	8007.46355	   0.06055	[mu,kappa]: [(105.53132,305.86712),12.29614]
			msglen: 2729050.20863 bits.
Iteration #: 8
	5378.95392	   0.04067	[mu,kappa]: [(119.78809,320.15144),4.68908]
	6898.17320	   0.05216	[mu,kappa]: [(113.65383,307.46388),8.83621]
	6731.29118	   0.05090	[mu,kappa]: [(116.95202,308.74331),8.14258]
	9439.86399	   0.07138	[mu,kappa]: [(84.55110,35.27116),4.45118]
	12022.16337	   0.09091	[mu,kappa]: [(102.04583,305.40070),26.88342]
	14764.77173	   0.11164	[mu,kappa]: [(102.11607,305.09654),37.08650]
	17327.39102	   0.13102	[mu,kappa]: [(102.07937,304.92005),43.94149]
	8931.06635	   0.06753	[mu,kappa]: [(102.67295,305.76867),14.69120]
	10601.46009	   0.08016	[mu,kappa]: [(102.10981,305.52979),21.00772]
	5103.36954	   0.03859	[mu,kappa]: [(116.90786,328.22782),3.66718]
	11795.86159	   0.08919	[mu,kappa]: [(101.89904,305.48482),26.20293]
	7145.82045	   0.05403	[mu,kappa]: [(111.68197,306.96480),9.24092]
	8027.96554	   0.06070	[mu,kappa]: [(105.09998,305.83419),12.00844]
	8079.84802	   0.06110	[mu,kappa]: [(105.08618,305.88734),11.86782]
			msglen: 2727574.24623 bits.
Iteration #: 9
	5335.09641	   0.04034	[mu,kappa]: [(122.16112,318.96570),5.12093]
	7015.57418	   0.05305	[mu,kappa]: [(115.52590,307.27060),9.19412]
	6937.11698	   0.05246	[mu,kappa]: [(119.81182,308.53108),8.83484]
	9216.93022	   0.06969	[mu,kappa]: [(83.24585,37.35263),5.08126]
	11934.06997	   0.09024	[mu,kappa]: [(101.57788,305.60020),26.85839]
	14738.28854	   0.11144	[mu,kappa]: [(101.95621,305.16231),38.58220]
	17435.61635	   0.13184	[mu,kappa]: [(102.00012,304.92137),46.51413]
	9005.12898	   0.06809	[mu,kappa]: [(101.35660,306.04831),14.12219]
	10566.00945	   0.07989	[mu,kappa]: [(101.30460,305.78621),20.43767]
	4913.01453	   0.03715	[mu,kappa]: [(117.66226,326.26938),3.87217]
	11718.94022	   0.08861	[mu,kappa]: [(101.35383,305.72037),26.08271]
	7222.96600	   0.05462	[mu,kappa]: [(112.89276,306.79706),9.41196]
	8076.81054	   0.06107	[mu,kappa]: [(104.25225,305.92206),11.65370]
	8132.43763	   0.06149	[mu,kappa]: [(104.20540,305.98239),11.52269]
			msglen: 2726200.20660 bits.
Iteration #: 10
	5280.52231	   0.03993	[mu,kappa]: [(124.69564,318.38235),5.56864]
	7085.17000	   0.05358	[mu,kappa]: [(117.56401,306.98005),9.86611]
	7173.04347	   0.05424	[mu,kappa]: [(122.95746,308.29781),10.06080]
	9043.77510	   0.06839	[mu,kappa]: [(82.66532,38.67184),5.57225]
	11839.76929	   0.08953	[mu,kappa]: [(101.16359,305.78536),26.79883]
	14708.09751	   0.11121	[mu,kappa]: [(101.94131,305.14946),40.14882]
	17557.30692	   0.13276	[mu,kappa]: [(102.06586,304.83242),49.19903]
	9126.48081	   0.06901	[mu,kappa]: [(99.59022,306.49043),13.64635]
	10550.83792	   0.07978	[mu,kappa]: [(100.38319,306.09811),19.85647]
	4746.08583	   0.03589	[mu,kappa]: [(117.60014,325.18322),3.96568]
	11639.76954	   0.08801	[mu,kappa]: [(100.83229,305.95924),25.91654]
	7225.38179	   0.05464	[mu,kappa]: [(114.12084,306.52596),9.79073]
	8105.87792	   0.06129	[mu,kappa]: [(102.95040,306.07748),11.39723]
	8165.88159	   0.06175	[mu,kappa]: [(102.85025,306.15045),11.27310]
			msglen: 2724533.27499 bits.
Iteration #: 11
	5178.30241	   0.03916	[mu,kappa]: [(127.67554,318.25655),6.14228]
	7120.34718	   0.05384	[mu,kappa]: [(119.77019,306.52675),11.08440]
	7524.25255	   0.05690	[mu,kappa]: [(126.16531,308.02540),12.24860]
	8924.29886	   0.06748	[mu,kappa]: [(82.52807,39.51366),5.91860]
	11733.25254	   0.08872	[mu,kappa]: [(100.80794,305.94787),26.80920]
	14692.31813	   0.11109	[mu,kappa]: [(102.06297,305.05258),41.85073]
	17723.57741	   0.13401	[mu,kappa]: [(102.25795,304.65543),52.01292]
	9301.45289	   0.07033	[mu,kappa]: [(97.38929,307.13821),13.34134]
	10546.21636	   0.07975	[mu,kappa]: [(99.34343,306.47176),19.37057]
	4539.90306	   0.03433	[mu,kappa]: [(116.84540,324.85084),3.95042]
	11551.59415	   0.08735	[mu,kappa]: [(100.33505,306.19735),25.81291]
	7140.39081	   0.05399	[mu,kappa]: [(115.42842,306.06568),10.51034]
	8102.89995	   0.06127	[mu,kappa]: [(101.22025,306.28880),11.27556]
	8169.19371	   0.06177	[mu,kappa]: [(101.04611,306.38245),11.15617]
			msglen: 2722167.75042 bits.
Iteration #: 12
	5030.92906	   0.03804	[mu,kappa]: [(131.23627,318.70347),6.97241]
	7144.73808	   0.05403	[mu,kappa]: [(121.88489,305.93110),13.10856]
	8087.20676	   0.06115	[mu,kappa]: [(128.86349,307.80212),15.69516]
	8840.50912	   0.06685	[mu,kappa]: [(82.69432,40.11271),6.16948]
	11605.27478	   0.08775	[mu,kappa]: [(100.50672,306.07513),27.02437]
	14712.01875	   0.11124	[mu,kappa]: [(102.29430,304.87446),43.73033]
	17965.70876	   0.13585	[mu,kappa]: [(102.54405,304.40150),54.92760]
	9514.14199	   0.07194	[mu,kappa]: [(94.90464,307.99381),13.33124]
	10528.36748	   0.07961	[mu,kappa]: [(98.21250,306.89098),19.13098]
	4254.17026	   0.03217	[mu,kappa]: [(115.66753,325.22342),3.84912]
	11443.16913	   0.08653	[mu,kappa]: [(99.85873,306.42458),25.91912]
	6961.73130	   0.05264	[mu,kappa]: [(116.72559,305.37711),11.73480]
	8042.34802	   0.06081	[mu,kappa]: [(99.19248,306.50584),11.36088]
	8117.68652	   0.06138	[mu,kappa]: [(98.92989,306.63116),11.24520]
			msglen: 2719090.40418 bits.
Iteration #: 13
	4899.17692	   0.03705	[mu,kappa]: [(135.23201,320.17268),8.13807]
	7178.12368	   0.05428	[mu,kappa]: [(123.45947,305.26475),16.02310]
	8821.46679	   0.06670	[mu,kappa]: [(130.59285,307.68651),19.95985]
	8771.78758	   0.06633	[mu,kappa]: [(83.04519,40.59569),6.37243]
	11452.76252	   0.08660	[mu,kappa]: [(100.26177,306.15745),27.53438]
	14784.95679	   0.11180	[mu,kappa]: [(102.60513,304.62618),45.75195]
	18302.21624	   0.13839	[mu,kappa]: [(102.89358,304.08757),57.83239]
	9732.71382	   0.07359	[mu,kappa]: [(92.44863,309.01392),13.70269]
	10474.08716	   0.07920	[mu,kappa]: [(97.07851,307.32209),19.25128]
	3892.76260	   0.02944	[mu,kappa]: [(114.39107,326.28758),3.68608]
	11308.63850	   0.08551	[mu,kappa]: [(99.41360,306.63177),26.34697]
	6715.97453	   0.05078	[mu,kappa]: [(117.75113,304.48656),13.58403]
	7913.33736	   0.05984	[mu,kappa]: [(97.14098,306.64395),11.69432]
	7999.99549	   0.06049	[mu,kappa]: [(96.78917,306.81403),11.58197]
			msglen: 2715857.28893 bits.
Iteration #: 14
	4879.79185	   0.03690	[mu,kappa]: [(139.24249,323.12171),9.67371]
	7228.53038	   0.05466	[mu,kappa]: [(124.23122,304.55167),19.62300]
	9489.79512	   0.07176	[mu,kappa]: [(131.42933,307.64149),24.04587]
	8705.28935	   0.06583	[mu,kappa]: [(83.40821,40.98219),6.55060]
	11282.81006	   0.08531	[mu,kappa]: [(100.08048,306.20308),28.29086]
	14908.61757	   0.11273	[mu,kappa]: [(102.97118,304.32798),47.75392]
	18715.01014	   0.14151	[mu,kappa]: [(103.28415,303.73505),60.51780]
	9938.13624	   0.07515	[mu,kappa]: [(90.31676,310.16217),14.42802]
	10381.51542	   0.07850	[mu,kappa]: [(96.05521,307.74567),19.70981]
	3497.67828	   0.02645	[mu,kappa]: [(113.00853,327.84660),3.48641]
	11154.13747	   0.08434	[mu,kappa]: [(99.01827,306.82800),27.08117]
	6479.39642	   0.04900	[mu,kappa]: [(118.29503,303.45772),16.08854]
	7744.53621	   0.05856	[mu,kappa]: [(95.38562,306.62829),12.19170]
	7842.75550	   0.05930	[mu,kappa]: [(94.95610,306.85762),12.08212]
			msglen: 2712957.98129 bits.
Iteration #: 15
	5026.25425	   0.03801	[mu,kappa]: [(142.65531,327.28838),11.69279]
	7308.72876	   0.05527	[mu,kappa]: [(124.31120,303.79702),23.61344]
	9902.31810	   0.07488	[mu,kappa]: [(131.71947,307.61722),27.38520]
	8635.17588	   0.06530	[mu,kappa]: [(83.65829,41.27749),6.71920]
	11102.59300	   0.08395	[mu,kappa]: [(99.94686,306.24223),29.16831]
	15049.65604	   0.11380	[mu,kappa]: [(103.35977,304.01006),49.53859]
	19142.08410	   0.14474	[mu,kappa]: [(103.68703,303.37089),62.78758]
	10132.73386	   0.07662	[mu,kappa]: [(88.59863,311.43839),15.47130]
	10264.65416	   0.07762	[mu,kappa]: [(95.20003,308.17110),20.41809]
	3102.34498	   0.02346	[mu,kappa]: [(110.87976,329.44879),3.27138]
	10990.67596	   0.08311	[mu,kappa]: [(98.66427,307.04559),28.04782]
	6338.56802	   0.04793	[mu,kappa]: [(118.39567,302.37692),19.19836]
	7572.56378	   0.05726	[mu,kappa]: [(94.10812,306.40072),12.68002]
	7679.64911	   0.05807	[mu,kappa]: [(93.61568,306.70495),12.57317]
			msglen: 2710432.71502 bits.
Iteration #: 16
	5291.72543	   0.04002	[mu,kappa]: [(144.97362,331.44150),14.19913]
	7438.01637	   0.05624	[mu,kappa]: [(124.00796,303.06856),27.70695]
	10071.27271	   0.07615	[mu,kappa]: [(131.76737,307.60817),30.00558]
	8567.35598	   0.06478	[mu,kappa]: [(83.84470,41.50583),6.88733]
	10913.88298	   0.08253	[mu,kappa]: [(99.82011,306.31087),30.10776]
	15159.82511	   0.11463	[mu,kappa]: [(103.72609,303.70591),51.01859]
	19507.51573	   0.14750	[mu,kappa]: [(104.06357,303.02340),64.59955]
	10330.56615	   0.07811	[mu,kappa]: [(87.22944,312.85428),16.94619]
	10135.42657	   0.07664	[mu,kappa]: [(94.50785,308.61749),21.35549]
	2731.58743	   0.02066	[mu,kappa]: [(107.11731,330.71674),3.05239]
	10828.65843	   0.08188	[mu,kappa]: [(98.31627,307.32238),29.26304]
	6333.77038	   0.04789	[mu,kappa]: [(118.26142,301.36317),22.69666]
	7414.15503	   0.05606	[mu,kappa]: [(93.31894,305.87830),13.01825]
	7524.24170	   0.05690	[mu,kappa]: [(92.77720,306.27393),12.91499]
			msglen: 2708242.30676 bits.
Iteration #: 17
	5561.05207	   0.04205	[mu,kappa]: [(146.22066,334.39607),16.69312]
	7613.82637	   0.05757	[mu,kappa]: [(123.59555,302.46639),31.53822]
	10117.47857	   0.07650	[mu,kappa]: [(131.77923,307.66244),32.04894]
	8514.15632	   0.06438	[mu,kappa]: [(84.12602,41.67794),7.04865]
	10718.37215	   0.08105	[mu,kappa]: [(99.67445,306.43050),31.15855]
	15206.75614	   0.11498	[mu,kappa]: [(104.03505,303.43967),52.23721]
	19764.83385	   0.14945	[mu,kappa]: [(104.38316,302.71246),66.05807]
	10553.92986	   0.07980	[mu,kappa]: [(86.11861,314.40857),19.18884]
	9994.17799	   0.07557	[mu,kappa]: [(93.96901,309.09642),22.59904]
	2425.47825	   0.01834	[mu,kappa]: [(101.32350,331.71979),2.84914]
	10679.45763	   0.08075	[mu,kappa]: [(97.95488,307.68013),30.87758]
	6442.85608	   0.04872	[mu,kappa]: [(118.07359,300.52041),26.19177]
	7276.03439	   0.05502	[mu,kappa]: [(92.96059,304.93646),13.14882]
	7379.59032	   0.05580	[mu,kappa]: [(92.38387,305.44073),13.04721]
			msglen: 2706321.50287 bits.
Iteration #: 18
	5752.92656	   0.04350	[mu,kappa]: [(146.77880,335.99660),18.50874]
	7801.68443	   0.05899	[mu,kappa]: [(123.20498,302.04645),34.80003]
	10148.18240	   0.07674	[mu,kappa]: [(131.86627,307.84017),33.53744]
	8475.33297	   0.06409	[mu,kappa]: [(84.58088,41.79196),7.19795]
	10516.56692	   0.07952	[mu,kappa]: [(99.52454,306.60036),32.45396]
	15190.38937	   0.11486	[mu,kappa]: [(104.27808,303.21879),53.30061]
	19916.98339	   0.15060	[mu,kappa]: [(104.63707,302.44376),67.31305]
	10842.76782	   0.08199	[mu,kappa]: [(85.18661,316.05115),22.82647]
	9822.00275	   0.07427	[mu,kappa]: [(93.59662,309.60883),24.31530]
	2212.09256	   0.01673	[mu,kappa]: [(93.71816,332.92713),2.70042]
	10550.98109	   0.07978	[mu,kappa]: [(97.59896,308.11337),33.15998]
	6608.50719	   0.04997	[mu,kappa]: [(117.89812,299.89029),29.37088]
	7163.15502	   0.05417	[mu,kappa]: [(92.96745,303.46083),13.11504]
	7246.42751	   0.05480	[mu,kappa]: [(92.37437,304.08849),13.00207]
			msglen: 2704342.57873 bits.
Iteration #: 19
	5865.35833	   0.04435	[mu,kappa]: [(146.99170,336.74750),19.44565]
	7967.67318	   0.06025	[mu,kappa]: [(122.85782,301.80339),37.44758]
	10207.71851	   0.07719	[mu,kappa]: [(132.04020,308.15105),34.49713]
	8435.87246	   0.06379	[mu,kappa]: [(85.16460,41.85686),7.34714]
	10301.52189	   0.07790	[mu,kappa]: [(99.41519,306.80342),34.19417]
	15131.95223	   0.11442	[mu,kappa]: [(104.46819,303.03991),54.31692]
	19997.89341	   0.15121	[mu,kappa]: [(104.83402,302.21362),68.48006]
	11261.99027	   0.08516	[mu,kappa]: [(84.36800,317.60891),28.70526]
	9581.27189	   0.07245	[mu,kappa]: [(93.42032,310.13516),26.78421]
	2087.82493	   0.01579	[mu,kappa]: [(84.76505,334.93636),2.65621]
	10442.62912	   0.07896	[mu,kappa]: [(97.29157,308.58592),36.48709]
	6781.14961	   0.05128	[mu,kappa]: [(117.73851,299.46943),32.19093]
	7069.31765	   0.05346	[mu,kappa]: [(93.26383,301.47201),13.08160]
	7115.82652	   0.05381	[mu,kappa]: [(92.68036,302.22320),12.92632]
			msglen: 2701964.03659 bits.
Iteration #: 20
	5926.73835	   0.04482	[mu,kappa]: [(147.04834,337.12865),19.69284]
	8104.17034	   0.06128	[mu,kappa]: [(122.54771,301.70531),39.60795]
	10303.65655	   0.07791	[mu,kappa]: [(132.25904,308.55259),35.02139]
	8378.27622	   0.06335	[mu,kappa]: [(85.81854,41.90183),7.52023]
	10069.80638	   0.07614	[mu,kappa]: [(99.38540,307.01677),36.58947]
	15051.66837	   0.11381	[mu,kappa]: [(104.62092,302.89954),55.33442]
	20036.22994	   0.15150	[mu,kappa]: [(104.98526,302.01736),69.59134]
	11840.99459	   0.08954	[mu,kappa]: [(83.63603,318.81548),37.04933]
	9249.33323	   0.06994	[mu,kappa]: [(93.46581,310.61628),30.40416]
	2044.13647	   0.01546	[mu,kappa]: [(75.20584,338.06450),2.77784]
	10361.35803	   0.07835	[mu,kappa]: [(97.06549,309.03538),41.28138]
	6937.61428	   0.05246	[mu,kappa]: [(117.59674,299.23688),34.75578]
	6974.02860	   0.05274	[mu,kappa]: [(93.74191,299.21987),13.26454]
	6969.98865	   0.05270	[mu,kappa]: [(93.20150,300.06746),13.02357]
			msglen: 2699310.84257 bits.
Iteration #: 21
	5957.91093	   0.04505	[mu,kappa]: [(147.03311,337.40560),19.50299]
	8223.23962	   0.06218	[mu,kappa]: [(122.27410,301.71340),41.39487]
	10436.95705	   0.07892	[mu,kappa]: [(132.47951,308.98654),35.20383]
	8288.57060	   0.06267	[mu,kappa]: [(86.53938,41.98315),7.75115]
	9843.10886	   0.07443	[mu,kappa]: [(99.42319,307.23040),39.68242]
	14951.41447	   0.11305	[mu,kappa]: [(104.74645,302.79335),56.26854]
	20028.75663	   0.15144	[mu,kappa]: [(105.10145,301.84727),70.57203]
	12444.53768	   0.09410	[mu,kappa]: [(83.00528,319.57825),46.39736]
	8880.67063	   0.06715	[mu,kappa]: [(93.70079,310.98925),35.64870]
	2084.08319	   0.01576	[mu,kappa]: [(66.40587,341.79860),3.12967]
	10350.95757	   0.07827	[mu,kappa]: [(96.89862,309.41448),47.79336]
	7076.13958	   0.05351	[mu,kappa]: [(117.48207,299.15095),37.13029]
	6870.94644	   0.05196	[mu,kappa]: [(94.23859,297.06070),13.78752]
	6810.70676	   0.05150	[mu,kappa]: [(93.77803,297.96156),13.42328]
			msglen: 2696825.25500 bits.
Iteration #: 22
	5968.32904	   0.04513	[mu,kappa]: [(146.97844,337.69521),19.06623]
	8341.20480	   0.06307	[mu,kappa]: [(122.03724,301.79207),42.84960]
	10606.01545	   0.08020	[mu,kappa]: [(132.67292,309.40499),35.10011]
	8164.32734	   0.06174	[mu,kappa]: [(87.32932,42.16504),8.07667]
	9648.33324	   0.07296	[mu,kappa]: [(99.47222,307.45186),43.17155]
	14815.62446	   0.11203	[mu,kappa]: [(104.86188,302.70632),56.98828]
	19954.42815	   0.15088	[mu,kappa]: [(105.20202,301.68508),71.38026]
	12851.67851	   0.09718	[mu,kappa]: [(82.48366,320.04129),54.80164]
	8600.77242	   0.06504	[mu,kappa]: [(93.99445,311.26018),42.90805]
	2196.18822	   0.01661	[mu,kappa]: [(59.73613,345.04535),3.72327]
	10466.38401	   0.07914	[mu,kappa]: [(96.71726,309.72729),55.76678]
	7205.43063	   0.05449	[mu,kappa]: [(117.40081,299.15949),39.31043]
	6771.99949	   0.05121	[mu,kappa]: [(94.58655,295.23225),14.63150]
	6657.28424	   0.05034	[mu,kappa]: [(94.23999,296.15390),14.12584]
			msglen: 2694734.36557 bits.
Iteration #: 23
	5960.21631	   0.04507	[mu,kappa]: [(146.89787,338.03967),18.50993]
	8466.51203	   0.06402	[mu,kappa]: [(121.83148,301.91721),43.95061]
	10802.32287	   0.08168	[mu,kappa]: [(132.82664,309.77653),34.74268]
	8025.45878	   0.06069	[mu,kappa]: [(88.09361,42.45141),8.49730]
	9482.46399	   0.07170	[mu,kappa]: [(99.49957,307.67906),46.52111]
	14641.49502	   0.11071	[mu,kappa]: [(104.99037,302.62040),57.50238]
	19823.73385	   0.14989	[mu,kappa]: [(105.30741,301.51306),72.16390]
	12983.32652	   0.09817	[mu,kappa]: [(82.05453,320.35490),61.52790]
	8502.52760	   0.06429	[mu,kappa]: [(94.18917,311.47832),52.00779]
	2334.54122	   0.01766	[mu,kappa]: [(55.43337,347.18371),4.47067]
	10703.59120	   0.08094	[mu,kappa]: [(96.47480,309.99345),64.35851]
	7333.25141	   0.05545	[mu,kappa]: [(117.34851,299.22264),41.25036]
	6676.24532	   0.05048	[mu,kappa]: [(94.70748,293.78878),15.68575]
	6512.31387	   0.04924	[mu,kappa]: [(94.50097,294.72160),15.03551]
			msglen: 2693081.65906 bits.
Iteration #: 24
	5933.22752	   0.04487	[mu,kappa]: [(146.80621,338.44918),17.91916]
	8597.05939	   0.06501	[mu,kappa]: [(121.64932,302.07306),44.65364]
	11012.62707	   0.08327	[mu,kappa]: [(132.94352,310.08107),34.17742]
	7902.77643	   0.05976	[mu,kappa]: [(88.66722,42.76570),8.94661]
	9328.85970	   0.07054	[mu,kappa]: [(99.51786,307.89793),49.26695]
	14455.07246	   0.10930	[mu,kappa]: [(105.14069,302.53193),57.94067]
	19686.34284	   0.14886	[mu,kappa]: [(105.42016,301.33062),73.15276]
	12901.88094	   0.09756	[mu,kappa]: [(81.69617,320.59709),66.77001]
	8584.15234	   0.06491	[mu,kappa]: [(94.21533,311.67440),61.92660]
	2448.08735	   0.01851	[mu,kappa]: [(52.90533,348.30850),5.21415]
	10999.24948	   0.08317	[mu,kappa]: [(96.18512,310.21860),72.52201]
	7460.46746	   0.05641	[mu,kappa]: [(117.31381,299.31569),42.87516]
	6572.53753	   0.04970	[mu,kappa]: [(94.60708,292.67246),16.82305]
	6365.65947	   0.04814	[mu,kappa]: [(94.55675,293.62651),16.02356]
			msglen: 2691871.12759 bits.
Iteration #: 25
	5887.17650	   0.04452	[mu,kappa]: [(146.72121,338.92418),17.35278]
	8727.19141	   0.06599	[mu,kappa]: [(121.48606,302.24583),44.94740]
	11225.15688	   0.08488	[mu,kappa]: [(133.03527,310.30795),33.47760]
	7813.16567	   0.05908	[mu,kappa]: [(88.96636,43.02981),9.33233]
	9184.51099	   0.06945	[mu,kappa]: [(99.55461,308.09998),51.20746]
	14291.29624	   0.10806	[mu,kappa]: [(105.30045,302.45126),58.41142]
	19592.02197	   0.14814	[mu,kappa]: [(105.52385,301.15147),74.46460]
	12699.01459	   0.09602	[mu,kappa]: [(81.38841,320.80407),70.83964]
	8780.04797	   0.06639	[mu,kappa]: [(94.10360,311.85652),71.40372]
	2516.79747	   0.01903	[mu,kappa]: [(51.51235,348.75101),5.81673]
	11284.97526	   0.08533	[mu,kappa]: [(95.88639,310.40206),79.46239]
	7583.86069	   0.05735	[mu,kappa]: [(117.28795,299.42000),44.11869]
	6453.69558	   0.04880	[mu,kappa]: [(94.33061,291.79206),17.96284]
	6209.08879	   0.04695	[mu,kappa]: [(94.44694,292.78922),16.99518]
			msglen: 2691034.97287 bits.
Iteration #: 26
	5822.40553	   0.04403	[mu,kappa]: [(146.65457,339.46117),16.85338]
	8854.53680	   0.06695	[mu,kappa]: [(121.33902,302.42250),44.88012]
	11432.29523	   0.08645	[mu,kappa]: [(133.11382,310.45807),32.72497]
	7754.87225	   0.05864	[mu,kappa]: [(89.03909,43.22123),9.60757]
	9059.84202	   0.06851	[mu,kappa]: [(99.62649,308.28721),52.38696]
	14170.23227	   0.10715	[mu,kappa]: [(105.44899,302.38963),58.93080]
	19561.06032	   0.14791	[mu,kappa]: [(105.59850,300.98956),76.04979]
	12440.85192	   0.09407	[mu,kappa]: [(81.11547,320.99146),73.96599]
	9021.91444	   0.06822	[mu,kappa]: [(93.91324,312.02659),79.61646]
	2548.87685	   0.01928	[mu,kappa]: [(50.79761,348.78732),6.23520]
	11521.61667	   0.08712	[mu,kappa]: [(95.60816,310.54567),84.82866]
	7701.68667	   0.05824	[mu,kappa]: [(117.26833,299.51905),44.96883]
	6318.71782	   0.04778	[mu,kappa]: [(93.93392,291.06360),19.08595]
	6039.09120	   0.04567	[mu,kappa]: [(94.22780,292.13134),17.91359]
			msglen: 2690457.86573 bits.
Iteration #: 27
	5740.33649	   0.04341	[mu,kappa]: [(146.61036,340.05477),16.44712]
	8980.54339	   0.06791	[mu,kappa]: [(121.20507,302.59242),44.54296]
	11629.03966	   0.08793	[mu,kappa]: [(133.18726,310.54275),31.98572]
	7719.13998	   0.05837	[mu,kappa]: [(88.98195,43.35370),9.78076]
	8966.25307	   0.06780	[mu,kappa]: [(99.73489,308.46615),52.97825]
	14093.15707	   0.10656	[mu,kappa]: [(105.57131,302.35124),59.45198]
	19586.69728	   0.14810	[mu,kappa]: [(105.63303,300.85141),77.76828]
	12164.66238	   0.09198	[mu,kappa]: [(80.86807,321.16391),76.36031]
	9267.66110	   0.07008	[mu,kappa]: [(93.68764,312.18655),86.29036]
	2559.22567	   0.01935	[mu,kappa]: [(50.46139,348.59786),6.50446]
	11700.46329	   0.08847	[mu,kappa]: [(95.36435,310.65408),88.65751]
	7815.57601	   0.05910	[mu,kappa]: [(117.25547,299.59974),45.47627]
	6169.97125	   0.04666	[mu,kappa]: [(93.46418,290.42286),20.20824]
	5855.27337	   0.04428	[mu,kappa]: [(93.95042,291.59126),18.77747]
			msglen: 2690038.09173 bits.
Iteration #: 28
	5643.86265	   0.04268	[mu,kappa]: [(146.58885,340.70007),16.14274]
	9107.74924	   0.06887	[mu,kappa]: [(121.08015,302.74809),44.03686]
	11811.53948	   0.08931	[mu,kappa]: [(133.26033,310.57892),31.30201]
	7698.23001	   0.05821	[mu,kappa]: [(88.86907,43.44657),9.88122]
	8908.68820	   0.06736	[mu,kappa]: [(99.87194,308.64170),53.17700]
	14051.17408	   0.10625	[mu,kappa]: [(105.66231,302.33368),59.91985]
	19651.34328	   0.14859	[mu,kappa]: [(105.62703,300.73701),79.48196]
	11889.26183	   0.08990	[mu,kappa]: [(80.64113,321.32225),78.22103]
	9499.33588	   0.07183	[mu,kappa]: [(93.45015,312.33848),91.51568]
	2558.25382	   0.01935	[mu,kappa]: [(50.32145,348.29276),6.67948]
	11829.90758	   0.08945	[mu,kappa]: [(95.15813,310.73232),91.20835]
	7929.12309	   0.05996	[mu,kappa]: [(117.24956,299.65334),45.72945]
	6010.84395	   0.04545	[mu,kappa]: [(92.95204,289.82564),21.35471]
	5658.68691	   0.04279	[mu,kappa]: [(93.65059,291.12659),19.59387]
			msglen: 2689708.46068 bits.
Iteration #: 29
	5536.75920	   0.04187	[mu,kappa]: [(146.58860,341.39165),15.93549]
	9237.70222	   0.06985	[mu,kappa]: [(120.96022,302.88519),43.44769]
	11977.13762	   0.09056	[mu,kappa]: [(133.33592,310.58460),30.69548]
	7687.01735	   0.05813	[mu,kappa]: [(88.74016,43.51398),9.93494]
	8885.30415	   0.06719	[mu,kappa]: [(100.02700,308.81480),53.14549]
	14033.46304	   0.10611	[mu,kappa]: [(105.72409,302.33140),60.30010]
	19738.39120	   0.14925	[mu,kappa]: [(105.58652,300.64326),81.09788]
	11623.39447	   0.08789	[mu,kappa]: [(80.43128,321.46720),79.70733]
	9712.67818	   0.07344	[mu,kappa]: [(93.21144,312.48426),95.54335]
	2551.38245	   0.01930	[mu,kappa]: [(50.27740,347.93512),6.80270]
	11923.09878	   0.09016	[mu,kappa]: [(94.98749,310.78442),92.80687]
	8045.85881	   0.06084	[mu,kappa]: [(117.24915,299.67518),45.82204]
	5844.83771	   0.04420	[mu,kappa]: [(92.41347,289.24423),22.55043]
	5450.97483	   0.04122	[mu,kappa]: [(93.34991,290.71164),20.36640]
			msglen: 2689429.77971 bits.
Iteration #: 30
	5422.83318	   0.04101	[mu,kappa]: [(146.60669,342.12160),15.81274]
	9370.45784	   0.07086	[mu,kappa]: [(120.84217,303.00221),42.83639]
	12124.69657	   0.09168	[mu,kappa]: [(133.41599,310.57599),30.17374]
	7682.35894	   0.05809	[mu,kappa]: [(88.61236,43.56470),9.95916]
	8890.21771	   0.06722	[mu,kappa]: [(100.19029,308.98333),52.99733]
	14031.05477	   0.10609	[mu,kappa]: [(105.76189,302.33848),60.58130]
	19836.12933	   0.14999	[mu,kappa]: [(105.51950,300.56645),82.56929]
	11370.51282	   0.08598	[mu,kappa]: [(80.23591,321.60011),80.93130]
	9909.15249	   0.07493	[mu,kappa]: [(92.97561,312.62564),98.65056]
	2541.20928	   0.01922	[mu,kappa]: [(50.27866,347.55755),6.89974]
	11991.66256	   0.09067	[mu,kappa]: [(94.84870,310.81330),93.75039]
	8168.09540	   0.06176	[mu,kappa]: [(117.25161,299.66389),45.83154]
	5675.49738	   0.04292	[mu,kappa]: [(91.85502,288.66280),23.82183]
	5234.12172	   0.03958	[mu,kappa]: [(93.06100,290.33320),21.09340]
			msglen: 2689180.21500 bits.
			N: 132248
		20.33437 bpr
Null model msglen: 3118813.14029 bits.	(23.58306 bpr)
