Iteration #: 0
	5482.00000	   0.04145	[mu,kappa]: [(104.83002,310.87484),7.02068]
	5522.00000	   0.04175	[mu,kappa]: [(105.96860,310.37890),6.77538]
	5393.00000	   0.04078	[mu,kappa]: [(105.45924,310.37403),7.12636]
	5418.00000	   0.04097	[mu,kappa]: [(105.07376,310.49386),6.88835]
	5528.00000	   0.04180	[mu,kappa]: [(105.57036,310.58842),6.73860]
	5496.00000	   0.04156	[mu,kappa]: [(105.15125,310.30250),7.32554]
	5548.00000	   0.04195	[mu,kappa]: [(104.82533,310.43729),6.93385]
	5658.00000	   0.04278	[mu,kappa]: [(105.12677,310.85565),7.02447]
	5417.00000	   0.04096	[mu,kappa]: [(105.41093,311.01515),6.58433]
	5547.00000	   0.04194	[mu,kappa]: [(104.64708,310.67748),7.03233]
	5580.00000	   0.04219	[mu,kappa]: [(105.93017,311.11811),6.72484]
	5567.00000	   0.04210	[mu,kappa]: [(105.23811,310.71081),6.86010]
	5501.00000	   0.04160	[mu,kappa]: [(104.91855,311.09147),6.79931]
	5457.00000	   0.04126	[mu,kappa]: [(105.70530,310.33860),6.96374]
	5557.00000	   0.04202	[mu,kappa]: [(105.25456,310.88373),6.89790]
	5594.00000	   0.04230	[mu,kappa]: [(105.08222,310.58567),6.97058]
	5594.00000	   0.04230	[mu,kappa]: [(105.57748,311.33805),6.76837]
	5437.00000	   0.04111	[mu,kappa]: [(105.01503,311.16698),6.86194]
	5391.00000	   0.04076	[mu,kappa]: [(105.12609,310.84410),7.08417]
	5508.00000	   0.04165	[mu,kappa]: [(105.24590,310.34622),7.19984]
	5444.00000	   0.04117	[mu,kappa]: [(105.32651,311.29953),6.67180]
	5544.00000	   0.04192	[mu,kappa]: [(104.82532,310.58239),7.02764]
	5519.00000	   0.04173	[mu,kappa]: [(104.71848,311.08791),6.66995]
	5546.00000	   0.04194	[mu,kappa]: [(105.05811,310.59406),6.93664]
			msglen: 0.00000 bits.
Iteration #: 1
	5478.24379	   0.04142	[mu,kappa]: [(104.90156,310.38550),7.30904]
	5516.37743	   0.04171	[mu,kappa]: [(105.84733,310.94867),6.59990]
	5397.62923	   0.04081	[mu,kappa]: [(105.40122,309.65363),7.85596]
	5412.49954	   0.04093	[mu,kappa]: [(105.11767,310.59107),6.96314]
	5525.04789	   0.04178	[mu,kappa]: [(105.51736,311.29393),6.41218]
	5520.01211	   0.04174	[mu,kappa]: [(105.12725,309.05847),8.62113]
	5542.92099	   0.04191	[mu,kappa]: [(104.92034,310.38269),7.14444]
	5654.45361	   0.04276	[mu,kappa]: [(105.13763,310.34523),7.32708]
	5429.95875	   0.04106	[mu,kappa]: [(105.35619,312.46195),5.77790]
	5544.34546	   0.04192	[mu,kappa]: [(104.76389,310.20880),7.41906]
	5580.71104	   0.04220	[mu,kappa]: [(105.79740,311.79365),6.20836]
	5561.60536	   0.04205	[mu,kappa]: [(105.24270,310.86659),6.79422]
	5497.93189	   0.04157	[mu,kappa]: [(104.96882,311.45048),6.46571]
	5453.02029	   0.04123	[mu,kappa]: [(105.62011,310.16836),7.27711]
	5551.51249	   0.04198	[mu,kappa]: [(105.24851,310.84486),6.87072]
	5589.80184	   0.04227	[mu,kappa]: [(105.11625,310.34448),7.22581]
	5593.29070	   0.04229	[mu,kappa]: [(105.49919,311.77835),6.28761]
	5432.11925	   0.04108	[mu,kappa]: [(105.04539,311.22934),6.65630]
	5390.04749	   0.04076	[mu,kappa]: [(105.13077,310.12957),7.54443]
	5518.91101	   0.04173	[mu,kappa]: [(105.22278,309.42290),8.13899]
	5450.71990	   0.04122	[mu,kappa]: [(105.28618,312.24182),5.98098]
	5541.74536	   0.04190	[mu,kappa]: [(104.90842,310.14840),7.43361]
	5524.07810	   0.04177	[mu,kappa]: [(104.79214,312.08946),6.03150]
	5541.01647	   0.04190	[mu,kappa]: [(105.09913,310.47901),7.10213]
			msglen: 2806547.64181 bits.
Iteration #: 2
	5449.02350	   0.04120	[mu,kappa]: [(104.98272,308.87057),8.98035]
	5439.53889	   0.04113	[mu,kappa]: [(105.84373,311.58877),6.33531]
	5477.62698	   0.04142	[mu,kappa]: [(105.23173,307.51008),11.14889]
	5345.09227	   0.04042	[mu,kappa]: [(105.21908,309.92597),7.67882]
	5464.98157	   0.04132	[mu,kappa]: [(105.55330,312.88236),5.65129]
	5797.02398	   0.04383	[mu,kappa]: [(104.84252,306.55155),13.84841]
	5492.53452	   0.04153	[mu,kappa]: [(105.03519,309.26964),8.39408]
	5627.65620	   0.04255	[mu,kappa]: [(105.16051,308.79649),9.05116]
	5600.69915	   0.04235	[mu,kappa]: [(104.91358,319.74470),3.73140]
	5533.90661	   0.04184	[mu,kappa]: [(104.85596,308.53925),9.44374]
	5564.29400	   0.04207	[mu,kappa]: [(105.72623,314.72190),4.93910]
	5482.94789	   0.04146	[mu,kappa]: [(105.33603,310.71255),7.00698]
	5433.78987	   0.04109	[mu,kappa]: [(105.09282,312.73869),5.77110]
	5422.78838	   0.04100	[mu,kappa]: [(105.54951,308.78677),8.91918]
	5475.71513	   0.04140	[mu,kappa]: [(105.33100,310.41268),7.27405]
	5549.54236	   0.04196	[mu,kappa]: [(105.16914,309.03200),8.69190]
	5559.53254	   0.04204	[mu,kappa]: [(105.49266,314.14528),5.16315]
	5355.46590	   0.04050	[mu,kappa]: [(105.17457,311.58157),6.43866]
	5401.73327	   0.04085	[mu,kappa]: [(105.10335,308.24209),9.90258]
	5668.89832	   0.04287	[mu,kappa]: [(105.02665,307.08885),12.19783]
	5517.38659	   0.04172	[mu,kappa]: [(105.10448,317.21061),4.24421]
	5534.81899	   0.04185	[mu,kappa]: [(104.96378,308.46945),9.51238]
	5567.77729	   0.04210	[mu,kappa]: [(104.71223,316.56517),4.39273]
	5485.22580	   0.04148	[mu,kappa]: [(105.18033,309.43855),8.20595]
			msglen: 2786103.04306 bits.
Iteration #: 3
	5542.45244	   0.04191	[mu,kappa]: [(104.73824,306.27788),14.81759]
	4901.01994	   0.03706	[mu,kappa]: [(106.38989,310.04892),7.77652]
	6124.25835	   0.04631	[mu,kappa]: [(104.59592,305.40628),18.99990]
	5103.97976	   0.03859	[mu,kappa]: [(105.29738,307.31047),11.66823]
	4855.94746	   0.03672	[mu,kappa]: [(106.45499,313.32074),5.77612]
	7129.64321	   0.05391	[mu,kappa]: [(104.12869,304.94565),23.59765]
	5432.52926	   0.04108	[mu,kappa]: [(104.92781,306.63584),13.48861]
	5743.48390	   0.04343	[mu,kappa]: [(104.86029,306.21784),14.94982]
	6387.90141	   0.04830	[mu,kappa]: [(100.55199,351.37155),2.19751]
	5752.97014	   0.04350	[mu,kappa]: [(104.54633,306.04792),15.82113]
	5046.54934	   0.03816	[mu,kappa]: [(106.63281,320.10979),3.98010]
	5070.87849	   0.03834	[mu,kappa]: [(105.65623,308.35111),9.77703]
	4828.92190	   0.03651	[mu,kappa]: [(106.01175,312.67451),6.09691]
	5501.85522	   0.04160	[mu,kappa]: [(105.19556,306.22648),14.62735]
	5126.56472	   0.03877	[mu,kappa]: [(105.53956,307.88870),10.53645]
	5568.60847	   0.04211	[mu,kappa]: [(104.95294,306.41872),14.16148]
	4981.86894	   0.03767	[mu,kappa]: [(106.48293,317.49251),4.48429]
	4837.15903	   0.03658	[mu,kappa]: [(105.78345,309.81343),8.07326]
	5731.82688	   0.04334	[mu,kappa]: [(104.65519,305.83468),16.70185]
	6595.02131	   0.04987	[mu,kappa]: [(104.35163,305.19766),20.84656]
	5469.57417	   0.04136	[mu,kappa]: [(104.57942,333.80538),2.72427]
	5772.42791	   0.04365	[mu,kappa]: [(104.61704,305.99942),15.94975]
	5367.49763	   0.04059	[mu,kappa]: [(104.74567,329.97081),2.94130]
	5375.06012	   0.04064	[mu,kappa]: [(105.09453,306.78313),13.01474]
			msglen: 2748570.46752 bits.
Iteration #: 4
	5830.83516	   0.04409	[mu,kappa]: [(104.11008,305.34425),19.42595]
	4392.94155	   0.03322	[mu,kappa]: [(107.12790,307.90647),9.86622]
	6861.26878	   0.05188	[mu,kappa]: [(103.88695,304.80299),25.17968]
	5055.68775	   0.03823	[mu,kappa]: [(104.94113,305.95776),15.12812]
	4066.28917	   0.03075	[mu,kappa]: [(108.42887,311.12389),6.92979]
	8456.46439	   0.06394	[mu,kappa]: [(103.45397,304.54818),31.61757]
	5581.13688	   0.04220	[mu,kappa]: [(104.37915,305.55411),17.60552]
	6054.27852	   0.04578	[mu,kappa]: [(104.22703,305.29312),19.58539]
	7030.62964	   0.05316	[mu,kappa]: [(93.93416,20.47688),2.57081]
	6155.34510	   0.04654	[mu,kappa]: [(103.88372,305.22126),20.82325]
	4063.03918	   0.03072	[mu,kappa]: [(110.15181,321.61096),4.00457]
	4806.04480	   0.03634	[mu,kappa]: [(105.66417,306.63723),12.59460]
	4083.74962	   0.03088	[mu,kappa]: [(107.70211,310.37094),7.43931]
	5764.88239	   0.04359	[mu,kappa]: [(104.58264,305.26650),19.09574]
	4950.01327	   0.03743	[mu,kappa]: [(105.37592,306.32378),13.60513]
	5790.42314	   0.04378	[mu,kappa]: [(104.36092,305.41261),18.50587]
	4020.36379	   0.03040	[mu,kappa]: [(109.61330,316.96615),4.81100]
	4370.47033	   0.03305	[mu,kappa]: [(106.34315,307.71203),10.30819]
	6214.96127	   0.04699	[mu,kappa]: [(103.96938,305.07214),22.00750]
	7571.14580	   0.05725	[mu,kappa]: [(103.65037,304.69466),27.77615]
	4874.38958	   0.03686	[mu,kappa]: [(105.16112,351.26029),2.45998]
	6187.79957	   0.04679	[mu,kappa]: [(103.95079,305.18270),20.98715]
	4594.08775	   0.03474	[mu,kappa]: [(106.82046,342.92664),2.62815]
	5471.75257	   0.04137	[mu,kappa]: [(104.58606,305.63199),16.94539]
			msglen: 2735339.14696 bits.
Iteration #: 5
	5907.63683	   0.04467	[mu,kappa]: [(103.48674,305.23173),20.98008]
	4307.11563	   0.03257	[mu,kappa]: [(108.18275,307.09556),10.20974]
	7124.17397	   0.05387	[mu,kappa]: [(103.28835,304.79494),28.26176]
	5035.24479	   0.03807	[mu,kappa]: [(104.59441,305.63370),15.82792]
	3915.84585	   0.02961	[mu,kappa]: [(110.93548,309.74371),7.44471]
	9048.04078	   0.06841	[mu,kappa]: [(102.89828,304.59345),36.67633]
	5611.90121	   0.04243	[mu,kappa]: [(103.82159,305.36979),18.75442]
	6135.40233	   0.04639	[mu,kappa]: [(103.62866,305.17309),21.16003]
	7301.66479	   0.05521	[mu,kappa]: [(89.66439,30.12123),3.29884]
	6276.01269	   0.04746	[mu,kappa]: [(103.22700,305.16177),22.73365]
	3700.61869	   0.02798	[mu,kappa]: [(114.75878,319.83688),4.39925]
	4746.99737	   0.03590	[mu,kappa]: [(105.73161,306.12498),13.01316]
	3943.37373	   0.02982	[mu,kappa]: [(109.72668,309.11071),7.91686]
	5825.22819	   0.04405	[mu,kappa]: [(104.06247,305.10549),20.51793]
	4904.60653	   0.03709	[mu,kappa]: [(105.25339,305.89029),14.10963]
	5841.78676	   0.04417	[mu,kappa]: [(103.79281,305.25524),19.83235]
	3738.24701	   0.02827	[mu,kappa]: [(113.62488,315.04009),5.32605]
	4284.72623	   0.03240	[mu,kappa]: [(107.00293,306.96339),10.66116]
	6365.25788	   0.04813	[mu,kappa]: [(103.34073,305.02172),24.20444]
	7958.88609	   0.06018	[mu,kappa]: [(103.05962,304.72176),31.65510]
	4396.98248	   0.03325	[mu,kappa]: [(106.42051,357.46543),2.52634]
	6311.63665	   0.04773	[mu,kappa]: [(103.30860,305.11987),22.92879]
	4080.30797	   0.03085	[mu,kappa]: [(109.86061,346.51338),2.67531]
	5486.30553	   0.04148	[mu,kappa]: [(104.08798,305.40710),17.95195]
			msglen: 2732307.83021 bits.
Iteration #: 6
	5890.55816	   0.04454	[mu,kappa]: [(102.84699,305.35147),21.36278]
	4360.45131	   0.03297	[mu,kappa]: [(109.57180,306.78551),9.96578]
	7194.85203	   0.05440	[mu,kappa]: [(102.79481,304.92679),30.29714]
	5010.14318	   0.03788	[mu,kappa]: [(104.20026,305.60028),15.50365]
	4018.29285	   0.03039	[mu,kappa]: [(113.89659,309.15058),7.66414]
	9358.23619	   0.07076	[mu,kappa]: [(102.48419,304.71085),40.94796]
	5584.18405	   0.04223	[mu,kappa]: [(103.21702,305.44022),18.76601]
	6115.05071	   0.04624	[mu,kappa]: [(103.03369,305.27510),21.56587]
	7383.08105	   0.05583	[mu,kappa]: [(85.92394,34.82092),4.10125]
	6276.02626	   0.04746	[mu,kappa]: [(102.57383,305.31909),23.47132]
	3692.88032	   0.02793	[mu,kappa]: [(119.15787,317.86261),4.96654]
	4745.04709	   0.03588	[mu,kappa]: [(105.82296,305.97140),12.58550]
	4025.71027	   0.03044	[mu,kappa]: [(112.09212,308.58857),8.00844]
	5794.78616	   0.04382	[mu,kappa]: [(103.57518,305.15447),20.78435]
	4890.62902	   0.03698	[mu,kappa]: [(105.11950,305.78261),13.69210]
	5814.46340	   0.04397	[mu,kappa]: [(103.20841,305.33376),20.00276]
	3804.24868	   0.02877	[mu,kappa]: [(117.75983,313.69781),5.88025]
	4316.89532	   0.03264	[mu,kappa]: [(107.79661,306.69589),10.35162]
	6375.45192	   0.04821	[mu,kappa]: [(102.75848,305.16169),25.25098]
	8113.96367	   0.06135	[mu,kappa]: [(102.59159,304.86094),34.59280]
	3988.09107	   0.03016	[mu,kappa]: [(106.99445,357.72229),2.58213]
	6310.86549	   0.04772	[mu,kappa]: [(102.68228,305.26646),23.70132]
	3728.45780	   0.02819	[mu,kappa]: [(112.16413,344.96821),2.78724]
	5455.63402	   0.04125	[mu,kappa]: [(103.54920,305.44154),17.84634]
			msglen: 2730223.12403 bits.
Iteration #: 7
	5849.83783	   0.04423	[mu,kappa]: [(102.15178,305.53669),21.39718]
	4429.02316	   0.03349	[mu,kappa]: [(111.01567,306.62292),9.77994]
	7215.11910	   0.05456	[mu,kappa]: [(102.41995,305.05196),32.15514]
	4984.27330	   0.03769	[mu,kappa]: [(103.60483,305.64894),14.97504]
	4169.63243	   0.03153	[mu,kappa]: [(117.03162,308.89461),8.01449]
	9615.51722	   0.07271	[mu,kappa]: [(102.22526,304.77637),45.30359]
	5543.87975	   0.04192	[mu,kappa]: [(102.48509,305.58659),18.46567]
	6067.68167	   0.04588	[mu,kappa]: [(102.40460,305.43144),21.63156]
	7427.67290	   0.05616	[mu,kappa]: [(83.39087,37.99103),5.04694]
	6244.34725	   0.04722	[mu,kappa]: [(101.90946,305.53434),23.85897]
	3794.49804	   0.02869	[mu,kappa]: [(123.22246,316.52480),5.69056]
	4748.50558	   0.03591	[mu,kappa]: [(105.70642,305.91628),12.07676]
	4138.98304	   0.03130	[mu,kappa]: [(114.51830,308.35060),8.16890]
	5738.65156	   0.04339	[mu,kappa]: [(103.07059,305.24002),20.73654]
	4880.11924	   0.03690	[mu,kappa]: [(104.77217,305.76373),13.14763]
	5767.33502	   0.04361	[mu,kappa]: [(102.54811,305.47422),19.84572]
	3966.05417	   0.02999	[mu,kappa]: [(121.83850,312.96154),6.59676]
	4357.97604	   0.03295	[mu,kappa]: [(108.44146,306.57241),10.03570]
	6346.72256	   0.04799	[mu,kappa]: [(102.21966,305.33529),25.98375]
	8214.47293	   0.06211	[mu,kappa]: [(102.26386,304.97387),37.46821]
	3614.72015	   0.02733	[mu,kappa]: [(106.26383,355.61163),2.61154]
	6276.50813	   0.04746	[mu,kappa]: [(102.05837,305.46341),24.13147]
	3441.35787	   0.02602	[mu,kappa]: [(113.02645,341.82240),2.91305]
	5415.11107	   0.04095	[mu,kappa]: [(102.87065,305.54852),17.45709]
			msglen: 2728231.96074 bits.
Iteration #: 8
	5807.02134	   0.04391	[mu,kappa]: [(101.39718,305.75877),21.25793]
	4463.47329	   0.03375	[mu,kappa]: [(112.33097,306.44974),9.81287]
	7220.51509	   0.05460	[mu,kappa]: [(102.19665,305.12427),34.02384]
	4963.02332	   0.03753	[mu,kappa]: [(102.70108,305.75003),14.44474]
	4309.99181	   0.03259	[mu,kappa]: [(120.21024,308.71754),8.70270]
	9876.30742	   0.07468	[mu,kappa]: [(102.13031,304.75446),49.86631]
	5508.82062	   0.04166	[mu,kappa]: [(101.58565,305.78518),18.04295]
	6015.32262	   0.04548	[mu,kappa]: [(101.74401,305.60903),21.53621]
	7456.30854	   0.05638	[mu,kappa]: [(82.40523,40.16041),6.02775]
	6205.13660	   0.04692	[mu,kappa]: [(101.24671,305.77591),24.06224]
	3925.19275	   0.02968	[mu,kappa]: [(127.18529,315.75699),6.67936]
	4739.55921	   0.03584	[mu,kappa]: [(105.20081,305.89582),11.66729]
	4218.96334	   0.03190	[mu,kappa]: [(116.86084,308.15481),8.55038]
	5676.28031	   0.04292	[mu,kappa]: [(102.55133,305.32275),20.57100]
	4865.50984	   0.03679	[mu,kappa]: [(104.05857,305.78729),12.67019]
	5719.87765	   0.04325	[mu,kappa]: [(101.79516,305.64681),19.54744]
	4155.51693	   0.03142	[mu,kappa]: [(125.90195,312.57420),7.68411]
	4366.57724	   0.03302	[mu,kappa]: [(108.71976,306.46588),9.85477]
	6304.77651	   0.04767	[mu,kappa]: [(101.75160,305.50268),26.57634]
	8304.50717	   0.06279	[mu,kappa]: [(102.09950,305.01662),40.45332]
	3321.37100	   0.02512	[mu,kappa]: [(103.55908,352.59627),2.61675]
	6232.87832	   0.04713	[mu,kappa]: [(101.45374,305.67650),24.38794]
	3211.53963	   0.02429	[mu,kappa]: [(112.02692,338.76523),3.00599]
	5379.52945	   0.04068	[mu,kappa]: [(101.99839,305.70159),16.98147]
			msglen: 2726203.81241 bits.
Iteration #: 9
	5767.24900	   0.04361	[mu,kappa]: [(100.59491,306.01904),21.02237]
	4435.76073	   0.03354	[mu,kappa]: [(113.47506,306.14384),10.14872]
	7222.71590	   0.05461	[mu,kappa]: [(102.14944,305.12013),35.97917]
	4948.53058	   0.03742	[mu,kappa]: [(101.44376,305.91981),13.99419]
	4431.33350	   0.03351	[mu,kappa]: [(123.37667,308.45799),9.98873]
	10160.61562	   0.07683	[mu,kappa]: [(102.19166,304.63696),54.58723]
	5485.22985	   0.04148	[mu,kappa]: [(100.50830,306.04979),17.58258]
	5962.55203	   0.04509	[mu,kappa]: [(101.07220,305.80262),21.35912]
	7451.45980	   0.05634	[mu,kappa]: [(82.61271,41.58699),6.89915]
	6162.97491	   0.04660	[mu,kappa]: [(100.60522,306.03862),24.15351]
	4078.84663	   0.03084	[mu,kappa]: [(131.16762,315.40386),8.21085]
	4707.54390	   0.03560	[mu,kappa]: [(104.22548,305.89040),11.41437]
	4239.19204	   0.03206	[mu,kappa]: [(119.12306,307.83413),9.29121]
	5611.48493	   0.04243	[mu,kappa]: [(102.04664,305.38983),20.37874]
	4841.92743	   0.03661	[mu,kappa]: [(102.91099,305.85281),12.32788]
	5676.95058	   0.04293	[mu,kappa]: [(100.95748,305.85351),19.19048]
	4386.25874	   0.03317	[mu,kappa]: [(129.88782,312.36583),9.52060]
	4318.72515	   0.03266	[mu,kappa]: [(108.55169,306.29162),9.85038]
	6254.55469	   0.04729	[mu,kappa]: [(101.38631,305.64690),27.10580]
	8399.47919	   0.06351	[mu,kappa]: [(102.10651,304.97054),43.58073]
	3137.11936	   0.02372	[mu,kappa]: [(98.44543,349.73708),2.61563]
	6184.39421	   0.04676	[mu,kappa]: [(100.89293,305.89669),24.54443]
	3029.25815	   0.02291	[mu,kappa]: [(109.10314,336.66596),3.03837]
	5353.84310	   0.04048	[mu,kappa]: [(100.91687,305.91329),16.50568]
			msglen: 2723770.23270 bits.
Iteration #: 10
	5727.01824	   0.04330	[mu,kappa]: [(99.76165,306.31617),20.81305]
	4327.48778	   0.03272	[mu,kappa]: [(114.43116,305.59455),10.91461]
	7233.89686	   0.05470	[mu,kappa]: [(102.27936,305.02496),38.08932]
	4933.74192	   0.03731	[mu,kappa]: [(99.86727,306.16750),13.72376]
	4552.49971	   0.03442	[mu,kappa]: [(126.22705,308.04619),12.22957]
	10487.81764	   0.07930	[mu,kappa]: [(102.38387,304.43051),59.34567]
	5468.97904	   0.04135	[mu,kappa]: [(99.27142,306.39039),17.20814]
	5905.18177	   0.04465	[mu,kappa]: [(100.41289,306.00331),21.21862]
	7414.06218	   0.05606	[mu,kappa]: [(83.55930,42.50460),7.63595]
	6115.73484	   0.04624	[mu,kappa]: [(99.99877,306.31695),24.25180]
	4291.81190	   0.03245	[mu,kappa]: [(134.81508,315.47016),10.58019]
	4638.86983	   0.03508	[mu,kappa]: [(102.81841,305.86952),11.38816]
	4190.13570	   0.03168	[mu,kappa]: [(121.22232,307.28067),10.59461]
	5539.47935	   0.04189	[mu,kappa]: [(101.59245,305.42278),20.27972]
	4798.43810	   0.03628	[mu,kappa]: [(101.36930,305.94980),12.20099]
	5633.43141	   0.04260	[mu,kappa]: [(100.05772,306.09149),18.89432]
	4713.14678	   0.03564	[mu,kappa]: [(133.27444,312.30210),12.49177]
	4194.93682	   0.03172	[mu,kappa]: [(107.96357,305.96062),10.08544]
	6196.62636	   0.04686	[mu,kappa]: [(101.14345,305.75205),27.68256]
	8515.59742	   0.06439	[mu,kappa]: [(102.26981,304.83057),46.83731]
	3041.72720	   0.02300	[mu,kappa]: [(91.68707,347.86216),2.64282]
	6129.01708	   0.04634	[mu,kappa]: [(100.39378,306.11426),24.71681]
	2866.03809	   0.02167	[mu,kappa]: [(104.91903,335.86062),3.02666]
	5332.32397	   0.04032	[mu,kappa]: [(99.65017,306.19069),16.14594]
			msglen: 2720802.68535 bits.
Iteration #: 11
	5678.89508	   0.04294	[mu,kappa]: [(98.93232,306.64453),20.75115]
	4152.98961	   0.03140	[mu,kappa]: [(115.13938,304.74870),12.27070]
	7267.24746	   0.05495	[mu,kappa]: [(102.57236,304.83555),40.35163]
	4909.04412	   0.03712	[mu,kappa]: [(98.12014,306.48835),13.70803]
	4699.34347	   0.03553	[mu,kappa]: [(128.19553,307.46957),15.61154]
	10868.86818	   0.08218	[mu,kappa]: [(102.67736,304.15227),63.92014]
	5450.31724	   0.04121	[mu,kappa]: [(97.94612,306.80742),17.03509]
	5835.71800	   0.04413	[mu,kappa]: [(99.80322,306.19784),21.22391]
	7362.41144	   0.05567	[mu,kappa]: [(84.89326,43.03874),8.25862]
	6059.06155	   0.04582	[mu,kappa]: [(99.44419,306.60570),24.47684]
	4579.47019	   0.03463	[mu,kappa]: [(137.58553,316.12191),13.40346]
	4530.45833	   0.03426	[mu,kappa]: [(101.16625,305.79970),11.63436]
	4091.25908	   0.03094	[mu,kappa]: [(122.86840,306.47203),12.66306]
	5453.73044	   0.04124	[mu,kappa]: [(101.23746,305.39797),20.37372]
	4728.41552	   0.03575	[mu,kappa]: [(99.61516,306.05771),12.34124]
	5579.69658	   0.04219	[mu,kappa]: [(99.14850,306.35026),18.76736]
	5135.50159	   0.03883	[mu,kappa]: [(135.45127,312.37233),16.21756]
	4000.87734	   0.03025	[mu,kappa]: [(107.08001,305.40915),10.61830]
	6131.45900	   0.04636	[mu,kappa]: [(101.03534,305.80591),28.39863]
	8666.45489	   0.06553	[mu,kappa]: [(102.56387,304.60472),50.11126]
	2993.73181	   0.02264	[mu,kappa]: [(84.99367,347.38530),2.69570]
	6062.90095	   0.04584	[mu,kappa]: [(99.97479,306.32002),25.01530]
	2706.02124	   0.02046	[mu,kappa]: [(100.84562,336.40743),2.98609]
	5304.12689	   0.04011	[mu,kappa]: [(98.28726,306.52923),16.00142]
			msglen: 2717872.92455 bits.
Iteration #: 12
	5619.50366	   0.04249	[mu,kappa]: [(98.13789,307.01405),20.84441]
	3984.59181	   0.03013	[mu,kappa]: [(115.62935,303.66631),14.38216]
	7326.42902	   0.05540	[mu,kappa]: [(103.00453,304.56361),42.62507]
	4879.04679	   0.03689	[mu,kappa]: [(96.39326,306.90169),13.88571]
	4891.15630	   0.03699	[mu,kappa]: [(128.99652,306.69078),19.94751]
	11284.98139	   0.08533	[mu,kappa]: [(103.04307,303.82611),68.00713]
	5427.22078	   0.04104	[mu,kappa]: [(96.61657,307.31869),17.05590]
	5750.77799	   0.04348	[mu,kappa]: [(99.27576,306.38777),21.36197]
	7304.56938	   0.05523	[mu,kappa]: [(86.28237,43.24855),8.76967]
	5990.15750	   0.04529	[mu,kappa]: [(98.94595,306.91536),24.84576]
	4873.07061	   0.03685	[mu,kappa]: [(139.58250,317.55372),15.50891]
	4407.02498	   0.03332	[mu,kappa]: [(99.54593,305.69694),12.06555]
	4009.02704	   0.03032	[mu,kappa]: [(123.81454,305.44372),15.66150]
	5354.36291	   0.04049	[mu,kappa]: [(101.03002,305.30773),20.62509]
	4646.90498	   0.03514	[mu,kappa]: [(97.89894,306.19243),12.66246]
	5512.38451	   0.04168	[mu,kappa]: [(98.28661,306.63464),18.79139]
	5518.60403	   0.04173	[mu,kappa]: [(136.49321,312.48757),19.56372]
	3786.35397	   0.02863	[mu,kappa]: [(106.15076,304.66246),11.41751]
	6058.65489	   0.04581	[mu,kappa]: [(101.06006,305.81148),29.22786]
	8847.27955	   0.06690	[mu,kappa]: [(102.95938,304.31298),53.16980]
	2965.24421	   0.02242	[mu,kappa]: [(79.40818,348.20511),2.73845]
	5983.33099	   0.04524	[mu,kappa]: [(99.64213,306.51996),25.44025]
	2559.28887	   0.01935	[mu,kappa]: [(98.14091,338.14260),2.90931]
	5268.03385	   0.03983	[mu,kappa]: [(96.93780,306.94215),16.03977]
			msglen: 2715385.80825 bits.
Iteration #: 13
	5550.34242	   0.04197	[mu,kappa]: [(97.35337,307.44992),21.06463]
	3903.59555	   0.02952	[mu,kappa]: [(116.04357,302.50563),17.40992]
	7401.57917	   0.05597	[mu,kappa]: [(103.52326,304.23417),44.75344]
	4853.72960	   0.03670	[mu,kappa]: [(94.76973,307.44051),14.14887]
	5152.67942	   0.03896	[mu,kappa]: [(128.89205,305.74830),25.10980]
	11694.73519	   0.08843	[mu,kappa]: [(103.43821,303.47941),71.41165]
	5405.52095	   0.04087	[mu,kappa]: [(95.29553,307.95738),17.22401]
	5649.77464	   0.04272	[mu,kappa]: [(98.80836,306.58912),21.56924]
	7225.91089	   0.05464	[mu,kappa]: [(87.44955,43.24052),9.21565]
	5909.02864	   0.04468	[mu,kappa]: [(98.45876,307.27191),25.35616]
	5118.65473	   0.03871	[mu,kappa]: [(141.34627,319.98662),16.42017]
	4291.38271	   0.03245	[mu,kappa]: [(98.12774,305.59636),12.52170]
	4021.48621	   0.03041	[mu,kappa]: [(124.09725,304.28498),19.81848]
	5242.75344	   0.03964	[mu,kappa]: [(100.96236,305.16077),20.92621]
	4569.95103	   0.03456	[mu,kappa]: [(96.35481,306.38454),13.01814]
	5433.14610	   0.04108	[mu,kappa]: [(97.46769,306.96318),18.89674]
	5745.67524	   0.04345	[mu,kappa]: [(136.86371,312.55664),22.08743]
	3597.45761	   0.02720	[mu,kappa]: [(105.40619,303.79802),12.36653]
	5974.61878	   0.04518	[mu,kappa]: [(101.17070,305.78763),30.10490]
	9035.69030	   0.06832	[mu,kappa]: [(103.40742,303.98357),55.82627]
	2931.24789	   0.02217	[mu,kappa]: [(74.65742,349.96697),2.76588]
	5888.53244	   0.04453	[mu,kappa]: [(99.35278,306.73547),25.96068]
	2420.76237	   0.01831	[mu,kappa]: [(96.99939,340.68758),2.80287]
	5229.74468	   0.03955	[mu,kappa]: [(95.63336,307.45635),16.18116]
			msglen: 2713058.98998 bits.
Iteration #: 14
	5474.30555	   0.04139	[mu,kappa]: [(96.53196,307.96686),21.47788]
	3943.95438	   0.02982	[mu,kappa]: [(116.46229,301.44379),21.33765]
	7478.36356	   0.05655	[mu,kappa]: [(104.05452,303.87771),46.71292]
	4833.97848	   0.03655	[mu,kappa]: [(93.24688,308.09994),14.47420]
	5510.74486	   0.04167	[mu,kappa]: [(128.37077,304.83662),30.92286]
	12065.10976	   0.09123	[mu,kappa]: [(103.81246,303.13816),74.17726]
	5389.93920	   0.04076	[mu,kappa]: [(93.96168,308.73596),17.58391]
	5531.61592	   0.04183	[mu,kappa]: [(98.34736,306.80899),21.85879]
	7115.87305	   0.05381	[mu,kappa]: [(88.28131,43.13902),9.68964]
	5819.53605	   0.04400	[mu,kappa]: [(97.91914,307.69780),26.12178]
	5330.06054	   0.04030	[mu,kappa]: [(143.08740,323.42759),16.72999]
	4183.98330	   0.03164	[mu,kappa]: [(96.92955,305.47489),12.90851]
	4171.08043	   0.03154	[mu,kappa]: [(123.98130,303.19083),25.11576]
	5116.18486	   0.03869	[mu,kappa]: [(100.97298,304.95894),21.22591]
	4496.83270	   0.03400	[mu,kappa]: [(94.99105,306.61279),13.33874]
	5342.16123	   0.04040	[mu,kappa]: [(96.65347,307.33745),19.09010]
	5814.71177	   0.04397	[mu,kappa]: [(136.89618,312.51595),24.25265]
	3443.53818	   0.02604	[mu,kappa]: [(104.89925,302.85967),13.33112]
	5875.32570	   0.04443	[mu,kappa]: [(101.29104,305.75700),31.05365]
	9210.12008	   0.06964	[mu,kappa]: [(103.84644,303.64598),58.08714]
	2868.82315	   0.02169	[mu,kappa]: [(69.97287,352.44785),2.80814]
	5778.71896	   0.04370	[mu,kappa]: [(99.03985,306.98624),26.64512]
	2262.05024	   0.01711	[mu,kappa]: [(96.61582,343.65179),2.69065]
	5190.98806	   0.03925	[mu,kappa]: [(94.35704,308.07215),16.42728]
			msglen: 2710720.25689 bits.
Iteration #: 15
	5397.42593	   0.04081	[mu,kappa]: [(95.67582,308.56365),22.20446]
	4091.26413	   0.03094	[mu,kappa]: [(116.84239,300.57170),25.77865]
	7545.80485	   0.05706	[mu,kappa]: [(104.53598,303.52293),48.55798]
	4816.45166	   0.03642	[mu,kappa]: [(91.84491,308.83655),14.87339]
	5939.41983	   0.04491	[mu,kappa]: [(127.80449,304.14415),36.57894]
	12382.22712	   0.09362	[mu,kappa]: [(104.12916,302.82221),76.47788]
	5384.53728	   0.04072	[mu,kappa]: [(92.64155,309.64344),18.22756]
	5398.96496	   0.04082	[mu,kappa]: [(97.87460,307.03919),22.27690]
	6985.03193	   0.05282	[mu,kappa]: [(88.84850,43.00678),10.25852]
	5732.51596	   0.04335	[mu,kappa]: [(97.30768,308.20526),27.34054]
	5515.36630	   0.04170	[mu,kappa]: [(144.59310,327.34570),17.08758]
	4081.67964	   0.03086	[mu,kappa]: [(95.94576,305.24048),13.18437]
	4439.26921	   0.03357	[mu,kappa]: [(123.72559,302.33281),30.77316]
	4975.90441	   0.03763	[mu,kappa]: [(101.00879,304.68896),21.49565]
	4422.81962	   0.03344	[mu,kappa]: [(93.81695,306.79777),13.59695]
	5241.02701	   0.03963	[mu,kappa]: [(95.84769,307.73562),19.40787]
	5794.40471	   0.04381	[mu,kappa]: [(136.80460,312.38960),26.56255]
	3322.28958	   0.02512	[mu,kappa]: [(104.56466,301.83004),14.17798]
	5762.17630	   0.04357	[mu,kappa]: [(101.36526,305.74008),32.14403]
	9358.63048	   0.07076	[mu,kappa]: [(104.22848,303.32484),60.06998]
	2778.39088	   0.02101	[mu,kappa]: [(65.10384,355.68329),2.88941]
	5660.23556	   0.04280	[mu,kappa]: [(98.67150,307.28435),27.62239]
	2070.65628	   0.01566	[mu,kappa]: [(96.17307,346.83269),2.58590]
	5151.50637	   0.03895	[mu,kappa]: [(93.13184,308.75976),16.81156]
			msglen: 2708579.03163 bits.
Iteration #: 16
	5328.25577	   0.04029	[mu,kappa]: [(94.84074,309.23394),23.35795]
	4303.29762	   0.03254	[mu,kappa]: [(117.10525,299.88174),30.14908]
	7600.36336	   0.05747	[mu,kappa]: [(104.93896,303.19044),50.31152]
	4797.49544	   0.03628	[mu,kappa]: [(90.61027,309.60349),15.32055]
	6350.50180	   0.04802	[mu,kappa]: [(127.33687,303.72241),41.09635]
	12647.01915	   0.09563	[mu,kappa]: [(104.37530,302.54220),78.46085]
	5393.74866	   0.04079	[mu,kappa]: [(91.39872,310.66927),19.23900]
	5259.03304	   0.03977	[mu,kappa]: [(97.42572,307.26325),22.82907]
	6850.26736	   0.05180	[mu,kappa]: [(89.29757,42.83684),10.92917]
	5665.06706	   0.04284	[mu,kappa]: [(96.65927,308.79736),29.24057]
	5657.70947	   0.04278	[mu,kappa]: [(145.63354,330.92314),17.57662]
	3989.62187	   0.03017	[mu,kappa]: [(95.20233,304.76182),13.30384]
	4750.91169	   0.03592	[mu,kappa]: [(123.43541,301.73526),35.74573]
	4832.27028	   0.03654	[mu,kappa]: [(101.06023,304.32445),21.66733]
	4347.42333	   0.03287	[mu,kappa]: [(92.87602,306.83275),13.73805]
	5133.36818	   0.03882	[mu,kappa]: [(95.10652,308.12645),19.84075]
	5776.12578	   0.04368	[mu,kappa]: [(136.74823,312.28868),29.08171]
	3239.45900	   0.02450	[mu,kappa]: [(104.31525,300.64753),14.79033]
	5643.66202	   0.04267	[mu,kappa]: [(101.38298,305.75115),33.41322]
	9479.40343	   0.07168	[mu,kappa]: [(104.53420,303.03546),61.86415]
	2681.49239	   0.02028	[mu,kappa]: [(60.42797,359.82671),3.01090]
	5545.29971	   0.04193	[mu,kappa]: [(98.26801,307.63512),29.01211]
	1865.63913	   0.01411	[mu,kappa]: [(95.47351,350.25910),2.48878]
	5110.56444	   0.03864	[mu,kappa]: [(92.01925,309.48520),17.32711]
			msglen: 2706813.25099 bits.
Iteration #: 17
	5272.89014	   0.03987	[mu,kappa]: [(94.08440,309.97531),25.07682]
	4536.40070	   0.03430	[mu,kappa]: [(117.22650,299.34324),34.03124]
	7644.25170	   0.05780	[mu,kappa]: [(105.26650,302.89101),51.94419]
	4770.76265	   0.03607	[mu,kappa]: [(89.55487,310.38236),15.76292]
	6670.15291	   0.05044	[mu,kappa]: [(126.97666,303.53467),44.05865]
	12866.60317	   0.09729	[mu,kappa]: [(104.55671,302.30059),80.19333]
	5421.24066	   0.04099	[mu,kappa]: [(90.26686,311.82076),20.73810]
	5116.35892	   0.03869	[mu,kappa]: [(97.05542,307.46644),23.48539]
	6716.90832	   0.05079	[mu,kappa]: [(89.72755,42.60122),11.68230]
	5635.49690	   0.04261	[mu,kappa]: [(96.02244,309.46618),32.11730]
	5739.40981	   0.04340	[mu,kappa]: [(146.21588,333.67741),17.94830]
	3917.71639	   0.02963	[mu,kappa]: [(94.71744,303.90551),13.23641]
	5033.68882	   0.03806	[mu,kappa]: [(123.13358,301.34943),39.49713]
	4698.30895	   0.03553	[mu,kappa]: [(101.14501,303.83368),21.65412]
	4271.40693	   0.03230	[mu,kappa]: [(92.19837,306.61416),13.69295]
	5018.68891	   0.03795	[mu,kappa]: [(94.49066,308.48560),20.33976]
	5822.73917	   0.04403	[mu,kappa]: [(136.79829,312.30107),31.60257]
	3205.80751	   0.02424	[mu,kappa]: [(104.06816,299.25026),15.11699]
	5529.31700	   0.04181	[mu,kappa]: [(101.36595,305.79628),34.86619]
	9576.41460	   0.07241	[mu,kappa]: [(104.76906,302.78370),63.48893]
	2600.64385	   0.01967	[mu,kappa]: [(56.43829,4.91961),3.16408]
	5445.11287	   0.04117	[mu,kappa]: [(97.87134,308.03818),30.93652]
	1674.41453	   0.01266	[mu,kappa]: [(94.72241,354.09448),2.40013]
	5063.26458	   0.03829	[mu,kappa]: [(91.05785,310.23530),17.93936]
			msglen: 2705323.16512 bits.
Iteration #: 18
	5233.38208	   0.03957	[mu,kappa]: [(93.43066,310.78173),27.60475]
	4761.74349	   0.03601	[mu,kappa]: [(117.23308,298.94207),37.34771]
	7681.47039	   0.05808	[mu,kappa]: [(105.53725,302.62747),53.43284]
	4725.32860	   0.03573	[mu,kappa]: [(88.63255,311.19586),16.16570]
	6884.50624	   0.05206	[mu,kappa]: [(126.69192,303.52298),45.67210]
	13050.23088	   0.09867	[mu,kappa]: [(104.68719,302.09404),81.71113]
	5472.99309	   0.04138	[mu,kappa]: [(89.22076,313.11088),22.97517]
	4966.77643	   0.03756	[mu,kappa]: [(96.80569,307.64112),24.22967]
	6578.52847	   0.04974	[mu,kappa]: [(90.16132,42.28661),12.51938]
	5661.64330	   0.04281	[mu,kappa]: [(95.42557,310.18037),36.40240]
	5761.01761	   0.04356	[mu,kappa]: [(146.48896,335.64866),18.02976]
	3874.16415	   0.02930	[mu,kappa]: [(94.46749,302.58641),13.03023]
	5257.44839	   0.03975	[mu,kappa]: [(122.82782,301.12607),42.10042]
	4581.04414	   0.03464	[mu,kappa]: [(101.27913,303.19376),21.42061]
	4192.80580	   0.03171	[mu,kappa]: [(91.77564,306.06691),13.43894]
	4887.80244	   0.03696	[mu,kappa]: [(94.03253,308.80288),20.86331]
	5946.76457	   0.04497	[mu,kappa]: [(136.93987,312.43431),33.91200]
	3226.80742	   0.02440	[mu,kappa]: [(103.73929,297.63823),15.22465]
	5423.30834	   0.04101	[mu,kappa]: [(101.34431,305.87235),36.52332]
	9655.52582	   0.07301	[mu,kappa]: [(104.94996,302.56811),64.94652]
	2549.17980	   0.01928	[mu,kappa]: [(53.44555,10.74802),3.34262]
	5364.73690	   0.04057	[mu,kappa]: [(97.51368,308.48308),33.57124]
	1512.48732	   0.01144	[mu,kappa]: [(94.12206,358.52722),2.32802]
	4998.30433	   0.03780	[mu,kappa]: [(90.23422,311.02521),18.63439]
			msglen: 2703844.53396 bits.
Iteration #: 19
	5210.84504	   0.03940	[mu,kappa]: [(92.87491,311.61640),31.31787]
	4966.61969	   0.03756	[mu,kappa]: [(117.16806,298.67641),40.24065]
	7716.42124	   0.05835	[mu,kappa]: [(105.77102,302.39812),54.80275]
	4647.70818	   0.03514	[mu,kappa]: [(87.75540,312.10035),16.52183]
	7021.00508	   0.05309	[mu,kappa]: [(126.45051,303.63690),46.37853]
	13210.40726	   0.09989	[mu,kappa]: [(104.77998,301.91582),83.07430]
	5565.04154	   0.04208	[mu,kappa]: [(88.19724,314.51333),26.38007]
	4798.52337	   0.03628	[mu,kappa]: [(96.70505,307.78254),25.08092]
	6425.71422	   0.04859	[mu,kappa]: [(90.57993,41.89661),13.47949]
	5761.59970	   0.04357	[mu,kappa]: [(94.87974,310.86989),42.61641]
	5738.55111	   0.04339	[mu,kappa]: [(146.59013,337.10428),17.83031]
	3859.84354	   0.02919	[mu,kappa]: [(94.39341,300.83739),12.83152]
	5426.70175	   0.04103	[mu,kappa]: [(122.52738,301.03264),43.89582]
	4478.88953	   0.03387	[mu,kappa]: [(101.46780,302.40983),21.02370]
	4105.83741	   0.03105	[mu,kappa]: [(91.57617,305.17249),13.03338]
	4724.35296	   0.03572	[mu,kappa]: [(93.74320,309.07532),21.39368]
	6128.06626	   0.04634	[mu,kappa]: [(137.12486,312.64287),35.87001]
	3294.59874	   0.02491	[mu,kappa]: [(103.26348,295.92673),15.28348]
	5323.96639	   0.04026	[mu,kappa]: [(101.34638,305.96549),38.43624]
	9723.95802	   0.07353	[mu,kappa]: [(105.09416,302.38278),66.27302]
	2532.38152	   0.01915	[mu,kappa]: [(51.55322,16.84319),3.53920]
	5303.50621	   0.04010	[mu,kappa]: [(97.21278,308.93784),37.14158]
	1383.47690	   0.01046	[mu,kappa]: [(93.72149,3.67609),2.28444]
	4899.98432	   0.03705	[mu,kappa]: [(89.49750,311.88506),19.42827]
			msglen: 2702155.92822 bits.
Iteration #: 20
	5206.84301	   0.03937	[mu,kappa]: [(92.40852,312.39045),36.62373]
	5148.32247	   0.03893	[mu,kappa]: [(117.06961,298.53994),42.85412]
	7754.38303	   0.05863	[mu,kappa]: [(105.97991,302.20226),56.10512]
	4527.80007	   0.03424	[mu,kappa]: [(86.81066,313.16191),16.82388]
	7116.11524	   0.05381	[mu,kappa]: [(126.23202,303.83934),46.53593]
	13363.08544	   0.10104	[mu,kappa]: [(104.84236,301.76000),84.36575]
	5727.31811	   0.04331	[mu,kappa]: [(87.13507,315.92124),31.47201]
	4599.76635	   0.03478	[mu,kappa]: [(96.77960,307.87832),26.07815]
	6252.17737	   0.04728	[mu,kappa]: [(90.95564,41.44173),14.63122]
	5947.28279	   0.04497	[mu,kappa]: [(94.40204,311.43975),51.11607]
	5690.70298	   0.04303	[mu,kappa]: [(146.59939,338.27869),17.44089]
	3864.03607	   0.02922	[mu,kappa]: [(94.42556,298.84295),12.82131]
	5558.63763	   0.04203	[mu,kappa]: [(122.24377,301.04703),45.17467]
	4384.66811	   0.03316	[mu,kappa]: [(101.70924,301.53053),20.58786]
	4002.27399	   0.03026	[mu,kappa]: [(91.56702,303.98946),12.59187]
	4511.82487	   0.03412	[mu,kappa]: [(93.63359,309.28940),21.91696]
	6339.54561	   0.04794	[mu,kappa]: [(137.31559,312.87077),37.38577]
	3385.70996	   0.02560	[mu,kappa]: [(102.63015,294.32184),15.46975]
	5228.58168	   0.03954	[mu,kappa]: [(101.39584,306.05345),40.65655]
	9790.71838	   0.07403	[mu,kappa]: [(105.21226,302.22250),67.52967]
	2550.30912	   0.01929	[mu,kappa]: [(50.69113,22.63544),3.73808]
	5257.90882	   0.03976	[mu,kappa]: [(96.98168,309.34472),41.83563]
	1286.78375	   0.00973	[mu,kappa]: [(93.49133,9.50800),2.27921]
	4753.20517	   0.03594	[mu,kappa]: [(88.78309,312.83135),20.32817]
			msglen: 2700192.31376 bits.
Iteration #: 21
	5218.88357	   0.03946	[mu,kappa]: [(92.04220,312.99261),43.73316]
	5307.85695	   0.04014	[mu,kappa]: [(116.96596,298.51061),45.21390]
	7799.59955	   0.05898	[mu,kappa]: [(106.16416,302.04578),57.34688]
	4366.09878	   0.03302	[mu,kappa]: [(85.67169,314.43084),17.04459]
	7198.20937	   0.05443	[mu,kappa]: [(126.02746,304.10135),46.33313]
	13520.61470	   0.10223	[mu,kappa]: [(104.87305,301.62694),85.63046]
	5990.66782	   0.04530	[mu,kappa]: [(86.01915,317.18668),38.58117]
	4369.61403	   0.03304	[mu,kappa]: [(97.05283,307.90846),27.26797]
	6056.22441	   0.04579	[mu,kappa]: [(91.26317,40.93687),16.06131]
	6211.55876	   0.04697	[mu,kappa]: [(94.02730,311.82247),61.79090]
	5631.21843	   0.04258	[mu,kappa]: [(146.55460,339.31050),16.94951]
	3869.48749	   0.02926	[mu,kappa]: [(94.49863,296.84818),13.12855]
	5669.10741	   0.04287	[mu,kappa]: [(121.98859,301.14653),46.07285]
	4291.40001	   0.03245	[mu,kappa]: [(101.99445,300.64302),20.23184]
	3876.01311	   0.02931	[mu,kappa]: [(91.72431,302.63148),12.23506]
	4244.26767	   0.03209	[mu,kappa]: [(93.72866,309.40891),22.41440]
	6559.34886	   0.04960	[mu,kappa]: [(137.49639,313.07369),38.41095]
	3470.99578	   0.02625	[mu,kappa]: [(101.87981,292.99502),15.87008]
	5139.80245	   0.03887	[mu,kappa]: [(101.50318,306.11901),43.19083]
	9863.22518	   0.07458	[mu,kappa]: [(105.30447,302.08906),68.73998]
	2597.84462	   0.01965	[mu,kappa]: [(50.66332,27.69090),3.91848]
	5225.90766	   0.03952	[mu,kappa]: [(96.83379,309.64244),47.69830]
	1221.12874	   0.00924	[mu,kappa]: [(93.43999,15.82160),2.31775]
	4548.92464	   0.03440	[mu,kappa]: [(88.03508,313.84319),21.29199]
			msglen: 2698038.50580 bits.
Iteration #: 22
	5237.54959	   0.03960	[mu,kappa]: [(91.80651,313.36160),52.50224]
	5447.10566	   0.04119	[mu,kappa]: [(116.87714,298.55209),47.25955]
	7850.29355	   0.05936	[mu,kappa]: [(106.31685,301.93825),58.43919]
	4175.19140	   0.03157	[mu,kappa]: [(84.21857,315.93374),17.17072]
	7284.53194	   0.05508	[mu,kappa]: [(125.83419,304.39637),45.84895]
	13679.64803	   0.10343	[mu,kappa]: [(104.86648,301.52191),86.81532]
	6359.49754	   0.04809	[mu,kappa]: [(84.90130,318.23013),47.67612]
	4124.87380	   0.03119	[mu,kappa]: [(97.52737,307.86736),28.71530]
	5840.97861	   0.04417	[mu,kappa]: [(91.48282,40.40890),17.85589]
	6528.73648	   0.04937	[mu,kappa]: [(93.78522,312.01514),74.03421]
	5567.30997	   0.04210	[mu,kappa]: [(146.47212,340.27111),16.41852]
	3867.02646	   0.02924	[mu,kappa]: [(94.54175,295.01185),13.80729]
	5769.04124	   0.04362	[mu,kappa]: [(121.77076,301.30258),46.62316]
	4196.49737	   0.03173	[mu,kappa]: [(102.30474,299.84244),20.00667]
	3728.10048	   0.02819	[mu,kappa]: [(92.03106,301.20349),12.05503]
	3934.36444	   0.02975	[mu,kappa]: [(94.06627,309.38843),22.90242]
	6772.57416	   0.05121	[mu,kappa]: [(137.66644,313.22566),38.95683]
	3532.28528	   0.02671	[mu,kappa]: [(101.05658,291.98562),16.47299]
	5067.15705	   0.03832	[mu,kappa]: [(101.65498,306.16569),45.95695]
	9939.89837	   0.07516	[mu,kappa]: [(105.36455,301.98988),69.83205]
	2663.45197	   0.02014	[mu,kappa]: [(51.21874,31.86333),4.06943]
	5212.76097	   0.03942	[mu,kappa]: [(96.77259,309.80466),54.58953]
	1183.36857	   0.00895	[mu,kappa]: [(93.66780,22.31906),2.40529]
	4285.75707	   0.03241	[mu,kappa]: [(87.23349,314.86339),22.24492]
			msglen: 2695826.27163 bits.
Iteration #: 23
	5256.27950	   0.03975	[mu,kappa]: [(91.71756,313.51935),62.53966]
	5569.73456	   0.04212	[mu,kappa]: [(116.81567,298.62475),48.94958]
	7897.13357	   0.05971	[mu,kappa]: [(106.43687,301.88130),59.24682]
	3972.67583	   0.03004	[mu,kappa]: [(82.36675,317.68157),17.26677]
	7384.15584	   0.05583	[mu,kappa]: [(125.65017,304.70090),45.12845]
	13819.40368	   0.10449	[mu,kappa]: [(104.82332,301.44545),87.81532]
	6799.94721	   0.05142	[mu,kappa]: [(83.87291,319.05885),58.62956]
	3893.75045	   0.02944	[mu,kappa]: [(98.16192,307.78782),30.48401]
	5614.94859	   0.04246	[mu,kappa]: [(91.60590,39.90479),20.04987]
	6873.54949	   0.05197	[mu,kappa]: [(93.66736,312.06636),86.95122]
	5501.39699	   0.04160	[mu,kappa]: [(146.35748,341.19851),15.88867]
	3861.79763	   0.02920	[mu,kappa]: [(94.46683,293.37569),14.86341]
	5866.12923	   0.04436	[mu,kappa]: [(121.59314,301.48488),46.84377]
	4100.35406	   0.03101	[mu,kappa]: [(102.62150,299.20044),19.89309]
	3566.58335	   0.02697	[mu,kappa]: [(92.46367,299.76788),12.11320]
	3610.94202	   0.02731	[mu,kappa]: [(94.67371,309.21086),23.47518]
	6970.44831	   0.05271	[mu,kappa]: [(137.82945,313.31977),39.09099]
	3566.79264	   0.02697	[mu,kappa]: [(100.18008,291.23228),17.22169]
	5019.07418	   0.03795	[mu,kappa]: [(101.81945,306.21464),48.74878]
	10007.74180	   0.07567	[mu,kappa]: [(105.39152,301.92699),70.67971]
	2730.69702	   0.02065	[mu,kappa]: [(52.10785,35.24354),4.20031]
	5230.31405	   0.03955	[mu,kappa]: [(96.77617,309.85461),62.16290]
	1167.33558	   0.00883	[mu,kappa]: [(94.30865,28.64163),2.55338]
	3966.81438	   0.03000	[mu,kappa]: [(86.41525,315.81672),23.14397]
			msglen: 2693663.08034 bits.
Iteration #: 24
	5283.70031	   0.03995	[mu,kappa]: [(91.74452,313.54026),73.34176]
	5681.61445	   0.04296	[mu,kappa]: [(116.78526,298.69611),50.31170]
	7929.62255	   0.05996	[mu,kappa]: [(106.53442,301.86427),59.69747]
	3775.75613	   0.02855	[mu,kappa]: [(80.08753,319.67816),17.51241]
	7500.44998	   0.05671	[mu,kappa]: [(125.47181,304.99811),44.21329]
	13917.74875	   0.10523	[mu,kappa]: [(104.75456,301.38852),88.59686]
	7251.70961	   0.05483	[mu,kappa]: [(83.02359,319.69008),71.28512]
	3701.19676	   0.02799	[mu,kappa]: [(98.87231,307.73329),32.54996]
	5391.06972	   0.04076	[mu,kappa]: [(91.64030,39.48154),22.55278]
	7230.83388	   0.05468	[mu,kappa]: [(93.62648,312.04234),99.47612]
	5433.37636	   0.04108	[mu,kappa]: [(146.21225,342.11114),15.38658]
	3864.74450	   0.02922	[mu,kappa]: [(94.18466,291.93115),16.26960]
	5965.71171	   0.04511	[mu,kappa]: [(121.45184,301.66809),46.77286]
	4002.86314	   0.03027	[mu,kappa]: [(102.94239,298.75700),19.84141]
	3402.75814	   0.02573	[mu,kappa]: [(92.96968,298.37903),12.43574]
	3308.18005	   0.02502	[mu,kappa]: [(95.52793,308.92419),24.26674]
	7148.95164	   0.05406	[mu,kappa]: [(137.98861,313.36325),38.90935]
	3578.05131	   0.02706	[mu,kappa]: [(99.25745,290.65471),18.05764]
	4994.57988	   0.03777	[mu,kappa]: [(101.96910,306.28545),51.27077]
	10051.42868	   0.07600	[mu,kappa]: [(105.39533,301.89143),71.21641]
	2783.48593	   0.02105	[mu,kappa]: [(53.10819,38.01571),4.33387]
	5284.98571	   0.03996	[mu,kappa]: [(96.80326,309.84158),69.81160]
	1165.40715	   0.00882	[mu,kappa]: [(95.40514,34.36431),2.77951]
	3599.77365	   0.02722	[mu,kappa]: [(85.66637,316.62821),24.01532]
			msglen: 2691661.34102 bits.
Iteration #: 25
	5339.22610	   0.04037	[mu,kappa]: [(91.81821,313.50848),84.20252]
	5788.93280	   0.04377	[mu,kappa]: [(116.78143,298.74364),51.41619]
	7943.84182	   0.06007	[mu,kappa]: [(106.62300,301.87099),59.82230]
	3603.75645	   0.02725	[mu,kappa]: [(77.44042,321.90597),18.23264]
	7631.98405	   0.05771	[mu,kappa]: [(125.29553,305.27749),43.14593]
	13968.71483	   0.10562	[mu,kappa]: [(104.67431,301.33813),89.24048]
	7644.06638	   0.05780	[mu,kappa]: [(82.40652,320.12890),84.90656]
	3559.38732	   0.02692	[mu,kappa]: [(99.56577,307.75949),34.73883]
	5182.40438	   0.03919	[mu,kappa]: [(91.60870,39.17160),25.14851]
	7585.45166	   0.05736	[mu,kappa]: [(93.60587,311.99931),110.42442]
	5361.77201	   0.04054	[mu,kappa]: [(146.04159,343.01237),14.93134]
	3882.79664	   0.02936	[mu,kappa]: [(93.64201,290.66096),17.97839]
	6069.98810	   0.04590	[mu,kappa]: [(121.33893,301.83389),46.45997]
	3903.44622	   0.02952	[mu,kappa]: [(103.28422,298.52741),19.80977]
	3247.14148	   0.02455	[mu,kappa]: [(93.46145,297.12183),12.99307]
	3054.10597	   0.02310	[mu,kappa]: [(96.53453,308.64034),25.35217]
	7306.71553	   0.05525	[mu,kappa]: [(138.14654,313.36931),38.51257]
	3568.20523	   0.02698	[mu,kappa]: [(98.30134,290.19665),18.93551]
	4985.68738	   0.03770	[mu,kappa]: [(102.09419,306.38475),53.26189]
	10064.94030	   0.07610	[mu,kappa]: [(105.38962,301.86883),71.48342]
	2811.84512	   0.02126	[mu,kappa]: [(54.04780,40.38351),4.49087]
	5368.42205	   0.04059	[mu,kappa]: [(96.81880,309.80744),76.74830]
	1171.37066	   0.00886	[mu,kappa]: [(96.86088,39.11424),3.09990]
	3203.79752	   0.02423	[mu,kappa]: [(85.08753,317.23818),24.96054]
			msglen: 2689933.12381 bits.
Iteration #: 26
	5434.63935	   0.04109	[mu,kappa]: [(91.87111,313.48736),94.18344]
	5896.19391	   0.04458	[mu,kappa]: [(116.79493,298.75289),52.33630]
	7943.89456	   0.06007	[mu,kappa]: [(106.70995,301.88679),59.71469]
	3475.44500	   0.02628	[mu,kappa]: [(74.64174,324.27073),19.91240]
	7773.54023	   0.05878	[mu,kappa]: [(125.11996,305.53191),41.97451]
	13985.64553	   0.10575	[mu,kappa]: [(104.59127,301.28468),89.87928]
	7921.97151	   0.05990	[mu,kappa]: [(82.01635,320.39595),98.01658]
	3467.55589	   0.02622	[mu,kappa]: [(100.18017,307.88378),36.79555]
	4997.61448	   0.03779	[mu,kappa]: [(91.53761,38.96409),27.61768]
	7914.31361	   0.05984	[mu,kappa]: [(93.56817,311.96893),118.78220]
	5284.42277	   0.03996	[mu,kappa]: [(145.85800,343.89926),14.53866]
	3915.87615	   0.02961	[mu,kappa]: [(92.84582,289.54028),19.95381]
	6177.80246	   0.04671	[mu,kappa]: [(121.24617,301.96945),45.95759]
	3802.92399	   0.02876	[mu,kappa]: [(103.67322,298.50653),19.78256]
	3104.41695	   0.02348	[mu,kappa]: [(93.85195,296.09133),13.68748]
	2861.91106	   0.02164	[mu,kappa]: [(97.56313,308.47483),26.69403]
	7443.26766	   0.05628	[mu,kappa]: [(138.30558,313.35174),37.99582]
	3536.24931	   0.02674	[mu,kappa]: [(97.33888,289.82906),19.82207]
	4985.25520	   0.03770	[mu,kappa]: [(102.19683,306.50837),54.61350]
	10054.56729	   0.07603	[mu,kappa]: [(105.38259,301.84699),71.58704]
	2815.68323	   0.02129	[mu,kappa]: [(54.81393,42.50570),4.68186]
	5462.80174	   0.04131	[mu,kappa]: [(96.80992,309.77101),82.32561]
	1182.11122	   0.00894	[mu,kappa]: [(98.50323,42.69945),3.52317]
	2809.89689	   0.02125	[mu,kappa]: [(84.76061,317.61047),26.16552]
			msglen: 2688509.92434 bits.
Iteration #: 27
	5563.23182	   0.04207	[mu,kappa]: [(91.87028,313.50448),102.46193]
	6005.45708	   0.04541	[mu,kappa]: [(116.81572,298.71598),53.13292]
	7937.04384	   0.06001	[mu,kappa]: [(106.79493,301.90033),59.47564]
	3395.00559	   0.02567	[mu,kappa]: [(72.07122,326.55732),23.07953]
	7917.74930	   0.05987	[mu,kappa]: [(124.94682,305.75548),40.75841]
	13990.34751	   0.10578	[mu,kappa]: [(104.50699,301.22433),90.62183]
	8076.00386	   0.06107	[mu,kappa]: [(81.80267,320.53355),109.26835]
	3416.84152	   0.02584	[mu,kappa]: [(100.69451,308.08705),38.53057]
	4839.71793	   0.03660	[mu,kappa]: [(91.44608,38.82776),29.83917]
	8194.65413	   0.06196	[mu,kappa]: [(93.50370,311.95822),124.14827]
	5199.20973	   0.03931	[mu,kappa]: [(145.67924,344.77262),14.22121]
	3958.54529	   0.02993	[mu,kappa]: [(91.85480,288.53665),22.19010]
	6285.62239	   0.04753	[mu,kappa]: [(121.16741,302.06645),45.32311]
	3703.83506	   0.02801	[mu,kappa]: [(104.13238,298.66686),19.77065]
	2971.18786	   0.02247	[mu,kappa]: [(94.10147,295.34382),14.37702]
	2728.82290	   0.02064	[mu,kappa]: [(98.51034,308.47618),28.18472]
	7558.54038	   0.05715	[mu,kappa]: [(138.46715,313.32342),37.44443]
	3478.62997	   0.02631	[mu,kappa]: [(96.41265,289.53964),20.68590]
	4989.99027	   0.03773	[mu,kappa]: [(102.28050,306.64678),55.38887]
	10032.37719	   0.07586	[mu,kappa]: [(105.37487,301.81834),71.63580]
	2806.04881	   0.02122	[mu,kappa]: [(55.32030,44.38471),4.90200]
	5553.18771	   0.04199	[mu,kappa]: [(96.78125,309.73219),86.34664]
	1197.29905	   0.00906	[mu,kappa]: [(100.17382,45.09498),4.04443]
	2448.65080	   0.01852	[mu,kappa]: [(84.72597,317.73489),27.86770]
			msglen: 2687339.55656 bits.
Iteration #: 28
	5706.39346	   0.04315	[mu,kappa]: [(91.81729,313.55831),108.71855]
	6116.75581	   0.04625	[mu,kappa]: [(116.83536,298.63216),53.85332]
	7928.59598	   0.05995	[mu,kappa]: [(106.87448,301.90267),59.18392]
	3343.72266	   0.02529	[mu,kappa]: [(70.09979,328.49288),27.98467]
	8057.37288	   0.06092	[mu,kappa]: [(124.78016,305.94455),39.56463]
	14000.47869	   0.10586	[mu,kappa]: [(104.41961,301.15711),91.51560]
	8142.66845	   0.06157	[mu,kappa]: [(81.70172,320.58932),118.17032]
	3395.21946	   0.02567	[mu,kappa]: [(101.11372,308.33344),39.89167]
	4707.39430	   0.03560	[mu,kappa]: [(91.34141,38.73826),31.78502]
	8415.27639	   0.06363	[mu,kappa]: [(93.42055,311.95998),126.84227]
	5104.49066	   0.03860	[mu,kappa]: [(145.52325,345.63549),13.98834]
	4002.57447	   0.03027	[mu,kappa]: [(90.75536,287.61707),24.70471]
	6389.27102	   0.04831	[mu,kappa]: [(121.09901,302.12242),44.61804]
	3609.64619	   0.02730	[mu,kappa]: [(104.66978,298.95799),19.79797]
	2840.36942	   0.02148	[mu,kappa]: [(94.22338,294.88438),14.92368]
	2642.70371	   0.01998	[mu,kappa]: [(99.32538,308.61620),29.71128]
	7653.50902	   0.05787	[mu,kappa]: [(138.63074,313.29676),36.92740]
	3391.13238	   0.02564	[mu,kappa]: [(95.57392,289.32349),21.48469]
	4998.00437	   0.03779	[mu,kappa]: [(102.34627,306.78796),55.75138]
	10008.28252	   0.07568	[mu,kappa]: [(105.36366,301.77873),71.70400]
	2801.65523	   0.02119	[mu,kappa]: [(55.49386,45.83967),5.12246]
	5633.01900	   0.04259	[mu,kappa]: [(96.74256,309.68314),89.06349]
	1217.97748	   0.00921	[mu,kappa]: [(101.78201,46.39981),4.63901]
	2141.48646	   0.01620	[mu,kappa]: [(84.95241,317.64159),30.25102]
			msglen: 2686381.13541 bits.
Iteration #: 29
	5844.48347	   0.04419	[mu,kappa]: [(91.73013,313.63474),113.13673]
	6228.78080	   0.04710	[mu,kappa]: [(116.84735,298.50888),54.52649]
	7921.05587	   0.05989	[mu,kappa]: [(106.94575,301.88797),58.88513]
	3292.31914	   0.02490	[mu,kappa]: [(68.86638,329.90189),34.27382]
	8187.65399	   0.06191	[mu,kappa]: [(124.62406,306.10082),38.45170]
	14025.28798	   0.10605	[mu,kappa]: [(104.32713,301.08479),92.54569]
	8173.11952	   0.06180	[mu,kappa]: [(81.65364,320.60575),124.78939]
	3391.16884	   0.02564	[mu,kappa]: [(101.45300,308.58726),40.92877]
	4596.79035	   0.03476	[mu,kappa]: [(91.22060,38.68535),33.47813]
	8576.67080	   0.06485	[mu,kappa]: [(93.33241,311.96329),127.59033]
	4999.42511	   0.03780	[mu,kappa]: [(145.40299,346.48038),13.84574]
	4040.05261	   0.03055	[mu,kappa]: [(89.64099,286.75253),27.54695]
	6485.55438	   0.04904	[mu,kappa]: [(121.03876,302.14284),43.89578]
	3524.27204	   0.02665	[mu,kappa]: [(105.27214,299.31571),19.88276]
	2707.92120	   0.02048	[mu,kappa]: [(94.25411,294.68861),15.23316]
	2589.44515	   0.01958	[mu,kappa]: [(99.99940,308.83098),31.18355]
	7730.68882	   0.05845	[mu,kappa]: [(138.79348,313.28329),36.48782]
	3272.43079	   0.02475	[mu,kappa]: [(94.87021,289.17802),22.16589]
	5007.23491	   0.03786	[mu,kappa]: [(102.39476,306.92018),55.87636]
	9987.72474	   0.07552	[mu,kappa]: [(105.34638,301.72653),71.82051]
	2818.67143	   0.02132	[mu,kappa]: [(55.34290,46.66245),5.29612]
	5701.95536	   0.04312	[mu,kappa]: [(96.70239,309.61601),90.93753]
	1245.15371	   0.00942	[mu,kappa]: [(103.29862,46.82212),5.26712]
	1900.13898	   0.01437	[mu,kappa]: [(85.31942,317.41741),33.29523]
			msglen: 2685627.78293 bits.
Iteration #: 30
	5964.77080	   0.04510	[mu,kappa]: [(91.62884,313.71936),116.15981]
	6339.08654	   0.04793	[mu,kappa]: [(116.84739,298.35984),55.16083]
	7915.21113	   0.05985	[mu,kappa]: [(107.00720,301.85516),58.58901]
	3225.47192	   0.02439	[mu,kappa]: [(68.24688,330.79283),41.12453]
	8307.01340	   0.06281	[mu,kappa]: [(124.48073,306.23145),37.45529]
	14066.44665	   0.10636	[mu,kappa]: [(104.22829,301.01032),93.64835]
	8198.11600	   0.06199	[mu,kappa]: [(81.61268,320.61500),129.27519]
	3396.48593	   0.02568	[mu,kappa]: [(101.72899,308.82428),41.72639]
	4502.68819	   0.03405	[mu,kappa]: [(91.07570,38.66703),34.96393]
	8688.11162	   0.06569	[mu,kappa]: [(93.25136,311.95975),127.14936]
	4884.35325	   0.03693	[mu,kappa]: [(145.32533,347.28331),13.79442]
	4066.37996	   0.03075	[mu,kappa]: [(88.59474,285.92131),30.83187]
	6572.77202	   0.04970	[mu,kappa]: [(120.98509,302.13985),43.19080]
	3451.37059	   0.02610	[mu,kappa]: [(105.90889,299.67989),20.02576]
	2575.62693	   0.01948	[mu,kappa]: [(94.22233,294.72246),15.27474]
	2557.55461	   0.01934	[mu,kappa]: [(100.54736,309.06300),32.54681]
	7793.34655	   0.05893	[mu,kappa]: [(138.95148,313.29053),36.14018]
	3126.51578	   0.02364	[mu,kappa]: [(94.33401,289.10333),22.68129]
	5016.50022	   0.03793	[mu,kappa]: [(102.42699,307.03651),55.89235]
	9972.54181	   0.07540	[mu,kappa]: [(105.32148,301.66311),71.96998]
	2861.33147	   0.02164	[mu,kappa]: [(55.01158,46.83298),5.38996]
	5763.81430	   0.04358	[mu,kappa]: [(96.66599,309.52720),92.40486]
	1278.97284	   0.00967	[mu,kappa]: [(104.71900,46.62293),5.89155]
	1723.51747	   0.01304	[mu,kappa]: [(85.68284,317.16601),36.70858]
			msglen: 2685048.25852 bits.
Iteration #: 31
	6065.80087	   0.04587	[mu,kappa]: [(91.52642,313.80424),118.25206]
	6444.69514	   0.04873	[mu,kappa]: [(116.83378,298.20020),55.75385]
	7910.48314	   0.05981	[mu,kappa]: [(107.05881,301.80705),58.28230]
	3147.91775	   0.02380	[mu,kappa]: [(68.00940,331.29795),47.73137]
	8415.95032	   0.06364	[mu,kappa]: [(124.35071,306.34465),36.58915]
	14119.28466	   0.10676	[mu,kappa]: [(104.12325,300.93685),94.73966]
	8220.13834	   0.06216	[mu,kappa]: [(81.55887,320.63217),131.90755]
	3406.71460	   0.02576	[mu,kappa]: [(101.95435,309.03466),42.35396]
	4419.60520	   0.03342	[mu,kappa]: [(90.90122,38.68132),36.29594]
	8765.11808	   0.06628	[mu,kappa]: [(93.18308,311.94668),126.07799]
	4761.09930	   0.03600	[mu,kappa]: [(145.29349,348.01491),13.83059]
	4080.62381	   0.03086	[mu,kappa]: [(87.67494,285.11375),34.74161]
	6650.48076	   0.05029	[mu,kappa]: [(120.93715,302.12684),42.52132]
	3393.16238	   0.02566	[mu,kappa]: [(106.54444,300.00779),20.21074]
	2449.45435	   0.01852	[mu,kappa]: [(94.12763,294.95077),15.07000]
	2539.49311	   0.01920	[mu,kappa]: [(100.99042,309.27925),33.77912]
	7844.26234	   0.05931	[mu,kappa]: [(139.10157,313.31942),35.87821]
	2961.73366	   0.02240	[mu,kappa]: [(93.97840,289.10463),22.99500]
	5025.57742	   0.03800	[mu,kappa]: [(102.44371,307.13629),55.86158]
	9961.47554	   0.07532	[mu,kappa]: [(105.28900,301.59179),72.11143]
	2923.38513	   0.02211	[mu,kappa]: [(54.69731,46.55107),5.40679]
	5824.29542	   0.04404	[mu,kappa]: [(96.63383,309.41878),93.74540]
	1318.57822	   0.00997	[mu,kappa]: [(106.04878,46.01450),6.49371]
	1598.67046	   0.01209	[mu,kappa]: [(85.96890,316.94139),40.10955]
			msglen: 2684584.01655 bits.
Iteration #: 32
	6152.73144	   0.04652	[mu,kappa]: [(91.42743,313.88807),119.76375]
	6543.17920	   0.04948	[mu,kappa]: [(116.80677,298.04267),56.30220]
	7905.81887	   0.05978	[mu,kappa]: [(107.10228,301.74750),57.95047]
	3069.86562	   0.02321	[mu,kappa]: [(67.95797,331.57080),53.60899]
	8515.80342	   0.06439	[mu,kappa]: [(124.23364,306.44608),35.85283]
	14176.37194	   0.10719	[mu,kappa]: [(104.01397,300.86674),95.74825]
	8231.83163	   0.06224	[mu,kappa]: [(81.49299,320.65862),133.18206]
	3419.49055	   0.02586	[mu,kappa]: [(102.13815,309.21732),42.85327]
	4343.01758	   0.03284	[mu,kappa]: [(90.69740,38.72326),37.52808]
	8821.88689	   0.06670	[mu,kappa]: [(93.12733,311.92608),124.69214]
	4632.61366	   0.03503	[mu,kappa]: [(145.30837,348.65162),13.94749]
	4083.30335	   0.03088	[mu,kappa]: [(86.91057,284.33417),39.47496]
	6719.22010	   0.05081	[mu,kappa]: [(120.89462,302.11405),41.89639]
	3349.98509	   0.02533	[mu,kappa]: [(107.14958,300.27481),20.41279]
	2336.73607	   0.01767	[mu,kappa]: [(93.93151,295.33826),14.66473]
	2530.52329	   0.01914	[mu,kappa]: [(101.34755,309.46663),34.87454]
	7885.25895	   0.05962	[mu,kappa]: [(139.24176,313.36546),35.68566]
	2788.50634	   0.02109	[mu,kappa]: [(93.79830,289.19113),23.08332]
	5034.25019	   0.03807	[mu,kappa]: [(102.44630,307.22192),55.80020]
	9951.86622	   0.07525	[mu,kappa]: [(105.25087,301.51590),72.20603]
	2995.86990	   0.02266	[mu,kappa]: [(54.53234,46.08942),5.37188]
	5887.27573	   0.04452	[mu,kappa]: [(96.60376,309.29591),95.07806]
	1362.65511	   0.01031	[mu,kappa]: [(107.31130,45.11387),7.08115]
	1509.93886	   0.01142	[mu,kappa]: [(86.17529,316.74674),43.25169]
			msglen: 2684185.39360 bits.
Iteration #: 33
	6230.42418	   0.04711	[mu,kappa]: [(91.33235,313.97257),120.92299]
	6633.07193	   0.05016	[mu,kappa]: [(116.76759,297.89635),56.80406]
	7900.74326	   0.05974	[mu,kappa]: [(107.13998,301.68000),57.58744]
	2997.06703	   0.02266	[mu,kappa]: [(67.97725,331.72745),58.61389]
	8608.01894	   0.06509	[mu,kappa]: [(124.12872,306.53851),35.23757]
	14231.27276	   0.10760	[mu,kappa]: [(103.90337,300.80148),96.62747]
	8229.29950	   0.06222	[mu,kappa]: [(81.42161,320.69151),133.63259]
	3433.33164	   0.02596	[mu,kappa]: [(102.28825,309.37404),43.25006]
	4269.75015	   0.03229	[mu,kappa]: [(90.46686,38.78728),38.71196]
	8866.35006	   0.06704	[mu,kappa]: [(93.08205,311.90142),123.14600]
	4501.93879	   0.03404	[mu,kappa]: [(145.36969,349.17545),14.13881]
	4073.97578	   0.03081	[mu,kappa]: [(86.30624,283.59944),45.16691]
	6780.09876	   0.05127	[mu,kappa]: [(120.85728,302.10771),41.31945]
	3320.91338	   0.02511	[mu,kappa]: [(107.70577,300.46907),20.60661]
	2244.02019	   0.01697	[mu,kappa]: [(93.56785,295.84625),14.11891]
	2527.44069	   0.01911	[mu,kappa]: [(101.63524,309.62190),35.83466]
	7917.41137	   0.05987	[mu,kappa]: [(139.37088,313.42191),35.54436]
	2617.93572	   0.01980	[mu,kappa]: [(93.77393,289.36953),22.94506]
	5042.19772	   0.03813	[mu,kappa]: [(102.43750,307.29606),55.70806]
	9941.65616	   0.07517	[mu,kappa]: [(105.20998,301.43803),72.22970]
	3072.11419	   0.02323	[mu,kappa]: [(54.55884,45.66229),5.31246]
	5953.63560	   0.04502	[mu,kappa]: [(96.57436,309.16385),96.42903]
	1410.21746	   0.01067	[mu,kappa]: [(108.54258,43.97320),7.68881]
	1445.11475	   0.01093	[mu,kappa]: [(86.32484,316.56997),46.05377]
			msglen: 2683824.72635 bits.
Iteration #: 34
	6301.49400	   0.04765	[mu,kappa]: [(91.24101,314.05990),121.88602]
	6713.60420	   0.05076	[mu,kappa]: [(116.71794,297.76710),57.25927]
	7895.40956	   0.05970	[mu,kappa]: [(107.17405,301.60750),57.19392]
	2930.54333	   0.02216	[mu,kappa]: [(68.01394,331.83701),62.83269]
	8693.85988	   0.06574	[mu,kappa]: [(124.03502,306.62307),34.73009]
	14279.46367	   0.10797	[mu,kappa]: [(103.79451,300.74214),97.35220]
	8212.95566	   0.06210	[mu,kappa]: [(81.34923,320.72886),133.67213]
	3447.28109	   0.02607	[mu,kappa]: [(102.41203,309.50722),43.56526]
	4197.62002	   0.03174	[mu,kappa]: [(90.21031,38.86968),39.89757]
	8901.44308	   0.06731	[mu,kappa]: [(93.04568,311.87598),121.52263]
	4371.54642	   0.03306	[mu,kappa]: [(145.47758,349.57010),14.40132]
	4050.74827	   0.03063	[mu,kappa]: [(85.85047,282.93386),51.78348]
	6834.36153	   0.05168	[mu,kappa]: [(120.82495,302.11089),40.79001]
	3304.55523	   0.02499	[mu,kappa]: [(108.20378,300.58596),20.77020]
	2175.82486	   0.01645	[mu,kappa]: [(92.96841,296.42745),13.50900]
	2528.00443	   0.01912	[mu,kappa]: [(101.86817,309.74608),36.66805]
	7941.38856	   0.06005	[mu,kappa]: [(139.48804,313.48212),35.43842]
	2461.05535	   0.01861	[mu,kappa]: [(93.87329,289.63267),22.61798]
	5049.24615	   0.03818	[mu,kappa]: [(102.42077,307.36098),55.58470]
	9929.80557	   0.07508	[mu,kappa]: [(105.16922,301.36027),72.17178]
	3148.48416	   0.02381	[mu,kappa]: [(54.76796,45.39137),5.24883]
	6022.43132	   0.04554	[mu,kappa]: [(96.54588,309.02710),97.79253]
	1460.95528	   0.01105	[mu,kappa]: [(109.77281,42.62176),8.37610]
	1395.91839	   0.01056	[mu,kappa]: [(86.44103,316.40315),48.53455]
			msglen: 2683492.13541 bits.
Iteration #: 35
	6367.33017	   0.04815	[mu,kappa]: [(91.15334,314.15165),122.77640]
	6784.38608	   0.05130	[mu,kappa]: [(116.65993,297.65836),57.67111]
	7890.09705	   0.05966	[mu,kappa]: [(107.20616,301.53285),56.77575]
	2869.29661	   0.02170	[mu,kappa]: [(68.04668,331.93375),66.43255]
	8774.36295	   0.06635	[mu,kappa]: [(123.95161,306.70031),34.31491]
	14317.72291	   0.10826	[mu,kappa]: [(103.69031,300.68985),97.91743]
	8185.14225	   0.06189	[mu,kappa]: [(81.27736,320.76983),133.56549]
	3460.76634	   0.02617	[mu,kappa]: [(102.51629,309.61972),43.81986]
	4125.08520	   0.03119	[mu,kappa]: [(89.92526,38.96918),41.13520]
	8928.01688	   0.06751	[mu,kappa]: [(93.01748,311.85250),119.88367]
	4243.41433	   0.03209	[mu,kappa]: [(145.63322,349.82081),14.73538]
	4011.94541	   0.03034	[mu,kappa]: [(85.52344,282.36070),59.04039]
	6883.12274	   0.05205	[mu,kappa]: [(120.79751,302.12467),40.30542]
	3299.41631	   0.02495	[mu,kappa]: [(108.64120,300.62538),20.88553]
	2133.86975	   0.01614	[mu,kappa]: [(92.09359,297.02587),12.92061]
	2530.66463	   0.01914	[mu,kappa]: [(102.05938,309.84251),37.39033]
	7957.64098	   0.06017	[mu,kappa]: [(139.59225,313.54065),35.35547]
	2327.30941	   0.01760	[mu,kappa]: [(94.05583,289.95077),22.17962]
	5055.38689	   0.03823	[mu,kappa]: [(102.39973,307.41891),55.43471]
	9915.76834	   0.07498	[mu,kappa]: [(105.13118,301.28466),72.03347]
	3223.29767	   0.02437	[mu,kappa]: [(55.13609,45.32610),5.19290]
	6092.13186	   0.04607	[mu,kappa]: [(96.51969,308.88976),99.16281]
	1515.03848	   0.01146	[mu,kappa]: [(111.00754,41.08851),9.22508]
	1356.78675	   0.01026	[mu,kappa]: [(86.54307,316.24552),50.76407]
			msglen: 2683186.76018 bits.
Iteration #: 36
	6429.17792	   0.04861	[mu,kappa]: [(91.06898,314.24837),123.69467]
	6845.27847	   0.05176	[mu,kappa]: [(116.59592,297.57179),58.04846]
	7884.85077	   0.05962	[mu,kappa]: [(107.23773,301.45889),56.34461]
	2812.15062	   0.02127	[mu,kappa]: [(68.06755,332.03153),69.55303]
	8850.31549	   0.06692	[mu,kappa]: [(123.87767,306.77098),33.97583]
	14343.87603	   0.10846	[mu,kappa]: [(103.59340,300.64594),98.34025]
	8148.72942	   0.06162	[mu,kappa]: [(81.20571,320.81394),133.45757]
	3473.47297	   0.02627	[mu,kappa]: [(102.60697,309.71504),44.03549]
	4051.21865	   0.03063	[mu,kappa]: [(89.60735,39.08615),42.47610]
	8946.68730	   0.06765	[mu,kappa]: [(92.99691,311.83291),118.28341]
	4119.55563	   0.03115	[mu,kappa]: [(145.83831,349.91944),15.14288]
	3958.51771	   0.02993	[mu,kappa]: [(85.30219,281.89291),66.44276]
	6927.22364	   0.05238	[mu,kappa]: [(120.77498,302.14892),39.86236]
	3303.88198	   0.02498	[mu,kappa]: [(109.02081,300.59137),20.93994]
	2116.63353	   0.01601	[mu,kappa]: [(90.95587,297.58834),12.42886]
	2534.37332	   0.01917	[mu,kappa]: [(102.22002,309.91623),38.02229]
	7966.45692	   0.06024	[mu,kappa]: [(139.68226,313.59351),35.28654]
	2222.16955	   0.01681	[mu,kappa]: [(94.28115,290.27591),21.72332]
	5060.67251	   0.03827	[mu,kappa]: [(102.37770,307.47216),55.26900]
	9899.12456	   0.07485	[mu,kappa]: [(105.09808,301.21335),71.82883]
	3295.66366	   0.02492	[mu,kappa]: [(55.63829,45.46755),5.14866]
	6161.35064	   0.04659	[mu,kappa]: [(96.49744,308.75544),100.54636]
	1572.60791	   0.01189	[mu,kappa]: [(112.21276,39.41510),10.34186]
	1324.01080	   0.01001	[mu,kappa]: [(86.64510,316.10102),52.83554]
			msglen: 2682906.82377 bits.
Iteration #: 37
	6488.48336	   0.04906	[mu,kappa]: [(90.98698,314.34946),124.71067]
	6896.43386	   0.05215	[mu,kappa]: [(116.52820,297.50747),58.40588]
	7879.45772	   0.05958	[mu,kappa]: [(107.26984,301.38817),55.91729]
	2758.36819	   0.02086	[mu,kappa]: [(68.07413,332.13427),72.27431]
	8922.18849	   0.06746	[mu,kappa]: [(123.81247,306.83615),33.69678]
	14357.15198	   0.10856	[mu,kappa]: [(103.50583,300.61149),98.65674]
	8106.47921	   0.06130	[mu,kappa]: [(81.13327,320.86071),133.40818]
	3485.25300	   0.02636	[mu,kappa]: [(102.68873,309.79700),44.23211]
	3975.95023	   0.03007	[mu,kappa]: [(89.25388,39.22094),43.96868]
	8958.50312	   0.06774	[mu,kappa]: [(92.98321,311.81806),116.76417]
	4002.79045	   0.03027	[mu,kappa]: [(146.09278,349.87528),15.62201]
	3894.97155	   0.02945	[mu,kappa]: [(85.16281,281.52813),73.46404]
	6967.17152	   0.05268	[mu,kappa]: [(120.75736,302.18276),39.45782]
	3316.14713	   0.02508	[mu,kappa]: [(109.34928,300.49227),20.92847]
	2119.48051	   0.01603	[mu,kappa]: [(89.62352,298.08180),12.08089]
	2538.45670	   0.01920	[mu,kappa]: [(102.35901,309.97309),38.58625]
	7968.01733	   0.06025	[mu,kappa]: [(139.75661,313.63807),35.22573]
	2145.78104	   0.01623	[mu,kappa]: [(94.52021,290.56013),21.32655]
	5065.15409	   0.03830	[mu,kappa]: [(102.35723,307.52286),55.10238]
	9879.63090	   0.07470	[mu,kappa]: [(105.07164,301.14823),71.58292]
	3364.55912	   0.02544	[mu,kappa]: [(56.24909,45.78215),5.11331]
	6229.25478	   0.04710	[mu,kappa]: [(96.48033,308.62681),101.96076]
	1633.02248	   0.01235	[mu,kappa]: [(113.30576,37.66968),11.85389]
	1295.29327	   0.00980	[mu,kappa]: [(86.75570,315.97458),54.84386]
			msglen: 2682645.95999 bits.
			N: 132248
		20.28496 bpr
Null model msglen: 3118813.14029 bits.	(23.58306 bpr)
