Iteration #: 0
	4058.00000	   0.03068	[mu,kappa]: [(104.97224,310.29292),7.25654]
	4217.00000	   0.03189	[mu,kappa]: [(105.87310,310.54374),6.88822]
	4154.00000	   0.03141	[mu,kappa]: [(105.10335,311.38540),6.63681]
	4144.00000	   0.03134	[mu,kappa]: [(105.23404,310.54919),7.09839]
	4170.00000	   0.03153	[mu,kappa]: [(105.14476,310.80076),6.92705]
	4248.00000	   0.03212	[mu,kappa]: [(105.28874,310.57337),6.71861]
	4134.00000	   0.03126	[mu,kappa]: [(105.34306,310.98323),6.73250]
	4058.00000	   0.03068	[mu,kappa]: [(105.06242,310.88581),6.85338]
	4155.00000	   0.03142	[mu,kappa]: [(105.07035,310.73104),6.93097]
	4158.00000	   0.03144	[mu,kappa]: [(104.97507,310.48522),6.87694]
	4156.00000	   0.03143	[mu,kappa]: [(105.17945,311.02705),6.84889]
	4197.00000	   0.03174	[mu,kappa]: [(105.31092,310.53597),7.18432]
	4243.00000	   0.03208	[mu,kappa]: [(105.09583,310.99602),6.72266]
	4163.00000	   0.03148	[mu,kappa]: [(105.38472,310.28719),6.99081]
	4174.00000	   0.03156	[mu,kappa]: [(105.12992,310.42333),6.94516]
	4107.00000	   0.03106	[mu,kappa]: [(104.63061,310.85322),6.80562]
	4170.00000	   0.03153	[mu,kappa]: [(105.20202,310.77790),6.82852]
	3957.00000	   0.02992	[mu,kappa]: [(105.19667,311.12396),6.78408]
	4093.00000	   0.03095	[mu,kappa]: [(104.91724,311.51031),6.64095]
	4113.00000	   0.03110	[mu,kappa]: [(105.51433,310.80080),6.80247]
	4030.00000	   0.03047	[mu,kappa]: [(105.17786,310.39839),7.10569]
	4269.00000	   0.03228	[mu,kappa]: [(105.13144,310.91095),6.71672]
	4158.00000	   0.03144	[mu,kappa]: [(104.87976,310.77261),6.99436]
	4089.00000	   0.03092	[mu,kappa]: [(105.54013,310.76305),6.97354]
	4072.00000	   0.03079	[mu,kappa]: [(104.95254,311.01748),6.83812]
	4103.00000	   0.03103	[mu,kappa]: [(105.03186,311.33592),6.90175]
	4138.00000	   0.03129	[mu,kappa]: [(105.45932,310.25092),7.12172]
	4066.00000	   0.03075	[mu,kappa]: [(105.09978,310.96078),6.78990]
	4024.00000	   0.03043	[mu,kappa]: [(105.49752,310.07382),7.16597]
	4139.00000	   0.03130	[mu,kappa]: [(105.40118,310.85540),6.99890]
	4143.00000	   0.03133	[mu,kappa]: [(105.63619,310.50772),7.16078]
	4148.00000	   0.03137	[mu,kappa]: [(105.29961,310.58537),6.89779]
			msglen: 2681279.70350 bits.
Iteration #: 1
	4070.74023	   0.03078	[mu,kappa]: [(105.00189,309.24032),8.37373]
	4212.84765	   0.03186	[mu,kappa]: [(105.75794,310.60322),6.94179]
	4162.79335	   0.03148	[mu,kappa]: [(105.09221,312.51621),5.84236]
	4145.67680	   0.03135	[mu,kappa]: [(105.22311,309.86989),7.69740]
	4166.32678	   0.03150	[mu,kappa]: [(105.16166,310.66766),7.00059]
	4246.70521	   0.03211	[mu,kappa]: [(105.28797,311.38351),6.34874]
	4134.20418	   0.03126	[mu,kappa]: [(105.31767,311.65698),6.27415]
	4054.61573	   0.03066	[mu,kappa]: [(105.09496,311.03807),6.71605]
	4151.42276	   0.03139	[mu,kappa]: [(105.10435,310.60234),7.03753]
	4153.99047	   0.03141	[mu,kappa]: [(105.03972,310.63299),6.92619]
	4152.74480	   0.03140	[mu,kappa]: [(105.18445,311.16542),6.65599]
	4203.33836	   0.03178	[mu,kappa]: [(105.27034,309.59133),8.01341]
	4243.72983	   0.03209	[mu,kappa]: [(105.11359,311.72503),6.23671]
	4161.30272	   0.03147	[mu,kappa]: [(105.36361,310.04351),7.39568]
	4170.88976	   0.03154	[mu,kappa]: [(105.16167,310.31661),7.18866]
	4104.09062	   0.03103	[mu,kappa]: [(104.74687,311.23901),6.56005]
	4166.70624	   0.03151	[mu,kappa]: [(105.21204,311.05367),6.66384]
	3955.73113	   0.02991	[mu,kappa]: [(105.19435,311.53511),6.40500]
	4102.20663	   0.03102	[mu,kappa]: [(104.93134,312.61614),5.81900]
	4110.23339	   0.03108	[mu,kappa]: [(105.46506,311.17569),6.56639]
	4032.69685	   0.03049	[mu,kappa]: [(105.18259,309.74456),7.77720]
	4269.58997	   0.03228	[mu,kappa]: [(105.14589,311.68055),6.24207]
	4155.24394	   0.03142	[mu,kappa]: [(104.94687,310.40243),7.24984]
	4085.93689	   0.03090	[mu,kappa]: [(105.47575,310.44752),7.17376]
	4068.96025	   0.03077	[mu,kappa]: [(105.00092,311.21372),6.62189]
	4098.95403	   0.03099	[mu,kappa]: [(105.05224,311.19343),6.73932]
	4142.26749	   0.03132	[mu,kappa]: [(105.40497,309.58412),7.88259]
	4064.04296	   0.03073	[mu,kappa]: [(105.12179,311.37703),6.47452]
	4031.69053	   0.03049	[mu,kappa]: [(105.43180,309.33274),8.10630]
	4136.16608	   0.03128	[mu,kappa]: [(105.35912,310.42667),7.23411]
	4147.90706	   0.03136	[mu,kappa]: [(105.53066,309.63201),7.93085]
	4144.24730	   0.03134	[mu,kappa]: [(105.29478,310.61362),6.96658]
			msglen: 2807031.19239 bits.
Iteration #: 2
	4229.09323	   0.03198	[mu,kappa]: [(104.80294,306.81923),13.01998]
	4164.31414	   0.03149	[mu,kappa]: [(105.72379,310.02573),7.54377]
	4283.67080	   0.03239	[mu,kappa]: [(104.71856,319.25009),3.82274]
	4183.01145	   0.03163	[mu,kappa]: [(105.13224,307.86563),10.49879]
	4120.97440	   0.03116	[mu,kappa]: [(105.23828,309.89836),7.73815]
	4216.03228	   0.03188	[mu,kappa]: [(105.33297,313.44743),5.38957]
	4118.13474	   0.03114	[mu,kappa]: [(105.32439,314.22039),5.10599]
	4002.25767	   0.03026	[mu,kappa]: [(105.21076,311.22101),6.64588]
	4108.77566	   0.03107	[mu,kappa]: [(105.18797,309.74233),7.89113]
	4105.08582	   0.03104	[mu,kappa]: [(105.15580,310.12081),7.49176]
	4100.30966	   0.03100	[mu,kappa]: [(105.28209,311.58720),6.40966]
	4295.63984	   0.03248	[mu,kappa]: [(105.08618,307.30871),11.68764]
	4234.47933	   0.03202	[mu,kappa]: [(105.12976,314.56823),4.98177]
	4156.69420	   0.03143	[mu,kappa]: [(105.31771,308.49097),9.35706]
	4141.85941	   0.03132	[mu,kappa]: [(105.20791,309.13573),8.52578]
	4055.61594	   0.03067	[mu,kappa]: [(104.91760,312.12985),6.07719]
	4113.64421	   0.03111	[mu,kappa]: [(105.30811,311.45910),6.46839]
	3922.89061	   0.02966	[mu,kappa]: [(105.25830,313.24627),5.51893]
	4234.67091	   0.03202	[mu,kappa]: [(104.52062,319.68355),3.75134]
	4061.58131	   0.03071	[mu,kappa]: [(105.51380,312.01782),6.11724]
	4082.49815	   0.03087	[mu,kappa]: [(105.08300,307.68588),10.82757]
	4258.60105	   0.03220	[mu,kappa]: [(105.16255,314.48066),5.00749]
	4131.05300	   0.03124	[mu,kappa]: [(105.02542,309.04531),8.71989]
	4055.13351	   0.03066	[mu,kappa]: [(105.45230,309.24550),8.41681]
	4018.54631	   0.03039	[mu,kappa]: [(105.13023,311.79349),6.28448]
	4045.97015	   0.03059	[mu,kappa]: [(105.16942,311.24673),6.67594]
	4212.18171	   0.03185	[mu,kappa]: [(105.22348,307.45542),11.23557]
	4022.63289	   0.03042	[mu,kappa]: [(105.21469,312.69474),5.77214]
	4140.08228	   0.03131	[mu,kappa]: [(105.18722,307.08018),12.07878]
	4110.49674	   0.03108	[mu,kappa]: [(105.34718,309.08299),8.64197]
	4224.41755	   0.03194	[mu,kappa]: [(105.30206,307.41350),11.37154]
	4097.65105	   0.03098	[mu,kappa]: [(105.35111,309.96508),7.63517]
			msglen: 2788154.72622 bits.
Iteration #: 3
	5094.98021	   0.03853	[mu,kappa]: [(104.11804,305.07325),22.40042]
	3969.90542	   0.03002	[mu,kappa]: [(105.71862,307.47714),11.21858]
	4938.10102	   0.03734	[mu,kappa]: [(100.38114,350.78443),2.20512]
	4578.63935	   0.03462	[mu,kappa]: [(104.57137,305.60153),17.94780]
	3964.12020	   0.02998	[mu,kappa]: [(105.26341,307.27960),11.78302]
	3794.62794	   0.02869	[mu,kappa]: [(106.25494,315.78377),4.90166]
	3750.64300	   0.02836	[mu,kappa]: [(106.20815,318.81648),4.19755]
	3664.68436	   0.02771	[mu,kappa]: [(105.68458,309.30888),8.58008]
	3982.22026	   0.03011	[mu,kappa]: [(105.17237,307.10548),12.20137]
	3902.58368	   0.02951	[mu,kappa]: [(105.28825,307.58927),11.11623]
	3723.45399	   0.02816	[mu,kappa]: [(105.85123,310.04391),7.84516]
	4931.24181	   0.03729	[mu,kappa]: [(104.41403,305.29578),20.09418]
	3887.70871	   0.02940	[mu,kappa]: [(105.96028,320.43014),3.91710]
	4325.78110	   0.03271	[mu,kappa]: [(104.89660,306.00809),15.66410]
	4142.42956	   0.03132	[mu,kappa]: [(105.00122,306.52097),13.81002]
	3649.04700	   0.02759	[mu,kappa]: [(105.69522,311.36789),6.83879]
	3743.25020	   0.02831	[mu,kappa]: [(105.84570,309.82544),8.03514]
	3522.13602	   0.02663	[mu,kappa]: [(106.17070,314.78039),5.22533]
	5015.85945	   0.03793	[mu,kappa]: [(99.33989,353.83867),2.16152]
	3660.18817	   0.02768	[mu,kappa]: [(106.17882,311.14907),6.95751]
	4530.87539	   0.03426	[mu,kappa]: [(104.49577,305.50399),18.56724]
	3902.30434	   0.02951	[mu,kappa]: [(106.00893,320.06137),3.97565]
	4169.58526	   0.03153	[mu,kappa]: [(104.80908,306.42300),14.27770]
	4033.24327	   0.03050	[mu,kappa]: [(105.21895,306.59810),13.50956]
	3634.82742	   0.02749	[mu,kappa]: [(105.78261,310.50332),7.46301]
	3708.01298	   0.02804	[mu,kappa]: [(105.63678,309.26565),8.65599]
	4751.85356	   0.03593	[mu,kappa]: [(104.56063,305.36977),19.28200]
	3606.87904	   0.02727	[mu,kappa]: [(106.06439,312.98941),5.93433]
	4823.28950	   0.03647	[mu,kappa]: [(104.46466,305.17581),20.75732]
	4133.04495	   0.03125	[mu,kappa]: [(105.07677,306.44687),14.05575]
	4789.66902	   0.03622	[mu,kappa]: [(104.60517,305.33717),19.50389]
	3922.81382	   0.02966	[mu,kappa]: [(105.38947,307.38562),11.49942]
			msglen: 2749842.42813 bits.
Iteration #: 4
	6057.25409	   0.04580	[mu,kappa]: [(103.42314,304.61620),30.49353]
	3907.04606	   0.02954	[mu,kappa]: [(105.35427,305.98176),14.83823]
	5407.08729	   0.04088	[mu,kappa]: [(94.77316,19.43083),2.61682]
	5119.62818	   0.03871	[mu,kappa]: [(103.84118,304.90184),24.24285]
	3953.94859	   0.02990	[mu,kappa]: [(104.81384,305.88313),15.66500]
	3072.43468	   0.02323	[mu,kappa]: [(108.94079,314.53479),5.48459]
	3003.81837	   0.02271	[mu,kappa]: [(109.57541,319.62792),4.31684]
	3356.83612	   0.02538	[mu,kappa]: [(105.93792,307.26746),11.22398]
	4009.78323	   0.03032	[mu,kappa]: [(104.67497,305.77942),16.24726]
	3832.24435	   0.02898	[mu,kappa]: [(104.93057,306.08415),14.75643]
	3331.47363	   0.02519	[mu,kappa]: [(106.40186,307.84442),10.16204]
	5686.83611	   0.04300	[mu,kappa]: [(103.68690,304.72488),27.24574]
	3116.93029	   0.02357	[mu,kappa]: [(109.51669,322.71903),3.87855]
	4659.69217	   0.03523	[mu,kappa]: [(104.19487,305.12022),21.03200]
	4313.23822	   0.03261	[mu,kappa]: [(104.37620,305.42862),18.46927]
	3151.36851	   0.02383	[mu,kappa]: [(106.76357,309.02834),8.66924]
	3370.43287	   0.02549	[mu,kappa]: [(106.31474,307.67023),10.43763]
	2877.12555	   0.02176	[mu,kappa]: [(108.53464,313.04512),6.02880]
	5703.28036	   0.04312	[mu,kappa]: [(93.07285,22.82963),2.71814]
	3178.03416	   0.02403	[mu,kappa]: [(107.20416,308.82612),8.82787]
	5113.95355	   0.03867	[mu,kappa]: [(103.76645,304.84980),25.11491]
	3126.55808	   0.02364	[mu,kappa]: [(109.53269,321.99853),3.96854]
	4381.78346	   0.03313	[mu,kappa]: [(104.15995,305.38542),19.13954]
	4173.13627	   0.03156	[mu,kappa]: [(104.61000,305.45464),18.02238]
	3209.82738	   0.02427	[mu,kappa]: [(106.50964,308.23415),9.60715]
	3404.02593	   0.02574	[mu,kappa]: [(105.86109,307.23003),11.33269]
	5416.97366	   0.04096	[mu,kappa]: [(103.82664,304.75559),26.09414]
	3016.99472	   0.02281	[mu,kappa]: [(107.79369,310.75692),7.21502]
	5610.45575	   0.04242	[mu,kappa]: [(103.73872,304.64085),28.15642]
	4322.92153	   0.03269	[mu,kappa]: [(104.43501,305.37288),18.79144]
	5475.83162	   0.04140	[mu,kappa]: [(103.86697,304.72757),26.39204]
	3887.04525	   0.02939	[mu,kappa]: [(104.97858,305.94378),15.26313]
			msglen: 2734590.55363 bits.
Iteration #: 5
	6476.60079	   0.04897	[mu,kappa]: [(102.81635,304.66756),35.47969]
	3865.13279	   0.02923	[mu,kappa]: [(104.99488,305.61168),15.71593]
	5389.57986	   0.04075	[mu,kappa]: [(92.22356,27.21791),3.19649]
	5306.27462	   0.04012	[mu,kappa]: [(103.16931,304.88961),27.37673]
	3928.78686	   0.02971	[mu,kappa]: [(104.28185,305.58520),16.72007]
	2868.95853	   0.02169	[mu,kappa]: [(112.34700,313.02882),5.93813]
	2745.38171	   0.02076	[mu,kappa]: [(114.06798,318.14674),4.68118]
	3268.82889	   0.02472	[mu,kappa]: [(106.08775,306.63736),11.72820]
	3995.57412	   0.03021	[mu,kappa]: [(104.09650,305.51622),17.41295]
	3792.21920	   0.02868	[mu,kappa]: [(104.45932,305.73883),15.66646]
	3228.50696	   0.02441	[mu,kappa]: [(106.90699,307.09740),10.60944]
	5981.89485	   0.04523	[mu,kappa]: [(103.04953,304.74494),31.25260]
	2818.91609	   0.02132	[mu,kappa]: [(114.34384,321.48119),4.17409]
	4750.80684	   0.03592	[mu,kappa]: [(103.52636,305.03264),23.27258]
	4343.94720	   0.03285	[mu,kappa]: [(103.71901,305.26602),20.09577]
	3027.99505	   0.02290	[mu,kappa]: [(107.79630,308.08626),9.10281]
	3270.61227	   0.02473	[mu,kappa]: [(106.73272,306.95589),10.89479]
	2705.88795	   0.02046	[mu,kappa]: [(111.44343,311.62406),6.48910]
	5818.88843	   0.04400	[mu,kappa]: [(90.27383,30.32509),3.43944]
	3060.83255	   0.02315	[mu,kappa]: [(108.35121,307.90649),9.24831]
	5323.98658	   0.04026	[mu,kappa]: [(103.10127,304.85304),28.50221]
	2833.74831	   0.02143	[mu,kappa]: [(114.29382,320.69032),4.27956]
	4429.65509	   0.03349	[mu,kappa]: [(103.46273,305.25825),20.93859]
	4191.43639	   0.03169	[mu,kappa]: [(104.00066,305.25646),19.52665]
	3101.46273	   0.02345	[mu,kappa]: [(107.18167,307.42148),10.04451]
	3316.27690	   0.02508	[mu,kappa]: [(105.96783,306.60865),11.84635]
	5663.59301	   0.04282	[mu,kappa]: [(103.18615,304.75837),29.75137]
	2871.83094	   0.02172	[mu,kappa]: [(109.78559,309.56598),7.66178]
	5924.91055	   0.04480	[mu,kappa]: [(103.12353,304.65973),32.42039]
	4359.09131	   0.03296	[mu,kappa]: [(103.78954,305.21070),20.47880]
	5731.93673	   0.04334	[mu,kappa]: [(103.23494,304.72548),30.12844]
	3854.44589	   0.02915	[mu,kappa]: [(104.50137,305.61797),16.23945]
			msglen: 2731449.23038 bits.
Iteration #: 6
	6671.94062	   0.05045	[mu,kappa]: [(102.35071,304.81635),39.34291]
	3823.25707	   0.02891	[mu,kappa]: [(104.58360,305.55582),15.52057]
	5153.85084	   0.03897	[mu,kappa]: [(89.49478,30.23811),3.59807]
	5345.80383	   0.04042	[mu,kappa]: [(102.58826,305.05348),29.24197]
	3890.83687	   0.02942	[mu,kappa]: [(103.64549,305.60556),16.63776]
	2908.95593	   0.02200	[mu,kappa]: [(115.87959,312.34678),6.24513]
	2757.59663	   0.02085	[mu,kappa]: [(118.38484,316.98614),5.09913]
	3249.45014	   0.02457	[mu,kappa]: [(106.12919,306.47005),11.42357]
	3958.77457	   0.02993	[mu,kappa]: [(103.42163,305.56148),17.40813]
	3755.79038	   0.02840	[mu,kappa]: [(103.85497,305.73455),15.49310]
	3218.90290	   0.02434	[mu,kappa]: [(107.36880,306.87360),10.34495]
	6086.57396	   0.04602	[mu,kappa]: [(102.54010,304.89812),34.06159]
	2800.52861	   0.02118	[mu,kappa]: [(118.77155,320.01554),4.57792]
	4740.32933	   0.03584	[mu,kappa]: [(102.89920,305.16325),24.21915]
	4314.29277	   0.03262	[mu,kappa]: [(103.02848,305.36919),20.46296]
	3032.49330	   0.02293	[mu,kappa]: [(108.80218,307.78917),8.95329]
	3258.23714	   0.02464	[mu,kappa]: [(107.09828,306.74528),10.61587]
	2741.75875	   0.02073	[mu,kappa]: [(114.51132,311.05752),6.71060]
	5675.27885	   0.04291	[mu,kappa]: [(87.49229,33.48498),4.02197]
	3069.65167	   0.02321	[mu,kappa]: [(109.60344,307.60973),9.09529]
	5379.31968	   0.04067	[mu,kappa]: [(102.53744,305.02005),30.63753]
	2822.60623	   0.02134	[mu,kappa]: [(118.70353,319.29347),4.68878]
	4407.76579	   0.03333	[mu,kappa]: [(102.73335,305.39551),21.45724]
	4156.60211	   0.03143	[mu,kappa]: [(103.36969,305.32205),19.79197]
	3097.07770	   0.02342	[mu,kappa]: [(107.81059,307.17454),9.81584]
	3295.78123	   0.02492	[mu,kappa]: [(105.95293,306.44801),11.54064]
	5737.08415	   0.04338	[mu,kappa]: [(102.66835,304.90504),32.18570]
	2897.58542	   0.02191	[mu,kappa]: [(111.91997,309.15587),7.70126]
	6044.45064	   0.04570	[mu,kappa]: [(102.65064,304.79428),35.51580]
	4329.47742	   0.03274	[mu,kappa]: [(103.13185,305.30444),20.90221]
	5810.33268	   0.04393	[mu,kappa]: [(102.73334,304.86168),32.65259]
	3815.61279	   0.02885	[mu,kappa]: [(103.92667,305.61298),16.10507]
			msglen: 2729711.55028 bits.
Iteration #: 7
	6808.31068	   0.05148	[mu,kappa]: [(102.05334,304.92228),42.92774]
	3789.54086	   0.02866	[mu,kappa]: [(104.02433,305.57118),15.08808]
	4889.34017	   0.03697	[mu,kappa]: [(86.77610,32.08581),3.93476]
	5346.75306	   0.04043	[mu,kappa]: [(102.12959,305.22798),30.67963]
	3860.78568	   0.02919	[mu,kappa]: [(102.83298,305.72037),16.24966]
	2995.17133	   0.02265	[mu,kappa]: [(119.30494,312.05199),6.65271]
	2831.30818	   0.02141	[mu,kappa]: [(122.32578,316.33426),5.62357]
	3245.67434	   0.02454	[mu,kappa]: [(105.85823,306.42516),11.04052]
	3927.48695	   0.02970	[mu,kappa]: [(102.59331,305.69986),17.06528]
	3731.37319	   0.02822	[mu,kappa]: [(103.02161,305.83490),15.06024]
	3224.55195	   0.02438	[mu,kappa]: [(107.55735,306.78004),10.04456]
	6140.41005	   0.04643	[mu,kappa]: [(102.18958,305.03027),36.52464]
	2847.84272	   0.02154	[mu,kappa]: [(122.59982,319.05122),5.06680]
	4707.02136	   0.03559	[mu,kappa]: [(102.33009,305.33292),24.70690]
	4277.52347	   0.03234	[mu,kappa]: [(102.29167,305.54433),20.40284]
	3052.88384	   0.02309	[mu,kappa]: [(109.52702,307.66092),8.79254]
	3261.16117	   0.02466	[mu,kappa]: [(107.18785,306.65997),10.29285]
	2812.46923	   0.02127	[mu,kappa]: [(117.49698,310.81885),7.01343]
	5500.43903	   0.04159	[mu,kappa]: [(85.17474,35.64868),4.60848]
	3095.16854	   0.02341	[mu,kappa]: [(110.71255,307.46543),8.96219]
	5393.51360	   0.04078	[mu,kappa]: [(102.10760,305.18893),32.36466]
	2877.07648	   0.02176	[mu,kappa]: [(122.56490,318.40481),5.18740]
	4375.92784	   0.03309	[mu,kappa]: [(101.96956,305.60943),21.52170]
	4116.06853	   0.03112	[mu,kappa]: [(102.69524,305.45079),19.65703]
	3107.83078	   0.02350	[mu,kappa]: [(108.15483,307.07116),9.56135]
	3291.36226	   0.02489	[mu,kappa]: [(105.61512,306.41203),11.15019]
	5764.53420	   0.04359	[mu,kappa]: [(102.30447,305.03738),34.25038]
	2946.39201	   0.02228	[mu,kappa]: [(113.94482,308.97508),7.78595]
	6112.74062	   0.04622	[mu,kappa]: [(102.34848,304.89495),38.30148]
	4290.18479	   0.03244	[mu,kappa]: [(102.45309,305.46048),20.89649]
	5841.68230	   0.04417	[mu,kappa]: [(102.39229,304.97861),34.82149]
	3785.47079	   0.02862	[mu,kappa]: [(103.17159,305.69779),15.69170]
			msglen: 2728233.82255 bits.
Iteration #: 8
	6923.50422	   0.05235	[mu,kappa]: [(101.92625,304.94866),46.39452]
	3768.26598	   0.02849	[mu,kappa]: [(103.27129,305.62666),14.62318]
	4672.67813	   0.03533	[mu,kappa]: [(84.45342,33.26966),4.19613]
	5333.63997	   0.04033	[mu,kappa]: [(101.81410,305.37033),31.87903]
	3848.30996	   0.02910	[mu,kappa]: [(101.79935,305.91343),15.75784]
	3077.38612	   0.02327	[mu,kappa]: [(122.64546,311.82404),7.32223]
	2908.03946	   0.02199	[mu,kappa]: [(126.06425,315.93336),6.36607]
	3244.43795	   0.02453	[mu,kappa]: [(105.13711,306.43729),10.73104]
	3913.13109	   0.02959	[mu,kappa]: [(101.57559,305.91543),16.58656]
	3726.15421	   0.02818	[mu,kappa]: [(101.89402,306.02630),14.56604]
	3223.10214	   0.02437	[mu,kappa]: [(107.32945,306.71032),9.84324]
	6175.48463	   0.04669	[mu,kappa]: [(102.01118,305.09839),38.82695]
	2893.62574	   0.02188	[mu,kappa]: [(126.09373,318.44938),5.68866]
	4669.87542	   0.03531	[mu,kappa]: [(101.83984,305.50400),24.92882]
	4249.00063	   0.03213	[mu,kappa]: [(101.50586,305.76608),20.11231]
	3056.77202	   0.02311	[mu,kappa]: [(109.82402,307.53700),8.73234]
	3259.01318	   0.02464	[mu,kappa]: [(106.86058,306.60362),10.06536]
	2872.61510	   0.02172	[mu,kappa]: [(120.38743,310.60142),7.54792]
	5371.52727	   0.04062	[mu,kappa]: [(83.84319,37.28312),5.21310]
	3104.22096	   0.02347	[mu,kappa]: [(111.56304,307.29829),8.97783]
	5392.14962	   0.04077	[mu,kappa]: [(101.83054,305.31657),33.87188]
	2930.87657	   0.02216	[mu,kappa]: [(126.12444,317.85277),5.83714]
	4350.74894	   0.03290	[mu,kappa]: [(101.17003,305.87570),21.32376]
	4083.64899	   0.03088	[mu,kappa]: [(101.97625,305.61363),19.32421]
	3108.22834	   0.02350	[mu,kappa]: [(108.06465,306.98635),9.40610]
	3291.00376	   0.02489	[mu,kappa]: [(104.81614,306.44023),10.82856]
	5775.42731	   0.04367	[mu,kappa]: [(102.11273,305.11102),36.13808]
	2976.09971	   0.02250	[mu,kappa]: [(115.78580,308.77201),8.04303]
	6163.87019	   0.04661	[mu,kappa]: [(102.22832,304.91950),40.96424]
	4256.66282	   0.03219	[mu,kappa]: [(101.75785,305.64898),20.65952]
	5856.75476	   0.04428	[mu,kappa]: [(102.22980,305.03139),36.83010]
	3771.74482	   0.02852	[mu,kappa]: [(102.18706,305.85294),15.20131]
			msglen: 2726782.58443 bits.
Iteration #: 9
	7029.60672	   0.05315	[mu,kappa]: [(101.95348,304.88699),49.78242]
	3757.69249	   0.02841	[mu,kappa]: [(102.31095,305.73905),14.19622]
	4525.82473	   0.03422	[mu,kappa]: [(82.47844,33.84746),4.32182]
	5311.40701	   0.04016	[mu,kappa]: [(101.64760,305.46355),32.93634]
	3856.04748	   0.02916	[mu,kappa]: [(100.51265,306.22043),15.24498]
	3155.72616	   0.02386	[mu,kappa]: [(125.97435,311.47186),8.50090]
	2984.63198	   0.02257	[mu,kappa]: [(129.74757,315.57711),7.55762]
	3240.98060	   0.02451	[mu,kappa]: [(103.90433,306.51489),10.51567]
	3918.75178	   0.02963	[mu,kappa]: [(100.33951,306.24127),16.06117]
	3743.24161	   0.02831	[mu,kappa]: [(100.42803,306.35415),14.08305]
	3204.80719	   0.02423	[mu,kappa]: [(106.64316,306.63294),9.75641]
	6201.28420	   0.04689	[mu,kappa]: [(102.00037,305.08655),41.04546]
	2922.00046	   0.02210	[mu,kappa]: [(129.51959,318.01964),6.58307]
	4631.10598	   0.03502	[mu,kappa]: [(101.44127,305.66580),24.98734]
	4230.86851	   0.03199	[mu,kappa]: [(100.66409,306.04508),19.69121]
	3030.91114	   0.02292	[mu,kappa]: [(109.67459,307.34330),8.78937]
	3242.87048	   0.02452	[mu,kappa]: [(106.07124,306.55304),9.94968]
	2916.82512	   0.02206	[mu,kappa]: [(123.27229,310.22481),8.50859]
	5302.38684	   0.04009	[mu,kappa]: [(83.58527,38.51400),5.82679]
	3082.66204	   0.02331	[mu,kappa]: [(112.18034,307.01081),9.18635]
	5381.01811	   0.04069	[mu,kappa]: [(101.70878,305.38591),35.25073]
	2970.70961	   0.02246	[mu,kappa]: [(129.62311,317.44104),6.79767]
	4334.99482	   0.03278	[mu,kappa]: [(100.32362,306.20540),20.96594]
	4060.54141	   0.03070	[mu,kappa]: [(101.21388,305.81696),18.89136]
	3087.60623	   0.02335	[mu,kappa]: [(107.50051,306.87595),9.36353]
	3290.82332	   0.02488	[mu,kappa]: [(103.49081,306.54719),10.59738]
	5778.24800	   0.04369	[mu,kappa]: [(102.09478,305.10772),37.93869]
	2973.35642	   0.02248	[mu,kappa]: [(117.52226,308.39879),8.56856]
	6209.53745	   0.04695	[mu,kappa]: [(102.28357,304.85292),43.57702]
	4230.49422	   0.03199	[mu,kappa]: [(101.04809,305.87343),20.29125]
	5865.14415	   0.04435	[mu,kappa]: [(102.24721,305.00142),38.76870]
	3775.89373	   0.02855	[mu,kappa]: [(100.94349,306.11113),14.71052]
			msglen: 2724986.81786 bits.
Iteration #: 10
	7138.58083	   0.05398	[mu,kappa]: [(102.10647,304.74143),53.09774]
	3747.59695	   0.02834	[mu,kappa]: [(101.16214,305.91152),13.88445]
	4441.78045	   0.03359	[mu,kappa]: [(80.62162,33.89343),4.28163]
	5283.37058	   0.03995	[mu,kappa]: [(101.62243,305.49569),33.96086]
	3878.92066	   0.02933	[mu,kappa]: [(98.96605,306.67200),14.81678]
	3258.49890	   0.02464	[mu,kappa]: [(129.09852,310.90714),10.61141]
	3087.39665	   0.02335	[mu,kappa]: [(133.18318,315.17632),9.56812]
	3227.14115	   0.02440	[mu,kappa]: [(102.17785,306.66635),10.42533]
	3939.72774	   0.02979	[mu,kappa]: [(98.87505,306.70578),15.60637]
	3778.86897	   0.02857	[mu,kappa]: [(98.61648,306.86134),13.70408]
	3157.74864	   0.02388	[mu,kappa]: [(105.54046,306.51591),9.81241]
	6227.16749	   0.04709	[mu,kappa]: [(102.13769,304.98936),43.24080]
	2940.25624	   0.02223	[mu,kappa]: [(132.90287,317.68699),7.98282]
	4588.15125	   0.03469	[mu,kappa]: [(101.14020,305.80437),25.01705]
	4218.04350	   0.03189	[mu,kappa]: [(99.76139,306.38582),19.27631]
	2962.23904	   0.02240	[mu,kappa]: [(109.14695,307.01604),9.00053]
	3201.20540	   0.02421	[mu,kappa]: [(104.85712,306.48338),9.97380]
	2959.56048	   0.02238	[mu,kappa]: [(126.07329,309.59213),10.24173]
	5287.12404	   0.03998	[mu,kappa]: [(84.36216,39.47491),6.51815]
	3018.34510	   0.02282	[mu,kappa]: [(112.65639,306.51273),9.66949]
	5364.87247	   0.04057	[mu,kappa]: [(101.73060,305.38686),36.59781]
	3008.09239	   0.02275	[mu,kappa]: [(133.03511,317.08908),8.33207]
	4325.11797	   0.03270	[mu,kappa]: [(99.41749,306.60599),20.59579]
	4040.23596	   0.03055	[mu,kappa]: [(100.41423,306.05837),18.48489]
	3033.99797	   0.02294	[mu,kappa]: [(106.50980,306.69949),9.46230]
	3283.50028	   0.02483	[mu,kappa]: [(101.65345,306.74879),10.48919]
	5781.19831	   0.04371	[mu,kappa]: [(102.23700,305.01797),39.73464]
	2933.49216	   0.02218	[mu,kappa]: [(119.23373,307.74641),9.53954]
	6261.70039	   0.04735	[mu,kappa]: [(102.49261,304.69177),46.18725]
	4206.14617	   0.03180	[mu,kappa]: [(100.32651,306.13014),19.92527]
	5876.43919	   0.04443	[mu,kappa]: [(102.43024,304.87944),40.71635]
	3791.48268	   0.02867	[mu,kappa]: [(99.44052,306.49795),14.31312]
			msglen: 2722472.17899 bits.
Iteration #: 11
	7261.81429	   0.05491	[mu,kappa]: [(102.35118,304.52630),56.28663]
	3720.57148	   0.02813	[mu,kappa]: [(99.90646,306.10734),13.79049]
	4395.59914	   0.03324	[mu,kappa]: [(78.67619,33.60557),4.09552]
	5254.16332	   0.03973	[mu,kappa]: [(101.72087,305.46059),35.05020]
	3903.37195	   0.02952	[mu,kappa]: [(97.22846,307.26425),14.61708]
	3427.77211	   0.02592	[mu,kappa]: [(131.43386,310.16782),14.03425]
	3249.80331	   0.02457	[mu,kappa]: [(135.80101,314.81622),12.55072]
	3190.06506	   0.02412	[mu,kappa]: [(100.10876,306.86583),10.52878]
	3963.27580	   0.02997	[mu,kappa]: [(97.23864,307.30564),15.37961]
	3820.59205	   0.02889	[mu,kappa]: [(96.55140,307.55403),13.56307]
	3068.87039	   0.02321	[mu,kappa]: [(104.16502,306.30002),10.07627]
	6263.65469	   0.04736	[mu,kappa]: [(102.39432,304.81170),45.42632]
	2971.25756	   0.02247	[mu,kappa]: [(135.91675,317.63416),9.98904]
	4537.07967	   0.03431	[mu,kappa]: [(100.94144,305.89918),25.17303]
	4199.77799	   0.03176	[mu,kappa]: [(98.81934,306.77212),19.04199]
	2840.31879	   0.02148	[mu,kappa]: [(108.37860,306.47946),9.44100]
	3120.56630	   0.02360	[mu,kappa]: [(103.36248,306.34025),10.20206]
	3031.25668	   0.02292	[mu,kappa]: [(128.34569,308.72448),13.15841]
	5317.70873	   0.04021	[mu,kappa]: [(86.08220,40.24484),7.44439]
	2905.88586	   0.02197	[mu,kappa]: [(113.06706,305.72226),10.56794]
	5349.88952	   0.04045	[mu,kappa]: [(101.87386,305.31703),37.98719]
	3068.36186	   0.02320	[mu,kappa]: [(135.96562,316.95287),10.55333]
	4312.87220	   0.03261	[mu,kappa]: [(98.46151,307.06889),20.40682]
	4010.48533	   0.03033	[mu,kappa]: [(99.60883,306.31150),18.26029]
	2935.41665	   0.02220	[mu,kappa]: [(105.23761,306.39383),9.76832]
	3256.48625	   0.02462	[mu,kappa]: [(99.45771,307.02658),10.57536]
	5794.15134	   0.04381	[mu,kappa]: [(102.51483,304.84154),41.56955]
	2864.86747	   0.02166	[mu,kappa]: [(120.82331,306.77017),11.22774]
	6333.20916	   0.04789	[mu,kappa]: [(102.82506,304.44325),48.78522]
	4173.17198	   0.03156	[mu,kappa]: [(99.61457,306.39623),19.72667]
	5901.98675	   0.04463	[mu,kappa]: [(102.75355,304.66588),42.70868]
	3803.69632	   0.02876	[mu,kappa]: [(97.75483,307.00207),14.13701]
			msglen: 2719338.93492 bits.
Iteration #: 12
	7400.33485	   0.05596	[mu,kappa]: [(102.65659,304.26362),59.21123]
	3664.55234	   0.02771	[mu,kappa]: [(98.69264,306.27156),13.95480]
	4367.03535	   0.03302	[mu,kappa]: [(76.42566,33.18500),3.81683]
	5226.85852	   0.03952	[mu,kappa]: [(101.92044,305.36349),36.22169]
	3915.51932	   0.02961	[mu,kappa]: [(95.45464,307.96991),14.73559]
	3669.85143	   0.02775	[mu,kappa]: [(132.52316,309.31252),18.54461]
	3447.20680	   0.02607	[mu,kappa]: [(137.29615,314.64125),15.79835]
	3125.91428	   0.02364	[mu,kappa]: [(97.98534,307.07428),10.85007]
	3975.89822	   0.03006	[mu,kappa]: [(95.56459,308.01641),15.48528]
	3855.42624	   0.02915	[mu,kappa]: [(94.43153,308.41117),13.74452]
	2942.57733	   0.02225	[mu,kappa]: [(102.76310,305.93382),10.57685]
	6315.43444	   0.04775	[mu,kappa]: [(102.74090,304.56905),47.52356]
	3026.86712	   0.02289	[mu,kappa]: [(138.27698,318.30495),12.06437]
	4475.04486	   0.03384	[mu,kappa]: [(100.85047,305.93538),25.54401]
	4165.44196	   0.03150	[mu,kappa]: [(97.89404,307.17993),19.10665]
	2678.72344	   0.02026	[mu,kappa]: [(107.56828,305.69135),10.16491]
	3003.46257	   0.02271	[mu,kappa]: [(101.84040,306.07225),10.66018]
	3160.58560	   0.02390	[mu,kappa]: [(129.57293,307.70494),17.35987]
	5387.24982	   0.04073	[mu,kappa]: [(88.35919,40.70489),8.77114]
	2768.78768	   0.02094	[mu,kappa]: [(113.44685,304.63598),12.02894]
	5339.63160	   0.04037	[mu,kappa]: [(102.11257,305.18562),39.40859]
	3154.38383	   0.02385	[mu,kappa]: [(138.10862,317.38841),12.87213]
	4289.79925	   0.03244	[mu,kappa]: [(97.49689,307.58099),20.54908]
	3960.39384	   0.02995	[mu,kappa]: [(98.86027,306.54124),18.30772]
	2798.99360	   0.02117	[mu,kappa]: [(103.92697,305.90994),10.31569]
	3205.00036	   0.02424	[mu,kappa]: [(97.20026,307.34637),10.88213]
	5823.06318	   0.04403	[mu,kappa]: [(102.90116,304.58944),43.39423]
	2804.43733	   0.02121	[mu,kappa]: [(122.01766,305.54219),13.92641]
	6430.06372	   0.04862	[mu,kappa]: [(103.25155,304.12414),51.26651]
	4122.01738	   0.03117	[mu,kappa]: [(98.95771,306.64364),19.79836]
	5948.88883	   0.04498	[mu,kappa]: [(103.18970,304.37227),44.68655]
	3798.55490	   0.02872	[mu,kappa]: [(96.04882,307.58851),14.25294]
			msglen: 2716194.95818 bits.
Iteration #: 13
	7537.52083	   0.05699	[mu,kappa]: [(102.98939,303.98097),61.70784]
	3584.09880	   0.02710	[mu,kappa]: [(97.64763,306.37637),14.29017]
	4347.85225	   0.03288	[mu,kappa]: [(73.77283,32.82655),3.53815]
	5198.67401	   0.03931	[mu,kappa]: [(102.18455,305.22604),37.39230]
	3914.97677	   0.02960	[mu,kappa]: [(93.77418,308.78266),15.15229]
	3944.22313	   0.02982	[mu,kappa]: [(132.54168,308.34805),23.58736]
	3595.22631	   0.02719	[mu,kappa]: [(137.98619,314.67207),18.39116]
	3047.17776	   0.02304	[mu,kappa]: [(96.07563,307.27997),11.30896]
	3976.96739	   0.03007	[mu,kappa]: [(93.96506,308.83505),15.91867]
	3884.48754	   0.02937	[mu,kappa]: [(92.42150,309.43150),14.23499]
	2804.62864	   0.02121	[mu,kappa]: [(101.58293,305.41618),11.24225]
	6374.27803	   0.04820	[mu,kappa]: [(103.14253,304.28694),49.38877]
	3090.94553	   0.02337	[mu,kappa]: [(140.21971,320.13940),13.38163]
	4401.69869	   0.03328	[mu,kappa]: [(100.85066,305.92161),26.08892]
	4113.65639	   0.03111	[mu,kappa]: [(97.02321,307.60925),19.46549]
	2515.49155	   0.01902	[mu,kappa]: [(106.93059,304.68671),11.15088]
	2873.02803	   0.02173	[mu,kappa]: [(100.54216,305.67303),11.27087]
	3359.36497	   0.02540	[mu,kappa]: [(129.74257,306.58561),22.61775]
	5466.44061	   0.04133	[mu,kappa]: [(90.47637,40.72343),10.58325]
	2658.15993	   0.02010	[mu,kappa]: [(113.85378,303.37249),14.14750]
	5330.00092	   0.04030	[mu,kappa]: [(102.40932,305.01633),40.76192]
	3230.74755	   0.02443	[mu,kappa]: [(139.71942,318.68826),14.40811]
	4255.84618	   0.03218	[mu,kappa]: [(96.54754,308.15336),21.06952]
	3889.15632	   0.02941	[mu,kappa]: [(98.21111,306.73718),18.57993]
	2653.63742	   0.02007	[mu,kappa]: [(102.82935,305.25476),11.04428]
	3139.96734	   0.02374	[mu,kappa]: [(95.15252,307.69901),11.33244]
	5863.16276	   0.04433	[mu,kappa]: [(103.36137,304.28492),45.07658]
	2812.77278	   0.02127	[mu,kappa]: [(122.66184,304.21144),17.90819]
	6543.57192	   0.04948	[mu,kappa]: [(103.73949,303.75961),53.46898]
	4051.53499	   0.03064	[mu,kappa]: [(98.38115,306.86903),20.10988]
	6012.64860	   0.04546	[mu,kappa]: [(103.70485,304.02179),46.51042]
	3776.05607	   0.02855	[mu,kappa]: [(94.45936,308.24369),14.61601]
			msglen: 2713286.56342 bits.
Iteration #: 14
	7651.64619	   0.05786	[mu,kappa]: [(103.30358,303.70738),63.75151]
	3488.74944	   0.02638	[mu,kappa]: [(96.79549,306.39969),14.68717]
	4327.99646	   0.03273	[mu,kappa]: [(70.97502,32.92551),3.35429]
	5162.80061	   0.03904	[mu,kappa]: [(102.44908,305.08081),38.51128]
	3910.27374	   0.02957	[mu,kappa]: [(92.22460,309.70400),15.86338]
	4231.24372	   0.03199	[mu,kappa]: [(131.99063,307.37419),28.91976]
	3646.87667	   0.02758	[mu,kappa]: [(138.26754,314.79912),20.31633]
	2964.39354	   0.02242	[mu,kappa]: [(94.47985,307.45493),11.81101]
	3975.58368	   0.03006	[mu,kappa]: [(92.47104,309.76849),16.69651]
	3918.23477	   0.02963	[mu,kappa]: [(90.57273,310.61789),15.05388]
	2674.62071	   0.02023	[mu,kappa]: [(100.71223,304.74898),11.96000]
	6424.92991	   0.04858	[mu,kappa]: [(103.54587,303.99619),50.96759]
	3153.01849	   0.02384	[mu,kappa]: [(142.08624,323.37480),13.90890]
	4317.25761	   0.03264	[mu,kappa]: [(100.88202,305.88446),26.74556]
	4050.55139	   0.03063	[mu,kappa]: [(96.19130,308.07619),20.11036]
	2377.57829	   0.01798	[mu,kappa]: [(106.54677,303.53559),12.31248]
	2747.25253	   0.02077	[mu,kappa]: [(99.55730,305.13405),11.92227]
	3634.54599	   0.02748	[mu,kappa]: [(129.29548,305.50328),28.65626]
	5499.99360	   0.04159	[mu,kappa]: [(91.85766,40.39986),12.84737]
	2609.68528	   0.01973	[mu,kappa]: [(114.32392,302.11472),16.90004]
	5312.32418	   0.04017	[mu,kappa]: [(102.70256,304.84183),41.99774]
	3271.92524	   0.02474	[mu,kappa]: [(141.16468,320.92256),15.10909]
	4220.20573	   0.03191	[mu,kappa]: [(95.59299,308.81373),22.04779]
	3801.88740	   0.02875	[mu,kappa]: [(97.64263,306.90421),19.00226]
	2520.61382	   0.01906	[mu,kappa]: [(102.03746,304.44365),11.84720]
	3070.83780	   0.02322	[mu,kappa]: [(93.41499,308.05845),11.83904]
	5901.89054	   0.04463	[mu,kappa]: [(103.83899,303.95888),46.54864]
	2935.56995	   0.02220	[mu,kappa]: [(122.87145,302.96546),23.25104]
	6656.03222	   0.05033	[mu,kappa]: [(104.23909,303.37916),55.33174]
	3966.21308	   0.02999	[mu,kappa]: [(97.85621,307.08581),20.60875]
	6079.79001	   0.04597	[mu,kappa]: [(104.24377,303.64498),48.10936]
	3743.47741	   0.02831	[mu,kappa]: [(93.02495,308.95963),15.18287]
			msglen: 2710523.56429 bits.
Iteration #: 15
	7731.84231	   0.05846	[mu,kappa]: [(103.55793,303.46635),65.48651]
	3385.43035	   0.02560	[mu,kappa]: [(96.11452,306.29073),15.06624]
	4304.40894	   0.03255	[mu,kappa]: [(68.49915,33.80982),3.29706]
	5114.47788	   0.03867	[mu,kappa]: [(102.65174,304.95879),39.62827]
	3909.38714	   0.02956	[mu,kappa]: [(90.82328,310.72244),16.93032]
	4527.80907	   0.03424	[mu,kappa]: [(131.32078,306.58536),34.09337]
	3616.65395	   0.02735	[mu,kappa]: [(138.35635,314.87258),22.15093]
	2881.06315	   0.02179	[mu,kappa]: [(93.19671,307.52522),12.28001]
	3981.59408	   0.03011	[mu,kappa]: [(91.10263,310.81196),17.91759]
	3967.52501	   0.03000	[mu,kappa]: [(88.90160,311.95948),16.30230]
	2560.85316	   0.01937	[mu,kappa]: [(100.09795,303.89672),12.62486]
	6456.21524	   0.04882	[mu,kappa]: [(103.89886,303.72409),52.34672]
	3215.20655	   0.02431	[mu,kappa]: [(143.82667,327.78319),14.18620]
	4222.62197	   0.03193	[mu,kappa]: [(100.88260,305.84950),27.50727]
	3983.82596	   0.03012	[mu,kappa]: [(95.38910,308.58919),21.10084]
	2272.59083	   0.01719	[mu,kappa]: [(106.34527,302.29909),13.49395]
	2634.11115	   0.01992	[mu,kappa]: [(98.84335,304.40531),12.51714]
	3972.29902	   0.03004	[mu,kappa]: [(128.68341,304.64253),34.74944]
	5453.62073	   0.04124	[mu,kappa]: [(92.46537,39.94264),15.47336]
	2624.90743	   0.01985	[mu,kappa]: [(114.81637,301.01083),20.04260]
	5280.69683	   0.03993	[mu,kappa]: [(102.93307,304.69235),43.18049]
	3274.25544	   0.02476	[mu,kappa]: [(142.48213,323.77319),15.52867]
	4197.14890	   0.03174	[mu,kappa]: [(94.63058,309.58219),23.69641]
	3703.89955	   0.02801	[mu,kappa]: [(97.12903,307.03555),19.53688]
	2408.17033	   0.01821	[mu,kappa]: [(101.49230,303.46001),12.61021]
	3000.12349	   0.02269	[mu,kappa]: [(91.98903,308.35582),12.33146]
	5927.83872	   0.04482	[mu,kappa]: [(104.27591,303.64028),47.86724]
	3172.23361	   0.02399	[mu,kappa]: [(122.85015,301.96112),29.36584]
	6752.70792	   0.05106	[mu,kappa]: [(104.69983,303.00886),56.94584]
	3871.43727	   0.02927	[mu,kappa]: [(97.35419,307.29956),21.28925]
	6137.11525	   0.04640	[mu,kappa]: [(104.74812,303.27069),49.54168]
	3705.92879	   0.02802	[mu,kappa]: [(91.75653,309.71115),15.94994]
			msglen: 2707989.46196 bits.
Iteration #: 16
	7781.26059	   0.05884	[mu,kappa]: [(103.73539,303.27071),67.09056]
	3280.02316	   0.02480	[mu,kappa]: [(95.61471,305.96851),15.33751]
	4287.89489	   0.03242	[mu,kappa]: [(66.72712,35.30678),3.33918]
	5055.40779	   0.03823	[mu,kappa]: [(102.76801,304.88039),40.82154]
	3915.10798	   0.02960	[mu,kappa]: [(89.61221,311.82399),18.44414]
	4804.56755	   0.03633	[mu,kappa]: [(130.77810,306.10303),38.30275]
	3561.00788	   0.02693	[mu,kappa]: [(138.38492,314.84289),24.31628]
	2798.19428	   0.02116	[mu,kappa]: [(92.22782,307.38676),12.61688]
	4001.00952	   0.03025	[mu,kappa]: [(89.91015,311.95482),19.74436]
	4040.50612	   0.03055	[mu,kappa]: [(87.43256,313.44471),18.14395]
	2470.66419	   0.01868	[mu,kappa]: [(99.66966,302.79077),13.14387]
	6466.57688	   0.04890	[mu,kappa]: [(104.17639,303.48809),53.64480]
	3276.92427	   0.02478	[mu,kappa]: [(145.16615,332.62280),14.49822]
	4121.72820	   0.03117	[mu,kappa]: [(100.83914,305.83126),28.38645]
	3918.99095	   0.02963	[mu,kappa]: [(94.66159,309.14617),22.53292]
	2201.51294	   0.01665	[mu,kappa]: [(106.21563,301.00597),14.50441]
	2541.03669	   0.01922	[mu,kappa]: [(98.34703,303.40194),12.96981]
	4314.96423	   0.03263	[mu,kappa]: [(128.13080,304.07510),39.85536]
	5341.13987	   0.04039	[mu,kappa]: [(92.59659,39.50081),18.36156]
	2685.01221	   0.02030	[mu,kappa]: [(115.25648,300.11463),23.19858]
	5236.38514	   0.03959	[mu,kappa]: [(103.07639,304.58753),44.40419]
	3244.61902	   0.02454	[mu,kappa]: [(143.51202,326.56033),16.05238]
	4203.29779	   0.03178	[mu,kappa]: [(93.71515,310.46067),26.38512]
	3599.24202	   0.02722	[mu,kappa]: [(96.69549,307.10748),20.13900]
	2322.65775	   0.01756	[mu,kappa]: [(101.10790,302.25593),13.22580]
	2926.81039	   0.02213	[mu,kappa]: [(90.87512,308.49940),12.70699]
	5937.32657	   0.04489	[mu,kappa]: [(104.64142,303.34937),49.11948]
	3472.34180	   0.02626	[mu,kappa]: [(122.70499,301.22552),35.22783]
	6828.65896	   0.05163	[mu,kappa]: [(105.09412,302.66579),58.43903]
	3771.66644	   0.02852	[mu,kappa]: [(96.90093,307.50230),22.15155]
	6179.05953	   0.04672	[mu,kappa]: [(105.18465,302.91958),50.89777]
	3662.40441	   0.02769	[mu,kappa]: [(90.69165,310.46756),16.89681]
			msglen: 2705794.70614 bits.
Iteration #: 17
	7810.97625	   0.05906	[mu,kappa]: [(103.84071,303.12302),68.67747]
	3176.06476	   0.02402	[mu,kappa]: [(95.32377,305.34293),15.41134]
	4293.47481	   0.03247	[mu,kappa]: [(65.74542,36.88422),3.43483]
	4992.11208	   0.03775	[mu,kappa]: [(102.81121,304.85317),42.14963]
	3923.00728	   0.02966	[mu,kappa]: [(88.61873,312.99806),20.55829]
	5026.48525	   0.03801	[mu,kappa]: [(130.42090,305.92489),41.05604]
	3541.50783	   0.02678	[mu,kappa]: [(138.44718,314.78317),26.85296]
	2714.11996	   0.02052	[mu,kappa]: [(91.57058,306.93332),12.71823]
	4034.99707	   0.03051	[mu,kappa]: [(88.93263,313.17834),22.46584]
	4143.78891	   0.03133	[mu,kappa]: [(86.15924,315.05388),20.86875]
	2410.87595	   0.01823	[mu,kappa]: [(99.36432,301.37249),13.47692]
	6462.04533	   0.04886	[mu,kappa]: [(104.38119,303.29539),54.93193]
	3329.56936	   0.02518	[mu,kappa]: [(145.97353,337.15337),14.72130]
	4019.28997	   0.03039	[mu,kappa]: [(100.78488,305.83461),29.40201]
	3855.70904	   0.02916	[mu,kappa]: [(94.07705,309.74117),24.55570]
	2162.54741	   0.01635	[mu,kappa]: [(106.06774,299.67419),15.22251]
	2475.09666	   0.01872	[mu,kappa]: [(98.02041,302.04742),13.24162]
	4600.55361	   0.03479	[mu,kappa]: [(127.68468,303.77045),43.38302]
	5196.09404	   0.03929	[mu,kappa]: [(92.52796,39.14801),21.33239]
	2767.18690	   0.02093	[mu,kappa]: [(115.59946,299.42989),26.09209]
	5185.99931	   0.03921	[mu,kappa]: [(103.14292,304.53443),45.73366]
	3193.39296	   0.02415	[mu,kappa]: [(144.16241,328.62222),16.72843]
	4258.08872	   0.03220	[mu,kappa]: [(92.91799,311.41850),30.75306]
	3487.37064	   0.02637	[mu,kappa]: [(96.40192,307.09144),20.74670]
	2269.49172	   0.01716	[mu,kappa]: [(100.80660,300.79304),13.64394]
	2845.91196	   0.02152	[mu,kappa]: [(90.06153,308.40135),12.84273]
	5934.16030	   0.04487	[mu,kappa]: [(104.93523,303.09701),50.35291]
	3772.99190	   0.02853	[mu,kappa]: [(122.47786,300.71336),40.15920]
	6887.61520	   0.05208	[mu,kappa]: [(105.41948,302.35833),59.88567]
	3666.63981	   0.02773	[mu,kappa]: [(96.55921,307.68187),23.19273]
	6208.11507	   0.04694	[mu,kappa]: [(105.54941,302.60375),52.22606]
	3602.71994	   0.02724	[mu,kappa]: [(89.86135,311.20955),17.98135]
			msglen: 2703806.62273 bits.
Iteration #: 18
	7833.35859	   0.05923	[mu,kappa]: [(103.88736,303.01857),70.30912]
	3072.69272	   0.02324	[mu,kappa]: [(95.24585,304.35543),15.26722]
	4328.67364	   0.03273	[mu,kappa]: [(65.36005,38.08614),3.54616]
	4930.91392	   0.03728	[mu,kappa]: [(102.81168,304.87270),43.67404]
	3924.09143	   0.02967	[mu,kappa]: [(87.82512,314.21439),23.54941]
	5185.40288	   0.03921	[mu,kappa]: [(130.21412,305.98507),42.44047]
	3588.75387	   0.02714	[mu,kappa]: [(138.58398,314.78462),29.55530]
	2624.28678	   0.01985	[mu,kappa]: [(91.18583,306.10243),12.54799]
	4084.16060	   0.03088	[mu,kappa]: [(88.16746,314.41994),26.59592]
	4289.24786	   0.03243	[mu,kappa]: [(85.02216,316.71207),24.94434]
	2381.71056	   0.01801	[mu,kappa]: [(99.10754,299.67319),13.68966]
	6450.92929	   0.04878	[mu,kappa]: [(104.52909,303.14556),56.24574]
	3363.41798	   0.02543	[mu,kappa]: [(146.32706,341.14036),14.66435]
	3916.25532	   0.02961	[mu,kappa]: [(100.77010,305.85929),30.61667]
	3787.62964	   0.02864	[mu,kappa]: [(93.68374,310.35804),27.44252]
	2147.65305	   0.01624	[mu,kappa]: [(105.84836,298.36870),15.66988]
	2437.37472	   0.01843	[mu,kappa]: [(97.79443,300.35524),13.39699]
	4805.49520	   0.03634	[mu,kappa]: [(127.32433,303.66588),45.42223]
	5043.99661	   0.03814	[mu,kappa]: [(92.40530,38.90542),24.14751]
	2852.64742	   0.02157	[mu,kappa]: [(115.84610,298.96141),28.67410]
	5136.51922	   0.03884	[mu,kappa]: [(103.15898,304.52874),47.22545]
	3129.97046	   0.02367	[mu,kappa]: [(144.48423,329.66368),17.50299]
	4389.83049	   0.03319	[mu,kappa]: [(92.28182,312.35737),37.83924]
	3360.74514	   0.02541	[mu,kappa]: [(96.30552,306.96906),21.32204]
	2247.22153	   0.01699	[mu,kappa]: [(100.51071,299.11849),13.92476]
	2749.41628	   0.02079	[mu,kappa]: [(89.49333,308.01275),12.66130]
	5924.96300	   0.04480	[mu,kappa]: [(105.17253,302.88725),51.59469]
	4036.35649	   0.03052	[mu,kappa]: [(122.19924,300.37517),44.09354]
	6936.86020	   0.05245	[mu,kappa]: [(105.68612,302.08943),61.31655]
	3548.80963	   0.02684	[mu,kappa]: [(96.39038,307.83073),24.44672]
	6230.31299	   0.04711	[mu,kappa]: [(105.85411,302.32957),53.54976]
	3508.30247	   0.02653	[mu,kappa]: [(89.25714,311.93226),19.16512]
			msglen: 2701718.49147 bits.
Iteration #: 19
	7859.18698	   0.05942	[mu,kappa]: [(103.88645,302.94936),72.02988]
	2965.68049	   0.02243	[mu,kappa]: [(95.35454,303.03202),14.99449]
	4389.69676	   0.03319	[mu,kappa]: [(65.27142,38.74123),3.65102]
	4876.03893	   0.03687	[mu,kappa]: [(102.79880,304.92522),45.46898]
	3908.55184	   0.02955	[mu,kappa]: [(87.18288,315.38067),27.73532]
	5295.11477	   0.04004	[mu,kappa]: [(130.09622,306.20121),42.83698]
	3697.74635	   0.02796	[mu,kappa]: [(138.78703,314.87153),32.15018]
	2523.35581	   0.01908	[mu,kappa]: [(91.00598,304.93787),12.17626]
	4150.87167	   0.03139	[mu,kappa]: [(87.58845,315.52913),32.76195]
	4494.79886	   0.03399	[mu,kappa]: [(83.92625,318.26132),30.72430]
	2372.08520	   0.01794	[mu,kappa]: [(98.83972,297.86724),13.93261]
	6440.59897	   0.04870	[mu,kappa]: [(104.63486,303.03428),57.61516]
	3377.44784	   0.02554	[mu,kappa]: [(146.35637,344.75796),14.31911]
	3810.59508	   0.02881	[mu,kappa]: [(100.84001,305.90069),32.14647]
	3708.25172	   0.02804	[mu,kappa]: [(93.50084,310.94360),31.61819]
	2141.19620	   0.01619	[mu,kappa]: [(105.56324,297.21854),15.97711]
	2418.36147	   0.01829	[mu,kappa]: [(97.60084,298.49291),13.58928]
	4941.34974	   0.03736	[mu,kappa]: [(127.01750,303.69790),46.40208]
	4898.09128	   0.03704	[mu,kappa]: [(92.27799,38.75741),26.66221]
	2930.11650	   0.02216	[mu,kappa]: [(116.02183,298.70746),31.04773]
	5093.11333	   0.03851	[mu,kappa]: [(103.15017,304.55798),48.94311]
	3063.98843	   0.02317	[mu,kappa]: [(144.59074,329.75219),18.38825]
	4636.60880	   0.03506	[mu,kappa]: [(91.82620,313.10519),48.80463]
	3209.08101	   0.02427	[mu,kappa]: [(96.44928,306.73836),21.87802]
	2243.32432	   0.01696	[mu,kappa]: [(100.17259,297.40663),14.21235]
	2631.11111	   0.01990	[mu,kappa]: [(89.07662,307.37055),12.17592]
	5915.80412	   0.04473	[mu,kappa]: [(105.36827,302.72058),52.86870]
	4254.89112	   0.03217	[mu,kappa]: [(121.89903,300.16822),47.29333]
	6983.10475	   0.05280	[mu,kappa]: [(105.90369,301.85996),62.73931]
	3407.77515	   0.02577	[mu,kappa]: [(96.43998,307.94219),26.00542]
	6251.35236	   0.04727	[mu,kappa]: [(106.11088,302.10059),54.88214]
	3358.70903	   0.02540	[mu,kappa]: [(88.83671,312.62909),20.38203]
			msglen: 2699373.78884 bits.
Iteration #: 20
	7894.72068	   0.05969	[mu,kappa]: [(103.84062,302.90943),73.83929]
	2853.54652	   0.02158	[mu,kappa]: [(95.59885,301.50169),14.74480]
	4463.81555	   0.03375	[mu,kappa]: [(65.24173,38.92096),3.74035]
	4831.39591	   0.03653	[mu,kappa]: [(102.78649,304.99677),47.55692]
	3864.58734	   0.02922	[mu,kappa]: [(86.64915,316.34932),33.15187]
	5374.84743	   0.04064	[mu,kappa]: [(130.01236,306.49628),42.60852]
	3844.14897	   0.02907	[mu,kappa]: [(139.02735,315.00485),34.39828]
	2410.17432	   0.01823	[mu,kappa]: [(90.96162,303.60555),11.74020]
	4227.52538	   0.03197	[mu,kappa]: [(87.18463,316.32102),41.17656]
	4762.23071	   0.03601	[mu,kappa]: [(82.76780,319.57947),37.73483]
	2364.87941	   0.01788	[mu,kappa]: [(98.54129,296.18872),14.33515]
	6435.26096	   0.04866	[mu,kappa]: [(104.70342,302.95835),59.01617]
	3377.01211	   0.02554	[mu,kappa]: [(146.14691,348.21209),13.82519]
	3704.50193	   0.02801	[mu,kappa]: [(101.01141,305.95358),34.08774]
	3622.31434	   0.02739	[mu,kappa]: [(93.51900,311.40145),37.57244]
	2127.09956	   0.01609	[mu,kappa]: [(105.26866,296.34380),16.26499]
	2402.54868	   0.01817	[mu,kappa]: [(97.40172,296.70899),13.95785]
	5032.81349	   0.03806	[mu,kappa]: [(126.74190,303.81098),46.72839]
	4764.26737	   0.03602	[mu,kappa]: [(92.15174,38.67742),28.87624]
	2997.05836	   0.02266	[mu,kappa]: [(116.15535,298.63289),33.28746]
	5059.93153	   0.03826	[mu,kappa]: [(103.12869,304.61003),50.90058]
	3006.28754	   0.02273	[mu,kappa]: [(144.58642,329.14259),19.42247]
	5024.21479	   0.03799	[mu,kappa]: [(91.57108,313.53244),63.99170]
	3031.59261	   0.02292	[mu,kappa]: [(96.84958,306.41424),22.46026]
	2240.03859	   0.01694	[mu,kappa]: [(99.79315,295.86977),14.62689]
	2494.37297	   0.01886	[mu,kappa]: [(88.69697,306.61863),11.48344]
	5909.95653	   0.04469	[mu,kappa]: [(105.52747,302.59742),54.14090]
	4437.62665	   0.03356	[mu,kappa]: [(121.60678,300.04954),50.00771]
	7028.12228	   0.05314	[mu,kappa]: [(106.07462,301.67092),64.09602]
	3242.99254	   0.02452	[mu,kappa]: [(96.72284,308.00704),27.99046]
	6273.30064	   0.04743	[mu,kappa]: [(106.32364,301.91927),56.17248]
	3144.81430	   0.02378	[mu,kappa]: [(88.54182,313.27072),21.46860]
			msglen: 2696942.81972 bits.
Iteration #: 21
	7936.22426	   0.06001	[mu,kappa]: [(103.74861,302.89474),75.64659]
	2743.01264	   0.02074	[mu,kappa]: [(95.90312,299.93195),14.64632]
	4532.06881	   0.03427	[mu,kappa]: [(65.17087,38.86385),3.81440]
	4799.78008	   0.03629	[mu,kappa]: [(102.76826,305.08188),49.81810]
	3774.99665	   0.02855	[mu,kappa]: [(86.22956,317.01744),39.41546]
	5441.02072	   0.04114	[mu,kappa]: [(129.92482,306.81174),41.99752]
	4000.19628	   0.03025	[mu,kappa]: [(139.27635,315.13277),36.14070]
	2290.48503	   0.01732	[mu,kappa]: [(91.01095,302.29128),11.37894]
	4284.32001	   0.03240	[mu,kappa]: [(86.97601,316.73393),51.37817]
	5061.69184	   0.03827	[mu,kappa]: [(81.46465,320.73356),44.83552]
	2351.29020	   0.01778	[mu,kappa]: [(98.19690,294.76563),14.93567]
	6432.32444	   0.04864	[mu,kappa]: [(104.73347,302.91494),60.32291]
	3366.55946	   0.02546	[mu,kappa]: [(145.74973,351.54284),13.34049]
	3607.70484	   0.02728	[mu,kappa]: [(101.25344,306.02237),36.39594]
	3554.35233	   0.02688	[mu,kappa]: [(93.68784,311.65948),45.66720]
	2099.26619	   0.01588	[mu,kappa]: [(105.01349,295.77062),16.56459]
	2382.25018	   0.01802	[mu,kappa]: [(97.16395,295.15678),14.55548]
	5103.21735	   0.03859	[mu,kappa]: [(126.48759,303.96225),46.66054]
	4645.21347	   0.03512	[mu,kappa]: [(92.02135,38.64363),30.85178]
	3056.96749	   0.02312	[mu,kappa]: [(116.26963,298.67148),35.36287]
	5038.53564	   0.03810	[mu,kappa]: [(103.09064,304.67961),52.98073]
	2966.90917	   0.02244	[mu,kappa]: [(144.54883,328.15320),20.56688]
	5543.87365	   0.04192	[mu,kappa]: [(91.50975,313.66897),82.35941]
	2844.64282	   0.02151	[mu,kappa]: [(97.46955,306.03606),23.10923]
	2228.26997	   0.01685	[mu,kappa]: [(99.37563,294.60818),15.19622]
	2352.52353	   0.01779	[mu,kappa]: [(88.26077,305.94190),10.72914]
	5904.92037	   0.04465	[mu,kappa]: [(105.64922,302.51547),55.27369]
	4597.54579	   0.03476	[mu,kappa]: [(121.34654,299.97625),52.36205]
	7065.20663	   0.05342	[mu,kappa]: [(106.20031,301.51886),65.24425]
	3072.42159	   0.02323	[mu,kappa]: [(97.19403,308.03313),30.49905]
	6291.65755	   0.04757	[mu,kappa]: [(106.49354,301.78231),57.27613]
	2878.55100	   0.02177	[mu,kappa]: [(88.33022,313.80685),22.22196]
			msglen: 2694650.00541 bits.
Iteration #: 22
	7970.54171	   0.06027	[mu,kappa]: [(103.61841,302.89547),77.35137]
	2642.80156	   0.01999	[mu,kappa]: [(96.19027,298.44540),14.76461]
	4574.90670	   0.03459	[mu,kappa]: [(65.06792,38.87216),3.88123]
	4777.54077	   0.03613	[mu,kappa]: [(102.73555,305.17726),52.01830]
	3626.95910	   0.02743	[mu,kappa]: [(85.98210,317.38355),46.36312]
	5505.69575	   0.04163	[mu,kappa]: [(129.81187,307.11594),41.14630]
	4144.47993	   0.03134	[mu,kappa]: [(139.51168,315.22659),37.31914]
	2169.82804	   0.01641	[mu,kappa]: [(91.17119,301.07169),11.20080]
	4297.27384	   0.03249	[mu,kappa]: [(86.96552,316.85667),63.02032]
	5369.44083	   0.04060	[mu,kappa]: [(80.01228,321.85636),51.66456]
	2333.90161	   0.01765	[mu,kappa]: [(97.77267,293.58441),15.71032]
	6422.56530	   0.04856	[mu,kappa]: [(104.73197,302.89412),61.39442]
	3347.46124	   0.02531	[mu,kappa]: [(145.21469,354.65832),12.96129]
	3528.06276	   0.02668	[mu,kappa]: [(101.51208,306.11689),38.84250]
	3536.28456	   0.02674	[mu,kappa]: [(93.91316,311.73993),55.75477]
	2060.90801	   0.01559	[mu,kappa]: [(104.81542,295.44603),16.84501]
	2360.72758	   0.01785	[mu,kappa]: [(96.83992,293.84101),15.37086]
	5169.29177	   0.03909	[mu,kappa]: [(126.25093,304.12662),46.33499]
	4542.56015	   0.03435	[mu,kappa]: [(91.88523,38.63888),32.63339]
	3114.63170	   0.02355	[mu,kappa]: [(116.38017,298.75825),37.21103]
	5023.62530	   0.03799	[mu,kappa]: [(103.03307,304.76139),54.97326]
	2951.28250	   0.02232	[mu,kappa]: [(144.52683,327.07410),21.68540]
	6159.92006	   0.04658	[mu,kappa]: [(91.57238,313.63943),101.75134]
	2669.55126	   0.02019	[mu,kappa]: [(98.22724,305.66881),23.83019]
	2210.07565	   0.01671	[mu,kappa]: [(98.89982,293.59207),15.88788]
	2213.78720	   0.01674	[mu,kappa]: [(87.76879,305.44042),10.05086]
	5893.20254	   0.04456	[mu,kappa]: [(105.74123,302.46327),56.12470]
	4745.49253	   0.03588	[mu,kappa]: [(121.12948,299.91576),54.40529]
	7084.14920	   0.05356	[mu,kappa]: [(106.29243,301.39044),66.08298]
	2920.24508	   0.02208	[mu,kappa]: [(97.75270,308.05774),33.51795]
	6298.32675	   0.04762	[mu,kappa]: [(106.63133,301.67563),58.07224]
	2582.47903	   0.01953	[mu,kappa]: [(88.22730,314.17502),22.60585]
			msglen: 2692555.40734 bits.
Iteration #: 23
	7986.84499	   0.06039	[mu,kappa]: [(103.46768,302.89692),78.96336]
	2556.52624	   0.01933	[mu,kappa]: [(96.40047,297.11107),15.09725]
	4583.50682	   0.03466	[mu,kappa]: [(64.95852,39.12995),3.95099]
	4756.17768	   0.03596	[mu,kappa]: [(102.69328,305.27518),53.95378]
	3437.07024	   0.02599	[mu,kappa]: [(85.95457,317.50138),54.65271]
	5576.65294	   0.04217	[mu,kappa]: [(129.66602,307.40077),40.13803]
	4266.04413	   0.03226	[mu,kappa]: [(139.72013,315.28269),37.97194]
	2050.57054	   0.01551	[mu,kappa]: [(91.48161,299.92221),11.26822]
	4288.20481	   0.03243	[mu,kappa]: [(87.08149,316.83133),76.15587]
	5676.74938	   0.04292	[mu,kappa]: [(78.55312,322.94374),58.85114]
	2317.80834	   0.01753	[mu,kappa]: [(97.23377,292.57962),16.61938]
	6398.29460	   0.04838	[mu,kappa]: [(104.71550,302.88123),62.19785]
	3319.88638	   0.02510	[mu,kappa]: [(144.59798,357.46220),12.71031]
	3464.89647	   0.02620	[mu,kappa]: [(101.75301,306.23912),41.12483]
	3579.17635	   0.02706	[mu,kappa]: [(94.10655,311.72287),66.73485]
	2016.51411	   0.01525	[mu,kappa]: [(104.68238,295.30796),17.07096]
	2343.61910	   0.01772	[mu,kappa]: [(96.38233,292.70469),16.36824]
	5239.91571	   0.03962	[mu,kappa]: [(126.03123,304.29507),45.81406]
	4456.94453	   0.03370	[mu,kappa]: [(91.74937,38.64835),34.22744]
	3172.91087	   0.02399	[mu,kappa]: [(116.49299,298.85249),38.80037]
	5006.20294	   0.03785	[mu,kappa]: [(102.96530,304.84524),56.71456]
	2958.40694	   0.02237	[mu,kappa]: [(144.54252,326.09134),22.62708]
	6806.16601	   0.05146	[mu,kappa]: [(91.67081,313.55339),119.30508]
	2518.64251	   0.01905	[mu,kappa]: [(99.03748,305.38338),24.57948]
	2189.85591	   0.01656	[mu,kappa]: [(98.34190,292.75150),16.65862]
	2075.76000	   0.01570	[mu,kappa]: [(87.30500,305.08451),9.51738]
	5869.34266	   0.04438	[mu,kappa]: [(105.81980,302.42533),56.66777]
	4887.16651	   0.03695	[mu,kappa]: [(120.95408,299.85093),56.15634]
	7081.29354	   0.05354	[mu,kappa]: [(106.36860,301.26970),66.65723]
	2799.93131	   0.02117	[mu,kappa]: [(98.29316,308.11912),36.82963]
	6289.44808	   0.04756	[mu,kappa]: [(106.75412,301.58238),58.57348]
	2277.46936	   0.01722	[mu,kappa]: [(88.33763,314.30384),22.81896]
			msglen: 2690722.40782 bits.
Iteration #: 24
	7986.46824	   0.06039	[mu,kappa]: [(103.31099,302.88883),80.58195]
	2483.31986	   0.01878	[mu,kappa]: [(96.48828,295.98032),15.57735]
	4566.43340	   0.03453	[mu,kappa]: [(64.82562,39.58025),4.02647]
	4731.17035	   0.03577	[mu,kappa]: [(102.65065,305.36929),55.53968]
	3262.38493	   0.02467	[mu,kappa]: [(86.08999,317.47346),65.15609]
	5657.72289	   0.04278	[mu,kappa]: [(129.49063,307.66870),39.02993]
	4362.86189	   0.03299	[mu,kappa]: [(139.89772,315.30915),38.20532]
	1937.69968	   0.01465	[mu,kappa]: [(91.90766,298.84593),11.58242]
	4309.58226	   0.03259	[mu,kappa]: [(87.19263,316.79411),90.21978]
	5938.51326	   0.04490	[mu,kappa]: [(77.31599,323.86845),66.52165]
	2305.37090	   0.01743	[mu,kappa]: [(96.56020,291.70347),17.62527]
	6360.32597	   0.04809	[mu,kappa]: [(104.69689,302.86667),62.79745]
	3284.21857	   0.02483	[mu,kappa]: [(143.94809,359.93102),12.56705]
	3414.68281	   0.02582	[mu,kappa]: [(101.96738,306.38570),43.02239]
	3663.40636	   0.02770	[mu,kappa]: [(94.24190,311.66817),76.92762]
	1968.53800	   0.01489	[mu,kappa]: [(104.62574,295.32287),17.22419]
	2333.76543	   0.01765	[mu,kappa]: [(95.76065,291.70334),17.50575]
	5317.53204	   0.04021	[mu,kappa]: [(125.82976,304.46587),45.12952]
	4387.50619	   0.03318	[mu,kappa]: [(91.62370,38.66123),35.62289]
	3232.28010	   0.02444	[mu,kappa]: [(116.60582,298.93526),40.12745]
	4982.39823	   0.03767	[mu,kappa]: [(102.89823,304.92339),58.15471]
	2982.95023	   0.02256	[mu,kappa]: [(144.59927,325.27913),23.31216]
	7385.29928	   0.05584	[mu,kappa]: [(91.75567,313.46566),132.45224]
	2395.59031	   0.01812	[mu,kappa]: [(99.83697,305.23539),25.29099]
	2169.35570	   0.01641	[mu,kappa]: [(97.69036,292.03994),17.47078]
	1938.99050	   0.01466	[mu,kappa]: [(86.89675,304.83802),9.11931]
	5834.90554	   0.04412	[mu,kappa]: [(105.89640,302.39229),56.97259]
	5023.17436	   0.03798	[mu,kappa]: [(120.81276,299.77542),57.62431]
	7062.34170	   0.05340	[mu,kappa]: [(106.43992,301.14778),67.09499]
	2712.81794	   0.02051	[mu,kappa]: [(98.75194,308.22973),40.06667]
	6268.53726	   0.04740	[mu,kappa]: [(106.87237,301.49297),58.87975]
	1987.85583	   0.01503	[mu,kappa]: [(88.75567,314.16617),23.14669]
			msglen: 2689294.72261 bits.
Iteration #: 25
	7980.54857	   0.06034	[mu,kappa]: [(103.15292,302.86935),82.30437]
	2418.88466	   0.01829	[mu,kappa]: [(96.44300,295.08563),16.11098]
	4540.85234	   0.03434	[mu,kappa]: [(64.63807,40.02573),4.10052]
	4704.96299	   0.03558	[mu,kappa]: [(102.60941,305.45881),56.79637]
	3164.39677	   0.02393	[mu,kappa]: [(86.22327,317.44062),77.55201]
	5749.35472	   0.04347	[mu,kappa]: [(129.29431,307.92083),37.87193]
	4437.39004	   0.03355	[mu,kappa]: [(140.04660,315.31555),38.15190]
	1837.28083	   0.01389	[mu,kappa]: [(92.34368,297.92206),12.07833]
	4392.03646	   0.03321	[mu,kappa]: [(87.19584,316.82838),103.69839]
	6086.01413	   0.04602	[mu,kappa]: [(76.42470,324.54298),73.60650]
	2295.95234	   0.01736	[mu,kappa]: [(95.76094,290.92755),18.70675]
	6316.02873	   0.04776	[mu,kappa]: [(104.67855,302.84833),63.27521]
	3240.85275	   0.02451	[mu,kappa]: [(143.29768,2.10521),12.50184]
	3376.28058	   0.02553	[mu,kappa]: [(102.15539,306.55383),44.46514]
	3759.48326	   0.02843	[mu,kappa]: [(94.34202,311.59445),85.18641]
	1918.39883	   0.01451	[mu,kappa]: [(104.66276,295.47609),17.30531]
	2330.73200	   0.01763	[mu,kappa]: [(94.97959,290.80756),18.75859]
	5401.06475	   0.04084	[mu,kappa]: [(125.64801,304.63623),44.31233]
	4332.24182	   0.03276	[mu,kappa]: [(91.51535,38.67308),36.81525]
	3292.18356	   0.02489	[mu,kappa]: [(116.71337,298.99638),41.20221]
	4955.63006	   0.03747	[mu,kappa]: [(102.83380,304.99455),59.32912]
	3018.50023	   0.02283	[mu,kappa]: [(144.69231,324.64497),23.74571]
	7816.37984	   0.05910	[mu,kappa]: [(91.82317,313.38592),140.22902]
	2299.53730	   0.01739	[mu,kappa]: [(100.59121,305.24836),25.93048]
	2147.64062	   0.01624	[mu,kappa]: [(96.95751,291.43391),18.29965]
	1812.58599	   0.01371	[mu,kappa]: [(86.43580,304.78423),8.80578]
	5796.18335	   0.04383	[mu,kappa]: [(105.97220,302.36169),57.12339]
	5152.05658	   0.03896	[mu,kappa]: [(120.69716,299.68654),58.82317]
	7037.17281	   0.05321	[mu,kappa]: [(106.50812,301.02256),67.50508]
	2654.44640	   0.02007	[mu,kappa]: [(99.11528,308.37979),42.92870]
	6242.86578	   0.04720	[mu,kappa]: [(106.98678,301.40447),59.08699]
	1740.06092	   0.01316	[mu,kappa]: [(89.45405,313.84570),23.79505]
			msglen: 2688310.52867 bits.
Iteration #: 26
	7980.08278	   0.06034	[mu,kappa]: [(102.99216,302.84126),84.17404]
	2356.50856	   0.01782	[mu,kappa]: [(96.30451,294.41957),16.63079]
	4516.11355	   0.03415	[mu,kappa]: [(64.41109,40.36239),4.16521]
	4681.95373	   0.03540	[mu,kappa]: [(102.56456,305.54565),57.79061]
	3156.83569	   0.02387	[mu,kappa]: [(86.23346,317.48594),90.22678]
	5849.46509	   0.04423	[mu,kappa]: [(129.08660,308.15332),36.71252]
	4493.16455	   0.03397	[mu,kappa]: [(140.17138,315.31014),37.93716]
	1749.46063	   0.01323	[mu,kappa]: [(92.72113,297.21514),12.66276]
	4524.41519	   0.03421	[mu,kappa]: [(87.07438,316.94406),115.24747]
	6103.56181	   0.04615	[mu,kappa]: [(75.83212,324.99559),79.05354]
	2287.18666	   0.01730	[mu,kappa]: [(94.87464,290.22046),19.87263]
	6272.33232	   0.04743	[mu,kappa]: [(104.65746,302.82680),63.68436]
	3189.88502	   0.02412	[mu,kappa]: [(142.66617,4.04653),12.49305]
	3349.62467	   0.02533	[mu,kappa]: [(102.31707,306.74046),45.49697]
	3851.29089	   0.02912	[mu,kappa]: [(94.43486,311.50107),91.46159]
	1867.51124	   0.01412	[mu,kappa]: [(104.81424,295.74787),17.33301]
	2332.17655	   0.01764	[mu,kappa]: [(94.07986,289.98107),20.14210]
	5488.17866	   0.04150	[mu,kappa]: [(125.48642,304.80031),43.40409]
	4288.72047	   0.03243	[mu,kappa]: [(91.42460,38.68462),37.81505]
	3352.07704	   0.02535	[mu,kappa]: [(116.81144,299.02748),42.04669]
	4931.03806	   0.03729	[mu,kappa]: [(102.76692,305.06073),60.30108]
	3059.59907	   0.02314	[mu,kappa]: [(144.81536,324.17391),23.98301]
	8085.27150	   0.06113	[mu,kappa]: [(91.89178,313.30314),143.56690]
	2227.05791	   0.01684	[mu,kappa]: [(101.29041,305.40828),26.51735]
	2122.30235	   0.01605	[mu,kappa]: [(96.18066,290.90994),19.14103]
	1703.79527	   0.01289	[mu,kappa]: [(85.77035,305.06078),8.52739]
	5758.60915	   0.04354	[mu,kappa]: [(106.04388,302.33235),57.17721]
	5272.80900	   0.03987	[mu,kappa]: [(120.59993,299.58277),59.77961]
	7013.52818	   0.05303	[mu,kappa]: [(106.57178,300.89300),67.94465]
	2618.98802	   0.01980	[mu,kappa]: [(99.39593,308.55298),45.32106]
	6218.23647	   0.04702	[mu,kappa]: [(107.09470,301.31455),59.25301]
	1546.21994	   0.01169	[mu,kappa]: [(90.30994,313.48793),24.84470]
			msglen: 2687629.77105 bits.
Iteration #: 27
	7989.41694	   0.06041	[mu,kappa]: [(102.82815,302.80704),86.18845]
	2289.80325	   0.01732	[mu,kappa]: [(96.13768,293.94586),17.10793]
	4490.31973	   0.03395	[mu,kappa]: [(64.19870,40.64190),4.22046]
	4663.61567	   0.03526	[mu,kappa]: [(102.51116,305.63080),58.58261]
	3212.10119	   0.02429	[mu,kappa]: [(86.11854,317.60358),101.79175]
	5954.68900	   0.04503	[mu,kappa]: [(128.87589,308.36070),35.59588]
	4533.54963	   0.03428	[mu,kappa]: [(140.27642,315.30051),37.66074]
	1669.20087	   0.01262	[mu,kappa]: [(93.04800,296.72268),13.26301]
	4678.26025	   0.03537	[mu,kappa]: [(86.86885,317.10925),124.46533]
	6029.50929	   0.04559	[mu,kappa]: [(75.42512,325.30663),82.75639]
	2276.45533	   0.01722	[mu,kappa]: [(93.94853,289.54517),21.15620]
	6231.66892	   0.04712	[mu,kappa]: [(104.63207,302.80138),64.04969]
	3131.86630	   0.02368	[mu,kappa]: [(142.06189,5.80752),12.52836]
	3333.20956	   0.02520	[mu,kappa]: [(102.45265,306.94109),46.19709]
	3938.82065	   0.02978	[mu,kappa]: [(94.53070,311.38898),96.37454]
	1817.35635	   0.01374	[mu,kappa]: [(105.09571,296.10670),17.33587]
	2335.76634	   0.01766	[mu,kappa]: [(93.11238,289.18030),21.70971]
	5576.40328	   0.04216	[mu,kappa]: [(125.34411,304.95271),42.45311]
	4254.55608	   0.03217	[mu,kappa]: [(91.34687,38.69734),38.64442]
	3411.46637	   0.02580	[mu,kappa]: [(116.89775,299.02354),42.69441]
	4910.48861	   0.03713	[mu,kappa]: [(102.69284,305.12322),61.11991]
	3102.55055	   0.02346	[mu,kappa]: [(144.96238,323.85099),24.09126]
	8237.19870	   0.06228	[mu,kappa]: [(91.97702,313.20701),144.27288]
	2173.67275	   0.01644	[mu,kappa]: [(101.93575,305.67753),27.09291]
	2090.60247	   0.01581	[mu,kappa]: [(95.40512,290.44011),20.00382]
	1612.63899	   0.01220	[mu,kappa]: [(84.79613,305.74361),8.25947]
	5723.97419	   0.04328	[mu,kappa]: [(106.11014,302.30123),57.16775]
	5385.14421	   0.04072	[mu,kappa]: [(120.51464,299.46553),60.52889]
	6994.79013	   0.05289	[mu,kappa]: [(106.63157,300.75639),68.44199]
	2600.68442	   0.01967	[mu,kappa]: [(99.60997,308.73643),47.29106]
	6196.93138	   0.04686	[mu,kappa]: [(107.19585,301.21910),59.41171]
	1401.28858	   0.01060	[mu,kappa]: [(91.20850,313.19460),26.30238]
			msglen: 2687092.69983 bits.
Iteration #: 28
	8007.66989	   0.06055	[mu,kappa]: [(102.66315,302.76727),88.33038]
	2214.79555	   0.01675	[mu,kappa]: [(95.99992,293.62805),17.53081]
	4458.03614	   0.03371	[mu,kappa]: [(64.04517,40.96428),4.27244]
	4648.54316	   0.03515	[mu,kappa]: [(102.44809,305.71358),59.20807]
	3298.82479	   0.02494	[mu,kappa]: [(85.92705,317.75692),111.70081]
	6061.56115	   0.04583	[mu,kappa]: [(128.66861,308.53928),34.55569]
	4561.48664	   0.03449	[mu,kappa]: [(140.36486,315.29292),37.39068]
	1591.50866	   0.01204	[mu,kappa]: [(93.36316,296.41159),13.83654]
	4831.32787	   0.03653	[mu,kappa]: [(86.62655,317.28947),131.55900]
	5905.40954	   0.04465	[mu,kappa]: [(75.11501,325.54244),85.19334]
	2261.79341	   0.01710	[mu,kappa]: [(93.01829,288.87183),22.59929]
	6193.32600	   0.04683	[mu,kappa]: [(104.60409,302.77003),64.38525]
	3068.53459	   0.02320	[mu,kappa]: [(141.48336,7.42286),12.59909]
	3324.29406	   0.02514	[mu,kappa]: [(102.56428,307.15078),46.63114]
	4027.89912	   0.03046	[mu,kappa]: [(94.62409,311.26510),100.54197]
	1769.41454	   0.01338	[mu,kappa]: [(105.50922,296.51781),17.34070]
	2340.40609	   0.01770	[mu,kappa]: [(92.11501,288.36919),23.53948]
	5663.62360	   0.04282	[mu,kappa]: [(125.21939,305.09126),41.50423]
	4227.60452	   0.03197	[mu,kappa]: [(91.27751,38.71088),39.33084]
	3469.72332	   0.02624	[mu,kappa]: [(116.97092,298.98538),43.18152]
	4892.76067	   0.03700	[mu,kappa]: [(102.61066,305.18156),61.81193]
	3145.35903	   0.02378	[mu,kappa]: [(145.12812,323.66614),24.12643]
	8331.29102	   0.06299	[mu,kappa]: [(92.08109,313.09650),143.88405]
	2135.31444	   0.01615	[mu,kappa]: [(102.52773,306.01465),27.68260]
	2050.19927	   0.01550	[mu,kappa]: [(94.66693,290.00346),20.89357]
	1536.60891	   0.01162	[mu,kappa]: [(83.44202,306.84416),8.00289]
	5691.76605	   0.04304	[mu,kappa]: [(106.17273,302.26450),57.12064]
	5488.72267	   0.04150	[mu,kappa]: [(120.43581,299.34015),61.10369]
	6981.86574	   0.05279	[mu,kappa]: [(106.69022,300.60965),69.02116]
	2594.41943	   0.01962	[mu,kappa]: [(99.76923,308.92268),48.90771]
	6179.18469	   0.04672	[mu,kappa]: [(107.29236,301.11387),59.59154]
	1294.72542	   0.00979	[mu,kappa]: [(92.07470,312.99972),28.14182]
			msglen: 2686613.63950 bits.
Iteration #: 29
	8032.83313	   0.06074	[mu,kappa]: [(102.50047,302.72139),90.58649]
	2130.16611	   0.01611	[mu,kappa]: [(95.93163,293.44419),17.89003]
	4415.17940	   0.03339	[mu,kappa]: [(63.96939,41.40345),4.32857]
	4634.70965	   0.03505	[mu,kappa]: [(102.37705,305.79257),59.68607]
	3396.71599	   0.02569	[mu,kappa]: [(85.70223,317.91695),119.87014]
	6167.15232	   0.04663	[mu,kappa]: [(128.46945,308.68759),33.61221]
	4579.41773	   0.03463	[mu,kappa]: [(140.43895,315.29060),37.16725]
	1513.75750	   0.01145	[mu,kappa]: [(93.70117,296.25435),14.35948]
	4971.89541	   0.03759	[mu,kappa]: [(86.38013,317.46251),136.83661]
	5756.22043	   0.04352	[mu,kappa]: [(74.85418,325.74047),86.89263]
	2241.89569	   0.01695	[mu,kappa]: [(92.10526,288.18552),24.24439]
	6156.17433	   0.04655	[mu,kappa]: [(104.57630,302.73075),64.70417]
	3002.46613	   0.02270	[mu,kappa]: [(140.92310,8.91308),12.69600]
	3320.30722	   0.02511	[mu,kappa]: [(102.65564,307.36533),46.84609]
	4122.48246	   0.03117	[mu,kappa]: [(94.70464,311.13792),104.28871]
	1725.18341	   0.01305	[mu,kappa]: [(106.04216,296.94940),17.36653]
	2346.34535	   0.01774	[mu,kappa]: [(91.10964,287.52751),25.73321]
	5748.24526	   0.04346	[mu,kappa]: [(125.11032,305.21665),40.59178]
	4206.03255	   0.03180	[mu,kappa]: [(91.21445,38.72366),39.90256]
	3526.07719	   0.02666	[mu,kappa]: [(117.02978,298.91846),43.53604]
	4875.95015	   0.03687	[mu,kappa]: [(102.52225,305.23448),62.39031]
	3187.21737	   0.02410	[mu,kappa]: [(145.30889,323.61146),24.12641]
	8410.49089	   0.06359	[mu,kappa]: [(92.19585,312.97758),143.26258]
	2108.88402	   0.01595	[mu,kappa]: [(103.06386,306.38501),28.28726]
	1999.29756	   0.01512	[mu,kappa]: [(93.99031,289.59336),21.80293]
	1474.74134	   0.01115	[mu,kappa]: [(81.63974,308.35509),7.77849]
	5661.25659	   0.04281	[mu,kappa]: [(106.23404,302.21930),57.05899]
	5582.69173	   0.04221	[mu,kappa]: [(120.35930,299.21430),61.52630]
	6975.35677	   0.05274	[mu,kappa]: [(106.74994,300.45092),69.70562]
	2596.16862	   0.01963	[mu,kappa]: [(99.88254,309.10795),50.21460]
	6165.00026	   0.04662	[mu,kappa]: [(107.38624,300.99623),59.81829]
	1217.68743	   0.00921	[mu,kappa]: [(92.85927,312.89721),30.29965]
			msglen: 2686159.12062 bits.
Iteration #: 30
	8063.85437	   0.06097	[mu,kappa]: [(102.34260,302.66884),92.94799]
	2036.75572	   0.01540	[mu,kappa]: [(95.96002,293.38533),18.17620]
	4359.30919	   0.03296	[mu,kappa]: [(63.97608,42.00228),4.39546]
	4620.81054	   0.03494	[mu,kappa]: [(102.30056,305.86651),60.02958]
	3494.78508	   0.02643	[mu,kappa]: [(85.47083,318.06786),126.36020]
	6269.27454	   0.04740	[mu,kappa]: [(128.28167,308.80569),32.77373]
	4589.28387	   0.03470	[mu,kappa]: [(140.50020,315.29340),37.01076]
	1435.51023	   0.01086	[mu,kappa]: [(94.08524,296.23543),14.81855]
	5095.25540	   0.03853	[mu,kappa]: [(86.14762,317.61767),140.54279]
	5594.51240	   0.04230	[mu,kappa]: [(74.62264,325.91758),88.25110]
	2215.69533	   0.01676	[mu,kappa]: [(91.22293,287.48538),26.13222]
	6119.81844	   0.04627	[mu,kappa]: [(104.55055,302.68249),65.01774]
	2936.28450	   0.02220	[mu,kappa]: [(140.37167,10.29046),12.80899]
	3319.55729	   0.02510	[mu,kappa]: [(102.73059,307.58155),46.88006]
	4222.96510	   0.03193	[mu,kappa]: [(94.76450,311.01371),107.68829]
	1686.11170	   0.01275	[mu,kappa]: [(106.67082,297.37275),17.42347]
	2354.80984	   0.01781	[mu,kappa]: [(90.10977,286.65008),28.42791]
	5829.20654	   0.04408	[mu,kappa]: [(125.01522,305.33095),39.73849]
	4188.34848	   0.03167	[mu,kappa]: [(91.15757,38.73409),40.38593]
	3579.67590	   0.02707	[mu,kappa]: [(117.07350,298.83030),43.77309]
	4858.86563	   0.03674	[mu,kappa]: [(102.43004,305.28080),62.86400]
	3227.99716	   0.02441	[mu,kappa]: [(145.50238,323.67888),24.11326]
	8496.80501	   0.06425	[mu,kappa]: [(92.30968,312.85839),142.72156]
	2092.06441	   0.01582	[mu,kappa]: [(103.54128,306.76294),28.89233]
	1936.58214	   0.01465	[mu,kappa]: [(93.39320,289.21653),22.70795]
	1428.33482	   0.01080	[mu,kappa]: [(79.33218,310.27297),7.62381]
	5632.23921	   0.04259	[mu,kappa]: [(106.29521,302.16438),57.00019]
	5665.75826	   0.04284	[mu,kappa]: [(120.28267,299.09579),61.80901]
	6976.08227	   0.05275	[mu,kappa]: [(106.81106,300.28011),70.50993]
	2603.10268	   0.01968	[mu,kappa]: [(99.95766,309.29002),51.23748]
	6154.63958	   0.04654	[mu,kappa]: [(107.47787,300.86554),60.10867]
	1163.70436	   0.00880	[mu,kappa]: [(93.53185,312.86372),32.66927]
			msglen: 2685714.43545 bits.
Iteration #: 31
	8100.68892	   0.06125	[mu,kappa]: [(102.19049,302.60975),95.40341]
	1937.18011	   0.01465	[mu,kappa]: [(96.10240,293.44825),18.38290]
	4288.75093	   0.03243	[mu,kappa]: [(64.06697,42.78784),4.47906]
	4606.44596	   0.03483	[mu,kappa]: [(102.22063,305.93469),60.25005]
	3587.41027	   0.02713	[mu,kappa]: [(85.24707,318.20311),131.29284]
	6366.46529	   0.04814	[mu,kappa]: [(128.10733,308.89483),32.04000]
	4592.58017	   0.03473	[mu,kappa]: [(140.54959,315.29857),36.92915]
	1357.88100	   0.01027	[mu,kappa]: [(94.52774,296.34433),15.20885]
	5200.45261	   0.03932	[mu,kappa]: [(85.93744,317.75149),142.88784]
	5426.51467	   0.04103	[mu,kappa]: [(74.41465,326.07940),89.54811]
	2181.97403	   0.01650	[mu,kappa]: [(90.38283,286.78118),28.29584]
	6084.47788	   0.04601	[mu,kappa]: [(104.52718,302.62531),65.33101]
	2872.15926	   0.02172	[mu,kappa]: [(139.81988,11.56371),12.92845]
	3321.20017	   0.02511	[mu,kappa]: [(102.79240,307.79692),46.76849]
	4327.28467	   0.03272	[mu,kappa]: [(94.80063,310.89558),110.68900]
	1653.44725	   0.01250	[mu,kappa]: [(107.36469,297.76120),17.51257]
	2367.68525	   0.01790	[mu,kappa]: [(89.12787,285.74377),31.81187]
	5905.90983	   0.04466	[mu,kappa]: [(124.93267,305.43665),38.95799]
	4173.40619	   0.03156	[mu,kappa]: [(91.10742,38.74098),40.80391]
	3629.64636	   0.02745	[mu,kappa]: [(117.10188,298.72865),43.89697]
	4841.20412	   0.03661	[mu,kappa]: [(102.33580,305.31999),63.24054]
	3267.89276	   0.02471	[mu,kappa]: [(145.70690,323.85973),24.09826]
	8597.08127	   0.06500	[mu,kappa]: [(92.41270,312.74577),142.26872]
	2083.01652	   0.01575	[mu,kappa]: [(103.95903,307.13062),29.47846]
	1861.32852	   0.01408	[mu,kappa]: [(92.89195,288.88928),23.56550]
	1400.39974	   0.01059	[mu,kappa]: [(76.51312,312.59342),7.59142]
	5604.84971	   0.04238	[mu,kappa]: [(106.35581,302.09993),56.95172]
	5736.52533	   0.04338	[mu,kappa]: [(120.20519,298.99140),61.95994]
	6984.65939	   0.05281	[mu,kappa]: [(106.87214,300.09860),71.43201]
	2613.40782	   0.01976	[mu,kappa]: [(100.00176,309.46717),51.99952]
	6148.34343	   0.04649	[mu,kappa]: [(107.56602,300.72279),60.46496]
	1127.73059	   0.00853	[mu,kappa]: [(94.08085,312.87176),35.11795]
			msglen: 2685268.88067 bits.
Iteration #: 32
	8143.57657	   0.06157	[mu,kappa]: [(102.04388,302.54500),97.93109]
	1835.56018	   0.01388	[mu,kappa]: [(96.36512,293.62752),18.51023]
	4202.17346	   0.03177	[mu,kappa]: [(64.24405,43.78096),4.58552]
	4591.81536	   0.03472	[mu,kappa]: [(102.13851,305.99705),60.35743]
	3671.83421	   0.02777	[mu,kappa]: [(85.03758,318.32141),134.84818]
	6457.83411	   0.04883	[mu,kappa]: [(127.94739,308.95730),31.40568]
	4590.43139	   0.03471	[mu,kappa]: [(140.58765,315.30200),36.92382]
	1283.02562	   0.00970	[mu,kappa]: [(95.02890,296.56725),15.53314]
	5288.32129	   0.03999	[mu,kappa]: [(85.75247,317.86451),144.09252]
	5255.19167	   0.03974	[mu,kappa]: [(74.23104,326.22596),90.99931]
	2139.13038	   0.01618	[mu,kappa]: [(89.59740,286.09099),30.74483]
	6050.53536	   0.04575	[mu,kappa]: [(104.50530,302.56030),65.63965]
	2811.66106	   0.02126	[mu,kappa]: [(139.25963,12.74102),13.04640]
	3324.93766	   0.02514	[mu,kappa]: [(102.84351,308.00936),46.54490]
	4432.36992	   0.03352	[mu,kappa]: [(94.81408,310.78431),113.21232]
	1628.08637	   0.01231	[mu,kappa]: [(108.09016,298.09078),17.62637]
	2387.24946	   0.01805	[mu,kappa]: [(88.18028,284.82638),36.13792]
	5978.08607	   0.04520	[mu,kappa]: [(124.86136,305.53624),38.25808]
	4160.40577	   0.03146	[mu,kappa]: [(91.06447,38.74349),41.17532]
	3675.14990	   0.02779	[mu,kappa]: [(117.11540,298.62069),43.90653]
	4823.22636	   0.03647	[mu,kappa]: [(102.24048,305.35220),63.52509]
	3307.19590	   0.02501	[mu,kappa]: [(145.92080,324.14514),24.08648]
	8709.62152	   0.06585	[mu,kappa]: [(92.49902,312.64410),141.79588]
	2080.20364	   0.01573	[mu,kappa]: [(104.31877,307.47647),30.02812]
	1773.83235	   0.01342	[mu,kappa]: [(92.50262,288.63393),24.31202]
	1394.84930	   0.01055	[mu,kappa]: [(73.27934,315.28906),7.74552]
	5579.23102	   0.04219	[mu,kappa]: [(106.41440,302.02727),56.90992]
	5793.85489	   0.04381	[mu,kappa]: [(120.12745,298.90650),61.98982]
	7001.03015	   0.05294	[mu,kappa]: [(106.93078,299.90880),72.45074]
	2625.99539	   0.01986	[mu,kappa]: [(100.02132,309.63781),52.52781]
	6146.00570	   0.04647	[mu,kappa]: [(107.64865,300.57013),60.87413]
	1105.57798	   0.00836	[mu,kappa]: [(94.51035,312.89765),37.51633]
			msglen: 2684813.20106 bits.
Iteration #: 33
	8192.26500	   0.06194	[mu,kappa]: [(101.90197,302.47618),100.49462]
	1737.14578	   0.01314	[mu,kappa]: [(96.73871,293.90850),18.56573]
	4098.93830	   0.03099	[mu,kappa]: [(64.50573,44.99423),4.72172]
	4577.35133	   0.03461	[mu,kappa]: [(102.05490,306.05405),60.35903]
	3746.81644	   0.02833	[mu,kappa]: [(84.84485,318.42415),137.25645]
	6542.83446	   0.04947	[mu,kappa]: [(127.80197,308.99614),30.86287]
	4583.68390	   0.03466	[mu,kappa]: [(140.61485,315.29902),36.99353]
	1213.71520	   0.00918	[mu,kappa]: [(95.57280,296.88084),15.79931]
	5360.35470	   0.04053	[mu,kappa]: [(85.59270,317.95914),144.39760]
	5081.66093	   0.03842	[mu,kappa]: [(74.07569,326.35434),92.79913]
	2085.23644	   0.01577	[mu,kappa]: [(88.88049,285.44021),33.43388]
	6018.18265	   0.04551	[mu,kappa]: [(104.48355,302.48928),65.92988]
	2755.79342	   0.02084	[mu,kappa]: [(138.68394,13.83198),13.15703]
	3330.71565	   0.02519	[mu,kappa]: [(102.88571,308.21686),46.23955]
	4535.11036	   0.03429	[mu,kappa]: [(94.80836,310.67957),115.20487]
	1610.48835	   0.01218	[mu,kappa]: [(108.81367,298.34211),17.75014]
	2415.71275	   0.01827	[mu,kappa]: [(87.29020,283.92717),41.71456]
	6045.62410	   0.04571	[mu,kappa]: [(124.79998,305.63184),37.64323]
	4148.91485	   0.03137	[mu,kappa]: [(91.02876,38.74099),41.51441]
	3715.42681	   0.02809	[mu,kappa]: [(117.11518,298.51296),43.80104]
	4805.37685	   0.03634	[mu,kappa]: [(102.14443,305.37816),63.71903]
	3346.17136	   0.02530	[mu,kappa]: [(146.14224,324.52611),24.08018]
	8828.98829	   0.06676	[mu,kappa]: [(92.56683,312.55557),141.18995]
	2082.31645	   0.01575	[mu,kappa]: [(104.62425,307.79353),30.52818]
	1676.17580	   0.01268	[mu,kappa]: [(92.23845,288.47532),24.86790]
	1415.30886	   0.01070	[mu,kappa]: [(69.86239,318.27908),8.15140]
	5555.32717	   0.04201	[mu,kappa]: [(106.46921,301.94851),56.86188]
	5837.14576	   0.04414	[mu,kappa]: [(120.05093,298.84525),61.91692]
	7024.22231	   0.05311	[mu,kappa]: [(106.98455,299.71384),73.52889]
	2640.21233	   0.01997	[mu,kappa]: [(100.02196,309.80033),52.85299]
	6147.02068	   0.04648	[mu,kappa]: [(107.72366,300.41053),61.31111]
	1093.76272	   0.00827	[mu,kappa]: [(94.83383,312.92464),39.76009]
			msglen: 2684343.39802 bits.
Iteration #: 34
	8245.43698	   0.06234	[mu,kappa]: [(101.76423,302.40548),103.04381]
	1647.67602	   0.01246	[mu,kappa]: [(97.19145,294.26220),18.56006]
	3980.20932	   0.03010	[mu,kappa]: [(64.83702,46.41804),4.89466]
	4563.43236	   0.03451	[mu,kappa]: [(101.97042,306.10655),60.25979]
	3811.95860	   0.02882	[mu,kappa]: [(84.66932,318.51381),138.77350]
	6621.05448	   0.05006	[mu,kappa]: [(127.67075,309.01449),30.40264]
	4573.03031	   0.03458	[mu,kappa]: [(140.63190,315.28499),37.13675]
	1152.90621	   0.00872	[mu,kappa]: [(96.12291,297.24885),16.01381]
	5418.16493	   0.04097	[mu,kappa]: [(85.45674,318.03853),144.04887]
	4906.37148	   0.03710	[mu,kappa]: [(73.95355,326.45994),95.13608]
	2018.72185	   0.01527	[mu,kappa]: [(88.24525,284.86002),36.21537]
	5987.23903	   0.04527	[mu,kappa]: [(104.46080,302.41472),66.18182]
	2705.06531	   0.02046	[mu,kappa]: [(138.08693,14.84846),13.25649]
	3338.48916	   0.02524	[mu,kappa]: [(102.92048,308.41739),45.87879]
	4632.78916	   0.03503	[mu,kappa]: [(94.78807,310.58111),116.65678]
	1600.66369	   0.01211	[mu,kappa]: [(109.50438,298.50221),17.86406]
	2454.24368	   0.01856	[mu,kappa]: [(86.48847,283.08651),48.83142]
	6108.42799	   0.04619	[mu,kappa]: [(124.74721,305.72484),37.11587]
	4138.90127	   0.03130	[mu,kappa]: [(90.99991,38.73310),41.83051]
	3749.83978	   0.02835	[mu,kappa]: [(117.10288,298.41137),43.58494]
	4787.99264	   0.03620	[mu,kappa]: [(102.04803,305.39913),63.82044]
	3385.02510	   0.02560	[mu,kappa]: [(146.36929,324.99328),24.08069]
	8948.92969	   0.06766	[mu,kappa]: [(92.61740,312.48106),140.38438]
	2088.21300	   0.01579	[mu,kappa]: [(104.88047,308.07800),30.97053]
	1573.15402	   0.01190	[mu,kappa]: [(92.10216,288.43495),25.15241]
	1463.06322	   0.01107	[mu,kappa]: [(66.59557,321.40745),8.85010]
	5532.81377	   0.04184	[mu,kappa]: [(106.51886,301.86640),56.79032]
	5866.52136	   0.04436	[mu,kappa]: [(119.97759,298.81055),61.76914]
	7052.33489	   0.05332	[mu,kappa]: [(107.03174,299.51750),74.62059]
	2655.59346	   0.02008	[mu,kappa]: [(100.00852,309.95323),53.00713]
	6150.28198	   0.04650	[mu,kappa]: [(107.78963,300.24766),61.74525]
	1089.45525	   0.00824	[mu,kappa]: [(95.06812,312.94264),41.77695]
			msglen: 2683868.36534 bits.
Iteration #: 35
	8300.50248	   0.06276	[mu,kappa]: [(101.63114,302.33569),105.52416]
	1572.43470	   0.01189	[mu,kappa]: [(97.66658,294.64464),18.49750]
	3850.45708	   0.02912	[mu,kappa]: [(65.19739,47.99719),5.10855]
	4550.18510	   0.03441	[mu,kappa]: [(101.88620,306.15574),60.06614]
	3867.41484	   0.02924	[mu,kappa]: [(84.51037,318.59299),139.65051]
	6692.13307	   0.05060	[mu,kappa]: [(127.55343,309.01487),30.01575]
	4559.16798	   0.03447	[mu,kappa]: [(140.63991,315.25569),37.35256]
	1103.25897	   0.00835	[mu,kappa]: [(96.62143,297.62352),16.17241]
	5463.34486	   0.04131	[mu,kappa]: [(85.34257,318.10570),143.27508]
	4730.83410	   0.03577	[mu,kappa]: [(73.86803,326.53828),98.16207]
	1940.03528	   0.01467	[mu,kappa]: [(87.69940,284.38355),38.79892]
	5957.13090	   0.04504	[mu,kappa]: [(104.43689,302.33964),66.37681]
	2659.55319	   0.02011	[mu,kappa]: [(137.46418,15.80461),13.34268]
	3348.02728	   0.02532	[mu,kappa]: [(102.94934,308.60874),45.48676]
	4723.16829	   0.03571	[mu,kappa]: [(94.75811,310.48934),117.60465]
	1598.20732	   0.01209	[mu,kappa]: [(110.13669,298.56524),17.94608]
	2501.29492	   0.01892	[mu,kappa]: [(85.81024,282.34984),57.57073]
	6166.37498	   0.04663	[mu,kappa]: [(124.70191,305.81548),36.67653]
	4130.73273	   0.03123	[mu,kappa]: [(90.97689,38.71997),42.12804]
	3777.96038	   0.02857	[mu,kappa]: [(117.08073,298.32127),43.27079]
	4771.11816	   0.03608	[mu,kappa]: [(101.95225,305.41680),63.82854]
	3423.94738	   0.02589	[mu,kappa]: [(146.59998,325.53665),24.08913]
	9063.87800	   0.06853	[mu,kappa]: [(92.65376,312.42095),139.37441]
	2096.81812	   0.01586	[mu,kappa]: [(105.09321,308.32807),31.35273]
	1472.69518	   0.01114	[mu,kappa]: [(92.07297,288.52140),25.10957]
	1534.12706	   0.01160	[mu,kappa]: [(63.80160,324.45635),9.81566]
	5511.13373	   0.04167	[mu,kappa]: [(106.56294,301.78423),56.68076]
	5882.96672	   0.04448	[mu,kappa]: [(119.90946,298.80397),61.58263]
	7082.75988	   0.05355	[mu,kappa]: [(107.07201,299.32429),75.68280]
	2671.64623	   0.02020	[mu,kappa]: [(99.98532,310.09519),53.02382]
	6154.32331	   0.04653	[mu,kappa]: [(107.84635,300.08593),62.14937]
	1090.36777	   0.00825	[mu,kappa]: [(95.22981,312.94670),43.52550]
			msglen: 2683415.99257 bits.
Iteration #: 36
	8354.03443	   0.06317	[mu,kappa]: [(101.50464,302.27014),107.89481]
	1515.07767	   0.01146	[mu,kappa]: [(98.09090,295.00425),18.36938]
	3717.94807	   0.02811	[mu,kappa]: [(65.51829,49.61696),5.35907]
	4537.40791	   0.03431	[mu,kappa]: [(101.80438,306.20306),59.79284]
	3913.70021	   0.02959	[mu,kappa]: [(84.36668,318.66376),140.10797]
	6755.86133	   0.05108	[mu,kappa]: [(127.44998,308.99900),29.69281]
	4542.92999	   0.03435	[mu,kappa]: [(140.64025,315.20805),37.64068]
	1066.55038	   0.00807	[mu,kappa]: [(96.99890,297.95330),16.25595]
	5497.38907	   0.04157	[mu,kappa]: [(85.24776,318.16315),142.26982]
	4559.56791	   0.03448	[mu,kappa]: [(73.81716,326.58823),101.90623]
	1853.75906	   0.01402	[mu,kappa]: [(87.23891,284.03856),40.78444]
	5927.08145	   0.04482	[mu,kappa]: [(104.41312,302.26749),66.50733]
	2618.92428	   0.01980	[mu,kappa]: [(136.81343,16.71554),13.41498]
	3358.77061	   0.02540	[mu,kappa]: [(102.97437,308.78844),45.08898]
	4804.48932	   0.03633	[mu,kappa]: [(94.72324,310.40532),118.12916]
	1602.33419	   0.01212	[mu,kappa]: [(110.69325,298.53252),17.97716]
	2551.09931	   0.01929	[mu,kappa]: [(85.28580,281.75254),67.57496]
	6219.40091	   0.04703	[mu,kappa]: [(124.66315,305.90284),36.32323]
	4125.06996	   0.03119	[mu,kappa]: [(90.95764,38.70299),42.40690]
	3799.72150	   0.02873	[mu,kappa]: [(117.05139,298.24699),42.87988]
	4754.46843	   0.03595	[mu,kappa]: [(101.85922,305.43323),63.75163]
	3463.16836	   0.02619	[mu,kappa]: [(146.83196,326.14592),24.10644]
	9169.54217	   0.06933	[mu,kappa]: [(92.67969,312.37540),138.21241]
	2107.01088	   0.01593	[mu,kappa]: [(105.26925,308.54292),31.68004]
	1384.59380	   0.01047	[mu,kappa]: [(92.09495,288.72035),24.73463]
	1617.34281	   0.01223	[mu,kappa]: [(61.66084,327.21086),10.92649]
	5489.67411	   0.04151	[mu,kappa]: [(106.60238,301.70565),56.52938]
	5888.38484	   0.04452	[mu,kappa]: [(119.84814,298.82525),61.39687]
	7112.76353	   0.05378	[mu,kappa]: [(107.10663,299.13926),76.68853]
	2687.68623	   0.02032	[mu,kappa]: [(99.95657,310.22500),52.94134]
	6157.67558	   0.04656	[mu,kappa]: [(107.89508,299.93022),62.50929]
	1094.57171	   0.00828	[mu,kappa]: [(95.33418,312.93545),44.99524]
			msglen: 2683024.93124 bits.
Iteration #: 37
	8402.96495	   0.06354	[mu,kappa]: [(101.38758,302.21211),110.14503]
	1476.52974	   0.01117	[mu,kappa]: [(98.39917,295.29723),18.16363]
	3592.37588	   0.02716	[mu,kappa]: [(65.72717,51.13215),5.62911]
	4524.70527	   0.03421	[mu,kappa]: [(101.72811,306.24987),59.46788]
	3951.43121	   0.02988	[mu,kappa]: [(84.23649,318.72763),140.32394]
	6812.37934	   0.05151	[mu,kappa]: [(127.36037,308.96857),29.42411]
	4525.29091	   0.03422	[mu,kappa]: [(140.63412,315.14082),38.00078]
	1043.02287	   0.00789	[mu,kappa]: [(97.19836,298.19700),16.24240]
	5521.49344	   0.04175	[mu,kappa]: [(85.16969,318.21271),141.18514]
	4400.08521	   0.03327	[mu,kappa]: [(73.79096,326.61538),106.18756]
	1768.80651	   0.01338	[mu,kappa]: [(86.84428,283.83980),41.82924]
	5896.51813	   0.04459	[mu,kappa]: [(104.39199,302.20163),66.58358]
	2582.37155	   0.01953	[mu,kappa]: [(136.13563,17.59413),13.47432]
	3369.86703	   0.02548	[mu,kappa]: [(102.99854,308.95396),44.71467]
	4875.65637	   0.03687	[mu,kappa]: [(94.68780,310.33022),118.34464]
	1611.89493	   0.01219	[mu,kappa]: [(111.16789,298.41301),17.94923]
	2594.85120	   0.01962	[mu,kappa]: [(84.92826,281.30229),78.06310]
	6267.61491	   0.04739	[mu,kappa]: [(124.63010,305.98554),36.05049]
	4122.56022	   0.03117	[mu,kappa]: [(90.93841,38.68537),42.66430]
	3815.52942	   0.02885	[mu,kappa]: [(117.01748,298.19130),42.43977]
	4737.62107	   0.03582	[mu,kappa]: [(101.77213,305.45048),63.61318]
	3502.94902	   0.02649	[mu,kappa]: [(147.06184,326.81124),24.13291]
	9263.21331	   0.07004	[mu,kappa]: [(92.69889,312.34403),136.98859]
	2117.63094	   0.01601	[mu,kappa]: [(105.41687,308.72270),31.96773]
	1317.03912	   0.00996	[mu,kappa]: [(92.08475,288.99534),24.08566]
	1697.17450	   0.01284	[mu,kappa]: [(60.16132,329.54222),12.01455]
	5468.07089	   0.04135	[mu,kappa]: [(106.63932,301.63403),56.34698]
	5885.39687	   0.04450	[mu,kappa]: [(119.79436,298.87203),61.24702]
	7140.35672	   0.05399	[mu,kappa]: [(107.13802,298.96710),77.63467]
	2702.84482	   0.02044	[mu,kappa]: [(99.92668,310.34158),52.80527]
	6159.38644	   0.04657	[mu,kappa]: [(107.93824,299.78507),62.82864]
	1100.36721	   0.00832	[mu,kappa]: [(95.39582,312.90996),46.21044]
			msglen: 2682719.11243 bits.
Iteration #: 38
	8445.79213	   0.06386	[mu,kappa]: [(101.28240,302.16388),112.29256]
	1454.67216	   0.01100	[mu,kappa]: [(98.56202,295.50285),17.88761]
	3480.77832	   0.02632	[mu,kappa]: [(65.78774,52.43300),5.89320]
	4511.75443	   0.03412	[mu,kappa]: [(101.66060,306.29720),59.12831]
	3981.31831	   0.03011	[mu,kappa]: [(84.11796,318.78585),140.43667]
	6862.25034	   0.05189	[mu,kappa]: [(127.28416,308.92612),29.19873]
	4507.24940	   0.03408	[mu,kappa]: [(140.62249,315.05461),38.43144]
	1031.09229	   0.00780	[mu,kappa]: [(97.20170,298.33731),16.13108]
	5536.69255	   0.04186	[mu,kappa]: [(85.10586,318.25578),140.13538]
	4259.40148	   0.03221	[mu,kappa]: [(73.77482,326.63087),110.64210]
	1694.73395	   0.01282	[mu,kappa]: [(86.48458,283.78708),41.85856]
	5865.39009	   0.04435	[mu,kappa]: [(104.37609,302.14444),66.62936]
	2548.57545	   0.01927	[mu,kappa]: [(135.43563,18.44752),13.52345]
	3380.42755	   0.02556	[mu,kappa]: [(103.02513,309.10331),44.39325]
	4936.59159	   0.03733	[mu,kappa]: [(94.65507,310.26457),118.37486]
	1625.45273	   0.01229	[mu,kappa]: [(111.56656,298.22337),17.87093]
	2625.37975	   0.01985	[mu,kappa]: [(84.72681,280.97592),88.22990]
	6311.29097	   0.04772	[mu,kappa]: [(124.60187,306.06255),35.84845]
	4123.34989	   0.03118	[mu,kappa]: [(90.91353,38.67189),42.89800]
	3826.18340	   0.02893	[mu,kappa]: [(116.98105,298.15496),41.97879]
	4720.31334	   0.03569	[mu,kappa]: [(101.69419,305.47017),63.44795]
	3543.50279	   0.02679	[mu,kappa]: [(147.28509,327.52315),24.16729]
	9344.19418	   0.07065	[mu,kappa]: [(92.71431,312.32568),135.80000]
	2127.66716	   0.01609	[mu,kappa]: [(105.54523,308.86920),32.23890]
	1273.06714	   0.00963	[mu,kappa]: [(91.96760,289.30613),23.27182]
	1760.89058	   0.01332	[mu,kappa]: [(59.16406,331.43905),12.97155]
	5446.38049	   0.04118	[mu,kappa]: [(106.67608,301.57169),56.15407]
	5876.80542	   0.04444	[mu,kappa]: [(119.74790,298.93999),61.15694]
	7164.84629	   0.05417	[mu,kappa]: [(107.16863,298.81085),78.53668]
	2716.30861	   0.02054	[mu,kappa]: [(99.89983,310.44424),52.66375]
	6159.29712	   0.04657	[mu,kappa]: [(107.97834,299.65348),63.12377]
	1106.35010	   0.00837	[mu,kappa]: [(95.42894,312.87313),47.22789]
			msglen: 2682492.65577 bits.
			N: 132248
		20.28381 bpr
Null model msglen: 3118813.14029 bits.	(23.58306 bpr)
