Iteration #: 0
	3865.00000	   0.02923	[mu,kappa]: [(104.63483,311.31185),6.59061]
	3793.00000	   0.02868	[mu,kappa]: [(105.23481,311.06716),6.85722]
	3880.00000	   0.02934	[mu,kappa]: [(105.13756,310.35703),7.24490]
	3872.00000	   0.02928	[mu,kappa]: [(104.55197,310.60017),7.04605]
	3792.00000	   0.02867	[mu,kappa]: [(105.26225,310.62953),7.13856]
	3962.00000	   0.02996	[mu,kappa]: [(105.13283,310.82445),7.19232]
	3949.00000	   0.02986	[mu,kappa]: [(105.29360,310.65081),7.00362]
	3939.00000	   0.02978	[mu,kappa]: [(105.80594,310.83798),6.88252]
	3857.00000	   0.02916	[mu,kappa]: [(105.35262,311.05806),6.38684]
	3842.00000	   0.02905	[mu,kappa]: [(105.13120,310.65426),6.80864]
	3880.00000	   0.02934	[mu,kappa]: [(104.61015,311.22390),6.58859]
	3792.00000	   0.02867	[mu,kappa]: [(105.08948,310.66482),6.88128]
	3869.00000	   0.02926	[mu,kappa]: [(105.58791,310.90992),6.94264]
	3838.00000	   0.02902	[mu,kappa]: [(105.31126,310.56974),7.06329]
	3851.00000	   0.02912	[mu,kappa]: [(105.28505,310.94873),6.89633]
	3821.00000	   0.02889	[mu,kappa]: [(104.90227,310.44720),7.04502]
	3912.00000	   0.02958	[mu,kappa]: [(105.02462,310.92419),6.86715]
	3955.00000	   0.02991	[mu,kappa]: [(105.59747,310.60473),6.89161]
	3924.00000	   0.02967	[mu,kappa]: [(105.91860,310.76905),6.92740]
	3970.00000	   0.03002	[mu,kappa]: [(105.07727,311.13557),6.62529]
	3871.00000	   0.02927	[mu,kappa]: [(105.32170,310.90505),7.02565]
	3818.00000	   0.02887	[mu,kappa]: [(105.39612,310.77262),6.89151]
	3867.00000	   0.02924	[mu,kappa]: [(105.22038,310.74259),6.98283]
	3876.00000	   0.02931	[mu,kappa]: [(105.23844,310.43518),7.05791]
	3976.00000	   0.03006	[mu,kappa]: [(105.20890,310.42568),7.36964]
	3961.00000	   0.02995	[mu,kappa]: [(105.31982,310.57534),6.74890]
	3863.00000	   0.02921	[mu,kappa]: [(104.92517,310.58269),6.92486]
	3941.00000	   0.02980	[mu,kappa]: [(105.00071,310.47590),6.68316]
	3895.00000	   0.02945	[mu,kappa]: [(105.27324,311.17593),6.61354]
	3940.00000	   0.02979	[mu,kappa]: [(105.57579,310.44440),6.85259]
	3874.00000	   0.02929	[mu,kappa]: [(105.58974,310.59321),7.15499]
	4043.00000	   0.03057	[mu,kappa]: [(104.78956,310.82639),6.69067]
	3892.00000	   0.02943	[mu,kappa]: [(105.40199,310.74132),6.98985]
	3868.00000	   0.02925	[mu,kappa]: [(104.96455,310.60894),7.16705]
			msglen: 0.00000 bits.
Iteration #: 1
	3873.86996	   0.02929	[mu,kappa]: [(104.70256,312.69927),5.73079]
	3788.01426	   0.02864	[mu,kappa]: [(105.23255,311.13719),6.69216]
	3889.54466	   0.02941	[mu,kappa]: [(105.13253,309.29345),8.32261]
	3869.43011	   0.02926	[mu,kappa]: [(104.69502,310.09239),7.51633]
	3793.42956	   0.02868	[mu,kappa]: [(105.24008,309.78107),7.83369]
	3964.91487	   0.02998	[mu,kappa]: [(105.12387,309.75465),7.96142]
	3945.26547	   0.02983	[mu,kappa]: [(105.28269,310.24514),7.34075]
	3933.33854	   0.02974	[mu,kappa]: [(105.70118,310.83295),6.84892]
	3886.52106	   0.02939	[mu,kappa]: [(105.25988,313.70998),5.17100]
	3837.00032	   0.02901	[mu,kappa]: [(105.16443,311.02165),6.65419]
	3888.32634	   0.02940	[mu,kappa]: [(104.68651,312.63046),5.74820]
	3786.70046	   0.02863	[mu,kappa]: [(105.12889,310.72755),6.90419]
	3863.68022	   0.02922	[mu,kappa]: [(105.51732,310.65465),7.03644]
	3836.52222	   0.02901	[mu,kappa]: [(105.29164,309.98059),7.58191]
	3845.62253	   0.02908	[mu,kappa]: [(105.27557,310.87864),6.86481]
	3819.20530	   0.02888	[mu,kappa]: [(104.97582,309.97148),7.56263]
	3906.64388	   0.02954	[mu,kappa]: [(105.06755,310.98987),6.77227]
	3949.44014	   0.02986	[mu,kappa]: [(105.53806,310.62300),6.95700]
	3918.43899	   0.02963	[mu,kappa]: [(105.78933,310.59819),7.02559]
	3974.95231	   0.03006	[mu,kappa]: [(105.08702,312.32373),5.89583]
	3867.07221	   0.02924	[mu,kappa]: [(105.29486,310.35097),7.33277]
	3812.70962	   0.02883	[mu,kappa]: [(105.37104,310.75803),6.90407]
	3862.65539	   0.02921	[mu,kappa]: [(105.22373,310.39021),7.23662]
	3874.80526	   0.02930	[mu,kappa]: [(105.23896,309.90671),7.60977]
	3994.87997	   0.03021	[mu,kappa]: [(105.16070,309.01081),8.75509]
	3956.73085	   0.02992	[mu,kappa]: [(105.31959,311.21798),6.47259]
	3857.86336	   0.02917	[mu,kappa]: [(104.99872,310.50050),7.08532]
	3938.24136	   0.02978	[mu,kappa]: [(105.06073,311.45835),6.27672]
	3901.04392	   0.02950	[mu,kappa]: [(105.24659,312.41720),5.84781]
	3934.20226	   0.02975	[mu,kappa]: [(105.52806,310.65862),6.87152]
	3876.34514	   0.02931	[mu,kappa]: [(105.49601,309.69418),7.89970]
	4041.84725	   0.03056	[mu,kappa]: [(104.87339,311.72512),6.19848]
	3887.75052	   0.02940	[mu,kappa]: [(105.36788,310.35713),7.26023]
	3870.99172	   0.02927	[mu,kappa]: [(105.00305,309.69148),7.94955]
			msglen: 2805500.46512 bits.
Iteration #: 2
	3951.03228	   0.02988	[mu,kappa]: [(104.46836,319.59916),3.81089]
	3709.03457	   0.02805	[mu,kappa]: [(105.38569,311.03800),6.84504]
	4019.03535	   0.03039	[mu,kappa]: [(104.91882,306.83390),12.96071]
	3861.62767	   0.02920	[mu,kappa]: [(104.79918,308.18867),10.04426]
	3833.77175	   0.02899	[mu,kappa]: [(105.12368,307.54166),11.20488]
	4027.39923	   0.03045	[mu,kappa]: [(105.00013,307.38379),11.64637]
	3914.12278	   0.02960	[mu,kappa]: [(105.29151,308.57379),9.35086]
	3857.01541	   0.02917	[mu,kappa]: [(105.73975,310.22682),7.45131]
	4339.80333	   0.03282	[mu,kappa]: [(103.35017,330.62067),2.67095]
	3756.51338	   0.02841	[mu,kappa]: [(105.33875,311.10482),6.75699]
	3957.31829	   0.02992	[mu,kappa]: [(104.48432,319.29949),3.86007]
	3716.05405	   0.02810	[mu,kappa]: [(105.27464,309.98987),7.68323]
	3800.85255	   0.02874	[mu,kappa]: [(105.55052,309.53794),8.14887]
	3839.00232	   0.02903	[mu,kappa]: [(105.23283,307.99582),10.27743]
	3771.32015	   0.02852	[mu,kappa]: [(105.39566,310.21734),7.49800]
	3819.31725	   0.02888	[mu,kappa]: [(105.00067,308.03498),10.23371]
	3826.96438	   0.02894	[mu,kappa]: [(105.24438,310.62628),7.15616]
	3879.82954	   0.02934	[mu,kappa]: [(105.58785,309.74499),7.88840]
	3854.34288	   0.02914	[mu,kappa]: [(105.76876,309.52438),8.12271]
	3990.34796	   0.03017	[mu,kappa]: [(105.03777,317.30888),4.26194]
	3834.41015	   0.02899	[mu,kappa]: [(105.30077,308.65031),9.28428]
	3741.62399	   0.02829	[mu,kappa]: [(105.46558,310.00354),7.66793]
	3819.54580	   0.02888	[mu,kappa]: [(105.27267,308.88252),8.94050]
	3882.16130	   0.02936	[mu,kappa]: [(105.18657,307.91575),10.40326]
	4212.07585	   0.03185	[mu,kappa]: [(104.83649,306.43078),14.32761]
	3876.58732	   0.02931	[mu,kappa]: [(105.47433,312.08215),6.12180]
	3799.80077	   0.02873	[mu,kappa]: [(105.13614,309.32501),8.38500]
	3872.30177	   0.02928	[mu,kappa]: [(105.23677,313.39396),5.46708]
	3931.84060	   0.02973	[mu,kappa]: [(105.13471,317.90035),4.13266]
	3859.60621	   0.02918	[mu,kappa]: [(105.59966,310.03506),7.58730]
	3928.68628	   0.02971	[mu,kappa]: [(105.29737,307.40856),11.43398]
	3986.02301	   0.03014	[mu,kappa]: [(105.04663,314.17064),5.17706]
	3847.14966	   0.02909	[mu,kappa]: [(105.37791,308.80541),9.02815]
	3931.48216	   0.02973	[mu,kappa]: [(104.91604,307.37269),11.64080]
			msglen: 2777725.09693 bits.
Iteration #: 3
	3713.98056	   0.02808	[mu,kappa]: [(105.01473,335.89461),2.75463]
	3340.80027	   0.02526	[mu,kappa]: [(105.88891,308.50153),9.59565]
	4682.78776	   0.03541	[mu,kappa]: [(104.21775,305.13372),21.52646]
	4039.95095	   0.03055	[mu,kappa]: [(104.41372,305.89075),16.54991]
	4199.49197	   0.03175	[mu,kappa]: [(104.51494,305.49218),18.55512]
	4484.08874	   0.03391	[mu,kappa]: [(104.37194,305.41068),19.32554]
	3973.24736	   0.03004	[mu,kappa]: [(104.93582,306.11915),15.17428]
	3578.97769	   0.02706	[mu,kappa]: [(105.89422,307.54549),11.07011]
	6132.41055	   0.04637	[mu,kappa]: [(92.44754,19.52101),2.37777]
	3370.26616	   0.02548	[mu,kappa]: [(105.89649,308.64350),9.38654]
	3686.88738	   0.02788	[mu,kappa]: [(105.21521,334.54196),2.81586]
	3486.74851	   0.02637	[mu,kappa]: [(105.41394,307.30349),11.66052]
	3648.08415	   0.02759	[mu,kappa]: [(105.47003,306.85719),12.67444]
	4054.57855	   0.03066	[mu,kappa]: [(104.72141,305.75102),16.90865]
	3506.21968	   0.02651	[mu,kappa]: [(105.58848,307.51964),11.20681]
	4027.48785	   0.03045	[mu,kappa]: [(104.54462,305.79011),16.86822]
	3498.50188	   0.02645	[mu,kappa]: [(105.61580,307.98538),10.39094]
	3678.04235	   0.02781	[mu,kappa]: [(105.59354,307.06858),12.10153]
	3695.40868	   0.02794	[mu,kappa]: [(105.65853,306.85327),12.59711]
	3529.21268	   0.02669	[mu,kappa]: [(106.61508,325.73313),3.41271]
	3880.05866	   0.02934	[mu,kappa]: [(104.95620,306.16256),15.03813]
	3508.35145	   0.02653	[mu,kappa]: [(105.57696,307.31092),11.60443]
	3805.74311	   0.02878	[mu,kappa]: [(105.01495,306.33671),14.36760]
	4121.76465	   0.03117	[mu,kappa]: [(104.66694,305.70851),17.14464]
	5117.70587	   0.03870	[mu,kappa]: [(104.09395,304.93521),23.73638]
	3384.85684	   0.02560	[mu,kappa]: [(106.38637,310.22777),7.72322]
	3688.94635	   0.02789	[mu,kappa]: [(105.05818,306.69548),13.23930]
	3315.06808	   0.02507	[mu,kappa]: [(106.60672,313.00902),6.02734]
	3525.91164	   0.02666	[mu,kappa]: [(106.53933,328.20968),3.20514]
	3605.87613	   0.02727	[mu,kappa]: [(105.72118,307.37132),11.41431]
	4339.50133	   0.03281	[mu,kappa]: [(104.62861,305.40720),18.91784]
	3400.85238	   0.02572	[mu,kappa]: [(106.61211,314.91245),5.30408]
	3848.64600	   0.02910	[mu,kappa]: [(105.07838,306.27730),14.52873]
	4377.54379	   0.03310	[mu,kappa]: [(104.30835,305.41428),19.33424]
			msglen: 2742410.30254 bits.
Iteration #: 4
	3199.14501	   0.02419	[mu,kappa]: [(109.07881,344.86159),2.69257]
	3139.32492	   0.02374	[mu,kappa]: [(106.19505,307.08140),11.36994]
	5184.95239	   0.03921	[mu,kappa]: [(103.46703,304.75596),27.64915]
	4221.85195	   0.03192	[mu,kappa]: [(103.68863,305.27207),20.71384]
	4494.88872	   0.03399	[mu,kappa]: [(103.76339,304.97757),23.45931]
	4844.38256	   0.03663	[mu,kappa]: [(103.61295,304.93542),24.55405]
	4073.30534	   0.03080	[mu,kappa]: [(104.28937,305.37717),18.75121]
	3451.13263	   0.02610	[mu,kappa]: [(105.82219,306.34824),13.22088]
	7268.18595	   0.05496	[mu,kappa]: [(88.33230,34.03622),3.56910]
	3154.77421	   0.02386	[mu,kappa]: [(106.27300,307.19805),11.11143]
	3156.24771	   0.02387	[mu,kappa]: [(109.53935,342.66873),2.74902]
	3394.71219	   0.02567	[mu,kappa]: [(105.16319,306.19608),14.03542]
	3607.67118	   0.02728	[mu,kappa]: [(105.07954,305.86169),15.34124]
	4252.34765	   0.03215	[mu,kappa]: [(104.00156,305.13853),21.15149]
	3388.38316	   0.02562	[mu,kappa]: [(105.44291,306.34390),13.43095]
	4224.10397	   0.03194	[mu,kappa]: [(103.81880,305.18701),21.12796]
	3334.39408	   0.02521	[mu,kappa]: [(105.65335,306.69457),12.39355]
	3605.62851	   0.02726	[mu,kappa]: [(105.29747,306.01132),14.58104]
	3649.75984	   0.02760	[mu,kappa]: [(105.30133,305.84672),15.21413]
	2941.08466	   0.02224	[mu,kappa]: [(111.75824,328.31259),3.43010]
	3970.26958	   0.03002	[mu,kappa]: [(104.31696,305.40438),18.56269]
	3412.48165	   0.02580	[mu,kappa]: [(105.35768,306.19052),13.94187]
	3858.59275	   0.02918	[mu,kappa]: [(104.42108,305.52419),17.65218]
	4336.13474	   0.03279	[mu,kappa]: [(103.94039,305.11526),21.48600]
	5797.29970	   0.04383	[mu,kappa]: [(103.36325,304.62127),30.75178]
	3064.94691	   0.02318	[mu,kappa]: [(107.58115,308.50234),9.02924]
	3680.53009	   0.02783	[mu,kappa]: [(104.56100,305.77895),16.14520]
	2883.13285	   0.02180	[mu,kappa]: [(109.04613,311.13341),6.89997]
	2955.17335	   0.02235	[mu,kappa]: [(111.66333,332.26740),3.17852]
	3496.73891	   0.02644	[mu,kappa]: [(105.55726,306.23031),13.68174]
	4662.29223	   0.03525	[mu,kappa]: [(103.87697,304.90299),23.94114]
	2902.89972	   0.02195	[mu,kappa]: [(109.75848,313.18803),5.95257]
	3910.24583	   0.02957	[mu,kappa]: [(104.47921,305.47580),17.85781]
	4730.98505	   0.03577	[mu,kappa]: [(103.54997,304.94730),24.57848]
			msglen: 2733980.73646 bits.
Iteration #: 5
	2948.56900	   0.02230	[mu,kappa]: [(113.53918,344.51548),2.81547]
	3091.34971	   0.02338	[mu,kappa]: [(106.66365,306.69927),11.32787]
	5392.55017	   0.04077	[mu,kappa]: [(102.83380,304.81471),31.63186]
	4259.10917	   0.03221	[mu,kappa]: [(102.95557,305.27689),22.51877]
	4583.30908	   0.03466	[mu,kappa]: [(103.09080,304.99498),26.06338]
	4966.32365	   0.03755	[mu,kappa]: [(102.93740,304.97215),27.51950]
	4071.21723	   0.03078	[mu,kappa]: [(103.66527,305.29664),19.96492]
	3400.46782	   0.02571	[mu,kappa]: [(105.89207,306.04323),13.30874]
	7633.13533	   0.05771	[mu,kappa]: [(85.42577,37.88395),4.64866]
	3106.83436	   0.02349	[mu,kappa]: [(106.82088,306.80602),11.06129]
	2915.95712	   0.02205	[mu,kappa]: [(114.25215,342.06295),2.88860]
	3348.46492	   0.02532	[mu,kappa]: [(104.92513,305.95162),14.26389]
	3566.71791	   0.02697	[mu,kappa]: [(104.73778,305.65230),15.76242]
	4291.34909	   0.03245	[mu,kappa]: [(103.33459,305.11518),23.03926]
	3339.17811	   0.02525	[mu,kappa]: [(105.35202,306.06408),13.56784]
	4265.73156	   0.03226	[mu,kappa]: [(103.11762,305.18334),23.03265]
	3283.03239	   0.02483	[mu,kappa]: [(105.75256,306.37232),12.42927]
	3559.06728	   0.02691	[mu,kappa]: [(105.06876,305.77218),14.86826]
	3606.53997	   0.02727	[mu,kappa]: [(105.03692,305.62016),15.59346]
	2796.74607	   0.02115	[mu,kappa]: [(117.39265,326.71842),3.73726]
	3965.45617	   0.02998	[mu,kappa]: [(103.69851,305.31671),19.72659]
	3365.13779	   0.02545	[mu,kappa]: [(105.19396,305.93074),14.14173]
	3841.93348	   0.02905	[mu,kappa]: [(103.83286,305.41368),18.59258]
	4382.68496	   0.03314	[mu,kappa]: [(103.26699,305.10215),23.47767]
	6117.42282	   0.04626	[mu,kappa]: [(102.77313,304.68275),35.75944]
	3029.65471	   0.02291	[mu,kappa]: [(109.21846,307.97281),9.00122]
	3648.59316	   0.02759	[mu,kappa]: [(104.03534,305.62891),16.76180]
	2858.87765	   0.02162	[mu,kappa]: [(112.15718,310.35905),7.07716]
	2785.18257	   0.02106	[mu,kappa]: [(117.24508,330.78574),3.43971]
	3446.91551	   0.02606	[mu,kappa]: [(105.48658,305.95448),13.83627]
	4761.17059	   0.03600	[mu,kappa]: [(103.22985,304.91049),26.68032]
	2872.13059	   0.02172	[mu,kappa]: [(113.62267,312.21703),6.23819]
	3895.07925	   0.02945	[mu,kappa]: [(103.90414,305.36353),18.83736]
	4852.11078	   0.03669	[mu,kappa]: [(102.86711,304.99265),27.55972]
			msglen: 2731444.05876 bits.
Iteration #: 6
	2800.94955	   0.02118	[mu,kappa]: [(116.10114,341.22916),2.97718]
	3083.31706	   0.02332	[mu,kappa]: [(107.18266,306.58562),10.87861]
	5517.53155	   0.04172	[mu,kappa]: [(102.36325,304.94049),35.22649]
	4249.52536	   0.03213	[mu,kappa]: [(102.25385,305.44055),23.60511]
	4607.58452	   0.03484	[mu,kappa]: [(102.53258,305.12508),28.06287]
	5016.23631	   0.03793	[mu,kappa]: [(102.38942,305.11326),29.93124]
	4033.90600	   0.03050	[mu,kappa]: [(103.05276,305.37413),20.44511]
	3368.87331	   0.02547	[mu,kappa]: [(105.99104,305.94540),12.86843]
	7733.98872	   0.05848	[mu,kappa]: [(83.05054,40.02344),5.68947]
	3102.54007	   0.02346	[mu,kappa]: [(107.42910,306.69081),10.62215]
	2787.30095	   0.02108	[mu,kappa]: [(117.09852,338.82440),3.08243]
	3311.93937	   0.02504	[mu,kappa]: [(104.61459,305.91800),13.89532]
	3521.58807	   0.02663	[mu,kappa]: [(104.36674,305.62480),15.52843]
	4278.65390	   0.03235	[mu,kappa]: [(102.73824,305.22694),24.23313]
	3306.19863	   0.02500	[mu,kappa]: [(105.21777,306.00113),13.14879]
	4257.14678	   0.03219	[mu,kappa]: [(102.47207,305.32415),24.23571]
	3260.03791	   0.02465	[mu,kappa]: [(105.81103,306.29417),11.97410]
	3516.19553	   0.02659	[mu,kappa]: [(104.81652,305.72187),14.53845]
	3560.01776	   0.02692	[mu,kappa]: [(104.77525,305.56689),15.33077]
	2815.70194	   0.02129	[mu,kappa]: [(121.84850,324.60908),4.19774]
	3927.67027	   0.02970	[mu,kappa]: [(103.08690,305.38968),20.15700]
	3328.28357	   0.02517	[mu,kappa]: [(104.99131,305.87540),13.75642]
	3800.19600	   0.02874	[mu,kappa]: [(103.22462,305.47328),18.80441]
	4375.00272	   0.03308	[mu,kappa]: [(102.66955,305.22166),24.78484]
	6344.51126	   0.04797	[mu,kappa]: [(102.36327,304.78039),40.53030]
	3072.83453	   0.02324	[mu,kappa]: [(111.16356,307.81915),8.77016]
	3605.93674	   0.02727	[mu,kappa]: [(103.43776,305.67000),16.68076]
	2955.49020	   0.02235	[mu,kappa]: [(115.64460,310.12172),7.22468]
	2764.36374	   0.02090	[mu,kappa]: [(121.40620,328.24083),3.83489]
	3410.71232	   0.02579	[mu,kappa]: [(105.40639,305.88061),13.42653]
	4791.35257	   0.03623	[mu,kappa]: [(102.71384,305.01881),28.84520]
	2986.87854	   0.02259	[mu,kappa]: [(117.72582,311.84257),6.56353]
	3852.41666	   0.02913	[mu,kappa]: [(103.32472,305.41438),19.08892]
	4903.11759	   0.03707	[mu,kappa]: [(102.30858,305.14385),29.98545]
			msglen: 2729591.97164 bits.
Iteration #: 7
	2697.65088	   0.02040	[mu,kappa]: [(116.20950,338.01098),3.09262]
	3079.28145	   0.02328	[mu,kappa]: [(107.55098,306.53097),10.47294]
	5625.02339	   0.04253	[mu,kappa]: [(102.07062,305.02701),38.86543]
	4226.92365	   0.03196	[mu,kappa]: [(101.59994,305.65259),24.40562]
	4613.11662	   0.03488	[mu,kappa]: [(102.11466,305.25554),29.90191]
	5046.09525	   0.03816	[mu,kappa]: [(101.99375,305.24715),32.23039]
	3987.50747	   0.03015	[mu,kappa]: [(102.44741,305.49147),20.65151]
	3340.87807	   0.02526	[mu,kappa]: [(105.97903,305.88406),12.39889]
	7772.43962	   0.05877	[mu,kappa]: [(81.84162,41.32429),6.53726]
	3102.16042	   0.02346	[mu,kappa]: [(107.88947,306.63613),10.23617]
	2698.86835	   0.02041	[mu,kappa]: [(117.69007,335.78414),3.23402]
	3279.81458	   0.02480	[mu,kappa]: [(104.10705,305.94639),13.42318]
	3477.23722	   0.02629	[mu,kappa]: [(103.88612,305.63918),15.13884]
	4250.35122	   0.03214	[mu,kappa]: [(102.23276,305.35971),25.17920]
	3277.60772	   0.02478	[mu,kappa]: [(104.89827,305.99411),12.66578]
	4233.72414	   0.03201	[mu,kappa]: [(101.90204,305.49738),25.17541]
	3242.09866	   0.02452	[mu,kappa]: [(105.65077,306.28154),11.50109]
	3475.56854	   0.02628	[mu,kappa]: [(104.43864,305.71243),14.09454]
	3513.76298	   0.02657	[mu,kappa]: [(104.43513,305.54229),14.93328]
	2869.87917	   0.02170	[mu,kappa]: [(125.38969,323.00982),4.75331]
	3881.61523	   0.02935	[mu,kappa]: [(102.47462,305.50414),20.31530]
	3295.04100	   0.02492	[mu,kappa]: [(104.62557,305.87038),13.28366]
	3753.48872	   0.02838	[mu,kappa]: [(102.57209,305.58169),18.75741]
	4350.91564	   0.03290	[mu,kappa]: [(102.17011,305.36045),25.85186]
	6559.93116	   0.04960	[mu,kappa]: [(102.13733,304.81667),45.46282]
	3124.31373	   0.02363	[mu,kappa]: [(113.18010,307.73874),8.71343]
	3564.13481	   0.02695	[mu,kappa]: [(102.70702,305.77635),16.38393]
	3077.36379	   0.02327	[mu,kappa]: [(119.25756,310.02735),7.64952]
	2775.59652	   0.02099	[mu,kappa]: [(124.37258,326.21099),4.27177]
	3377.98447	   0.02554	[mu,kappa]: [(105.18747,305.84870),12.95244]
	4802.17657	   0.03631	[mu,kappa]: [(102.35431,305.11551),30.88750]
	3137.37737	   0.02372	[mu,kappa]: [(121.85355,311.66965),7.18862]
	3803.52529	   0.02876	[mu,kappa]: [(102.72129,305.50627),19.08359]
	4934.54629	   0.03731	[mu,kappa]: [(101.89921,305.28987),32.29423]
			msglen: 2728122.94052 bits.
Iteration #: 8
	2620.81939	   0.01982	[mu,kappa]: [(113.74558,335.74031),3.10414]
	3066.53539	   0.02319	[mu,kappa]: [(107.66740,306.47283),10.20580]
	5726.82488	   0.04330	[mu,kappa]: [(101.95189,305.04168),42.55089]
	4199.71128	   0.03176	[mu,kappa]: [(101.00226,305.89505),24.97849]
	4609.25838	   0.03485	[mu,kappa]: [(101.85312,305.35321),31.63310]
	5065.85009	   0.03830	[mu,kappa]: [(101.76017,305.33975),34.45834]
	3940.84430	   0.02980	[mu,kappa]: [(101.85927,305.63142),20.67188]
	3312.08298	   0.02505	[mu,kappa]: [(105.78816,305.82519),12.02565]
	7798.23989	   0.05896	[mu,kappa]: [(81.53246,42.01153),7.06061]
	3091.48612	   0.02338	[mu,kappa]: [(108.10042,306.57310),9.99445]
	2624.37927	   0.01985	[mu,kappa]: [(116.11521,333.69629),3.27757]
	3253.87033	   0.02460	[mu,kappa]: [(103.32549,306.02873),12.97011]
	3438.21725	   0.02600	[mu,kappa]: [(103.25969,305.68226),14.72160]
	4215.21568	   0.03187	[mu,kappa]: [(101.83968,305.48631),25.94396]
	3251.89688	   0.02459	[mu,kappa]: [(104.30989,306.02442),12.23902]
	4203.80569	   0.03179	[mu,kappa]: [(101.42312,305.67946),25.91165]
	3223.14682	   0.02437	[mu,kappa]: [(105.16318,306.30497),11.11646]
	3439.33426	   0.02601	[mu,kappa]: [(103.88486,305.72750),13.66636]
	3471.25976	   0.02625	[mu,kappa]: [(103.98705,305.52651),14.53521]
	2919.65634	   0.02208	[mu,kappa]: [(128.69904,321.87979),5.46457]
	3835.91643	   0.02901	[mu,kappa]: [(101.86981,305.64357),20.29144]
	3265.71963	   0.02469	[mu,kappa]: [(104.02704,305.89957),12.84855]
	3710.25750	   0.02806	[mu,kappa]: [(101.87104,305.72757),18.55195]
	4319.27661	   0.03266	[mu,kappa]: [(101.78947,305.49072),26.74221]
	6777.41319	   0.05124	[mu,kappa]: [(102.08052,304.76601),50.50055]
	3162.27600	   0.02391	[mu,kappa]: [(115.23904,307.58113),8.94553]
	3530.98722	   0.02670	[mu,kappa]: [(101.80734,305.94717),15.98617]
	3214.50403	   0.02431	[mu,kappa]: [(123.02358,309.86239),8.59273]
	2774.03372	   0.02098	[mu,kappa]: [(126.86139,324.82770),4.73902]
	3347.17167	   0.02531	[mu,kappa]: [(104.76238,305.83532),12.54027]
	4804.38246	   0.03633	[mu,kappa]: [(102.16837,305.16523),32.86400]
	3321.03090	   0.02511	[mu,kappa]: [(126.07399,311.46369),8.41865]
	3756.80786	   0.02841	[mu,kappa]: [(102.09612,305.62427),18.92196]
	4955.78777	   0.03747	[mu,kappa]: [(101.64753,305.39737),34.52482]
			msglen: 2726618.78858 bits.
Iteration #: 9
	2555.11216	   0.01932	[mu,kappa]: [(108.60788,334.47943),3.03952]
	3032.01927	   0.02293	[mu,kappa]: [(107.48798,306.36294),10.12325]
	5826.87827	   0.04406	[mu,kappa]: [(101.98332,304.97458),46.21928]
	4170.40239	   0.03153	[mu,kappa]: [(100.44189,306.16927),25.37119]
	4599.02554	   0.03478	[mu,kappa]: [(101.74038,305.40238),33.27730]
	5078.63850	   0.03840	[mu,kappa]: [(101.67493,305.37614),36.61605]
	3896.19331	   0.02946	[mu,kappa]: [(101.27937,305.79478),20.57513]
	3274.12541	   0.02476	[mu,kappa]: [(105.37861,305.75003),11.81709]
	7821.86116	   0.05914	[mu,kappa]: [(81.76019,42.35595),7.35457]
	3056.51261	   0.02311	[mu,kappa]: [(108.02266,306.44688),9.94159]
	2541.17356	   0.01922	[mu,kappa]: [(112.44452,332.57916),3.22629]
	3232.22439	   0.02444	[mu,kappa]: [(102.20640,306.18309),12.61171]
	3403.44406	   0.02574	[mu,kappa]: [(102.45350,305.76270),14.36135]
	4175.58784	   0.03157	[mu,kappa]: [(101.55822,305.59548),26.57408]
	3224.10628	   0.02438	[mu,kappa]: [(103.39134,306.09580),11.93623]
	4169.50213	   0.03153	[mu,kappa]: [(101.02621,305.86410),26.48752]
	3195.34529	   0.02416	[mu,kappa]: [(104.27648,306.35651),10.87462]
	3404.37389	   0.02574	[mu,kappa]: [(103.11506,305.77164),13.33406]
	3429.94580	   0.02594	[mu,kappa]: [(103.40739,305.51863),14.22309]
	2958.49113	   0.02237	[mu,kappa]: [(132.20306,321.04987),6.54098]
	3792.81391	   0.02868	[mu,kappa]: [(101.26200,305.80991),20.15611]
	3236.45283	   0.02447	[mu,kappa]: [(103.14235,305.96901),12.52471]
	3672.86521	   0.02777	[mu,kappa]: [(101.10082,305.92036),18.26660]
	4282.46622	   0.03238	[mu,kappa]: [(101.52557,305.60071),27.49875]
	7000.84869	   0.05293	[mu,kappa]: [(102.16361,304.62671),55.51534]
	3176.52341	   0.02402	[mu,kappa]: [(117.38416,307.23349),9.60286]
	3509.37060	   0.02654	[mu,kappa]: [(100.69297,306.20838),15.57505]
	3400.69856	   0.02572	[mu,kappa]: [(126.84234,309.54600),10.49154]
	2733.81331	   0.02067	[mu,kappa]: [(129.46371,323.93464),5.31725]
	3312.35780	   0.02505	[mu,kappa]: [(104.08446,305.83591),12.26148]
	4802.30895	   0.03631	[mu,kappa]: [(102.15004,305.15009),34.79555]
	3598.69652	   0.02721	[mu,kappa]: [(130.18741,311.16327),10.83178]
	3714.26122	   0.02809	[mu,kappa]: [(101.43612,305.77262),18.68152]
	4969.55981	   0.03758	[mu,kappa]: [(101.53830,305.45241),36.67577]
			msglen: 2724517.68712 bits.
Iteration #: 10
	2491.28430	   0.01884	[mu,kappa]: [(101.10991,334.17498),2.98447]
	2957.33317	   0.02236	[mu,kappa]: [(106.97851,306.12996),10.29253]
	5930.60070	   0.04484	[mu,kappa]: [(102.13684,304.82719),49.80051]
	4140.05251	   0.03130	[mu,kappa]: [(99.88665,306.48002),25.68926]
	4585.75683	   0.03467	[mu,kappa]: [(101.75816,305.39299),34.88040]
	5088.41955	   0.03848	[mu,kappa]: [(101.71508,305.34952),38.71872]
	3851.37941	   0.02912	[mu,kappa]: [(100.68738,305.97838),20.47883]
	3211.44141	   0.02428	[mu,kappa]: [(104.71895,305.61555),11.85760]
	7831.50770	   0.05921	[mu,kappa]: [(82.41156,42.59653),7.57659]
	2978.06668	   0.02252	[mu,kappa]: [(107.62297,306.18045),10.14406]
	2433.84683	   0.01841	[mu,kappa]: [(106.94517,332.39633),3.14254]
	3206.39076	   0.02425	[mu,kappa]: [(100.71601,306.41333),12.45049]
	3364.40012	   0.02544	[mu,kappa]: [(101.44029,305.87521),14.16816]
	4132.17491	   0.03125	[mu,kappa]: [(101.37525,305.67637),27.16008]
	3182.48540	   0.02407	[mu,kappa]: [(102.10895,306.19309),11.84688]
	4131.40454	   0.03124	[mu,kappa]: [(100.68976,306.04696),26.99422]
	3144.79294	   0.02378	[mu,kappa]: [(102.95468,306.40798),10.85343]
	3359.87125	   0.02541	[mu,kappa]: [(102.10065,305.83196),13.19842]
	3379.43062	   0.02555	[mu,kappa]: [(102.67362,305.50063),14.10386]
	3003.86957	   0.02271	[mu,kappa]: [(135.78336,320.62617),8.25026]
	3749.97681	   0.02836	[mu,kappa]: [(100.62981,306.00089),20.02835]
	3196.30042	   0.02417	[mu,kappa]: [(101.93943,306.06668),12.40704]
	3638.27542	   0.02751	[mu,kappa]: [(100.23355,306.16435),18.02667]
	4241.56374	   0.03207	[mu,kappa]: [(101.36418,305.67997),28.20653]
	7236.04608	   0.05471	[mu,kappa]: [(102.35692,304.40784),60.37673]
	3158.95962	   0.02389	[mu,kappa]: [(119.49200,306.61696),10.90052]
	3496.20220	   0.02644	[mu,kappa]: [(99.32606,306.58077),15.28235]
	3696.99481	   0.02796	[mu,kappa]: [(130.10468,309.12881),13.91183]
	2644.74445	   0.02000	[mu,kappa]: [(132.46837,323.61996),6.10694]
	3260.22620	   0.02465	[mu,kappa]: [(103.12261,305.82460),12.20534]
	4801.15189	   0.03630	[mu,kappa]: [(102.28256,305.05839),36.72267]
	4071.29842	   0.03079	[mu,kappa]: [(133.41727,310.85723),15.03597]
	3672.40835	   0.02777	[mu,kappa]: [(100.71928,305.94946),18.48406]
	4979.34240	   0.03765	[mu,kappa]: [(101.54726,305.44935),38.76038]
			msglen: 2721611.36905 bits.
Iteration #: 11
	2429.55773	   0.01837	[mu,kappa]: [(92.46225,334.66635),3.01284]
	2836.33885	   0.02145	[mu,kappa]: [(106.16636,305.70826),10.77453]
	6043.16601	   0.04569	[mu,kappa]: [(102.39824,304.60672),53.18808]
	4108.82972	   0.03107	[mu,kappa]: [(99.32302,306.83349),26.05391]
	4573.26688	   0.03458	[mu,kappa]: [(101.90142,305.31800),36.47026]
	5099.35294	   0.03856	[mu,kappa]: [(101.87088,305.25786),40.75489]
	3802.36937	   0.02875	[mu,kappa]: [(100.09150,306.17311),20.49817]
	3115.69404	   0.02356	[mu,kappa]: [(103.84936,305.37142),12.21212]
	7817.74161	   0.05911	[mu,kappa]: [(83.42716,42.83946),7.81819]
	2850.20095	   0.02155	[mu,kappa]: [(106.91970,305.70507),10.66409]
	2304.02139	   0.01742	[mu,kappa]: [(100.42018,333.05652),3.08365]
	3170.00309	   0.02397	[mu,kappa]: [(98.93791,306.71388),12.56889]
	3312.82401	   0.02505	[mu,kappa]: [(100.26553,306.00237),14.22733]
	4085.38264	   0.03089	[mu,kappa]: [(101.29396,305.71663),27.79115]
	3119.78256	   0.02359	[mu,kappa]: [(100.54022,306.29249),12.03969]
	4089.35181	   0.03092	[mu,kappa]: [(100.40916,306.22357),27.52629]
	3065.26671	   0.02318	[mu,kappa]: [(101.28488,306.42767),11.11633]
	3297.12673	   0.02493	[mu,kappa]: [(100.89474,305.88353),13.33451]
	3310.79396	   0.02504	[mu,kappa]: [(101.82367,305.44160),14.25781]
	3080.55166	   0.02329	[mu,kappa]: [(138.92133,321.04783),10.53381]
	3703.17076	   0.02800	[mu,kappa]: [(99.98218,306.20798),20.02408]
	3137.52847	   0.02373	[mu,kappa]: [(100.48645,306.17014),12.56720]
	3601.31177	   0.02723	[mu,kappa]: [(99.28365,306.45667),17.95083]
	4197.45421	   0.03174	[mu,kappa]: [(101.30667,305.71733),28.94805]
	7488.04596	   0.05662	[mu,kappa]: [(102.64458,304.12220),64.92542]
	3116.40336	   0.02357	[mu,kappa]: [(121.20499,305.71175),13.09566]
	3486.76698	   0.02637	[mu,kappa]: [(97.74720,307.07784),15.23070]
	4126.94078	   0.03121	[mu,kappa]: [(132.04215,308.64080),18.82081]
	2526.28129	   0.01910	[mu,kappa]: [(135.84143,324.41898),7.11365]
	3182.31866	   0.02406	[mu,kappa]: [(101.93352,305.76556),12.43793]
	4807.40373	   0.03635	[mu,kappa]: [(102.56159,304.88194),38.66404]
	4748.38678	   0.03590	[mu,kappa]: [(135.12153,310.56109),20.53397]
	3625.77814	   0.02742	[mu,kappa]: [(99.96040,306.14499),18.44264]
	4988.58649	   0.03772	[mu,kappa]: [(101.66340,305.38761),40.76601]
			msglen: 2718495.33005 bits.
Iteration #: 12
	2374.50585	   0.01796	[mu,kappa]: [(84.13221,335.54409),3.14766]
	2696.85948	   0.02039	[mu,kappa]: [(105.26487,305.10429),11.54118]
	6162.17674	   0.04659	[mu,kappa]: [(102.76159,304.32518),56.20171]
	4077.14324	   0.03083	[mu,kappa]: [(98.74797,307.24746),26.50874]
	4562.82952	   0.03450	[mu,kappa]: [(102.17493,305.17752),37.97684]
	5111.25008	   0.03865	[mu,kappa]: [(102.14123,305.10626),42.61995]
	3748.40122	   0.02834	[mu,kappa]: [(99.53161,306.38040),20.63026]
	3004.79963	   0.02272	[mu,kappa]: [(102.96241,305.01591),12.82212]
	7783.44772	   0.05885	[mu,kappa]: [(84.62457,43.06234),8.09905]
	2702.98555	   0.02044	[mu,kappa]: [(106.11735,305.02771),11.48287]
	2166.40906	   0.01638	[mu,kappa]: [(93.88907,334.18933),3.07318]
	3132.30025	   0.02369	[mu,kappa]: [(97.08659,307.11215),12.92173]
	3253.59370	   0.02460	[mu,kappa]: [(99.07194,306.14975),14.48549]
	4035.69514	   0.03052	[mu,kappa]: [(101.33239,305.71126),28.45313]
	3048.71853	   0.02305	[mu,kappa]: [(98.91124,306.41040),12.45525]
	4042.67168	   0.03057	[mu,kappa]: [(100.19199,306.39826),28.08333]
	2975.29165	   0.02250	[mu,kappa]: [(99.53137,306.43611),11.60959]
	3224.43145	   0.02438	[mu,kappa]: [(99.66762,305.93075),13.67989]
	3231.01939	   0.02443	[mu,kappa]: [(100.99689,305.33584),14.62342]
	3187.73608	   0.02410	[mu,kappa]: [(141.38016,322.67926),12.71914]
	3651.69575	   0.02761	[mu,kappa]: [(99.36197,306.43372),20.13987]
	3070.43585	   0.02322	[mu,kappa]: [(98.98595,306.29188),12.94453]
	3562.01703	   0.02693	[mu,kappa]: [(98.31236,306.80837),18.03522]
	4150.61372	   0.03138	[mu,kappa]: [(101.36785,305.70898),29.70427]
	7750.66576	   0.05860	[mu,kappa]: [(103.01783,303.78497),68.94629]
	3099.50645	   0.02344	[mu,kappa]: [(122.23912,304.55800),16.44497]
	3484.86504	   0.02635	[mu,kappa]: [(96.07364,307.73371),15.42505]
	4606.48846	   0.03483	[mu,kappa]: [(132.57574,308.00277),24.19189]
	2433.40396	   0.01840	[mu,kappa]: [(139.36050,327.04852),8.22632]
	3091.84480	   0.02338	[mu,kappa]: [(100.71543,305.66241),12.89381]
	4825.42161	   0.03649	[mu,kappa]: [(102.99317,304.61970),40.54049]
	5428.50469	   0.04105	[mu,kappa]: [(135.54589,310.17901),25.79286]
	3574.06158	   0.02703	[mu,kappa]: [(99.21858,306.36170),18.54356]
	4996.20932	   0.03778	[mu,kappa]: [(101.88367,305.27380),42.58901]
			msglen: 2715787.80622 bits.
Iteration #: 13
	2316.95700	   0.01752	[mu,kappa]: [(76.78714,336.41022),3.38835]
	2572.13175	   0.01945	[mu,kappa]: [(104.55301,304.38716),12.46329]
	6279.01173	   0.04748	[mu,kappa]: [(103.19830,304.00079),58.72040]
	4047.51879	   0.03061	[mu,kappa]: [(98.11751,307.75460),27.10758]
	4551.94771	   0.03442	[mu,kappa]: [(102.55244,304.98274),39.31967]
	5119.45725	   0.03871	[mu,kappa]: [(102.49649,304.90946),44.22169]
	3690.04147	   0.02790	[mu,kappa]: [(99.01187,306.61659),20.81278]
	2901.14042	   0.02194	[mu,kappa]: [(102.26679,304.58947),13.52320]
	7732.76375	   0.05847	[mu,kappa]: [(85.73725,43.23517),8.42529]
	2572.73268	   0.01946	[mu,kappa]: [(105.49965,304.22337),12.48389]
	2020.40670	   0.01528	[mu,kappa]: [(87.76462,335.29528),3.11361]
	3105.34362	   0.02348	[mu,kappa]: [(95.32804,307.65907),13.40204]
	3195.04118	   0.02416	[mu,kappa]: [(97.97230,306.34319),14.81138]
	3981.84186	   0.03011	[mu,kappa]: [(101.47326,305.66821),29.08876]
	2984.45020	   0.02257	[mu,kappa]: [(97.41895,306.59144),12.95268]
	3989.95803	   0.03017	[mu,kappa]: [(100.00792,306.58846),28.64167]
	2895.15737	   0.02189	[mu,kappa]: [(97.94116,306.48893),12.19092]
	3153.53309	   0.02385	[mu,kappa]: [(98.56548,306.00214),14.08737]
	3150.96088	   0.02383	[mu,kappa]: [(100.31685,305.20210),15.04466]
	3300.18597	   0.02496	[mu,kappa]: [(143.32189,325.37866),14.45018]
	3596.41899	   0.02719	[mu,kappa]: [(98.77639,306.69572),20.31264]
	3008.15887	   0.02275	[mu,kappa]: [(97.61120,306.47029),13.39776]
	3523.35892	   0.02664	[mu,kappa]: [(97.34449,307.24691),18.22093]
	4099.46878	   0.03100	[mu,kappa]: [(101.52734,305.66371),30.41876]
	8009.21913	   0.06056	[mu,kappa]: [(103.44850,303.41519),72.31034]
	3185.93700	   0.02409	[mu,kappa]: [(122.63688,303.27881),21.14545]
	3499.61177	   0.02646	[mu,kappa]: [(94.37658,308.60169),15.83998]
	5047.94775	   0.03817	[mu,kappa]: [(132.21938,307.21061),29.18929]
	2407.08557	   0.01820	[mu,kappa]: [(142.57174,331.62148),9.42868]
	3005.40997	   0.02273	[mu,kappa]: [(99.65572,305.54993),13.41382]
	4855.07178	   0.03671	[mu,kappa]: [(103.55351,304.28217),42.26378]
	5933.48970	   0.04486	[mu,kappa]: [(135.28041,309.69055),29.95732]
	3519.18071	   0.02661	[mu,kappa]: [(98.51887,306.61768),18.70666]
	4997.05961	   0.03778	[mu,kappa]: [(102.17629,305.12408),44.14286]
			msglen: 2713423.41459 bits.
Iteration #: 14
	2244.19871	   0.01697	[mu,kappa]: [(70.57001,337.21478),3.72972]
	2470.45743	   0.01868	[mu,kappa]: [(104.13705,303.61236),13.38949]
	6387.21456	   0.04829	[mu,kappa]: [(103.65839,303.65512),60.80402]
	4027.36848	   0.03045	[mu,kappa]: [(97.35876,308.38882),28.06111]
	4536.84089	   0.03430	[mu,kappa]: [(102.97396,304.75236),40.53100]
	5119.53982	   0.03871	[mu,kappa]: [(102.87860,304.68816),45.60577]
	3625.73900	   0.02742	[mu,kappa]: [(98.48604,306.89504),21.05476]
	2808.36380	   0.02124	[mu,kappa]: [(101.81279,304.11166),14.17594]
	7674.26400	   0.05803	[mu,kappa]: [(86.59117,43.36881),8.80008]
	2469.42003	   0.01867	[mu,kappa]: [(105.18228,303.35937),13.51660]
	1858.54319	   0.01406	[mu,kappa]: [(81.98489,336.18285),3.19977]
	3090.70210	   0.02337	[mu,kappa]: [(93.69220,308.37581),13.98768]
	3136.82508	   0.02372	[mu,kappa]: [(96.97427,306.58598),15.14261]
	3920.50330	   0.02965	[mu,kappa]: [(101.65640,305.60204),29.71681]
	2927.49917	   0.02214	[mu,kappa]: [(96.10708,306.84694),13.45175]
	3930.23333	   0.02972	[mu,kappa]: [(99.78988,306.81599),29.27962]
	2826.17955	   0.02137	[mu,kappa]: [(96.58292,306.60424),12.76132]
	3084.50106	   0.02332	[mu,kappa]: [(97.60944,306.10015),14.47210]
	3070.79410	   0.02322	[mu,kappa]: [(99.79201,305.04039),15.41936]
	3398.45861	   0.02570	[mu,kappa]: [(144.78496,328.38736),16.10279]
	3536.08262	   0.02674	[mu,kappa]: [(98.18138,307.00762),20.55175]
	2950.99377	   0.02232	[mu,kappa]: [(96.39561,306.71322),13.84982]
	3486.09322	   0.02636	[mu,kappa]: [(96.34878,307.79081),18.53283]
	4040.67030	   0.03055	[mu,kappa]: [(101.72382,305.59716),31.11695]
	8253.43593	   0.06240	[mu,kappa]: [(103.89182,303.03377),75.08864]
	3424.30680	   0.02589	[mu,kappa]: [(122.62760,302.06292),27.01776]
	3539.04142	   0.02676	[mu,kappa]: [(92.65412,309.71798),16.57636]
	5445.78953	   0.04118	[mu,kappa]: [(131.49318,306.38874),33.49409]
	2435.69272	   0.01842	[mu,kappa]: [(144.92539,337.16822),10.81882]
	2924.20812	   0.02211	[mu,kappa]: [(98.79368,305.43440),13.88775]
	4893.44306	   0.03700	[mu,kappa]: [(104.18305,303.88893),43.86138]
	6263.61825	   0.04736	[mu,kappa]: [(134.78069,309.19284),32.98697]
	3459.92202	   0.02616	[mu,kappa]: [(97.82745,306.92319),18.92139]
	4987.05603	   0.03771	[mu,kappa]: [(102.48221,304.96005),45.48376]
			msglen: 2711264.66927 bits.
Iteration #: 15
	2153.09629	   0.01628	[mu,kappa]: [(65.57771,338.15889),4.13993]
	2387.49498	   0.01805	[mu,kappa]: [(103.97475,302.78314),14.20113]
	6483.59281	   0.04902	[mu,kappa]: [(104.09733,303.30866),62.60748]
	4031.82891	   0.03049	[mu,kappa]: [(96.43585,309.17144),29.74251]
	4514.49622	   0.03414	[mu,kappa]: [(103.38329,304.50772),41.70297]
	5109.00567	   0.03863	[mu,kappa]: [(103.23550,304.46396),46.89204]
	3554.44271	   0.02688	[mu,kappa]: [(97.92262,307.21596),21.41517]
	2722.72285	   0.02059	[mu,kappa]: [(101.55358,303.55677),14.70261]
	7624.38928	   0.05765	[mu,kappa]: [(87.18883,43.47013),9.18593]
	2388.69266	   0.01806	[mu,kappa]: [(105.12299,302.45315),14.45017]
	1687.14695	   0.01276	[mu,kappa]: [(76.62419,337.07045),3.30565]
	3085.72530	   0.02333	[mu,kappa]: [(92.17742,309.24390),14.73134]
	3075.48919	   0.02326	[mu,kappa]: [(96.06507,306.84409),15.47479]
	3849.12798	   0.02911	[mu,kappa]: [(101.82668,305.52827),30.39870]
	2872.56554	   0.02172	[mu,kappa]: [(94.96601,307.13735),13.93533]
	3865.15779	   0.02923	[mu,kappa]: [(99.48803,307.09922),30.14745]
	2761.97810	   0.02089	[mu,kappa]: [(95.44612,306.74003),13.28339]
	3013.28801	   0.02279	[mu,kappa]: [(96.78214,306.18408),14.81085]
	2987.55462	   0.02259	[mu,kappa]: [(99.38775,304.81496),15.70639]
	3472.04457	   0.02625	[mu,kappa]: [(145.72039,330.71510),17.96878]
	3469.79772	   0.02624	[mu,kappa]: [(97.54825,307.36855),20.91779]
	2894.23899	   0.02189	[mu,kappa]: [(95.32861,306.98132),14.28615]
	3450.84243	   0.02609	[mu,kappa]: [(95.31267,308.43875),19.05992]
	3971.79721	   0.03003	[mu,kappa]: [(101.90173,305.52625),31.86998]
	8478.74889	   0.06411	[mu,kappa]: [(104.30928,302.65926),77.45569]
	3808.59791	   0.02880	[mu,kappa]: [(122.40520,301.03764),33.42611]
	3614.13264	   0.02733	[mu,kappa]: [(90.91959,311.09164),17.87227]
	5808.79398	   0.04392	[mu,kappa]: [(130.72038,305.68129),36.85333]
	2486.01006	   0.01880	[mu,kappa]: [(146.25569,342.31054),12.28451]
	2843.92537	   0.02151	[mu,kappa]: [(98.10401,305.27280),14.27055]
	4936.73353	   0.03733	[mu,kappa]: [(104.82062,303.46417),45.42183]
	6485.04445	   0.04903	[mu,kappa]: [(134.32307,308.82001),34.98294]
	3394.73744	   0.02567	[mu,kappa]: [(97.12143,307.26918),19.22697]
	4964.75895	   0.03754	[mu,kappa]: [(102.75026,304.80338),46.74565]
			msglen: 2709334.19280 bits.
Iteration #: 16
	2046.36290	   0.01548	[mu,kappa]: [(61.70621,339.40722),4.57019]
	2320.25181	   0.01755	[mu,kappa]: [(103.97912,301.86600),14.82311]
	6566.83906	   0.04965	[mu,kappa]: [(104.48803,302.97774),64.27002]
	4084.99986	   0.03089	[mu,kappa]: [(95.37992,310.09538),32.69745]
	4483.83334	   0.03390	[mu,kappa]: [(103.74884,304.26793),42.90851]
	5087.53902	   0.03847	[mu,kappa]: [(103.53878,304.25468),48.18431]
	3476.24843	   0.02629	[mu,kappa]: [(97.34019,307.56480),21.94525]
	2643.83742	   0.01999	[mu,kappa]: [(101.43417,302.86828),15.05999]
	7591.28308	   0.05740	[mu,kappa]: [(87.60765,43.53023),9.52343]
	2326.58372	   0.01759	[mu,kappa]: [(105.22556,301.48571),15.19419]
	1519.22608	   0.01149	[mu,kappa]: [(71.72986,338.35702),3.38762]
	3087.21507	   0.02334	[mu,kappa]: [(90.80125,310.23157),15.69502]
	3008.12194	   0.02275	[mu,kappa]: [(95.26644,307.05668),15.79328]
	3767.79943	   0.02849	[mu,kappa]: [(101.96280,305.45812),31.18213]
	2814.67232	   0.02128	[mu,kappa]: [(94.00629,307.39150),14.38339]
	3799.21059	   0.02873	[mu,kappa]: [(99.09804,307.44571),31.41557]
	2697.02526	   0.02039	[mu,kappa]: [(94.52966,306.81524),13.72657]
	2937.32758	   0.02221	[mu,kappa]: [(96.09351,306.18160),15.07940]
	2901.48917	   0.02194	[mu,kappa]: [(99.09056,304.46184),15.87551]
	3523.38598	   0.02664	[mu,kappa]: [(146.20638,331.83078),19.97539]
	3397.55566	   0.02569	[mu,kappa]: [(96.89911,307.76240),21.46398]
	2833.62921	   0.02143	[mu,kappa]: [(94.42412,307.20464),14.68744]
	3418.09830	   0.02585	[mu,kappa]: [(94.27486,309.17441),19.89662]
	3893.05310	   0.02944	[mu,kappa]: [(102.03880,305.46364),32.73565]
	8683.42115	   0.06566	[mu,kappa]: [(104.67767,302.30539),79.57360]
	4290.40551	   0.03244	[mu,kappa]: [(122.07294,300.23730),39.73378]
	3744.14316	   0.02831	[mu,kappa]: [(89.22233,312.71267),20.12357]
	6122.86628	   0.04630	[mu,kappa]: [(130.04406,305.17246),39.11404]
	2533.66621	   0.01916	[mu,kappa]: [(146.80690,346.39326),13.46238]
	2762.82520	   0.02089	[mu,kappa]: [(97.57625,304.98618),14.53219]
	4981.70162	   0.03767	[mu,kappa]: [(105.42394,303.03231),47.00832]
	6649.52507	   0.05028	[mu,kappa]: [(134.03483,308.66048),36.06072]
	3322.66071	   0.02513	[mu,kappa]: [(96.42674,307.62882),19.64988]
	4931.19675	   0.03729	[mu,kappa]: [(102.95456,304.67085),48.05034]
			msglen: 2707569.84561 bits.
Iteration #: 17
	1930.73166	   0.01460	[mu,kappa]: [(58.69056,340.96887),4.99542]
	2268.37794	   0.01715	[mu,kappa]: [(104.06318,300.82538),15.23239]
	6637.86134	   0.05019	[mu,kappa]: [(104.81840,302.67431),65.88164]
	4220.44567	   0.03191	[mu,kappa]: [(94.27836,311.10392),37.72285]
	4446.20516	   0.03362	[mu,kappa]: [(104.06248,304.04702),44.19220]
	5057.33729	   0.03824	[mu,kappa]: [(103.78175,304.07202),49.55359]
	3388.81571	   0.02563	[mu,kappa]: [(96.79848,307.91410),22.67851]
	2574.27666	   0.01947	[mu,kappa]: [(101.41040,301.98435),15.23763]
	7566.39204	   0.05721	[mu,kappa]: [(87.90074,43.54988),9.79228]
	2281.35670	   0.01725	[mu,kappa]: [(105.39246,300.43665),15.71306]
	1365.46093	   0.01033	[mu,kappa]: [(67.07395,340.47955),3.41275]
	3088.61207	   0.02336	[mu,kappa]: [(89.57967,311.31728),16.93284]
	2929.73561	   0.02215	[mu,kappa]: [(94.62592,307.14898),16.05045]
	3678.50635	   0.02782	[mu,kappa]: [(102.07577,305.39508),32.10615]
	2747.10764	   0.02077	[mu,kappa]: [(93.25625,307.52671),14.74487]
	3737.21420	   0.02826	[mu,kappa]: [(98.65646,307.84562),33.28143]
	2625.40986	   0.01985	[mu,kappa]: [(93.84913,306.73329),14.04159]
	2853.60361	   0.02158	[mu,kappa]: [(95.57786,306.00368),15.23414]
	2814.60691	   0.02128	[mu,kappa]: [(98.90927,303.90303),15.90201]
	3564.46535	   0.02695	[mu,kappa]: [(146.39673,331.84784),21.97912]
	3316.53878	   0.02508	[mu,kappa]: [(96.29652,308.16045),22.22466]
	2763.17672	   0.02089	[mu,kappa]: [(93.71620,307.30064),15.00332]
	3384.05211	   0.02559	[mu,kappa]: [(93.30437,309.97350),21.13427]
	3806.62543	   0.02878	[mu,kappa]: [(102.14446,305.41395),33.76205]
	8868.37080	   0.06705	[mu,kappa]: [(104.98592,301.98177),81.55328]
	4809.10709	   0.03636	[mu,kappa]: [(121.68825,299.64994),45.61383]
	3964.41538	   0.02998	[mu,kappa]: [(87.61318,314.53173),24.03954]
	6369.05574	   0.04816	[mu,kappa]: [(129.49423,304.87895),40.38798]
	2568.82799	   0.01943	[mu,kappa]: [(146.88585,349.63208),14.11438]
	2680.63060	   0.02027	[mu,kappa]: [(97.22026,304.47906),14.64541]
	5026.74377	   0.03801	[mu,kappa]: [(105.97034,302.61596),48.64069]
	6784.46809	   0.05130	[mu,kappa]: [(133.92852,308.72619),36.44965]
	3239.66645	   0.02450	[mu,kappa]: [(95.80672,307.96278),20.18703]
	4889.79833	   0.03697	[mu,kappa]: [(103.09247,304.57146),49.49132]
			msglen: 2705743.87396 bits.
Iteration #: 18
	1816.73853	   0.01374	[mu,kappa]: [(56.33947,342.69831),5.44145]
	2230.29772	   0.01687	[mu,kappa]: [(104.15274,299.66562),15.46771]
	6699.76813	   0.05066	[mu,kappa]: [(105.08356,302.40855),67.49700]
	4480.08096	   0.03388	[mu,kappa]: [(93.25442,312.07354),45.84903]
	4404.81011	   0.03331	[mu,kappa]: [(104.32886,303.85565),45.59894]
	5022.72487	   0.03798	[mu,kappa]: [(103.96966,303.92312),51.06392]
	3283.74101	   0.02483	[mu,kappa]: [(96.37994,308.22765),23.64791]
	2515.33942	   0.01902	[mu,kappa]: [(101.44209,300.87621),15.27630]
	7534.12324	   0.05697	[mu,kappa]: [(88.09480,43.54294),10.02460]
	2249.88708	   0.01701	[mu,kappa]: [(105.54478,299.32382),16.03628]
	1234.52978	   0.00934	[mu,kappa]: [(62.25333,343.97901),3.38054]
	3076.53427	   0.02326	[mu,kappa]: [(88.50665,312.49284),18.50020]
	2830.70322	   0.02141	[mu,kappa]: [(94.19882,307.04371),16.18058]
	3583.35556	   0.02710	[mu,kappa]: [(102.19595,305.33742),33.23700]
	2658.94098	   0.02011	[mu,kappa]: [(92.74832,307.46195),14.94835]
	3681.39692	   0.02784	[mu,kappa]: [(98.22545,308.26752),36.00191]
	2538.53199	   0.01920	[mu,kappa]: [(93.42594,306.40040),14.17481]
	2756.22564	   0.02084	[mu,kappa]: [(95.27645,305.56168),15.23428]
	2727.43869	   0.02062	[mu,kappa]: [(98.85732,303.07331),15.79480]
	3604.65383	   0.02726	[mu,kappa]: [(146.42877,331.18667),23.92656]
	3217.44653	   0.02433	[mu,kappa]: [(95.82420,308.52534),23.23046]
	2672.74421	   0.02021	[mu,kappa]: [(93.24387,307.18711),15.16540]
	3336.42571	   0.02523	[mu,kappa]: [(92.47527,310.80279),22.87820]
	3715.01765	   0.02809	[mu,kappa]: [(102.24709,305.37547),35.02245]
	9036.93437	   0.06833	[mu,kappa]: [(105.22814,301.69658),83.46141]
	5314.07273	   0.04018	[mu,kappa]: [(121.29647,299.24946),50.97041]
	4340.70136	   0.03282	[mu,kappa]: [(86.13006,316.38487),30.78935]
	6543.28822	   0.04947	[mu,kappa]: [(129.05221,304.77542),40.98073]
	2592.73231	   0.01961	[mu,kappa]: [(146.68451,352.47299),14.32485]
	2595.70984	   0.01963	[mu,kappa]: [(97.04972,303.66749),14.61039]
	5071.37571	   0.03835	[mu,kappa]: [(106.44823,302.23767),50.31558]
	6900.72669	   0.05218	[mu,kappa]: [(133.94901,308.96591),36.44371]
	3135.16118	   0.02371	[mu,kappa]: [(95.34267,308.22551),20.81657]
	4845.84154	   0.03664	[mu,kappa]: [(103.17467,304.50735),51.16052]
			msglen: 2703589.38511 bits.
Iteration #: 19
	1716.35991	   0.01298	[mu,kappa]: [(54.67459,344.26199),5.99642]
	2200.02276	   0.01664	[mu,kappa]: [(104.19940,298.46084),15.61893]
	6756.29592	   0.05109	[mu,kappa]: [(105.27779,302.19196),69.12832]
	4900.15658	   0.03705	[mu,kappa]: [(92.44658,312.83924),57.89642]
	4364.27133	   0.03300	[mu,kappa]: [(104.55218,303.70552),47.17771]
	4989.82158	   0.03773	[mu,kappa]: [(104.10739,303.81489),52.77662]
	3148.30878	   0.02381	[mu,kappa]: [(96.17720,308.46089),24.91028]
	2463.95505	   0.01863	[mu,kappa]: [(101.49214,299.58920),15.27017]
	7482.87239	   0.05658	[mu,kappa]: [(88.22164,43.51997),10.27097]
	2224.77207	   0.01682	[mu,kappa]: [(105.63821,298.22643),16.24669]
	1135.66256	   0.00859	[mu,kappa]: [(56.92129,349.63528),3.32479]
	3030.45004	   0.02292	[mu,kappa]: [(87.55073,313.73909),20.42635]
	2699.46160	   0.02041	[mu,kappa]: [(94.03983,306.66830),16.13204]
	3485.09184	   0.02635	[mu,kappa]: [(102.35572,305.28495),34.68849]
	2537.58614	   0.01919	[mu,kappa]: [(92.51479,307.12249),14.93219]
	3632.15061	   0.02746	[mu,kappa]: [(97.87562,308.65684),39.91407]
	2427.15830	   0.01835	[mu,kappa]: [(93.28093,305.74040),14.10362]
	2638.34956	   0.01995	[mu,kappa]: [(95.22515,304.78837),15.07982]
	2638.14973	   0.01995	[mu,kappa]: [(98.93826,301.95911),15.62084]
	3646.56649	   0.02757	[mu,kappa]: [(146.40069,330.24116),25.77487]
	3086.15670	   0.02334	[mu,kappa]: [(95.57549,308.80965),24.52966]
	2550.63353	   0.01929	[mu,kappa]: [(93.04541,306.78873),15.11951]
	3254.35956	   0.02461	[mu,kappa]: [(91.86016,311.60060),25.24560]
	3621.55566	   0.02738	[mu,kappa]: [(102.37688,305.34622),36.63347]
	9191.87793	   0.06950	[mu,kappa]: [(105.39763,301.45935),85.30564]
	5770.33569	   0.04363	[mu,kappa]: [(120.93587,299.00433),55.75265]
	4964.34131	   0.03754	[mu,kappa]: [(84.81240,317.97414),41.30458]
	6658.46373	   0.05035	[mu,kappa]: [(128.69179,304.82203),41.19876]
	2610.07403	   0.01974	[mu,kappa]: [(146.30325,355.14644),14.32125]
	2504.97328	   0.01894	[mu,kappa]: [(97.06771,302.51794),14.48409]
	5114.67473	   0.03867	[mu,kappa]: [(106.84802,301.92150),51.99967]
	7002.57142	   0.05295	[mu,kappa]: [(134.02561,309.30161),36.26460]
	2994.02399	   0.02264	[mu,kappa]: [(95.12398,308.36582),21.51620]
	4806.49523	   0.03634	[mu,kappa]: [(103.21247,304.47821),53.15647]
			msglen: 2701030.27325 bits.
Iteration #: 20
	1639.66675	   0.01240	[mu,kappa]: [(53.93341,345.08269),6.84129]
	2169.23325	   0.01640	[mu,kappa]: [(104.18023,297.33698),15.77810]
	6807.37694	   0.05147	[mu,kappa]: [(105.39446,302.03475),70.67942]
	5481.80343	   0.04145	[mu,kappa]: [(91.95956,313.29247),73.80404]
	4329.84391	   0.03274	[mu,kappa]: [(104.72654,303.61066),48.90119]
	4965.13261	   0.03754	[mu,kappa]: [(104.19067,303.75650),54.66974]
	2978.09324	   0.02252	[mu,kappa]: [(96.26407,308.57132),26.57165]
	2414.88301	   0.01826	[mu,kappa]: [(101.52031,298.24737),15.32267]
	7407.65534	   0.05601	[mu,kappa]: [(88.32990,43.47467),10.57730]
	2196.76292	   0.01661	[mu,kappa]: [(105.66191,297.26114),16.43217]
	1079.59082	   0.00817	[mu,kappa]: [(51.07637,358.51369),3.30408]
	2931.20863	   0.02217	[mu,kappa]: [(86.65586,314.99868),22.60977]
	2534.56437	   0.01917	[mu,kappa]: [(94.17946,305.96702),15.90493]
	3390.70448	   0.02564	[mu,kappa]: [(102.56289,305.24839),36.55976]
	2380.65229	   0.01800	[mu,kappa]: [(92.57047,306.44554),14.68683]
	3596.60099	   0.02720	[mu,kappa]: [(97.65169,308.95539),45.39452]
	2291.16975	   0.01733	[mu,kappa]: [(93.41107,304.71338),13.87228]
	2501.36571	   0.01892	[mu,kappa]: [(95.42424,303.66632),14.83593]
	2546.83960	   0.01926	[mu,kappa]: [(99.12121,300.62941),15.48468]
	3689.22106	   0.02790	[mu,kappa]: [(146.37334,329.26229),27.43646]
	2916.51053	   0.02205	[mu,kappa]: [(95.62739,308.96350),26.21422]
	2395.20238	   0.01811	[mu,kappa]: [(93.13831,306.04637),14.86684]
	3119.40422	   0.02359	[mu,kappa]: [(91.52778,312.26196),28.33616]
	3533.66511	   0.02672	[mu,kappa]: [(102.54058,305.33336),38.68748]
	9328.13798	   0.07053	[mu,kappa]: [(105.48907,301.27745),86.97313]
	6159.70248	   0.04657	[mu,kappa]: [(120.63142,298.87577),59.90684]
	5854.64033	   0.04427	[mu,kappa]: [(83.68864,319.12264),54.43072]
	6737.10540	   0.05094	[mu,kappa]: [(128.39154,304.97778),41.24553]
	2624.24482	   0.01984	[mu,kappa]: [(145.80732,357.65019),14.27917]
	2409.14306	   0.01822	[mu,kappa]: [(97.23855,301.08316),14.37378]
	5153.49554	   0.03897	[mu,kappa]: [(107.16226,301.68579),53.57258]
	7094.34317	   0.05364	[mu,kappa]: [(134.10290,309.66122),36.00714]
	2809.75758	   0.02125	[mu,kappa]: [(95.22560,308.33416),22.28642]
	4780.27831	   0.03615	[mu,kappa]: [(103.20578,304.48695),55.50182]
			msglen: 2698300.39161 bits.
Iteration #: 21
	1593.67397	   0.01205	[mu,kappa]: [(54.39433,344.55302),8.38710]
	2132.30947	   0.01613	[mu,kappa]: [(104.08221,296.41607),15.98447]
	6845.60378	   0.05176	[mu,kappa]: [(105.43920,301.93341),71.97200]
	6195.82655	   0.04685	[mu,kappa]: [(91.78407,313.45897),92.63017]
	4303.13520	   0.03254	[mu,kappa]: [(104.84539,303.57671),50.59241]
	4949.91109	   0.03743	[mu,kappa]: [(104.21535,303.75032),56.56440]
	2790.79650	   0.02110	[mu,kappa]: [(96.63561,308.56293),28.78767]
	2365.27179	   0.01789	[mu,kappa]: [(101.47341,297.00766),15.48381]
	7305.72832	   0.05524	[mu,kappa]: [(88.48229,43.37201),10.99685]
	2159.95924	   0.01633	[mu,kappa]: [(105.62011,296.52928),16.63320]
	1075.95290	   0.00814	[mu,kappa]: [(45.46959,11.76614),3.40285]
	2775.88693	   0.02099	[mu,kappa]: [(85.75456,316.19670),24.76830]
	2354.52820	   0.01781	[mu,kappa]: [(94.57961,304.94167),15.57820]
	3310.06401	   0.02503	[mu,kappa]: [(102.78703,305.24990),38.78064]
	2205.89989	   0.01668	[mu,kappa]: [(92.87828,305.41445),14.29887]
	3595.36761	   0.02719	[mu,kappa]: [(97.52755,309.14723),52.62550]
	2146.44457	   0.01623	[mu,kappa]: [(93.75132,303.35575),13.60364]
	2360.80489	   0.01785	[mu,kappa]: [(95.79582,302.26865),14.61765]
	2458.97981	   0.01860	[mu,kappa]: [(99.32003,299.23395),15.46547]
	3731.05146	   0.02821	[mu,kappa]: [(146.37500,328.37153),28.81856]
	2725.34319	   0.02061	[mu,kappa]: [(95.98289,308.98016),28.43910]
	2224.28431	   0.01682	[mu,kappa]: [(93.48105,304.95495),14.49948]
	2936.21172	   0.02220	[mu,kappa]: [(91.52127,312.68330),32.29146]
	3460.86855	   0.02617	[mu,kappa]: [(102.71023,305.35430),41.09400]
	9431.25877	   0.07131	[mu,kappa]: [(105.51085,301.14464),88.29845]
	6482.36256	   0.04901	[mu,kappa]: [(120.39014,298.82290),63.42228]
	6839.99290	   0.05172	[mu,kappa]: [(82.74039,319.92810),67.45620]
	6803.34632	   0.05144	[mu,kappa]: [(128.13278,305.20682),41.21596]
	2636.70977	   0.01994	[mu,kappa]: [(145.25074,359.89881),14.27051]
	2316.34925	   0.01752	[mu,kappa]: [(97.46078,299.51310),14.38473]
	5182.07411	   0.03918	[mu,kappa]: [(107.39877,301.52833),54.85693]
	7182.28405	   0.05431	[mu,kappa]: [(134.14744,309.99705),35.67395]
	2598.85071	   0.01965	[mu,kappa]: [(95.65719,308.12548),23.17603]
	4770.86761	   0.03607	[mu,kappa]: [(103.14829,304.53482),58.03265]
			msglen: 2695651.42982 bits.
Iteration #: 22
	1593.63070	   0.01205	[mu,kappa]: [(55.93915,342.75616),11.59946]
	2087.44930	   0.01579	[mu,kappa]: [(103.90638,295.75930),16.22270]
	6861.37109	   0.05188	[mu,kappa]: [(105.43653,301.86660),72.92457]
	7018.96525	   0.05307	[mu,kappa]: [(91.78864,313.46211),112.54712]
	4279.01693	   0.03236	[mu,kappa]: [(104.92144,303.58932),52.03313]
	4936.66524	   0.03733	[mu,kappa]: [(104.19604,303.78065),58.23937]
	2616.37581	   0.01979	[mu,kappa]: [(97.18484,308.50641),31.65751]
	2314.17482	   0.01750	[mu,kappa]: [(101.30955,295.98193),15.73830]
	7170.16187	   0.05421	[mu,kappa]: [(88.74814,43.13778),11.62123]
	2113.05082	   0.01598	[mu,kappa]: [(105.52960,296.07188),16.84190]
	1125.17500	   0.00851	[mu,kappa]: [(41.94062,28.97454),3.76284]
	2577.01489	   0.01949	[mu,kappa]: [(84.81331,317.27781),26.65340]
	2184.79337	   0.01652	[mu,kappa]: [(95.13580,303.67406),15.28212]
	3246.54854	   0.02455	[mu,kappa]: [(102.99345,305.29996),41.06772]
	2038.49491	   0.01542	[mu,kappa]: [(93.35539,304.08276),13.93462]
	3645.47233	   0.02757	[mu,kappa]: [(97.42809,309.26264),61.18002]
	2012.57427	   0.01522	[mu,kappa]: [(94.18733,301.78736),13.45031]
	2234.14562	   0.01690	[mu,kappa]: [(96.20599,300.74911),14.53183]
	2379.60731	   0.01799	[mu,kappa]: [(99.43488,297.93466),15.57782]
	3770.96361	   0.02851	[mu,kappa]: [(146.41241,327.60905),29.87625]
	2543.91397	   0.01924	[mu,kappa]: [(96.54122,308.92520),31.34342]
	2062.34791	   0.01560	[mu,kappa]: [(93.97850,303.58663),14.17517]
	2737.37104	   0.02070	[mu,kappa]: [(91.81803,312.83978),37.46056]
	3405.22676	   0.02575	[mu,kappa]: [(102.85678,305.41567),43.54602]
	9489.99084	   0.07175	[mu,kappa]: [(105.48754,301.03987),89.26453]
	6751.35964	   0.05105	[mu,kappa]: [(120.20380,298.81042),66.33574]
	7663.64919	   0.05795	[mu,kappa]: [(81.94371,320.52378),78.63661]
	6875.88284	   0.05199	[mu,kappa]: [(127.89953,305.48010),41.12688]
	2647.97404	   0.02002	[mu,kappa]: [(144.67730,1.84290),14.29482]
	2234.57585	   0.01690	[mu,kappa]: [(97.60824,297.99097),14.56690]
	5195.57759	   0.03929	[mu,kappa]: [(107.58465,301.42560),55.76949]
	7272.55585	   0.05499	[mu,kappa]: [(134.14553,310.28594),35.23532]
	2391.17974	   0.01808	[mu,kappa]: [(96.34213,307.81012),24.25622]
	4770.74303	   0.03607	[mu,kappa]: [(103.04928,304.60833),60.47870]
			msglen: 2693154.19375 bits.
Iteration #: 23
	1666.01302	   0.01260	[mu,kappa]: [(57.77993,340.88852),17.47292]
	2035.93472	   0.01540	[mu,kappa]: [(103.66808,295.35437),16.45628]
	6851.40903	   0.05180	[mu,kappa]: [(105.41604,301.80875),73.61041]
	7905.08653	   0.05977	[mu,kappa]: [(91.82479,313.42625),130.53309]
	4250.67511	   0.03214	[mu,kappa]: [(104.98189,303.62381),53.10718]
	4915.66547	   0.03717	[mu,kappa]: [(104.16111,303.82219),59.57797]
	2475.61840	   0.01872	[mu,kappa]: [(97.76099,308.48625),35.02766]
	2261.86094	   0.01710	[mu,kappa]: [(101.01498,295.19440),16.03981]
	6993.32255	   0.05288	[mu,kappa]: [(89.15167,42.70325),12.55038]
	2058.25435	   0.01557	[mu,kappa]: [(105.41545,295.86658),17.03188]
	1214.42699	   0.00919	[mu,kappa]: [(41.86610,45.20481),4.54027]
	2348.50645	   0.01776	[mu,kappa]: [(83.90633,318.17648),28.43187]
	2040.93332	   0.01543	[mu,kappa]: [(95.72347,302.28956),15.12208]
	3195.30387	   0.02416	[mu,kappa]: [(103.17542,305.38705),43.09105]
	1894.47143	   0.01433	[mu,kappa]: [(93.90263,302.54825),13.74854]
	3738.31549	   0.02827	[mu,kappa]: [(97.30858,309.33188),69.98947]
	1900.49504	   0.01437	[mu,kappa]: [(94.59436,300.15092),13.51143]
	2129.69507	   0.01611	[mu,kappa]: [(96.52658,299.26219),14.62173]
	2309.89696	   0.01747	[mu,kappa]: [(99.40215,296.82424),15.78660]
	3808.25416	   0.02880	[mu,kappa]: [(146.48119,326.97550),30.62730]
	2395.98427	   0.01812	[mu,kappa]: [(97.14484,308.89133),34.83619]
	1924.47151	   0.01455	[mu,kappa]: [(94.51780,302.05789),14.02881]
	2567.66736	   0.01942	[mu,kappa]: [(92.28675,312.81835),44.23015]
	3360.32334	   0.02541	[mu,kappa]: [(102.97901,305.50483),45.70268]
	9506.75688	   0.07188	[mu,kappa]: [(105.44593,300.94074),90.02333]
	6981.78778	   0.05279	[mu,kappa]: [(120.05784,298.81274),68.69621]
	8186.30154	   0.06190	[mu,kappa]: [(81.31790,320.95922),87.91833]
	6964.86757	   0.05266	[mu,kappa]: [(127.68139,305.77486),40.95965]
	2658.69261	   0.02011	[mu,kappa]: [(144.11731,3.50935),14.32182]
	2166.73831	   0.01639	[mu,kappa]: [(97.58698,296.63565),14.90452]
	5194.21601	   0.03928	[mu,kappa]: [(107.74954,301.35007),56.36329]
	7369.38476	   0.05572	[mu,kappa]: [(134.09800,310.52000),34.67509]
	2209.82123	   0.01671	[mu,kappa]: [(97.15500,307.50199),25.52971]
	4766.84795	   0.03604	[mu,kappa]: [(102.93436,304.68353),62.64118]
			msglen: 2690966.98698 bits.
Iteration #: 24
	1785.42165	   0.01350	[mu,kappa]: [(59.35561,339.75951),24.57305]
	1980.36270	   0.01498	[mu,kappa]: [(103.39025,295.16046),16.65356]
	6822.49557	   0.05159	[mu,kappa]: [(105.39536,301.74521),74.16348]
	8748.83261	   0.06615	[mu,kappa]: [(91.81790,313.41497),143.69532]
	4216.95142	   0.03189	[mu,kappa]: [(105.04646,303.66413),53.81949]
	4884.52710	   0.03693	[mu,kappa]: [(104.13131,303.85828),60.58655]
	2373.09146	   0.01795	[mu,kappa]: [(98.25784,308.53944),38.47865]
	2209.36046	   0.01671	[mu,kappa]: [(100.59825,294.62053),16.34087]
	6785.02119	   0.05130	[mu,kappa]: [(89.61526,42.10783),13.77204]
	1999.13367	   0.01512	[mu,kappa]: [(105.30414,295.87025),17.18248]
	1345.01778	   0.01017	[mu,kappa]: [(43.74985,55.10079),5.59127]
	2106.01671	   0.01593	[mu,kappa]: [(83.19027,318.81233),30.60477]
	1927.72709	   0.01458	[mu,kappa]: [(96.21350,300.94155),15.09414]
	3151.62803	   0.02383	[mu,kappa]: [(103.34332,305.49638),44.66069]
	1781.03391	   0.01347	[mu,kappa]: [(94.37154,300.97320),13.75351]
	3847.83257	   0.02910	[mu,kappa]: [(97.17667,309.36323),77.98712]
	1814.21951	   0.01372	[mu,kappa]: [(94.82911,298.60104),13.75103]
	2048.30764	   0.01549	[mu,kappa]: [(96.65771,297.93136),14.83673]
	2248.87622	   0.01701	[mu,kappa]: [(99.20060,295.93178),16.03490]
	3842.17611	   0.02905	[mu,kappa]: [(146.57226,326.45765),31.13582]
	2288.56102	   0.01731	[mu,kappa]: [(97.67035,308.92903),38.51147]
	1816.50747	   0.01374	[mu,kappa]: [(94.95474,300.53252),14.06077]
	2459.23804	   0.01860	[mu,kappa]: [(92.72746,312.75788),52.19994]
	3320.64198	   0.02511	[mu,kappa]: [(103.09028,305.60765),47.37657]
	9497.27779	   0.07181	[mu,kappa]: [(105.40134,300.83571),90.76060]
	7183.37660	   0.05431	[mu,kappa]: [(119.93918,298.81472),70.54404]
	8434.00669	   0.06377	[mu,kappa]: [(80.88774,321.24493),95.96588]
	7072.85597	   0.05348	[mu,kappa]: [(127.47384,306.07414),40.69535]
	2669.45115	   0.02019	[mu,kappa]: [(143.58640,4.98258),14.31602]
	2112.56949	   0.01598	[mu,kappa]: [(97.34683,295.49639),15.33006]
	5183.58185	   0.03919	[mu,kappa]: [(107.90861,301.28585),56.74384]
	7474.38948	   0.05651	[mu,kappa]: [(134.01360,310.69782),34.00600]
	2064.50514	   0.01561	[mu,kappa]: [(97.97777,307.30273),26.88542]
	4753.00394	   0.03594	[mu,kappa]: [(102.82488,304.74336),64.46610]
			msglen: 2689401.92328 bits.
Iteration #: 25
	1891.31728	   0.01430	[mu,kappa]: [(60.50298,339.08263),30.47036]
	1923.02348	   0.01454	[mu,kappa]: [(103.10528,295.13682),16.80508]
	6787.69186	   0.05132	[mu,kappa]: [(105.37667,301.67360),74.68602]
	9448.39083	   0.07144	[mu,kappa]: [(91.76180,313.43847),151.17591]
	4182.81676	   0.03163	[mu,kappa]: [(105.11794,303.70624),54.24027]
	4849.39329	   0.03667	[mu,kappa]: [(104.11020,303.88505),61.33870]
	2303.15631	   0.01742	[mu,kappa]: [(98.64894,308.65011),41.62072]
	2157.20171	   0.01631	[mu,kappa]: [(100.09162,294.22344),16.61713]
	6572.49691	   0.04970	[mu,kappa]: [(90.01295,41.49693),15.17039]
	1938.97526	   0.01466	[mu,kappa]: [(105.22443,296.04163),17.29413]
	1508.07448	   0.01141	[mu,kappa]: [(45.79994,59.01927),6.28002]
	1877.96169	   0.01420	[mu,kappa]: [(82.70221,319.21983),33.35145]
	1841.83209	   0.01393	[mu,kappa]: [(96.51763,299.77224),15.11282]
	3115.56021	   0.02356	[mu,kappa]: [(103.50368,305.62041),45.76586]
	1697.70162	   0.01284	[mu,kappa]: [(94.61512,299.55674),13.83226]
	3954.58909	   0.02990	[mu,kappa]: [(97.05482,309.35435),84.71560]
	1751.62373	   0.01325	[mu,kappa]: [(94.79624,297.27583),14.04881]
	1985.75780	   0.01502	[mu,kappa]: [(96.56413,296.83329),15.08903]
	2194.20670	   0.01659	[mu,kappa]: [(98.85246,295.25070),16.28105]
	3872.03308	   0.02928	[mu,kappa]: [(146.67615,326.04318),31.48444]
	2216.32290	   0.01676	[mu,kappa]: [(98.08037,309.02758),41.93112]
	1736.68855	   0.01313	[mu,kappa]: [(95.16744,299.18630),14.16015]
	2410.95955	   0.01823	[mu,kappa]: [(93.02979,312.73222),60.07392]
	3286.43271	   0.02485	[mu,kappa]: [(103.19785,305.71788),48.56548]
	9482.64101	   0.07170	[mu,kappa]: [(105.35625,300.72425),91.58929]
	7361.34135	   0.05566	[mu,kappa]: [(119.83868,298.80758),71.92028]
	8508.15339	   0.06433	[mu,kappa]: [(80.62293,321.41372),102.86462]
	7197.20340	   0.05442	[mu,kappa]: [(127.27631,306.36301),40.33325]
	2679.28225	   0.02026	[mu,kappa]: [(143.08647,6.34854),14.25193]
	2069.35120	   0.01565	[mu,kappa]: [(96.89726,294.57661),15.78046]
	5171.50483	   0.03910	[mu,kappa]: [(108.06168,301.22769),56.99380]
	7586.16766	   0.05736	[mu,kappa]: [(133.90472,310.81789),33.26289]
	1954.42443	   0.01478	[mu,kappa]: [(98.74474,307.25289),28.20257]
	4733.72262	   0.03579	[mu,kappa]: [(102.72579,304.78359),66.01368]
			msglen: 2688443.61698 bits.
Iteration #: 26
	1967.43453	   0.01488	[mu,kappa]: [(61.31429,338.57116),34.60566]
	1865.62027	   0.01411	[mu,kappa]: [(102.85099,295.23695),16.92715]
	6757.26403	   0.05109	[mu,kappa]: [(105.35549,301.59605),75.22069]
	9976.21132	   0.07543	[mu,kappa]: [(91.67431,313.48718),154.07740]
	4153.22842	   0.03140	[mu,kappa]: [(105.18987,303.74989),54.44571]
	4817.20292	   0.03642	[mu,kappa]: [(104.09143,303.90410),61.91410]
	2257.72834	   0.01707	[mu,kappa]: [(98.95098,308.78721),44.29951]
	2105.34680	   0.01592	[mu,kappa]: [(99.54564,293.95336),16.88009]
	6361.86359	   0.04810	[mu,kappa]: [(90.27194,40.96486),16.68257]
	1880.39278	   0.01422	[mu,kappa]: [(105.20348,296.33367),17.38805]
	1687.25611	   0.01276	[mu,kappa]: [(47.76863,59.86364),6.36946]
	1685.25132	   0.01275	[mu,kappa]: [(82.36815,319.51325),36.51811]
	1774.25938	   0.01342	[mu,kappa]: [(96.65024,298.83245),15.14629]
	3088.48105	   0.02335	[mu,kappa]: [(103.65502,305.75480),46.49028]
	1635.42437	   0.01237	[mu,kappa]: [(94.62915,298.39242),13.93241]
	4054.13638	   0.03066	[mu,kappa]: [(96.95340,309.30563),90.32105]
	1704.53399	   0.01289	[mu,kappa]: [(94.53850,296.20779),14.36771]
	1934.71186	   0.01463	[mu,kappa]: [(96.29952,295.96444),15.35804]
	2142.99317	   0.01621	[mu,kappa]: [(98.41523,294.74022),16.52887]
	3897.80262	   0.02947	[mu,kappa]: [(146.78528,325.72848),31.74758]
	2170.25925	   0.01641	[mu,kappa]: [(98.39123,309.15437),44.89037]
	1676.01279	   0.01268	[mu,kappa]: [(95.16565,298.09059),14.28070]
	2401.27562	   0.01816	[mu,kappa]: [(93.20883,312.74065),66.83159]
	3259.73501	   0.02465	[mu,kappa]: [(103.29997,305.83289),49.36225]
	9477.61862	   0.07166	[mu,kappa]: [(105.30803,300.60950),92.53294]
	7519.36003	   0.05685	[mu,kappa]: [(119.75025,298.78557),72.88088]
	8490.07264	   0.06419	[mu,kappa]: [(80.46157,321.51370),108.30910]
	7332.09892	   0.05544	[mu,kappa]: [(127.09041,306.62746),39.89447]
	2687.39687	   0.02032	[mu,kappa]: [(142.60411,7.66485),14.12496]
	2032.97834	   0.01537	[mu,kappa]: [(96.30599,293.83166),16.25858]
	5163.25577	   0.03904	[mu,kappa]: [(108.20358,301.17206),57.15499]
	7700.79729	   0.05823	[mu,kappa]: [(133.78470,310.87832),32.49015]
	1873.61463	   0.01417	[mu,kappa]: [(99.43963,307.33179),29.45117]
	4716.38097	   0.03566	[mu,kappa]: [(102.63101,304.80682),67.38379]
			msglen: 2687808.02275 bits.
Iteration #: 27
	2019.78241	   0.01527	[mu,kappa]: [(61.95324,338.11050),37.72969]
	1809.33687	   0.01368	[mu,kappa]: [(102.65451,295.41163),17.03545]
	6733.38632	   0.05091	[mu,kappa]: [(105.32925,301.51525),75.77181]
	10364.20554	   0.07836	[mu,kappa]: [(91.57140,313.55157),154.08906]
	4128.94344	   0.03122	[mu,kappa]: [(105.25717,303.79536),54.49175]
	4789.85432	   0.03622	[mu,kappa]: [(104.06934,303.91821),62.36937]
	2229.48681	   0.01686	[mu,kappa]: [(99.18576,308.93069),46.52583]
	2053.92410	   0.01553	[mu,kappa]: [(99.00203,293.75388),17.14627]
	6140.29444	   0.04643	[mu,kappa]: [(90.42145,40.48634),18.43514]
	1825.07248	   0.01380	[mu,kappa]: [(105.25654,296.69691),17.48190]
	1885.22249	   0.01426	[mu,kappa]: [(49.78396,59.44967),6.13467]
	1530.13340	   0.01157	[mu,kappa]: [(82.12211,319.76416),39.95072]
	1716.73947	   0.01298	[mu,kappa]: [(96.67245,298.09701),15.20513]
	3069.57873	   0.02321	[mu,kappa]: [(103.79488,305.89692),46.92588]
	1584.63080	   0.01198	[mu,kappa]: [(94.49105,297.46417),14.06808]
	4149.47603	   0.03138	[mu,kappa]: [(96.87104,309.22309),95.19330]
	1665.51436	   0.01260	[mu,kappa]: [(94.15000,295.34531),14.73147]
	1889.39370	   0.01429	[mu,kappa]: [(95.93926,295.26827),15.66080]
	2093.39864	   0.01583	[mu,kappa]: [(97.94293,294.34076),16.79451]
	3920.31613	   0.02964	[mu,kappa]: [(146.89333,325.51584),31.97560]
	2142.22009	   0.01620	[mu,kappa]: [(98.62794,309.28732),47.37609]
	1625.61233	   0.01229	[mu,kappa]: [(95.02570,297.22000),14.43552]
	2411.22746	   0.01823	[mu,kappa]: [(93.31201,312.76611),72.20556]
	3240.24003	   0.02450	[mu,kappa]: [(103.39347,305.95173),49.86557]
	9484.67915	   0.07171	[mu,kappa]: [(105.25593,300.49463),93.56756]
	7659.97778	   0.05792	[mu,kappa]: [(119.66996,298.74741),73.49635]
	8424.69350	   0.06370	[mu,kappa]: [(80.35466,321.57945),112.32114]
	7471.54384	   0.05649	[mu,kappa]: [(126.91811,306.85969),39.41182]
	2695.07318	   0.02038	[mu,kappa]: [(142.10459,8.95501),13.95631]
	2000.83508	   0.01513	[mu,kappa]: [(95.64168,293.19005),16.79490]
	5159.24458	   0.03901	[mu,kappa]: [(108.33270,301.11565),57.24656]
	7814.67853	   0.05909	[mu,kappa]: [(133.66424,310.88178),31.72753]
	1815.31189	   0.01373	[mu,kappa]: [(100.06298,307.49902),30.64081]
	4703.97208	   0.03557	[mu,kappa]: [(102.53387,304.81780),68.66095]
			msglen: 2687289.55172 bits.
Iteration #: 28
	2055.35630	   0.01554	[mu,kappa]: [(62.50715,337.67007),40.54507]
	1754.67420	   0.01327	[mu,kappa]: [(102.52825,295.62397),17.13544]
	6714.03512	   0.05077	[mu,kappa]: [(105.29892,301.43384),76.33585]
	10657.80425	   0.08058	[mu,kappa]: [(91.46272,313.62567),152.57934]
	4108.44752	   0.03107	[mu,kappa]: [(105.31912,303.84343),54.41982]
	4766.13564	   0.03604	[mu,kappa]: [(104.04239,303.93021),62.74332]
	2212.77294	   0.01673	[mu,kappa]: [(99.37048,309.07214),48.36760]
	2003.01358	   0.01515	[mu,kappa]: [(98.48276,293.58025),17.42067]
	5902.37918	   0.04463	[mu,kappa]: [(90.50612,40.04044),20.58935]
	1773.67173	   0.01341	[mu,kappa]: [(105.38647,297.09396),17.58356]
	2102.83859	   0.01590	[mu,kappa]: [(51.80292,58.49448),5.83202]
	1405.99999	   0.01063	[mu,kappa]: [(81.93096,319.99013),43.56997]
	1664.18837	   0.01259	[mu,kappa]: [(96.63566,297.51879),15.29414]
	3056.78930	   0.02311	[mu,kappa]: [(103.92369,306.04578),47.14726]
	1539.40823	   0.01164	[mu,kappa]: [(94.26893,296.71790),14.24919]
	4244.71932	   0.03210	[mu,kappa]: [(96.80291,309.11461),99.70675]
	1630.51644	   0.01233	[mu,kappa]: [(93.69842,294.61719),15.15706]
	1846.75199	   0.01397	[mu,kappa]: [(95.53443,294.68174),16.00615]
	2044.57372	   0.01546	[mu,kappa]: [(97.46746,293.99971),17.08328]
	3940.55581	   0.02980	[mu,kappa]: [(146.99723,325.40472),32.19383]
	2126.09789	   0.01608	[mu,kappa]: [(98.81043,309.41714),49.45137]
	1580.12934	   0.01195	[mu,kappa]: [(94.81132,296.51877),14.63288]
	2430.06241	   0.01838	[mu,kappa]: [(93.37358,312.79730),76.35595]
	3226.14196	   0.02440	[mu,kappa]: [(103.47807,306.07467),50.15346]
	9500.17858	   0.07183	[mu,kappa]: [(105.20189,300.38238),94.66447]
	7785.22085	   0.05886	[mu,kappa]: [(119.59469,298.69619),73.84208]
	8335.07024	   0.06302	[mu,kappa]: [(80.27476,321.62810),115.23934]
	7611.14794	   0.05755	[mu,kappa]: [(126.76002,307.05903),38.91800]
	2703.82213	   0.02045	[mu,kappa]: [(141.54915,10.21364),13.78423]
	1972.11879	   0.01491	[mu,kappa]: [(94.94390,292.58566),17.41239]
	5157.84531	   0.03900	[mu,kappa]: [(108.45120,301.05696),57.28667]
	7925.59684	   0.05993	[mu,kappa]: [(133.54973,310.83539),31.00310]
	1773.79621	   0.01341	[mu,kappa]: [(100.61889,307.71984),31.77481]
	4696.13930	   0.03551	[mu,kappa]: [(102.43143,304.82109),69.90577]
			msglen: 2686812.80715 bits.
Iteration #: 29
	2078.82488	   0.01572	[mu,kappa]: [(63.01052,337.24655),43.42151]
	1701.58108	   0.01287	[mu,kappa]: [(102.47587,295.85435),17.22910]
	6697.10553	   0.05064	[mu,kappa]: [(105.26694,301.35373),76.91216]
	10892.46522	   0.08236	[mu,kappa]: [(91.35340,313.70590),150.41317]
	4090.25347	   0.03093	[mu,kappa]: [(105.37734,303.89466),54.26355]
	4744.52814	   0.03588	[mu,kappa]: [(104.01153,303.94202),63.06453]
	2203.65596	   0.01666	[mu,kappa]: [(99.51776,309.20860),49.89754]
	1952.32783	   0.01476	[mu,kappa]: [(97.99675,293.40707),17.70230]
	5656.66020	   0.04277	[mu,kappa]: [(90.55869,39.66577),23.12976]
	1726.16782	   0.01305	[mu,kappa]: [(105.58910,297.50315),17.69827]
	2329.70372	   0.01762	[mu,kappa]: [(53.63530,57.21434),5.58485]
	1305.56555	   0.00987	[mu,kappa]: [(81.77956,320.18913),47.33107]
	1613.82916	   0.01221	[mu,kappa]: [(96.57230,297.05787),15.40750]
	3048.27925	   0.02305	[mu,kappa]: [(104.04377,306.20072),47.21253]
	1496.66822	   0.01132	[mu,kappa]: [(94.00376,296.10346),14.47004]
	4343.21624	   0.03284	[mu,kappa]: [(96.74469,308.98701),104.13797]
	1597.66050	   0.01208	[mu,kappa]: [(93.21939,293.96635),15.64763]
	1805.26663	   0.01365	[mu,kappa]: [(95.11199,294.15819),16.39285]
	1995.92818	   0.01509	[mu,kappa]: [(97.00411,293.68335),17.39349]
	3959.30276	   0.02994	[mu,kappa]: [(147.09798,325.38811),32.40997]
	2117.74774	   0.01602	[mu,kappa]: [(98.95299,309.54064),51.19158]
	1536.76782	   0.01162	[mu,kappa]: [(94.56033,295.93802),14.86712]
	2452.50262	   0.01855	[mu,kappa]: [(93.41274,312.82851),79.54861]
	3215.72804	   0.02432	[mu,kappa]: [(103.55560,306.20181),50.28459]
	9520.46948	   0.07198	[mu,kappa]: [(105.14868,300.27456),95.80364]
	7897.06812	   0.05971	[mu,kappa]: [(119.52150,298.63664),73.98716]
	8233.41753	   0.06225	[mu,kappa]: [(80.20807,321.66742),117.43628]
	7748.03044	   0.05858	[mu,kappa]: [(126.61551,307.22857),38.43926]
	2713.78947	   0.02052	[mu,kappa]: [(140.91575,11.43066),13.63354]
	1946.84052	   0.01472	[mu,kappa]: [(94.22913,291.97240),18.13031]
	5157.84159	   0.03900	[mu,kappa]: [(108.56230,300.99564),57.29686]
	8032.21547	   0.06073	[mu,kappa]: [(133.44438,310.74784),30.33425]
	1744.76518	   0.01320	[mu,kappa]: [(101.11290,307.96965),32.84726]
	4691.82562	   0.03548	[mu,kappa]: [(102.32350,304.81986),71.16068]
			msglen: 2686372.56778 bits.
Iteration #: 30
	2093.40896	   0.01583	[mu,kappa]: [(63.47680,336.84173),46.52332]
	1649.83654	   0.01248	[mu,kappa]: [(102.49704,296.09522),17.31918]
	6681.42682	   0.05052	[mu,kappa]: [(105.23563,301.27585),77.50087]
	11090.69997	   0.08386	[mu,kappa]: [(91.24591,313.78987),148.06983]
	4073.46265	   0.03080	[mu,kappa]: [(105.43385,303.94894),54.04947]
	4724.03221	   0.03572	[mu,kappa]: [(103.97837,303.95446),63.35316]
	2199.52913	   0.01663	[mu,kappa]: [(99.63666,309.33890),51.17692]
	1901.35975	   0.01438	[mu,kappa]: [(97.54698,293.22439),17.98901]
	5419.23296	   0.04098	[mu,kappa]: [(90.59587,39.40207),25.82905]
	1682.32273	   0.01272	[mu,kappa]: [(105.85687,297.91312),17.83197]
	2550.27270	   0.01929	[mu,kappa]: [(55.14065,55.74844),5.41583]
	1223.13575	   0.00925	[mu,kappa]: [(81.66042,320.35699),51.19681]
	1564.16276	   0.01183	[mu,kappa]: [(96.50167,296.68743),15.53537]
	3042.79955	   0.02301	[mu,kappa]: [(104.15770,306.36061),47.16625]
	1454.82259	   0.01100	[mu,kappa]: [(93.71710,295.58551),14.71748]
	4447.43642	   0.03363	[mu,kappa]: [(96.69331,308.84556),108.66705]
	1566.06141	   0.01184	[mu,kappa]: [(92.72919,293.35544),16.20163]
	1764.08635	   0.01334	[mu,kappa]: [(94.68496,293.66919),16.81645]
	1946.91367	   0.01472	[mu,kappa]: [(96.55965,293.37458),17.72196]
	3977.37023	   0.03008	[mu,kappa]: [(147.19852,325.45681),32.62094]
	2114.45885	   0.01599	[mu,kappa]: [(99.06557,309.65673),52.66217]
	1494.06619	   0.01130	[mu,kappa]: [(94.29292,295.44437),15.12624]
	2476.02033	   0.01872	[mu,kappa]: [(93.43949,312.85692),82.02167]
	3207.81193	   0.02426	[mu,kappa]: [(103.62827,306.33264),50.30240]
	9543.39415	   0.07216	[mu,kappa]: [(105.09859,300.17189),96.97059]
	7997.34583	   0.06047	[mu,kappa]: [(119.44787,298.57297),73.98762]
	8126.28545	   0.06144	[mu,kappa]: [(80.14780,321.70103),119.19015]
	7880.24893	   0.05958	[mu,kappa]: [(126.48360,307.37243),37.99329]
	2722.75585	   0.02059	[mu,kappa]: [(140.21360,12.59568),13.50544]
	1925.40473	   0.01456	[mu,kappa]: [(93.50177,291.32210),18.97385]
	5158.80083	   0.03901	[mu,kappa]: [(108.66862,300.93148),57.29729]
	8133.70573	   0.06150	[mu,kappa]: [(133.34966,310.62811),29.73046]
	1725.09236	   0.01305	[mu,kappa]: [(101.55116,308.23176),33.84942]
	4690.23570	   0.03546	[mu,kappa]: [(102.21091,304.81578),72.45372]
			msglen: 2685981.08602 bits.
Iteration #: 31
	2101.79697	   0.01589	[mu,kappa]: [(63.91036,336.46086),49.88629]
	1599.30401	   0.01210	[mu,kappa]: [(102.58989,296.34504),17.40974]
	6666.51501	   0.05041	[mu,kappa]: [(105.20670,301.20036),78.10007]
	11265.67555	   0.08518	[mu,kappa]: [(91.14119,313.87584),145.79204]
	4057.62054	   0.03068	[mu,kappa]: [(105.49019,304.00567),53.79738]
	4704.10379	   0.03557	[mu,kappa]: [(103.94433,303.96761),63.62200]
	2198.66510	   0.01663	[mu,kappa]: [(99.73363,309.46242),52.25431]
	1849.57206	   0.01399	[mu,kappa]: [(97.13479,293.03180),18.27847]
	5203.60592	   0.03935	[mu,kappa]: [(90.61836,39.23835),28.42569]
	1641.93489	   0.01242	[mu,kappa]: [(106.18058,298.31718),17.99087]
	2753.07603	   0.02082	[mu,kappa]: [(56.31852,54.28068),5.30190]
	1154.59092	   0.00873	[mu,kappa]: [(81.56933,320.49167),55.12927]
	1514.38349	   0.01145	[mu,kappa]: [(96.43591,296.39171),15.66751]
	3039.54919	   0.02298	[mu,kappa]: [(104.26745,306.52393),47.04265]
	1413.00564	   0.01069	[mu,kappa]: [(93.42017,295.14297),14.97629]
	4559.17350	   0.03447	[mu,kappa]: [(96.64669,308.69448),113.39776]
	1535.24090	   0.01161	[mu,kappa]: [(92.23531,292.76286),16.81864]
	1722.64426	   0.01303	[mu,kappa]: [(94.26013,293.19993),17.27263]
	1897.02309	   0.01435	[mu,kappa]: [(96.13764,293.06746),18.06542]
	3995.50704	   0.03021	[mu,kappa]: [(147.30071,325.60357),32.81658]
	2114.45082	   0.01599	[mu,kappa]: [(99.15510,309.76494),53.91544]
	1451.20582	   0.01098	[mu,kappa]: [(94.02011,295.01839),15.39674]
	2499.37533	   0.01890	[mu,kappa]: [(93.45895,312.88118),83.95694]
	3201.63741	   0.02421	[mu,kappa]: [(103.69791,306.46613),50.23911]
	9567.89121	   0.07234	[mu,kappa]: [(105.05310,300.07433),98.15230]
	8087.59857	   0.06115	[mu,kappa]: [(119.37188,298.50806),73.88526]
	8017.19509	   0.06062	[mu,kappa]: [(80.09065,321.73067),120.67872]
	8006.40047	   0.06054	[mu,kappa]: [(126.36348,307.49444),37.58997]
	2727.00752	   0.02062	[mu,kappa]: [(139.47808,13.68998),13.39808]
	1908.57724	   0.01443	[mu,kappa]: [(92.76126,290.61813),19.98110]
	5160.75310	   0.03902	[mu,kappa]: [(108.77181,300.86405),57.30319]
	8229.54100	   0.06222	[mu,kappa]: [(133.26600,310.48504),29.19556]
	1712.47380	   0.01295	[mu,kappa]: [(101.93982,308.49491),34.77458]
	4690.90471	   0.03547	[mu,kappa]: [(102.09472,304.80957),73.80136]
			msglen: 2685639.76718 bits.
Iteration #: 32
	2106.43816	   0.01593	[mu,kappa]: [(64.30927,336.11112),53.43946]
	1550.02144	   0.01172	[mu,kappa]: [(102.75184,296.60427),17.50547]
	6652.22560	   0.05030	[mu,kappa]: [(105.18118,301.12699),78.70521]
	11424.87348	   0.08638	[mu,kappa]: [(91.03946,313.96240),143.69126]
	4042.51485	   0.03057	[mu,kappa]: [(105.54730,304.06395),53.52161]
	4684.46908	   0.03542	[mu,kappa]: [(103.91043,303.98121),63.87806]
	2199.89658	   0.01664	[mu,kappa]: [(99.81331,309.57869),53.16851]
	1796.48303	   0.01359	[mu,kappa]: [(96.76195,292.83443),18.56743]
	5016.46745	   0.03793	[mu,kappa]: [(90.62359,39.13952),30.76857]
	1604.90880	   0.01214	[mu,kappa]: [(106.55023,298.71001),18.18013]
	2932.71103	   0.02218	[mu,kappa]: [(57.22966,52.94409),5.21778]
	1096.98480	   0.00830	[mu,kappa]: [(81.50315,320.59344),59.08763]
	1464.09053	   0.01107	[mu,kappa]: [(96.38360,296.16287),15.79405]
	3037.99479	   0.02297	[mu,kappa]: [(104.37425,306.68890),46.86849]
	1370.70180	   0.01037	[mu,kappa]: [(93.11915,294.76603),15.23046]
	4679.66786	   0.03538	[mu,kappa]: [(96.60345,308.53746),118.37396]
	1504.86209	   0.01138	[mu,kappa]: [(91.74216,292.17788),17.50072]
	1680.48442	   0.01271	[mu,kappa]: [(93.84221,292.74480),17.75731]
	1845.79506	   0.01396	[mu,kappa]: [(95.74116,292.76296),18.42001]
	4013.95129	   0.03035	[mu,kappa]: [(147.40409,325.82113),32.98381]
	2116.52906	   0.01601	[mu,kappa]: [(99.22653,309.86506),54.99295]
	1407.68404	   0.01065	[mu,kappa]: [(93.74870,294.65126),15.66466]
	2521.93358	   0.01907	[mu,kappa]: [(93.47376,312.90067),85.48658]
	3196.71794	   0.02417	[mu,kappa]: [(103.76575,306.60099),50.11929]
	9593.45604	   0.07254	[mu,kappa]: [(105.01303,299.98132),99.33566]
	8169.06415	   0.06177	[mu,kappa]: [(119.29230,298.44352),73.70944]
	7908.15558	   0.05979	[mu,kappa]: [(80.03487,321.75735),122.00413]
	8125.41888	   0.06144	[mu,kappa]: [(126.25472,307.59763),37.23308]
	2723.89146	   0.02060	[mu,kappa]: [(138.74881,14.69762),13.31501]
	1897.57800	   0.01435	[mu,kappa]: [(92.00567,289.85026),21.20947]
	5163.90340	   0.03905	[mu,kappa]: [(108.87269,300.79271),57.32422]
	8319.38851	   0.06290	[mu,kappa]: [(133.19326,310.32659),28.72979]
	1705.15683	   0.01290	[mu,kappa]: [(102.28476,308.75150),35.62052]
	4693.58038	   0.03549	[mu,kappa]: [(101.97588,304.80155),75.21090]
			msglen: 2685339.79567 bits.
Iteration #: 33
	2109.21796	   0.01595	[mu,kappa]: [(64.66862,335.79730),57.04268]
	1502.19371	   0.01136	[mu,kappa]: [(102.97979,296.87318),17.61136]
	6638.56381	   0.05020	[mu,kappa]: [(105.15963,301.05525),79.30957]
	11572.53229	   0.08750	[mu,kappa]: [(90.94061,314.04832),141.80959]
	4028.05926	   0.03046	[mu,kappa]: [(105.60558,304.12281),53.23243]
	4665.01109	   0.03527	[mu,kappa]: [(103.87734,303.99490),64.12411]
	2202.42331	   0.01666	[mu,kappa]: [(99.87910,309.68733),53.95127]
	1741.66703	   0.01317	[mu,kappa]: [(96.43176,292.64086),18.85090]
	4858.71648	   0.03674	[mu,kappa]: [(90.61251,39.07882),32.81374]
	1571.23477	   0.01188	[mu,kappa]: [(106.95544,299.08622),18.40317]
	3087.96551	   0.02335	[mu,kappa]: [(57.93432,51.78481),5.14868]
	1048.18823	   0.00793	[mu,kappa]: [(81.45873,320.66442),63.02791]
	1413.13332	   0.01069	[mu,kappa]: [(96.35173,295.99850),15.90572]
	3037.75617	   0.02297	[mu,kappa]: [(104.47866,306.85360),46.66514]
	1327.56281	   0.01004	[mu,kappa]: [(92.81767,294.45344),15.46279]
	4809.61428	   0.03637	[mu,kappa]: [(96.56268,308.37790),123.58880]
	1474.57085	   0.01115	[mu,kappa]: [(91.25387,291.59717),18.25182]
	1637.14426	   0.01238	[mu,kappa]: [(93.43602,292.30461),18.26554]
	1792.77732	   0.01356	[mu,kappa]: [(95.37431,292.46667),18.78021]
	4032.40430	   0.03049	[mu,kappa]: [(147.50665,326.09929),33.11145]
	2119.88044	   0.01603	[mu,kappa]: [(99.28344,309.95693),55.92834]
	1363.15032	   0.01031	[mu,kappa]: [(93.48370,294.34203),15.91508]
	2543.36632	   0.01923	[mu,kappa]: [(93.48534,312.91512),86.70596]
	3192.73206	   0.02414	[mu,kappa]: [(103.83246,306.73583),49.96229]
	9619.84699	   0.07274	[mu,kappa]: [(104.97860,299.89210),100.50754]
	8242.66904	   0.06232	[mu,kappa]: [(119.20840,298.38009),73.47965]
	7800.46279	   0.05898	[mu,kappa]: [(79.97927,321.78186),123.21612]
	8236.46045	   0.06228	[mu,kappa]: [(126.15719,307.68430),36.92216]
	2712.98930	   0.02052	[mu,kappa]: [(138.05205,15.61475),13.25979]
	1894.22252	   0.01433	[mu,kappa]: [(91.23336,289.01166),22.74492]
	5168.48982	   0.03908	[mu,kappa]: [(108.97147,300.71675),57.36507]
	8403.08924	   0.06354	[mu,kappa]: [(133.13114,310.15948),28.33119]
	1701.77265	   0.01287	[mu,kappa]: [(102.59134,308.99628),36.39016]
	4698.13128	   0.03552	[mu,kappa]: [(101.85525,304.79184),76.68221]
			msglen: 2685069.61497 bits.
Iteration #: 34
	2111.28431	   0.01597	[mu,kappa]: [(64.98417,335.52094),60.53166]
	1456.14845	   0.01101	[mu,kappa]: [(103.27007,297.15093),17.73280]
	6625.61782	   0.05010	[mu,kappa]: [(105.14217,300.98456),79.90495]
	11711.08650	   0.08855	[mu,kappa]: [(90.84439,314.13244),140.15281]
	4014.24494	   0.03035	[mu,kappa]: [(105.66500,304.18131),52.93702]
	4645.72244	   0.03513	[mu,kappa]: [(103.84542,304.00829),64.35984]
	2205.70192	   0.01668	[mu,kappa]: [(99.93350,309.78796),54.62892]
	1684.71851	   0.01274	[mu,kappa]: [(96.14975,292.46253),19.12143]
	4727.92418	   0.03575	[mu,kappa]: [(90.58839,39.04152),34.57146]
	1540.94640	   0.01165	[mu,kappa]: [(107.38587,299.44004),18.66142]
	3219.93649	   0.02435	[mu,kappa]: [(58.48062,50.80007),5.08800]
	1006.60993	   0.00761	[mu,kappa]: [(81.43285,320.70777),66.90497]
	1361.52314	   0.01030	[mu,kappa]: [(96.34657,295.89997),15.99411]
	3038.54942	   0.02298	[mu,kappa]: [(104.58071,307.01605),46.44968]
	1283.31779	   0.00971	[mu,kappa]: [(92.51773,294.21106),15.65393]
	4949.09914	   0.03742	[mu,kappa]: [(96.52379,308.21889),128.98981]
	1443.85338	   0.01092	[mu,kappa]: [(90.77562,291.02312),19.07561]
	1592.04569	   0.01204	[mu,kappa]: [(93.04767,291.88540),18.78946]
	1737.46537	   0.01314	[mu,kappa]: [(95.04310,292.18804),19.13757]
	4050.39718	   0.03063	[mu,kappa]: [(147.60612,326.42530),33.19269]
	2123.95756	   0.01606	[mu,kappa]: [(99.32850,310.04043),56.74906]
	1317.32024	   0.00996	[mu,kappa]: [(93.22942,294.09611),16.13138]
	2563.52140	   0.01939	[mu,kappa]: [(93.49443,312.92443),87.68411]
	3189.47023	   0.02412	[mu,kappa]: [(103.89824,306.86922),49.78353]
	9646.98281	   0.07294	[mu,kappa]: [(104.94968,299.80580),101.65495]
	8309.04465	   0.06282	[mu,kappa]: [(119.11985,298.31796),73.20816]
	7694.98909	   0.05818	[mu,kappa]: [(79.92284,321.80509),124.33176]
	8338.83572	   0.06305	[mu,kappa]: [(126.07087,307.75630),36.65408]
	2695.46003	   0.02038	[mu,kappa]: [(137.39837,16.44683),13.23254]
	1901.13050	   0.01438	[mu,kappa]: [(90.44375,288.09783),24.71712]
	5174.73766	   0.03913	[mu,kappa]: [(109.06792,300.63547),57.42626]
	8480.61553	   0.06412	[mu,kappa]: [(133.07943,309.98935),27.99638]
	1701.24100	   0.01287	[mu,kappa]: [(102.86423,309.22555),37.09054]
	4704.50059	   0.03557	[mu,kappa]: [(101.73361,304.78052),78.20864]
			msglen: 2684818.08971 bits.
			N: 132248
		20.30139 bpr
Null model msglen: 3118813.14029 bits.	(23.58306 bpr)
