Iteration #: 0
	22025.00000	   0.16654	[mu,kappa]: [(105.21996,310.79142),6.93774]
	21851.00000	   0.16523	[mu,kappa]: [(105.34562,310.66881),6.90084]
	22268.00000	   0.16838	[mu,kappa]: [(105.26540,310.76234),6.80284]
	22159.00000	   0.16756	[mu,kappa]: [(105.07223,310.78164),6.90301]
	21938.00000	   0.16589	[mu,kappa]: [(105.02124,310.74702),6.94077]
	22007.00000	   0.16641	[mu,kappa]: [(105.34576,310.74093),6.96796]
			msglen: 0.00000 bits.
Iteration #: 1
	22023.75099	   0.16653	[mu,kappa]: [(105.21592,310.66035),7.00137]
	21849.28139	   0.16521	[mu,kappa]: [(105.32302,310.70896),6.91058]
	22273.17893	   0.16842	[mu,kappa]: [(105.25698,311.20295),6.54029]
	22157.33743	   0.16754	[mu,kappa]: [(105.09926,310.79737),6.88285]
	21936.94185	   0.16588	[mu,kappa]: [(105.05819,310.62251),7.02748]
	22007.50940	   0.16641	[mu,kappa]: [(105.31621,310.50089),7.12402]
			msglen: 2808552.91793 bits.
Iteration #: 2
	22004.53813	   0.16639	[mu,kappa]: [(105.21975,310.27781),7.31772]
	21822.19314	   0.16501	[mu,kappa]: [(105.31150,310.65239),6.97923]
	22352.64447	   0.16902	[mu,kappa]: [(105.21403,312.89061),5.59434]
	22129.48330	   0.16733	[mu,kappa]: [(105.13008,310.84014),6.85458]
	21922.22549	   0.16577	[mu,kappa]: [(105.09323,310.16411),7.42547]
	22016.91546	   0.16648	[mu,kappa]: [(105.28784,309.74925),7.81316]
			msglen: 2804853.00973 bits.
Iteration #: 3
	21825.87755	   0.16504	[mu,kappa]: [(105.24963,308.65212),9.25332]
	21457.13624	   0.16225	[mu,kappa]: [(105.40277,309.72060),7.95018]
	23183.29295	   0.17530	[mu,kappa]: [(104.70704,321.66393),3.49842]
	21713.07392	   0.16418	[mu,kappa]: [(105.28220,310.24639),7.46864]
	21821.44348	   0.16500	[mu,kappa]: [(105.12486,308.38045),9.67447]
	22247.17585	   0.16822	[mu,kappa]: [(105.16749,307.55525),11.13908]
			msglen: 2776242.36159 bits.
Iteration #: 4
	22043.19409	   0.16668	[mu,kappa]: [(104.93958,306.17420),14.97614]
	20385.27830	   0.15414	[mu,kappa]: [(105.44378,307.02687),12.26453]
	22935.81814	   0.17343	[mu,kappa]: [(103.89224,344.26667),2.45236]
	20143.05482	   0.15231	[mu,kappa]: [(105.53594,307.54011),11.17636]
	22451.82593	   0.16977	[mu,kappa]: [(104.75116,305.99679),15.79865]
	24288.82873	   0.18366	[mu,kappa]: [(104.56567,305.49830),18.42723]
			msglen: 2742395.20401 bits.
Iteration #: 5
	22498.59520	   0.17012	[mu,kappa]: [(104.38024,305.45709),18.08273]
	20091.09127	   0.15192	[mu,kappa]: [(105.26769,306.05621),14.40747]
	21122.97056	   0.15972	[mu,kappa]: [(105.27928,358.44076),2.42227]
	19557.58434	   0.14789	[mu,kappa]: [(105.59530,306.44257),13.01450]
	23152.62605	   0.17507	[mu,kappa]: [(104.12325,305.34473),19.24248]
	25825.13257	   0.19528	[mu,kappa]: [(103.83999,304.99878),22.94479]
			msglen: 2736639.35245 bits.
Iteration #: 6
	22580.83265	   0.17075	[mu,kappa]: [(103.96465,305.35308),18.92308]
	20055.07992	   0.15165	[mu,kappa]: [(105.44701,305.82580),14.35369]
	20329.61128	   0.15372	[mu,kappa]: [(106.44393,3.05379),2.47314]
	19547.95214	   0.14781	[mu,kappa]: [(106.13741,306.16199),12.77606]
	23327.75258	   0.17639	[mu,kappa]: [(103.60638,305.27861),20.45494]
	26406.77143	   0.19968	[mu,kappa]: [(103.23566,304.99290),25.43090]
			msglen: 2735627.89912 bits.
Iteration #: 7
	22524.48479	   0.17032	[mu,kappa]: [(103.60675,305.38094),19.21328]
	20103.04187	   0.15201	[mu,kappa]: [(105.98133,305.74674),13.72137]
	19737.56497	   0.14925	[mu,kappa]: [(106.40409,5.13707),2.49749]
	19762.40702	   0.14943	[mu,kappa]: [(107.26748,306.06113),12.03806]
	23333.66723	   0.17644	[mu,kappa]: [(103.12470,305.34396),21.19142]
	26786.83413	   0.20255	[mu,kappa]: [(102.69931,305.09254),27.78368]
			msglen: 2734642.00608 bits.
Iteration #: 8
	22399.66562	   0.16938	[mu,kappa]: [(103.18461,305.43945),19.41300]
	20181.44970	   0.15260	[mu,kappa]: [(106.77778,305.68502),13.00388]
	19053.26665	   0.14407	[mu,kappa]: [(105.26700,6.96049),2.51684]
	20118.47862	   0.15213	[mu,kappa]: [(108.97690,306.00441),11.30964]
	23283.64562	   0.17606	[mu,kappa]: [(102.58220,305.44891),21.91175]
	27211.49381	   0.20576	[mu,kappa]: [(102.19439,305.21355),30.50649]
			msglen: 2733338.59335 bits.
Iteration #: 9
	22237.13672	   0.16815	[mu,kappa]: [(102.61815,305.51859),19.57049]
	20258.74090	   0.15319	[mu,kappa]: [(107.71750,305.60938),12.35469]
	18209.37009	   0.13769	[mu,kappa]: [(103.18077,9.08347),2.54732]
	20593.34953	   0.15572	[mu,kappa]: [(111.21582,305.97710),10.77275]
	23218.51637	   0.17557	[mu,kappa]: [(101.93897,305.58809),22.62864]
	27730.88638	   0.20969	[mu,kappa]: [(101.74404,305.33482),33.58128]
			msglen: 2731755.58664 bits.
Iteration #: 10
	22082.21623	   0.16698	[mu,kappa]: [(101.86247,305.62965),19.62343]
	20292.70619	   0.15344	[mu,kappa]: [(108.63359,305.50325),11.85154]
	17235.27447	   0.13033	[mu,kappa]: [(100.34511,11.58494),2.60215]
	21150.31218	   0.15993	[mu,kappa]: [(113.86216,305.98789),10.53638]
	23171.44039	   0.17521	[mu,kappa]: [(101.19574,305.77284),23.21763]
	28316.05055	   0.21411	[mu,kappa]: [(101.39631,305.43537),36.82343]
			msglen: 2730000.83141 bits.
Iteration #: 11
	21996.48709	   0.16633	[mu,kappa]: [(100.89230,305.79308),19.48543]
	20223.85782	   0.15292	[mu,kappa]: [(109.33567,305.34424),11.53307]
	16214.59712	   0.12261	[mu,kappa]: [(97.14758,14.35830),2.69184]
	21729.68034	   0.16431	[mu,kappa]: [(116.75530,306.04311),10.68524]
	23172.87623	   0.17522	[mu,kappa]: [(100.36477,306.01677),23.53417]
	28910.50140	   0.21861	[mu,kappa]: [(101.19492,305.48603),40.06690]
			msglen: 2728103.66299 bits.
Iteration #: 12
	22034.70143	   0.16662	[mu,kappa]: [(99.69230,306.03469),19.11719]
	19981.05499	   0.15109	[mu,kappa]: [(109.67351,305.09934),11.41528]
	15231.64001	   0.11518	[mu,kappa]: [(94.11601,17.27393),2.82033]
	22275.76442	   0.16844	[mu,kappa]: [(119.75070,306.14556),11.31478]
	23239.66074	   0.17573	[mu,kappa]: [(99.45251,306.33232),23.51742]
	29485.17841	   0.22295	[mu,kappa]: [(101.16839,305.45509),43.29532]
			msglen: 2725930.14188 bits.
Iteration #: 13
	22211.38059	   0.16795	[mu,kappa]: [(98.27515,306.37711),18.58256]
	19497.10359	   0.14743	[mu,kappa]: [(109.59224,304.72557),11.52128]
	14331.90710	   0.10837	[mu,kappa]: [(91.72737,20.28470),2.98483]
	22773.92450	   0.17221	[mu,kappa]: [(122.69214,306.30687),12.53998]
	23357.81894	   0.17662	[mu,kappa]: [(98.47111,306.72598),23.25453]
	30075.86528	   0.22742	[mu,kappa]: [(101.32536,305.31723),46.64627]
			msglen: 2723307.96338 bits.
Iteration #: 14
	22469.81839	   0.16991	[mu,kappa]: [(96.72464,306.82677),18.03631]
	18750.33982	   0.14178	[mu,kappa]: [(109.14989,304.17683),11.90341]
	13532.09997	   0.10233	[mu,kappa]: [(90.24434,23.36915),3.17939]
	23248.65425	   0.17580	[mu,kappa]: [(125.33552,306.55098),14.36799]
	23467.63562	   0.17745	[mu,kappa]: [(97.46734,307.19131),22.95901]
	30779.45196	   0.23274	[mu,kappa]: [(101.64777,305.06457),50.25866]
			msglen: 2720360.36948 bits.
Iteration #: 15
	22695.19621	   0.17161	[mu,kappa]: [(95.19261,307.36994),17.61186]
	17836.97351	   0.13488	[mu,kappa]: [(108.49921,303.42426),12.62900]
	12858.49016	   0.09723	[mu,kappa]: [(89.63088,26.33774),3.39203]
	23680.26256	   0.17906	[mu,kappa]: [(127.43513,306.88827),16.46270]
	23483.53143	   0.17757	[mu,kappa]: [(96.52134,307.71159),22.84830]
	31693.54613	   0.23965	[mu,kappa]: [(102.09242,304.71469),54.04586]
			msglen: 2717567.99231 bits.
Iteration #: 16
	22795.70937	   0.17237	[mu,kappa]: [(93.79886,307.98179),17.32561]
	16971.90804	   0.12833	[mu,kappa]: [(107.84613,302.48385),13.73585]
	12336.57167	   0.09329	[mu,kappa]: [(89.57594,28.86266),3.60055]
	23969.49205	   0.18125	[mu,kappa]: [(128.95388,307.29874),18.27884]
	23355.93342	   0.17661	[mu,kappa]: [(95.68837,308.27671),23.03677]
	32818.38545	   0.24816	[mu,kappa]: [(102.60561,304.30826),57.62135]
			msglen: 2715257.59679 bits.
Iteration #: 17
	22752.26990	   0.17204	[mu,kappa]: [(92.56715,308.62267),17.14031]
	16351.08565	   0.12364	[mu,kappa]: [(107.36715,301.42818),15.18084]
	11948.44165	   0.09035	[mu,kappa]: [(89.70196,30.79597),3.78650]
	24061.17484	   0.18194	[mu,kappa]: [(130.03452,307.75411),19.54372]
	23105.82756	   0.17472	[mu,kappa]: [(94.96175,308.88781),23.60473]
	34029.20040	   0.25731	[mu,kappa]: [(103.13451,303.89590),60.52935]
			msglen: 2713405.30259 bits.
Iteration #: 18
	22586.41127	   0.17079	[mu,kappa]: [(91.47930,309.22847),17.03078]
	16053.20471	   0.12139	[mu,kappa]: [(107.12277,300.36233),16.79181]
	11649.58888	   0.08809	[mu,kappa]: [(89.78340,32.23655),3.94803]
	23990.56504	   0.18141	[mu,kappa]: [(130.82934,308.23088),20.32899]
	22803.74907	   0.17243	[mu,kappa]: [(94.31023,309.54639),24.70974]
	35164.48103	   0.26590	[mu,kappa]: [(103.63704,303.52096),62.53377]
			msglen: 2711893.85450 bits.
Iteration #: 19
	22314.73324	   0.16873	[mu,kappa]: [(90.52625,309.72495),16.94615]
	16052.24562	   0.12138	[mu,kappa]: [(107.05692,299.37453),18.30404]
	11407.73379	   0.08626	[mu,kappa]: [(89.76367,33.33618),4.09121]
	23818.16504	   0.18010	[mu,kappa]: [(131.43808,308.71201),20.80747]
	22532.64805	   0.17038	[mu,kappa]: [(93.71923,310.25205),26.61336]
	36122.47426	   0.27314	[mu,kappa]: [(104.09105,303.20756),63.68699]
			msglen: 2710593.97104 bits.
Iteration #: 20
	21928.12134	   0.16581	[mu,kappa]: [(89.69955,310.05690),16.78156]
	16261.83194	   0.12297	[mu,kappa]: [(107.06907,298.51284),19.50503]
	11208.56451	   0.08476	[mu,kappa]: [(89.66675,34.19408),4.21988]
	23590.77482	   0.17838	[mu,kappa]: [(131.91964,309.18605),21.10960]
	22367.10483	   0.16913	[mu,kappa]: [(93.19076,311.00286),29.70712]
	36891.60256	   0.27896	[mu,kappa]: [(104.49399,302.95791),64.22633]
			msglen: 2709317.02180 bits.
Iteration #: 21
	21392.56827	   0.16176	[mu,kappa]: [(88.97214,310.20850),16.42177]
	16572.74837	   0.12532	[mu,kappa]: [(107.08407,297.80467),20.34138]
	11042.87434	   0.08350	[mu,kappa]: [(89.53881,34.87721),4.33630]
	23339.08928	   0.17648	[mu,kappa]: [(132.30924,309.64309),21.30870]
	22376.38715	   0.16920	[mu,kappa]: [(92.72363,311.77585),34.53363]
	37524.33258	   0.28374	[mu,kappa]: [(104.85532,302.75830),64.44445]
			msglen: 2707852.33108 bits.
Iteration #: 22
	20670.99678	   0.15631	[mu,kappa]: [(88.30081,310.21273),15.81880]
	16875.06155	   0.12760	[mu,kappa]: [(107.08149,297.27833),20.90433]
	10899.58908	   0.08242	[mu,kappa]: [(89.42484,35.44977),4.44452]
	23082.77201	   0.17454	[mu,kappa]: [(132.62944,310.07263),21.43907]
	22620.69555	   0.17105	[mu,kappa]: [(92.30493,312.49597),41.54761]
	38098.88503	   0.28808	[mu,kappa]: [(105.18498,302.59119),64.60338]
			msglen: 2706153.80246 bits.
Iteration #: 23
	19781.41600	   0.14958	[mu,kappa]: [(87.64360,310.14324),15.03520]
	17088.82944	   0.12922	[mu,kappa]: [(107.07726,296.95090),21.32408]
	10767.64362	   0.08142	[mu,kappa]: [(89.35264,35.96868),4.54986]
	22833.30321	   0.17266	[mu,kappa]: [(132.89772,310.46384),21.51067]
	23084.29681	   0.17455	[mu,kappa]: [(91.92773,313.06142),50.36618]
	38692.51093	   0.29257	[mu,kappa]: [(105.47920,302.45036),64.85809]
			msglen: 2704514.23127 bits.
Iteration #: 24
	18844.96150	   0.14250	[mu,kappa]: [(86.98152,310.07668),14.21729]
	17205.80506	   0.13010	[mu,kappa]: [(107.07807,296.80101),21.65981]
	10640.26444	   0.08046	[mu,kappa]: [(89.32373,36.46623),4.65614]
	22599.80726	   0.17089	[mu,kappa]: [(133.12855,310.80540),21.52649]
	23604.98605	   0.17849	[mu,kappa]: [(91.60649,313.43694),59.38542]
	39352.17568	   0.29756	[mu,kappa]: [(105.71611,302.34652),65.16107]
			msglen: 2703314.73715 bits.
Iteration #: 25
	18008.51728	   0.13617	[mu,kappa]: [(86.33245,310.06104),13.51123]
	17277.26241	   0.13064	[mu,kappa]: [(107.07050,296.77414),21.89719]
	10516.73906	   0.07952	[mu,kappa]: [(89.31972,36.94576),4.76388]
	22393.30030	   0.16933	[mu,kappa]: [(133.33045,311.08898),21.49748]
	23984.24502	   0.18136	[mu,kappa]: [(91.35207,313.67020),66.90103]
	40067.93593	   0.30297	[mu,kappa]: [(105.87658,302.29054),65.31226]
			msglen: 2702625.54304 bits.
Iteration #: 26
	17330.85566	   0.13105	[mu,kappa]: [(85.73292,310.11168),12.98508]
	17354.35538	   0.13123	[mu,kappa]: [(107.04302,296.81011),22.01510]
	10400.89736	   0.07865	[mu,kappa]: [(89.31798,37.39240),4.87025]
	22219.76591	   0.16802	[mu,kappa]: [(133.50701,311.31474),21.44083]
	24149.59528	   0.18261	[mu,kappa]: [(91.15377,313.82399),72.26841]
	40792.53041	   0.30845	[mu,kappa]: [(105.96423,302.27808),65.17829]
			msglen: 2702271.75414 bits.
Iteration #: 27
	16786.90570	   0.12694	[mu,kappa]: [(85.20589,310.22119),12.62892]
	17458.66522	   0.13202	[mu,kappa]: [(106.99316,296.86311),22.01743]
	10297.46679	   0.07787	[mu,kappa]: [(89.30436,37.78839),4.97064]
	22076.03750	   0.16693	[mu,kappa]: [(133.66089,311.49148),21.37212]
	24142.81080	   0.18256	[mu,kappa]: [(90.99249,313.93969),75.77362]
	41486.11398	   0.31370	[mu,kappa]: [(105.99867,302.29537),64.78070]
			msglen: 2702079.26788 bits.
			N: 132248
		20.43191 bpr
Null model msglen: 3118813.14029 bits.	(23.58306 bpr)
